balanced 0 test_flag 0
[1] Ep10000: Max 1261 (1261) steps (0.0004 hrs) 58.82:0.00 0 (0) sec
[2] Ep10000: Max 1261 (671) steps (0.0002 hrs) 0.00:18.52 1 (1) sec
[3] Ep10000: Max 1261 (314) steps (0.0001 hrs) 7.22:3.61 1 (0) sec
[4] Ep10000: Max 1261 (271) steps (0.0001 hrs) 14.71:0.00 2 (1) sec
[5] Ep10000: Max 2137 (2137) steps (0.0006 hrs) 0.00:0.00 9 (7) sec
[6] Ep10000: Max 2225 (2225) steps (0.0006 hrs) 0.00:0.00 23 (14) sec
[7] Ep10000: Max 2288 (2288) steps (0.0006 hrs) 0.00:0.00 36 (13) sec
[8] Ep10000: Max 2288 (2170) steps (0.0006 hrs) 0.00:0.00 44 (8) sec
[9] Ep10000: Max 2288 (739) steps (0.0002 hrs) 15.50:0.00 45 (1) sec
[10] Ep10000: Max 2288 (2044) steps (0.0006 hrs) 19.61:0.00 49 (4) sec
[11] Ep10000: Max 2288 (276) steps (0.0001 hrs) 14.29:0.00 49 (0) sec
[12] Ep10000: Max 2288 (142) steps (0.0000 hrs) 22.22:0.00 50 (1) sec
[13] Ep10000: Max 2288 (2280) steps (0.0006 hrs) 0.00:0.00 59 (9) sec
[14] Ep10000: Max 2288 (1721) steps (0.0005 hrs) 0.00:0.00 72 (13) sec
[15] Ep10000: Max 2288 (265) steps (0.0001 hrs) 52.63:0.00 72 (0) sec
[16] Ep10000: Max 2288 (302) steps (0.0001 hrs) 15.87:0.00 73 (1) sec
[17] Ep10000: Max 2288 (434) steps (0.0001 hrs) 0.00:22.22 74 (1) sec
[18] Ep10000: Max 2288 (301) steps (0.0001 hrs) 0.00:12.05 74 (0) sec
[19] Ep10000: Max 2288 (280) steps (0.0001 hrs) 11.11:0.00 75 (1) sec
[20] Ep10000: Max 2288 (294) steps (0.0001 hrs) 11.11:0.00 75 (0) sec
[21] Ep10000: Max 2288 (142) steps (0.0000 hrs) 15.15:0.00 76 (1) sec
[22] Ep10000: Max 2288 (526) steps (0.0001 hrs) 14.49:0.00 76 (0) sec
[23] Ep10000: Max 2288 (290) steps (0.0001 hrs) 0.00:13.33 77 (1) sec
[24] Ep10000: Max 2288 (2237) steps (0.0006 hrs) 0.00:0.00 90 (13) sec
[25] Ep10000: Max 2288 (202) steps (0.0001 hrs) 0.00:24.39 90 (0) sec
[26] Ep10000: Max 2288 (600) steps (0.0002 hrs) 20.41:0.00 91 (1) sec
[27] Ep10000: Max 2288 (315) steps (0.0001 hrs) 0.00:16.67 92 (1) sec
[28] Ep10000: Max 2288 (2152) steps (0.0006 hrs) 0.00:0.00 105 (13) sec
[29] Ep10000: Max 2288 (274) steps (0.0001 hrs) 52.63:0.00 105 (0) sec
[30] Ep10000: Max 2288 (321) steps (0.0001 hrs) 10.20:0.00 106 (1) sec
[31] Ep10000: Max 2288 (276) steps (0.0001 hrs) 0.00:23.81 106 (0) sec
[32] Ep10000: Max 2288 (409) steps (0.0001 hrs) 0.00:16.67 107 (1) sec
[33] Ep10000: Max 2288 (277) steps (0.0001 hrs) 30.30:0.00 108 (1) sec
[34] Ep10000: Max 2335 (2335) steps (0.0006 hrs) 0.00:0.00 115 (7) sec
[35] Ep10000: Max 2335 (201) steps (0.0001 hrs) 10.42:0.00 115 (0) sec
[36] Ep10000: Max 2335 (468) steps (0.0001 hrs) 8.85:0.00 116 (1) sec
[37] Ep10000: Max 2335 (2170) steps (0.0006 hrs) 0.00:0.00 127 (11) sec
[38] Ep10000: Max 2335 (321) steps (0.0001 hrs) 14.71:0.00 127 (0) sec
[39] Ep10000: Max 2335 (2262) steps (0.0006 hrs) 0.00:0.00 139 (12) sec
[40] Ep10000: Max 2335 (1085) steps (0.0003 hrs) 66.67:0.00 140 (1) sec
[41] Ep10000: Max 2335 (2047) steps (0.0006 hrs) 0.00:0.00 150 (10) sec
[42] Ep10000: Max 2335 (263) steps (0.0001 hrs) 10.00:0.00 150 (0) sec
[43] Ep10000: Max 2781 (2781) steps (0.0008 hrs) 0.00:0.00 162 (12) sec
[44] Ep10000: Max 2781 (196) steps (0.0001 hrs) 18.87:0.00 162 (0) sec
[45] Ep10000: Max 2781 (222) steps (0.0001 hrs) 18.02:0.00 163 (1) sec
[46] Ep10000: Max 2781 (367) steps (0.0001 hrs) 21.28:0.00 163 (0) sec
[47] Ep10000: Max 2781 (2268) steps (0.0006 hrs) 0.00:0.00 168 (5) sec
[48] Ep10000: Max 2781 (331) steps (0.0001 hrs) 0.00:13.70 168 (0) sec
[49] Ep10000: Max 2781 (141) steps (0.0000 hrs) 13.70:0.00 169 (1) sec
[50] Ep10000: Max 2781 (285) steps (0.0001 hrs) 16.13:0.00 169 (0) sec
[51] Ep10000: Max 2781 (400) steps (0.0001 hrs) 12.50:0.00 170 (1) sec
[52] Ep10000: Max 2781 (141) steps (0.0000 hrs) 12.05:0.00 170 (0) sec
[53] Ep10000: Max 3334 (3334) steps (0.0009 hrs) 16.67:0.00 174 (4) sec
[54] Ep10000: Max 3334 (315) steps (0.0001 hrs) 0.00:21.74 174 (0) sec
[55] Ep10000: Max 3334 (367) steps (0.0001 hrs) 0.00:41.67 175 (1) sec
[56] Ep10000: Max 3334 (2292) steps (0.0006 hrs) 0.00:9.01 177 (2) sec
[57] Ep10000: Max 3334 (698) steps (0.0002 hrs) 33.33:0.00 178 (1) sec
[58] Ep10000: Max 3334 (398) steps (0.0001 hrs) 0.00:16.67 179 (1) sec
[59] Ep10000: Max 3334 (2667) steps (0.0007 hrs) 0.00:0.00 191 (12) sec
[60] Ep10000: Max 3334 (315) steps (0.0001 hrs) 0.00:26.32 192 (1) sec
[61] Ep10000: Max 3334 (2160) steps (0.0006 hrs) 0.00:0.00 204 (12) sec
[62] Ep10000: Max 3334 (709) steps (0.0002 hrs) 0.00:17.24 204 (0) sec
[63] Ep10000: Max 3334 (589) steps (0.0002 hrs) 0.00:8.93 205 (1) sec
[64] Ep10000: Max 3334 (318) steps (0.0001 hrs) 7.94:3.97 206 (1) sec
[65] Ep10000: Max 3334 (271) steps (0.0001 hrs) 19.23:0.00 206 (0) sec
[66] Ep10000: Max 3334 (275) steps (0.0001 hrs) 12.99:0.00 206 (0) sec
[67] Ep10000: Max 3334 (313) steps (0.0001 hrs) 7.75:7.75 207 (1) sec
[68] Ep10000: Max 3334 (1791) steps (0.0005 hrs) 0.00:0.00 216 (9) sec
[69] Ep10000: Max 3334 (2709) steps (0.0008 hrs) 0.00:10.10 218 (2) sec
[70] Ep10000: Max 3334 (140) steps (0.0000 hrs) 12.82:0.00 219 (1) sec
[71] Ep10000: Max 3334 (1436) steps (0.0004 hrs) 17.54:0.00 220 (1) sec
[72] Ep10000: Max 3334 (951) steps (0.0003 hrs) 22.22:0.00 220 (0) sec
[73] Ep10000: Max 3334 (271) steps (0.0001 hrs) 10.20:0.00 221 (1) sec
[74] Ep10000: Max 3334 (480) steps (0.0001 hrs) 0.00:17.54 222 (1) sec
[75] Ep10000: Max 3334 (262) steps (0.0001 hrs) 16.95:0.00 222 (0) sec
[76] Ep10000: Max 3334 (2310) steps (0.0006 hrs) 0.00:0.00 232 (10) sec
[77] Ep10000: Max 3334 (1730) steps (0.0005 hrs) 0.00:23.81 234 (2) sec
[78] Ep10000: Max 3334 (142) steps (0.0000 hrs) 15.38:0.00 234 (0) sec
[79] Ep10000: Max 3334 (2569) steps (0.0007 hrs) 0.00:0.00 245 (11) sec
[80] Ep10000: Max 3334 (158) steps (0.0000 hrs) 10.75:0.00 246 (1) sec
[81] Ep10000: Max 5340 (5340) steps (0.0015 hrs) 13.89:0.00 258 (12) sec
[82] Ep10000: Max 5340 (1416) steps (0.0004 hrs) 0.00:0.00 259 (1) sec
[83] Ep10000: Max 5340 (316) steps (0.0001 hrs) 9.17:9.17 259 (0) sec
[84] Ep10000: Max 5340 (255) steps (0.0001 hrs) 10.00:0.00 260 (1) sec
[85] Ep10000: Max 5340 (309) steps (0.0001 hrs) 20.83:0.00 260 (0) sec
[86] Ep10000: Max 5340 (2327) steps (0.0006 hrs) 0.00:0.00 268 (8) sec
[87] Ep10000: Max 5340 (2790) steps (0.0008 hrs) 0.00:0.00 280 (12) sec
[88] Ep10000: Max 5340 (316) steps (0.0001 hrs) 15.38:0.00 280 (0) sec
[89] Ep10000: Max 5340 (321) steps (0.0001 hrs) 16.13:0.00 281 (1) sec
[90] Ep10000: Max 5340 (275) steps (0.0001 hrs) 0.00:50.00 281 (0) sec
[91] Ep10000: Max 5340 (292) steps (0.0001 hrs) 0.00:17.54 282 (1) sec
[92] Ep10000: Max 5340 (299) steps (0.0001 hrs) 24.39:0.00 282 (0) sec
[93] Ep10000: Max 5340 (307) steps (0.0001 hrs) 10.75:0.00 282 (0) sec
[94] Ep10000: Max 5340 (1405) steps (0.0004 hrs) 12.35:0.00 283 (1) sec
[95] Ep10000: Max 5340 (275) steps (0.0001 hrs) 14.08:0.00 283 (0) sec
[96] Ep10000: Max 5340 (1628) steps (0.0005 hrs) 23.81:0.00 284 (1) sec
[97] Ep10000: Max 5340 (158) steps (0.0000 hrs) 11.63:0.00 285 (1) sec
[98] Ep10000: Max 5340 (155) steps (0.0000 hrs) 12.35:0.00 285 (0) sec
[99] Ep10000: Max 5340 (268) steps (0.0001 hrs) 22.22:0.00 285 (0) sec
[100] Ep10000: Max 5340 (1988) steps (0.0006 hrs) 41.67:0.00 290 (5) sec
[101] Ep10000: Max 150993 (150993) steps (0.0419 hrs) 9.90:0.00 290 (0) sec
[102] Ep10000: Max 150993 (2117) steps (0.0006 hrs) 0.00:0.00 302 (12) sec
[103] Ep10000: Max 150993 (262) steps (0.0001 hrs) 20.00:0.00 302 (0) sec
[104] Ep10000: Max 150993 (317) steps (0.0001 hrs) 11.11:0.00 302 (0) sec
[105] Ep10000: Max 150993 (266) steps (0.0001 hrs) 13.70:0.00 303 (1) sec
[106] Ep10000: Max 150993 (2240) steps (0.0006 hrs) 0.00:0.00 315 (12) sec
[107] Ep10000: Max 150993 (1941) steps (0.0005 hrs) 0.00:0.00 328 (13) sec
[108] Ep10000: Max 150993 (1246) steps (0.0003 hrs) 10.75:0.00 329 (1) sec
[109] Ep10000: Max 150993 (1689) steps (0.0005 hrs) 0.00:17.86 333 (4) sec
[110] Ep10000: Max 150993 (283) steps (0.0001 hrs) 13.16:0.00 333 (0) sec
[111] Ep10000: Max 150993 (725) steps (0.0002 hrs) 0.00:0.00 334 (1) sec
[112] Ep10000: Max 150993 (352) steps (0.0001 hrs) 17.09:0.00 335 (1) sec
[113] Ep10000: Max 150993 (1918) steps (0.0005 hrs) 0.00:0.00 348 (13) sec
[114] Ep10000: Max 150993 (2125) steps (0.0006 hrs) 0.00:0.00 359 (11) sec
[115] Ep10000: Max 150993 (292) steps (0.0001 hrs) 25.64:0.00 360 (1) sec
[116] Ep10000: Max 150993 (142) steps (0.0000 hrs) 11.76:0.00 360 (0) sec
[117] Ep10000: Max 150993 (626) steps (0.0002 hrs) 0.00:10.42 361 (1) sec
[118] Ep10000: Max 150993 (564) steps (0.0002 hrs) 0.00:16.95 362 (1) sec
[119] Ep10000: Max 150993 (1395) steps (0.0004 hrs) 15.38:0.00 363 (1) sec
[120] Ep10000: Max 150993 (278) steps (0.0001 hrs) 10.31:0.00 364 (1) sec
[121] Ep10000: Max 150993 (272) steps (0.0001 hrs) 23.26:0.00 364 (0) sec
[122] Ep10000: Max 150993 (1620) steps (0.0005 hrs) 71.43:0.00 365 (1) sec
[123] Ep10000: Max 150993 (2023) steps (0.0006 hrs) 40.00:0.00 367 (2) sec
[124] Ep10000: Max 150993 (2266) steps (0.0006 hrs) 0.00:0.00 378 (11) sec
[125] Ep10000: Max 150993 (280) steps (0.0001 hrs) 50.00:0.00 379 (1) sec
[126] Ep10000: Max 150993 (283) steps (0.0001 hrs) 0.00:10.53 379 (0) sec
[127] Ep10000: Max 150993 (140) steps (0.0000 hrs) 11.36:0.00 380 (1) sec
[128] Ep10000: Max 150993 (265) steps (0.0001 hrs) 125.00:0.00 380 (0) sec
[129] Ep10000: Max 150993 (322) steps (0.0001 hrs) 22.22:0.00 381 (1) sec
[130] Ep10000: Max 150993 (321) steps (0.0001 hrs) 13.33:0.00 382 (1) sec
[131] Ep10000: Max 150993 (170) steps (0.0000 hrs) 22.73:0.00 383 (1) sec
[132] Ep10000: Max 150993 (141) steps (0.0000 hrs) 33.33:0.00 383 (0) sec
[133] Ep10000: Max 150993 (515) steps (0.0001 hrs) 12.99:0.00 384 (1) sec
[134] Ep10000: Max 150993 (519) steps (0.0001 hrs) 0.00:13.70 385 (1) sec
[135] Ep10000: Max 150993 (318) steps (0.0001 hrs) 25.64:0.00 385 (0) sec
[136] Ep10000: Max 150993 (247) steps (0.0001 hrs) 0.00:20.83 386 (1) sec
[137] Ep10000: Max 150993 (346) steps (0.0001 hrs) 0.00:15.62 387 (1) sec
[138] Ep10000: Max 150993 (2950) steps (0.0008 hrs) 0.00:15.15 388 (1) sec
[139] Ep10000: Max 150993 (2634) steps (0.0007 hrs) 0.00:0.00 402 (14) sec
[140] Ep10000: Max 150993 (2229) steps (0.0006 hrs) 0.00:0.00 416 (14) sec
[141] Ep10000: Max 150993 (1608) steps (0.0004 hrs) 22.73:0.00 417 (1) sec
[142] Ep10000: Max 150993 (270) steps (0.0001 hrs) 14.49:0.00 417 (0) sec
[143] Ep10000: Max 150993 (141) steps (0.0000 hrs) 10.75:0.00 418 (1) sec
[144] Ep10000: Max 150993 (1804) steps (0.0005 hrs) 16.67:0.00 418 (0) sec
[145] Ep10000: Max 150993 (278) steps (0.0001 hrs) 0.00:20.41 419 (1) sec
[146] Ep10000: Max 150993 (158) steps (0.0000 hrs) 6.99:0.00 420 (1) sec
[147] Ep10000: Max 150993 (158) steps (0.0000 hrs) 0.00:83.33 420 (0) sec
[148] Ep10000: Max 150993 (4254) steps (0.0012 hrs) 25.00:0.00 421 (1) sec
[149] Ep10000: Max 150993 (2566) steps (0.0007 hrs) 0.00:0.00 433 (12) sec
[150] Ep10000: Max 150993 (291) steps (0.0001 hrs) 10.87:0.00 433 (0) sec
[151] Ep10000: Max 150993 (307) steps (0.0001 hrs) 18.69:0.00 434 (1) sec
[152] Ep10000: Max 150993 (932) steps (0.0003 hrs) 0.00:0.00 434 (0) sec
[153] Ep10000: Max 150993 (316) steps (0.0001 hrs) 0.00:11.76 435 (1) sec
[154] Ep10000: Max 150993 (257) steps (0.0001 hrs) 19.23:0.00 435 (0) sec
[155] Ep10000: Max 150993 (312) steps (0.0001 hrs) 19.23:0.00 435 (0) sec
[156] Ep10000: Max 150993 (317) steps (0.0001 hrs) 11.90:0.00 436 (1) sec
[157] Ep10000: Max 150993 (2271) steps (0.0006 hrs) 0.00:0.00 442 (6) sec
[158] Ep10000: Max 150993 (281) steps (0.0001 hrs) 15.87:0.00 442 (0) sec
[159] Ep10000: Max 150993 (863) steps (0.0002 hrs) 10.31:0.00 443 (1) sec
[160] Ep10000: Max 150993 (1502) steps (0.0004 hrs) 0.00:0.00 444 (1) sec
[161] Ep10000: Max 150993 (146) steps (0.0000 hrs) 125.00:0.00 445 (1) sec
[162] Ep10000: Max 150993 (2489) steps (0.0007 hrs) 0.00:0.00 457 (12) sec
[163] Ep10000: Max 150993 (418) steps (0.0001 hrs) 17.54:0.00 457 (0) sec
[164] Ep10000: Max 150993 (315) steps (0.0001 hrs) 0.00:12.50 458 (1) sec
[165] Ep10000: Max 150993 (2556) steps (0.0007 hrs) 0.00:0.00 470 (12) sec
[166] Ep10000: Max 150993 (286) steps (0.0001 hrs) 111.11:0.00 470 (0) sec
[167] Ep10000: Max 150993 (284) steps (0.0001 hrs) 31.25:0.00 471 (1) sec
[168] Ep10000: Max 150993 (292) steps (0.0001 hrs) 13.70:0.00 471 (0) sec
[169] Ep10000: Max 150993 (4417) steps (0.0012 hrs) 9.17:9.17 473 (2) sec
[170] Ep10000: Max 150993 (292) steps (0.0001 hrs) 500.00:0.00 474 (1) sec
[171] Ep10000: Max 150993 (316) steps (0.0001 hrs) 11.24:0.00 474 (0) sec
[172] Ep10000: Max 150993 (653) steps (0.0002 hrs) 0.00:10.64 475 (1) sec
[173] Ep10000: Max 150993 (1168) steps (0.0003 hrs) 26.32:0.00 475 (0) sec
[174] Ep10000: Max 150993 (278) steps (0.0001 hrs) 11.63:0.00 475 (0) sec
[175] Ep10000: Max 150993 (315) steps (0.0001 hrs) 7.94:7.94 476 (1) sec
[176] Ep10000: Max 150993 (308) steps (0.0001 hrs) 0.00:12.20 476 (0) sec
[177] Ep10000: Max 150993 (301) steps (0.0001 hrs) 10.87:0.00 476 (0) sec
[178] Ep10000: Max 150993 (322) steps (0.0001 hrs) 0.00:19.23 477 (1) sec
[179] Ep10000: Max 150993 (1149) steps (0.0003 hrs) 0.00:15.38 477 (0) sec
[180] Ep10000: Max 150993 (833) steps (0.0002 hrs) 20.83:0.00 477 (0) sec
[181] Ep10000: Max 150993 (314) steps (0.0001 hrs) 18.52:0.00 478 (1) sec
[182] Ep10000: Max 150993 (3012) steps (0.0008 hrs) 0.00:0.00 491 (13) sec
[183] Ep10000: Max 150993 (1908) steps (0.0005 hrs) 14.29:0.00 495 (4) sec
[184] Ep10000: Max 150993 (281) steps (0.0001 hrs) 10.53:0.00 496 (1) sec
[185] Ep10000: Max 150993 (141) steps (0.0000 hrs) 17.54:0.00 496 (0) sec
[186] Ep10000: Max 150993 (316) steps (0.0001 hrs) 13.70:0.00 497 (1) sec
[187] Ep10000: Max 150993 (2067) steps (0.0006 hrs) 0.00:0.00 509 (12) sec
[188] Ep10000: Max 150993 (273) steps (0.0001 hrs) 18.35:0.00 510 (1) sec
[189] Ep10000: Max 150993 (163) steps (0.0000 hrs) 0.00:10.10 510 (0) sec
[190] Ep10000: Max 150993 (321) steps (0.0001 hrs) 12.50:0.00 511 (1) sec
[191] Ep10000: Max 150993 (3846) steps (0.0011 hrs) 0.00:0.00 513 (2) sec
[192] Ep10000: Max 150993 (1215) steps (0.0003 hrs) 17.86:0.00 514 (1) sec
[193] Ep10000: Max 150993 (2341) steps (0.0007 hrs) 0.00:0.00 525 (11) sec
[194] Ep10000: Max 150993 (480) steps (0.0001 hrs) 0.00:20.83 526 (1) sec
[195] Ep10000: Max 150993 (184) steps (0.0001 hrs) 0.00:125.00 527 (1) sec
[196] Ep10000: Max 150993 (2627) steps (0.0007 hrs) 0.00:0.00 539 (12) sec
[197] Ep10000: Max 150993 (305) steps (0.0001 hrs) 0.00:18.87 540 (1) sec
[198] Ep10000: Max 150993 (263) steps (0.0001 hrs) 15.87:0.00 540 (0) sec
[199] Ep10000: Max 150993 (2018) steps (0.0006 hrs) 0.00:0.00 550 (10) sec
[200] Ep10000: Max 150993 (2110) steps (0.0006 hrs) 0.00:0.00 561 (11) sec
[201] Ep10000: Max 150993 (141) steps (0.0000 hrs) 20.00:0.00 562 (1) sec
[202] Ep10000: Max 543395 (543395) steps (0.1509 hrs) 0.00:0.00 573 (11) sec
[203] Ep10000: Max 543395 (251) steps (0.0001 hrs) 25.64:0.00 573 (0) sec
[204] Ep10000: Max 543395 (454) steps (0.0001 hrs) 27.78:0.00 574 (1) sec
[205] Ep10000: Max 543395 (323) steps (0.0001 hrs) 0.00:11.90 575 (1) sec
[206] Ep10000: Max 543395 (2319) steps (0.0006 hrs) 0.00:0.00 589 (14) sec
[207] Ep10000: Max 543395 (1911) steps (0.0005 hrs) 0.00:0.00 601 (12) sec
[208] Ep10000: Max 543395 (2462) steps (0.0007 hrs) 0.00:0.00 611 (10) sec
[209] Ep10000: Max 543395 (2505) steps (0.0007 hrs) 0.00:0.00 620 (9) sec
[210] Ep10000: Max 543395 (285) steps (0.0001 hrs) 52.63:0.00 620 (0) sec
[211] Ep10000: Max 543395 (1818) steps (0.0005 hrs) 0.00:0.00 632 (12) sec
[212] Ep10000: Max 543395 (2681) steps (0.0007 hrs) 0.00:0.00 643 (11) sec
[213] Ep10000: Max 543395 (1174) steps (0.0003 hrs) 0.00:27.78 644 (1) sec
[214] Ep10000: Max 543395 (2416) steps (0.0007 hrs) 0.00:0.00 655 (11) sec
[215] Ep10000: Max 543395 (1627) steps (0.0005 hrs) 9.17:9.17 658 (3) sec
[216] Ep10000: Max 543395 (319) steps (0.0001 hrs) 29.41:0.00 659 (1) sec
[217] Ep10000: Max 543395 (285) steps (0.0001 hrs) 10.31:0.00 660 (1) sec
[218] Ep10000: Max 543395 (311) steps (0.0001 hrs) 10.53:0.00 660 (0) sec
[219] Ep10000: Max 543395 (1939) steps (0.0005 hrs) 0.00:0.00 674 (14) sec
[220] Ep10000: Max 543395 (288) steps (0.0001 hrs) 14.71:0.00 674 (0) sec
[221] Ep10000: Max 543395 (307) steps (0.0001 hrs) 40.00:0.00 675 (1) sec
[222] Ep10000: Max 543395 (2637) steps (0.0007 hrs) 0.00:0.00 688 (13) sec
[223] Ep10000: Max 543395 (289) steps (0.0001 hrs) 0.00:16.67 689 (1) sec
[224] Ep10000: Max 543395 (1761) steps (0.0005 hrs) 0.00:0.00 702 (13) sec
[225] Ep10000: Max 543395 (292) steps (0.0001 hrs) 22.22:0.00 702 (0) sec
[226] Ep10000: Max 543395 (2158) steps (0.0006 hrs) 0.00:0.00 712 (10) sec
[227] Ep10000: Max 543395 (2311) steps (0.0006 hrs) 0.00:0.00 724 (12) sec
[228] Ep10000: Max 543395 (2102) steps (0.0006 hrs) 0.00:0.00 738 (14) sec
[229] Ep10000: Max 543395 (406) steps (0.0001 hrs) 0.00:22.73 739 (1) sec
[230] Ep10000: Max 543395 (667) steps (0.0002 hrs) 3.70:7.41 739 (0) sec
[231] Ep10000: Max 543395 (2314) steps (0.0006 hrs) 0.00:0.00 752 (13) sec
[232] Ep10000: Max 543395 (1932) steps (0.0005 hrs) 0.00:0.00 765 (13) sec
[233] Ep10000: Max 543395 (141) steps (0.0000 hrs) 20.83:0.00 765 (0) sec
[234] Ep10000: Max 543395 (1818) steps (0.0005 hrs) 24.39:0.00 767 (2) sec
[235] Ep10000: Max 543395 (269) steps (0.0001 hrs) 11.63:0.00 768 (1) sec
[236] Ep10000: Max 543395 (1442) steps (0.0004 hrs) 15.27:0.00 769 (1) sec
[237] Ep10000: Max 543395 (314) steps (0.0001 hrs) 6.97:3.48 769 (0) sec
[238] Ep10000: Max 543395 (208) steps (0.0001 hrs) 17.86:0.00 770 (1) sec
[239] Ep10000: Max 543395 (308) steps (0.0001 hrs) 0.00:17.24 771 (1) sec
[240] Ep10000: Max 543395 (317) steps (0.0001 hrs) 18.52:0.00 772 (1) sec
[241] Ep10000: Max 543395 (284) steps (0.0001 hrs) 52.63:0.00 772 (0) sec
[242] Ep10000: Max 543395 (569) steps (0.0002 hrs) 16.39:0.00 773 (1) sec
[243] Ep10000: Max 543395 (317) steps (0.0001 hrs) 12.99:0.00 774 (1) sec
[244] Ep10000: Max 543395 (296) steps (0.0001 hrs) 12.05:0.00 774 (0) sec
[245] Ep10000: Max 543395 (488) steps (0.0001 hrs) 11.11:0.00 775 (1) sec
[246] Ep10000: Max 543395 (373) steps (0.0001 hrs) 0.00:17.24 776 (1) sec
[247] Ep10000: Max 543395 (2223) steps (0.0006 hrs) 0.00:0.00 789 (13) sec
[248] Ep10000: Max 543395 (318) steps (0.0001 hrs) 29.41:0.00 790 (1) sec
[249] Ep10000: Max 543395 (1792) steps (0.0005 hrs) 23.81:0.00 791 (1) sec
[250] Ep10000: Max 543395 (852) steps (0.0002 hrs) 0.00:14.29 792 (1) sec
[251] Ep10000: Max 543395 (272) steps (0.0001 hrs) 0.00:14.29 793 (1) sec
[252] Ep10000: Max 543395 (1826) steps (0.0005 hrs) 0.00:0.00 794 (1) sec
[253] Ep10000: Max 543395 (323) steps (0.0001 hrs) 28.57:0.00 795 (1) sec
[254] Ep10000: Max 543395 (286) steps (0.0001 hrs) 18.18:0.00 795 (0) sec
[255] Ep10000: Max 543395 (142) steps (0.0000 hrs) 10.75:0.00 796 (1) sec
[256] Ep10000: Max 543395 (1601) steps (0.0004 hrs) 10.87:0.00 796 (0) sec
[257] Ep10000: Max 543395 (290) steps (0.0001 hrs) 10.87:0.00 797 (1) sec
[258] Ep10000: Max 543395 (21680) steps (0.0060 hrs) 0.00:0.00 808 (11) sec
[259] Ep10000: Max 543395 (270) steps (0.0001 hrs) 14.60:0.00 809 (1) sec
[260] Ep10000: Max 543395 (299) steps (0.0001 hrs) 25.00:0.00 809 (0) sec
[261] Ep10000: Max 543395 (2234) steps (0.0006 hrs) 0.00:0.00 819 (10) sec
[262] Ep10000: Max 543395 (256) steps (0.0001 hrs) 18.69:0.00 819 (0) sec
[263] Ep10000: Max 543395 (2023) steps (0.0006 hrs) 0.00:0.00 832 (13) sec
[264] Ep10000: Max 543395 (805) steps (0.0002 hrs) 0.00:13.33 833 (1) sec
[265] Ep10000: Max 543395 (1981) steps (0.0006 hrs) 0.00:0.00 845 (12) sec
[266] Ep10000: Max 543395 (282) steps (0.0001 hrs) 16.39:0.00 845 (0) sec
[267] Ep10000: Max 543395 (141) steps (0.0000 hrs) 13.16:0.00 846 (1) sec
[268] Ep10000: Max 543395 (294) steps (0.0001 hrs) 15.62:0.00 846 (0) sec
[269] Ep10000: Max 543395 (160) steps (0.0000 hrs) 12.82:0.00 847 (1) sec
[270] Ep10000: Max 543395 (835) steps (0.0002 hrs) 0.00:17.54 847 (0) sec
[271] Ep10000: Max 543395 (276) steps (0.0001 hrs) 12.05:0.00 848 (1) sec
[272] Ep10000: Max 543395 (475) steps (0.0001 hrs) 0.00:18.52 848 (0) sec
[273] Ep10000: Max 543395 (2261) steps (0.0006 hrs) 11.63:0.00 851 (3) sec
[274] Ep10000: Max 543395 (955) steps (0.0003 hrs) 17.70:0.00 852 (1) sec
[275] Ep10000: Max 543395 (177) steps (0.0000 hrs) 0.00:17.54 852 (0) sec
[276] Ep10000: Max 543395 (360) steps (0.0001 hrs) 0.00:20.41 853 (1) sec
[277] Ep10000: Max 543395 (318) steps (0.0001 hrs) 0.00:33.33 853 (0) sec
[278] Ep10000: Max 543395 (339) steps (0.0001 hrs) 14.08:0.00 854 (1) sec
[279] Ep10000: Max 543395 (1004) steps (0.0003 hrs) 0.00:0.00 854 (0) sec
[280] Ep10000: Max 543395 (281) steps (0.0001 hrs) 32.26:0.00 855 (1) sec
[281] Ep10000: Max 543395 (277) steps (0.0001 hrs) 0.00:14.60 855 (0) sec
[282] Ep10000: Max 543395 (160) steps (0.0000 hrs) 0.00:13.16 856 (1) sec
[283] Ep10000: Max 543395 (2451) steps (0.0007 hrs) 10.53:0.00 860 (4) sec
[284] Ep10000: Max 543395 (315) steps (0.0001 hrs) 11.36:0.00 860 (0) sec
[285] Ep10000: Max 543395 (1648) steps (0.0005 hrs) 0.00:12.82 863 (3) sec
[286] Ep10000: Max 543395 (2071) steps (0.0006 hrs) 0.00:0.00 864 (1) sec
[287] Ep10000: Max 543395 (2008) steps (0.0006 hrs) 0.00:0.00 873 (9) sec
[288] Ep10000: Max 543395 (1762) steps (0.0005 hrs) 12.20:0.00 876 (3) sec
[289] Ep10000: Max 543395 (1072) steps (0.0003 hrs) 83.33:0.00 877 (1) sec
[290] Ep10000: Max 543395 (1993) steps (0.0006 hrs) 0.00:0.00 884 (7) sec
[291] Ep10000: Max 543395 (141) steps (0.0000 hrs) 14.93:0.00 884 (0) sec
[292] Ep10000: Max 543395 (1445) steps (0.0004 hrs) 0.00:11.24 885 (1) sec
[293] Ep10000: Max 543395 (375) steps (0.0001 hrs) 0.00:8.20 885 (0) sec
[294] Ep10000: Max 543395 (1545) steps (0.0004 hrs) 13.89:0.00 886 (1) sec
[295] Ep10000: Max 543395 (279) steps (0.0001 hrs) 15.15:0.00 886 (0) sec
[296] Ep10000: Max 543395 (143) steps (0.0000 hrs) 10.75:0.00 887 (1) sec
[297] Ep10000: Max 543395 (322) steps (0.0001 hrs) 8.33:8.33 887 (0) sec
[298] Ep10000: Max 543395 (2385) steps (0.0007 hrs) 0.00:0.00 897 (10) sec
[299] Ep10000: Max 543395 (1462) steps (0.0004 hrs) 16.39:0.00 898 (1) sec
[300] Ep10000: Max 543395 (271) steps (0.0001 hrs) 0.00:16.13 898 (0) sec
[301] Ep10000: Max 543395 (200) steps (0.0001 hrs) 17.24:0.00 898 (0) sec
[302] Ep10000: Max 543395 (636) steps (0.0002 hrs) 12.50:0.00 899 (1) sec
[303] Ep10000: Max 543395 (2616) steps (0.0007 hrs) 0.00:0.00 911 (12) sec
[304] Ep10000: Max 543395 (311) steps (0.0001 hrs) 16.13:0.00 912 (1) sec
[305] Ep10000: Max 543395 (141) steps (0.0000 hrs) 15.38:0.00 912 (0) sec
[306] Ep10000: Max 543395 (2165) steps (0.0006 hrs) 0.00:0.00 923 (11) sec
[307] Ep10000: Max 543395 (1974) steps (0.0005 hrs) 0.00:0.00 935 (12) sec
[308] Ep10000: Max 543395 (271) steps (0.0001 hrs) 71.43:0.00 935 (0) sec
[309] Ep10000: Max 543395 (2560) steps (0.0007 hrs) 0.00:0.00 947 (12) sec
[310] Ep10000: Max 543395 (2203) steps (0.0006 hrs) 0.00:0.00 960 (13) sec
[311] Ep10000: Max 543395 (1802) steps (0.0005 hrs) 15.38:0.00 961 (1) sec
[312] Ep10000: Max 543395 (2148) steps (0.0006 hrs) 0.00:0.00 975 (14) sec
[313] Ep10000: Max 543395 (317) steps (0.0001 hrs) 29.41:0.00 976 (1) sec
[314] Ep10000: Max 543395 (2202) steps (0.0006 hrs) 0.00:0.00 987 (11) sec
[315] Ep10000: Max 543395 (2745) steps (0.0008 hrs) 0.00:0.00 998 (11) sec
[316] Ep10000: Max 543395 (1122) steps (0.0003 hrs) 41.67:0.00 1000 (2) sec
[317] Ep10000: Max 543395 (141) steps (0.0000 hrs) 14.49:0.00 1000 (0) sec
[318] Ep10000: Max 543395 (1956) steps (0.0005 hrs) 0.00:0.00 1012 (12) sec
[319] Ep10000: Max 543395 (315) steps (0.0001 hrs) 15.50:0.00 1013 (1) sec
[320] Ep10000: Max 543395 (269) steps (0.0001 hrs) 0.00:12.50 1013 (0) sec
[321] Ep10000: Max 543395 (2546) steps (0.0007 hrs) 0.00:0.00 1023 (10) sec
[322] Ep10000: Max 543395 (311) steps (0.0001 hrs) 12.66:0.00 1023 (0) sec
[323] Ep10000: Max 543395 (568) steps (0.0002 hrs) 0.00:22.73 1024 (1) sec
[324] Ep10000: Max 543395 (935) steps (0.0003 hrs) 7.94:0.00 1024 (0) sec
[325] Ep10000: Max 543395 (2867) steps (0.0008 hrs) 0.00:0.00 1036 (12) sec
[326] Ep10000: Max 543395 (148) steps (0.0000 hrs) 16.67:0.00 1037 (1) sec
[327] Ep10000: Max 543395 (316) steps (0.0001 hrs) 16.39:0.00 1037 (0) sec
[328] Ep10000: Max 543395 (322) steps (0.0001 hrs) 11.49:0.00 1037 (0) sec
[329] Ep10000: Max 543395 (287) steps (0.0001 hrs) 0.00:17.86 1038 (1) sec
[330] Ep10000: Max 543395 (314) steps (0.0001 hrs) 10.99:0.00 1038 (0) sec
[331] Ep10000: Max 543395 (1961) steps (0.0005 hrs) 0.00:0.00 1051 (13) sec
[332] Ep10000: Max 543395 (2586) steps (0.0007 hrs) 0.00:0.00 1066 (15) sec
[333] Ep10000: Max 543395 (2044) steps (0.0006 hrs) 0.00:0.00 1076 (10) sec
[334] Ep10000: Max 543395 (297) steps (0.0001 hrs) 15.38:0.00 1077 (1) sec
[335] Ep10000: Max 543395 (317) steps (0.0001 hrs) 9.09:9.09 1077 (0) sec
[336] Ep10000: Max 543395 (298) steps (0.0001 hrs) 0.00:15.75 1078 (1) sec
[337] Ep10000: Max 543395 (2332) steps (0.0006 hrs) 0.00:0.00 1084 (6) sec
[338] Ep10000: Max 543395 (2093) steps (0.0006 hrs) 0.00:0.00 1093 (9) sec
[339] Ep10000: Max 543395 (2426) steps (0.0007 hrs) 14.71:0.00 1095 (2) sec
[340] Ep10000: Max 543395 (2377) steps (0.0007 hrs) 0.00:0.00 1107 (12) sec
[341] Ep10000: Max 543395 (420) steps (0.0001 hrs) 16.39:0.00 1108 (1) sec
[342] Ep10000: Max 543395 (1908) steps (0.0005 hrs) 0.00:0.00 1122 (14) sec
[343] Ep10000: Max 543395 (2425) steps (0.0007 hrs) 0.00:0.00 1135 (13) sec
[344] Ep10000: Max 543395 (2287) steps (0.0006 hrs) 0.00:0.00 1149 (14) sec
[345] Ep10000: Max 543395 (300) steps (0.0001 hrs) 12.20:0.00 1149 (0) sec
[346] Ep10000: Max 543395 (1086) steps (0.0003 hrs) 38.46:0.00 1150 (1) sec
[347] Ep10000: Max 543395 (1255) steps (0.0003 hrs) 11.49:0.00 1151 (1) sec
[348] Ep10000: Max 543395 (2481) steps (0.0007 hrs) 0.00:0.00 1164 (13) sec
[349] Ep10000: Max 543395 (2480) steps (0.0007 hrs) 0.00:0.00 1176 (12) sec
[350] Ep10000: Max 543395 (2148) steps (0.0006 hrs) 0.00:0.00 1187 (11) sec
[351] Ep10000: Max 543395 (273) steps (0.0001 hrs) 28.57:0.00 1188 (1) sec
[352] Ep10000: Max 543395 (269) steps (0.0001 hrs) 0.00:20.00 1188 (0) sec
[353] Ep10000: Max 543395 (259) steps (0.0001 hrs) 17.54:0.00 1189 (1) sec
[354] Ep10000: Max 543395 (2593) steps (0.0007 hrs) 0.00:0.00 1202 (13) sec
[355] Ep10000: Max 543395 (2335) steps (0.0006 hrs) 0.00:0.00 1214 (12) sec
[356] Ep10000: Max 543395 (1837) steps (0.0005 hrs) 0.00:0.00 1217 (3) sec
[357] Ep10000: Max 543395 (312) steps (0.0001 hrs) 13.16:0.00 1218 (1) sec
[358] Ep10000: Max 543395 (2190) steps (0.0006 hrs) 0.00:0.00 1229 (11) sec
[359] Ep10000: Max 543395 (743) steps (0.0002 hrs) 13.89:0.00 1230 (1) sec
[360] Ep10000: Max 543395 (2539) steps (0.0007 hrs) 0.00:0.00 1240 (10) sec
[361] Ep10000: Max 543395 (327) steps (0.0001 hrs) 0.00:14.29 1240 (0) sec
[362] Ep10000: Max 543395 (527) steps (0.0001 hrs) 0.00:8.26 1241 (1) sec
[363] Ep10000: Max 543395 (2671) steps (0.0007 hrs) 0.00:0.00 1254 (13) sec
[364] Ep10000: Max 543395 (1041) steps (0.0003 hrs) 0.00:0.00 1255 (1) sec
[365] Ep10000: Max 543395 (260) steps (0.0001 hrs) 62.50:0.00 1256 (1) sec
[366] Ep10000: Max 543395 (406) steps (0.0001 hrs) 0.00:37.04 1256 (0) sec
[367] Ep10000: Max 543395 (276) steps (0.0001 hrs) 15.62:0.00 1257 (1) sec
[368] Ep10000: Max 543395 (2480) steps (0.0007 hrs) 0.00:0.00 1270 (13) sec
[369] Ep10000: Max 543395 (141) steps (0.0000 hrs) 9.90:0.00 1271 (1) sec
[370] Ep10000: Max 543395 (299) steps (0.0001 hrs) 0.00:18.18 1271 (0) sec
[371] Ep10000: Max 543395 (2142) steps (0.0006 hrs) 0.00:0.00 1283 (12) sec
[372] Ep10000: Max 543395 (266) steps (0.0001 hrs) 12.50:0.00 1283 (0) sec
[373] Ep10000: Max 543395 (314) steps (0.0001 hrs) 47.62:0.00 1284 (1) sec
[374] Ep10000: Max 543395 (292) steps (0.0001 hrs) 0.00:16.53 1284 (0) sec
[375] Ep10000: Max 543395 (2011) steps (0.0006 hrs) 0.00:0.00 1295 (11) sec
[376] Ep10000: Max 543395 (2111) steps (0.0006 hrs) 0.00:0.00 1307 (12) sec
[377] Ep10000: Max 543395 (274) steps (0.0001 hrs) 18.52:0.00 1308 (1) sec
[378] Ep10000: Max 543395 (317) steps (0.0001 hrs) 90.91:0.00 1308 (0) sec
[379] Ep10000: Max 543395 (142) steps (0.0000 hrs) 17.39:0.00 1309 (1) sec
[380] Ep10000: Max 543395 (1937) steps (0.0005 hrs) 0.00:0.00 1321 (12) sec
[381] Ep10000: Max 543395 (317) steps (0.0001 hrs) 20.41:0.00 1321 (0) sec
[382] Ep10000: Max 543395 (272) steps (0.0001 hrs) 11.63:0.00 1322 (1) sec
[383] Ep10000: Max 543395 (1106) steps (0.0003 hrs) 0.00:17.24 1323 (1) sec
[384] Ep10000: Max 543395 (15444) steps (0.0043 hrs) 0.00:0.00 1326 (3) sec
[385] Ep10000: Max 543395 (141) steps (0.0000 hrs) 14.71:0.00 1327 (1) sec
[386] Ep10000: Max 543395 (153) steps (0.0000 hrs) 17.86:0.00 1328 (1) sec
[387] Ep10000: Max 543395 (276) steps (0.0001 hrs) 0.00:10.31 1329 (1) sec
[388] Ep10000: Max 543395 (277) steps (0.0001 hrs) 17.86:0.00 1329 (0) sec
[389] Ep10000: Max 543395 (211) steps (0.0001 hrs) 19.61:0.00 1330 (1) sec
[390] Ep10000: Max 543395 (2273) steps (0.0006 hrs) 0.00:0.00 1343 (13) sec
[391] Ep10000: Max 543395 (142) steps (0.0000 hrs) 38.46:0.00 1343 (0) sec
[392] Ep10000: Max 543395 (308) steps (0.0001 hrs) 14.71:0.00 1344 (1) sec
[393] Ep10000: Max 543395 (262) steps (0.0001 hrs) 10.53:0.00 1345 (1) sec
[394] Ep10000: Max 543395 (175841) steps (0.0488 hrs) 10.75:0.00 1346 (1) sec
[395] Ep10000: Max 543395 (309) steps (0.0001 hrs) 18.87:0.00 1347 (1) sec
[396] Ep10000: Max 543395 (2691) steps (0.0007 hrs) 0.00:0.00 1359 (12) sec
[397] Ep10000: Max 543395 (303) steps (0.0001 hrs) 15.62:0.00 1360 (1) sec
[398] Ep10000: Max 543395 (318) steps (0.0001 hrs) 14.49:0.00 1360 (0) sec
[399] Ep10000: Max 543395 (447) steps (0.0001 hrs) 10.64:0.00 1361 (1) sec
[400] Ep10000: Max 543395 (310) steps (0.0001 hrs) 10.99:0.00 1361 (0) sec
[401] Ep10000: Max 543395 (2120) steps (0.0006 hrs) 0.00:0.00 1374 (13) sec
[402] Ep10000: Max 543395 (5985) steps (0.0017 hrs) 30.30:0.00 1376 (2) sec
[403] Ep10000: Max 543395 (2714) steps (0.0008 hrs) 0.00:0.00 1387 (11) sec
[404] Ep10000: Max 543395 (141) steps (0.0000 hrs) 17.86:0.00 1388 (1) sec
[405] Ep10000: Max 543395 (2043) steps (0.0006 hrs) 0.00:0.00 1398 (10) sec
[406] Ep10000: Max 543395 (1962) steps (0.0005 hrs) 0.00:0.00 1408 (10) sec
[407] Ep10000: Max 543395 (2083) steps (0.0006 hrs) 0.00:0.00 1419 (11) sec
[408] Ep10000: Max 543395 (293) steps (0.0001 hrs) 16.13:0.00 1419 (0) sec
[409] Ep10000: Max 543395 (2175) steps (0.0006 hrs) 0.00:0.00 1429 (10) sec
[410] Ep10000: Max 543395 (141) steps (0.0000 hrs) 18.52:0.00 1430 (1) sec
[411] Ep10000: Max 543395 (2518) steps (0.0007 hrs) 24.39:0.00 1433 (3) sec
[412] Ep10000: Max 543395 (3103) steps (0.0009 hrs) 0.00:0.00 1445 (12) sec
[413] Ep10000: Max 543395 (307) steps (0.0001 hrs) 14.93:0.00 1446 (1) sec
[414] Ep10000: Max 543395 (2347) steps (0.0007 hrs) 2.24:0.00 1454 (8) sec
[415] Ep10000: Max 543395 (355) steps (0.0001 hrs) 0.00:8.70 1454 (0) sec
[416] Ep10000: Max 543395 (312) steps (0.0001 hrs) 9.35:9.35 1455 (1) sec
[417] Ep10000: Max 543395 (2464) steps (0.0007 hrs) 0.00:0.00 1461 (6) sec
[418] Ep10000: Max 543395 (316) steps (0.0001 hrs) 0.00:21.28 1462 (1) sec
[419] Ep10000: Max 543395 (2358) steps (0.0007 hrs) 0.00:0.00 1473 (11) sec
[420] Ep10000: Max 543395 (805) steps (0.0002 hrs) 0.00:0.00 1474 (1) sec
[421] Ep10000: Max 543395 (1208) steps (0.0003 hrs) 15.62:0.00 1475 (1) sec
[422] Ep10000: Max 543395 (2463) steps (0.0007 hrs) 0.00:0.00 1487 (12) sec
[423] Ep10000: Max 543395 (461) steps (0.0001 hrs) 26.32:0.00 1488 (1) sec
[424] Ep10000: Max 543395 (2526) steps (0.0007 hrs) 0.00:0.00 1502 (14) sec
[425] Ep10000: Max 543395 (1922) steps (0.0005 hrs) 0.00:3.10 1516 (14) sec
[426] Ep10000: Max 543395 (431) steps (0.0001 hrs) 16.95:0.00 1516 (0) sec
[427] Ep10000: Max 543395 (300) steps (0.0001 hrs) 21.28:0.00 1517 (1) sec
[428] Ep10000: Max 543395 (2722) steps (0.0008 hrs) 20.00:0.00 1519 (2) sec
[429] Ep10000: Max 543395 (335) steps (0.0001 hrs) 0.00:24.39 1519 (0) sec
[430] Ep10000: Max 543395 (162) steps (0.0000 hrs) 0.00:52.63 1520 (1) sec
[431] Ep10000: Max 543395 (287) steps (0.0001 hrs) 0.00:7.75 1521 (1) sec
[432] Ep10000: Max 543395 (2623) steps (0.0007 hrs) 0.00:0.00 1534 (13) sec
[433] Ep10000: Max 543395 (975) steps (0.0003 hrs) 15.15:0.00 1534 (0) sec
[434] Ep10000: Max 543395 (292) steps (0.0001 hrs) 18.52:0.00 1535 (1) sec
[435] Ep10000: Max 543395 (246) steps (0.0001 hrs) 45.45:0.00 1536 (1) sec
[436] Ep10000: Max 543395 (157) steps (0.0000 hrs) 17.86:0.00 1537 (1) sec
[437] Ep10000: Max 543395 (262) steps (0.0001 hrs) 30.30:0.00 1537 (0) sec
[438] Ep10000: Max 543395 (2060) steps (0.0006 hrs) 0.00:0.00 1550 (13) sec
[439] Ep10000: Max 543395 (309) steps (0.0001 hrs) 0.00:20.41 1550 (0) sec
[440] Ep10000: Max 543395 (141) steps (0.0000 hrs) 29.41:0.00 1551 (1) sec
[441] Ep10000: Max 543395 (317) steps (0.0001 hrs) 9.52:9.52 1551 (0) sec
[442] Ep10000: Max 543395 (278) steps (0.0001 hrs) 15.27:0.00 1552 (1) sec
[443] Ep10000: Max 543395 (2805) steps (0.0008 hrs) 0.00:0.00 1565 (13) sec
[444] Ep10000: Max 543395 (2392) steps (0.0007 hrs) 0.00:0.00 1578 (13) sec
[445] Ep10000: Max 543395 (1988) steps (0.0006 hrs) 0.00:0.00 1590 (12) sec
[446] Ep10000: Max 543395 (2884) steps (0.0008 hrs) 0.00:0.00 1596 (6) sec
[447] Ep10000: Max 543395 (2168) steps (0.0006 hrs) 0.00:0.00 1604 (8) sec
[448] Ep10000: Max 543395 (2592) steps (0.0007 hrs) 0.00:0.00 1617 (13) sec
[449] Ep10000: Max 543395 (608) steps (0.0002 hrs) 18.52:0.00 1617 (0) sec
[450] Ep10000: Max 543395 (316) steps (0.0001 hrs) 58.82:0.00 1617 (0) sec
[451] Ep10000: Max 543395 (2758) steps (0.0008 hrs) 0.00:0.00 1630 (13) sec
[452] Ep10000: Max 543395 (859) steps (0.0002 hrs) 0.00:0.00 1630 (0) sec
[453] Ep10000: Max 543395 (2089) steps (0.0006 hrs) 0.00:0.00 1641 (11) sec
[454] Ep10000: Max 543395 (307) steps (0.0001 hrs) 38.46:0.00 1642 (1) sec
[455] Ep10000: Max 543395 (2169) steps (0.0006 hrs) 0.00:0.00 1654 (12) sec
[456] Ep10000: Max 543395 (1115) steps (0.0003 hrs) 17.54:0.00 1654 (0) sec
[457] Ep10000: Max 543395 (140) steps (0.0000 hrs) 14.49:0.00 1655 (1) sec
[458] Ep10000: Max 543395 (283) steps (0.0001 hrs) 14.49:0.00 1655 (0) sec
[459] Ep10000: Max 543395 (307) steps (0.0001 hrs) 14.08:0.00 1656 (1) sec
[460] Ep10000: Max 543395 (253) steps (0.0001 hrs) 10.53:0.00 1656 (0) sec
[461] Ep10000: Max 543395 (307) steps (0.0001 hrs) 10.00:0.00 1657 (1) sec
[462] Ep10000: Max 543395 (281) steps (0.0001 hrs) 9.62:0.00 1657 (0) sec
[463] Ep10000: Max 543395 (2080) steps (0.0006 hrs) 0.00:0.00 1665 (8) sec
[464] Ep10000: Max 543395 (933) steps (0.0003 hrs) 0.00:0.00 1665 (0) sec
[465] Ep10000: Max 543395 (1366) steps (0.0004 hrs) 0.00:19.23 1666 (1) sec
[466] Ep10000: Max 543395 (460) steps (0.0001 hrs) 18.52:0.00 1666 (0) sec
[467] Ep10000: Max 543395 (832) steps (0.0002 hrs) 0.00:0.00 1667 (1) sec
[468] Ep10000: Max 543395 (261) steps (0.0001 hrs) 26.32:0.00 1667 (0) sec
[469] Ep10000: Max 543395 (406) steps (0.0001 hrs) 0.00:12.99 1667 (0) sec
[470] Ep10000: Max 543395 (2176) steps (0.0006 hrs) 0.00:0.00 1673 (6) sec
[471] Ep10000: Max 543395 (2355) steps (0.0007 hrs) 0.00:0.00 1677 (4) sec
[472] Ep10000: Max 543395 (2104) steps (0.0006 hrs) 0.00:0.00 1690 (13) sec
[473] Ep10000: Max 543395 (2136) steps (0.0006 hrs) 0.00:0.00 1703 (13) sec
[474] Ep10000: Max 543395 (271) steps (0.0001 hrs) 12.35:0.00 1704 (1) sec
[475] Ep10000: Max 543395 (2670) steps (0.0007 hrs) 0.00:0.00 1716 (12) sec
[476] Ep10000: Max 543395 (2264) steps (0.0006 hrs) 0.00:18.18 1723 (7) sec
[477] Ep10000: Max 543395 (875) steps (0.0002 hrs) 0.00:18.87 1724 (1) sec
[478] Ep10000: Max 543395 (269) steps (0.0001 hrs) 11.49:0.00 1724 (0) sec
[479] Ep10000: Max 543395 (2787) steps (0.0008 hrs) 0.00:0.00 1736 (12) sec
[480] Ep10000: Max 543395 (970) steps (0.0003 hrs) 20.83:0.00 1737 (1) sec
[481] Ep10000: Max 543395 (2689) steps (0.0007 hrs) 0.00:0.00 1749 (12) sec
[482] Ep10000: Max 543395 (297) steps (0.0001 hrs) 20.83:0.00 1750 (1) sec
[483] Ep10000: Max 543395 (271) steps (0.0001 hrs) 13.70:0.00 1750 (0) sec
[484] Ep10000: Max 543395 (141) steps (0.0000 hrs) 12.66:0.00 1750 (0) sec
[485] Ep10000: Max 543395 (1945) steps (0.0005 hrs) 6.25:0.00 1761 (11) sec
[486] Ep10000: Max 543395 (2249) steps (0.0006 hrs) 0.00:0.00 1774 (13) sec
[487] Ep10000: Max 543395 (38848) steps (0.0108 hrs) 17.86:0.00 1775 (1) sec
[488] Ep10000: Max 543395 (924) steps (0.0003 hrs) 17.54:0.00 1776 (1) sec
[489] Ep10000: Max 543395 (142) steps (0.0000 hrs) 19.05:0.00 1777 (1) sec
[490] Ep10000: Max 543395 (1139) steps (0.0003 hrs) 14.49:0.00 1777 (0) sec
[491] Ep10000: Max 543395 (274) steps (0.0001 hrs) 100.00:0.00 1778 (1) sec
[492] Ep10000: Max 543395 (317) steps (0.0001 hrs) 8.00:8.00 1778 (0) sec
[493] Ep10000: Max 543395 (1887) steps (0.0005 hrs) 0.00:12.35 1781 (3) sec
[494] Ep10000: Max 543395 (414) steps (0.0001 hrs) 0.00:11.49 1782 (1) sec
[495] Ep10000: Max 543395 (2723) steps (0.0008 hrs) 0.00:0.00 1793 (11) sec
[496] Ep10000: Max 543395 (2206) steps (0.0006 hrs) 0.00:0.00 1806 (13) sec
[497] Ep10000: Max 543395 (2230) steps (0.0006 hrs) 0.00:0.00 1820 (14) sec
[498] Ep10000: Max 543395 (2312) steps (0.0006 hrs) 0.00:0.00 1832 (12) sec
[499] Ep10000: Max 543395 (2064) steps (0.0006 hrs) 0.00:0.00 1844 (12) sec
[500] Ep10000: Max 543395 (322) steps (0.0001 hrs) 11.36:0.00 1845 (1) sec
[501] Ep10000: Max 543395 (276) steps (0.0001 hrs) 19.23:0.00 1845 (0) sec
[502] Ep10000: Max 543395 (1358) steps (0.0004 hrs) 0.00:0.00 1846 (1) sec
[503] Ep10000: Max 543395 (2508) steps (0.0007 hrs) 0.00:0.00 1860 (14) sec
[504] Ep10000: Max 543395 (397) steps (0.0001 hrs) 11.24:0.00 1860 (0) sec
[505] Ep10000: Max 543395 (2236) steps (0.0006 hrs) 10.99:0.00 1861 (1) sec
[506] Ep10000: Max 543395 (591) steps (0.0002 hrs) 0.00:166.67 1862 (1) sec
[507] Ep10000: Max 543395 (1987) steps (0.0006 hrs) 0.00:0.00 1872 (10) sec
[508] Ep10000: Max 543395 (186) steps (0.0001 hrs) 0.00:9.71 1873 (1) sec
[509] Ep10000: Max 543395 (298) steps (0.0001 hrs) 10.75:0.00 1873 (0) sec
[510] Ep10000: Max 543395 (1952) steps (0.0005 hrs) 0.00:0.00 1880 (7) sec
[511] Ep10000: Max 543395 (543) steps (0.0002 hrs) 15.87:0.00 1881 (1) sec
[512] Ep10000: Max 543395 (293) steps (0.0001 hrs) 10.87:0.00 1881 (0) sec
[513] Ep10000: Max 543395 (1641) steps (0.0005 hrs) 0.00:0.00 1883 (2) sec
[514] Ep10000: Max 543395 (398) steps (0.0001 hrs) 24.39:0.00 1884 (1) sec
[515] Ep10000: Max 543395 (284) steps (0.0001 hrs) 14.93:0.00 1884 (0) sec
[516] Ep10000: Max 543395 (716) steps (0.0002 hrs) 10.00:0.00 1885 (1) sec
[517] Ep10000: Max 543395 (260) steps (0.0001 hrs) 20.41:0.00 1886 (1) sec
[518] Ep10000: Max 543395 (141) steps (0.0000 hrs) 20.83:0.00 1886 (0) sec
[519] Ep10000: Max 543395 (289) steps (0.0001 hrs) 10.87:0.00 1887 (1) sec
[520] Ep10000: Max 543395 (157) steps (0.0000 hrs) 6.85:0.00 1888 (1) sec
[521] Ep10000: Max 543395 (305) steps (0.0001 hrs) 12.20:0.00 1888 (0) sec
[522] Ep10000: Max 543395 (2202) steps (0.0006 hrs) 0.00:0.00 1903 (15) sec
[523] Ep10000: Max 543395 (317) steps (0.0001 hrs) 0.00:21.74 1903 (0) sec
[524] Ep10000: Max 543395 (315) steps (0.0001 hrs) 22.73:0.00 1904 (1) sec
[525] Ep10000: Max 543395 (141) steps (0.0000 hrs) 19.23:0.00 1904 (0) sec
[526] Ep10000: Max 543395 (471) steps (0.0001 hrs) 0.00:142.86 1905 (1) sec
[527] Ep10000: Max 543395 (310) steps (0.0001 hrs) 0.00:19.42 1905 (0) sec
[528] Ep10000: Max 543395 (2188) steps (0.0006 hrs) 0.00:0.00 1915 (10) sec
[529] Ep10000: Max 543395 (2240) steps (0.0006 hrs) 0.00:0.00 1928 (13) sec
[530] Ep10000: Max 543395 (4770) steps (0.0013 hrs) 0.00:14.29 1929 (1) sec
[531] Ep10000: Max 543395 (313) steps (0.0001 hrs) 0.00:19.61 1930 (1) sec
[532] Ep10000: Max 543395 (2423) steps (0.0007 hrs) 0.00:0.00 1941 (11) sec
[533] Ep10000: Max 543395 (140) steps (0.0000 hrs) 18.18:0.00 1942 (1) sec
[534] Ep10000: Max 543395 (313) steps (0.0001 hrs) 0.00:12.82 1942 (0) sec
[535] Ep10000: Max 543395 (2575) steps (0.0007 hrs) 0.00:0.00 1954 (12) sec
[536] Ep10000: Max 543395 (2499) steps (0.0007 hrs) 0.00:0.00 1966 (12) sec
[537] Ep10000: Max 543395 (141) steps (0.0000 hrs) 15.62:0.00 1967 (1) sec
[538] Ep10000: Max 543395 (278) steps (0.0001 hrs) 34.48:0.00 1967 (0) sec
[539] Ep10000: Max 543395 (2057) steps (0.0006 hrs) 0.00:0.00 1979 (12) sec
[540] Ep10000: Max 543395 (226) steps (0.0001 hrs) 0.00:15.87 1980 (1) sec
[541] Ep10000: Max 543395 (265) steps (0.0001 hrs) 30.30:0.00 1981 (1) sec
[542] Ep10000: Max 543395 (2023) steps (0.0006 hrs) 0.00:0.00 1988 (7) sec
[543] Ep10000: Max 543395 (242) steps (0.0001 hrs) 11.36:0.00 1989 (1) sec
[544] Ep10000: Max 543395 (2361) steps (0.0007 hrs) 0.00:0.00 2003 (14) sec
[545] Ep10000: Max 543395 (315) steps (0.0001 hrs) 21.28:0.00 2003 (0) sec
[546] Ep10000: Max 543395 (2365) steps (0.0007 hrs) 0.00:0.00 2016 (13) sec
[547] Ep10000: Max 543395 (616) steps (0.0002 hrs) 52.63:0.00 2017 (1) sec
[548] Ep10000: Max 543395 (259) steps (0.0001 hrs) 71.43:0.00 2018 (1) sec
[549] Ep10000: Max 543395 (288) steps (0.0001 hrs) 0.00:19.61 2018 (0) sec
[550] Ep10000: Max 543395 (1582) steps (0.0004 hrs) 0.00:0.00 2022 (4) sec
[551] Ep10000: Max 543395 (141) steps (0.0000 hrs) 16.26:0.00 2022 (0) sec
[552] Ep10000: Max 543395 (1808) steps (0.0005 hrs) 18.87:0.00 2027 (5) sec
[553] Ep10000: Max 543395 (2114) steps (0.0006 hrs) 0.00:0.00 2040 (13) sec
[554] Ep10000: Max 543395 (273) steps (0.0001 hrs) 100.00:0.00 2040 (0) sec
[555] Ep10000: Max 543395 (192) steps (0.0001 hrs) 33.33:0.00 2041 (1) sec
[556] Ep10000: Max 543395 (269) steps (0.0001 hrs) 10.10:0.00 2042 (1) sec
[557] Ep10000: Max 543395 (301) steps (0.0001 hrs) 14.93:0.00 2042 (0) sec
[558] Ep10000: Max 543395 (2829) steps (0.0008 hrs) 0.00:0.00 2054 (12) sec
[559] Ep10000: Max 543395 (2341) steps (0.0007 hrs) 0.00:0.00 2068 (14) sec
[560] Ep10000: Max 543395 (2560) steps (0.0007 hrs) 0.00:0.00 2082 (14) sec
[561] Ep10000: Max 543395 (208) steps (0.0001 hrs) 0.00:12.66 2083 (1) sec
[562] Ep10000: Max 543395 (341) steps (0.0001 hrs) 0.00:11.76 2083 (0) sec
[563] Ep10000: Max 543395 (2176) steps (0.0006 hrs) 0.00:0.00 2096 (13) sec
[564] Ep10000: Max 543395 (490) steps (0.0001 hrs) 0.00:20.00 2097 (1) sec
[565] Ep10000: Max 543395 (2265) steps (0.0006 hrs) 0.00:0.00 2108 (11) sec
[566] Ep10000: Max 543395 (870) steps (0.0002 hrs) 0.00:15.15 2109 (1) sec
[567] Ep10000: Max 543395 (1614) steps (0.0004 hrs) 6.39:6.39 2111 (2) sec
[568] Ep10000: Max 543395 (1534) steps (0.0004 hrs) 16.39:0.00 2112 (1) sec
[569] Ep10000: Max 543395 (256) steps (0.0001 hrs) 18.69:0.00 2112 (0) sec
[570] Ep10000: Max 543395 (1301) steps (0.0004 hrs) 0.00:10.00 2114 (2) sec
[571] Ep10000: Max 543395 (2231) steps (0.0006 hrs) 0.00:0.00 2121 (7) sec
[572] Ep10000: Max 543395 (141) steps (0.0000 hrs) 19.61:0.00 2121 (0) sec
[573] Ep10000: Max 543395 (2218) steps (0.0006 hrs) 0.00:0.00 2134 (13) sec
[574] Ep10000: Max 543395 (1868) steps (0.0005 hrs) 0.00:1.89 2144 (10) sec
[575] Ep10000: Max 543395 (178) steps (0.0000 hrs) 10.87:0.00 2145 (1) sec
[576] Ep10000: Max 543395 (305) steps (0.0001 hrs) 16.67:0.00 2145 (0) sec
[577] Ep10000: Max 543395 (2122) steps (0.0006 hrs) 0.00:0.00 2158 (13) sec
[578] Ep10000: Max 543395 (2006) steps (0.0006 hrs) 0.00:0.00 2170 (12) sec
[579] Ep10000: Max 543395 (217) steps (0.0001 hrs) 0.00:16.95 2171 (1) sec
[580] Ep10000: Max 543395 (286) steps (0.0001 hrs) 25.64:0.00 2171 (0) sec
[581] Ep10000: Max 543395 (2632) steps (0.0007 hrs) 0.00:0.00 2185 (14) sec
[582] Ep10000: Max 543395 (158) steps (0.0000 hrs) 0.00:20.41 2185 (0) sec
[583] Ep10000: Max 543395 (2202) steps (0.0006 hrs) 14.93:0.00 2189 (4) sec
[584] Ep10000: Max 543395 (273) steps (0.0001 hrs) 0.00:15.87 2189 (0) sec
[585] Ep10000: Max 543395 (258) steps (0.0001 hrs) 0.00:43.48 2190 (1) sec
[586] Ep10000: Max 543395 (1304) steps (0.0004 hrs) 0.00:23.26 2191 (1) sec
[587] Ep10000: Max 543395 (314) steps (0.0001 hrs) 13.16:0.00 2191 (0) sec
[588] Ep10000: Max 543395 (155) steps (0.0000 hrs) 12.82:0.00 2192 (1) sec
[589] Ep10000: Max 543395 (277) steps (0.0001 hrs) 19.61:0.00 2192 (0) sec
[590] Ep10000: Max 543395 (141) steps (0.0000 hrs) 38.46:0.00 2193 (1) sec
[591] Ep10000: Max 543395 (2085) steps (0.0006 hrs) 14.93:0.00 2198 (5) sec
[592] Ep10000: Max 543395 (204) steps (0.0001 hrs) 13.51:0.00 2198 (0) sec
[593] Ep10000: Max 543395 (900) steps (0.0003 hrs) 0.00:27.03 2199 (1) sec
[594] Ep10000: Max 543395 (2383) steps (0.0007 hrs) 0.00:0.00 2211 (12) sec
[595] Ep10000: Max 543395 (287) steps (0.0001 hrs) 18.87:0.00 2212 (1) sec
[596] Ep10000: Max 543395 (369) steps (0.0001 hrs) 0.00:10.53 2212 (0) sec
[597] Ep10000: Max 543395 (2257) steps (0.0006 hrs) 0.00:0.00 2222 (10) sec
[598] Ep10000: Max 543395 (2021) steps (0.0006 hrs) 0.00:0.00 2234 (12) sec
[599] Ep10000: Max 543395 (298) steps (0.0001 hrs) 15.15:0.00 2234 (0) sec
[600] Ep10000: Max 543395 (141) steps (0.0000 hrs) 0.00:18.18 2235 (1) sec
[601] Ep10000: Max 543395 (323) steps (0.0001 hrs) 12.66:0.00 2235 (0) sec
[602] Ep10000: Max 543395 (1939) steps (0.0005 hrs) 0.00:0.00 2249 (14) sec
[603] Ep10000: Max 543395 (312) steps (0.0001 hrs) 14.71:0.00 2249 (0) sec
[604] Ep10000: Max 543395 (856) steps (0.0002 hrs) 32.26:0.00 2250 (1) sec
[605] Ep10000: Max 543395 (492) steps (0.0001 hrs) 0.00:22.22 2251 (1) sec
[606] Ep10000: Max 543395 (2086) steps (0.0006 hrs) 0.00:0.00 2252 (1) sec
[607] Ep10000: Max 543395 (406) steps (0.0001 hrs) 7.38:3.69 2253 (1) sec
[608] Ep10000: Max 543395 (286) steps (0.0001 hrs) 14.29:0.00 2253 (0) sec
[609] Ep10000: Max 543395 (6041) steps (0.0017 hrs) 0.00:13.70 2254 (1) sec
[610] Ep10000: Max 543395 (567) steps (0.0002 hrs) 19.61:0.00 2255 (1) sec
[611] Ep10000: Max 543395 (2754) steps (0.0008 hrs) 0.00:0.00 2268 (13) sec
[612] Ep10000: Max 543395 (319) steps (0.0001 hrs) 0.00:23.26 2269 (1) sec
[613] Ep10000: Max 543395 (2013) steps (0.0006 hrs) 0.00:0.00 2274 (5) sec
[614] Ep10000: Max 543395 (271) steps (0.0001 hrs) 10.10:0.00 2275 (1) sec
[615] Ep10000: Max 543395 (317) steps (0.0001 hrs) 28.57:0.00 2276 (1) sec
[616] Ep10000: Max 543395 (2477) steps (0.0007 hrs) 0.00:0.00 2290 (14) sec
[617] Ep10000: Max 543395 (141) steps (0.0000 hrs) 19.23:0.00 2290 (0) sec
[618] Ep10000: Max 543395 (320) steps (0.0001 hrs) 18.18:0.00 2291 (1) sec
[619] Ep10000: Max 543395 (2197) steps (0.0006 hrs) 0.00:0.00 2304 (13) sec
[620] Ep10000: Max 543395 (2311) steps (0.0006 hrs) 0.00:0.00 2317 (13) sec
[621] Ep10000: Max 543395 (2783) steps (0.0008 hrs) 0.00:0.00 2329 (12) sec
[622] Ep10000: Max 543395 (342) steps (0.0001 hrs) 11.36:0.00 2330 (1) sec
[623] Ep10000: Max 543395 (307) steps (0.0001 hrs) 7.75:7.75 2331 (1) sec
[624] Ep10000: Max 543395 (292) steps (0.0001 hrs) 62.50:0.00 2332 (1) sec
[625] Ep10000: Max 543395 (1089) steps (0.0003 hrs) 18.87:0.00 2332 (0) sec
[626] Ep10000: Max 543395 (2650) steps (0.0007 hrs) 0.00:0.00 2345 (13) sec
[627] Ep10000: Max 543395 (141) steps (0.0000 hrs) 52.63:0.00 2345 (0) sec
[628] Ep10000: Max 543395 (893) steps (0.0002 hrs) 23.81:0.00 2346 (1) sec
[629] Ep10000: Max 543395 (318) steps (0.0001 hrs) 25.64:0.00 2346 (0) sec
[630] Ep10000: Max 543395 (355) steps (0.0001 hrs) 22.22:0.00 2347 (1) sec
[631] Ep10000: Max 543395 (413) steps (0.0001 hrs) 76.92:0.00 2348 (1) sec
[632] Ep10000: Max 543395 (318) steps (0.0001 hrs) 13.51:0.00 2348 (0) sec
[633] Ep10000: Max 543395 (2077) steps (0.0006 hrs) 0.00:0.00 2360 (12) sec
[634] Ep10000: Max 543395 (2147) steps (0.0006 hrs) 0.00:0.00 2373 (13) sec
[635] Ep10000: Max 543395 (963) steps (0.0003 hrs) 14.49:0.00 2374 (1) sec
[636] Ep10000: Max 543395 (397) steps (0.0001 hrs) 0.00:10.20 2374 (0) sec
[637] Ep10000: Max 543395 (1423) steps (0.0004 hrs) 20.83:0.00 2375 (1) sec
[638] Ep10000: Max 543395 (284) steps (0.0001 hrs) 0.00:22.73 2376 (1) sec
[639] Ep10000: Max 543395 (1071) steps (0.0003 hrs) 0.00:18.52 2377 (1) sec
[640] Ep10000: Max 543395 (1759) steps (0.0005 hrs) 15.75:0.00 2378 (1) sec
[641] Ep10000: Max 543395 (275) steps (0.0001 hrs) 19.23:0.00 2378 (0) sec
[642] Ep10000: Max 543395 (2357) steps (0.0007 hrs) 0.00:0.00 2390 (12) sec
[643] Ep10000: Max 543395 (2512) steps (0.0007 hrs) 0.00:0.00 2404 (14) sec
[644] Ep10000: Max 543395 (2151) steps (0.0006 hrs) 0.00:0.00 2416 (12) sec
[645] Ep10000: Max 543395 (157) steps (0.0000 hrs) 9.43:0.00 2417 (1) sec
[646] Ep10000: Max 543395 (305) steps (0.0001 hrs) 9.43:9.43 2418 (1) sec
[647] Ep10000: Max 543395 (2578) steps (0.0007 hrs) 0.00:0.00 2424 (6) sec
[648] Ep10000: Max 543395 (2420) steps (0.0007 hrs) 0.00:0.00 2437 (13) sec
[649] Ep10000: Max 543395 (1636) steps (0.0005 hrs) 0.00:0.00 2438 (1) sec
[650] Ep10000: Max 543395 (296) steps (0.0001 hrs) 76.92:0.00 2439 (1) sec
[651] Ep10000: Max 543395 (340) steps (0.0001 hrs) 20.41:0.00 2439 (0) sec
[652] Ep10000: Max 543395 (301) steps (0.0001 hrs) 0.00:9.90 2440 (1) sec
[653] Ep10000: Max 543395 (313) steps (0.0001 hrs) 11.63:0.00 2441 (1) sec
[654] Ep10000: Max 543395 (2695) steps (0.0007 hrs) 0.00:0.00 2455 (14) sec
[655] Ep10000: Max 543395 (141) steps (0.0000 hrs) 20.00:0.00 2455 (0) sec
[656] Ep10000: Max 543395 (1604) steps (0.0004 hrs) 11.36:0.00 2458 (3) sec
[657] Ep10000: Max 543395 (231) steps (0.0001 hrs) 62.50:0.00 2458 (0) sec
[658] Ep10000: Max 543395 (158) steps (0.0000 hrs) 23.81:0.00 2459 (1) sec
[659] Ep10000: Max 543395 (1573) steps (0.0004 hrs) 0.00:0.00 2460 (1) sec
[660] Ep10000: Max 543395 (2182) steps (0.0006 hrs) 0.00:0.00 2473 (13) sec
[661] Ep10000: Max 543395 (140) steps (0.0000 hrs) 18.87:0.00 2474 (1) sec
[662] Ep10000: Max 543395 (315) steps (0.0001 hrs) 14.29:0.00 2474 (0) sec
[663] Ep10000: Max 543395 (600) steps (0.0002 hrs) 10.00:0.00 2474 (0) sec
[664] Ep10000: Max 543395 (444) steps (0.0001 hrs) 20.41:0.00 2475 (1) sec
[665] Ep10000: Max 543395 (141) steps (0.0000 hrs) 0.00:25.64 2475 (0) sec
[666] Ep10000: Max 543395 (142) steps (0.0000 hrs) 29.41:0.00 2476 (1) sec
[667] Ep10000: Max 543395 (223) steps (0.0001 hrs) 10.10:0.00 2477 (1) sec
[668] Ep10000: Max 543395 (266) steps (0.0001 hrs) 22.22:0.00 2477 (0) sec
[669] Ep10000: Max 543395 (1874) steps (0.0005 hrs) 0.00:0.00 2491 (14) sec
[670] Ep10000: Max 543395 (272) steps (0.0001 hrs) 11.49:0.00 2491 (0) sec
[671] Ep10000: Max 543395 (340) steps (0.0001 hrs) 0.00:6.71 2492 (1) sec
[672] Ep10000: Max 543395 (1052) steps (0.0003 hrs) 15.62:0.00 2493 (1) sec
[673] Ep10000: Max 543395 (288) steps (0.0001 hrs) 13.51:0.00 2494 (1) sec
[674] Ep10000: Max 543395 (218) steps (0.0001 hrs) 14.71:0.00 2494 (0) sec
[675] Ep10000: Max 543395 (333) steps (0.0001 hrs) 15.15:0.00 2495 (1) sec
[676] Ep10000: Max 543395 (294) steps (0.0001 hrs) 45.45:0.00 2495 (0) sec
[677] Ep10000: Max 543395 (307) steps (0.0001 hrs) 17.24:0.00 2496 (1) sec
[678] Ep10000: Max 543395 (848) steps (0.0002 hrs) 10.31:0.00 2497 (1) sec
[679] Ep10000: Max 543395 (2916) steps (0.0008 hrs) 28.57:0.00 2505 (8) sec
[680] Ep10000: Max 543395 (2290) steps (0.0006 hrs) 0.00:0.00 2516 (11) sec
[681] Ep10000: Max 543395 (321) steps (0.0001 hrs) 9.43:9.43 2517 (1) sec
[682] Ep10000: Max 543395 (2128) steps (0.0006 hrs) 0.00:0.00 2530 (13) sec
[683] Ep10000: Max 543395 (272) steps (0.0001 hrs) 0.00:20.83 2531 (1) sec
[684] Ep10000: Max 543395 (1882) steps (0.0005 hrs) 0.00:15.62 2538 (7) sec
[685] Ep10000: Max 543395 (2127) steps (0.0006 hrs) 0.00:0.00 2551 (13) sec
[686] Ep10000: Max 543395 (319) steps (0.0001 hrs) 30.30:0.00 2551 (0) sec
[687] Ep10000: Max 543395 (261) steps (0.0001 hrs) 30.30:0.00 2552 (1) sec
[688] Ep10000: Max 543395 (787) steps (0.0002 hrs) 11.90:0.00 2552 (0) sec
[689] Ep10000: Max 543395 (270) steps (0.0001 hrs) 14.49:0.00 2553 (1) sec
[690] Ep10000: Max 543395 (157) steps (0.0000 hrs) 13.16:0.00 2554 (1) sec
[691] Ep10000: Max 543395 (2294) steps (0.0006 hrs) 0.00:0.00 2567 (13) sec
[692] Ep10000: Max 543395 (994) steps (0.0003 hrs) 23.26:0.00 2568 (1) sec
[693] Ep10000: Max 543395 (1964) steps (0.0005 hrs) 0.00:0.00 2580 (12) sec
[694] Ep10000: Max 543395 (310) steps (0.0001 hrs) 11.36:0.00 2580 (0) sec
[695] Ep10000: Max 543395 (316) steps (0.0001 hrs) 0.00:333.33 2581 (1) sec
[696] Ep10000: Max 543395 (1144) steps (0.0003 hrs) 13.33:0.00 2582 (1) sec
[697] Ep10000: Max 543395 (1024) steps (0.0003 hrs) 0.00:21.28 2583 (1) sec
[698] Ep10000: Max 543395 (274) steps (0.0001 hrs) 17.54:0.00 2583 (0) sec
[699] Ep10000: Max 543395 (284) steps (0.0001 hrs) 15.38:0.00 2584 (1) sec
[700] Ep10000: Max 543395 (270) steps (0.0001 hrs) 14.08:0.00 2585 (1) sec
[701] Ep10000: Max 543395 (141) steps (0.0000 hrs) 14.93:0.00 2585 (0) sec
[702] Ep10000: Max 543395 (1868) steps (0.0005 hrs) 0.00:10.75 2593 (8) sec
[703] Ep10000: Max 543395 (1767) steps (0.0005 hrs) 0.00:14.93 2594 (1) sec
[704] Ep10000: Max 543395 (314) steps (0.0001 hrs) 0.00:11.11 2595 (1) sec
[705] Ep10000: Max 543395 (283) steps (0.0001 hrs) 13.70:0.00 2595 (0) sec
[706] Ep10000: Max 543395 (1908) steps (0.0005 hrs) 0.00:0.00 2608 (13) sec
[707] Ep10000: Max 543395 (142) steps (0.0000 hrs) 0.00:16.53 2609 (1) sec
[708] Ep10000: Max 543395 (278) steps (0.0001 hrs) 0.00:28.57 2609 (0) sec
[709] Ep10000: Max 543395 (285) steps (0.0001 hrs) 17.86:0.00 2610 (1) sec
[710] Ep10000: Max 543395 (2070) steps (0.0006 hrs) 0.00:0.00 2624 (14) sec
[711] Ep10000: Max 543395 (256) steps (0.0001 hrs) 14.93:0.00 2624 (0) sec
[712] Ep10000: Max 543395 (2415) steps (0.0007 hrs) 0.00:0.00 2635 (11) sec
[713] Ep10000: Max 543395 (282) steps (0.0001 hrs) 16.26:0.00 2635 (0) sec
[714] Ep10000: Max 543395 (140) steps (0.0000 hrs) 10.75:0.00 2636 (1) sec
[715] Ep10000: Max 543395 (921) steps (0.0003 hrs) 0.00:17.54 2637 (1) sec
[716] Ep10000: Max 543395 (275) steps (0.0001 hrs) 26.32:0.00 2637 (0) sec
[717] Ep10000: Max 543395 (302) steps (0.0001 hrs) 0.00:10.42 2638 (1) sec
[718] Ep10000: Max 543395 (2230) steps (0.0006 hrs) 0.00:0.00 2648 (10) sec
[719] Ep10000: Max 543395 (263) steps (0.0001 hrs) 18.87:0.00 2649 (1) sec
[720] Ep10000: Max 543395 (141) steps (0.0000 hrs) 17.86:0.00 2649 (0) sec
[721] Ep10000: Max 543395 (2339) steps (0.0006 hrs) 0.00:12.20 2652 (3) sec
[722] Ep10000: Max 543395 (3212) steps (0.0009 hrs) 0.00:0.00 2664 (12) sec
[723] Ep10000: Max 543395 (297) steps (0.0001 hrs) 8.62:0.00 2664 (0) sec
[724] Ep10000: Max 543395 (2677) steps (0.0007 hrs) 0.00:0.00 2677 (13) sec
[725] Ep10000: Max 543395 (141) steps (0.0000 hrs) 0.00:14.08 2678 (1) sec
[726] Ep10000: Max 543395 (831) steps (0.0002 hrs) 13.16:0.00 2679 (1) sec
[727] Ep10000: Max 543395 (639) steps (0.0002 hrs) 16.95:0.00 2679 (0) sec
[728] Ep10000: Max 543395 (769) steps (0.0002 hrs) 0.00:13.51 2680 (1) sec
[729] Ep10000: Max 543395 (1246) steps (0.0003 hrs) 15.38:0.00 2681 (1) sec
[730] Ep10000: Max 543395 (322) steps (0.0001 hrs) 0.00:20.41 2682 (1) sec
[731] Ep10000: Max 543395 (459) steps (0.0001 hrs) 14.81:0.00 2682 (0) sec
[732] Ep10000: Max 543395 (269) steps (0.0001 hrs) 13.70:0.00 2683 (1) sec
[733] Ep10000: Max 543395 (2450) steps (0.0007 hrs) 0.00:0.00 2693 (10) sec
[734] Ep10000: Max 543395 (1123) steps (0.0003 hrs) 17.09:0.00 2694 (1) sec
[735] Ep10000: Max 543395 (281) steps (0.0001 hrs) 11.63:0.00 2694 (0) sec
[736] Ep10000: Max 543395 (2327) steps (0.0006 hrs) 0.00:0.00 2704 (10) sec
[737] Ep10000: Max 543395 (141) steps (0.0000 hrs) 19.61:0.00 2704 (0) sec
[738] Ep10000: Max 543395 (315) steps (0.0001 hrs) 0.00:11.24 2705 (1) sec
[739] Ep10000: Max 543395 (29586) steps (0.0082 hrs) 0.00:11.90 2706 (1) sec
[740] Ep10000: Max 543395 (179) steps (0.0000 hrs) 35.71:0.00 2707 (1) sec
[741] Ep10000: Max 543395 (321) steps (0.0001 hrs) 21.28:0.00 2707 (0) sec
[742] Ep10000: Max 543395 (403) steps (0.0001 hrs) 100.00:0.00 2708 (1) sec
[743] Ep10000: Max 543395 (297) steps (0.0001 hrs) 16.13:0.00 2708 (0) sec
[744] Ep10000: Max 543395 (776) steps (0.0002 hrs) 38.46:0.00 2709 (1) sec
[745] Ep10000: Max 543395 (286) steps (0.0001 hrs) 0.00:19.23 2709 (0) sec
[746] Ep10000: Max 543395 (2253) steps (0.0006 hrs) 0.00:0.00 2721 (12) sec
[747] Ep10000: Max 543395 (2179) steps (0.0006 hrs) 0.00:0.00 2734 (13) sec
[748] Ep10000: Max 543395 (306) steps (0.0001 hrs) 0.00:30.30 2735 (1) sec
[749] Ep10000: Max 543395 (300) steps (0.0001 hrs) 32.26:0.00 2735 (0) sec
[750] Ep10000: Max 543395 (319) steps (0.0001 hrs) 0.00:10.99 2735 (0) sec
[751] Ep10000: Max 543395 (2284) steps (0.0006 hrs) 0.00:0.00 2749 (14) sec
[752] Ep10000: Max 543395 (3160) steps (0.0009 hrs) 125.00:0.00 2750 (1) sec
[753] Ep10000: Max 543395 (730) steps (0.0002 hrs) 10.10:0.00 2750 (0) sec
[754] Ep10000: Max 543395 (308) steps (0.0001 hrs) 0.00:18.87 2751 (1) sec
[755] Ep10000: Max 543395 (405) steps (0.0001 hrs) 15.38:0.00 2752 (1) sec
[756] Ep10000: Max 543395 (316) steps (0.0001 hrs) 16.67:0.00 2753 (1) sec
[757] Ep10000: Max 543395 (262) steps (0.0001 hrs) 14.08:0.00 2753 (0) sec
[758] Ep10000: Max 543395 (280) steps (0.0001 hrs) 11.63:0.00 2754 (1) sec
[759] Ep10000: Max 543395 (269) steps (0.0001 hrs) 18.52:0.00 2755 (1) sec
[760] Ep10000: Max 543395 (278) steps (0.0001 hrs) 11.90:0.00 2755 (0) sec
[761] Ep10000: Max 543395 (263) steps (0.0001 hrs) 19.61:0.00 2756 (1) sec
[762] Ep10000: Max 543395 (2006) steps (0.0006 hrs) 10.87:0.00 2760 (4) sec
[763] Ep10000: Max 543395 (243) steps (0.0001 hrs) 9.90:0.00 2761 (1) sec
[764] Ep10000: Max 543395 (2247) steps (0.0006 hrs) 0.00:0.00 2769 (8) sec
[765] Ep10000: Max 543395 (2771) steps (0.0008 hrs) 0.00:0.00 2781 (12) sec
[766] Ep10000: Max 543395 (280) steps (0.0001 hrs) 18.69:0.00 2781 (0) sec
[767] Ep10000: Max 543395 (2353) steps (0.0007 hrs) 0.00:0.00 2795 (14) sec
[768] Ep10000: Max 543395 (280) steps (0.0001 hrs) 17.54:0.00 2796 (1) sec
[769] Ep10000: Max 543395 (158) steps (0.0000 hrs) 0.00:13.16 2796 (0) sec
[770] Ep10000: Max 543395 (2374) steps (0.0007 hrs) 0.00:0.00 2810 (14) sec
[771] Ep10000: Max 543395 (319) steps (0.0001 hrs) 16.67:0.00 2811 (1) sec
[772] Ep10000: Max 543395 (269) steps (0.0001 hrs) 0.00:10.75 2811 (0) sec
[773] Ep10000: Max 543395 (301) steps (0.0001 hrs) 0.00:0.00 2812 (1) sec
[774] Ep10000: Max 543395 (963) steps (0.0003 hrs) 31.25:0.00 2813 (1) sec
[775] Ep10000: Max 543395 (2324) steps (0.0006 hrs) 0.00:0.00 2828 (15) sec
[776] Ep10000: Max 543395 (261) steps (0.0001 hrs) 17.39:0.00 2828 (0) sec
[777] Ep10000: Max 543395 (2258) steps (0.0006 hrs) 0.00:0.00 2839 (11) sec
[778] Ep10000: Max 543395 (262) steps (0.0001 hrs) 17.70:0.00 2840 (1) sec
[779] Ep10000: Max 543395 (2772) steps (0.0008 hrs) 13.89:0.00 2844 (4) sec
[780] Ep10000: Max 543395 (2238) steps (0.0006 hrs) 0.00:0.00 2854 (10) sec
[781] Ep10000: Max 543395 (168) steps (0.0000 hrs) 17.54:0.00 2855 (1) sec
[782] Ep10000: Max 543395 (294) steps (0.0001 hrs) 166.67:0.00 2856 (1) sec
[783] Ep10000: Max 543395 (268) steps (0.0001 hrs) 15.15:0.00 2856 (0) sec
[784] Ep10000: Max 543395 (2240) steps (0.0006 hrs) 0.00:0.00 2867 (11) sec
[785] Ep10000: Max 543395 (189) steps (0.0001 hrs) 0.00:16.67 2867 (0) sec
[786] Ep10000: Max 543395 (1216) steps (0.0003 hrs) 10.00:0.00 2868 (1) sec
[787] Ep10000: Max 543395 (233) steps (0.0001 hrs) 38.46:0.00 2868 (0) sec
[788] Ep10000: Max 543395 (157) steps (0.0000 hrs) 10.64:0.00 2869 (1) sec
[789] Ep10000: Max 543395 (556) steps (0.0002 hrs) 12.35:0.00 2869 (0) sec
[790] Ep10000: Max 543395 (2109) steps (0.0006 hrs) 0.00:0.00 2882 (13) sec
[791] Ep10000: Max 543395 (140) steps (0.0000 hrs) 25.00:0.00 2883 (1) sec
[792] Ep10000: Max 543395 (321) steps (0.0001 hrs) 8.33:8.33 2883 (0) sec
[793] Ep10000: Max 543395 (2006) steps (0.0006 hrs) 0.00:0.00 2897 (14) sec
[794] Ep10000: Max 543395 (140) steps (0.0000 hrs) 14.93:0.00 2898 (1) sec
[795] Ep10000: Max 543395 (183) steps (0.0001 hrs) 18.87:0.00 2899 (1) sec
[796] Ep10000: Max 543395 (269) steps (0.0001 hrs) 0.00:14.29 2900 (1) sec
[797] Ep10000: Max 543395 (268) steps (0.0001 hrs) 0.00:15.87 2901 (1) sec
[798] Ep10000: Max 543395 (1742) steps (0.0005 hrs) 0.00:10.53 2903 (2) sec
[799] Ep10000: Max 543395 (141) steps (0.0000 hrs) 18.69:0.00 2903 (0) sec
[800] Ep10000: Max 543395 (2198) steps (0.0006 hrs) 0.00:0.00 2914 (11) sec
[801] Ep10000: Max 543395 (283) steps (0.0001 hrs) 10.42:0.00 2914 (0) sec
[802] Ep10000: Max 543395 (1610) steps (0.0004 hrs) 0.00:0.00 2918 (4) sec
[803] Ep10000: Max 543395 (318) steps (0.0001 hrs) 16.95:0.00 2918 (0) sec
[804] Ep10000: Max 543395 (277) steps (0.0001 hrs) 14.49:0.00 2919 (1) sec
[805] Ep10000: Max 543395 (1165) steps (0.0003 hrs) 0.00:15.87 2919 (0) sec
[806] Ep10000: Max 543395 (397) steps (0.0001 hrs) 0.00:11.63 2920 (1) sec
[807] Ep10000: Max 543395 (286) steps (0.0001 hrs) 16.95:0.00 2921 (1) sec
[808] Ep10000: Max 543395 (2551) steps (0.0007 hrs) 0.00:0.00 2934 (13) sec
[809] Ep10000: Max 543395 (157) steps (0.0000 hrs) 27.03:0.00 2934 (0) sec
[810] Ep10000: Max 543395 (315) steps (0.0001 hrs) 8.77:8.77 2935 (1) sec
[811] Ep10000: Max 543395 (256) steps (0.0001 hrs) 23.81:0.00 2936 (1) sec
[812] Ep10000: Max 543395 (2156) steps (0.0006 hrs) 0.00:0.00 2948 (12) sec
[813] Ep10000: Max 543395 (297) steps (0.0001 hrs) 13.33:0.00 2948 (0) sec
[814] Ep10000: Max 543395 (317) steps (0.0001 hrs) 0.00:12.35 2949 (1) sec
[815] Ep10000: Max 543395 (4114) steps (0.0011 hrs) 0.00:0.00 2957 (8) sec
[816] Ep10000: Max 543395 (275) steps (0.0001 hrs) 14.49:0.00 2957 (0) sec
[817] Ep10000: Max 543395 (1555) steps (0.0004 hrs) 0.00:0.00 2959 (2) sec
[818] Ep10000: Max 543395 (141) steps (0.0000 hrs) 0.00:16.67 2959 (0) sec
[819] Ep10000: Max 543395 (282) steps (0.0001 hrs) 13.33:0.00 2960 (1) sec
[820] Ep10000: Max 543395 (8895) steps (0.0025 hrs) 0.00:0.00 2966 (6) sec
[821] Ep10000: Max 543395 (2470) steps (0.0007 hrs) 0.00:0.00 2977 (11) sec
[822] Ep10000: Max 543395 (1140) steps (0.0003 hrs) 83.33:0.00 2978 (1) sec
[823] Ep10000: Max 543395 (281) steps (0.0001 hrs) 0.00:17.54 2978 (0) sec
[824] Ep10000: Max 543395 (1080) steps (0.0003 hrs) 0.00:13.33 2979 (1) sec
[825] Ep10000: Max 543395 (269) steps (0.0001 hrs) 13.89:0.00 2980 (1) sec
[826] Ep10000: Max 543395 (141) steps (0.0000 hrs) 16.13:0.00 2980 (0) sec
[827] Ep10000: Max 543395 (2197) steps (0.0006 hrs) 0.00:0.00 2993 (13) sec
[828] Ep10000: Max 543395 (283) steps (0.0001 hrs) 13.16:0.00 2994 (1) sec
[829] Ep10000: Max 543395 (2278) steps (0.0006 hrs) 0.00:0.00 3007 (13) sec
[830] Ep10000: Max 543395 (141) steps (0.0000 hrs) 12.05:0.00 3008 (1) sec
[831] Ep10000: Max 543395 (995) steps (0.0003 hrs) 18.87:0.00 3008 (0) sec
[832] Ep10000: Max 543395 (2468) steps (0.0007 hrs) 0.00:0.00 3019 (11) sec
[833] Ep10000: Max 543395 (2052) steps (0.0006 hrs) 0.00:0.00 3032 (13) sec
[834] Ep10000: Max 543395 (159) steps (0.0000 hrs) 0.00:13.51 3033 (1) sec
[835] Ep10000: Max 543395 (935) steps (0.0003 hrs) 13.51:0.00 3034 (1) sec
[836] Ep10000: Max 543395 (278) steps (0.0001 hrs) 16.13:0.00 3034 (0) sec
[837] Ep10000: Max 543395 (422) steps (0.0001 hrs) 0.00:12.99 3035 (1) sec
[838] Ep10000: Max 543395 (142) steps (0.0000 hrs) 33.33:0.00 3035 (0) sec
[839] Ep10000: Max 543395 (2271) steps (0.0006 hrs) 0.00:0.00 3048 (13) sec
[840] Ep10000: Max 543395 (2173) steps (0.0006 hrs) 0.00:0.00 3060 (12) sec
[841] Ep10000: Max 543395 (684) steps (0.0002 hrs) 66.67:0.00 3061 (1) sec
[842] Ep10000: Max 543395 (2717) steps (0.0008 hrs) 0.00:0.00 3075 (14) sec
[843] Ep10000: Max 543395 (1735) steps (0.0005 hrs) 0.00:0.00 3076 (1) sec
[844] Ep10000: Max 543395 (2150) steps (0.0006 hrs) 0.00:0.00 3089 (13) sec
[845] Ep10000: Max 543395 (1831) steps (0.0005 hrs) 0.00:0.00 3102 (13) sec
[846] Ep10000: Max 543395 (299) steps (0.0001 hrs) 16.67:0.00 3102 (0) sec
[847] Ep10000: Max 543395 (341) steps (0.0001 hrs) 0.00:12.82 3103 (1) sec
[848] Ep10000: Max 543395 (253) steps (0.0001 hrs) 0.00:17.86 3103 (0) sec
[849] Ep10000: Max 543395 (2410) steps (0.0007 hrs) 0.00:0.00 3118 (15) sec
[850] Ep10000: Max 543395 (2065) steps (0.0006 hrs) 0.00:0.00 3119 (1) sec
[851] Ep10000: Max 543395 (2270) steps (0.0006 hrs) 0.00:0.00 3132 (13) sec
[852] Ep10000: Max 543395 (326) steps (0.0001 hrs) 10.10:0.00 3133 (1) sec
[853] Ep10000: Max 543395 (2144) steps (0.0006 hrs) 0.00:0.00 3146 (13) sec
[854] Ep10000: Max 543395 (464) steps (0.0001 hrs) 12.66:0.00 3147 (1) sec
[855] Ep10000: Max 543395 (2295) steps (0.0006 hrs) 142.86:0.00 3148 (1) sec
[856] Ep10000: Max 543395 (580) steps (0.0002 hrs) 0.00:43.48 3149 (1) sec
[857] Ep10000: Max 543395 (285) steps (0.0001 hrs) 17.54:0.00 3150 (1) sec
[858] Ep10000: Max 543395 (377) steps (0.0001 hrs) 0.00:34.48 3150 (0) sec
[859] Ep10000: Max 543395 (1020) steps (0.0003 hrs) 0.00:0.00 3151 (1) sec
[860] Ep10000: Max 543395 (260) steps (0.0001 hrs) 11.49:0.00 3151 (0) sec
[861] Ep10000: Max 543395 (2248) steps (0.0006 hrs) 0.00:0.00 3164 (13) sec
[862] Ep10000: Max 543395 (166) steps (0.0000 hrs) 0.00:15.87 3165 (1) sec
[863] Ep10000: Max 543395 (358) steps (0.0001 hrs) 24.39:0.00 3165 (0) sec
[864] Ep10000: Max 543395 (2304) steps (0.0006 hrs) 0.00:0.00 3176 (11) sec
[865] Ep10000: Max 543395 (372) steps (0.0001 hrs) 0.00:14.29 3176 (0) sec
[866] Ep10000: Max 543395 (289) steps (0.0001 hrs) 0.00:12.82 3177 (1) sec
[867] Ep10000: Max 543395 (1038) steps (0.0003 hrs) 0.00:10.64 3178 (1) sec
[868] Ep10000: Max 543395 (958) steps (0.0003 hrs) 31.25:0.00 3178 (0) sec
[869] Ep10000: Max 543395 (319) steps (0.0001 hrs) 10.00:0.00 3179 (1) sec
[870] Ep10000: Max 543395 (1473) steps (0.0004 hrs) 16.95:0.00 3180 (1) sec
[871] Ep10000: Max 543395 (261) steps (0.0001 hrs) 15.15:0.00 3181 (1) sec
[872] Ep10000: Max 543395 (1484) steps (0.0004 hrs) 0.00:0.00 3183 (2) sec
[873] Ep10000: Max 543395 (383) steps (0.0001 hrs) 0.00:16.95 3184 (1) sec
[874] Ep10000: Max 543395 (141) steps (0.0000 hrs) 9.90:0.00 3184 (0) sec
[875] Ep10000: Max 543395 (544) steps (0.0002 hrs) 0.00:0.00 3185 (1) sec
[876] Ep10000: Max 543395 (480) steps (0.0001 hrs) 10.00:0.00 3185 (0) sec
[877] Ep10000: Max 543395 (2808) steps (0.0008 hrs) 0.00:0.00 3198 (13) sec
[878] Ep10000: Max 543395 (1408) steps (0.0004 hrs) 0.00:0.00 3199 (1) sec
[879] Ep10000: Max 543395 (1572) steps (0.0004 hrs) 19.42:0.00 3202 (3) sec
[880] Ep10000: Max 543395 (2534) steps (0.0007 hrs) 0.00:0.00 3216 (14) sec
[881] Ep10000: Max 543395 (372) steps (0.0001 hrs) 0.00:43.48 3217 (1) sec
[882] Ep10000: Max 543395 (760) steps (0.0002 hrs) 15.38:0.00 3218 (1) sec
[883] Ep10000: Max 543395 (2724) steps (0.0008 hrs) 0.00:0.00 3230 (12) sec
[884] Ep10000: Max 543395 (473) steps (0.0001 hrs) 12.99:0.00 3231 (1) sec
[885] Ep10000: Max 543395 (274) steps (0.0001 hrs) 13.70:0.00 3231 (0) sec
[886] Ep10000: Max 543395 (278) steps (0.0001 hrs) 11.11:0.00 3232 (1) sec
[887] Ep10000: Max 543395 (303) steps (0.0001 hrs) 8.47:8.47 3232 (0) sec
[888] Ep10000: Max 543395 (911) steps (0.0003 hrs) 0.00:12.50 3234 (2) sec
[889] Ep10000: Max 543395 (271) steps (0.0001 hrs) 0.00:1000.00 3235 (1) sec
[890] Ep10000: Max 543395 (1974) steps (0.0005 hrs) 0.00:0.00 3248 (13) sec
[891] Ep10000: Max 543395 (280) steps (0.0001 hrs) 10.64:0.00 3248 (0) sec
[892] Ep10000: Max 543395 (2201) steps (0.0006 hrs) 0.00:0.00 3261 (13) sec
[893] Ep10000: Max 543395 (266) steps (0.0001 hrs) 0.00:30.30 3261 (0) sec
[894] Ep10000: Max 543395 (1032) steps (0.0003 hrs) 19.05:0.00 3263 (2) sec
[895] Ep10000: Max 543395 (968) steps (0.0003 hrs) 0.00:6.76 3264 (1) sec
[896] Ep10000: Max 543395 (1933) steps (0.0005 hrs) 0.00:0.00 3274 (10) sec
[897] Ep10000: Max 543395 (3585) steps (0.0010 hrs) 0.00:0.00 3287 (13) sec
[898] Ep10000: Max 543395 (2701) steps (0.0008 hrs) 0.00:0.00 3300 (13) sec
[899] Ep10000: Max 543395 (2645) steps (0.0007 hrs) 0.00:18.18 3301 (1) sec
[900] Ep10000: Max 543395 (964) steps (0.0003 hrs) 15.27:0.00 3302 (1) sec
[901] Ep10000: Max 543395 (3489) steps (0.0010 hrs) 0.00:0.00 3314 (12) sec
[902] Ep10000: Max 543395 (2494) steps (0.0007 hrs) 0.00:0.00 3327 (13) sec
[903] Ep10000: Max 543395 (261) steps (0.0001 hrs) 9.90:0.00 3328 (1) sec
[904] Ep10000: Max 543395 (274) steps (0.0001 hrs) 13.16:0.00 3328 (0) sec
[905] Ep10000: Max 543395 (1867) steps (0.0005 hrs) 0.00:0.00 3343 (15) sec
[906] Ep10000: Max 543395 (568) steps (0.0002 hrs) 30.30:0.00 3343 (0) sec
[907] Ep10000: Max 543395 (192) steps (0.0001 hrs) 0.00:17.24 3344 (1) sec
[908] Ep10000: Max 543395 (708) steps (0.0002 hrs) 18.52:0.00 3345 (1) sec
[909] Ep10000: Max 543395 (633) steps (0.0002 hrs) 10.10:0.00 3346 (1) sec
[910] Ep10000: Max 543395 (141) steps (0.0000 hrs) 15.15:0.00 3347 (1) sec
[911] Ep10000: Max 543395 (311) steps (0.0001 hrs) 0.00:12.05 3347 (0) sec
[912] Ep10000: Max 543395 (271) steps (0.0001 hrs) 10.00:0.00 3348 (1) sec
[913] Ep10000: Max 543395 (284) steps (0.0001 hrs) 0.00:16.39 3348 (0) sec
[914] Ep10000: Max 543395 (181) steps (0.0001 hrs) 0.00:12.05 3349 (1) sec
[915] Ep10000: Max 543395 (300) steps (0.0001 hrs) 26.32:0.00 3350 (1) sec
[916] Ep10000: Max 543395 (263) steps (0.0001 hrs) 19.23:0.00 3350 (0) sec
[917] Ep10000: Max 543395 (192) steps (0.0001 hrs) 13.33:0.00 3351 (1) sec
[918] Ep10000: Max 543395 (1889) steps (0.0005 hrs) 0.00:0.00 3362 (11) sec
[919] Ep10000: Max 543395 (2326) steps (0.0006 hrs) 0.00:0.00 3370 (8) sec
[920] Ep10000: Max 543395 (736) steps (0.0002 hrs) 0.00:17.24 3371 (1) sec
[921] Ep10000: Max 543395 (273) steps (0.0001 hrs) 15.87:0.00 3372 (1) sec
[922] Ep10000: Max 543395 (761) steps (0.0002 hrs) 0.00:17.70 3372 (0) sec
[923] Ep10000: Max 543395 (295) steps (0.0001 hrs) 10.53:0.00 3373 (1) sec
[924] Ep10000: Max 543395 (356) steps (0.0001 hrs) 125.00:0.00 3373 (0) sec
[925] Ep10000: Max 543395 (2420) steps (0.0007 hrs) 0.00:0.00 3386 (13) sec
[926] Ep10000: Max 543395 (288) steps (0.0001 hrs) 9.43:9.43 3387 (1) sec
[927] Ep10000: Max 543395 (141) steps (0.0000 hrs) 16.67:0.00 3388 (1) sec
[928] Ep10000: Max 543395 (382) steps (0.0001 hrs) 0.00:34.48 3388 (0) sec
[929] Ep10000: Max 543395 (2462) steps (0.0007 hrs) 0.00:0.00 3402 (14) sec
[930] Ep10000: Max 543395 (1994) steps (0.0006 hrs) 0.00:0.00 3407 (5) sec
[931] Ep10000: Max 543395 (1735) steps (0.0005 hrs) 14.71:0.00 3409 (2) sec
[932] Ep10000: Max 543395 (314) steps (0.0001 hrs) 13.70:0.00 3410 (1) sec
[933] Ep10000: Max 543395 (322) steps (0.0001 hrs) 15.87:0.00 3410 (0) sec
[934] Ep10000: Max 543395 (309) steps (0.0001 hrs) 15.38:0.00 3410 (0) sec
[935] Ep10000: Max 543395 (165) steps (0.0000 hrs) 0.00:9.90 3411 (1) sec
[936] Ep10000: Max 543395 (1469) steps (0.0004 hrs) 12.82:0.00 3413 (2) sec
[937] Ep10000: Max 543395 (315) steps (0.0001 hrs) 0.00:22.73 3413 (0) sec
[938] Ep10000: Max 543395 (1399) steps (0.0004 hrs) 0.00:0.00 3414 (1) sec
[939] Ep10000: Max 543395 (879) steps (0.0002 hrs) 0.00:12.99 3415 (1) sec
[940] Ep10000: Max 543395 (141) steps (0.0000 hrs) 12.50:0.00 3416 (1) sec
[941] Ep10000: Max 543395 (311) steps (0.0001 hrs) 8.40:8.40 3416 (0) sec
[942] Ep10000: Max 543395 (264) steps (0.0001 hrs) 10.99:0.00 3417 (1) sec
[943] Ep10000: Max 543395 (308) steps (0.0001 hrs) 0.00:25.00 3418 (1) sec
[944] Ep10000: Max 543395 (141) steps (0.0000 hrs) 18.18:0.00 3418 (0) sec
[945] Ep10000: Max 543395 (2362) steps (0.0007 hrs) 0.00:0.00 3432 (14) sec
[946] Ep10000: Max 543395 (156) steps (0.0000 hrs) 0.00:10.42 3433 (1) sec
[947] Ep10000: Max 543395 (2774) steps (0.0008 hrs) 0.00:0.00 3445 (12) sec
[948] Ep10000: Max 543395 (265) steps (0.0001 hrs) 16.95:0.00 3446 (1) sec
[949] Ep10000: Max 543395 (158) steps (0.0000 hrs) 9.90:0.00 3446 (0) sec
[950] Ep10000: Max 543395 (304) steps (0.0001 hrs) 1000.00:0.00 3447 (1) sec
[951] Ep10000: Max 543395 (572) steps (0.0002 hrs) 0.00:16.67 3447 (0) sec
[952] Ep10000: Max 543395 (2614) steps (0.0007 hrs) 0.00:0.00 3461 (14) sec
[953] Ep10000: Max 543395 (2387) steps (0.0007 hrs) 0.00:0.00 3471 (10) sec
[954] Ep10000: Max 543395 (543) steps (0.0002 hrs) 15.38:0.00 3472 (1) sec
[955] Ep10000: Max 543395 (4916) steps (0.0014 hrs) 0.00:0.00 3479 (7) sec
[956] Ep10000: Max 543395 (281) steps (0.0001 hrs) 13.33:0.00 3480 (1) sec
[957] Ep10000: Max 543395 (148) steps (0.0000 hrs) 19.61:0.00 3480 (0) sec
[958] Ep10000: Max 543395 (283) steps (0.0001 hrs) 0.00:16.95 3481 (1) sec
[959] Ep10000: Max 543395 (289) steps (0.0001 hrs) 14.71:0.00 3481 (0) sec
[960] Ep10000: Max 543395 (284) steps (0.0001 hrs) 29.41:0.00 3482 (1) sec
[961] Ep10000: Max 543395 (2142) steps (0.0006 hrs) 0.00:0.00 3493 (11) sec
[962] Ep10000: Max 543395 (295) steps (0.0001 hrs) 14.29:0.00 3493 (0) sec
[963] Ep10000: Max 543395 (141) steps (0.0000 hrs) 13.16:0.00 3494 (1) sec
[964] Ep10000: Max 543395 (141) steps (0.0000 hrs) 23.26:0.00 3494 (0) sec
[965] Ep10000: Max 543395 (256) steps (0.0001 hrs) 19.23:0.00 3495 (1) sec
[966] Ep10000: Max 543395 (2388) steps (0.0007 hrs) 0.00:0.00 3508 (13) sec
[967] Ep10000: Max 543395 (141) steps (0.0000 hrs) 15.62:0.00 3509 (1) sec
[968] Ep10000: Max 543395 (258) steps (0.0001 hrs) 0.00:19.61 3510 (1) sec
[969] Ep10000: Max 543395 (142) steps (0.0000 hrs) 12.99:0.00 3510 (0) sec
[970] Ep10000: Max 543395 (247) steps (0.0001 hrs) 0.00:26.32 3510 (0) sec
[971] Ep10000: Max 543395 (2732) steps (0.0008 hrs) 0.00:0.00 3523 (13) sec
[972] Ep10000: Max 543395 (2031) steps (0.0006 hrs) 0.00:0.00 3537 (14) sec
[973] Ep10000: Max 543395 (2552) steps (0.0007 hrs) 0.00:0.00 3550 (13) sec
[974] Ep10000: Max 543395 (624) steps (0.0002 hrs) 27.03:0.00 3550 (0) sec
[975] Ep10000: Max 543395 (270) steps (0.0001 hrs) 0.00:25.00 3551 (1) sec
[976] Ep10000: Max 543395 (2549) steps (0.0007 hrs) 0.00:0.00 3564 (13) sec
[977] Ep10000: Max 543395 (2297) steps (0.0006 hrs) 0.00:0.00 3577 (13) sec
[978] Ep10000: Max 543395 (2226) steps (0.0006 hrs) 0.00:0.00 3588 (11) sec
[979] Ep10000: Max 543395 (319) steps (0.0001 hrs) 0.00:21.74 3589 (1) sec
[980] Ep10000: Max 543395 (141) steps (0.0000 hrs) 10.99:0.00 3590 (1) sec
[981] Ep10000: Max 543395 (282) steps (0.0001 hrs) 14.71:0.00 3590 (0) sec
[982] Ep10000: Max 543395 (1289) steps (0.0004 hrs) 0.00:14.29 3591 (1) sec
[983] Ep10000: Max 543395 (285) steps (0.0001 hrs) 11.36:0.00 3592 (1) sec
[984] Ep10000: Max 543395 (159) steps (0.0000 hrs) 45.45:0.00 3592 (0) sec
[985] Ep10000: Max 543395 (306) steps (0.0001 hrs) 8.85:0.00 3593 (1) sec
[986] Ep10000: Max 543395 (1894) steps (0.0005 hrs) 0.00:0.00 3604 (11) sec
[987] Ep10000: Max 543395 (141) steps (0.0000 hrs) 13.16:0.00 3604 (0) sec
[988] Ep10000: Max 543395 (270) steps (0.0001 hrs) 22.73:0.00 3605 (1) sec
[989] Ep10000: Max 543395 (369) steps (0.0001 hrs) 62.50:0.00 3605 (0) sec
[990] Ep10000: Max 543395 (342) steps (0.0001 hrs) 0.00:9.26 3606 (1) sec
[991] Ep10000: Max 543395 (265) steps (0.0001 hrs) 16.95:0.00 3606 (0) sec
[992] Ep10000: Max 543395 (2563) steps (0.0007 hrs) 0.00:0.00 3622 (16) sec
[993] Ep10000: Max 543395 (454) steps (0.0001 hrs) 40.00:0.00 3622 (0) sec
[994] Ep10000: Max 543395 (1027) steps (0.0003 hrs) 18.52:0.00 3623 (1) sec
[995] Ep10000: Max 543395 (1176) steps (0.0003 hrs) 11.76:0.00 3624 (1) sec
[996] Ep10000: Max 543395 (775) steps (0.0002 hrs) 17.86:0.00 3625 (1) sec
[997] Ep10000: Max 543395 (2420) steps (0.0007 hrs) 0.00:0.00 3633 (8) sec
[998] Ep10000: Max 543395 (300) steps (0.0001 hrs) 0.00:47.62 3634 (1) sec
[999] Ep10000: Max 543395 (2175) steps (0.0006 hrs) 0.00:0.00 3647 (13) sec
[1000] Ep10000: Max 543395 (315) steps (0.0001 hrs) 25.00:0.00 3648 (1) sec
Total Elapsed time: 3648 seconds
Wrote current data to latest.train
