balanced 0 test_flag 0
[1] Ep10000: Max 3128 (3128) steps (0.0009 hrs) 0.00:0.00 12 (12) sec
[2] Ep10000: Max 3128 (288) steps (0.0001 hrs) 16.39:0.00 13 (1) sec
[3] Ep10000: Max 3128 (2226) steps (0.0006 hrs) 0.00:0.00 22 (9) sec
[4] Ep10000: Max 3128 (1272) steps (0.0004 hrs) 0.00:0.00 23 (1) sec
[5] Ep10000: Max 3128 (2138) steps (0.0006 hrs) 0.00:0.00 36 (13) sec
[6] Ep10000: Max 3128 (2175) steps (0.0006 hrs) 0.00:0.00 48 (12) sec
[7] Ep10000: Max 3128 (1936) steps (0.0005 hrs) 0.00:0.00 61 (13) sec
[8] Ep10000: Max 3128 (312) steps (0.0001 hrs) 14.49:0.00 62 (1) sec
[9] Ep10000: Max 3128 (300) steps (0.0001 hrs) 12.82:0.00 62 (0) sec
[10] Ep10000: Max 3128 (2011) steps (0.0006 hrs) 0.00:0.00 71 (9) sec
[11] Ep10000: Max 3128 (2280) steps (0.0006 hrs) 0.00:0.00 85 (14) sec
[12] Ep10000: Max 3128 (272) steps (0.0001 hrs) 23.26:0.00 85 (0) sec
[13] Ep10000: Max 3128 (2261) steps (0.0006 hrs) 0.00:0.00 97 (12) sec
[14] Ep10000: Max 3128 (150) steps (0.0000 hrs) 22.22:0.00 98 (1) sec
[15] Ep10000: Max 3128 (2341) steps (0.0007 hrs) 0.00:0.00 108 (10) sec
[16] Ep10000: Max 3128 (1151) steps (0.0003 hrs) 0.00:0.00 108 (0) sec
[17] Ep10000: Max 3128 (319) steps (0.0001 hrs) 14.08:0.00 109 (1) sec
[18] Ep10000: Max 3128 (1163) steps (0.0003 hrs) 0.00:0.00 110 (1) sec
[19] Ep10000: Max 3128 (2395) steps (0.0007 hrs) 0.00:0.00 122 (12) sec
[20] Ep10000: Max 3128 (833) steps (0.0002 hrs) 10.42:0.00 122 (0) sec
[21] Ep10000: Max 3128 (695) steps (0.0002 hrs) 23.81:0.00 123 (1) sec
[22] Ep10000: Max 3128 (508) steps (0.0001 hrs) 7.94:7.94 124 (1) sec
[23] Ep10000: Max 3128 (1916) steps (0.0005 hrs) 0.00:0.00 134 (10) sec
[24] Ep10000: Max 3128 (2351) steps (0.0007 hrs) 0.00:0.00 136 (2) sec
[25] Ep10000: Max 3128 (520) steps (0.0001 hrs) 0.00:125.00 136 (0) sec
[26] Ep10000: Max 3128 (300) steps (0.0001 hrs) 13.33:0.00 137 (1) sec
[27] Ep10000: Max 3128 (149) steps (0.0000 hrs) 19.23:0.00 137 (0) sec
[28] Ep10000: Max 3128 (282) steps (0.0001 hrs) 10.10:0.00 138 (1) sec
[29] Ep10000: Max 3128 (1846) steps (0.0005 hrs) 0.00:0.00 139 (1) sec
[30] Ep10000: Max 3128 (490) steps (0.0001 hrs) 17.86:0.00 140 (1) sec
[31] Ep10000: Max 3128 (2447) steps (0.0007 hrs) 0.00:7.63 147 (7) sec
[32] Ep10000: Max 3128 (1790) steps (0.0005 hrs) 17.86:0.00 151 (4) sec
[33] Ep10000: Max 3128 (822) steps (0.0002 hrs) 11.49:0.00 152 (1) sec
[34] Ep10000: Max 3128 (1992) steps (0.0006 hrs) 0.00:0.00 162 (10) sec
[35] Ep10000: Max 3128 (248) steps (0.0001 hrs) 0.00:10.42 162 (0) sec
[36] Ep10000: Max 3128 (2514) steps (0.0007 hrs) 0.00:0.00 175 (13) sec
[37] Ep10000: Max 3128 (2111) steps (0.0006 hrs) 0.00:0.00 181 (6) sec
[38] Ep10000: Max 3128 (1981) steps (0.0006 hrs) 0.00:0.00 193 (12) sec
[39] Ep10000: Max 3128 (683) steps (0.0002 hrs) 15.62:0.00 194 (1) sec
[40] Ep10000: Max 3128 (296) steps (0.0001 hrs) 10.31:0.00 194 (0) sec
[41] Ep10000: Max 3128 (2167) steps (0.0006 hrs) 0.00:0.00 207 (13) sec
[42] Ep10000: Max 3128 (2292) steps (0.0006 hrs) 0.00:0.00 217 (10) sec
[43] Ep10000: Max 3128 (2313) steps (0.0006 hrs) 0.00:0.00 229 (12) sec
[44] Ep10000: Max 3128 (2089) steps (0.0006 hrs) 4.81:4.81 241 (12) sec
[45] Ep10000: Max 3128 (178) steps (0.0000 hrs) 0.00:37.04 242 (1) sec
[46] Ep10000: Max 3128 (324) steps (0.0001 hrs) 23.81:0.00 242 (0) sec
[47] Ep10000: Max 3128 (1296) steps (0.0004 hrs) 0.00:0.00 243 (1) sec
[48] Ep10000: Max 3128 (2054) steps (0.0006 hrs) 0.00:0.00 255 (12) sec
[49] Ep10000: Max 3128 (1216) steps (0.0003 hrs) 0.00:0.00 256 (1) sec
[50] Ep10000: Max 3128 (1466) steps (0.0004 hrs) 10.31:0.00 257 (1) sec
[51] Ep10000: Max 3128 (283) steps (0.0001 hrs) 14.71:0.00 258 (1) sec
[52] Ep10000: Max 3128 (279) steps (0.0001 hrs) 14.71:0.00 258 (0) sec
[53] Ep10000: Max 3128 (2331) steps (0.0006 hrs) 0.00:0.00 270 (12) sec
[54] Ep10000: Max 3128 (267) steps (0.0001 hrs) 12.20:0.00 270 (0) sec
[55] Ep10000: Max 3128 (290) steps (0.0001 hrs) 20.83:0.00 271 (1) sec
[56] Ep10000: Max 3128 (2041) steps (0.0006 hrs) 0.00:0.00 283 (12) sec
[57] Ep10000: Max 3128 (2368) steps (0.0007 hrs) 0.00:0.00 297 (14) sec
[58] Ep10000: Max 3128 (149) steps (0.0000 hrs) 0.00:18.87 298 (1) sec
[59] Ep10000: Max 3128 (150) steps (0.0000 hrs) 31.25:0.00 298 (0) sec
[60] Ep10000: Max 3128 (2136) steps (0.0006 hrs) 0.00:0.00 300 (2) sec
[61] Ep10000: Max 3128 (176) steps (0.0000 hrs) 0.00:8.40 300 (0) sec
[62] Ep10000: Max 3128 (1995) steps (0.0006 hrs) 0.00:0.00 302 (2) sec
[63] Ep10000: Max 3128 (1788) steps (0.0005 hrs) 0.00:0.00 303 (1) sec
[64] Ep10000: Max 3128 (1792) steps (0.0005 hrs) 0.00:0.95 316 (13) sec
[65] Ep10000: Max 3128 (2150) steps (0.0006 hrs) 0.00:0.00 327 (11) sec
[66] Ep10000: Max 3128 (2145) steps (0.0006 hrs) 0.00:0.00 339 (12) sec
[67] Ep10000: Max 3128 (150) steps (0.0000 hrs) 20.00:0.00 339 (0) sec
[68] Ep10000: Max 3128 (2079) steps (0.0006 hrs) 0.00:0.00 343 (4) sec
[69] Ep10000: Max 3128 (511) steps (0.0001 hrs) 12.99:0.00 344 (1) sec
[70] Ep10000: Max 3128 (156) steps (0.0000 hrs) 17.39:0.00 344 (0) sec
[71] Ep10000: Max 3128 (2062) steps (0.0006 hrs) 0.00:0.00 353 (9) sec
[72] Ep10000: Max 3128 (2068) steps (0.0006 hrs) 0.00:0.00 358 (5) sec
[73] Ep10000: Max 3128 (2103) steps (0.0006 hrs) 0.00:0.00 370 (12) sec
[74] Ep10000: Max 3128 (472) steps (0.0001 hrs) 12.99:0.00 371 (1) sec
[75] Ep10000: Max 3128 (2130) steps (0.0006 hrs) 0.00:0.00 379 (8) sec
[76] Ep10000: Max 3128 (296) steps (0.0001 hrs) 13.89:0.00 380 (1) sec
[77] Ep10000: Max 3128 (2814) steps (0.0008 hrs) 11.49:0.00 381 (1) sec
[78] Ep10000: Max 3128 (514) steps (0.0001 hrs) 0.00:10.75 382 (1) sec
[79] Ep10000: Max 3128 (2101) steps (0.0006 hrs) 0.00:0.00 395 (13) sec
[80] Ep10000: Max 3128 (2499) steps (0.0007 hrs) 0.00:0.00 406 (11) sec
[81] Ep10000: Max 3128 (2355) steps (0.0007 hrs) 0.00:0.00 419 (13) sec
[82] Ep10000: Max 3128 (2116) steps (0.0006 hrs) 0.00:0.00 434 (15) sec
[83] Ep10000: Max 3128 (2757) steps (0.0008 hrs) 0.00:0.00 449 (15) sec
[84] Ep10000: Max 3128 (2488) steps (0.0007 hrs) 0.00:0.00 462 (13) sec
[85] Ep10000: Max 3128 (2169) steps (0.0006 hrs) 0.00:0.00 475 (13) sec
[86] Ep10000: Max 3128 (296) steps (0.0001 hrs) 13.16:0.00 476 (1) sec
[87] Ep10000: Max 3128 (252) steps (0.0001 hrs) 12.82:0.00 476 (0) sec
[88] Ep10000: Max 3128 (1365) steps (0.0004 hrs) 0.00:0.00 477 (1) sec
[89] Ep10000: Max 3128 (2006) steps (0.0006 hrs) 0.00:0.00 483 (6) sec
[90] Ep10000: Max 3128 (529) steps (0.0001 hrs) 0.00:47.62 484 (1) sec
[91] Ep10000: Max 3128 (2082) steps (0.0006 hrs) 0.00:0.00 486 (2) sec
[92] Ep10000: Max 3128 (2239) steps (0.0006 hrs) 0.00:0.00 497 (11) sec
[93] Ep10000: Max 3128 (958) steps (0.0003 hrs) 10.99:0.00 498 (1) sec
[94] Ep10000: Max 3128 (1770) steps (0.0005 hrs) 0.00:0.00 499 (1) sec
[95] Ep10000: Max 3128 (253) steps (0.0001 hrs) 12.99:0.00 500 (1) sec
[96] Ep10000: Max 3128 (2068) steps (0.0006 hrs) 0.00:0.00 513 (13) sec
[97] Ep10000: Max 3128 (2086) steps (0.0006 hrs) 0.00:0.00 525 (12) sec
[98] Ep10000: Max 3128 (273) steps (0.0001 hrs) 11.24:0.00 525 (0) sec
[99] Ep10000: Max 3128 (151) steps (0.0000 hrs) 16.26:0.00 526 (1) sec
[100] Ep10000: Max 3128 (1543) steps (0.0004 hrs) 0.00:15.87 528 (2) sec
[101] Ep10000: Max 3128 (269) steps (0.0001 hrs) 15.87:0.00 528 (0) sec
[102] Ep10000: Max 3128 (271) steps (0.0001 hrs) 13.89:0.00 529 (1) sec
[103] Ep10000: Max 3128 (2030) steps (0.0006 hrs) 0.00:0.00 541 (12) sec
[104] Ep10000: Max 3128 (2052) steps (0.0006 hrs) 0.00:0.00 554 (13) sec
[105] Ep10000: Max 3128 (2046) steps (0.0006 hrs) 0.00:0.00 562 (8) sec
[106] Ep10000: Max 3128 (219) steps (0.0001 hrs) 0.00:13.51 563 (1) sec
[107] Ep10000: Max 3128 (498) steps (0.0001 hrs) 9.71:9.71 563 (0) sec
[108] Ep10000: Max 3128 (282) steps (0.0001 hrs) 16.67:0.00 564 (1) sec
[109] Ep10000: Max 3128 (150) steps (0.0000 hrs) 18.52:0.00 564 (0) sec
[110] Ep10000: Max 3128 (1075) steps (0.0003 hrs) 0.00:0.00 565 (1) sec
[111] Ep10000: Max 3128 (1816) steps (0.0005 hrs) 0.00:0.00 567 (2) sec
[112] Ep10000: Max 3128 (558) steps (0.0002 hrs) 20.83:0.00 567 (0) sec
[113] Ep10000: Max 3128 (1819) steps (0.0005 hrs) 0.00:0.00 580 (13) sec
[114] Ep10000: Max 3128 (2103) steps (0.0006 hrs) 0.00:0.00 593 (13) sec
[115] Ep10000: Max 3128 (1858) steps (0.0005 hrs) 0.00:0.00 605 (12) sec
[116] Ep10000: Max 3128 (1990) steps (0.0006 hrs) 0.00:0.00 615 (10) sec
[117] Ep10000: Max 3128 (1794) steps (0.0005 hrs) 0.00:0.00 627 (12) sec
[118] Ep10000: Max 3128 (462) steps (0.0001 hrs) 19.05:0.00 627 (0) sec
[119] Ep10000: Max 3128 (521) steps (0.0001 hrs) 0.00:50.00 628 (1) sec
[120] Ep10000: Max 3128 (264) steps (0.0001 hrs) 0.00:9.09 628 (0) sec
[121] Ep10000: Max 3128 (2800) steps (0.0008 hrs) 0.00:0.00 641 (13) sec
[122] Ep10000: Max 3128 (2184) steps (0.0006 hrs) 0.00:0.00 652 (11) sec
[123] Ep10000: Max 3128 (283) steps (0.0001 hrs) 11.76:0.00 653 (1) sec
[124] Ep10000: Max 3128 (2469) steps (0.0007 hrs) 0.00:0.00 665 (12) sec
[125] Ep10000: Max 3128 (544) steps (0.0002 hrs) 15.62:0.00 665 (0) sec
[126] Ep10000: Max 3128 (287) steps (0.0001 hrs) 0.00:18.18 666 (1) sec
[127] Ep10000: Max 3128 (2062) steps (0.0006 hrs) 0.00:0.00 676 (10) sec
[128] Ep10000: Max 3128 (2537) steps (0.0007 hrs) 0.00:0.00 689 (13) sec
[129] Ep10000: Max 3128 (302) steps (0.0001 hrs) 0.00:10.99 689 (0) sec
[130] Ep10000: Max 3128 (688) steps (0.0002 hrs) 6.87:3.44 690 (1) sec
[131] Ep10000: Max 3128 (273) steps (0.0001 hrs) 14.49:0.00 690 (0) sec
[132] Ep10000: Max 3128 (611) steps (0.0002 hrs) 11.11:0.00 691 (1) sec
[133] Ep10000: Max 3128 (1583) steps (0.0004 hrs) 18.87:0.00 691 (0) sec
[134] Ep10000: Max 3128 (304) steps (0.0001 hrs) 15.87:0.00 692 (1) sec
[135] Ep10000: Max 3128 (1334) steps (0.0004 hrs) 0.00:0.00 693 (1) sec
[136] Ep10000: Max 3128 (324) steps (0.0001 hrs) 10.31:0.00 693 (0) sec
[137] Ep10000: Max 3128 (268) steps (0.0001 hrs) 16.95:0.00 694 (1) sec
[138] Ep10000: Max 3128 (258) steps (0.0001 hrs) 19.23:0.00 694 (0) sec
[139] Ep10000: Max 3128 (1731) steps (0.0005 hrs) 13.89:0.00 696 (2) sec
[140] Ep10000: Max 3128 (1337) steps (0.0004 hrs) 14.93:0.00 696 (0) sec
[141] Ep10000: Max 3128 (1556) steps (0.0004 hrs) 0.00:0.00 697 (1) sec
[142] Ep10000: Max 3128 (1924) steps (0.0005 hrs) 0.00:0.00 708 (11) sec
[143] Ep10000: Max 3128 (279) steps (0.0001 hrs) 47.62:0.00 709 (1) sec
[144] Ep10000: Max 3128 (848) steps (0.0002 hrs) 0.00:0.00 710 (1) sec
[145] Ep10000: Max 3128 (906) steps (0.0003 hrs) 0.00:0.00 710 (0) sec
[146] Ep10000: Max 3128 (149) steps (0.0000 hrs) 11.90:0.00 711 (1) sec
[147] Ep10000: Max 3128 (301) steps (0.0001 hrs) 28.57:0.00 711 (0) sec
[148] Ep10000: Max 3128 (322) steps (0.0001 hrs) 0.00:11.36 712 (1) sec
[149] Ep10000: Max 3237 (3237) steps (0.0009 hrs) 13.33:0.00 722 (10) sec
[150] Ep10000: Max 3237 (2116) steps (0.0006 hrs) 0.00:0.00 735 (13) sec
[151] Ep10000: Max 3237 (691) steps (0.0002 hrs) 6.27:6.27 736 (1) sec
[152] Ep10000: Max 3237 (544) steps (0.0002 hrs) 16.95:0.00 736 (0) sec
[153] Ep10000: Max 3237 (1945) steps (0.0005 hrs) 0.00:0.00 738 (2) sec
[154] Ep10000: Max 3237 (1978) steps (0.0005 hrs) 0.00:0.00 740 (2) sec
[155] Ep10000: Max 3237 (316) steps (0.0001 hrs) 11.11:0.00 741 (1) sec
[156] Ep10000: Max 3237 (2936) steps (0.0008 hrs) 0.00:0.00 754 (13) sec
[157] Ep10000: Max 3237 (287) steps (0.0001 hrs) 12.35:0.00 754 (0) sec
[158] Ep10000: Max 3237 (1955) steps (0.0005 hrs) 0.00:0.00 761 (7) sec
[159] Ep10000: Max 3237 (179) steps (0.0000 hrs) 16.67:0.00 761 (0) sec
[160] Ep10000: Max 3237 (1514) steps (0.0004 hrs) 0.00:0.00 763 (2) sec
[161] Ep10000: Max 3237 (2317) steps (0.0006 hrs) 15.87:0.00 769 (6) sec
[162] Ep10000: Max 3237 (283) steps (0.0001 hrs) 14.93:0.00 769 (0) sec
[163] Ep10000: Max 3237 (1011) steps (0.0003 hrs) 0.00:0.00 770 (1) sec
[164] Ep10000: Max 3237 (2279) steps (0.0006 hrs) 0.00:0.00 782 (12) sec
[165] Ep10000: Max 3237 (513) steps (0.0001 hrs) 6.37:6.37 783 (1) sec
[166] Ep10000: Max 3237 (1058) steps (0.0003 hrs) 0.00:34.48 784 (1) sec
[167] Ep10000: Max 3237 (1454) steps (0.0004 hrs) 62.50:0.00 785 (1) sec
[168] Ep10000: Max 3237 (518) steps (0.0001 hrs) 10.00:0.00 785 (0) sec
[169] Ep10000: Max 3237 (2250) steps (0.0006 hrs) 0.00:0.00 799 (14) sec
[170] Ep10000: Max 3237 (268) steps (0.0001 hrs) 0.00:45.45 799 (0) sec
[171] Ep10000: Max 3237 (1794) steps (0.0005 hrs) 0.00:0.00 800 (1) sec
[172] Ep10000: Max 3237 (2959) steps (0.0008 hrs) 0.00:0.00 812 (12) sec
[173] Ep10000: Max 3237 (2377) steps (0.0007 hrs) 0.00:0.00 824 (12) sec
[174] Ep10000: Max 3237 (261) steps (0.0001 hrs) 14.49:0.00 824 (0) sec
[175] Ep10000: Max 3237 (307) steps (0.0001 hrs) 11.36:0.00 825 (1) sec
[176] Ep10000: Max 3237 (150) steps (0.0000 hrs) 10.20:0.00 825 (0) sec
[177] Ep10000: Max 3237 (1343) steps (0.0004 hrs) 0.00:0.00 826 (1) sec
[178] Ep10000: Max 3237 (2236) steps (0.0006 hrs) 0.00:0.00 838 (12) sec
[179] Ep10000: Max 3237 (543) steps (0.0002 hrs) 15.50:0.00 839 (1) sec
[180] Ep10000: Max 3237 (178) steps (0.0000 hrs) 0.00:18.52 839 (0) sec
[181] Ep10000: Max 3237 (1712) steps (0.0005 hrs) 0.00:0.00 840 (1) sec
[182] Ep10000: Max 3237 (252) steps (0.0001 hrs) 20.41:0.00 841 (1) sec
[183] Ep10000: Max 3237 (2088) steps (0.0006 hrs) 0.00:0.00 854 (13) sec
[184] Ep10000: Max 3237 (519) steps (0.0001 hrs) 11.49:0.00 854 (0) sec
[185] Ep10000: Max 3237 (1213) steps (0.0003 hrs) 16.67:0.00 856 (2) sec
[186] Ep10000: Max 3237 (310) steps (0.0001 hrs) 17.39:0.00 856 (0) sec
[187] Ep10000: Max 3237 (1839) steps (0.0005 hrs) 0.00:0.00 858 (2) sec
[188] Ep10000: Max 3237 (276) steps (0.0001 hrs) 12.66:0.00 859 (1) sec
[189] Ep10000: Max 3237 (1910) steps (0.0005 hrs) 0.00:0.00 871 (12) sec
[190] Ep10000: Max 3237 (284) steps (0.0001 hrs) 0.00:13.70 872 (1) sec
[191] Ep10000: Max 3237 (529) steps (0.0001 hrs) 1000.00:0.00 872 (0) sec
[192] Ep10000: Max 3237 (528) steps (0.0001 hrs) 10.10:0.00 873 (1) sec
[193] Ep10000: Max 3237 (2482) steps (0.0007 hrs) 0.00:0.00 885 (12) sec
[194] Ep10000: Max 3237 (185) steps (0.0001 hrs) 10.99:0.00 885 (0) sec
[195] Ep10000: Max 3237 (290) steps (0.0001 hrs) 14.08:0.00 885 (0) sec
[196] Ep10000: Max 3237 (2221) steps (0.0006 hrs) 0.00:0.00 897 (12) sec
[197] Ep10000: Max 3237 (286) steps (0.0001 hrs) 18.02:0.00 898 (1) sec
[198] Ep10000: Max 3237 (495) steps (0.0001 hrs) 10.31:0.00 898 (0) sec
[199] Ep10000: Max 3237 (2011) steps (0.0006 hrs) 0.00:0.00 909 (11) sec
[200] Ep10000: Max 3237 (304) steps (0.0001 hrs) 0.00:23.26 909 (0) sec
[201] Ep10000: Max 3237 (2640) steps (0.0007 hrs) 0.00:0.00 921 (12) sec
[202] Ep10000: Max 3237 (311) steps (0.0001 hrs) 14.60:0.00 922 (1) sec
[203] Ep10000: Max 3237 (1471) steps (0.0004 hrs) 15.04:0.00 922 (0) sec
[204] Ep10000: Max 3237 (274) steps (0.0001 hrs) 15.87:0.00 923 (1) sec
[205] Ep10000: Max 3237 (276) steps (0.0001 hrs) 12.35:0.00 923 (0) sec
[206] Ep10000: Max 3237 (273) steps (0.0001 hrs) 13.89:0.00 924 (1) sec
[207] Ep10000: Max 3237 (2314) steps (0.0006 hrs) 0.00:18.18 926 (2) sec
[208] Ep10000: Max 3237 (290) steps (0.0001 hrs) 10.75:0.00 927 (1) sec
[209] Ep10000: Max 3237 (2348) steps (0.0007 hrs) 0.00:0.00 939 (12) sec
[210] Ep10000: Max 3237 (2336) steps (0.0006 hrs) 15.87:0.00 951 (12) sec
[211] Ep10000: Max 3237 (295) steps (0.0001 hrs) 15.62:0.00 952 (1) sec
[212] Ep10000: Max 3237 (2364) steps (0.0007 hrs) 0.00:0.00 963 (11) sec
[213] Ep10000: Max 3237 (2751) steps (0.0008 hrs) 0.00:0.00 975 (12) sec
[214] Ep10000: Max 3237 (542) steps (0.0002 hrs) 0.00:17.24 976 (1) sec
[215] Ep10000: Max 3237 (2169) steps (0.0006 hrs) 0.00:0.00 986 (10) sec
[216] Ep10000: Max 3237 (1604) steps (0.0004 hrs) 0.00:0.00 987 (1) sec
[217] Ep10000: Max 3237 (149) steps (0.0000 hrs) 10.87:0.00 988 (1) sec
[218] Ep10000: Max 3237 (266) steps (0.0001 hrs) 15.38:0.00 988 (0) sec
[219] Ep10000: Max 3237 (311) steps (0.0001 hrs) 55.56:0.00 988 (0) sec
[220] Ep10000: Max 3237 (372) steps (0.0001 hrs) 0.00:13.89 989 (1) sec
[221] Ep10000: Max 3237 (317) steps (0.0001 hrs) 18.52:0.00 989 (0) sec
[222] Ep10000: Max 3237 (288) steps (0.0001 hrs) 25.64:0.00 989 (0) sec
[223] Ep10000: Max 3237 (1434) steps (0.0004 hrs) 0.00:0.00 990 (1) sec
[224] Ep10000: Max 3237 (269) steps (0.0001 hrs) 15.15:0.00 990 (0) sec
[225] Ep10000: Max 3237 (307) steps (0.0001 hrs) 17.24:0.00 991 (1) sec
[226] Ep10000: Max 3237 (2327) steps (0.0006 hrs) 0.00:0.00 1002 (11) sec
[227] Ep10000: Max 3237 (315) steps (0.0001 hrs) 12.05:0.00 1003 (1) sec
[228] Ep10000: Max 3237 (277) steps (0.0001 hrs) 12.05:0.00 1003 (0) sec
[229] Ep10000: Max 3237 (2006) steps (0.0006 hrs) 0.00:0.00 1015 (12) sec
[230] Ep10000: Max 3237 (1989) steps (0.0006 hrs) 0.00:0.00 1027 (12) sec
[231] Ep10000: Max 3237 (2623) steps (0.0007 hrs) 0.00:11.36 1029 (2) sec
[232] Ep10000: Max 3237 (1417) steps (0.0004 hrs) 0.00:0.00 1031 (2) sec
[233] Ep10000: Max 3237 (1479) steps (0.0004 hrs) 0.00:0.00 1033 (2) sec
[234] Ep10000: Max 3237 (2259) steps (0.0006 hrs) 0.00:0.00 1046 (13) sec
[235] Ep10000: Max 3237 (698) steps (0.0002 hrs) 0.00:142.86 1047 (1) sec
[236] Ep10000: Max 3237 (2407) steps (0.0007 hrs) 0.00:0.00 1059 (12) sec
[237] Ep10000: Max 3237 (2752) steps (0.0008 hrs) 0.00:0.00 1073 (14) sec
[238] Ep10000: Max 3237 (2196) steps (0.0006 hrs) 0.00:0.00 1085 (12) sec
[239] Ep10000: Max 3237 (283) steps (0.0001 hrs) 15.38:0.00 1086 (1) sec
[240] Ep10000: Max 3237 (2054) steps (0.0006 hrs) 0.00:0.00 1097 (11) sec
[241] Ep10000: Max 3237 (2458) steps (0.0007 hrs) 0.00:0.00 1110 (13) sec
[242] Ep10000: Max 3237 (196) steps (0.0001 hrs) 14.81:0.00 1111 (1) sec
[243] Ep10000: Max 3237 (526) steps (0.0001 hrs) 23.26:0.00 1111 (0) sec
[244] Ep10000: Max 3237 (784) steps (0.0002 hrs) 0.00:0.00 1112 (1) sec
[245] Ep10000: Max 3237 (2902) steps (0.0008 hrs) 0.00:0.00 1124 (12) sec
[246] Ep10000: Max 3237 (1966) steps (0.0005 hrs) 0.00:0.00 1126 (2) sec
[247] Ep10000: Max 3237 (776) steps (0.0002 hrs) 0.00:17.54 1127 (1) sec
[248] Ep10000: Max 3237 (805) steps (0.0002 hrs) 0.00:0.00 1127 (0) sec
[249] Ep10000: Max 3237 (285) steps (0.0001 hrs) 0.00:11.49 1128 (1) sec
[250] Ep10000: Max 3237 (533) steps (0.0001 hrs) 0.00:12.20 1129 (1) sec
[251] Ep10000: Max 3237 (849) steps (0.0002 hrs) 0.00:10.10 1130 (1) sec
[252] Ep10000: Max 3237 (2526) steps (0.0007 hrs) 0.00:0.00 1141 (11) sec
[253] Ep10000: Max 3237 (252) steps (0.0001 hrs) 32.26:0.00 1142 (1) sec
[254] Ep10000: Max 3237 (299) steps (0.0001 hrs) 24.39:0.00 1143 (1) sec
[255] Ep10000: Max 3237 (499) steps (0.0001 hrs) 8.93:8.93 1143 (0) sec
[256] Ep10000: Max 3237 (311) steps (0.0001 hrs) 0.00:10.20 1144 (1) sec
[257] Ep10000: Max 3237 (297) steps (0.0001 hrs) 12.99:0.00 1144 (0) sec
[258] Ep10000: Max 3237 (2308) steps (0.0006 hrs) 0.00:0.00 1157 (13) sec
[259] Ep10000: Max 3237 (2457) steps (0.0007 hrs) 0.00:0.00 1169 (12) sec
[260] Ep10000: Max 3237 (2134) steps (0.0006 hrs) 0.00:0.00 1170 (1) sec
[261] Ep10000: Max 3237 (479) steps (0.0001 hrs) 17.09:0.00 1171 (1) sec
[262] Ep10000: Max 3237 (2788) steps (0.0008 hrs) 0.00:0.00 1183 (12) sec
[263] Ep10000: Max 3237 (1952) steps (0.0005 hrs) 0.00:0.00 1193 (10) sec
[264] Ep10000: Max 3237 (1901) steps (0.0005 hrs) 0.00:0.00 1205 (12) sec
[265] Ep10000: Max 3237 (1577) steps (0.0004 hrs) 0.00:0.00 1206 (1) sec
[266] Ep10000: Max 3237 (2396) steps (0.0007 hrs) 0.00:0.00 1219 (13) sec
[267] Ep10000: Max 3237 (686) steps (0.0002 hrs) 43.48:0.00 1219 (0) sec
[268] Ep10000: Max 3237 (321) steps (0.0001 hrs) 10.31:0.00 1221 (2) sec
[269] Ep10000: Max 3237 (315) steps (0.0001 hrs) 13.61:0.00 1221 (0) sec
[270] Ep10000: Max 3237 (2089) steps (0.0006 hrs) 0.00:0.00 1233 (12) sec
[271] Ep10000: Max 3237 (1074) steps (0.0003 hrs) 0.00:17.54 1234 (1) sec
[272] Ep10000: Max 3237 (2143) steps (0.0006 hrs) 0.00:0.00 1245 (11) sec
[273] Ep10000: Max 3237 (2052) steps (0.0006 hrs) 0.00:0.00 1258 (13) sec
[274] Ep10000: Max 3237 (1467) steps (0.0004 hrs) 0.00:0.00 1258 (0) sec
[275] Ep10000: Max 3237 (534) steps (0.0001 hrs) 17.24:0.00 1259 (1) sec
[276] Ep10000: Max 3237 (695) steps (0.0002 hrs) 7.94:7.94 1260 (1) sec
[277] Ep10000: Max 3237 (2209) steps (0.0006 hrs) 9.43:9.43 1261 (1) sec
[278] Ep10000: Max 3237 (1917) steps (0.0005 hrs) 0.00:0.00 1274 (13) sec
[279] Ep10000: Max 3237 (853) steps (0.0002 hrs) 8.20:0.00 1276 (2) sec
[280] Ep10000: Max 3237 (1762) steps (0.0005 hrs) 0.00:0.00 1290 (14) sec
[281] Ep10000: Max 3237 (294) steps (0.0001 hrs) 13.70:0.00 1291 (1) sec
[282] Ep10000: Max 3237 (1328) steps (0.0004 hrs) 0.00:12.05 1291 (0) sec
[283] Ep10000: Max 3237 (528) steps (0.0001 hrs) 15.38:0.00 1292 (1) sec
[284] Ep10000: Max 3237 (288) steps (0.0001 hrs) 0.00:20.00 1292 (0) sec
[285] Ep10000: Max 3237 (2313) steps (0.0006 hrs) 0.00:0.00 1303 (11) sec
[286] Ep10000: Max 3237 (178) steps (0.0000 hrs) 0.00:15.62 1304 (1) sec
[287] Ep10000: Max 3237 (150) steps (0.0000 hrs) 31.25:0.00 1304 (0) sec
[288] Ep10000: Max 3237 (149) steps (0.0000 hrs) 12.99:0.00 1305 (1) sec
[289] Ep10000: Max 3237 (2415) steps (0.0007 hrs) 0.00:0.00 1315 (10) sec
[290] Ep10000: Max 3237 (1964) steps (0.0005 hrs) 0.00:0.00 1317 (2) sec
[291] Ep10000: Max 3237 (2338) steps (0.0006 hrs) 0.00:0.00 1329 (12) sec
[292] Ep10000: Max 3237 (267) steps (0.0001 hrs) 16.67:0.00 1329 (0) sec
[293] Ep10000: Max 3237 (2074) steps (0.0006 hrs) 0.00:0.00 1341 (12) sec
[294] Ep10000: Max 3237 (2084) steps (0.0006 hrs) 0.00:0.00 1355 (14) sec
[295] Ep10000: Max 3237 (2306) steps (0.0006 hrs) 0.00:0.00 1361 (6) sec
[296] Ep10000: Max 3237 (2374) steps (0.0007 hrs) 0.00:0.00 1372 (11) sec
[297] Ep10000: Max 3237 (2236) steps (0.0006 hrs) 0.00:0.00 1384 (12) sec
[298] Ep10000: Max 3237 (2037) steps (0.0006 hrs) 0.00:0.00 1395 (11) sec
[299] Ep10000: Max 3237 (1074) steps (0.0003 hrs) 0.00:0.00 1395 (0) sec
[300] Ep10000: Max 3237 (522) steps (0.0001 hrs) 16.81:0.00 1396 (1) sec
[301] Ep10000: Max 3237 (1665) steps (0.0005 hrs) 0.00:0.00 1398 (2) sec
[302] Ep10000: Max 3237 (1908) steps (0.0005 hrs) 0.00:0.00 1409 (11) sec
[303] Ep10000: Max 3237 (2097) steps (0.0006 hrs) 0.00:0.00 1422 (13) sec
[304] Ep10000: Max 3237 (1788) steps (0.0005 hrs) 0.00:0.00 1422 (0) sec
[305] Ep10000: Max 3237 (151) steps (0.0000 hrs) 21.74:0.00 1423 (1) sec
[306] Ep10000: Max 3237 (278) steps (0.0001 hrs) 10.31:0.00 1423 (0) sec
[307] Ep10000: Max 3237 (337) steps (0.0001 hrs) 200.00:0.00 1424 (1) sec
[308] Ep10000: Max 3237 (2425) steps (0.0007 hrs) 14.49:0.00 1432 (8) sec
[309] Ep10000: Max 3604 (3604) steps (0.0010 hrs) 0.00:33.33 1433 (1) sec
[310] Ep10000: Max 9882 (9882) steps (0.0027 hrs) 12.50:0.00 1434 (1) sec
[311] Ep10000: Max 9882 (1793) steps (0.0005 hrs) 0.00:13.16 1436 (2) sec
[312] Ep10000: Max 9882 (1684) steps (0.0005 hrs) 0.00:0.00 1437 (1) sec
[313] Ep10000: Max 9882 (3056) steps (0.0008 hrs) 0.00:0.00 1450 (13) sec
[314] Ep10000: Max 9882 (2561) steps (0.0007 hrs) 0.00:0.00 1467 (17) sec
[315] Ep10000: Max 9882 (284) steps (0.0001 hrs) 28.57:0.00 1468 (1) sec
[316] Ep10000: Max 9882 (286) steps (0.0001 hrs) 10.99:0.00 1468 (0) sec
[317] Ep10000: Max 9882 (2357) steps (0.0007 hrs) 0.00:0.00 1481 (13) sec
[318] Ep10000: Max 9882 (1799) steps (0.0005 hrs) 0.00:0.00 1494 (13) sec
[319] Ep10000: Max 9882 (325) steps (0.0001 hrs) 0.00:27.03 1495 (1) sec
[320] Ep10000: Max 9882 (1293) steps (0.0004 hrs) 0.00:0.00 1496 (1) sec
[321] Ep10000: Max 9882 (2007) steps (0.0006 hrs) 0.00:0.00 1506 (10) sec
[322] Ep10000: Max 9882 (339) steps (0.0001 hrs) 11.76:0.00 1507 (1) sec
[323] Ep10000: Max 9882 (1379) steps (0.0004 hrs) 0.00:0.00 1507 (0) sec
[324] Ep10000: Max 9882 (2121) steps (0.0006 hrs) 0.00:0.00 1521 (14) sec
[325] Ep10000: Max 9882 (243) steps (0.0001 hrs) 16.26:0.00 1521 (0) sec
[326] Ep10000: Max 9882 (2609) steps (0.0007 hrs) 0.00:0.00 1535 (14) sec
[327] Ep10000: Max 9882 (1699) steps (0.0005 hrs) 27.03:0.00 1539 (4) sec
[328] Ep10000: Max 9882 (1865) steps (0.0005 hrs) 0.00:0.00 1542 (3) sec
[329] Ep10000: Max 9882 (2220) steps (0.0006 hrs) 0.00:0.00 1554 (12) sec
[330] Ep10000: Max 9882 (525) steps (0.0001 hrs) 6.90:6.90 1555 (1) sec
[331] Ep10000: Max 9882 (1995) steps (0.0006 hrs) 0.00:0.00 1568 (13) sec
[332] Ep10000: Max 9882 (150) steps (0.0000 hrs) 0.00:11.11 1568 (0) sec
[333] Ep10000: Max 9882 (1355) steps (0.0004 hrs) 0.00:0.00 1569 (1) sec
[334] Ep10000: Max 9882 (177) steps (0.0000 hrs) 24.39:0.00 1570 (1) sec
[335] Ep10000: Max 9882 (2772) steps (0.0008 hrs) 11.36:0.00 1576 (6) sec
[336] Ep10000: Max 9882 (1373) steps (0.0004 hrs) 0.00:0.00 1577 (1) sec
[337] Ep10000: Max 9882 (2612) steps (0.0007 hrs) 0.00:0.00 1591 (14) sec
[338] Ep10000: Max 9882 (2296) steps (0.0006 hrs) 0.00:0.00 1594 (3) sec
[339] Ep10000: Max 9882 (2479) steps (0.0007 hrs) 0.00:0.00 1606 (12) sec
[340] Ep10000: Max 9882 (5232) steps (0.0015 hrs) 0.00:0.00 1609 (3) sec
[341] Ep10000: Max 9882 (1431) steps (0.0004 hrs) 0.00:13.33 1610 (1) sec
[342] Ep10000: Max 9882 (2731) steps (0.0008 hrs) 0.00:0.00 1621 (11) sec
[343] Ep10000: Max 9882 (1250) steps (0.0003 hrs) 29.41:0.00 1622 (1) sec
[344] Ep10000: Max 9882 (337) steps (0.0001 hrs) 12.99:0.00 1622 (0) sec
[345] Ep10000: Max 9882 (2623) steps (0.0007 hrs) 0.00:0.00 1632 (10) sec
[346] Ep10000: Max 9882 (150) steps (0.0000 hrs) 18.87:0.00 1632 (0) sec
[347] Ep10000: Max 9882 (244) steps (0.0001 hrs) 19.42:0.00 1633 (1) sec
[348] Ep10000: Max 9882 (514) steps (0.0001 hrs) 9.62:9.62 1634 (1) sec
[349] Ep10000: Max 9882 (205) steps (0.0001 hrs) 10.31:0.00 1634 (0) sec
[350] Ep10000: Max 9882 (270) steps (0.0001 hrs) 0.00:9.71 1635 (1) sec
[351] Ep10000: Max 9882 (295) steps (0.0001 hrs) 14.71:0.00 1636 (1) sec
[352] Ep10000: Max 9882 (1567) steps (0.0004 hrs) 0.00:0.00 1636 (0) sec
[353] Ep10000: Max 9882 (1897) steps (0.0005 hrs) 0.00:0.00 1650 (14) sec
[354] Ep10000: Max 9882 (293) steps (0.0001 hrs) 20.00:0.00 1650 (0) sec
[355] Ep10000: Max 9882 (2374) steps (0.0007 hrs) 0.00:0.00 1662 (12) sec
[356] Ep10000: Max 9882 (2044) steps (0.0006 hrs) 0.00:0.00 1674 (12) sec
[357] Ep10000: Max 9882 (498) steps (0.0001 hrs) 11.90:0.00 1674 (0) sec
[358] Ep10000: Max 9882 (2018) steps (0.0006 hrs) 0.00:0.00 1688 (14) sec
[359] Ep10000: Max 9882 (2429) steps (0.0007 hrs) 0.00:0.00 1700 (12) sec
[360] Ep10000: Max 9882 (519) steps (0.0001 hrs) 0.00:25.00 1701 (1) sec
[361] Ep10000: Max 9882 (2390) steps (0.0007 hrs) 0.00:0.00 1713 (12) sec
[362] Ep10000: Max 9882 (2112) steps (0.0006 hrs) 0.00:0.00 1727 (14) sec
[363] Ep10000: Max 9882 (2218) steps (0.0006 hrs) 0.00:0.00 1741 (14) sec
[364] Ep10000: Max 9882 (1935) steps (0.0005 hrs) 0.00:14.29 1744 (3) sec
[365] Ep10000: Max 9882 (317) steps (0.0001 hrs) 10.00:0.00 1744 (0) sec
[366] Ep10000: Max 9882 (2049) steps (0.0006 hrs) 0.00:0.00 1751 (7) sec
[367] Ep10000: Max 9882 (150) steps (0.0000 hrs) 50.00:0.00 1751 (0) sec
[368] Ep10000: Max 9882 (684) steps (0.0002 hrs) 20.83:0.00 1752 (1) sec
[369] Ep10000: Max 9882 (1599) steps (0.0004 hrs) 0.00:0.00 1753 (1) sec
[370] Ep10000: Max 9882 (2677) steps (0.0007 hrs) 0.00:0.00 1765 (12) sec
[371] Ep10000: Max 9882 (2137) steps (0.0006 hrs) 0.00:0.00 1778 (13) sec
[372] Ep10000: Max 9882 (150) steps (0.0000 hrs) 34.48:0.00 1778 (0) sec
[373] Ep10000: Max 9882 (2318) steps (0.0006 hrs) 0.00:0.00 1790 (12) sec
[374] Ep10000: Max 9882 (465) steps (0.0001 hrs) 13.33:0.00 1790 (0) sec
[375] Ep10000: Max 9882 (2076) steps (0.0006 hrs) 0.00:0.00 1804 (14) sec
[376] Ep10000: Max 9882 (2273) steps (0.0006 hrs) 0.00:0.00 1805 (1) sec
[377] Ep10000: Max 9882 (1170) steps (0.0003 hrs) 11.63:0.00 1806 (1) sec
[378] Ep10000: Max 9882 (1262) steps (0.0004 hrs) 0.00:0.00 1807 (1) sec
[379] Ep10000: Max 9882 (272) steps (0.0001 hrs) 16.53:0.00 1808 (1) sec
[380] Ep10000: Max 9882 (180) steps (0.0001 hrs) 0.00:10.64 1809 (1) sec
[381] Ep10000: Max 9882 (2165) steps (0.0006 hrs) 0.00:0.00 1819 (10) sec
[382] Ep10000: Max 9882 (527) steps (0.0001 hrs) 13.70:0.00 1820 (1) sec
[383] Ep10000: Max 9882 (2754) steps (0.0008 hrs) 0.00:0.00 1833 (13) sec
[384] Ep10000: Max 9882 (2106) steps (0.0006 hrs) 15.38:0.00 1835 (2) sec
[385] Ep10000: Max 9882 (1033) steps (0.0003 hrs) 0.00:16.39 1835 (0) sec
[386] Ep10000: Max 9882 (1140) steps (0.0003 hrs) 0.00:0.00 1836 (1) sec
[387] Ep10000: Max 9882 (3031) steps (0.0008 hrs) 0.00:0.00 1849 (13) sec
[388] Ep10000: Max 9882 (2296) steps (0.0006 hrs) 0.00:0.00 1859 (10) sec
[389] Ep10000: Max 9882 (271) steps (0.0001 hrs) 0.00:43.48 1860 (1) sec
[390] Ep10000: Max 9882 (2787) steps (0.0008 hrs) 0.00:0.00 1863 (3) sec
[391] Ep10000: Max 9882 (1796) steps (0.0005 hrs) 0.00:0.00 1873 (10) sec
[392] Ep10000: Max 9882 (2630) steps (0.0007 hrs) 0.00:0.00 1883 (10) sec
[393] Ep10000: Max 9882 (2758) steps (0.0008 hrs) 0.00:0.00 1896 (13) sec
[394] Ep10000: Max 9882 (150) steps (0.0000 hrs) 12.66:0.00 1896 (0) sec
[395] Ep10000: Max 9882 (282) steps (0.0001 hrs) 33.33:0.00 1897 (1) sec
[396] Ep10000: Max 9882 (2244) steps (0.0006 hrs) 0.00:0.00 1909 (12) sec
[397] Ep10000: Max 9882 (266) steps (0.0001 hrs) 0.00:11.90 1910 (1) sec
[398] Ep10000: Max 9882 (1619) steps (0.0004 hrs) 0.00:0.00 1911 (1) sec
[399] Ep10000: Max 9882 (898) steps (0.0002 hrs) 25.00:0.00 1912 (1) sec
[400] Ep10000: Max 9882 (282) steps (0.0001 hrs) 11.63:0.00 1912 (0) sec
[401] Ep10000: Max 9882 (1800) steps (0.0005 hrs) 0.00:0.00 1923 (11) sec
[402] Ep10000: Max 9882 (286) steps (0.0001 hrs) 10.53:0.00 1924 (1) sec
[403] Ep10000: Max 9882 (332) steps (0.0001 hrs) 32.26:0.00 1924 (0) sec
[404] Ep10000: Max 9882 (1556) steps (0.0004 hrs) 0.00:16.39 1925 (1) sec
[405] Ep10000: Max 9882 (303) steps (0.0001 hrs) 16.39:0.00 1925 (0) sec
[406] Ep10000: Max 9882 (2565) steps (0.0007 hrs) 0.00:0.00 1937 (12) sec
[407] Ep10000: Max 9882 (508) steps (0.0001 hrs) 20.83:0.00 1938 (1) sec
[408] Ep10000: Max 9882 (279) steps (0.0001 hrs) 27.78:0.00 1938 (0) sec
[409] Ep10000: Max 9882 (274) steps (0.0001 hrs) 15.15:0.00 1939 (1) sec
[410] Ep10000: Max 9882 (2068) steps (0.0006 hrs) 0.00:0.00 1950 (11) sec
[411] Ep10000: Max 9882 (259) steps (0.0001 hrs) 10.42:0.00 1950 (0) sec
[412] Ep10000: Max 9882 (1965) steps (0.0005 hrs) 0.00:0.00 1963 (13) sec
[413] Ep10000: Max 9882 (1935) steps (0.0005 hrs) 0.00:0.00 1973 (10) sec
[414] Ep10000: Max 9882 (1291) steps (0.0004 hrs) 0.00:0.00 1974 (1) sec
[415] Ep10000: Max 9882 (545) steps (0.0002 hrs) 0.00:16.95 1974 (0) sec
[416] Ep10000: Max 9882 (682) steps (0.0002 hrs) 0.00:12.99 1975 (1) sec
[417] Ep10000: Max 9882 (554) steps (0.0002 hrs) 10.00:0.00 1975 (0) sec
[418] Ep10000: Max 9882 (2458) steps (0.0007 hrs) 0.00:0.00 1987 (12) sec
[419] Ep10000: Max 9882 (2240) steps (0.0006 hrs) 0.00:12.05 1994 (7) sec
[420] Ep10000: Max 9882 (271) steps (0.0001 hrs) 21.28:0.00 1994 (0) sec
[421] Ep10000: Max 9882 (519) steps (0.0001 hrs) 12.35:0.00 1995 (1) sec
[422] Ep10000: Max 9882 (1819) steps (0.0005 hrs) 0.00:0.00 1995 (0) sec
[423] Ep10000: Max 9882 (2569) steps (0.0007 hrs) 0.00:0.00 2007 (12) sec
[424] Ep10000: Max 9882 (1946) steps (0.0005 hrs) 0.00:0.00 2019 (12) sec
[425] Ep10000: Max 9882 (269) steps (0.0001 hrs) 83.33:0.00 2019 (0) sec
[426] Ep10000: Max 9882 (1822) steps (0.0005 hrs) 0.00:0.00 2031 (12) sec
[427] Ep10000: Max 9882 (2100) steps (0.0006 hrs) 0.00:0.00 2044 (13) sec
[428] Ep10000: Max 9882 (2321) steps (0.0006 hrs) 0.00:12.82 2049 (5) sec
[429] Ep10000: Max 9882 (2054) steps (0.0006 hrs) 0.00:0.00 2050 (1) sec
[430] Ep10000: Max 9882 (2063) steps (0.0006 hrs) 0.00:0.00 2055 (5) sec
[431] Ep10000: Max 9882 (2376) steps (0.0007 hrs) 0.00:0.00 2068 (13) sec
[432] Ep10000: Max 9882 (2430) steps (0.0007 hrs) 0.00:0.00 2080 (12) sec
[433] Ep10000: Max 9882 (3240) steps (0.0009 hrs) 0.00:0.00 2090 (10) sec
[434] Ep10000: Max 9882 (269) steps (0.0001 hrs) 0.00:34.48 2090 (0) sec
[435] Ep10000: Max 9882 (1420) steps (0.0004 hrs) 0.00:0.00 2091 (1) sec
[436] Ep10000: Max 9882 (2188) steps (0.0006 hrs) 0.00:0.00 2103 (12) sec
[437] Ep10000: Max 9882 (2215) steps (0.0006 hrs) 0.00:4.12 2110 (7) sec
[438] Ep10000: Max 9882 (2073) steps (0.0006 hrs) 0.00:0.00 2123 (13) sec
[439] Ep10000: Max 9882 (2580) steps (0.0007 hrs) 0.00:0.00 2134 (11) sec
[440] Ep10000: Max 9882 (1401) steps (0.0004 hrs) 0.00:0.00 2135 (1) sec
[441] Ep10000: Max 9882 (1387) steps (0.0004 hrs) 0.00:0.00 2136 (1) sec
[442] Ep10000: Max 9882 (682) steps (0.0002 hrs) 9.43:9.43 2137 (1) sec
[443] Ep10000: Max 9882 (272) steps (0.0001 hrs) 0.00:19.23 2137 (0) sec
[444] Ep10000: Max 9882 (1883) steps (0.0005 hrs) 0.00:0.00 2138 (1) sec
[445] Ep10000: Max 9882 (2433) steps (0.0007 hrs) 0.00:0.00 2150 (12) sec
[446] Ep10000: Max 9882 (1934) steps (0.0005 hrs) 0.00:0.00 2162 (12) sec
[447] Ep10000: Max 9882 (2036) steps (0.0006 hrs) 0.00:0.00 2174 (12) sec
[448] Ep10000: Max 9882 (310) steps (0.0001 hrs) 11.90:0.00 2174 (0) sec
[449] Ep10000: Max 9882 (2131) steps (0.0006 hrs) 0.00:0.00 2187 (13) sec
[450] Ep10000: Max 9882 (1632) steps (0.0005 hrs) 0.00:0.00 2188 (1) sec
[451] Ep10000: Max 9882 (2737) steps (0.0008 hrs) 0.00:0.00 2198 (10) sec
[452] Ep10000: Max 9882 (2420) steps (0.0007 hrs) 0.00:0.00 2211 (13) sec
[453] Ep10000: Max 9882 (478) steps (0.0001 hrs) 333.33:0.00 2212 (1) sec
[454] Ep10000: Max 9882 (2201) steps (0.0006 hrs) 0.00:0.00 2225 (13) sec
[455] Ep10000: Max 9882 (177) steps (0.0000 hrs) 0.00:83.33 2226 (1) sec
[456] Ep10000: Max 9882 (3108) steps (0.0009 hrs) 0.00:0.00 2239 (13) sec
[457] Ep10000: Max 9882 (150) steps (0.0000 hrs) 16.67:0.00 2240 (1) sec
[458] Ep10000: Max 9882 (2435) steps (0.0007 hrs) 0.00:0.00 2253 (13) sec
[459] Ep10000: Max 9882 (1765) steps (0.0005 hrs) 0.00:0.00 2253 (0) sec
[460] Ep10000: Max 9882 (150) steps (0.0000 hrs) 0.00:32.26 2254 (1) sec
[461] Ep10000: Max 9882 (266) steps (0.0001 hrs) 12.50:0.00 2254 (0) sec
[462] Ep10000: Max 9882 (1338) steps (0.0004 hrs) 0.00:0.00 2255 (1) sec
[463] Ep10000: Max 9882 (334) steps (0.0001 hrs) 0.00:26.32 2256 (1) sec
[464] Ep10000: Max 9882 (1375) steps (0.0004 hrs) 15.38:0.00 2257 (1) sec
[465] Ep10000: Max 9882 (526) steps (0.0001 hrs) 9.80:9.80 2257 (0) sec
[466] Ep10000: Max 9882 (846) steps (0.0002 hrs) 0.00:0.00 2258 (1) sec
[467] Ep10000: Max 9882 (268) steps (0.0001 hrs) 13.33:0.00 2258 (0) sec
[468] Ep10000: Max 9882 (275) steps (0.0001 hrs) 30.30:0.00 2259 (1) sec
[469] Ep10000: Max 9882 (1855) steps (0.0005 hrs) 0.00:0.00 2261 (2) sec
[470] Ep10000: Max 9882 (1698) steps (0.0005 hrs) 0.00:0.00 2262 (1) sec
[471] Ep10000: Max 9882 (629) steps (0.0002 hrs) 13.51:0.00 2262 (0) sec
[472] Ep10000: Max 9882 (1835) steps (0.0005 hrs) 0.00:0.00 2274 (12) sec
[473] Ep10000: Max 9882 (1796) steps (0.0005 hrs) 0.00:0.00 2275 (1) sec
[474] Ep10000: Max 9882 (272) steps (0.0001 hrs) 0.00:15.15 2276 (1) sec
[475] Ep10000: Max 9882 (304) steps (0.0001 hrs) 13.16:0.00 2276 (0) sec
[476] Ep10000: Max 9882 (150) steps (0.0000 hrs) 13.79:0.00 2276 (0) sec
[477] Ep10000: Max 9882 (286) steps (0.0001 hrs) 12.35:0.00 2277 (1) sec
[478] Ep10000: Max 9882 (323) steps (0.0001 hrs) 0.00:14.08 2277 (0) sec
[479] Ep10000: Max 9882 (1820) steps (0.0005 hrs) 0.00:0.00 2279 (2) sec
[480] Ep10000: Max 9882 (2108) steps (0.0006 hrs) 0.00:0.00 2291 (12) sec
[481] Ep10000: Max 9882 (2074) steps (0.0006 hrs) 0.00:0.00 2303 (12) sec
[482] Ep10000: Max 9882 (2456) steps (0.0007 hrs) 0.00:0.00 2314 (11) sec
[483] Ep10000: Max 9882 (739) steps (0.0002 hrs) 8.13:8.13 2315 (1) sec
[484] Ep10000: Max 9882 (2694) steps (0.0007 hrs) 0.00:0.00 2330 (15) sec
[485] Ep10000: Max 9882 (955) steps (0.0003 hrs) 0.00:0.00 2330 (0) sec
[486] Ep10000: Max 9882 (150) steps (0.0000 hrs) 19.61:0.00 2331 (1) sec
[487] Ep10000: Max 9882 (1949) steps (0.0005 hrs) 0.00:0.00 2344 (13) sec
[488] Ep10000: Max 9882 (1363) steps (0.0004 hrs) 14.71:0.00 2345 (1) sec
[489] Ep10000: Max 9882 (282) steps (0.0001 hrs) 12.82:0.00 2346 (1) sec
[490] Ep10000: Max 9882 (280) steps (0.0001 hrs) 8.40:0.00 2347 (1) sec
[491] Ep10000: Max 9882 (263) steps (0.0001 hrs) 12.50:0.00 2348 (1) sec
[492] Ep10000: Max 9882 (1985) steps (0.0006 hrs) 0.00:0.00 2353 (5) sec
[493] Ep10000: Max 9882 (179) steps (0.0000 hrs) 16.95:0.00 2354 (1) sec
[494] Ep10000: Max 9882 (2497) steps (0.0007 hrs) 0.00:0.00 2364 (10) sec
[495] Ep10000: Max 9882 (2282) steps (0.0006 hrs) 0.00:0.00 2377 (13) sec
[496] Ep10000: Max 9882 (260) steps (0.0001 hrs) 19.23:0.00 2377 (0) sec
[497] Ep10000: Max 9882 (3029) steps (0.0008 hrs) 0.00:0.00 2389 (12) sec
[498] Ep10000: Max 9882 (570) steps (0.0002 hrs) 0.00:0.00 2390 (1) sec
[499] Ep10000: Max 9882 (888) steps (0.0002 hrs) 23.81:0.00 2390 (0) sec
[500] Ep10000: Max 9882 (1778) steps (0.0005 hrs) 0.00:0.00 2400 (10) sec
[501] Ep10000: Max 9882 (1348) steps (0.0004 hrs) 0.00:0.00 2402 (2) sec
[502] Ep10000: Max 9882 (282) steps (0.0001 hrs) 15.75:0.00 2403 (1) sec
[503] Ep10000: Max 9882 (2031) steps (0.0006 hrs) 0.00:0.00 2413 (10) sec
[504] Ep10000: Max 9882 (290) steps (0.0001 hrs) 16.67:0.00 2414 (1) sec
[505] Ep10000: Max 9882 (2579) steps (0.0007 hrs) 0.00:0.00 2428 (14) sec
[506] Ep10000: Max 9882 (2002) steps (0.0006 hrs) 0.00:0.00 2441 (13) sec
[507] Ep10000: Max 9882 (266) steps (0.0001 hrs) 0.00:35.71 2441 (0) sec
[508] Ep10000: Max 9882 (2032) steps (0.0006 hrs) 0.00:0.00 2445 (4) sec
[509] Ep10000: Max 9882 (1902) steps (0.0005 hrs) 0.00:25.00 2449 (4) sec
[510] Ep10000: Max 9882 (1700) steps (0.0005 hrs) 0.00:17.54 2453 (4) sec
[511] Ep10000: Max 9882 (689) steps (0.0002 hrs) 19.61:0.00 2453 (0) sec
[512] Ep10000: Max 9882 (1916) steps (0.0005 hrs) 0.00:0.00 2466 (13) sec
[513] Ep10000: Max 9882 (2213) steps (0.0006 hrs) 0.00:0.00 2478 (12) sec
[514] Ep10000: Max 9882 (491) steps (0.0001 hrs) 22.22:0.00 2478 (0) sec
[515] Ep10000: Max 9882 (6832) steps (0.0019 hrs) 41.67:0.00 2480 (2) sec
[516] Ep10000: Max 9882 (315) steps (0.0001 hrs) 111.11:0.00 2480 (0) sec
[517] Ep10000: Max 9882 (700) steps (0.0002 hrs) 17.86:0.00 2481 (1) sec
[518] Ep10000: Max 9882 (492) steps (0.0001 hrs) 0.00:0.00 2482 (1) sec
[519] Ep10000: Max 9882 (2132) steps (0.0006 hrs) 0.00:0.00 2494 (12) sec
[520] Ep10000: Max 9882 (1559) steps (0.0004 hrs) 0.00:0.00 2496 (2) sec
[521] Ep10000: Max 9882 (2015) steps (0.0006 hrs) 0.00:0.00 2509 (13) sec
[522] Ep10000: Max 9882 (2013) steps (0.0006 hrs) 0.00:0.00 2521 (12) sec
[523] Ep10000: Max 9882 (2206) steps (0.0006 hrs) 0.00:0.00 2532 (11) sec
[524] Ep10000: Max 9882 (274) steps (0.0001 hrs) 13.33:0.00 2532 (0) sec
[525] Ep10000: Max 9882 (981) steps (0.0003 hrs) 16.39:0.00 2533 (1) sec
[526] Ep10000: Max 9882 (525) steps (0.0001 hrs) 18.52:0.00 2534 (1) sec
[527] Ep10000: Max 9882 (304) steps (0.0001 hrs) 7.46:0.00 2535 (1) sec
[528] Ep10000: Max 9882 (2394) steps (0.0007 hrs) 0.00:0.00 2548 (13) sec
[529] Ep10000: Max 9882 (1812) steps (0.0005 hrs) 0.00:18.52 2550 (2) sec
[530] Ep10000: Max 9882 (2634) steps (0.0007 hrs) 0.00:0.00 2562 (12) sec
[531] Ep10000: Max 9882 (2350) steps (0.0007 hrs) 0.00:0.00 2577 (15) sec
[532] Ep10000: Max 9882 (503) steps (0.0001 hrs) 142.86:0.00 2578 (1) sec
[533] Ep10000: Max 9882 (2526) steps (0.0007 hrs) 0.00:0.00 2590 (12) sec
[534] Ep10000: Max 9882 (449) steps (0.0001 hrs) 14.93:0.00 2591 (1) sec
[535] Ep10000: Max 9882 (294) steps (0.0001 hrs) 19.23:0.00 2592 (1) sec
[536] Ep10000: Max 9882 (265) steps (0.0001 hrs) 0.00:34.48 2593 (1) sec
[537] Ep10000: Max 9882 (180) steps (0.0001 hrs) 12.50:0.00 2594 (1) sec
[538] Ep10000: Max 9882 (289) steps (0.0001 hrs) 38.46:0.00 2594 (0) sec
[539] Ep10000: Max 9882 (2242) steps (0.0006 hrs) 0.00:0.00 2606 (12) sec
[540] Ep10000: Max 9882 (531) steps (0.0001 hrs) 14.49:0.00 2607 (1) sec
[541] Ep10000: Max 9882 (277) steps (0.0001 hrs) 12.35:0.00 2607 (0) sec
[542] Ep10000: Max 9882 (526) steps (0.0001 hrs) 0.00:35.71 2608 (1) sec
[543] Ep10000: Max 9882 (2025) steps (0.0006 hrs) 0.00:0.00 2621 (13) sec
[544] Ep10000: Max 9882 (304) steps (0.0001 hrs) 12.66:0.00 2622 (1) sec
[545] Ep10000: Max 9882 (2095) steps (0.0006 hrs) 18.87:0.00 2630 (8) sec
[546] Ep10000: Max 9882 (2344) steps (0.0007 hrs) 0.00:0.00 2643 (13) sec
[547] Ep10000: Max 9882 (2563) steps (0.0007 hrs) 0.00:0.00 2653 (10) sec
[548] Ep10000: Max 9882 (178) steps (0.0000 hrs) 12.35:0.00 2654 (1) sec
[549] Ep10000: Max 9882 (1284) steps (0.0004 hrs) 0.00:0.00 2655 (1) sec
[550] Ep10000: Max 9882 (150) steps (0.0000 hrs) 15.87:0.00 2655 (0) sec
[551] Ep10000: Max 9882 (2430) steps (0.0007 hrs) 0.00:0.00 2660 (5) sec
[552] Ep10000: Max 9882 (1465) steps (0.0004 hrs) 23.26:0.00 2661 (1) sec
[553] Ep10000: Max 9882 (149) steps (0.0000 hrs) 17.54:0.00 2661 (0) sec
[554] Ep10000: Max 9882 (489) steps (0.0001 hrs) 15.15:0.00 2662 (1) sec
[555] Ep10000: Max 9882 (528) steps (0.0001 hrs) 0.00:12.20 2663 (1) sec
[556] Ep10000: Max 9882 (1766) steps (0.0005 hrs) 0.00:0.00 2665 (2) sec
[557] Ep10000: Max 9882 (2413) steps (0.0007 hrs) 0.00:0.00 2676 (11) sec
[558] Ep10000: Max 9882 (2145) steps (0.0006 hrs) 0.00:0.00 2689 (13) sec
[559] Ep10000: Max 9882 (1207) steps (0.0003 hrs) 0.00:0.00 2691 (2) sec
[560] Ep10000: Max 9882 (2020) steps (0.0006 hrs) 0.00:0.00 2705 (14) sec
[561] Ep10000: Max 9882 (273) steps (0.0001 hrs) 0.00:66.67 2706 (1) sec
[562] Ep10000: Max 9882 (299) steps (0.0001 hrs) 10.53:0.00 2706 (0) sec
[563] Ep10000: Max 9882 (1862) steps (0.0005 hrs) 0.00:0.00 2720 (14) sec
[564] Ep10000: Max 9882 (2878) steps (0.0008 hrs) 0.00:0.00 2732 (12) sec
[565] Ep10000: Max 9882 (2247) steps (0.0006 hrs) 0.00:0.00 2745 (13) sec
[566] Ep10000: Max 9882 (150) steps (0.0000 hrs) 28.57:0.00 2746 (1) sec
[567] Ep10000: Max 9882 (524) steps (0.0001 hrs) 11.76:0.00 2747 (1) sec
[568] Ep10000: Max 9882 (1374) steps (0.0004 hrs) 0.00:0.00 2748 (1) sec
[569] Ep10000: Max 9882 (254) steps (0.0001 hrs) 8.06:0.00 2749 (1) sec
[570] Ep10000: Max 9882 (1527) steps (0.0004 hrs) 0.00:0.00 2751 (2) sec
[571] Ep10000: Max 9882 (2080) steps (0.0006 hrs) 0.00:0.00 2765 (14) sec
[572] Ep10000: Max 9882 (1249) steps (0.0003 hrs) 0.00:0.00 2766 (1) sec
[573] Ep10000: Max 9882 (302) steps (0.0001 hrs) 35.71:0.00 2766 (0) sec
[574] Ep10000: Max 9882 (322) steps (0.0001 hrs) 14.60:0.00 2767 (1) sec
[575] Ep10000: Max 9882 (1755) steps (0.0005 hrs) 0.00:0.00 2772 (5) sec
[576] Ep10000: Max 9882 (684) steps (0.0002 hrs) 62.50:0.00 2772 (0) sec
[577] Ep10000: Max 9882 (2098) steps (0.0006 hrs) 3.36:6.71 2782 (10) sec
[578] Ep10000: Max 9882 (286) steps (0.0001 hrs) 16.67:0.00 2783 (1) sec
[579] Ep10000: Max 9882 (1489) steps (0.0004 hrs) 66.67:0.00 2783 (0) sec
[580] Ep10000: Max 9882 (2248) steps (0.0006 hrs) 0.00:0.00 2794 (11) sec
[581] Ep10000: Max 9882 (2420) steps (0.0007 hrs) 0.00:0.00 2807 (13) sec
[582] Ep10000: Max 9882 (1340) steps (0.0004 hrs) 0.00:0.00 2808 (1) sec
[583] Ep10000: Max 9882 (2086) steps (0.0006 hrs) 12.82:0.00 2809 (1) sec
[584] Ep10000: Max 9882 (151) steps (0.0000 hrs) 12.20:0.00 2810 (1) sec
[585] Ep10000: Max 9882 (328) steps (0.0001 hrs) 0.00:23.26 2810 (0) sec
[586] Ep10000: Max 9882 (176) steps (0.0000 hrs) 20.83:0.00 2811 (1) sec
[587] Ep10000: Max 9882 (2048) steps (0.0006 hrs) 0.00:4.59 2825 (14) sec
[588] Ep10000: Max 9882 (1386) steps (0.0004 hrs) 0.00:10.87 2826 (1) sec
[589] Ep10000: Max 9882 (2944) steps (0.0008 hrs) 0.00:0.00 2831 (5) sec
[590] Ep10000: Max 9882 (291) steps (0.0001 hrs) 15.87:0.00 2832 (1) sec
[591] Ep10000: Max 9882 (2211) steps (0.0006 hrs) 0.00:0.00 2844 (12) sec
[592] Ep10000: Max 9882 (3061) steps (0.0009 hrs) 0.00:0.00 2856 (12) sec
[593] Ep10000: Max 9882 (1990) steps (0.0006 hrs) 0.00:0.00 2859 (3) sec
[594] Ep10000: Max 9882 (2540) steps (0.0007 hrs) 0.00:0.00 2871 (12) sec
[595] Ep10000: Max 9882 (345) steps (0.0001 hrs) 125.00:0.00 2871 (0) sec
[596] Ep10000: Max 9882 (2278) steps (0.0006 hrs) 0.00:0.00 2883 (12) sec
[597] Ep10000: Max 9882 (495) steps (0.0001 hrs) 11.76:0.00 2884 (1) sec
[598] Ep10000: Max 9882 (284) steps (0.0001 hrs) 8.85:0.00 2885 (1) sec
[599] Ep10000: Max 9882 (1562) steps (0.0004 hrs) 0.00:0.00 2886 (1) sec
[600] Ep10000: Max 9882 (4655) steps (0.0013 hrs) 0.00:0.00 2889 (3) sec
[601] Ep10000: Max 9882 (1795) steps (0.0005 hrs) 0.00:0.00 2890 (1) sec
[602] Ep10000: Max 9882 (2493) steps (0.0007 hrs) 0.00:0.00 2901 (11) sec
[603] Ep10000: Max 9882 (1308) steps (0.0004 hrs) 0.00:30.30 2902 (1) sec
[604] Ep10000: Max 9882 (285) steps (0.0001 hrs) 24.39:0.00 2903 (1) sec
[605] Ep10000: Max 9882 (2716) steps (0.0008 hrs) 0.00:0.00 2914 (11) sec
[606] Ep10000: Max 9882 (948) steps (0.0003 hrs) 0.00:0.00 2915 (1) sec
[607] Ep10000: Max 9882 (2382) steps (0.0007 hrs) 0.00:0.00 2928 (13) sec
[608] Ep10000: Max 9882 (3013) steps (0.0008 hrs) 0.00:7.46 2938 (10) sec
[609] Ep10000: Max 9882 (282) steps (0.0001 hrs) 14.29:0.00 2939 (1) sec
[610] Ep10000: Max 9882 (178) steps (0.0000 hrs) 0.00:16.13 2940 (1) sec
[611] Ep10000: Max 9882 (2055) steps (0.0006 hrs) 0.00:0.00 2943 (3) sec
[612] Ep10000: Max 9882 (230) steps (0.0001 hrs) 14.49:0.00 2944 (1) sec
[613] Ep10000: Max 9882 (2096) steps (0.0006 hrs) 0.00:0.00 2945 (1) sec
[614] Ep10000: Max 9882 (2417) steps (0.0007 hrs) 0.00:0.00 2956 (11) sec
[615] Ep10000: Max 9882 (1561) steps (0.0004 hrs) 0.00:0.00 2957 (1) sec
[616] Ep10000: Max 9882 (2085) steps (0.0006 hrs) 0.00:0.00 2970 (13) sec
[617] Ep10000: Max 9882 (150) steps (0.0000 hrs) 18.52:0.00 2970 (0) sec
[618] Ep10000: Max 9882 (2173) steps (0.0006 hrs) 0.00:0.00 2983 (13) sec
[619] Ep10000: Max 9882 (278) steps (0.0001 hrs) 0.00:10.00 2984 (1) sec
[620] Ep10000: Max 9882 (151) steps (0.0000 hrs) 12.50:0.00 2984 (0) sec
[621] Ep10000: Max 9882 (1317) steps (0.0004 hrs) 12.20:0.00 2985 (1) sec
[622] Ep10000: Max 9882 (1585) steps (0.0004 hrs) 0.00:0.00 2986 (1) sec
[623] Ep10000: Max 9882 (1171) steps (0.0003 hrs) 0.00:0.00 2987 (1) sec
[624] Ep10000: Max 9882 (2036) steps (0.0006 hrs) 0.00:0.00 2999 (12) sec
[625] Ep10000: Max 9882 (149) steps (0.0000 hrs) 11.63:0.00 2999 (0) sec
[626] Ep10000: Max 9882 (2084) steps (0.0006 hrs) 0.00:0.00 3012 (13) sec
[627] Ep10000: Max 9882 (205) steps (0.0001 hrs) 0.00:7.46 3012 (0) sec
[628] Ep10000: Max 9882 (362) steps (0.0001 hrs) 0.00:11.49 3013 (1) sec
[629] Ep10000: Max 9882 (543) steps (0.0002 hrs) 16.39:0.00 3014 (1) sec
[630] Ep10000: Max 9882 (2043) steps (0.0006 hrs) 0.00:0.00 3024 (10) sec
[631] Ep10000: Max 9882 (2239) steps (0.0006 hrs) 0.00:0.00 3037 (13) sec
[632] Ep10000: Max 9882 (342) steps (0.0001 hrs) 16.95:0.00 3037 (0) sec
[633] Ep10000: Max 9882 (2109) steps (0.0006 hrs) 0.00:0.00 3051 (14) sec
[634] Ep10000: Max 9882 (2637) steps (0.0007 hrs) 0.00:0.00 3061 (10) sec
[635] Ep10000: Max 9882 (692) steps (0.0002 hrs) 0.00:13.51 3062 (1) sec
[636] Ep10000: Max 9882 (560) steps (0.0002 hrs) 22.73:0.00 3063 (1) sec
[637] Ep10000: Max 9882 (286) steps (0.0001 hrs) 0.00:250.00 3063 (0) sec
[638] Ep10000: Max 9882 (471) steps (0.0001 hrs) 10.20:0.00 3064 (1) sec
[639] Ep10000: Max 9882 (1711) steps (0.0005 hrs) 0.00:0.00 3066 (2) sec
[640] Ep10000: Max 9882 (2308) steps (0.0006 hrs) 0.00:0.00 3078 (12) sec
[641] Ep10000: Max 9882 (2074) steps (0.0006 hrs) 0.00:0.00 3081 (3) sec
[642] Ep10000: Max 9882 (818) steps (0.0002 hrs) 0.00:0.00 3082 (1) sec
[643] Ep10000: Max 37817 (37817) steps (0.0105 hrs) 17.54:0.00 3084 (2) sec
[644] Ep10000: Max 37817 (310) steps (0.0001 hrs) 30.30:0.00 3085 (1) sec
[645] Ep10000: Max 37817 (2574) steps (0.0007 hrs) 0.00:0.00 3097 (12) sec
[646] Ep10000: Max 37817 (1700) steps (0.0005 hrs) 0.00:0.00 3099 (2) sec
[647] Ep10000: Max 37817 (2052) steps (0.0006 hrs) 0.00:0.00 3111 (12) sec
[648] Ep10000: Max 37817 (2017) steps (0.0006 hrs) 0.00:0.00 3113 (2) sec
[649] Ep10000: Max 37817 (2321) steps (0.0006 hrs) 0.00:0.00 3127 (14) sec
[650] Ep10000: Max 37817 (276) steps (0.0001 hrs) 0.00:5.88 3127 (0) sec
[651] Ep10000: Max 37817 (2355) steps (0.0007 hrs) 18.18:0.00 3132 (5) sec
[652] Ep10000: Max 37817 (298) steps (0.0001 hrs) 0.00:13.16 3133 (1) sec
[653] Ep10000: Max 37817 (295) steps (0.0001 hrs) 14.93:0.00 3133 (0) sec
[654] Ep10000: Max 37817 (296) steps (0.0001 hrs) 13.33:0.00 3134 (1) sec
[655] Ep10000: Max 37817 (2257) steps (0.0006 hrs) 0.00:0.00 3145 (11) sec
[656] Ep10000: Max 37817 (2200) steps (0.0006 hrs) 0.00:0.00 3147 (2) sec
[657] Ep10000: Max 37817 (2299) steps (0.0006 hrs) 0.00:0.00 3159 (12) sec
[658] Ep10000: Max 37817 (326) steps (0.0001 hrs) 15.15:0.00 3160 (1) sec
[659] Ep10000: Max 37817 (284) steps (0.0001 hrs) 12.82:0.00 3161 (1) sec
[660] Ep10000: Max 37817 (278) steps (0.0001 hrs) 23.26:0.00 3161 (0) sec
[661] Ep10000: Max 37817 (1607) steps (0.0004 hrs) 0.00:0.00 3162 (1) sec
[662] Ep10000: Max 37817 (2410) steps (0.0007 hrs) 0.00:0.00 3175 (13) sec
[663] Ep10000: Max 37817 (2067) steps (0.0006 hrs) 0.00:200.00 3177 (2) sec
[664] Ep10000: Max 37817 (2399) steps (0.0007 hrs) 0.00:0.00 3190 (13) sec
[665] Ep10000: Max 37817 (2302) steps (0.0006 hrs) 0.00:0.00 3201 (11) sec
[666] Ep10000: Max 37817 (2192) steps (0.0006 hrs) 0.00:0.00 3202 (1) sec
[667] Ep10000: Max 37817 (2339) steps (0.0006 hrs) 0.00:0.00 3213 (11) sec
[668] Ep10000: Max 37817 (1691) steps (0.0005 hrs) 0.00:0.00 3213 (0) sec
[669] Ep10000: Max 37817 (277) steps (0.0001 hrs) 18.87:0.00 3214 (1) sec
[670] Ep10000: Max 37817 (1111) steps (0.0003 hrs) 17.24:0.00 3214 (0) sec
[671] Ep10000: Max 37817 (151) steps (0.0000 hrs) 10.75:0.00 3215 (1) sec
[672] Ep10000: Max 37817 (496) steps (0.0001 hrs) 23.81:0.00 3215 (0) sec
[673] Ep10000: Max 37817 (150) steps (0.0000 hrs) 17.86:0.00 3216 (1) sec
[674] Ep10000: Max 37817 (2706) steps (0.0008 hrs) 0.00:0.00 3228 (12) sec
[675] Ep10000: Max 37817 (329) steps (0.0001 hrs) 10.75:0.00 3229 (1) sec
[676] Ep10000: Max 37817 (2005) steps (0.0006 hrs) 0.00:0.00 3230 (1) sec
[677] Ep10000: Max 37817 (2342) steps (0.0007 hrs) 0.00:0.00 3240 (10) sec
[678] Ep10000: Max 37817 (287) steps (0.0001 hrs) 0.00:20.41 3240 (0) sec
[679] Ep10000: Max 37817 (682) steps (0.0002 hrs) 0.00:17.24 3241 (1) sec
[680] Ep10000: Max 37817 (287) steps (0.0001 hrs) 20.00:0.00 3241 (0) sec
[681] Ep10000: Max 37817 (1406) steps (0.0004 hrs) 0.00:0.00 3243 (2) sec
[682] Ep10000: Max 37817 (293) steps (0.0001 hrs) 0.00:12.20 3243 (0) sec
[683] Ep10000: Max 37817 (150) steps (0.0000 hrs) 17.24:0.00 3244 (1) sec
[684] Ep10000: Max 37817 (532) steps (0.0001 hrs) 0.00:333.33 3244 (0) sec
[685] Ep10000: Max 37817 (2645) steps (0.0007 hrs) 0.00:0.00 3256 (12) sec
[686] Ep10000: Max 37817 (1688) steps (0.0005 hrs) 0.00:0.00 3258 (2) sec
[687] Ep10000: Max 37817 (296) steps (0.0001 hrs) 26.32:0.00 3259 (1) sec
[688] Ep10000: Max 37817 (1172) steps (0.0003 hrs) 18.87:0.00 3259 (0) sec
[689] Ep10000: Max 37817 (1129) steps (0.0003 hrs) 0.00:11.90 3260 (1) sec
[690] Ep10000: Max 37817 (2382) steps (0.0007 hrs) 0.00:0.00 3273 (13) sec
[691] Ep10000: Max 37817 (534) steps (0.0001 hrs) 14.29:0.00 3273 (0) sec
[692] Ep10000: Max 37817 (2181) steps (0.0006 hrs) 0.00:0.00 3286 (13) sec
[693] Ep10000: Max 37817 (2079) steps (0.0006 hrs) 0.00:0.00 3299 (13) sec
[694] Ep10000: Max 37817 (268) steps (0.0001 hrs) 0.00:25.64 3299 (0) sec
[695] Ep10000: Max 37817 (2112) steps (0.0006 hrs) 0.00:0.00 3310 (11) sec
[696] Ep10000: Max 37817 (1354) steps (0.0004 hrs) 0.00:0.00 3310 (0) sec
[697] Ep10000: Max 37817 (1754) steps (0.0005 hrs) 0.00:0.00 3312 (2) sec
[698] Ep10000: Max 37817 (1992) steps (0.0006 hrs) 0.00:0.00 3324 (12) sec
[699] Ep10000: Max 37817 (2037) steps (0.0006 hrs) 0.00:0.00 3327 (3) sec
[700] Ep10000: Max 37817 (1971) steps (0.0005 hrs) 0.00:0.00 3338 (11) sec
[701] Ep10000: Max 37817 (1179) steps (0.0003 hrs) 0.00:0.00 3338 (0) sec
[702] Ep10000: Max 37817 (2223) steps (0.0006 hrs) 0.00:0.00 3349 (11) sec
[703] Ep10000: Max 37817 (1974) steps (0.0005 hrs) 0.00:19.61 3359 (10) sec
[704] Ep10000: Max 37817 (2329) steps (0.0006 hrs) 3.46:0.00 3371 (12) sec
[705] Ep10000: Max 37817 (256) steps (0.0001 hrs) 12.05:0.00 3371 (0) sec
[706] Ep10000: Max 37817 (1711) steps (0.0005 hrs) 13.89:0.00 3373 (2) sec
[707] Ep10000: Max 37817 (2361) steps (0.0007 hrs) 0.00:0.00 3385 (12) sec
[708] Ep10000: Max 37817 (2292) steps (0.0006 hrs) 0.00:0.00 3398 (13) sec
[709] Ep10000: Max 37817 (519) steps (0.0001 hrs) 0.00:11.76 3399 (1) sec
[710] Ep10000: Max 37817 (3015) steps (0.0008 hrs) 0.00:0.00 3411 (12) sec
[711] Ep10000: Max 37817 (639) steps (0.0002 hrs) 12.66:0.00 3412 (1) sec
[712] Ep10000: Max 37817 (150) steps (0.0000 hrs) 22.73:0.00 3413 (1) sec
[713] Ep10000: Max 37817 (483) steps (0.0001 hrs) 0.00:16.39 3413 (0) sec
[714] Ep10000: Max 37817 (515) steps (0.0001 hrs) 76.92:0.00 3414 (1) sec
[715] Ep10000: Max 37817 (288) steps (0.0001 hrs) 12.50:0.00 3414 (0) sec
[716] Ep10000: Max 37817 (506) steps (0.0001 hrs) 14.29:0.00 3415 (1) sec
[717] Ep10000: Max 37817 (290) steps (0.0001 hrs) 18.18:0.00 3416 (1) sec
[718] Ep10000: Max 37817 (1450) steps (0.0004 hrs) 0.00:0.00 3417 (1) sec
[719] Ep10000: Max 37817 (2113) steps (0.0006 hrs) 0.00:0.00 3428 (11) sec
[720] Ep10000: Max 37817 (248) steps (0.0001 hrs) 0.00:71.43 3429 (1) sec
[721] Ep10000: Max 37817 (515) steps (0.0001 hrs) 0.00:21.74 3429 (0) sec
[722] Ep10000: Max 37817 (283) steps (0.0001 hrs) 10.20:0.00 3430 (1) sec
[723] Ep10000: Max 37817 (270) steps (0.0001 hrs) 18.18:0.00 3430 (0) sec
[724] Ep10000: Max 37817 (2369) steps (0.0007 hrs) 0.00:0.00 3439 (9) sec
[725] Ep10000: Max 37817 (2465) steps (0.0007 hrs) 0.00:0.00 3451 (12) sec
[726] Ep10000: Max 37817 (687) steps (0.0002 hrs) 0.00:11.11 3452 (1) sec
[727] Ep10000: Max 37817 (2092) steps (0.0006 hrs) 0.00:0.00 3465 (13) sec
[728] Ep10000: Max 37817 (1216) steps (0.0003 hrs) 0.00:0.00 3465 (0) sec
[729] Ep10000: Max 37817 (732) steps (0.0002 hrs) 25.00:0.00 3466 (1) sec
[730] Ep10000: Max 37817 (270) steps (0.0001 hrs) 15.75:0.00 3466 (0) sec
[731] Ep10000: Max 37817 (1384) steps (0.0004 hrs) 0.00:0.00 3467 (1) sec
[732] Ep10000: Max 37817 (528) steps (0.0001 hrs) 17.86:0.00 3468 (1) sec
[733] Ep10000: Max 37817 (3105) steps (0.0009 hrs) 0.00:0.00 3469 (1) sec
[734] Ep10000: Max 37817 (1537) steps (0.0004 hrs) 0.00:0.00 3470 (1) sec
[735] Ep10000: Max 37817 (2264) steps (0.0006 hrs) 0.00:0.00 3482 (12) sec
[736] Ep10000: Max 37817 (531) steps (0.0001 hrs) 7.07:3.53 3483 (1) sec
[737] Ep10000: Max 37817 (1948) steps (0.0005 hrs) 0.00:0.00 3485 (2) sec
[738] Ep10000: Max 37817 (2272) steps (0.0006 hrs) 0.00:0.00 3497 (12) sec
[739] Ep10000: Max 37817 (2511) steps (0.0007 hrs) 0.00:0.00 3511 (14) sec
[740] Ep10000: Max 37817 (2150) steps (0.0006 hrs) 0.00:0.00 3523 (12) sec
[741] Ep10000: Max 37817 (1305) steps (0.0004 hrs) 0.00:0.00 3524 (1) sec
[742] Ep10000: Max 37817 (1436) steps (0.0004 hrs) 0.00:0.00 3527 (3) sec
[743] Ep10000: Max 37817 (2001) steps (0.0006 hrs) 0.00:0.00 3528 (1) sec
[744] Ep10000: Max 37817 (331) steps (0.0001 hrs) 17.54:0.00 3529 (1) sec
[745] Ep10000: Max 37817 (687) steps (0.0002 hrs) 40.00:0.00 3529 (0) sec
[746] Ep10000: Max 37817 (28771) steps (0.0080 hrs) 0.00:0.00 3530 (1) sec
[747] Ep10000: Max 37817 (243) steps (0.0001 hrs) 0.00:12.66 3531 (1) sec
[748] Ep10000: Max 37817 (307) steps (0.0001 hrs) 16.00:0.00 3531 (0) sec
[749] Ep10000: Max 37817 (2220) steps (0.0006 hrs) 0.00:0.00 3542 (11) sec
[750] Ep10000: Max 37817 (2122) steps (0.0006 hrs) 0.00:0.00 3557 (15) sec
[751] Ep10000: Max 37817 (700) steps (0.0002 hrs) 90.91:0.00 3558 (1) sec
[752] Ep10000: Max 37817 (1803) steps (0.0005 hrs) 0.00:0.00 3570 (12) sec
[753] Ep10000: Max 37817 (2267) steps (0.0006 hrs) 11.36:0.00 3575 (5) sec
[754] Ep10000: Max 37817 (2137) steps (0.0006 hrs) 0.00:0.00 3587 (12) sec
[755] Ep10000: Max 37817 (1396) steps (0.0004 hrs) 16.26:0.00 3589 (2) sec
[756] Ep10000: Max 37817 (2404) steps (0.0007 hrs) 0.00:0.00 3601 (12) sec
[757] Ep10000: Max 37817 (404) steps (0.0001 hrs) 13.89:0.00 3601 (0) sec
[758] Ep10000: Max 37817 (177) steps (0.0000 hrs) 0.00:8.40 3602 (1) sec
[759] Ep10000: Max 37817 (235) steps (0.0001 hrs) 8.93:0.00 3603 (1) sec
[760] Ep10000: Max 37817 (1818) steps (0.0005 hrs) 0.00:0.00 3608 (5) sec
[761] Ep10000: Max 37817 (173) steps (0.0000 hrs) 35.71:0.00 3609 (1) sec
[762] Ep10000: Max 37817 (538) steps (0.0001 hrs) 0.00:15.62 3609 (0) sec
[763] Ep10000: Max 37817 (150) steps (0.0000 hrs) 16.95:0.00 3610 (1) sec
[764] Ep10000: Max 37817 (476) steps (0.0001 hrs) 8.77:0.00 3611 (1) sec
[765] Ep10000: Max 37817 (2120) steps (0.0006 hrs) 0.00:0.00 3613 (2) sec
[766] Ep10000: Max 37817 (321) steps (0.0001 hrs) 0.00:20.00 3614 (1) sec
[767] Ep10000: Max 37817 (700) steps (0.0002 hrs) 6.92:3.46 3614 (0) sec
[768] Ep10000: Max 37817 (528) steps (0.0001 hrs) 0.00:10.75 3615 (1) sec
[769] Ep10000: Max 37817 (1908) steps (0.0005 hrs) 0.00:0.00 3616 (1) sec
[770] Ep10000: Max 37817 (2273) steps (0.0006 hrs) 0.00:0.00 3627 (11) sec
[771] Ep10000: Max 37817 (504) steps (0.0001 hrs) 25.00:0.00 3627 (0) sec
[772] Ep10000: Max 37817 (2572) steps (0.0007 hrs) 0.00:0.00 3639 (12) sec
[773] Ep10000: Max 37817 (2225) steps (0.0006 hrs) 0.00:0.00 3651 (12) sec
[774] Ep10000: Max 37817 (285) steps (0.0001 hrs) 10.53:0.00 3652 (1) sec
[775] Ep10000: Max 37817 (1253) steps (0.0003 hrs) 17.70:0.00 3652 (0) sec
[776] Ep10000: Max 37817 (2349) steps (0.0007 hrs) 0.00:0.00 3654 (2) sec
[777] Ep10000: Max 37817 (381) steps (0.0001 hrs) 0.00:26.32 3655 (1) sec
[778] Ep10000: Max 37817 (2476) steps (0.0007 hrs) 0.00:0.00 3667 (12) sec
[779] Ep10000: Max 37817 (2319) steps (0.0006 hrs) 0.00:0.00 3680 (13) sec
[780] Ep10000: Max 37817 (2306) steps (0.0006 hrs) 0.00:0.00 3692 (12) sec
[781] Ep10000: Max 37817 (500) steps (0.0001 hrs) 10.87:0.00 3693 (1) sec
[782] Ep10000: Max 37817 (273) steps (0.0001 hrs) 15.15:0.00 3694 (1) sec
[783] Ep10000: Max 37817 (318) steps (0.0001 hrs) 10.75:0.00 3694 (0) sec
[784] Ep10000: Max 37817 (695) steps (0.0002 hrs) 0.00:15.87 3695 (1) sec
[785] Ep10000: Max 37817 (1826) steps (0.0005 hrs) 0.00:0.00 3697 (2) sec
[786] Ep10000: Max 37817 (1093) steps (0.0003 hrs) 0.00:16.67 3697 (0) sec
[787] Ep10000: Max 37817 (151) steps (0.0000 hrs) 12.35:0.00 3698 (1) sec
[788] Ep10000: Max 37817 (2170) steps (0.0006 hrs) 0.00:0.00 3711 (13) sec
[789] Ep10000: Max 37817 (536) steps (0.0001 hrs) 6.54:6.54 3711 (0) sec
[790] Ep10000: Max 37817 (1521) steps (0.0004 hrs) 0.00:0.00 3712 (1) sec
[791] Ep10000: Max 37817 (278) steps (0.0001 hrs) 41.67:0.00 3712 (0) sec
[792] Ep10000: Max 37817 (688) steps (0.0002 hrs) 0.00:11.49 3713 (1) sec
[793] Ep10000: Max 37817 (1982) steps (0.0006 hrs) 0.00:0.00 3726 (13) sec
[794] Ep10000: Max 37817 (1618) steps (0.0004 hrs) 0.00:0.00 3726 (0) sec
[795] Ep10000: Max 37817 (337) steps (0.0001 hrs) 16.67:0.00 3727 (1) sec
[796] Ep10000: Max 37817 (2201) steps (0.0006 hrs) 0.00:0.00 3738 (11) sec
[797] Ep10000: Max 37817 (491) steps (0.0001 hrs) 10.31:0.00 3739 (1) sec
[798] Ep10000: Max 37817 (519) steps (0.0001 hrs) 0.00:16.13 3739 (0) sec
[799] Ep10000: Max 37817 (291) steps (0.0001 hrs) 12.82:0.00 3740 (1) sec
[800] Ep10000: Max 37817 (511) steps (0.0001 hrs) 7.46:7.46 3741 (1) sec
[801] Ep10000: Max 37817 (287) steps (0.0001 hrs) 27.03:0.00 3742 (1) sec
[802] Ep10000: Max 37817 (273) steps (0.0001 hrs) 13.89:0.00 3742 (0) sec
[803] Ep10000: Max 37817 (2383) steps (0.0007 hrs) 0.00:0.00 3753 (11) sec
[804] Ep10000: Max 37817 (1913) steps (0.0005 hrs) 0.00:21.28 3757 (4) sec
[805] Ep10000: Max 37817 (524) steps (0.0001 hrs) 18.18:0.00 3757 (0) sec
[806] Ep10000: Max 37817 (272) steps (0.0001 hrs) 0.00:13.51 3758 (1) sec
[807] Ep10000: Max 37817 (305) steps (0.0001 hrs) 13.16:0.00 3759 (1) sec
[808] Ep10000: Max 37817 (4911) steps (0.0014 hrs) 9.71:9.71 3760 (1) sec
[809] Ep10000: Max 37817 (2225) steps (0.0006 hrs) 0.00:0.00 3777 (17) sec
[810] Ep10000: Max 37817 (2332) steps (0.0006 hrs) 0.00:0.00 3790 (13) sec
[811] Ep10000: Max 37817 (514) steps (0.0001 hrs) 15.38:0.00 3790 (0) sec
[812] Ep10000: Max 37817 (342) steps (0.0001 hrs) 14.49:0.00 3791 (1) sec
[813] Ep10000: Max 37817 (1987) steps (0.0006 hrs) 0.00:0.00 3803 (12) sec
[814] Ep10000: Max 37817 (2081) steps (0.0006 hrs) 0.00:0.00 3816 (13) sec
[815] Ep10000: Max 37817 (260) steps (0.0001 hrs) 32.26:0.00 3816 (0) sec
[816] Ep10000: Max 37817 (1602) steps (0.0004 hrs) 0.00:0.00 3817 (1) sec
[817] Ep10000: Max 37817 (2550) steps (0.0007 hrs) 0.00:0.00 3830 (13) sec
[818] Ep10000: Max 37817 (296) steps (0.0001 hrs) 14.60:0.00 3831 (1) sec
[819] Ep10000: Max 37817 (2116) steps (0.0006 hrs) 0.00:0.00 3844 (13) sec
[820] Ep10000: Max 37817 (454) steps (0.0001 hrs) 11.90:0.00 3845 (1) sec
[821] Ep10000: Max 37817 (682) steps (0.0002 hrs) 13.70:0.00 3846 (1) sec
[822] Ep10000: Max 37817 (1840) steps (0.0005 hrs) 0.00:10.31 3851 (5) sec
[823] Ep10000: Max 37817 (1092) steps (0.0003 hrs) 18.02:0.00 3852 (1) sec
[824] Ep10000: Max 37817 (1640) steps (0.0005 hrs) 14.71:0.00 3854 (2) sec
[825] Ep10000: Max 37817 (285) steps (0.0001 hrs) 17.24:0.00 3854 (0) sec
[826] Ep10000: Max 37817 (253) steps (0.0001 hrs) 18.52:0.00 3855 (1) sec
[827] Ep10000: Max 37817 (150) steps (0.0000 hrs) 10.10:0.00 3855 (0) sec
[828] Ep10000: Max 37817 (750) steps (0.0002 hrs) 0.00:13.70 3856 (1) sec
[829] Ep10000: Max 37817 (2328) steps (0.0006 hrs) 0.00:0.00 3869 (13) sec
[830] Ep10000: Max 37817 (313) steps (0.0001 hrs) 0.00:13.70 3869 (0) sec
[831] Ep10000: Max 37817 (151) steps (0.0000 hrs) 20.41:0.00 3870 (1) sec
[832] Ep10000: Max 37817 (445) steps (0.0001 hrs) 10.99:0.00 3871 (1) sec
[833] Ep10000: Max 37817 (508) steps (0.0001 hrs) 10.64:0.00 3871 (0) sec
[834] Ep10000: Max 37817 (269) steps (0.0001 hrs) 90.91:0.00 3872 (1) sec
[835] Ep10000: Max 37817 (512) steps (0.0001 hrs) 0.00:27.78 3872 (0) sec
[836] Ep10000: Max 37817 (151) steps (0.0000 hrs) 15.50:0.00 3873 (1) sec
[837] Ep10000: Max 37817 (2043) steps (0.0006 hrs) 0.00:0.00 3886 (13) sec
[838] Ep10000: Max 37817 (279) steps (0.0001 hrs) 52.63:0.00 3886 (0) sec
[839] Ep10000: Max 37817 (268) steps (0.0001 hrs) 14.29:0.00 3887 (1) sec
[840] Ep10000: Max 37817 (276) steps (0.0001 hrs) 13.33:0.00 3887 (0) sec
[841] Ep10000: Max 37817 (2371) steps (0.0007 hrs) 0.00:0.00 3900 (13) sec
[842] Ep10000: Max 37817 (337) steps (0.0001 hrs) 0.00:10.42 3901 (1) sec
[843] Ep10000: Max 37817 (2761) steps (0.0008 hrs) 0.00:0.00 3913 (12) sec
[844] Ep10000: Max 37817 (150) steps (0.0000 hrs) 0.00:6.99 3914 (1) sec
[845] Ep10000: Max 37817 (1025) steps (0.0003 hrs) 0.00:0.00 3915 (1) sec
[846] Ep10000: Max 37817 (1498) steps (0.0004 hrs) 0.00:0.00 3915 (0) sec
[847] Ep10000: Max 37817 (275) steps (0.0001 hrs) 0.00:20.41 3916 (1) sec
[848] Ep10000: Max 37817 (2375) steps (0.0007 hrs) 0.00:0.00 3927 (11) sec
[849] Ep10000: Max 37817 (1847) steps (0.0005 hrs) 0.00:0.00 3929 (2) sec
[850] Ep10000: Max 37817 (2815) steps (0.0008 hrs) 0.00:0.00 3942 (13) sec
[851] Ep10000: Max 37817 (286) steps (0.0001 hrs) 0.00:27.78 3943 (1) sec
[852] Ep10000: Max 37817 (2419) steps (0.0007 hrs) 0.00:0.00 3952 (9) sec
[853] Ep10000: Max 37817 (1547) steps (0.0004 hrs) 0.00:0.00 3954 (2) sec
[854] Ep10000: Max 37817 (1974) steps (0.0005 hrs) 21.74:0.00 3957 (3) sec
[855] Ep10000: Max 37817 (1976) steps (0.0005 hrs) 0.00:0.00 3969 (12) sec
[856] Ep10000: Max 37817 (171) steps (0.0000 hrs) 27.78:0.00 3969 (0) sec
[857] Ep10000: Max 37817 (2204) steps (0.0006 hrs) 22.73:0.00 3976 (7) sec
[858] Ep10000: Max 37817 (296) steps (0.0001 hrs) 14.49:0.00 3977 (1) sec
[859] Ep10000: Max 37817 (1737) steps (0.0005 hrs) 0.00:0.00 3981 (4) sec
[860] Ep10000: Max 37817 (776) steps (0.0002 hrs) 14.71:0.00 3981 (0) sec
[861] Ep10000: Max 37817 (1625) steps (0.0005 hrs) 0.00:0.00 3984 (3) sec
[862] Ep10000: Max 37817 (1667) steps (0.0005 hrs) 0.00:0.00 3985 (1) sec
[863] Ep10000: Max 37817 (2745) steps (0.0008 hrs) 0.00:0.00 3997 (12) sec
[864] Ep10000: Max 37817 (1784) steps (0.0005 hrs) 0.00:0.00 3998 (1) sec
[865] Ep10000: Max 37817 (1293) steps (0.0004 hrs) 0.00:0.00 3999 (1) sec
[866] Ep10000: Max 37817 (2542) steps (0.0007 hrs) 0.00:0.00 4012 (13) sec
[867] Ep10000: Max 37817 (149) steps (0.0000 hrs) 16.67:0.00 4012 (0) sec
[868] Ep10000: Max 37817 (283) steps (0.0001 hrs) 14.49:0.00 4013 (1) sec
[869] Ep10000: Max 37817 (1652) steps (0.0005 hrs) 0.00:0.00 4014 (1) sec
[870] Ep10000: Max 37817 (291) steps (0.0001 hrs) 10.31:0.00 4014 (0) sec
[871] Ep10000: Max 37817 (1930) steps (0.0005 hrs) 7.41:7.41 4021 (7) sec
[872] Ep10000: Max 37817 (251) steps (0.0001 hrs) 0.00:9.35 4022 (1) sec
[873] Ep10000: Max 37817 (299) steps (0.0001 hrs) 20.41:0.00 4023 (1) sec
[874] Ep10000: Max 37817 (1932) steps (0.0005 hrs) 12.99:0.00 4029 (6) sec
[875] Ep10000: Max 37817 (2393) steps (0.0007 hrs) 0.00:0.00 4043 (14) sec
[876] Ep10000: Max 37817 (2688) steps (0.0007 hrs) 15.87:0.00 4054 (11) sec
[877] Ep10000: Max 37817 (1542) steps (0.0004 hrs) 0.00:0.00 4056 (2) sec
[878] Ep10000: Max 37817 (1950) steps (0.0005 hrs) 0.00:0.00 4058 (2) sec
[879] Ep10000: Max 37817 (1583) steps (0.0004 hrs) 0.00:0.00 4058 (0) sec
[880] Ep10000: Max 37817 (686) steps (0.0002 hrs) 9.26:9.26 4059 (1) sec
[881] Ep10000: Max 37817 (1664) steps (0.0005 hrs) 0.00:0.00 4060 (1) sec
[882] Ep10000: Max 37817 (290) steps (0.0001 hrs) 0.00:14.08 4061 (1) sec
[883] Ep10000: Max 37817 (2103) steps (0.0006 hrs) 0.00:0.00 4074 (13) sec
[884] Ep10000: Max 37817 (1806) steps (0.0005 hrs) 0.00:0.00 4076 (2) sec
[885] Ep10000: Max 37817 (2383) steps (0.0007 hrs) 0.00:0.00 4087 (11) sec
[886] Ep10000: Max 37817 (309) steps (0.0001 hrs) 10.10:0.00 4088 (1) sec
[887] Ep10000: Max 37817 (272) steps (0.0001 hrs) 0.00:13.33 4088 (0) sec
[888] Ep10000: Max 37817 (279) steps (0.0001 hrs) 18.52:0.00 4089 (1) sec
[889] Ep10000: Max 37817 (177) steps (0.0000 hrs) 0.00:10.42 4089 (0) sec
[890] Ep10000: Max 37817 (532) steps (0.0001 hrs) 12.99:0.00 4089 (0) sec
[891] Ep10000: Max 37817 (1478) steps (0.0004 hrs) 0.00:23.81 4091 (2) sec
[892] Ep10000: Max 37817 (1822) steps (0.0005 hrs) 0.00:0.00 4103 (12) sec
[893] Ep10000: Max 37817 (2194) steps (0.0006 hrs) 0.00:0.00 4117 (14) sec
[894] Ep10000: Max 37817 (1559) steps (0.0004 hrs) 0.00:0.00 4119 (2) sec
[895] Ep10000: Max 37817 (2068) steps (0.0006 hrs) 0.00:0.00 4128 (9) sec
[896] Ep10000: Max 37817 (2682) steps (0.0007 hrs) 0.00:0.00 4141 (13) sec
[897] Ep10000: Max 37817 (327) steps (0.0001 hrs) 6.76:0.00 4142 (1) sec
[898] Ep10000: Max 37817 (286) steps (0.0001 hrs) 0.00:26.32 4143 (1) sec
[899] Ep10000: Max 37817 (335) steps (0.0001 hrs) 0.00:13.16 4143 (0) sec
[900] Ep10000: Max 37817 (257) steps (0.0001 hrs) 14.08:0.00 4144 (1) sec
[901] Ep10000: Max 37817 (2438) steps (0.0007 hrs) 0.00:0.00 4159 (15) sec
[902] Ep10000: Max 37817 (334) steps (0.0001 hrs) 0.00:10.00 4159 (0) sec
[903] Ep10000: Max 37817 (2352) steps (0.0007 hrs) 0.00:0.00 4173 (14) sec
[904] Ep10000: Max 37817 (522) steps (0.0001 hrs) 10.20:0.00 4174 (1) sec
[905] Ep10000: Max 37817 (333) steps (0.0001 hrs) 9.90:0.00 4174 (0) sec
[906] Ep10000: Max 37817 (327) steps (0.0001 hrs) 10.31:0.00 4175 (1) sec
[907] Ep10000: Max 37817 (298) steps (0.0001 hrs) 20.00:0.00 4176 (1) sec
[908] Ep10000: Max 37817 (2415) steps (0.0007 hrs) 0.00:0.00 4190 (14) sec
[909] Ep10000: Max 37817 (2422) steps (0.0007 hrs) 0.00:0.00 4201 (11) sec
[910] Ep10000: Max 37817 (1572) steps (0.0004 hrs) 0.00:0.00 4203 (2) sec
[911] Ep10000: Max 37817 (460) steps (0.0001 hrs) 62.50:0.00 4204 (1) sec
[912] Ep10000: Max 37817 (271) steps (0.0001 hrs) 0.00:0.00 4204 (0) sec
[913] Ep10000: Max 37817 (5785) steps (0.0016 hrs) 0.00:0.00 4217 (13) sec
[914] Ep10000: Max 37817 (1255) steps (0.0003 hrs) 0.00:0.00 4218 (1) sec
[915] Ep10000: Max 37817 (1182) steps (0.0003 hrs) 0.00:10.87 4219 (1) sec
[916] Ep10000: Max 37817 (1169) steps (0.0003 hrs) 0.00:0.00 4219 (0) sec
[917] Ep10000: Max 37817 (296) steps (0.0001 hrs) 14.71:0.00 4220 (1) sec
[918] Ep10000: Max 37817 (1888) steps (0.0005 hrs) 0.00:0.00 4233 (13) sec
[919] Ep10000: Max 37817 (2227) steps (0.0006 hrs) 0.00:0.00 4243 (10) sec
[920] Ep10000: Max 37817 (2525) steps (0.0007 hrs) 0.00:0.00 4256 (13) sec
[921] Ep10000: Max 37817 (1915) steps (0.0005 hrs) 45.45:0.00 4257 (1) sec
[922] Ep10000: Max 37817 (1399) steps (0.0004 hrs) 0.00:0.00 4259 (2) sec
[923] Ep10000: Max 37817 (1364) steps (0.0004 hrs) 0.00:0.00 4259 (0) sec
[924] Ep10000: Max 37817 (288) steps (0.0001 hrs) 17.54:0.00 4260 (1) sec
[925] Ep10000: Max 37817 (2404) steps (0.0007 hrs) 0.00:0.00 4273 (13) sec
[926] Ep10000: Max 37817 (528) steps (0.0001 hrs) 66.67:0.00 4274 (1) sec
[927] Ep10000: Max 37817 (437) steps (0.0001 hrs) 14.39:0.00 4274 (0) sec
[928] Ep10000: Max 37817 (2445) steps (0.0007 hrs) 0.00:0.00 4287 (13) sec
[929] Ep10000: Max 37817 (151) steps (0.0000 hrs) 17.86:0.00 4287 (0) sec
[930] Ep10000: Max 37817 (267) steps (0.0001 hrs) 18.52:0.00 4288 (1) sec
[931] Ep10000: Max 37817 (1692) steps (0.0005 hrs) 19.23:0.00 4289 (1) sec
[932] Ep10000: Max 37817 (150) steps (0.0000 hrs) 12.05:0.00 4290 (1) sec
[933] Ep10000: Max 37817 (1741) steps (0.0005 hrs) 0.00:0.00 4291 (1) sec
[934] Ep10000: Max 37817 (2055) steps (0.0006 hrs) 0.00:0.00 4293 (2) sec
[935] Ep10000: Max 37817 (250) steps (0.0001 hrs) 0.00:12.66 4294 (1) sec
[936] Ep10000: Max 37817 (2092) steps (0.0006 hrs) 0.00:0.00 4306 (12) sec
[937] Ep10000: Max 37817 (497) steps (0.0001 hrs) 13.16:0.00 4307 (1) sec
[938] Ep10000: Max 37817 (2280) steps (0.0006 hrs) 0.00:0.00 4319 (12) sec
[939] Ep10000: Max 37817 (684) steps (0.0002 hrs) 0.00:16.67 4319 (0) sec
[940] Ep10000: Max 37817 (257) steps (0.0001 hrs) 0.00:10.42 4320 (1) sec
[941] Ep10000: Max 37817 (1214) steps (0.0003 hrs) 0.00:0.00 4321 (1) sec
[942] Ep10000: Max 37817 (261) steps (0.0001 hrs) 43.48:0.00 4321 (0) sec
[943] Ep10000: Max 37817 (255) steps (0.0001 hrs) 13.51:0.00 4322 (1) sec
[944] Ep10000: Max 37817 (2019) steps (0.0006 hrs) 0.00:0.00 4335 (13) sec
[945] Ep10000: Max 37817 (685) steps (0.0002 hrs) 8.47:8.47 4335 (0) sec
[946] Ep10000: Max 37817 (1980) steps (0.0006 hrs) 0.00:0.00 4347 (12) sec
[947] Ep10000: Max 37817 (299) steps (0.0001 hrs) 100.00:0.00 4348 (1) sec
[948] Ep10000: Max 37817 (1914) steps (0.0005 hrs) 19.61:0.00 4350 (2) sec
[949] Ep10000: Max 37817 (2085) steps (0.0006 hrs) 18.69:0.00 4359 (9) sec
[950] Ep10000: Max 37817 (540) steps (0.0002 hrs) 12.35:0.00 4360 (1) sec
[951] Ep10000: Max 37817 (1312) steps (0.0004 hrs) 0.00:0.00 4362 (2) sec
[952] Ep10000: Max 37817 (150) steps (0.0000 hrs) 12.50:0.00 4363 (1) sec
[953] Ep10000: Max 37817 (536) steps (0.0001 hrs) 16.00:0.00 4363 (0) sec
[954] Ep10000: Max 37817 (279) steps (0.0001 hrs) 111.11:0.00 4364 (1) sec
[955] Ep10000: Max 37817 (2238) steps (0.0006 hrs) 0.00:0.00 4375 (11) sec
[956] Ep10000: Max 37817 (690) steps (0.0002 hrs) 10.10:0.00 4376 (1) sec
[957] Ep10000: Max 37817 (928) steps (0.0003 hrs) 0.00:12.35 4377 (1) sec
[958] Ep10000: Max 37817 (1977) steps (0.0005 hrs) 0.00:0.00 4390 (13) sec
[959] Ep10000: Max 37817 (7466) steps (0.0021 hrs) 10.20:0.00 4391 (1) sec
[960] Ep10000: Max 37817 (2144) steps (0.0006 hrs) 0.00:0.00 4400 (9) sec
[961] Ep10000: Max 37817 (280) steps (0.0001 hrs) 10.64:0.00 4401 (1) sec
[962] Ep10000: Max 37817 (2101) steps (0.0006 hrs) 0.00:0.00 4408 (7) sec
[963] Ep10000: Max 37817 (3118) steps (0.0009 hrs) 0.00:0.00 4420 (12) sec
[964] Ep10000: Max 37817 (298) steps (0.0001 hrs) 0.00:20.83 4421 (1) sec
[965] Ep10000: Max 37817 (1612) steps (0.0004 hrs) 0.00:15.15 4422 (1) sec
[966] Ep10000: Max 37817 (2259) steps (0.0006 hrs) 0.00:0.00 4435 (13) sec
[967] Ep10000: Max 37817 (150) steps (0.0000 hrs) 27.78:0.00 4435 (0) sec
[968] Ep10000: Max 37817 (2112) steps (0.0006 hrs) 17.24:0.00 4445 (10) sec
[969] Ep10000: Max 37817 (698) steps (0.0002 hrs) 18.87:0.00 4445 (0) sec
[970] Ep10000: Max 37817 (713) steps (0.0002 hrs) 0.00:0.00 4446 (1) sec
[971] Ep10000: Max 37817 (324) steps (0.0001 hrs) 0.00:16.39 4446 (0) sec
[972] Ep10000: Max 37817 (315) steps (0.0001 hrs) 37.04:0.00 4447 (1) sec
[973] Ep10000: Max 37817 (524) steps (0.0001 hrs) 14.93:0.00 4447 (0) sec
[974] Ep10000: Max 37817 (25102) steps (0.0070 hrs) 0.00:0.00 4458 (11) sec
[975] Ep10000: Max 37817 (869) steps (0.0002 hrs) 76.92:0.00 4459 (1) sec
[976] Ep10000: Max 37817 (1660) steps (0.0005 hrs) 0.00:0.00 4460 (1) sec
[977] Ep10000: Max 37817 (2214) steps (0.0006 hrs) 0.00:0.00 4471 (11) sec
[978] Ep10000: Max 37817 (2099) steps (0.0006 hrs) 0.00:0.00 4484 (13) sec
[979] Ep10000: Max 37817 (2287) steps (0.0006 hrs) 0.00:0.00 4497 (13) sec
[980] Ep10000: Max 37817 (523) steps (0.0001 hrs) 16.67:0.00 4498 (1) sec
[981] Ep10000: Max 37817 (178) steps (0.0000 hrs) 0.00:58.82 4498 (0) sec
[982] Ep10000: Max 37817 (292) steps (0.0001 hrs) 0.00:12.82 4499 (1) sec
[983] Ep10000: Max 37817 (288) steps (0.0001 hrs) 18.52:0.00 4500 (1) sec
[984] Ep10000: Max 37817 (176) steps (0.0000 hrs) 14.71:0.00 4500 (0) sec
[985] Ep10000: Max 37817 (268) steps (0.0001 hrs) 14.08:0.00 4501 (1) sec
[986] Ep10000: Max 37817 (2218) steps (0.0006 hrs) 0.00:0.00 4513 (12) sec
[987] Ep10000: Max 37817 (607) steps (0.0002 hrs) 0.00:6.02 4513 (0) sec
[988] Ep10000: Max 37817 (2231) steps (0.0006 hrs) 0.00:0.00 4525 (12) sec
[989] Ep10000: Max 37817 (1590) steps (0.0004 hrs) 0.00:0.00 4527 (2) sec
[990] Ep10000: Max 37817 (2283) steps (0.0006 hrs) 0.00:0.00 4530 (3) sec
[991] Ep10000: Max 37817 (2561) steps (0.0007 hrs) 0.00:0.00 4542 (12) sec
[992] Ep10000: Max 37817 (1257) steps (0.0003 hrs) 15.15:0.00 4542 (0) sec
[993] Ep10000: Max 37817 (523) steps (0.0001 hrs) 20.41:0.00 4543 (1) sec
[994] Ep10000: Max 37817 (2071) steps (0.0006 hrs) 50.00:0.00 4547 (4) sec
[995] Ep10000: Max 37817 (1678) steps (0.0005 hrs) 17.54:0.00 4550 (3) sec
[996] Ep10000: Max 37817 (264) steps (0.0001 hrs) 19.23:0.00 4551 (1) sec
[997] Ep10000: Max 37817 (279) steps (0.0001 hrs) 0.00:34.48 4551 (0) sec
[998] Ep10000: Max 37817 (2428) steps (0.0007 hrs) 0.00:0.00 4559 (8) sec
[999] Ep10000: Max 37817 (294) steps (0.0001 hrs) 16.95:0.00 4559 (0) sec
[1000] Ep10000: Max 37817 (150) steps (0.0000 hrs) 23.26:0.00 4560 (1) sec
Total Elapsed time: 4560 seconds
Wrote current data to latest.train
