balanced 0 test_flag 0
[1] Ep10000: Max 341 (341) steps (0.0001 hrs) 19.42:0.00 1 (1) sec
[2] Ep10000: Max 341 (324) steps (0.0001 hrs) 16.39:0.00 2 (1) sec
[3] Ep10000: Max 341 (236) steps (0.0001 hrs) 12.82:0.00 2 (0) sec
[4] Ep10000: Max 2802 (2802) steps (0.0008 hrs) 0.00:0.00 15 (13) sec
[5] Ep10000: Max 2802 (2488) steps (0.0007 hrs) 0.00:0.00 27 (12) sec
[6] Ep10000: Max 2802 (336) steps (0.0001 hrs) 13.61:0.00 27 (0) sec
[7] Ep10000: Max 2802 (2155) steps (0.0006 hrs) 0.00:0.00 39 (12) sec
[8] Ep10000: Max 2802 (2087) steps (0.0006 hrs) 0.00:0.00 43 (4) sec
[9] Ep10000: Max 2802 (424) steps (0.0001 hrs) 17.24:0.00 43 (0) sec
[10] Ep10000: Max 2802 (303) steps (0.0001 hrs) 16.26:0.00 44 (1) sec
[11] Ep10000: Max 2802 (284) steps (0.0001 hrs) 14.29:0.00 44 (0) sec
[12] Ep10000: Max 2802 (192) steps (0.0001 hrs) 34.48:0.00 45 (1) sec
[13] Ep10000: Max 2802 (192) steps (0.0001 hrs) 24.39:0.00 46 (1) sec
[14] Ep10000: Max 2931 (2931) steps (0.0008 hrs) 15.62:0.00 52 (6) sec
[15] Ep10000: Max 2931 (336) steps (0.0001 hrs) 19.42:0.00 52 (0) sec
[16] Ep10000: Max 2931 (303) steps (0.0001 hrs) 11.70:0.00 53 (1) sec
[17] Ep10000: Max 2931 (1039) steps (0.0003 hrs) 10.53:0.00 54 (1) sec
[18] Ep10000: Max 2931 (2147) steps (0.0006 hrs) 0.00:0.00 68 (14) sec
[19] Ep10000: Max 2931 (2155) steps (0.0006 hrs) 0.00:0.00 80 (12) sec
[20] Ep10000: Max 2931 (2190) steps (0.0006 hrs) 0.00:5.62 94 (14) sec
[21] Ep10000: Max 3173 (3173) steps (0.0009 hrs) 0.00:0.00 107 (13) sec
[22] Ep10000: Max 5373 (5373) steps (0.0015 hrs) 0.00:0.00 120 (13) sec
[23] Ep10000: Max 5373 (567) steps (0.0002 hrs) 10.20:0.00 121 (1) sec
[24] Ep10000: Max 5373 (274) steps (0.0001 hrs) 47.62:0.00 122 (1) sec
[25] Ep10000: Max 5373 (2018) steps (0.0006 hrs) 0.00:0.00 135 (13) sec
[26] Ep10000: Max 5373 (2105) steps (0.0006 hrs) 0.00:0.00 148 (13) sec
[27] Ep10000: Max 5373 (2006) steps (0.0006 hrs) 0.00:0.00 161 (13) sec
[28] Ep10000: Max 5373 (2610) steps (0.0007 hrs) 0.00:0.00 175 (14) sec
[29] Ep10000: Max 5373 (329) steps (0.0001 hrs) 0.00:12.66 176 (1) sec
[30] Ep10000: Max 5373 (1826) steps (0.0005 hrs) 0.00:3.25 188 (12) sec
[31] Ep10000: Max 5373 (312) steps (0.0001 hrs) 10.53:0.00 191 (3) sec
[32] Ep10000: Max 5373 (193) steps (0.0001 hrs) 18.52:0.00 192 (1) sec
[33] Ep10000: Max 5373 (2207) steps (0.0006 hrs) 0.00:0.00 205 (13) sec
[34] Ep10000: Max 5373 (1876) steps (0.0005 hrs) 0.00:0.00 219 (14) sec
[35] Ep10000: Max 5373 (2052) steps (0.0006 hrs) 0.00:0.00 231 (12) sec
[36] Ep10000: Max 5373 (306) steps (0.0001 hrs) 0.00:7.46 232 (1) sec
[37] Ep10000: Max 5373 (2130) steps (0.0006 hrs) 0.00:0.00 245 (13) sec
[38] Ep10000: Max 5373 (1651) steps (0.0005 hrs) 0.00:0.00 246 (1) sec
[39] Ep10000: Max 5373 (1228) steps (0.0003 hrs) 0.00:0.00 247 (1) sec
[40] Ep10000: Max 5373 (2375) steps (0.0007 hrs) 0.00:0.00 258 (11) sec
[41] Ep10000: Max 5373 (2934) steps (0.0008 hrs) 0.00:0.00 271 (13) sec
[42] Ep10000: Max 5373 (2355) steps (0.0007 hrs) 0.00:0.00 283 (12) sec
[43] Ep10000: Max 5373 (1900) steps (0.0005 hrs) 0.00:0.00 296 (13) sec
[44] Ep10000: Max 5373 (191) steps (0.0001 hrs) 30.30:0.00 296 (0) sec
[45] Ep10000: Max 5373 (1030) steps (0.0003 hrs) 10.99:0.00 297 (1) sec
[46] Ep10000: Max 5373 (554) steps (0.0002 hrs) 16.00:0.00 298 (1) sec
[47] Ep10000: Max 5373 (2473) steps (0.0007 hrs) 0.00:0.00 310 (12) sec
[48] Ep10000: Max 5373 (1922) steps (0.0005 hrs) 0.00:0.00 324 (14) sec
[49] Ep10000: Max 5373 (2122) steps (0.0006 hrs) 0.00:0.00 339 (15) sec
[50] Ep10000: Max 5373 (2428) steps (0.0007 hrs) 0.00:0.00 352 (13) sec
[51] Ep10000: Max 5373 (2073) steps (0.0006 hrs) 0.00:0.00 354 (2) sec
[52] Ep10000: Max 5373 (2166) steps (0.0006 hrs) 0.00:0.00 367 (13) sec
[53] Ep10000: Max 5373 (325) steps (0.0001 hrs) 10.42:0.00 368 (1) sec
[54] Ep10000: Max 5373 (681) steps (0.0002 hrs) 12.90:0.00 369 (1) sec
[55] Ep10000: Max 5373 (2019) steps (0.0006 hrs) 0.00:0.00 382 (13) sec
[56] Ep10000: Max 5373 (1915) steps (0.0005 hrs) 0.00:0.00 395 (13) sec
[57] Ep10000: Max 5373 (373) steps (0.0001 hrs) 12.50:0.00 395 (0) sec
[58] Ep10000: Max 5373 (1541) steps (0.0004 hrs) 0.00:0.00 397 (2) sec
[59] Ep10000: Max 5373 (2043) steps (0.0006 hrs) 0.00:0.00 409 (12) sec
[60] Ep10000: Max 5373 (2077) steps (0.0006 hrs) 0.00:0.00 421 (12) sec
[61] Ep10000: Max 5373 (2108) steps (0.0006 hrs) 0.00:0.00 435 (14) sec
[62] Ep10000: Max 5373 (521) steps (0.0001 hrs) 10.75:0.00 435 (0) sec
[63] Ep10000: Max 5373 (318) steps (0.0001 hrs) 0.00:21.74 437 (2) sec
[64] Ep10000: Max 5373 (357) steps (0.0001 hrs) 11.90:0.00 438 (1) sec
[65] Ep10000: Max 5373 (579) steps (0.0002 hrs) 12.82:0.00 438 (0) sec
[66] Ep10000: Max 5373 (1286) steps (0.0004 hrs) 9.52:9.52 439 (1) sec
[67] Ep10000: Max 5373 (2048) steps (0.0006 hrs) 0.00:0.00 452 (13) sec
[68] Ep10000: Max 5373 (2527) steps (0.0007 hrs) 0.00:0.00 463 (11) sec
[69] Ep10000: Max 5373 (313) steps (0.0001 hrs) 17.54:0.00 464 (1) sec
[70] Ep10000: Max 5373 (2416) steps (0.0007 hrs) 0.00:0.00 476 (12) sec
[71] Ep10000: Max 5373 (348) steps (0.0001 hrs) 11.56:0.00 477 (1) sec
[72] Ep10000: Max 5373 (306) steps (0.0001 hrs) 10.93:0.00 477 (0) sec
[73] Ep10000: Max 5373 (275) steps (0.0001 hrs) 11.70:0.00 478 (1) sec
[74] Ep10000: Max 5373 (2400) steps (0.0007 hrs) 0.00:0.00 491 (13) sec
[75] Ep10000: Max 5373 (262) steps (0.0001 hrs) 14.18:0.00 491 (0) sec
[76] Ep10000: Max 5373 (2200) steps (0.0006 hrs) 0.00:0.00 504 (13) sec
[77] Ep10000: Max 5373 (522) steps (0.0001 hrs) 13.51:0.00 505 (1) sec
[78] Ep10000: Max 5373 (383) steps (0.0001 hrs) 43.48:0.00 505 (0) sec
[79] Ep10000: Max 5373 (427) steps (0.0001 hrs) 11.76:0.00 506 (1) sec
[80] Ep10000: Max 5373 (2619) steps (0.0007 hrs) 6.76:0.00 519 (13) sec
[81] Ep10000: Max 5373 (2539) steps (0.0007 hrs) 0.00:0.00 532 (13) sec
[82] Ep10000: Max 5373 (2044) steps (0.0006 hrs) 0.00:0.00 543 (11) sec
[83] Ep10000: Max 5373 (2566) steps (0.0007 hrs) 0.00:0.00 556 (13) sec
[84] Ep10000: Max 5373 (324) steps (0.0001 hrs) 16.13:0.00 557 (1) sec
[85] Ep10000: Max 5373 (2001) steps (0.0006 hrs) 0.00:0.00 571 (14) sec
[86] Ep10000: Max 5373 (476) steps (0.0001 hrs) 13.70:0.00 571 (0) sec
[87] Ep10000: Max 5373 (210) steps (0.0001 hrs) 13.61:0.00 572 (1) sec
[88] Ep10000: Max 5373 (732) steps (0.0002 hrs) 11.76:0.00 572 (0) sec
[89] Ep10000: Max 5373 (189) steps (0.0001 hrs) 16.26:0.00 573 (1) sec
[90] Ep10000: Max 5373 (825) steps (0.0002 hrs) 14.49:0.00 574 (1) sec
[91] Ep10000: Max 5373 (345) steps (0.0001 hrs) 18.02:0.00 574 (0) sec
[92] Ep10000: Max 5373 (655) steps (0.0002 hrs) 26.32:0.00 575 (1) sec
[93] Ep10000: Max 5373 (2171) steps (0.0006 hrs) 0.00:0.00 588 (13) sec
[94] Ep10000: Max 5373 (2238) steps (0.0006 hrs) 0.00:0.00 601 (13) sec
[95] Ep10000: Max 5373 (3059) steps (0.0008 hrs) 18.87:0.00 609 (8) sec
[96] Ep10000: Max 5373 (320) steps (0.0001 hrs) 12.50:0.00 609 (0) sec
[97] Ep10000: Max 5373 (709) steps (0.0002 hrs) 0.00:5.43 611 (2) sec
[98] Ep10000: Max 5373 (355) steps (0.0001 hrs) 15.15:0.00 612 (1) sec
[99] Ep10000: Max 5373 (497) steps (0.0001 hrs) 40.00:0.00 612 (0) sec
[100] Ep10000: Max 5373 (2170) steps (0.0006 hrs) 0.00:0.00 626 (14) sec
[101] Ep10000: Max 5373 (1415) steps (0.0004 hrs) 0.00:0.00 628 (2) sec
[102] Ep10000: Max 5373 (2153) steps (0.0006 hrs) 0.00:0.00 641 (13) sec
[103] Ep10000: Max 5373 (2057) steps (0.0006 hrs) 0.00:0.00 653 (12) sec
[104] Ep10000: Max 5373 (1973) steps (0.0005 hrs) 0.00:0.00 656 (3) sec
[105] Ep10000: Max 5373 (2353) steps (0.0007 hrs) 0.00:0.00 669 (13) sec
[106] Ep10000: Max 5373 (691) steps (0.0002 hrs) 13.70:0.00 670 (1) sec
[107] Ep10000: Max 5373 (2245) steps (0.0006 hrs) 0.00:0.00 682 (12) sec
[108] Ep10000: Max 5373 (337) steps (0.0001 hrs) 0.00:15.38 683 (1) sec
[109] Ep10000: Max 5373 (311) steps (0.0001 hrs) 12.27:0.00 684 (1) sec
[110] Ep10000: Max 5373 (474) steps (0.0001 hrs) 16.67:0.00 684 (0) sec
[111] Ep10000: Max 5373 (315) steps (0.0001 hrs) 0.00:12.05 685 (1) sec
[112] Ep10000: Max 5373 (193) steps (0.0001 hrs) 17.24:0.00 686 (1) sec
[113] Ep10000: Max 5373 (2267) steps (0.0006 hrs) 0.00:0.00 691 (5) sec
[114] Ep10000: Max 5373 (2302) steps (0.0006 hrs) 0.00:0.00 703 (12) sec
[115] Ep10000: Max 5373 (2115) steps (0.0006 hrs) 0.00:0.00 716 (13) sec
[116] Ep10000: Max 5373 (315) steps (0.0001 hrs) 17.09:0.00 717 (1) sec
[117] Ep10000: Max 5373 (1876) steps (0.0005 hrs) 0.00:3.83 729 (12) sec
[118] Ep10000: Max 5373 (2639) steps (0.0007 hrs) 0.00:0.00 742 (13) sec
[119] Ep10000: Max 5373 (321) steps (0.0001 hrs) 21.28:0.00 743 (1) sec
[120] Ep10000: Max 5373 (287) steps (0.0001 hrs) 13.89:0.00 743 (0) sec
[121] Ep10000: Max 5373 (225) steps (0.0001 hrs) 18.35:0.00 744 (1) sec
[122] Ep10000: Max 5373 (444) steps (0.0001 hrs) 12.50:0.00 744 (0) sec
[123] Ep10000: Max 5373 (1868) steps (0.0005 hrs) 0.00:0.00 756 (12) sec
[124] Ep10000: Max 5373 (1927) steps (0.0005 hrs) 0.00:0.00 769 (13) sec
[125] Ep10000: Max 5373 (2191) steps (0.0006 hrs) 0.00:0.00 774 (5) sec
[126] Ep10000: Max 5373 (2366) steps (0.0007 hrs) 0.00:0.00 785 (11) sec
[127] Ep10000: Max 5373 (2062) steps (0.0006 hrs) 0.00:0.00 797 (12) sec
[128] Ep10000: Max 5373 (3190) steps (0.0009 hrs) 0.00:1.15 809 (12) sec
[129] Ep10000: Max 5373 (2169) steps (0.0006 hrs) 0.00:5.00 822 (13) sec
[130] Ep10000: Max 5373 (277) steps (0.0001 hrs) 18.18:0.00 823 (1) sec
[131] Ep10000: Max 5373 (339) steps (0.0001 hrs) 14.60:0.00 823 (0) sec
[132] Ep10000: Max 5373 (327) steps (0.0001 hrs) 0.00:13.07 824 (1) sec
[133] Ep10000: Max 5373 (1160) steps (0.0003 hrs) 25.64:0.00 825 (1) sec
[134] Ep10000: Max 5373 (2398) steps (0.0007 hrs) 0.00:0.00 837 (12) sec
[135] Ep10000: Max 14928 (14928) steps (0.0041 hrs) 0.00:0.00 849 (12) sec
[136] Ep10000: Max 14928 (3151) steps (0.0009 hrs) 0.00:0.00 861 (12) sec
[137] Ep10000: Max 14928 (1941) steps (0.0005 hrs) 0.00:0.00 874 (13) sec
[138] Ep10000: Max 14928 (2203) steps (0.0006 hrs) 0.00:4.65 886 (12) sec
[139] Ep10000: Max 14928 (1567) steps (0.0004 hrs) 23.26:0.00 887 (1) sec
[140] Ep10000: Max 14928 (3949) steps (0.0011 hrs) 0.00:12.42 893 (6) sec
[141] Ep10000: Max 14928 (1971) steps (0.0005 hrs) 0.00:0.00 904 (11) sec
[142] Ep10000: Max 14928 (2052) steps (0.0006 hrs) 0.00:0.00 916 (12) sec
[143] Ep10000: Max 14928 (2366) steps (0.0007 hrs) 0.00:0.00 930 (14) sec
[144] Ep10000: Max 14928 (336) steps (0.0001 hrs) 18.52:0.00 931 (1) sec
[145] Ep10000: Max 14928 (1414) steps (0.0004 hrs) 19.23:0.00 932 (1) sec
[146] Ep10000: Max 14928 (330) steps (0.0001 hrs) 15.62:0.00 932 (0) sec
[147] Ep10000: Max 14928 (307) steps (0.0001 hrs) 0.00:23.81 933 (1) sec
[148] Ep10000: Max 14928 (1668) steps (0.0005 hrs) 0.00:0.00 935 (2) sec
[149] Ep10000: Max 14928 (2436) steps (0.0007 hrs) 0.00:0.00 946 (11) sec
[150] Ep10000: Max 14928 (3123) steps (0.0009 hrs) 0.00:0.00 958 (12) sec
[151] Ep10000: Max 14928 (2079) steps (0.0006 hrs) 0.00:0.00 970 (12) sec
[152] Ep10000: Max 14928 (2482) steps (0.0007 hrs) 0.00:0.00 982 (12) sec
[153] Ep10000: Max 14928 (2056) steps (0.0006 hrs) 0.00:0.00 994 (12) sec
[154] Ep10000: Max 14928 (350) steps (0.0001 hrs) 0.00:13.89 995 (1) sec
[155] Ep10000: Max 14928 (327) steps (0.0001 hrs) 18.02:0.00 996 (1) sec
[156] Ep10000: Max 14928 (2276) steps (0.0006 hrs) 0.00:0.00 1008 (12) sec
[157] Ep10000: Max 14928 (2036) steps (0.0006 hrs) 0.00:0.00 1021 (13) sec
[158] Ep10000: Max 14928 (2292) steps (0.0006 hrs) 0.00:0.00 1036 (15) sec
[159] Ep10000: Max 14928 (2586) steps (0.0007 hrs) 0.00:0.00 1048 (12) sec
[160] Ep10000: Max 14928 (562) steps (0.0002 hrs) 0.00:14.71 1049 (1) sec
[161] Ep10000: Max 14928 (2488) steps (0.0007 hrs) 0.00:2.91 1061 (12) sec
[162] Ep10000: Max 14928 (481) steps (0.0001 hrs) 12.05:0.00 1062 (1) sec
[163] Ep10000: Max 14928 (505) steps (0.0001 hrs) 19.23:0.00 1063 (1) sec
[164] Ep10000: Max 14928 (2094) steps (0.0006 hrs) 0.00:0.00 1075 (12) sec
[165] Ep10000: Max 14928 (2579) steps (0.0007 hrs) 0.00:0.00 1087 (12) sec
[166] Ep10000: Max 14928 (2363) steps (0.0007 hrs) 0.00:0.00 1100 (13) sec
[167] Ep10000: Max 14928 (1824) steps (0.0005 hrs) 0.00:19.42 1101 (1) sec
[168] Ep10000: Max 14928 (2356) steps (0.0007 hrs) 0.00:0.00 1113 (12) sec
[169] Ep10000: Max 14928 (357) steps (0.0001 hrs) 125.00:0.00 1114 (1) sec
[170] Ep10000: Max 14928 (496) steps (0.0001 hrs) 100.00:0.00 1114 (0) sec
[171] Ep10000: Max 14928 (1601) steps (0.0004 hrs) 0.00:0.00 1117 (3) sec
[172] Ep10000: Max 14928 (2284) steps (0.0006 hrs) 0.00:0.00 1129 (12) sec
[173] Ep10000: Max 14928 (1541) steps (0.0004 hrs) 12.50:0.00 1130 (1) sec
[174] Ep10000: Max 14928 (319) steps (0.0001 hrs) 0.00:8.85 1131 (1) sec
[175] Ep10000: Max 14928 (322) steps (0.0001 hrs) 38.46:0.00 1131 (0) sec
[176] Ep10000: Max 14928 (1936) steps (0.0005 hrs) 1.40:2.81 1143 (12) sec
[177] Ep10000: Max 14928 (1129) steps (0.0003 hrs) 0.00:14.71 1144 (1) sec
[178] Ep10000: Max 14928 (319) steps (0.0001 hrs) 13.33:0.00 1144 (0) sec
[179] Ep10000: Max 14928 (324) steps (0.0001 hrs) 12.82:0.00 1145 (1) sec
[180] Ep10000: Max 14928 (2514) steps (0.0007 hrs) 0.00:0.00 1159 (14) sec
[181] Ep10000: Max 14928 (2077) steps (0.0006 hrs) 0.00:0.00 1171 (12) sec
[182] Ep10000: Max 14928 (1601) steps (0.0004 hrs) 55.56:0.00 1171 (0) sec
[183] Ep10000: Max 14928 (1783) steps (0.0005 hrs) 0.00:0.00 1173 (2) sec
[184] Ep10000: Max 14928 (2221) steps (0.0006 hrs) 6.17:4.12 1174 (1) sec
[185] Ep10000: Max 14928 (2353) steps (0.0007 hrs) 0.00:0.00 1187 (13) sec
[186] Ep10000: Max 14928 (296) steps (0.0001 hrs) 21.28:0.00 1187 (0) sec
[187] Ep10000: Max 14928 (2614) steps (0.0007 hrs) 12.20:0.00 1192 (5) sec
[188] Ep10000: Max 14928 (1800) steps (0.0005 hrs) 0.00:1.41 1204 (12) sec
[189] Ep10000: Max 14928 (2378) steps (0.0007 hrs) 0.00:0.00 1218 (14) sec
[190] Ep10000: Max 14928 (337) steps (0.0001 hrs) 13.61:0.00 1218 (0) sec
[191] Ep10000: Max 14928 (398) steps (0.0001 hrs) 0.00:12.99 1219 (1) sec
[192] Ep10000: Max 14928 (2339) steps (0.0006 hrs) 0.00:0.00 1224 (5) sec
[193] Ep10000: Max 14928 (2136) steps (0.0006 hrs) 0.00:0.00 1237 (13) sec
[194] Ep10000: Max 14928 (333) steps (0.0001 hrs) 34.48:0.00 1238 (1) sec
[195] Ep10000: Max 14928 (2200) steps (0.0006 hrs) 0.00:0.00 1253 (15) sec
[196] Ep10000: Max 14928 (2211) steps (0.0006 hrs) 0.00:0.00 1266 (13) sec
[197] Ep10000: Max 14928 (2351) steps (0.0007 hrs) 0.00:0.00 1280 (14) sec
[198] Ep10000: Max 14928 (302) steps (0.0001 hrs) 18.69:0.00 1280 (0) sec
[199] Ep10000: Max 14928 (2263) steps (0.0006 hrs) 0.00:0.00 1294 (14) sec
[200] Ep10000: Max 14928 (331) steps (0.0001 hrs) 17.86:0.00 1295 (1) sec
[201] Ep10000: Max 14928 (1883) steps (0.0005 hrs) 0.00:0.00 1308 (13) sec
[202] Ep10000: Max 14928 (247) steps (0.0001 hrs) 0.00:13.25 1309 (1) sec
[203] Ep10000: Max 14928 (2539) steps (0.0007 hrs) 0.00:0.00 1323 (14) sec
[204] Ep10000: Max 14928 (328) steps (0.0001 hrs) 10.42:0.00 1323 (0) sec
[205] Ep10000: Max 14928 (2569) steps (0.0007 hrs) 0.00:0.00 1336 (13) sec
[206] Ep10000: Max 14928 (2934) steps (0.0008 hrs) 0.00:0.00 1349 (13) sec
[207] Ep10000: Max 14928 (681) steps (0.0002 hrs) 13.42:0.00 1350 (1) sec
[208] Ep10000: Max 14928 (345) steps (0.0001 hrs) 0.00:11.36 1350 (0) sec
[209] Ep10000: Max 14928 (326) steps (0.0001 hrs) 10.00:0.00 1351 (1) sec
[210] Ep10000: Max 14928 (451) steps (0.0001 hrs) 14.81:0.00 1352 (1) sec
[211] Ep10000: Max 14928 (2515) steps (0.0007 hrs) 0.00:0.00 1366 (14) sec
[212] Ep10000: Max 14928 (437) steps (0.0001 hrs) 11.90:0.00 1367 (1) sec
[213] Ep10000: Max 14928 (2643) steps (0.0007 hrs) 0.00:0.00 1381 (14) sec
[214] Ep10000: Max 14928 (391) steps (0.0001 hrs) 32.26:0.00 1382 (1) sec
[215] Ep10000: Max 14928 (2326) steps (0.0006 hrs) 0.00:0.00 1395 (13) sec
[216] Ep10000: Max 14928 (295) steps (0.0001 hrs) 14.71:0.00 1396 (1) sec
[217] Ep10000: Max 14928 (2749) steps (0.0008 hrs) 0.00:0.00 1410 (14) sec
[218] Ep10000: Max 14928 (346) steps (0.0001 hrs) 17.09:0.00 1410 (0) sec
[219] Ep10000: Max 14928 (314) steps (0.0001 hrs) 11.63:0.00 1411 (1) sec
[220] Ep10000: Max 14928 (329) steps (0.0001 hrs) 19.23:0.00 1412 (1) sec
[221] Ep10000: Max 14928 (986) steps (0.0003 hrs) 0.00:10.42 1412 (0) sec
[222] Ep10000: Max 14928 (476) steps (0.0001 hrs) 9.71:0.00 1414 (2) sec
[223] Ep10000: Max 14928 (323) steps (0.0001 hrs) 15.15:0.00 1415 (1) sec
[224] Ep10000: Max 14928 (548) steps (0.0002 hrs) 0.00:25.64 1416 (1) sec
[225] Ep10000: Max 14928 (328) steps (0.0001 hrs) 100.00:0.00 1416 (0) sec
[226] Ep10000: Max 14928 (1995) steps (0.0006 hrs) 0.00:0.00 1429 (13) sec
[227] Ep10000: Max 14928 (2040) steps (0.0006 hrs) 0.00:0.00 1443 (14) sec
[228] Ep10000: Max 14928 (2427) steps (0.0007 hrs) 200.00:0.00 1452 (9) sec
[229] Ep10000: Max 14928 (1951) steps (0.0005 hrs) 0.00:0.00 1465 (13) sec
[230] Ep10000: Max 14928 (2588) steps (0.0007 hrs) 0.00:3.19 1478 (13) sec
[231] Ep10000: Max 14928 (322) steps (0.0001 hrs) 18.18:0.00 1478 (0) sec
[232] Ep10000: Max 14928 (2315) steps (0.0006 hrs) 0.00:0.00 1491 (13) sec
[233] Ep10000: Max 14928 (286) steps (0.0001 hrs) 18.02:0.00 1492 (1) sec
[234] Ep10000: Max 14928 (312) steps (0.0001 hrs) 15.87:0.00 1492 (0) sec
[235] Ep10000: Max 14928 (578) steps (0.0002 hrs) 17.86:0.00 1493 (1) sec
[236] Ep10000: Max 14928 (317) steps (0.0001 hrs) 11.36:0.00 1493 (0) sec
[237] Ep10000: Max 14928 (2448) steps (0.0007 hrs) 0.00:0.00 1505 (12) sec
[238] Ep10000: Max 14928 (2056) steps (0.0006 hrs) 0.00:0.00 1517 (12) sec
[239] Ep10000: Max 14928 (2223) steps (0.0006 hrs) 0.00:0.00 1529 (12) sec
[240] Ep10000: Max 14928 (297) steps (0.0001 hrs) 16.67:0.00 1529 (0) sec
[241] Ep10000: Max 14928 (369) steps (0.0001 hrs) 10.87:0.00 1530 (1) sec
[242] Ep10000: Max 14928 (193) steps (0.0001 hrs) 14.18:0.00 1531 (1) sec
[243] Ep10000: Max 14928 (287) steps (0.0001 hrs) 12.35:0.00 1531 (0) sec
[244] Ep10000: Max 14928 (345) steps (0.0001 hrs) 12.50:0.00 1532 (1) sec
[245] Ep10000: Max 14928 (749) steps (0.0002 hrs) 0.00:14.71 1533 (1) sec
[246] Ep10000: Max 14928 (1507) steps (0.0004 hrs) 0.00:0.00 1533 (0) sec
[247] Ep10000: Max 14928 (2086) steps (0.0006 hrs) 0.00:0.00 1546 (13) sec
[248] Ep10000: Max 14928 (2943) steps (0.0008 hrs) 0.00:0.00 1558 (12) sec
[249] Ep10000: Max 14928 (2510) steps (0.0007 hrs) 0.00:0.00 1571 (13) sec
[250] Ep10000: Max 14928 (193) steps (0.0001 hrs) 14.49:0.00 1571 (0) sec
[251] Ep10000: Max 14928 (2807) steps (0.0008 hrs) 0.00:3.62 1583 (12) sec
[252] Ep10000: Max 14928 (1954) steps (0.0005 hrs) 0.00:0.00 1596 (13) sec
[253] Ep10000: Max 14928 (323) steps (0.0001 hrs) 10.58:0.00 1597 (1) sec
[254] Ep10000: Max 14928 (192) steps (0.0001 hrs) 58.82:0.00 1598 (1) sec
[255] Ep10000: Max 14928 (358) steps (0.0001 hrs) 15.75:0.00 1598 (0) sec
[256] Ep10000: Max 14928 (2896) steps (0.0008 hrs) 17.24:0.00 1604 (6) sec
[257] Ep10000: Max 14928 (286) steps (0.0001 hrs) 17.70:0.00 1605 (1) sec
[258] Ep10000: Max 14928 (295) steps (0.0001 hrs) 14.81:0.00 1606 (1) sec
[259] Ep10000: Max 14928 (2313) steps (0.0006 hrs) 0.00:0.00 1618 (12) sec
[260] Ep10000: Max 14928 (191) steps (0.0001 hrs) 13.51:0.00 1619 (1) sec
[261] Ep10000: Max 14928 (2464) steps (0.0007 hrs) 0.00:1.30 1632 (13) sec
[262] Ep10000: Max 14928 (1600) steps (0.0004 hrs) 0.00:12.99 1632 (0) sec
[263] Ep10000: Max 14928 (2326) steps (0.0006 hrs) 0.00:0.00 1645 (13) sec
[264] Ep10000: Max 14928 (306) steps (0.0001 hrs) 142.86:0.00 1645 (0) sec
[265] Ep10000: Max 14928 (3234) steps (0.0009 hrs) 0.00:0.00 1658 (13) sec
[266] Ep10000: Max 14928 (2569) steps (0.0007 hrs) 0.00:0.00 1671 (13) sec
[267] Ep10000: Max 14928 (285) steps (0.0001 hrs) 13.16:0.00 1671 (0) sec
[268] Ep10000: Max 14928 (2220) steps (0.0006 hrs) 0.00:0.00 1681 (10) sec
[269] Ep10000: Max 14928 (407) steps (0.0001 hrs) 200.00:0.00 1681 (0) sec
[270] Ep10000: Max 14928 (483) steps (0.0001 hrs) 0.00:17.09 1682 (1) sec
[271] Ep10000: Max 14928 (271) steps (0.0001 hrs) 23.26:0.00 1683 (1) sec
[272] Ep10000: Max 14928 (350) steps (0.0001 hrs) 0.00:250.00 1683 (0) sec
[273] Ep10000: Max 14928 (328) steps (0.0001 hrs) 0.00:29.41 1684 (1) sec
[274] Ep10000: Max 14928 (2975) steps (0.0008 hrs) 0.00:0.00 1694 (10) sec
[275] Ep10000: Max 14928 (3117) steps (0.0009 hrs) 0.00:0.00 1706 (12) sec
[276] Ep10000: Max 14928 (321) steps (0.0001 hrs) 14.39:0.00 1706 (0) sec
[277] Ep10000: Max 14928 (2093) steps (0.0006 hrs) 0.00:0.00 1719 (13) sec
[278] Ep10000: Max 14928 (2403) steps (0.0007 hrs) 0.00:0.00 1732 (13) sec
[279] Ep10000: Max 14928 (296) steps (0.0001 hrs) 11.24:0.00 1732 (0) sec
[280] Ep10000: Max 14928 (310) steps (0.0001 hrs) 11.98:0.00 1733 (1) sec
[281] Ep10000: Max 14928 (275) steps (0.0001 hrs) 22.73:0.00 1734 (1) sec
[282] Ep10000: Max 14928 (1911) steps (0.0005 hrs) 0.00:0.00 1737 (3) sec
[283] Ep10000: Max 14928 (306) steps (0.0001 hrs) 16.67:0.00 1737 (0) sec
[284] Ep10000: Max 14928 (397) steps (0.0001 hrs) 16.67:0.00 1738 (1) sec
[285] Ep10000: Max 14928 (1076) steps (0.0003 hrs) 0.00:11.63 1739 (1) sec
[286] Ep10000: Max 14928 (2341) steps (0.0007 hrs) 0.00:0.00 1751 (12) sec
[287] Ep10000: Max 14928 (2703) steps (0.0008 hrs) 0.00:0.00 1762 (11) sec
[288] Ep10000: Max 14928 (323) steps (0.0001 hrs) 6.62:0.00 1764 (2) sec
[289] Ep10000: Max 14928 (2546) steps (0.0007 hrs) 0.00:3.68 1776 (12) sec
[290] Ep10000: Max 14928 (2227) steps (0.0006 hrs) 10.31:0.00 1783 (7) sec
[291] Ep10000: Max 14928 (2309) steps (0.0006 hrs) 0.00:0.00 1796 (13) sec
[292] Ep10000: Max 14928 (2085) steps (0.0006 hrs) 0.00:6.13 1808 (12) sec
[293] Ep10000: Max 14928 (518) steps (0.0001 hrs) 15.38:0.00 1809 (1) sec
[294] Ep10000: Max 14928 (500) steps (0.0001 hrs) 14.81:0.00 1810 (1) sec
[295] Ep10000: Max 14928 (1070) steps (0.0003 hrs) 15.04:0.00 1810 (0) sec
[296] Ep10000: Max 14928 (1789) steps (0.0005 hrs) 0.00:0.00 1820 (10) sec
[297] Ep10000: Max 14928 (2312) steps (0.0006 hrs) 0.00:0.00 1832 (12) sec
[298] Ep10000: Max 14928 (2226) steps (0.0006 hrs) 0.00:0.00 1845 (13) sec
[299] Ep10000: Max 14928 (2261) steps (0.0006 hrs) 500.00:0.00 1846 (1) sec
[300] Ep10000: Max 14928 (320) steps (0.0001 hrs) 12.20:0.00 1847 (1) sec
[301] Ep10000: Max 14928 (1802) steps (0.0005 hrs) 14.29:0.00 1848 (1) sec
[302] Ep10000: Max 14928 (3006) steps (0.0008 hrs) 0.00:0.00 1861 (13) sec
[303] Ep10000: Max 14928 (340) steps (0.0001 hrs) 10.87:0.00 1861 (0) sec
[304] Ep10000: Max 14928 (2325) steps (0.0006 hrs) 0.00:0.00 1874 (13) sec
[305] Ep10000: Max 14928 (2068) steps (0.0006 hrs) 0.00:0.00 1887 (13) sec
[306] Ep10000: Max 14928 (1207) steps (0.0003 hrs) 32.26:0.00 1887 (0) sec
[307] Ep10000: Max 14928 (2239) steps (0.0006 hrs) 0.00:0.00 1898 (11) sec
[308] Ep10000: Max 14928 (324) steps (0.0001 hrs) 12.05:0.00 1899 (1) sec
[309] Ep10000: Max 14928 (647) steps (0.0002 hrs) 27.03:0.00 1899 (0) sec
[310] Ep10000: Max 14928 (304) steps (0.0001 hrs) 0.00:13.89 1900 (1) sec
[311] Ep10000: Max 14928 (2586) steps (0.0007 hrs) 0.00:0.00 1911 (11) sec
[312] Ep10000: Max 14928 (2184) steps (0.0006 hrs) 0.00:0.00 1921 (10) sec
[313] Ep10000: Max 14928 (2404) steps (0.0007 hrs) 0.00:0.00 1936 (15) sec
[314] Ep10000: Max 14928 (296) steps (0.0001 hrs) 10.87:0.00 1937 (1) sec
[315] Ep10000: Max 14928 (2021) steps (0.0006 hrs) 0.00:0.00 1947 (10) sec
[316] Ep10000: Max 14928 (233) steps (0.0001 hrs) 35.71:0.00 1948 (1) sec
[317] Ep10000: Max 14928 (1091) steps (0.0003 hrs) 0.00:12.50 1948 (0) sec
[318] Ep10000: Max 14928 (1895) steps (0.0005 hrs) 0.00:0.00 1952 (4) sec
[319] Ep10000: Max 14928 (266) steps (0.0001 hrs) 10.20:0.00 1953 (1) sec
[320] Ep10000: Max 14928 (490) steps (0.0001 hrs) 13.16:0.00 1954 (1) sec
[321] Ep10000: Max 14928 (2658) steps (0.0007 hrs) 0.00:52.63 1967 (13) sec
[322] Ep10000: Max 14928 (302) steps (0.0001 hrs) 33.33:0.00 1968 (1) sec
[323] Ep10000: Max 14928 (2440) steps (0.0007 hrs) 0.00:0.00 1972 (4) sec
[324] Ep10000: Max 14928 (2056) steps (0.0006 hrs) 0.00:0.00 1985 (13) sec
[325] Ep10000: Max 14928 (342) steps (0.0001 hrs) 13.51:0.00 1986 (1) sec
[326] Ep10000: Max 14928 (1884) steps (0.0005 hrs) 0.00:0.00 1999 (13) sec
[327] Ep10000: Max 14928 (2326) steps (0.0006 hrs) 0.00:0.00 2011 (12) sec
[328] Ep10000: Max 14928 (311) steps (0.0001 hrs) 14.08:0.00 2012 (1) sec
[329] Ep10000: Max 14928 (336) steps (0.0001 hrs) 33.33:0.00 2013 (1) sec
[330] Ep10000: Max 14928 (331) steps (0.0001 hrs) 17.54:0.00 2013 (0) sec
[331] Ep10000: Max 14928 (2226) steps (0.0006 hrs) 0.00:0.00 2025 (12) sec
[332] Ep10000: Max 14928 (324) steps (0.0001 hrs) 0.00:8.62 2027 (2) sec
[333] Ep10000: Max 14928 (2699) steps (0.0007 hrs) 0.00:0.00 2039 (12) sec
[334] Ep10000: Max 14928 (213) steps (0.0001 hrs) 14.81:0.00 2039 (0) sec
[335] Ep10000: Max 14928 (324) steps (0.0001 hrs) 11.90:0.00 2040 (1) sec
[336] Ep10000: Max 14928 (311) steps (0.0001 hrs) 15.50:0.00 2040 (0) sec
[337] Ep10000: Max 14928 (2410) steps (0.0007 hrs) 0.00:0.00 2052 (12) sec
[338] Ep10000: Max 14928 (881) steps (0.0002 hrs) 14.49:0.00 2053 (1) sec
[339] Ep10000: Max 14928 (2349) steps (0.0007 hrs) 0.00:2.97 2066 (13) sec
[340] Ep10000: Max 14928 (2320) steps (0.0006 hrs) 0.00:0.00 2079 (13) sec
[341] Ep10000: Max 14928 (2276) steps (0.0006 hrs) 0.00:0.00 2082 (3) sec
[342] Ep10000: Max 14928 (304) steps (0.0001 hrs) 11.76:0.00 2083 (1) sec
[343] Ep10000: Max 14928 (2050) steps (0.0006 hrs) 0.00:0.00 2086 (3) sec
[344] Ep10000: Max 14928 (193) steps (0.0001 hrs) 10.53:0.00 2087 (1) sec
[345] Ep10000: Max 14928 (3197) steps (0.0009 hrs) 0.00:0.00 2099 (12) sec
[346] Ep10000: Max 14928 (604) steps (0.0002 hrs) 22.22:0.00 2100 (1) sec
[347] Ep10000: Max 14928 (2583) steps (0.0007 hrs) 0.00:0.00 2112 (12) sec
[348] Ep10000: Max 14928 (2160) steps (0.0006 hrs) 0.00:0.00 2124 (12) sec
[349] Ep10000: Max 14928 (327) steps (0.0001 hrs) 0.00:15.62 2125 (1) sec
[350] Ep10000: Max 14928 (780) steps (0.0002 hrs) 18.18:0.00 2126 (1) sec
[351] Ep10000: Max 14928 (2557) steps (0.0007 hrs) 0.00:0.82 2138 (12) sec
[352] Ep10000: Max 14928 (2624) steps (0.0007 hrs) 0.00:0.00 2153 (15) sec
[353] Ep10000: Max 14928 (346) steps (0.0001 hrs) 0.00:250.00 2154 (1) sec
[354] Ep10000: Max 14928 (316) steps (0.0001 hrs) 19.23:0.00 2154 (0) sec
[355] Ep10000: Max 14928 (1921) steps (0.0005 hrs) 0.00:0.00 2167 (13) sec
[356] Ep10000: Max 14928 (312) steps (0.0001 hrs) 12.99:0.00 2167 (0) sec
[357] Ep10000: Max 14928 (302) steps (0.0001 hrs) 12.82:0.00 2168 (1) sec
[358] Ep10000: Max 14928 (2350) steps (0.0007 hrs) 0.00:5.00 2179 (11) sec
[359] Ep10000: Max 14928 (2595) steps (0.0007 hrs) 0.00:0.00 2191 (12) sec
[360] Ep10000: Max 14928 (1991) steps (0.0006 hrs) 11.11:0.00 2197 (6) sec
[361] Ep10000: Max 14928 (344) steps (0.0001 hrs) 19.61:0.00 2198 (1) sec
[362] Ep10000: Max 14928 (334) steps (0.0001 hrs) 15.15:0.00 2198 (0) sec
[363] Ep10000: Max 14928 (309) steps (0.0001 hrs) 0.00:200.00 2199 (1) sec
[364] Ep10000: Max 14928 (1769) steps (0.0005 hrs) 0.00:0.00 2201 (2) sec
[365] Ep10000: Max 14928 (271) steps (0.0001 hrs) 15.38:0.00 2202 (1) sec
[366] Ep10000: Max 14928 (3170) steps (0.0009 hrs) 0.00:0.00 2215 (13) sec
[367] Ep10000: Max 14928 (507) steps (0.0001 hrs) 11.98:0.00 2215 (0) sec
[368] Ep10000: Max 14928 (262) steps (0.0001 hrs) 19.61:0.00 2216 (1) sec
[369] Ep10000: Max 14928 (334) steps (0.0001 hrs) 0.00:20.83 2217 (1) sec
[370] Ep10000: Max 14928 (377) steps (0.0001 hrs) 22.73:0.00 2217 (0) sec
[371] Ep10000: Max 14928 (325) steps (0.0001 hrs) 0.00:13.99 2218 (1) sec
[372] Ep10000: Max 14928 (2596) steps (0.0007 hrs) 0.00:0.00 2231 (13) sec
[373] Ep10000: Max 14928 (1655) steps (0.0005 hrs) 0.00:16.53 2235 (4) sec
[374] Ep10000: Max 14928 (2188) steps (0.0006 hrs) 0.00:2.13 2246 (11) sec
[375] Ep10000: Max 14928 (2233) steps (0.0006 hrs) 0.00:0.00 2258 (12) sec
[376] Ep10000: Max 14928 (191) steps (0.0001 hrs) 17.54:0.00 2258 (0) sec
[377] Ep10000: Max 14928 (1837) steps (0.0005 hrs) 0.00:0.00 2271 (13) sec
[378] Ep10000: Max 14928 (1037) steps (0.0003 hrs) 0.00:29.41 2272 (1) sec
[379] Ep10000: Max 14928 (483) steps (0.0001 hrs) 19.23:0.00 2272 (0) sec
[380] Ep10000: Max 14928 (255) steps (0.0001 hrs) 19.42:0.00 2272 (0) sec
[381] Ep10000: Max 14928 (3647) steps (0.0010 hrs) 0.00:0.00 2284 (12) sec
[382] Ep10000: Max 14928 (2479) steps (0.0007 hrs) 0.00:0.00 2296 (12) sec
[383] Ep10000: Max 14928 (2354) steps (0.0007 hrs) 0.00:3.89 2308 (12) sec
[384] Ep10000: Max 14928 (1899) steps (0.0005 hrs) 0.00:0.00 2320 (12) sec
[385] Ep10000: Max 14928 (2154) steps (0.0006 hrs) 0.00:0.00 2332 (12) sec
[386] Ep10000: Max 14928 (1960) steps (0.0005 hrs) 0.00:4.52 2345 (13) sec
[387] Ep10000: Max 14928 (2109) steps (0.0006 hrs) 0.00:0.00 2357 (12) sec
[388] Ep10000: Max 14928 (2653) steps (0.0007 hrs) 0.00:0.00 2370 (13) sec
[389] Ep10000: Max 14928 (367) steps (0.0001 hrs) 19.05:0.00 2371 (1) sec
[390] Ep10000: Max 14928 (309) steps (0.0001 hrs) 8.40:8.40 2371 (0) sec
[391] Ep10000: Max 14928 (401) steps (0.0001 hrs) 0.00:10.53 2372 (1) sec
[392] Ep10000: Max 14928 (2322) steps (0.0006 hrs) 0.00:0.00 2387 (15) sec
[393] Ep10000: Max 14928 (390) steps (0.0001 hrs) 13.79:0.00 2387 (0) sec
[394] Ep10000: Max 14928 (937) steps (0.0003 hrs) 12.82:0.00 2388 (1) sec
[395] Ep10000: Max 14928 (1103) steps (0.0003 hrs) 19.05:0.00 2389 (1) sec
[396] Ep10000: Max 14928 (287) steps (0.0001 hrs) 11.83:0.00 2389 (0) sec
[397] Ep10000: Max 14928 (1968) steps (0.0005 hrs) 0.00:0.00 2402 (13) sec
[398] Ep10000: Max 14928 (280) steps (0.0001 hrs) 34.48:0.00 2403 (1) sec
[399] Ep10000: Max 14928 (211) steps (0.0001 hrs) 14.08:0.00 2403 (0) sec
[400] Ep10000: Max 14928 (2337) steps (0.0006 hrs) 3.07:0.00 2416 (13) sec
[401] Ep10000: Max 14928 (271) steps (0.0001 hrs) 10.53:0.00 2417 (1) sec
[402] Ep10000: Max 14928 (2032) steps (0.0006 hrs) 0.00:0.00 2429 (12) sec
[403] Ep10000: Max 14928 (2967) steps (0.0008 hrs) 0.00:0.00 2441 (12) sec
[404] Ep10000: Max 14928 (298) steps (0.0001 hrs) 13.16:0.00 2442 (1) sec
[405] Ep10000: Max 14928 (2071) steps (0.0006 hrs) 8.62:0.00 2454 (12) sec
[406] Ep10000: Max 14928 (2614) steps (0.0007 hrs) 0.00:4.31 2466 (12) sec
[407] Ep10000: Max 14928 (2251) steps (0.0006 hrs) 0.00:0.00 2478 (12) sec
[408] Ep10000: Max 14928 (1115) steps (0.0003 hrs) 0.00:0.00 2478 (0) sec
[409] Ep10000: Max 14928 (1194) steps (0.0003 hrs) 7.04:3.52 2479 (1) sec
[410] Ep10000: Max 14928 (2066) steps (0.0006 hrs) 0.00:0.00 2491 (12) sec
[411] Ep10000: Max 14928 (315) steps (0.0001 hrs) 0.00:15.62 2492 (1) sec
[412] Ep10000: Max 14928 (2546) steps (0.0007 hrs) 0.00:0.00 2504 (12) sec
[413] Ep10000: Max 14928 (1861) steps (0.0005 hrs) 0.00:0.00 2506 (2) sec
[414] Ep10000: Max 14928 (2097) steps (0.0006 hrs) 0.00:0.00 2518 (12) sec
[415] Ep10000: Max 14928 (2569) steps (0.0007 hrs) 0.00:0.00 2530 (12) sec
[416] Ep10000: Max 14928 (277) steps (0.0001 hrs) 13.70:0.00 2531 (1) sec
[417] Ep10000: Max 14928 (291) steps (0.0001 hrs) 20.83:0.00 2531 (0) sec
[418] Ep10000: Max 14928 (2481) steps (0.0007 hrs) 0.00:0.00 2543 (12) sec
[419] Ep10000: Max 14928 (1509) steps (0.0004 hrs) 0.00:18.18 2544 (1) sec
[420] Ep10000: Max 14928 (326) steps (0.0001 hrs) 13.89:0.00 2544 (0) sec
[421] Ep10000: Max 14928 (2819) steps (0.0008 hrs) 10.10:0.00 2553 (9) sec
[422] Ep10000: Max 14928 (297) steps (0.0001 hrs) 14.08:0.00 2553 (0) sec
[423] Ep10000: Max 14928 (317) steps (0.0001 hrs) 17.24:0.00 2554 (1) sec
[424] Ep10000: Max 14928 (335) steps (0.0001 hrs) 28.57:0.00 2554 (0) sec
[425] Ep10000: Max 14928 (193) steps (0.0001 hrs) 13.89:0.00 2555 (1) sec
[426] Ep10000: Max 14928 (284) steps (0.0001 hrs) 19.61:0.00 2555 (0) sec
[427] Ep10000: Max 14928 (353) steps (0.0001 hrs) 15.87:0.00 2555 (0) sec
[428] Ep10000: Max 14928 (2456) steps (0.0007 hrs) 0.00:0.00 2568 (13) sec
[429] Ep10000: Max 14928 (1460) steps (0.0004 hrs) 0.00:11.90 2568 (0) sec
[430] Ep10000: Max 14928 (321) steps (0.0001 hrs) 40.00:0.00 2569 (1) sec
[431] Ep10000: Max 14928 (289) steps (0.0001 hrs) 32.26:0.00 2570 (1) sec
[432] Ep10000: Max 14928 (902) steps (0.0003 hrs) 12.66:0.00 2570 (0) sec
[433] Ep10000: Max 14928 (4879) steps (0.0014 hrs) 0.00:0.00 2579 (9) sec
[434] Ep10000: Max 14928 (249) steps (0.0001 hrs) 12.82:0.00 2580 (1) sec
[435] Ep10000: Max 14928 (338) steps (0.0001 hrs) 12.20:0.00 2580 (0) sec
[436] Ep10000: Max 14928 (2272) steps (0.0006 hrs) 0.00:0.00 2592 (12) sec
[437] Ep10000: Max 14928 (263) steps (0.0001 hrs) 12.58:0.00 2593 (1) sec
[438] Ep10000: Max 14928 (1766) steps (0.0005 hrs) 0.00:0.00 2595 (2) sec
[439] Ep10000: Max 14928 (2211) steps (0.0006 hrs) 0.00:0.00 2607 (12) sec
[440] Ep10000: Max 14928 (280) steps (0.0001 hrs) 14.93:0.00 2607 (0) sec
[441] Ep10000: Max 14928 (2585) steps (0.0007 hrs) 0.00:0.00 2618 (11) sec
[442] Ep10000: Max 14928 (353) steps (0.0001 hrs) 10.31:0.00 2619 (1) sec
[443] Ep10000: Max 14928 (646) steps (0.0002 hrs) 27.03:0.00 2619 (0) sec
[444] Ep10000: Max 14928 (1783) steps (0.0005 hrs) 0.00:0.00 2627 (8) sec
[445] Ep10000: Max 14928 (1389) steps (0.0004 hrs) 12.99:0.00 2628 (1) sec
[446] Ep10000: Max 14928 (2457) steps (0.0007 hrs) 0.00:0.00 2640 (12) sec
[447] Ep10000: Max 14928 (535) steps (0.0001 hrs) 13.16:0.00 2640 (0) sec
[448] Ep10000: Max 14928 (2115) steps (0.0006 hrs) 0.00:0.00 2652 (12) sec
[449] Ep10000: Max 14928 (1433) steps (0.0004 hrs) 0.00:0.00 2653 (1) sec
[450] Ep10000: Max 14928 (1712) steps (0.0005 hrs) 0.00:0.00 2655 (2) sec
[451] Ep10000: Max 14928 (1931) steps (0.0005 hrs) 0.00:0.00 2669 (14) sec
[452] Ep10000: Max 14928 (347) steps (0.0001 hrs) 0.00:23.81 2670 (1) sec
[453] Ep10000: Max 14928 (330) steps (0.0001 hrs) 62.50:0.00 2670 (0) sec
[454] Ep10000: Max 14928 (250) steps (0.0001 hrs) 21.28:0.00 2671 (1) sec
[455] Ep10000: Max 14928 (486) steps (0.0001 hrs) 10.53:0.00 2672 (1) sec
[456] Ep10000: Max 14928 (2427) steps (0.0007 hrs) 0.00:1.62 2685 (13) sec
[457] Ep10000: Max 14928 (324) steps (0.0001 hrs) 0.00:10.53 2685 (0) sec
[458] Ep10000: Max 14928 (2068) steps (0.0006 hrs) 0.00:0.00 2698 (13) sec
[459] Ep10000: Max 14928 (301) steps (0.0001 hrs) 17.54:0.00 2698 (0) sec
[460] Ep10000: Max 14928 (2762) steps (0.0008 hrs) 0.00:0.00 2711 (13) sec
[461] Ep10000: Max 14928 (289) steps (0.0001 hrs) 11.43:0.00 2712 (1) sec
[462] Ep10000: Max 14928 (2817) steps (0.0008 hrs) 0.00:0.00 2724 (12) sec
[463] Ep10000: Max 14928 (2405) steps (0.0007 hrs) 0.00:0.00 2736 (12) sec
[464] Ep10000: Max 14928 (290) steps (0.0001 hrs) 12.66:0.00 2736 (0) sec
[465] Ep10000: Max 14928 (191) steps (0.0001 hrs) 14.29:0.00 2737 (1) sec
[466] Ep10000: Max 14928 (318) steps (0.0001 hrs) 0.00:100.00 2738 (1) sec
[467] Ep10000: Max 14928 (2288) steps (0.0006 hrs) 0.00:0.00 2751 (13) sec
[468] Ep10000: Max 14928 (628) steps (0.0002 hrs) 0.00:9.35 2751 (0) sec
[469] Ep10000: Max 14928 (3407) steps (0.0009 hrs) 12.50:0.00 2759 (8) sec
[470] Ep10000: Max 14928 (269) steps (0.0001 hrs) 12.50:0.00 2760 (1) sec
[471] Ep10000: Max 14928 (331) steps (0.0001 hrs) 20.83:0.00 2760 (0) sec
[472] Ep10000: Max 14928 (2588) steps (0.0007 hrs) 0.00:11.63 2767 (7) sec
[473] Ep10000: Max 14928 (193) steps (0.0001 hrs) 20.00:0.00 2767 (0) sec
[474] Ep10000: Max 14928 (697) steps (0.0002 hrs) 19.05:0.00 2768 (1) sec
[475] Ep10000: Max 14928 (516) steps (0.0001 hrs) 15.62:0.00 2768 (0) sec
[476] Ep10000: Max 14928 (2602) steps (0.0007 hrs) 0.00:4.57 2780 (12) sec
[477] Ep10000: Max 14928 (2612) steps (0.0007 hrs) 0.00:0.00 2784 (4) sec
[478] Ep10000: Max 14928 (374) steps (0.0001 hrs) 15.27:0.00 2785 (1) sec
[479] Ep10000: Max 14928 (2839) steps (0.0008 hrs) 0.00:0.00 2797 (12) sec
[480] Ep10000: Max 14928 (1919) steps (0.0005 hrs) 0.00:0.00 2802 (5) sec
[481] Ep10000: Max 14928 (193) steps (0.0001 hrs) 40.00:0.00 2803 (1) sec
[482] Ep10000: Max 14928 (425) steps (0.0001 hrs) 12.50:0.00 2803 (0) sec
[483] Ep10000: Max 14928 (849) steps (0.0002 hrs) 0.00:17.24 2804 (1) sec
[484] Ep10000: Max 14928 (1856) steps (0.0005 hrs) 14.29:0.00 2812 (8) sec
[485] Ep10000: Max 14928 (742) steps (0.0002 hrs) 18.69:0.00 2813 (1) sec
[486] Ep10000: Max 14928 (282) steps (0.0001 hrs) 11.11:0.00 2813 (0) sec
[487] Ep10000: Max 14928 (2087) steps (0.0006 hrs) 0.00:0.00 2825 (12) sec
[488] Ep10000: Max 14928 (241) steps (0.0001 hrs) 12.35:0.00 2826 (1) sec
[489] Ep10000: Max 14928 (463) steps (0.0001 hrs) 55.56:0.00 2826 (0) sec
[490] Ep10000: Max 14928 (354) steps (0.0001 hrs) 11.49:0.00 2827 (1) sec
[491] Ep10000: Max 14928 (2626) steps (0.0007 hrs) 0.00:0.00 2838 (11) sec
[492] Ep10000: Max 14928 (311) steps (0.0001 hrs) 0.00:11.43 2839 (1) sec
[493] Ep10000: Max 14928 (2267) steps (0.0006 hrs) 0.00:0.00 2844 (5) sec
[494] Ep10000: Max 14928 (330) steps (0.0001 hrs) 13.70:0.00 2844 (0) sec
[495] Ep10000: Max 14928 (2852) steps (0.0008 hrs) 0.00:0.00 2857 (13) sec
[496] Ep10000: Max 14928 (348) steps (0.0001 hrs) 19.42:0.00 2857 (0) sec
[497] Ep10000: Max 14928 (290) steps (0.0001 hrs) 15.38:0.00 2858 (1) sec
[498] Ep10000: Max 14928 (2025) steps (0.0006 hrs) 0.00:0.00 2870 (12) sec
[499] Ep10000: Max 14928 (2178) steps (0.0006 hrs) 0.00:0.00 2882 (12) sec
[500] Ep10000: Max 14928 (2813) steps (0.0008 hrs) 0.00:0.00 2895 (13) sec
[501] Ep10000: Max 14928 (1195) steps (0.0003 hrs) 0.00:16.95 2895 (0) sec
[502] Ep10000: Max 14928 (2251) steps (0.0006 hrs) 0.00:0.00 2908 (13) sec
[503] Ep10000: Max 14928 (2528) steps (0.0007 hrs) 0.00:0.00 2920 (12) sec
[504] Ep10000: Max 14928 (1794) steps (0.0005 hrs) 0.00:0.00 2926 (6) sec
[505] Ep10000: Max 14928 (340) steps (0.0001 hrs) 13.16:0.00 2926 (0) sec
[506] Ep10000: Max 14928 (645) steps (0.0002 hrs) 11.63:0.00 2927 (1) sec
[507] Ep10000: Max 14928 (244) steps (0.0001 hrs) 111.11:0.00 2927 (0) sec
[508] Ep10000: Max 14928 (277) steps (0.0001 hrs) 13.25:0.00 2928 (1) sec
[509] Ep10000: Max 14928 (2056) steps (0.0006 hrs) 0.00:2.99 2941 (13) sec
[510] Ep10000: Max 14928 (321) steps (0.0001 hrs) 13.70:0.00 2942 (1) sec
[511] Ep10000: Max 14928 (2203) steps (0.0006 hrs) 0.00:0.00 2955 (13) sec
[512] Ep10000: Max 14928 (2385) steps (0.0007 hrs) 0.00:0.00 2967 (12) sec
[513] Ep10000: Max 14928 (1777) steps (0.0005 hrs) 0.00:0.00 2976 (9) sec
[514] Ep10000: Max 14928 (2659) steps (0.0007 hrs) 0.00:0.00 2986 (10) sec
[515] Ep10000: Max 14928 (475) steps (0.0001 hrs) 13.61:0.00 2987 (1) sec
[516] Ep10000: Max 14928 (1313) steps (0.0004 hrs) 0.00:0.00 2988 (1) sec
[517] Ep10000: Max 14928 (2888) steps (0.0008 hrs) 0.00:0.00 2999 (11) sec
[518] Ep10000: Max 14928 (435) steps (0.0001 hrs) 12.05:0.00 2999 (0) sec
[519] Ep10000: Max 14928 (882) steps (0.0002 hrs) 15.62:0.00 3000 (1) sec
[520] Ep10000: Max 14928 (2312) steps (0.0006 hrs) 0.00:0.00 3012 (12) sec
[521] Ep10000: Max 14928 (346) steps (0.0001 hrs) 16.26:0.00 3012 (0) sec
[522] Ep10000: Max 14928 (344) steps (0.0001 hrs) 14.08:0.00 3013 (1) sec
[523] Ep10000: Max 14928 (2402) steps (0.0007 hrs) 0.00:0.00 3025 (12) sec
[524] Ep10000: Max 14928 (1553) steps (0.0004 hrs) 0.00:0.00 3025 (0) sec
[525] Ep10000: Max 14928 (366) steps (0.0001 hrs) 20.00:0.00 3026 (1) sec
[526] Ep10000: Max 14928 (2532) steps (0.0007 hrs) 0.00:0.00 3038 (12) sec
[527] Ep10000: Max 14928 (192) steps (0.0001 hrs) 15.87:0.00 3038 (0) sec
[528] Ep10000: Max 14928 (772) steps (0.0002 hrs) 12.42:0.00 3039 (1) sec
[529] Ep10000: Max 14928 (3246) steps (0.0009 hrs) 0.00:0.00 3051 (12) sec
[530] Ep10000: Max 14928 (1994) steps (0.0006 hrs) 0.00:0.00 3059 (8) sec
[531] Ep10000: Max 14928 (2072) steps (0.0006 hrs) 0.00:0.00 3071 (12) sec
[532] Ep10000: Max 14928 (2278) steps (0.0006 hrs) 0.00:0.00 3084 (13) sec
[533] Ep10000: Max 14928 (253) steps (0.0001 hrs) 15.62:0.00 3084 (0) sec
[534] Ep10000: Max 14928 (918) steps (0.0003 hrs) 18.18:0.00 3085 (1) sec
[535] Ep10000: Max 14928 (303) steps (0.0001 hrs) 12.42:0.00 3085 (0) sec
[536] Ep10000: Max 14928 (372) steps (0.0001 hrs) 15.75:0.00 3086 (1) sec
[537] Ep10000: Max 14928 (342) steps (0.0001 hrs) 52.63:0.00 3086 (0) sec
[538] Ep10000: Max 14928 (631) steps (0.0002 hrs) 10.87:0.00 3087 (1) sec
[539] Ep10000: Max 14928 (331) steps (0.0001 hrs) 21.28:0.00 3087 (0) sec
[540] Ep10000: Max 14928 (1528) steps (0.0004 hrs) 0.00:16.39 3089 (2) sec
[541] Ep10000: Max 14928 (3191) steps (0.0009 hrs) 0.00:0.00 3097 (8) sec
[542] Ep10000: Max 14928 (2491) steps (0.0007 hrs) 0.00:0.00 3109 (12) sec
[543] Ep10000: Max 14928 (2858) steps (0.0008 hrs) 0.00:4.33 3120 (11) sec
[544] Ep10000: Max 14928 (2407) steps (0.0007 hrs) 0.00:0.00 3133 (13) sec
[545] Ep10000: Max 14928 (2011) steps (0.0006 hrs) 0.00:0.00 3136 (3) sec
[546] Ep10000: Max 14928 (327) steps (0.0001 hrs) 12.99:0.00 3136 (0) sec
[547] Ep10000: Max 14928 (294) steps (0.0001 hrs) 14.39:0.00 3137 (1) sec
[548] Ep10000: Max 14928 (1524) steps (0.0004 hrs) 16.39:0.00 3137 (0) sec
[549] Ep10000: Max 14928 (2493) steps (0.0007 hrs) 0.00:0.00 3150 (13) sec
[550] Ep10000: Max 14928 (2536) steps (0.0007 hrs) 0.00:1.49 3162 (12) sec
[551] Ep10000: Max 14928 (2599) steps (0.0007 hrs) 0.00:0.00 3175 (13) sec
[552] Ep10000: Max 14928 (452) steps (0.0001 hrs) 23.26:0.00 3175 (0) sec
[553] Ep10000: Max 14928 (324) steps (0.0001 hrs) 16.67:0.00 3176 (1) sec
[554] Ep10000: Max 14928 (339) steps (0.0001 hrs) 17.54:0.00 3176 (0) sec
[555] Ep10000: Max 14928 (378) steps (0.0001 hrs) 15.87:0.00 3177 (1) sec
[556] Ep10000: Max 14928 (365) steps (0.0001 hrs) 21.74:0.00 3177 (0) sec
[557] Ep10000: Max 14928 (3023) steps (0.0008 hrs) 0.00:0.00 3190 (13) sec
[558] Ep10000: Max 14928 (463) steps (0.0001 hrs) 13.51:0.00 3191 (1) sec
[559] Ep10000: Max 14928 (2248) steps (0.0006 hrs) 0.00:0.00 3203 (12) sec
[560] Ep10000: Max 14928 (2076) steps (0.0006 hrs) 0.00:0.00 3216 (13) sec
[561] Ep10000: Max 14928 (347) steps (0.0001 hrs) 11.49:0.00 3216 (0) sec
[562] Ep10000: Max 14928 (373) steps (0.0001 hrs) 0.00:27.78 3217 (1) sec
[563] Ep10000: Max 14928 (192) steps (0.0001 hrs) 16.13:0.00 3218 (1) sec
[564] Ep10000: Max 14928 (1704) steps (0.0005 hrs) 0.00:0.00 3219 (1) sec
[565] Ep10000: Max 14928 (285) steps (0.0001 hrs) 10.99:0.00 3220 (1) sec
[566] Ep10000: Max 14928 (282) steps (0.0001 hrs) 18.18:0.00 3220 (0) sec
[567] Ep10000: Max 14928 (487) steps (0.0001 hrs) 13.89:0.00 3221 (1) sec
[568] Ep10000: Max 14928 (2267) steps (0.0006 hrs) 0.00:0.00 3234 (13) sec
[569] Ep10000: Max 14928 (265) steps (0.0001 hrs) 12.12:0.00 3234 (0) sec
[570] Ep10000: Max 14928 (2271) steps (0.0006 hrs) 0.00:0.00 3247 (13) sec
[571] Ep10000: Max 14928 (2790) steps (0.0008 hrs) 0.00:0.00 3260 (13) sec
[572] Ep10000: Max 14928 (295) steps (0.0001 hrs) 17.86:0.00 3261 (1) sec
[573] Ep10000: Max 14928 (1838) steps (0.0005 hrs) 0.00:0.00 3262 (1) sec
[574] Ep10000: Max 14928 (2143) steps (0.0006 hrs) 0.00:0.00 3274 (12) sec
[575] Ep10000: Max 14928 (2578) steps (0.0007 hrs) 0.00:0.00 3285 (11) sec
[576] Ep10000: Max 14928 (2173) steps (0.0006 hrs) 0.00:0.00 3297 (12) sec
[577] Ep10000: Max 14928 (2426) steps (0.0007 hrs) 0.00:0.00 3309 (12) sec
[578] Ep10000: Max 14928 (2391) steps (0.0007 hrs) 0.00:0.00 3320 (11) sec
[579] Ep10000: Max 14928 (277) steps (0.0001 hrs) 13.16:0.00 3321 (1) sec
[580] Ep10000: Max 14928 (442) steps (0.0001 hrs) 15.38:0.00 3321 (0) sec
[581] Ep10000: Max 14928 (190) steps (0.0001 hrs) 13.33:0.00 3321 (0) sec
[582] Ep10000: Max 14928 (2116) steps (0.0006 hrs) 0.00:0.00 3333 (12) sec
[583] Ep10000: Max 14928 (731) steps (0.0002 hrs) 9.90:0.00 3333 (0) sec
[584] Ep10000: Max 14928 (274) steps (0.0001 hrs) 19.05:0.00 3334 (1) sec
[585] Ep10000: Max 14928 (2338) steps (0.0006 hrs) 0.00:0.00 3346 (12) sec
[586] Ep10000: Max 14928 (2560) steps (0.0007 hrs) 0.00:0.00 3359 (13) sec
[587] Ep10000: Max 14928 (2345) steps (0.0007 hrs) 0.00:0.00 3372 (13) sec
[588] Ep10000: Max 14928 (1309) steps (0.0004 hrs) 24.39:0.00 3372 (0) sec
[589] Ep10000: Max 14928 (333) steps (0.0001 hrs) 0.00:14.81 3373 (1) sec
[590] Ep10000: Max 14928 (2680) steps (0.0007 hrs) 0.00:0.00 3385 (12) sec
[591] Ep10000: Max 14928 (2850) steps (0.0008 hrs) 0.00:0.00 3396 (11) sec
[592] Ep10000: Max 14928 (301) steps (0.0001 hrs) 11.36:0.00 3397 (1) sec
[593] Ep10000: Max 14928 (313) steps (0.0001 hrs) 12.82:0.00 3398 (1) sec
[594] Ep10000: Max 14928 (293) steps (0.0001 hrs) 15.04:0.00 3398 (0) sec
[595] Ep10000: Max 14928 (2868) steps (0.0008 hrs) 0.00:0.00 3411 (13) sec
[596] Ep10000: Max 14928 (331) steps (0.0001 hrs) 45.45:0.00 3411 (0) sec
[597] Ep10000: Max 14928 (2094) steps (0.0006 hrs) 0.00:0.00 3423 (12) sec
[598] Ep10000: Max 14928 (302) steps (0.0001 hrs) 11.49:0.00 3423 (0) sec
[599] Ep10000: Max 14928 (2209) steps (0.0006 hrs) 14.93:0.00 3432 (9) sec
[600] Ep10000: Max 14928 (328) steps (0.0001 hrs) 0.00:17.70 3432 (0) sec
[601] Ep10000: Max 14928 (296) steps (0.0001 hrs) 17.86:0.00 3433 (1) sec
[602] Ep10000: Max 14928 (1509) steps (0.0004 hrs) 0.00:0.00 3435 (2) sec
[603] Ep10000: Max 14928 (1827) steps (0.0005 hrs) 0.00:29.41 3439 (4) sec
[604] Ep10000: Max 14928 (347) steps (0.0001 hrs) 12.50:0.00 3440 (1) sec
[605] Ep10000: Max 14928 (2342) steps (0.0007 hrs) 13.79:0.00 3446 (6) sec
[606] Ep10000: Max 14928 (358) steps (0.0001 hrs) 14.71:0.00 3446 (0) sec
[607] Ep10000: Max 14928 (2095) steps (0.0006 hrs) 0.00:0.00 3456 (10) sec
[608] Ep10000: Max 14928 (192) steps (0.0001 hrs) 14.39:0.00 3456 (0) sec
[609] Ep10000: Max 14928 (1276) steps (0.0004 hrs) 27.78:0.00 3457 (1) sec
[610] Ep10000: Max 14928 (320) steps (0.0001 hrs) 24.39:0.00 3458 (1) sec
[611] Ep10000: Max 14928 (516) steps (0.0001 hrs) 16.26:0.00 3458 (0) sec
[612] Ep10000: Max 14928 (341) steps (0.0001 hrs) 15.38:0.00 3459 (1) sec
[613] Ep10000: Max 14928 (1632) steps (0.0005 hrs) 0.00:0.00 3461 (2) sec
[614] Ep10000: Max 14928 (551) steps (0.0002 hrs) 24.39:0.00 3462 (1) sec
[615] Ep10000: Max 14928 (2181) steps (0.0006 hrs) 0.00:0.00 3475 (13) sec
[616] Ep10000: Max 14928 (343) steps (0.0001 hrs) 13.16:0.00 3476 (1) sec
[617] Ep10000: Max 14928 (300) steps (0.0001 hrs) 23.81:0.00 3476 (0) sec
[618] Ep10000: Max 14928 (2153) steps (0.0006 hrs) 13.51:0.00 3488 (12) sec
[619] Ep10000: Max 14928 (565) steps (0.0002 hrs) 58.82:0.00 3489 (1) sec
[620] Ep10000: Max 14928 (2536) steps (0.0007 hrs) 0.00:0.00 3503 (14) sec
[621] Ep10000: Max 14928 (2023) steps (0.0006 hrs) 0.00:0.00 3516 (13) sec
[622] Ep10000: Max 14928 (2387) steps (0.0007 hrs) 0.00:0.00 3530 (14) sec
[623] Ep10000: Max 14928 (530) steps (0.0001 hrs) 18.02:0.00 3531 (1) sec
[624] Ep10000: Max 14928 (272) steps (0.0001 hrs) 12.20:0.00 3531 (0) sec
[625] Ep10000: Max 14928 (1289) steps (0.0004 hrs) 0.00:0.00 3532 (1) sec
[626] Ep10000: Max 14928 (2712) steps (0.0008 hrs) 0.00:0.00 3544 (12) sec
[627] Ep10000: Max 14928 (2720) steps (0.0008 hrs) 0.00:0.00 3556 (12) sec
[628] Ep10000: Max 14928 (2401) steps (0.0007 hrs) 0.00:0.00 3569 (13) sec
[629] Ep10000: Max 14928 (1722) steps (0.0005 hrs) 0.00:0.00 3571 (2) sec
[630] Ep10000: Max 14928 (382) steps (0.0001 hrs) 0.00:15.38 3572 (1) sec
[631] Ep10000: Max 14928 (321) steps (0.0001 hrs) 14.08:0.00 3572 (0) sec
[632] Ep10000: Max 14928 (2584) steps (0.0007 hrs) 0.00:0.00 3585 (13) sec
[633] Ep10000: Max 14928 (2072) steps (0.0006 hrs) 0.00:0.00 3592 (7) sec
[634] Ep10000: Max 14928 (2406) steps (0.0007 hrs) 0.00:0.00 3604 (12) sec
[635] Ep10000: Max 14928 (1428) steps (0.0004 hrs) 0.00:0.00 3605 (1) sec
[636] Ep10000: Max 14928 (2149) steps (0.0006 hrs) 0.00:0.00 3617 (12) sec
[637] Ep10000: Max 14928 (1910) steps (0.0005 hrs) 0.00:3.95 3629 (12) sec
[638] Ep10000: Max 14928 (1904) steps (0.0005 hrs) 0.00:0.00 3630 (1) sec
[639] Ep10000: Max 14928 (2019) steps (0.0006 hrs) 0.00:0.00 3641 (11) sec
[640] Ep10000: Max 14928 (467) steps (0.0001 hrs) 111.11:0.00 3642 (1) sec
[641] Ep10000: Max 14928 (2610) steps (0.0007 hrs) 0.00:0.00 3651 (9) sec
[642] Ep10000: Max 14928 (908) steps (0.0003 hrs) 15.04:0.00 3652 (1) sec
[643] Ep10000: Max 14928 (336) steps (0.0001 hrs) 0.00:21.28 3653 (1) sec
[644] Ep10000: Max 14928 (2521) steps (0.0007 hrs) 0.00:4.55 3665 (12) sec
[645] Ep10000: Max 14928 (1449) steps (0.0004 hrs) 0.00:8.62 3667 (2) sec
[646] Ep10000: Max 14928 (516) steps (0.0001 hrs) 47.62:0.00 3667 (0) sec
[647] Ep10000: Max 14928 (1601) steps (0.0004 hrs) 0.00:0.00 3669 (2) sec
[648] Ep10000: Max 14928 (471) steps (0.0001 hrs) 18.18:0.00 3669 (0) sec
[649] Ep10000: Max 14928 (2065) steps (0.0006 hrs) 0.00:0.00 3680 (11) sec
[650] Ep10000: Max 14928 (2456) steps (0.0007 hrs) 0.00:0.00 3693 (13) sec
[651] Ep10000: Max 14928 (1971) steps (0.0005 hrs) 0.00:3.47 3704 (11) sec
[652] Ep10000: Max 14928 (1949) steps (0.0005 hrs) 0.00:0.00 3717 (13) sec
[653] Ep10000: Max 14928 (2146) steps (0.0006 hrs) 0.00:0.00 3729 (12) sec
[654] Ep10000: Max 14928 (2035) steps (0.0006 hrs) 0.00:0.00 3741 (12) sec
[655] Ep10000: Max 14928 (2419) steps (0.0007 hrs) 0.00:0.00 3754 (13) sec
[656] Ep10000: Max 14928 (2736) steps (0.0008 hrs) 0.00:0.00 3762 (8) sec
[657] Ep10000: Max 14928 (311) steps (0.0001 hrs) 10.00:0.00 3763 (1) sec
[658] Ep10000: Max 14928 (3040) steps (0.0008 hrs) 0.00:25.64 3774 (11) sec
[659] Ep10000: Max 14928 (292) steps (0.0001 hrs) 11.76:0.00 3775 (1) sec
[660] Ep10000: Max 14928 (2741) steps (0.0008 hrs) 0.00:2.45 3786 (11) sec
[661] Ep10000: Max 14928 (342) steps (0.0001 hrs) 16.39:0.00 3787 (1) sec
[662] Ep10000: Max 14928 (254) steps (0.0001 hrs) 14.60:0.00 3787 (0) sec
[663] Ep10000: Max 14928 (2039) steps (0.0006 hrs) 0.00:0.00 3801 (14) sec
[664] Ep10000: Max 14928 (1109) steps (0.0003 hrs) 0.00:12.42 3802 (1) sec
[665] Ep10000: Max 14928 (2744) steps (0.0008 hrs) 0.00:4.35 3814 (12) sec
[666] Ep10000: Max 14928 (365) steps (0.0001 hrs) 25.00:0.00 3814 (0) sec
[667] Ep10000: Max 14928 (2076) steps (0.0006 hrs) 0.00:7.63 3826 (12) sec
[668] Ep10000: Max 14928 (366) steps (0.0001 hrs) 16.53:0.00 3827 (1) sec
[669] Ep10000: Max 14928 (340) steps (0.0001 hrs) 12.82:0.00 3827 (0) sec
[670] Ep10000: Max 14928 (328) steps (0.0001 hrs) 22.73:0.00 3828 (1) sec
[671] Ep10000: Max 14928 (1896) steps (0.0005 hrs) 0.00:0.00 3839 (11) sec
[672] Ep10000: Max 14928 (2343) steps (0.0007 hrs) 0.00:0.00 3852 (13) sec
[673] Ep10000: Max 14928 (1229) steps (0.0003 hrs) 12.35:0.00 3852 (0) sec
[674] Ep10000: Max 14928 (333) steps (0.0001 hrs) 11.11:0.00 3853 (1) sec
[675] Ep10000: Max 14928 (1110) steps (0.0003 hrs) 22.73:0.00 3853 (0) sec
[676] Ep10000: Max 14928 (328) steps (0.0001 hrs) 12.58:0.00 3853 (0) sec
[677] Ep10000: Max 14928 (335) steps (0.0001 hrs) 10.31:0.00 3854 (1) sec
[678] Ep10000: Max 14928 (743) steps (0.0002 hrs) 15.87:0.00 3854 (0) sec
[679] Ep10000: Max 14928 (2033) steps (0.0006 hrs) 0.00:0.00 3866 (12) sec
[680] Ep10000: Max 14928 (3119) steps (0.0009 hrs) 19.23:0.00 3871 (5) sec
[681] Ep10000: Max 14928 (2822) steps (0.0008 hrs) 0.00:2.22 3883 (12) sec
[682] Ep10000: Max 14928 (344) steps (0.0001 hrs) 26.32:0.00 3883 (0) sec
[683] Ep10000: Max 14928 (2361) steps (0.0007 hrs) 0.00:0.00 3895 (12) sec
[684] Ep10000: Max 14928 (333) steps (0.0001 hrs) 14.29:0.00 3895 (0) sec
[685] Ep10000: Max 14928 (2373) steps (0.0007 hrs) 0.00:3.62 3908 (13) sec
[686] Ep10000: Max 14928 (2163) steps (0.0006 hrs) 0.00:0.00 3920 (12) sec
[687] Ep10000: Max 14928 (2411) steps (0.0007 hrs) 0.00:0.00 3933 (13) sec
[688] Ep10000: Max 14928 (2206) steps (0.0006 hrs) 0.00:0.00 3945 (12) sec
[689] Ep10000: Max 14928 (2714) steps (0.0008 hrs) 0.00:0.00 3957 (12) sec
[690] Ep10000: Max 14928 (320) steps (0.0001 hrs) 16.00:0.00 3958 (1) sec
[691] Ep10000: Max 14928 (2155) steps (0.0006 hrs) 0.00:0.00 3970 (12) sec
[692] Ep10000: Max 14928 (2171) steps (0.0006 hrs) 0.00:0.00 3983 (13) sec
[693] Ep10000: Max 14928 (308) steps (0.0001 hrs) 10.75:0.00 3983 (0) sec
[694] Ep10000: Max 14928 (2332) steps (0.0006 hrs) 0.00:0.00 3988 (5) sec
[695] Ep10000: Max 14928 (347) steps (0.0001 hrs) 14.60:0.00 3988 (0) sec
[696] Ep10000: Max 14928 (823) steps (0.0002 hrs) 0.00:18.87 3989 (1) sec
[697] Ep10000: Max 14928 (2107) steps (0.0006 hrs) 0.00:0.00 4001 (12) sec
[698] Ep10000: Max 14928 (2183) steps (0.0006 hrs) 0.00:0.00 4014 (13) sec
[699] Ep10000: Max 14928 (2166) steps (0.0006 hrs) 0.00:0.00 4027 (13) sec
[700] Ep10000: Max 14928 (2550) steps (0.0007 hrs) 0.00:0.00 4039 (12) sec
[701] Ep10000: Max 14928 (2692) steps (0.0007 hrs) 0.00:0.00 4051 (12) sec
[702] Ep10000: Max 14928 (239) steps (0.0001 hrs) 13.89:0.00 4051 (0) sec
[703] Ep10000: Max 14928 (435) steps (0.0001 hrs) 16.13:0.00 4052 (1) sec
[704] Ep10000: Max 14928 (2021) steps (0.0006 hrs) 0.00:0.00 4064 (12) sec
[705] Ep10000: Max 14928 (274) steps (0.0001 hrs) 12.90:0.00 4064 (0) sec
[706] Ep10000: Max 14928 (2272) steps (0.0006 hrs) 0.00:142.86 4076 (12) sec
[707] Ep10000: Max 14928 (1935) steps (0.0005 hrs) 0.00:0.00 4081 (5) sec
[708] Ep10000: Max 14928 (1920) steps (0.0005 hrs) 0.00:1.63 4094 (13) sec
[709] Ep10000: Max 14928 (2301) steps (0.0006 hrs) 0.00:0.00 4106 (12) sec
[710] Ep10000: Max 14928 (819) steps (0.0002 hrs) 18.18:0.00 4106 (0) sec
[711] Ep10000: Max 14928 (1747) steps (0.0005 hrs) 10.64:0.00 4107 (1) sec
[712] Ep10000: Max 14928 (325) steps (0.0001 hrs) 25.64:0.00 4107 (0) sec
[713] Ep10000: Max 14928 (1986) steps (0.0006 hrs) 0.00:0.00 4119 (12) sec
[714] Ep10000: Max 14928 (277) steps (0.0001 hrs) 19.42:0.00 4119 (0) sec
[715] Ep10000: Max 14928 (2074) steps (0.0006 hrs) 0.00:2.02 4131 (12) sec
[716] Ep10000: Max 14928 (317) steps (0.0001 hrs) 12.20:0.00 4132 (1) sec
[717] Ep10000: Max 14928 (423) steps (0.0001 hrs) 20.41:0.00 4133 (1) sec
[718] Ep10000: Max 14928 (2253) steps (0.0006 hrs) 0.00:5.78 4147 (14) sec
[719] Ep10000: Max 14928 (2228) steps (0.0006 hrs) 0.00:0.00 4161 (14) sec
[720] Ep10000: Max 14928 (335) steps (0.0001 hrs) 10.99:0.00 4162 (1) sec
[721] Ep10000: Max 14928 (586) steps (0.0002 hrs) 28.57:0.00 4163 (1) sec
[722] Ep10000: Max 14928 (936) steps (0.0003 hrs) 35.71:0.00 4163 (0) sec
[723] Ep10000: Max 14928 (1312) steps (0.0004 hrs) 0.00:15.38 4164 (1) sec
[724] Ep10000: Max 14928 (470) steps (0.0001 hrs) 0.00:16.81 4165 (1) sec
[725] Ep10000: Max 14928 (691) steps (0.0002 hrs) 16.26:0.00 4166 (1) sec
[726] Ep10000: Max 14928 (895) steps (0.0002 hrs) 15.62:0.00 4167 (1) sec
[727] Ep10000: Max 14928 (2000) steps (0.0006 hrs) 0.00:0.00 4179 (12) sec
[728] Ep10000: Max 14928 (2315) steps (0.0006 hrs) 0.00:0.00 4190 (11) sec
[729] Ep10000: Max 14928 (2127) steps (0.0006 hrs) 0.00:0.00 4204 (14) sec
[730] Ep10000: Max 14928 (336) steps (0.0001 hrs) 17.86:0.00 4205 (1) sec
[731] Ep10000: Max 14928 (2408) steps (0.0007 hrs) 0.00:0.00 4219 (14) sec
[732] Ep10000: Max 14928 (2090) steps (0.0006 hrs) 0.00:0.00 4224 (5) sec
[733] Ep10000: Max 14928 (2074) steps (0.0006 hrs) 0.00:0.00 4236 (12) sec
[734] Ep10000: Max 14928 (2810) steps (0.0008 hrs) 0.00:0.00 4249 (13) sec
[735] Ep10000: Max 14928 (2021) steps (0.0006 hrs) 0.00:0.00 4262 (13) sec
[736] Ep10000: Max 14928 (342) steps (0.0001 hrs) 14.93:0.00 4263 (1) sec
[737] Ep10000: Max 14928 (387) steps (0.0001 hrs) 58.82:0.00 4263 (0) sec
[738] Ep10000: Max 14928 (2086) steps (0.0006 hrs) 0.00:0.00 4266 (3) sec
[739] Ep10000: Max 14928 (1165) steps (0.0003 hrs) 0.00:0.00 4266 (0) sec
[740] Ep10000: Max 14928 (192) steps (0.0001 hrs) 18.87:0.00 4267 (1) sec
[741] Ep10000: Max 14928 (982) steps (0.0003 hrs) 19.42:0.00 4268 (1) sec
[742] Ep10000: Max 14928 (2295) steps (0.0006 hrs) 0.00:0.00 4270 (2) sec
[743] Ep10000: Max 14928 (1981) steps (0.0006 hrs) 0.00:0.00 4284 (14) sec
[744] Ep10000: Max 14928 (2124) steps (0.0006 hrs) 0.00:0.00 4297 (13) sec
[745] Ep10000: Max 14928 (2916) steps (0.0008 hrs) 0.00:0.00 4309 (12) sec
[746] Ep10000: Max 14928 (2376) steps (0.0007 hrs) 0.00:0.00 4322 (13) sec
[747] Ep10000: Max 14928 (2374) steps (0.0007 hrs) 0.00:0.00 4334 (12) sec
[748] Ep10000: Max 14928 (2227) steps (0.0006 hrs) 0.00:0.00 4347 (13) sec
[749] Ep10000: Max 14928 (1682) steps (0.0005 hrs) 0.00:0.00 4350 (3) sec
[750] Ep10000: Max 14928 (1511) steps (0.0004 hrs) 10.20:0.00 4351 (1) sec
[751] Ep10000: Max 14928 (2025) steps (0.0006 hrs) 0.00:0.00 4363 (12) sec
[752] Ep10000: Max 14928 (2334) steps (0.0006 hrs) 0.00:0.00 4379 (16) sec
[753] Ep10000: Max 14928 (2366) steps (0.0007 hrs) 0.00:0.00 4392 (13) sec
[754] Ep10000: Max 14928 (2392) steps (0.0007 hrs) 0.00:0.00 4404 (12) sec
[755] Ep10000: Max 14928 (2389) steps (0.0007 hrs) 0.00:0.00 4414 (10) sec
[756] Ep10000: Max 14928 (2027) steps (0.0006 hrs) 0.00:0.00 4428 (14) sec
[757] Ep10000: Max 14928 (1146) steps (0.0003 hrs) 19.23:0.00 4429 (1) sec
[758] Ep10000: Max 14928 (454) steps (0.0001 hrs) 18.35:0.00 4430 (1) sec
[759] Ep10000: Max 14928 (520) steps (0.0001 hrs) 16.26:0.00 4431 (1) sec
[760] Ep10000: Max 14928 (2426) steps (0.0007 hrs) 0.00:0.00 4446 (15) sec
[761] Ep10000: Max 14928 (1346) steps (0.0004 hrs) 0.00:10.53 4447 (1) sec
[762] Ep10000: Max 14928 (321) steps (0.0001 hrs) 12.05:0.00 4447 (0) sec
[763] Ep10000: Max 14928 (320) steps (0.0001 hrs) 0.00:50.00 4449 (2) sec
[764] Ep10000: Max 14928 (311) steps (0.0001 hrs) 12.82:0.00 4450 (1) sec
[765] Ep10000: Max 14928 (2453) steps (0.0007 hrs) 22.22:0.00 4455 (5) sec
[766] Ep10000: Max 14928 (1960) steps (0.0005 hrs) 0.00:0.00 4468 (13) sec
[767] Ep10000: Max 14928 (277) steps (0.0001 hrs) 17.70:0.00 4469 (1) sec
[768] Ep10000: Max 14928 (1888) steps (0.0005 hrs) 0.00:0.00 4483 (14) sec
[769] Ep10000: Max 14928 (2228) steps (0.0006 hrs) 0.00:0.00 4495 (12) sec
[770] Ep10000: Max 14928 (1987) steps (0.0006 hrs) 0.00:0.00 4508 (13) sec
[771] Ep10000: Max 14928 (1414) steps (0.0004 hrs) 0.00:0.00 4509 (1) sec
[772] Ep10000: Max 14928 (2069) steps (0.0006 hrs) 0.00:0.00 4523 (14) sec
[773] Ep10000: Max 14928 (813) steps (0.0002 hrs) 0.00:5.85 4524 (1) sec
[774] Ep10000: Max 14928 (2014) steps (0.0006 hrs) 0.00:0.00 4537 (13) sec
[775] Ep10000: Max 14928 (355) steps (0.0001 hrs) 9.35:9.35 4537 (0) sec
[776] Ep10000: Max 14928 (1441) steps (0.0004 hrs) 20.41:0.00 4539 (2) sec
[777] Ep10000: Max 14928 (2261) steps (0.0006 hrs) 0.00:0.00 4543 (4) sec
[778] Ep10000: Max 14928 (1917) steps (0.0005 hrs) 0.00:0.00 4556 (13) sec
[779] Ep10000: Max 14928 (2375) steps (0.0007 hrs) 0.00:0.00 4569 (13) sec
[780] Ep10000: Max 14928 (2552) steps (0.0007 hrs) 0.00:0.00 4580 (11) sec
[781] Ep10000: Max 14928 (268) steps (0.0001 hrs) 19.23:0.00 4581 (1) sec
[782] Ep10000: Max 14928 (720) steps (0.0002 hrs) 12.82:0.00 4581 (0) sec
[783] Ep10000: Max 14928 (2066) steps (0.0006 hrs) 0.00:0.00 4594 (13) sec
[784] Ep10000: Max 14928 (2424) steps (0.0007 hrs) 0.00:0.00 4607 (13) sec
[785] Ep10000: Max 14928 (2086) steps (0.0006 hrs) 0.00:0.00 4612 (5) sec
[786] Ep10000: Max 14928 (335) steps (0.0001 hrs) 14.71:0.00 4612 (0) sec
[787] Ep10000: Max 14928 (287) steps (0.0001 hrs) 10.53:0.00 4613 (1) sec
[788] Ep10000: Max 14928 (437) steps (0.0001 hrs) 13.61:0.00 4613 (0) sec
[789] Ep10000: Max 14928 (2413) steps (0.0007 hrs) 0.00:0.00 4626 (13) sec
[790] Ep10000: Max 14928 (2442) steps (0.0007 hrs) 0.00:0.00 4638 (12) sec
[791] Ep10000: Max 14928 (1357) steps (0.0004 hrs) 13.16:0.00 4639 (1) sec
[792] Ep10000: Max 14928 (2526) steps (0.0007 hrs) 0.00:4.00 4651 (12) sec
[793] Ep10000: Max 14928 (381) steps (0.0001 hrs) 19.61:0.00 4652 (1) sec
[794] Ep10000: Max 14928 (2207) steps (0.0006 hrs) 0.00:0.00 4665 (13) sec
[795] Ep10000: Max 14928 (2287) steps (0.0006 hrs) 0.00:0.00 4669 (4) sec
[796] Ep10000: Max 14928 (2588) steps (0.0007 hrs) 0.00:0.00 4681 (12) sec
[797] Ep10000: Max 14928 (2020) steps (0.0006 hrs) 0.00:0.00 4694 (13) sec
[798] Ep10000: Max 14928 (2085) steps (0.0006 hrs) 0.00:0.00 4707 (13) sec
[799] Ep10000: Max 14928 (1984) steps (0.0006 hrs) 0.00:0.00 4720 (13) sec
[800] Ep10000: Max 14928 (2466) steps (0.0007 hrs) 16.81:0.00 4725 (5) sec
[801] Ep10000: Max 14928 (623) steps (0.0002 hrs) 0.00:12.66 4726 (1) sec
[802] Ep10000: Max 14928 (297) steps (0.0001 hrs) 11.36:0.00 4727 (1) sec
[803] Ep10000: Max 14928 (2289) steps (0.0006 hrs) 0.00:0.00 4740 (13) sec
[804] Ep10000: Max 14928 (1678) steps (0.0005 hrs) 15.04:0.00 4740 (0) sec
[805] Ep10000: Max 14928 (1190) steps (0.0003 hrs) 11.24:0.00 4741 (1) sec
[806] Ep10000: Max 14928 (2150) steps (0.0006 hrs) 0.00:0.00 4745 (4) sec
[807] Ep10000: Max 14928 (1962) steps (0.0005 hrs) 0.00:0.00 4757 (12) sec
[808] Ep10000: Max 14928 (2174) steps (0.0006 hrs) 0.00:0.00 4770 (13) sec
[809] Ep10000: Max 14928 (1890) steps (0.0005 hrs) 0.00:2.92 4782 (12) sec
[810] Ep10000: Max 14928 (192) steps (0.0001 hrs) 13.79:0.00 4782 (0) sec
[811] Ep10000: Max 14928 (489) steps (0.0001 hrs) 35.71:0.00 4783 (1) sec
[812] Ep10000: Max 14928 (2800) steps (0.0008 hrs) 0.00:0.00 4796 (13) sec
[813] Ep10000: Max 14928 (329) steps (0.0001 hrs) 13.16:0.00 4796 (0) sec
[814] Ep10000: Max 14928 (1417) steps (0.0004 hrs) 7.69:7.69 4797 (1) sec
[815] Ep10000: Max 14928 (1489) steps (0.0004 hrs) 6.30:4.20 4798 (1) sec
[816] Ep10000: Max 14928 (1379) steps (0.0004 hrs) 0.00:0.00 4799 (1) sec
[817] Ep10000: Max 14928 (1833) steps (0.0005 hrs) 0.00:0.00 4812 (13) sec
[818] Ep10000: Max 14928 (1843) steps (0.0005 hrs) 0.00:0.00 4826 (14) sec
[819] Ep10000: Max 14928 (335) steps (0.0001 hrs) 17.54:0.00 4827 (1) sec
[820] Ep10000: Max 14928 (714) steps (0.0002 hrs) 58.82:0.00 4828 (1) sec
[821] Ep10000: Max 14928 (2218) steps (0.0006 hrs) 0.00:0.00 4834 (6) sec
[822] Ep10000: Max 14928 (354) steps (0.0001 hrs) 0.00:16.67 4835 (1) sec
[823] Ep10000: Max 14928 (2516) steps (0.0007 hrs) 0.00:0.00 4849 (14) sec
[824] Ep10000: Max 14928 (2355) steps (0.0007 hrs) 0.00:0.00 4863 (14) sec
[825] Ep10000: Max 14928 (2056) steps (0.0006 hrs) 0.00:0.00 4876 (13) sec
[826] Ep10000: Max 14928 (309) steps (0.0001 hrs) 13.79:0.00 4877 (1) sec
[827] Ep10000: Max 14928 (2188) steps (0.0006 hrs) 0.00:0.00 4890 (13) sec
[828] Ep10000: Max 14928 (383) steps (0.0001 hrs) 11.70:0.00 4891 (1) sec
[829] Ep10000: Max 14928 (2006) steps (0.0006 hrs) 0.00:0.00 4903 (12) sec
[830] Ep10000: Max 14928 (2100) steps (0.0006 hrs) 0.00:5.03 4916 (13) sec
[831] Ep10000: Max 14928 (309) steps (0.0001 hrs) 12.66:0.00 4917 (1) sec
[832] Ep10000: Max 14928 (290) steps (0.0001 hrs) 21.28:0.00 4917 (0) sec
[833] Ep10000: Max 14928 (2039) steps (0.0006 hrs) 0.00:0.00 4928 (11) sec
[834] Ep10000: Max 14928 (576) steps (0.0002 hrs) 12.82:0.00 4929 (1) sec
[835] Ep10000: Max 14928 (2588) steps (0.0007 hrs) 0.00:0.00 4942 (13) sec
[836] Ep10000: Max 14928 (2009) steps (0.0006 hrs) 0.00:0.00 4955 (13) sec
[837] Ep10000: Max 14928 (2149) steps (0.0006 hrs) 0.00:0.00 4964 (9) sec
[838] Ep10000: Max 14928 (3189) steps (0.0009 hrs) 0.00:0.00 4976 (12) sec
[839] Ep10000: Max 14928 (3070) steps (0.0009 hrs) 11.24:0.00 4982 (6) sec
[840] Ep10000: Max 14928 (2068) steps (0.0006 hrs) 0.00:0.00 4996 (14) sec
[841] Ep10000: Max 14928 (910) steps (0.0003 hrs) 12.20:0.00 4997 (1) sec
[842] Ep10000: Max 14928 (2007) steps (0.0006 hrs) 0.00:0.00 5003 (6) sec
[843] Ep10000: Max 14928 (2303) steps (0.0006 hrs) 0.00:0.00 5008 (5) sec
[844] Ep10000: Max 14928 (2165) steps (0.0006 hrs) 0.00:0.00 5012 (4) sec
[845] Ep10000: Max 14928 (328) steps (0.0001 hrs) 0.00:6.60 5013 (1) sec
[846] Ep10000: Max 14928 (1374) steps (0.0004 hrs) 10.75:0.00 5013 (0) sec
[847] Ep10000: Max 14928 (392) steps (0.0001 hrs) 14.29:0.00 5014 (1) sec
[848] Ep10000: Max 14928 (753) steps (0.0002 hrs) 16.00:0.00 5014 (0) sec
[849] Ep10000: Max 14928 (479) steps (0.0001 hrs) 62.50:0.00 5015 (1) sec
[850] Ep10000: Max 14928 (2830) steps (0.0008 hrs) 0.00:0.00 5027 (12) sec
[851] Ep10000: Max 14928 (2425) steps (0.0007 hrs) 0.00:4.63 5040 (13) sec
[852] Ep10000: Max 14928 (3688) steps (0.0010 hrs) 0.00:11.76 5049 (9) sec
[853] Ep10000: Max 14928 (286) steps (0.0001 hrs) 10.64:0.00 5050 (1) sec
[854] Ep10000: Max 14928 (2643) steps (0.0007 hrs) 0.00:22.22 5057 (7) sec
[855] Ep10000: Max 14928 (327) steps (0.0001 hrs) 16.13:0.00 5057 (0) sec
[856] Ep10000: Max 14928 (2026) steps (0.0006 hrs) 0.00:0.00 5070 (13) sec
[857] Ep10000: Max 14928 (313) steps (0.0001 hrs) 10.87:0.00 5071 (1) sec
[858] Ep10000: Max 14928 (2209) steps (0.0006 hrs) 0.00:0.00 5083 (12) sec
[859] Ep10000: Max 14928 (388) steps (0.0001 hrs) 62.50:0.00 5084 (1) sec
[860] Ep10000: Max 14928 (347) steps (0.0001 hrs) 16.53:0.00 5084 (0) sec
[861] Ep10000: Max 14928 (2077) steps (0.0006 hrs) 0.00:1.70 5097 (13) sec
[862] Ep10000: Max 14928 (2489) steps (0.0007 hrs) 0.00:3.47 5110 (13) sec
[863] Ep10000: Max 14928 (484) steps (0.0001 hrs) 0.00:14.29 5111 (1) sec
[864] Ep10000: Max 14928 (368) steps (0.0001 hrs) 0.00:31.25 5111 (0) sec
[865] Ep10000: Max 14928 (191) steps (0.0001 hrs) 16.67:0.00 5112 (1) sec
[866] Ep10000: Max 14928 (3233) steps (0.0009 hrs) 28.57:0.00 5118 (6) sec
[867] Ep10000: Max 14928 (2092) steps (0.0006 hrs) 0.00:0.00 5131 (13) sec
[868] Ep10000: Max 14928 (329) steps (0.0001 hrs) 0.00:19.05 5132 (1) sec
[869] Ep10000: Max 14928 (191) steps (0.0001 hrs) 10.53:0.00 5132 (0) sec
[870] Ep10000: Max 14928 (500) steps (0.0001 hrs) 14.08:0.00 5133 (1) sec
[871] Ep10000: Max 14928 (849) steps (0.0002 hrs) 0.00:0.00 5134 (1) sec
[872] Ep10000: Max 14928 (2233) steps (0.0006 hrs) 0.00:3.14 5147 (13) sec
[873] Ep10000: Max 14928 (2067) steps (0.0006 hrs) 11.76:0.00 5160 (13) sec
[874] Ep10000: Max 14928 (2579) steps (0.0007 hrs) 0.00:0.00 5171 (11) sec
[875] Ep10000: Max 14928 (2132) steps (0.0006 hrs) 0.00:4.78 5184 (13) sec
[876] Ep10000: Max 14928 (1862) steps (0.0005 hrs) 0.00:4.22 5197 (13) sec
[877] Ep10000: Max 14928 (563) steps (0.0002 hrs) 0.00:71.43 5198 (1) sec
[878] Ep10000: Max 14928 (2041) steps (0.0006 hrs) 0.00:0.00 5211 (13) sec
[879] Ep10000: Max 14928 (952) steps (0.0003 hrs) 12.20:0.00 5211 (0) sec
[880] Ep10000: Max 14928 (2406) steps (0.0007 hrs) 0.00:0.00 5225 (14) sec
[881] Ep10000: Max 14928 (303) steps (0.0001 hrs) 10.64:0.00 5225 (0) sec
[882] Ep10000: Max 14928 (1901) steps (0.0005 hrs) 0.00:0.00 5238 (13) sec
[883] Ep10000: Max 14928 (534) steps (0.0001 hrs) 13.99:0.00 5239 (1) sec
[884] Ep10000: Max 14928 (402) steps (0.0001 hrs) 0.00:34.48 5240 (1) sec
[885] Ep10000: Max 14928 (211) steps (0.0001 hrs) 15.04:0.00 5240 (0) sec
[886] Ep10000: Max 14928 (287) steps (0.0001 hrs) 10.00:0.00 5241 (1) sec
[887] Ep10000: Max 14928 (1843) steps (0.0005 hrs) 0.00:0.00 5254 (13) sec
[888] Ep10000: Max 14928 (2241) steps (0.0006 hrs) 0.00:4.37 5267 (13) sec
[889] Ep10000: Max 14928 (1821) steps (0.0005 hrs) 13.89:0.00 5268 (1) sec
[890] Ep10000: Max 14928 (3117) steps (0.0009 hrs) 0.00:0.00 5282 (14) sec
[891] Ep10000: Max 14928 (1748) steps (0.0005 hrs) 0.00:0.00 5284 (2) sec
[892] Ep10000: Max 14928 (2392) steps (0.0007 hrs) 0.00:0.00 5296 (12) sec
[893] Ep10000: Max 14928 (2486) steps (0.0007 hrs) 0.00:0.00 5309 (13) sec
[894] Ep10000: Max 14928 (2274) steps (0.0006 hrs) 0.00:0.00 5320 (11) sec
[895] Ep10000: Max 14928 (2331) steps (0.0006 hrs) 0.00:0.00 5333 (13) sec
[896] Ep10000: Max 14928 (255) steps (0.0001 hrs) 12.50:0.00 5334 (1) sec
[897] Ep10000: Max 14928 (1739) steps (0.0005 hrs) 0.00:0.00 5337 (3) sec
[898] Ep10000: Max 14928 (2909) steps (0.0008 hrs) 0.00:0.00 5349 (12) sec
[899] Ep10000: Max 14928 (2294) steps (0.0006 hrs) 0.00:0.00 5361 (12) sec
[900] Ep10000: Max 14928 (307) steps (0.0001 hrs) 18.52:0.00 5362 (1) sec
[901] Ep10000: Max 14928 (2824) steps (0.0008 hrs) 0.00:0.00 5374 (12) sec
[902] Ep10000: Max 14928 (2086) steps (0.0006 hrs) 0.00:0.00 5386 (12) sec
[903] Ep10000: Max 14928 (2198) steps (0.0006 hrs) 0.00:0.00 5399 (13) sec
[904] Ep10000: Max 14928 (2414) steps (0.0007 hrs) 0.00:0.00 5410 (11) sec
[905] Ep10000: Max 14928 (321) steps (0.0001 hrs) 14.93:0.00 5411 (1) sec
[906] Ep10000: Max 14928 (2318) steps (0.0006 hrs) 0.00:0.00 5419 (8) sec
[907] Ep10000: Max 14928 (862) steps (0.0002 hrs) 0.00:11.90 5420 (1) sec
[908] Ep10000: Max 14928 (1663) steps (0.0005 hrs) 0.00:27.78 5426 (6) sec
[909] Ep10000: Max 14928 (1409) steps (0.0004 hrs) 0.00:0.00 5427 (1) sec
[910] Ep10000: Max 14928 (374) steps (0.0001 hrs) 10.42:0.00 5428 (1) sec
[911] Ep10000: Max 14928 (1538) steps (0.0004 hrs) 0.00:0.00 5429 (1) sec
[912] Ep10000: Max 14928 (384) steps (0.0001 hrs) 0.00:17.54 5429 (0) sec
[913] Ep10000: Max 14928 (1075) steps (0.0003 hrs) 17.86:0.00 5430 (1) sec
[914] Ep10000: Max 14928 (2135) steps (0.0006 hrs) 0.00:3.44 5443 (13) sec
[915] Ep10000: Max 14928 (451) steps (0.0001 hrs) 10.53:0.00 5444 (1) sec
[916] Ep10000: Max 14928 (3111) steps (0.0009 hrs) 0.00:0.00 5455 (11) sec
[917] Ep10000: Max 14928 (2292) steps (0.0006 hrs) 0.00:6.25 5468 (13) sec
[918] Ep10000: Max 14928 (2353) steps (0.0007 hrs) 0.00:0.00 5480 (12) sec
[919] Ep10000: Max 14928 (1787) steps (0.0005 hrs) 0.00:0.00 5485 (5) sec
[920] Ep10000: Max 14928 (2071) steps (0.0006 hrs) 0.00:0.00 5498 (13) sec
[921] Ep10000: Max 14928 (2148) steps (0.0006 hrs) 2.48:0.00 5511 (13) sec
[922] Ep10000: Max 14928 (508) steps (0.0001 hrs) 0.00:10.87 5512 (1) sec
[923] Ep10000: Max 14928 (1113) steps (0.0003 hrs) 30.30:0.00 5513 (1) sec
[924] Ep10000: Max 14928 (2260) steps (0.0006 hrs) 0.00:0.00 5526 (13) sec
[925] Ep10000: Max 14928 (509) steps (0.0001 hrs) 17.39:0.00 5527 (1) sec
[926] Ep10000: Max 14928 (2526) steps (0.0007 hrs) 0.00:0.00 5539 (12) sec
[927] Ep10000: Max 14928 (2194) steps (0.0006 hrs) 0.00:0.00 5542 (3) sec
[928] Ep10000: Max 14928 (2524) steps (0.0007 hrs) 0.00:0.00 5555 (13) sec
[929] Ep10000: Max 14928 (308) steps (0.0001 hrs) 0.00:10.42 5555 (0) sec
[930] Ep10000: Max 14928 (408) steps (0.0001 hrs) 16.67:0.00 5556 (1) sec
[931] Ep10000: Max 14928 (4697) steps (0.0013 hrs) 0.00:5.21 5569 (13) sec
[932] Ep10000: Max 14928 (314) steps (0.0001 hrs) 25.64:0.00 5569 (0) sec
[933] Ep10000: Max 14928 (2960) steps (0.0008 hrs) 0.00:0.00 5583 (14) sec
[934] Ep10000: Max 14928 (1402) steps (0.0004 hrs) 8.85:8.85 5583 (0) sec
[935] Ep10000: Max 14928 (2055) steps (0.0006 hrs) 0.00:0.00 5594 (11) sec
[936] Ep10000: Max 14928 (291) steps (0.0001 hrs) 16.95:0.00 5595 (1) sec
[937] Ep10000: Max 14928 (266) steps (0.0001 hrs) 18.02:0.00 5595 (0) sec
[938] Ep10000: Max 14928 (1162) steps (0.0003 hrs) 17.39:0.00 5596 (1) sec
[939] Ep10000: Max 14928 (2011) steps (0.0006 hrs) 0.00:0.00 5610 (14) sec
[940] Ep10000: Max 14928 (306) steps (0.0001 hrs) 55.56:0.00 5611 (1) sec
[941] Ep10000: Max 14928 (289) steps (0.0001 hrs) 27.78:0.00 5611 (0) sec
[942] Ep10000: Max 14928 (391) steps (0.0001 hrs) 16.13:0.00 5612 (1) sec
[943] Ep10000: Max 14928 (2168) steps (0.0006 hrs) 0.00:0.00 5625 (13) sec
[944] Ep10000: Max 14928 (2433) steps (0.0007 hrs) 0.00:0.00 5637 (12) sec
[945] Ep10000: Max 14928 (332) steps (0.0001 hrs) 18.52:0.00 5638 (1) sec
[946] Ep10000: Max 14928 (322) steps (0.0001 hrs) 24.39:0.00 5638 (0) sec
[947] Ep10000: Max 14928 (338) steps (0.0001 hrs) 12.20:0.00 5639 (1) sec
[948] Ep10000: Max 14928 (336) steps (0.0001 hrs) 10.31:0.00 5640 (1) sec
[949] Ep10000: Max 14928 (1912) steps (0.0005 hrs) 0.00:0.00 5653 (13) sec
[950] Ep10000: Max 14928 (558) steps (0.0002 hrs) 11.63:0.00 5653 (0) sec
[951] Ep10000: Max 14928 (2930) steps (0.0008 hrs) 0.00:2.20 5666 (13) sec
[952] Ep10000: Max 14928 (325) steps (0.0001 hrs) 0.00:15.38 5667 (1) sec
[953] Ep10000: Max 14928 (2244) steps (0.0006 hrs) 0.00:0.00 5679 (12) sec
[954] Ep10000: Max 14928 (346) steps (0.0001 hrs) 13.89:0.00 5680 (1) sec
[955] Ep10000: Max 14928 (881) steps (0.0002 hrs) 10.99:0.00 5681 (1) sec
[956] Ep10000: Max 14928 (2308) steps (0.0006 hrs) 0.00:0.00 5694 (13) sec
[957] Ep10000: Max 14928 (2356) steps (0.0007 hrs) 0.00:0.00 5708 (14) sec
[958] Ep10000: Max 14928 (291) steps (0.0001 hrs) 13.16:0.00 5708 (0) sec
[959] Ep10000: Max 14928 (322) steps (0.0001 hrs) 18.87:0.00 5709 (1) sec
[960] Ep10000: Max 14928 (714) steps (0.0002 hrs) 10.64:0.00 5710 (1) sec
[961] Ep10000: Max 14928 (2129) steps (0.0006 hrs) 0.00:0.00 5722 (12) sec
[962] Ep10000: Max 14928 (2433) steps (0.0007 hrs) 0.00:0.00 5735 (13) sec
[963] Ep10000: Max 14928 (2024) steps (0.0006 hrs) 0.00:0.00 5749 (14) sec
[964] Ep10000: Max 14928 (332) steps (0.0001 hrs) 45.45:0.00 5750 (1) sec
[965] Ep10000: Max 14928 (290) steps (0.0001 hrs) 19.61:0.00 5750 (0) sec
[966] Ep10000: Max 14928 (321) steps (0.0001 hrs) 1000.00:0.00 5751 (1) sec
[967] Ep10000: Max 14928 (2338) steps (0.0006 hrs) 0.00:0.00 5763 (12) sec
[968] Ep10000: Max 14928 (2118) steps (0.0006 hrs) 0.00:0.00 5776 (13) sec
[969] Ep10000: Max 14928 (1909) steps (0.0005 hrs) 0.00:0.00 5790 (14) sec
[970] Ep10000: Max 14928 (331) steps (0.0001 hrs) 0.00:14.39 5791 (1) sec
[971] Ep10000: Max 14928 (2556) steps (0.0007 hrs) 0.00:0.00 5803 (12) sec
[972] Ep10000: Max 14928 (483) steps (0.0001 hrs) 41.67:0.00 5804 (1) sec
[973] Ep10000: Max 14928 (274) steps (0.0001 hrs) 23.26:0.00 5805 (1) sec
[974] Ep10000: Max 14928 (324) steps (0.0001 hrs) 16.95:0.00 5805 (0) sec
[975] Ep10000: Max 14928 (2325) steps (0.0006 hrs) 0.00:3.79 5818 (13) sec
[976] Ep10000: Max 14928 (2168) steps (0.0006 hrs) 0.00:0.00 5832 (14) sec
[977] Ep10000: Max 14928 (347) steps (0.0001 hrs) 12.27:0.00 5833 (1) sec
[978] Ep10000: Max 14928 (926) steps (0.0003 hrs) 12.20:0.00 5833 (0) sec
[979] Ep10000: Max 14928 (257) steps (0.0001 hrs) 0.00:14.60 5834 (1) sec
[980] Ep10000: Max 14928 (2569) steps (0.0007 hrs) 0.00:0.00 5838 (4) sec
[981] Ep10000: Max 14928 (2386) steps (0.0007 hrs) 0.00:0.00 5851 (13) sec
[982] Ep10000: Max 14928 (2542) steps (0.0007 hrs) 0.00:0.00 5865 (14) sec
[983] Ep10000: Max 14928 (2048) steps (0.0006 hrs) 0.00:0.00 5867 (2) sec
[984] Ep10000: Max 14928 (2404) steps (0.0007 hrs) 0.00:0.00 5880 (13) sec
[985] Ep10000: Max 14928 (1954) steps (0.0005 hrs) 0.00:0.00 5893 (13) sec
[986] Ep10000: Max 14928 (331) steps (0.0001 hrs) 0.00:21.28 5894 (1) sec
[987] Ep10000: Max 14928 (2016) steps (0.0006 hrs) 0.00:0.00 5907 (13) sec
[988] Ep10000: Max 14928 (2245) steps (0.0006 hrs) 0.00:0.00 5917 (10) sec
[989] Ep10000: Max 14928 (1609) steps (0.0004 hrs) 0.00:15.27 5918 (1) sec
[990] Ep10000: Max 14928 (601) steps (0.0002 hrs) 0.00:17.24 5920 (2) sec
[991] Ep10000: Max 14928 (378) steps (0.0001 hrs) 0.00:17.70 5920 (0) sec
[992] Ep10000: Max 14928 (458) steps (0.0001 hrs) 24.39:0.00 5920 (0) sec
[993] Ep10000: Max 14928 (2503) steps (0.0007 hrs) 0.00:0.00 5933 (13) sec
[994] Ep10000: Max 14928 (1721) steps (0.0005 hrs) 0.00:0.00 5937 (4) sec
[995] Ep10000: Max 14928 (283) steps (0.0001 hrs) 333.33:0.00 5937 (0) sec
[996] Ep10000: Max 14928 (324) steps (0.0001 hrs) 21.74:0.00 5938 (1) sec
[997] Ep10000: Max 14928 (414) steps (0.0001 hrs) 15.38:0.00 5938 (0) sec
[998] Ep10000: Max 14928 (252) steps (0.0001 hrs) 13.70:0.00 5939 (1) sec
[999] Ep10000: Max 14928 (2172) steps (0.0006 hrs) 0.00:0.00 5952 (13) sec
[1000] Ep10000: Max 14928 (2092) steps (0.0006 hrs) 0.00:0.00 5965 (13) sec
Total Elapsed time: 5965 seconds
Wrote current data to latest.train
