balanced 0 test_flag 0
[1] Ep10000: Max 1847 (1847) steps (0.0005 hrs) -nan:-nan 96 (96) sec
[2] Ep10000: Max 2152 (2152) steps (0.0006 hrs) -nan:-nan 191 (95) sec
[3] Ep10000: Max 2498 (2498) steps (0.0007 hrs) -nan:-nan 299 (108) sec
[4] Ep10000: Max 2498 (2202) steps (0.0006 hrs) -nan:-nan 390 (91) sec
[5] Ep10000: Max 2498 (2003) steps (0.0006 hrs) -nan:-nan 473 (83) sec
[6] Ep10000: Max 2498 (2188) steps (0.0006 hrs) -nan:-nan 556 (83) sec
[7] Ep10000: Max 2498 (1657) steps (0.0005 hrs) -nan:-nan 592 (36) sec
[8] Ep10000: Max 2498 (2108) steps (0.0006 hrs) -nan:-nan 645 (53) sec
[9] Ep10000: Max 2498 (2391) steps (0.0007 hrs) -nan:-nan 690 (45) sec
[10] Ep10000: Max 2498 (2241) steps (0.0006 hrs) -nan:-nan 757 (67) sec
[11] Ep10000: Max 2498 (1533) steps (0.0004 hrs) -nan:-nan 779 (22) sec
[12] Ep10000: Max 2498 (2050) steps (0.0006 hrs) -nan:-nan 833 (54) sec
[13] Ep10000: Max 2498 (2232) steps (0.0006 hrs) -nan:-nan 877 (44) sec
[14] Ep10000: Max 2498 (2339) steps (0.0006 hrs) -nan:-nan 934 (57) sec
[15] Ep10000: Max 2498 (2074) steps (0.0006 hrs) -nan:-nan 994 (60) sec
[16] Ep10000: Max 2884 (2884) steps (0.0008 hrs) -nan:-nan 1076 (82) sec
[17] Ep10000: Max 2884 (2083) steps (0.0006 hrs) -nan:-nan 1136 (60) sec
[18] Ep10000: Max 2884 (2101) steps (0.0006 hrs) -nan:-nan 1243 (107) sec
[19] Ep10000: Max 2884 (1819) steps (0.0005 hrs) -nan:-nan 1331 (88) sec
[20] Ep10000: Max 2884 (2271) steps (0.0006 hrs) -nan:-nan 1437 (106) sec
[21] Ep10000: Max 2884 (2312) steps (0.0006 hrs) -nan:-nan 1557 (120) sec
[22] Ep10000: Max 2884 (1755) steps (0.0005 hrs) -nan:-nan 1662 (105) sec
[23] Ep10000: Max 2884 (1907) steps (0.0005 hrs) -nan:-nan 1736 (74) sec
[24] Ep10000: Max 2884 (2227) steps (0.0006 hrs) -nan:-nan 1830 (94) sec
[25] Ep10000: Max 2884 (1213) steps (0.0003 hrs) -nan:-nan 1862 (32) sec
[26] Ep10000: Max 2884 (2038) steps (0.0006 hrs) -nan:-nan 1939 (77) sec
[27] Ep10000: Max 2884 (1943) steps (0.0005 hrs) -nan:-nan 2033 (94) sec
[28] Ep10000: Max 2884 (2200) steps (0.0006 hrs) -nan:-nan 2122 (89) sec
[29] Ep10000: Max 2884 (2533) steps (0.0007 hrs) -nan:-nan 2207 (85) sec
[30] Ep10000: Max 4006 (4006) steps (0.0011 hrs) -nan:-nan 2258 (51) sec
[31] Ep10000: Max 4006 (2564) steps (0.0007 hrs) -nan:-nan 2334 (76) sec
[32] Ep10000: Max 4006 (1840) steps (0.0005 hrs) -nan:-nan 2366 (32) sec
[33] Ep10000: Max 4006 (3390) steps (0.0009 hrs) -nan:-nan 2432 (66) sec
[34] Ep10000: Max 4006 (2586) steps (0.0007 hrs) -nan:-nan 2511 (79) sec
[35] Ep10000: Max 4006 (2433) steps (0.0007 hrs) -nan:-nan 2580 (69) sec
[36] Ep10000: Max 4006 (2694) steps (0.0007 hrs) -nan:-nan 2656 (76) sec
[37] Ep10000: Max 4006 (2486) steps (0.0007 hrs) -nan:-nan 2735 (79) sec
[38] Ep10000: Max 4006 (1962) steps (0.0005 hrs) -nan:-nan 2810 (75) sec
[39] Ep10000: Max 4006 (3411) steps (0.0009 hrs) -nan:-nan 2888 (78) sec
[40] Ep10000: Max 4006 (2947) steps (0.0008 hrs) -nan:-nan 2997 (109) sec
[41] Ep10000: Max 4006 (2035) steps (0.0006 hrs) -nan:-nan 3090 (93) sec
[42] Ep10000: Max 4006 (1806) steps (0.0005 hrs) -nan:-nan 3133 (43) sec
[43] Ep10000: Max 4006 (2510) steps (0.0007 hrs) -nan:-nan 3214 (81) sec
[44] Ep10000: Max 4006 (2185) steps (0.0006 hrs) -nan:-nan 3333 (119) sec
[45] Ep10000: Max 4006 (1967) steps (0.0005 hrs) -nan:-nan 3433 (100) sec
[46] Ep10000: Max 4006 (1876) steps (0.0005 hrs) -nan:-nan 3512 (79) sec
[47] Ep10000: Max 4006 (2188) steps (0.0006 hrs) -nan:-nan 3558 (46) sec
[48] Ep10000: Max 4006 (2257) steps (0.0006 hrs) -nan:-nan 3676 (118) sec
[49] Ep10000: Max 4006 (1951) steps (0.0005 hrs) -nan:-nan 3747 (71) sec
[50] Ep10000: Max 4006 (2067) steps (0.0006 hrs) -nan:-nan 3819 (72) sec
[51] Ep10000: Max 4006 (2856) steps (0.0008 hrs) -nan:-nan 3883 (64) sec
[52] Ep10000: Max 4006 (2867) steps (0.0008 hrs) -nan:-nan 3973 (90) sec
[53] Ep10000: Max 4006 (2215) steps (0.0006 hrs) -nan:-nan 4051 (78) sec
[54] Ep10000: Max 4006 (2359) steps (0.0007 hrs) -nan:-nan 4117 (66) sec
[55] Ep10000: Max 4006 (1817) steps (0.0005 hrs) -nan:-nan 4176 (59) sec
[56] Ep10000: Max 4006 (2200) steps (0.0006 hrs) -nan:-nan 4254 (78) sec
[57] Ep10000: Max 4006 (2442) steps (0.0007 hrs) -nan:-nan 4329 (75) sec
[58] Ep10000: Max 4006 (2037) steps (0.0006 hrs) -nan:-nan 4436 (107) sec
[59] Ep10000: Max 4006 (2150) steps (0.0006 hrs) -nan:-nan 4503 (67) sec
[60] Ep10000: Max 4006 (1994) steps (0.0006 hrs) -nan:-nan 4601 (98) sec
[61] Ep10000: Max 4006 (2236) steps (0.0006 hrs) -nan:-nan 4709 (108) sec
[62] Ep10000: Max 4006 (3252) steps (0.0009 hrs) -nan:-nan 4808 (99) sec
[63] Ep10000: Max 4006 (2328) steps (0.0006 hrs) -nan:-nan 4903 (95) sec
[64] Ep10000: Max 4006 (2487) steps (0.0007 hrs) -nan:-nan 5006 (103) sec
[65] Ep10000: Max 4006 (2586) steps (0.0007 hrs) -nan:-nan 5084 (78) sec
[66] Ep10000: Max 4006 (1835) steps (0.0005 hrs) -nan:-nan 5174 (90) sec
[67] Ep10000: Max 4006 (2705) steps (0.0008 hrs) -nan:-nan 5286 (112) sec
[68] Ep10000: Max 4006 (1750) steps (0.0005 hrs) -nan:-nan 5319 (33) sec
[69] Ep10000: Max 4006 (2005) steps (0.0006 hrs) -nan:-nan 5371 (52) sec
[70] Ep10000: Max 4006 (2481) steps (0.0007 hrs) -nan:-nan 5412 (41) sec
[71] Ep10000: Max 4006 (2605) steps (0.0007 hrs) -nan:-nan 5485 (73) sec
[72] Ep10000: Max 4006 (3337) steps (0.0009 hrs) -nan:-nan 5587 (102) sec
[73] Ep10000: Max 4006 (2273) steps (0.0006 hrs) -nan:-nan 5666 (79) sec
[74] Ep10000: Max 4006 (2183) steps (0.0006 hrs) -nan:-nan 5730 (64) sec
[75] Ep10000: Max 4006 (1983) steps (0.0006 hrs) -nan:-nan 5794 (64) sec
[76] Ep10000: Max 4006 (2028) steps (0.0006 hrs) -nan:-nan 5878 (84) sec
[77] Ep10000: Max 4006 (2012) steps (0.0006 hrs) -nan:-nan 5953 (75) sec
[78] Ep10000: Max 4006 (2385) steps (0.0007 hrs) -nan:-nan 6035 (82) sec
[79] Ep10000: Max 4006 (2576) steps (0.0007 hrs) -nan:-nan 6148 (113) sec
[80] Ep10000: Max 4006 (2162) steps (0.0006 hrs) -nan:-nan 6252 (104) sec
[81] Ep10000: Max 4006 (2031) steps (0.0006 hrs) -nan:-nan 6364 (112) sec
[82] Ep10000: Max 4006 (1632) steps (0.0005 hrs) -nan:-nan 6453 (89) sec
[83] Ep10000: Max 4006 (2660) steps (0.0007 hrs) -nan:-nan 6547 (94) sec
[84] Ep10000: Max 4006 (1808) steps (0.0005 hrs) -nan:-nan 6627 (80) sec
[85] Ep10000: Max 4006 (1109) steps (0.0003 hrs) -nan:-nan 6660 (33) sec
[86] Ep10000: Max 4006 (2139) steps (0.0006 hrs) -nan:-nan 6745 (85) sec
[87] Ep10000: Max 4006 (1928) steps (0.0005 hrs) -nan:-nan 6851 (106) sec
[88] Ep10000: Max 4006 (2076) steps (0.0006 hrs) -nan:-nan 6949 (98) sec
[89] Ep10000: Max 4006 (3224) steps (0.0009 hrs) -nan:-nan 7031 (82) sec
[90] Ep10000: Max 4006 (2158) steps (0.0006 hrs) -nan:-nan 7109 (78) sec
[91] Ep10000: Max 4006 (2968) steps (0.0008 hrs) -nan:-nan 7156 (47) sec
[92] Ep10000: Max 4006 (2402) steps (0.0007 hrs) -nan:-nan 7210 (54) sec
[93] Ep10000: Max 4006 (1591) steps (0.0004 hrs) -nan:-nan 7232 (22) sec
[94] Ep10000: Max 4006 (2927) steps (0.0008 hrs) -nan:-nan 7295 (63) sec
[95] Ep10000: Max 4006 (2147) steps (0.0006 hrs) -nan:-nan 7367 (72) sec
[96] Ep10000: Max 4006 (2517) steps (0.0007 hrs) -nan:-nan 7456 (89) sec
[97] Ep10000: Max 4006 (1222) steps (0.0003 hrs) -nan:-nan 7474 (18) sec
[98] Ep10000: Max 4006 (2001) steps (0.0006 hrs) -nan:-nan 7516 (42) sec
[99] Ep10000: Max 4006 (2553) steps (0.0007 hrs) -nan:-nan 7571 (55) sec
[100] Ep10000: Max 4006 (2647) steps (0.0007 hrs) -nan:-nan 7621 (50) sec
[101] Ep10000: Max 4006 (2363) steps (0.0007 hrs) -nan:-nan 7675 (54) sec
[102] Ep10000: Max 4006 (2193) steps (0.0006 hrs) -nan:-nan 7734 (59) sec
[103] Ep10000: Max 4006 (1884) steps (0.0005 hrs) -nan:-nan 7778 (44) sec
[104] Ep10000: Max 4006 (2099) steps (0.0006 hrs) -nan:-nan 7821 (43) sec
[105] Ep10000: Max 4006 (1661) steps (0.0005 hrs) -nan:-nan 7847 (26) sec
[106] Ep10000: Max 4006 (2023) steps (0.0006 hrs) -nan:-nan 7880 (33) sec
[107] Ep10000: Max 4006 (2124) steps (0.0006 hrs) -nan:-nan 7928 (48) sec
[108] Ep10000: Max 4006 (2420) steps (0.0007 hrs) -nan:-nan 7976 (48) sec
[109] Ep10000: Max 4006 (2319) steps (0.0006 hrs) -nan:-nan 8025 (49) sec
[110] Ep10000: Max 4006 (2249) steps (0.0006 hrs) -nan:-nan 8074 (49) sec
[111] Ep10000: Max 4006 (2286) steps (0.0006 hrs) -nan:-nan 8103 (29) sec
[112] Ep10000: Max 4006 (2124) steps (0.0006 hrs) -nan:-nan 8155 (52) sec
[113] Ep10000: Max 4006 (1976) steps (0.0005 hrs) -nan:-nan 8199 (44) sec
[114] Ep10000: Max 4006 (2399) steps (0.0007 hrs) -nan:-nan 8249 (50) sec
[115] Ep10000: Max 4006 (1868) steps (0.0005 hrs) -nan:-nan 8286 (37) sec
[116] Ep10000: Max 4006 (2455) steps (0.0007 hrs) -nan:-nan 8338 (52) sec
[117] Ep10000: Max 4006 (2008) steps (0.0006 hrs) -nan:-nan 8389 (51) sec
[118] Ep10000: Max 4006 (2179) steps (0.0006 hrs) -nan:-nan 8439 (50) sec
[119] Ep10000: Max 4006 (2054) steps (0.0006 hrs) -nan:-nan 8479 (40) sec
[120] Ep10000: Max 4006 (2206) steps (0.0006 hrs) -nan:-nan 8514 (35) sec
[121] Ep10000: Max 4006 (2301) steps (0.0006 hrs) -nan:-nan 8560 (46) sec
[122] Ep10000: Max 4006 (2831) steps (0.0008 hrs) -nan:-nan 8608 (48) sec
[123] Ep10000: Max 4006 (2087) steps (0.0006 hrs) -nan:-nan 8647 (39) sec
[124] Ep10000: Max 4006 (1705) steps (0.0005 hrs) -nan:-nan 8668 (21) sec
[125] Ep10000: Max 4006 (1904) steps (0.0005 hrs) -nan:-nan 8711 (43) sec
[126] Ep10000: Max 4006 (1978) steps (0.0005 hrs) -nan:-nan 8759 (48) sec
[127] Ep10000: Max 4006 (2290) steps (0.0006 hrs) -nan:-nan 8791 (32) sec
[128] Ep10000: Max 4006 (2143) steps (0.0006 hrs) -nan:-nan 8810 (19) sec
[129] Ep10000: Max 4006 (2075) steps (0.0006 hrs) -nan:-nan 8847 (37) sec
[130] Ep10000: Max 4006 (2509) steps (0.0007 hrs) -nan:-nan 8897 (50) sec
[131] Ep10000: Max 4006 (2998) steps (0.0008 hrs) -nan:-nan 8944 (47) sec
[132] Ep10000: Max 4006 (2270) steps (0.0006 hrs) -nan:-nan 8991 (47) sec
[133] Ep10000: Max 4006 (2361) steps (0.0007 hrs) -nan:-nan 9041 (50) sec
[134] Ep10000: Max 4006 (1558) steps (0.0004 hrs) -nan:-nan 9073 (32) sec
[135] Ep10000: Max 4006 (2219) steps (0.0006 hrs) -nan:-nan 9119 (46) sec
[136] Ep10000: Max 4006 (2554) steps (0.0007 hrs) -nan:-nan 9165 (46) sec
[137] Ep10000: Max 4006 (2310) steps (0.0006 hrs) -nan:-nan 9208 (43) sec
[138] Ep10000: Max 4006 (2350) steps (0.0007 hrs) -nan:-nan 9256 (48) sec
[139] Ep10000: Max 4006 (1872) steps (0.0005 hrs) -nan:-nan 9310 (54) sec
[140] Ep10000: Max 4006 (1962) steps (0.0005 hrs) -nan:-nan 9353 (43) sec
[141] Ep10000: Max 4006 (2402) steps (0.0007 hrs) -nan:-nan 9401 (48) sec
[142] Ep10000: Max 4006 (2375) steps (0.0007 hrs) -nan:-nan 9447 (46) sec
[143] Ep10000: Max 4006 (1751) steps (0.0005 hrs) -nan:-nan 9495 (48) sec
[144] Ep10000: Max 4006 (2553) steps (0.0007 hrs) -nan:-nan 9542 (47) sec
[145] Ep10000: Max 4006 (2296) steps (0.0006 hrs) -nan:-nan 9593 (51) sec
[146] Ep10000: Max 4006 (2457) steps (0.0007 hrs) -nan:-nan 9636 (43) sec
[147] Ep10000: Max 4006 (1739) steps (0.0005 hrs) -nan:-nan 9673 (37) sec
[148] Ep10000: Max 4006 (2938) steps (0.0008 hrs) -nan:-nan 9722 (49) sec
[149] Ep10000: Max 4006 (2564) steps (0.0007 hrs) -nan:-nan 9765 (43) sec
[150] Ep10000: Max 4006 (2062) steps (0.0006 hrs) -nan:-nan 9806 (41) sec
[151] Ep10000: Max 4006 (2538) steps (0.0007 hrs) -nan:-nan 9860 (54) sec
[152] Ep10000: Max 4006 (2207) steps (0.0006 hrs) -nan:-nan 9908 (48) sec
[153] Ep10000: Max 4006 (2765) steps (0.0008 hrs) -nan:-nan 9957 (49) sec
[154] Ep10000: Max 4006 (2573) steps (0.0007 hrs) -nan:-nan 10007 (50) sec
[155] Ep10000: Max 4006 (2041) steps (0.0006 hrs) -nan:-nan 10025 (18) sec
[156] Ep10000: Max 4006 (2352) steps (0.0007 hrs) -nan:-nan 10072 (47) sec
[157] Ep10000: Max 4006 (1912) steps (0.0005 hrs) -nan:-nan 10119 (47) sec
[158] Ep10000: Max 4006 (2078) steps (0.0006 hrs) -nan:-nan 10153 (34) sec
[159] Ep10000: Max 4006 (2628) steps (0.0007 hrs) -nan:-nan 10197 (44) sec
[160] Ep10000: Max 4006 (2361) steps (0.0007 hrs) -nan:-nan 10246 (49) sec
[161] Ep10000: Max 4006 (1939) steps (0.0005 hrs) -nan:-nan 10296 (50) sec
[162] Ep10000: Max 4006 (2207) steps (0.0006 hrs) -nan:-nan 10338 (42) sec
[163] Ep10000: Max 4006 (2056) steps (0.0006 hrs) -nan:-nan 10387 (49) sec
[164] Ep10000: Max 4006 (2142) steps (0.0006 hrs) -nan:-nan 10436 (49) sec
[165] Ep10000: Max 4006 (1860) steps (0.0005 hrs) -nan:-nan 10484 (48) sec
[166] Ep10000: Max 4006 (2205) steps (0.0006 hrs) -nan:-nan 10528 (44) sec
[167] Ep10000: Max 4006 (2162) steps (0.0006 hrs) -nan:-nan 10563 (35) sec
[168] Ep10000: Max 4006 (2331) steps (0.0006 hrs) -nan:-nan 10602 (39) sec
[169] Ep10000: Max 4006 (1434) steps (0.0004 hrs) -nan:-nan 10615 (13) sec
[170] Ep10000: Max 4006 (2228) steps (0.0006 hrs) -nan:-nan 10647 (32) sec
[171] Ep10000: Max 4006 (2470) steps (0.0007 hrs) -nan:-nan 10698 (51) sec
[172] Ep10000: Max 4006 (2462) steps (0.0007 hrs) -nan:-nan 10728 (30) sec
[173] Ep10000: Max 4006 (2177) steps (0.0006 hrs) -nan:-nan 10771 (43) sec
[174] Ep10000: Max 4006 (1950) steps (0.0005 hrs) -nan:-nan 10788 (17) sec
[175] Ep10000: Max 4006 (1773) steps (0.0005 hrs) -nan:-nan 10826 (38) sec
[176] Ep10000: Max 4006 (2697) steps (0.0007 hrs) -nan:-nan 10878 (52) sec
[177] Ep10000: Max 4006 (2405) steps (0.0007 hrs) -nan:-nan 10929 (51) sec
[178] Ep10000: Max 4006 (2081) steps (0.0006 hrs) -nan:-nan 10979 (50) sec
[179] Ep10000: Max 4006 (1805) steps (0.0005 hrs) -nan:-nan 11000 (21) sec
[180] Ep10000: Max 4006 (1803) steps (0.0005 hrs) -nan:-nan 11049 (49) sec
[181] Ep10000: Max 4006 (2048) steps (0.0006 hrs) -nan:-nan 11074 (25) sec
[182] Ep10000: Max 4006 (1940) steps (0.0005 hrs) -nan:-nan 11111 (37) sec
[183] Ep10000: Max 4006 (2057) steps (0.0006 hrs) -nan:-nan 11148 (37) sec
[184] Ep10000: Max 4006 (2004) steps (0.0006 hrs) -nan:-nan 11192 (44) sec
[185] Ep10000: Max 4006 (2244) steps (0.0006 hrs) -nan:-nan 11244 (52) sec
[186] Ep10000: Max 4006 (2356) steps (0.0007 hrs) -nan:-nan 11285 (41) sec
[187] Ep10000: Max 4006 (2161) steps (0.0006 hrs) -nan:-nan 11335 (50) sec
[188] Ep10000: Max 4006 (2071) steps (0.0006 hrs) -nan:-nan 11383 (48) sec
[189] Ep10000: Max 4006 (2612) steps (0.0007 hrs) -nan:-nan 11432 (49) sec
[190] Ep10000: Max 4006 (1921) steps (0.0005 hrs) -nan:-nan 11471 (39) sec
[191] Ep10000: Max 4006 (2680) steps (0.0007 hrs) -nan:-nan 11519 (48) sec
[192] Ep10000: Max 4006 (2415) steps (0.0007 hrs) -nan:-nan 11569 (50) sec
[193] Ep10000: Max 4006 (2597) steps (0.0007 hrs) -nan:-nan 11620 (51) sec
[194] Ep10000: Max 4006 (1941) steps (0.0005 hrs) -nan:-nan 11668 (48) sec
[195] Ep10000: Max 4006 (2490) steps (0.0007 hrs) -nan:-nan 11707 (39) sec
[196] Ep10000: Max 4006 (1905) steps (0.0005 hrs) -nan:-nan 11752 (45) sec
[197] Ep10000: Max 4006 (1840) steps (0.0005 hrs) -nan:-nan 11786 (34) sec
[198] Ep10000: Max 4006 (2346) steps (0.0007 hrs) -nan:-nan 11843 (57) sec
[199] Ep10000: Max 4006 (948) steps (0.0003 hrs) -nan:-nan 11855 (12) sec
[200] Ep10000: Max 4006 (2209) steps (0.0006 hrs) -nan:-nan 11907 (52) sec
[201] Ep10000: Max 4006 (2277) steps (0.0006 hrs) -nan:-nan 11958 (51) sec
[202] Ep10000: Max 4006 (1915) steps (0.0005 hrs) -nan:-nan 12006 (48) sec
[203] Ep10000: Max 4006 (2484) steps (0.0007 hrs) -nan:-nan 12058 (52) sec
[204] Ep10000: Max 4006 (2147) steps (0.0006 hrs) -nan:-nan 12096 (38) sec
[205] Ep10000: Max 4006 (2332) steps (0.0006 hrs) -nan:-nan 12146 (50) sec
[206] Ep10000: Max 4006 (2274) steps (0.0006 hrs) -nan:-nan 12194 (48) sec
[207] Ep10000: Max 4006 (2118) steps (0.0006 hrs) -nan:-nan 12245 (51) sec
[208] Ep10000: Max 4006 (1959) steps (0.0005 hrs) -nan:-nan 12293 (48) sec
[209] Ep10000: Max 4006 (2463) steps (0.0007 hrs) -nan:-nan 12345 (52) sec
[210] Ep10000: Max 4006 (2308) steps (0.0006 hrs) -nan:-nan 12383 (38) sec
[211] Ep10000: Max 4006 (2377) steps (0.0007 hrs) -nan:-nan 12441 (58) sec
[212] Ep10000: Max 4006 (2577) steps (0.0007 hrs) -nan:-nan 12490 (49) sec
[213] Ep10000: Max 4006 (2155) steps (0.0006 hrs) -nan:-nan 12541 (51) sec
[214] Ep10000: Max 4006 (1993) steps (0.0006 hrs) -nan:-nan 12607 (66) sec
[215] Ep10000: Max 4006 (2029) steps (0.0006 hrs) -nan:-nan 12650 (43) sec
[216] Ep10000: Max 4006 (1864) steps (0.0005 hrs) -nan:-nan 12692 (42) sec
[217] Ep10000: Max 4006 (2756) steps (0.0008 hrs) -nan:-nan 12743 (51) sec
[218] Ep10000: Max 4006 (2717) steps (0.0008 hrs) -nan:-nan 12793 (50) sec
[219] Ep10000: Max 4006 (2197) steps (0.0006 hrs) -nan:-nan 12841 (48) sec
[220] Ep10000: Max 4006 (1248) steps (0.0003 hrs) -nan:-nan 12855 (14) sec
[221] Ep10000: Max 4006 (2147) steps (0.0006 hrs) -nan:-nan 12894 (39) sec
[222] Ep10000: Max 4006 (2135) steps (0.0006 hrs) -nan:-nan 12942 (48) sec
[223] Ep10000: Max 4006 (1969) steps (0.0005 hrs) -nan:-nan 12977 (35) sec
[224] Ep10000: Max 4006 (1931) steps (0.0005 hrs) -nan:-nan 13036 (59) sec
[225] Ep10000: Max 4006 (2184) steps (0.0006 hrs) -nan:-nan 13084 (48) sec
[226] Ep10000: Max 4006 (3045) steps (0.0008 hrs) -nan:-nan 13122 (38) sec
[227] Ep10000: Max 4006 (863) steps (0.0002 hrs) -nan:-nan 13135 (13) sec
[228] Ep10000: Max 4006 (2357) steps (0.0007 hrs) -nan:-nan 13172 (37) sec
[229] Ep10000: Max 4006 (1915) steps (0.0005 hrs) -nan:-nan 13208 (36) sec
[230] Ep10000: Max 4006 (2206) steps (0.0006 hrs) -nan:-nan 13259 (51) sec
[231] Ep10000: Max 4006 (2080) steps (0.0006 hrs) -nan:-nan 13316 (57) sec
[232] Ep10000: Max 4006 (2011) steps (0.0006 hrs) -nan:-nan 13358 (42) sec
[233] Ep10000: Max 4006 (1982) steps (0.0006 hrs) -nan:-nan 13397 (39) sec
[234] Ep10000: Max 4006 (2114) steps (0.0006 hrs) -nan:-nan 13446 (49) sec
[235] Ep10000: Max 4006 (2880) steps (0.0008 hrs) -nan:-nan 13494 (48) sec
[236] Ep10000: Max 4006 (2115) steps (0.0006 hrs) -nan:-nan 13543 (49) sec
[237] Ep10000: Max 4006 (1907) steps (0.0005 hrs) -nan:-nan 13593 (50) sec
[238] Ep10000: Max 4006 (2378) steps (0.0007 hrs) -nan:-nan 13639 (46) sec
[239] Ep10000: Max 4006 (2030) steps (0.0006 hrs) -nan:-nan 13691 (52) sec
[240] Ep10000: Max 4006 (2353) steps (0.0007 hrs) -nan:-nan 13739 (48) sec
[241] Ep10000: Max 4006 (1746) steps (0.0005 hrs) -nan:-nan 13758 (19) sec
[242] Ep10000: Max 4006 (2101) steps (0.0006 hrs) -nan:-nan 13810 (52) sec
[243] Ep10000: Max 4006 (2319) steps (0.0006 hrs) -nan:-nan 13858 (48) sec
[244] Ep10000: Max 4006 (2187) steps (0.0006 hrs) -nan:-nan 13896 (38) sec
[245] Ep10000: Max 4006 (2078) steps (0.0006 hrs) -nan:-nan 13956 (60) sec
[246] Ep10000: Max 4006 (2561) steps (0.0007 hrs) -nan:-nan 14004 (48) sec
[247] Ep10000: Max 4006 (2177) steps (0.0006 hrs) -nan:-nan 14050 (46) sec
[248] Ep10000: Max 4006 (2638) steps (0.0007 hrs) -nan:-nan 14098 (48) sec
[249] Ep10000: Max 4006 (2037) steps (0.0006 hrs) -nan:-nan 14149 (51) sec
[250] Ep10000: Max 4006 (1924) steps (0.0005 hrs) -nan:-nan 14196 (47) sec
[251] Ep10000: Max 4006 (2855) steps (0.0008 hrs) -nan:-nan 14246 (50) sec
[252] Ep10000: Max 4006 (2239) steps (0.0006 hrs) -nan:-nan 14284 (38) sec
[253] Ep10000: Max 4006 (1778) steps (0.0005 hrs) -nan:-nan 14321 (37) sec
[254] Ep10000: Max 4006 (2480) steps (0.0007 hrs) -nan:-nan 14372 (51) sec
[255] Ep10000: Max 4006 (1974) steps (0.0005 hrs) -nan:-nan 14419 (47) sec
[256] Ep10000: Max 4006 (2477) steps (0.0007 hrs) -nan:-nan 14452 (33) sec
[257] Ep10000: Max 4006 (2619) steps (0.0007 hrs) -nan:-nan 14499 (47) sec
[258] Ep10000: Max 4006 (2017) steps (0.0006 hrs) -nan:-nan 14546 (47) sec
[259] Ep10000: Max 4006 (2030) steps (0.0006 hrs) -nan:-nan 14595 (49) sec
[260] Ep10000: Max 4006 (1993) steps (0.0006 hrs) -nan:-nan 14643 (48) sec
[261] Ep10000: Max 4006 (2218) steps (0.0006 hrs) -nan:-nan 14693 (50) sec
[262] Ep10000: Max 4006 (2217) steps (0.0006 hrs) -nan:-nan 14743 (50) sec
[263] Ep10000: Max 4006 (2143) steps (0.0006 hrs) -nan:-nan 14792 (49) sec
[264] Ep10000: Max 4006 (2604) steps (0.0007 hrs) -nan:-nan 14840 (48) sec
[265] Ep10000: Max 4006 (2156) steps (0.0006 hrs) -nan:-nan 14887 (47) sec
[266] Ep10000: Max 4006 (2051) steps (0.0006 hrs) -nan:-nan 14925 (38) sec
[267] Ep10000: Max 4006 (2219) steps (0.0006 hrs) -nan:-nan 14985 (60) sec
[268] Ep10000: Max 4006 (2344) steps (0.0007 hrs) -nan:-nan 15032 (47) sec
[269] Ep10000: Max 4006 (2157) steps (0.0006 hrs) -nan:-nan 15082 (50) sec
[270] Ep10000: Max 4006 (3086) steps (0.0009 hrs) -nan:-nan 15129 (47) sec
[271] Ep10000: Max 4006 (2473) steps (0.0007 hrs) -nan:-nan 15169 (40) sec
[272] Ep10000: Max 4006 (2373) steps (0.0007 hrs) -nan:-nan 15218 (49) sec
[273] Ep10000: Max 4006 (2193) steps (0.0006 hrs) -nan:-nan 15267 (49) sec
[274] Ep10000: Max 4006 (2295) steps (0.0006 hrs) -nan:-nan 15317 (50) sec
[275] Ep10000: Max 4006 (2290) steps (0.0006 hrs) -nan:-nan 15356 (39) sec
[276] Ep10000: Max 4006 (2288) steps (0.0006 hrs) -nan:-nan 15408 (52) sec
[277] Ep10000: Max 4006 (2277) steps (0.0006 hrs) -nan:-nan 15443 (35) sec
[278] Ep10000: Max 4006 (1995) steps (0.0006 hrs) -nan:-nan 15491 (48) sec
[279] Ep10000: Max 4006 (1870) steps (0.0005 hrs) -nan:-nan 15531 (40) sec
[280] Ep10000: Max 4006 (2051) steps (0.0006 hrs) -nan:-nan 15578 (47) sec
[281] Ep10000: Max 4006 (2169) steps (0.0006 hrs) -nan:-nan 15630 (52) sec
[282] Ep10000: Max 4006 (2642) steps (0.0007 hrs) -nan:-nan 15684 (54) sec
[283] Ep10000: Max 4006 (2180) steps (0.0006 hrs) -nan:-nan 15719 (35) sec
[284] Ep10000: Max 4006 (2865) steps (0.0008 hrs) -nan:-nan 15759 (40) sec
[285] Ep10000: Max 4006 (2494) steps (0.0007 hrs) -nan:-nan 15799 (40) sec
[286] Ep10000: Max 4006 (2083) steps (0.0006 hrs) -nan:-nan 15846 (47) sec
[287] Ep10000: Max 4006 (1733) steps (0.0005 hrs) -nan:-nan 15863 (17) sec
[288] Ep10000: Max 4006 (1911) steps (0.0005 hrs) -nan:-nan 15911 (48) sec
[289] Ep10000: Max 4006 (2366) steps (0.0007 hrs) -nan:-nan 15960 (49) sec
[290] Ep10000: Max 4006 (1898) steps (0.0005 hrs) -nan:-nan 15981 (21) sec
[291] Ep10000: Max 4006 (1902) steps (0.0005 hrs) -nan:-nan 16034 (53) sec
[292] Ep10000: Max 4006 (2055) steps (0.0006 hrs) -nan:-nan 16075 (41) sec
[293] Ep10000: Max 4006 (2040) steps (0.0006 hrs) -nan:-nan 16114 (39) sec
[294] Ep10000: Max 4006 (2495) steps (0.0007 hrs) -nan:-nan 16164 (50) sec
[295] Ep10000: Max 4006 (2878) steps (0.0008 hrs) -nan:-nan 16212 (48) sec
[296] Ep10000: Max 4006 (2052) steps (0.0006 hrs) -nan:-nan 16250 (38) sec
[297] Ep10000: Max 4006 (2159) steps (0.0006 hrs) -nan:-nan 16287 (37) sec
[298] Ep10000: Max 4006 (1856) steps (0.0005 hrs) -nan:-nan 16329 (42) sec
[299] Ep10000: Max 4006 (1755) steps (0.0005 hrs) -nan:-nan 16362 (33) sec
[300] Ep10000: Max 4006 (2115) steps (0.0006 hrs) -nan:-nan 16379 (17) sec
[301] Ep10000: Max 4006 (2605) steps (0.0007 hrs) -nan:-nan 16431 (52) sec
[302] Ep10000: Max 4006 (2753) steps (0.0008 hrs) -nan:-nan 16477 (46) sec
[303] Ep10000: Max 4006 (2112) steps (0.0006 hrs) -nan:-nan 16523 (46) sec
[304] Ep10000: Max 4006 (1915) steps (0.0005 hrs) -nan:-nan 16560 (37) sec
[305] Ep10000: Max 4006 (2363) steps (0.0007 hrs) -nan:-nan 16603 (43) sec
[306] Ep10000: Max 4006 (2251) steps (0.0006 hrs) -nan:-nan 16649 (46) sec
[307] Ep10000: Max 4006 (1323) steps (0.0004 hrs) -nan:-nan 16663 (14) sec
[308] Ep10000: Max 4006 (2191) steps (0.0006 hrs) -nan:-nan 16703 (40) sec
[309] Ep10000: Max 4006 (2038) steps (0.0006 hrs) -nan:-nan 16736 (33) sec
[310] Ep10000: Max 4006 (2011) steps (0.0006 hrs) -nan:-nan 16786 (50) sec
[311] Ep10000: Max 4006 (1973) steps (0.0005 hrs) -nan:-nan 16824 (38) sec
[312] Ep10000: Max 4006 (2913) steps (0.0008 hrs) -nan:-nan 16875 (51) sec
[313] Ep10000: Max 4006 (2053) steps (0.0006 hrs) -nan:-nan 16929 (54) sec
[314] Ep10000: Max 4006 (2078) steps (0.0006 hrs) -nan:-nan 16965 (36) sec
[315] Ep10000: Max 4006 (2454) steps (0.0007 hrs) -nan:-nan 17011 (46) sec
[316] Ep10000: Max 4006 (2593) steps (0.0007 hrs) -nan:-nan 17049 (38) sec
[317] Ep10000: Max 4006 (1890) steps (0.0005 hrs) -nan:-nan 17095 (46) sec
[318] Ep10000: Max 4006 (2543) steps (0.0007 hrs) -nan:-nan 17146 (51) sec
[319] Ep10000: Max 4006 (2078) steps (0.0006 hrs) -nan:-nan 17194 (48) sec
[320] Ep10000: Max 4006 (1980) steps (0.0006 hrs) -nan:-nan 17240 (46) sec
[321] Ep10000: Max 4006 (2059) steps (0.0006 hrs) -nan:-nan 17292 (52) sec
[322] Ep10000: Max 4006 (2171) steps (0.0006 hrs) -nan:-nan 17346 (54) sec
[323] Ep10000: Max 4006 (2086) steps (0.0006 hrs) -nan:-nan 17393 (47) sec
[324] Ep10000: Max 4006 (2187) steps (0.0006 hrs) -nan:-nan 17445 (52) sec
[325] Ep10000: Max 4006 (2432) steps (0.0007 hrs) -nan:-nan 17492 (47) sec
[326] Ep10000: Max 4006 (928) steps (0.0003 hrs) -nan:-nan 17507 (15) sec
[327] Ep10000: Max 4006 (2317) steps (0.0006 hrs) -nan:-nan 17564 (57) sec
[328] Ep10000: Max 4006 (2097) steps (0.0006 hrs) -nan:-nan 17602 (38) sec
[329] Ep10000: Max 4006 (2499) steps (0.0007 hrs) -nan:-nan 17657 (55) sec
[330] Ep10000: Max 4006 (2198) steps (0.0006 hrs) -nan:-nan 17705 (48) sec
[331] Ep10000: Max 4006 (2239) steps (0.0006 hrs) -nan:-nan 17744 (39) sec
[332] Ep10000: Max 4006 (2394) steps (0.0007 hrs) -nan:-nan 17791 (47) sec
[333] Ep10000: Max 4006 (2687) steps (0.0007 hrs) -nan:-nan 17841 (50) sec
[334] Ep10000: Max 4006 (2201) steps (0.0006 hrs) -nan:-nan 17892 (51) sec
[335] Ep10000: Max 4006 (2503) steps (0.0007 hrs) -nan:-nan 17932 (40) sec
[336] Ep10000: Max 4006 (1817) steps (0.0005 hrs) -nan:-nan 17992 (60) sec
[337] Ep10000: Max 4006 (2355) steps (0.0007 hrs) -nan:-nan 18041 (49) sec
[338] Ep10000: Max 4006 (2058) steps (0.0006 hrs) -nan:-nan 18092 (51) sec
[339] Ep10000: Max 4006 (2018) steps (0.0006 hrs) -nan:-nan 18134 (42) sec
[340] Ep10000: Max 4006 (2357) steps (0.0007 hrs) -nan:-nan 18187 (53) sec
[341] Ep10000: Max 4006 (2089) steps (0.0006 hrs) -nan:-nan 18238 (51) sec
[342] Ep10000: Max 4006 (2318) steps (0.0006 hrs) -nan:-nan 18287 (49) sec
[343] Ep10000: Max 4006 (3398) steps (0.0009 hrs) -nan:-nan 18335 (48) sec
[344] Ep10000: Max 4006 (2110) steps (0.0006 hrs) -nan:-nan 18377 (42) sec
[345] Ep10000: Max 4026 (4026) steps (0.0011 hrs) -nan:-nan 18425 (48) sec
[346] Ep10000: Max 4026 (2123) steps (0.0006 hrs) -nan:-nan 18466 (41) sec
[347] Ep10000: Max 4026 (2292) steps (0.0006 hrs) -nan:-nan 18501 (35) sec
[348] Ep10000: Max 4026 (2002) steps (0.0006 hrs) -nan:-nan 18540 (39) sec
[349] Ep10000: Max 4026 (2387) steps (0.0007 hrs) -nan:-nan 18582 (42) sec
[350] Ep10000: Max 4026 (2069) steps (0.0006 hrs) -nan:-nan 18631 (49) sec
[351] Ep10000: Max 4026 (2053) steps (0.0006 hrs) -nan:-nan 18680 (49) sec
[352] Ep10000: Max 4026 (2124) steps (0.0006 hrs) -nan:-nan 18728 (48) sec
[353] Ep10000: Max 4026 (1719) steps (0.0005 hrs) -nan:-nan 18779 (51) sec
[354] Ep10000: Max 4026 (2286) steps (0.0006 hrs) -nan:-nan 18829 (50) sec
[355] Ep10000: Max 4026 (1967) steps (0.0005 hrs) -nan:-nan 18874 (45) sec
[356] Ep10000: Max 4026 (2326) steps (0.0006 hrs) -nan:-nan 18922 (48) sec
[357] Ep10000: Max 4026 (2513) steps (0.0007 hrs) -nan:-nan 18971 (49) sec
[358] Ep10000: Max 4026 (2151) steps (0.0006 hrs) -nan:-nan 19008 (37) sec
[359] Ep10000: Max 4026 (2262) steps (0.0006 hrs) -nan:-nan 19045 (37) sec
[360] Ep10000: Max 4026 (2037) steps (0.0006 hrs) -nan:-nan 19097 (52) sec
[361] Ep10000: Max 4026 (1965) steps (0.0005 hrs) -nan:-nan 19139 (42) sec
[362] Ep10000: Max 4026 (2036) steps (0.0006 hrs) -nan:-nan 19182 (43) sec
[363] Ep10000: Max 4026 (2081) steps (0.0006 hrs) -nan:-nan 19231 (49) sec
[364] Ep10000: Max 4026 (2051) steps (0.0006 hrs) -nan:-nan 19268 (37) sec
[365] Ep10000: Max 4026 (2134) steps (0.0006 hrs) -nan:-nan 19316 (48) sec
[366] Ep10000: Max 4026 (3083) steps (0.0009 hrs) -nan:-nan 19364 (48) sec
[367] Ep10000: Max 4026 (2226) steps (0.0006 hrs) -nan:-nan 19413 (49) sec
[368] Ep10000: Max 4026 (2600) steps (0.0007 hrs) -nan:-nan 19465 (52) sec
[369] Ep10000: Max 4026 (1994) steps (0.0006 hrs) -nan:-nan 19514 (49) sec
[370] Ep10000: Max 4026 (2146) steps (0.0006 hrs) -nan:-nan 19563 (49) sec
[371] Ep10000: Max 4026 (2392) steps (0.0007 hrs) -nan:-nan 19616 (53) sec
[372] Ep10000: Max 4026 (2260) steps (0.0006 hrs) -nan:-nan 19669 (53) sec
[373] Ep10000: Max 4026 (1977) steps (0.0005 hrs) -nan:-nan 19707 (38) sec
[374] Ep10000: Max 4026 (2052) steps (0.0006 hrs) -nan:-nan 19758 (51) sec
[375] Ep10000: Max 4026 (1967) steps (0.0005 hrs) -nan:-nan 19809 (51) sec
[376] Ep10000: Max 4026 (1929) steps (0.0005 hrs) -nan:-nan 19846 (37) sec
[377] Ep10000: Max 4026 (2064) steps (0.0006 hrs) -nan:-nan 19896 (50) sec
[378] Ep10000: Max 4026 (1960) steps (0.0005 hrs) -nan:-nan 19951 (55) sec
[379] Ep10000: Max 4026 (2459) steps (0.0007 hrs) -nan:-nan 19991 (40) sec
[380] Ep10000: Max 4026 (2165) steps (0.0006 hrs) -nan:-nan 20033 (42) sec
[381] Ep10000: Max 4026 (2563) steps (0.0007 hrs) -nan:-nan 20084 (51) sec
[382] Ep10000: Max 4026 (2439) steps (0.0007 hrs) -nan:-nan 20134 (50) sec
[383] Ep10000: Max 4026 (2176) steps (0.0006 hrs) -nan:-nan 20179 (45) sec
[384] Ep10000: Max 4026 (2497) steps (0.0007 hrs) -nan:-nan 20227 (48) sec
[385] Ep10000: Max 4026 (1960) steps (0.0005 hrs) -nan:-nan 20271 (44) sec
[386] Ep10000: Max 4026 (2597) steps (0.0007 hrs) -nan:-nan 20310 (39) sec
[387] Ep10000: Max 4026 (1957) steps (0.0005 hrs) -nan:-nan 20346 (36) sec
[388] Ep10000: Max 4026 (3016) steps (0.0008 hrs) -nan:-nan 20396 (50) sec
[389] Ep10000: Max 4026 (1961) steps (0.0005 hrs) -nan:-nan 20444 (48) sec
[390] Ep10000: Max 4026 (2250) steps (0.0006 hrs) -nan:-nan 20484 (40) sec
[391] Ep10000: Max 4026 (1738) steps (0.0005 hrs) -nan:-nan 20533 (49) sec
[392] Ep10000: Max 4026 (2201) steps (0.0006 hrs) -nan:-nan 20560 (27) sec
[393] Ep10000: Max 4026 (2998) steps (0.0008 hrs) -nan:-nan 20597 (37) sec
[394] Ep10000: Max 4026 (2224) steps (0.0006 hrs) -nan:-nan 20636 (39) sec
[395] Ep10000: Max 4026 (2345) steps (0.0007 hrs) -nan:-nan 20684 (48) sec
[396] Ep10000: Max 4026 (2716) steps (0.0008 hrs) -nan:-nan 20733 (49) sec
[397] Ep10000: Max 4026 (1978) steps (0.0005 hrs) -nan:-nan 20767 (34) sec
[398] Ep10000: Max 4026 (1961) steps (0.0005 hrs) -nan:-nan 20786 (19) sec
[399] Ep10000: Max 4026 (2096) steps (0.0006 hrs) -nan:-nan 20836 (50) sec
[400] Ep10000: Max 4026 (2559) steps (0.0007 hrs) -nan:-nan 20885 (49) sec
[401] Ep10000: Max 4026 (2342) steps (0.0007 hrs) -nan:-nan 20932 (47) sec
[402] Ep10000: Max 4026 (2007) steps (0.0006 hrs) -nan:-nan 20975 (43) sec
[403] Ep10000: Max 4026 (1696) steps (0.0005 hrs) -nan:-nan 21011 (36) sec
[404] Ep10000: Max 4026 (1551) steps (0.0004 hrs) -nan:-nan 21030 (19) sec
[405] Ep10000: Max 4026 (2202) steps (0.0006 hrs) -nan:-nan 21082 (52) sec
[406] Ep10000: Max 4026 (2175) steps (0.0006 hrs) -nan:-nan 21128 (46) sec
[407] Ep10000: Max 4026 (2326) steps (0.0006 hrs) -nan:-nan 21175 (47) sec
[408] Ep10000: Max 4026 (2266) steps (0.0006 hrs) -nan:-nan 21205 (30) sec
[409] Ep10000: Max 4026 (2341) steps (0.0007 hrs) -nan:-nan 21254 (49) sec
[410] Ep10000: Max 4026 (2865) steps (0.0008 hrs) -nan:-nan 21305 (51) sec
[411] Ep10000: Max 4026 (2605) steps (0.0007 hrs) -nan:-nan 21353 (48) sec
[412] Ep10000: Max 4026 (2092) steps (0.0006 hrs) -nan:-nan 21400 (47) sec
[413] Ep10000: Max 4026 (2318) steps (0.0006 hrs) -nan:-nan 21448 (48) sec
[414] Ep10000: Max 4026 (2541) steps (0.0007 hrs) -nan:-nan 21495 (47) sec
[415] Ep10000: Max 4026 (2348) steps (0.0007 hrs) -nan:-nan 21536 (41) sec
[416] Ep10000: Max 4026 (2082) steps (0.0006 hrs) -nan:-nan 21576 (40) sec
[417] Ep10000: Max 4026 (2378) steps (0.0007 hrs) -nan:-nan 21614 (38) sec
[418] Ep10000: Max 4026 (2645) steps (0.0007 hrs) -nan:-nan 21663 (49) sec
[419] Ep10000: Max 4026 (1733) steps (0.0005 hrs) -nan:-nan 21699 (36) sec
[420] Ep10000: Max 4026 (2322) steps (0.0006 hrs) -nan:-nan 21750 (51) sec
[421] Ep10000: Max 4026 (2027) steps (0.0006 hrs) -nan:-nan 21783 (33) sec
[422] Ep10000: Max 4026 (2334) steps (0.0006 hrs) -nan:-nan 21832 (49) sec
[423] Ep10000: Max 4026 (2106) steps (0.0006 hrs) -nan:-nan 21880 (48) sec
[424] Ep10000: Max 4026 (1932) steps (0.0005 hrs) -nan:-nan 21924 (44) sec
[425] Ep10000: Max 4026 (2253) steps (0.0006 hrs) -nan:-nan 21961 (37) sec
[426] Ep10000: Max 4026 (2333) steps (0.0006 hrs) -nan:-nan 22009 (48) sec
[427] Ep10000: Max 4026 (1883) steps (0.0005 hrs) -nan:-nan 22044 (35) sec
[428] Ep10000: Max 4026 (2020) steps (0.0006 hrs) -nan:-nan 22082 (38) sec
[429] Ep10000: Max 4026 (2341) steps (0.0007 hrs) -nan:-nan 22135 (53) sec
[430] Ep10000: Max 4026 (2182) steps (0.0006 hrs) -nan:-nan 22185 (50) sec
[431] Ep10000: Max 4026 (2425) steps (0.0007 hrs) -nan:-nan 22237 (52) sec
[432] Ep10000: Max 4026 (2279) steps (0.0006 hrs) -nan:-nan 22273 (36) sec
[433] Ep10000: Max 4026 (2320) steps (0.0006 hrs) -nan:-nan 22322 (49) sec
[434] Ep10000: Max 4026 (2345) steps (0.0007 hrs) -nan:-nan 22372 (50) sec
[435] Ep10000: Max 4026 (2209) steps (0.0006 hrs) -nan:-nan 22410 (38) sec
[436] Ep10000: Max 4026 (2753) steps (0.0008 hrs) -nan:-nan 22463 (53) sec
[437] Ep10000: Max 4026 (2316) steps (0.0006 hrs) -nan:-nan 22505 (42) sec
[438] Ep10000: Max 4026 (1923) steps (0.0005 hrs) -nan:-nan 22541 (36) sec
[439] Ep10000: Max 4026 (2118) steps (0.0006 hrs) -nan:-nan 22583 (42) sec
[440] Ep10000: Max 4026 (1922) steps (0.0005 hrs) -nan:-nan 22628 (45) sec
[441] Ep10000: Max 4026 (2200) steps (0.0006 hrs) -nan:-nan 22676 (48) sec
[442] Ep10000: Max 4026 (1771) steps (0.0005 hrs) -nan:-nan 22731 (55) sec
[443] Ep10000: Max 4026 (2031) steps (0.0006 hrs) -nan:-nan 22775 (44) sec
[444] Ep10000: Max 4026 (1994) steps (0.0006 hrs) -nan:-nan 22813 (38) sec
[445] Ep10000: Max 4026 (2131) steps (0.0006 hrs) -nan:-nan 22851 (38) sec
[446] Ep10000: Max 4026 (2463) steps (0.0007 hrs) -nan:-nan 22903 (52) sec
[447] Ep10000: Max 4026 (2285) steps (0.0006 hrs) -nan:-nan 22956 (53) sec
[448] Ep10000: Max 4026 (2124) steps (0.0006 hrs) -nan:-nan 23003 (47) sec
[449] Ep10000: Max 4026 (1981) steps (0.0006 hrs) -nan:-nan 23052 (49) sec
[450] Ep10000: Max 4026 (1097) steps (0.0003 hrs) -nan:-nan 23065 (13) sec
[451] Ep10000: Max 4026 (2157) steps (0.0006 hrs) -nan:-nan 23112 (47) sec
[452] Ep10000: Max 4026 (2507) steps (0.0007 hrs) -nan:-nan 23148 (36) sec
[453] Ep10000: Max 4026 (2348) steps (0.0007 hrs) -nan:-nan 23197 (49) sec
[454] Ep10000: Max 4026 (2223) steps (0.0006 hrs) -nan:-nan 23235 (38) sec
[455] Ep10000: Max 4026 (2749) steps (0.0008 hrs) -nan:-nan 23288 (53) sec
[456] Ep10000: Max 4026 (2104) steps (0.0006 hrs) -nan:-nan 23332 (44) sec
[457] Ep10000: Max 4026 (1831) steps (0.0005 hrs) -nan:-nan 23369 (37) sec
[458] Ep10000: Max 4026 (2840) steps (0.0008 hrs) -nan:-nan 23419 (50) sec
[459] Ep10000: Max 4026 (2319) steps (0.0006 hrs) -nan:-nan 23467 (48) sec
[460] Ep10000: Max 4026 (2299) steps (0.0006 hrs) -nan:-nan 23501 (34) sec
[461] Ep10000: Max 4026 (2096) steps (0.0006 hrs) -nan:-nan 23553 (52) sec
[462] Ep10000: Max 4026 (815) steps (0.0002 hrs) -nan:-nan 23567 (14) sec
[463] Ep10000: Max 4026 (1776) steps (0.0005 hrs) -nan:-nan 23583 (16) sec
[464] Ep10000: Max 4026 (2047) steps (0.0006 hrs) -nan:-nan 23632 (49) sec
[465] Ep10000: Max 4026 (1998) steps (0.0006 hrs) -nan:-nan 23680 (48) sec
[466] Ep10000: Max 4026 (1355) steps (0.0004 hrs) -nan:-nan 23695 (15) sec
[467] Ep10000: Max 4026 (2228) steps (0.0006 hrs) -nan:-nan 23747 (52) sec
[468] Ep10000: Max 4026 (2176) steps (0.0006 hrs) -nan:-nan 23795 (48) sec
[469] Ep10000: Max 4026 (2096) steps (0.0006 hrs) -nan:-nan 23844 (49) sec
[470] Ep10000: Max 4026 (2431) steps (0.0007 hrs) -nan:-nan 23894 (50) sec
[471] Ep10000: Max 4026 (2298) steps (0.0006 hrs) -nan:-nan 23946 (52) sec
[472] Ep10000: Max 4026 (2271) steps (0.0006 hrs) -nan:-nan 23991 (45) sec
[473] Ep10000: Max 4026 (1761) steps (0.0005 hrs) -nan:-nan 24033 (42) sec
[474] Ep10000: Max 4026 (2887) steps (0.0008 hrs) -nan:-nan 24082 (49) sec
[475] Ep10000: Max 4026 (1926) steps (0.0005 hrs) -nan:-nan 24116 (34) sec
[476] Ep10000: Max 4026 (2086) steps (0.0006 hrs) -nan:-nan 24157 (41) sec
[477] Ep10000: Max 4026 (1920) steps (0.0005 hrs) -nan:-nan 24199 (42) sec
[478] Ep10000: Max 4026 (1857) steps (0.0005 hrs) -nan:-nan 24233 (34) sec
[479] Ep10000: Max 4026 (2699) steps (0.0007 hrs) -nan:-nan 24291 (58) sec
[480] Ep10000: Max 4026 (2682) steps (0.0007 hrs) -nan:-nan 24340 (49) sec
[481] Ep10000: Max 4026 (2343) steps (0.0007 hrs) -nan:-nan 24389 (49) sec
[482] Ep10000: Max 4026 (1969) steps (0.0005 hrs) -nan:-nan 24440 (51) sec
[483] Ep10000: Max 4026 (2092) steps (0.0006 hrs) -nan:-nan 24497 (57) sec
[484] Ep10000: Max 4026 (2017) steps (0.0006 hrs) -nan:-nan 24552 (55) sec
[485] Ep10000: Max 4026 (3209) steps (0.0009 hrs) -nan:-nan 24607 (55) sec
[486] Ep10000: Max 4026 (2135) steps (0.0006 hrs) -nan:-nan 24654 (47) sec
[487] Ep10000: Max 4026 (2065) steps (0.0006 hrs) -nan:-nan 24697 (43) sec
[488] Ep10000: Max 4026 (2342) steps (0.0007 hrs) -nan:-nan 24755 (58) sec
[489] Ep10000: Max 4026 (1047) steps (0.0003 hrs) -nan:-nan 24772 (17) sec
[490] Ep10000: Max 4026 (2323) steps (0.0006 hrs) -nan:-nan 24821 (49) sec
[491] Ep10000: Max 4026 (2471) steps (0.0007 hrs) -nan:-nan 24875 (54) sec
[492] Ep10000: Max 4026 (2149) steps (0.0006 hrs) -nan:-nan 24960 (85) sec
[493] Ep10000: Max 4026 (2055) steps (0.0006 hrs) -nan:-nan 25031 (71) sec
[494] Ep10000: Max 4026 (1770) steps (0.0005 hrs) -nan:-nan 25079 (48) sec
[495] Ep10000: Max 4026 (734) steps (0.0002 hrs) -nan:-nan 25095 (16) sec
[496] Ep10000: Max 4026 (1996) steps (0.0006 hrs) -nan:-nan 25152 (57) sec
[497] Ep10000: Max 4026 (2458) steps (0.0007 hrs) -nan:-nan 25198 (46) sec
[498] Ep10000: Max 4026 (2203) steps (0.0006 hrs) -nan:-nan 25236 (38) sec
[499] Ep10000: Max 4026 (2027) steps (0.0006 hrs) -nan:-nan 25280 (44) sec
[500] Ep10000: Max 4026 (1962) steps (0.0005 hrs) -nan:-nan 25319 (39) sec
[501] Ep10000: Max 4026 (2301) steps (0.0006 hrs) -nan:-nan 25373 (54) sec
[502] Ep10000: Max 4026 (1925) steps (0.0005 hrs) -nan:-nan 25429 (56) sec
[503] Ep10000: Max 4026 (2514) steps (0.0007 hrs) -nan:-nan 25477 (48) sec
[504] Ep10000: Max 4026 (2374) steps (0.0007 hrs) -nan:-nan 25527 (50) sec
[505] Ep10000: Max 4026 (1657) steps (0.0005 hrs) -nan:-nan 25566 (39) sec
[506] Ep10000: Max 4026 (2387) steps (0.0007 hrs) -nan:-nan 25616 (50) sec
[507] Ep10000: Max 4026 (2213) steps (0.0006 hrs) -nan:-nan 25669 (53) sec
[508] Ep10000: Max 4026 (2154) steps (0.0006 hrs) -nan:-nan 25722 (53) sec
[509] Ep10000: Max 4026 (2636) steps (0.0007 hrs) -nan:-nan 25779 (57) sec
[510] Ep10000: Max 4026 (2051) steps (0.0006 hrs) -nan:-nan 25827 (48) sec
[511] Ep10000: Max 4026 (2307) steps (0.0006 hrs) -nan:-nan 25878 (51) sec
[512] Ep10000: Max 4026 (3134) steps (0.0009 hrs) -nan:-nan 25922 (44) sec
[513] Ep10000: Max 4026 (1818) steps (0.0005 hrs) -nan:-nan 25993 (71) sec
[514] Ep10000: Max 4026 (1316) steps (0.0004 hrs) -nan:-nan 26013 (20) sec
[515] Ep10000: Max 4026 (1705) steps (0.0005 hrs) -nan:-nan 26043 (30) sec
[516] Ep10000: Max 4026 (2380) steps (0.0007 hrs) -nan:-nan 26106 (63) sec
[517] Ep10000: Max 4026 (2230) steps (0.0006 hrs) -nan:-nan 26141 (35) sec
[518] Ep10000: Max 4026 (2227) steps (0.0006 hrs) -nan:-nan 26180 (39) sec
[519] Ep10000: Max 4026 (2239) steps (0.0006 hrs) -nan:-nan 26217 (37) sec
[520] Ep10000: Max 4026 (2935) steps (0.0008 hrs) -nan:-nan 26279 (62) sec
[521] Ep10000: Max 4026 (2239) steps (0.0006 hrs) -nan:-nan 26338 (59) sec
[522] Ep10000: Max 4026 (2360) steps (0.0007 hrs) -nan:-nan 26382 (44) sec
[523] Ep10000: Max 4026 (2533) steps (0.0007 hrs) -nan:-nan 26429 (47) sec
[524] Ep10000: Max 4026 (2306) steps (0.0006 hrs) -nan:-nan 26477 (48) sec
[525] Ep10000: Max 4026 (2082) steps (0.0006 hrs) -nan:-nan 26532 (55) sec
[526] Ep10000: Max 4026 (2611) steps (0.0007 hrs) -nan:-nan 26601 (69) sec
[527] Ep10000: Max 4026 (1946) steps (0.0005 hrs) -nan:-nan 26634 (33) sec
[528] Ep10000: Max 4026 (2373) steps (0.0007 hrs) -nan:-nan 26686 (52) sec
[529] Ep10000: Max 4026 (1801) steps (0.0005 hrs) -nan:-nan 26716 (30) sec
[530] Ep10000: Max 4026 (1796) steps (0.0005 hrs) -nan:-nan 26767 (51) sec
[531] Ep10000: Max 4026 (2613) steps (0.0007 hrs) -nan:-nan 26813 (46) sec
[532] Ep10000: Max 4026 (2168) steps (0.0006 hrs) -nan:-nan 26861 (48) sec
[533] Ep10000: Max 4026 (2089) steps (0.0006 hrs) -nan:-nan 26921 (60) sec
[534] Ep10000: Max 4026 (2290) steps (0.0006 hrs) -nan:-nan 26977 (56) sec
[535] Ep10000: Max 4026 (2253) steps (0.0006 hrs) -nan:-nan 27036 (59) sec
[536] Ep10000: Max 4026 (1602) steps (0.0004 hrs) -nan:-nan 27078 (42) sec
[537] Ep10000: Max 4026 (2064) steps (0.0006 hrs) -nan:-nan 27132 (54) sec
[538] Ep10000: Max 4026 (2145) steps (0.0006 hrs) -nan:-nan 27182 (50) sec
[539] Ep10000: Max 4026 (2848) steps (0.0008 hrs) -nan:-nan 27239 (57) sec
[540] Ep10000: Max 4026 (2997) steps (0.0008 hrs) -nan:-nan 27301 (62) sec
[541] Ep10000: Max 4026 (2021) steps (0.0006 hrs) -nan:-nan 27372 (71) sec
[542] Ep10000: Max 4026 (1944) steps (0.0005 hrs) -nan:-nan 27448 (76) sec
[543] Ep10000: Max 4026 (2340) steps (0.0007 hrs) -nan:-nan 27507 (59) sec
[544] Ep10000: Max 4026 (2166) steps (0.0006 hrs) -nan:-nan 27581 (74) sec
[545] Ep10000: Max 4026 (2291) steps (0.0006 hrs) -nan:-nan 27686 (105) sec
[546] Ep10000: Max 4026 (1874) steps (0.0005 hrs) -nan:-nan 27760 (74) sec
[547] Ep10000: Max 4026 (3010) steps (0.0008 hrs) -nan:-nan 27861 (101) sec
[548] Ep10000: Max 4026 (2453) steps (0.0007 hrs) -nan:-nan 27964 (103) sec
[549] Ep10000: Max 4026 (2129) steps (0.0006 hrs) -nan:-nan 28046 (82) sec
[550] Ep10000: Max 4026 (2316) steps (0.0006 hrs) -nan:-nan 28113 (67) sec
[551] Ep10000: Max 4026 (2055) steps (0.0006 hrs) -nan:-nan 28204 (91) sec
[552] Ep10000: Max 4026 (2159) steps (0.0006 hrs) -nan:-nan 28283 (79) sec
[553] Ep10000: Max 4026 (2411) steps (0.0007 hrs) -nan:-nan 28335 (52) sec
[554] Ep10000: Max 4026 (2684) steps (0.0007 hrs) -nan:-nan 28423 (88) sec
[555] Ep10000: Max 4026 (2161) steps (0.0006 hrs) -nan:-nan 28514 (91) sec
[556] Ep10000: Max 4026 (2143) steps (0.0006 hrs) -nan:-nan 28596 (82) sec
[557] Ep10000: Max 4026 (2406) steps (0.0007 hrs) -nan:-nan 28667 (71) sec
[558] Ep10000: Max 4026 (2264) steps (0.0006 hrs) -nan:-nan 28718 (51) sec
[559] Ep10000: Max 4026 (2306) steps (0.0006 hrs) -nan:-nan 28806 (88) sec
[560] Ep10000: Max 4026 (2616) steps (0.0007 hrs) -nan:-nan 28866 (60) sec
[561] Ep10000: Max 4026 (2748) steps (0.0008 hrs) -nan:-nan 28925 (59) sec
[562] Ep10000: Max 4026 (1933) steps (0.0005 hrs) -nan:-nan 28987 (62) sec
[563] Ep10000: Max 4026 (1787) steps (0.0005 hrs) -nan:-nan 29044 (57) sec
[564] Ep10000: Max 4026 (2072) steps (0.0006 hrs) -nan:-nan 29081 (37) sec
[565] Ep10000: Max 4026 (2617) steps (0.0007 hrs) -nan:-nan 29136 (55) sec
[566] Ep10000: Max 4026 (2036) steps (0.0006 hrs) -nan:-nan 29186 (50) sec
[567] Ep10000: Max 4026 (1872) steps (0.0005 hrs) -nan:-nan 29227 (41) sec
[568] Ep10000: Max 4026 (2792) steps (0.0008 hrs) -nan:-nan 29267 (40) sec
[569] Ep10000: Max 4026 (2247) steps (0.0006 hrs) -nan:-nan 29312 (45) sec
[570] Ep10000: Max 4026 (1627) steps (0.0005 hrs) -nan:-nan 29329 (17) sec
[571] Ep10000: Max 4026 (1949) steps (0.0005 hrs) -nan:-nan 29361 (32) sec
[572] Ep10000: Max 4026 (1864) steps (0.0005 hrs) -nan:-nan 29411 (50) sec
[573] Ep10000: Max 4026 (2483) steps (0.0007 hrs) -nan:-nan 29447 (36) sec
[574] Ep10000: Max 4026 (1907) steps (0.0005 hrs) -nan:-nan 29498 (51) sec
[575] Ep10000: Max 4026 (2112) steps (0.0006 hrs) -nan:-nan 29532 (34) sec
[576] Ep10000: Max 4026 (1898) steps (0.0005 hrs) -nan:-nan 29580 (48) sec
[577] Ep10000: Max 4026 (1871) steps (0.0005 hrs) -nan:-nan 29614 (34) sec
[578] Ep10000: Max 4026 (2349) steps (0.0007 hrs) -nan:-nan 29651 (37) sec
[579] Ep10000: Max 4026 (2316) steps (0.0006 hrs) -nan:-nan 29698 (47) sec
[580] Ep10000: Max 4026 (2329) steps (0.0006 hrs) -nan:-nan 29754 (56) sec
[581] Ep10000: Max 4026 (2027) steps (0.0006 hrs) -nan:-nan 29802 (48) sec
[582] Ep10000: Max 4026 (2340) steps (0.0007 hrs) -nan:-nan 29834 (32) sec
[583] Ep10000: Max 4026 (1975) steps (0.0005 hrs) -nan:-nan 29883 (49) sec
[584] Ep10000: Max 4026 (2105) steps (0.0006 hrs) -nan:-nan 29935 (52) sec
[585] Ep10000: Max 4026 (2228) steps (0.0006 hrs) -nan:-nan 29986 (51) sec
[586] Ep10000: Max 4026 (2527) steps (0.0007 hrs) -nan:-nan 30022 (36) sec
[587] Ep10000: Max 4026 (1782) steps (0.0005 hrs) -nan:-nan 30039 (17) sec
[588] Ep10000: Max 4026 (2356) steps (0.0007 hrs) -nan:-nan 30089 (50) sec
[589] Ep10000: Max 4026 (1720) steps (0.0005 hrs) -nan:-nan 30116 (27) sec
[590] Ep10000: Max 4026 (2279) steps (0.0006 hrs) -nan:-nan 30134 (18) sec
[591] Ep10000: Max 4026 (1128) steps (0.0003 hrs) -nan:-nan 30147 (13) sec
[592] Ep10000: Max 4026 (2046) steps (0.0006 hrs) -nan:-nan 30198 (51) sec
[593] Ep10000: Max 4026 (2146) steps (0.0006 hrs) -nan:-nan 30253 (55) sec
[594] Ep10000: Max 4026 (2143) steps (0.0006 hrs) -nan:-nan 30305 (52) sec
[595] Ep10000: Max 4026 (2079) steps (0.0006 hrs) -nan:-nan 30341 (36) sec
[596] Ep10000: Max 4026 (2196) steps (0.0006 hrs) -nan:-nan 30378 (37) sec
[597] Ep10000: Max 4026 (2426) steps (0.0007 hrs) -nan:-nan 30416 (38) sec
[598] Ep10000: Max 4026 (2471) steps (0.0007 hrs) -nan:-nan 30464 (48) sec
[599] Ep10000: Max 4026 (2173) steps (0.0006 hrs) -nan:-nan 30515 (51) sec
[600] Ep10000: Max 4026 (2497) steps (0.0007 hrs) -nan:-nan 30554 (39) sec
[601] Ep10000: Max 4026 (3284) steps (0.0009 hrs) -nan:-nan 30602 (48) sec
[602] Ep10000: Max 4026 (2098) steps (0.0006 hrs) -nan:-nan 30646 (44) sec
[603] Ep10000: Max 4026 (2368) steps (0.0007 hrs) -nan:-nan 30686 (40) sec
[604] Ep10000: Max 4026 (1564) steps (0.0004 hrs) -nan:-nan 30714 (28) sec
[605] Ep10000: Max 4026 (1950) steps (0.0005 hrs) -nan:-nan 30751 (37) sec
[606] Ep10000: Max 4026 (2220) steps (0.0006 hrs) -nan:-nan 30799 (48) sec
[607] Ep10000: Max 4026 (2342) steps (0.0007 hrs) -nan:-nan 30836 (37) sec
[608] Ep10000: Max 4026 (2184) steps (0.0006 hrs) -nan:-nan 30858 (22) sec
[609] Ep10000: Max 4026 (3517) steps (0.0010 hrs) -nan:-nan 30910 (52) sec
[610] Ep10000: Max 4026 (2236) steps (0.0006 hrs) -nan:-nan 30962 (52) sec
[611] Ep10000: Max 4026 (2711) steps (0.0008 hrs) -nan:-nan 31014 (52) sec
[612] Ep10000: Max 4026 (2198) steps (0.0006 hrs) -nan:-nan 31053 (39) sec
[613] Ep10000: Max 4026 (2280) steps (0.0006 hrs) -nan:-nan 31100 (47) sec
[614] Ep10000: Max 4026 (2590) steps (0.0007 hrs) -nan:-nan 31147 (47) sec
[615] Ep10000: Max 4026 (1914) steps (0.0005 hrs) -nan:-nan 31165 (18) sec
[616] Ep10000: Max 4026 (1937) steps (0.0005 hrs) -nan:-nan 31203 (38) sec
[617] Ep10000: Max 4026 (2558) steps (0.0007 hrs) -nan:-nan 31253 (50) sec
[618] Ep10000: Max 4026 (1991) steps (0.0006 hrs) -nan:-nan 31299 (46) sec
[619] Ep10000: Max 4026 (1929) steps (0.0005 hrs) -nan:-nan 31349 (50) sec
[620] Ep10000: Max 4026 (1818) steps (0.0005 hrs) -nan:-nan 31391 (42) sec
[621] Ep10000: Max 4026 (1770) steps (0.0005 hrs) -nan:-nan 31428 (37) sec
[622] Ep10000: Max 4026 (2196) steps (0.0006 hrs) -nan:-nan 31467 (39) sec
[623] Ep10000: Max 4026 (2016) steps (0.0006 hrs) -nan:-nan 31518 (51) sec
[624] Ep10000: Max 4026 (2222) steps (0.0006 hrs) -nan:-nan 31563 (45) sec
[625] Ep10000: Max 4026 (2331) steps (0.0006 hrs) -nan:-nan 31584 (21) sec
[626] Ep10000: Max 4026 (2233) steps (0.0006 hrs) -nan:-nan 31629 (45) sec
[627] Ep10000: Max 4026 (2366) steps (0.0007 hrs) -nan:-nan 31669 (40) sec
[628] Ep10000: Max 4026 (2126) steps (0.0006 hrs) -nan:-nan 31709 (40) sec
[629] Ep10000: Max 4026 (2404) steps (0.0007 hrs) -nan:-nan 31749 (40) sec
[630] Ep10000: Max 4026 (2135) steps (0.0006 hrs) -nan:-nan 31787 (38) sec
[631] Ep10000: Max 4026 (710) steps (0.0002 hrs) -nan:-nan 31800 (13) sec
[632] Ep10000: Max 4026 (2713) steps (0.0008 hrs) -nan:-nan 31838 (38) sec
[633] Ep10000: Max 4026 (2244) steps (0.0006 hrs) -nan:-nan 31889 (51) sec
[634] Ep10000: Max 4026 (2276) steps (0.0006 hrs) -nan:-nan 31936 (47) sec
[635] Ep10000: Max 4026 (2295) steps (0.0006 hrs) -nan:-nan 31986 (50) sec
[636] Ep10000: Max 4026 (2296) steps (0.0006 hrs) -nan:-nan 32019 (33) sec
[637] Ep10000: Max 4026 (2258) steps (0.0006 hrs) -nan:-nan 32068 (49) sec
[638] Ep10000: Max 4026 (2451) steps (0.0007 hrs) -nan:-nan 32104 (36) sec
[639] Ep10000: Max 4026 (2658) steps (0.0007 hrs) -nan:-nan 32151 (47) sec
[640] Ep10000: Max 4026 (2329) steps (0.0006 hrs) -nan:-nan 32199 (48) sec
[641] Ep10000: Max 4026 (1988) steps (0.0006 hrs) -nan:-nan 32246 (47) sec
[642] Ep10000: Max 4026 (2181) steps (0.0006 hrs) -nan:-nan 32293 (47) sec
[643] Ep10000: Max 4026 (2116) steps (0.0006 hrs) -nan:-nan 32334 (41) sec
[644] Ep10000: Max 4026 (2690) steps (0.0007 hrs) -nan:-nan 32385 (51) sec
[645] Ep10000: Max 4026 (2687) steps (0.0007 hrs) -nan:-nan 32434 (49) sec
[646] Ep10000: Max 4026 (2170) steps (0.0006 hrs) -nan:-nan 32486 (52) sec
[647] Ep10000: Max 4026 (1999) steps (0.0006 hrs) -nan:-nan 32537 (51) sec
[648] Ep10000: Max 4026 (2562) steps (0.0007 hrs) -nan:-nan 32581 (44) sec
[649] Ep10000: Max 4026 (2087) steps (0.0006 hrs) -nan:-nan 32630 (49) sec
[650] Ep10000: Max 4026 (2851) steps (0.0008 hrs) -nan:-nan 32678 (48) sec
[651] Ep10000: Max 4026 (2320) steps (0.0006 hrs) -nan:-nan 32718 (40) sec
[652] Ep10000: Max 4026 (2200) steps (0.0006 hrs) -nan:-nan 32770 (52) sec
[653] Ep10000: Max 4026 (2929) steps (0.0008 hrs) -nan:-nan 32819 (49) sec
[654] Ep10000: Max 4026 (2417) steps (0.0007 hrs) -nan:-nan 32854 (35) sec
[655] Ep10000: Max 4026 (2374) steps (0.0007 hrs) -nan:-nan 32903 (49) sec
[656] Ep10000: Max 4026 (2229) steps (0.0006 hrs) -nan:-nan 32941 (38) sec
[657] Ep10000: Max 4026 (2252) steps (0.0006 hrs) -nan:-nan 32980 (39) sec
[658] Ep10000: Max 4026 (2016) steps (0.0006 hrs) -nan:-nan 33028 (48) sec
[659] Ep10000: Max 4026 (2341) steps (0.0007 hrs) -nan:-nan 33072 (44) sec
[660] Ep10000: Max 4026 (1735) steps (0.0005 hrs) -nan:-nan 33110 (38) sec
[661] Ep10000: Max 4026 (2367) steps (0.0007 hrs) -nan:-nan 33161 (51) sec
[662] Ep10000: Max 4026 (1381) steps (0.0004 hrs) -nan:-nan 33174 (13) sec
[663] Ep10000: Max 4026 (2213) steps (0.0006 hrs) -nan:-nan 33199 (25) sec
[664] Ep10000: Max 4026 (2103) steps (0.0006 hrs) -nan:-nan 33250 (51) sec
[665] Ep10000: Max 4026 (2845) steps (0.0008 hrs) -nan:-nan 33297 (47) sec
[666] Ep10000: Max 4026 (2042) steps (0.0006 hrs) -nan:-nan 33344 (47) sec
[667] Ep10000: Max 4026 (3302) steps (0.0009 hrs) -nan:-nan 33368 (24) sec
[668] Ep10000: Max 4026 (2170) steps (0.0006 hrs) -nan:-nan 33428 (60) sec
[669] Ep10000: Max 4026 (2493) steps (0.0007 hrs) -nan:-nan 33476 (48) sec
[670] Ep10000: Max 4026 (2484) steps (0.0007 hrs) -nan:-nan 33526 (50) sec
[671] Ep10000: Max 4026 (1993) steps (0.0006 hrs) -nan:-nan 33573 (47) sec
[672] Ep10000: Max 4026 (1967) steps (0.0005 hrs) -nan:-nan 33620 (47) sec
[673] Ep10000: Max 4026 (2111) steps (0.0006 hrs) -nan:-nan 33667 (47) sec
[674] Ep10000: Max 4026 (2328) steps (0.0006 hrs) -nan:-nan 33714 (47) sec
[675] Ep10000: Max 4026 (2118) steps (0.0006 hrs) -nan:-nan 33764 (50) sec
[676] Ep10000: Max 4026 (1982) steps (0.0006 hrs) -nan:-nan 33811 (47) sec
[677] Ep10000: Max 4026 (2087) steps (0.0006 hrs) -nan:-nan 33856 (45) sec
[678] Ep10000: Max 4026 (2459) steps (0.0007 hrs) -nan:-nan 33889 (33) sec
[679] Ep10000: Max 4026 (957) steps (0.0003 hrs) -nan:-nan 33903 (14) sec
[680] Ep10000: Max 4026 (2547) steps (0.0007 hrs) -nan:-nan 33940 (37) sec
[681] Ep10000: Max 4026 (2312) steps (0.0006 hrs) -nan:-nan 33956 (16) sec
[682] Ep10000: Max 4026 (2362) steps (0.0007 hrs) -nan:-nan 34011 (55) sec
[683] Ep10000: Max 4026 (1789) steps (0.0005 hrs) -nan:-nan 34057 (46) sec
[684] Ep10000: Max 4026 (2275) steps (0.0006 hrs) -nan:-nan 34100 (43) sec
[685] Ep10000: Max 4026 (2846) steps (0.0008 hrs) -nan:-nan 34150 (50) sec
[686] Ep10000: Max 4026 (2076) steps (0.0006 hrs) -nan:-nan 34188 (38) sec
[687] Ep10000: Max 4026 (2076) steps (0.0006 hrs) -nan:-nan 34233 (45) sec
[688] Ep10000: Max 4026 (1927) steps (0.0005 hrs) -nan:-nan 34281 (48) sec
[689] Ep10000: Max 4026 (2328) steps (0.0006 hrs) -nan:-nan 34331 (50) sec
[690] Ep10000: Max 4026 (1944) steps (0.0005 hrs) -nan:-nan 34380 (49) sec
[691] Ep10000: Max 4026 (1940) steps (0.0005 hrs) -nan:-nan 34427 (47) sec
[692] Ep10000: Max 4026 (1521) steps (0.0004 hrs) -nan:-nan 34459 (32) sec
[693] Ep10000: Max 4026 (2059) steps (0.0006 hrs) -nan:-nan 34508 (49) sec
[694] Ep10000: Max 4026 (3010) steps (0.0008 hrs) -nan:-nan 34558 (50) sec
[695] Ep10000: Max 4026 (2263) steps (0.0006 hrs) -nan:-nan 34605 (47) sec
[696] Ep10000: Max 4026 (2217) steps (0.0006 hrs) -nan:-nan 34649 (44) sec
[697] Ep10000: Max 4026 (2209) steps (0.0006 hrs) -nan:-nan 34690 (41) sec
[698] Ep10000: Max 4026 (2323) steps (0.0006 hrs) -nan:-nan 34735 (45) sec
[699] Ep10000: Max 4026 (2518) steps (0.0007 hrs) -nan:-nan 34789 (54) sec
[700] Ep10000: Max 4026 (2083) steps (0.0006 hrs) -nan:-nan 34838 (49) sec
[701] Ep10000: Max 4026 (2272) steps (0.0006 hrs) -nan:-nan 34882 (44) sec
[702] Ep10000: Max 4026 (1979) steps (0.0005 hrs) -nan:-nan 34936 (54) sec
[703] Ep10000: Max 4026 (1662) steps (0.0005 hrs) -nan:-nan 34961 (25) sec
[704] Ep10000: Max 4026 (2304) steps (0.0006 hrs) -nan:-nan 35014 (53) sec
[705] Ep10000: Max 4026 (3109) steps (0.0009 hrs) -nan:-nan 35062 (48) sec
[706] Ep10000: Max 4026 (2216) steps (0.0006 hrs) -nan:-nan 35114 (52) sec
[707] Ep10000: Max 4026 (2160) steps (0.0006 hrs) -nan:-nan 35169 (55) sec
[708] Ep10000: Max 4026 (2332) steps (0.0006 hrs) -nan:-nan 35224 (55) sec
[709] Ep10000: Max 4026 (2232) steps (0.0006 hrs) -nan:-nan 35279 (55) sec
[710] Ep10000: Max 4026 (1719) steps (0.0005 hrs) -nan:-nan 35339 (60) sec
[711] Ep10000: Max 4026 (2234) steps (0.0006 hrs) -nan:-nan 35406 (67) sec
[712] Ep10000: Max 4026 (2148) steps (0.0006 hrs) -nan:-nan 35480 (74) sec
[713] Ep10000: Max 4026 (2056) steps (0.0006 hrs) -nan:-nan 35533 (53) sec
[714] Ep10000: Max 4026 (2730) steps (0.0008 hrs) -nan:-nan 35645 (112) sec
[715] Ep10000: Max 4026 (1980) steps (0.0006 hrs) -nan:-nan 35736 (91) sec
[716] Ep10000: Max 4026 (2211) steps (0.0006 hrs) -nan:-nan 35809 (73) sec
[717] Ep10000: Max 4026 (1815) steps (0.0005 hrs) -nan:-nan 35888 (79) sec
[718] Ep10000: Max 4026 (1401) steps (0.0004 hrs) -nan:-nan 35920 (32) sec
[719] Ep10000: Max 4026 (1897) steps (0.0005 hrs) -nan:-nan 35995 (75) sec
[720] Ep10000: Max 4026 (2587) steps (0.0007 hrs) -nan:-nan 36055 (60) sec
[721] Ep10000: Max 4026 (1906) steps (0.0005 hrs) -nan:-nan 36140 (85) sec
[722] Ep10000: Max 4026 (1956) steps (0.0005 hrs) -nan:-nan 36218 (78) sec
[723] Ep10000: Max 4026 (2256) steps (0.0006 hrs) -nan:-nan 36321 (103) sec
[724] Ep10000: Max 4026 (2336) steps (0.0006 hrs) -nan:-nan 36415 (94) sec
[725] Ep10000: Max 4026 (1883) steps (0.0005 hrs) -nan:-nan 36453 (38) sec
[726] Ep10000: Max 4026 (2550) steps (0.0007 hrs) -nan:-nan 36546 (93) sec
[727] Ep10000: Max 4026 (2411) steps (0.0007 hrs) -nan:-nan 36619 (73) sec
[728] Ep10000: Max 4026 (2772) steps (0.0008 hrs) -nan:-nan 36719 (100) sec
[729] Ep10000: Max 4026 (1976) steps (0.0005 hrs) -nan:-nan 36793 (74) sec
[730] Ep10000: Max 4026 (2339) steps (0.0006 hrs) -nan:-nan 36876 (83) sec
[731] Ep10000: Max 4026 (2220) steps (0.0006 hrs) -nan:-nan 36952 (76) sec
[732] Ep10000: Max 4026 (2191) steps (0.0006 hrs) -nan:-nan 37011 (59) sec
[733] Ep10000: Max 4026 (2560) steps (0.0007 hrs) -nan:-nan 37068 (57) sec
[734] Ep10000: Max 4026 (1972) steps (0.0005 hrs) -nan:-nan 37139 (71) sec
[735] Ep10000: Max 4026 (867) steps (0.0002 hrs) -nan:-nan 37159 (20) sec
[736] Ep10000: Max 4026 (1928) steps (0.0005 hrs) -nan:-nan 37243 (84) sec
[737] Ep10000: Max 4026 (2011) steps (0.0006 hrs) -nan:-nan 37321 (78) sec
[738] Ep10000: Max 4026 (1924) steps (0.0005 hrs) -nan:-nan 37382 (61) sec
[739] Ep10000: Max 4026 (2070) steps (0.0006 hrs) -nan:-nan 37433 (51) sec
[740] Ep10000: Max 4026 (1286) steps (0.0004 hrs) -nan:-nan 37451 (18) sec
[741] Ep10000: Max 4026 (2011) steps (0.0006 hrs) -nan:-nan 37495 (44) sec
[742] Ep10000: Max 4026 (2274) steps (0.0006 hrs) -nan:-nan 37564 (69) sec
[743] Ep10000: Max 4026 (2101) steps (0.0006 hrs) -nan:-nan 37630 (66) sec
[744] Ep10000: Max 4026 (1765) steps (0.0005 hrs) -nan:-nan 37715 (85) sec
[745] Ep10000: Max 4026 (2507) steps (0.0007 hrs) -nan:-nan 37797 (82) sec
[746] Ep10000: Max 4026 (2363) steps (0.0007 hrs) -nan:-nan 37852 (55) sec
[747] Ep10000: Max 4026 (2628) steps (0.0007 hrs) -nan:-nan 37918 (66) sec
[748] Ep10000: Max 4026 (2061) steps (0.0006 hrs) -nan:-nan 37976 (58) sec
[749] Ep10000: Max 4026 (2107) steps (0.0006 hrs) -nan:-nan 38033 (57) sec
[750] Ep10000: Max 4026 (2259) steps (0.0006 hrs) -nan:-nan 38092 (59) sec
[751] Ep10000: Max 4026 (2640) steps (0.0007 hrs) -nan:-nan 38159 (67) sec
[752] Ep10000: Max 4026 (2278) steps (0.0006 hrs) -nan:-nan 38231 (72) sec
[753] Ep10000: Max 4026 (2513) steps (0.0007 hrs) -nan:-nan 38331 (100) sec
[754] Ep10000: Max 4026 (2232) steps (0.0006 hrs) -nan:-nan 38410 (79) sec
[755] Ep10000: Max 4026 (2153) steps (0.0006 hrs) -nan:-nan 38503 (93) sec
[756] Ep10000: Max 4026 (2488) steps (0.0007 hrs) -nan:-nan 38544 (41) sec
[757] Ep10000: Max 4026 (1483) steps (0.0004 hrs) -nan:-nan 38586 (42) sec
[758] Ep10000: Max 4026 (1792) steps (0.0005 hrs) -nan:-nan 38644 (58) sec
[759] Ep10000: Max 4026 (2344) steps (0.0007 hrs) -nan:-nan 38707 (63) sec
[760] Ep10000: Max 4026 (2475) steps (0.0007 hrs) -nan:-nan 38772 (65) sec
[761] Ep10000: Max 4026 (2328) steps (0.0006 hrs) -nan:-nan 38830 (58) sec
[762] Ep10000: Max 4026 (2161) steps (0.0006 hrs) -nan:-nan 38892 (62) sec
[763] Ep10000: Max 4026 (2291) steps (0.0006 hrs) -nan:-nan 38977 (85) sec
[764] Ep10000: Max 4026 (1971) steps (0.0005 hrs) -nan:-nan 39050 (73) sec
[765] Ep10000: Max 4026 (2263) steps (0.0006 hrs) -nan:-nan 39135 (85) sec
[766] Ep10000: Max 4026 (2305) steps (0.0006 hrs) -nan:-nan 39200 (65) sec
[767] Ep10000: Max 4026 (3291) steps (0.0009 hrs) -nan:-nan 39259 (59) sec
[768] Ep10000: Max 4026 (2373) steps (0.0007 hrs) -nan:-nan 39324 (65) sec
[769] Ep10000: Max 4026 (2270) steps (0.0006 hrs) -nan:-nan 39374 (50) sec
[770] Ep10000: Max 4026 (2283) steps (0.0006 hrs) -nan:-nan 39422 (48) sec
[771] Ep10000: Max 4026 (2227) steps (0.0006 hrs) -nan:-nan 39487 (65) sec
[772] Ep10000: Max 4026 (2360) steps (0.0007 hrs) -nan:-nan 39561 (74) sec
[773] Ep10000: Max 4026 (2573) steps (0.0007 hrs) -nan:-nan 39611 (50) sec
[774] Ep10000: Max 4026 (2051) steps (0.0006 hrs) -nan:-nan 39668 (57) sec
[775] Ep10000: Max 4026 (2332) steps (0.0006 hrs) -nan:-nan 39742 (74) sec
[776] Ep10000: Max 4026 (2839) steps (0.0008 hrs) -nan:-nan 39825 (83) sec
[777] Ep10000: Max 4026 (2093) steps (0.0006 hrs) -nan:-nan 39888 (63) sec
[778] Ep10000: Max 4026 (2526) steps (0.0007 hrs) -nan:-nan 39935 (47) sec
[779] Ep10000: Max 4026 (2053) steps (0.0006 hrs) -nan:-nan 39973 (38) sec
[780] Ep10000: Max 4026 (2361) steps (0.0007 hrs) -nan:-nan 40020 (47) sec
[781] Ep10000: Max 4026 (2137) steps (0.0006 hrs) -nan:-nan 40077 (57) sec
[782] Ep10000: Max 4026 (2381) steps (0.0007 hrs) -nan:-nan 40137 (60) sec
[783] Ep10000: Max 4026 (1988) steps (0.0006 hrs) -nan:-nan 40183 (46) sec
[784] Ep10000: Max 4026 (2136) steps (0.0006 hrs) -nan:-nan 40248 (65) sec
[785] Ep10000: Max 4026 (1906) steps (0.0005 hrs) -nan:-nan 40297 (49) sec
[786] Ep10000: Max 4026 (2353) steps (0.0007 hrs) -nan:-nan 40376 (79) sec
[787] Ep10000: Max 4026 (1576) steps (0.0004 hrs) -nan:-nan 40395 (19) sec
[788] Ep10000: Max 4026 (1792) steps (0.0005 hrs) -nan:-nan 40463 (68) sec
[789] Ep10000: Max 4026 (3258) steps (0.0009 hrs) -nan:-nan 40543 (80) sec
[790] Ep10000: Max 4026 (2545) steps (0.0007 hrs) -nan:-nan 40643 (100) sec
[791] Ep10000: Max 4026 (2412) steps (0.0007 hrs) -nan:-nan 40748 (105) sec
[792] Ep10000: Max 4026 (2283) steps (0.0006 hrs) -nan:-nan 40832 (84) sec
[793] Ep10000: Max 4026 (1854) steps (0.0005 hrs) -nan:-nan 40928 (96) sec
[794] Ep10000: Max 4026 (2445) steps (0.0007 hrs) -nan:-nan 41015 (87) sec
[795] Ep10000: Max 4026 (2833) steps (0.0008 hrs) -nan:-nan 41100 (85) sec
[796] Ep10000: Max 4026 (1265) steps (0.0004 hrs) -nan:-nan 41135 (35) sec
[797] Ep10000: Max 4026 (2206) steps (0.0006 hrs) -nan:-nan 41191 (56) sec
[798] Ep10000: Max 4026 (2126) steps (0.0006 hrs) -nan:-nan 41279 (88) sec
[799] Ep10000: Max 4026 (1937) steps (0.0005 hrs) -nan:-nan 41390 (111) sec
[800] Ep10000: Max 4026 (1923) steps (0.0005 hrs) -nan:-nan 41465 (75) sec
[801] Ep10000: Max 4026 (2273) steps (0.0006 hrs) -nan:-nan 41577 (112) sec
[802] Ep10000: Max 4026 (2250) steps (0.0006 hrs) -nan:-nan 41662 (85) sec
[803] Ep10000: Max 4026 (2058) steps (0.0006 hrs) -nan:-nan 41756 (94) sec
[804] Ep10000: Max 4026 (2151) steps (0.0006 hrs) -nan:-nan 41852 (96) sec
[805] Ep10000: Max 4026 (2080) steps (0.0006 hrs) -nan:-nan 41905 (53) sec
[806] Ep10000: Max 4026 (2879) steps (0.0008 hrs) -nan:-nan 41965 (60) sec
[807] Ep10000: Max 4026 (2245) steps (0.0006 hrs) -nan:-nan 42018 (53) sec
[808] Ep10000: Max 4026 (2150) steps (0.0006 hrs) -nan:-nan 42093 (75) sec
[809] Ep10000: Max 4026 (2318) steps (0.0006 hrs) -nan:-nan 42177 (84) sec
[810] Ep10000: Max 4026 (2428) steps (0.0007 hrs) -nan:-nan 42270 (93) sec
[811] Ep10000: Max 4026 (2227) steps (0.0006 hrs) -nan:-nan 42329 (59) sec
[812] Ep10000: Max 4026 (2222) steps (0.0006 hrs) -nan:-nan 42392 (63) sec
[813] Ep10000: Max 4026 (2192) steps (0.0006 hrs) -nan:-nan 42466 (74) sec
[814] Ep10000: Max 4026 (2408) steps (0.0007 hrs) -nan:-nan 42502 (36) sec
[815] Ep10000: Max 4026 (2572) steps (0.0007 hrs) -nan:-nan 42540 (38) sec
[816] Ep10000: Max 4026 (2474) steps (0.0007 hrs) -nan:-nan 42590 (50) sec
[817] Ep10000: Max 4026 (2547) steps (0.0007 hrs) -nan:-nan 42640 (50) sec
[818] Ep10000: Max 4026 (2984) steps (0.0008 hrs) -nan:-nan 42677 (37) sec
[819] Ep10000: Max 4026 (2284) steps (0.0006 hrs) -nan:-nan 42727 (50) sec
[820] Ep10000: Max 4026 (2039) steps (0.0006 hrs) -nan:-nan 42768 (41) sec
[821] Ep10000: Max 4026 (2482) steps (0.0007 hrs) -nan:-nan 42820 (52) sec
[822] Ep10000: Max 4026 (1964) steps (0.0005 hrs) -nan:-nan 42854 (34) sec
[823] Ep10000: Max 4026 (2318) steps (0.0006 hrs) -nan:-nan 42895 (41) sec
[824] Ep10000: Max 4026 (2724) steps (0.0008 hrs) -nan:-nan 42942 (47) sec
[825] Ep10000: Max 4026 (1805) steps (0.0005 hrs) -nan:-nan 42969 (27) sec
[826] Ep10000: Max 4026 (3501) steps (0.0010 hrs) -nan:-nan 43005 (36) sec
[827] Ep10000: Max 4026 (2298) steps (0.0006 hrs) -nan:-nan 43046 (41) sec
[828] Ep10000: Max 4026 (2934) steps (0.0008 hrs) -nan:-nan 43091 (45) sec
[829] Ep10000: Max 4026 (2099) steps (0.0006 hrs) -nan:-nan 43126 (35) sec
[830] Ep10000: Max 4026 (2268) steps (0.0006 hrs) -nan:-nan 43175 (49) sec
[831] Ep10000: Max 4026 (2055) steps (0.0006 hrs) -nan:-nan 43222 (47) sec
[832] Ep10000: Max 4026 (2318) steps (0.0006 hrs) -nan:-nan 43286 (64) sec
[833] Ep10000: Max 4026 (1780) steps (0.0005 hrs) -nan:-nan 43302 (16) sec
[834] Ep10000: Max 4026 (1657) steps (0.0005 hrs) -nan:-nan 43338 (36) sec
[835] Ep10000: Max 4026 (2240) steps (0.0006 hrs) -nan:-nan 43390 (52) sec
[836] Ep10000: Max 4026 (1993) steps (0.0006 hrs) -nan:-nan 43436 (46) sec
[837] Ep10000: Max 4026 (2644) steps (0.0007 hrs) -nan:-nan 43486 (50) sec
[838] Ep10000: Max 4026 (2508) steps (0.0007 hrs) -nan:-nan 43522 (36) sec
[839] Ep10000: Max 4026 (1962) steps (0.0005 hrs) -nan:-nan 43561 (39) sec
[840] Ep10000: Max 4026 (2348) steps (0.0007 hrs) -nan:-nan 43605 (44) sec
[841] Ep10000: Max 4026 (2044) steps (0.0006 hrs) -nan:-nan 43656 (51) sec
[842] Ep10000: Max 4026 (2472) steps (0.0007 hrs) -nan:-nan 43700 (44) sec
[843] Ep10000: Max 4026 (2686) steps (0.0007 hrs) -nan:-nan 43749 (49) sec
[844] Ep10000: Max 4026 (2043) steps (0.0006 hrs) -nan:-nan 43789 (40) sec
[845] Ep10000: Max 4026 (1960) steps (0.0005 hrs) -nan:-nan 43838 (49) sec
[846] Ep10000: Max 4026 (2134) steps (0.0006 hrs) -nan:-nan 43885 (47) sec
[847] Ep10000: Max 4026 (2277) steps (0.0006 hrs) -nan:-nan 43932 (47) sec
[848] Ep10000: Max 4026 (2753) steps (0.0008 hrs) -nan:-nan 43972 (40) sec
[849] Ep10000: Max 4026 (1996) steps (0.0006 hrs) -nan:-nan 44021 (49) sec
[850] Ep10000: Max 4026 (2605) steps (0.0007 hrs) -nan:-nan 44073 (52) sec
[851] Ep10000: Max 4026 (2495) steps (0.0007 hrs) -nan:-nan 44140 (67) sec
[852] Ep10000: Max 4026 (2315) steps (0.0006 hrs) -nan:-nan 44176 (36) sec
[853] Ep10000: Max 4026 (2217) steps (0.0006 hrs) -nan:-nan 44217 (41) sec
[854] Ep10000: Max 4026 (2167) steps (0.0006 hrs) -nan:-nan 44266 (49) sec
[855] Ep10000: Max 4026 (2213) steps (0.0006 hrs) -nan:-nan 44312 (46) sec
[856] Ep10000: Max 4026 (2238) steps (0.0006 hrs) -nan:-nan 44359 (47) sec
[857] Ep10000: Max 4026 (1841) steps (0.0005 hrs) -nan:-nan 44405 (46) sec
[858] Ep10000: Max 4026 (2404) steps (0.0007 hrs) -nan:-nan 44455 (50) sec
[859] Ep10000: Max 4026 (1591) steps (0.0004 hrs) -nan:-nan 44469 (14) sec
[860] Ep10000: Max 4026 (2262) steps (0.0006 hrs) -nan:-nan 44517 (48) sec
[861] Ep10000: Max 4026 (2463) steps (0.0007 hrs) -nan:-nan 44556 (39) sec
[862] Ep10000: Max 4026 (2040) steps (0.0006 hrs) -nan:-nan 44606 (50) sec
[863] Ep10000: Max 4026 (2059) steps (0.0006 hrs) -nan:-nan 44650 (44) sec
[864] Ep10000: Max 4026 (2373) steps (0.0007 hrs) -nan:-nan 44692 (42) sec
[865] Ep10000: Max 4026 (1458) steps (0.0004 hrs) -nan:-nan 44706 (14) sec
[866] Ep10000: Max 4026 (1527) steps (0.0004 hrs) -nan:-nan 44720 (14) sec
[867] Ep10000: Max 4026 (2249) steps (0.0006 hrs) -nan:-nan 44762 (42) sec
[868] Ep10000: Max 4026 (2310) steps (0.0006 hrs) -nan:-nan 44802 (40) sec
[869] Ep10000: Max 4026 (2284) steps (0.0006 hrs) -nan:-nan 44850 (48) sec
[870] Ep10000: Max 4026 (1861) steps (0.0005 hrs) -nan:-nan 44896 (46) sec
[871] Ep10000: Max 4026 (2305) steps (0.0006 hrs) -nan:-nan 44942 (46) sec
[872] Ep10000: Max 4026 (2775) steps (0.0008 hrs) -nan:-nan 44990 (48) sec
[873] Ep10000: Max 4026 (2634) steps (0.0007 hrs) -nan:-nan 45037 (47) sec
[874] Ep10000: Max 4026 (428) steps (0.0001 hrs) -nan:-nan 45048 (11) sec
[875] Ep10000: Max 4026 (1834) steps (0.0005 hrs) -nan:-nan 45096 (48) sec
[876] Ep10000: Max 4026 (2291) steps (0.0006 hrs) -nan:-nan 45132 (36) sec
[877] Ep10000: Max 4026 (2030) steps (0.0006 hrs) -nan:-nan 45169 (37) sec
[878] Ep10000: Max 4026 (2149) steps (0.0006 hrs) -nan:-nan 45217 (48) sec
[879] Ep10000: Max 4026 (2098) steps (0.0006 hrs) -nan:-nan 45269 (52) sec
[880] Ep10000: Max 4026 (2853) steps (0.0008 hrs) -nan:-nan 45316 (47) sec
[881] Ep10000: Max 4026 (1994) steps (0.0006 hrs) -nan:-nan 45358 (42) sec
[882] Ep10000: Max 4026 (1897) steps (0.0005 hrs) -nan:-nan 45403 (45) sec
[883] Ep10000: Max 4026 (2321) steps (0.0006 hrs) -nan:-nan 45452 (49) sec
[884] Ep10000: Max 4026 (2074) steps (0.0006 hrs) -nan:-nan 45488 (36) sec
[885] Ep10000: Max 4026 (2026) steps (0.0006 hrs) -nan:-nan 45535 (47) sec
[886] Ep10000: Max 4026 (1759) steps (0.0005 hrs) -nan:-nan 45562 (27) sec
[887] Ep10000: Max 4026 (2337) steps (0.0006 hrs) -nan:-nan 45615 (53) sec
[888] Ep10000: Max 4026 (2671) steps (0.0007 hrs) -nan:-nan 45664 (49) sec
[889] Ep10000: Max 4026 (2506) steps (0.0007 hrs) -nan:-nan 45705 (41) sec
[890] Ep10000: Max 4026 (2382) steps (0.0007 hrs) -nan:-nan 45752 (47) sec
[891] Ep10000: Max 4026 (2248) steps (0.0006 hrs) -nan:-nan 45800 (48) sec
[892] Ep10000: Max 4026 (2168) steps (0.0006 hrs) -nan:-nan 45849 (49) sec
[893] Ep10000: Max 4026 (1898) steps (0.0005 hrs) -nan:-nan 45889 (40) sec
[894] Ep10000: Max 4026 (2243) steps (0.0006 hrs) -nan:-nan 45937 (48) sec
[895] Ep10000: Max 4026 (2017) steps (0.0006 hrs) -nan:-nan 45988 (51) sec
[896] Ep10000: Max 4026 (1975) steps (0.0005 hrs) -nan:-nan 46037 (49) sec
[897] Ep10000: Max 4026 (1996) steps (0.0006 hrs) -nan:-nan 46073 (36) sec
[898] Ep10000: Max 4026 (2760) steps (0.0008 hrs) -nan:-nan 46113 (40) sec
[899] Ep10000: Max 4026 (2783) steps (0.0008 hrs) -nan:-nan 46159 (46) sec
[900] Ep10000: Max 4026 (2088) steps (0.0006 hrs) -nan:-nan 46199 (40) sec
[901] Ep10000: Max 4026 (2090) steps (0.0006 hrs) -nan:-nan 46250 (51) sec
[902] Ep10000: Max 4026 (2115) steps (0.0006 hrs) -nan:-nan 46286 (36) sec
[903] Ep10000: Max 4026 (2128) steps (0.0006 hrs) -nan:-nan 46335 (49) sec
[904] Ep10000: Max 4026 (2077) steps (0.0006 hrs) -nan:-nan 46370 (35) sec
[905] Ep10000: Max 4026 (1766) steps (0.0005 hrs) -nan:-nan 46407 (37) sec
[906] Ep10000: Max 4026 (1527) steps (0.0004 hrs) -nan:-nan 46423 (16) sec
[907] Ep10000: Max 4026 (2140) steps (0.0006 hrs) -nan:-nan 46459 (36) sec
[908] Ep10000: Max 4026 (1887) steps (0.0005 hrs) -nan:-nan 46497 (38) sec
[909] Ep10000: Max 4026 (2207) steps (0.0006 hrs) -nan:-nan 46532 (35) sec
[910] Ep10000: Max 4026 (2596) steps (0.0007 hrs) -nan:-nan 46579 (47) sec
[911] Ep10000: Max 4026 (2254) steps (0.0006 hrs) -nan:-nan 46631 (52) sec
[912] Ep10000: Max 4026 (2439) steps (0.0007 hrs) -nan:-nan 46680 (49) sec
[913] Ep10000: Max 4026 (2166) steps (0.0006 hrs) -nan:-nan 46717 (37) sec
[914] Ep10000: Max 4026 (2011) steps (0.0006 hrs) -nan:-nan 46764 (47) sec
[915] Ep10000: Max 4026 (2505) steps (0.0007 hrs) -nan:-nan 46812 (48) sec
[916] Ep10000: Max 4026 (2261) steps (0.0006 hrs) -nan:-nan 46859 (47) sec
[917] Ep10000: Max 4026 (2148) steps (0.0006 hrs) -nan:-nan 46899 (40) sec
[918] Ep10000: Max 4026 (1443) steps (0.0004 hrs) -nan:-nan 46912 (13) sec
[919] Ep10000: Max 4026 (1974) steps (0.0005 hrs) -nan:-nan 46952 (40) sec
[920] Ep10000: Max 4026 (2017) steps (0.0006 hrs) -nan:-nan 46996 (44) sec
[921] Ep10000: Max 4026 (2168) steps (0.0006 hrs) -nan:-nan 47041 (45) sec
[922] Ep10000: Max 4026 (2401) steps (0.0007 hrs) -nan:-nan 47079 (38) sec
[923] Ep10000: Max 4026 (2067) steps (0.0006 hrs) -nan:-nan 47128 (49) sec
[924] Ep10000: Max 4026 (2779) steps (0.0008 hrs) -nan:-nan 47187 (59) sec
[925] Ep10000: Max 4026 (2688) steps (0.0007 hrs) -nan:-nan 47239 (52) sec
[926] Ep10000: Max 4026 (2193) steps (0.0006 hrs) -nan:-nan 47287 (48) sec
[927] Ep10000: Max 4026 (2147) steps (0.0006 hrs) -nan:-nan 47323 (36) sec
[928] Ep10000: Max 4026 (2299) steps (0.0006 hrs) -nan:-nan 47371 (48) sec
[929] Ep10000: Max 4026 (2242) steps (0.0006 hrs) -nan:-nan 47408 (37) sec
[930] Ep10000: Max 4026 (2027) steps (0.0006 hrs) -nan:-nan 47455 (47) sec
[931] Ep10000: Max 4026 (1436) steps (0.0004 hrs) -nan:-nan 47469 (14) sec
[932] Ep10000: Max 4026 (2016) steps (0.0006 hrs) -nan:-nan 47516 (47) sec
[933] Ep10000: Max 4026 (2038) steps (0.0006 hrs) -nan:-nan 47564 (48) sec
[934] Ep10000: Max 4026 (2398) steps (0.0007 hrs) -nan:-nan 47612 (48) sec
[935] Ep10000: Max 4026 (1828) steps (0.0005 hrs) -nan:-nan 47650 (38) sec
[936] Ep10000: Max 4026 (2125) steps (0.0006 hrs) -nan:-nan 47692 (42) sec
[937] Ep10000: Max 4026 (2773) steps (0.0008 hrs) -nan:-nan 47730 (38) sec
[938] Ep10000: Max 4026 (1923) steps (0.0005 hrs) -nan:-nan 47780 (50) sec
[939] Ep10000: Max 4026 (2122) steps (0.0006 hrs) -nan:-nan 47819 (39) sec
[940] Ep10000: Max 4026 (2585) steps (0.0007 hrs) -nan:-nan 47857 (38) sec
[941] Ep10000: Max 4026 (2207) steps (0.0006 hrs) -nan:-nan 47902 (45) sec
[942] Ep10000: Max 4026 (1475) steps (0.0004 hrs) -nan:-nan 47917 (15) sec
[943] Ep10000: Max 4026 (2322) steps (0.0006 hrs) -nan:-nan 47962 (45) sec
[944] Ep10000: Max 4026 (2577) steps (0.0007 hrs) -nan:-nan 48002 (40) sec
[945] Ep10000: Max 4026 (1908) steps (0.0005 hrs) -nan:-nan 48040 (38) sec
[946] Ep10000: Max 4026 (2366) steps (0.0007 hrs) -nan:-nan 48087 (47) sec
[947] Ep10000: Max 4026 (3290) steps (0.0009 hrs) -nan:-nan 48134 (47) sec
[948] Ep10000: Max 4026 (2086) steps (0.0006 hrs) -nan:-nan 48179 (45) sec
[949] Ep10000: Max 4026 (2532) steps (0.0007 hrs) -nan:-nan 48226 (47) sec
[950] Ep10000: Max 4026 (1330) steps (0.0004 hrs) -nan:-nan 48239 (13) sec
[951] Ep10000: Max 4026 (2568) steps (0.0007 hrs) -nan:-nan 48287 (48) sec
[952] Ep10000: Max 4026 (2123) steps (0.0006 hrs) -nan:-nan 48331 (44) sec
[953] Ep10000: Max 4026 (2131) steps (0.0006 hrs) -nan:-nan 48383 (52) sec
[954] Ep10000: Max 4026 (1895) steps (0.0005 hrs) -nan:-nan 48441 (58) sec
[955] Ep10000: Max 4026 (2189) steps (0.0006 hrs) -nan:-nan 48497 (56) sec
[956] Ep10000: Max 4026 (1860) steps (0.0005 hrs) -nan:-nan 48553 (56) sec
[957] Ep10000: Max 4026 (1654) steps (0.0005 hrs) -nan:-nan 48583 (30) sec
[958] Ep10000: Max 4026 (2106) steps (0.0006 hrs) -nan:-nan 48639 (56) sec
[959] Ep10000: Max 4026 (2440) steps (0.0007 hrs) -nan:-nan 48693 (54) sec
[960] Ep10000: Max 4026 (2796) steps (0.0008 hrs) -nan:-nan 48747 (54) sec
[961] Ep10000: Max 4026 (2415) steps (0.0007 hrs) -nan:-nan 48803 (56) sec
[962] Ep10000: Max 4026 (2965) steps (0.0008 hrs) -nan:-nan 48857 (54) sec
[963] Ep10000: Max 4026 (1848) steps (0.0005 hrs) -nan:-nan 48896 (39) sec
[964] Ep10000: Max 4026 (2248) steps (0.0006 hrs) -nan:-nan 48966 (70) sec
[965] Ep10000: Max 4026 (1899) steps (0.0005 hrs) -nan:-nan 49034 (68) sec
[966] Ep10000: Max 4026 (2014) steps (0.0006 hrs) -nan:-nan 49093 (59) sec
[967] Ep10000: Max 4026 (2140) steps (0.0006 hrs) -nan:-nan 49158 (65) sec
[968] Ep10000: Max 4026 (2516) steps (0.0007 hrs) -nan:-nan 49217 (59) sec
[969] Ep10000: Max 4026 (2733) steps (0.0008 hrs) -nan:-nan 49274 (57) sec
[970] Ep10000: Max 4026 (2407) steps (0.0007 hrs) -nan:-nan 49341 (67) sec
[971] Ep10000: Max 4026 (2279) steps (0.0006 hrs) -nan:-nan 49423 (82) sec
[972] Ep10000: Max 4026 (1650) steps (0.0005 hrs) -nan:-nan 49474 (51) sec
[973] Ep10000: Max 4026 (2374) steps (0.0007 hrs) -nan:-nan 49536 (62) sec
[974] Ep10000: Max 4026 (2105) steps (0.0006 hrs) -nan:-nan 49589 (53) sec
[975] Ep10000: Max 4026 (2111) steps (0.0006 hrs) -nan:-nan 49646 (57) sec
[976] Ep10000: Max 4026 (2141) steps (0.0006 hrs) -nan:-nan 49729 (83) sec
[977] Ep10000: Max 4026 (2443) steps (0.0007 hrs) -nan:-nan 49789 (60) sec
[978] Ep10000: Max 4026 (2379) steps (0.0007 hrs) -nan:-nan 49854 (65) sec
[979] Ep10000: Max 4026 (2480) steps (0.0007 hrs) -nan:-nan 49916 (62) sec
[980] Ep10000: Max 4026 (2085) steps (0.0006 hrs) -nan:-nan 49973 (57) sec
[981] Ep10000: Max 4026 (2825) steps (0.0008 hrs) -nan:-nan 50012 (39) sec
[982] Ep10000: Max 4026 (2525) steps (0.0007 hrs) -nan:-nan 50062 (50) sec
[983] Ep10000: Max 4026 (2287) steps (0.0006 hrs) -nan:-nan 50108 (46) sec
[984] Ep10000: Max 4026 (3048) steps (0.0008 hrs) -nan:-nan 50151 (43) sec
[985] Ep10000: Max 4026 (2354) steps (0.0007 hrs) -nan:-nan 50212 (61) sec
[986] Ep10000: Max 4026 (1976) steps (0.0005 hrs) -nan:-nan 50264 (52) sec
[987] Ep10000: Max 4026 (3903) steps (0.0011 hrs) -nan:-nan 50326 (62) sec
[988] Ep10000: Max 4026 (1547) steps (0.0004 hrs) -nan:-nan 50362 (36) sec
[989] Ep10000: Max 4026 (1736) steps (0.0005 hrs) -nan:-nan 50422 (60) sec
[990] Ep10000: Max 4026 (2196) steps (0.0006 hrs) -nan:-nan 50503 (81) sec
[991] Ep10000: Max 4026 (2403) steps (0.0007 hrs) -nan:-nan 50568 (65) sec
[992] Ep10000: Max 4026 (2286) steps (0.0006 hrs) -nan:-nan 50637 (69) sec
[993] Ep10000: Max 4026 (2660) steps (0.0007 hrs) -nan:-nan 50712 (75) sec
[994] Ep10000: Max 4026 (2401) steps (0.0007 hrs) -nan:-nan 50818 (106) sec
[995] Ep10000: Max 4026 (1637) steps (0.0005 hrs) -nan:-nan 50854 (36) sec
[996] Ep10000: Max 4026 (2413) steps (0.0007 hrs) -nan:-nan 50913 (59) sec
[997] Ep10000: Max 4026 (1763) steps (0.0005 hrs) -nan:-nan 50963 (50) sec
[998] Ep10000: Max 4026 (2279) steps (0.0006 hrs) -nan:-nan 51027 (64) sec
[999] Ep10000: Max 4026 (2440) steps (0.0007 hrs) -nan:-nan 51113 (86) sec
[1000] Ep10000: Max 4026 (2370) steps (0.0007 hrs) -nan:-nan 51209 (96) sec
Total Elapsed time: 51209 seconds
Wrote current data to latest.train
