balanced 0 test_flag 0
[1] Ep10000: Max 3442 (3442) steps (0.0010 hrs) -nan:-nan 45 (45) sec
[2] Ep10000: Max 3442 (2089) steps (0.0006 hrs) -nan:-nan 90 (45) sec
[3] Ep10000: Max 3442 (3156) steps (0.0009 hrs) -nan:-nan 135 (45) sec
[4] Ep10000: Max 3442 (3166) steps (0.0009 hrs) -nan:-nan 182 (47) sec
[5] Ep10000: Max 3442 (1997) steps (0.0006 hrs) -nan:-nan 223 (41) sec
[6] Ep10000: Max 3442 (2456) steps (0.0007 hrs) -nan:-nan 268 (45) sec
[7] Ep10000: Max 3442 (2145) steps (0.0006 hrs) -nan:-nan 311 (43) sec
[8] Ep10000: Max 3442 (2579) steps (0.0007 hrs) -nan:-nan 356 (45) sec
[9] Ep10000: Max 3442 (2730) steps (0.0008 hrs) -nan:-nan 401 (45) sec
[10] Ep10000: Max 3442 (1148) steps (0.0003 hrs) -nan:-nan 437 (36) sec
[11] Ep10000: Max 3442 (2167) steps (0.0006 hrs) -nan:-nan 480 (43) sec
[12] Ep10000: Max 3442 (2056) steps (0.0006 hrs) -nan:-nan 524 (44) sec
[13] Ep10000: Max 3442 (961) steps (0.0003 hrs) -nan:-nan 554 (30) sec
[14] Ep10000: Max 3442 (1607) steps (0.0004 hrs) -nan:-nan 584 (30) sec
[15] Ep10000: Max 3442 (2269) steps (0.0006 hrs) -nan:-nan 628 (44) sec
[16] Ep10000: Max 3442 (2529) steps (0.0007 hrs) -nan:-nan 672 (44) sec
[17] Ep10000: Max 3442 (2048) steps (0.0006 hrs) -nan:-nan 718 (46) sec
[18] Ep10000: Max 3442 (1792) steps (0.0005 hrs) -nan:-nan 753 (35) sec
[19] Ep10000: Max 3442 (1203) steps (0.0003 hrs) -nan:-nan 782 (29) sec
[20] Ep10000: Max 3442 (1831) steps (0.0005 hrs) -nan:-nan 818 (36) sec
[21] Ep10000: Max 3442 (835) steps (0.0002 hrs) -nan:-nan 847 (29) sec
[22] Ep10000: Max 3442 (2210) steps (0.0006 hrs) -nan:-nan 891 (44) sec
[23] Ep10000: Max 3442 (2311) steps (0.0006 hrs) -nan:-nan 935 (44) sec
[24] Ep10000: Max 3442 (2153) steps (0.0006 hrs) -nan:-nan 980 (45) sec
[25] Ep10000: Max 5324 (5324) steps (0.0015 hrs) -nan:-nan 1025 (45) sec
[26] Ep10000: Max 5324 (3733) steps (0.0010 hrs) -nan:-nan 1073 (48) sec
[27] Ep10000: Max 5324 (3118) steps (0.0009 hrs) -nan:-nan 1118 (45) sec
[28] Ep10000: Max 5324 (2192) steps (0.0006 hrs) -nan:-nan 1164 (46) sec
[29] Ep10000: Max 5324 (2421) steps (0.0007 hrs) -nan:-nan 1207 (43) sec
[30] Ep10000: Max 5324 (2425) steps (0.0007 hrs) -nan:-nan 1251 (44) sec
[31] Ep10000: Max 5324 (2021) steps (0.0006 hrs) -nan:-nan 1296 (45) sec
[32] Ep10000: Max 5324 (2284) steps (0.0006 hrs) -nan:-nan 1341 (45) sec
[33] Ep10000: Max 5324 (2908) steps (0.0008 hrs) -nan:-nan 1386 (45) sec
[34] Ep10000: Max 5324 (2286) steps (0.0006 hrs) -nan:-nan 1431 (45) sec
[35] Ep10000: Max 5324 (1181) steps (0.0003 hrs) -nan:-nan 1461 (30) sec
[36] Ep10000: Max 5324 (1965) steps (0.0005 hrs) -nan:-nan 1498 (37) sec
[37] Ep10000: Max 5324 (2223) steps (0.0006 hrs) -nan:-nan 1542 (44) sec
[38] Ep10000: Max 5324 (2271) steps (0.0006 hrs) -nan:-nan 1580 (38) sec
[39] Ep10000: Max 5324 (2317) steps (0.0006 hrs) -nan:-nan 1626 (46) sec
[40] Ep10000: Max 5324 (2027) steps (0.0006 hrs) -nan:-nan 1671 (45) sec
[41] Ep10000: Max 5324 (4110) steps (0.0011 hrs) -nan:-nan 1717 (46) sec
[42] Ep10000: Max 5324 (2596) steps (0.0007 hrs) -nan:-nan 1763 (46) sec
[43] Ep10000: Max 5324 (3476) steps (0.0010 hrs) -nan:-nan 1806 (43) sec
[44] Ep10000: Max 5324 (1967) steps (0.0005 hrs) -nan:-nan 1850 (44) sec
[45] Ep10000: Max 5324 (1086) steps (0.0003 hrs) -nan:-nan 1879 (29) sec
[46] Ep10000: Max 5324 (5056) steps (0.0014 hrs) -nan:-nan 1921 (42) sec
[47] Ep10000: Max 5324 (2454) steps (0.0007 hrs) -nan:-nan 1966 (45) sec
[48] Ep10000: Max 5324 (1925) steps (0.0005 hrs) -nan:-nan 2004 (38) sec
[49] Ep10000: Max 5324 (2841) steps (0.0008 hrs) -nan:-nan 2049 (45) sec
[50] Ep10000: Max 5324 (3227) steps (0.0009 hrs) -nan:-nan 2092 (43) sec
[51] Ep10000: Max 5324 (2320) steps (0.0006 hrs) -nan:-nan 2137 (45) sec
[52] Ep10000: Max 5324 (2472) steps (0.0007 hrs) -nan:-nan 2182 (45) sec
[53] Ep10000: Max 5324 (1142) steps (0.0003 hrs) -nan:-nan 2211 (29) sec
[54] Ep10000: Max 5324 (3255) steps (0.0009 hrs) -nan:-nan 2258 (47) sec
[55] Ep10000: Max 5324 (2616) steps (0.0007 hrs) -nan:-nan 2304 (46) sec
[56] Ep10000: Max 5324 (2353) steps (0.0007 hrs) -nan:-nan 2349 (45) sec
[57] Ep10000: Max 5324 (2507) steps (0.0007 hrs) -nan:-nan 2383 (34) sec
[58] Ep10000: Max 5324 (4361) steps (0.0012 hrs) -nan:-nan 2423 (40) sec
[59] Ep10000: Max 5324 (2107) steps (0.0006 hrs) -nan:-nan 2468 (45) sec
[60] Ep10000: Max 5324 (937) steps (0.0003 hrs) -nan:-nan 2497 (29) sec
[61] Ep10000: Max 5324 (2986) steps (0.0008 hrs) -nan:-nan 2543 (46) sec
[62] Ep10000: Max 5324 (2208) steps (0.0006 hrs) -nan:-nan 2587 (44) sec
[63] Ep10000: Max 5324 (2425) steps (0.0007 hrs) -nan:-nan 2632 (45) sec
[64] Ep10000: Max 5324 (2323) steps (0.0006 hrs) -nan:-nan 2677 (45) sec
[65] Ep10000: Max 5324 (2010) steps (0.0006 hrs) -nan:-nan 2712 (35) sec
[66] Ep10000: Max 5324 (1946) steps (0.0005 hrs) -nan:-nan 2748 (36) sec
[67] Ep10000: Max 5324 (2440) steps (0.0007 hrs) -nan:-nan 2792 (44) sec
[68] Ep10000: Max 5324 (2003) steps (0.0006 hrs) -nan:-nan 2836 (44) sec
[69] Ep10000: Max 5324 (2128) steps (0.0006 hrs) -nan:-nan 2881 (45) sec
[70] Ep10000: Max 5324 (1387) steps (0.0004 hrs) -nan:-nan 2918 (37) sec
[71] Ep10000: Max 5324 (2098) steps (0.0006 hrs) -nan:-nan 2962 (44) sec
[72] Ep10000: Max 5324 (2329) steps (0.0006 hrs) -nan:-nan 3006 (44) sec
[73] Ep10000: Max 5324 (1140) steps (0.0003 hrs) -nan:-nan 3043 (37) sec
[74] Ep10000: Max 5324 (2570) steps (0.0007 hrs) -nan:-nan 3087 (44) sec
[75] Ep10000: Max 5324 (2576) steps (0.0007 hrs) -nan:-nan 3133 (46) sec
[76] Ep10000: Max 5324 (2303) steps (0.0006 hrs) -nan:-nan 3177 (44) sec
[77] Ep10000: Max 5324 (2339) steps (0.0006 hrs) -nan:-nan 3223 (46) sec
[78] Ep10000: Max 5324 (3113) steps (0.0009 hrs) -nan:-nan 3267 (44) sec
[79] Ep10000: Max 5324 (1120) steps (0.0003 hrs) -nan:-nan 3296 (29) sec
[80] Ep10000: Max 5324 (1020) steps (0.0003 hrs) -nan:-nan 3326 (30) sec
[81] Ep10000: Max 5324 (2023) steps (0.0006 hrs) -nan:-nan 3370 (44) sec
[82] Ep10000: Max 5324 (2045) steps (0.0006 hrs) -nan:-nan 3412 (42) sec
[83] Ep10000: Max 5324 (2968) steps (0.0008 hrs) -nan:-nan 3457 (45) sec
[84] Ep10000: Max 5324 (1633) steps (0.0005 hrs) -nan:-nan 3491 (34) sec
[85] Ep10000: Max 5324 (4055) steps (0.0011 hrs) -nan:-nan 3539 (48) sec
[86] Ep10000: Max 5702 (5702) steps (0.0016 hrs) -nan:-nan 3586 (47) sec
[87] Ep10000: Max 5702 (2153) steps (0.0006 hrs) -nan:-nan 3629 (43) sec
[88] Ep10000: Max 5702 (2258) steps (0.0006 hrs) -nan:-nan 3674 (45) sec
[89] Ep10000: Max 5702 (2302) steps (0.0006 hrs) -nan:-nan 3718 (44) sec
[90] Ep10000: Max 5702 (5102) steps (0.0014 hrs) -nan:-nan 3765 (47) sec
[91] Ep10000: Max 5702 (1946) steps (0.0005 hrs) -nan:-nan 3809 (44) sec
[92] Ep10000: Max 5702 (2172) steps (0.0006 hrs) -nan:-nan 3854 (45) sec
[93] Ep10000: Max 5702 (2257) steps (0.0006 hrs) -nan:-nan 3900 (46) sec
[94] Ep10000: Max 5702 (2234) steps (0.0006 hrs) -nan:-nan 3944 (44) sec
[95] Ep10000: Max 5702 (3277) steps (0.0009 hrs) -nan:-nan 3989 (45) sec
[96] Ep10000: Max 5702 (2816) steps (0.0008 hrs) -nan:-nan 4034 (45) sec
[97] Ep10000: Max 5702 (1363) steps (0.0004 hrs) -nan:-nan 4071 (37) sec
[98] Ep10000: Max 5702 (2400) steps (0.0007 hrs) -nan:-nan 4116 (45) sec
[99] Ep10000: Max 5702 (2710) steps (0.0008 hrs) -nan:-nan 4158 (42) sec
[100] Ep10000: Max 5702 (3124) steps (0.0009 hrs) -nan:-nan 4203 (45) sec
[101] Ep10000: Max 5702 (2179) steps (0.0006 hrs) -nan:-nan 4247 (44) sec
[102] Ep10000: Max 5702 (2627) steps (0.0007 hrs) -nan:-nan 4292 (45) sec
[103] Ep10000: Max 5702 (1576) steps (0.0004 hrs) -nan:-nan 4323 (31) sec
[104] Ep10000: Max 5702 (2636) steps (0.0007 hrs) -nan:-nan 4369 (46) sec
[105] Ep10000: Max 5702 (2230) steps (0.0006 hrs) -nan:-nan 4414 (45) sec
[106] Ep10000: Max 5702 (2172) steps (0.0006 hrs) -nan:-nan 4459 (45) sec
[107] Ep10000: Max 5702 (2483) steps (0.0007 hrs) -nan:-nan 4504 (45) sec
[108] Ep10000: Max 5702 (1462) steps (0.0004 hrs) -nan:-nan 4535 (31) sec
[109] Ep10000: Max 5702 (2980) steps (0.0008 hrs) -nan:-nan 4581 (46) sec
[110] Ep10000: Max 5702 (1024) steps (0.0003 hrs) -nan:-nan 4618 (37) sec
[111] Ep10000: Max 6651 (6651) steps (0.0018 hrs) -nan:-nan 4671 (53) sec
[112] Ep10000: Max 6651 (1950) steps (0.0005 hrs) -nan:-nan 4715 (44) sec
[113] Ep10000: Max 6651 (5234) steps (0.0015 hrs) -nan:-nan 4764 (49) sec
[114] Ep10000: Max 6651 (2394) steps (0.0007 hrs) -nan:-nan 4808 (44) sec
[115] Ep10000: Max 6651 (2081) steps (0.0006 hrs) -nan:-nan 4853 (45) sec
[116] Ep10000: Max 6651 (2282) steps (0.0006 hrs) -nan:-nan 4896 (43) sec
[117] Ep10000: Max 6651 (1959) steps (0.0005 hrs) -nan:-nan 4941 (45) sec
[118] Ep10000: Max 6651 (988) steps (0.0003 hrs) -nan:-nan 4970 (29) sec
[119] Ep10000: Max 6651 (2674) steps (0.0007 hrs) -nan:-nan 5015 (45) sec
[120] Ep10000: Max 6651 (2380) steps (0.0007 hrs) -nan:-nan 5059 (44) sec
[121] Ep10000: Max 6651 (4357) steps (0.0012 hrs) -nan:-nan 5105 (46) sec
[122] Ep10000: Max 6651 (1706) steps (0.0005 hrs) -nan:-nan 5137 (32) sec
[123] Ep10000: Max 6651 (2252) steps (0.0006 hrs) -nan:-nan 5182 (45) sec
[124] Ep10000: Max 6651 (2566) steps (0.0007 hrs) -nan:-nan 5228 (46) sec
[125] Ep10000: Max 6651 (2251) steps (0.0006 hrs) -nan:-nan 5271 (43) sec
[126] Ep10000: Max 6651 (1514) steps (0.0004 hrs) -nan:-nan 5301 (30) sec
[127] Ep10000: Max 6651 (1897) steps (0.0005 hrs) -nan:-nan 5339 (38) sec
[128] Ep10000: Max 6651 (5448) steps (0.0015 hrs) -nan:-nan 5384 (45) sec
[129] Ep10000: Max 6651 (2391) steps (0.0007 hrs) -nan:-nan 5429 (45) sec
[130] Ep10000: Max 6651 (2731) steps (0.0008 hrs) -nan:-nan 5472 (43) sec
[131] Ep10000: Max 6651 (5237) steps (0.0015 hrs) -nan:-nan 5518 (46) sec
[132] Ep10000: Max 6651 (2318) steps (0.0006 hrs) -nan:-nan 5563 (45) sec
[133] Ep10000: Max 6651 (2038) steps (0.0006 hrs) -nan:-nan 5607 (44) sec
[134] Ep10000: Max 6651 (2162) steps (0.0006 hrs) -nan:-nan 5650 (43) sec
[135] Ep10000: Max 6651 (2203) steps (0.0006 hrs) -nan:-nan 5695 (45) sec
[136] Ep10000: Max 6651 (2725) steps (0.0008 hrs) -nan:-nan 5741 (46) sec
[137] Ep10000: Max 6651 (3203) steps (0.0009 hrs) -nan:-nan 5778 (37) sec
[138] Ep10000: Max 6651 (1815) steps (0.0005 hrs) -nan:-nan 5813 (35) sec
[139] Ep10000: Max 6651 (1757) steps (0.0005 hrs) -nan:-nan 5856 (43) sec
[140] Ep10000: Max 6651 (1204) steps (0.0003 hrs) -nan:-nan 5890 (34) sec
[141] Ep10000: Max 6651 (4267) steps (0.0012 hrs) -nan:-nan 5937 (47) sec
[142] Ep10000: Max 6651 (2403) steps (0.0007 hrs) -nan:-nan 5983 (46) sec
[143] Ep10000: Max 6651 (1949) steps (0.0005 hrs) -nan:-nan 6024 (41) sec
[144] Ep10000: Max 6651 (4261) steps (0.0012 hrs) -nan:-nan 6071 (47) sec
[145] Ep10000: Max 6651 (6140) steps (0.0017 hrs) -nan:-nan 6125 (54) sec
[146] Ep10000: Max 6651 (1639) steps (0.0005 hrs) -nan:-nan 6154 (29) sec
[147] Ep10000: Max 6651 (2417) steps (0.0007 hrs) -nan:-nan 6199 (45) sec
[148] Ep10000: Max 6651 (3122) steps (0.0009 hrs) -nan:-nan 6242 (43) sec
[149] Ep10000: Max 6651 (2044) steps (0.0006 hrs) -nan:-nan 6281 (39) sec
[150] Ep10000: Max 6651 (1472) steps (0.0004 hrs) -nan:-nan 6316 (35) sec
[151] Ep10000: Max 6651 (2039) steps (0.0006 hrs) -nan:-nan 6361 (45) sec
[152] Ep10000: Max 6651 (2341) steps (0.0007 hrs) -nan:-nan 6406 (45) sec
[153] Ep10000: Max 6651 (912) steps (0.0003 hrs) -nan:-nan 6435 (29) sec
[154] Ep10000: Max 6651 (2088) steps (0.0006 hrs) -nan:-nan 6479 (44) sec
[155] Ep10000: Max 6651 (1949) steps (0.0005 hrs) -nan:-nan 6524 (45) sec
[156] Ep10000: Max 6651 (2313) steps (0.0006 hrs) -nan:-nan 6569 (45) sec
[157] Ep10000: Max 6651 (1968) steps (0.0005 hrs) -nan:-nan 6614 (45) sec
[158] Ep10000: Max 6651 (1909) steps (0.0005 hrs) -nan:-nan 6659 (45) sec
[159] Ep10000: Max 6651 (2504) steps (0.0007 hrs) -nan:-nan 6693 (34) sec
[160] Ep10000: Max 6651 (2496) steps (0.0007 hrs) -nan:-nan 6736 (43) sec
[161] Ep10000: Max 6651 (1076) steps (0.0003 hrs) -nan:-nan 6766 (30) sec
[162] Ep10000: Max 6651 (2205) steps (0.0006 hrs) -nan:-nan 6811 (45) sec
[163] Ep10000: Max 6651 (2216) steps (0.0006 hrs) -nan:-nan 6855 (44) sec
[164] Ep10000: Max 6651 (1523) steps (0.0004 hrs) -nan:-nan 6893 (38) sec
[165] Ep10000: Max 6651 (2004) steps (0.0006 hrs) -nan:-nan 6936 (43) sec
[166] Ep10000: Max 6651 (2236) steps (0.0006 hrs) -nan:-nan 6981 (45) sec
[167] Ep10000: Max 6651 (1845) steps (0.0005 hrs) -nan:-nan 7027 (46) sec
[168] Ep10000: Max 6651 (1893) steps (0.0005 hrs) -nan:-nan 7070 (43) sec
[169] Ep10000: Max 6651 (2181) steps (0.0006 hrs) -nan:-nan 7115 (45) sec
[170] Ep10000: Max 6651 (2378) steps (0.0007 hrs) -nan:-nan 7159 (44) sec
[171] Ep10000: Max 6651 (1678) steps (0.0005 hrs) -nan:-nan 7195 (36) sec
[172] Ep10000: Max 6651 (1158) steps (0.0003 hrs) -nan:-nan 7225 (30) sec
[173] Ep10000: Max 6651 (2304) steps (0.0006 hrs) -nan:-nan 7269 (44) sec
[174] Ep10000: Max 6651 (2689) steps (0.0007 hrs) -nan:-nan 7307 (38) sec
[175] Ep10000: Max 6651 (1851) steps (0.0005 hrs) -nan:-nan 7352 (45) sec
[176] Ep10000: Max 6651 (2470) steps (0.0007 hrs) -nan:-nan 7397 (45) sec
[177] Ep10000: Max 6651 (1299) steps (0.0004 hrs) -nan:-nan 7428 (31) sec
[178] Ep10000: Max 6651 (2233) steps (0.0006 hrs) -nan:-nan 7471 (43) sec
[179] Ep10000: Max 6651 (1743) steps (0.0005 hrs) -nan:-nan 7514 (43) sec
[180] Ep10000: Max 6651 (1967) steps (0.0005 hrs) -nan:-nan 7558 (44) sec
[181] Ep10000: Max 6651 (2516) steps (0.0007 hrs) -nan:-nan 7602 (44) sec
[182] Ep10000: Max 6651 (2040) steps (0.0006 hrs) -nan:-nan 7644 (42) sec
[183] Ep10000: Max 6651 (2674) steps (0.0007 hrs) -nan:-nan 7684 (40) sec
[184] Ep10000: Max 6651 (1400) steps (0.0004 hrs) -nan:-nan 7714 (30) sec
[185] Ep10000: Max 6651 (2082) steps (0.0006 hrs) -nan:-nan 7759 (45) sec
[186] Ep10000: Max 6651 (3336) steps (0.0009 hrs) -nan:-nan 7805 (46) sec
[187] Ep10000: Max 6651 (2089) steps (0.0006 hrs) -nan:-nan 7850 (45) sec
[188] Ep10000: Max 6651 (2674) steps (0.0007 hrs) -nan:-nan 7895 (45) sec
[189] Ep10000: Max 6651 (1838) steps (0.0005 hrs) -nan:-nan 7940 (45) sec
[190] Ep10000: Max 6651 (2119) steps (0.0006 hrs) -nan:-nan 7985 (45) sec
[191] Ep10000: Max 6651 (1690) steps (0.0005 hrs) -nan:-nan 8014 (29) sec
[192] Ep10000: Max 6651 (2374) steps (0.0007 hrs) -nan:-nan 8059 (45) sec
[193] Ep10000: Max 6651 (4469) steps (0.0012 hrs) -nan:-nan 8104 (45) sec
[194] Ep10000: Max 6651 (2295) steps (0.0006 hrs) -nan:-nan 8149 (45) sec
[195] Ep10000: Max 6651 (3157) steps (0.0009 hrs) -nan:-nan 8195 (46) sec
[196] Ep10000: Max 6651 (4407) steps (0.0012 hrs) -nan:-nan 8240 (45) sec
[197] Ep10000: Max 6651 (1909) steps (0.0005 hrs) -nan:-nan 8277 (37) sec
[198] Ep10000: Max 6651 (2114) steps (0.0006 hrs) -nan:-nan 8320 (43) sec
[199] Ep10000: Max 6651 (3211) steps (0.0009 hrs) -nan:-nan 8355 (35) sec
[200] Ep10000: Max 6651 (1416) steps (0.0004 hrs) -nan:-nan 8384 (29) sec
[201] Ep10000: Max 6651 (2059) steps (0.0006 hrs) -nan:-nan 8427 (43) sec
[202] Ep10000: Max 6651 (3739) steps (0.0010 hrs) -nan:-nan 8476 (49) sec
[203] Ep10000: Max 6651 (2602) steps (0.0007 hrs) -nan:-nan 8520 (44) sec
[204] Ep10000: Max 6651 (2289) steps (0.0006 hrs) -nan:-nan 8565 (45) sec
[205] Ep10000: Max 6651 (2559) steps (0.0007 hrs) -nan:-nan 8610 (45) sec
[206] Ep10000: Max 6651 (1424) steps (0.0004 hrs) -nan:-nan 8642 (32) sec
[207] Ep10000: Max 6651 (3109) steps (0.0009 hrs) -nan:-nan 8689 (47) sec
[208] Ep10000: Max 6651 (3676) steps (0.0010 hrs) -nan:-nan 8735 (46) sec
[209] Ep10000: Max 6651 (2017) steps (0.0006 hrs) -nan:-nan 8779 (44) sec
[210] Ep10000: Max 6651 (1771) steps (0.0005 hrs) -nan:-nan 8811 (32) sec
[211] Ep10000: Max 6651 (2262) steps (0.0006 hrs) -nan:-nan 8855 (44) sec
[212] Ep10000: Max 6651 (922) steps (0.0003 hrs) -nan:-nan 8889 (34) sec
[213] Ep10000: Max 6651 (2075) steps (0.0006 hrs) -nan:-nan 8932 (43) sec
[214] Ep10000: Max 6651 (2042) steps (0.0006 hrs) -nan:-nan 8975 (43) sec
[215] Ep10000: Max 8381 (8381) steps (0.0023 hrs) -nan:-nan 9015 (40) sec
[216] Ep10000: Max 13146 (13146) steps (0.0037 hrs) -nan:-nan 9064 (49) sec
[217] Ep10000: Max 13146 (2489) steps (0.0007 hrs) -nan:-nan 9109 (45) sec
[218] Ep10000: Max 13146 (2060) steps (0.0006 hrs) -nan:-nan 9154 (45) sec
[219] Ep10000: Max 13146 (2214) steps (0.0006 hrs) -nan:-nan 9193 (39) sec
[220] Ep10000: Max 13146 (3603) steps (0.0010 hrs) -nan:-nan 9240 (47) sec
[221] Ep10000: Max 13146 (2091) steps (0.0006 hrs) -nan:-nan 9284 (44) sec
[222] Ep10000: Max 13146 (3859) steps (0.0011 hrs) -nan:-nan 9331 (47) sec
[223] Ep10000: Max 13146 (2337) steps (0.0006 hrs) -nan:-nan 9375 (44) sec
[224] Ep10000: Max 13146 (1914) steps (0.0005 hrs) -nan:-nan 9417 (42) sec
[225] Ep10000: Max 13146 (2210) steps (0.0006 hrs) -nan:-nan 9461 (44) sec
[226] Ep10000: Max 13146 (935) steps (0.0003 hrs) -nan:-nan 9495 (34) sec
[227] Ep10000: Max 13146 (3335) steps (0.0009 hrs) -nan:-nan 9542 (47) sec
[228] Ep10000: Max 13146 (2420) steps (0.0007 hrs) -nan:-nan 9587 (45) sec
[229] Ep10000: Max 13146 (3354) steps (0.0009 hrs) -nan:-nan 9633 (46) sec
[230] Ep10000: Max 13146 (2328) steps (0.0006 hrs) -nan:-nan 9678 (45) sec
[231] Ep10000: Max 13146 (2380) steps (0.0007 hrs) -nan:-nan 9722 (44) sec
[232] Ep10000: Max 13146 (1881) steps (0.0005 hrs) -nan:-nan 9768 (46) sec
[233] Ep10000: Max 13146 (2192) steps (0.0006 hrs) -nan:-nan 9812 (44) sec
[234] Ep10000: Max 13146 (2953) steps (0.0008 hrs) -nan:-nan 9856 (44) sec
[235] Ep10000: Max 13146 (2595) steps (0.0007 hrs) -nan:-nan 9900 (44) sec
[236] Ep10000: Max 13146 (2440) steps (0.0007 hrs) -nan:-nan 9945 (45) sec
[237] Ep10000: Max 13146 (2065) steps (0.0006 hrs) -nan:-nan 9990 (45) sec
[238] Ep10000: Max 13146 (1991) steps (0.0006 hrs) -nan:-nan 10028 (38) sec
[239] Ep10000: Max 13146 (1051) steps (0.0003 hrs) -nan:-nan 10058 (30) sec
[240] Ep10000: Max 13146 (1534) steps (0.0004 hrs) -nan:-nan 10088 (30) sec
[241] Ep10000: Max 13146 (1440) steps (0.0004 hrs) -nan:-nan 10123 (35) sec
[242] Ep10000: Max 13146 (2107) steps (0.0006 hrs) -nan:-nan 10311 (188) sec
[243] Ep10000: Max 13146 (2063) steps (0.0006 hrs) -nan:-nan 10566 (255) sec
[244] Ep10000: Max 13146 (3505) steps (0.0010 hrs) -nan:-nan 10695 (129) sec
[245] Ep10000: Max 13146 (2494) steps (0.0007 hrs) -nan:-nan 10835 (140) sec
[246] Ep10000: Max 13146 (2302) steps (0.0006 hrs) -nan:-nan 10946 (111) sec
[247] Ep10000: Max 13146 (1111) steps (0.0003 hrs) -nan:-nan 11102 (156) sec
[248] Ep10000: Max 13146 (2436) steps (0.0007 hrs) -nan:-nan 11232 (130) sec
[249] Ep10000: Max 13146 (1634) steps (0.0005 hrs) -nan:-nan 11263 (31) sec
[250] Ep10000: Max 13146 (2514) steps (0.0007 hrs) -nan:-nan 11308 (45) sec
[251] Ep10000: Max 13146 (2848) steps (0.0008 hrs) -nan:-nan 11356 (48) sec
[252] Ep10000: Max 13146 (1730) steps (0.0005 hrs) -nan:-nan 11385 (29) sec
[253] Ep10000: Max 13146 (2007) steps (0.0006 hrs) -nan:-nan 11430 (45) sec
[254] Ep10000: Max 13146 (3249) steps (0.0009 hrs) -nan:-nan 11467 (37) sec
[255] Ep10000: Max 13146 (956) steps (0.0003 hrs) -nan:-nan 11497 (30) sec
[256] Ep10000: Max 13146 (2088) steps (0.0006 hrs) -nan:-nan 11541 (44) sec
[257] Ep10000: Max 13146 (1403) steps (0.0004 hrs) -nan:-nan 11570 (29) sec
[258] Ep10000: Max 13146 (2138) steps (0.0006 hrs) -nan:-nan 11614 (44) sec
[259] Ep10000: Max 13146 (1719) steps (0.0005 hrs) -nan:-nan 11648 (34) sec
[260] Ep10000: Max 13146 (2909) steps (0.0008 hrs) -nan:-nan 11682 (34) sec
[261] Ep10000: Max 13146 (1611) steps (0.0004 hrs) -nan:-nan 11714 (32) sec
[262] Ep10000: Max 13146 (4106) steps (0.0011 hrs) -nan:-nan 11760 (46) sec
[263] Ep10000: Max 13146 (2309) steps (0.0006 hrs) -nan:-nan 11803 (43) sec
[264] Ep10000: Max 13146 (2315) steps (0.0006 hrs) -nan:-nan 11848 (45) sec
[265] Ep10000: Max 13146 (2239) steps (0.0006 hrs) -nan:-nan 11892 (44) sec
[266] Ep10000: Max 13146 (2556) steps (0.0007 hrs) -nan:-nan 11937 (45) sec
[267] Ep10000: Max 13146 (1374) steps (0.0004 hrs) -nan:-nan 11970 (33) sec
[268] Ep10000: Max 13146 (4290) steps (0.0012 hrs) -nan:-nan 12016 (46) sec
[269] Ep10000: Max 13146 (2189) steps (0.0006 hrs) -nan:-nan 12060 (44) sec
[270] Ep10000: Max 13146 (911) steps (0.0003 hrs) -nan:-nan 12094 (34) sec
[271] Ep10000: Max 13146 (1043) steps (0.0003 hrs) -nan:-nan 12123 (29) sec
[272] Ep10000: Max 13146 (1681) steps (0.0005 hrs) -nan:-nan 12155 (32) sec
[273] Ep10000: Max 13146 (2000) steps (0.0006 hrs) -nan:-nan 12187 (32) sec
[274] Ep10000: Max 13146 (2959) steps (0.0008 hrs) -nan:-nan 12235 (48) sec
[275] Ep10000: Max 13146 (2154) steps (0.0006 hrs) -nan:-nan 12294 (59) sec
[276] Ep10000: Max 13146 (3187) steps (0.0009 hrs) -nan:-nan 12339 (45) sec
[277] Ep10000: Max 13146 (5987) steps (0.0017 hrs) -nan:-nan 12389 (50) sec
[278] Ep10000: Max 13146 (2803) steps (0.0008 hrs) -nan:-nan 12444 (55) sec
[279] Ep10000: Max 13146 (2349) steps (0.0007 hrs) -nan:-nan 12506 (62) sec
[280] Ep10000: Max 13146 (2010) steps (0.0006 hrs) -nan:-nan 12569 (63) sec
[281] Ep10000: Max 13146 (880) steps (0.0002 hrs) -nan:-nan 12614 (45) sec
[282] Ep10000: Max 13146 (2180) steps (0.0006 hrs) -nan:-nan 12675 (61) sec
[283] Ep10000: Max 13146 (2174) steps (0.0006 hrs) -nan:-nan 12752 (77) sec
[284] Ep10000: Max 13146 (3764) steps (0.0010 hrs) -nan:-nan 12853 (101) sec
[285] Ep10000: Max 13146 (3002) steps (0.0008 hrs) -nan:-nan 12910 (57) sec
[286] Ep10000: Max 13146 (2104) steps (0.0006 hrs) -nan:-nan 12969 (59) sec
[287] Ep10000: Max 13146 (2002) steps (0.0006 hrs) -nan:-nan 13012 (43) sec
[288] Ep10000: Max 13146 (1361) steps (0.0004 hrs) -nan:-nan 13046 (34) sec
[289] Ep10000: Max 13146 (2164) steps (0.0006 hrs) -nan:-nan 13123 (77) sec
[290] Ep10000: Max 13146 (2081) steps (0.0006 hrs) -nan:-nan 13181 (58) sec
[291] Ep10000: Max 13146 (2360) steps (0.0007 hrs) -nan:-nan 13242 (61) sec
[292] Ep10000: Max 13146 (4588) steps (0.0013 hrs) -nan:-nan 13299 (57) sec
[293] Ep10000: Max 13146 (1231) steps (0.0003 hrs) -nan:-nan 13339 (40) sec
[294] Ep10000: Max 13146 (1843) steps (0.0005 hrs) -nan:-nan 13383 (44) sec
[295] Ep10000: Max 13146 (1807) steps (0.0005 hrs) -nan:-nan 13422 (39) sec
[296] Ep10000: Max 13146 (958) steps (0.0003 hrs) -nan:-nan 13472 (50) sec
[297] Ep10000: Max 13146 (1114) steps (0.0003 hrs) -nan:-nan 13518 (46) sec
[298] Ep10000: Max 13146 (881) steps (0.0002 hrs) -nan:-nan 13565 (47) sec
[299] Ep10000: Max 13146 (2150) steps (0.0006 hrs) -nan:-nan 13620 (55) sec
[300] Ep10000: Max 13146 (1391) steps (0.0004 hrs) -nan:-nan 13665 (45) sec
[301] Ep10000: Max 13146 (5659) steps (0.0016 hrs) -nan:-nan 13714 (49) sec
[302] Ep10000: Max 13146 (2051) steps (0.0006 hrs) -nan:-nan 13768 (54) sec
[303] Ep10000: Max 13146 (2465) steps (0.0007 hrs) -nan:-nan 13824 (56) sec
[304] Ep10000: Max 13146 (2549) steps (0.0007 hrs) -nan:-nan 13877 (53) sec
[305] Ep10000: Max 13146 (2279) steps (0.0006 hrs) -nan:-nan 13930 (53) sec
[306] Ep10000: Max 13146 (3305) steps (0.0009 hrs) -nan:-nan 13992 (62) sec
[307] Ep10000: Max 13146 (5319) steps (0.0015 hrs) -nan:-nan 14050 (58) sec
[308] Ep10000: Max 13146 (3305) steps (0.0009 hrs) -nan:-nan 14099 (49) sec
[309] Ep10000: Max 13146 (1627) steps (0.0005 hrs) -nan:-nan 14165 (66) sec
[310] Ep10000: Max 13146 (1027) steps (0.0003 hrs) -nan:-nan 14221 (56) sec
[311] Ep10000: Max 13146 (1700) steps (0.0005 hrs) -nan:-nan 14287 (66) sec
[312] Ep10000: Max 13146 (1311) steps (0.0004 hrs) -nan:-nan 14332 (45) sec
[313] Ep10000: Max 13146 (6736) steps (0.0019 hrs) -nan:-nan 14419 (87) sec
[314] Ep10000: Max 13146 (2431) steps (0.0007 hrs) -nan:-nan 14500 (81) sec
[315] Ep10000: Max 13146 (2369) steps (0.0007 hrs) -nan:-nan 14575 (75) sec
[316] Ep10000: Max 13146 (6192) steps (0.0017 hrs) -nan:-nan 14636 (61) sec
[317] Ep10000: Max 13146 (4266) steps (0.0012 hrs) -nan:-nan 14734 (98) sec
[318] Ep10000: Max 13146 (2735) steps (0.0008 hrs) -nan:-nan 14809 (75) sec
[319] Ep10000: Max 13146 (2410) steps (0.0007 hrs) -nan:-nan 14860 (51) sec
[320] Ep10000: Max 13146 (2370) steps (0.0007 hrs) -nan:-nan 14958 (98) sec
[321] Ep10000: Max 13146 (2001) steps (0.0006 hrs) -nan:-nan 15041 (83) sec
[322] Ep10000: Max 13146 (4267) steps (0.0012 hrs) -nan:-nan 15106 (65) sec
[323] Ep10000: Max 13146 (1836) steps (0.0005 hrs) -nan:-nan 15163 (57) sec
[324] Ep10000: Max 13146 (2587) steps (0.0007 hrs) -nan:-nan 15221 (58) sec
[325] Ep10000: Max 13146 (1168) steps (0.0003 hrs) -nan:-nan 15265 (44) sec
[326] Ep10000: Max 13146 (2338) steps (0.0006 hrs) -nan:-nan 15327 (62) sec
[327] Ep10000: Max 13146 (2022) steps (0.0006 hrs) -nan:-nan 15392 (65) sec
[328] Ep10000: Max 13146 (2278) steps (0.0006 hrs) -nan:-nan 15457 (65) sec
[329] Ep10000: Max 13146 (2109) steps (0.0006 hrs) -nan:-nan 15519 (62) sec
[330] Ep10000: Max 13146 (1167) steps (0.0003 hrs) -nan:-nan 15561 (42) sec
[331] Ep10000: Max 13146 (2483) steps (0.0007 hrs) -nan:-nan 15629 (68) sec
[332] Ep10000: Max 13146 (2095) steps (0.0006 hrs) -nan:-nan 15709 (80) sec
[333] Ep10000: Max 13146 (916) steps (0.0003 hrs) -nan:-nan 15766 (57) sec
[334] Ep10000: Max 13146 (2052) steps (0.0006 hrs) -nan:-nan 15812 (46) sec
[335] Ep10000: Max 13146 (3839) steps (0.0011 hrs) -nan:-nan 16048 (236) sec
[336] Ep10000: Max 13146 (2378) steps (0.0007 hrs) -nan:-nan 16431 (383) sec
[337] Ep10000: Max 13146 (2382) steps (0.0007 hrs) -nan:-nan 16657 (226) sec
[338] Ep10000: Max 13146 (3459) steps (0.0010 hrs) -nan:-nan 16847 (190) sec
[339] Ep10000: Max 13146 (844) steps (0.0002 hrs) -nan:-nan 16986 (139) sec
[340] Ep10000: Max 13146 (1612) steps (0.0004 hrs) -nan:-nan 17131 (145) sec
[341] Ep10000: Max 13146 (1590) steps (0.0004 hrs) -nan:-nan 17239 (108) sec
[342] Ep10000: Max 13146 (1648) steps (0.0005 hrs) -nan:-nan 17415 (176) sec
[343] Ep10000: Max 13146 (2167) steps (0.0006 hrs) -nan:-nan 17581 (166) sec
[344] Ep10000: Max 13146 (2102) steps (0.0006 hrs) -nan:-nan 17787 (206) sec
[345] Ep10000: Max 13146 (2029) steps (0.0006 hrs) -nan:-nan 17954 (167) sec
[346] Ep10000: Max 13146 (1328) steps (0.0004 hrs) -nan:-nan 18087 (133) sec
[347] Ep10000: Max 13146 (2272) steps (0.0006 hrs) -nan:-nan 18193 (106) sec
[348] Ep10000: Max 13146 (1598) steps (0.0004 hrs) -nan:-nan 18259 (66) sec
[349] Ep10000: Max 13146 (1911) steps (0.0005 hrs) -nan:-nan 18314 (55) sec
[350] Ep10000: Max 13146 (2135) steps (0.0006 hrs) -nan:-nan 18380 (66) sec
[351] Ep10000: Max 13146 (2774) steps (0.0008 hrs) -nan:-nan 18464 (84) sec
[352] Ep10000: Max 13146 (2567) steps (0.0007 hrs) -nan:-nan 18542 (78) sec
[353] Ep10000: Max 13146 (2149) steps (0.0006 hrs) -nan:-nan 18624 (82) sec
[354] Ep10000: Max 13146 (2777) steps (0.0008 hrs) -nan:-nan 18720 (96) sec
[355] Ep10000: Max 13146 (783) steps (0.0002 hrs) -nan:-nan 18782 (62) sec
[356] Ep10000: Max 13146 (2280) steps (0.0006 hrs) -nan:-nan 18848 (66) sec
[357] Ep10000: Max 13146 (2149) steps (0.0006 hrs) -nan:-nan 18923 (75) sec
[358] Ep10000: Max 13146 (2278) steps (0.0006 hrs) -nan:-nan 19119 (196) sec
[359] Ep10000: Max 13146 (1723) steps (0.0005 hrs) -nan:-nan 19311 (192) sec
[360] Ep10000: Max 13146 (2150) steps (0.0006 hrs) -nan:-nan 19457 (146) sec
[361] Ep10000: Max 13146 (2403) steps (0.0007 hrs) -nan:-nan 19609 (152) sec
[362] Ep10000: Max 13146 (1561) steps (0.0004 hrs) -nan:-nan 19728 (119) sec
[363] Ep10000: Max 13146 (1781) steps (0.0005 hrs) -nan:-nan 19849 (121) sec
[364] Ep10000: Max 13146 (2838) steps (0.0008 hrs) -nan:-nan 19988 (139) sec
[365] Ep10000: Max 13146 (765) steps (0.0002 hrs) -nan:-nan 20090 (102) sec
[366] Ep10000: Max 13146 (1857) steps (0.0005 hrs) -nan:-nan 20206 (116) sec
[367] Ep10000: Max 13146 (2264) steps (0.0006 hrs) -nan:-nan 20353 (147) sec
[368] Ep10000: Max 13146 (2448) steps (0.0007 hrs) -nan:-nan 20488 (135) sec
[369] Ep10000: Max 13146 (2114) steps (0.0006 hrs) -nan:-nan 20620 (132) sec
[370] Ep10000: Max 13146 (2128) steps (0.0006 hrs) -nan:-nan 20694 (74) sec
[371] Ep10000: Max 13146 (1351) steps (0.0004 hrs) -nan:-nan 20728 (34) sec
[372] Ep10000: Max 13146 (2714) steps (0.0008 hrs) -nan:-nan 20778 (50) sec
[373] Ep10000: Max 13146 (2058) steps (0.0006 hrs) -nan:-nan 20830 (52) sec
[374] Ep10000: Max 13146 (2084) steps (0.0006 hrs) -nan:-nan 20879 (49) sec
[375] Ep10000: Max 13146 (1952) steps (0.0005 hrs) -nan:-nan 20931 (52) sec
[376] Ep10000: Max 13146 (2118) steps (0.0006 hrs) -nan:-nan 20987 (56) sec
[377] Ep10000: Max 13146 (1963) steps (0.0005 hrs) -nan:-nan 21041 (54) sec
[378] Ep10000: Max 13146 (981) steps (0.0003 hrs) -nan:-nan 21081 (40) sec
[379] Ep10000: Max 13146 (3925) steps (0.0011 hrs) -nan:-nan 21132 (51) sec
[380] Ep10000: Max 13146 (2043) steps (0.0006 hrs) -nan:-nan 21183 (51) sec
[381] Ep10000: Max 13146 (1991) steps (0.0006 hrs) -nan:-nan 21229 (46) sec
[382] Ep10000: Max 13146 (2767) steps (0.0008 hrs) -nan:-nan 21268 (39) sec
[383] Ep10000: Max 13146 (1373) steps (0.0004 hrs) -nan:-nan 21304 (36) sec
[384] Ep10000: Max 13146 (1690) steps (0.0005 hrs) -nan:-nan 21350 (46) sec
[385] Ep10000: Max 13146 (2128) steps (0.0006 hrs) -nan:-nan 21397 (47) sec
[386] Ep10000: Max 13146 (2485) steps (0.0007 hrs) -nan:-nan 21443 (46) sec
[387] Ep10000: Max 13146 (1872) steps (0.0005 hrs) -nan:-nan 21488 (45) sec
[388] Ep10000: Max 13146 (2606) steps (0.0007 hrs) -nan:-nan 21534 (46) sec
[389] Ep10000: Max 13146 (2327) steps (0.0006 hrs) -nan:-nan 21580 (46) sec
[390] Ep10000: Max 13146 (2077) steps (0.0006 hrs) -nan:-nan 21624 (44) sec
[391] Ep10000: Max 13146 (2129) steps (0.0006 hrs) -nan:-nan 21667 (43) sec
[392] Ep10000: Max 13146 (2693) steps (0.0007 hrs) -nan:-nan 21714 (47) sec
[393] Ep10000: Max 13146 (5807) steps (0.0016 hrs) -nan:-nan 21763 (49) sec
[394] Ep10000: Max 13146 (1362) steps (0.0004 hrs) -nan:-nan 21794 (31) sec
[395] Ep10000: Max 13146 (6727) steps (0.0019 hrs) -nan:-nan 21845 (51) sec
[396] Ep10000: Max 13146 (2406) steps (0.0007 hrs) -nan:-nan 21889 (44) sec
[397] Ep10000: Max 13146 (8609) steps (0.0024 hrs) -nan:-nan 21937 (48) sec
[398] Ep10000: Max 13146 (2405) steps (0.0007 hrs) -nan:-nan 21983 (46) sec
[399] Ep10000: Max 13146 (2782) steps (0.0008 hrs) -nan:-nan 22028 (45) sec
[400] Ep10000: Max 13146 (2406) steps (0.0007 hrs) -nan:-nan 22084 (56) sec
[401] Ep10000: Max 13146 (788) steps (0.0002 hrs) -nan:-nan 22119 (35) sec
[402] Ep10000: Max 13146 (715) steps (0.0002 hrs) -nan:-nan 22153 (34) sec
[403] Ep10000: Max 13146 (2665) steps (0.0007 hrs) -nan:-nan 22205 (52) sec
[404] Ep10000: Max 13146 (2833) steps (0.0008 hrs) -nan:-nan 22257 (52) sec
[405] Ep10000: Max 13146 (5719) steps (0.0016 hrs) -nan:-nan 22307 (50) sec
[406] Ep10000: Max 13146 (3335) steps (0.0009 hrs) -nan:-nan 22359 (52) sec
[407] Ep10000: Max 13146 (6080) steps (0.0017 hrs) -nan:-nan 22412 (53) sec
[408] Ep10000: Max 13146 (1689) steps (0.0005 hrs) -nan:-nan 22449 (37) sec
[409] Ep10000: Max 13146 (1633) steps (0.0005 hrs) -nan:-nan 22494 (45) sec
[410] Ep10000: Max 13146 (2640) steps (0.0007 hrs) -nan:-nan 22545 (51) sec
[411] Ep10000: Max 13146 (2232) steps (0.0006 hrs) -nan:-nan 22593 (48) sec
[412] Ep10000: Max 13146 (1049) steps (0.0003 hrs) -nan:-nan 22626 (33) sec
[413] Ep10000: Max 13146 (1586) steps (0.0004 hrs) -nan:-nan 22659 (33) sec
[414] Ep10000: Max 13146 (2244) steps (0.0006 hrs) -nan:-nan 22709 (50) sec
[415] Ep10000: Max 13146 (792) steps (0.0002 hrs) -nan:-nan 22742 (33) sec
[416] Ep10000: Max 13146 (2801) steps (0.0008 hrs) -nan:-nan 22792 (50) sec
[417] Ep10000: Max 13146 (2339) steps (0.0006 hrs) -nan:-nan 22840 (48) sec
[418] Ep10000: Max 13146 (3482) steps (0.0010 hrs) -nan:-nan 22889 (49) sec
[419] Ep10000: Max 13146 (3650) steps (0.0010 hrs) -nan:-nan 22931 (42) sec
[420] Ep10000: Max 13146 (817) steps (0.0002 hrs) -nan:-nan 22964 (33) sec
[421] Ep10000: Max 13146 (2022) steps (0.0006 hrs) -nan:-nan 23014 (50) sec
[422] Ep10000: Max 13146 (2326) steps (0.0006 hrs) -nan:-nan 23063 (49) sec
[423] Ep10000: Max 13146 (1934) steps (0.0005 hrs) -nan:-nan 23113 (50) sec
[424] Ep10000: Max 13146 (2178) steps (0.0006 hrs) -nan:-nan 23149 (36) sec
[425] Ep10000: Max 13146 (2234) steps (0.0006 hrs) -nan:-nan 23199 (50) sec
[426] Ep10000: Max 13146 (2413) steps (0.0007 hrs) -nan:-nan 23248 (49) sec
[427] Ep10000: Max 13146 (3859) steps (0.0011 hrs) -nan:-nan 23298 (50) sec
[428] Ep10000: Max 13146 (3416) steps (0.0009 hrs) -nan:-nan 23350 (52) sec
[429] Ep10000: Max 13146 (2029) steps (0.0006 hrs) -nan:-nan 23402 (52) sec
[430] Ep10000: Max 13146 (2417) steps (0.0007 hrs) -nan:-nan 23454 (52) sec
[431] Ep10000: Max 13146 (2727) steps (0.0008 hrs) -nan:-nan 23502 (48) sec
[432] Ep10000: Max 13146 (871) steps (0.0002 hrs) -nan:-nan 23543 (41) sec
[433] Ep10000: Max 13146 (898) steps (0.0002 hrs) -nan:-nan 23576 (33) sec
[434] Ep10000: Max 13146 (1457) steps (0.0004 hrs) -nan:-nan 23610 (34) sec
[435] Ep10000: Max 13146 (3224) steps (0.0009 hrs) -nan:-nan 23660 (50) sec
[436] Ep10000: Max 13146 (3835) steps (0.0011 hrs) -nan:-nan 23710 (50) sec
[437] Ep10000: Max 13146 (2439) steps (0.0007 hrs) -nan:-nan 23759 (49) sec
[438] Ep10000: Max 13146 (1968) steps (0.0005 hrs) -nan:-nan 23801 (42) sec
[439] Ep10000: Max 13146 (2528) steps (0.0007 hrs) -nan:-nan 23849 (48) sec
[440] Ep10000: Max 13146 (2373) steps (0.0007 hrs) -nan:-nan 23893 (44) sec
[441] Ep10000: Max 13146 (1866) steps (0.0005 hrs) -nan:-nan 23924 (31) sec
[442] Ep10000: Max 13146 (2012) steps (0.0006 hrs) -nan:-nan 23963 (39) sec
[443] Ep10000: Max 13146 (4441) steps (0.0012 hrs) -nan:-nan 24002 (39) sec
[444] Ep10000: Max 13146 (3589) steps (0.0010 hrs) -nan:-nan 24047 (45) sec
[445] Ep10000: Max 13146 (2020) steps (0.0006 hrs) -nan:-nan 24091 (44) sec
[446] Ep10000: Max 13146 (2201) steps (0.0006 hrs) -nan:-nan 24134 (43) sec
[447] Ep10000: Max 13146 (2139) steps (0.0006 hrs) -nan:-nan 24172 (38) sec
[448] Ep10000: Max 13146 (986) steps (0.0003 hrs) -nan:-nan 24206 (34) sec
[449] Ep10000: Max 13146 (1476) steps (0.0004 hrs) -nan:-nan 24244 (38) sec
[450] Ep10000: Max 13146 (3016) steps (0.0008 hrs) -nan:-nan 24289 (45) sec
[451] Ep10000: Max 13146 (2128) steps (0.0006 hrs) -nan:-nan 24335 (46) sec
[452] Ep10000: Max 13146 (2319) steps (0.0006 hrs) -nan:-nan 24379 (44) sec
[453] Ep10000: Max 13146 (6582) steps (0.0018 hrs) -nan:-nan 24431 (52) sec
[454] Ep10000: Max 13146 (2254) steps (0.0006 hrs) -nan:-nan 24475 (44) sec
[455] Ep10000: Max 13146 (5453) steps (0.0015 hrs) -nan:-nan 24526 (51) sec
[456] Ep10000: Max 13146 (2680) steps (0.0007 hrs) -nan:-nan 24571 (45) sec
[457] Ep10000: Max 13146 (1328) steps (0.0004 hrs) -nan:-nan 24606 (35) sec
[458] Ep10000: Max 13146 (2753) steps (0.0008 hrs) -nan:-nan 24651 (45) sec
[459] Ep10000: Max 13146 (2213) steps (0.0006 hrs) -nan:-nan 24695 (44) sec
[460] Ep10000: Max 13146 (1522) steps (0.0004 hrs) -nan:-nan 24727 (32) sec
[461] Ep10000: Max 13146 (888) steps (0.0002 hrs) -nan:-nan 24757 (30) sec
[462] Ep10000: Max 13146 (1590) steps (0.0004 hrs) -nan:-nan 24788 (31) sec
[463] Ep10000: Max 13146 (1714) steps (0.0005 hrs) -nan:-nan 24822 (34) sec
[464] Ep10000: Max 13146 (2404) steps (0.0007 hrs) -nan:-nan 24865 (43) sec
[465] Ep10000: Max 13146 (2081) steps (0.0006 hrs) -nan:-nan 24908 (43) sec
[466] Ep10000: Max 13146 (2226) steps (0.0006 hrs) -nan:-nan 24945 (37) sec
[467] Ep10000: Max 13146 (1253) steps (0.0003 hrs) -nan:-nan 24981 (36) sec
[468] Ep10000: Max 13146 (1844) steps (0.0005 hrs) -nan:-nan 25020 (39) sec
[469] Ep10000: Max 13146 (3040) steps (0.0008 hrs) -nan:-nan 25062 (42) sec
[470] Ep10000: Max 13146 (1949) steps (0.0005 hrs) -nan:-nan 25104 (42) sec
[471] Ep10000: Max 13146 (3757) steps (0.0010 hrs) -nan:-nan 25150 (46) sec
[472] Ep10000: Max 13146 (2861) steps (0.0008 hrs) -nan:-nan 25194 (44) sec
[473] Ep10000: Max 13146 (4217) steps (0.0012 hrs) -nan:-nan 25231 (37) sec
[474] Ep10000: Max 13146 (2248) steps (0.0006 hrs) -nan:-nan 25277 (46) sec
[475] Ep10000: Max 13146 (3313) steps (0.0009 hrs) -nan:-nan 25315 (38) sec
[476] Ep10000: Max 13146 (2764) steps (0.0008 hrs) -nan:-nan 25359 (44) sec
[477] Ep10000: Max 13146 (3291) steps (0.0009 hrs) -nan:-nan 25405 (46) sec
[478] Ep10000: Max 13146 (3690) steps (0.0010 hrs) -nan:-nan 25451 (46) sec
[479] Ep10000: Max 13146 (2250) steps (0.0006 hrs) -nan:-nan 25494 (43) sec
[480] Ep10000: Max 13146 (2363) steps (0.0007 hrs) -nan:-nan 25539 (45) sec
[481] Ep10000: Max 13146 (1895) steps (0.0005 hrs) -nan:-nan 25576 (37) sec
[482] Ep10000: Max 13146 (3763) steps (0.0010 hrs) -nan:-nan 25615 (39) sec
[483] Ep10000: Max 13146 (2219) steps (0.0006 hrs) -nan:-nan 25660 (45) sec
[484] Ep10000: Max 13146 (3427) steps (0.0010 hrs) -nan:-nan 25707 (47) sec
[485] Ep10000: Max 13146 (2419) steps (0.0007 hrs) -nan:-nan 25752 (45) sec
[486] Ep10000: Max 13146 (1529) steps (0.0004 hrs) -nan:-nan 25786 (34) sec
[487] Ep10000: Max 13146 (3114) steps (0.0009 hrs) -nan:-nan 25821 (35) sec
[488] Ep10000: Max 13146 (2004) steps (0.0006 hrs) -nan:-nan 25865 (44) sec
[489] Ep10000: Max 13146 (2117) steps (0.0006 hrs) -nan:-nan 25908 (43) sec
[490] Ep10000: Max 13146 (1435) steps (0.0004 hrs) -nan:-nan 25941 (33) sec
[491] Ep10000: Max 13146 (7059) steps (0.0020 hrs) -nan:-nan 25989 (48) sec
[492] Ep10000: Max 13146 (1783) steps (0.0005 hrs) -nan:-nan 26034 (45) sec
[493] Ep10000: Max 13146 (2213) steps (0.0006 hrs) -nan:-nan 26073 (39) sec
[494] Ep10000: Max 13146 (1875) steps (0.0005 hrs) -nan:-nan 26120 (47) sec
[495] Ep10000: Max 13146 (841) steps (0.0002 hrs) -nan:-nan 26150 (30) sec
[496] Ep10000: Max 13146 (2571) steps (0.0007 hrs) -nan:-nan 26195 (45) sec
[497] Ep10000: Max 13146 (2398) steps (0.0007 hrs) -nan:-nan 26240 (45) sec
[498] Ep10000: Max 13146 (3415) steps (0.0009 hrs) -nan:-nan 26286 (46) sec
[499] Ep10000: Max 13146 (3055) steps (0.0008 hrs) -nan:-nan 26332 (46) sec
[500] Ep10000: Max 13146 (1126) steps (0.0003 hrs) -nan:-nan 26362 (30) sec
[501] Ep10000: Max 13146 (4925) steps (0.0014 hrs) -nan:-nan 26408 (46) sec
[502] Ep10000: Max 13146 (1851) steps (0.0005 hrs) -nan:-nan 26449 (41) sec
[503] Ep10000: Max 13146 (1224) steps (0.0003 hrs) -nan:-nan 26478 (29) sec
[504] Ep10000: Max 13146 (2399) steps (0.0007 hrs) -nan:-nan 26523 (45) sec
[505] Ep10000: Max 13146 (2167) steps (0.0006 hrs) -nan:-nan 26563 (40) sec
[506] Ep10000: Max 13146 (5988) steps (0.0017 hrs) -nan:-nan 26605 (42) sec
[507] Ep10000: Max 13146 (2211) steps (0.0006 hrs) -nan:-nan 26648 (43) sec
[508] Ep10000: Max 13146 (2196) steps (0.0006 hrs) -nan:-nan 26690 (42) sec
[509] Ep10000: Max 13146 (2594) steps (0.0007 hrs) -nan:-nan 26734 (44) sec
[510] Ep10000: Max 13146 (3211) steps (0.0009 hrs) -nan:-nan 26779 (45) sec
[511] Ep10000: Max 13146 (2380) steps (0.0007 hrs) -nan:-nan 26827 (48) sec
[512] Ep10000: Max 13146 (1411) steps (0.0004 hrs) -nan:-nan 26857 (30) sec
[513] Ep10000: Max 13146 (1941) steps (0.0005 hrs) -nan:-nan 26895 (38) sec
[514] Ep10000: Max 13146 (998) steps (0.0003 hrs) -nan:-nan 26933 (38) sec
[515] Ep10000: Max 13146 (3403) steps (0.0009 hrs) -nan:-nan 26977 (44) sec
[516] Ep10000: Max 13146 (2326) steps (0.0006 hrs) -nan:-nan 27022 (45) sec
[517] Ep10000: Max 13146 (1918) steps (0.0005 hrs) -nan:-nan 27067 (45) sec
[518] Ep10000: Max 13146 (2196) steps (0.0006 hrs) -nan:-nan 27112 (45) sec
[519] Ep10000: Max 13146 (919) steps (0.0003 hrs) -nan:-nan 27142 (30) sec
[520] Ep10000: Max 13146 (2339) steps (0.0006 hrs) -nan:-nan 27182 (40) sec
[521] Ep10000: Max 13146 (1823) steps (0.0005 hrs) -nan:-nan 27218 (36) sec
[522] Ep10000: Max 13146 (1421) steps (0.0004 hrs) -nan:-nan 27255 (37) sec
[523] Ep10000: Max 13146 (2054) steps (0.0006 hrs) -nan:-nan 27299 (44) sec
[524] Ep10000: Max 13146 (4462) steps (0.0012 hrs) -nan:-nan 27345 (46) sec
[525] Ep10000: Max 13146 (741) steps (0.0002 hrs) -nan:-nan 27374 (29) sec
[526] Ep10000: Max 13146 (4706) steps (0.0013 hrs) -nan:-nan 27435 (61) sec
[527] Ep10000: Max 13146 (1409) steps (0.0004 hrs) -nan:-nan 27473 (38) sec
[528] Ep10000: Max 13146 (2397) steps (0.0007 hrs) -nan:-nan 27516 (43) sec
[529] Ep10000: Max 13146 (2167) steps (0.0006 hrs) -nan:-nan 27562 (46) sec
[530] Ep10000: Max 13146 (2899) steps (0.0008 hrs) -nan:-nan 27604 (42) sec
[531] Ep10000: Max 13146 (2053) steps (0.0006 hrs) -nan:-nan 27646 (42) sec
[532] Ep10000: Max 13146 (3976) steps (0.0011 hrs) -nan:-nan 27693 (47) sec
[533] Ep10000: Max 13146 (2625) steps (0.0007 hrs) -nan:-nan 27740 (47) sec
[534] Ep10000: Max 13146 (2374) steps (0.0007 hrs) -nan:-nan 27785 (45) sec
[535] Ep10000: Max 13146 (2059) steps (0.0006 hrs) -nan:-nan 27827 (42) sec
[536] Ep10000: Max 13146 (2343) steps (0.0007 hrs) -nan:-nan 27865 (38) sec
[537] Ep10000: Max 13146 (2241) steps (0.0006 hrs) -nan:-nan 27910 (45) sec
[538] Ep10000: Max 13146 (2894) steps (0.0008 hrs) -nan:-nan 27953 (43) sec
[539] Ep10000: Max 13146 (3290) steps (0.0009 hrs) -nan:-nan 28001 (48) sec
[540] Ep10000: Max 13146 (2916) steps (0.0008 hrs) -nan:-nan 28039 (38) sec
[541] Ep10000: Max 13146 (3129) steps (0.0009 hrs) -nan:-nan 28082 (43) sec
[542] Ep10000: Max 13146 (4243) steps (0.0012 hrs) -nan:-nan 28129 (47) sec
[543] Ep10000: Max 13146 (2998) steps (0.0008 hrs) -nan:-nan 28172 (43) sec
[544] Ep10000: Max 13146 (1800) steps (0.0005 hrs) -nan:-nan 28202 (30) sec
[545] Ep10000: Max 13146 (1564) steps (0.0004 hrs) -nan:-nan 28236 (34) sec
[546] Ep10000: Max 13146 (3263) steps (0.0009 hrs) -nan:-nan 28283 (47) sec
[547] Ep10000: Max 13146 (784) steps (0.0002 hrs) -nan:-nan 28313 (30) sec
[548] Ep10000: Max 13146 (2163) steps (0.0006 hrs) -nan:-nan 28357 (44) sec
[549] Ep10000: Max 13146 (1271) steps (0.0004 hrs) -nan:-nan 28388 (31) sec
[550] Ep10000: Max 13146 (2752) steps (0.0008 hrs) -nan:-nan 28435 (47) sec
[551] Ep10000: Max 13146 (2874) steps (0.0008 hrs) -nan:-nan 28481 (46) sec
[552] Ep10000: Max 13146 (2990) steps (0.0008 hrs) -nan:-nan 28524 (43) sec
[553] Ep10000: Max 13146 (3213) steps (0.0009 hrs) -nan:-nan 28571 (47) sec
[554] Ep10000: Max 13146 (4188) steps (0.0012 hrs) -nan:-nan 28618 (47) sec
[555] Ep10000: Max 13146 (2043) steps (0.0006 hrs) -nan:-nan 28662 (44) sec
[556] Ep10000: Max 13146 (2214) steps (0.0006 hrs) -nan:-nan 28707 (45) sec
[557] Ep10000: Max 13146 (1671) steps (0.0005 hrs) -nan:-nan 28746 (39) sec
[558] Ep10000: Max 13146 (1291) steps (0.0004 hrs) -nan:-nan 28782 (36) sec
[559] Ep10000: Max 13146 (1266) steps (0.0004 hrs) -nan:-nan 28814 (32) sec
[560] Ep10000: Max 13146 (2534) steps (0.0007 hrs) -nan:-nan 28860 (46) sec
[561] Ep10000: Max 13146 (1119) steps (0.0003 hrs) -nan:-nan 28897 (37) sec
[562] Ep10000: Max 13146 (2003) steps (0.0006 hrs) -nan:-nan 28942 (45) sec
[563] Ep10000: Max 13146 (2648) steps (0.0007 hrs) -nan:-nan 28985 (43) sec
[564] Ep10000: Max 13146 (1947) steps (0.0005 hrs) -nan:-nan 29031 (46) sec
[565] Ep10000: Max 13146 (2974) steps (0.0008 hrs) -nan:-nan 29076 (45) sec
[566] Ep10000: Max 13146 (1863) steps (0.0005 hrs) -nan:-nan 29114 (38) sec
[567] Ep10000: Max 13146 (6100) steps (0.0017 hrs) -nan:-nan 29161 (47) sec
[568] Ep10000: Max 13146 (1833) steps (0.0005 hrs) -nan:-nan 29199 (38) sec
[569] Ep10000: Max 13146 (5117) steps (0.0014 hrs) -nan:-nan 29246 (47) sec
[570] Ep10000: Max 13146 (2178) steps (0.0006 hrs) -nan:-nan 29291 (45) sec
[571] Ep10000: Max 13146 (4637) steps (0.0013 hrs) -nan:-nan 29347 (56) sec
[572] Ep10000: Max 13146 (4849) steps (0.0013 hrs) -nan:-nan 29406 (59) sec
[573] Ep10000: Max 13146 (3654) steps (0.0010 hrs) -nan:-nan 29454 (48) sec
[574] Ep10000: Max 13146 (2647) steps (0.0007 hrs) -nan:-nan 29497 (43) sec
[575] Ep10000: Max 13146 (2594) steps (0.0007 hrs) -nan:-nan 29538 (41) sec
[576] Ep10000: Max 13146 (1404) steps (0.0004 hrs) -nan:-nan 29570 (32) sec
[577] Ep10000: Max 13146 (2301) steps (0.0006 hrs) -nan:-nan 29616 (46) sec
[578] Ep10000: Max 13146 (1991) steps (0.0006 hrs) -nan:-nan 29661 (45) sec
[579] Ep10000: Max 13146 (1410) steps (0.0004 hrs) -nan:-nan 29695 (34) sec
[580] Ep10000: Max 13146 (3164) steps (0.0009 hrs) -nan:-nan 29733 (38) sec
[581] Ep10000: Max 13146 (2745) steps (0.0008 hrs) -nan:-nan 29779 (46) sec
[582] Ep10000: Max 13146 (2073) steps (0.0006 hrs) -nan:-nan 29820 (41) sec
[583] Ep10000: Max 13146 (2692) steps (0.0007 hrs) -nan:-nan 29865 (45) sec
[584] Ep10000: Max 13146 (700) steps (0.0002 hrs) -nan:-nan 29896 (31) sec
[585] Ep10000: Max 13146 (2447) steps (0.0007 hrs) -nan:-nan 29939 (43) sec
[586] Ep10000: Max 13146 (2283) steps (0.0006 hrs) -nan:-nan 29982 (43) sec
[587] Ep10000: Max 13146 (2138) steps (0.0006 hrs) -nan:-nan 30028 (46) sec
[588] Ep10000: Max 13146 (8947) steps (0.0025 hrs) -nan:-nan 30124 (96) sec
[589] Ep10000: Max 13146 (1321) steps (0.0004 hrs) -nan:-nan 30162 (38) sec
[590] Ep10000: Max 13146 (8145) steps (0.0023 hrs) -nan:-nan 30201 (39) sec
[591] Ep10000: Max 13146 (2113) steps (0.0006 hrs) -nan:-nan 30246 (45) sec
[592] Ep10000: Max 13146 (2453) steps (0.0007 hrs) -nan:-nan 30290 (44) sec
[593] Ep10000: Max 13146 (1459) steps (0.0004 hrs) -nan:-nan 30324 (34) sec
[594] Ep10000: Max 13146 (2033) steps (0.0006 hrs) -nan:-nan 30368 (44) sec
[595] Ep10000: Max 13146 (5840) steps (0.0016 hrs) -nan:-nan 30416 (48) sec
[596] Ep10000: Max 13146 (3194) steps (0.0009 hrs) -nan:-nan 30460 (44) sec
[597] Ep10000: Max 13146 (1897) steps (0.0005 hrs) -nan:-nan 30504 (44) sec
[598] Ep10000: Max 13146 (2651) steps (0.0007 hrs) -nan:-nan 30549 (45) sec
[599] Ep10000: Max 13146 (2275) steps (0.0006 hrs) -nan:-nan 30588 (39) sec
[600] Ep10000: Max 13146 (1730) steps (0.0005 hrs) -nan:-nan 30623 (35) sec
[601] Ep10000: Max 13146 (2122) steps (0.0006 hrs) -nan:-nan 30658 (35) sec
[602] Ep10000: Max 13146 (2512) steps (0.0007 hrs) -nan:-nan 30703 (45) sec
[603] Ep10000: Max 13146 (2596) steps (0.0007 hrs) -nan:-nan 30748 (45) sec
[604] Ep10000: Max 13146 (1972) steps (0.0005 hrs) -nan:-nan 30793 (45) sec
[605] Ep10000: Max 13146 (2161) steps (0.0006 hrs) -nan:-nan 30835 (42) sec
[606] Ep10000: Max 13146 (2432) steps (0.0007 hrs) -nan:-nan 30879 (44) sec
[607] Ep10000: Max 13146 (2919) steps (0.0008 hrs) -nan:-nan 30923 (44) sec
[608] Ep10000: Max 13146 (2389) steps (0.0007 hrs) -nan:-nan 30968 (45) sec
[609] Ep10000: Max 13146 (2095) steps (0.0006 hrs) -nan:-nan 31005 (37) sec
[610] Ep10000: Max 13146 (3560) steps (0.0010 hrs) -nan:-nan 31051 (46) sec
[611] Ep10000: Max 13146 (2530) steps (0.0007 hrs) -nan:-nan 31094 (43) sec
[612] Ep10000: Max 13146 (2879) steps (0.0008 hrs) -nan:-nan 31138 (44) sec
[613] Ep10000: Max 13146 (2503) steps (0.0007 hrs) -nan:-nan 31182 (44) sec
[614] Ep10000: Max 13146 (10268) steps (0.0029 hrs) -nan:-nan 31229 (47) sec
[615] Ep10000: Max 13146 (3565) steps (0.0010 hrs) -nan:-nan 31276 (47) sec
[616] Ep10000: Max 13146 (1837) steps (0.0005 hrs) -nan:-nan 31320 (44) sec
[617] Ep10000: Max 13146 (1506) steps (0.0004 hrs) -nan:-nan 31356 (36) sec
[618] Ep10000: Max 13146 (1660) steps (0.0005 hrs) -nan:-nan 31385 (29) sec
[619] Ep10000: Max 13146 (2074) steps (0.0006 hrs) -nan:-nan 31415 (30) sec
[620] Ep10000: Max 13146 (3245) steps (0.0009 hrs) -nan:-nan 31462 (47) sec
[621] Ep10000: Max 13146 (1867) steps (0.0005 hrs) -nan:-nan 31503 (41) sec
[622] Ep10000: Max 13146 (2344) steps (0.0007 hrs) -nan:-nan 31548 (45) sec
[623] Ep10000: Max 13146 (3144) steps (0.0009 hrs) -nan:-nan 31584 (36) sec
[624] Ep10000: Max 13146 (3295) steps (0.0009 hrs) -nan:-nan 31629 (45) sec
[625] Ep10000: Max 13146 (2450) steps (0.0007 hrs) -nan:-nan 31676 (47) sec
[626] Ep10000: Max 13146 (4205) steps (0.0012 hrs) -nan:-nan 31721 (45) sec
[627] Ep10000: Max 13146 (2302) steps (0.0006 hrs) -nan:-nan 31767 (46) sec
[628] Ep10000: Max 13146 (2759) steps (0.0008 hrs) -nan:-nan 31809 (42) sec
[629] Ep10000: Max 13146 (683) steps (0.0002 hrs) -nan:-nan 31843 (34) sec
[630] Ep10000: Max 13146 (2061) steps (0.0006 hrs) -nan:-nan 31879 (36) sec
[631] Ep10000: Max 13146 (9543) steps (0.0027 hrs) -nan:-nan 31923 (44) sec
[632] Ep10000: Max 13146 (2070) steps (0.0006 hrs) -nan:-nan 31968 (45) sec
[633] Ep10000: Max 13146 (4102) steps (0.0011 hrs) -nan:-nan 32013 (45) sec
[634] Ep10000: Max 13146 (2921) steps (0.0008 hrs) -nan:-nan 32058 (45) sec
[635] Ep10000: Max 13146 (2493) steps (0.0007 hrs) -nan:-nan 32101 (43) sec
[636] Ep10000: Max 13146 (813) steps (0.0002 hrs) -nan:-nan 32131 (30) sec
[637] Ep10000: Max 20569 (20569) steps (0.0057 hrs) -nan:-nan 32220 (89) sec
[638] Ep10000: Max 20569 (3171) steps (0.0009 hrs) -nan:-nan 32267 (47) sec
[639] Ep10000: Max 20569 (2497) steps (0.0007 hrs) -nan:-nan 32311 (44) sec
[640] Ep10000: Max 20569 (2642) steps (0.0007 hrs) -nan:-nan 32348 (37) sec
[641] Ep10000: Max 20569 (4075) steps (0.0011 hrs) -nan:-nan 32396 (48) sec
[642] Ep10000: Max 20569 (2345) steps (0.0007 hrs) -nan:-nan 32441 (45) sec
[643] Ep10000: Max 20569 (2307) steps (0.0006 hrs) -nan:-nan 32486 (45) sec
[644] Ep10000: Max 20569 (2060) steps (0.0006 hrs) -nan:-nan 32530 (44) sec
[645] Ep10000: Max 20569 (3817) steps (0.0011 hrs) -nan:-nan 32576 (46) sec
[646] Ep10000: Max 20569 (1039) steps (0.0003 hrs) -nan:-nan 32611 (35) sec
[647] Ep10000: Max 20569 (2008) steps (0.0006 hrs) -nan:-nan 32654 (43) sec
[648] Ep10000: Max 20569 (4243) steps (0.0012 hrs) -nan:-nan 32700 (46) sec
[649] Ep10000: Max 20569 (1886) steps (0.0005 hrs) -nan:-nan 32745 (45) sec
[650] Ep10000: Max 20569 (2086) steps (0.0006 hrs) -nan:-nan 32790 (45) sec
[651] Ep10000: Max 20569 (3141) steps (0.0009 hrs) -nan:-nan 32830 (40) sec
[652] Ep10000: Max 20569 (833) steps (0.0002 hrs) -nan:-nan 32859 (29) sec
[653] Ep10000: Max 20569 (2810) steps (0.0008 hrs) -nan:-nan 32904 (45) sec
[654] Ep10000: Max 20569 (2770) steps (0.0008 hrs) -nan:-nan 32941 (37) sec
[655] Ep10000: Max 20569 (3303) steps (0.0009 hrs) -nan:-nan 32988 (47) sec
[656] Ep10000: Max 20569 (2077) steps (0.0006 hrs) -nan:-nan 33033 (45) sec
[657] Ep10000: Max 20569 (2329) steps (0.0006 hrs) -nan:-nan 33076 (43) sec
[658] Ep10000: Max 20569 (2204) steps (0.0006 hrs) -nan:-nan 33119 (43) sec
[659] Ep10000: Max 20569 (2210) steps (0.0006 hrs) -nan:-nan 33163 (44) sec
[660] Ep10000: Max 20569 (4297) steps (0.0012 hrs) -nan:-nan 33208 (45) sec
[661] Ep10000: Max 20569 (3196) steps (0.0009 hrs) -nan:-nan 33254 (46) sec
[662] Ep10000: Max 20569 (3786) steps (0.0011 hrs) -nan:-nan 33293 (39) sec
[663] Ep10000: Max 20569 (2117) steps (0.0006 hrs) -nan:-nan 33329 (36) sec
[664] Ep10000: Max 20569 (4663) steps (0.0013 hrs) -nan:-nan 33376 (47) sec
[665] Ep10000: Max 20569 (2478) steps (0.0007 hrs) -nan:-nan 33420 (44) sec
[666] Ep10000: Max 20569 (2271) steps (0.0006 hrs) -nan:-nan 33465 (45) sec
[667] Ep10000: Max 20569 (1606) steps (0.0004 hrs) -nan:-nan 33500 (35) sec
[668] Ep10000: Max 20569 (2762) steps (0.0008 hrs) -nan:-nan 33546 (46) sec
[669] Ep10000: Max 20569 (2247) steps (0.0006 hrs) -nan:-nan 33591 (45) sec
[670] Ep10000: Max 20569 (2793) steps (0.0008 hrs) -nan:-nan 33630 (39) sec
[671] Ep10000: Max 20569 (4400) steps (0.0012 hrs) -nan:-nan 33673 (43) sec
[672] Ep10000: Max 20569 (2166) steps (0.0006 hrs) -nan:-nan 33718 (45) sec
[673] Ep10000: Max 20569 (1628) steps (0.0005 hrs) -nan:-nan 33749 (31) sec
[674] Ep10000: Max 20569 (1596) steps (0.0004 hrs) -nan:-nan 33789 (40) sec
[675] Ep10000: Max 20569 (4226) steps (0.0012 hrs) -nan:-nan 33834 (45) sec
[676] Ep10000: Max 20569 (1831) steps (0.0005 hrs) -nan:-nan 33878 (44) sec
[677] Ep10000: Max 20569 (2928) steps (0.0008 hrs) -nan:-nan 33922 (44) sec
[678] Ep10000: Max 20569 (1568) steps (0.0004 hrs) -nan:-nan 33955 (33) sec
[679] Ep10000: Max 20569 (2136) steps (0.0006 hrs) -nan:-nan 34000 (45) sec
[680] Ep10000: Max 20569 (1450) steps (0.0004 hrs) -nan:-nan 34032 (32) sec
[681] Ep10000: Max 20569 (1921) steps (0.0005 hrs) -nan:-nan 34077 (45) sec
[682] Ep10000: Max 20569 (1727) steps (0.0005 hrs) -nan:-nan 34106 (29) sec
[683] Ep10000: Max 20569 (2131) steps (0.0006 hrs) -nan:-nan 34150 (44) sec
[684] Ep10000: Max 20569 (1372) steps (0.0004 hrs) -nan:-nan 34184 (34) sec
[685] Ep10000: Max 20569 (2205) steps (0.0006 hrs) -nan:-nan 34229 (45) sec
[686] Ep10000: Max 20569 (1868) steps (0.0005 hrs) -nan:-nan 34265 (36) sec
[687] Ep10000: Max 20569 (775) steps (0.0002 hrs) -nan:-nan 34295 (30) sec
[688] Ep10000: Max 20569 (2114) steps (0.0006 hrs) -nan:-nan 34334 (39) sec
[689] Ep10000: Max 20569 (1988) steps (0.0006 hrs) -nan:-nan 34372 (38) sec
[690] Ep10000: Max 20569 (3251) steps (0.0009 hrs) -nan:-nan 34417 (45) sec
[691] Ep10000: Max 20569 (3333) steps (0.0009 hrs) -nan:-nan 34463 (46) sec
[692] Ep10000: Max 20569 (3574) steps (0.0010 hrs) -nan:-nan 34508 (45) sec
[693] Ep10000: Max 20569 (2575) steps (0.0007 hrs) -nan:-nan 34552 (44) sec
[694] Ep10000: Max 20569 (4634) steps (0.0013 hrs) -nan:-nan 34598 (46) sec
[695] Ep10000: Max 20569 (3660) steps (0.0010 hrs) -nan:-nan 34645 (47) sec
[696] Ep10000: Max 20569 (3533) steps (0.0010 hrs) -nan:-nan 34692 (47) sec
[697] Ep10000: Max 20569 (2341) steps (0.0007 hrs) -nan:-nan 34737 (45) sec
[698] Ep10000: Max 20569 (1363) steps (0.0004 hrs) -nan:-nan 34771 (34) sec
[699] Ep10000: Max 20569 (2341) steps (0.0007 hrs) -nan:-nan 34815 (44) sec
[700] Ep10000: Max 20569 (2108) steps (0.0006 hrs) -nan:-nan 34860 (45) sec
[701] Ep10000: Max 20569 (3509) steps (0.0010 hrs) -nan:-nan 34906 (46) sec
[702] Ep10000: Max 20569 (2336) steps (0.0006 hrs) -nan:-nan 34951 (45) sec
[703] Ep10000: Max 20569 (2628) steps (0.0007 hrs) -nan:-nan 34996 (45) sec
[704] Ep10000: Max 20569 (1997) steps (0.0006 hrs) -nan:-nan 35040 (44) sec
[705] Ep10000: Max 20569 (2164) steps (0.0006 hrs) -nan:-nan 35085 (45) sec
[706] Ep10000: Max 20569 (1501) steps (0.0004 hrs) -nan:-nan 35114 (29) sec
[707] Ep10000: Max 20569 (2247) steps (0.0006 hrs) -nan:-nan 35159 (45) sec
[708] Ep10000: Max 20569 (2370) steps (0.0007 hrs) -nan:-nan 35204 (45) sec
[709] Ep10000: Max 20569 (4569) steps (0.0013 hrs) -nan:-nan 35251 (47) sec
[710] Ep10000: Max 20569 (2754) steps (0.0008 hrs) -nan:-nan 35295 (44) sec
[711] Ep10000: Max 20569 (2568) steps (0.0007 hrs) -nan:-nan 35340 (45) sec
[712] Ep10000: Max 20569 (2224) steps (0.0006 hrs) -nan:-nan 35374 (34) sec
[713] Ep10000: Max 20569 (1215) steps (0.0003 hrs) -nan:-nan 35408 (34) sec
[714] Ep10000: Max 20569 (2155) steps (0.0006 hrs) -nan:-nan 35453 (45) sec
[715] Ep10000: Max 20569 (12545) steps (0.0035 hrs) -nan:-nan 35494 (41) sec
[716] Ep10000: Max 20569 (2690) steps (0.0007 hrs) -nan:-nan 35539 (45) sec
[717] Ep10000: Max 20569 (2271) steps (0.0006 hrs) -nan:-nan 35578 (39) sec
[718] Ep10000: Max 20569 (1917) steps (0.0005 hrs) -nan:-nan 35622 (44) sec
[719] Ep10000: Max 20569 (2305) steps (0.0006 hrs) -nan:-nan 35665 (43) sec
[720] Ep10000: Max 20569 (2583) steps (0.0007 hrs) -nan:-nan 35710 (45) sec
[721] Ep10000: Max 20569 (1848) steps (0.0005 hrs) -nan:-nan 35745 (35) sec
[722] Ep10000: Max 20569 (2803) steps (0.0008 hrs) -nan:-nan 35789 (44) sec
[723] Ep10000: Max 20569 (1411) steps (0.0004 hrs) -nan:-nan 35828 (39) sec
[724] Ep10000: Max 20569 (1224) steps (0.0003 hrs) -nan:-nan 35863 (35) sec
[725] Ep10000: Max 20569 (2742) steps (0.0008 hrs) -nan:-nan 35909 (46) sec
[726] Ep10000: Max 20569 (2551) steps (0.0007 hrs) -nan:-nan 35954 (45) sec
[727] Ep10000: Max 20569 (3381) steps (0.0009 hrs) -nan:-nan 36000 (46) sec
[728] Ep10000: Max 20569 (1988) steps (0.0006 hrs) -nan:-nan 36035 (35) sec
[729] Ep10000: Max 20569 (8335) steps (0.0023 hrs) -nan:-nan 36082 (47) sec
[730] Ep10000: Max 20569 (1763) steps (0.0005 hrs) -nan:-nan 36114 (32) sec
[731] Ep10000: Max 20569 (2392) steps (0.0007 hrs) -nan:-nan 36158 (44) sec
[732] Ep10000: Max 20569 (2409) steps (0.0007 hrs) -nan:-nan 36202 (44) sec
[733] Ep10000: Max 20569 (1915) steps (0.0005 hrs) -nan:-nan 36247 (45) sec
[734] Ep10000: Max 20569 (2229) steps (0.0006 hrs) -nan:-nan 36291 (44) sec
[735] Ep10000: Max 20569 (2715) steps (0.0008 hrs) -nan:-nan 36337 (46) sec
[736] Ep10000: Max 20569 (3357) steps (0.0009 hrs) -nan:-nan 36383 (46) sec
[737] Ep10000: Max 20569 (2276) steps (0.0006 hrs) -nan:-nan 36428 (45) sec
[738] Ep10000: Max 20569 (1280) steps (0.0004 hrs) -nan:-nan 36459 (31) sec
[739] Ep10000: Max 20569 (2511) steps (0.0007 hrs) -nan:-nan 36503 (44) sec
[740] Ep10000: Max 20569 (3464) steps (0.0010 hrs) -nan:-nan 36550 (47) sec
[741] Ep10000: Max 20569 (10680) steps (0.0030 hrs) -nan:-nan 36592 (42) sec
[742] Ep10000: Max 20569 (2141) steps (0.0006 hrs) -nan:-nan 36635 (43) sec
[743] Ep10000: Max 20569 (2310) steps (0.0006 hrs) -nan:-nan 36673 (38) sec
[744] Ep10000: Max 20569 (2870) steps (0.0008 hrs) -nan:-nan 36721 (48) sec
[745] Ep10000: Max 20569 (2263) steps (0.0006 hrs) -nan:-nan 36764 (43) sec
[746] Ep10000: Max 20569 (2319) steps (0.0006 hrs) -nan:-nan 36810 (46) sec
[747] Ep10000: Max 20569 (3084) steps (0.0009 hrs) -nan:-nan 36857 (47) sec
[748] Ep10000: Max 20569 (1327) steps (0.0004 hrs) -nan:-nan 36887 (30) sec
[749] Ep10000: Max 20569 (1182) steps (0.0003 hrs) -nan:-nan 36918 (31) sec
[750] Ep10000: Max 20569 (1177) steps (0.0003 hrs) -nan:-nan 36952 (34) sec
[751] Ep10000: Max 20569 (5552) steps (0.0015 hrs) -nan:-nan 37000 (48) sec
[752] Ep10000: Max 20569 (2116) steps (0.0006 hrs) -nan:-nan 37043 (43) sec
[753] Ep10000: Max 20569 (2450) steps (0.0007 hrs) -nan:-nan 37088 (45) sec
[754] Ep10000: Max 20569 (3839) steps (0.0011 hrs) -nan:-nan 37135 (47) sec
[755] Ep10000: Max 20569 (2214) steps (0.0006 hrs) -nan:-nan 37178 (43) sec
[756] Ep10000: Max 20569 (1944) steps (0.0005 hrs) -nan:-nan 37224 (46) sec
[757] Ep10000: Max 20569 (2183) steps (0.0006 hrs) -nan:-nan 37269 (45) sec
[758] Ep10000: Max 20569 (2242) steps (0.0006 hrs) -nan:-nan 37310 (41) sec
[759] Ep10000: Max 20569 (1767) steps (0.0005 hrs) -nan:-nan 37345 (35) sec
[760] Ep10000: Max 20569 (1290) steps (0.0004 hrs) -nan:-nan 37375 (30) sec
[761] Ep10000: Max 20569 (966) steps (0.0003 hrs) -nan:-nan 37404 (29) sec
[762] Ep10000: Max 20569 (2259) steps (0.0006 hrs) -nan:-nan 37449 (45) sec
[763] Ep10000: Max 20569 (2719) steps (0.0008 hrs) -nan:-nan 37495 (46) sec
[764] Ep10000: Max 20569 (2229) steps (0.0006 hrs) -nan:-nan 37537 (42) sec
[765] Ep10000: Max 20569 (2444) steps (0.0007 hrs) -nan:-nan 37580 (43) sec
[766] Ep10000: Max 20569 (5151) steps (0.0014 hrs) -nan:-nan 37628 (48) sec
[767] Ep10000: Max 20569 (2180) steps (0.0006 hrs) -nan:-nan 37673 (45) sec
[768] Ep10000: Max 20569 (3362) steps (0.0009 hrs) -nan:-nan 37720 (47) sec
[769] Ep10000: Max 20569 (4600) steps (0.0013 hrs) -nan:-nan 37759 (39) sec
[770] Ep10000: Max 20569 (1484) steps (0.0004 hrs) -nan:-nan 37793 (34) sec
[771] Ep10000: Max 20569 (2113) steps (0.0006 hrs) -nan:-nan 37838 (45) sec
[772] Ep10000: Max 20569 (2378) steps (0.0007 hrs) -nan:-nan 37883 (45) sec
[773] Ep10000: Max 20569 (2131) steps (0.0006 hrs) -nan:-nan 37928 (45) sec
[774] Ep10000: Max 20569 (2179) steps (0.0006 hrs) -nan:-nan 37971 (43) sec
[775] Ep10000: Max 20569 (899) steps (0.0002 hrs) -nan:-nan 38000 (29) sec
[776] Ep10000: Max 20569 (2220) steps (0.0006 hrs) -nan:-nan 38045 (45) sec
[777] Ep10000: Max 20569 (1642) steps (0.0005 hrs) -nan:-nan 38077 (32) sec
[778] Ep10000: Max 20569 (1132) steps (0.0003 hrs) -nan:-nan 38107 (30) sec
[779] Ep10000: Max 20569 (1279) steps (0.0004 hrs) -nan:-nan 38144 (37) sec
[780] Ep10000: Max 20569 (1094) steps (0.0003 hrs) -nan:-nan 38179 (35) sec
[781] Ep10000: Max 20569 (2507) steps (0.0007 hrs) -nan:-nan 38219 (40) sec
[782] Ep10000: Max 20569 (1565) steps (0.0004 hrs) -nan:-nan 38257 (38) sec
[783] Ep10000: Max 20569 (3075) steps (0.0009 hrs) -nan:-nan 38302 (45) sec
[784] Ep10000: Max 20569 (2117) steps (0.0006 hrs) -nan:-nan 38347 (45) sec
[785] Ep10000: Max 20569 (1452) steps (0.0004 hrs) -nan:-nan 38382 (35) sec
[786] Ep10000: Max 20569 (594) steps (0.0002 hrs) -nan:-nan 38411 (29) sec
[787] Ep10000: Max 20569 (2289) steps (0.0006 hrs) -nan:-nan 38454 (43) sec
[788] Ep10000: Max 20569 (3056) steps (0.0008 hrs) -nan:-nan 38492 (38) sec
[789] Ep10000: Max 20569 (2533) steps (0.0007 hrs) -nan:-nan 38535 (43) sec
[790] Ep10000: Max 20569 (3417) steps (0.0009 hrs) -nan:-nan 38583 (48) sec
[791] Ep10000: Max 20569 (2998) steps (0.0008 hrs) -nan:-nan 38628 (45) sec
[792] Ep10000: Max 20569 (2455) steps (0.0007 hrs) -nan:-nan 38668 (40) sec
[793] Ep10000: Max 20569 (529) steps (0.0001 hrs) -nan:-nan 38702 (34) sec
[794] Ep10000: Max 20569 (4070) steps (0.0011 hrs) -nan:-nan 38747 (45) sec
[795] Ep10000: Max 20569 (1675) steps (0.0005 hrs) -nan:-nan 38780 (33) sec
[796] Ep10000: Max 20569 (1780) steps (0.0005 hrs) -nan:-nan 38823 (43) sec
[797] Ep10000: Max 20569 (6350) steps (0.0018 hrs) -nan:-nan 38870 (47) sec
[798] Ep10000: Max 20569 (1901) steps (0.0005 hrs) -nan:-nan 38922 (52) sec
[799] Ep10000: Max 20569 (2540) steps (0.0007 hrs) -nan:-nan 38971 (49) sec
[800] Ep10000: Max 20569 (3797) steps (0.0011 hrs) -nan:-nan 39018 (47) sec
[801] Ep10000: Max 20569 (2087) steps (0.0006 hrs) -nan:-nan 39069 (51) sec
[802] Ep10000: Max 20569 (2107) steps (0.0006 hrs) -nan:-nan 39119 (50) sec
[803] Ep10000: Max 20569 (2117) steps (0.0006 hrs) -nan:-nan 39167 (48) sec
[804] Ep10000: Max 20569 (2313) steps (0.0006 hrs) -nan:-nan 39221 (54) sec
[805] Ep10000: Max 20569 (3387) steps (0.0009 hrs) -nan:-nan 39279 (58) sec
[806] Ep10000: Max 20569 (7751) steps (0.0022 hrs) -nan:-nan 39340 (61) sec
[807] Ep10000: Max 20569 (1430) steps (0.0004 hrs) -nan:-nan 39380 (40) sec
[808] Ep10000: Max 20569 (3807) steps (0.0011 hrs) -nan:-nan 39439 (59) sec
[809] Ep10000: Max 20569 (1103) steps (0.0003 hrs) -nan:-nan 39486 (47) sec
[810] Ep10000: Max 20569 (2040) steps (0.0006 hrs) -nan:-nan 39537 (51) sec
[811] Ep10000: Max 20569 (1854) steps (0.0005 hrs) -nan:-nan 39576 (39) sec
[812] Ep10000: Max 20569 (4733) steps (0.0013 hrs) -nan:-nan 39631 (55) sec
[813] Ep10000: Max 20569 (2400) steps (0.0007 hrs) -nan:-nan 39680 (49) sec
[814] Ep10000: Max 20569 (2327) steps (0.0006 hrs) -nan:-nan 39728 (48) sec
[815] Ep10000: Max 20569 (3597) steps (0.0010 hrs) -nan:-nan 39777 (49) sec
[816] Ep10000: Max 20569 (1587) steps (0.0004 hrs) -nan:-nan 39828 (51) sec
[817] Ep10000: Max 20569 (1930) steps (0.0005 hrs) -nan:-nan 39891 (63) sec
[818] Ep10000: Max 20569 (2514) steps (0.0007 hrs) -nan:-nan 39950 (59) sec
[819] Ep10000: Max 20569 (2295) steps (0.0006 hrs) -nan:-nan 40013 (63) sec
[820] Ep10000: Max 20569 (2691) steps (0.0007 hrs) -nan:-nan 40080 (67) sec
[821] Ep10000: Max 20569 (3368) steps (0.0009 hrs) -nan:-nan 40141 (61) sec
[822] Ep10000: Max 20569 (2147) steps (0.0006 hrs) -nan:-nan 40206 (65) sec
[823] Ep10000: Max 20569 (1964) steps (0.0005 hrs) -nan:-nan 40270 (64) sec
[824] Ep10000: Max 20569 (2262) steps (0.0006 hrs) -nan:-nan 40345 (75) sec
[825] Ep10000: Max 20569 (3118) steps (0.0009 hrs) -nan:-nan 40416 (71) sec
[826] Ep10000: Max 20569 (1381) steps (0.0004 hrs) -nan:-nan 40485 (69) sec
[827] Ep10000: Max 20569 (2393) steps (0.0007 hrs) -nan:-nan 40570 (85) sec
[828] Ep10000: Max 20569 (3514) steps (0.0010 hrs) -nan:-nan 40646 (76) sec
[829] Ep10000: Max 20569 (2096) steps (0.0006 hrs) -nan:-nan 40710 (64) sec
[830] Ep10000: Max 20569 (1718) steps (0.0005 hrs) -nan:-nan 40761 (51) sec
[831] Ep10000: Max 20569 (2268) steps (0.0006 hrs) -nan:-nan 40821 (60) sec
[832] Ep10000: Max 20569 (1381) steps (0.0004 hrs) -nan:-nan 40860 (39) sec
[833] Ep10000: Max 20569 (2156) steps (0.0006 hrs) -nan:-nan 40917 (57) sec
[834] Ep10000: Max 20569 (2417) steps (0.0007 hrs) -nan:-nan 40977 (60) sec
[835] Ep10000: Max 20569 (2135) steps (0.0006 hrs) -nan:-nan 41033 (56) sec
[836] Ep10000: Max 20569 (1637) steps (0.0005 hrs) -nan:-nan 41081 (48) sec
[837] Ep10000: Max 20569 (1836) steps (0.0005 hrs) -nan:-nan 41134 (53) sec
[838] Ep10000: Max 20569 (2094) steps (0.0006 hrs) -nan:-nan 41191 (57) sec
[839] Ep10000: Max 20569 (2127) steps (0.0006 hrs) -nan:-nan 41240 (49) sec
[840] Ep10000: Max 20569 (2589) steps (0.0007 hrs) -nan:-nan 41282 (42) sec
[841] Ep10000: Max 20569 (3397) steps (0.0009 hrs) -nan:-nan 41334 (52) sec
[842] Ep10000: Max 20569 (3462) steps (0.0010 hrs) -nan:-nan 41381 (47) sec
[843] Ep10000: Max 20569 (2285) steps (0.0006 hrs) -nan:-nan 41433 (52) sec
[844] Ep10000: Max 20569 (2039) steps (0.0006 hrs) -nan:-nan 41476 (43) sec
[845] Ep10000: Max 20569 (1855) steps (0.0005 hrs) -nan:-nan 41517 (41) sec
[846] Ep10000: Max 20569 (2241) steps (0.0006 hrs) -nan:-nan 41570 (53) sec
[847] Ep10000: Max 20569 (1481) steps (0.0004 hrs) -nan:-nan 41610 (40) sec
[848] Ep10000: Max 20569 (2554) steps (0.0007 hrs) -nan:-nan 41661 (51) sec
[849] Ep10000: Max 20569 (2179) steps (0.0006 hrs) -nan:-nan 41712 (51) sec
[850] Ep10000: Max 20569 (5329) steps (0.0015 hrs) -nan:-nan 41766 (54) sec
[851] Ep10000: Max 20569 (3457) steps (0.0010 hrs) -nan:-nan 41822 (56) sec
[852] Ep10000: Max 20569 (2506) steps (0.0007 hrs) -nan:-nan 41879 (57) sec
[853] Ep10000: Max 20569 (2369) steps (0.0007 hrs) -nan:-nan 41934 (55) sec
[854] Ep10000: Max 20569 (2676) steps (0.0007 hrs) -nan:-nan 41990 (56) sec
[855] Ep10000: Max 20569 (2268) steps (0.0006 hrs) -nan:-nan 42041 (51) sec
[856] Ep10000: Max 20569 (7147) steps (0.0020 hrs) -nan:-nan 42097 (56) sec
[857] Ep10000: Max 20569 (1902) steps (0.0005 hrs) -nan:-nan 42149 (52) sec
[858] Ep10000: Max 20569 (1986) steps (0.0006 hrs) -nan:-nan 42198 (49) sec
[859] Ep10000: Max 20569 (2306) steps (0.0006 hrs) -nan:-nan 42248 (50) sec
[860] Ep10000: Max 20569 (3949) steps (0.0011 hrs) -nan:-nan 42293 (45) sec
[861] Ep10000: Max 20569 (4286) steps (0.0012 hrs) -nan:-nan 42338 (45) sec
[862] Ep10000: Max 20569 (1963) steps (0.0005 hrs) -nan:-nan 42379 (41) sec
[863] Ep10000: Max 20569 (598) steps (0.0002 hrs) -nan:-nan 42412 (33) sec
[864] Ep10000: Max 20569 (1801) steps (0.0005 hrs) -nan:-nan 42461 (49) sec
[865] Ep10000: Max 20569 (3900) steps (0.0011 hrs) -nan:-nan 42499 (38) sec
[866] Ep10000: Max 20569 (1318) steps (0.0004 hrs) -nan:-nan 42537 (38) sec
[867] Ep10000: Max 20569 (1997) steps (0.0006 hrs) -nan:-nan 42587 (50) sec
[868] Ep10000: Max 20569 (4437) steps (0.0012 hrs) -nan:-nan 42640 (53) sec
[869] Ep10000: Max 20569 (2263) steps (0.0006 hrs) -nan:-nan 42691 (51) sec
[870] Ep10000: Max 20569 (2088) steps (0.0006 hrs) -nan:-nan 42738 (47) sec
[871] Ep10000: Max 20569 (2664) steps (0.0007 hrs) -nan:-nan 42787 (49) sec
[872] Ep10000: Max 20569 (1809) steps (0.0005 hrs) -nan:-nan 42837 (50) sec
[873] Ep10000: Max 20569 (3868) steps (0.0011 hrs) -nan:-nan 42891 (54) sec
[874] Ep10000: Max 20569 (3632) steps (0.0010 hrs) -nan:-nan 42929 (38) sec
[875] Ep10000: Max 20569 (2348) steps (0.0007 hrs) -nan:-nan 42980 (51) sec
[876] Ep10000: Max 20569 (3038) steps (0.0008 hrs) -nan:-nan 43025 (45) sec
[877] Ep10000: Max 20569 (2616) steps (0.0007 hrs) -nan:-nan 43075 (50) sec
[878] Ep10000: Max 20569 (2373) steps (0.0007 hrs) -nan:-nan 43131 (56) sec
[879] Ep10000: Max 20569 (2213) steps (0.0006 hrs) -nan:-nan 43187 (56) sec
[880] Ep10000: Max 20569 (2048) steps (0.0006 hrs) -nan:-nan 43235 (48) sec
[881] Ep10000: Max 20569 (3368) steps (0.0009 hrs) -nan:-nan 43293 (58) sec
[882] Ep10000: Max 20569 (2382) steps (0.0007 hrs) -nan:-nan 43349 (56) sec
[883] Ep10000: Max 20569 (2234) steps (0.0006 hrs) -nan:-nan 43407 (58) sec
[884] Ep10000: Max 20569 (3948) steps (0.0011 hrs) -nan:-nan 43460 (53) sec
[885] Ep10000: Max 20569 (2000) steps (0.0006 hrs) -nan:-nan 43498 (38) sec
[886] Ep10000: Max 20569 (2147) steps (0.0006 hrs) -nan:-nan 43553 (55) sec
[887] Ep10000: Max 20569 (2547) steps (0.0007 hrs) -nan:-nan 43610 (57) sec
[888] Ep10000: Max 20569 (2101) steps (0.0006 hrs) -nan:-nan 43666 (56) sec
[889] Ep10000: Max 20569 (2120) steps (0.0006 hrs) -nan:-nan 43722 (56) sec
[890] Ep10000: Max 20569 (2398) steps (0.0007 hrs) -nan:-nan 43783 (61) sec
[891] Ep10000: Max 20569 (1090) steps (0.0003 hrs) -nan:-nan 43826 (43) sec
[892] Ep10000: Max 20569 (2195) steps (0.0006 hrs) -nan:-nan 43883 (57) sec
[893] Ep10000: Max 20569 (5395) steps (0.0015 hrs) -nan:-nan 43942 (59) sec
[894] Ep10000: Max 20569 (1340) steps (0.0004 hrs) -nan:-nan 43978 (36) sec
[895] Ep10000: Max 20569 (1900) steps (0.0005 hrs) -nan:-nan 44034 (56) sec
[896] Ep10000: Max 20569 (1949) steps (0.0005 hrs) -nan:-nan 44088 (54) sec
[897] Ep10000: Max 20569 (2372) steps (0.0007 hrs) -nan:-nan 44151 (63) sec
[898] Ep10000: Max 20569 (1019) steps (0.0003 hrs) -nan:-nan 44194 (43) sec
[899] Ep10000: Max 20569 (2183) steps (0.0006 hrs) -nan:-nan 44250 (56) sec
[900] Ep10000: Max 20569 (1982) steps (0.0006 hrs) -nan:-nan 44287 (37) sec
[901] Ep10000: Max 20569 (2210) steps (0.0006 hrs) -nan:-nan 44345 (58) sec
[902] Ep10000: Max 20569 (3125) steps (0.0009 hrs) -nan:-nan 44397 (52) sec
[903] Ep10000: Max 20569 (4098) steps (0.0011 hrs) -nan:-nan 44452 (55) sec
[904] Ep10000: Max 20569 (2387) steps (0.0007 hrs) -nan:-nan 44505 (53) sec
[905] Ep10000: Max 20569 (2496) steps (0.0007 hrs) -nan:-nan 44552 (47) sec
[906] Ep10000: Max 20569 (2344) steps (0.0007 hrs) -nan:-nan 44599 (47) sec
[907] Ep10000: Max 20569 (2576) steps (0.0007 hrs) -nan:-nan 44653 (54) sec
[908] Ep10000: Max 20569 (2231) steps (0.0006 hrs) -nan:-nan 44699 (46) sec
[909] Ep10000: Max 20569 (1420) steps (0.0004 hrs) -nan:-nan 44736 (37) sec
[910] Ep10000: Max 20569 (2380) steps (0.0007 hrs) -nan:-nan 44787 (51) sec
[911] Ep10000: Max 20569 (2678) steps (0.0007 hrs) -nan:-nan 44835 (48) sec
[912] Ep10000: Max 20569 (921) steps (0.0003 hrs) -nan:-nan 44868 (33) sec
[913] Ep10000: Max 20569 (2105) steps (0.0006 hrs) -nan:-nan 44914 (46) sec
[914] Ep10000: Max 20569 (1277) steps (0.0004 hrs) -nan:-nan 44955 (41) sec
[915] Ep10000: Max 20569 (1521) steps (0.0004 hrs) -nan:-nan 44988 (33) sec
[916] Ep10000: Max 20569 (2286) steps (0.0006 hrs) -nan:-nan 45035 (47) sec
[917] Ep10000: Max 20569 (2688) steps (0.0007 hrs) -nan:-nan 45083 (48) sec
[918] Ep10000: Max 20569 (1072) steps (0.0003 hrs) -nan:-nan 45115 (32) sec
[919] Ep10000: Max 20569 (6153) steps (0.0017 hrs) -nan:-nan 45154 (39) sec
[920] Ep10000: Max 20569 (2754) steps (0.0008 hrs) -nan:-nan 45204 (50) sec
[921] Ep10000: Max 20569 (2216) steps (0.0006 hrs) -nan:-nan 45251 (47) sec
[922] Ep10000: Max 20569 (2351) steps (0.0007 hrs) -nan:-nan 45300 (49) sec
[923] Ep10000: Max 20569 (3667) steps (0.0010 hrs) -nan:-nan 45347 (47) sec
[924] Ep10000: Max 20569 (2525) steps (0.0007 hrs) -nan:-nan 45397 (50) sec
[925] Ep10000: Max 20569 (2135) steps (0.0006 hrs) -nan:-nan 45443 (46) sec
[926] Ep10000: Max 20569 (2343) steps (0.0007 hrs) -nan:-nan 45491 (48) sec
[927] Ep10000: Max 20569 (1662) steps (0.0005 hrs) -nan:-nan 45529 (38) sec
[928] Ep10000: Max 20569 (3371) steps (0.0009 hrs) -nan:-nan 45580 (51) sec
[929] Ep10000: Max 20569 (3360) steps (0.0009 hrs) -nan:-nan 45630 (50) sec
[930] Ep10000: Max 20569 (978) steps (0.0003 hrs) -nan:-nan 45668 (38) sec
[931] Ep10000: Max 20569 (3788) steps (0.0011 hrs) -nan:-nan 45717 (49) sec
[932] Ep10000: Max 20569 (2128) steps (0.0006 hrs) -nan:-nan 45767 (50) sec
[933] Ep10000: Max 20569 (2489) steps (0.0007 hrs) -nan:-nan 45815 (48) sec
[934] Ep10000: Max 20569 (1873) steps (0.0005 hrs) -nan:-nan 45861 (46) sec
[935] Ep10000: Max 20569 (5040) steps (0.0014 hrs) -nan:-nan 45910 (49) sec
[936] Ep10000: Max 20569 (3080) steps (0.0009 hrs) -nan:-nan 45960 (50) sec
[937] Ep10000: Max 20569 (1583) steps (0.0004 hrs) -nan:-nan 45992 (32) sec
[938] Ep10000: Max 20569 (3225) steps (0.0009 hrs) -nan:-nan 46042 (50) sec
[939] Ep10000: Max 20569 (1808) steps (0.0005 hrs) -nan:-nan 46085 (43) sec
[940] Ep10000: Max 20569 (2878) steps (0.0008 hrs) -nan:-nan 46136 (51) sec
[941] Ep10000: Max 20569 (2273) steps (0.0006 hrs) -nan:-nan 46185 (49) sec
[942] Ep10000: Max 20569 (2369) steps (0.0007 hrs) -nan:-nan 46235 (50) sec
[943] Ep10000: Max 20569 (2009) steps (0.0006 hrs) -nan:-nan 46280 (45) sec
[944] Ep10000: Max 20569 (5976) steps (0.0017 hrs) -nan:-nan 46333 (53) sec
[945] Ep10000: Max 20569 (2732) steps (0.0008 hrs) -nan:-nan 46381 (48) sec
[946] Ep10000: Max 20569 (1092) steps (0.0003 hrs) -nan:-nan 46413 (32) sec
[947] Ep10000: Max 20569 (2137) steps (0.0006 hrs) -nan:-nan 46459 (46) sec
[948] Ep10000: Max 20569 (1341) steps (0.0004 hrs) -nan:-nan 46492 (33) sec
[949] Ep10000: Max 20569 (2367) steps (0.0007 hrs) -nan:-nan 46540 (48) sec
[950] Ep10000: Max 20569 (1294) steps (0.0004 hrs) -nan:-nan 46573 (33) sec
[951] Ep10000: Max 20569 (1805) steps (0.0005 hrs) -nan:-nan 46604 (31) sec
[952] Ep10000: Max 20569 (3117) steps (0.0009 hrs) -nan:-nan 46656 (52) sec
[953] Ep10000: Max 20569 (1490) steps (0.0004 hrs) -nan:-nan 46695 (39) sec
[954] Ep10000: Max 20569 (2045) steps (0.0006 hrs) -nan:-nan 46740 (45) sec
[955] Ep10000: Max 20569 (2248) steps (0.0006 hrs) -nan:-nan 46787 (47) sec
[956] Ep10000: Max 20569 (2800) steps (0.0008 hrs) -nan:-nan 46836 (49) sec
[957] Ep10000: Max 20569 (962) steps (0.0003 hrs) -nan:-nan 46876 (40) sec
[958] Ep10000: Max 20569 (1112) steps (0.0003 hrs) -nan:-nan 46908 (32) sec
[959] Ep10000: Max 20569 (1516) steps (0.0004 hrs) -nan:-nan 46939 (31) sec
[960] Ep10000: Max 20569 (1864) steps (0.0005 hrs) -nan:-nan 46985 (46) sec
[961] Ep10000: Max 20569 (2177) steps (0.0006 hrs) -nan:-nan 47031 (46) sec
[962] Ep10000: Max 20569 (2283) steps (0.0006 hrs) -nan:-nan 47073 (42) sec
[963] Ep10000: Max 20569 (2260) steps (0.0006 hrs) -nan:-nan 47135 (62) sec
[964] Ep10000: Max 20569 (2920) steps (0.0008 hrs) -nan:-nan 47198 (63) sec
[965] Ep10000: Max 20569 (2064) steps (0.0006 hrs) -nan:-nan 47259 (61) sec
[966] Ep10000: Max 20569 (1985) steps (0.0006 hrs) -nan:-nan 47322 (63) sec
[967] Ep10000: Max 20569 (10207) steps (0.0028 hrs) -nan:-nan 47388 (66) sec
[968] Ep10000: Max 20569 (1796) steps (0.0005 hrs) -nan:-nan 47430 (42) sec
[969] Ep10000: Max 20569 (1577) steps (0.0004 hrs) -nan:-nan 47470 (40) sec
[970] Ep10000: Max 20569 (2164) steps (0.0006 hrs) -nan:-nan 47533 (63) sec
[971] Ep10000: Max 20569 (2310) steps (0.0006 hrs) -nan:-nan 47593 (60) sec
[972] Ep10000: Max 20569 (1257) steps (0.0003 hrs) -nan:-nan 47634 (41) sec
[973] Ep10000: Max 20569 (2139) steps (0.0006 hrs) -nan:-nan 47693 (59) sec
[974] Ep10000: Max 20569 (2765) steps (0.0008 hrs) -nan:-nan 47762 (69) sec
[975] Ep10000: Max 20569 (1096) steps (0.0003 hrs) -nan:-nan 47810 (48) sec
[976] Ep10000: Max 20569 (1305) steps (0.0004 hrs) -nan:-nan 47859 (49) sec
[977] Ep10000: Max 20569 (3320) steps (0.0009 hrs) -nan:-nan 47914 (55) sec
[978] Ep10000: Max 20569 (3741) steps (0.0010 hrs) -nan:-nan 47988 (74) sec
[979] Ep10000: Max 20569 (1954) steps (0.0005 hrs) -nan:-nan 48060 (72) sec
[980] Ep10000: Max 20569 (2590) steps (0.0007 hrs) -nan:-nan 48129 (69) sec
[981] Ep10000: Max 20569 (1366) steps (0.0004 hrs) -nan:-nan 48189 (60) sec
[982] Ep10000: Max 20569 (5131) steps (0.0014 hrs) -nan:-nan 48248 (59) sec
[983] Ep10000: Max 20569 (2616) steps (0.0007 hrs) -nan:-nan 48312 (64) sec
[984] Ep10000: Max 20569 (2060) steps (0.0006 hrs) -nan:-nan 48376 (64) sec
[985] Ep10000: Max 20569 (1205) steps (0.0003 hrs) -nan:-nan 48428 (52) sec
[986] Ep10000: Max 20569 (1854) steps (0.0005 hrs) -nan:-nan 48473 (45) sec
[987] Ep10000: Max 20569 (2794) steps (0.0008 hrs) -nan:-nan 48535 (62) sec
[988] Ep10000: Max 20569 (1842) steps (0.0005 hrs) -nan:-nan 48604 (69) sec
[989] Ep10000: Max 20569 (3864) steps (0.0011 hrs) -nan:-nan 48680 (76) sec
[990] Ep10000: Max 20569 (2300) steps (0.0006 hrs) -nan:-nan 48750 (70) sec
[991] Ep10000: Max 20569 (1850) steps (0.0005 hrs) -nan:-nan 48799 (49) sec
[992] Ep10000: Max 20569 (2067) steps (0.0006 hrs) -nan:-nan 48856 (57) sec
[993] Ep10000: Max 20569 (2505) steps (0.0007 hrs) -nan:-nan 48923 (67) sec
[994] Ep10000: Max 20569 (3176) steps (0.0009 hrs) -nan:-nan 48982 (59) sec
[995] Ep10000: Max 20569 (1964) steps (0.0005 hrs) -nan:-nan 49047 (65) sec
[996] Ep10000: Max 20569 (2174) steps (0.0006 hrs) -nan:-nan 49110 (63) sec
[997] Ep10000: Max 20569 (1989) steps (0.0006 hrs) -nan:-nan 49171 (61) sec
[998] Ep10000: Max 20569 (2659) steps (0.0007 hrs) -nan:-nan 49222 (51) sec
[999] Ep10000: Max 20569 (2116) steps (0.0006 hrs) -nan:-nan 49273 (51) sec
[1000] Ep10000: Max 20569 (1431) steps (0.0004 hrs) -nan:-nan 49311 (38) sec
Total Elapsed time: 49311 seconds
Wrote current data to latest.train
