balanced 0 test_flag 0
[1] Ep10000: Max 963 (963) steps (0.0003 hrs) -nan:-nan 21 (21) sec
[2] Ep10000: Max 2211 (2211) steps (0.0006 hrs) -nan:-nan 81 (60) sec
[3] Ep10000: Max 2211 (2087) steps (0.0006 hrs) -nan:-nan 138 (57) sec
[4] Ep10000: Max 2211 (515) steps (0.0001 hrs) -nan:-nan 160 (22) sec
[5] Ep10000: Max 2917 (2917) steps (0.0008 hrs) -nan:-nan 221 (61) sec
[6] Ep10000: Max 2917 (2762) steps (0.0008 hrs) -nan:-nan 266 (45) sec
[7] Ep10000: Max 2917 (2256) steps (0.0006 hrs) -nan:-nan 288 (22) sec
[8] Ep10000: Max 2917 (2424) steps (0.0007 hrs) -nan:-nan 334 (46) sec
[9] Ep10000: Max 2917 (2412) steps (0.0007 hrs) -nan:-nan 376 (42) sec
[10] Ep10000: Max 2917 (836) steps (0.0002 hrs) -nan:-nan 392 (16) sec
[11] Ep10000: Max 2917 (694) steps (0.0002 hrs) -nan:-nan 409 (17) sec
[12] Ep10000: Max 2917 (571) steps (0.0002 hrs) -nan:-nan 425 (16) sec
[13] Ep10000: Max 2917 (2813) steps (0.0008 hrs) -nan:-nan 486 (61) sec
[14] Ep10000: Max 2917 (1700) steps (0.0005 hrs) -nan:-nan 525 (39) sec
[15] Ep10000: Max 2917 (729) steps (0.0002 hrs) -nan:-nan 547 (22) sec
[16] Ep10000: Max 2917 (2460) steps (0.0007 hrs) -nan:-nan 605 (58) sec
[17] Ep10000: Max 2917 (1149) steps (0.0003 hrs) -nan:-nan 626 (21) sec
[18] Ep10000: Max 2917 (786) steps (0.0002 hrs) -nan:-nan 648 (22) sec
[19] Ep10000: Max 2917 (949) steps (0.0003 hrs) -nan:-nan 674 (26) sec
[20] Ep10000: Max 2917 (1214) steps (0.0003 hrs) -nan:-nan 699 (25) sec
[21] Ep10000: Max 2917 (2214) steps (0.0006 hrs) -nan:-nan 775 (76) sec
[22] Ep10000: Max 2917 (599) steps (0.0002 hrs) -nan:-nan 797 (22) sec
[23] Ep10000: Max 2917 (422) steps (0.0001 hrs) -nan:-nan 826 (29) sec
[24] Ep10000: Max 2917 (1849) steps (0.0005 hrs) -nan:-nan 877 (51) sec
[25] Ep10000: Max 2917 (756) steps (0.0002 hrs) -nan:-nan 896 (19) sec
[26] Ep10000: Max 2917 (1032) steps (0.0003 hrs) -nan:-nan 922 (26) sec
[27] Ep10000: Max 2917 (1321) steps (0.0004 hrs) -nan:-nan 946 (24) sec
[28] Ep10000: Max 2917 (405) steps (0.0001 hrs) -nan:-nan 972 (26) sec
[29] Ep10000: Max 2917 (527) steps (0.0001 hrs) -nan:-nan 1012 (40) sec
[30] Ep10000: Max 2917 (917) steps (0.0003 hrs) -nan:-nan 1048 (36) sec
[31] Ep10000: Max 2917 (151) steps (0.0000 hrs) -nan:-nan 1083 (35) sec
[32] Ep10000: Max 2917 (2243) steps (0.0006 hrs) -nan:-nan 1152 (69) sec
[33] Ep10000: Max 2917 (638) steps (0.0002 hrs) -nan:-nan 1179 (27) sec
[34] Ep10000: Max 2917 (794) steps (0.0002 hrs) -nan:-nan 1201 (22) sec
[35] Ep10000: Max 2917 (2775) steps (0.0008 hrs) -nan:-nan 1258 (57) sec
[36] Ep10000: Max 2917 (2391) steps (0.0007 hrs) -nan:-nan 1318 (60) sec
[37] Ep10000: Max 2917 (2187) steps (0.0006 hrs) -nan:-nan 1364 (46) sec
[38] Ep10000: Max 2917 (2100) steps (0.0006 hrs) -nan:-nan 1447 (83) sec
[39] Ep10000: Max 2917 (763) steps (0.0002 hrs) -nan:-nan 1502 (55) sec
[40] Ep10000: Max 2917 (532) steps (0.0001 hrs) -nan:-nan 1541 (39) sec
[41] Ep10000: Max 2917 (2170) steps (0.0006 hrs) -nan:-nan 1655 (114) sec
[42] Ep10000: Max 3083 (3083) steps (0.0009 hrs) -nan:-nan 1759 (104) sec
[43] Ep10000: Max 3083 (2273) steps (0.0006 hrs) -nan:-nan 1866 (107) sec
[44] Ep10000: Max 3083 (119) steps (0.0000 hrs) -nan:-nan 1902 (36) sec
[45] Ep10000: Max 3083 (1854) steps (0.0005 hrs) -nan:-nan 1940 (38) sec
[46] Ep10000: Max 3083 (1939) steps (0.0005 hrs) -nan:-nan 2042 (102) sec
[47] Ep10000: Max 3083 (552) steps (0.0002 hrs) -nan:-nan 2076 (34) sec
[48] Ep10000: Max 3083 (1090) steps (0.0003 hrs) -nan:-nan 2118 (42) sec
[49] Ep10000: Max 3083 (2008) steps (0.0006 hrs) -nan:-nan 2206 (88) sec
[50] Ep10000: Max 3083 (1990) steps (0.0006 hrs) -nan:-nan 2288 (82) sec
[51] Ep10000: Max 3083 (2933) steps (0.0008 hrs) -nan:-nan 2383 (95) sec
[52] Ep10000: Max 3083 (2196) steps (0.0006 hrs) -nan:-nan 2486 (103) sec
[53] Ep10000: Max 3083 (1166) steps (0.0003 hrs) -nan:-nan 2543 (57) sec
[54] Ep10000: Max 3083 (1436) steps (0.0004 hrs) -nan:-nan 2605 (62) sec
[55] Ep10000: Max 3083 (590) steps (0.0002 hrs) -nan:-nan 2645 (40) sec
[56] Ep10000: Max 3083 (1880) steps (0.0005 hrs) -nan:-nan 2744 (99) sec
[57] Ep10000: Max 3083 (1971) steps (0.0005 hrs) -nan:-nan 2792 (48) sec
[58] Ep10000: Max 3083 (1178) steps (0.0003 hrs) -nan:-nan 2832 (40) sec
[59] Ep10000: Max 3083 (2230) steps (0.0006 hrs) -nan:-nan 2893 (61) sec
[60] Ep10000: Max 3083 (554) steps (0.0002 hrs) -nan:-nan 2929 (36) sec
[61] Ep10000: Max 3083 (2754) steps (0.0008 hrs) -nan:-nan 3016 (87) sec
[62] Ep10000: Max 3083 (1513) steps (0.0004 hrs) -nan:-nan 3062 (46) sec
[63] Ep10000: Max 3083 (2166) steps (0.0006 hrs) -nan:-nan 3111 (49) sec
[64] Ep10000: Max 3083 (1204) steps (0.0003 hrs) -nan:-nan 3141 (30) sec
[65] Ep10000: Max 3083 (1968) steps (0.0005 hrs) -nan:-nan 3240 (99) sec
[66] Ep10000: Max 3083 (2129) steps (0.0006 hrs) -nan:-nan 3333 (93) sec
[67] Ep10000: Max 3083 (2081) steps (0.0006 hrs) -nan:-nan 3416 (83) sec
[68] Ep10000: Max 3083 (401) steps (0.0001 hrs) -nan:-nan 3449 (33) sec
[69] Ep10000: Max 3083 (2252) steps (0.0006 hrs) -nan:-nan 3541 (92) sec
[70] Ep10000: Max 3083 (2318) steps (0.0006 hrs) -nan:-nan 3624 (83) sec
[71] Ep10000: Max 3083 (2144) steps (0.0006 hrs) -nan:-nan 3695 (71) sec
[72] Ep10000: Max 3083 (302) steps (0.0001 hrs) -nan:-nan 3724 (29) sec
[73] Ep10000: Max 3083 (961) steps (0.0003 hrs) -nan:-nan 3751 (27) sec
[74] Ep10000: Max 3215 (3215) steps (0.0009 hrs) -nan:-nan 3798 (47) sec
[75] Ep10000: Max 3215 (1167) steps (0.0003 hrs) -nan:-nan 3833 (35) sec
[76] Ep10000: Max 3215 (477) steps (0.0001 hrs) -nan:-nan 3871 (38) sec
[77] Ep10000: Max 3215 (236) steps (0.0001 hrs) -nan:-nan 3900 (29) sec
[78] Ep10000: Max 3215 (2123) steps (0.0006 hrs) -nan:-nan 3991 (91) sec
[79] Ep10000: Max 3215 (2768) steps (0.0008 hrs) -nan:-nan 4078 (87) sec
[80] Ep10000: Max 3215 (1904) steps (0.0005 hrs) -nan:-nan 4155 (77) sec
[81] Ep10000: Max 3215 (2100) steps (0.0006 hrs) -nan:-nan 4229 (74) sec
[82] Ep10000: Max 3215 (1045) steps (0.0003 hrs) -nan:-nan 4260 (31) sec
[83] Ep10000: Max 3215 (1669) steps (0.0005 hrs) -nan:-nan 4290 (30) sec
[84] Ep10000: Max 3215 (1939) steps (0.0005 hrs) -nan:-nan 4388 (98) sec
[85] Ep10000: Max 3215 (399) steps (0.0001 hrs) -nan:-nan 4441 (53) sec
[86] Ep10000: Max 3215 (236) steps (0.0001 hrs) -nan:-nan 4487 (46) sec
[87] Ep10000: Max 3215 (242) steps (0.0001 hrs) -nan:-nan 4530 (43) sec
[88] Ep10000: Max 3215 (2282) steps (0.0006 hrs) -nan:-nan 4600 (70) sec
[89] Ep10000: Max 3215 (780) steps (0.0002 hrs) -nan:-nan 4625 (25) sec
[90] Ep10000: Max 3215 (575) steps (0.0002 hrs) -nan:-nan 4667 (42) sec
[91] Ep10000: Max 3215 (718) steps (0.0002 hrs) -nan:-nan 4732 (65) sec
[92] Ep10000: Max 3215 (2245) steps (0.0006 hrs) -nan:-nan 4769 (37) sec
[93] Ep10000: Max 3215 (2066) steps (0.0006 hrs) -nan:-nan 4825 (56) sec
[94] Ep10000: Max 3215 (462) steps (0.0001 hrs) -nan:-nan 4847 (22) sec
[95] Ep10000: Max 3215 (1864) steps (0.0005 hrs) -nan:-nan 4935 (88) sec
[96] Ep10000: Max 3215 (2280) steps (0.0006 hrs) -nan:-nan 4986 (51) sec
[97] Ep10000: Max 3215 (2384) steps (0.0007 hrs) -nan:-nan 5034 (48) sec
[98] Ep10000: Max 3215 (2325) steps (0.0006 hrs) -nan:-nan 5087 (53) sec
[99] Ep10000: Max 3215 (2931) steps (0.0008 hrs) -nan:-nan 5130 (43) sec
[100] Ep10000: Max 3215 (1232) steps (0.0003 hrs) -nan:-nan 5149 (19) sec
[101] Ep10000: Max 3215 (1006) steps (0.0003 hrs) -nan:-nan 5168 (19) sec
[102] Ep10000: Max 3215 (2106) steps (0.0006 hrs) -nan:-nan 5222 (54) sec
[103] Ep10000: Max 3215 (2439) steps (0.0007 hrs) -nan:-nan 5281 (59) sec
[104] Ep10000: Max 3215 (2328) steps (0.0006 hrs) -nan:-nan 5328 (47) sec
[105] Ep10000: Max 3215 (1560) steps (0.0004 hrs) -nan:-nan 5348 (20) sec
[106] Ep10000: Max 3215 (623) steps (0.0002 hrs) -nan:-nan 5366 (18) sec
[107] Ep10000: Max 3215 (1926) steps (0.0005 hrs) -nan:-nan 5412 (46) sec
[108] Ep10000: Max 3215 (995) steps (0.0003 hrs) -nan:-nan 5429 (17) sec
[109] Ep10000: Max 3215 (1607) steps (0.0004 hrs) -nan:-nan 5455 (26) sec
[110] Ep10000: Max 3215 (1402) steps (0.0004 hrs) -nan:-nan 5476 (21) sec
[111] Ep10000: Max 3215 (797) steps (0.0002 hrs) -nan:-nan 5493 (17) sec
[112] Ep10000: Max 3215 (1669) steps (0.0005 hrs) -nan:-nan 5518 (25) sec
[113] Ep10000: Max 3215 (1855) steps (0.0005 hrs) -nan:-nan 5560 (42) sec
[114] Ep10000: Max 3215 (1868) steps (0.0005 hrs) -nan:-nan 5585 (25) sec
[115] Ep10000: Max 3215 (2045) steps (0.0006 hrs) -nan:-nan 5632 (47) sec
[116] Ep10000: Max 3215 (2363) steps (0.0007 hrs) -nan:-nan 5678 (46) sec
[117] Ep10000: Max 3215 (1266) steps (0.0004 hrs) -nan:-nan 5696 (18) sec
[118] Ep10000: Max 3215 (2472) steps (0.0007 hrs) -nan:-nan 5743 (47) sec
[119] Ep10000: Max 3215 (578) steps (0.0002 hrs) -nan:-nan 5762 (19) sec
[120] Ep10000: Max 3215 (1510) steps (0.0004 hrs) -nan:-nan 5795 (33) sec
[121] Ep10000: Max 3215 (1786) steps (0.0005 hrs) -nan:-nan 5815 (20) sec
[122] Ep10000: Max 3215 (2962) steps (0.0008 hrs) -nan:-nan 5850 (35) sec
[123] Ep10000: Max 3215 (1657) steps (0.0005 hrs) -nan:-nan 5875 (25) sec
[124] Ep10000: Max 3215 (2205) steps (0.0006 hrs) -nan:-nan 5923 (48) sec
[125] Ep10000: Max 3215 (783) steps (0.0002 hrs) -nan:-nan 5940 (17) sec
[126] Ep10000: Max 3215 (1300) steps (0.0004 hrs) -nan:-nan 5960 (20) sec
[127] Ep10000: Max 3215 (2670) steps (0.0007 hrs) -nan:-nan 5978 (18) sec
[128] Ep10000: Max 3215 (1210) steps (0.0003 hrs) -nan:-nan 5996 (18) sec
[129] Ep10000: Max 3215 (2394) steps (0.0007 hrs) -nan:-nan 6042 (46) sec
[130] Ep10000: Max 3215 (792) steps (0.0002 hrs) -nan:-nan 6059 (17) sec
[131] Ep10000: Max 3215 (1387) steps (0.0004 hrs) -nan:-nan 6077 (18) sec
[132] Ep10000: Max 3215 (2172) steps (0.0006 hrs) -nan:-nan 6121 (44) sec
[133] Ep10000: Max 3215 (2049) steps (0.0006 hrs) -nan:-nan 6164 (43) sec
[134] Ep10000: Max 3215 (849) steps (0.0002 hrs) -nan:-nan 6188 (24) sec
[135] Ep10000: Max 3215 (500) steps (0.0001 hrs) -nan:-nan 6205 (17) sec
[136] Ep10000: Max 3215 (2292) steps (0.0006 hrs) -nan:-nan 6252 (47) sec
[137] Ep10000: Max 3215 (405) steps (0.0001 hrs) -nan:-nan 6268 (16) sec
[138] Ep10000: Max 3215 (1916) steps (0.0005 hrs) -nan:-nan 6311 (43) sec
[139] Ep10000: Max 3215 (862) steps (0.0002 hrs) -nan:-nan 6332 (21) sec
[140] Ep10000: Max 3215 (862) steps (0.0002 hrs) -nan:-nan 6355 (23) sec
[141] Ep10000: Max 3215 (500) steps (0.0001 hrs) -nan:-nan 6371 (16) sec
[142] Ep10000: Max 3215 (2244) steps (0.0006 hrs) -nan:-nan 6419 (48) sec
[143] Ep10000: Max 3215 (1082) steps (0.0003 hrs) -nan:-nan 6436 (17) sec
[144] Ep10000: Max 3215 (440) steps (0.0001 hrs) -nan:-nan 6452 (16) sec
[145] Ep10000: Max 3215 (481) steps (0.0001 hrs) -nan:-nan 6469 (17) sec
[146] Ep10000: Max 3215 (612) steps (0.0002 hrs) -nan:-nan 6491 (22) sec
[147] Ep10000: Max 3215 (481) steps (0.0001 hrs) -nan:-nan 6508 (17) sec
[148] Ep10000: Max 3215 (2061) steps (0.0006 hrs) -nan:-nan 6558 (50) sec
[149] Ep10000: Max 3215 (919) steps (0.0003 hrs) -nan:-nan 6574 (16) sec
[150] Ep10000: Max 3215 (2029) steps (0.0006 hrs) -nan:-nan 6606 (32) sec
[151] Ep10000: Max 3215 (1963) steps (0.0005 hrs) -nan:-nan 6632 (26) sec
[152] Ep10000: Max 3215 (1787) steps (0.0005 hrs) -nan:-nan 6667 (35) sec
[153] Ep10000: Max 3215 (2215) steps (0.0006 hrs) -nan:-nan 6709 (42) sec
[154] Ep10000: Max 3215 (2212) steps (0.0006 hrs) -nan:-nan 6753 (44) sec
[155] Ep10000: Max 3215 (2268) steps (0.0006 hrs) -nan:-nan 6789 (36) sec
[156] Ep10000: Max 3215 (2601) steps (0.0007 hrs) -nan:-nan 6837 (48) sec
[157] Ep10000: Max 3215 (588) steps (0.0002 hrs) -nan:-nan 6861 (24) sec
[158] Ep10000: Max 3215 (2209) steps (0.0006 hrs) -nan:-nan 6897 (36) sec
[159] Ep10000: Max 3215 (1927) steps (0.0005 hrs) -nan:-nan 6915 (18) sec
[160] Ep10000: Max 3215 (718) steps (0.0002 hrs) -nan:-nan 6941 (26) sec
[161] Ep10000: Max 3215 (647) steps (0.0002 hrs) -nan:-nan 6958 (17) sec
[162] Ep10000: Max 3215 (2060) steps (0.0006 hrs) -nan:-nan 7004 (46) sec
[163] Ep10000: Max 3215 (2188) steps (0.0006 hrs) -nan:-nan 7050 (46) sec
[164] Ep10000: Max 3215 (289) steps (0.0001 hrs) -nan:-nan 7068 (18) sec
[165] Ep10000: Max 3215 (1060) steps (0.0003 hrs) -nan:-nan 7085 (17) sec
[166] Ep10000: Max 3215 (2384) steps (0.0007 hrs) -nan:-nan 7128 (43) sec
[167] Ep10000: Max 3215 (177) steps (0.0000 hrs) -nan:-nan 7145 (17) sec
[168] Ep10000: Max 3215 (1507) steps (0.0004 hrs) -nan:-nan 7163 (18) sec
[169] Ep10000: Max 3215 (550) steps (0.0002 hrs) -nan:-nan 7179 (16) sec
[170] Ep10000: Max 3215 (193) steps (0.0001 hrs) -nan:-nan 7195 (16) sec
[171] Ep10000: Max 3215 (3013) steps (0.0008 hrs) -nan:-nan 7241 (46) sec
[172] Ep10000: Max 3215 (2083) steps (0.0006 hrs) -nan:-nan 7289 (48) sec
[173] Ep10000: Max 3215 (1777) steps (0.0005 hrs) -nan:-nan 7334 (45) sec
[174] Ep10000: Max 3215 (2257) steps (0.0006 hrs) -nan:-nan 7381 (47) sec
[175] Ep10000: Max 3215 (420) steps (0.0001 hrs) -nan:-nan 7398 (17) sec
[176] Ep10000: Max 3215 (2010) steps (0.0006 hrs) -nan:-nan 7542 (144) sec
[177] Ep10000: Max 3215 (2125) steps (0.0006 hrs) -nan:-nan 7694 (152) sec
[178] Ep10000: Max 3215 (2006) steps (0.0006 hrs) -nan:-nan 7861 (167) sec
[179] Ep10000: Max 3215 (2549) steps (0.0007 hrs) -nan:-nan 8050 (189) sec
[180] Ep10000: Max 3215 (860) steps (0.0002 hrs) -nan:-nan 8174 (124) sec
[181] Ep10000: Max 3215 (2072) steps (0.0006 hrs) -nan:-nan 8292 (118) sec
[182] Ep10000: Max 3215 (949) steps (0.0003 hrs) -nan:-nan 8360 (68) sec
[183] Ep10000: Max 3215 (625) steps (0.0002 hrs) -nan:-nan 8444 (84) sec
[184] Ep10000: Max 3215 (737) steps (0.0002 hrs) -nan:-nan 8512 (68) sec
[185] Ep10000: Max 3215 (2026) steps (0.0006 hrs) -nan:-nan 8630 (118) sec
[186] Ep10000: Max 3215 (2531) steps (0.0007 hrs) -nan:-nan 8776 (146) sec
[187] Ep10000: Max 3215 (2078) steps (0.0006 hrs) -nan:-nan 8872 (96) sec
[188] Ep10000: Max 3215 (2776) steps (0.0008 hrs) -nan:-nan 9013 (141) sec
[189] Ep10000: Max 3215 (771) steps (0.0002 hrs) -nan:-nan 9032 (19) sec
[190] Ep10000: Max 3215 (2225) steps (0.0006 hrs) -nan:-nan 9063 (31) sec
[191] Ep10000: Max 3215 (1642) steps (0.0005 hrs) -nan:-nan 9085 (22) sec
[192] Ep10000: Max 3215 (2151) steps (0.0006 hrs) -nan:-nan 9127 (42) sec
[193] Ep10000: Max 3215 (753) steps (0.0002 hrs) -nan:-nan 9143 (16) sec
[194] Ep10000: Max 3215 (286) steps (0.0001 hrs) -nan:-nan 9160 (17) sec
[195] Ep10000: Max 3215 (2254) steps (0.0006 hrs) -nan:-nan 9204 (44) sec
[196] Ep10000: Max 3215 (2091) steps (0.0006 hrs) -nan:-nan 9249 (45) sec
[197] Ep10000: Max 3215 (869) steps (0.0002 hrs) -nan:-nan 9266 (17) sec
[198] Ep10000: Max 3215 (2127) steps (0.0006 hrs) -nan:-nan 9314 (48) sec
[199] Ep10000: Max 3215 (2210) steps (0.0006 hrs) -nan:-nan 9367 (53) sec
[200] Ep10000: Max 3215 (666) steps (0.0002 hrs) -nan:-nan 9383 (16) sec
[201] Ep10000: Max 3215 (2138) steps (0.0006 hrs) -nan:-nan 9413 (30) sec
[202] Ep10000: Max 3215 (1934) steps (0.0005 hrs) -nan:-nan 9452 (39) sec
[203] Ep10000: Max 3215 (1109) steps (0.0003 hrs) -nan:-nan 9476 (24) sec
[204] Ep10000: Max 3215 (945) steps (0.0003 hrs) -nan:-nan 9492 (16) sec
[205] Ep10000: Max 3215 (475) steps (0.0001 hrs) -nan:-nan 9509 (17) sec
[206] Ep10000: Max 3215 (1967) steps (0.0005 hrs) -nan:-nan 9556 (47) sec
[207] Ep10000: Max 3215 (1301) steps (0.0004 hrs) -nan:-nan 9574 (18) sec
[208] Ep10000: Max 3215 (979) steps (0.0003 hrs) -nan:-nan 9590 (16) sec
[209] Ep10000: Max 3215 (1520) steps (0.0004 hrs) -nan:-nan 9608 (18) sec
[210] Ep10000: Max 3215 (386) steps (0.0001 hrs) -nan:-nan 9624 (16) sec
[211] Ep10000: Max 3215 (3197) steps (0.0009 hrs) -nan:-nan 9671 (47) sec
[212] Ep10000: Max 3215 (1834) steps (0.0005 hrs) -nan:-nan 9715 (44) sec
[213] Ep10000: Max 3215 (1947) steps (0.0005 hrs) -nan:-nan 9756 (41) sec
[214] Ep10000: Max 3215 (2668) steps (0.0007 hrs) -nan:-nan 9801 (45) sec
[215] Ep10000: Max 3215 (611) steps (0.0002 hrs) -nan:-nan 9818 (17) sec
[216] Ep10000: Max 3215 (350) steps (0.0001 hrs) -nan:-nan 9835 (17) sec
[217] Ep10000: Max 3215 (548) steps (0.0002 hrs) -nan:-nan 9853 (18) sec
[218] Ep10000: Max 3215 (614) steps (0.0002 hrs) -nan:-nan 9871 (18) sec
[219] Ep10000: Max 3215 (1992) steps (0.0006 hrs) -nan:-nan 9918 (47) sec
[220] Ep10000: Max 3215 (924) steps (0.0003 hrs) -nan:-nan 9934 (16) sec
[221] Ep10000: Max 3215 (852) steps (0.0002 hrs) -nan:-nan 9952 (18) sec
[222] Ep10000: Max 3215 (1786) steps (0.0005 hrs) -nan:-nan 9971 (19) sec
[223] Ep10000: Max 3215 (163) steps (0.0000 hrs) -nan:-nan 9986 (15) sec
[224] Ep10000: Max 3215 (2221) steps (0.0006 hrs) -nan:-nan 10034 (48) sec
[225] Ep10000: Max 3215 (879) steps (0.0002 hrs) -nan:-nan 10050 (16) sec
[226] Ep10000: Max 3215 (960) steps (0.0003 hrs) -nan:-nan 10068 (18) sec
[227] Ep10000: Max 3215 (658) steps (0.0002 hrs) -nan:-nan 10086 (18) sec
[228] Ep10000: Max 3215 (2808) steps (0.0008 hrs) -nan:-nan 10138 (52) sec
[229] Ep10000: Max 3215 (840) steps (0.0002 hrs) -nan:-nan 10156 (18) sec
[230] Ep10000: Max 3215 (2786) steps (0.0008 hrs) -nan:-nan 10203 (47) sec
[231] Ep10000: Max 3215 (1646) steps (0.0005 hrs) -nan:-nan 10226 (23) sec
[232] Ep10000: Max 3215 (1101) steps (0.0003 hrs) -nan:-nan 10244 (18) sec
[233] Ep10000: Max 3215 (227) steps (0.0001 hrs) -nan:-nan 10260 (16) sec
[234] Ep10000: Max 3215 (479) steps (0.0001 hrs) -nan:-nan 10276 (16) sec
[235] Ep10000: Max 3215 (2237) steps (0.0006 hrs) -nan:-nan 10323 (47) sec
[236] Ep10000: Max 3215 (2469) steps (0.0007 hrs) -nan:-nan 10369 (46) sec
[237] Ep10000: Max 3215 (450) steps (0.0001 hrs) -nan:-nan 10386 (17) sec
[238] Ep10000: Max 3215 (1973) steps (0.0005 hrs) -nan:-nan 10411 (25) sec
[239] Ep10000: Max 3215 (2376) steps (0.0007 hrs) -nan:-nan 10452 (41) sec
[240] Ep10000: Max 3215 (2840) steps (0.0008 hrs) -nan:-nan 10501 (49) sec
[241] Ep10000: Max 3215 (1765) steps (0.0005 hrs) -nan:-nan 10532 (31) sec
[242] Ep10000: Max 3215 (1028) steps (0.0003 hrs) -nan:-nan 10556 (24) sec
[243] Ep10000: Max 3215 (1137) steps (0.0003 hrs) -nan:-nan 10574 (18) sec
[244] Ep10000: Max 3215 (2541) steps (0.0007 hrs) -nan:-nan 10621 (47) sec
[245] Ep10000: Max 3215 (2406) steps (0.0007 hrs) -nan:-nan 10663 (42) sec
[246] Ep10000: Max 3215 (1285) steps (0.0004 hrs) -nan:-nan 10685 (22) sec
[247] Ep10000: Max 3215 (1831) steps (0.0005 hrs) -nan:-nan 10731 (46) sec
[248] Ep10000: Max 3215 (1604) steps (0.0004 hrs) -nan:-nan 10749 (18) sec
[249] Ep10000: Max 3215 (2212) steps (0.0006 hrs) -nan:-nan 10796 (47) sec
[250] Ep10000: Max 3215 (369) steps (0.0001 hrs) -nan:-nan 10812 (16) sec
[251] Ep10000: Max 3215 (2051) steps (0.0006 hrs) -nan:-nan 10839 (27) sec
[252] Ep10000: Max 3215 (561) steps (0.0002 hrs) -nan:-nan 10856 (17) sec
[253] Ep10000: Max 4906 (4906) steps (0.0014 hrs) -nan:-nan 10890 (34) sec
[254] Ep10000: Max 4906 (502) steps (0.0001 hrs) -nan:-nan 10907 (17) sec
[255] Ep10000: Max 4906 (1566) steps (0.0004 hrs) -nan:-nan 10933 (26) sec
[256] Ep10000: Max 4906 (2733) steps (0.0008 hrs) -nan:-nan 10981 (48) sec
[257] Ep10000: Max 4906 (2475) steps (0.0007 hrs) -nan:-nan 11029 (48) sec
[258] Ep10000: Max 4906 (2002) steps (0.0006 hrs) -nan:-nan 11055 (26) sec
[259] Ep10000: Max 4906 (1071) steps (0.0003 hrs) -nan:-nan 11073 (18) sec
[260] Ep10000: Max 4906 (2011) steps (0.0006 hrs) -nan:-nan 11120 (47) sec
[261] Ep10000: Max 4906 (878) steps (0.0002 hrs) -nan:-nan 11144 (24) sec
[262] Ep10000: Max 4906 (1184) steps (0.0003 hrs) -nan:-nan 11161 (17) sec
[263] Ep10000: Max 4906 (824) steps (0.0002 hrs) -nan:-nan 11178 (17) sec
[264] Ep10000: Max 4906 (1444) steps (0.0004 hrs) -nan:-nan 11203 (25) sec
[265] Ep10000: Max 4906 (3503) steps (0.0010 hrs) -nan:-nan 11250 (47) sec
[266] Ep10000: Max 4906 (1840) steps (0.0005 hrs) -nan:-nan 11283 (33) sec
[267] Ep10000: Max 4906 (517) steps (0.0001 hrs) -nan:-nan 11300 (17) sec
[268] Ep10000: Max 4906 (1072) steps (0.0003 hrs) -nan:-nan 11318 (18) sec
[269] Ep10000: Max 4906 (3157) steps (0.0009 hrs) -nan:-nan 11366 (48) sec
[270] Ep10000: Max 4906 (1676) steps (0.0005 hrs) -nan:-nan 11393 (27) sec
[271] Ep10000: Max 4906 (2146) steps (0.0006 hrs) -nan:-nan 11441 (48) sec
[272] Ep10000: Max 4906 (2307) steps (0.0006 hrs) -nan:-nan 11474 (33) sec
[273] Ep10000: Max 4906 (1261) steps (0.0004 hrs) -nan:-nan 11492 (18) sec
[274] Ep10000: Max 4906 (2372) steps (0.0007 hrs) -nan:-nan 11539 (47) sec
[275] Ep10000: Max 4906 (1641) steps (0.0005 hrs) -nan:-nan 11584 (45) sec
[276] Ep10000: Max 4906 (758) steps (0.0002 hrs) -nan:-nan 11601 (17) sec
[277] Ep10000: Max 4906 (581) steps (0.0002 hrs) -nan:-nan 11617 (16) sec
[278] Ep10000: Max 4906 (1352) steps (0.0004 hrs) -nan:-nan 11640 (23) sec
[279] Ep10000: Max 4906 (2733) steps (0.0008 hrs) -nan:-nan 11687 (47) sec
[280] Ep10000: Max 4906 (538) steps (0.0001 hrs) -nan:-nan 11704 (17) sec
[281] Ep10000: Max 4906 (327) steps (0.0001 hrs) -nan:-nan 11720 (16) sec
[282] Ep10000: Max 4906 (1325) steps (0.0004 hrs) -nan:-nan 11748 (28) sec
[283] Ep10000: Max 4906 (1293) steps (0.0004 hrs) -nan:-nan 11766 (18) sec
[284] Ep10000: Max 4906 (2135) steps (0.0006 hrs) -nan:-nan 11813 (47) sec
[285] Ep10000: Max 4906 (165) steps (0.0000 hrs) -nan:-nan 11829 (16) sec
[286] Ep10000: Max 4906 (3595) steps (0.0010 hrs) -nan:-nan 11877 (48) sec
[287] Ep10000: Max 4906 (663) steps (0.0002 hrs) -nan:-nan 11894 (17) sec
[288] Ep10000: Max 4906 (2125) steps (0.0006 hrs) -nan:-nan 11939 (45) sec
[289] Ep10000: Max 4906 (1961) steps (0.0005 hrs) -nan:-nan 11967 (28) sec
[290] Ep10000: Max 4906 (328) steps (0.0001 hrs) -nan:-nan 11983 (16) sec
[291] Ep10000: Max 4906 (422) steps (0.0001 hrs) -nan:-nan 11999 (16) sec
[292] Ep10000: Max 4906 (2178) steps (0.0006 hrs) -nan:-nan 12043 (44) sec
[293] Ep10000: Max 4906 (672) steps (0.0002 hrs) -nan:-nan 12059 (16) sec
[294] Ep10000: Max 4906 (744) steps (0.0002 hrs) -nan:-nan 12075 (16) sec
[295] Ep10000: Max 4906 (1966) steps (0.0005 hrs) -nan:-nan 12125 (50) sec
[296] Ep10000: Max 4906 (2492) steps (0.0007 hrs) -nan:-nan 12174 (49) sec
[297] Ep10000: Max 4906 (648) steps (0.0002 hrs) -nan:-nan 12191 (17) sec
[298] Ep10000: Max 4906 (1988) steps (0.0006 hrs) -nan:-nan 12239 (48) sec
[299] Ep10000: Max 4906 (1619) steps (0.0004 hrs) -nan:-nan 12268 (29) sec
[300] Ep10000: Max 4906 (509) steps (0.0001 hrs) -nan:-nan 12284 (16) sec
[301] Ep10000: Max 4906 (816) steps (0.0002 hrs) -nan:-nan 12304 (20) sec
[302] Ep10000: Max 4906 (1876) steps (0.0005 hrs) -nan:-nan 12331 (27) sec
[303] Ep10000: Max 4906 (730) steps (0.0002 hrs) -nan:-nan 12355 (24) sec
[304] Ep10000: Max 4906 (112) steps (0.0000 hrs) -nan:-nan 12371 (16) sec
[305] Ep10000: Max 4906 (2058) steps (0.0006 hrs) -nan:-nan 12416 (45) sec
[306] Ep10000: Max 4906 (2107) steps (0.0006 hrs) -nan:-nan 12464 (48) sec
[307] Ep10000: Max 4906 (2124) steps (0.0006 hrs) -nan:-nan 12512 (48) sec
[308] Ep10000: Max 4906 (2267) steps (0.0006 hrs) -nan:-nan 12557 (45) sec
[309] Ep10000: Max 4906 (771) steps (0.0002 hrs) -nan:-nan 12574 (17) sec
[310] Ep10000: Max 4906 (1690) steps (0.0005 hrs) -nan:-nan 12617 (43) sec
[311] Ep10000: Max 4906 (1976) steps (0.0005 hrs) -nan:-nan 12666 (49) sec
[312] Ep10000: Max 4906 (1150) steps (0.0003 hrs) -nan:-nan 12683 (17) sec
[313] Ep10000: Max 4906 (431) steps (0.0001 hrs) -nan:-nan 12700 (17) sec
[314] Ep10000: Max 4906 (1243) steps (0.0003 hrs) -nan:-nan 12716 (16) sec
[315] Ep10000: Max 4906 (2311) steps (0.0006 hrs) -nan:-nan 12760 (44) sec
[316] Ep10000: Max 4906 (2434) steps (0.0007 hrs) -nan:-nan 12811 (51) sec
[317] Ep10000: Max 4906 (760) steps (0.0002 hrs) -nan:-nan 12827 (16) sec
[318] Ep10000: Max 4906 (1736) steps (0.0005 hrs) -nan:-nan 12873 (46) sec
[319] Ep10000: Max 4906 (2299) steps (0.0006 hrs) -nan:-nan 12920 (47) sec
[320] Ep10000: Max 4906 (314) steps (0.0001 hrs) -nan:-nan 12937 (17) sec
[321] Ep10000: Max 4906 (1643) steps (0.0005 hrs) -nan:-nan 12965 (28) sec
[322] Ep10000: Max 4906 (246) steps (0.0001 hrs) -nan:-nan 12980 (15) sec
[323] Ep10000: Max 4906 (2067) steps (0.0006 hrs) -nan:-nan 13027 (47) sec
[324] Ep10000: Max 4906 (3711) steps (0.0010 hrs) -nan:-nan 13076 (49) sec
[325] Ep10000: Max 4906 (140) steps (0.0000 hrs) -nan:-nan 13092 (16) sec
[326] Ep10000: Max 4906 (2432) steps (0.0007 hrs) -nan:-nan 13140 (48) sec
[327] Ep10000: Max 4906 (676) steps (0.0002 hrs) -nan:-nan 13162 (22) sec
[328] Ep10000: Max 4906 (867) steps (0.0002 hrs) -nan:-nan 13179 (17) sec
[329] Ep10000: Max 4906 (789) steps (0.0002 hrs) -nan:-nan 13196 (17) sec
[330] Ep10000: Max 4906 (2084) steps (0.0006 hrs) -nan:-nan 13241 (45) sec
[331] Ep10000: Max 4906 (3190) steps (0.0009 hrs) -nan:-nan 13270 (29) sec
[332] Ep10000: Max 4906 (1090) steps (0.0003 hrs) -nan:-nan 13290 (20) sec
[333] Ep10000: Max 4906 (1139) steps (0.0003 hrs) -nan:-nan 13315 (25) sec
[334] Ep10000: Max 4906 (2174) steps (0.0006 hrs) -nan:-nan 13360 (45) sec
[335] Ep10000: Max 4906 (1856) steps (0.0005 hrs) -nan:-nan 13409 (49) sec
[336] Ep10000: Max 4906 (2063) steps (0.0006 hrs) -nan:-nan 13430 (21) sec
[337] Ep10000: Max 4906 (1528) steps (0.0004 hrs) -nan:-nan 13448 (18) sec
[338] Ep10000: Max 4906 (563) steps (0.0002 hrs) -nan:-nan 13464 (16) sec
[339] Ep10000: Max 4906 (2151) steps (0.0006 hrs) -nan:-nan 13510 (46) sec
[340] Ep10000: Max 4906 (1227) steps (0.0003 hrs) -nan:-nan 13534 (24) sec
[341] Ep10000: Max 4906 (1792) steps (0.0005 hrs) -nan:-nan 13557 (23) sec
[342] Ep10000: Max 4906 (2607) steps (0.0007 hrs) -nan:-nan 13604 (47) sec
[343] Ep10000: Max 4906 (888) steps (0.0002 hrs) -nan:-nan 13620 (16) sec
[344] Ep10000: Max 4906 (2302) steps (0.0006 hrs) -nan:-nan 13669 (49) sec
[345] Ep10000: Max 4906 (2818) steps (0.0008 hrs) -nan:-nan 13711 (42) sec
[346] Ep10000: Max 4906 (2194) steps (0.0006 hrs) -nan:-nan 13757 (46) sec
[347] Ep10000: Max 4906 (2329) steps (0.0006 hrs) -nan:-nan 13802 (45) sec
[348] Ep10000: Max 4906 (1756) steps (0.0005 hrs) -nan:-nan 13820 (18) sec
[349] Ep10000: Max 4906 (956) steps (0.0003 hrs) -nan:-nan 13836 (16) sec
[350] Ep10000: Max 4906 (895) steps (0.0002 hrs) -nan:-nan 13853 (17) sec
[351] Ep10000: Max 4906 (692) steps (0.0002 hrs) -nan:-nan 13869 (16) sec
[352] Ep10000: Max 4906 (861) steps (0.0002 hrs) -nan:-nan 13886 (17) sec
[353] Ep10000: Max 4906 (428) steps (0.0001 hrs) -nan:-nan 13902 (16) sec
[354] Ep10000: Max 4906 (863) steps (0.0002 hrs) -nan:-nan 13927 (25) sec
[355] Ep10000: Max 4906 (841) steps (0.0002 hrs) -nan:-nan 13944 (17) sec
[356] Ep10000: Max 4906 (1280) steps (0.0004 hrs) -nan:-nan 13965 (21) sec
[357] Ep10000: Max 4906 (1775) steps (0.0005 hrs) -nan:-nan 14002 (37) sec
[358] Ep10000: Max 4906 (2630) steps (0.0007 hrs) -nan:-nan 14050 (48) sec
[359] Ep10000: Max 4906 (2083) steps (0.0006 hrs) -nan:-nan 14097 (47) sec
[360] Ep10000: Max 4906 (1268) steps (0.0004 hrs) -nan:-nan 14119 (22) sec
[361] Ep10000: Max 4906 (726) steps (0.0002 hrs) -nan:-nan 14139 (20) sec
[362] Ep10000: Max 4906 (561) steps (0.0002 hrs) -nan:-nan 14155 (16) sec
[363] Ep10000: Max 4906 (1220) steps (0.0003 hrs) -nan:-nan 14172 (17) sec
[364] Ep10000: Max 4906 (611) steps (0.0002 hrs) -nan:-nan 14189 (17) sec
[365] Ep10000: Max 4906 (1120) steps (0.0003 hrs) -nan:-nan 14206 (17) sec
[366] Ep10000: Max 4906 (755) steps (0.0002 hrs) -nan:-nan 14222 (16) sec
[367] Ep10000: Max 4906 (521) steps (0.0001 hrs) -nan:-nan 14243 (21) sec
[368] Ep10000: Max 4906 (2223) steps (0.0006 hrs) -nan:-nan 14291 (48) sec
[369] Ep10000: Max 4906 (2864) steps (0.0008 hrs) -nan:-nan 14330 (39) sec
[370] Ep10000: Max 4906 (1379) steps (0.0004 hrs) -nan:-nan 14350 (20) sec
[371] Ep10000: Max 4906 (3538) steps (0.0010 hrs) -nan:-nan 14376 (26) sec
[372] Ep10000: Max 4906 (1878) steps (0.0005 hrs) -nan:-nan 14421 (45) sec
[373] Ep10000: Max 4906 (1565) steps (0.0004 hrs) -nan:-nan 14439 (18) sec
[374] Ep10000: Max 4906 (1302) steps (0.0004 hrs) -nan:-nan 14456 (17) sec
[375] Ep10000: Max 4906 (2092) steps (0.0006 hrs) -nan:-nan 14501 (45) sec
[376] Ep10000: Max 4906 (2229) steps (0.0006 hrs) -nan:-nan 14547 (46) sec
[377] Ep10000: Max 4906 (279) steps (0.0001 hrs) -nan:-nan 14562 (15) sec
[378] Ep10000: Max 4906 (1957) steps (0.0005 hrs) -nan:-nan 14604 (42) sec
[379] Ep10000: Max 4906 (1041) steps (0.0003 hrs) -nan:-nan 14622 (18) sec
[380] Ep10000: Max 4906 (2267) steps (0.0006 hrs) -nan:-nan 14667 (45) sec
[381] Ep10000: Max 4906 (2319) steps (0.0006 hrs) -nan:-nan 14714 (47) sec
[382] Ep10000: Max 4906 (3098) steps (0.0009 hrs) -nan:-nan 14760 (46) sec
[383] Ep10000: Max 4906 (2964) steps (0.0008 hrs) -nan:-nan 14806 (46) sec
[384] Ep10000: Max 4906 (1993) steps (0.0006 hrs) -nan:-nan 14849 (43) sec
[385] Ep10000: Max 4906 (1635) steps (0.0005 hrs) -nan:-nan 14871 (22) sec
[386] Ep10000: Max 4906 (2026) steps (0.0006 hrs) -nan:-nan 14915 (44) sec
[387] Ep10000: Max 4906 (1513) steps (0.0004 hrs) -nan:-nan 14939 (24) sec
[388] Ep10000: Max 4906 (418) steps (0.0001 hrs) -nan:-nan 14955 (16) sec
[389] Ep10000: Max 4906 (2322) steps (0.0006 hrs) -nan:-nan 15001 (46) sec
[390] Ep10000: Max 4906 (1946) steps (0.0005 hrs) -nan:-nan 15042 (41) sec
[391] Ep10000: Max 4906 (2093) steps (0.0006 hrs) -nan:-nan 15073 (31) sec
[392] Ep10000: Max 4906 (2504) steps (0.0007 hrs) -nan:-nan 15117 (44) sec
[393] Ep10000: Max 4906 (289) steps (0.0001 hrs) -nan:-nan 15133 (16) sec
[394] Ep10000: Max 4906 (717) steps (0.0002 hrs) -nan:-nan 15151 (18) sec
[395] Ep10000: Max 4906 (2092) steps (0.0006 hrs) -nan:-nan 15196 (45) sec
[396] Ep10000: Max 4906 (461) steps (0.0001 hrs) -nan:-nan 15213 (17) sec
[397] Ep10000: Max 4906 (253) steps (0.0001 hrs) -nan:-nan 15229 (16) sec
[398] Ep10000: Max 4906 (1879) steps (0.0005 hrs) -nan:-nan 15274 (45) sec
[399] Ep10000: Max 4906 (2047) steps (0.0006 hrs) -nan:-nan 15302 (28) sec
[400] Ep10000: Max 4906 (2384) steps (0.0007 hrs) -nan:-nan 15355 (53) sec
[401] Ep10000: Max 4906 (1809) steps (0.0005 hrs) -nan:-nan 15401 (46) sec
[402] Ep10000: Max 4906 (1613) steps (0.0004 hrs) -nan:-nan 15430 (29) sec
[403] Ep10000: Max 4906 (1801) steps (0.0005 hrs) -nan:-nan 15481 (51) sec
[404] Ep10000: Max 4906 (2000) steps (0.0006 hrs) -nan:-nan 15526 (45) sec
[405] Ep10000: Max 4906 (2134) steps (0.0006 hrs) -nan:-nan 15576 (50) sec
[406] Ep10000: Max 4906 (2491) steps (0.0007 hrs) -nan:-nan 15620 (44) sec
[407] Ep10000: Max 4906 (813) steps (0.0002 hrs) -nan:-nan 15639 (19) sec
[408] Ep10000: Max 4906 (256) steps (0.0001 hrs) -nan:-nan 15656 (17) sec
[409] Ep10000: Max 4906 (737) steps (0.0002 hrs) -nan:-nan 15673 (17) sec
[410] Ep10000: Max 4906 (1845) steps (0.0005 hrs) -nan:-nan 15691 (18) sec
[411] Ep10000: Max 4906 (837) steps (0.0002 hrs) -nan:-nan 15719 (28) sec
[412] Ep10000: Max 4906 (2451) steps (0.0007 hrs) -nan:-nan 15767 (48) sec
[413] Ep10000: Max 4906 (1732) steps (0.0005 hrs) -nan:-nan 15797 (30) sec
[414] Ep10000: Max 4906 (1042) steps (0.0003 hrs) -nan:-nan 15815 (18) sec
[415] Ep10000: Max 4906 (2270) steps (0.0006 hrs) -nan:-nan 15864 (49) sec
[416] Ep10000: Max 4906 (2528) steps (0.0007 hrs) -nan:-nan 15920 (56) sec
[417] Ep10000: Max 4906 (2016) steps (0.0006 hrs) -nan:-nan 15969 (49) sec
[418] Ep10000: Max 4906 (382) steps (0.0001 hrs) -nan:-nan 15987 (18) sec
[419] Ep10000: Max 4906 (2075) steps (0.0006 hrs) -nan:-nan 16040 (53) sec
[420] Ep10000: Max 4906 (920) steps (0.0003 hrs) -nan:-nan 16059 (19) sec
[421] Ep10000: Max 4906 (672) steps (0.0002 hrs) -nan:-nan 16078 (19) sec
[422] Ep10000: Max 4906 (2446) steps (0.0007 hrs) -nan:-nan 16101 (23) sec
[423] Ep10000: Max 4906 (2164) steps (0.0006 hrs) -nan:-nan 16147 (46) sec
[424] Ep10000: Max 4906 (2281) steps (0.0006 hrs) -nan:-nan 16172 (25) sec
[425] Ep10000: Max 4906 (474) steps (0.0001 hrs) -nan:-nan 16189 (17) sec
[426] Ep10000: Max 4906 (681) steps (0.0002 hrs) -nan:-nan 16207 (18) sec
[427] Ep10000: Max 4906 (1640) steps (0.0005 hrs) -nan:-nan 16236 (29) sec
[428] Ep10000: Max 4906 (954) steps (0.0003 hrs) -nan:-nan 16254 (18) sec
[429] Ep10000: Max 4906 (640) steps (0.0002 hrs) -nan:-nan 16272 (18) sec
[430] Ep10000: Max 4906 (728) steps (0.0002 hrs) -nan:-nan 16288 (16) sec
[431] Ep10000: Max 4906 (2275) steps (0.0006 hrs) -nan:-nan 16338 (50) sec
[432] Ep10000: Max 4906 (2030) steps (0.0006 hrs) -nan:-nan 16381 (43) sec
[433] Ep10000: Max 4906 (629) steps (0.0002 hrs) -nan:-nan 16398 (17) sec
[434] Ep10000: Max 4906 (1184) steps (0.0003 hrs) -nan:-nan 16416 (18) sec
[435] Ep10000: Max 4906 (2600) steps (0.0007 hrs) -nan:-nan 16464 (48) sec
[436] Ep10000: Max 4906 (395) steps (0.0001 hrs) -nan:-nan 16481 (17) sec
[437] Ep10000: Max 4906 (1465) steps (0.0004 hrs) -nan:-nan 16498 (17) sec
[438] Ep10000: Max 4906 (1667) steps (0.0005 hrs) -nan:-nan 16525 (27) sec
[439] Ep10000: Max 4906 (1787) steps (0.0005 hrs) -nan:-nan 16564 (39) sec
[440] Ep10000: Max 4906 (2200) steps (0.0006 hrs) -nan:-nan 16612 (48) sec
[441] Ep10000: Max 4906 (2849) steps (0.0008 hrs) -nan:-nan 16653 (41) sec
[442] Ep10000: Max 4906 (830) steps (0.0002 hrs) -nan:-nan 16672 (19) sec
[443] Ep10000: Max 4906 (1322) steps (0.0004 hrs) -nan:-nan 16694 (22) sec
[444] Ep10000: Max 4906 (2745) steps (0.0008 hrs) -nan:-nan 16745 (51) sec
[445] Ep10000: Max 4906 (217) steps (0.0001 hrs) -nan:-nan 16762 (17) sec
[446] Ep10000: Max 4906 (1461) steps (0.0004 hrs) -nan:-nan 16788 (26) sec
[447] Ep10000: Max 4906 (787) steps (0.0002 hrs) -nan:-nan 16805 (17) sec
[448] Ep10000: Max 4906 (2135) steps (0.0006 hrs) -nan:-nan 16856 (51) sec
[449] Ep10000: Max 4906 (1212) steps (0.0003 hrs) -nan:-nan 16877 (21) sec
[450] Ep10000: Max 4906 (1212) steps (0.0003 hrs) -nan:-nan 16896 (19) sec
[451] Ep10000: Max 4906 (938) steps (0.0003 hrs) -nan:-nan 16919 (23) sec
[452] Ep10000: Max 4906 (2489) steps (0.0007 hrs) -nan:-nan 16962 (43) sec
[453] Ep10000: Max 4906 (775) steps (0.0002 hrs) -nan:-nan 16979 (17) sec
[454] Ep10000: Max 4906 (747) steps (0.0002 hrs) -nan:-nan 16996 (17) sec
[455] Ep10000: Max 4906 (2374) steps (0.0007 hrs) -nan:-nan 17049 (53) sec
[456] Ep10000: Max 4906 (566) steps (0.0002 hrs) -nan:-nan 17066 (17) sec
[457] Ep10000: Max 4906 (2599) steps (0.0007 hrs) -nan:-nan 17110 (44) sec
[458] Ep10000: Max 4906 (2241) steps (0.0006 hrs) -nan:-nan 17157 (47) sec
[459] Ep10000: Max 4906 (2052) steps (0.0006 hrs) -nan:-nan 17205 (48) sec
[460] Ep10000: Max 4906 (3553) steps (0.0010 hrs) -nan:-nan 17258 (53) sec
[461] Ep10000: Max 4906 (2293) steps (0.0006 hrs) -nan:-nan 17305 (47) sec
[462] Ep10000: Max 4906 (682) steps (0.0002 hrs) -nan:-nan 17321 (16) sec
[463] Ep10000: Max 4906 (964) steps (0.0003 hrs) -nan:-nan 17338 (17) sec
[464] Ep10000: Max 4906 (1933) steps (0.0005 hrs) -nan:-nan 17383 (45) sec
[465] Ep10000: Max 4906 (1058) steps (0.0003 hrs) -nan:-nan 17402 (19) sec
[466] Ep10000: Max 4906 (1769) steps (0.0005 hrs) -nan:-nan 17424 (22) sec
[467] Ep10000: Max 4906 (1524) steps (0.0004 hrs) -nan:-nan 17452 (28) sec
[468] Ep10000: Max 4906 (1146) steps (0.0003 hrs) -nan:-nan 17468 (16) sec
[469] Ep10000: Max 4906 (2190) steps (0.0006 hrs) -nan:-nan 17506 (38) sec
[470] Ep10000: Max 4906 (2031) steps (0.0006 hrs) -nan:-nan 17552 (46) sec
[471] Ep10000: Max 4906 (719) steps (0.0002 hrs) -nan:-nan 17569 (17) sec
[472] Ep10000: Max 4906 (140) steps (0.0000 hrs) -nan:-nan 17585 (16) sec
[473] Ep10000: Max 4906 (2185) steps (0.0006 hrs) -nan:-nan 17622 (37) sec
[474] Ep10000: Max 4906 (197) steps (0.0001 hrs) -nan:-nan 17638 (16) sec
[475] Ep10000: Max 4906 (2189) steps (0.0006 hrs) -nan:-nan 17679 (41) sec
[476] Ep10000: Max 4906 (1622) steps (0.0005 hrs) -nan:-nan 17706 (27) sec
[477] Ep10000: Max 4906 (299) steps (0.0001 hrs) -nan:-nan 17723 (17) sec
[478] Ep10000: Max 4906 (2201) steps (0.0006 hrs) -nan:-nan 17773 (50) sec
[479] Ep10000: Max 4906 (480) steps (0.0001 hrs) -nan:-nan 17797 (24) sec
[480] Ep10000: Max 4906 (645) steps (0.0002 hrs) -nan:-nan 17814 (17) sec
[481] Ep10000: Max 4906 (2104) steps (0.0006 hrs) -nan:-nan 17845 (31) sec
[482] Ep10000: Max 4906 (288) steps (0.0001 hrs) -nan:-nan 17862 (17) sec
[483] Ep10000: Max 4906 (249) steps (0.0001 hrs) -nan:-nan 17879 (17) sec
[484] Ep10000: Max 4906 (2381) steps (0.0007 hrs) -nan:-nan 17923 (44) sec
[485] Ep10000: Max 4906 (1174) steps (0.0003 hrs) -nan:-nan 17941 (18) sec
[486] Ep10000: Max 4906 (1454) steps (0.0004 hrs) -nan:-nan 17965 (24) sec
[487] Ep10000: Max 4906 (1606) steps (0.0004 hrs) -nan:-nan 17984 (19) sec
[488] Ep10000: Max 4906 (678) steps (0.0002 hrs) -nan:-nan 18001 (17) sec
[489] Ep10000: Max 4906 (2211) steps (0.0006 hrs) -nan:-nan 18047 (46) sec
[490] Ep10000: Max 4906 (1879) steps (0.0005 hrs) -nan:-nan 18092 (45) sec
[491] Ep10000: Max 4906 (865) steps (0.0002 hrs) -nan:-nan 18110 (18) sec
[492] Ep10000: Max 4906 (1082) steps (0.0003 hrs) -nan:-nan 18128 (18) sec
[493] Ep10000: Max 4906 (2113) steps (0.0006 hrs) -nan:-nan 18151 (23) sec
[494] Ep10000: Max 4906 (629) steps (0.0002 hrs) -nan:-nan 18166 (15) sec
[495] Ep10000: Max 4906 (778) steps (0.0002 hrs) -nan:-nan 18183 (17) sec
[496] Ep10000: Max 4906 (1672) steps (0.0005 hrs) -nan:-nan 18224 (41) sec
[497] Ep10000: Max 4906 (562) steps (0.0002 hrs) -nan:-nan 18241 (17) sec
[498] Ep10000: Max 4906 (953) steps (0.0003 hrs) -nan:-nan 18259 (18) sec
[499] Ep10000: Max 4906 (276) steps (0.0001 hrs) -nan:-nan 18276 (17) sec
[500] Ep10000: Max 4906 (1858) steps (0.0005 hrs) -nan:-nan 18323 (47) sec
[501] Ep10000: Max 4906 (1914) steps (0.0005 hrs) -nan:-nan 18352 (29) sec
[502] Ep10000: Max 4906 (1888) steps (0.0005 hrs) -nan:-nan 18405 (53) sec
[503] Ep10000: Max 4906 (634) steps (0.0002 hrs) -nan:-nan 18422 (17) sec
[504] Ep10000: Max 4906 (811) steps (0.0002 hrs) -nan:-nan 18439 (17) sec
[505] Ep10000: Max 4906 (2157) steps (0.0006 hrs) -nan:-nan 18478 (39) sec
[506] Ep10000: Max 4906 (359) steps (0.0001 hrs) -nan:-nan 18494 (16) sec
[507] Ep10000: Max 4906 (219) steps (0.0001 hrs) -nan:-nan 18512 (18) sec
[508] Ep10000: Max 4906 (852) steps (0.0002 hrs) -nan:-nan 18527 (15) sec
[509] Ep10000: Max 4906 (2982) steps (0.0008 hrs) -nan:-nan 18574 (47) sec
[510] Ep10000: Max 4906 (1114) steps (0.0003 hrs) -nan:-nan 18591 (17) sec
[511] Ep10000: Max 4906 (2963) steps (0.0008 hrs) -nan:-nan 18640 (49) sec
[512] Ep10000: Max 4906 (2533) steps (0.0007 hrs) -nan:-nan 18682 (42) sec
[513] Ep10000: Max 4906 (1126) steps (0.0003 hrs) -nan:-nan 18699 (17) sec
[514] Ep10000: Max 4906 (708) steps (0.0002 hrs) -nan:-nan 18715 (16) sec
[515] Ep10000: Max 4906 (2099) steps (0.0006 hrs) -nan:-nan 18763 (48) sec
[516] Ep10000: Max 4906 (786) steps (0.0002 hrs) -nan:-nan 18778 (15) sec
[517] Ep10000: Max 4906 (1943) steps (0.0005 hrs) -nan:-nan 18822 (44) sec
[518] Ep10000: Max 4906 (2544) steps (0.0007 hrs) -nan:-nan 18868 (46) sec
[519] Ep10000: Max 4906 (1017) steps (0.0003 hrs) -nan:-nan 18885 (17) sec
[520] Ep10000: Max 4906 (2588) steps (0.0007 hrs) -nan:-nan 18914 (29) sec
[521] Ep10000: Max 4906 (2685) steps (0.0007 hrs) -nan:-nan 18963 (49) sec
[522] Ep10000: Max 4906 (2359) steps (0.0007 hrs) -nan:-nan 19014 (51) sec
[523] Ep10000: Max 4906 (1995) steps (0.0006 hrs) -nan:-nan 19061 (47) sec
[524] Ep10000: Max 4906 (463) steps (0.0001 hrs) -nan:-nan 19076 (15) sec
[525] Ep10000: Max 4906 (2133) steps (0.0006 hrs) -nan:-nan 19117 (41) sec
[526] Ep10000: Max 4906 (1083) steps (0.0003 hrs) -nan:-nan 19134 (17) sec
[527] Ep10000: Max 4906 (885) steps (0.0002 hrs) -nan:-nan 19151 (17) sec
[528] Ep10000: Max 4906 (527) steps (0.0001 hrs) -nan:-nan 19169 (18) sec
[529] Ep10000: Max 4906 (2294) steps (0.0006 hrs) -nan:-nan 19218 (49) sec
[530] Ep10000: Max 4906 (1296) steps (0.0004 hrs) -nan:-nan 19236 (18) sec
[531] Ep10000: Max 4906 (2821) steps (0.0008 hrs) -nan:-nan 19281 (45) sec
[532] Ep10000: Max 4906 (2111) steps (0.0006 hrs) -nan:-nan 19326 (45) sec
[533] Ep10000: Max 4906 (1470) steps (0.0004 hrs) -nan:-nan 19354 (28) sec
[534] Ep10000: Max 4906 (531) steps (0.0001 hrs) -nan:-nan 19370 (16) sec
[535] Ep10000: Max 4906 (1440) steps (0.0004 hrs) -nan:-nan 19388 (18) sec
[536] Ep10000: Max 4906 (2115) steps (0.0006 hrs) -nan:-nan 19422 (34) sec
[537] Ep10000: Max 4906 (810) steps (0.0002 hrs) -nan:-nan 19439 (17) sec
[538] Ep10000: Max 4906 (1159) steps (0.0003 hrs) -nan:-nan 19457 (18) sec
[539] Ep10000: Max 4906 (1940) steps (0.0005 hrs) -nan:-nan 19505 (48) sec
[540] Ep10000: Max 4906 (635) steps (0.0002 hrs) -nan:-nan 19521 (16) sec
[541] Ep10000: Max 4906 (1958) steps (0.0005 hrs) -nan:-nan 19566 (45) sec
[542] Ep10000: Max 4906 (2147) steps (0.0006 hrs) -nan:-nan 19612 (46) sec
[543] Ep10000: Max 4906 (1703) steps (0.0005 hrs) -nan:-nan 19634 (22) sec
[544] Ep10000: Max 4906 (778) steps (0.0002 hrs) -nan:-nan 19651 (17) sec
[545] Ep10000: Max 4906 (2143) steps (0.0006 hrs) -nan:-nan 19692 (41) sec
[546] Ep10000: Max 4906 (2127) steps (0.0006 hrs) -nan:-nan 19742 (50) sec
[547] Ep10000: Max 4906 (1241) steps (0.0003 hrs) -nan:-nan 19760 (18) sec
[548] Ep10000: Max 4906 (1305) steps (0.0004 hrs) -nan:-nan 19777 (17) sec
[549] Ep10000: Max 4906 (189) steps (0.0001 hrs) -nan:-nan 19794 (17) sec
[550] Ep10000: Max 4906 (1251) steps (0.0003 hrs) -nan:-nan 19811 (17) sec
[551] Ep10000: Max 4906 (2062) steps (0.0006 hrs) -nan:-nan 19858 (47) sec
[552] Ep10000: Max 4906 (2391) steps (0.0007 hrs) -nan:-nan 19898 (40) sec
[553] Ep10000: Max 4906 (217) steps (0.0001 hrs) -nan:-nan 19915 (17) sec
[554] Ep10000: Max 4906 (2146) steps (0.0006 hrs) -nan:-nan 19957 (42) sec
[555] Ep10000: Max 4906 (2015) steps (0.0006 hrs) -nan:-nan 20010 (53) sec
[556] Ep10000: Max 4906 (587) steps (0.0002 hrs) -nan:-nan 20028 (18) sec
[557] Ep10000: Max 4906 (1318) steps (0.0004 hrs) -nan:-nan 20051 (23) sec
[558] Ep10000: Max 4906 (1317) steps (0.0004 hrs) -nan:-nan 20079 (28) sec
[559] Ep10000: Max 4906 (1126) steps (0.0003 hrs) -nan:-nan 20097 (18) sec
[560] Ep10000: Max 4906 (2412) steps (0.0007 hrs) -nan:-nan 20143 (46) sec
[561] Ep10000: Max 4906 (1126) steps (0.0003 hrs) -nan:-nan 20161 (18) sec
[562] Ep10000: Max 4906 (634) steps (0.0002 hrs) -nan:-nan 20177 (16) sec
[563] Ep10000: Max 4906 (1876) steps (0.0005 hrs) -nan:-nan 20204 (27) sec
[564] Ep10000: Max 4906 (1207) steps (0.0003 hrs) -nan:-nan 20229 (25) sec
[565] Ep10000: Max 4906 (2357) steps (0.0007 hrs) -nan:-nan 20277 (48) sec
[566] Ep10000: Max 4906 (1145) steps (0.0003 hrs) -nan:-nan 20295 (18) sec
[567] Ep10000: Max 4906 (1141) steps (0.0003 hrs) -nan:-nan 20312 (17) sec
[568] Ep10000: Max 4906 (1613) steps (0.0004 hrs) -nan:-nan 20328 (16) sec
[569] Ep10000: Max 4906 (2907) steps (0.0008 hrs) -nan:-nan 20373 (45) sec
[570] Ep10000: Max 4906 (1796) steps (0.0005 hrs) -nan:-nan 20418 (45) sec
[571] Ep10000: Max 4906 (1738) steps (0.0005 hrs) -nan:-nan 20443 (25) sec
[572] Ep10000: Max 4906 (1145) steps (0.0003 hrs) -nan:-nan 20464 (21) sec
[573] Ep10000: Max 4906 (1626) steps (0.0005 hrs) -nan:-nan 20488 (24) sec
[574] Ep10000: Max 4906 (1554) steps (0.0004 hrs) -nan:-nan 20505 (17) sec
[575] Ep10000: Max 4906 (2467) steps (0.0007 hrs) -nan:-nan 20547 (42) sec
[576] Ep10000: Max 4906 (1008) steps (0.0003 hrs) -nan:-nan 20563 (16) sec
[577] Ep10000: Max 4906 (2141) steps (0.0006 hrs) -nan:-nan 20614 (51) sec
[578] Ep10000: Max 4906 (742) steps (0.0002 hrs) -nan:-nan 20630 (16) sec
[579] Ep10000: Max 4906 (1770) steps (0.0005 hrs) -nan:-nan 20657 (27) sec
[580] Ep10000: Max 4906 (1842) steps (0.0005 hrs) -nan:-nan 20685 (28) sec
[581] Ep10000: Max 4906 (1855) steps (0.0005 hrs) -nan:-nan 20730 (45) sec
[582] Ep10000: Max 4906 (2453) steps (0.0007 hrs) -nan:-nan 20778 (48) sec
[583] Ep10000: Max 4906 (645) steps (0.0002 hrs) -nan:-nan 20795 (17) sec
[584] Ep10000: Max 4906 (2045) steps (0.0006 hrs) -nan:-nan 20831 (36) sec
[585] Ep10000: Max 4906 (771) steps (0.0002 hrs) -nan:-nan 20848 (17) sec
[586] Ep10000: Max 4906 (1797) steps (0.0005 hrs) -nan:-nan 20893 (45) sec
[587] Ep10000: Max 4906 (1870) steps (0.0005 hrs) -nan:-nan 20925 (32) sec
[588] Ep10000: Max 4906 (2092) steps (0.0006 hrs) -nan:-nan 20970 (45) sec
[589] Ep10000: Max 4906 (2311) steps (0.0006 hrs) -nan:-nan 21018 (48) sec
[590] Ep10000: Max 4906 (361) steps (0.0001 hrs) -nan:-nan 21036 (18) sec
[591] Ep10000: Max 4906 (2101) steps (0.0006 hrs) -nan:-nan 21077 (41) sec
[592] Ep10000: Max 4906 (2658) steps (0.0007 hrs) -nan:-nan 21123 (46) sec
[593] Ep10000: Max 4906 (1945) steps (0.0005 hrs) -nan:-nan 21175 (52) sec
[594] Ep10000: Max 4906 (1399) steps (0.0004 hrs) -nan:-nan 21192 (17) sec
[595] Ep10000: Max 4906 (1017) steps (0.0003 hrs) -nan:-nan 21212 (20) sec
[596] Ep10000: Max 4906 (2610) steps (0.0007 hrs) -nan:-nan 21262 (50) sec
[597] Ep10000: Max 4906 (1794) steps (0.0005 hrs) -nan:-nan 21298 (36) sec
[598] Ep10000: Max 4906 (1805) steps (0.0005 hrs) -nan:-nan 21348 (50) sec
[599] Ep10000: Max 4906 (2680) steps (0.0007 hrs) -nan:-nan 21397 (49) sec
[600] Ep10000: Max 4906 (811) steps (0.0002 hrs) -nan:-nan 21415 (18) sec
[601] Ep10000: Max 4906 (481) steps (0.0001 hrs) -nan:-nan 21433 (18) sec
[602] Ep10000: Max 4906 (2510) steps (0.0007 hrs) -nan:-nan 21484 (51) sec
[603] Ep10000: Max 4906 (2664) steps (0.0007 hrs) -nan:-nan 21539 (55) sec
[604] Ep10000: Max 4906 (818) steps (0.0002 hrs) -nan:-nan 21563 (24) sec
[605] Ep10000: Max 4906 (2134) steps (0.0006 hrs) -nan:-nan 21607 (44) sec
[606] Ep10000: Max 4906 (1966) steps (0.0005 hrs) -nan:-nan 21651 (44) sec
[607] Ep10000: Max 4906 (2033) steps (0.0006 hrs) -nan:-nan 21681 (30) sec
[608] Ep10000: Max 4906 (457) steps (0.0001 hrs) -nan:-nan 21698 (17) sec
[609] Ep10000: Max 4906 (2396) steps (0.0007 hrs) -nan:-nan 21745 (47) sec
[610] Ep10000: Max 4906 (2112) steps (0.0006 hrs) -nan:-nan 21789 (44) sec
[611] Ep10000: Max 4906 (803) steps (0.0002 hrs) -nan:-nan 21808 (19) sec
[612] Ep10000: Max 4906 (2331) steps (0.0006 hrs) -nan:-nan 21832 (24) sec
[613] Ep10000: Max 4906 (1889) steps (0.0005 hrs) -nan:-nan 21885 (53) sec
[614] Ep10000: Max 4906 (1924) steps (0.0005 hrs) -nan:-nan 21923 (38) sec
[615] Ep10000: Max 4906 (1980) steps (0.0006 hrs) -nan:-nan 21976 (53) sec
[616] Ep10000: Max 4906 (811) steps (0.0002 hrs) -nan:-nan 21995 (19) sec
[617] Ep10000: Max 4906 (1120) steps (0.0003 hrs) -nan:-nan 22013 (18) sec
[618] Ep10000: Max 4906 (750) steps (0.0002 hrs) -nan:-nan 22033 (20) sec
[619] Ep10000: Max 4906 (550) steps (0.0002 hrs) -nan:-nan 22059 (26) sec
[620] Ep10000: Max 4906 (1335) steps (0.0004 hrs) -nan:-nan 22090 (31) sec
[621] Ep10000: Max 4906 (2216) steps (0.0006 hrs) -nan:-nan 22143 (53) sec
[622] Ep10000: Max 4906 (740) steps (0.0002 hrs) -nan:-nan 22160 (17) sec
[623] Ep10000: Max 4906 (2646) steps (0.0007 hrs) -nan:-nan 22209 (49) sec
[624] Ep10000: Max 4906 (1886) steps (0.0005 hrs) -nan:-nan 22239 (30) sec
[625] Ep10000: Max 4906 (825) steps (0.0002 hrs) -nan:-nan 22257 (18) sec
[626] Ep10000: Max 4906 (1069) steps (0.0003 hrs) -nan:-nan 22275 (18) sec
[627] Ep10000: Max 4906 (1863) steps (0.0005 hrs) -nan:-nan 22314 (39) sec
[628] Ep10000: Max 4906 (2295) steps (0.0006 hrs) -nan:-nan 22365 (51) sec
[629] Ep10000: Max 4906 (1820) steps (0.0005 hrs) -nan:-nan 22416 (51) sec
[630] Ep10000: Max 4906 (419) steps (0.0001 hrs) -nan:-nan 22433 (17) sec
[631] Ep10000: Max 4906 (1922) steps (0.0005 hrs) -nan:-nan 22483 (50) sec
[632] Ep10000: Max 4906 (361) steps (0.0001 hrs) -nan:-nan 22501 (18) sec
[633] Ep10000: Max 4906 (2214) steps (0.0006 hrs) -nan:-nan 22551 (50) sec
[634] Ep10000: Max 4906 (1863) steps (0.0005 hrs) -nan:-nan 22588 (37) sec
[635] Ep10000: Max 4906 (299) steps (0.0001 hrs) -nan:-nan 22606 (18) sec
[636] Ep10000: Max 4906 (2587) steps (0.0007 hrs) -nan:-nan 22639 (33) sec
[637] Ep10000: Max 4906 (2080) steps (0.0006 hrs) -nan:-nan 22688 (49) sec
[638] Ep10000: Max 4906 (1056) steps (0.0003 hrs) -nan:-nan 22707 (19) sec
[639] Ep10000: Max 4906 (856) steps (0.0002 hrs) -nan:-nan 22725 (18) sec
[640] Ep10000: Max 4906 (440) steps (0.0001 hrs) -nan:-nan 22744 (19) sec
[641] Ep10000: Max 4906 (1036) steps (0.0003 hrs) -nan:-nan 22771 (27) sec
[642] Ep10000: Max 4906 (2144) steps (0.0006 hrs) -nan:-nan 22815 (44) sec
[643] Ep10000: Max 4906 (2138) steps (0.0006 hrs) -nan:-nan 22859 (44) sec
[644] Ep10000: Max 4906 (1850) steps (0.0005 hrs) -nan:-nan 22878 (19) sec
[645] Ep10000: Max 4906 (2323) steps (0.0006 hrs) -nan:-nan 22925 (47) sec
[646] Ep10000: Max 4906 (361) steps (0.0001 hrs) -nan:-nan 22944 (19) sec
[647] Ep10000: Max 4906 (2255) steps (0.0006 hrs) -nan:-nan 22994 (50) sec
[648] Ep10000: Max 4906 (1928) steps (0.0005 hrs) -nan:-nan 23045 (51) sec
[649] Ep10000: Max 4906 (1233) steps (0.0003 hrs) -nan:-nan 23076 (31) sec
[650] Ep10000: Max 4906 (811) steps (0.0002 hrs) -nan:-nan 23094 (18) sec
[651] Ep10000: Max 4906 (2321) steps (0.0006 hrs) -nan:-nan 23144 (50) sec
[652] Ep10000: Max 4906 (3515) steps (0.0010 hrs) -nan:-nan 23195 (51) sec
[653] Ep10000: Max 4906 (377) steps (0.0001 hrs) -nan:-nan 23211 (16) sec
[654] Ep10000: Max 4906 (1097) steps (0.0003 hrs) -nan:-nan 23229 (18) sec
[655] Ep10000: Max 4906 (902) steps (0.0003 hrs) -nan:-nan 23245 (16) sec
[656] Ep10000: Max 4906 (649) steps (0.0002 hrs) -nan:-nan 23269 (24) sec
[657] Ep10000: Max 4906 (1974) steps (0.0005 hrs) -nan:-nan 23321 (52) sec
[658] Ep10000: Max 4906 (1392) steps (0.0004 hrs) -nan:-nan 23342 (21) sec
[659] Ep10000: Max 4906 (2528) steps (0.0007 hrs) -nan:-nan 23396 (54) sec
[660] Ep10000: Max 4906 (674) steps (0.0002 hrs) -nan:-nan 23412 (16) sec
[661] Ep10000: Max 4906 (2256) steps (0.0006 hrs) -nan:-nan 23453 (41) sec
[662] Ep10000: Max 4906 (2921) steps (0.0008 hrs) -nan:-nan 23497 (44) sec
[663] Ep10000: Max 4906 (1558) steps (0.0004 hrs) -nan:-nan 23521 (24) sec
[664] Ep10000: Max 4906 (1906) steps (0.0005 hrs) -nan:-nan 23556 (35) sec
[665] Ep10000: Max 4906 (316) steps (0.0001 hrs) -nan:-nan 23575 (19) sec
[666] Ep10000: Max 4906 (1162) steps (0.0003 hrs) -nan:-nan 23606 (31) sec
[667] Ep10000: Max 4906 (2611) steps (0.0007 hrs) -nan:-nan 23656 (50) sec
[668] Ep10000: Max 4906 (1098) steps (0.0003 hrs) -nan:-nan 23675 (19) sec
[669] Ep10000: Max 4906 (967) steps (0.0003 hrs) -nan:-nan 23692 (17) sec
[670] Ep10000: Max 4906 (1724) steps (0.0005 hrs) -nan:-nan 23722 (30) sec
[671] Ep10000: Max 4906 (2924) steps (0.0008 hrs) -nan:-nan 23770 (48) sec
[672] Ep10000: Max 4906 (2314) steps (0.0006 hrs) -nan:-nan 23820 (50) sec
[673] Ep10000: Max 4906 (1926) steps (0.0005 hrs) -nan:-nan 23846 (26) sec
[674] Ep10000: Max 4906 (1650) steps (0.0005 hrs) -nan:-nan 23870 (24) sec
[675] Ep10000: Max 4906 (556) steps (0.0002 hrs) -nan:-nan 23887 (17) sec
[676] Ep10000: Max 4906 (1267) steps (0.0004 hrs) -nan:-nan 23904 (17) sec
[677] Ep10000: Max 4906 (2513) steps (0.0007 hrs) -nan:-nan 23954 (50) sec
[678] Ep10000: Max 4906 (2051) steps (0.0006 hrs) -nan:-nan 23997 (43) sec
[679] Ep10000: Max 4906 (670) steps (0.0002 hrs) -nan:-nan 24016 (19) sec
[680] Ep10000: Max 4906 (3100) steps (0.0009 hrs) -nan:-nan 24068 (52) sec
[681] Ep10000: Max 4906 (725) steps (0.0002 hrs) -nan:-nan 24088 (20) sec
[682] Ep10000: Max 4906 (2284) steps (0.0006 hrs) -nan:-nan 24131 (43) sec
[683] Ep10000: Max 4906 (1518) steps (0.0004 hrs) -nan:-nan 24149 (18) sec
[684] Ep10000: Max 4906 (693) steps (0.0002 hrs) -nan:-nan 24163 (14) sec
[685] Ep10000: Max 4906 (672) steps (0.0002 hrs) -nan:-nan 24186 (23) sec
[686] Ep10000: Max 4906 (1958) steps (0.0005 hrs) -nan:-nan 24229 (43) sec
[687] Ep10000: Max 4906 (2150) steps (0.0006 hrs) -nan:-nan 24269 (40) sec
[688] Ep10000: Max 4906 (1216) steps (0.0003 hrs) -nan:-nan 24283 (14) sec
[689] Ep10000: Max 4906 (3630) steps (0.0010 hrs) -nan:-nan 24308 (25) sec
[690] Ep10000: Max 4906 (2576) steps (0.0007 hrs) -nan:-nan 24348 (40) sec
[691] Ep10000: Max 4906 (938) steps (0.0003 hrs) -nan:-nan 24364 (16) sec
[692] Ep10000: Max 4906 (268) steps (0.0001 hrs) -nan:-nan 24378 (14) sec
[693] Ep10000: Max 4906 (447) steps (0.0001 hrs) -nan:-nan 24392 (14) sec
[694] Ep10000: Max 4906 (637) steps (0.0002 hrs) -nan:-nan 24413 (21) sec
[695] Ep10000: Max 4906 (2830) steps (0.0008 hrs) -nan:-nan 24454 (41) sec
[696] Ep10000: Max 4906 (2114) steps (0.0006 hrs) -nan:-nan 24500 (46) sec
[697] Ep10000: Max 4906 (2344) steps (0.0007 hrs) -nan:-nan 24550 (50) sec
[698] Ep10000: Max 4906 (1793) steps (0.0005 hrs) -nan:-nan 24573 (23) sec
[699] Ep10000: Max 4906 (450) steps (0.0001 hrs) -nan:-nan 24590 (17) sec
[700] Ep10000: Max 4906 (936) steps (0.0003 hrs) -nan:-nan 24618 (28) sec
[701] Ep10000: Max 4906 (2306) steps (0.0006 hrs) -nan:-nan 24668 (50) sec
[702] Ep10000: Max 4906 (2453) steps (0.0007 hrs) -nan:-nan 24714 (46) sec
[703] Ep10000: Max 4906 (1929) steps (0.0005 hrs) -nan:-nan 24752 (38) sec
[704] Ep10000: Max 4906 (610) steps (0.0002 hrs) -nan:-nan 24766 (14) sec
[705] Ep10000: Max 4906 (371) steps (0.0001 hrs) -nan:-nan 24780 (14) sec
[706] Ep10000: Max 4906 (2471) steps (0.0007 hrs) -nan:-nan 24823 (43) sec
[707] Ep10000: Max 4906 (1952) steps (0.0005 hrs) -nan:-nan 24862 (39) sec
[708] Ep10000: Max 4906 (2607) steps (0.0007 hrs) -nan:-nan 24902 (40) sec
[709] Ep10000: Max 4906 (1286) steps (0.0004 hrs) -nan:-nan 24923 (21) sec
[710] Ep10000: Max 4906 (727) steps (0.0002 hrs) -nan:-nan 24938 (15) sec
[711] Ep10000: Max 4906 (1956) steps (0.0005 hrs) -nan:-nan 24979 (41) sec
[712] Ep10000: Max 4906 (1449) steps (0.0004 hrs) -nan:-nan 25003 (24) sec
[713] Ep10000: Max 4906 (2291) steps (0.0006 hrs) -nan:-nan 25052 (49) sec
[714] Ep10000: Max 4906 (92) steps (0.0000 hrs) -nan:-nan 25068 (16) sec
[715] Ep10000: Max 4906 (1354) steps (0.0004 hrs) -nan:-nan 25086 (18) sec
[716] Ep10000: Max 4906 (3078) steps (0.0009 hrs) -nan:-nan 25124 (38) sec
[717] Ep10000: Max 4906 (1969) steps (0.0005 hrs) -nan:-nan 25154 (30) sec
[718] Ep10000: Max 4906 (2133) steps (0.0006 hrs) -nan:-nan 25198 (44) sec
[719] Ep10000: Max 4906 (1466) steps (0.0004 hrs) -nan:-nan 25214 (16) sec
[720] Ep10000: Max 4906 (2426) steps (0.0007 hrs) -nan:-nan 25257 (43) sec
[721] Ep10000: Max 4906 (776) steps (0.0002 hrs) -nan:-nan 25275 (18) sec
[722] Ep10000: Max 4906 (2601) steps (0.0007 hrs) -nan:-nan 25318 (43) sec
[723] Ep10000: Max 4906 (1975) steps (0.0005 hrs) -nan:-nan 25338 (20) sec
[724] Ep10000: Max 4906 (1429) steps (0.0004 hrs) -nan:-nan 25361 (23) sec
[725] Ep10000: Max 4906 (1775) steps (0.0005 hrs) -nan:-nan 25407 (46) sec
[726] Ep10000: Max 4906 (916) steps (0.0003 hrs) -nan:-nan 25426 (19) sec
[727] Ep10000: Max 4906 (649) steps (0.0002 hrs) -nan:-nan 25443 (17) sec
[728] Ep10000: Max 4906 (1290) steps (0.0004 hrs) -nan:-nan 25462 (19) sec
[729] Ep10000: Max 4906 (2367) steps (0.0007 hrs) -nan:-nan 25507 (45) sec
[730] Ep10000: Max 4906 (2292) steps (0.0006 hrs) -nan:-nan 25556 (49) sec
[731] Ep10000: Max 4906 (2376) steps (0.0007 hrs) -nan:-nan 25601 (45) sec
[732] Ep10000: Max 4906 (2249) steps (0.0006 hrs) -nan:-nan 25642 (41) sec
[733] Ep10000: Max 4906 (2069) steps (0.0006 hrs) -nan:-nan 25657 (15) sec
[734] Ep10000: Max 4906 (1523) steps (0.0004 hrs) -nan:-nan 25682 (25) sec
[735] Ep10000: Max 4906 (1396) steps (0.0004 hrs) -nan:-nan 25700 (18) sec
[736] Ep10000: Max 4906 (2309) steps (0.0006 hrs) -nan:-nan 25751 (51) sec
[737] Ep10000: Max 4906 (1112) steps (0.0003 hrs) -nan:-nan 25770 (19) sec
[738] Ep10000: Max 4906 (2608) steps (0.0007 hrs) -nan:-nan 25820 (50) sec
[739] Ep10000: Max 4906 (2255) steps (0.0006 hrs) -nan:-nan 25873 (53) sec
[740] Ep10000: Max 4906 (1015) steps (0.0003 hrs) -nan:-nan 25892 (19) sec
[741] Ep10000: Max 4906 (2222) steps (0.0006 hrs) -nan:-nan 25935 (43) sec
[742] Ep10000: Max 4906 (1263) steps (0.0004 hrs) -nan:-nan 25958 (23) sec
[743] Ep10000: Max 4906 (2487) steps (0.0007 hrs) -nan:-nan 26009 (51) sec
[744] Ep10000: Max 4906 (1347) steps (0.0004 hrs) -nan:-nan 26033 (24) sec
[745] Ep10000: Max 4906 (2153) steps (0.0006 hrs) -nan:-nan 26085 (52) sec
[746] Ep10000: Max 4906 (1703) steps (0.0005 hrs) -nan:-nan 26106 (21) sec
[747] Ep10000: Max 4906 (212) steps (0.0001 hrs) -nan:-nan 26122 (16) sec
[748] Ep10000: Max 4906 (2163) steps (0.0006 hrs) -nan:-nan 26170 (48) sec
[749] Ep10000: Max 4906 (1413) steps (0.0004 hrs) -nan:-nan 26194 (24) sec
[750] Ep10000: Max 4906 (1875) steps (0.0005 hrs) -nan:-nan 26242 (48) sec
[751] Ep10000: Max 4906 (2833) steps (0.0008 hrs) -nan:-nan 26291 (49) sec
[752] Ep10000: Max 4906 (428) steps (0.0001 hrs) -nan:-nan 26309 (18) sec
[753] Ep10000: Max 4906 (1652) steps (0.0005 hrs) -nan:-nan 26341 (32) sec
[754] Ep10000: Max 4906 (1825) steps (0.0005 hrs) -nan:-nan 26378 (37) sec
[755] Ep10000: Max 4906 (701) steps (0.0002 hrs) -nan:-nan 26403 (25) sec
[756] Ep10000: Max 4906 (1387) steps (0.0004 hrs) -nan:-nan 26418 (15) sec
[757] Ep10000: Max 4906 (1891) steps (0.0005 hrs) -nan:-nan 26464 (46) sec
[758] Ep10000: Max 4906 (2086) steps (0.0006 hrs) -nan:-nan 26509 (45) sec
[759] Ep10000: Max 4906 (731) steps (0.0002 hrs) -nan:-nan 26526 (17) sec
[760] Ep10000: Max 4906 (1361) steps (0.0004 hrs) -nan:-nan 26549 (23) sec
[761] Ep10000: Max 4906 (625) steps (0.0002 hrs) -nan:-nan 26565 (16) sec
[762] Ep10000: Max 4906 (176) steps (0.0000 hrs) -nan:-nan 26581 (16) sec
[763] Ep10000: Max 4906 (2213) steps (0.0006 hrs) -nan:-nan 26627 (46) sec
[764] Ep10000: Max 4906 (1921) steps (0.0005 hrs) -nan:-nan 26674 (47) sec
[765] Ep10000: Max 4906 (2012) steps (0.0006 hrs) -nan:-nan 26722 (48) sec
[766] Ep10000: Max 4906 (596) steps (0.0002 hrs) -nan:-nan 26737 (15) sec
[767] Ep10000: Max 4906 (726) steps (0.0002 hrs) -nan:-nan 26752 (15) sec
[768] Ep10000: Max 4906 (1930) steps (0.0005 hrs) -nan:-nan 26793 (41) sec
[769] Ep10000: Max 4906 (1684) steps (0.0005 hrs) -nan:-nan 26821 (28) sec
[770] Ep10000: Max 4906 (2744) steps (0.0008 hrs) -nan:-nan 26865 (44) sec
[771] Ep10000: Max 4906 (1537) steps (0.0004 hrs) -nan:-nan 26893 (28) sec
[772] Ep10000: Max 4906 (2247) steps (0.0006 hrs) -nan:-nan 26932 (39) sec
[773] Ep10000: Max 4906 (2787) steps (0.0008 hrs) -nan:-nan 26979 (47) sec
[774] Ep10000: Max 4906 (2222) steps (0.0006 hrs) -nan:-nan 27028 (49) sec
[775] Ep10000: Max 4906 (3538) steps (0.0010 hrs) -nan:-nan 27077 (49) sec
[776] Ep10000: Max 4906 (2264) steps (0.0006 hrs) -nan:-nan 27128 (51) sec
[777] Ep10000: Max 4906 (3007) steps (0.0008 hrs) -nan:-nan 27161 (33) sec
[778] Ep10000: Max 4906 (2569) steps (0.0007 hrs) -nan:-nan 27205 (44) sec
[779] Ep10000: Max 4906 (847) steps (0.0002 hrs) -nan:-nan 27221 (16) sec
[780] Ep10000: Max 4906 (2076) steps (0.0006 hrs) -nan:-nan 27263 (42) sec
[781] Ep10000: Max 4906 (2321) steps (0.0006 hrs) -nan:-nan 27289 (26) sec
[782] Ep10000: Max 4906 (1646) steps (0.0005 hrs) -nan:-nan 27305 (16) sec
[783] Ep10000: Max 4906 (2019) steps (0.0006 hrs) -nan:-nan 27321 (16) sec
[784] Ep10000: Max 4906 (2473) steps (0.0007 hrs) -nan:-nan 27364 (43) sec
[785] Ep10000: Max 4906 (881) steps (0.0002 hrs) -nan:-nan 27378 (14) sec
[786] Ep10000: Max 4906 (2073) steps (0.0006 hrs) -nan:-nan 27420 (42) sec
[787] Ep10000: Max 4906 (2331) steps (0.0006 hrs) -nan:-nan 27461 (41) sec
[788] Ep10000: Max 4906 (1119) steps (0.0003 hrs) -nan:-nan 27481 (20) sec
[789] Ep10000: Max 4906 (1870) steps (0.0005 hrs) -nan:-nan 27503 (22) sec
[790] Ep10000: Max 4906 (335) steps (0.0001 hrs) -nan:-nan 27517 (14) sec
[791] Ep10000: Max 4906 (2380) steps (0.0007 hrs) -nan:-nan 27559 (42) sec
[792] Ep10000: Max 4906 (768) steps (0.0002 hrs) -nan:-nan 27574 (15) sec
[793] Ep10000: Max 4906 (2591) steps (0.0007 hrs) -nan:-nan 27606 (32) sec
[794] Ep10000: Max 4906 (2626) steps (0.0007 hrs) -nan:-nan 27648 (42) sec
[795] Ep10000: Max 4906 (1476) steps (0.0004 hrs) -nan:-nan 27672 (24) sec
[796] Ep10000: Max 4906 (2688) steps (0.0007 hrs) -nan:-nan 27714 (42) sec
[797] Ep10000: Max 4906 (1012) steps (0.0003 hrs) -nan:-nan 27730 (16) sec
[798] Ep10000: Max 4906 (2338) steps (0.0006 hrs) -nan:-nan 27772 (42) sec
[799] Ep10000: Max 4906 (2180) steps (0.0006 hrs) -nan:-nan 27800 (28) sec
[800] Ep10000: Max 4906 (1200) steps (0.0003 hrs) -nan:-nan 27816 (16) sec
[801] Ep10000: Max 4906 (2518) steps (0.0007 hrs) -nan:-nan 27859 (43) sec
[802] Ep10000: Max 4906 (2781) steps (0.0008 hrs) -nan:-nan 27895 (36) sec
[803] Ep10000: Max 4906 (1006) steps (0.0003 hrs) -nan:-nan 27918 (23) sec
[804] Ep10000: Max 4906 (721) steps (0.0002 hrs) -nan:-nan 27932 (14) sec
[805] Ep10000: Max 4906 (1852) steps (0.0005 hrs) -nan:-nan 27975 (43) sec
[806] Ep10000: Max 4906 (1374) steps (0.0004 hrs) -nan:-nan 27994 (19) sec
[807] Ep10000: Max 4906 (236) steps (0.0001 hrs) -nan:-nan 28009 (15) sec
[808] Ep10000: Max 4906 (535) steps (0.0001 hrs) -nan:-nan 28023 (14) sec
[809] Ep10000: Max 4906 (1912) steps (0.0005 hrs) -nan:-nan 28048 (25) sec
[810] Ep10000: Max 4906 (219) steps (0.0001 hrs) -nan:-nan 28061 (13) sec
[811] Ep10000: Max 4906 (1625) steps (0.0005 hrs) -nan:-nan 28082 (21) sec
[812] Ep10000: Max 4906 (481) steps (0.0001 hrs) -nan:-nan 28096 (14) sec
[813] Ep10000: Max 4906 (1183) steps (0.0003 hrs) -nan:-nan 28116 (20) sec
[814] Ep10000: Max 4906 (1889) steps (0.0005 hrs) -nan:-nan 28136 (20) sec
[815] Ep10000: Max 4906 (1769) steps (0.0005 hrs) -nan:-nan 28176 (40) sec
[816] Ep10000: Max 4906 (2151) steps (0.0006 hrs) -nan:-nan 28220 (44) sec
[817] Ep10000: Max 4906 (2042) steps (0.0006 hrs) -nan:-nan 28261 (41) sec
[818] Ep10000: Max 4906 (2653) steps (0.0007 hrs) -nan:-nan 28298 (37) sec
[819] Ep10000: Max 4906 (906) steps (0.0003 hrs) -nan:-nan 28312 (14) sec
[820] Ep10000: Max 4906 (501) steps (0.0001 hrs) -nan:-nan 28327 (15) sec
[821] Ep10000: Max 4906 (2033) steps (0.0006 hrs) -nan:-nan 28370 (43) sec
[822] Ep10000: Max 4906 (2253) steps (0.0006 hrs) -nan:-nan 28408 (38) sec
[823] Ep10000: Max 4906 (243) steps (0.0001 hrs) -nan:-nan 28423 (15) sec
[824] Ep10000: Max 4906 (2418) steps (0.0007 hrs) -nan:-nan 28462 (39) sec
[825] Ep10000: Max 4906 (2402) steps (0.0007 hrs) -nan:-nan 28500 (38) sec
[826] Ep10000: Max 4906 (704) steps (0.0002 hrs) -nan:-nan 28514 (14) sec
[827] Ep10000: Max 4906 (864) steps (0.0002 hrs) -nan:-nan 28529 (15) sec
[828] Ep10000: Max 4906 (1245) steps (0.0003 hrs) -nan:-nan 28543 (14) sec
[829] Ep10000: Max 4906 (2294) steps (0.0006 hrs) -nan:-nan 28586 (43) sec
[830] Ep10000: Max 4906 (2826) steps (0.0008 hrs) -nan:-nan 28624 (38) sec
[831] Ep10000: Max 4906 (1965) steps (0.0005 hrs) -nan:-nan 28647 (23) sec
[832] Ep10000: Max 4906 (2700) steps (0.0008 hrs) -nan:-nan 28677 (30) sec
[833] Ep10000: Max 4906 (1742) steps (0.0005 hrs) -nan:-nan 28695 (18) sec
[834] Ep10000: Max 4906 (887) steps (0.0002 hrs) -nan:-nan 28710 (15) sec
[835] Ep10000: Max 4906 (787) steps (0.0002 hrs) -nan:-nan 28725 (15) sec
[836] Ep10000: Max 4906 (1022) steps (0.0003 hrs) -nan:-nan 28740 (15) sec
[837] Ep10000: Max 4906 (2253) steps (0.0006 hrs) -nan:-nan 28782 (42) sec
[838] Ep10000: Max 4906 (1905) steps (0.0005 hrs) -nan:-nan 28821 (39) sec
[839] Ep10000: Max 4906 (2537) steps (0.0007 hrs) -nan:-nan 28836 (15) sec
[840] Ep10000: Max 4906 (2371) steps (0.0007 hrs) -nan:-nan 28877 (41) sec
[841] Ep10000: Max 4906 (905) steps (0.0003 hrs) -nan:-nan 28893 (16) sec
[842] Ep10000: Max 4906 (964) steps (0.0003 hrs) -nan:-nan 28908 (15) sec
[843] Ep10000: Max 4906 (890) steps (0.0002 hrs) -nan:-nan 28924 (16) sec
[844] Ep10000: Max 4906 (1137) steps (0.0003 hrs) -nan:-nan 28945 (21) sec
[845] Ep10000: Max 4906 (757) steps (0.0002 hrs) -nan:-nan 28960 (15) sec
[846] Ep10000: Max 4906 (790) steps (0.0002 hrs) -nan:-nan 28975 (15) sec
[847] Ep10000: Max 4906 (3131) steps (0.0009 hrs) -nan:-nan 29012 (37) sec
[848] Ep10000: Max 4906 (1295) steps (0.0004 hrs) -nan:-nan 29032 (20) sec
[849] Ep10000: Max 4906 (2102) steps (0.0006 hrs) -nan:-nan 29073 (41) sec
[850] Ep10000: Max 4906 (928) steps (0.0003 hrs) -nan:-nan 29089 (16) sec
[851] Ep10000: Max 4906 (2119) steps (0.0006 hrs) -nan:-nan 29127 (38) sec
[852] Ep10000: Max 4906 (856) steps (0.0002 hrs) -nan:-nan 29142 (15) sec
[853] Ep10000: Max 4906 (1893) steps (0.0005 hrs) -nan:-nan 29158 (16) sec
[854] Ep10000: Max 4906 (705) steps (0.0002 hrs) -nan:-nan 29172 (14) sec
[855] Ep10000: Max 4906 (1538) steps (0.0004 hrs) -nan:-nan 29189 (17) sec
[856] Ep10000: Max 4906 (2394) steps (0.0007 hrs) -nan:-nan 29204 (15) sec
[857] Ep10000: Max 4906 (2515) steps (0.0007 hrs) -nan:-nan 29248 (44) sec
[858] Ep10000: Max 4906 (375) steps (0.0001 hrs) -nan:-nan 29262 (14) sec
[859] Ep10000: Max 4906 (2636) steps (0.0007 hrs) -nan:-nan 29300 (38) sec
[860] Ep10000: Max 4906 (2260) steps (0.0006 hrs) -nan:-nan 29339 (39) sec
[861] Ep10000: Max 4906 (1961) steps (0.0005 hrs) -nan:-nan 29379 (40) sec
[862] Ep10000: Max 4906 (206) steps (0.0001 hrs) -nan:-nan 29393 (14) sec
[863] Ep10000: Max 4906 (1914) steps (0.0005 hrs) -nan:-nan 29418 (25) sec
[864] Ep10000: Max 4906 (1897) steps (0.0005 hrs) -nan:-nan 29464 (46) sec
[865] Ep10000: Max 4906 (2361) steps (0.0007 hrs) -nan:-nan 29507 (43) sec
[866] Ep10000: Max 4906 (1461) steps (0.0004 hrs) -nan:-nan 29527 (20) sec
[867] Ep10000: Max 4906 (1797) steps (0.0005 hrs) -nan:-nan 29565 (38) sec
[868] Ep10000: Max 4906 (2368) steps (0.0007 hrs) -nan:-nan 29607 (42) sec
[869] Ep10000: Max 4906 (2079) steps (0.0006 hrs) -nan:-nan 29648 (41) sec
[870] Ep10000: Max 4906 (1785) steps (0.0005 hrs) -nan:-nan 29673 (25) sec
[871] Ep10000: Max 4906 (2311) steps (0.0006 hrs) -nan:-nan 29714 (41) sec
[872] Ep10000: Max 4906 (728) steps (0.0002 hrs) -nan:-nan 29729 (15) sec
[873] Ep10000: Max 4906 (1678) steps (0.0005 hrs) -nan:-nan 29756 (27) sec
[874] Ep10000: Max 4906 (187) steps (0.0001 hrs) -nan:-nan 29769 (13) sec
[875] Ep10000: Max 4906 (2518) steps (0.0007 hrs) -nan:-nan 29810 (41) sec
[876] Ep10000: Max 4906 (928) steps (0.0003 hrs) -nan:-nan 29824 (14) sec
[877] Ep10000: Max 4906 (906) steps (0.0003 hrs) -nan:-nan 29839 (15) sec
[878] Ep10000: Max 4906 (2018) steps (0.0006 hrs) -nan:-nan 29863 (24) sec
[879] Ep10000: Max 4906 (2438) steps (0.0007 hrs) -nan:-nan 29904 (41) sec
[880] Ep10000: Max 4906 (1954) steps (0.0005 hrs) -nan:-nan 29923 (19) sec
[881] Ep10000: Max 4906 (2252) steps (0.0006 hrs) -nan:-nan 29962 (39) sec
[882] Ep10000: Max 4906 (924) steps (0.0003 hrs) -nan:-nan 29977 (15) sec
[883] Ep10000: Max 4906 (2311) steps (0.0006 hrs) -nan:-nan 30018 (41) sec
[884] Ep10000: Max 4906 (2130) steps (0.0006 hrs) -nan:-nan 30062 (44) sec
[885] Ep10000: Max 4906 (1049) steps (0.0003 hrs) -nan:-nan 30076 (14) sec
[886] Ep10000: Max 4906 (1939) steps (0.0005 hrs) -nan:-nan 30118 (42) sec
[887] Ep10000: Max 4906 (2089) steps (0.0006 hrs) -nan:-nan 30157 (39) sec
[888] Ep10000: Max 4906 (1979) steps (0.0005 hrs) -nan:-nan 30195 (38) sec
[889] Ep10000: Max 4906 (2323) steps (0.0006 hrs) -nan:-nan 30236 (41) sec
[890] Ep10000: Max 4906 (287) steps (0.0001 hrs) -nan:-nan 30250 (14) sec
[891] Ep10000: Max 4906 (2389) steps (0.0007 hrs) -nan:-nan 30292 (42) sec
[892] Ep10000: Max 4906 (2055) steps (0.0006 hrs) -nan:-nan 30318 (26) sec
[893] Ep10000: Max 4906 (438) steps (0.0001 hrs) -nan:-nan 30332 (14) sec
[894] Ep10000: Max 4906 (621) steps (0.0002 hrs) -nan:-nan 30347 (15) sec
[895] Ep10000: Max 4906 (1990) steps (0.0006 hrs) -nan:-nan 30384 (37) sec
[896] Ep10000: Max 4906 (2276) steps (0.0006 hrs) -nan:-nan 30423 (39) sec
[897] Ep10000: Max 4906 (2767) steps (0.0008 hrs) -nan:-nan 30465 (42) sec
[898] Ep10000: Max 4906 (2362) steps (0.0007 hrs) -nan:-nan 30505 (40) sec
[899] Ep10000: Max 4906 (751) steps (0.0002 hrs) -nan:-nan 30520 (15) sec
[900] Ep10000: Max 4906 (913) steps (0.0003 hrs) -nan:-nan 30535 (15) sec
[901] Ep10000: Max 4906 (2000) steps (0.0006 hrs) -nan:-nan 30561 (26) sec
[902] Ep10000: Max 4906 (2286) steps (0.0006 hrs) -nan:-nan 30582 (21) sec
[903] Ep10000: Max 4906 (1992) steps (0.0006 hrs) -nan:-nan 30608 (26) sec
[904] Ep10000: Max 4906 (2171) steps (0.0006 hrs) -nan:-nan 30649 (41) sec
[905] Ep10000: Max 4906 (772) steps (0.0002 hrs) -nan:-nan 30664 (15) sec
[906] Ep10000: Max 4906 (2046) steps (0.0006 hrs) -nan:-nan 30681 (17) sec
[907] Ep10000: Max 4906 (2670) steps (0.0007 hrs) -nan:-nan 30722 (41) sec
[908] Ep10000: Max 4906 (908) steps (0.0003 hrs) -nan:-nan 30736 (14) sec
[909] Ep10000: Max 4906 (2483) steps (0.0007 hrs) -nan:-nan 30777 (41) sec
[910] Ep10000: Max 4906 (851) steps (0.0002 hrs) -nan:-nan 30791 (14) sec
[911] Ep10000: Max 4906 (2120) steps (0.0006 hrs) -nan:-nan 30832 (41) sec
[912] Ep10000: Max 4906 (1918) steps (0.0005 hrs) -nan:-nan 30861 (29) sec
[913] Ep10000: Max 4906 (2804) steps (0.0008 hrs) -nan:-nan 30902 (41) sec
[914] Ep10000: Max 4906 (2793) steps (0.0008 hrs) -nan:-nan 30926 (24) sec
[915] Ep10000: Max 4906 (2188) steps (0.0006 hrs) -nan:-nan 30963 (37) sec
[916] Ep10000: Max 4906 (938) steps (0.0003 hrs) -nan:-nan 30978 (15) sec
[917] Ep10000: Max 4906 (1273) steps (0.0004 hrs) -nan:-nan 30992 (14) sec
[918] Ep10000: Max 4906 (2484) steps (0.0007 hrs) -nan:-nan 31022 (30) sec
[919] Ep10000: Max 4906 (2163) steps (0.0006 hrs) -nan:-nan 31062 (40) sec
[920] Ep10000: Max 4906 (3633) steps (0.0010 hrs) -nan:-nan 31109 (47) sec
[921] Ep10000: Max 4906 (1209) steps (0.0003 hrs) -nan:-nan 31124 (15) sec
[922] Ep10000: Max 4906 (2047) steps (0.0006 hrs) -nan:-nan 31165 (41) sec
[923] Ep10000: Max 4906 (877) steps (0.0002 hrs) -nan:-nan 31180 (15) sec
[924] Ep10000: Max 4906 (2100) steps (0.0006 hrs) -nan:-nan 31220 (40) sec
[925] Ep10000: Max 4906 (903) steps (0.0003 hrs) -nan:-nan 31240 (20) sec
[926] Ep10000: Max 4906 (720) steps (0.0002 hrs) -nan:-nan 31254 (14) sec
[927] Ep10000: Max 4906 (325) steps (0.0001 hrs) -nan:-nan 31268 (14) sec
[928] Ep10000: Max 4906 (2109) steps (0.0006 hrs) -nan:-nan 31308 (40) sec
[929] Ep10000: Max 4906 (517) steps (0.0001 hrs) -nan:-nan 31322 (14) sec
[930] Ep10000: Max 4906 (1690) steps (0.0005 hrs) -nan:-nan 31337 (15) sec
[931] Ep10000: Max 4906 (2290) steps (0.0006 hrs) -nan:-nan 31378 (41) sec
[932] Ep10000: Max 4906 (1959) steps (0.0005 hrs) -nan:-nan 31412 (34) sec
[933] Ep10000: Max 4906 (1779) steps (0.0005 hrs) -nan:-nan 31451 (39) sec
[934] Ep10000: Max 4906 (439) steps (0.0001 hrs) -nan:-nan 31465 (14) sec
[935] Ep10000: Max 4906 (1991) steps (0.0006 hrs) -nan:-nan 31507 (42) sec
[936] Ep10000: Max 4906 (331) steps (0.0001 hrs) -nan:-nan 31521 (14) sec
[937] Ep10000: Max 4906 (1943) steps (0.0005 hrs) -nan:-nan 31548 (27) sec
[938] Ep10000: Max 4906 (2381) steps (0.0007 hrs) -nan:-nan 31592 (44) sec
[939] Ep10000: Max 4906 (2477) steps (0.0007 hrs) -nan:-nan 31631 (39) sec
[940] Ep10000: Max 4906 (2754) steps (0.0008 hrs) -nan:-nan 31672 (41) sec
[941] Ep10000: Max 4906 (2565) steps (0.0007 hrs) -nan:-nan 31719 (47) sec
[942] Ep10000: Max 4906 (366) steps (0.0001 hrs) -nan:-nan 31733 (14) sec
[943] Ep10000: Max 4906 (872) steps (0.0002 hrs) -nan:-nan 31748 (15) sec
[944] Ep10000: Max 4906 (1370) steps (0.0004 hrs) -nan:-nan 31771 (23) sec
[945] Ep10000: Max 4906 (2270) steps (0.0006 hrs) -nan:-nan 31812 (41) sec
[946] Ep10000: Max 4906 (1521) steps (0.0004 hrs) -nan:-nan 31832 (20) sec
[947] Ep10000: Max 4906 (1490) steps (0.0004 hrs) -nan:-nan 31847 (15) sec
[948] Ep10000: Max 4906 (2267) steps (0.0006 hrs) -nan:-nan 31892 (45) sec
[949] Ep10000: Max 4906 (2212) steps (0.0006 hrs) -nan:-nan 31932 (40) sec
[950] Ep10000: Max 4906 (1606) steps (0.0004 hrs) -nan:-nan 31951 (19) sec
[951] Ep10000: Max 4906 (324) steps (0.0001 hrs) -nan:-nan 31965 (14) sec
[952] Ep10000: Max 4906 (2204) steps (0.0006 hrs) -nan:-nan 32004 (39) sec
[953] Ep10000: Max 4906 (2863) steps (0.0008 hrs) -nan:-nan 32027 (23) sec
[954] Ep10000: Max 4906 (1471) steps (0.0004 hrs) -nan:-nan 32046 (19) sec
[955] Ep10000: Max 4906 (2581) steps (0.0007 hrs) -nan:-nan 32085 (39) sec
[956] Ep10000: Max 4906 (1316) steps (0.0004 hrs) -nan:-nan 32101 (16) sec
[957] Ep10000: Max 4906 (1938) steps (0.0005 hrs) -nan:-nan 32141 (40) sec
[958] Ep10000: Max 4906 (1414) steps (0.0004 hrs) -nan:-nan 32161 (20) sec
[959] Ep10000: Max 4906 (696) steps (0.0002 hrs) -nan:-nan 32175 (14) sec
[960] Ep10000: Max 4906 (1830) steps (0.0005 hrs) -nan:-nan 32199 (24) sec
[961] Ep10000: Max 4906 (2236) steps (0.0006 hrs) -nan:-nan 32241 (42) sec
[962] Ep10000: Max 4906 (1087) steps (0.0003 hrs) -nan:-nan 32257 (16) sec
[963] Ep10000: Max 4906 (2807) steps (0.0008 hrs) -nan:-nan 32296 (39) sec
[964] Ep10000: Max 4906 (2387) steps (0.0007 hrs) -nan:-nan 32341 (45) sec
[965] Ep10000: Max 4906 (2578) steps (0.0007 hrs) -nan:-nan 32383 (42) sec
[966] Ep10000: Max 4906 (2074) steps (0.0006 hrs) -nan:-nan 32402 (19) sec
[967] Ep10000: Max 4906 (2623) steps (0.0007 hrs) -nan:-nan 32445 (43) sec
[968] Ep10000: Max 4906 (618) steps (0.0002 hrs) -nan:-nan 32465 (20) sec
[969] Ep10000: Max 4906 (2760) steps (0.0008 hrs) -nan:-nan 32507 (42) sec
[970] Ep10000: Max 4906 (1092) steps (0.0003 hrs) -nan:-nan 32522 (15) sec
[971] Ep10000: Max 4906 (2821) steps (0.0008 hrs) -nan:-nan 32561 (39) sec
[972] Ep10000: Max 4906 (1798) steps (0.0005 hrs) -nan:-nan 32601 (40) sec
[973] Ep10000: Max 4906 (3433) steps (0.0010 hrs) -nan:-nan 32643 (42) sec
[974] Ep10000: Max 4906 (2074) steps (0.0006 hrs) -nan:-nan 32685 (42) sec
[975] Ep10000: Max 4906 (620) steps (0.0002 hrs) -nan:-nan 32705 (20) sec
[976] Ep10000: Max 4906 (2690) steps (0.0007 hrs) -nan:-nan 32743 (38) sec
[977] Ep10000: Max 4906 (2319) steps (0.0006 hrs) -nan:-nan 32784 (41) sec
[978] Ep10000: Max 4906 (547) steps (0.0002 hrs) -nan:-nan 32799 (15) sec
[979] Ep10000: Max 4906 (2613) steps (0.0007 hrs) -nan:-nan 32836 (37) sec
[980] Ep10000: Max 4906 (1229) steps (0.0003 hrs) -nan:-nan 32851 (15) sec
[981] Ep10000: Max 4906 (350) steps (0.0001 hrs) -nan:-nan 32865 (14) sec
[982] Ep10000: Max 4906 (703) steps (0.0002 hrs) -nan:-nan 32880 (15) sec
[983] Ep10000: Max 4906 (2225) steps (0.0006 hrs) -nan:-nan 32919 (39) sec
[984] Ep10000: Max 4906 (2254) steps (0.0006 hrs) -nan:-nan 32960 (41) sec
[985] Ep10000: Max 4906 (2344) steps (0.0007 hrs) -nan:-nan 33004 (44) sec
[986] Ep10000: Max 4906 (2191) steps (0.0006 hrs) -nan:-nan 33044 (40) sec
[987] Ep10000: Max 4906 (1321) steps (0.0004 hrs) -nan:-nan 33061 (17) sec
[988] Ep10000: Max 4906 (1801) steps (0.0005 hrs) -nan:-nan 33097 (36) sec
[989] Ep10000: Max 4906 (1941) steps (0.0005 hrs) -nan:-nan 33134 (37) sec
[990] Ep10000: Max 4906 (2226) steps (0.0006 hrs) -nan:-nan 33159 (25) sec
[991] Ep10000: Max 4906 (602) steps (0.0002 hrs) -nan:-nan 33175 (16) sec
[992] Ep10000: Max 4906 (3235) steps (0.0009 hrs) -nan:-nan 33220 (45) sec
[993] Ep10000: Max 4906 (2082) steps (0.0006 hrs) -nan:-nan 33245 (25) sec
[994] Ep10000: Max 4906 (2043) steps (0.0006 hrs) -nan:-nan 33287 (42) sec
[995] Ep10000: Max 4906 (1135) steps (0.0003 hrs) -nan:-nan 33302 (15) sec
[996] Ep10000: Max 4906 (857) steps (0.0002 hrs) -nan:-nan 33318 (16) sec
[997] Ep10000: Max 4906 (2519) steps (0.0007 hrs) -nan:-nan 33360 (42) sec
[998] Ep10000: Max 4906 (801) steps (0.0002 hrs) -nan:-nan 33374 (14) sec
[999] Ep10000: Max 4906 (396) steps (0.0001 hrs) -nan:-nan 33388 (14) sec
[1000] Ep10000: Max 4906 (2362) steps (0.0007 hrs) -nan:-nan 33424 (36) sec
Total Elapsed time: 33424 seconds
Wrote current data to latest.train
