balanced 0 test_flag 0
[1] Ep10000: Max 2590 (2590) steps (0.0007 hrs) -nan:-nan 51 (51) sec
[2] Ep10000: Max 2590 (2255) steps (0.0006 hrs) -nan:-nan 97 (46) sec
[3] Ep10000: Max 2590 (1810) steps (0.0005 hrs) -nan:-nan 149 (52) sec
[4] Ep10000: Max 2713 (2713) steps (0.0008 hrs) -nan:-nan 200 (51) sec
[5] Ep10000: Max 2713 (2567) steps (0.0007 hrs) -nan:-nan 232 (32) sec
[6] Ep10000: Max 2713 (1299) steps (0.0004 hrs) -nan:-nan 265 (33) sec
[7] Ep10000: Max 2744 (2744) steps (0.0008 hrs) -nan:-nan 317 (52) sec
[8] Ep10000: Max 2744 (1032) steps (0.0003 hrs) -nan:-nan 351 (34) sec
[9] Ep10000: Max 2744 (2017) steps (0.0006 hrs) -nan:-nan 403 (52) sec
[10] Ep10000: Max 2744 (926) steps (0.0003 hrs) -nan:-nan 435 (32) sec
[11] Ep10000: Max 2744 (1553) steps (0.0004 hrs) -nan:-nan 466 (31) sec
[12] Ep10000: Max 2744 (2002) steps (0.0006 hrs) -nan:-nan 514 (48) sec
[13] Ep10000: Max 2744 (886) steps (0.0002 hrs) -nan:-nan 545 (31) sec
[14] Ep10000: Max 2744 (2084) steps (0.0006 hrs) -nan:-nan 580 (35) sec
[15] Ep10000: Max 2744 (2575) steps (0.0007 hrs) -nan:-nan 633 (53) sec
[16] Ep10000: Max 2744 (1654) steps (0.0005 hrs) -nan:-nan 666 (33) sec
[17] Ep10000: Max 2744 (1379) steps (0.0004 hrs) -nan:-nan 698 (32) sec
[18] Ep10000: Max 2744 (1175) steps (0.0003 hrs) -nan:-nan 728 (30) sec
[19] Ep10000: Max 2744 (936) steps (0.0003 hrs) -nan:-nan 759 (31) sec
[20] Ep10000: Max 2744 (2206) steps (0.0006 hrs) -nan:-nan 798 (39) sec
[21] Ep10000: Max 2760 (2760) steps (0.0008 hrs) -nan:-nan 842 (44) sec
[22] Ep10000: Max 2760 (1612) steps (0.0004 hrs) -nan:-nan 872 (30) sec
[23] Ep10000: Max 2760 (1531) steps (0.0004 hrs) -nan:-nan 902 (30) sec
[24] Ep10000: Max 2760 (1992) steps (0.0006 hrs) -nan:-nan 951 (49) sec
[25] Ep10000: Max 2760 (877) steps (0.0002 hrs) -nan:-nan 981 (30) sec
[26] Ep10000: Max 2760 (860) steps (0.0002 hrs) -nan:-nan 1012 (31) sec
[27] Ep10000: Max 2760 (999) steps (0.0003 hrs) -nan:-nan 1042 (30) sec
[28] Ep10000: Max 2760 (1155) steps (0.0003 hrs) -nan:-nan 1073 (31) sec
[29] Ep10000: Max 2760 (2014) steps (0.0006 hrs) -nan:-nan 1123 (50) sec
[30] Ep10000: Max 2760 (1646) steps (0.0005 hrs) -nan:-nan 1158 (35) sec
[31] Ep10000: Max 2760 (1209) steps (0.0003 hrs) -nan:-nan 1189 (31) sec
[32] Ep10000: Max 2760 (1387) steps (0.0004 hrs) -nan:-nan 1221 (32) sec
[33] Ep10000: Max 2910 (2910) steps (0.0008 hrs) -nan:-nan 1272 (51) sec
[34] Ep10000: Max 2910 (2181) steps (0.0006 hrs) -nan:-nan 1323 (51) sec
[35] Ep10000: Max 2910 (2060) steps (0.0006 hrs) -nan:-nan 1373 (50) sec
[36] Ep10000: Max 2910 (1872) steps (0.0005 hrs) -nan:-nan 1410 (37) sec
[37] Ep10000: Max 2910 (2341) steps (0.0007 hrs) -nan:-nan 1459 (49) sec
[38] Ep10000: Max 2910 (2892) steps (0.0008 hrs) -nan:-nan 1507 (48) sec
[39] Ep10000: Max 2910 (2043) steps (0.0006 hrs) -nan:-nan 1558 (51) sec
[40] Ep10000: Max 4091 (4091) steps (0.0011 hrs) -nan:-nan 1600 (42) sec
[41] Ep10000: Max 4091 (464) steps (0.0001 hrs) -nan:-nan 1634 (34) sec
[42] Ep10000: Max 4091 (402) steps (0.0001 hrs) -nan:-nan 1666 (32) sec
[43] Ep10000: Max 4091 (615) steps (0.0002 hrs) -nan:-nan 1697 (31) sec
[44] Ep10000: Max 4091 (1661) steps (0.0005 hrs) -nan:-nan 1730 (33) sec
[45] Ep10000: Max 4091 (672) steps (0.0002 hrs) -nan:-nan 1769 (39) sec
[46] Ep10000: Max 4091 (365) steps (0.0001 hrs) -nan:-nan 1814 (45) sec
[47] Ep10000: Max 4091 (342) steps (0.0001 hrs) -nan:-nan 1858 (44) sec
[48] Ep10000: Max 4091 (2078) steps (0.0006 hrs) -nan:-nan 1927 (69) sec
[49] Ep10000: Max 4091 (1907) steps (0.0005 hrs) -nan:-nan 1987 (60) sec
[50] Ep10000: Max 4091 (570) steps (0.0002 hrs) -nan:-nan 2028 (41) sec
[51] Ep10000: Max 4091 (2163) steps (0.0006 hrs) -nan:-nan 2078 (50) sec
[52] Ep10000: Max 4091 (2372) steps (0.0007 hrs) -nan:-nan 2140 (62) sec
[53] Ep10000: Max 4091 (1130) steps (0.0003 hrs) -nan:-nan 2180 (40) sec
[54] Ep10000: Max 4091 (2561) steps (0.0007 hrs) -nan:-nan 2238 (58) sec
[55] Ep10000: Max 4091 (650) steps (0.0002 hrs) -nan:-nan 2278 (40) sec
[56] Ep10000: Max 4091 (2147) steps (0.0006 hrs) -nan:-nan 2336 (58) sec
[57] Ep10000: Max 4091 (1903) steps (0.0005 hrs) -nan:-nan 2392 (56) sec
[58] Ep10000: Max 4091 (425) steps (0.0001 hrs) -nan:-nan 2430 (38) sec
[59] Ep10000: Max 4091 (2132) steps (0.0006 hrs) -nan:-nan 2486 (56) sec
[60] Ep10000: Max 4091 (2701) steps (0.0008 hrs) -nan:-nan 2534 (48) sec
[61] Ep10000: Max 4091 (2078) steps (0.0006 hrs) -nan:-nan 2578 (44) sec
[62] Ep10000: Max 4091 (2066) steps (0.0006 hrs) -nan:-nan 2629 (51) sec
[63] Ep10000: Max 4091 (2257) steps (0.0006 hrs) -nan:-nan 2680 (51) sec
[64] Ep10000: Max 4091 (929) steps (0.0003 hrs) -nan:-nan 2713 (33) sec
[65] Ep10000: Max 4091 (3650) steps (0.0010 hrs) -nan:-nan 2766 (53) sec
[66] Ep10000: Max 4091 (2238) steps (0.0006 hrs) -nan:-nan 2816 (50) sec
[67] Ep10000: Max 4091 (1414) steps (0.0004 hrs) -nan:-nan 2854 (38) sec
[68] Ep10000: Max 4091 (2668) steps (0.0007 hrs) -nan:-nan 2906 (52) sec
[69] Ep10000: Max 4091 (1247) steps (0.0003 hrs) -nan:-nan 2942 (36) sec
[70] Ep10000: Max 4091 (777) steps (0.0002 hrs) -nan:-nan 2978 (36) sec
[71] Ep10000: Max 4091 (2120) steps (0.0006 hrs) -nan:-nan 3029 (51) sec
[72] Ep10000: Max 4091 (1528) steps (0.0004 hrs) -nan:-nan 3071 (42) sec
[73] Ep10000: Max 4091 (2185) steps (0.0006 hrs) -nan:-nan 3121 (50) sec
[74] Ep10000: Max 4091 (313) steps (0.0001 hrs) -nan:-nan 3158 (37) sec
[75] Ep10000: Max 4091 (1917) steps (0.0005 hrs) -nan:-nan 3193 (35) sec
[76] Ep10000: Max 4091 (2121) steps (0.0006 hrs) -nan:-nan 3227 (34) sec
[77] Ep10000: Max 4091 (757) steps (0.0002 hrs) -nan:-nan 3259 (32) sec
[78] Ep10000: Max 4091 (1543) steps (0.0004 hrs) -nan:-nan 3295 (36) sec
[79] Ep10000: Max 4091 (1699) steps (0.0005 hrs) -nan:-nan 3331 (36) sec
[80] Ep10000: Max 4091 (1040) steps (0.0003 hrs) -nan:-nan 3364 (33) sec
[81] Ep10000: Max 4091 (1875) steps (0.0005 hrs) -nan:-nan 3394 (30) sec
[82] Ep10000: Max 4091 (2608) steps (0.0007 hrs) -nan:-nan 3447 (53) sec
[83] Ep10000: Max 4091 (2055) steps (0.0006 hrs) -nan:-nan 3497 (50) sec
[84] Ep10000: Max 4091 (715) steps (0.0002 hrs) -nan:-nan 3529 (32) sec
[85] Ep10000: Max 4091 (2136) steps (0.0006 hrs) -nan:-nan 3568 (39) sec
[86] Ep10000: Max 4091 (2348) steps (0.0007 hrs) -nan:-nan 3622 (54) sec
[87] Ep10000: Max 4091 (1026) steps (0.0003 hrs) -nan:-nan 3658 (36) sec
[88] Ep10000: Max 4091 (1099) steps (0.0003 hrs) -nan:-nan 3692 (34) sec
[89] Ep10000: Max 4091 (2254) steps (0.0006 hrs) -nan:-nan 3745 (53) sec
[90] Ep10000: Max 4091 (2448) steps (0.0007 hrs) -nan:-nan 3798 (53) sec
[91] Ep10000: Max 4091 (2225) steps (0.0006 hrs) -nan:-nan 3848 (50) sec
[92] Ep10000: Max 4091 (1377) steps (0.0004 hrs) -nan:-nan 3879 (31) sec
[93] Ep10000: Max 4091 (2082) steps (0.0006 hrs) -nan:-nan 3917 (38) sec
[94] Ep10000: Max 4091 (2179) steps (0.0006 hrs) -nan:-nan 3957 (40) sec
[95] Ep10000: Max 4091 (1336) steps (0.0004 hrs) -nan:-nan 3987 (30) sec
[96] Ep10000: Max 4091 (810) steps (0.0002 hrs) -nan:-nan 4018 (31) sec
[97] Ep10000: Max 4091 (2725) steps (0.0008 hrs) -nan:-nan 4075 (57) sec
[98] Ep10000: Max 4091 (2579) steps (0.0007 hrs) -nan:-nan 4129 (54) sec
[99] Ep10000: Max 4091 (759) steps (0.0002 hrs) -nan:-nan 4171 (42) sec
[100] Ep10000: Max 4091 (300) steps (0.0001 hrs) -nan:-nan 4216 (45) sec
[101] Ep10000: Max 4091 (1388) steps (0.0004 hrs) -nan:-nan 4258 (42) sec
[102] Ep10000: Max 4091 (1181) steps (0.0003 hrs) -nan:-nan 4300 (42) sec
[103] Ep10000: Max 4091 (451) steps (0.0001 hrs) -nan:-nan 4342 (42) sec
[104] Ep10000: Max 4091 (1062) steps (0.0003 hrs) -nan:-nan 4385 (43) sec
[105] Ep10000: Max 4091 (2520) steps (0.0007 hrs) -nan:-nan 4450 (65) sec
[106] Ep10000: Max 4091 (1439) steps (0.0004 hrs) -nan:-nan 4493 (43) sec
[107] Ep10000: Max 4091 (2520) steps (0.0007 hrs) -nan:-nan 4553 (60) sec
[108] Ep10000: Max 4091 (3389) steps (0.0009 hrs) -nan:-nan 4593 (40) sec
[109] Ep10000: Max 4091 (2140) steps (0.0006 hrs) -nan:-nan 4655 (62) sec
[110] Ep10000: Max 4091 (2213) steps (0.0006 hrs) -nan:-nan 4713 (58) sec
[111] Ep10000: Max 4091 (1620) steps (0.0005 hrs) -nan:-nan 4752 (39) sec
[112] Ep10000: Max 4091 (2077) steps (0.0006 hrs) -nan:-nan 4814 (62) sec
[113] Ep10000: Max 4091 (946) steps (0.0003 hrs) -nan:-nan 4852 (38) sec
[114] Ep10000: Max 4091 (612) steps (0.0002 hrs) -nan:-nan 4895 (43) sec
[115] Ep10000: Max 4091 (916) steps (0.0003 hrs) -nan:-nan 4934 (39) sec
[116] Ep10000: Max 4091 (2180) steps (0.0006 hrs) -nan:-nan 4994 (60) sec
[117] Ep10000: Max 4091 (2171) steps (0.0006 hrs) -nan:-nan 5045 (51) sec
[118] Ep10000: Max 4091 (2153) steps (0.0006 hrs) -nan:-nan 5104 (59) sec
[119] Ep10000: Max 4091 (3199) steps (0.0009 hrs) -nan:-nan 5164 (60) sec
[120] Ep10000: Max 4091 (2332) steps (0.0006 hrs) -nan:-nan 5222 (58) sec
[121] Ep10000: Max 4091 (1397) steps (0.0004 hrs) -nan:-nan 5261 (39) sec
[122] Ep10000: Max 4091 (1930) steps (0.0005 hrs) -nan:-nan 5301 (40) sec
[123] Ep10000: Max 4091 (1334) steps (0.0004 hrs) -nan:-nan 5343 (42) sec
[124] Ep10000: Max 4091 (1683) steps (0.0005 hrs) -nan:-nan 5384 (41) sec
[125] Ep10000: Max 4091 (2047) steps (0.0006 hrs) -nan:-nan 5427 (43) sec
[126] Ep10000: Max 4091 (2134) steps (0.0006 hrs) -nan:-nan 5490 (63) sec
[127] Ep10000: Max 4091 (1228) steps (0.0003 hrs) -nan:-nan 5528 (38) sec
[128] Ep10000: Max 4091 (1965) steps (0.0005 hrs) -nan:-nan 5583 (55) sec
[129] Ep10000: Max 4091 (364) steps (0.0001 hrs) -nan:-nan 5613 (30) sec
[130] Ep10000: Max 4091 (789) steps (0.0002 hrs) -nan:-nan 5641 (28) sec
[131] Ep10000: Max 4091 (2146) steps (0.0006 hrs) -nan:-nan 5679 (38) sec
[132] Ep10000: Max 4091 (1235) steps (0.0003 hrs) -nan:-nan 5707 (28) sec
[133] Ep10000: Max 4091 (2696) steps (0.0007 hrs) -nan:-nan 5752 (45) sec
[134] Ep10000: Max 4091 (374) steps (0.0001 hrs) -nan:-nan 5779 (27) sec
[135] Ep10000: Max 4091 (2010) steps (0.0006 hrs) -nan:-nan 5824 (45) sec
[136] Ep10000: Max 4091 (1724) steps (0.0005 hrs) -nan:-nan 5853 (29) sec
[137] Ep10000: Max 4091 (340) steps (0.0001 hrs) -nan:-nan 5880 (27) sec
[138] Ep10000: Max 4091 (981) steps (0.0003 hrs) -nan:-nan 5908 (28) sec
[139] Ep10000: Max 4091 (2837) steps (0.0008 hrs) -nan:-nan 5953 (45) sec
[140] Ep10000: Max 4091 (1839) steps (0.0005 hrs) -nan:-nan 5984 (31) sec
[141] Ep10000: Max 4091 (2165) steps (0.0006 hrs) -nan:-nan 6028 (44) sec
[142] Ep10000: Max 4091 (1979) steps (0.0005 hrs) -nan:-nan 6059 (31) sec
[143] Ep10000: Max 4091 (858) steps (0.0002 hrs) -nan:-nan 6086 (27) sec
[144] Ep10000: Max 4091 (1107) steps (0.0003 hrs) -nan:-nan 6114 (28) sec
[145] Ep10000: Max 4091 (1774) steps (0.0005 hrs) -nan:-nan 6145 (31) sec
[146] Ep10000: Max 4091 (326) steps (0.0001 hrs) -nan:-nan 6173 (28) sec
[147] Ep10000: Max 4091 (1617) steps (0.0004 hrs) -nan:-nan 6207 (34) sec
[148] Ep10000: Max 4091 (1029) steps (0.0003 hrs) -nan:-nan 6235 (28) sec
[149] Ep10000: Max 4091 (479) steps (0.0001 hrs) -nan:-nan 6263 (28) sec
[150] Ep10000: Max 4091 (998) steps (0.0003 hrs) -nan:-nan 6290 (27) sec
[151] Ep10000: Max 4091 (1597) steps (0.0004 hrs) -nan:-nan 6319 (29) sec
[152] Ep10000: Max 4091 (2068) steps (0.0006 hrs) -nan:-nan 6364 (45) sec
[153] Ep10000: Max 4091 (1167) steps (0.0003 hrs) -nan:-nan 6391 (27) sec
[154] Ep10000: Max 4091 (800) steps (0.0002 hrs) -nan:-nan 6419 (28) sec
[155] Ep10000: Max 4091 (2095) steps (0.0006 hrs) -nan:-nan 6467 (48) sec
[156] Ep10000: Max 4091 (1758) steps (0.0005 hrs) -nan:-nan 6507 (40) sec
[157] Ep10000: Max 4091 (613) steps (0.0002 hrs) -nan:-nan 6538 (31) sec
[158] Ep10000: Max 4091 (1884) steps (0.0005 hrs) -nan:-nan 6586 (48) sec
[159] Ep10000: Max 4091 (1397) steps (0.0004 hrs) -nan:-nan 6615 (29) sec
[160] Ep10000: Max 4091 (570) steps (0.0002 hrs) -nan:-nan 6648 (33) sec
[161] Ep10000: Max 4091 (723) steps (0.0002 hrs) -nan:-nan 6680 (32) sec
[162] Ep10000: Max 4091 (1961) steps (0.0005 hrs) -nan:-nan 6726 (46) sec
[163] Ep10000: Max 4091 (2308) steps (0.0006 hrs) -nan:-nan 6757 (31) sec
[164] Ep10000: Max 4091 (389) steps (0.0001 hrs) -nan:-nan 6785 (28) sec
[165] Ep10000: Max 4091 (1062) steps (0.0003 hrs) -nan:-nan 6813 (28) sec
[166] Ep10000: Max 4091 (2493) steps (0.0007 hrs) -nan:-nan 6858 (45) sec
[167] Ep10000: Max 4091 (1543) steps (0.0004 hrs) -nan:-nan 6887 (29) sec
[168] Ep10000: Max 4091 (684) steps (0.0002 hrs) -nan:-nan 6915 (28) sec
[169] Ep10000: Max 4091 (2318) steps (0.0006 hrs) -nan:-nan 6944 (29) sec
[170] Ep10000: Max 4091 (457) steps (0.0001 hrs) -nan:-nan 6972 (28) sec
[171] Ep10000: Max 4091 (2262) steps (0.0006 hrs) -nan:-nan 7014 (42) sec
[172] Ep10000: Max 4091 (2081) steps (0.0006 hrs) -nan:-nan 7059 (45) sec
[173] Ep10000: Max 4091 (3265) steps (0.0009 hrs) -nan:-nan 7093 (34) sec
[174] Ep10000: Max 4091 (2456) steps (0.0007 hrs) -nan:-nan 7136 (43) sec
[175] Ep10000: Max 4091 (2248) steps (0.0006 hrs) -nan:-nan 7179 (43) sec
[176] Ep10000: Max 4091 (1962) steps (0.0005 hrs) -nan:-nan 7223 (44) sec
[177] Ep10000: Max 4091 (2165) steps (0.0006 hrs) -nan:-nan 7268 (45) sec
[178] Ep10000: Max 4091 (1088) steps (0.0003 hrs) -nan:-nan 7297 (29) sec
[179] Ep10000: Max 4091 (1447) steps (0.0004 hrs) -nan:-nan 7325 (28) sec
[180] Ep10000: Max 4091 (1799) steps (0.0005 hrs) -nan:-nan 7356 (31) sec
[181] Ep10000: Max 4091 (466) steps (0.0001 hrs) -nan:-nan 7384 (28) sec
[182] Ep10000: Max 4091 (2994) steps (0.0008 hrs) -nan:-nan 7437 (53) sec
[183] Ep10000: Max 4091 (2458) steps (0.0007 hrs) -nan:-nan 7483 (46) sec
[184] Ep10000: Max 4091 (2136) steps (0.0006 hrs) -nan:-nan 7529 (46) sec
[185] Ep10000: Max 4091 (2325) steps (0.0006 hrs) -nan:-nan 7568 (39) sec
[186] Ep10000: Max 4091 (3496) steps (0.0010 hrs) -nan:-nan 7615 (47) sec
[187] Ep10000: Max 4091 (2456) steps (0.0007 hrs) -nan:-nan 7661 (46) sec
[188] Ep10000: Max 4091 (763) steps (0.0002 hrs) -nan:-nan 7689 (28) sec
[189] Ep10000: Max 4091 (2537) steps (0.0007 hrs) -nan:-nan 7720 (31) sec
[190] Ep10000: Max 4091 (1520) steps (0.0004 hrs) -nan:-nan 7749 (29) sec
[191] Ep10000: Max 4091 (1929) steps (0.0005 hrs) -nan:-nan 7784 (35) sec
[192] Ep10000: Max 4091 (2187) steps (0.0006 hrs) -nan:-nan 7831 (47) sec
[193] Ep10000: Max 4091 (2938) steps (0.0008 hrs) -nan:-nan 7878 (47) sec
[194] Ep10000: Max 4091 (301) steps (0.0001 hrs) -nan:-nan 7906 (28) sec
[195] Ep10000: Max 4091 (1115) steps (0.0003 hrs) -nan:-nan 7935 (29) sec
[196] Ep10000: Max 4091 (781) steps (0.0002 hrs) -nan:-nan 7964 (29) sec
[197] Ep10000: Max 4091 (2149) steps (0.0006 hrs) -nan:-nan 8011 (47) sec
[198] Ep10000: Max 4091 (644) steps (0.0002 hrs) -nan:-nan 8039 (28) sec
[199] Ep10000: Max 4091 (1907) steps (0.0005 hrs) -nan:-nan 8070 (31) sec
[200] Ep10000: Max 4091 (3068) steps (0.0009 hrs) -nan:-nan 8116 (46) sec
[201] Ep10000: Max 4091 (1116) steps (0.0003 hrs) -nan:-nan 8145 (29) sec
[202] Ep10000: Max 4091 (398) steps (0.0001 hrs) -nan:-nan 8174 (29) sec
[203] Ep10000: Max 4091 (2411) steps (0.0007 hrs) -nan:-nan 8214 (40) sec
[204] Ep10000: Max 4091 (2611) steps (0.0007 hrs) -nan:-nan 8262 (48) sec
[205] Ep10000: Max 4091 (572) steps (0.0002 hrs) -nan:-nan 8291 (29) sec
[206] Ep10000: Max 4091 (528) steps (0.0001 hrs) -nan:-nan 8320 (29) sec
[207] Ep10000: Max 4091 (1978) steps (0.0005 hrs) -nan:-nan 8362 (42) sec
[208] Ep10000: Max 4091 (2156) steps (0.0006 hrs) -nan:-nan 8407 (45) sec
[209] Ep10000: Max 4091 (2147) steps (0.0006 hrs) -nan:-nan 8440 (33) sec
[210] Ep10000: Max 4091 (2090) steps (0.0006 hrs) -nan:-nan 8486 (46) sec
[211] Ep10000: Max 4091 (886) steps (0.0002 hrs) -nan:-nan 8515 (29) sec
[212] Ep10000: Max 4091 (693) steps (0.0002 hrs) -nan:-nan 8544 (29) sec
[213] Ep10000: Max 4091 (2414) steps (0.0007 hrs) -nan:-nan 8591 (47) sec
[214] Ep10000: Max 4091 (1884) steps (0.0005 hrs) -nan:-nan 8640 (49) sec
[215] Ep10000: Max 4091 (709) steps (0.0002 hrs) -nan:-nan 8669 (29) sec
[216] Ep10000: Max 4091 (2859) steps (0.0008 hrs) -nan:-nan 8717 (48) sec
[217] Ep10000: Max 4091 (730) steps (0.0002 hrs) -nan:-nan 8746 (29) sec
[218] Ep10000: Max 4091 (493) steps (0.0001 hrs) -nan:-nan 8774 (28) sec
[219] Ep10000: Max 4091 (1915) steps (0.0005 hrs) -nan:-nan 8804 (30) sec
[220] Ep10000: Max 4091 (2058) steps (0.0006 hrs) -nan:-nan 8850 (46) sec
[221] Ep10000: Max 4091 (771) steps (0.0002 hrs) -nan:-nan 8879 (29) sec
[222] Ep10000: Max 4091 (2916) steps (0.0008 hrs) -nan:-nan 8926 (47) sec
[223] Ep10000: Max 4091 (2387) steps (0.0007 hrs) -nan:-nan 8970 (44) sec
[224] Ep10000: Max 4091 (2087) steps (0.0006 hrs) -nan:-nan 9018 (48) sec
[225] Ep10000: Max 4091 (2556) steps (0.0007 hrs) -nan:-nan 9064 (46) sec
[226] Ep10000: Max 4091 (2284) steps (0.0006 hrs) -nan:-nan 9098 (34) sec
[227] Ep10000: Max 4091 (2141) steps (0.0006 hrs) -nan:-nan 9144 (46) sec
[228] Ep10000: Max 4091 (2199) steps (0.0006 hrs) -nan:-nan 9192 (48) sec
[229] Ep10000: Max 4091 (477) steps (0.0001 hrs) -nan:-nan 9221 (29) sec
[230] Ep10000: Max 4091 (2727) steps (0.0008 hrs) -nan:-nan 9268 (47) sec
[231] Ep10000: Max 4091 (850) steps (0.0002 hrs) -nan:-nan 9296 (28) sec
[232] Ep10000: Max 4091 (2971) steps (0.0008 hrs) -nan:-nan 9337 (41) sec
[233] Ep10000: Max 4091 (1884) steps (0.0005 hrs) -nan:-nan 9383 (46) sec
[234] Ep10000: Max 4091 (2245) steps (0.0006 hrs) -nan:-nan 9430 (47) sec
[235] Ep10000: Max 4091 (2239) steps (0.0006 hrs) -nan:-nan 9477 (47) sec
[236] Ep10000: Max 4091 (2283) steps (0.0006 hrs) -nan:-nan 9514 (37) sec
[237] Ep10000: Max 4091 (2682) steps (0.0007 hrs) -nan:-nan 9558 (44) sec
[238] Ep10000: Max 4091 (2413) steps (0.0007 hrs) -nan:-nan 9604 (46) sec
[239] Ep10000: Max 4091 (1824) steps (0.0005 hrs) -nan:-nan 9634 (30) sec
[240] Ep10000: Max 4091 (2421) steps (0.0007 hrs) -nan:-nan 9680 (46) sec
[241] Ep10000: Max 4091 (2707) steps (0.0008 hrs) -nan:-nan 9727 (47) sec
[242] Ep10000: Max 4091 (2498) steps (0.0007 hrs) -nan:-nan 9775 (48) sec
[243] Ep10000: Max 4091 (2468) steps (0.0007 hrs) -nan:-nan 9821 (46) sec
[244] Ep10000: Max 4091 (1826) steps (0.0005 hrs) -nan:-nan 9852 (31) sec
[245] Ep10000: Max 4091 (2187) steps (0.0006 hrs) -nan:-nan 9900 (48) sec
[246] Ep10000: Max 4091 (3116) steps (0.0009 hrs) -nan:-nan 9952 (52) sec
[247] Ep10000: Max 4091 (2401) steps (0.0007 hrs) -nan:-nan 9999 (47) sec
[248] Ep10000: Max 4091 (2229) steps (0.0006 hrs) -nan:-nan 10045 (46) sec
[249] Ep10000: Max 4091 (2646) steps (0.0007 hrs) -nan:-nan 10092 (47) sec
[250] Ep10000: Max 4091 (330) steps (0.0001 hrs) -nan:-nan 10121 (29) sec
[251] Ep10000: Max 4091 (2422) steps (0.0007 hrs) -nan:-nan 10168 (47) sec
[252] Ep10000: Max 4091 (1073) steps (0.0003 hrs) -nan:-nan 10197 (29) sec
[253] Ep10000: Max 4091 (2700) steps (0.0008 hrs) -nan:-nan 10263 (66) sec
[254] Ep10000: Max 4091 (2518) steps (0.0007 hrs) -nan:-nan 10329 (66) sec
[255] Ep10000: Max 4091 (1949) steps (0.0005 hrs) -nan:-nan 10378 (49) sec
[256] Ep10000: Max 4091 (2146) steps (0.0006 hrs) -nan:-nan 10422 (44) sec
[257] Ep10000: Max 4091 (2284) steps (0.0006 hrs) -nan:-nan 10460 (38) sec
[258] Ep10000: Max 4091 (2046) steps (0.0006 hrs) -nan:-nan 10500 (40) sec
[259] Ep10000: Max 4091 (2389) steps (0.0007 hrs) -nan:-nan 10550 (50) sec
[260] Ep10000: Max 4091 (1787) steps (0.0005 hrs) -nan:-nan 10582 (32) sec
[261] Ep10000: Max 4091 (843) steps (0.0002 hrs) -nan:-nan 10614 (32) sec
[262] Ep10000: Max 4091 (2151) steps (0.0006 hrs) -nan:-nan 10667 (53) sec
[263] Ep10000: Max 4091 (2357) steps (0.0007 hrs) -nan:-nan 10714 (47) sec
[264] Ep10000: Max 4091 (2754) steps (0.0008 hrs) -nan:-nan 10763 (49) sec
[265] Ep10000: Max 4091 (383) steps (0.0001 hrs) -nan:-nan 10798 (35) sec
[266] Ep10000: Max 4091 (1807) steps (0.0005 hrs) -nan:-nan 10838 (40) sec
[267] Ep10000: Max 4091 (1463) steps (0.0004 hrs) -nan:-nan 10874 (36) sec
[268] Ep10000: Max 4091 (2709) steps (0.0008 hrs) -nan:-nan 10922 (48) sec
[269] Ep10000: Max 4091 (2202) steps (0.0006 hrs) -nan:-nan 10980 (58) sec
[270] Ep10000: Max 4091 (2869) steps (0.0008 hrs) -nan:-nan 11032 (52) sec
[271] Ep10000: Max 4091 (1947) steps (0.0005 hrs) -nan:-nan 11070 (38) sec
[272] Ep10000: Max 4091 (2049) steps (0.0006 hrs) -nan:-nan 11123 (53) sec
[273] Ep10000: Max 4091 (1052) steps (0.0003 hrs) -nan:-nan 11153 (30) sec
[274] Ep10000: Max 4091 (552) steps (0.0002 hrs) -nan:-nan 11183 (30) sec
[275] Ep10000: Max 4091 (310) steps (0.0001 hrs) -nan:-nan 11213 (30) sec
[276] Ep10000: Max 4091 (2654) steps (0.0007 hrs) -nan:-nan 11257 (44) sec
[277] Ep10000: Max 4091 (2626) steps (0.0007 hrs) -nan:-nan 11307 (50) sec
[278] Ep10000: Max 4091 (2067) steps (0.0006 hrs) -nan:-nan 11354 (47) sec
[279] Ep10000: Max 4091 (349) steps (0.0001 hrs) -nan:-nan 11385 (31) sec
[280] Ep10000: Max 4091 (304) steps (0.0001 hrs) -nan:-nan 11419 (34) sec
[281] Ep10000: Max 4091 (350) steps (0.0001 hrs) -nan:-nan 11452 (33) sec
[282] Ep10000: Max 4091 (2026) steps (0.0006 hrs) -nan:-nan 11494 (42) sec
[283] Ep10000: Max 4091 (2433) steps (0.0007 hrs) -nan:-nan 11532 (38) sec
[284] Ep10000: Max 4091 (2101) steps (0.0006 hrs) -nan:-nan 11577 (45) sec
[285] Ep10000: Max 4091 (2006) steps (0.0006 hrs) -nan:-nan 11622 (45) sec
[286] Ep10000: Max 4091 (2414) steps (0.0007 hrs) -nan:-nan 11667 (45) sec
[287] Ep10000: Max 4091 (964) steps (0.0003 hrs) -nan:-nan 11695 (28) sec
[288] Ep10000: Max 4091 (1886) steps (0.0005 hrs) -nan:-nan 11730 (35) sec
[289] Ep10000: Max 4091 (304) steps (0.0001 hrs) -nan:-nan 11760 (30) sec
[290] Ep10000: Max 4091 (339) steps (0.0001 hrs) -nan:-nan 11788 (28) sec
[291] Ep10000: Max 4091 (2792) steps (0.0008 hrs) -nan:-nan 11833 (45) sec
[292] Ep10000: Max 4091 (2348) steps (0.0007 hrs) -nan:-nan 11880 (47) sec
[293] Ep10000: Max 4091 (1389) steps (0.0004 hrs) -nan:-nan 11909 (29) sec
[294] Ep10000: Max 4091 (1016) steps (0.0003 hrs) -nan:-nan 11937 (28) sec
[295] Ep10000: Max 4091 (1917) steps (0.0005 hrs) -nan:-nan 11964 (27) sec
[296] Ep10000: Max 4091 (920) steps (0.0003 hrs) -nan:-nan 11992 (28) sec
[297] Ep10000: Max 4091 (2500) steps (0.0007 hrs) -nan:-nan 12036 (44) sec
[298] Ep10000: Max 4091 (723) steps (0.0002 hrs) -nan:-nan 12064 (28) sec
[299] Ep10000: Max 4091 (441) steps (0.0001 hrs) -nan:-nan 12092 (28) sec
[300] Ep10000: Max 4091 (1877) steps (0.0005 hrs) -nan:-nan 12121 (29) sec
[301] Ep10000: Max 4091 (2233) steps (0.0006 hrs) -nan:-nan 12165 (44) sec
[302] Ep10000: Max 4091 (2151) steps (0.0006 hrs) -nan:-nan 12208 (43) sec
[303] Ep10000: Max 4091 (2325) steps (0.0006 hrs) -nan:-nan 12252 (44) sec
[304] Ep10000: Max 4091 (325) steps (0.0001 hrs) -nan:-nan 12280 (28) sec
[305] Ep10000: Max 4091 (1695) steps (0.0005 hrs) -nan:-nan 12309 (29) sec
[306] Ep10000: Max 4091 (1684) steps (0.0005 hrs) -nan:-nan 12340 (31) sec
[307] Ep10000: Max 4091 (2017) steps (0.0006 hrs) -nan:-nan 12385 (45) sec
[308] Ep10000: Max 4091 (2292) steps (0.0006 hrs) -nan:-nan 12418 (33) sec
[309] Ep10000: Max 4091 (1651) steps (0.0005 hrs) -nan:-nan 12446 (28) sec
[310] Ep10000: Max 4091 (2931) steps (0.0008 hrs) -nan:-nan 12473 (27) sec
[311] Ep10000: Max 4091 (2308) steps (0.0006 hrs) -nan:-nan 12512 (39) sec
[312] Ep10000: Max 4091 (467) steps (0.0001 hrs) -nan:-nan 12539 (27) sec
[313] Ep10000: Max 4091 (1974) steps (0.0005 hrs) -nan:-nan 12583 (44) sec
[314] Ep10000: Max 4091 (1379) steps (0.0004 hrs) -nan:-nan 12610 (27) sec
[315] Ep10000: Max 4091 (2267) steps (0.0006 hrs) -nan:-nan 12656 (46) sec
[316] Ep10000: Max 4091 (2481) steps (0.0007 hrs) -nan:-nan 12699 (43) sec
[317] Ep10000: Max 4091 (3032) steps (0.0008 hrs) -nan:-nan 12744 (45) sec
[318] Ep10000: Max 4091 (2103) steps (0.0006 hrs) -nan:-nan 12787 (43) sec
[319] Ep10000: Max 4091 (1593) steps (0.0004 hrs) -nan:-nan 12816 (29) sec
[320] Ep10000: Max 4091 (1937) steps (0.0005 hrs) -nan:-nan 12861 (45) sec
[321] Ep10000: Max 4091 (1948) steps (0.0005 hrs) -nan:-nan 12904 (43) sec
[322] Ep10000: Max 4091 (2198) steps (0.0006 hrs) -nan:-nan 12949 (45) sec
[323] Ep10000: Max 4091 (1397) steps (0.0004 hrs) -nan:-nan 12977 (28) sec
[324] Ep10000: Max 4091 (610) steps (0.0002 hrs) -nan:-nan 13005 (28) sec
[325] Ep10000: Max 4091 (1832) steps (0.0005 hrs) -nan:-nan 13047 (42) sec
[326] Ep10000: Max 4091 (1938) steps (0.0005 hrs) -nan:-nan 13082 (35) sec
[327] Ep10000: Max 4091 (2089) steps (0.0006 hrs) -nan:-nan 13115 (33) sec
[328] Ep10000: Max 4091 (1690) steps (0.0005 hrs) -nan:-nan 13143 (28) sec
[329] Ep10000: Max 4091 (1970) steps (0.0005 hrs) -nan:-nan 13188 (45) sec
[330] Ep10000: Max 4091 (1873) steps (0.0005 hrs) -nan:-nan 13229 (41) sec
[331] Ep10000: Max 4091 (1861) steps (0.0005 hrs) -nan:-nan 13274 (45) sec
[332] Ep10000: Max 4091 (352) steps (0.0001 hrs) -nan:-nan 13301 (27) sec
[333] Ep10000: Max 4091 (1944) steps (0.0005 hrs) -nan:-nan 13341 (40) sec
[334] Ep10000: Max 4091 (2752) steps (0.0008 hrs) -nan:-nan 13385 (44) sec
[335] Ep10000: Max 4091 (2363) steps (0.0007 hrs) -nan:-nan 13427 (42) sec
[336] Ep10000: Max 4091 (893) steps (0.0002 hrs) -nan:-nan 13455 (28) sec
[337] Ep10000: Max 4091 (2141) steps (0.0006 hrs) -nan:-nan 13497 (42) sec
[338] Ep10000: Max 4091 (2406) steps (0.0007 hrs) -nan:-nan 13539 (42) sec
[339] Ep10000: Max 4091 (1534) steps (0.0004 hrs) -nan:-nan 13566 (27) sec
[340] Ep10000: Max 4091 (708) steps (0.0002 hrs) -nan:-nan 13593 (27) sec
[341] Ep10000: Max 4091 (1231) steps (0.0003 hrs) -nan:-nan 13621 (28) sec
[342] Ep10000: Max 4091 (2526) steps (0.0007 hrs) -nan:-nan 13652 (31) sec
[343] Ep10000: Max 4091 (2424) steps (0.0007 hrs) -nan:-nan 13697 (45) sec
[344] Ep10000: Max 4091 (1791) steps (0.0005 hrs) -nan:-nan 13727 (30) sec
[345] Ep10000: Max 4091 (2391) steps (0.0007 hrs) -nan:-nan 13771 (44) sec
[346] Ep10000: Max 4091 (927) steps (0.0003 hrs) -nan:-nan 13799 (28) sec
[347] Ep10000: Max 4091 (2427) steps (0.0007 hrs) -nan:-nan 13848 (49) sec
[348] Ep10000: Max 4091 (2001) steps (0.0006 hrs) -nan:-nan 13892 (44) sec
[349] Ep10000: Max 4091 (314) steps (0.0001 hrs) -nan:-nan 13919 (27) sec
[350] Ep10000: Max 4091 (2183) steps (0.0006 hrs) -nan:-nan 13964 (45) sec
[351] Ep10000: Max 4091 (1580) steps (0.0004 hrs) -nan:-nan 13996 (32) sec
[352] Ep10000: Max 4091 (1884) steps (0.0005 hrs) -nan:-nan 14040 (44) sec
[353] Ep10000: Max 4091 (1050) steps (0.0003 hrs) -nan:-nan 14067 (27) sec
[354] Ep10000: Max 4091 (2329) steps (0.0006 hrs) -nan:-nan 14111 (44) sec
[355] Ep10000: Max 4091 (743) steps (0.0002 hrs) -nan:-nan 14139 (28) sec
[356] Ep10000: Max 4091 (2084) steps (0.0006 hrs) -nan:-nan 14184 (45) sec
[357] Ep10000: Max 4091 (2326) steps (0.0006 hrs) -nan:-nan 14236 (52) sec
[358] Ep10000: Max 4091 (1281) steps (0.0004 hrs) -nan:-nan 14270 (34) sec
[359] Ep10000: Max 4091 (2479) steps (0.0007 hrs) -nan:-nan 14322 (52) sec
[360] Ep10000: Max 4091 (1797) steps (0.0005 hrs) -nan:-nan 14363 (41) sec
[361] Ep10000: Max 4091 (1955) steps (0.0005 hrs) -nan:-nan 14412 (49) sec
[362] Ep10000: Max 4091 (2019) steps (0.0006 hrs) -nan:-nan 14461 (49) sec
[363] Ep10000: Max 4091 (2211) steps (0.0006 hrs) -nan:-nan 14510 (49) sec
[364] Ep10000: Max 4091 (2288) steps (0.0006 hrs) -nan:-nan 14562 (52) sec
[365] Ep10000: Max 4091 (2541) steps (0.0007 hrs) -nan:-nan 14613 (51) sec
[366] Ep10000: Max 4091 (1848) steps (0.0005 hrs) -nan:-nan 14663 (50) sec
[367] Ep10000: Max 4129 (4129) steps (0.0011 hrs) -nan:-nan 14715 (52) sec
[368] Ep10000: Max 4129 (2262) steps (0.0006 hrs) -nan:-nan 14762 (47) sec
[369] Ep10000: Max 4129 (1035) steps (0.0003 hrs) -nan:-nan 14789 (27) sec
[370] Ep10000: Max 4129 (1736) steps (0.0005 hrs) -nan:-nan 14817 (28) sec
[371] Ep10000: Max 4129 (2666) steps (0.0007 hrs) -nan:-nan 14853 (36) sec
[372] Ep10000: Max 4129 (410) steps (0.0001 hrs) -nan:-nan 14886 (33) sec
[373] Ep10000: Max 4129 (2010) steps (0.0006 hrs) -nan:-nan 14938 (52) sec
[374] Ep10000: Max 4129 (2109) steps (0.0006 hrs) -nan:-nan 14985 (47) sec
[375] Ep10000: Max 4129 (1280) steps (0.0004 hrs) -nan:-nan 15019 (34) sec
[376] Ep10000: Max 4129 (1375) steps (0.0004 hrs) -nan:-nan 15051 (32) sec
[377] Ep10000: Max 4129 (1944) steps (0.0005 hrs) -nan:-nan 15103 (52) sec
[378] Ep10000: Max 4129 (554) steps (0.0002 hrs) -nan:-nan 15134 (31) sec
[379] Ep10000: Max 4129 (822) steps (0.0002 hrs) -nan:-nan 15164 (30) sec
[380] Ep10000: Max 4129 (2028) steps (0.0006 hrs) -nan:-nan 15212 (48) sec
[381] Ep10000: Max 4129 (1972) steps (0.0005 hrs) -nan:-nan 15249 (37) sec
[382] Ep10000: Max 4129 (1937) steps (0.0005 hrs) -nan:-nan 15299 (50) sec
[383] Ep10000: Max 4129 (2683) steps (0.0007 hrs) -nan:-nan 15346 (47) sec
[384] Ep10000: Max 4129 (1224) steps (0.0003 hrs) -nan:-nan 15380 (34) sec
[385] Ep10000: Max 4129 (3181) steps (0.0009 hrs) -nan:-nan 15436 (56) sec
[386] Ep10000: Max 4129 (2083) steps (0.0006 hrs) -nan:-nan 15489 (53) sec
[387] Ep10000: Max 4129 (1043) steps (0.0003 hrs) -nan:-nan 15521 (32) sec
[388] Ep10000: Max 4129 (933) steps (0.0003 hrs) -nan:-nan 15551 (30) sec
[389] Ep10000: Max 4129 (2995) steps (0.0008 hrs) -nan:-nan 15601 (50) sec
[390] Ep10000: Max 4129 (453) steps (0.0001 hrs) -nan:-nan 15633 (32) sec
[391] Ep10000: Max 4129 (1671) steps (0.0005 hrs) -nan:-nan 15667 (34) sec
[392] Ep10000: Max 4129 (1718) steps (0.0005 hrs) -nan:-nan 15704 (37) sec
[393] Ep10000: Max 4129 (2372) steps (0.0007 hrs) -nan:-nan 15754 (50) sec
[394] Ep10000: Max 4129 (3023) steps (0.0008 hrs) -nan:-nan 15805 (51) sec
[395] Ep10000: Max 4129 (2304) steps (0.0006 hrs) -nan:-nan 15855 (50) sec
[396] Ep10000: Max 4129 (1784) steps (0.0005 hrs) -nan:-nan 15904 (49) sec
[397] Ep10000: Max 4129 (2200) steps (0.0006 hrs) -nan:-nan 15954 (50) sec
[398] Ep10000: Max 4129 (1927) steps (0.0005 hrs) -nan:-nan 15990 (36) sec
[399] Ep10000: Max 4129 (2235) steps (0.0006 hrs) -nan:-nan 16038 (48) sec
[400] Ep10000: Max 4129 (1434) steps (0.0004 hrs) -nan:-nan 16069 (31) sec
[401] Ep10000: Max 4129 (2007) steps (0.0006 hrs) -nan:-nan 16118 (49) sec
[402] Ep10000: Max 4129 (1067) steps (0.0003 hrs) -nan:-nan 16147 (29) sec
[403] Ep10000: Max 4129 (1527) steps (0.0004 hrs) -nan:-nan 16182 (35) sec
[404] Ep10000: Max 4129 (1435) steps (0.0004 hrs) -nan:-nan 16211 (29) sec
[405] Ep10000: Max 4129 (2286) steps (0.0006 hrs) -nan:-nan 16258 (47) sec
[406] Ep10000: Max 4129 (954) steps (0.0003 hrs) -nan:-nan 16288 (30) sec
[407] Ep10000: Max 4129 (1837) steps (0.0005 hrs) -nan:-nan 16333 (45) sec
[408] Ep10000: Max 4129 (354) steps (0.0001 hrs) -nan:-nan 16365 (32) sec
[409] Ep10000: Max 4129 (649) steps (0.0002 hrs) -nan:-nan 16396 (31) sec
[410] Ep10000: Max 4129 (2034) steps (0.0006 hrs) -nan:-nan 16433 (37) sec
[411] Ep10000: Max 4129 (300) steps (0.0001 hrs) -nan:-nan 16462 (29) sec
[412] Ep10000: Max 4129 (2439) steps (0.0007 hrs) -nan:-nan 16506 (44) sec
[413] Ep10000: Max 4129 (2100) steps (0.0006 hrs) -nan:-nan 16552 (46) sec
[414] Ep10000: Max 4129 (2399) steps (0.0007 hrs) -nan:-nan 16600 (48) sec
[415] Ep10000: Max 4129 (584) steps (0.0002 hrs) -nan:-nan 16630 (30) sec
[416] Ep10000: Max 4129 (1669) steps (0.0005 hrs) -nan:-nan 16668 (38) sec
[417] Ep10000: Max 4129 (2489) steps (0.0007 hrs) -nan:-nan 16700 (32) sec
[418] Ep10000: Max 4129 (3033) steps (0.0008 hrs) -nan:-nan 16749 (49) sec
[419] Ep10000: Max 4129 (1700) steps (0.0005 hrs) -nan:-nan 16784 (35) sec
[420] Ep10000: Max 4129 (1468) steps (0.0004 hrs) -nan:-nan 16815 (31) sec
[421] Ep10000: Max 4129 (391) steps (0.0001 hrs) -nan:-nan 16844 (29) sec
[422] Ep10000: Max 4129 (2465) steps (0.0007 hrs) -nan:-nan 16895 (51) sec
[423] Ep10000: Max 4129 (605) steps (0.0002 hrs) -nan:-nan 16930 (35) sec
[424] Ep10000: Max 4129 (1716) steps (0.0005 hrs) -nan:-nan 16974 (44) sec
[425] Ep10000: Max 4129 (2244) steps (0.0006 hrs) -nan:-nan 17036 (62) sec
[426] Ep10000: Max 4129 (2066) steps (0.0006 hrs) -nan:-nan 17091 (55) sec
[427] Ep10000: Max 4129 (2358) steps (0.0007 hrs) -nan:-nan 17146 (55) sec
[428] Ep10000: Max 4129 (1151) steps (0.0003 hrs) -nan:-nan 17181 (35) sec
[429] Ep10000: Max 4129 (2539) steps (0.0007 hrs) -nan:-nan 17235 (54) sec
[430] Ep10000: Max 4129 (1849) steps (0.0005 hrs) -nan:-nan 17282 (47) sec
[431] Ep10000: Max 4129 (1181) steps (0.0003 hrs) -nan:-nan 17318 (36) sec
[432] Ep10000: Max 4129 (417) steps (0.0001 hrs) -nan:-nan 17354 (36) sec
[433] Ep10000: Max 4129 (2347) steps (0.0007 hrs) -nan:-nan 17415 (61) sec
[434] Ep10000: Max 4129 (2572) steps (0.0007 hrs) -nan:-nan 17472 (57) sec
[435] Ep10000: Max 4129 (2105) steps (0.0006 hrs) -nan:-nan 17527 (55) sec
[436] Ep10000: Max 4129 (3016) steps (0.0008 hrs) -nan:-nan 17580 (53) sec
[437] Ep10000: Max 4129 (1315) steps (0.0004 hrs) -nan:-nan 17615 (35) sec
[438] Ep10000: Max 4129 (807) steps (0.0002 hrs) -nan:-nan 17649 (34) sec
[439] Ep10000: Max 4129 (1961) steps (0.0005 hrs) -nan:-nan 17697 (48) sec
[440] Ep10000: Max 4129 (2143) steps (0.0006 hrs) -nan:-nan 17750 (53) sec
[441] Ep10000: Max 4129 (1517) steps (0.0004 hrs) -nan:-nan 17785 (35) sec
[442] Ep10000: Max 4129 (2526) steps (0.0007 hrs) -nan:-nan 17837 (52) sec
[443] Ep10000: Max 4129 (1129) steps (0.0003 hrs) -nan:-nan 17879 (42) sec
[444] Ep10000: Max 4129 (2043) steps (0.0006 hrs) -nan:-nan 17933 (54) sec
[445] Ep10000: Max 4129 (1754) steps (0.0005 hrs) -nan:-nan 17993 (60) sec
[446] Ep10000: Max 4129 (2769) steps (0.0008 hrs) -nan:-nan 18055 (62) sec
[447] Ep10000: Max 4129 (1722) steps (0.0005 hrs) -nan:-nan 18108 (53) sec
[448] Ep10000: Max 4129 (768) steps (0.0002 hrs) -nan:-nan 18140 (32) sec
[449] Ep10000: Max 4129 (2136) steps (0.0006 hrs) -nan:-nan 18186 (46) sec
[450] Ep10000: Max 4129 (530) steps (0.0001 hrs) -nan:-nan 18216 (30) sec
[451] Ep10000: Max 4129 (2089) steps (0.0006 hrs) -nan:-nan 18298 (82) sec
[452] Ep10000: Max 4129 (1097) steps (0.0003 hrs) -nan:-nan 18332 (34) sec
[453] Ep10000: Max 4129 (2230) steps (0.0006 hrs) -nan:-nan 18385 (53) sec
[454] Ep10000: Max 4129 (2300) steps (0.0006 hrs) -nan:-nan 18434 (49) sec
[455] Ep10000: Max 4129 (1881) steps (0.0005 hrs) -nan:-nan 18480 (46) sec
[456] Ep10000: Max 4129 (2322) steps (0.0006 hrs) -nan:-nan 18529 (49) sec
[457] Ep10000: Max 4129 (2386) steps (0.0007 hrs) -nan:-nan 18574 (45) sec
[458] Ep10000: Max 4129 (3043) steps (0.0008 hrs) -nan:-nan 18624 (50) sec
[459] Ep10000: Max 4129 (1126) steps (0.0003 hrs) -nan:-nan 18653 (29) sec
[460] Ep10000: Max 4129 (1491) steps (0.0004 hrs) -nan:-nan 18682 (29) sec
[461] Ep10000: Max 4129 (1018) steps (0.0003 hrs) -nan:-nan 18711 (29) sec
[462] Ep10000: Max 4129 (564) steps (0.0002 hrs) -nan:-nan 18740 (29) sec
[463] Ep10000: Max 4129 (2481) steps (0.0007 hrs) -nan:-nan 18788 (48) sec
[464] Ep10000: Max 4129 (2637) steps (0.0007 hrs) -nan:-nan 18818 (30) sec
[465] Ep10000: Max 4129 (2297) steps (0.0006 hrs) -nan:-nan 18871 (53) sec
[466] Ep10000: Max 4129 (996) steps (0.0003 hrs) -nan:-nan 18926 (55) sec
[467] Ep10000: Max 4129 (1824) steps (0.0005 hrs) -nan:-nan 18976 (50) sec
[468] Ep10000: Max 4129 (2273) steps (0.0006 hrs) -nan:-nan 19013 (37) sec
[469] Ep10000: Max 4129 (2096) steps (0.0006 hrs) -nan:-nan 19075 (62) sec
[470] Ep10000: Max 4129 (1647) steps (0.0005 hrs) -nan:-nan 19125 (50) sec
[471] Ep10000: Max 4129 (1084) steps (0.0003 hrs) -nan:-nan 19173 (48) sec
[472] Ep10000: Max 4129 (2574) steps (0.0007 hrs) -nan:-nan 19238 (65) sec
[473] Ep10000: Max 4129 (1633) steps (0.0005 hrs) -nan:-nan 19287 (49) sec
[474] Ep10000: Max 4129 (1586) steps (0.0004 hrs) -nan:-nan 19348 (61) sec
[475] Ep10000: Max 4129 (2196) steps (0.0006 hrs) -nan:-nan 19413 (65) sec
[476] Ep10000: Max 4129 (552) steps (0.0002 hrs) -nan:-nan 19448 (35) sec
[477] Ep10000: Max 4129 (766) steps (0.0002 hrs) -nan:-nan 19489 (41) sec
[478] Ep10000: Max 4129 (1468) steps (0.0004 hrs) -nan:-nan 19542 (53) sec
[479] Ep10000: Max 4129 (3210) steps (0.0009 hrs) -nan:-nan 19615 (73) sec
[480] Ep10000: Max 4129 (2014) steps (0.0006 hrs) -nan:-nan 19690 (75) sec
[481] Ep10000: Max 4129 (2271) steps (0.0006 hrs) -nan:-nan 19763 (73) sec
[482] Ep10000: Max 4129 (2292) steps (0.0006 hrs) -nan:-nan 19823 (60) sec
[483] Ep10000: Max 4129 (2373) steps (0.0007 hrs) -nan:-nan 19884 (61) sec
[484] Ep10000: Max 4129 (1200) steps (0.0003 hrs) -nan:-nan 19925 (41) sec
[485] Ep10000: Max 4129 (1911) steps (0.0005 hrs) -nan:-nan 19986 (61) sec
[486] Ep10000: Max 4129 (1964) steps (0.0005 hrs) -nan:-nan 20025 (39) sec
[487] Ep10000: Max 4129 (1199) steps (0.0003 hrs) -nan:-nan 20065 (40) sec
[488] Ep10000: Max 4129 (2013) steps (0.0006 hrs) -nan:-nan 20126 (61) sec
[489] Ep10000: Max 4129 (1527) steps (0.0004 hrs) -nan:-nan 20164 (38) sec
[490] Ep10000: Max 4129 (2899) steps (0.0008 hrs) -nan:-nan 20219 (55) sec
[491] Ep10000: Max 4129 (634) steps (0.0002 hrs) -nan:-nan 20260 (41) sec
[492] Ep10000: Max 4129 (1025) steps (0.0003 hrs) -nan:-nan 20305 (45) sec
[493] Ep10000: Max 4129 (1361) steps (0.0004 hrs) -nan:-nan 20350 (45) sec
[494] Ep10000: Max 4129 (2338) steps (0.0006 hrs) -nan:-nan 20412 (62) sec
[495] Ep10000: Max 4129 (532) steps (0.0001 hrs) -nan:-nan 20460 (48) sec
[496] Ep10000: Max 4129 (2155) steps (0.0006 hrs) -nan:-nan 20536 (76) sec
[497] Ep10000: Max 4129 (1333) steps (0.0004 hrs) -nan:-nan 20584 (48) sec
[498] Ep10000: Max 4129 (757) steps (0.0002 hrs) -nan:-nan 20632 (48) sec
[499] Ep10000: Max 4129 (2653) steps (0.0007 hrs) -nan:-nan 20701 (69) sec
[500] Ep10000: Max 4129 (1982) steps (0.0006 hrs) -nan:-nan 20776 (75) sec
[501] Ep10000: Max 4129 (1459) steps (0.0004 hrs) -nan:-nan 20825 (49) sec
[502] Ep10000: Max 4129 (2070) steps (0.0006 hrs) -nan:-nan 20880 (55) sec
[503] Ep10000: Max 4129 (318) steps (0.0001 hrs) -nan:-nan 20925 (45) sec
[504] Ep10000: Max 4129 (1015) steps (0.0003 hrs) -nan:-nan 20971 (46) sec
[505] Ep10000: Max 4129 (2358) steps (0.0007 hrs) -nan:-nan 21039 (68) sec
[506] Ep10000: Max 4129 (875) steps (0.0002 hrs) -nan:-nan 21087 (48) sec
[507] Ep10000: Max 4129 (2705) steps (0.0008 hrs) -nan:-nan 21157 (70) sec
[508] Ep10000: Max 4129 (2004) steps (0.0006 hrs) -nan:-nan 21227 (70) sec
[509] Ep10000: Max 4129 (575) steps (0.0002 hrs) -nan:-nan 21269 (42) sec
[510] Ep10000: Max 4129 (1172) steps (0.0003 hrs) -nan:-nan 21312 (43) sec
[511] Ep10000: Max 4129 (792) steps (0.0002 hrs) -nan:-nan 21358 (46) sec
[512] Ep10000: Max 4129 (2677) steps (0.0007 hrs) -nan:-nan 21434 (76) sec
[513] Ep10000: Max 4129 (2734) steps (0.0008 hrs) -nan:-nan 21512 (78) sec
[514] Ep10000: Max 4129 (1184) steps (0.0003 hrs) -nan:-nan 21563 (51) sec
[515] Ep10000: Max 4129 (3707) steps (0.0010 hrs) -nan:-nan 21640 (77) sec
[516] Ep10000: Max 4129 (1295) steps (0.0004 hrs) -nan:-nan 21685 (45) sec
[517] Ep10000: Max 4129 (2514) steps (0.0007 hrs) -nan:-nan 21751 (66) sec
[518] Ep10000: Max 4129 (1786) steps (0.0005 hrs) -nan:-nan 21795 (44) sec
[519] Ep10000: Max 4129 (1071) steps (0.0003 hrs) -nan:-nan 21843 (48) sec
[520] Ep10000: Max 4129 (2778) steps (0.0008 hrs) -nan:-nan 21915 (72) sec
[521] Ep10000: Max 4129 (450) steps (0.0001 hrs) -nan:-nan 21964 (49) sec
[522] Ep10000: Max 4129 (2460) steps (0.0007 hrs) -nan:-nan 22034 (70) sec
[523] Ep10000: Max 4129 (2172) steps (0.0006 hrs) -nan:-nan 22104 (70) sec
[524] Ep10000: Max 4129 (2688) steps (0.0007 hrs) -nan:-nan 22153 (49) sec
[525] Ep10000: Max 4129 (1873) steps (0.0005 hrs) -nan:-nan 22236 (83) sec
[526] Ep10000: Max 4129 (2250) steps (0.0006 hrs) -nan:-nan 22290 (54) sec
[527] Ep10000: Max 4129 (1985) steps (0.0006 hrs) -nan:-nan 22349 (59) sec
[528] Ep10000: Max 4129 (2551) steps (0.0007 hrs) -nan:-nan 22430 (81) sec
[529] Ep10000: Max 4129 (2228) steps (0.0006 hrs) -nan:-nan 22503 (73) sec
[530] Ep10000: Max 4129 (801) steps (0.0002 hrs) -nan:-nan 22548 (45) sec
[531] Ep10000: Max 4129 (2311) steps (0.0006 hrs) -nan:-nan 22615 (67) sec
[532] Ep10000: Max 4129 (2621) steps (0.0007 hrs) -nan:-nan 22684 (69) sec
[533] Ep10000: Max 4129 (762) steps (0.0002 hrs) -nan:-nan 22726 (42) sec
[534] Ep10000: Max 4129 (2015) steps (0.0006 hrs) -nan:-nan 22797 (71) sec
[535] Ep10000: Max 4129 (2906) steps (0.0008 hrs) -nan:-nan 22866 (69) sec
[536] Ep10000: Max 4129 (2287) steps (0.0006 hrs) -nan:-nan 22937 (71) sec
[537] Ep10000: Max 4129 (2088) steps (0.0006 hrs) -nan:-nan 23000 (63) sec
[538] Ep10000: Max 4129 (1273) steps (0.0004 hrs) -nan:-nan 23044 (44) sec
[539] Ep10000: Max 4129 (870) steps (0.0002 hrs) -nan:-nan 23090 (46) sec
[540] Ep10000: Max 4129 (1980) steps (0.0006 hrs) -nan:-nan 23138 (48) sec
[541] Ep10000: Max 4129 (1737) steps (0.0005 hrs) -nan:-nan 23188 (50) sec
[542] Ep10000: Max 4129 (2139) steps (0.0006 hrs) -nan:-nan 23265 (77) sec
[543] Ep10000: Max 4129 (1491) steps (0.0004 hrs) -nan:-nan 23313 (48) sec
[544] Ep10000: Max 4129 (624) steps (0.0002 hrs) -nan:-nan 23357 (44) sec
[545] Ep10000: Max 4129 (2666) steps (0.0007 hrs) -nan:-nan 23423 (66) sec
[546] Ep10000: Max 4129 (2221) steps (0.0006 hrs) -nan:-nan 23496 (73) sec
[547] Ep10000: Max 4129 (1194) steps (0.0003 hrs) -nan:-nan 23543 (47) sec
[548] Ep10000: Max 4129 (2651) steps (0.0007 hrs) -nan:-nan 23616 (73) sec
[549] Ep10000: Max 4129 (1039) steps (0.0003 hrs) -nan:-nan 23663 (47) sec
[550] Ep10000: Max 4129 (2514) steps (0.0007 hrs) -nan:-nan 23714 (51) sec
[551] Ep10000: Max 4129 (2095) steps (0.0006 hrs) -nan:-nan 23774 (60) sec
[552] Ep10000: Max 4129 (1679) steps (0.0005 hrs) -nan:-nan 23813 (39) sec
[553] Ep10000: Max 4129 (1595) steps (0.0004 hrs) -nan:-nan 23854 (41) sec
[554] Ep10000: Max 4129 (818) steps (0.0002 hrs) -nan:-nan 23892 (38) sec
[555] Ep10000: Max 4129 (2326) steps (0.0006 hrs) -nan:-nan 23951 (59) sec
[556] Ep10000: Max 4129 (312) steps (0.0001 hrs) -nan:-nan 23985 (34) sec
[557] Ep10000: Max 4129 (507) steps (0.0001 hrs) -nan:-nan 24018 (33) sec
[558] Ep10000: Max 4129 (455) steps (0.0001 hrs) -nan:-nan 24051 (33) sec
[559] Ep10000: Max 4129 (2315) steps (0.0006 hrs) -nan:-nan 24103 (52) sec
[560] Ep10000: Max 4129 (1953) steps (0.0005 hrs) -nan:-nan 24155 (52) sec
[561] Ep10000: Max 4129 (845) steps (0.0002 hrs) -nan:-nan 24187 (32) sec
[562] Ep10000: Max 4129 (1217) steps (0.0003 hrs) -nan:-nan 24221 (34) sec
[563] Ep10000: Max 4129 (1576) steps (0.0004 hrs) -nan:-nan 24253 (32) sec
[564] Ep10000: Max 4129 (2085) steps (0.0006 hrs) -nan:-nan 24306 (53) sec
[565] Ep10000: Max 4129 (2541) steps (0.0007 hrs) -nan:-nan 24358 (52) sec
[566] Ep10000: Max 4129 (2015) steps (0.0006 hrs) -nan:-nan 24410 (52) sec
[567] Ep10000: Max 4129 (3336) steps (0.0009 hrs) -nan:-nan 24462 (52) sec
[568] Ep10000: Max 4129 (1841) steps (0.0005 hrs) -nan:-nan 24496 (34) sec
[569] Ep10000: Max 4129 (340) steps (0.0001 hrs) -nan:-nan 24530 (34) sec
[570] Ep10000: Max 4129 (508) steps (0.0001 hrs) -nan:-nan 24562 (32) sec
[571] Ep10000: Max 4129 (3108) steps (0.0009 hrs) -nan:-nan 24606 (44) sec
[572] Ep10000: Max 4129 (2234) steps (0.0006 hrs) -nan:-nan 24658 (52) sec
[573] Ep10000: Max 4129 (1975) steps (0.0005 hrs) -nan:-nan 24700 (42) sec
[574] Ep10000: Max 4129 (718) steps (0.0002 hrs) -nan:-nan 24732 (32) sec
[575] Ep10000: Max 4129 (3345) steps (0.0009 hrs) -nan:-nan 24783 (51) sec
[576] Ep10000: Max 4129 (1755) steps (0.0005 hrs) -nan:-nan 24832 (49) sec
[577] Ep10000: Max 4129 (434) steps (0.0001 hrs) -nan:-nan 24865 (33) sec
[578] Ep10000: Max 4129 (2439) steps (0.0007 hrs) -nan:-nan 24917 (52) sec
[579] Ep10000: Max 4129 (2415) steps (0.0007 hrs) -nan:-nan 24969 (52) sec
[580] Ep10000: Max 4129 (1069) steps (0.0003 hrs) -nan:-nan 25003 (34) sec
[581] Ep10000: Max 4129 (2652) steps (0.0007 hrs) -nan:-nan 25054 (51) sec
[582] Ep10000: Max 4129 (2034) steps (0.0006 hrs) -nan:-nan 25102 (48) sec
[583] Ep10000: Max 4129 (2124) steps (0.0006 hrs) -nan:-nan 25135 (33) sec
[584] Ep10000: Max 4129 (2228) steps (0.0006 hrs) -nan:-nan 25184 (49) sec
[585] Ep10000: Max 4129 (1191) steps (0.0003 hrs) -nan:-nan 25217 (33) sec
[586] Ep10000: Max 4129 (737) steps (0.0002 hrs) -nan:-nan 25250 (33) sec
[587] Ep10000: Max 4129 (694) steps (0.0002 hrs) -nan:-nan 25282 (32) sec
[588] Ep10000: Max 4129 (1620) steps (0.0005 hrs) -nan:-nan 25317 (35) sec
[589] Ep10000: Max 4129 (1820) steps (0.0005 hrs) -nan:-nan 25351 (34) sec
[590] Ep10000: Max 4129 (2445) steps (0.0007 hrs) -nan:-nan 25396 (45) sec
[591] Ep10000: Max 4129 (2467) steps (0.0007 hrs) -nan:-nan 25449 (53) sec
[592] Ep10000: Max 4129 (2552) steps (0.0007 hrs) -nan:-nan 25501 (52) sec
[593] Ep10000: Max 4129 (1066) steps (0.0003 hrs) -nan:-nan 25534 (33) sec
[594] Ep10000: Max 4129 (2185) steps (0.0006 hrs) -nan:-nan 25568 (34) sec
[595] Ep10000: Max 4129 (2238) steps (0.0006 hrs) -nan:-nan 25620 (52) sec
[596] Ep10000: Max 4129 (2648) steps (0.0007 hrs) -nan:-nan 25673 (53) sec
[597] Ep10000: Max 4129 (300) steps (0.0001 hrs) -nan:-nan 25706 (33) sec
[598] Ep10000: Max 4129 (2123) steps (0.0006 hrs) -nan:-nan 25758 (52) sec
[599] Ep10000: Max 4129 (2753) steps (0.0008 hrs) -nan:-nan 25811 (53) sec
[600] Ep10000: Max 4129 (694) steps (0.0002 hrs) -nan:-nan 25845 (34) sec
[601] Ep10000: Max 4129 (1305) steps (0.0004 hrs) -nan:-nan 25878 (33) sec
[602] Ep10000: Max 4129 (2342) steps (0.0007 hrs) -nan:-nan 25927 (49) sec
[603] Ep10000: Max 4129 (2146) steps (0.0006 hrs) -nan:-nan 25979 (52) sec
[604] Ep10000: Max 4129 (2228) steps (0.0006 hrs) -nan:-nan 26031 (52) sec
[605] Ep10000: Max 4129 (2595) steps (0.0007 hrs) -nan:-nan 26072 (41) sec
[606] Ep10000: Max 4129 (2244) steps (0.0006 hrs) -nan:-nan 26135 (63) sec
[607] Ep10000: Max 4129 (1087) steps (0.0003 hrs) -nan:-nan 26174 (39) sec
[608] Ep10000: Max 4129 (1736) steps (0.0005 hrs) -nan:-nan 26231 (57) sec
[609] Ep10000: Max 4129 (2032) steps (0.0006 hrs) -nan:-nan 26293 (62) sec
[610] Ep10000: Max 4129 (2142) steps (0.0006 hrs) -nan:-nan 26334 (41) sec
[611] Ep10000: Max 4129 (2147) steps (0.0006 hrs) -nan:-nan 26386 (52) sec
[612] Ep10000: Max 4129 (1719) steps (0.0005 hrs) -nan:-nan 26431 (45) sec
[613] Ep10000: Max 4129 (1444) steps (0.0004 hrs) -nan:-nan 26470 (39) sec
[614] Ep10000: Max 4129 (405) steps (0.0001 hrs) -nan:-nan 26508 (38) sec
[615] Ep10000: Max 4129 (820) steps (0.0002 hrs) -nan:-nan 26546 (38) sec
[616] Ep10000: Max 4129 (528) steps (0.0001 hrs) -nan:-nan 26584 (38) sec
[617] Ep10000: Max 4129 (2084) steps (0.0006 hrs) -nan:-nan 26643 (59) sec
[618] Ep10000: Max 4129 (2108) steps (0.0006 hrs) -nan:-nan 26707 (64) sec
[619] Ep10000: Max 4129 (1067) steps (0.0003 hrs) -nan:-nan 26748 (41) sec
[620] Ep10000: Max 4129 (2215) steps (0.0006 hrs) -nan:-nan 26814 (66) sec
[621] Ep10000: Max 4129 (2842) steps (0.0008 hrs) -nan:-nan 26850 (36) sec
[622] Ep10000: Max 4129 (2626) steps (0.0007 hrs) -nan:-nan 26902 (52) sec
[623] Ep10000: Max 4129 (2047) steps (0.0006 hrs) -nan:-nan 26954 (52) sec
[624] Ep10000: Max 4129 (2438) steps (0.0007 hrs) -nan:-nan 27007 (53) sec
[625] Ep10000: Max 4129 (2466) steps (0.0007 hrs) -nan:-nan 27041 (34) sec
[626] Ep10000: Max 4129 (1973) steps (0.0005 hrs) -nan:-nan 27093 (52) sec
[627] Ep10000: Max 4129 (2196) steps (0.0006 hrs) -nan:-nan 27145 (52) sec
[628] Ep10000: Max 4129 (1049) steps (0.0003 hrs) -nan:-nan 27177 (32) sec
[629] Ep10000: Max 4129 (1169) steps (0.0003 hrs) -nan:-nan 27210 (33) sec
[630] Ep10000: Max 4129 (2530) steps (0.0007 hrs) -nan:-nan 27262 (52) sec
[631] Ep10000: Max 4129 (2213) steps (0.0006 hrs) -nan:-nan 27314 (52) sec
[632] Ep10000: Max 4129 (569) steps (0.0002 hrs) -nan:-nan 27346 (32) sec
[633] Ep10000: Max 4129 (522) steps (0.0001 hrs) -nan:-nan 27379 (33) sec
[634] Ep10000: Max 4129 (2203) steps (0.0006 hrs) -nan:-nan 27432 (53) sec
[635] Ep10000: Max 4129 (2012) steps (0.0006 hrs) -nan:-nan 27473 (41) sec
[636] Ep10000: Max 4129 (1464) steps (0.0004 hrs) -nan:-nan 27507 (34) sec
[637] Ep10000: Max 4129 (2538) steps (0.0007 hrs) -nan:-nan 27558 (51) sec
[638] Ep10000: Max 4129 (2161) steps (0.0006 hrs) -nan:-nan 27611 (53) sec
[639] Ep10000: Max 4129 (1759) steps (0.0005 hrs) -nan:-nan 27657 (46) sec
[640] Ep10000: Max 4129 (2111) steps (0.0006 hrs) -nan:-nan 27709 (52) sec
[641] Ep10000: Max 4129 (903) steps (0.0003 hrs) -nan:-nan 27742 (33) sec
[642] Ep10000: Max 4129 (2583) steps (0.0007 hrs) -nan:-nan 27790 (48) sec
[643] Ep10000: Max 4129 (2395) steps (0.0007 hrs) -nan:-nan 27840 (50) sec
[644] Ep10000: Max 4129 (2205) steps (0.0006 hrs) -nan:-nan 27887 (47) sec
[645] Ep10000: Max 4129 (1846) steps (0.0005 hrs) -nan:-nan 27920 (33) sec
[646] Ep10000: Max 4129 (2792) steps (0.0008 hrs) -nan:-nan 27973 (53) sec
[647] Ep10000: Max 4129 (1702) steps (0.0005 hrs) -nan:-nan 28005 (32) sec
[648] Ep10000: Max 4129 (2627) steps (0.0007 hrs) -nan:-nan 28052 (47) sec
[649] Ep10000: Max 4129 (1730) steps (0.0005 hrs) -nan:-nan 28103 (51) sec
[650] Ep10000: Max 4129 (1915) steps (0.0005 hrs) -nan:-nan 28155 (52) sec
[651] Ep10000: Max 4129 (340) steps (0.0001 hrs) -nan:-nan 28188 (33) sec
[652] Ep10000: Max 4129 (459) steps (0.0001 hrs) -nan:-nan 28220 (32) sec
[653] Ep10000: Max 4129 (2131) steps (0.0006 hrs) -nan:-nan 28271 (51) sec
[654] Ep10000: Max 4129 (2296) steps (0.0006 hrs) -nan:-nan 28323 (52) sec
[655] Ep10000: Max 4129 (2282) steps (0.0006 hrs) -nan:-nan 28372 (49) sec
[656] Ep10000: Max 4129 (330) steps (0.0001 hrs) -nan:-nan 28405 (33) sec
[657] Ep10000: Max 4129 (1664) steps (0.0005 hrs) -nan:-nan 28438 (33) sec
[658] Ep10000: Max 4129 (353) steps (0.0001 hrs) -nan:-nan 28471 (33) sec
[659] Ep10000: Max 4129 (2202) steps (0.0006 hrs) -nan:-nan 28505 (34) sec
[660] Ep10000: Max 4129 (1943) steps (0.0005 hrs) -nan:-nan 28548 (43) sec
[661] Ep10000: Max 4129 (883) steps (0.0002 hrs) -nan:-nan 28581 (33) sec
[662] Ep10000: Max 4129 (1871) steps (0.0005 hrs) -nan:-nan 28632 (51) sec
[663] Ep10000: Max 4129 (2205) steps (0.0006 hrs) -nan:-nan 28685 (53) sec
[664] Ep10000: Max 4129 (2088) steps (0.0006 hrs) -nan:-nan 28735 (50) sec
[665] Ep10000: Max 4129 (1377) steps (0.0004 hrs) -nan:-nan 28768 (33) sec
[666] Ep10000: Max 4129 (2474) steps (0.0007 hrs) -nan:-nan 28821 (53) sec
[667] Ep10000: Max 4129 (2810) steps (0.0008 hrs) -nan:-nan 28870 (49) sec
[668] Ep10000: Max 4129 (1141) steps (0.0003 hrs) -nan:-nan 28903 (33) sec
[669] Ep10000: Max 4129 (1185) steps (0.0003 hrs) -nan:-nan 28936 (33) sec
[670] Ep10000: Max 4129 (2476) steps (0.0007 hrs) -nan:-nan 28988 (52) sec
[671] Ep10000: Max 4129 (2141) steps (0.0006 hrs) -nan:-nan 29029 (41) sec
[672] Ep10000: Max 4129 (2012) steps (0.0006 hrs) -nan:-nan 29079 (50) sec
[673] Ep10000: Max 4129 (1029) steps (0.0003 hrs) -nan:-nan 29112 (33) sec
[674] Ep10000: Max 4129 (3580) steps (0.0010 hrs) -nan:-nan 29162 (50) sec
[675] Ep10000: Max 4129 (2486) steps (0.0007 hrs) -nan:-nan 29211 (49) sec
[676] Ep10000: Max 4129 (378) steps (0.0001 hrs) -nan:-nan 29244 (33) sec
[677] Ep10000: Max 4129 (1890) steps (0.0005 hrs) -nan:-nan 29294 (50) sec
[678] Ep10000: Max 4129 (3091) steps (0.0009 hrs) -nan:-nan 29329 (35) sec
[679] Ep10000: Max 4129 (2017) steps (0.0006 hrs) -nan:-nan 29378 (49) sec
[680] Ep10000: Max 4129 (352) steps (0.0001 hrs) -nan:-nan 29411 (33) sec
[681] Ep10000: Max 4129 (2353) steps (0.0007 hrs) -nan:-nan 29462 (51) sec
[682] Ep10000: Max 4129 (2609) steps (0.0007 hrs) -nan:-nan 29523 (61) sec
[683] Ep10000: Max 4129 (2014) steps (0.0006 hrs) -nan:-nan 29590 (67) sec
[684] Ep10000: Max 4129 (1361) steps (0.0004 hrs) -nan:-nan 29632 (42) sec
[685] Ep10000: Max 4129 (1095) steps (0.0003 hrs) -nan:-nan 29676 (44) sec
[686] Ep10000: Max 4129 (773) steps (0.0002 hrs) -nan:-nan 29725 (49) sec
[687] Ep10000: Max 4129 (2205) steps (0.0006 hrs) -nan:-nan 29794 (69) sec
[688] Ep10000: Max 4129 (2047) steps (0.0006 hrs) -nan:-nan 29862 (68) sec
[689] Ep10000: Max 4129 (539) steps (0.0001 hrs) -nan:-nan 29910 (48) sec
[690] Ep10000: Max 4129 (1884) steps (0.0005 hrs) -nan:-nan 29962 (52) sec
[691] Ep10000: Max 4129 (1561) steps (0.0004 hrs) -nan:-nan 30008 (46) sec
[692] Ep10000: Max 4129 (1024) steps (0.0003 hrs) -nan:-nan 30056 (48) sec
[693] Ep10000: Max 4129 (2321) steps (0.0006 hrs) -nan:-nan 30131 (75) sec
[694] Ep10000: Max 4129 (2590) steps (0.0007 hrs) -nan:-nan 30190 (59) sec
[695] Ep10000: Max 4129 (2470) steps (0.0007 hrs) -nan:-nan 30263 (73) sec
[696] Ep10000: Max 4129 (2439) steps (0.0007 hrs) -nan:-nan 30319 (56) sec
[697] Ep10000: Max 4129 (2518) steps (0.0007 hrs) -nan:-nan 30373 (54) sec
[698] Ep10000: Max 4129 (606) steps (0.0002 hrs) -nan:-nan 30407 (34) sec
[699] Ep10000: Max 4129 (1054) steps (0.0003 hrs) -nan:-nan 30442 (35) sec
[700] Ep10000: Max 4129 (958) steps (0.0003 hrs) -nan:-nan 30477 (35) sec
[701] Ep10000: Max 4129 (2032) steps (0.0006 hrs) -nan:-nan 30528 (51) sec
[702] Ep10000: Max 4129 (784) steps (0.0002 hrs) -nan:-nan 30561 (33) sec
[703] Ep10000: Max 4129 (1809) steps (0.0005 hrs) -nan:-nan 30605 (44) sec
[704] Ep10000: Max 4129 (2747) steps (0.0008 hrs) -nan:-nan 30684 (79) sec
[705] Ep10000: Max 4129 (2063) steps (0.0006 hrs) -nan:-nan 30759 (75) sec
[706] Ep10000: Max 4129 (2029) steps (0.0006 hrs) -nan:-nan 30820 (61) sec
[707] Ep10000: Max 4129 (391) steps (0.0001 hrs) -nan:-nan 30866 (46) sec
[708] Ep10000: Max 4129 (2523) steps (0.0007 hrs) -nan:-nan 30938 (72) sec
[709] Ep10000: Max 4129 (2696) steps (0.0007 hrs) -nan:-nan 31003 (65) sec
[710] Ep10000: Max 4129 (1534) steps (0.0004 hrs) -nan:-nan 31042 (39) sec
[711] Ep10000: Max 4129 (2527) steps (0.0007 hrs) -nan:-nan 31114 (72) sec
[712] Ep10000: Max 4129 (923) steps (0.0003 hrs) -nan:-nan 31160 (46) sec
[713] Ep10000: Max 4129 (1048) steps (0.0003 hrs) -nan:-nan 31207 (47) sec
[714] Ep10000: Max 4129 (923) steps (0.0003 hrs) -nan:-nan 31251 (44) sec
[715] Ep10000: Max 4129 (3142) steps (0.0009 hrs) -nan:-nan 31322 (71) sec
[716] Ep10000: Max 4129 (2727) steps (0.0008 hrs) -nan:-nan 31390 (68) sec
[717] Ep10000: Max 4129 (2618) steps (0.0007 hrs) -nan:-nan 31455 (65) sec
[718] Ep10000: Max 4129 (1950) steps (0.0005 hrs) -nan:-nan 31513 (58) sec
[719] Ep10000: Max 4129 (1308) steps (0.0004 hrs) -nan:-nan 31547 (34) sec
[720] Ep10000: Max 4129 (2942) steps (0.0008 hrs) -nan:-nan 31592 (45) sec
[721] Ep10000: Max 4129 (2299) steps (0.0006 hrs) -nan:-nan 31645 (53) sec
[722] Ep10000: Max 4129 (949) steps (0.0003 hrs) -nan:-nan 31679 (34) sec
[723] Ep10000: Max 4129 (2350) steps (0.0007 hrs) -nan:-nan 31731 (52) sec
[724] Ep10000: Max 4129 (2279) steps (0.0006 hrs) -nan:-nan 31785 (54) sec
[725] Ep10000: Max 4129 (2019) steps (0.0006 hrs) -nan:-nan 31844 (59) sec
[726] Ep10000: Max 4129 (411) steps (0.0001 hrs) -nan:-nan 31883 (39) sec
[727] Ep10000: Max 4129 (1922) steps (0.0005 hrs) -nan:-nan 31948 (65) sec
[728] Ep10000: Max 4129 (2339) steps (0.0006 hrs) -nan:-nan 32015 (67) sec
[729] Ep10000: Max 4129 (3136) steps (0.0009 hrs) -nan:-nan 32078 (63) sec
[730] Ep10000: Max 4129 (352) steps (0.0001 hrs) -nan:-nan 32125 (47) sec
[731] Ep10000: Max 4129 (2029) steps (0.0006 hrs) -nan:-nan 32194 (69) sec
[732] Ep10000: Max 4129 (1367) steps (0.0004 hrs) -nan:-nan 32248 (54) sec
[733] Ep10000: Max 4129 (2169) steps (0.0006 hrs) -nan:-nan 32313 (65) sec
[734] Ep10000: Max 4129 (1467) steps (0.0004 hrs) -nan:-nan 32347 (34) sec
[735] Ep10000: Max 4129 (2000) steps (0.0006 hrs) -nan:-nan 32382 (35) sec
[736] Ep10000: Max 4129 (1470) steps (0.0004 hrs) -nan:-nan 32416 (34) sec
[737] Ep10000: Max 4129 (1540) steps (0.0004 hrs) -nan:-nan 32452 (36) sec
[738] Ep10000: Max 4129 (2313) steps (0.0006 hrs) -nan:-nan 32505 (53) sec
[739] Ep10000: Max 4129 (2148) steps (0.0006 hrs) -nan:-nan 32557 (52) sec
[740] Ep10000: Max 4129 (2776) steps (0.0008 hrs) -nan:-nan 32617 (60) sec
[741] Ep10000: Max 4129 (2323) steps (0.0006 hrs) -nan:-nan 32693 (76) sec
[742] Ep10000: Max 4129 (492) steps (0.0001 hrs) -nan:-nan 32748 (55) sec
[743] Ep10000: Max 4129 (2806) steps (0.0008 hrs) -nan:-nan 32808 (60) sec
[744] Ep10000: Max 4129 (2469) steps (0.0007 hrs) -nan:-nan 32863 (55) sec
[745] Ep10000: Max 4129 (3194) steps (0.0009 hrs) -nan:-nan 32904 (41) sec
[746] Ep10000: Max 4129 (1456) steps (0.0004 hrs) -nan:-nan 32938 (34) sec
[747] Ep10000: Max 4129 (1834) steps (0.0005 hrs) -nan:-nan 32991 (53) sec
[748] Ep10000: Max 4129 (2573) steps (0.0007 hrs) -nan:-nan 33045 (54) sec
[749] Ep10000: Max 4129 (1743) steps (0.0005 hrs) -nan:-nan 33093 (48) sec
[750] Ep10000: Max 4129 (1907) steps (0.0005 hrs) -nan:-nan 33148 (55) sec
[751] Ep10000: Max 4129 (687) steps (0.0002 hrs) -nan:-nan 33184 (36) sec
[752] Ep10000: Max 4129 (2253) steps (0.0006 hrs) -nan:-nan 33226 (42) sec
[753] Ep10000: Max 4129 (1005) steps (0.0003 hrs) -nan:-nan 33260 (34) sec
[754] Ep10000: Max 4129 (2509) steps (0.0007 hrs) -nan:-nan 33313 (53) sec
[755] Ep10000: Max 4129 (1972) steps (0.0005 hrs) -nan:-nan 33368 (55) sec
[756] Ep10000: Max 4129 (762) steps (0.0002 hrs) -nan:-nan 33402 (34) sec
[757] Ep10000: Max 4129 (319) steps (0.0001 hrs) -nan:-nan 33435 (33) sec
[758] Ep10000: Max 4129 (1666) steps (0.0005 hrs) -nan:-nan 33471 (36) sec
[759] Ep10000: Max 4129 (1988) steps (0.0006 hrs) -nan:-nan 33524 (53) sec
[760] Ep10000: Max 4129 (2673) steps (0.0007 hrs) -nan:-nan 33577 (53) sec
[761] Ep10000: Max 4129 (2301) steps (0.0006 hrs) -nan:-nan 33631 (54) sec
[762] Ep10000: Max 4129 (2589) steps (0.0007 hrs) -nan:-nan 33685 (54) sec
[763] Ep10000: Max 4129 (1978) steps (0.0005 hrs) -nan:-nan 33738 (53) sec
[764] Ep10000: Max 4129 (647) steps (0.0002 hrs) -nan:-nan 33772 (34) sec
[765] Ep10000: Max 4129 (2266) steps (0.0006 hrs) -nan:-nan 33826 (54) sec
[766] Ep10000: Max 4129 (2849) steps (0.0008 hrs) -nan:-nan 33880 (54) sec
[767] Ep10000: Max 4129 (1718) steps (0.0005 hrs) -nan:-nan 33916 (36) sec
[768] Ep10000: Max 4129 (1629) steps (0.0005 hrs) -nan:-nan 33949 (33) sec
[769] Ep10000: Max 4129 (2231) steps (0.0006 hrs) -nan:-nan 34003 (54) sec
[770] Ep10000: Max 4129 (1547) steps (0.0004 hrs) -nan:-nan 34037 (34) sec
[771] Ep10000: Max 4129 (2046) steps (0.0006 hrs) -nan:-nan 34072 (35) sec
[772] Ep10000: Max 4129 (913) steps (0.0003 hrs) -nan:-nan 34105 (33) sec
[773] Ep10000: Max 4129 (2230) steps (0.0006 hrs) -nan:-nan 34157 (52) sec
[774] Ep10000: Max 4129 (1538) steps (0.0004 hrs) -nan:-nan 34191 (34) sec
[775] Ep10000: Max 4129 (450) steps (0.0001 hrs) -nan:-nan 34224 (33) sec
[776] Ep10000: Max 4129 (1890) steps (0.0005 hrs) -nan:-nan 34277 (53) sec
[777] Ep10000: Max 4129 (2351) steps (0.0007 hrs) -nan:-nan 34328 (51) sec
[778] Ep10000: Max 4129 (1976) steps (0.0005 hrs) -nan:-nan 34381 (53) sec
[779] Ep10000: Max 4129 (2186) steps (0.0006 hrs) -nan:-nan 34437 (56) sec
[780] Ep10000: Max 4129 (1545) steps (0.0004 hrs) -nan:-nan 34481 (44) sec
[781] Ep10000: Max 4129 (2071) steps (0.0006 hrs) -nan:-nan 34538 (57) sec
[782] Ep10000: Max 4129 (2160) steps (0.0006 hrs) -nan:-nan 34591 (53) sec
[783] Ep10000: Max 4129 (646) steps (0.0002 hrs) -nan:-nan 34624 (33) sec
[784] Ep10000: Max 4129 (1916) steps (0.0005 hrs) -nan:-nan 34677 (53) sec
[785] Ep10000: Max 4129 (2525) steps (0.0007 hrs) -nan:-nan 34737 (60) sec
[786] Ep10000: Max 4129 (1696) steps (0.0005 hrs) -nan:-nan 34782 (45) sec
[787] Ep10000: Max 4129 (2291) steps (0.0006 hrs) -nan:-nan 34843 (61) sec
[788] Ep10000: Max 4129 (1041) steps (0.0003 hrs) -nan:-nan 34885 (42) sec
[789] Ep10000: Max 4129 (2063) steps (0.0006 hrs) -nan:-nan 34950 (65) sec
[790] Ep10000: Max 4129 (1547) steps (0.0004 hrs) -nan:-nan 34993 (43) sec
[791] Ep10000: Max 4129 (1555) steps (0.0004 hrs) -nan:-nan 35035 (42) sec
[792] Ep10000: Max 4129 (2122) steps (0.0006 hrs) -nan:-nan 35093 (58) sec
[793] Ep10000: Max 4129 (2027) steps (0.0006 hrs) -nan:-nan 35147 (54) sec
[794] Ep10000: Max 4129 (2109) steps (0.0006 hrs) -nan:-nan 35197 (50) sec
[795] Ep10000: Max 4129 (1226) steps (0.0003 hrs) -nan:-nan 35231 (34) sec
[796] Ep10000: Max 4129 (1576) steps (0.0004 hrs) -nan:-nan 35270 (39) sec
[797] Ep10000: Max 4129 (2687) steps (0.0007 hrs) -nan:-nan 35335 (65) sec
[798] Ep10000: Max 4129 (1784) steps (0.0005 hrs) -nan:-nan 35401 (66) sec
[799] Ep10000: Max 4129 (2461) steps (0.0007 hrs) -nan:-nan 35470 (69) sec
[800] Ep10000: Max 4129 (2517) steps (0.0007 hrs) -nan:-nan 35520 (50) sec
[801] Ep10000: Max 4129 (1268) steps (0.0004 hrs) -nan:-nan 35560 (40) sec
[802] Ep10000: Max 4129 (2315) steps (0.0006 hrs) -nan:-nan 35607 (47) sec
[803] Ep10000: Max 4129 (2585) steps (0.0007 hrs) -nan:-nan 35660 (53) sec
[804] Ep10000: Max 4129 (2341) steps (0.0007 hrs) -nan:-nan 35714 (54) sec
[805] Ep10000: Max 4129 (3068) steps (0.0009 hrs) -nan:-nan 35776 (62) sec
[806] Ep10000: Max 4129 (2314) steps (0.0006 hrs) -nan:-nan 35831 (55) sec
[807] Ep10000: Max 4129 (2146) steps (0.0006 hrs) -nan:-nan 35884 (53) sec
[808] Ep10000: Max 4129 (448) steps (0.0001 hrs) -nan:-nan 35918 (34) sec
[809] Ep10000: Max 4129 (738) steps (0.0002 hrs) -nan:-nan 35953 (35) sec
[810] Ep10000: Max 4129 (2258) steps (0.0006 hrs) -nan:-nan 36022 (69) sec
[811] Ep10000: Max 4129 (3005) steps (0.0008 hrs) -nan:-nan 36078 (56) sec
[812] Ep10000: Max 4129 (346) steps (0.0001 hrs) -nan:-nan 36111 (33) sec
[813] Ep10000: Max 4129 (338) steps (0.0001 hrs) -nan:-nan 36145 (34) sec
[814] Ep10000: Max 4129 (997) steps (0.0003 hrs) -nan:-nan 36179 (34) sec
[815] Ep10000: Max 4129 (2499) steps (0.0007 hrs) -nan:-nan 36242 (63) sec
[816] Ep10000: Max 4129 (3080) steps (0.0009 hrs) -nan:-nan 36302 (60) sec
[817] Ep10000: Max 4129 (1951) steps (0.0005 hrs) -nan:-nan 36357 (55) sec
[818] Ep10000: Max 4129 (2254) steps (0.0006 hrs) -nan:-nan 36422 (65) sec
[819] Ep10000: Max 4129 (552) steps (0.0002 hrs) -nan:-nan 36460 (38) sec
[820] Ep10000: Max 4129 (2295) steps (0.0006 hrs) -nan:-nan 36508 (48) sec
[821] Ep10000: Max 4129 (1628) steps (0.0005 hrs) -nan:-nan 36550 (42) sec
[822] Ep10000: Max 4129 (2142) steps (0.0006 hrs) -nan:-nan 36623 (73) sec
[823] Ep10000: Max 4129 (674) steps (0.0002 hrs) -nan:-nan 36670 (47) sec
[824] Ep10000: Max 4129 (371) steps (0.0001 hrs) -nan:-nan 36714 (44) sec
[825] Ep10000: Max 4129 (764) steps (0.0002 hrs) -nan:-nan 36754 (40) sec
[826] Ep10000: Max 4129 (2782) steps (0.0008 hrs) -nan:-nan 36815 (61) sec
[827] Ep10000: Max 4129 (2619) steps (0.0007 hrs) -nan:-nan 36866 (51) sec
[828] Ep10000: Max 4129 (2057) steps (0.0006 hrs) -nan:-nan 36906 (40) sec
[829] Ep10000: Max 4129 (2225) steps (0.0006 hrs) -nan:-nan 36971 (65) sec
[830] Ep10000: Max 4129 (2250) steps (0.0006 hrs) -nan:-nan 37024 (53) sec
[831] Ep10000: Max 4129 (855) steps (0.0002 hrs) -nan:-nan 37057 (33) sec
[832] Ep10000: Max 4129 (2213) steps (0.0006 hrs) -nan:-nan 37115 (58) sec
[833] Ep10000: Max 4129 (2624) steps (0.0007 hrs) -nan:-nan 37174 (59) sec
[834] Ep10000: Max 4129 (372) steps (0.0001 hrs) -nan:-nan 37207 (33) sec
[835] Ep10000: Max 4129 (2255) steps (0.0006 hrs) -nan:-nan 37263 (56) sec
[836] Ep10000: Max 4129 (2061) steps (0.0006 hrs) -nan:-nan 37325 (62) sec
[837] Ep10000: Max 4129 (1673) steps (0.0005 hrs) -nan:-nan 37364 (39) sec
[838] Ep10000: Max 4129 (2451) steps (0.0007 hrs) -nan:-nan 37408 (44) sec
[839] Ep10000: Max 4129 (547) steps (0.0002 hrs) -nan:-nan 37444 (36) sec
[840] Ep10000: Max 4129 (2044) steps (0.0006 hrs) -nan:-nan 37499 (55) sec
[841] Ep10000: Max 4129 (2214) steps (0.0006 hrs) -nan:-nan 37560 (61) sec
[842] Ep10000: Max 4129 (1676) steps (0.0005 hrs) -nan:-nan 37595 (35) sec
[843] Ep10000: Max 4129 (1138) steps (0.0003 hrs) -nan:-nan 37631 (36) sec
[844] Ep10000: Max 4129 (920) steps (0.0003 hrs) -nan:-nan 37670 (39) sec
[845] Ep10000: Max 4129 (2115) steps (0.0006 hrs) -nan:-nan 37727 (57) sec
[846] Ep10000: Max 4129 (2150) steps (0.0006 hrs) -nan:-nan 37787 (60) sec
[847] Ep10000: Max 4129 (1133) steps (0.0003 hrs) -nan:-nan 37828 (41) sec
[848] Ep10000: Max 4129 (1819) steps (0.0005 hrs) -nan:-nan 37872 (44) sec
[849] Ep10000: Max 4129 (1406) steps (0.0004 hrs) -nan:-nan 37914 (42) sec
[850] Ep10000: Max 4129 (670) steps (0.0002 hrs) -nan:-nan 37949 (35) sec
[851] Ep10000: Max 4129 (2703) steps (0.0008 hrs) -nan:-nan 38002 (53) sec
[852] Ep10000: Max 4129 (1388) steps (0.0004 hrs) -nan:-nan 38036 (34) sec
[853] Ep10000: Max 4129 (2586) steps (0.0007 hrs) -nan:-nan 38094 (58) sec
[854] Ep10000: Max 4129 (678) steps (0.0002 hrs) -nan:-nan 38135 (41) sec
[855] Ep10000: Max 4129 (2272) steps (0.0006 hrs) -nan:-nan 38202 (67) sec
[856] Ep10000: Max 4129 (2234) steps (0.0006 hrs) -nan:-nan 38254 (52) sec
[857] Ep10000: Max 4129 (2173) steps (0.0006 hrs) -nan:-nan 38317 (63) sec
[858] Ep10000: Max 4129 (1231) steps (0.0003 hrs) -nan:-nan 38360 (43) sec
[859] Ep10000: Max 4129 (746) steps (0.0002 hrs) -nan:-nan 38400 (40) sec
[860] Ep10000: Max 4129 (1979) steps (0.0005 hrs) -nan:-nan 38467 (67) sec
[861] Ep10000: Max 4129 (628) steps (0.0002 hrs) -nan:-nan 38507 (40) sec
[862] Ep10000: Max 4129 (2306) steps (0.0006 hrs) -nan:-nan 38571 (64) sec
[863] Ep10000: Max 4129 (2818) steps (0.0008 hrs) -nan:-nan 38620 (49) sec
[864] Ep10000: Max 4129 (1594) steps (0.0004 hrs) -nan:-nan 38663 (43) sec
[865] Ep10000: Max 4129 (2026) steps (0.0006 hrs) -nan:-nan 38730 (67) sec
[866] Ep10000: Max 4129 (1623) steps (0.0005 hrs) -nan:-nan 38769 (39) sec
[867] Ep10000: Max 4129 (2019) steps (0.0006 hrs) -nan:-nan 38841 (72) sec
[868] Ep10000: Max 4129 (1342) steps (0.0004 hrs) -nan:-nan 38892 (51) sec
[869] Ep10000: Max 4129 (2124) steps (0.0006 hrs) -nan:-nan 38972 (80) sec
[870] Ep10000: Max 4129 (2249) steps (0.0006 hrs) -nan:-nan 39050 (78) sec
[871] Ep10000: Max 4129 (1740) steps (0.0005 hrs) -nan:-nan 39111 (61) sec
[872] Ep10000: Max 4129 (2660) steps (0.0007 hrs) -nan:-nan 39192 (81) sec
[873] Ep10000: Max 4129 (2048) steps (0.0006 hrs) -nan:-nan 39238 (46) sec
[874] Ep10000: Max 4129 (2090) steps (0.0006 hrs) -nan:-nan 39293 (55) sec
[875] Ep10000: Max 4129 (1500) steps (0.0004 hrs) -nan:-nan 39341 (48) sec
[876] Ep10000: Max 4129 (2077) steps (0.0006 hrs) -nan:-nan 39416 (75) sec
[877] Ep10000: Max 4129 (2160) steps (0.0006 hrs) -nan:-nan 39479 (63) sec
[878] Ep10000: Max 4129 (940) steps (0.0003 hrs) -nan:-nan 39523 (44) sec
[879] Ep10000: Max 4129 (2314) steps (0.0006 hrs) -nan:-nan 39570 (47) sec
[880] Ep10000: Max 4129 (1552) steps (0.0004 hrs) -nan:-nan 39619 (49) sec
[881] Ep10000: Max 4129 (1490) steps (0.0004 hrs) -nan:-nan 39665 (46) sec
[882] Ep10000: Max 4129 (2713) steps (0.0008 hrs) -nan:-nan 39728 (63) sec
[883] Ep10000: Max 4129 (2380) steps (0.0007 hrs) -nan:-nan 39783 (55) sec
[884] Ep10000: Max 4129 (2467) steps (0.0007 hrs) -nan:-nan 39837 (54) sec
[885] Ep10000: Max 4129 (2079) steps (0.0006 hrs) -nan:-nan 39896 (59) sec
[886] Ep10000: Max 4129 (2027) steps (0.0006 hrs) -nan:-nan 39969 (73) sec
[887] Ep10000: Max 4129 (2174) steps (0.0006 hrs) -nan:-nan 40022 (53) sec
[888] Ep10000: Max 4129 (1265) steps (0.0004 hrs) -nan:-nan 40062 (40) sec
[889] Ep10000: Max 4129 (2195) steps (0.0006 hrs) -nan:-nan 40130 (68) sec
[890] Ep10000: Max 4129 (2688) steps (0.0007 hrs) -nan:-nan 40186 (56) sec
[891] Ep10000: Max 4129 (2598) steps (0.0007 hrs) -nan:-nan 40253 (67) sec
[892] Ep10000: Max 4129 (912) steps (0.0003 hrs) -nan:-nan 40295 (42) sec
[893] Ep10000: Max 4129 (865) steps (0.0002 hrs) -nan:-nan 40337 (42) sec
[894] Ep10000: Max 4129 (1137) steps (0.0003 hrs) -nan:-nan 40380 (43) sec
[895] Ep10000: Max 4129 (2473) steps (0.0007 hrs) -nan:-nan 40439 (59) sec
[896] Ep10000: Max 4129 (753) steps (0.0002 hrs) -nan:-nan 40482 (43) sec
[897] Ep10000: Max 4129 (1394) steps (0.0004 hrs) -nan:-nan 40525 (43) sec
[898] Ep10000: Max 4129 (2291) steps (0.0006 hrs) -nan:-nan 40590 (65) sec
[899] Ep10000: Max 4129 (2258) steps (0.0006 hrs) -nan:-nan 40646 (56) sec
[900] Ep10000: Max 4129 (2865) steps (0.0008 hrs) -nan:-nan 40701 (55) sec
[901] Ep10000: Max 4129 (2356) steps (0.0007 hrs) -nan:-nan 40756 (55) sec
[902] Ep10000: Max 4129 (2050) steps (0.0006 hrs) -nan:-nan 40797 (41) sec
[903] Ep10000: Max 4129 (587) steps (0.0002 hrs) -nan:-nan 40831 (34) sec
[904] Ep10000: Max 4129 (479) steps (0.0001 hrs) -nan:-nan 40863 (32) sec
[905] Ep10000: Max 4129 (1122) steps (0.0003 hrs) -nan:-nan 40896 (33) sec
[906] Ep10000: Max 4129 (2254) steps (0.0006 hrs) -nan:-nan 40949 (53) sec
[907] Ep10000: Max 4129 (1045) steps (0.0003 hrs) -nan:-nan 40982 (33) sec
[908] Ep10000: Max 4129 (2186) steps (0.0006 hrs) -nan:-nan 41040 (58) sec
[909] Ep10000: Max 4129 (958) steps (0.0003 hrs) -nan:-nan 41083 (43) sec
[910] Ep10000: Max 4129 (2833) steps (0.0008 hrs) -nan:-nan 41129 (46) sec
[911] Ep10000: Max 4129 (992) steps (0.0003 hrs) -nan:-nan 41169 (40) sec
[912] Ep10000: Max 4129 (2236) steps (0.0006 hrs) -nan:-nan 41227 (58) sec
[913] Ep10000: Max 4129 (1569) steps (0.0004 hrs) -nan:-nan 41269 (42) sec
[914] Ep10000: Max 4129 (3168) steps (0.0009 hrs) -nan:-nan 41334 (65) sec
[915] Ep10000: Max 4129 (299) steps (0.0001 hrs) -nan:-nan 41377 (43) sec
[916] Ep10000: Max 4129 (1698) steps (0.0005 hrs) -nan:-nan 41421 (44) sec
[917] Ep10000: Max 4129 (1909) steps (0.0005 hrs) -nan:-nan 41489 (68) sec
[918] Ep10000: Max 4129 (2173) steps (0.0006 hrs) -nan:-nan 41562 (73) sec
[919] Ep10000: Max 4129 (2229) steps (0.0006 hrs) -nan:-nan 41629 (67) sec
[920] Ep10000: Max 4129 (409) steps (0.0001 hrs) -nan:-nan 41671 (42) sec
[921] Ep10000: Max 4129 (675) steps (0.0002 hrs) -nan:-nan 41710 (39) sec
[922] Ep10000: Max 4129 (2009) steps (0.0006 hrs) -nan:-nan 41772 (62) sec
[923] Ep10000: Max 4129 (2295) steps (0.0006 hrs) -nan:-nan 41836 (64) sec
[924] Ep10000: Max 4129 (1844) steps (0.0005 hrs) -nan:-nan 41895 (59) sec
[925] Ep10000: Max 4129 (2123) steps (0.0006 hrs) -nan:-nan 41946 (51) sec
[926] Ep10000: Max 4129 (2099) steps (0.0006 hrs) -nan:-nan 42005 (59) sec
[927] Ep10000: Max 4129 (2328) steps (0.0006 hrs) -nan:-nan 42069 (64) sec
[928] Ep10000: Max 4129 (1379) steps (0.0004 hrs) -nan:-nan 42109 (40) sec
[929] Ep10000: Max 4129 (2241) steps (0.0006 hrs) -nan:-nan 42166 (57) sec
[930] Ep10000: Max 4129 (1860) steps (0.0005 hrs) -nan:-nan 42208 (42) sec
[931] Ep10000: Max 4129 (1261) steps (0.0004 hrs) -nan:-nan 42249 (41) sec
[932] Ep10000: Max 4129 (2081) steps (0.0006 hrs) -nan:-nan 42317 (68) sec
[933] Ep10000: Max 4129 (1151) steps (0.0003 hrs) -nan:-nan 42359 (42) sec
[934] Ep10000: Max 4129 (531) steps (0.0001 hrs) -nan:-nan 42405 (46) sec
[935] Ep10000: Max 4129 (2118) steps (0.0006 hrs) -nan:-nan 42472 (67) sec
[936] Ep10000: Max 4129 (2211) steps (0.0006 hrs) -nan:-nan 42528 (56) sec
[937] Ep10000: Max 4129 (377) steps (0.0001 hrs) -nan:-nan 42562 (34) sec
[938] Ep10000: Max 4129 (2970) steps (0.0008 hrs) -nan:-nan 42615 (53) sec
[939] Ep10000: Max 4129 (1476) steps (0.0004 hrs) -nan:-nan 42650 (35) sec
[940] Ep10000: Max 4129 (2216) steps (0.0006 hrs) -nan:-nan 42704 (54) sec
[941] Ep10000: Max 4129 (518) steps (0.0001 hrs) -nan:-nan 42743 (39) sec
[942] Ep10000: Max 4129 (1740) steps (0.0005 hrs) -nan:-nan 42785 (42) sec
[943] Ep10000: Max 4129 (2466) steps (0.0007 hrs) -nan:-nan 42853 (68) sec
[944] Ep10000: Max 4129 (1792) steps (0.0005 hrs) -nan:-nan 42908 (55) sec
[945] Ep10000: Max 4129 (2434) steps (0.0007 hrs) -nan:-nan 42970 (62) sec
[946] Ep10000: Max 4129 (403) steps (0.0001 hrs) -nan:-nan 43008 (38) sec
[947] Ep10000: Max 4129 (1390) steps (0.0004 hrs) -nan:-nan 43051 (43) sec
[948] Ep10000: Max 4129 (1488) steps (0.0004 hrs) -nan:-nan 43092 (41) sec
[949] Ep10000: Max 4129 (2119) steps (0.0006 hrs) -nan:-nan 43145 (53) sec
[950] Ep10000: Max 4129 (2072) steps (0.0006 hrs) -nan:-nan 43204 (59) sec
[951] Ep10000: Max 4129 (366) steps (0.0001 hrs) -nan:-nan 43237 (33) sec
[952] Ep10000: Max 4129 (1228) steps (0.0003 hrs) -nan:-nan 43271 (34) sec
[953] Ep10000: Max 4129 (919) steps (0.0003 hrs) -nan:-nan 43304 (33) sec
[954] Ep10000: Max 4129 (1341) steps (0.0004 hrs) -nan:-nan 43345 (41) sec
[955] Ep10000: Max 4129 (2056) steps (0.0006 hrs) -nan:-nan 43402 (57) sec
[956] Ep10000: Max 4129 (796) steps (0.0002 hrs) -nan:-nan 43435 (33) sec
[957] Ep10000: Max 4129 (2357) steps (0.0007 hrs) -nan:-nan 43478 (43) sec
[958] Ep10000: Max 4129 (872) steps (0.0002 hrs) -nan:-nan 43514 (36) sec
[959] Ep10000: Max 4129 (2275) steps (0.0006 hrs) -nan:-nan 43571 (57) sec
[960] Ep10000: Max 4129 (1974) steps (0.0005 hrs) -nan:-nan 43613 (42) sec
[961] Ep10000: Max 4129 (2248) steps (0.0006 hrs) -nan:-nan 43672 (59) sec
[962] Ep10000: Max 4129 (425) steps (0.0001 hrs) -nan:-nan 43709 (37) sec
[963] Ep10000: Max 4129 (1774) steps (0.0005 hrs) -nan:-nan 43747 (38) sec
[964] Ep10000: Max 4129 (2072) steps (0.0006 hrs) -nan:-nan 43795 (48) sec
[965] Ep10000: Max 4129 (2104) steps (0.0006 hrs) -nan:-nan 43832 (37) sec
[966] Ep10000: Max 4129 (1821) steps (0.0005 hrs) -nan:-nan 43869 (37) sec
[967] Ep10000: Max 4129 (608) steps (0.0002 hrs) -nan:-nan 43906 (37) sec
[968] Ep10000: Max 4129 (1455) steps (0.0004 hrs) -nan:-nan 43983 (77) sec
[969] Ep10000: Max 4129 (2206) steps (0.0006 hrs) -nan:-nan 44037 (54) sec
[970] Ep10000: Max 4129 (1467) steps (0.0004 hrs) -nan:-nan 44102 (65) sec
[971] Ep10000: Max 4129 (1101) steps (0.0003 hrs) -nan:-nan 44160 (58) sec
[972] Ep10000: Max 4129 (1919) steps (0.0005 hrs) -nan:-nan 44216 (56) sec
[973] Ep10000: Max 4129 (1730) steps (0.0005 hrs) -nan:-nan 44265 (49) sec
[974] Ep10000: Max 4129 (1329) steps (0.0004 hrs) -nan:-nan 44310 (45) sec
[975] Ep10000: Max 4129 (2046) steps (0.0006 hrs) -nan:-nan 44355 (45) sec
[976] Ep10000: Max 4129 (2255) steps (0.0006 hrs) -nan:-nan 44400 (45) sec
[977] Ep10000: Max 4129 (1976) steps (0.0005 hrs) -nan:-nan 44454 (54) sec
[978] Ep10000: Max 4129 (313) steps (0.0001 hrs) -nan:-nan 44500 (46) sec
[979] Ep10000: Max 4129 (1929) steps (0.0005 hrs) -nan:-nan 44553 (53) sec
[980] Ep10000: Max 4129 (1227) steps (0.0003 hrs) -nan:-nan 44597 (44) sec
[981] Ep10000: Max 4129 (2504) steps (0.0007 hrs) -nan:-nan 44664 (67) sec
[982] Ep10000: Max 4129 (2168) steps (0.0006 hrs) -nan:-nan 44725 (61) sec
[983] Ep10000: Max 4129 (944) steps (0.0003 hrs) -nan:-nan 44767 (42) sec
[984] Ep10000: Max 4129 (1982) steps (0.0006 hrs) -nan:-nan 44834 (67) sec
[985] Ep10000: Max 4129 (2547) steps (0.0007 hrs) -nan:-nan 44900 (66) sec
[986] Ep10000: Max 4129 (1589) steps (0.0004 hrs) -nan:-nan 44943 (43) sec
[987] Ep10000: Max 4129 (1365) steps (0.0004 hrs) -nan:-nan 44988 (45) sec
[988] Ep10000: Max 4129 (2228) steps (0.0006 hrs) -nan:-nan 45058 (70) sec
[989] Ep10000: Max 4129 (324) steps (0.0001 hrs) -nan:-nan 45101 (43) sec
[990] Ep10000: Max 4129 (2511) steps (0.0007 hrs) -nan:-nan 45172 (71) sec
[991] Ep10000: Max 4129 (1060) steps (0.0003 hrs) -nan:-nan 45216 (44) sec
[992] Ep10000: Max 4129 (2319) steps (0.0006 hrs) -nan:-nan 45287 (71) sec
[993] Ep10000: Max 4129 (2236) steps (0.0006 hrs) -nan:-nan 45356 (69) sec
[994] Ep10000: Max 4129 (1884) steps (0.0005 hrs) -nan:-nan 45400 (44) sec
[995] Ep10000: Max 4129 (1133) steps (0.0003 hrs) -nan:-nan 45443 (43) sec
[996] Ep10000: Max 4129 (479) steps (0.0001 hrs) -nan:-nan 45487 (44) sec
[997] Ep10000: Max 4129 (2097) steps (0.0006 hrs) -nan:-nan 45556 (69) sec
[998] Ep10000: Max 4129 (2122) steps (0.0006 hrs) -nan:-nan 45608 (52) sec
[999] Ep10000: Max 4129 (1153) steps (0.0003 hrs) -nan:-nan 45650 (42) sec
[1000] Ep10000: Max 4129 (469) steps (0.0001 hrs) -nan:-nan 45695 (45) sec
Total Elapsed time: 45695 seconds
Wrote current data to latest.train
