balanced 0 test_flag 0
[1] Ep10000: Max 1265 (1265) steps (0.0004 hrs) -nan:-nan 43 (43) sec
[2] Ep10000: Max 1604 (1604) steps (0.0004 hrs) -nan:-nan 85 (42) sec
[3] Ep10000: Max 1604 (1444) steps (0.0004 hrs) -nan:-nan 134 (49) sec
[4] Ep10000: Max 2029 (2029) steps (0.0006 hrs) -nan:-nan 186 (52) sec
[5] Ep10000: Max 2128 (2128) steps (0.0006 hrs) -nan:-nan 239 (53) sec
[6] Ep10000: Max 2128 (1248) steps (0.0003 hrs) -nan:-nan 289 (50) sec
[7] Ep10000: Max 2325 (2325) steps (0.0006 hrs) -nan:-nan 340 (51) sec
[8] Ep10000: Max 2325 (1729) steps (0.0005 hrs) -nan:-nan 390 (50) sec
[9] Ep10000: Max 2422 (2422) steps (0.0007 hrs) -nan:-nan 439 (49) sec
[10] Ep10000: Max 2422 (2355) steps (0.0007 hrs) -nan:-nan 492 (53) sec
[11] Ep10000: Max 4218 (4218) steps (0.0012 hrs) -nan:-nan 548 (56) sec
[12] Ep10000: Max 4218 (1026) steps (0.0003 hrs) -nan:-nan 596 (48) sec
[13] Ep10000: Max 4218 (1164) steps (0.0003 hrs) -nan:-nan 645 (49) sec
[14] Ep10000: Max 4218 (2141) steps (0.0006 hrs) -nan:-nan 689 (44) sec
[15] Ep10000: Max 4218 (1246) steps (0.0003 hrs) -nan:-nan 731 (42) sec
[16] Ep10000: Max 4218 (1253) steps (0.0003 hrs) -nan:-nan 779 (48) sec
[17] Ep10000: Max 4218 (1010) steps (0.0003 hrs) -nan:-nan 828 (49) sec
[18] Ep10000: Max 4218 (1676) steps (0.0005 hrs) -nan:-nan 876 (48) sec
[19] Ep10000: Max 4218 (1018) steps (0.0003 hrs) -nan:-nan 925 (49) sec
[20] Ep10000: Max 4218 (1132) steps (0.0003 hrs) -nan:-nan 973 (48) sec
[21] Ep10000: Max 4218 (1599) steps (0.0004 hrs) -nan:-nan 1021 (48) sec
[22] Ep10000: Max 4218 (2170) steps (0.0006 hrs) -nan:-nan 1069 (48) sec
[23] Ep10000: Max 4218 (1614) steps (0.0004 hrs) -nan:-nan 1114 (45) sec
[24] Ep10000: Max 4218 (1028) steps (0.0003 hrs) -nan:-nan 1163 (49) sec
[25] Ep10000: Max 4218 (1150) steps (0.0003 hrs) -nan:-nan 1212 (49) sec
[26] Ep10000: Max 4218 (1602) steps (0.0004 hrs) -nan:-nan 1264 (52) sec
[27] Ep10000: Max 4218 (2266) steps (0.0006 hrs) -nan:-nan 1311 (47) sec
[28] Ep10000: Max 4218 (1000) steps (0.0003 hrs) -nan:-nan 1358 (47) sec
[29] Ep10000: Max 4218 (1846) steps (0.0005 hrs) -nan:-nan 1407 (49) sec
[30] Ep10000: Max 4218 (1265) steps (0.0004 hrs) -nan:-nan 1455 (48) sec
[31] Ep10000: Max 4218 (1233) steps (0.0003 hrs) -nan:-nan 1502 (47) sec
[32] Ep10000: Max 4218 (1003) steps (0.0003 hrs) -nan:-nan 1551 (49) sec
[33] Ep10000: Max 4218 (1866) steps (0.0005 hrs) -nan:-nan 1602 (51) sec
[34] Ep10000: Max 4218 (1091) steps (0.0003 hrs) -nan:-nan 1651 (49) sec
[35] Ep10000: Max 4218 (2260) steps (0.0006 hrs) -nan:-nan 1699 (48) sec
[36] Ep10000: Max 4218 (1979) steps (0.0005 hrs) -nan:-nan 1750 (51) sec
[37] Ep10000: Max 4218 (1297) steps (0.0004 hrs) -nan:-nan 1795 (45) sec
[38] Ep10000: Max 4218 (2328) steps (0.0006 hrs) -nan:-nan 1845 (50) sec
[39] Ep10000: Max 4218 (2345) steps (0.0007 hrs) -nan:-nan 1895 (50) sec
[40] Ep10000: Max 4218 (2364) steps (0.0007 hrs) -nan:-nan 1942 (47) sec
[41] Ep10000: Max 4218 (1128) steps (0.0003 hrs) -nan:-nan 1988 (46) sec
[42] Ep10000: Max 4218 (2265) steps (0.0006 hrs) -nan:-nan 2037 (49) sec
[43] Ep10000: Max 4218 (2397) steps (0.0007 hrs) -nan:-nan 2085 (48) sec
[44] Ep10000: Max 4218 (2053) steps (0.0006 hrs) -nan:-nan 2134 (49) sec
[45] Ep10000: Max 4218 (2650) steps (0.0007 hrs) -nan:-nan 2180 (46) sec
[46] Ep10000: Max 4218 (2087) steps (0.0006 hrs) -nan:-nan 2226 (46) sec
[47] Ep10000: Max 4218 (2128) steps (0.0006 hrs) -nan:-nan 2275 (49) sec
[48] Ep10000: Max 4218 (2285) steps (0.0006 hrs) -nan:-nan 2325 (50) sec
[49] Ep10000: Max 4218 (2609) steps (0.0007 hrs) -nan:-nan 2373 (48) sec
[50] Ep10000: Max 4218 (1661) steps (0.0005 hrs) -nan:-nan 2420 (47) sec
[51] Ep10000: Max 4218 (1624) steps (0.0005 hrs) -nan:-nan 2466 (46) sec
[52] Ep10000: Max 4218 (1405) steps (0.0004 hrs) -nan:-nan 2511 (45) sec
[53] Ep10000: Max 4218 (2820) steps (0.0008 hrs) -nan:-nan 2559 (48) sec
[54] Ep10000: Max 4218 (1855) steps (0.0005 hrs) -nan:-nan 2606 (47) sec
[55] Ep10000: Max 4218 (2160) steps (0.0006 hrs) -nan:-nan 2655 (49) sec
[56] Ep10000: Max 4218 (1430) steps (0.0004 hrs) -nan:-nan 2701 (46) sec
[57] Ep10000: Max 4218 (1233) steps (0.0003 hrs) -nan:-nan 2746 (45) sec
[58] Ep10000: Max 4218 (1250) steps (0.0003 hrs) -nan:-nan 2792 (46) sec
[59] Ep10000: Max 4218 (2717) steps (0.0008 hrs) -nan:-nan 2846 (54) sec
[60] Ep10000: Max 4218 (1996) steps (0.0006 hrs) -nan:-nan 2905 (59) sec
[61] Ep10000: Max 4218 (2176) steps (0.0006 hrs) -nan:-nan 2963 (58) sec
[62] Ep10000: Max 4218 (2167) steps (0.0006 hrs) -nan:-nan 3018 (55) sec
[63] Ep10000: Max 4218 (2137) steps (0.0006 hrs) -nan:-nan 3075 (57) sec
[64] Ep10000: Max 4218 (1278) steps (0.0004 hrs) -nan:-nan 3128 (53) sec
[65] Ep10000: Max 4218 (1358) steps (0.0004 hrs) -nan:-nan 3182 (54) sec
[66] Ep10000: Max 4218 (2168) steps (0.0006 hrs) -nan:-nan 3239 (57) sec
[67] Ep10000: Max 4218 (2322) steps (0.0006 hrs) -nan:-nan 3301 (62) sec
[68] Ep10000: Max 4218 (1240) steps (0.0003 hrs) -nan:-nan 3356 (55) sec
[69] Ep10000: Max 4218 (2550) steps (0.0007 hrs) -nan:-nan 3411 (55) sec
[70] Ep10000: Max 4218 (1162) steps (0.0003 hrs) -nan:-nan 3463 (52) sec
[71] Ep10000: Max 4218 (1356) steps (0.0004 hrs) -nan:-nan 3513 (50) sec
[72] Ep10000: Max 4218 (2025) steps (0.0006 hrs) -nan:-nan 3566 (53) sec
[73] Ep10000: Max 4218 (2454) steps (0.0007 hrs) -nan:-nan 3618 (52) sec
[74] Ep10000: Max 4218 (1660) steps (0.0005 hrs) -nan:-nan 3668 (50) sec
[75] Ep10000: Max 4218 (2350) steps (0.0007 hrs) -nan:-nan 3721 (53) sec
[76] Ep10000: Max 4218 (1008) steps (0.0003 hrs) -nan:-nan 3777 (56) sec
[77] Ep10000: Max 4218 (2042) steps (0.0006 hrs) -nan:-nan 3835 (58) sec
[78] Ep10000: Max 4218 (1613) steps (0.0004 hrs) -nan:-nan 3892 (57) sec
[79] Ep10000: Max 4218 (2189) steps (0.0006 hrs) -nan:-nan 3954 (62) sec
[80] Ep10000: Max 4218 (984) steps (0.0003 hrs) -nan:-nan 4012 (58) sec
[81] Ep10000: Max 4218 (2309) steps (0.0006 hrs) -nan:-nan 4064 (52) sec
[82] Ep10000: Max 4218 (2060) steps (0.0006 hrs) -nan:-nan 4114 (50) sec
[83] Ep10000: Max 4218 (2057) steps (0.0006 hrs) -nan:-nan 4163 (49) sec
[84] Ep10000: Max 4218 (2172) steps (0.0006 hrs) -nan:-nan 4222 (59) sec
[85] Ep10000: Max 4218 (1793) steps (0.0005 hrs) -nan:-nan 4275 (53) sec
[86] Ep10000: Max 4218 (2703) steps (0.0008 hrs) -nan:-nan 4328 (53) sec
[87] Ep10000: Max 4218 (1841) steps (0.0005 hrs) -nan:-nan 4381 (53) sec
[88] Ep10000: Max 4218 (2877) steps (0.0008 hrs) -nan:-nan 4431 (50) sec
[89] Ep10000: Max 4218 (2009) steps (0.0006 hrs) -nan:-nan 4477 (46) sec
[90] Ep10000: Max 4218 (2198) steps (0.0006 hrs) -nan:-nan 4527 (50) sec
[91] Ep10000: Max 4218 (1660) steps (0.0005 hrs) -nan:-nan 4571 (44) sec
[92] Ep10000: Max 4218 (1016) steps (0.0003 hrs) -nan:-nan 4616 (45) sec
[93] Ep10000: Max 4218 (1916) steps (0.0005 hrs) -nan:-nan 4662 (46) sec
[94] Ep10000: Max 4218 (2342) steps (0.0007 hrs) -nan:-nan 4709 (47) sec
[95] Ep10000: Max 4218 (1148) steps (0.0003 hrs) -nan:-nan 4755 (46) sec
[96] Ep10000: Max 4218 (2894) steps (0.0008 hrs) -nan:-nan 4829 (74) sec
[97] Ep10000: Max 4218 (2316) steps (0.0006 hrs) -nan:-nan 4900 (71) sec
[98] Ep10000: Max 4218 (2240) steps (0.0006 hrs) -nan:-nan 4959 (59) sec
[99] Ep10000: Max 4218 (2186) steps (0.0006 hrs) -nan:-nan 5030 (71) sec
[100] Ep10000: Max 4218 (1129) steps (0.0003 hrs) -nan:-nan 5099 (69) sec
[101] Ep10000: Max 4218 (2088) steps (0.0006 hrs) -nan:-nan 5163 (64) sec
[102] Ep10000: Max 4218 (1999) steps (0.0006 hrs) -nan:-nan 5231 (68) sec
[103] Ep10000: Max 4218 (2073) steps (0.0006 hrs) -nan:-nan 5303 (72) sec
[104] Ep10000: Max 4218 (2174) steps (0.0006 hrs) -nan:-nan 5359 (56) sec
[105] Ep10000: Max 4218 (1011) steps (0.0003 hrs) -nan:-nan 5429 (70) sec
[106] Ep10000: Max 4218 (2429) steps (0.0007 hrs) -nan:-nan 5504 (75) sec
[107] Ep10000: Max 4218 (2672) steps (0.0007 hrs) -nan:-nan 5573 (69) sec
[108] Ep10000: Max 4218 (2186) steps (0.0006 hrs) -nan:-nan 5647 (74) sec
[109] Ep10000: Max 4218 (1009) steps (0.0003 hrs) -nan:-nan 5717 (70) sec
[110] Ep10000: Max 4218 (1117) steps (0.0003 hrs) -nan:-nan 5777 (60) sec
[111] Ep10000: Max 4218 (2185) steps (0.0006 hrs) -nan:-nan 5838 (61) sec
[112] Ep10000: Max 4218 (2354) steps (0.0007 hrs) -nan:-nan 5900 (62) sec
[113] Ep10000: Max 4218 (1521) steps (0.0004 hrs) -nan:-nan 5961 (61) sec
[114] Ep10000: Max 4218 (2104) steps (0.0006 hrs) -nan:-nan 6022 (61) sec
[115] Ep10000: Max 4218 (1175) steps (0.0003 hrs) -nan:-nan 6077 (55) sec
[116] Ep10000: Max 4218 (1117) steps (0.0003 hrs) -nan:-nan 6133 (56) sec
[117] Ep10000: Max 4218 (2126) steps (0.0006 hrs) -nan:-nan 6192 (59) sec
[118] Ep10000: Max 4218 (1526) steps (0.0004 hrs) -nan:-nan 6249 (57) sec
[119] Ep10000: Max 4218 (1092) steps (0.0003 hrs) -nan:-nan 6305 (56) sec
[120] Ep10000: Max 4218 (2445) steps (0.0007 hrs) -nan:-nan 6370 (65) sec
[121] Ep10000: Max 4218 (1993) steps (0.0006 hrs) -nan:-nan 6431 (61) sec
[122] Ep10000: Max 4218 (2059) steps (0.0006 hrs) -nan:-nan 6496 (65) sec
[123] Ep10000: Max 4218 (1754) steps (0.0005 hrs) -nan:-nan 6557 (61) sec
[124] Ep10000: Max 4218 (1886) steps (0.0005 hrs) -nan:-nan 6616 (59) sec
[125] Ep10000: Max 4218 (1887) steps (0.0005 hrs) -nan:-nan 6678 (62) sec
[126] Ep10000: Max 4218 (1646) steps (0.0005 hrs) -nan:-nan 6735 (57) sec
[127] Ep10000: Max 4218 (2425) steps (0.0007 hrs) -nan:-nan 6798 (63) sec
[128] Ep10000: Max 4218 (1651) steps (0.0005 hrs) -nan:-nan 6856 (58) sec
[129] Ep10000: Max 4218 (2182) steps (0.0006 hrs) -nan:-nan 6914 (58) sec
[130] Ep10000: Max 4218 (2550) steps (0.0007 hrs) -nan:-nan 6983 (69) sec
[131] Ep10000: Max 4218 (2193) steps (0.0006 hrs) -nan:-nan 7042 (59) sec
[132] Ep10000: Max 4218 (999) steps (0.0003 hrs) -nan:-nan 7099 (57) sec
[133] Ep10000: Max 4218 (2376) steps (0.0007 hrs) -nan:-nan 7159 (60) sec
[134] Ep10000: Max 4218 (2215) steps (0.0006 hrs) -nan:-nan 7216 (57) sec
[135] Ep10000: Max 4218 (2276) steps (0.0006 hrs) -nan:-nan 7279 (63) sec
[136] Ep10000: Max 4218 (1953) steps (0.0005 hrs) -nan:-nan 7343 (64) sec
[137] Ep10000: Max 4218 (1186) steps (0.0003 hrs) -nan:-nan 7407 (64) sec
[138] Ep10000: Max 4218 (1692) steps (0.0005 hrs) -nan:-nan 7470 (63) sec
[139] Ep10000: Max 4218 (2104) steps (0.0006 hrs) -nan:-nan 7537 (67) sec
[140] Ep10000: Max 4218 (2096) steps (0.0006 hrs) -nan:-nan 7596 (59) sec
[141] Ep10000: Max 4218 (2021) steps (0.0006 hrs) -nan:-nan 7657 (61) sec
[142] Ep10000: Max 4218 (2197) steps (0.0006 hrs) -nan:-nan 7712 (55) sec
[143] Ep10000: Max 4218 (2481) steps (0.0007 hrs) -nan:-nan 7776 (64) sec
[144] Ep10000: Max 4218 (1008) steps (0.0003 hrs) -nan:-nan 7834 (58) sec
[145] Ep10000: Max 4218 (2331) steps (0.0006 hrs) -nan:-nan 7900 (66) sec
[146] Ep10000: Max 4218 (2280) steps (0.0006 hrs) -nan:-nan 7960 (60) sec
[147] Ep10000: Max 4218 (965) steps (0.0003 hrs) -nan:-nan 8017 (57) sec
[148] Ep10000: Max 4218 (2803) steps (0.0008 hrs) -nan:-nan 8076 (59) sec
[149] Ep10000: Max 4218 (1182) steps (0.0003 hrs) -nan:-nan 8145 (69) sec
[150] Ep10000: Max 4218 (1058) steps (0.0003 hrs) -nan:-nan 8214 (69) sec
[151] Ep10000: Max 4218 (2520) steps (0.0007 hrs) -nan:-nan 8282 (68) sec
[152] Ep10000: Max 4218 (2258) steps (0.0006 hrs) -nan:-nan 8353 (71) sec
[153] Ep10000: Max 4218 (2359) steps (0.0007 hrs) -nan:-nan 8412 (59) sec
[154] Ep10000: Max 4218 (2346) steps (0.0007 hrs) -nan:-nan 8472 (60) sec
[155] Ep10000: Max 4218 (2641) steps (0.0007 hrs) -nan:-nan 8531 (59) sec
[156] Ep10000: Max 4218 (1183) steps (0.0003 hrs) -nan:-nan 8587 (56) sec
[157] Ep10000: Max 4218 (1032) steps (0.0003 hrs) -nan:-nan 8642 (55) sec
[158] Ep10000: Max 4218 (1028) steps (0.0003 hrs) -nan:-nan 8699 (57) sec
[159] Ep10000: Max 4218 (1870) steps (0.0005 hrs) -nan:-nan 8759 (60) sec
[160] Ep10000: Max 4218 (1943) steps (0.0005 hrs) -nan:-nan 8814 (55) sec
[161] Ep10000: Max 4218 (1445) steps (0.0004 hrs) -nan:-nan 8872 (58) sec
[162] Ep10000: Max 4218 (2000) steps (0.0006 hrs) -nan:-nan 8931 (59) sec
[163] Ep10000: Max 4218 (2347) steps (0.0007 hrs) -nan:-nan 8993 (62) sec
[164] Ep10000: Max 4218 (2255) steps (0.0006 hrs) -nan:-nan 9054 (61) sec
[165] Ep10000: Max 4218 (1595) steps (0.0004 hrs) -nan:-nan 9116 (62) sec
[166] Ep10000: Max 4218 (1850) steps (0.0005 hrs) -nan:-nan 9178 (62) sec
[167] Ep10000: Max 4218 (2672) steps (0.0007 hrs) -nan:-nan 9239 (61) sec
[168] Ep10000: Max 4218 (1013) steps (0.0003 hrs) -nan:-nan 9294 (55) sec
[169] Ep10000: Max 4218 (1497) steps (0.0004 hrs) -nan:-nan 9349 (55) sec
[170] Ep10000: Max 4218 (998) steps (0.0003 hrs) -nan:-nan 9410 (61) sec
[171] Ep10000: Max 4218 (1368) steps (0.0004 hrs) -nan:-nan 9470 (60) sec
[172] Ep10000: Max 4218 (1084) steps (0.0003 hrs) -nan:-nan 9528 (58) sec
[173] Ep10000: Max 4218 (1046) steps (0.0003 hrs) -nan:-nan 9587 (59) sec
[174] Ep10000: Max 4218 (2234) steps (0.0006 hrs) -nan:-nan 9643 (56) sec
[175] Ep10000: Max 4218 (2360) steps (0.0007 hrs) -nan:-nan 9696 (53) sec
[176] Ep10000: Max 4218 (1010) steps (0.0003 hrs) -nan:-nan 9744 (48) sec
[177] Ep10000: Max 4218 (2349) steps (0.0007 hrs) -nan:-nan 9795 (51) sec
[178] Ep10000: Max 4218 (2245) steps (0.0006 hrs) -nan:-nan 9847 (52) sec
[179] Ep10000: Max 4218 (2130) steps (0.0006 hrs) -nan:-nan 9895 (48) sec
[180] Ep10000: Max 4218 (2241) steps (0.0006 hrs) -nan:-nan 9938 (43) sec
[181] Ep10000: Max 4218 (2600) steps (0.0007 hrs) -nan:-nan 9983 (45) sec
[182] Ep10000: Max 4218 (1867) steps (0.0005 hrs) -nan:-nan 10026 (43) sec
[183] Ep10000: Max 4218 (2094) steps (0.0006 hrs) -nan:-nan 10071 (45) sec
[184] Ep10000: Max 4218 (1060) steps (0.0003 hrs) -nan:-nan 10115 (44) sec
[185] Ep10000: Max 4218 (2251) steps (0.0006 hrs) -nan:-nan 10159 (44) sec
[186] Ep10000: Max 4218 (1005) steps (0.0003 hrs) -nan:-nan 10201 (42) sec
[187] Ep10000: Max 4218 (1908) steps (0.0005 hrs) -nan:-nan 10246 (45) sec
[188] Ep10000: Max 4218 (2016) steps (0.0006 hrs) -nan:-nan 10291 (45) sec
[189] Ep10000: Max 4218 (2126) steps (0.0006 hrs) -nan:-nan 10336 (45) sec
[190] Ep10000: Max 4218 (1330) steps (0.0004 hrs) -nan:-nan 10378 (42) sec
[191] Ep10000: Max 4218 (1619) steps (0.0004 hrs) -nan:-nan 10422 (44) sec
[192] Ep10000: Max 4218 (1019) steps (0.0003 hrs) -nan:-nan 10465 (43) sec
[193] Ep10000: Max 4218 (995) steps (0.0003 hrs) -nan:-nan 10507 (42) sec
[194] Ep10000: Max 4218 (1735) steps (0.0005 hrs) -nan:-nan 10550 (43) sec
[195] Ep10000: Max 4218 (1852) steps (0.0005 hrs) -nan:-nan 10596 (46) sec
[196] Ep10000: Max 4218 (1246) steps (0.0003 hrs) -nan:-nan 10639 (43) sec
[197] Ep10000: Max 4218 (1680) steps (0.0005 hrs) -nan:-nan 10681 (42) sec
[198] Ep10000: Max 4218 (1347) steps (0.0004 hrs) -nan:-nan 10724 (43) sec
[199] Ep10000: Max 4218 (1034) steps (0.0003 hrs) -nan:-nan 10767 (43) sec
[200] Ep10000: Max 4218 (2293) steps (0.0006 hrs) -nan:-nan 10812 (45) sec
[201] Ep10000: Max 4218 (1906) steps (0.0005 hrs) -nan:-nan 10857 (45) sec
[202] Ep10000: Max 4218 (2228) steps (0.0006 hrs) -nan:-nan 10902 (45) sec
[203] Ep10000: Max 4218 (1072) steps (0.0003 hrs) -nan:-nan 10945 (43) sec
[204] Ep10000: Max 4218 (1959) steps (0.0005 hrs) -nan:-nan 10989 (44) sec
[205] Ep10000: Max 4218 (2192) steps (0.0006 hrs) -nan:-nan 11035 (46) sec
[206] Ep10000: Max 4218 (1222) steps (0.0003 hrs) -nan:-nan 11077 (42) sec
[207] Ep10000: Max 4218 (2186) steps (0.0006 hrs) -nan:-nan 11121 (44) sec
[208] Ep10000: Max 4218 (2241) steps (0.0006 hrs) -nan:-nan 11164 (43) sec
[209] Ep10000: Max 4218 (2965) steps (0.0008 hrs) -nan:-nan 11209 (45) sec
[210] Ep10000: Max 4218 (1982) steps (0.0006 hrs) -nan:-nan 11252 (43) sec
[211] Ep10000: Max 4218 (1114) steps (0.0003 hrs) -nan:-nan 11295 (43) sec
[212] Ep10000: Max 4218 (2854) steps (0.0008 hrs) -nan:-nan 11339 (44) sec
[213] Ep10000: Max 4218 (1097) steps (0.0003 hrs) -nan:-nan 11382 (43) sec
[214] Ep10000: Max 4218 (2295) steps (0.0006 hrs) -nan:-nan 11427 (45) sec
[215] Ep10000: Max 4218 (2864) steps (0.0008 hrs) -nan:-nan 11472 (45) sec
[216] Ep10000: Max 4218 (2233) steps (0.0006 hrs) -nan:-nan 11517 (45) sec
[217] Ep10000: Max 4218 (1009) steps (0.0003 hrs) -nan:-nan 11559 (42) sec
[218] Ep10000: Max 4218 (1670) steps (0.0005 hrs) -nan:-nan 11603 (44) sec
[219] Ep10000: Max 4218 (2063) steps (0.0006 hrs) -nan:-nan 11647 (44) sec
[220] Ep10000: Max 4218 (1861) steps (0.0005 hrs) -nan:-nan 11691 (44) sec
[221] Ep10000: Max 4218 (1959) steps (0.0005 hrs) -nan:-nan 11737 (46) sec
[222] Ep10000: Max 4218 (998) steps (0.0003 hrs) -nan:-nan 11780 (43) sec
[223] Ep10000: Max 4218 (2276) steps (0.0006 hrs) -nan:-nan 11824 (44) sec
[224] Ep10000: Max 4218 (3276) steps (0.0009 hrs) -nan:-nan 11870 (46) sec
[225] Ep10000: Max 4218 (1009) steps (0.0003 hrs) -nan:-nan 11912 (42) sec
[226] Ep10000: Max 4218 (2531) steps (0.0007 hrs) -nan:-nan 11957 (45) sec
[227] Ep10000: Max 4218 (2014) steps (0.0006 hrs) -nan:-nan 12001 (44) sec
[228] Ep10000: Max 4218 (2271) steps (0.0006 hrs) -nan:-nan 12057 (56) sec
[229] Ep10000: Max 4218 (2558) steps (0.0007 hrs) -nan:-nan 12110 (53) sec
[230] Ep10000: Max 4218 (3005) steps (0.0008 hrs) -nan:-nan 12161 (51) sec
[231] Ep10000: Max 4218 (1283) steps (0.0004 hrs) -nan:-nan 12211 (50) sec
[232] Ep10000: Max 4218 (2045) steps (0.0006 hrs) -nan:-nan 12262 (51) sec
[233] Ep10000: Max 4218 (1017) steps (0.0003 hrs) -nan:-nan 12311 (49) sec
[234] Ep10000: Max 4218 (1220) steps (0.0003 hrs) -nan:-nan 12362 (51) sec
[235] Ep10000: Max 4218 (2094) steps (0.0006 hrs) -nan:-nan 12413 (51) sec
[236] Ep10000: Max 4218 (985) steps (0.0003 hrs) -nan:-nan 12461 (48) sec
[237] Ep10000: Max 4218 (3569) steps (0.0010 hrs) -nan:-nan 12513 (52) sec
[238] Ep10000: Max 4218 (2511) steps (0.0007 hrs) -nan:-nan 12565 (52) sec
[239] Ep10000: Max 4218 (2065) steps (0.0006 hrs) -nan:-nan 12618 (53) sec
[240] Ep10000: Max 4218 (2293) steps (0.0006 hrs) -nan:-nan 12671 (53) sec
[241] Ep10000: Max 4218 (2033) steps (0.0006 hrs) -nan:-nan 12728 (57) sec
[242] Ep10000: Max 4218 (1034) steps (0.0003 hrs) -nan:-nan 12773 (45) sec
[243] Ep10000: Max 4218 (1008) steps (0.0003 hrs) -nan:-nan 12816 (43) sec
[244] Ep10000: Max 4218 (1011) steps (0.0003 hrs) -nan:-nan 12858 (42) sec
[245] Ep10000: Max 4218 (2172) steps (0.0006 hrs) -nan:-nan 12903 (45) sec
[246] Ep10000: Max 4218 (2525) steps (0.0007 hrs) -nan:-nan 12947 (44) sec
[247] Ep10000: Max 4218 (2122) steps (0.0006 hrs) -nan:-nan 12991 (44) sec
[248] Ep10000: Max 4218 (2202) steps (0.0006 hrs) -nan:-nan 13035 (44) sec
[249] Ep10000: Max 4218 (1291) steps (0.0004 hrs) -nan:-nan 13078 (43) sec
[250] Ep10000: Max 4218 (2597) steps (0.0007 hrs) -nan:-nan 13123 (45) sec
[251] Ep10000: Max 4218 (1118) steps (0.0003 hrs) -nan:-nan 13165 (42) sec
[252] Ep10000: Max 4218 (2293) steps (0.0006 hrs) -nan:-nan 13210 (45) sec
[253] Ep10000: Max 4218 (2359) steps (0.0007 hrs) -nan:-nan 13256 (46) sec
[254] Ep10000: Max 4218 (1982) steps (0.0006 hrs) -nan:-nan 13299 (43) sec
[255] Ep10000: Max 4218 (2131) steps (0.0006 hrs) -nan:-nan 13344 (45) sec
[256] Ep10000: Max 4218 (1035) steps (0.0003 hrs) -nan:-nan 13386 (42) sec
[257] Ep10000: Max 4218 (1019) steps (0.0003 hrs) -nan:-nan 13429 (43) sec
[258] Ep10000: Max 4218 (1941) steps (0.0005 hrs) -nan:-nan 13473 (44) sec
[259] Ep10000: Max 4218 (2019) steps (0.0006 hrs) -nan:-nan 13519 (46) sec
[260] Ep10000: Max 4218 (1987) steps (0.0006 hrs) -nan:-nan 13564 (45) sec
[261] Ep10000: Max 4218 (2649) steps (0.0007 hrs) -nan:-nan 13609 (45) sec
[262] Ep10000: Max 4218 (1037) steps (0.0003 hrs) -nan:-nan 13652 (43) sec
[263] Ep10000: Max 4218 (2230) steps (0.0006 hrs) -nan:-nan 13698 (46) sec
[264] Ep10000: Max 4218 (1977) steps (0.0005 hrs) -nan:-nan 13743 (45) sec
[265] Ep10000: Max 4218 (1105) steps (0.0003 hrs) -nan:-nan 13786 (43) sec
[266] Ep10000: Max 4218 (2116) steps (0.0006 hrs) -nan:-nan 13831 (45) sec
[267] Ep10000: Max 4218 (2095) steps (0.0006 hrs) -nan:-nan 13875 (44) sec
[268] Ep10000: Max 4218 (2623) steps (0.0007 hrs) -nan:-nan 13920 (45) sec
[269] Ep10000: Max 4218 (1985) steps (0.0006 hrs) -nan:-nan 13965 (45) sec
[270] Ep10000: Max 4218 (2256) steps (0.0006 hrs) -nan:-nan 14010 (45) sec
[271] Ep10000: Max 4218 (2392) steps (0.0007 hrs) -nan:-nan 14055 (45) sec
[272] Ep10000: Max 4218 (1024) steps (0.0003 hrs) -nan:-nan 14097 (42) sec
[273] Ep10000: Max 4218 (1988) steps (0.0006 hrs) -nan:-nan 14139 (42) sec
[274] Ep10000: Max 4218 (1256) steps (0.0003 hrs) -nan:-nan 14181 (42) sec
[275] Ep10000: Max 4218 (1012) steps (0.0003 hrs) -nan:-nan 14224 (43) sec
[276] Ep10000: Max 4218 (1879) steps (0.0005 hrs) -nan:-nan 14267 (43) sec
[277] Ep10000: Max 4218 (1344) steps (0.0004 hrs) -nan:-nan 14311 (44) sec
[278] Ep10000: Max 4218 (1995) steps (0.0006 hrs) -nan:-nan 14356 (45) sec
[279] Ep10000: Max 4218 (1394) steps (0.0004 hrs) -nan:-nan 14399 (43) sec
[280] Ep10000: Max 4218 (1411) steps (0.0004 hrs) -nan:-nan 14441 (42) sec
[281] Ep10000: Max 4218 (1015) steps (0.0003 hrs) -nan:-nan 14483 (42) sec
[282] Ep10000: Max 4218 (1023) steps (0.0003 hrs) -nan:-nan 14525 (42) sec
[283] Ep10000: Max 4218 (2986) steps (0.0008 hrs) -nan:-nan 14571 (46) sec
[284] Ep10000: Max 4218 (2069) steps (0.0006 hrs) -nan:-nan 14616 (45) sec
[285] Ep10000: Max 4218 (2264) steps (0.0006 hrs) -nan:-nan 14660 (44) sec
[286] Ep10000: Max 4218 (1227) steps (0.0003 hrs) -nan:-nan 14703 (43) sec
[287] Ep10000: Max 4218 (2814) steps (0.0008 hrs) -nan:-nan 14748 (45) sec
[288] Ep10000: Max 4218 (2209) steps (0.0006 hrs) -nan:-nan 14793 (45) sec
[289] Ep10000: Max 4218 (2212) steps (0.0006 hrs) -nan:-nan 14838 (45) sec
[290] Ep10000: Max 4218 (1109) steps (0.0003 hrs) -nan:-nan 14881 (43) sec
[291] Ep10000: Max 4218 (2390) steps (0.0007 hrs) -nan:-nan 14926 (45) sec
[292] Ep10000: Max 4218 (2641) steps (0.0007 hrs) -nan:-nan 14971 (45) sec
[293] Ep10000: Max 4218 (1896) steps (0.0005 hrs) -nan:-nan 15013 (42) sec
[294] Ep10000: Max 4218 (1045) steps (0.0003 hrs) -nan:-nan 15055 (42) sec
[295] Ep10000: Max 4218 (2088) steps (0.0006 hrs) -nan:-nan 15099 (44) sec
[296] Ep10000: Max 4218 (1930) steps (0.0005 hrs) -nan:-nan 15145 (46) sec
[297] Ep10000: Max 4218 (1305) steps (0.0004 hrs) -nan:-nan 15188 (43) sec
[298] Ep10000: Max 4218 (2323) steps (0.0006 hrs) -nan:-nan 15232 (44) sec
[299] Ep10000: Max 4218 (2432) steps (0.0007 hrs) -nan:-nan 15276 (44) sec
[300] Ep10000: Max 4218 (1582) steps (0.0004 hrs) -nan:-nan 15318 (42) sec
[301] Ep10000: Max 4218 (2353) steps (0.0007 hrs) -nan:-nan 15363 (45) sec
[302] Ep10000: Max 4218 (1573) steps (0.0004 hrs) -nan:-nan 15410 (47) sec
[303] Ep10000: Max 4218 (1909) steps (0.0005 hrs) -nan:-nan 15466 (56) sec
[304] Ep10000: Max 4218 (2282) steps (0.0006 hrs) -nan:-nan 15520 (54) sec
[305] Ep10000: Max 4218 (2465) steps (0.0007 hrs) -nan:-nan 15576 (56) sec
[306] Ep10000: Max 4218 (2125) steps (0.0006 hrs) -nan:-nan 15639 (63) sec
[307] Ep10000: Max 4218 (1315) steps (0.0004 hrs) -nan:-nan 15694 (55) sec
[308] Ep10000: Max 4218 (1487) steps (0.0004 hrs) -nan:-nan 15752 (58) sec
[309] Ep10000: Max 4218 (2344) steps (0.0007 hrs) -nan:-nan 15813 (61) sec
[310] Ep10000: Max 4218 (2191) steps (0.0006 hrs) -nan:-nan 15873 (60) sec
[311] Ep10000: Max 4218 (2057) steps (0.0006 hrs) -nan:-nan 15935 (62) sec
[312] Ep10000: Max 4218 (1086) steps (0.0003 hrs) -nan:-nan 15995 (60) sec
[313] Ep10000: Max 4218 (2839) steps (0.0008 hrs) -nan:-nan 16059 (64) sec
[314] Ep10000: Max 4218 (3245) steps (0.0009 hrs) -nan:-nan 16127 (68) sec
[315] Ep10000: Max 4218 (1960) steps (0.0005 hrs) -nan:-nan 16187 (60) sec
[316] Ep10000: Max 4218 (1164) steps (0.0003 hrs) -nan:-nan 16238 (51) sec
[317] Ep10000: Max 4218 (1015) steps (0.0003 hrs) -nan:-nan 16282 (44) sec
[318] Ep10000: Max 4218 (2905) steps (0.0008 hrs) -nan:-nan 16329 (47) sec
[319] Ep10000: Max 4218 (2109) steps (0.0006 hrs) -nan:-nan 16376 (47) sec
[320] Ep10000: Max 4218 (1532) steps (0.0004 hrs) -nan:-nan 16420 (44) sec
[321] Ep10000: Max 4218 (2061) steps (0.0006 hrs) -nan:-nan 16465 (45) sec
[322] Ep10000: Max 4218 (2022) steps (0.0006 hrs) -nan:-nan 16517 (52) sec
[323] Ep10000: Max 4218 (1968) steps (0.0005 hrs) -nan:-nan 16585 (68) sec
[324] Ep10000: Max 4218 (2032) steps (0.0006 hrs) -nan:-nan 16649 (64) sec
[325] Ep10000: Max 4218 (2443) steps (0.0007 hrs) -nan:-nan 16713 (64) sec
[326] Ep10000: Max 4218 (2136) steps (0.0006 hrs) -nan:-nan 16774 (61) sec
[327] Ep10000: Max 4218 (2046) steps (0.0006 hrs) -nan:-nan 16833 (59) sec
[328] Ep10000: Max 4218 (1908) steps (0.0005 hrs) -nan:-nan 16889 (56) sec
[329] Ep10000: Max 4218 (2409) steps (0.0007 hrs) -nan:-nan 16941 (52) sec
[330] Ep10000: Max 4218 (1220) steps (0.0003 hrs) -nan:-nan 16999 (58) sec
[331] Ep10000: Max 4218 (1820) steps (0.0005 hrs) -nan:-nan 17061 (62) sec
[332] Ep10000: Max 4218 (2466) steps (0.0007 hrs) -nan:-nan 17124 (63) sec
[333] Ep10000: Max 4218 (2457) steps (0.0007 hrs) -nan:-nan 17180 (56) sec
[334] Ep10000: Max 4218 (1904) steps (0.0005 hrs) -nan:-nan 17240 (60) sec
[335] Ep10000: Max 4218 (2039) steps (0.0006 hrs) -nan:-nan 17299 (59) sec
[336] Ep10000: Max 4218 (1961) steps (0.0005 hrs) -nan:-nan 17354 (55) sec
[337] Ep10000: Max 4218 (1768) steps (0.0005 hrs) -nan:-nan 17406 (52) sec
[338] Ep10000: Max 4218 (2054) steps (0.0006 hrs) -nan:-nan 17452 (46) sec
[339] Ep10000: Max 4218 (2778) steps (0.0008 hrs) -nan:-nan 17498 (46) sec
[340] Ep10000: Max 4218 (1315) steps (0.0004 hrs) -nan:-nan 17542 (44) sec
[341] Ep10000: Max 4218 (1788) steps (0.0005 hrs) -nan:-nan 17582 (40) sec
[342] Ep10000: Max 4218 (2183) steps (0.0006 hrs) -nan:-nan 17627 (45) sec
[343] Ep10000: Max 4218 (1105) steps (0.0003 hrs) -nan:-nan 17671 (44) sec
[344] Ep10000: Max 4218 (1168) steps (0.0003 hrs) -nan:-nan 17716 (45) sec
[345] Ep10000: Max 4218 (999) steps (0.0003 hrs) -nan:-nan 17767 (51) sec
[346] Ep10000: Max 4218 (2266) steps (0.0006 hrs) -nan:-nan 17821 (54) sec
[347] Ep10000: Max 4218 (1023) steps (0.0003 hrs) -nan:-nan 17876 (55) sec
[348] Ep10000: Max 4218 (1462) steps (0.0004 hrs) -nan:-nan 17932 (56) sec
[349] Ep10000: Max 4218 (1061) steps (0.0003 hrs) -nan:-nan 17990 (58) sec
[350] Ep10000: Max 4218 (2946) steps (0.0008 hrs) -nan:-nan 18053 (63) sec
[351] Ep10000: Max 4218 (990) steps (0.0003 hrs) -nan:-nan 18109 (56) sec
[352] Ep10000: Max 4218 (1721) steps (0.0005 hrs) -nan:-nan 18176 (67) sec
[353] Ep10000: Max 4218 (1922) steps (0.0005 hrs) -nan:-nan 18225 (49) sec
[354] Ep10000: Max 4218 (1011) steps (0.0003 hrs) -nan:-nan 18269 (44) sec
[355] Ep10000: Max 4218 (1893) steps (0.0005 hrs) -nan:-nan 18315 (46) sec
[356] Ep10000: Max 4218 (1707) steps (0.0005 hrs) -nan:-nan 18359 (44) sec
[357] Ep10000: Max 4218 (2483) steps (0.0007 hrs) -nan:-nan 18406 (47) sec
[358] Ep10000: Max 4218 (2289) steps (0.0006 hrs) -nan:-nan 18452 (46) sec
[359] Ep10000: Max 4218 (1804) steps (0.0005 hrs) -nan:-nan 18497 (45) sec
[360] Ep10000: Max 4218 (2190) steps (0.0006 hrs) -nan:-nan 18560 (63) sec
[361] Ep10000: Max 4218 (1268) steps (0.0004 hrs) -nan:-nan 18625 (65) sec
[362] Ep10000: Max 4218 (2153) steps (0.0006 hrs) -nan:-nan 18694 (69) sec
[363] Ep10000: Max 4218 (994) steps (0.0003 hrs) -nan:-nan 18737 (43) sec
[364] Ep10000: Max 4218 (2432) steps (0.0007 hrs) -nan:-nan 18784 (47) sec
[365] Ep10000: Max 4218 (1023) steps (0.0003 hrs) -nan:-nan 18828 (44) sec
[366] Ep10000: Max 4218 (1015) steps (0.0003 hrs) -nan:-nan 18872 (44) sec
[367] Ep10000: Max 4218 (1971) steps (0.0005 hrs) -nan:-nan 18919 (47) sec
[368] Ep10000: Max 4218 (1444) steps (0.0004 hrs) -nan:-nan 18965 (46) sec
[369] Ep10000: Max 4218 (1968) steps (0.0005 hrs) -nan:-nan 19011 (46) sec
[370] Ep10000: Max 4218 (2122) steps (0.0006 hrs) -nan:-nan 19058 (47) sec
[371] Ep10000: Max 4218 (1651) steps (0.0005 hrs) -nan:-nan 19106 (48) sec
[372] Ep10000: Max 4218 (1508) steps (0.0004 hrs) -nan:-nan 19150 (44) sec
[373] Ep10000: Max 4218 (1113) steps (0.0003 hrs) -nan:-nan 19194 (44) sec
[374] Ep10000: Max 4218 (2219) steps (0.0006 hrs) -nan:-nan 19241 (47) sec
[375] Ep10000: Max 4218 (2357) steps (0.0007 hrs) -nan:-nan 19288 (47) sec
[376] Ep10000: Max 4218 (1007) steps (0.0003 hrs) -nan:-nan 19332 (44) sec
[377] Ep10000: Max 4218 (2422) steps (0.0007 hrs) -nan:-nan 19379 (47) sec
[378] Ep10000: Max 4218 (2038) steps (0.0006 hrs) -nan:-nan 19422 (43) sec
[379] Ep10000: Max 4218 (2710) steps (0.0008 hrs) -nan:-nan 19469 (47) sec
[380] Ep10000: Max 4218 (2129) steps (0.0006 hrs) -nan:-nan 19510 (41) sec
[381] Ep10000: Max 4218 (995) steps (0.0003 hrs) -nan:-nan 19554 (44) sec
[382] Ep10000: Max 4218 (2474) steps (0.0007 hrs) -nan:-nan 19599 (45) sec
[383] Ep10000: Max 4218 (1230) steps (0.0003 hrs) -nan:-nan 19642 (43) sec
[384] Ep10000: Max 4218 (1111) steps (0.0003 hrs) -nan:-nan 19686 (44) sec
[385] Ep10000: Max 4218 (1589) steps (0.0004 hrs) -nan:-nan 19730 (44) sec
[386] Ep10000: Max 4218 (2293) steps (0.0006 hrs) -nan:-nan 19776 (46) sec
[387] Ep10000: Max 4218 (3275) steps (0.0009 hrs) -nan:-nan 19822 (46) sec
[388] Ep10000: Max 4218 (2368) steps (0.0007 hrs) -nan:-nan 19868 (46) sec
[389] Ep10000: Max 4218 (2689) steps (0.0007 hrs) -nan:-nan 19914 (46) sec
[390] Ep10000: Max 4218 (1299) steps (0.0004 hrs) -nan:-nan 19958 (44) sec
[391] Ep10000: Max 4218 (1403) steps (0.0004 hrs) -nan:-nan 20001 (43) sec
[392] Ep10000: Max 4218 (1006) steps (0.0003 hrs) -nan:-nan 20044 (43) sec
[393] Ep10000: Max 4218 (1201) steps (0.0003 hrs) -nan:-nan 20087 (43) sec
[394] Ep10000: Max 4218 (2518) steps (0.0007 hrs) -nan:-nan 20133 (46) sec
[395] Ep10000: Max 4218 (1788) steps (0.0005 hrs) -nan:-nan 20176 (43) sec
[396] Ep10000: Max 4218 (2252) steps (0.0006 hrs) -nan:-nan 20220 (44) sec
[397] Ep10000: Max 4218 (1410) steps (0.0004 hrs) -nan:-nan 20263 (43) sec
[398] Ep10000: Max 4218 (1158) steps (0.0003 hrs) -nan:-nan 20306 (43) sec
[399] Ep10000: Max 4218 (2359) steps (0.0007 hrs) -nan:-nan 20356 (50) sec
[400] Ep10000: Max 4218 (2604) steps (0.0007 hrs) -nan:-nan 20409 (53) sec
[401] Ep10000: Max 4218 (1384) steps (0.0004 hrs) -nan:-nan 20456 (47) sec
[402] Ep10000: Max 4218 (2261) steps (0.0006 hrs) -nan:-nan 20501 (45) sec
[403] Ep10000: Max 4218 (2304) steps (0.0006 hrs) -nan:-nan 20547 (46) sec
[404] Ep10000: Max 4218 (1429) steps (0.0004 hrs) -nan:-nan 20589 (42) sec
[405] Ep10000: Max 4218 (1031) steps (0.0003 hrs) -nan:-nan 20639 (50) sec
[406] Ep10000: Max 4218 (1016) steps (0.0003 hrs) -nan:-nan 20691 (52) sec
[407] Ep10000: Max 4218 (1565) steps (0.0004 hrs) -nan:-nan 20741 (50) sec
[408] Ep10000: Max 4218 (1356) steps (0.0004 hrs) -nan:-nan 20794 (53) sec
[409] Ep10000: Max 4218 (1920) steps (0.0005 hrs) -nan:-nan 20850 (56) sec
[410] Ep10000: Max 4218 (1199) steps (0.0003 hrs) -nan:-nan 20902 (52) sec
[411] Ep10000: Max 4218 (2159) steps (0.0006 hrs) -nan:-nan 20956 (54) sec
[412] Ep10000: Max 4218 (2285) steps (0.0006 hrs) -nan:-nan 21009 (53) sec
[413] Ep10000: Max 4218 (1033) steps (0.0003 hrs) -nan:-nan 21053 (44) sec
[414] Ep10000: Max 4218 (2563) steps (0.0007 hrs) -nan:-nan 21100 (47) sec
[415] Ep10000: Max 4218 (2091) steps (0.0006 hrs) -nan:-nan 21146 (46) sec
[416] Ep10000: Max 4218 (1897) steps (0.0005 hrs) -nan:-nan 21192 (46) sec
[417] Ep10000: Max 4218 (2220) steps (0.0006 hrs) -nan:-nan 21247 (55) sec
[418] Ep10000: Max 4218 (991) steps (0.0003 hrs) -nan:-nan 21301 (54) sec
[419] Ep10000: Max 4218 (1267) steps (0.0004 hrs) -nan:-nan 21357 (56) sec
[420] Ep10000: Max 4218 (1309) steps (0.0004 hrs) -nan:-nan 21408 (51) sec
[421] Ep10000: Max 4218 (2191) steps (0.0006 hrs) -nan:-nan 21462 (54) sec
[422] Ep10000: Max 4218 (1284) steps (0.0004 hrs) -nan:-nan 21505 (43) sec
[423] Ep10000: Max 4218 (1642) steps (0.0005 hrs) -nan:-nan 21548 (43) sec
[424] Ep10000: Max 4218 (2062) steps (0.0006 hrs) -nan:-nan 21593 (45) sec
[425] Ep10000: Max 4218 (2568) steps (0.0007 hrs) -nan:-nan 21643 (50) sec
[426] Ep10000: Max 4218 (1474) steps (0.0004 hrs) -nan:-nan 21693 (50) sec
[427] Ep10000: Max 4218 (2528) steps (0.0007 hrs) -nan:-nan 21743 (50) sec
[428] Ep10000: Max 4218 (2967) steps (0.0008 hrs) -nan:-nan 21790 (47) sec
[429] Ep10000: Max 4218 (1330) steps (0.0004 hrs) -nan:-nan 21834 (44) sec
[430] Ep10000: Max 4218 (3517) steps (0.0010 hrs) -nan:-nan 21893 (59) sec
[431] Ep10000: Max 4218 (2451) steps (0.0007 hrs) -nan:-nan 21952 (59) sec
[432] Ep10000: Max 4218 (1946) steps (0.0005 hrs) -nan:-nan 21997 (45) sec
[433] Ep10000: Max 4218 (2243) steps (0.0006 hrs) -nan:-nan 22043 (46) sec
[434] Ep10000: Max 4218 (996) steps (0.0003 hrs) -nan:-nan 22088 (45) sec
[435] Ep10000: Max 4218 (1004) steps (0.0003 hrs) -nan:-nan 22139 (51) sec
[436] Ep10000: Max 4218 (1633) steps (0.0005 hrs) -nan:-nan 22192 (53) sec
[437] Ep10000: Max 4218 (2526) steps (0.0007 hrs) -nan:-nan 22238 (46) sec
[438] Ep10000: Max 4218 (2040) steps (0.0006 hrs) -nan:-nan 22289 (51) sec
[439] Ep10000: Max 4218 (2256) steps (0.0006 hrs) -nan:-nan 22342 (53) sec
[440] Ep10000: Max 4218 (984) steps (0.0003 hrs) -nan:-nan 22388 (46) sec
[441] Ep10000: Max 4218 (1026) steps (0.0003 hrs) -nan:-nan 22435 (47) sec
[442] Ep10000: Max 4218 (2033) steps (0.0006 hrs) -nan:-nan 22493 (58) sec
[443] Ep10000: Max 4218 (1091) steps (0.0003 hrs) -nan:-nan 22554 (61) sec
[444] Ep10000: Max 4218 (1414) steps (0.0004 hrs) -nan:-nan 22611 (57) sec
[445] Ep10000: Max 4218 (2541) steps (0.0007 hrs) -nan:-nan 22666 (55) sec
[446] Ep10000: Max 4218 (1095) steps (0.0003 hrs) -nan:-nan 22717 (51) sec
[447] Ep10000: Max 4218 (1485) steps (0.0004 hrs) -nan:-nan 22760 (43) sec
[448] Ep10000: Max 4218 (2233) steps (0.0006 hrs) -nan:-nan 22808 (48) sec
[449] Ep10000: Max 4218 (2338) steps (0.0006 hrs) -nan:-nan 22863 (55) sec
[450] Ep10000: Max 4218 (2635) steps (0.0007 hrs) -nan:-nan 22913 (50) sec
[451] Ep10000: Max 4218 (1562) steps (0.0004 hrs) -nan:-nan 22956 (43) sec
[452] Ep10000: Max 4218 (2485) steps (0.0007 hrs) -nan:-nan 23007 (51) sec
[453] Ep10000: Max 4218 (2470) steps (0.0007 hrs) -nan:-nan 23060 (53) sec
[454] Ep10000: Max 4218 (2147) steps (0.0006 hrs) -nan:-nan 23107 (47) sec
[455] Ep10000: Max 4218 (1940) steps (0.0005 hrs) -nan:-nan 23153 (46) sec
[456] Ep10000: Max 4218 (1001) steps (0.0003 hrs) -nan:-nan 23204 (51) sec
[457] Ep10000: Max 4218 (2018) steps (0.0006 hrs) -nan:-nan 23256 (52) sec
[458] Ep10000: Max 4218 (1000) steps (0.0003 hrs) -nan:-nan 23300 (44) sec
[459] Ep10000: Max 4218 (2249) steps (0.0006 hrs) -nan:-nan 23348 (48) sec
[460] Ep10000: Max 4218 (2258) steps (0.0006 hrs) -nan:-nan 23402 (54) sec
[461] Ep10000: Max 4218 (1031) steps (0.0003 hrs) -nan:-nan 23456 (54) sec
[462] Ep10000: Max 4218 (2482) steps (0.0007 hrs) -nan:-nan 23503 (47) sec
[463] Ep10000: Max 4218 (2154) steps (0.0006 hrs) -nan:-nan 23553 (50) sec
[464] Ep10000: Max 4218 (1732) steps (0.0005 hrs) -nan:-nan 23602 (49) sec
[465] Ep10000: Max 4218 (2216) steps (0.0006 hrs) -nan:-nan 23653 (51) sec
[466] Ep10000: Max 4218 (2035) steps (0.0006 hrs) -nan:-nan 23705 (52) sec
[467] Ep10000: Max 4218 (2230) steps (0.0006 hrs) -nan:-nan 23759 (54) sec
[468] Ep10000: Max 4218 (2071) steps (0.0006 hrs) -nan:-nan 23811 (52) sec
[469] Ep10000: Max 4218 (2658) steps (0.0007 hrs) -nan:-nan 23861 (50) sec
[470] Ep10000: Max 4218 (997) steps (0.0003 hrs) -nan:-nan 23904 (43) sec
[471] Ep10000: Max 4218 (1151) steps (0.0003 hrs) -nan:-nan 23947 (43) sec
[472] Ep10000: Max 4218 (2391) steps (0.0007 hrs) -nan:-nan 23999 (52) sec
[473] Ep10000: Max 4218 (1016) steps (0.0003 hrs) -nan:-nan 24053 (54) sec
[474] Ep10000: Max 4218 (2116) steps (0.0006 hrs) -nan:-nan 24111 (58) sec
[475] Ep10000: Max 4218 (2132) steps (0.0006 hrs) -nan:-nan 24166 (55) sec
[476] Ep10000: Max 4218 (2205) steps (0.0006 hrs) -nan:-nan 24224 (58) sec
[477] Ep10000: Max 4218 (1025) steps (0.0003 hrs) -nan:-nan 24277 (53) sec
[478] Ep10000: Max 4218 (989) steps (0.0003 hrs) -nan:-nan 24329 (52) sec
[479] Ep10000: Max 4218 (2538) steps (0.0007 hrs) -nan:-nan 24386 (57) sec
[480] Ep10000: Max 4218 (1473) steps (0.0004 hrs) -nan:-nan 24438 (52) sec
[481] Ep10000: Max 4218 (2253) steps (0.0006 hrs) -nan:-nan 24493 (55) sec
[482] Ep10000: Max 4218 (1076) steps (0.0003 hrs) -nan:-nan 24546 (53) sec
[483] Ep10000: Max 4218 (1979) steps (0.0005 hrs) -nan:-nan 24603 (57) sec
[484] Ep10000: Max 4218 (1898) steps (0.0005 hrs) -nan:-nan 24659 (56) sec
[485] Ep10000: Max 4218 (1661) steps (0.0005 hrs) -nan:-nan 24709 (50) sec
[486] Ep10000: Max 4218 (2190) steps (0.0006 hrs) -nan:-nan 24776 (67) sec
[487] Ep10000: Max 4218 (2680) steps (0.0007 hrs) -nan:-nan 24845 (69) sec
[488] Ep10000: Max 4218 (1638) steps (0.0005 hrs) -nan:-nan 24910 (65) sec
[489] Ep10000: Max 4218 (2448) steps (0.0007 hrs) -nan:-nan 24977 (67) sec
[490] Ep10000: Max 4218 (2008) steps (0.0006 hrs) -nan:-nan 25045 (68) sec
[491] Ep10000: Max 4218 (1957) steps (0.0005 hrs) -nan:-nan 25106 (61) sec
[492] Ep10000: Max 4218 (1633) steps (0.0005 hrs) -nan:-nan 25157 (51) sec
[493] Ep10000: Max 4218 (2493) steps (0.0007 hrs) -nan:-nan 25204 (47) sec
[494] Ep10000: Max 4218 (1857) steps (0.0005 hrs) -nan:-nan 25266 (62) sec
[495] Ep10000: Max 4218 (2306) steps (0.0006 hrs) -nan:-nan 25330 (64) sec
[496] Ep10000: Max 4218 (1574) steps (0.0004 hrs) -nan:-nan 25380 (50) sec
[497] Ep10000: Max 4218 (2134) steps (0.0006 hrs) -nan:-nan 25440 (60) sec
[498] Ep10000: Max 4218 (2145) steps (0.0006 hrs) -nan:-nan 25501 (61) sec
[499] Ep10000: Max 4218 (2338) steps (0.0006 hrs) -nan:-nan 25560 (59) sec
[500] Ep10000: Max 4218 (2289) steps (0.0006 hrs) -nan:-nan 25616 (56) sec
[501] Ep10000: Max 4218 (2126) steps (0.0006 hrs) -nan:-nan 25665 (49) sec
[502] Ep10000: Max 4218 (1888) steps (0.0005 hrs) -nan:-nan 25711 (46) sec
[503] Ep10000: Max 4218 (2284) steps (0.0006 hrs) -nan:-nan 25758 (47) sec
[504] Ep10000: Max 4218 (1063) steps (0.0003 hrs) -nan:-nan 25807 (49) sec
[505] Ep10000: Max 4218 (2778) steps (0.0008 hrs) -nan:-nan 25868 (61) sec
[506] Ep10000: Max 4218 (1860) steps (0.0005 hrs) -nan:-nan 25933 (65) sec
[507] Ep10000: Max 4218 (1835) steps (0.0005 hrs) -nan:-nan 25986 (53) sec
[508] Ep10000: Max 4218 (2464) steps (0.0007 hrs) -nan:-nan 26049 (63) sec
[509] Ep10000: Max 4218 (1035) steps (0.0003 hrs) -nan:-nan 26101 (52) sec
[510] Ep10000: Max 4218 (1438) steps (0.0004 hrs) -nan:-nan 26156 (55) sec
[511] Ep10000: Max 4218 (1021) steps (0.0003 hrs) -nan:-nan 26209 (53) sec
[512] Ep10000: Max 4218 (2109) steps (0.0006 hrs) -nan:-nan 26265 (56) sec
[513] Ep10000: Max 4218 (1004) steps (0.0003 hrs) -nan:-nan 26318 (53) sec
[514] Ep10000: Max 4218 (1863) steps (0.0005 hrs) -nan:-nan 26372 (54) sec
[515] Ep10000: Max 4218 (2528) steps (0.0007 hrs) -nan:-nan 26428 (56) sec
[516] Ep10000: Max 4218 (2075) steps (0.0006 hrs) -nan:-nan 26486 (58) sec
[517] Ep10000: Max 4218 (1456) steps (0.0004 hrs) -nan:-nan 26535 (49) sec
[518] Ep10000: Max 4218 (1102) steps (0.0003 hrs) -nan:-nan 26581 (46) sec
[519] Ep10000: Max 4218 (2090) steps (0.0006 hrs) -nan:-nan 26628 (47) sec
[520] Ep10000: Max 4218 (1112) steps (0.0003 hrs) -nan:-nan 26673 (45) sec
[521] Ep10000: Max 4218 (2134) steps (0.0006 hrs) -nan:-nan 26720 (47) sec
[522] Ep10000: Max 4218 (2119) steps (0.0006 hrs) -nan:-nan 26766 (46) sec
[523] Ep10000: Max 4218 (2785) steps (0.0008 hrs) -nan:-nan 26811 (45) sec
[524] Ep10000: Max 4218 (1544) steps (0.0004 hrs) -nan:-nan 26854 (43) sec
[525] Ep10000: Max 4218 (1001) steps (0.0003 hrs) -nan:-nan 26897 (43) sec
[526] Ep10000: Max 4218 (1818) steps (0.0005 hrs) -nan:-nan 26954 (57) sec
[527] Ep10000: Max 4218 (1881) steps (0.0005 hrs) -nan:-nan 27009 (55) sec
[528] Ep10000: Max 4218 (1012) steps (0.0003 hrs) -nan:-nan 27064 (55) sec
[529] Ep10000: Max 4218 (1006) steps (0.0003 hrs) -nan:-nan 27112 (48) sec
[530] Ep10000: Max 4218 (1114) steps (0.0003 hrs) -nan:-nan 27164 (52) sec
[531] Ep10000: Max 4218 (2100) steps (0.0006 hrs) -nan:-nan 27220 (56) sec
[532] Ep10000: Max 4218 (1028) steps (0.0003 hrs) -nan:-nan 27275 (55) sec
[533] Ep10000: Max 4218 (1711) steps (0.0005 hrs) -nan:-nan 27328 (53) sec
[534] Ep10000: Max 4218 (2111) steps (0.0006 hrs) -nan:-nan 27383 (55) sec
[535] Ep10000: Max 4218 (1021) steps (0.0003 hrs) -nan:-nan 27446 (63) sec
[536] Ep10000: Max 4218 (2272) steps (0.0006 hrs) -nan:-nan 27503 (57) sec
[537] Ep10000: Max 4218 (2141) steps (0.0006 hrs) -nan:-nan 27557 (54) sec
[538] Ep10000: Max 4218 (2151) steps (0.0006 hrs) -nan:-nan 27611 (54) sec
[539] Ep10000: Max 4218 (1009) steps (0.0003 hrs) -nan:-nan 27662 (51) sec
[540] Ep10000: Max 4218 (1010) steps (0.0003 hrs) -nan:-nan 27713 (51) sec
[541] Ep10000: Max 4218 (3192) steps (0.0009 hrs) -nan:-nan 27767 (54) sec
[542] Ep10000: Max 4218 (1770) steps (0.0005 hrs) -nan:-nan 27817 (50) sec
[543] Ep10000: Max 4218 (1025) steps (0.0003 hrs) -nan:-nan 27868 (51) sec
[544] Ep10000: Max 4218 (1440) steps (0.0004 hrs) -nan:-nan 27920 (52) sec
[545] Ep10000: Max 4218 (2655) steps (0.0007 hrs) -nan:-nan 27975 (55) sec
[546] Ep10000: Max 4218 (1007) steps (0.0003 hrs) -nan:-nan 28026 (51) sec
[547] Ep10000: Max 4218 (2460) steps (0.0007 hrs) -nan:-nan 28077 (51) sec
[548] Ep10000: Max 4218 (1005) steps (0.0003 hrs) -nan:-nan 28129 (52) sec
[549] Ep10000: Max 4218 (1997) steps (0.0006 hrs) -nan:-nan 28185 (56) sec
[550] Ep10000: Max 4218 (2085) steps (0.0006 hrs) -nan:-nan 28244 (59) sec
[551] Ep10000: Max 4218 (2182) steps (0.0006 hrs) -nan:-nan 28303 (59) sec
[552] Ep10000: Max 4218 (2495) steps (0.0007 hrs) -nan:-nan 28359 (56) sec
[553] Ep10000: Max 4218 (2344) steps (0.0007 hrs) -nan:-nan 28412 (53) sec
[554] Ep10000: Max 4218 (1952) steps (0.0005 hrs) -nan:-nan 28459 (47) sec
[555] Ep10000: Max 4218 (1019) steps (0.0003 hrs) -nan:-nan 28504 (45) sec
[556] Ep10000: Max 4218 (2465) steps (0.0007 hrs) -nan:-nan 28552 (48) sec
[557] Ep10000: Max 4218 (1001) steps (0.0003 hrs) -nan:-nan 28596 (44) sec
[558] Ep10000: Max 4218 (1953) steps (0.0005 hrs) -nan:-nan 28645 (49) sec
[559] Ep10000: Max 4218 (2261) steps (0.0006 hrs) -nan:-nan 28697 (52) sec
[560] Ep10000: Max 4218 (3235) steps (0.0009 hrs) -nan:-nan 28757 (60) sec
[561] Ep10000: Max 4218 (1810) steps (0.0005 hrs) -nan:-nan 28802 (45) sec
[562] Ep10000: Max 4218 (2666) steps (0.0007 hrs) -nan:-nan 28852 (50) sec
[563] Ep10000: Max 4218 (1972) steps (0.0005 hrs) -nan:-nan 28904 (52) sec
[564] Ep10000: Max 4218 (1215) steps (0.0003 hrs) -nan:-nan 28959 (55) sec
[565] Ep10000: Max 4218 (1887) steps (0.0005 hrs) -nan:-nan 29012 (53) sec
[566] Ep10000: Max 4218 (2410) steps (0.0007 hrs) -nan:-nan 29063 (51) sec
[567] Ep10000: Max 4218 (1967) steps (0.0005 hrs) -nan:-nan 29113 (50) sec
[568] Ep10000: Max 4218 (1841) steps (0.0005 hrs) -nan:-nan 29156 (43) sec
[569] Ep10000: Max 4218 (2196) steps (0.0006 hrs) -nan:-nan 29201 (45) sec
[570] Ep10000: Max 4218 (1748) steps (0.0005 hrs) -nan:-nan 29251 (50) sec
[571] Ep10000: Max 4218 (2029) steps (0.0006 hrs) -nan:-nan 29300 (49) sec
[572] Ep10000: Max 4218 (1094) steps (0.0003 hrs) -nan:-nan 29344 (44) sec
[573] Ep10000: Max 4218 (2361) steps (0.0007 hrs) -nan:-nan 29394 (50) sec
[574] Ep10000: Max 4218 (1845) steps (0.0005 hrs) -nan:-nan 29440 (46) sec
[575] Ep10000: Max 4218 (2223) steps (0.0006 hrs) -nan:-nan 29489 (49) sec
[576] Ep10000: Max 4218 (1926) steps (0.0005 hrs) -nan:-nan 29538 (49) sec
[577] Ep10000: Max 4218 (1024) steps (0.0003 hrs) -nan:-nan 29585 (47) sec
[578] Ep10000: Max 4218 (1339) steps (0.0004 hrs) -nan:-nan 29630 (45) sec
[579] Ep10000: Max 4218 (1103) steps (0.0003 hrs) -nan:-nan 29673 (43) sec
[580] Ep10000: Max 4218 (2745) steps (0.0008 hrs) -nan:-nan 29724 (51) sec
[581] Ep10000: Max 4218 (2408) steps (0.0007 hrs) -nan:-nan 29774 (50) sec
[582] Ep10000: Max 4218 (1750) steps (0.0005 hrs) -nan:-nan 29823 (49) sec
[583] Ep10000: Max 4218 (1755) steps (0.0005 hrs) -nan:-nan 29906 (83) sec
[584] Ep10000: Max 4218 (2185) steps (0.0006 hrs) -nan:-nan 29952 (46) sec
[585] Ep10000: Max 4218 (2328) steps (0.0006 hrs) -nan:-nan 30041 (89) sec
[586] Ep10000: Max 4218 (2131) steps (0.0006 hrs) -nan:-nan 30101 (60) sec
[587] Ep10000: Max 4218 (2144) steps (0.0006 hrs) -nan:-nan 30161 (60) sec
[588] Ep10000: Max 4218 (2424) steps (0.0007 hrs) -nan:-nan 30221 (60) sec
[589] Ep10000: Max 4218 (1919) steps (0.0005 hrs) -nan:-nan 30282 (61) sec
[590] Ep10000: Max 4218 (2090) steps (0.0006 hrs) -nan:-nan 30340 (58) sec
[591] Ep10000: Max 4218 (2104) steps (0.0006 hrs) -nan:-nan 30401 (61) sec
[592] Ep10000: Max 4218 (997) steps (0.0003 hrs) -nan:-nan 30457 (56) sec
[593] Ep10000: Max 4218 (1020) steps (0.0003 hrs) -nan:-nan 30511 (54) sec
[594] Ep10000: Max 4218 (2040) steps (0.0006 hrs) -nan:-nan 30567 (56) sec
[595] Ep10000: Max 4218 (2216) steps (0.0006 hrs) -nan:-nan 30626 (59) sec
[596] Ep10000: Max 4218 (1236) steps (0.0003 hrs) -nan:-nan 30679 (53) sec
[597] Ep10000: Max 4218 (3018) steps (0.0008 hrs) -nan:-nan 30740 (61) sec
[598] Ep10000: Max 4218 (2182) steps (0.0006 hrs) -nan:-nan 30796 (56) sec
[599] Ep10000: Max 4218 (2697) steps (0.0007 hrs) -nan:-nan 30854 (58) sec
[600] Ep10000: Max 4218 (2983) steps (0.0008 hrs) -nan:-nan 30913 (59) sec
[601] Ep10000: Max 4218 (2070) steps (0.0006 hrs) -nan:-nan 30973 (60) sec
[602] Ep10000: Max 4218 (1539) steps (0.0004 hrs) -nan:-nan 31029 (56) sec
[603] Ep10000: Max 4218 (1177) steps (0.0003 hrs) -nan:-nan 31087 (58) sec
[604] Ep10000: Max 4218 (1539) steps (0.0004 hrs) -nan:-nan 31142 (55) sec
[605] Ep10000: Max 4218 (1951) steps (0.0005 hrs) -nan:-nan 31200 (58) sec
[606] Ep10000: Max 4218 (2258) steps (0.0006 hrs) -nan:-nan 31258 (58) sec
[607] Ep10000: Max 4218 (1028) steps (0.0003 hrs) -nan:-nan 31313 (55) sec
[608] Ep10000: Max 4218 (1585) steps (0.0004 hrs) -nan:-nan 31367 (54) sec
[609] Ep10000: Max 4218 (2775) steps (0.0008 hrs) -nan:-nan 31427 (60) sec
[610] Ep10000: Max 4218 (1952) steps (0.0005 hrs) -nan:-nan 31482 (55) sec
[611] Ep10000: Max 4218 (2455) steps (0.0007 hrs) -nan:-nan 31539 (57) sec
[612] Ep10000: Max 4218 (2625) steps (0.0007 hrs) -nan:-nan 31598 (59) sec
[613] Ep10000: Max 4218 (1017) steps (0.0003 hrs) -nan:-nan 31658 (60) sec
[614] Ep10000: Max 4218 (2215) steps (0.0006 hrs) -nan:-nan 31716 (58) sec
[615] Ep10000: Max 4218 (2679) steps (0.0007 hrs) -nan:-nan 31769 (53) sec
[616] Ep10000: Max 4218 (2178) steps (0.0006 hrs) -nan:-nan 31828 (59) sec
[617] Ep10000: Max 4218 (2283) steps (0.0006 hrs) -nan:-nan 31890 (62) sec
[618] Ep10000: Max 4218 (1375) steps (0.0004 hrs) -nan:-nan 31946 (56) sec
[619] Ep10000: Max 4218 (1805) steps (0.0005 hrs) -nan:-nan 32006 (60) sec
[620] Ep10000: Max 4218 (2096) steps (0.0006 hrs) -nan:-nan 32068 (62) sec
[621] Ep10000: Max 4218 (2000) steps (0.0006 hrs) -nan:-nan 32130 (62) sec
[622] Ep10000: Max 4218 (2371) steps (0.0007 hrs) -nan:-nan 32195 (65) sec
[623] Ep10000: Max 4218 (2026) steps (0.0006 hrs) -nan:-nan 32256 (61) sec
[624] Ep10000: Max 4218 (1030) steps (0.0003 hrs) -nan:-nan 32317 (61) sec
[625] Ep10000: Max 4218 (2079) steps (0.0006 hrs) -nan:-nan 32378 (61) sec
[626] Ep10000: Max 4218 (2091) steps (0.0006 hrs) -nan:-nan 32438 (60) sec
[627] Ep10000: Max 4218 (1200) steps (0.0003 hrs) -nan:-nan 32494 (56) sec
[628] Ep10000: Max 4218 (2397) steps (0.0007 hrs) -nan:-nan 32552 (58) sec
[629] Ep10000: Max 4218 (2586) steps (0.0007 hrs) -nan:-nan 32614 (62) sec
[630] Ep10000: Max 4218 (2267) steps (0.0006 hrs) -nan:-nan 32679 (65) sec
[631] Ep10000: Max 4218 (2410) steps (0.0007 hrs) -nan:-nan 32740 (61) sec
[632] Ep10000: Max 4218 (1641) steps (0.0005 hrs) -nan:-nan 32799 (59) sec
[633] Ep10000: Max 4218 (2163) steps (0.0006 hrs) -nan:-nan 32860 (61) sec
[634] Ep10000: Max 4218 (994) steps (0.0003 hrs) -nan:-nan 32919 (59) sec
[635] Ep10000: Max 4218 (1622) steps (0.0005 hrs) -nan:-nan 32979 (60) sec
[636] Ep10000: Max 4218 (2054) steps (0.0006 hrs) -nan:-nan 33038 (59) sec
[637] Ep10000: Max 4218 (2102) steps (0.0006 hrs) -nan:-nan 33096 (58) sec
[638] Ep10000: Max 4218 (1945) steps (0.0005 hrs) -nan:-nan 33154 (58) sec
[639] Ep10000: Max 4218 (2224) steps (0.0006 hrs) -nan:-nan 33218 (64) sec
[640] Ep10000: Max 4218 (1231) steps (0.0003 hrs) -nan:-nan 33273 (55) sec
[641] Ep10000: Max 4218 (1054) steps (0.0003 hrs) -nan:-nan 33326 (53) sec
[642] Ep10000: Max 4218 (2022) steps (0.0006 hrs) -nan:-nan 33385 (59) sec
[643] Ep10000: Max 4218 (1858) steps (0.0005 hrs) -nan:-nan 33440 (55) sec
[644] Ep10000: Max 4218 (2221) steps (0.0006 hrs) -nan:-nan 33495 (55) sec
[645] Ep10000: Max 4218 (2216) steps (0.0006 hrs) -nan:-nan 33549 (54) sec
[646] Ep10000: Max 4218 (1925) steps (0.0005 hrs) -nan:-nan 33604 (55) sec
[647] Ep10000: Max 4218 (1071) steps (0.0003 hrs) -nan:-nan 33658 (54) sec
[648] Ep10000: Max 4218 (2214) steps (0.0006 hrs) -nan:-nan 33713 (55) sec
[649] Ep10000: Max 4218 (2248) steps (0.0006 hrs) -nan:-nan 33766 (53) sec
[650] Ep10000: Max 4218 (2334) steps (0.0006 hrs) -nan:-nan 33833 (67) sec
[651] Ep10000: Max 4218 (2052) steps (0.0006 hrs) -nan:-nan 33880 (47) sec
[652] Ep10000: Max 4218 (1029) steps (0.0003 hrs) -nan:-nan 33943 (63) sec
[653] Ep10000: Max 4218 (1629) steps (0.0005 hrs) -nan:-nan 33988 (45) sec
[654] Ep10000: Max 4218 (2098) steps (0.0006 hrs) -nan:-nan 34034 (46) sec
[655] Ep10000: Max 4218 (1281) steps (0.0004 hrs) -nan:-nan 34081 (47) sec
[656] Ep10000: Max 4218 (1086) steps (0.0003 hrs) -nan:-nan 34129 (48) sec
[657] Ep10000: Max 4218 (1280) steps (0.0004 hrs) -nan:-nan 34177 (48) sec
[658] Ep10000: Max 4218 (1454) steps (0.0004 hrs) -nan:-nan 34226 (49) sec
[659] Ep10000: Max 4218 (3253) steps (0.0009 hrs) -nan:-nan 34271 (45) sec
[660] Ep10000: Max 4218 (2065) steps (0.0006 hrs) -nan:-nan 34316 (45) sec
[661] Ep10000: Max 4218 (1021) steps (0.0003 hrs) -nan:-nan 34358 (42) sec
[662] Ep10000: Max 4218 (1894) steps (0.0005 hrs) -nan:-nan 34400 (42) sec
[663] Ep10000: Max 4218 (2089) steps (0.0006 hrs) -nan:-nan 34449 (49) sec
[664] Ep10000: Max 4218 (2089) steps (0.0006 hrs) -nan:-nan 34497 (48) sec
[665] Ep10000: Max 4218 (1028) steps (0.0003 hrs) -nan:-nan 34543 (46) sec
[666] Ep10000: Max 4218 (2284) steps (0.0006 hrs) -nan:-nan 34612 (69) sec
[667] Ep10000: Max 4218 (2207) steps (0.0006 hrs) -nan:-nan 34669 (57) sec
[668] Ep10000: Max 4218 (1030) steps (0.0003 hrs) -nan:-nan 34712 (43) sec
[669] Ep10000: Max 4218 (2062) steps (0.0006 hrs) -nan:-nan 34754 (42) sec
[670] Ep10000: Max 4218 (1972) steps (0.0005 hrs) -nan:-nan 34800 (46) sec
[671] Ep10000: Max 4218 (2279) steps (0.0006 hrs) -nan:-nan 34844 (44) sec
[672] Ep10000: Max 4218 (1764) steps (0.0005 hrs) -nan:-nan 34888 (44) sec
[673] Ep10000: Max 4218 (2145) steps (0.0006 hrs) -nan:-nan 34932 (44) sec
[674] Ep10000: Max 4218 (1599) steps (0.0004 hrs) -nan:-nan 34975 (43) sec
[675] Ep10000: Max 4218 (1480) steps (0.0004 hrs) -nan:-nan 35017 (42) sec
[676] Ep10000: Max 4218 (2049) steps (0.0006 hrs) -nan:-nan 35061 (44) sec
[677] Ep10000: Max 4218 (2002) steps (0.0006 hrs) -nan:-nan 35106 (45) sec
[678] Ep10000: Max 4218 (2308) steps (0.0006 hrs) -nan:-nan 35150 (44) sec
[679] Ep10000: Max 4218 (2203) steps (0.0006 hrs) -nan:-nan 35194 (44) sec
[680] Ep10000: Max 4218 (2125) steps (0.0006 hrs) -nan:-nan 35239 (45) sec
[681] Ep10000: Max 4218 (2181) steps (0.0006 hrs) -nan:-nan 35284 (45) sec
[682] Ep10000: Max 4218 (1011) steps (0.0003 hrs) -nan:-nan 35326 (42) sec
[683] Ep10000: Max 4218 (2059) steps (0.0006 hrs) -nan:-nan 35371 (45) sec
[684] Ep10000: Max 4218 (2016) steps (0.0006 hrs) -nan:-nan 35415 (44) sec
[685] Ep10000: Max 4218 (1783) steps (0.0005 hrs) -nan:-nan 35458 (43) sec
[686] Ep10000: Max 4218 (2108) steps (0.0006 hrs) -nan:-nan 35502 (44) sec
[687] Ep10000: Max 4218 (2308) steps (0.0006 hrs) -nan:-nan 35547 (45) sec
[688] Ep10000: Max 4218 (1028) steps (0.0003 hrs) -nan:-nan 35590 (43) sec
[689] Ep10000: Max 4218 (1935) steps (0.0005 hrs) -nan:-nan 35635 (45) sec
[690] Ep10000: Max 4218 (1640) steps (0.0005 hrs) -nan:-nan 35679 (44) sec
[691] Ep10000: Max 4218 (2198) steps (0.0006 hrs) -nan:-nan 35724 (45) sec
[692] Ep10000: Max 4218 (1007) steps (0.0003 hrs) -nan:-nan 35766 (42) sec
[693] Ep10000: Max 4218 (1582) steps (0.0004 hrs) -nan:-nan 35809 (43) sec
[694] Ep10000: Max 4218 (1086) steps (0.0003 hrs) -nan:-nan 35851 (42) sec
[695] Ep10000: Max 4218 (2237) steps (0.0006 hrs) -nan:-nan 35897 (46) sec
[696] Ep10000: Max 4218 (2091) steps (0.0006 hrs) -nan:-nan 35941 (44) sec
[697] Ep10000: Max 4218 (3301) steps (0.0009 hrs) -nan:-nan 35987 (46) sec
[698] Ep10000: Max 4218 (2013) steps (0.0006 hrs) -nan:-nan 36032 (45) sec
[699] Ep10000: Max 4218 (2121) steps (0.0006 hrs) -nan:-nan 36077 (45) sec
[700] Ep10000: Max 4218 (1104) steps (0.0003 hrs) -nan:-nan 36120 (43) sec
[701] Ep10000: Max 4218 (2235) steps (0.0006 hrs) -nan:-nan 36162 (42) sec
[702] Ep10000: Max 4218 (2366) steps (0.0007 hrs) -nan:-nan 36207 (45) sec
[703] Ep10000: Max 4218 (2180) steps (0.0006 hrs) -nan:-nan 36250 (43) sec
[704] Ep10000: Max 4218 (2408) steps (0.0007 hrs) -nan:-nan 36294 (44) sec
[705] Ep10000: Max 4218 (1375) steps (0.0004 hrs) -nan:-nan 36336 (42) sec
[706] Ep10000: Max 4218 (1006) steps (0.0003 hrs) -nan:-nan 36378 (42) sec
[707] Ep10000: Max 4218 (1965) steps (0.0005 hrs) -nan:-nan 36424 (46) sec
[708] Ep10000: Max 4218 (1227) steps (0.0003 hrs) -nan:-nan 36466 (42) sec
[709] Ep10000: Max 4218 (1637) steps (0.0005 hrs) -nan:-nan 36509 (43) sec
[710] Ep10000: Max 4218 (1157) steps (0.0003 hrs) -nan:-nan 36555 (46) sec
[711] Ep10000: Max 4218 (1742) steps (0.0005 hrs) -nan:-nan 36598 (43) sec
[712] Ep10000: Max 4218 (1017) steps (0.0003 hrs) -nan:-nan 36640 (42) sec
[713] Ep10000: Max 4218 (1799) steps (0.0005 hrs) -nan:-nan 36682 (42) sec
[714] Ep10000: Max 4218 (1022) steps (0.0003 hrs) -nan:-nan 36725 (43) sec
[715] Ep10000: Max 4218 (1194) steps (0.0003 hrs) -nan:-nan 36767 (42) sec
[716] Ep10000: Max 4218 (1066) steps (0.0003 hrs) -nan:-nan 36849 (82) sec
[717] Ep10000: Max 4218 (2430) steps (0.0007 hrs) -nan:-nan 37005 (156) sec
[718] Ep10000: Max 4218 (1858) steps (0.0005 hrs) -nan:-nan 37190 (185) sec
[719] Ep10000: Max 4218 (2121) steps (0.0006 hrs) -nan:-nan 37388 (198) sec
[720] Ep10000: Max 4218 (2270) steps (0.0006 hrs) -nan:-nan 37581 (193) sec
[721] Ep10000: Max 4218 (2450) steps (0.0007 hrs) -nan:-nan 37727 (146) sec
[722] Ep10000: Max 4218 (2312) steps (0.0006 hrs) -nan:-nan 37892 (165) sec
[723] Ep10000: Max 4218 (2630) steps (0.0007 hrs) -nan:-nan 38090 (198) sec
[724] Ep10000: Max 4218 (1010) steps (0.0003 hrs) -nan:-nan 38288 (198) sec
[725] Ep10000: Max 4218 (1672) steps (0.0005 hrs) -nan:-nan 38488 (200) sec
[726] Ep10000: Max 4218 (1184) steps (0.0003 hrs) -nan:-nan 38572 (84) sec
[727] Ep10000: Max 4218 (2122) steps (0.0006 hrs) -nan:-nan 38617 (45) sec
[728] Ep10000: Max 4218 (1065) steps (0.0003 hrs) -nan:-nan 38659 (42) sec
[729] Ep10000: Max 4218 (1027) steps (0.0003 hrs) -nan:-nan 38702 (43) sec
[730] Ep10000: Max 4218 (2470) steps (0.0007 hrs) -nan:-nan 38747 (45) sec
[731] Ep10000: Max 4218 (1861) steps (0.0005 hrs) -nan:-nan 38792 (45) sec
[732] Ep10000: Max 4218 (1478) steps (0.0004 hrs) -nan:-nan 38834 (42) sec
[733] Ep10000: Max 4218 (1087) steps (0.0003 hrs) -nan:-nan 38876 (42) sec
[734] Ep10000: Max 4218 (1618) steps (0.0004 hrs) -nan:-nan 38919 (43) sec
[735] Ep10000: Max 4218 (2255) steps (0.0006 hrs) -nan:-nan 38966 (47) sec
[736] Ep10000: Max 4218 (2520) steps (0.0007 hrs) -nan:-nan 39011 (45) sec
[737] Ep10000: Max 4218 (1123) steps (0.0003 hrs) -nan:-nan 39053 (42) sec
[738] Ep10000: Max 4218 (2192) steps (0.0006 hrs) -nan:-nan 39098 (45) sec
[739] Ep10000: Max 4218 (2278) steps (0.0006 hrs) -nan:-nan 39142 (44) sec
[740] Ep10000: Max 4218 (1015) steps (0.0003 hrs) -nan:-nan 39185 (43) sec
[741] Ep10000: Max 4218 (2268) steps (0.0006 hrs) -nan:-nan 39231 (46) sec
[742] Ep10000: Max 4218 (2302) steps (0.0006 hrs) -nan:-nan 39277 (46) sec
[743] Ep10000: Max 4218 (1940) steps (0.0005 hrs) -nan:-nan 39320 (43) sec
[744] Ep10000: Max 4218 (2426) steps (0.0007 hrs) -nan:-nan 39363 (43) sec
[745] Ep10000: Max 4218 (2165) steps (0.0006 hrs) -nan:-nan 39408 (45) sec
[746] Ep10000: Max 4218 (1313) steps (0.0004 hrs) -nan:-nan 39452 (44) sec
[747] Ep10000: Max 4218 (2370) steps (0.0007 hrs) -nan:-nan 39496 (44) sec
[748] Ep10000: Max 4218 (1922) steps (0.0005 hrs) -nan:-nan 39542 (46) sec
[749] Ep10000: Max 4218 (1254) steps (0.0003 hrs) -nan:-nan 39586 (44) sec
[750] Ep10000: Max 4218 (2358) steps (0.0007 hrs) -nan:-nan 39631 (45) sec
[751] Ep10000: Max 4218 (1558) steps (0.0004 hrs) -nan:-nan 39674 (43) sec
[752] Ep10000: Max 4218 (1996) steps (0.0006 hrs) -nan:-nan 39718 (44) sec
[753] Ep10000: Max 4218 (2593) steps (0.0007 hrs) -nan:-nan 39762 (44) sec
[754] Ep10000: Max 4218 (1718) steps (0.0005 hrs) -nan:-nan 39806 (44) sec
[755] Ep10000: Max 4218 (2382) steps (0.0007 hrs) -nan:-nan 39854 (48) sec
[756] Ep10000: Max 4218 (2572) steps (0.0007 hrs) -nan:-nan 39898 (44) sec
[757] Ep10000: Max 4218 (1988) steps (0.0006 hrs) -nan:-nan 39943 (45) sec
[758] Ep10000: Max 4218 (2206) steps (0.0006 hrs) -nan:-nan 39988 (45) sec
[759] Ep10000: Max 4218 (2179) steps (0.0006 hrs) -nan:-nan 40033 (45) sec
[760] Ep10000: Max 4218 (1829) steps (0.0005 hrs) -nan:-nan 40078 (45) sec
[761] Ep10000: Max 4218 (1703) steps (0.0005 hrs) -nan:-nan 40121 (43) sec
[762] Ep10000: Max 4218 (2054) steps (0.0006 hrs) -nan:-nan 40166 (45) sec
[763] Ep10000: Max 4218 (2426) steps (0.0007 hrs) -nan:-nan 40211 (45) sec
[764] Ep10000: Max 4218 (2447) steps (0.0007 hrs) -nan:-nan 40256 (45) sec
[765] Ep10000: Max 4218 (1785) steps (0.0005 hrs) -nan:-nan 40303 (47) sec
[766] Ep10000: Max 4218 (1690) steps (0.0005 hrs) -nan:-nan 40348 (45) sec
[767] Ep10000: Max 4218 (2326) steps (0.0006 hrs) -nan:-nan 40394 (46) sec
[768] Ep10000: Max 4218 (2485) steps (0.0007 hrs) -nan:-nan 40440 (46) sec
[769] Ep10000: Max 4218 (1016) steps (0.0003 hrs) -nan:-nan 40484 (44) sec
[770] Ep10000: Max 4218 (2370) steps (0.0007 hrs) -nan:-nan 40530 (46) sec
[771] Ep10000: Max 4218 (2223) steps (0.0006 hrs) -nan:-nan 40575 (45) sec
[772] Ep10000: Max 4218 (1038) steps (0.0003 hrs) -nan:-nan 40617 (42) sec
[773] Ep10000: Max 4218 (1247) steps (0.0003 hrs) -nan:-nan 40660 (43) sec
[774] Ep10000: Max 4218 (1669) steps (0.0005 hrs) -nan:-nan 40703 (43) sec
[775] Ep10000: Max 4218 (2125) steps (0.0006 hrs) -nan:-nan 40746 (43) sec
[776] Ep10000: Max 4218 (2305) steps (0.0006 hrs) -nan:-nan 40790 (44) sec
[777] Ep10000: Max 4218 (1999) steps (0.0006 hrs) -nan:-nan 40835 (45) sec
[778] Ep10000: Max 4218 (2082) steps (0.0006 hrs) -nan:-nan 40880 (45) sec
[779] Ep10000: Max 4218 (2716) steps (0.0008 hrs) -nan:-nan 40927 (47) sec
[780] Ep10000: Max 4218 (2315) steps (0.0006 hrs) -nan:-nan 40973 (46) sec
[781] Ep10000: Max 4218 (2194) steps (0.0006 hrs) -nan:-nan 41018 (45) sec
[782] Ep10000: Max 4218 (2497) steps (0.0007 hrs) -nan:-nan 41061 (43) sec
[783] Ep10000: Max 4218 (2170) steps (0.0006 hrs) -nan:-nan 41103 (42) sec
[784] Ep10000: Max 4218 (2356) steps (0.0007 hrs) -nan:-nan 41146 (43) sec
[785] Ep10000: Max 4218 (2197) steps (0.0006 hrs) -nan:-nan 41191 (45) sec
[786] Ep10000: Max 4218 (3440) steps (0.0010 hrs) -nan:-nan 41245 (54) sec
[787] Ep10000: Max 4218 (2469) steps (0.0007 hrs) -nan:-nan 41290 (45) sec
[788] Ep10000: Max 4218 (2236) steps (0.0006 hrs) -nan:-nan 41335 (45) sec
[789] Ep10000: Max 4218 (1741) steps (0.0005 hrs) -nan:-nan 41379 (44) sec
[790] Ep10000: Max 4218 (2564) steps (0.0007 hrs) -nan:-nan 41424 (45) sec
[791] Ep10000: Max 4218 (2336) steps (0.0006 hrs) -nan:-nan 41470 (46) sec
[792] Ep10000: Max 4218 (1012) steps (0.0003 hrs) -nan:-nan 41512 (42) sec
[793] Ep10000: Max 4218 (1008) steps (0.0003 hrs) -nan:-nan 41554 (42) sec
[794] Ep10000: Max 4218 (2047) steps (0.0006 hrs) -nan:-nan 41598 (44) sec
[795] Ep10000: Max 4218 (2493) steps (0.0007 hrs) -nan:-nan 41643 (45) sec
[796] Ep10000: Max 4218 (2985) steps (0.0008 hrs) -nan:-nan 41687 (44) sec
[797] Ep10000: Max 4218 (2260) steps (0.0006 hrs) -nan:-nan 41732 (45) sec
[798] Ep10000: Max 4218 (1010) steps (0.0003 hrs) -nan:-nan 41775 (43) sec
[799] Ep10000: Max 4218 (1965) steps (0.0005 hrs) -nan:-nan 41821 (46) sec
[800] Ep10000: Max 4218 (3357) steps (0.0009 hrs) -nan:-nan 41865 (44) sec
[801] Ep10000: Max 4218 (2258) steps (0.0006 hrs) -nan:-nan 41909 (44) sec
[802] Ep10000: Max 4218 (2220) steps (0.0006 hrs) -nan:-nan 41954 (45) sec
[803] Ep10000: Max 4218 (2390) steps (0.0007 hrs) -nan:-nan 41998 (44) sec
[804] Ep10000: Max 4218 (1278) steps (0.0004 hrs) -nan:-nan 42039 (41) sec
[805] Ep10000: Max 4218 (3008) steps (0.0008 hrs) -nan:-nan 42084 (45) sec
[806] Ep10000: Max 4218 (1017) steps (0.0003 hrs) -nan:-nan 42129 (45) sec
[807] Ep10000: Max 4218 (2034) steps (0.0006 hrs) -nan:-nan 42174 (45) sec
[808] Ep10000: Max 4218 (1026) steps (0.0003 hrs) -nan:-nan 42216 (42) sec
[809] Ep10000: Max 4218 (1106) steps (0.0003 hrs) -nan:-nan 42259 (43) sec
[810] Ep10000: Max 4218 (2019) steps (0.0006 hrs) -nan:-nan 42302 (43) sec
[811] Ep10000: Max 4218 (2000) steps (0.0006 hrs) -nan:-nan 42346 (44) sec
[812] Ep10000: Max 4218 (2265) steps (0.0006 hrs) -nan:-nan 42390 (44) sec
[813] Ep10000: Max 4218 (1025) steps (0.0003 hrs) -nan:-nan 42433 (43) sec
[814] Ep10000: Max 4218 (1793) steps (0.0005 hrs) -nan:-nan 42477 (44) sec
[815] Ep10000: Max 4218 (1011) steps (0.0003 hrs) -nan:-nan 42520 (43) sec
[816] Ep10000: Max 4218 (2695) steps (0.0007 hrs) -nan:-nan 42566 (46) sec
[817] Ep10000: Max 4218 (2630) steps (0.0007 hrs) -nan:-nan 42610 (44) sec
[818] Ep10000: Max 4218 (1951) steps (0.0005 hrs) -nan:-nan 42655 (45) sec
[819] Ep10000: Max 4218 (2347) steps (0.0007 hrs) -nan:-nan 42700 (45) sec
[820] Ep10000: Max 4218 (1780) steps (0.0005 hrs) -nan:-nan 42742 (42) sec
[821] Ep10000: Max 4218 (2160) steps (0.0006 hrs) -nan:-nan 42788 (46) sec
[822] Ep10000: Max 4218 (1536) steps (0.0004 hrs) -nan:-nan 42830 (42) sec
[823] Ep10000: Max 4218 (2046) steps (0.0006 hrs) -nan:-nan 42874 (44) sec
[824] Ep10000: Max 4218 (1818) steps (0.0005 hrs) -nan:-nan 42919 (45) sec
[825] Ep10000: Max 4218 (1010) steps (0.0003 hrs) -nan:-nan 42961 (42) sec
[826] Ep10000: Max 4218 (2326) steps (0.0006 hrs) -nan:-nan 43007 (46) sec
[827] Ep10000: Max 4218 (1704) steps (0.0005 hrs) -nan:-nan 43049 (42) sec
[828] Ep10000: Max 4218 (1996) steps (0.0006 hrs) -nan:-nan 43094 (45) sec
[829] Ep10000: Max 4218 (1794) steps (0.0005 hrs) -nan:-nan 43137 (43) sec
[830] Ep10000: Max 4218 (1840) steps (0.0005 hrs) -nan:-nan 43181 (44) sec
[831] Ep10000: Max 4218 (1020) steps (0.0003 hrs) -nan:-nan 43223 (42) sec
[832] Ep10000: Max 4218 (2133) steps (0.0006 hrs) -nan:-nan 43270 (47) sec
[833] Ep10000: Max 4218 (2152) steps (0.0006 hrs) -nan:-nan 43315 (45) sec
[834] Ep10000: Max 4218 (1019) steps (0.0003 hrs) -nan:-nan 43357 (42) sec
[835] Ep10000: Max 4218 (1012) steps (0.0003 hrs) -nan:-nan 43400 (43) sec
[836] Ep10000: Max 4218 (2347) steps (0.0007 hrs) -nan:-nan 43445 (45) sec
[837] Ep10000: Max 4218 (1026) steps (0.0003 hrs) -nan:-nan 43488 (43) sec
[838] Ep10000: Max 4218 (2484) steps (0.0007 hrs) -nan:-nan 43533 (45) sec
[839] Ep10000: Max 4218 (1376) steps (0.0004 hrs) -nan:-nan 43577 (44) sec
[840] Ep10000: Max 4218 (2081) steps (0.0006 hrs) -nan:-nan 43620 (43) sec
[841] Ep10000: Max 4218 (2209) steps (0.0006 hrs) -nan:-nan 43665 (45) sec
[842] Ep10000: Max 4218 (1849) steps (0.0005 hrs) -nan:-nan 43708 (43) sec
[843] Ep10000: Max 4218 (1035) steps (0.0003 hrs) -nan:-nan 43750 (42) sec
[844] Ep10000: Max 4218 (1529) steps (0.0004 hrs) -nan:-nan 43792 (42) sec
[845] Ep10000: Max 4218 (2935) steps (0.0008 hrs) -nan:-nan 43837 (45) sec
[846] Ep10000: Max 4218 (1934) steps (0.0005 hrs) -nan:-nan 43881 (44) sec
[847] Ep10000: Max 4218 (2068) steps (0.0006 hrs) -nan:-nan 43926 (45) sec
[848] Ep10000: Max 4218 (1011) steps (0.0003 hrs) -nan:-nan 43968 (42) sec
[849] Ep10000: Max 4218 (2292) steps (0.0006 hrs) -nan:-nan 44013 (45) sec
[850] Ep10000: Max 4218 (1005) steps (0.0003 hrs) -nan:-nan 44055 (42) sec
[851] Ep10000: Max 4218 (1490) steps (0.0004 hrs) -nan:-nan 44098 (43) sec
[852] Ep10000: Max 4218 (2349) steps (0.0007 hrs) -nan:-nan 44144 (46) sec
[853] Ep10000: Max 4218 (2325) steps (0.0006 hrs) -nan:-nan 44189 (45) sec
[854] Ep10000: Max 4218 (2098) steps (0.0006 hrs) -nan:-nan 44233 (44) sec
[855] Ep10000: Max 4218 (1010) steps (0.0003 hrs) -nan:-nan 44275 (42) sec
[856] Ep10000: Max 4218 (3241) steps (0.0009 hrs) -nan:-nan 44319 (44) sec
[857] Ep10000: Max 4218 (2241) steps (0.0006 hrs) -nan:-nan 44362 (43) sec
[858] Ep10000: Max 4218 (2847) steps (0.0008 hrs) -nan:-nan 44402 (40) sec
[859] Ep10000: Max 4218 (1479) steps (0.0004 hrs) -nan:-nan 44455 (53) sec
[860] Ep10000: Max 4218 (1928) steps (0.0005 hrs) -nan:-nan 44515 (60) sec
[861] Ep10000: Max 4218 (1221) steps (0.0003 hrs) -nan:-nan 44566 (51) sec
[862] Ep10000: Max 4218 (1491) steps (0.0004 hrs) -nan:-nan 44616 (50) sec
[863] Ep10000: Max 4218 (1018) steps (0.0003 hrs) -nan:-nan 44666 (50) sec
[864] Ep10000: Max 4218 (1080) steps (0.0003 hrs) -nan:-nan 44716 (50) sec
[865] Ep10000: Max 4218 (1699) steps (0.0005 hrs) -nan:-nan 44766 (50) sec
[866] Ep10000: Max 4218 (2471) steps (0.0007 hrs) -nan:-nan 44819 (53) sec
[867] Ep10000: Max 4218 (1481) steps (0.0004 hrs) -nan:-nan 44869 (50) sec
[868] Ep10000: Max 4218 (1182) steps (0.0003 hrs) -nan:-nan 44919 (50) sec
[869] Ep10000: Max 4218 (1485) steps (0.0004 hrs) -nan:-nan 44970 (51) sec
[870] Ep10000: Max 4218 (1807) steps (0.0005 hrs) -nan:-nan 45022 (52) sec
[871] Ep10000: Max 4218 (2186) steps (0.0006 hrs) -nan:-nan 45075 (53) sec
[872] Ep10000: Max 4218 (2046) steps (0.0006 hrs) -nan:-nan 45129 (54) sec
[873] Ep10000: Max 4218 (2015) steps (0.0006 hrs) -nan:-nan 45182 (53) sec
[874] Ep10000: Max 4218 (1446) steps (0.0004 hrs) -nan:-nan 45232 (50) sec
[875] Ep10000: Max 4218 (2023) steps (0.0006 hrs) -nan:-nan 45280 (48) sec
[876] Ep10000: Max 4218 (1019) steps (0.0003 hrs) -nan:-nan 45332 (52) sec
[877] Ep10000: Max 4218 (1284) steps (0.0004 hrs) -nan:-nan 45382 (50) sec
[878] Ep10000: Max 4218 (2033) steps (0.0006 hrs) -nan:-nan 45435 (53) sec
[879] Ep10000: Max 4218 (2056) steps (0.0006 hrs) -nan:-nan 45487 (52) sec
[880] Ep10000: Max 4218 (1135) steps (0.0003 hrs) -nan:-nan 45539 (52) sec
[881] Ep10000: Max 4218 (2157) steps (0.0006 hrs) -nan:-nan 45595 (56) sec
[882] Ep10000: Max 4218 (1769) steps (0.0005 hrs) -nan:-nan 45651 (56) sec
[883] Ep10000: Max 4218 (1012) steps (0.0003 hrs) -nan:-nan 45701 (50) sec
[884] Ep10000: Max 4218 (2013) steps (0.0006 hrs) -nan:-nan 45753 (52) sec
[885] Ep10000: Max 4218 (1006) steps (0.0003 hrs) -nan:-nan 45822 (69) sec
[886] Ep10000: Max 4218 (1364) steps (0.0004 hrs) -nan:-nan 45906 (84) sec
[887] Ep10000: Max 4218 (2254) steps (0.0006 hrs) -nan:-nan 45993 (87) sec
[888] Ep10000: Max 4218 (2137) steps (0.0006 hrs) -nan:-nan 46114 (121) sec
[889] Ep10000: Max 4218 (2037) steps (0.0006 hrs) -nan:-nan 46176 (62) sec
[890] Ep10000: Max 4218 (1994) steps (0.0006 hrs) -nan:-nan 46221 (45) sec
[891] Ep10000: Max 4218 (1471) steps (0.0004 hrs) -nan:-nan 46263 (42) sec
[892] Ep10000: Max 4218 (2346) steps (0.0007 hrs) -nan:-nan 46306 (43) sec
[893] Ep10000: Max 4218 (2438) steps (0.0007 hrs) -nan:-nan 46351 (45) sec
[894] Ep10000: Max 4218 (999) steps (0.0003 hrs) -nan:-nan 46393 (42) sec
[895] Ep10000: Max 4218 (1356) steps (0.0004 hrs) -nan:-nan 46435 (42) sec
[896] Ep10000: Max 4218 (1021) steps (0.0003 hrs) -nan:-nan 46478 (43) sec
[897] Ep10000: Max 4218 (2213) steps (0.0006 hrs) -nan:-nan 46523 (45) sec
[898] Ep10000: Max 4218 (1753) steps (0.0005 hrs) -nan:-nan 46567 (44) sec
[899] Ep10000: Max 4218 (1018) steps (0.0003 hrs) -nan:-nan 46609 (42) sec
[900] Ep10000: Max 4218 (1333) steps (0.0004 hrs) -nan:-nan 46651 (42) sec
[901] Ep10000: Max 4218 (2186) steps (0.0006 hrs) -nan:-nan 46695 (44) sec
[902] Ep10000: Max 4218 (1385) steps (0.0004 hrs) -nan:-nan 46738 (43) sec
[903] Ep10000: Max 4218 (2291) steps (0.0006 hrs) -nan:-nan 46783 (45) sec
[904] Ep10000: Max 4218 (2092) steps (0.0006 hrs) -nan:-nan 46828 (45) sec
[905] Ep10000: Max 4218 (2171) steps (0.0006 hrs) -nan:-nan 46873 (45) sec
[906] Ep10000: Max 4218 (2184) steps (0.0006 hrs) -nan:-nan 46919 (46) sec
[907] Ep10000: Max 4218 (2747) steps (0.0008 hrs) -nan:-nan 46963 (44) sec
[908] Ep10000: Max 4218 (2023) steps (0.0006 hrs) -nan:-nan 47005 (42) sec
[909] Ep10000: Max 4218 (1265) steps (0.0004 hrs) -nan:-nan 47048 (43) sec
[910] Ep10000: Max 4218 (995) steps (0.0003 hrs) -nan:-nan 47092 (44) sec
[911] Ep10000: Max 4218 (2277) steps (0.0006 hrs) -nan:-nan 47137 (45) sec
[912] Ep10000: Max 4218 (2221) steps (0.0006 hrs) -nan:-nan 47182 (45) sec
[913] Ep10000: Max 4218 (1340) steps (0.0004 hrs) -nan:-nan 47225 (43) sec
[914] Ep10000: Max 4218 (2873) steps (0.0008 hrs) -nan:-nan 47270 (45) sec
[915] Ep10000: Max 4218 (1420) steps (0.0004 hrs) -nan:-nan 47312 (42) sec
[916] Ep10000: Max 4218 (1433) steps (0.0004 hrs) -nan:-nan 47355 (43) sec
[917] Ep10000: Max 4218 (3096) steps (0.0009 hrs) -nan:-nan 47400 (45) sec
[918] Ep10000: Max 4218 (1936) steps (0.0005 hrs) -nan:-nan 47444 (44) sec
[919] Ep10000: Max 4218 (2116) steps (0.0006 hrs) -nan:-nan 47488 (44) sec
[920] Ep10000: Max 4218 (1990) steps (0.0006 hrs) -nan:-nan 47531 (43) sec
[921] Ep10000: Max 4218 (1470) steps (0.0004 hrs) -nan:-nan 47573 (42) sec
[922] Ep10000: Max 4218 (2989) steps (0.0008 hrs) -nan:-nan 47617 (44) sec
[923] Ep10000: Max 4218 (2243) steps (0.0006 hrs) -nan:-nan 47662 (45) sec
[924] Ep10000: Max 4218 (2260) steps (0.0006 hrs) -nan:-nan 47705 (43) sec
[925] Ep10000: Max 4218 (1021) steps (0.0003 hrs) -nan:-nan 47748 (43) sec
[926] Ep10000: Max 4218 (1785) steps (0.0005 hrs) -nan:-nan 47791 (43) sec
[927] Ep10000: Max 4218 (2131) steps (0.0006 hrs) -nan:-nan 47836 (45) sec
[928] Ep10000: Max 4218 (2149) steps (0.0006 hrs) -nan:-nan 47881 (45) sec
[929] Ep10000: Max 4218 (1026) steps (0.0003 hrs) -nan:-nan 47924 (43) sec
[930] Ep10000: Max 4218 (2257) steps (0.0006 hrs) -nan:-nan 47969 (45) sec
[931] Ep10000: Max 4218 (1654) steps (0.0005 hrs) -nan:-nan 48015 (46) sec
[932] Ep10000: Max 4218 (2931) steps (0.0008 hrs) -nan:-nan 48061 (46) sec
[933] Ep10000: Max 4218 (2081) steps (0.0006 hrs) -nan:-nan 48105 (44) sec
[934] Ep10000: Max 4218 (3215) steps (0.0009 hrs) -nan:-nan 48150 (45) sec
[935] Ep10000: Max 4218 (2357) steps (0.0007 hrs) -nan:-nan 48195 (45) sec
[936] Ep10000: Max 4218 (2269) steps (0.0006 hrs) -nan:-nan 48238 (43) sec
[937] Ep10000: Max 4218 (1951) steps (0.0005 hrs) -nan:-nan 48281 (43) sec
[938] Ep10000: Max 4218 (2200) steps (0.0006 hrs) -nan:-nan 48326 (45) sec
[939] Ep10000: Max 4218 (1870) steps (0.0005 hrs) -nan:-nan 48371 (45) sec
[940] Ep10000: Max 4218 (1002) steps (0.0003 hrs) -nan:-nan 48413 (42) sec
[941] Ep10000: Max 4218 (1405) steps (0.0004 hrs) -nan:-nan 48456 (43) sec
[942] Ep10000: Max 4218 (2638) steps (0.0007 hrs) -nan:-nan 48501 (45) sec
[943] Ep10000: Max 4218 (1951) steps (0.0005 hrs) -nan:-nan 48546 (45) sec
[944] Ep10000: Max 4218 (2377) steps (0.0007 hrs) -nan:-nan 48591 (45) sec
[945] Ep10000: Max 4218 (2010) steps (0.0006 hrs) -nan:-nan 48634 (43) sec
[946] Ep10000: Max 4218 (1026) steps (0.0003 hrs) -nan:-nan 48677 (43) sec
[947] Ep10000: Max 4218 (2597) steps (0.0007 hrs) -nan:-nan 48723 (46) sec
[948] Ep10000: Max 4218 (2336) steps (0.0006 hrs) -nan:-nan 48768 (45) sec
[949] Ep10000: Max 4218 (1838) steps (0.0005 hrs) -nan:-nan 48811 (43) sec
[950] Ep10000: Max 4218 (1220) steps (0.0003 hrs) -nan:-nan 48853 (42) sec
[951] Ep10000: Max 4218 (1007) steps (0.0003 hrs) -nan:-nan 48895 (42) sec
[952] Ep10000: Max 4218 (2535) steps (0.0007 hrs) -nan:-nan 48943 (48) sec
[953] Ep10000: Max 4218 (1409) steps (0.0004 hrs) -nan:-nan 48986 (43) sec
[954] Ep10000: Max 4218 (1769) steps (0.0005 hrs) -nan:-nan 49029 (43) sec
[955] Ep10000: Max 4218 (1165) steps (0.0003 hrs) -nan:-nan 49072 (43) sec
[956] Ep10000: Max 4218 (2093) steps (0.0006 hrs) -nan:-nan 49115 (43) sec
[957] Ep10000: Max 4218 (2117) steps (0.0006 hrs) -nan:-nan 49159 (44) sec
[958] Ep10000: Max 4218 (2052) steps (0.0006 hrs) -nan:-nan 49204 (45) sec
[959] Ep10000: Max 4218 (2447) steps (0.0007 hrs) -nan:-nan 49248 (44) sec
[960] Ep10000: Max 4218 (999) steps (0.0003 hrs) -nan:-nan 49290 (42) sec
[961] Ep10000: Max 4218 (2027) steps (0.0006 hrs) -nan:-nan 49340 (50) sec
[962] Ep10000: Max 4218 (1028) steps (0.0003 hrs) -nan:-nan 49383 (43) sec
[963] Ep10000: Max 4218 (2914) steps (0.0008 hrs) -nan:-nan 49427 (44) sec
[964] Ep10000: Max 4218 (2158) steps (0.0006 hrs) -nan:-nan 49473 (46) sec
[965] Ep10000: Max 4218 (1002) steps (0.0003 hrs) -nan:-nan 49515 (42) sec
[966] Ep10000: Max 4218 (2304) steps (0.0006 hrs) -nan:-nan 49560 (45) sec
[967] Ep10000: Max 4218 (1905) steps (0.0005 hrs) -nan:-nan 49605 (45) sec
[968] Ep10000: Max 4218 (2590) steps (0.0007 hrs) -nan:-nan 49649 (44) sec
[969] Ep10000: Max 4218 (1026) steps (0.0003 hrs) -nan:-nan 49691 (42) sec
[970] Ep10000: Max 4218 (1033) steps (0.0003 hrs) -nan:-nan 49751 (60) sec
[971] Ep10000: Max 4218 (1992) steps (0.0006 hrs) -nan:-nan 49816 (65) sec
[972] Ep10000: Max 4218 (2075) steps (0.0006 hrs) -nan:-nan 49879 (63) sec
[973] Ep10000: Max 4218 (1725) steps (0.0005 hrs) -nan:-nan 49944 (65) sec
[974] Ep10000: Max 4218 (2618) steps (0.0007 hrs) -nan:-nan 50050 (106) sec
[975] Ep10000: Max 4218 (2224) steps (0.0006 hrs) -nan:-nan 50156 (106) sec
[976] Ep10000: Max 4218 (1022) steps (0.0003 hrs) -nan:-nan 50199 (43) sec
[977] Ep10000: Max 4218 (1033) steps (0.0003 hrs) -nan:-nan 50242 (43) sec
[978] Ep10000: Max 4218 (2120) steps (0.0006 hrs) -nan:-nan 50287 (45) sec
[979] Ep10000: Max 4218 (1134) steps (0.0003 hrs) -nan:-nan 50329 (42) sec
[980] Ep10000: Max 4218 (1484) steps (0.0004 hrs) -nan:-nan 50372 (43) sec
[981] Ep10000: Max 4218 (2037) steps (0.0006 hrs) -nan:-nan 50417 (45) sec
[982] Ep10000: Max 4218 (2480) steps (0.0007 hrs) -nan:-nan 50462 (45) sec
[983] Ep10000: Max 4218 (2268) steps (0.0006 hrs) -nan:-nan 50507 (45) sec
[984] Ep10000: Max 4218 (2367) steps (0.0007 hrs) -nan:-nan 50552 (45) sec
[985] Ep10000: Max 4218 (2272) steps (0.0006 hrs) -nan:-nan 50599 (47) sec
[986] Ep10000: Max 4218 (1866) steps (0.0005 hrs) -nan:-nan 50644 (45) sec
[987] Ep10000: Max 4218 (1280) steps (0.0004 hrs) -nan:-nan 50686 (42) sec
[988] Ep10000: Max 4218 (1020) steps (0.0003 hrs) -nan:-nan 50728 (42) sec
[989] Ep10000: Max 4218 (1520) steps (0.0004 hrs) -nan:-nan 50770 (42) sec
[990] Ep10000: Max 4218 (1818) steps (0.0005 hrs) -nan:-nan 50813 (43) sec
[991] Ep10000: Max 4218 (1268) steps (0.0004 hrs) -nan:-nan 50855 (42) sec
[992] Ep10000: Max 4218 (1015) steps (0.0003 hrs) -nan:-nan 50897 (42) sec
[993] Ep10000: Max 4218 (1754) steps (0.0005 hrs) -nan:-nan 50943 (46) sec
[994] Ep10000: Max 4218 (2123) steps (0.0006 hrs) -nan:-nan 50987 (44) sec
[995] Ep10000: Max 4218 (977) steps (0.0003 hrs) -nan:-nan 51029 (42) sec
[996] Ep10000: Max 4218 (1698) steps (0.0005 hrs) -nan:-nan 51072 (43) sec
[997] Ep10000: Max 4218 (1004) steps (0.0003 hrs) -nan:-nan 51115 (43) sec
[998] Ep10000: Max 4218 (2157) steps (0.0006 hrs) -nan:-nan 51158 (43) sec
[999] Ep10000: Max 4218 (1155) steps (0.0003 hrs) -nan:-nan 51200 (42) sec
[1000] Ep10000: Max 4218 (1367) steps (0.0004 hrs) -nan:-nan 51248 (48) sec
Total Elapsed time: 51248 seconds
Wrote current data to latest.train
