balanced 0 test_flag 0
[1] Ep10000: Max 1704 (1704) steps (0.0005 hrs) 0.00:-7982.78 23 (23) sec
[2] Ep10000: Max 2508 (2508) steps (0.0007 hrs) 0.00:-7982.29 60 (37) sec
[3] Ep10000: Max 2508 (1858) steps (0.0005 hrs) 0.00:-7982.29 112 (52) sec
[4] Ep10000: Max 2508 (2060) steps (0.0006 hrs) 0.00:-7982.29 177 (65) sec
[5] Ep10000: Max 2508 (2226) steps (0.0006 hrs) 0.00:-7982.29 232 (55) sec
[6] Ep10000: Max 2508 (2044) steps (0.0006 hrs) 0.00:-7982.29 296 (64) sec
[7] Ep10000: Max 2767 (2767) steps (0.0008 hrs) 0.00:-7982.29 357 (61) sec
[8] Ep10000: Max 2767 (1818) steps (0.0005 hrs) 0.00:-7982.29 403 (46) sec
[9] Ep10000: Max 3888 (3888) steps (0.0011 hrs) 0.00:-7982.29 473 (70) sec
[10] Ep10000: Max 3888 (144) steps (0.0000 hrs) 0.00:-7982.29 496 (23) sec
[11] Ep10000: Max 3888 (2267) steps (0.0006 hrs) 0.00:-7982.29 559 (63) sec
[12] Ep10000: Max 3888 (1319) steps (0.0004 hrs) 0.00:-7982.29 583 (24) sec
[13] Ep10000: Max 3888 (1647) steps (0.0005 hrs) 0.00:-7982.29 609 (26) sec
[14] Ep10000: Max 3888 (2056) steps (0.0006 hrs) 0.00:-7982.29 660 (51) sec
[15] Ep10000: Max 3888 (999) steps (0.0003 hrs) 0.00:-7982.29 684 (24) sec
[16] Ep10000: Max 3888 (2509) steps (0.0007 hrs) 0.00:-7982.29 746 (62) sec
[17] Ep10000: Max 3888 (2218) steps (0.0006 hrs) 0.00:-7982.29 811 (65) sec
[18] Ep10000: Max 3888 (1849) steps (0.0005 hrs) 0.00:-7982.29 872 (61) sec
[19] Ep10000: Max 3888 (2322) steps (0.0006 hrs) 0.00:-7982.29 935 (63) sec
[20] Ep10000: Max 3888 (2094) steps (0.0006 hrs) 0.00:-7982.29 959 (24) sec
[21] Ep10000: Max 3888 (1919) steps (0.0005 hrs) 0.00:-7982.29 1021 (62) sec
[22] Ep10000: Max 3888 (1842) steps (0.0005 hrs) 0.00:-7982.29 1063 (42) sec
[23] Ep10000: Max 3888 (506) steps (0.0001 hrs) 0.00:-7982.29 1086 (23) sec
[24] Ep10000: Max 3888 (1792) steps (0.0005 hrs) 0.00:-7982.29 1109 (23) sec
[25] Ep10000: Max 3888 (2915) steps (0.0008 hrs) 0.00:-7982.29 1164 (55) sec
[26] Ep10000: Max 3888 (2471) steps (0.0007 hrs) 0.00:-7982.29 1224 (60) sec
[27] Ep10000: Max 3888 (957) steps (0.0003 hrs) 0.00:-7982.29 1248 (24) sec
[28] Ep10000: Max 3888 (823) steps (0.0002 hrs) 0.00:-7982.29 1271 (23) sec
[29] Ep10000: Max 3888 (2027) steps (0.0006 hrs) 0.00:-7982.29 1333 (62) sec
[30] Ep10000: Max 3888 (1877) steps (0.0005 hrs) 0.00:-7982.29 1397 (64) sec
[31] Ep10000: Max 3888 (2222) steps (0.0006 hrs) 0.00:-7982.29 1425 (28) sec
[32] Ep10000: Max 3888 (838) steps (0.0002 hrs) 0.00:-7982.29 1448 (23) sec
[33] Ep10000: Max 3888 (3147) steps (0.0009 hrs) 0.00:-7982.29 1473 (25) sec
[34] Ep10000: Max 3888 (1863) steps (0.0005 hrs) 0.00:-7982.29 1513 (40) sec
[35] Ep10000: Max 3888 (2239) steps (0.0006 hrs) 0.00:-7982.29 1576 (63) sec
[36] Ep10000: Max 3888 (1180) steps (0.0003 hrs) 0.00:-7982.29 1603 (27) sec
[37] Ep10000: Max 3888 (2419) steps (0.0007 hrs) 0.00:-7982.29 1667 (64) sec
[38] Ep10000: Max 3888 (836) steps (0.0002 hrs) 0.00:-7982.29 1691 (24) sec
[39] Ep10000: Max 3888 (1670) steps (0.0005 hrs) 0.00:-7982.29 1718 (27) sec
[40] Ep10000: Max 3888 (2004) steps (0.0006 hrs) 0.00:-7982.29 1776 (58) sec
[41] Ep10000: Max 3888 (2168) steps (0.0006 hrs) 0.00:-7982.29 1810 (34) sec
[42] Ep10000: Max 3888 (259) steps (0.0001 hrs) 0.00:-7982.29 1833 (23) sec
[43] Ep10000: Max 3888 (493) steps (0.0001 hrs) 0.00:-7982.29 1856 (23) sec
[44] Ep10000: Max 3888 (754) steps (0.0002 hrs) 0.00:-7982.29 1879 (23) sec
[45] Ep10000: Max 3888 (3547) steps (0.0010 hrs) 0.00:-7982.29 1933 (54) sec
[46] Ep10000: Max 3888 (2613) steps (0.0007 hrs) 0.00:-7982.29 1996 (63) sec
[47] Ep10000: Max 3888 (197) steps (0.0001 hrs) 0.00:-7982.29 2019 (23) sec
[48] Ep10000: Max 3888 (198) steps (0.0001 hrs) 0.00:-7982.29 2043 (24) sec
[49] Ep10000: Max 3888 (109) steps (0.0000 hrs) 0.00:-7982.29 2066 (23) sec
[50] Ep10000: Max 3888 (1989) steps (0.0006 hrs) 0.00:-7982.29 2095 (29) sec
[51] Ep10000: Max 3888 (3163) steps (0.0009 hrs) 0.00:-7982.29 2141 (46) sec
[52] Ep10000: Max 3888 (691) steps (0.0002 hrs) 0.00:-7982.29 2164 (23) sec
[53] Ep10000: Max 3888 (1785) steps (0.0005 hrs) 0.00:-7982.29 2218 (54) sec
[54] Ep10000: Max 3888 (383) steps (0.0001 hrs) 0.00:-7982.29 2241 (23) sec
[55] Ep10000: Max 3888 (2332) steps (0.0006 hrs) 0.00:-7982.29 2304 (63) sec
[56] Ep10000: Max 3888 (2258) steps (0.0006 hrs) 0.00:-7982.29 2368 (64) sec
[57] Ep10000: Max 3888 (2357) steps (0.0007 hrs) 0.00:-7982.29 2430 (62) sec
[58] Ep10000: Max 3888 (224) steps (0.0001 hrs) 0.00:-7982.29 2453 (23) sec
[59] Ep10000: Max 3888 (1879) steps (0.0005 hrs) 0.00:-7982.29 2491 (38) sec
[60] Ep10000: Max 3888 (1086) steps (0.0003 hrs) 0.00:-7982.29 2515 (24) sec
[61] Ep10000: Max 3888 (276) steps (0.0001 hrs) 0.00:-7982.29 2539 (24) sec
[62] Ep10000: Max 3888 (1503) steps (0.0004 hrs) 0.00:-7982.29 2564 (25) sec
[63] Ep10000: Max 3888 (1171) steps (0.0003 hrs) 0.00:-7982.29 2589 (25) sec
[64] Ep10000: Max 3888 (1947) steps (0.0005 hrs) 0.00:-7982.29 2651 (62) sec
[65] Ep10000: Max 3888 (165) steps (0.0000 hrs) 0.00:-7982.29 2675 (24) sec
[66] Ep10000: Max 3888 (2596) steps (0.0007 hrs) 0.00:-7982.29 2740 (65) sec
[67] Ep10000: Max 3888 (202) steps (0.0001 hrs) 0.00:-7982.29 2763 (23) sec
[68] Ep10000: Max 3888 (2550) steps (0.0007 hrs) 0.00:-7982.29 2802 (39) sec
[69] Ep10000: Max 3888 (1229) steps (0.0003 hrs) 0.00:-7982.29 2827 (25) sec
[70] Ep10000: Max 3888 (942) steps (0.0003 hrs) 0.00:-7982.29 2850 (23) sec
[71] Ep10000: Max 3888 (945) steps (0.0003 hrs) 0.00:-7982.29 2874 (24) sec
[72] Ep10000: Max 3888 (1377) steps (0.0004 hrs) 0.00:-7982.29 2901 (27) sec
[73] Ep10000: Max 3888 (2270) steps (0.0006 hrs) 0.00:-7982.29 2965 (64) sec
[74] Ep10000: Max 3888 (260) steps (0.0001 hrs) 0.00:-7982.29 2989 (24) sec
[75] Ep10000: Max 3888 (523) steps (0.0001 hrs) 0.00:-7982.29 3012 (23) sec
[76] Ep10000: Max 3888 (2691) steps (0.0007 hrs) 0.00:-7982.29 3076 (64) sec
[77] Ep10000: Max 3888 (2108) steps (0.0006 hrs) 0.00:-7982.29 3140 (64) sec
[78] Ep10000: Max 3888 (1951) steps (0.0005 hrs) 0.00:-7982.29 3201 (61) sec
[79] Ep10000: Max 3888 (1685) steps (0.0005 hrs) 0.00:-7982.29 3235 (34) sec
[80] Ep10000: Max 3888 (399) steps (0.0001 hrs) 0.00:-7982.29 3259 (24) sec
[81] Ep10000: Max 3888 (1951) steps (0.0005 hrs) 0.00:-7982.29 3317 (58) sec
[82] Ep10000: Max 3888 (2941) steps (0.0008 hrs) 0.00:-7982.29 3376 (59) sec
[83] Ep10000: Max 3888 (213) steps (0.0001 hrs) 0.00:-7982.29 3399 (23) sec
[84] Ep10000: Max 3888 (636) steps (0.0002 hrs) 0.00:-7982.29 3422 (23) sec
[85] Ep10000: Max 3888 (2433) steps (0.0007 hrs) 0.00:-7982.29 3485 (63) sec
[86] Ep10000: Max 3888 (2057) steps (0.0006 hrs) 0.00:-7982.29 3548 (63) sec
[87] Ep10000: Max 3888 (1363) steps (0.0004 hrs) 0.00:-7982.29 3572 (24) sec
[88] Ep10000: Max 3888 (2289) steps (0.0006 hrs) 0.00:-7982.29 3635 (63) sec
[89] Ep10000: Max 3888 (2816) steps (0.0008 hrs) 0.00:-7982.29 3691 (56) sec
[90] Ep10000: Max 3888 (506) steps (0.0001 hrs) 0.00:-7982.29 3715 (24) sec
[91] Ep10000: Max 3888 (2788) steps (0.0008 hrs) 0.00:-7982.29 3773 (58) sec
[92] Ep10000: Max 3888 (1955) steps (0.0005 hrs) 0.00:-7982.29 3830 (57) sec
[93] Ep10000: Max 3888 (1880) steps (0.0005 hrs) 0.00:-7982.29 3855 (25) sec
[94] Ep10000: Max 3888 (2320) steps (0.0006 hrs) 0.00:-7982.29 3888 (33) sec
[95] Ep10000: Max 3888 (2083) steps (0.0006 hrs) 0.00:-7982.29 3936 (48) sec
[96] Ep10000: Max 3888 (845) steps (0.0002 hrs) 0.00:-7982.29 3960 (24) sec
[97] Ep10000: Max 3888 (1724) steps (0.0005 hrs) 0.00:-7982.29 4020 (60) sec
[98] Ep10000: Max 3888 (335) steps (0.0001 hrs) 0.00:-7982.29 4043 (23) sec
[99] Ep10000: Max 3888 (293) steps (0.0001 hrs) 0.00:-7982.29 4066 (23) sec
[100] Ep10000: Max 3888 (2045) steps (0.0006 hrs) 0.00:-7982.29 4128 (62) sec
[101] Ep10000: Max 3888 (2096) steps (0.0006 hrs) 0.00:-7982.29 4190 (62) sec
[102] Ep10000: Max 3888 (2727) steps (0.0008 hrs) 0.00:-7982.29 4238 (48) sec
[103] Ep10000: Max 3888 (2232) steps (0.0006 hrs) 0.00:-7982.29 4301 (63) sec
[104] Ep10000: Max 3888 (1601) steps (0.0004 hrs) 0.00:-7982.29 4325 (24) sec
[105] Ep10000: Max 3888 (326) steps (0.0001 hrs) 0.00:-7982.29 4349 (24) sec
[106] Ep10000: Max 3888 (1682) steps (0.0005 hrs) 0.00:-7982.29 4382 (33) sec
[107] Ep10000: Max 3888 (110) steps (0.0000 hrs) 0.00:-7982.29 4405 (23) sec
[108] Ep10000: Max 3888 (2443) steps (0.0007 hrs) 0.00:-7982.29 4464 (59) sec
[109] Ep10000: Max 3888 (2000) steps (0.0006 hrs) 0.00:-7982.29 4526 (62) sec
[110] Ep10000: Max 3888 (1571) steps (0.0004 hrs) 0.00:-7982.29 4551 (25) sec
[111] Ep10000: Max 3888 (735) steps (0.0002 hrs) 0.00:-7982.29 4575 (24) sec
[112] Ep10000: Max 3888 (1106) steps (0.0003 hrs) 0.00:-7982.29 4598 (23) sec
[113] Ep10000: Max 3888 (142) steps (0.0000 hrs) 0.00:-7982.29 4621 (23) sec
[114] Ep10000: Max 3888 (238) steps (0.0001 hrs) 0.00:-7982.29 4644 (23) sec
[115] Ep10000: Max 3888 (2431) steps (0.0007 hrs) 0.00:-7982.29 4708 (64) sec
[116] Ep10000: Max 3888 (2403) steps (0.0007 hrs) 0.00:-7982.29 4771 (63) sec
[117] Ep10000: Max 3888 (2867) steps (0.0008 hrs) 0.00:-7982.29 4835 (64) sec
[118] Ep10000: Max 3888 (231) steps (0.0001 hrs) 0.00:-7982.29 4858 (23) sec
[119] Ep10000: Max 3888 (2840) steps (0.0008 hrs) 0.00:-7982.29 4923 (65) sec
[120] Ep10000: Max 3888 (2344) steps (0.0007 hrs) 0.00:-7982.29 4982 (59) sec
[121] Ep10000: Max 3888 (2036) steps (0.0006 hrs) 0.00:-7982.29 5042 (60) sec
[122] Ep10000: Max 3888 (203) steps (0.0001 hrs) 0.00:-7982.29 5066 (24) sec
[123] Ep10000: Max 3888 (349) steps (0.0001 hrs) 0.00:-7982.29 5089 (23) sec
[124] Ep10000: Max 3888 (2598) steps (0.0007 hrs) 0.00:-7982.29 5153 (64) sec
[125] Ep10000: Max 3888 (2352) steps (0.0007 hrs) 0.00:-7982.29 5196 (43) sec
[126] Ep10000: Max 3888 (503) steps (0.0001 hrs) 0.00:-7982.29 5220 (24) sec
[127] Ep10000: Max 3888 (1869) steps (0.0005 hrs) 0.00:-7982.29 5247 (27) sec
[128] Ep10000: Max 3888 (2500) steps (0.0007 hrs) 0.00:-7982.29 5308 (61) sec
[129] Ep10000: Max 3888 (2014) steps (0.0006 hrs) 0.00:-7982.29 5352 (44) sec
[130] Ep10000: Max 3888 (3440) steps (0.0010 hrs) 0.00:-7982.29 5408 (56) sec
[131] Ep10000: Max 3888 (169) steps (0.0000 hrs) 0.00:-7982.29 5432 (24) sec
[132] Ep10000: Max 3888 (204) steps (0.0001 hrs) 0.00:-7982.29 5455 (23) sec
[133] Ep10000: Max 3888 (256) steps (0.0001 hrs) 0.00:-7982.29 5478 (23) sec
[134] Ep10000: Max 3888 (1781) steps (0.0005 hrs) 0.00:-7982.29 5509 (31) sec
[135] Ep10000: Max 3888 (1911) steps (0.0005 hrs) 0.00:-7982.29 5573 (64) sec
[136] Ep10000: Max 3888 (2215) steps (0.0006 hrs) 0.00:-7982.29 5636 (63) sec
[137] Ep10000: Max 3888 (163) steps (0.0000 hrs) 0.00:-7982.29 5659 (23) sec
[138] Ep10000: Max 3888 (190) steps (0.0001 hrs) 0.00:-7982.29 5682 (23) sec
[139] Ep10000: Max 3888 (1782) steps (0.0005 hrs) 0.00:-7982.29 5719 (37) sec
[140] Ep10000: Max 3888 (1901) steps (0.0005 hrs) 0.00:-7982.29 5757 (38) sec
[141] Ep10000: Max 3888 (1826) steps (0.0005 hrs) 0.00:-7982.29 5798 (41) sec
[142] Ep10000: Max 3888 (3042) steps (0.0008 hrs) 0.00:-7982.29 5859 (61) sec
[143] Ep10000: Max 3888 (2240) steps (0.0006 hrs) 0.00:-7982.29 5886 (27) sec
[144] Ep10000: Max 3888 (2109) steps (0.0006 hrs) 0.00:-7982.29 5949 (63) sec
[145] Ep10000: Max 3888 (1408) steps (0.0004 hrs) 0.00:-7982.29 5979 (30) sec
[146] Ep10000: Max 3888 (1054) steps (0.0003 hrs) 0.00:-7982.29 6004 (25) sec
[147] Ep10000: Max 3888 (2479) steps (0.0007 hrs) 0.00:-7982.29 6069 (65) sec
[148] Ep10000: Max 3888 (853) steps (0.0002 hrs) 0.00:-7982.29 6092 (23) sec
[149] Ep10000: Max 3888 (248) steps (0.0001 hrs) 0.00:-7982.29 6115 (23) sec
[150] Ep10000: Max 3888 (675) steps (0.0002 hrs) 0.00:-7982.29 6138 (23) sec
[151] Ep10000: Max 3888 (383) steps (0.0001 hrs) 0.00:-7982.29 6161 (23) sec
[152] Ep10000: Max 3888 (198) steps (0.0001 hrs) 0.00:-7982.29 6185 (24) sec
[153] Ep10000: Max 3888 (223) steps (0.0001 hrs) 0.00:-7982.29 6208 (23) sec
[154] Ep10000: Max 3888 (2410) steps (0.0007 hrs) 0.00:-7982.29 6262 (54) sec
[155] Ep10000: Max 3888 (1878) steps (0.0005 hrs) 0.00:-7982.29 6325 (63) sec
[156] Ep10000: Max 3888 (2991) steps (0.0008 hrs) 0.00:-7982.29 6381 (56) sec
[157] Ep10000: Max 3888 (1274) steps (0.0004 hrs) 0.00:-7982.29 6405 (24) sec
[158] Ep10000: Max 3888 (139) steps (0.0000 hrs) 0.00:-7982.29 6428 (23) sec
[159] Ep10000: Max 3888 (1938) steps (0.0005 hrs) 0.00:-7982.29 6481 (53) sec
[160] Ep10000: Max 3888 (348) steps (0.0001 hrs) 0.00:-7982.29 6504 (23) sec
[161] Ep10000: Max 3888 (903) steps (0.0003 hrs) 0.00:-7982.29 6528 (24) sec
[162] Ep10000: Max 3888 (260) steps (0.0001 hrs) 0.00:-7982.29 6552 (24) sec
[163] Ep10000: Max 3888 (158) steps (0.0000 hrs) 0.00:-7982.29 6575 (23) sec
[164] Ep10000: Max 3888 (2328) steps (0.0006 hrs) 0.00:-7982.29 6640 (65) sec
[165] Ep10000: Max 3888 (2531) steps (0.0007 hrs) 0.00:-7982.29 6700 (60) sec
[166] Ep10000: Max 3888 (2074) steps (0.0006 hrs) 0.00:-7982.29 6758 (58) sec
[167] Ep10000: Max 3888 (2623) steps (0.0007 hrs) 0.00:-7982.29 6819 (61) sec
[168] Ep10000: Max 3888 (1898) steps (0.0005 hrs) 0.00:-7982.29 6859 (40) sec
[169] Ep10000: Max 3888 (1910) steps (0.0005 hrs) 0.00:-7982.29 6890 (31) sec
[170] Ep10000: Max 3888 (2521) steps (0.0007 hrs) 0.00:-7982.29 6951 (61) sec
[171] Ep10000: Max 3888 (596) steps (0.0002 hrs) 0.00:-7982.29 6974 (23) sec
[172] Ep10000: Max 3888 (1759) steps (0.0005 hrs) 0.00:-7982.29 7003 (29) sec
[173] Ep10000: Max 3888 (1477) steps (0.0004 hrs) 0.00:-7982.29 7026 (23) sec
[174] Ep10000: Max 3888 (279) steps (0.0001 hrs) 0.00:-7982.29 7048 (22) sec
[175] Ep10000: Max 3888 (572) steps (0.0002 hrs) 0.00:-7982.29 7072 (24) sec
[176] Ep10000: Max 3888 (198) steps (0.0001 hrs) 0.00:-7982.29 7096 (24) sec
[177] Ep10000: Max 3888 (2378) steps (0.0007 hrs) 0.00:-7982.29 7145 (49) sec
[178] Ep10000: Max 3888 (1510) steps (0.0004 hrs) 0.00:-7982.29 7169 (24) sec
[179] Ep10000: Max 3888 (142) steps (0.0000 hrs) 0.00:-7982.29 7192 (23) sec
[180] Ep10000: Max 3888 (272) steps (0.0001 hrs) 0.00:-7982.29 7215 (23) sec
[181] Ep10000: Max 3888 (811) steps (0.0002 hrs) 0.00:-7982.29 7239 (24) sec
[182] Ep10000: Max 4242 (4242) steps (0.0012 hrs) 0.00:-7982.29 7283 (44) sec
[183] Ep10000: Max 4242 (1891) steps (0.0005 hrs) 0.00:-7982.29 7337 (54) sec
[184] Ep10000: Max 4242 (251) steps (0.0001 hrs) 0.00:-7982.29 7360 (23) sec
[185] Ep10000: Max 4242 (1047) steps (0.0003 hrs) 0.00:-7982.29 7384 (24) sec
[186] Ep10000: Max 4242 (2326) steps (0.0006 hrs) 0.00:-7982.29 7449 (65) sec
[187] Ep10000: Max 4242 (634) steps (0.0002 hrs) 0.00:-7982.29 7471 (22) sec
[188] Ep10000: Max 4242 (2377) steps (0.0007 hrs) 0.00:-7982.29 7534 (63) sec
[189] Ep10000: Max 4242 (3299) steps (0.0009 hrs) 0.00:-7982.29 7598 (64) sec
[190] Ep10000: Max 4242 (2183) steps (0.0006 hrs) 0.00:-7982.29 7660 (62) sec
[191] Ep10000: Max 4242 (311) steps (0.0001 hrs) 0.00:-7982.29 7683 (23) sec
[192] Ep10000: Max 4242 (1474) steps (0.0004 hrs) 0.00:-7982.29 7709 (26) sec
[193] Ep10000: Max 4242 (1959) steps (0.0005 hrs) 0.00:-7982.29 7772 (63) sec
[194] Ep10000: Max 4242 (2073) steps (0.0006 hrs) 0.00:-7982.29 7837 (65) sec
[195] Ep10000: Max 4242 (353) steps (0.0001 hrs) 0.00:-7982.29 7861 (24) sec
[196] Ep10000: Max 4242 (2643) steps (0.0007 hrs) 0.00:-7982.29 7925 (64) sec
[197] Ep10000: Max 4242 (2779) steps (0.0008 hrs) 0.00:-7982.29 7979 (54) sec
[198] Ep10000: Max 4242 (289) steps (0.0001 hrs) 0.00:-7982.29 8002 (23) sec
[199] Ep10000: Max 4242 (2082) steps (0.0006 hrs) 0.00:-7982.29 8042 (40) sec
[200] Ep10000: Max 4242 (625) steps (0.0002 hrs) 0.00:-7982.29 8065 (23) sec
[201] Ep10000: Max 4242 (2183) steps (0.0006 hrs) 0.00:-7982.29 8127 (62) sec
[202] Ep10000: Max 4242 (130) steps (0.0000 hrs) 0.00:-7982.29 8150 (23) sec
[203] Ep10000: Max 4242 (964) steps (0.0003 hrs) 0.00:-7982.29 8174 (24) sec
[204] Ep10000: Max 4242 (1564) steps (0.0004 hrs) 0.00:-7982.29 8199 (25) sec
[205] Ep10000: Max 4242 (1138) steps (0.0003 hrs) 0.00:-7982.29 8222 (23) sec
[206] Ep10000: Max 4242 (2092) steps (0.0006 hrs) 0.00:-7982.29 8285 (63) sec
[207] Ep10000: Max 4242 (1594) steps (0.0004 hrs) 0.00:-7982.29 8309 (24) sec
[208] Ep10000: Max 4242 (256) steps (0.0001 hrs) 0.00:-7982.29 8332 (23) sec
[209] Ep10000: Max 4242 (109) steps (0.0000 hrs) 0.00:-7982.29 8355 (23) sec
[210] Ep10000: Max 4242 (2223) steps (0.0006 hrs) 0.00:-7982.29 8412 (57) sec
[211] Ep10000: Max 4242 (235) steps (0.0001 hrs) 0.00:-7982.29 8435 (23) sec
[212] Ep10000: Max 4242 (1942) steps (0.0005 hrs) 0.00:-7982.29 8461 (26) sec
[213] Ep10000: Max 4242 (1258) steps (0.0003 hrs) 0.00:-7982.29 8485 (24) sec
[214] Ep10000: Max 4242 (1936) steps (0.0005 hrs) 0.00:-7982.29 8537 (52) sec
[215] Ep10000: Max 4775 (4775) steps (0.0013 hrs) 0.00:-7982.29 8610 (73) sec
[216] Ep10000: Max 4775 (2379) steps (0.0007 hrs) 0.00:-7982.29 8643 (33) sec
[217] Ep10000: Max 4775 (1123) steps (0.0003 hrs) 0.00:-7982.29 8667 (24) sec
[218] Ep10000: Max 4775 (2302) steps (0.0006 hrs) 0.00:-7982.29 8729 (62) sec
[219] Ep10000: Max 4775 (1337) steps (0.0004 hrs) 0.00:-7982.29 8761 (32) sec
[220] Ep10000: Max 4775 (2135) steps (0.0006 hrs) 0.00:-7982.29 8820 (59) sec
[221] Ep10000: Max 4775 (2305) steps (0.0006 hrs) 0.00:-7982.29 8880 (60) sec
[222] Ep10000: Max 4775 (2478) steps (0.0007 hrs) 0.00:-7982.29 8944 (64) sec
[223] Ep10000: Max 4775 (253) steps (0.0001 hrs) 0.00:-7982.29 8967 (23) sec
[224] Ep10000: Max 4775 (332) steps (0.0001 hrs) 0.00:-7982.29 8991 (24) sec
[225] Ep10000: Max 4775 (2558) steps (0.0007 hrs) 0.00:-7982.29 9030 (39) sec
[226] Ep10000: Max 4775 (1670) steps (0.0005 hrs) 0.00:-7982.29 9056 (26) sec
[227] Ep10000: Max 4775 (1918) steps (0.0005 hrs) 0.00:-7982.29 9103 (47) sec
[228] Ep10000: Max 4775 (1053) steps (0.0003 hrs) 0.00:-7982.29 9127 (24) sec
[229] Ep10000: Max 4775 (1810) steps (0.0005 hrs) 0.00:-7982.29 9189 (62) sec
[230] Ep10000: Max 4775 (204) steps (0.0001 hrs) 0.00:-7982.29 9212 (23) sec
[231] Ep10000: Max 4775 (335) steps (0.0001 hrs) 0.00:-7982.29 9235 (23) sec
[232] Ep10000: Max 4775 (2271) steps (0.0006 hrs) 0.00:-7982.29 9297 (62) sec
[233] Ep10000: Max 4775 (2189) steps (0.0006 hrs) 0.00:-7982.29 9361 (64) sec
[234] Ep10000: Max 4775 (1968) steps (0.0005 hrs) 0.00:-7982.29 9403 (42) sec
[235] Ep10000: Max 4775 (2640) steps (0.0007 hrs) 0.00:-7982.29 9467 (64) sec
[236] Ep10000: Max 4775 (151) steps (0.0000 hrs) 0.00:-7982.29 9490 (23) sec
[237] Ep10000: Max 4775 (1815) steps (0.0005 hrs) 0.00:-7982.29 9551 (61) sec
[238] Ep10000: Max 4775 (2070) steps (0.0006 hrs) 0.00:-7982.29 9600 (49) sec
[239] Ep10000: Max 4775 (2047) steps (0.0006 hrs) 0.00:-7982.29 9664 (64) sec
[240] Ep10000: Max 4775 (1297) steps (0.0004 hrs) 0.00:-7982.29 9690 (26) sec
[241] Ep10000: Max 4775 (204) steps (0.0001 hrs) 0.00:-7982.29 9713 (23) sec
[242] Ep10000: Max 4775 (2148) steps (0.0006 hrs) 0.00:-7982.29 9774 (61) sec
[243] Ep10000: Max 4775 (1507) steps (0.0004 hrs) 0.00:-7982.29 9797 (23) sec
[244] Ep10000: Max 4775 (2297) steps (0.0006 hrs) 0.00:-7982.29 9832 (35) sec
[245] Ep10000: Max 4775 (1739) steps (0.0005 hrs) 0.00:-7982.29 9856 (24) sec
[246] Ep10000: Max 4775 (2724) steps (0.0008 hrs) 0.00:-7982.29 9920 (64) sec
[247] Ep10000: Max 4775 (2326) steps (0.0006 hrs) 0.00:-7982.29 9959 (39) sec
[248] Ep10000: Max 4775 (1647) steps (0.0005 hrs) 0.00:-7982.29 9984 (25) sec
[249] Ep10000: Max 4775 (133) steps (0.0000 hrs) 0.00:-7982.29 10007 (23) sec
[250] Ep10000: Max 4775 (2779) steps (0.0008 hrs) 0.00:-7982.29 10070 (63) sec
[251] Ep10000: Max 4775 (409) steps (0.0001 hrs) 0.00:-7982.29 10093 (23) sec
[252] Ep10000: Max 4775 (4586) steps (0.0013 hrs) 0.00:-7982.29 10158 (65) sec
[253] Ep10000: Max 4775 (1645) steps (0.0005 hrs) 0.00:-7982.29 10184 (26) sec
[254] Ep10000: Max 4775 (693) steps (0.0002 hrs) 0.00:-7982.29 10207 (23) sec
[255] Ep10000: Max 4775 (2323) steps (0.0006 hrs) 0.00:-7982.29 10233 (26) sec
[256] Ep10000: Max 4775 (2468) steps (0.0007 hrs) 0.00:-7982.29 10294 (61) sec
[257] Ep10000: Max 4775 (2211) steps (0.0006 hrs) 0.00:-7982.29 10354 (60) sec
[258] Ep10000: Max 4775 (1614) steps (0.0004 hrs) 0.00:-7982.29 10382 (28) sec
[259] Ep10000: Max 4775 (716) steps (0.0002 hrs) 0.00:-7982.29 10406 (24) sec
[260] Ep10000: Max 4775 (2003) steps (0.0006 hrs) 0.00:-7982.29 10464 (58) sec
[261] Ep10000: Max 4775 (2339) steps (0.0006 hrs) 0.00:-7982.29 10525 (61) sec
[262] Ep10000: Max 4775 (2966) steps (0.0008 hrs) 0.00:-7982.29 10576 (51) sec
[263] Ep10000: Max 4775 (2176) steps (0.0006 hrs) 0.00:-7982.29 10639 (63) sec
[264] Ep10000: Max 4775 (309) steps (0.0001 hrs) 0.00:-7982.29 10663 (24) sec
[265] Ep10000: Max 4775 (151) steps (0.0000 hrs) 0.00:-7982.29 10686 (23) sec
[266] Ep10000: Max 4775 (430) steps (0.0001 hrs) 0.00:-7982.29 10710 (24) sec
[267] Ep10000: Max 4775 (571) steps (0.0002 hrs) 0.00:-7982.29 10734 (24) sec
[268] Ep10000: Max 4775 (2448) steps (0.0007 hrs) 0.00:-7982.29 10797 (63) sec
[269] Ep10000: Max 4775 (108) steps (0.0000 hrs) 0.00:-7982.29 10819 (22) sec
[270] Ep10000: Max 4775 (1054) steps (0.0003 hrs) 0.00:-7982.29 10842 (23) sec
[271] Ep10000: Max 4775 (2435) steps (0.0007 hrs) 0.00:-7982.29 10869 (27) sec
[272] Ep10000: Max 4775 (2796) steps (0.0008 hrs) 0.00:-7982.29 10932 (63) sec
[273] Ep10000: Max 4775 (263) steps (0.0001 hrs) 0.00:-7982.29 10954 (22) sec
[274] Ep10000: Max 4775 (1831) steps (0.0005 hrs) 0.00:-7982.29 10988 (34) sec
[275] Ep10000: Max 4775 (132) steps (0.0000 hrs) 0.00:-7982.29 11012 (24) sec
[276] Ep10000: Max 4775 (1834) steps (0.0005 hrs) 0.00:-7982.29 11053 (41) sec
[277] Ep10000: Max 4775 (2259) steps (0.0006 hrs) 0.00:-7982.29 11092 (39) sec
[278] Ep10000: Max 4775 (1844) steps (0.0005 hrs) 0.00:-7982.29 11152 (60) sec
[279] Ep10000: Max 4775 (322) steps (0.0001 hrs) 0.00:-7982.29 11175 (23) sec
[280] Ep10000: Max 4775 (217) steps (0.0001 hrs) 0.00:-7982.29 11197 (22) sec
[281] Ep10000: Max 4775 (367) steps (0.0001 hrs) 0.00:-7982.29 11220 (23) sec
[282] Ep10000: Max 4775 (1201) steps (0.0003 hrs) 0.00:-7982.29 11245 (25) sec
[283] Ep10000: Max 4775 (1256) steps (0.0003 hrs) 0.00:-7982.29 11268 (23) sec
[284] Ep10000: Max 4775 (116) steps (0.0000 hrs) 0.00:-7982.29 11292 (24) sec
[285] Ep10000: Max 4775 (1972) steps (0.0005 hrs) 0.00:-7982.29 11353 (61) sec
[286] Ep10000: Max 4775 (174) steps (0.0000 hrs) 0.00:-7982.29 11376 (23) sec
[287] Ep10000: Max 4775 (2125) steps (0.0006 hrs) 0.00:-7982.29 11412 (36) sec
[288] Ep10000: Max 4775 (1714) steps (0.0005 hrs) 0.00:-7982.29 11443 (31) sec
[289] Ep10000: Max 4775 (2440) steps (0.0007 hrs) 0.00:-7982.29 11508 (65) sec
[290] Ep10000: Max 4775 (1808) steps (0.0005 hrs) 0.00:-7982.29 11541 (33) sec
[291] Ep10000: Max 4775 (172) steps (0.0000 hrs) 0.00:-7982.29 11564 (23) sec
[292] Ep10000: Max 4775 (2377) steps (0.0007 hrs) 0.00:-7982.29 11628 (64) sec
[293] Ep10000: Max 4775 (1410) steps (0.0004 hrs) 0.00:-7982.29 11651 (23) sec
[294] Ep10000: Max 4775 (2055) steps (0.0006 hrs) 0.00:-7982.29 11712 (61) sec
[295] Ep10000: Max 4775 (1621) steps (0.0005 hrs) 0.00:-7982.29 11742 (30) sec
[296] Ep10000: Max 4775 (357) steps (0.0001 hrs) 0.00:-7982.29 11765 (23) sec
[297] Ep10000: Max 4775 (372) steps (0.0001 hrs) 0.00:-7982.29 11788 (23) sec
[298] Ep10000: Max 4775 (2583) steps (0.0007 hrs) 0.00:-7982.29 11831 (43) sec
[299] Ep10000: Max 4775 (421) steps (0.0001 hrs) 0.00:-7982.29 11854 (23) sec
[300] Ep10000: Max 4775 (2683) steps (0.0007 hrs) 0.00:-7982.29 11904 (50) sec
[301] Ep10000: Max 4775 (519) steps (0.0001 hrs) 0.00:-7982.29 11927 (23) sec
[302] Ep10000: Max 4775 (406) steps (0.0001 hrs) 0.00:-7982.29 11950 (23) sec
[303] Ep10000: Max 4775 (609) steps (0.0002 hrs) 0.00:-7982.29 11974 (24) sec
[304] Ep10000: Max 4775 (2925) steps (0.0008 hrs) 0.00:-7982.29 12037 (63) sec
[305] Ep10000: Max 4775 (1804) steps (0.0005 hrs) 0.00:-7982.29 12072 (35) sec
[306] Ep10000: Max 4775 (1884) steps (0.0005 hrs) 0.00:-7982.29 12124 (52) sec
[307] Ep10000: Max 4775 (1102) steps (0.0003 hrs) 0.00:-7982.29 12147 (23) sec
[308] Ep10000: Max 4775 (2245) steps (0.0006 hrs) 0.00:-7982.29 12209 (62) sec
[309] Ep10000: Max 4775 (2440) steps (0.0007 hrs) 0.00:-7982.29 12273 (64) sec
[310] Ep10000: Max 4775 (794) steps (0.0002 hrs) 0.00:-7982.29 12296 (23) sec
[311] Ep10000: Max 4775 (194) steps (0.0001 hrs) 0.00:-7982.29 12320 (24) sec
[312] Ep10000: Max 4775 (261) steps (0.0001 hrs) 0.00:-7982.29 12342 (22) sec
[313] Ep10000: Max 4775 (220) steps (0.0001 hrs) 0.00:-7982.29 12365 (23) sec
[314] Ep10000: Max 4775 (2098) steps (0.0006 hrs) 0.00:-7982.29 12391 (26) sec
[315] Ep10000: Max 4775 (142) steps (0.0000 hrs) 0.00:-7982.29 12416 (25) sec
[316] Ep10000: Max 4775 (182) steps (0.0001 hrs) 0.00:-7982.29 12439 (23) sec
[317] Ep10000: Max 4775 (2251) steps (0.0006 hrs) 0.00:-7982.29 12502 (63) sec
[318] Ep10000: Max 4775 (2160) steps (0.0006 hrs) 0.00:-7982.29 12564 (62) sec
[319] Ep10000: Max 4775 (373) steps (0.0001 hrs) 0.00:-7982.29 12586 (22) sec
[320] Ep10000: Max 4775 (2287) steps (0.0006 hrs) 0.00:-7982.29 12650 (64) sec
[321] Ep10000: Max 4775 (1373) steps (0.0004 hrs) 0.00:-7982.29 12676 (26) sec
[322] Ep10000: Max 4775 (2382) steps (0.0007 hrs) 0.00:-7982.29 12737 (61) sec
[323] Ep10000: Max 4775 (2427) steps (0.0007 hrs) 0.00:-7982.29 12801 (64) sec
[324] Ep10000: Max 4775 (1131) steps (0.0003 hrs) 0.00:-7982.29 12825 (24) sec
[325] Ep10000: Max 4775 (1001) steps (0.0003 hrs) 0.00:-7982.29 12849 (24) sec
[326] Ep10000: Max 4775 (2888) steps (0.0008 hrs) 0.00:-7982.29 12916 (67) sec
[327] Ep10000: Max 4775 (1111) steps (0.0003 hrs) 0.00:-7982.29 12939 (23) sec
[328] Ep10000: Max 4775 (2313) steps (0.0006 hrs) 0.00:-7982.29 13004 (65) sec
[329] Ep10000: Max 4775 (181) steps (0.0001 hrs) 0.00:-7982.29 13027 (23) sec
[330] Ep10000: Max 4775 (1500) steps (0.0004 hrs) 0.00:-7982.29 13050 (23) sec
[331] Ep10000: Max 4775 (2031) steps (0.0006 hrs) 0.00:-7982.29 13085 (35) sec
[332] Ep10000: Max 4775 (2146) steps (0.0006 hrs) 0.00:-7982.29 13135 (50) sec
[333] Ep10000: Max 4775 (1395) steps (0.0004 hrs) 0.00:-7982.29 13160 (25) sec
[334] Ep10000: Max 4775 (2238) steps (0.0006 hrs) 0.00:-7982.29 13224 (64) sec
[335] Ep10000: Max 4775 (786) steps (0.0002 hrs) 0.00:-7982.29 13248 (24) sec
[336] Ep10000: Max 4775 (122) steps (0.0000 hrs) 0.00:-7982.29 13271 (23) sec
[337] Ep10000: Max 4775 (2031) steps (0.0006 hrs) 0.00:-7982.29 13331 (60) sec
[338] Ep10000: Max 4775 (159) steps (0.0000 hrs) 0.00:-7982.29 13355 (24) sec
[339] Ep10000: Max 4775 (1781) steps (0.0005 hrs) 0.00:-7982.29 13415 (60) sec
[340] Ep10000: Max 4775 (3046) steps (0.0008 hrs) 0.00:-7982.29 13475 (60) sec
[341] Ep10000: Max 4775 (2371) steps (0.0007 hrs) 0.00:-7982.29 13540 (65) sec
[342] Ep10000: Max 4775 (1871) steps (0.0005 hrs) 0.00:-7982.29 13603 (63) sec
[343] Ep10000: Max 4775 (1970) steps (0.0005 hrs) 0.00:-7982.29 13628 (25) sec
[344] Ep10000: Max 4775 (1939) steps (0.0005 hrs) 0.00:-7982.29 13692 (64) sec
[345] Ep10000: Max 4775 (2061) steps (0.0006 hrs) 0.00:-7982.29 13753 (61) sec
[346] Ep10000: Max 4775 (394) steps (0.0001 hrs) 0.00:-7982.29 13776 (23) sec
[347] Ep10000: Max 4775 (2405) steps (0.0007 hrs) 0.00:-7982.29 13839 (63) sec
[348] Ep10000: Max 4775 (1080) steps (0.0003 hrs) 0.00:-7982.29 13864 (25) sec
[349] Ep10000: Max 4775 (117) steps (0.0000 hrs) 0.00:-7982.29 13887 (23) sec
[350] Ep10000: Max 4775 (1521) steps (0.0004 hrs) 0.00:-7982.29 13911 (24) sec
[351] Ep10000: Max 4775 (2236) steps (0.0006 hrs) 0.00:-7982.29 13973 (62) sec
[352] Ep10000: Max 4775 (190) steps (0.0001 hrs) 0.00:-7982.29 13996 (23) sec
[353] Ep10000: Max 4775 (2087) steps (0.0006 hrs) 0.00:-7982.29 14050 (54) sec
[354] Ep10000: Max 4775 (2086) steps (0.0006 hrs) 0.00:-7982.29 14113 (63) sec
[355] Ep10000: Max 4775 (739) steps (0.0002 hrs) 0.00:-7982.29 14137 (24) sec
[356] Ep10000: Max 4775 (2063) steps (0.0006 hrs) 0.00:-7982.29 14201 (64) sec
[357] Ep10000: Max 4775 (2285) steps (0.0006 hrs) 0.00:-7982.29 14265 (64) sec
[358] Ep10000: Max 4775 (2302) steps (0.0006 hrs) 0.00:-7982.29 14293 (28) sec
[359] Ep10000: Max 4775 (465) steps (0.0001 hrs) 0.00:-7982.29 14317 (24) sec
[360] Ep10000: Max 4775 (623) steps (0.0002 hrs) 0.00:-7982.29 14341 (24) sec
[361] Ep10000: Max 4775 (2044) steps (0.0006 hrs) 0.00:-7982.29 14401 (60) sec
[362] Ep10000: Max 4775 (1810) steps (0.0005 hrs) 0.00:-7982.29 14464 (63) sec
[363] Ep10000: Max 4775 (198) steps (0.0001 hrs) 0.00:-7982.29 14487 (23) sec
[364] Ep10000: Max 4775 (2026) steps (0.0006 hrs) 0.00:-7982.29 14551 (64) sec
[365] Ep10000: Max 4775 (453) steps (0.0001 hrs) 0.00:-7982.29 14574 (23) sec
[366] Ep10000: Max 4775 (2344) steps (0.0007 hrs) 0.00:-7982.29 14600 (26) sec
[367] Ep10000: Max 4775 (117) steps (0.0000 hrs) 0.00:-7982.29 14623 (23) sec
[368] Ep10000: Max 4775 (1181) steps (0.0003 hrs) 0.00:-7982.29 14646 (23) sec
[369] Ep10000: Max 4775 (311) steps (0.0001 hrs) 0.00:-7982.29 14669 (23) sec
[370] Ep10000: Max 4775 (2595) steps (0.0007 hrs) 0.00:-7982.29 14701 (32) sec
[371] Ep10000: Max 4775 (605) steps (0.0002 hrs) 0.00:-7982.29 14724 (23) sec
[372] Ep10000: Max 4775 (452) steps (0.0001 hrs) 0.00:-7982.29 14747 (23) sec
[373] Ep10000: Max 4775 (1835) steps (0.0005 hrs) 0.00:-7982.29 14775 (28) sec
[374] Ep10000: Max 4775 (3724) steps (0.0010 hrs) 0.00:-7982.29 14844 (69) sec
[375] Ep10000: Max 4775 (2120) steps (0.0006 hrs) 0.00:-7982.29 14899 (55) sec
[376] Ep10000: Max 4775 (221) steps (0.0001 hrs) 0.00:-7982.29 14922 (23) sec
[377] Ep10000: Max 4775 (1884) steps (0.0005 hrs) 0.00:-7982.29 14980 (58) sec
[378] Ep10000: Max 4775 (2938) steps (0.0008 hrs) 0.00:-7982.29 15044 (64) sec
[379] Ep10000: Max 4775 (317) steps (0.0001 hrs) 0.00:-7982.29 15067 (23) sec
[380] Ep10000: Max 4775 (2119) steps (0.0006 hrs) 0.00:-7982.29 15129 (62) sec
[381] Ep10000: Max 4775 (189) steps (0.0001 hrs) 0.00:-7982.29 15152 (23) sec
[382] Ep10000: Max 4775 (797) steps (0.0002 hrs) 0.00:-7982.29 15175 (23) sec
[383] Ep10000: Max 4775 (2195) steps (0.0006 hrs) 0.00:-7982.29 15236 (61) sec
[384] Ep10000: Max 4775 (202) steps (0.0001 hrs) 0.00:-7982.29 15259 (23) sec
[385] Ep10000: Max 4775 (2204) steps (0.0006 hrs) 0.00:-7982.29 15310 (51) sec
[386] Ep10000: Max 4775 (1831) steps (0.0005 hrs) 0.00:-7982.29 15350 (40) sec
[387] Ep10000: Max 4775 (2104) steps (0.0006 hrs) 0.00:-7982.29 15388 (38) sec
[388] Ep10000: Max 4775 (2100) steps (0.0006 hrs) 0.00:-7982.29 15419 (31) sec
[389] Ep10000: Max 4775 (1439) steps (0.0004 hrs) 0.00:-7982.29 15443 (24) sec
[390] Ep10000: Max 4775 (471) steps (0.0001 hrs) 0.00:-7982.29 15467 (24) sec
[391] Ep10000: Max 4775 (2138) steps (0.0006 hrs) 0.00:-7982.29 15503 (36) sec
[392] Ep10000: Max 4775 (2120) steps (0.0006 hrs) 0.00:-7982.29 15564 (61) sec
[393] Ep10000: Max 4775 (811) steps (0.0002 hrs) 0.00:-7982.29 15587 (23) sec
[394] Ep10000: Max 4775 (172) steps (0.0000 hrs) 0.00:-7982.29 15610 (23) sec
[395] Ep10000: Max 4775 (126) steps (0.0000 hrs) 0.00:-7982.29 15633 (23) sec
[396] Ep10000: Max 4775 (222) steps (0.0001 hrs) 0.00:-7982.29 15657 (24) sec
[397] Ep10000: Max 4775 (401) steps (0.0001 hrs) 0.00:-7982.29 15680 (23) sec
[398] Ep10000: Max 4775 (2156) steps (0.0006 hrs) 0.00:-7982.29 15746 (66) sec
[399] Ep10000: Max 4775 (2599) steps (0.0007 hrs) 0.00:-7982.29 15805 (59) sec
[400] Ep10000: Max 4775 (204) steps (0.0001 hrs) 0.00:-7982.29 15828 (23) sec
[401] Ep10000: Max 4775 (171) steps (0.0000 hrs) 0.00:-7982.29 15852 (24) sec
[402] Ep10000: Max 4775 (2518) steps (0.0007 hrs) 0.00:-7982.29 15916 (64) sec
[403] Ep10000: Max 4775 (2968) steps (0.0008 hrs) 0.00:-7982.29 15980 (64) sec
[404] Ep10000: Max 4775 (2026) steps (0.0006 hrs) 0.00:-7982.29 16044 (64) sec
[405] Ep10000: Max 4775 (2397) steps (0.0007 hrs) 0.00:-7982.29 16107 (63) sec
[406] Ep10000: Max 4775 (270) steps (0.0001 hrs) 0.00:-7982.29 16129 (22) sec
[407] Ep10000: Max 4775 (1911) steps (0.0005 hrs) 0.00:-7982.29 16188 (59) sec
[408] Ep10000: Max 4775 (208) steps (0.0001 hrs) 0.00:-7982.29 16210 (22) sec
[409] Ep10000: Max 4775 (1328) steps (0.0004 hrs) 0.00:-7982.29 16234 (24) sec
[410] Ep10000: Max 4775 (170) steps (0.0000 hrs) 0.00:-7982.29 16257 (23) sec
[411] Ep10000: Max 4775 (2501) steps (0.0007 hrs) 0.00:-7982.29 16321 (64) sec
[412] Ep10000: Max 4775 (2244) steps (0.0006 hrs) 0.00:-7982.29 16385 (64) sec
[413] Ep10000: Max 4775 (2152) steps (0.0006 hrs) 0.00:-7982.29 16448 (63) sec
[414] Ep10000: Max 4775 (2200) steps (0.0006 hrs) 0.00:-7982.29 16486 (38) sec
[415] Ep10000: Max 4775 (1729) steps (0.0005 hrs) 0.00:-7982.29 16515 (29) sec
[416] Ep10000: Max 4775 (2881) steps (0.0008 hrs) 0.00:-7982.29 16577 (62) sec
[417] Ep10000: Max 4775 (2226) steps (0.0006 hrs) 0.00:-7982.29 16638 (61) sec
[418] Ep10000: Max 4775 (2117) steps (0.0006 hrs) 0.00:-7982.29 16701 (63) sec
[419] Ep10000: Max 4775 (536) steps (0.0001 hrs) 0.00:-7982.29 16725 (24) sec
[420] Ep10000: Max 4775 (2576) steps (0.0007 hrs) 0.00:-7982.29 16768 (43) sec
[421] Ep10000: Max 4775 (1457) steps (0.0004 hrs) 0.00:-7982.29 16795 (27) sec
[422] Ep10000: Max 4775 (2069) steps (0.0006 hrs) 0.00:-7982.29 16857 (62) sec
[423] Ep10000: Max 4775 (1083) steps (0.0003 hrs) 0.00:-7982.29 16881 (24) sec
[424] Ep10000: Max 4775 (2860) steps (0.0008 hrs) 0.00:-7982.29 16905 (24) sec
[425] Ep10000: Max 4775 (2254) steps (0.0006 hrs) 0.00:-7982.29 16944 (39) sec
[426] Ep10000: Max 4775 (2015) steps (0.0006 hrs) 0.00:-7982.29 17006 (62) sec
[427] Ep10000: Max 4775 (163) steps (0.0000 hrs) 0.00:-7982.29 17029 (23) sec
[428] Ep10000: Max 4775 (3975) steps (0.0011 hrs) 0.00:-7982.29 17095 (66) sec
[429] Ep10000: Max 4775 (2091) steps (0.0006 hrs) 0.00:-7982.29 17119 (24) sec
[430] Ep10000: Max 4775 (1267) steps (0.0004 hrs) 0.00:-7982.29 17142 (23) sec
[431] Ep10000: Max 4775 (1842) steps (0.0005 hrs) 0.00:-7982.29 17191 (49) sec
[432] Ep10000: Max 4775 (1554) steps (0.0004 hrs) 0.00:-7982.29 17216 (25) sec
[433] Ep10000: Max 4775 (981) steps (0.0003 hrs) 0.00:-7982.29 17240 (24) sec
[434] Ep10000: Max 4775 (1937) steps (0.0005 hrs) 0.00:-7982.29 17302 (62) sec
[435] Ep10000: Max 4775 (1450) steps (0.0004 hrs) 0.00:-7982.29 17329 (27) sec
[436] Ep10000: Max 4775 (1916) steps (0.0005 hrs) 0.00:-7982.29 17392 (63) sec
[437] Ep10000: Max 4775 (188) steps (0.0001 hrs) 0.00:-7982.29 17416 (24) sec
[438] Ep10000: Max 4775 (2292) steps (0.0006 hrs) 0.00:-7982.29 17475 (59) sec
[439] Ep10000: Max 4775 (1753) steps (0.0005 hrs) 0.00:-7982.29 17498 (23) sec
[440] Ep10000: Max 4775 (2547) steps (0.0007 hrs) 0.00:-7982.29 17560 (62) sec
[441] Ep10000: Max 4775 (2306) steps (0.0006 hrs) 0.00:-7982.29 17598 (38) sec
[442] Ep10000: Max 4775 (2371) steps (0.0007 hrs) 0.00:-7982.29 17626 (28) sec
[443] Ep10000: Max 4775 (249) steps (0.0001 hrs) 0.00:-7982.29 17650 (24) sec
[444] Ep10000: Max 4775 (309) steps (0.0001 hrs) 0.00:-7982.29 17673 (23) sec
[445] Ep10000: Max 4775 (611) steps (0.0002 hrs) 0.00:-7982.29 17696 (23) sec
[446] Ep10000: Max 4775 (2101) steps (0.0006 hrs) 0.00:-7982.29 17745 (49) sec
[447] Ep10000: Max 4775 (234) steps (0.0001 hrs) 0.00:-7982.29 17767 (22) sec
[448] Ep10000: Max 4775 (123) steps (0.0000 hrs) 0.00:-7982.29 17790 (23) sec
[449] Ep10000: Max 4775 (2451) steps (0.0007 hrs) 0.00:-7982.29 17853 (63) sec
[450] Ep10000: Max 4775 (2138) steps (0.0006 hrs) 0.00:-7982.29 17916 (63) sec
[451] Ep10000: Max 4775 (2463) steps (0.0007 hrs) 0.00:-7982.29 17978 (62) sec
[452] Ep10000: Max 4775 (2326) steps (0.0006 hrs) 0.00:-7982.29 18043 (65) sec
[453] Ep10000: Max 4775 (511) steps (0.0001 hrs) 0.00:-7982.29 18067 (24) sec
[454] Ep10000: Max 4775 (704) steps (0.0002 hrs) 0.00:-7982.29 18091 (24) sec
[455] Ep10000: Max 4775 (194) steps (0.0001 hrs) 0.00:-7982.29 18114 (23) sec
[456] Ep10000: Max 4775 (811) steps (0.0002 hrs) 0.00:-7982.29 18137 (23) sec
[457] Ep10000: Max 4775 (2670) steps (0.0007 hrs) 0.00:-7982.29 18199 (62) sec
[458] Ep10000: Max 4775 (1244) steps (0.0003 hrs) 0.00:-7982.29 18223 (24) sec
[459] Ep10000: Max 4775 (272) steps (0.0001 hrs) 0.00:-7982.29 18246 (23) sec
[460] Ep10000: Max 4775 (143) steps (0.0000 hrs) 0.00:-7982.29 18269 (23) sec
[461] Ep10000: Max 4775 (120) steps (0.0000 hrs) 0.00:-7982.29 18293 (24) sec
[462] Ep10000: Max 4775 (212) steps (0.0001 hrs) 0.00:-7982.29 18316 (23) sec
[463] Ep10000: Max 4775 (287) steps (0.0001 hrs) 0.00:-7982.29 18339 (23) sec
[464] Ep10000: Max 4775 (317) steps (0.0001 hrs) 0.00:-7982.29 18363 (24) sec
[465] Ep10000: Max 4775 (108) steps (0.0000 hrs) 0.00:-7982.29 18386 (23) sec
[466] Ep10000: Max 4775 (2272) steps (0.0006 hrs) 0.00:-7982.29 18440 (54) sec
[467] Ep10000: Max 4775 (974) steps (0.0003 hrs) 0.00:-7982.29 18464 (24) sec
[468] Ep10000: Max 4775 (2448) steps (0.0007 hrs) 0.00:-7982.29 18528 (64) sec
[469] Ep10000: Max 4775 (1562) steps (0.0004 hrs) 0.00:-7982.29 18557 (29) sec
[470] Ep10000: Max 4775 (249) steps (0.0001 hrs) 0.00:-7982.29 18580 (23) sec
[471] Ep10000: Max 4775 (560) steps (0.0002 hrs) 0.00:-7982.29 18603 (23) sec
[472] Ep10000: Max 4775 (1187) steps (0.0003 hrs) 0.00:-7982.29 18628 (25) sec
[473] Ep10000: Max 4775 (1253) steps (0.0003 hrs) 0.00:-7982.29 18655 (27) sec
[474] Ep10000: Max 4775 (388) steps (0.0001 hrs) 0.00:-7982.29 18679 (24) sec
[475] Ep10000: Max 4775 (591) steps (0.0002 hrs) 0.00:-7982.29 18702 (23) sec
[476] Ep10000: Max 4775 (1594) steps (0.0004 hrs) 0.00:-7982.29 18733 (31) sec
[477] Ep10000: Max 4775 (329) steps (0.0001 hrs) 0.00:-7982.29 18755 (22) sec
[478] Ep10000: Max 4775 (3427) steps (0.0010 hrs) 0.00:-7982.29 18818 (63) sec
[479] Ep10000: Max 4775 (122) steps (0.0000 hrs) 0.00:-7982.29 18841 (23) sec
[480] Ep10000: Max 4775 (135) steps (0.0000 hrs) 0.00:-7982.29 18863 (22) sec
[481] Ep10000: Max 4775 (485) steps (0.0001 hrs) 0.00:-7982.29 18886 (23) sec
[482] Ep10000: Max 4775 (2014) steps (0.0006 hrs) 0.00:-7982.29 18942 (56) sec
[483] Ep10000: Max 4775 (1894) steps (0.0005 hrs) 0.00:-7982.29 18996 (54) sec
[484] Ep10000: Max 4775 (1507) steps (0.0004 hrs) 0.00:-7982.29 19023 (27) sec
[485] Ep10000: Max 4775 (2847) steps (0.0008 hrs) 0.00:-7982.29 19087 (64) sec
[486] Ep10000: Max 4775 (2204) steps (0.0006 hrs) 0.00:-7982.29 19150 (63) sec
[487] Ep10000: Max 4775 (2422) steps (0.0007 hrs) 0.00:-7982.29 19213 (63) sec
[488] Ep10000: Max 4775 (667) steps (0.0002 hrs) 0.00:-7982.29 19237 (24) sec
[489] Ep10000: Max 4775 (2149) steps (0.0006 hrs) 0.00:-7982.29 19301 (64) sec
[490] Ep10000: Max 4775 (2122) steps (0.0006 hrs) 0.00:-7982.29 19340 (39) sec
[491] Ep10000: Max 4775 (185) steps (0.0001 hrs) 0.00:-7982.29 19362 (22) sec
[492] Ep10000: Max 4775 (2675) steps (0.0007 hrs) 0.00:-7982.29 19399 (37) sec
[493] Ep10000: Max 4775 (3146) steps (0.0009 hrs) 0.00:-7982.29 19462 (63) sec
[494] Ep10000: Max 4775 (1574) steps (0.0004 hrs) 0.00:-7982.29 19488 (26) sec
[495] Ep10000: Max 4775 (167) steps (0.0000 hrs) 0.00:-7982.29 19511 (23) sec
[496] Ep10000: Max 4775 (2273) steps (0.0006 hrs) 0.00:-7982.29 19575 (64) sec
[497] Ep10000: Max 4775 (2113) steps (0.0006 hrs) 0.00:-7982.29 19598 (23) sec
[498] Ep10000: Max 4775 (855) steps (0.0002 hrs) 0.00:-7982.29 19624 (26) sec
[499] Ep10000: Max 4775 (2196) steps (0.0006 hrs) 0.00:-7982.29 19679 (55) sec
[500] Ep10000: Max 4775 (2273) steps (0.0006 hrs) 0.00:-7982.29 19738 (59) sec
[501] Ep10000: Max 4775 (2306) steps (0.0006 hrs) 0.00:-7982.29 19801 (63) sec
[502] Ep10000: Max 4775 (2712) steps (0.0008 hrs) 0.00:-7982.29 19866 (65) sec
[503] Ep10000: Max 4775 (2036) steps (0.0006 hrs) 0.00:-7982.29 19931 (65) sec
[504] Ep10000: Max 4775 (299) steps (0.0001 hrs) 0.00:-7982.29 19955 (24) sec
[505] Ep10000: Max 4775 (2055) steps (0.0006 hrs) 0.00:-7982.29 19982 (27) sec
[506] Ep10000: Max 4775 (1192) steps (0.0003 hrs) 0.00:-7982.29 20006 (24) sec
[507] Ep10000: Max 4775 (171) steps (0.0000 hrs) 0.00:-7982.29 20030 (24) sec
[508] Ep10000: Max 4775 (1231) steps (0.0003 hrs) 0.00:-7982.29 20054 (24) sec
[509] Ep10000: Max 4775 (2091) steps (0.0006 hrs) 0.00:-7982.29 20117 (63) sec
[510] Ep10000: Max 4775 (2476) steps (0.0007 hrs) 0.00:-7982.29 20177 (60) sec
[511] Ep10000: Max 4775 (1715) steps (0.0005 hrs) 0.00:-7982.29 20240 (63) sec
[512] Ep10000: Max 4775 (877) steps (0.0002 hrs) 0.00:-7982.29 20262 (22) sec
[513] Ep10000: Max 4775 (2459) steps (0.0007 hrs) 0.00:-7982.29 20323 (61) sec
[514] Ep10000: Max 4775 (2363) steps (0.0007 hrs) 0.00:-7982.29 20370 (47) sec
[515] Ep10000: Max 4775 (1119) steps (0.0003 hrs) 0.00:-7982.29 20396 (26) sec
[516] Ep10000: Max 4775 (234) steps (0.0001 hrs) 0.00:-7982.29 20419 (23) sec
[517] Ep10000: Max 4775 (1872) steps (0.0005 hrs) 0.00:-7982.29 20479 (60) sec
[518] Ep10000: Max 4775 (2379) steps (0.0007 hrs) 0.00:-7982.29 20534 (55) sec
[519] Ep10000: Max 4775 (483) steps (0.0001 hrs) 0.00:-7982.29 20558 (24) sec
[520] Ep10000: Max 4775 (2288) steps (0.0006 hrs) 0.00:-7982.29 20594 (36) sec
[521] Ep10000: Max 4775 (2167) steps (0.0006 hrs) 0.00:-7982.29 20657 (63) sec
[522] Ep10000: Max 4775 (1998) steps (0.0006 hrs) 0.00:-7982.29 20706 (49) sec
[523] Ep10000: Max 4775 (1904) steps (0.0005 hrs) 0.00:-7982.29 20742 (36) sec
[524] Ep10000: Max 4775 (2849) steps (0.0008 hrs) 0.00:-7982.29 20803 (61) sec
[525] Ep10000: Max 4775 (2056) steps (0.0006 hrs) 0.00:-7982.29 20852 (49) sec
[526] Ep10000: Max 4775 (2019) steps (0.0006 hrs) 0.00:-7982.29 20911 (59) sec
[527] Ep10000: Max 4775 (2182) steps (0.0006 hrs) 0.00:-7982.29 20956 (45) sec
[528] Ep10000: Max 4775 (1304) steps (0.0004 hrs) 0.00:-7982.29 20981 (25) sec
[529] Ep10000: Max 4775 (1204) steps (0.0003 hrs) 0.00:-7982.29 21004 (23) sec
[530] Ep10000: Max 4775 (2083) steps (0.0006 hrs) 0.00:-7982.29 21035 (31) sec
[531] Ep10000: Max 4775 (252) steps (0.0001 hrs) 0.00:-7982.29 21059 (24) sec
[532] Ep10000: Max 4775 (1994) steps (0.0006 hrs) 0.00:-7982.29 21119 (60) sec
[533] Ep10000: Max 4775 (880) steps (0.0002 hrs) 0.00:-7982.29 21142 (23) sec
[534] Ep10000: Max 4775 (2163) steps (0.0006 hrs) 0.00:-7982.29 21201 (59) sec
[535] Ep10000: Max 4775 (2299) steps (0.0006 hrs) 0.00:-7982.29 21262 (61) sec
[536] Ep10000: Max 4775 (504) steps (0.0001 hrs) 0.00:-7982.29 21286 (24) sec
[537] Ep10000: Max 4775 (2139) steps (0.0006 hrs) 0.00:-7982.29 21350 (64) sec
[538] Ep10000: Max 4775 (245) steps (0.0001 hrs) 0.00:-7982.29 21373 (23) sec
[539] Ep10000: Max 4775 (1524) steps (0.0004 hrs) 0.00:-7982.29 21401 (28) sec
[540] Ep10000: Max 4775 (2112) steps (0.0006 hrs) 0.00:-7982.29 21466 (65) sec
[541] Ep10000: Max 4775 (2205) steps (0.0006 hrs) 0.00:-7982.29 21529 (63) sec
[542] Ep10000: Max 4775 (2370) steps (0.0007 hrs) 0.00:-7982.29 21592 (63) sec
[543] Ep10000: Max 4775 (199) steps (0.0001 hrs) 0.00:-7982.29 21615 (23) sec
[544] Ep10000: Max 4775 (622) steps (0.0002 hrs) 0.00:-7982.29 21638 (23) sec
[545] Ep10000: Max 4775 (1190) steps (0.0003 hrs) 0.00:-7982.29 21661 (23) sec
[546] Ep10000: Max 4775 (2390) steps (0.0007 hrs) 0.00:-7982.29 21722 (61) sec
[547] Ep10000: Max 4775 (1878) steps (0.0005 hrs) 0.00:-7982.29 21786 (64) sec
[548] Ep10000: Max 4775 (1953) steps (0.0005 hrs) 0.00:-7982.29 21848 (62) sec
[549] Ep10000: Max 4775 (2105) steps (0.0006 hrs) 0.00:-7982.29 21912 (64) sec
[550] Ep10000: Max 4775 (2082) steps (0.0006 hrs) 0.00:-7982.29 21973 (61) sec
[551] Ep10000: Max 4775 (1598) steps (0.0004 hrs) 0.00:-7982.29 21996 (23) sec
[552] Ep10000: Max 4775 (418) steps (0.0001 hrs) 0.00:-7982.29 22019 (23) sec
[553] Ep10000: Max 4775 (2487) steps (0.0007 hrs) 0.00:-7982.29 22045 (26) sec
[554] Ep10000: Max 4775 (235) steps (0.0001 hrs) 0.00:-7982.29 22068 (23) sec
[555] Ep10000: Max 4775 (811) steps (0.0002 hrs) 0.00:-7982.29 22091 (23) sec
[556] Ep10000: Max 4775 (888) steps (0.0002 hrs) 0.00:-7982.29 22115 (24) sec
[557] Ep10000: Max 4775 (2816) steps (0.0008 hrs) 0.00:-7982.29 22175 (60) sec
[558] Ep10000: Max 4775 (611) steps (0.0002 hrs) 0.00:-7982.29 22198 (23) sec
[559] Ep10000: Max 4775 (1378) steps (0.0004 hrs) 0.00:-7982.29 22223 (25) sec
[560] Ep10000: Max 4775 (2121) steps (0.0006 hrs) 0.00:-7982.29 22285 (62) sec
[561] Ep10000: Max 4775 (1011) steps (0.0003 hrs) 0.00:-7982.29 22310 (25) sec
[562] Ep10000: Max 4775 (2318) steps (0.0006 hrs) 0.00:-7982.29 22372 (62) sec
[563] Ep10000: Max 4775 (2604) steps (0.0007 hrs) 0.00:-7982.29 22435 (63) sec
[564] Ep10000: Max 4775 (2717) steps (0.0008 hrs) 0.00:-7982.29 22497 (62) sec
[565] Ep10000: Max 4775 (2229) steps (0.0006 hrs) 0.00:-7982.29 22546 (49) sec
[566] Ep10000: Max 4775 (862) steps (0.0002 hrs) 0.00:-7982.29 22568 (22) sec
[567] Ep10000: Max 4775 (146) steps (0.0000 hrs) 0.00:-7982.29 22591 (23) sec
[568] Ep10000: Max 4775 (345) steps (0.0001 hrs) 0.00:-7982.29 22614 (23) sec
[569] Ep10000: Max 4775 (1087) steps (0.0003 hrs) 0.00:-7982.29 22637 (23) sec
[570] Ep10000: Max 4775 (1049) steps (0.0003 hrs) 0.00:-7982.29 22662 (25) sec
[571] Ep10000: Max 4775 (204) steps (0.0001 hrs) 0.00:-7982.29 22684 (22) sec
[572] Ep10000: Max 4775 (1244) steps (0.0003 hrs) 0.00:-7982.29 22708 (24) sec
[573] Ep10000: Max 4775 (1453) steps (0.0004 hrs) 0.00:-7982.29 22733 (25) sec
[574] Ep10000: Max 4775 (1667) steps (0.0005 hrs) 0.00:-7982.29 22760 (27) sec
[575] Ep10000: Max 4775 (2182) steps (0.0006 hrs) 0.00:-7982.29 22824 (64) sec
[576] Ep10000: Max 4775 (1137) steps (0.0003 hrs) 0.00:-7982.29 22847 (23) sec
[577] Ep10000: Max 4775 (2143) steps (0.0006 hrs) 0.00:-7982.29 22913 (66) sec
[578] Ep10000: Max 4775 (215) steps (0.0001 hrs) 0.00:-7982.29 22937 (24) sec
[579] Ep10000: Max 4775 (2476) steps (0.0007 hrs) 0.00:-7982.29 22997 (60) sec
[580] Ep10000: Max 4775 (387) steps (0.0001 hrs) 0.00:-7982.29 23021 (24) sec
[581] Ep10000: Max 4775 (1086) steps (0.0003 hrs) 0.00:-7982.29 23045 (24) sec
[582] Ep10000: Max 4775 (1925) steps (0.0005 hrs) 0.00:-7982.29 23070 (25) sec
[583] Ep10000: Max 4775 (2805) steps (0.0008 hrs) 0.00:-7982.29 23134 (64) sec
[584] Ep10000: Max 4775 (1410) steps (0.0004 hrs) 0.00:-7982.29 23158 (24) sec
[585] Ep10000: Max 4775 (2689) steps (0.0007 hrs) 0.00:-7982.29 23221 (63) sec
[586] Ep10000: Max 4775 (2843) steps (0.0008 hrs) 0.00:-7982.29 23287 (66) sec
[587] Ep10000: Max 4775 (263) steps (0.0001 hrs) 0.00:-7982.29 23311 (24) sec
[588] Ep10000: Max 4775 (1992) steps (0.0006 hrs) 0.00:-7982.29 23354 (43) sec
[589] Ep10000: Max 4775 (2967) steps (0.0008 hrs) 0.00:-7982.29 23417 (63) sec
[590] Ep10000: Max 4775 (2132) steps (0.0006 hrs) 0.00:-7982.29 23480 (63) sec
[591] Ep10000: Max 4775 (393) steps (0.0001 hrs) 0.00:-7982.29 23503 (23) sec
[592] Ep10000: Max 4775 (2116) steps (0.0006 hrs) 0.00:-7982.29 23544 (41) sec
[593] Ep10000: Max 4775 (3029) steps (0.0008 hrs) 0.00:-7982.29 23570 (26) sec
[594] Ep10000: Max 4775 (2274) steps (0.0006 hrs) 0.00:-7982.29 23619 (49) sec
[595] Ep10000: Max 4775 (232) steps (0.0001 hrs) 0.00:-7982.29 23642 (23) sec
[596] Ep10000: Max 4775 (2763) steps (0.0008 hrs) 0.00:-7982.29 23695 (53) sec
[597] Ep10000: Max 4775 (1990) steps (0.0006 hrs) 0.00:-7982.29 23721 (26) sec
[598] Ep10000: Max 4775 (396) steps (0.0001 hrs) 0.00:-7982.29 23744 (23) sec
[599] Ep10000: Max 6458 (6458) steps (0.0018 hrs) 0.00:-7982.29 23811 (67) sec
[600] Ep10000: Max 6458 (2392) steps (0.0007 hrs) 0.00:-7982.29 23874 (63) sec
[601] Ep10000: Max 6458 (272) steps (0.0001 hrs) 0.00:-7982.29 23897 (23) sec
[602] Ep10000: Max 6458 (2231) steps (0.0006 hrs) 0.00:-7982.29 23963 (66) sec
[603] Ep10000: Max 6458 (275) steps (0.0001 hrs) 0.00:-7982.29 23986 (23) sec
[604] Ep10000: Max 6458 (215) steps (0.0001 hrs) 0.00:-7982.29 24011 (25) sec
[605] Ep10000: Max 6458 (1429) steps (0.0004 hrs) 0.00:-7982.29 24036 (25) sec
[606] Ep10000: Max 6458 (448) steps (0.0001 hrs) 0.00:-7982.29 24060 (24) sec
[607] Ep10000: Max 6458 (1874) steps (0.0005 hrs) 0.00:-7982.29 24104 (44) sec
[608] Ep10000: Max 6458 (515) steps (0.0001 hrs) 0.00:-7982.29 24128 (24) sec
[609] Ep10000: Max 6458 (189) steps (0.0001 hrs) 0.00:-7982.29 24152 (24) sec
[610] Ep10000: Max 6458 (2024) steps (0.0006 hrs) 0.00:-7982.29 24185 (33) sec
[611] Ep10000: Max 6458 (493) steps (0.0001 hrs) 0.00:-7982.29 24209 (24) sec
[612] Ep10000: Max 6458 (2032) steps (0.0006 hrs) 0.00:-7982.29 24254 (45) sec
[613] Ep10000: Max 6458 (1064) steps (0.0003 hrs) 0.00:-7982.29 24278 (24) sec
[614] Ep10000: Max 6458 (1886) steps (0.0005 hrs) 0.00:-7982.29 24338 (60) sec
[615] Ep10000: Max 6458 (1933) steps (0.0005 hrs) 0.00:-7982.29 24364 (26) sec
[616] Ep10000: Max 6458 (840) steps (0.0002 hrs) 0.00:-7982.29 24388 (24) sec
[617] Ep10000: Max 6458 (2270) steps (0.0006 hrs) 0.00:-7982.29 24418 (30) sec
[618] Ep10000: Max 6458 (577) steps (0.0002 hrs) 0.00:-7982.29 24442 (24) sec
[619] Ep10000: Max 6458 (2456) steps (0.0007 hrs) 0.00:-7982.29 24501 (59) sec
[620] Ep10000: Max 6458 (714) steps (0.0002 hrs) 0.00:-7982.29 24524 (23) sec
[621] Ep10000: Max 6458 (228) steps (0.0001 hrs) 0.00:-7982.29 24548 (24) sec
[622] Ep10000: Max 6458 (1061) steps (0.0003 hrs) 0.00:-7982.29 24574 (26) sec
[623] Ep10000: Max 6458 (2410) steps (0.0007 hrs) 0.00:-7982.29 24639 (65) sec
[624] Ep10000: Max 6458 (2055) steps (0.0006 hrs) 0.00:-7982.29 24702 (63) sec
[625] Ep10000: Max 6458 (1916) steps (0.0005 hrs) 0.00:-7982.29 24731 (29) sec
[626] Ep10000: Max 6458 (369) steps (0.0001 hrs) 0.00:-7982.29 24754 (23) sec
[627] Ep10000: Max 6458 (2243) steps (0.0006 hrs) 0.00:-7982.29 24817 (63) sec
[628] Ep10000: Max 6458 (2181) steps (0.0006 hrs) 0.00:-7982.29 24882 (65) sec
[629] Ep10000: Max 6458 (945) steps (0.0003 hrs) 0.00:-7982.29 24905 (23) sec
[630] Ep10000: Max 6458 (3309) steps (0.0009 hrs) 0.00:-7982.29 24973 (68) sec
[631] Ep10000: Max 6458 (1517) steps (0.0004 hrs) 0.00:-7982.29 24998 (25) sec
[632] Ep10000: Max 6458 (228) steps (0.0001 hrs) 0.00:-7982.29 25021 (23) sec
[633] Ep10000: Max 6458 (524) steps (0.0001 hrs) 0.00:-7982.29 25045 (24) sec
[634] Ep10000: Max 6458 (409) steps (0.0001 hrs) 0.00:-7982.29 25067 (22) sec
[635] Ep10000: Max 6458 (229) steps (0.0001 hrs) 0.00:-7982.29 25091 (24) sec
[636] Ep10000: Max 6458 (1978) steps (0.0005 hrs) 0.00:-7982.29 25118 (27) sec
[637] Ep10000: Max 6458 (432) steps (0.0001 hrs) 0.00:-7982.29 25142 (24) sec
[638] Ep10000: Max 6458 (1125) steps (0.0003 hrs) 0.00:-7982.29 25166 (24) sec
[639] Ep10000: Max 6458 (2404) steps (0.0007 hrs) 0.00:-7982.29 25229 (63) sec
[640] Ep10000: Max 6458 (252) steps (0.0001 hrs) 0.00:-7982.29 25252 (23) sec
[641] Ep10000: Max 6458 (2251) steps (0.0006 hrs) 0.00:-7982.29 25316 (64) sec
[642] Ep10000: Max 6458 (1059) steps (0.0003 hrs) 0.00:-7982.29 25341 (25) sec
[643] Ep10000: Max 6458 (2159) steps (0.0006 hrs) 0.00:-7982.29 25394 (53) sec
[644] Ep10000: Max 6458 (441) steps (0.0001 hrs) 0.00:-7982.29 25417 (23) sec
[645] Ep10000: Max 6458 (2060) steps (0.0006 hrs) 0.00:-7982.29 25478 (61) sec
[646] Ep10000: Max 6458 (1874) steps (0.0005 hrs) 0.00:-7982.29 25518 (40) sec
[647] Ep10000: Max 6458 (279) steps (0.0001 hrs) 0.00:-7982.29 25541 (23) sec
[648] Ep10000: Max 6458 (1848) steps (0.0005 hrs) 0.00:-7982.29 25606 (65) sec
[649] Ep10000: Max 6458 (641) steps (0.0002 hrs) 0.00:-7982.29 25630 (24) sec
[650] Ep10000: Max 6458 (577) steps (0.0002 hrs) 0.00:-7982.29 25654 (24) sec
[651] Ep10000: Max 6458 (1915) steps (0.0005 hrs) 0.00:-7982.29 25681 (27) sec
[652] Ep10000: Max 6458 (131) steps (0.0000 hrs) 0.00:-7982.29 25703 (22) sec
[653] Ep10000: Max 6458 (2097) steps (0.0006 hrs) 0.00:-7982.29 25764 (61) sec
[654] Ep10000: Max 6458 (231) steps (0.0001 hrs) 0.00:-7982.29 25788 (24) sec
[655] Ep10000: Max 6458 (653) steps (0.0002 hrs) 0.00:-7982.29 25811 (23) sec
[656] Ep10000: Max 6458 (2150) steps (0.0006 hrs) 0.00:-7982.29 25865 (54) sec
[657] Ep10000: Max 6458 (2517) steps (0.0007 hrs) 0.00:-7982.29 25929 (64) sec
[658] Ep10000: Max 6458 (2468) steps (0.0007 hrs) 0.00:-7982.29 25990 (61) sec
[659] Ep10000: Max 6458 (465) steps (0.0001 hrs) 0.00:-7982.29 26016 (26) sec
[660] Ep10000: Max 6458 (698) steps (0.0002 hrs) 0.00:-7982.29 26049 (33) sec
[661] Ep10000: Max 6458 (2602) steps (0.0007 hrs) 0.00:-7982.29 26084 (35) sec
[662] Ep10000: Max 6458 (256) steps (0.0001 hrs) 0.00:-7982.29 26107 (23) sec
[663] Ep10000: Max 6458 (2384) steps (0.0007 hrs) 0.00:-7982.29 26171 (64) sec
[664] Ep10000: Max 6458 (775) steps (0.0002 hrs) 0.00:-7982.29 26195 (24) sec
[665] Ep10000: Max 6458 (1922) steps (0.0005 hrs) 0.00:-7982.29 26258 (63) sec
[666] Ep10000: Max 6458 (2246) steps (0.0006 hrs) 0.00:-7982.29 26298 (40) sec
[667] Ep10000: Max 6458 (690) steps (0.0002 hrs) 0.00:-7982.29 26322 (24) sec
[668] Ep10000: Max 6458 (1948) steps (0.0005 hrs) 0.00:-7982.29 26355 (33) sec
[669] Ep10000: Max 6458 (307) steps (0.0001 hrs) 0.00:-7982.29 26378 (23) sec
[670] Ep10000: Max 6458 (2412) steps (0.0007 hrs) 0.00:-7982.29 26423 (45) sec
[671] Ep10000: Max 6458 (1473) steps (0.0004 hrs) 0.00:-7982.29 26447 (24) sec
[672] Ep10000: Max 6458 (137) steps (0.0000 hrs) 0.00:-7982.29 26469 (22) sec
[673] Ep10000: Max 6458 (865) steps (0.0002 hrs) 0.00:-7982.29 26493 (24) sec
[674] Ep10000: Max 6458 (2369) steps (0.0007 hrs) 0.00:-7982.29 26556 (63) sec
[675] Ep10000: Max 6458 (2284) steps (0.0006 hrs) 0.00:-7982.29 26617 (61) sec
[676] Ep10000: Max 6458 (324) steps (0.0001 hrs) 0.00:-7982.29 26641 (24) sec
[677] Ep10000: Max 6458 (217) steps (0.0001 hrs) 0.00:-7982.29 26663 (22) sec
[678] Ep10000: Max 6458 (212) steps (0.0001 hrs) 0.00:-7982.29 26686 (23) sec
[679] Ep10000: Max 6458 (2040) steps (0.0006 hrs) 0.00:-7982.29 26749 (63) sec
[680] Ep10000: Max 6458 (2203) steps (0.0006 hrs) 0.00:-7982.29 26802 (53) sec
[681] Ep10000: Max 6458 (268) steps (0.0001 hrs) 0.00:-7982.29 26826 (24) sec
[682] Ep10000: Max 6458 (741) steps (0.0002 hrs) 0.00:-7982.29 26850 (24) sec
[683] Ep10000: Max 6458 (2417) steps (0.0007 hrs) 0.00:-7982.29 26914 (64) sec
[684] Ep10000: Max 6458 (2218) steps (0.0006 hrs) 0.00:-7982.29 26976 (62) sec
[685] Ep10000: Max 6458 (2464) steps (0.0007 hrs) 0.00:-7982.29 27039 (63) sec
[686] Ep10000: Max 6458 (341) steps (0.0001 hrs) 0.00:-7982.29 27062 (23) sec
[687] Ep10000: Max 6458 (526) steps (0.0001 hrs) 0.00:-7982.29 27085 (23) sec
[688] Ep10000: Max 6458 (257) steps (0.0001 hrs) 0.00:-7982.29 27108 (23) sec
[689] Ep10000: Max 6458 (108) steps (0.0000 hrs) 0.00:-7982.29 27131 (23) sec
[690] Ep10000: Max 6458 (2433) steps (0.0007 hrs) 0.00:-7982.29 27195 (64) sec
[691] Ep10000: Max 6458 (641) steps (0.0002 hrs) 0.00:-7982.29 27218 (23) sec
[692] Ep10000: Max 6458 (250) steps (0.0001 hrs) 0.00:-7982.29 27241 (23) sec
[693] Ep10000: Max 6458 (498) steps (0.0001 hrs) 0.00:-7982.29 27264 (23) sec
[694] Ep10000: Max 6458 (137) steps (0.0000 hrs) 0.00:-7982.29 27287 (23) sec
[695] Ep10000: Max 6458 (1886) steps (0.0005 hrs) 0.00:-7982.29 27349 (62) sec
[696] Ep10000: Max 6458 (2047) steps (0.0006 hrs) 0.00:-7982.29 27411 (62) sec
[697] Ep10000: Max 6458 (2266) steps (0.0006 hrs) 0.00:-7982.29 27461 (50) sec
[698] Ep10000: Max 6458 (133) steps (0.0000 hrs) 0.00:-7982.29 27485 (24) sec
[699] Ep10000: Max 6458 (1418) steps (0.0004 hrs) 0.00:-7982.29 27511 (26) sec
[700] Ep10000: Max 6458 (1892) steps (0.0005 hrs) 0.00:-7982.29 27576 (65) sec
[701] Ep10000: Max 6458 (2840) steps (0.0008 hrs) 0.00:-7982.29 27602 (26) sec
[702] Ep10000: Max 6458 (2818) steps (0.0008 hrs) 0.00:-7982.29 27665 (63) sec
[703] Ep10000: Max 6458 (2500) steps (0.0007 hrs) 0.00:-7982.29 27728 (63) sec
[704] Ep10000: Max 6458 (375) steps (0.0001 hrs) 0.00:-7982.29 27752 (24) sec
[705] Ep10000: Max 6458 (2237) steps (0.0006 hrs) 0.00:-7982.29 27777 (25) sec
[706] Ep10000: Max 6458 (3136) steps (0.0009 hrs) 0.00:-7982.29 27805 (28) sec
[707] Ep10000: Max 6458 (2310) steps (0.0006 hrs) 0.00:-7982.29 27868 (63) sec
[708] Ep10000: Max 6458 (1502) steps (0.0004 hrs) 0.00:-7982.29 27894 (26) sec
[709] Ep10000: Max 6458 (2201) steps (0.0006 hrs) 0.00:-7982.29 27955 (61) sec
[710] Ep10000: Max 6458 (2266) steps (0.0006 hrs) 0.00:-7982.29 27985 (30) sec
[711] Ep10000: Max 6458 (2436) steps (0.0007 hrs) 0.00:-7982.29 28044 (59) sec
[712] Ep10000: Max 6458 (120) steps (0.0000 hrs) 0.00:-7982.29 28067 (23) sec
[713] Ep10000: Max 6458 (1868) steps (0.0005 hrs) 0.00:-7982.29 28129 (62) sec
[714] Ep10000: Max 6458 (1934) steps (0.0005 hrs) 0.00:-7982.29 28189 (60) sec
[715] Ep10000: Max 6458 (392) steps (0.0001 hrs) 0.00:-7982.29 28211 (22) sec
[716] Ep10000: Max 6458 (1872) steps (0.0005 hrs) 0.00:-7982.29 28239 (28) sec
[717] Ep10000: Max 6458 (1326) steps (0.0004 hrs) 0.00:-7982.29 28264 (25) sec
[718] Ep10000: Max 6458 (1678) steps (0.0005 hrs) 0.00:-7982.29 28289 (25) sec
[719] Ep10000: Max 6458 (2205) steps (0.0006 hrs) 0.00:-7982.29 28351 (62) sec
[720] Ep10000: Max 6458 (2756) steps (0.0008 hrs) 0.00:-7982.29 28414 (63) sec
[721] Ep10000: Max 6458 (502) steps (0.0001 hrs) 0.00:-7982.29 28437 (23) sec
[722] Ep10000: Max 6458 (2479) steps (0.0007 hrs) 0.00:-7982.29 28482 (45) sec
[723] Ep10000: Max 6458 (2233) steps (0.0006 hrs) 0.00:-7982.29 28545 (63) sec
[724] Ep10000: Max 6458 (460) steps (0.0001 hrs) 0.00:-7982.29 28568 (23) sec
[725] Ep10000: Max 6458 (291) steps (0.0001 hrs) 0.00:-7982.29 28592 (24) sec
[726] Ep10000: Max 6458 (186) steps (0.0001 hrs) 0.00:-7982.29 28616 (24) sec
[727] Ep10000: Max 6458 (2171) steps (0.0006 hrs) 0.00:-7982.29 28641 (25) sec
[728] Ep10000: Max 6458 (1599) steps (0.0004 hrs) 0.00:-7982.29 28664 (23) sec
[729] Ep10000: Max 6458 (259) steps (0.0001 hrs) 0.00:-7982.29 28687 (23) sec
[730] Ep10000: Max 6458 (490) steps (0.0001 hrs) 0.00:-7982.29 28710 (23) sec
[731] Ep10000: Max 6458 (371) steps (0.0001 hrs) 0.00:-7982.29 28734 (24) sec
[732] Ep10000: Max 6458 (1669) steps (0.0005 hrs) 0.00:-7982.29 28775 (41) sec
[733] Ep10000: Max 6458 (2007) steps (0.0006 hrs) 0.00:-7982.29 28824 (49) sec
[734] Ep10000: Max 6458 (2013) steps (0.0006 hrs) 0.00:-7982.29 28887 (63) sec
[735] Ep10000: Max 6458 (2067) steps (0.0006 hrs) 0.00:-7982.29 28951 (64) sec
[736] Ep10000: Max 6458 (264) steps (0.0001 hrs) 0.00:-7982.29 28975 (24) sec
[737] Ep10000: Max 6458 (1524) steps (0.0004 hrs) 0.00:-7982.29 29000 (25) sec
[738] Ep10000: Max 6458 (232) steps (0.0001 hrs) 0.00:-7982.29 29023 (23) sec
[739] Ep10000: Max 6458 (702) steps (0.0002 hrs) 0.00:-7982.29 29047 (24) sec
[740] Ep10000: Max 6458 (2361) steps (0.0007 hrs) 0.00:-7982.29 29099 (52) sec
[741] Ep10000: Max 6458 (509) steps (0.0001 hrs) 0.00:-7982.29 29122 (23) sec
[742] Ep10000: Max 6458 (108) steps (0.0000 hrs) 0.00:-7982.29 29145 (23) sec
[743] Ep10000: Max 6458 (3619) steps (0.0010 hrs) 0.00:-7982.29 29208 (63) sec
[744] Ep10000: Max 6458 (1904) steps (0.0005 hrs) 0.00:-7982.29 29272 (64) sec
[745] Ep10000: Max 6458 (222) steps (0.0001 hrs) 0.00:-7982.29 29296 (24) sec
[746] Ep10000: Max 6458 (287) steps (0.0001 hrs) 0.00:-7982.29 29318 (22) sec
[747] Ep10000: Max 6458 (1970) steps (0.0005 hrs) 0.00:-7982.29 29361 (43) sec
[748] Ep10000: Max 6458 (714) steps (0.0002 hrs) 0.00:-7982.29 29379 (18) sec
[749] Ep10000: Max 6458 (2148) steps (0.0006 hrs) 0.00:-7982.29 29404 (25) sec
[750] Ep10000: Max 6458 (204) steps (0.0001 hrs) 0.00:-7982.29 29421 (17) sec
[751] Ep10000: Max 6458 (596) steps (0.0002 hrs) 0.00:-7982.29 29439 (18) sec
[752] Ep10000: Max 6458 (774) steps (0.0002 hrs) 0.00:-7982.29 29457 (18) sec
[753] Ep10000: Max 6458 (2022) steps (0.0006 hrs) 0.00:-7982.29 29513 (56) sec
[754] Ep10000: Max 6458 (500) steps (0.0001 hrs) 0.00:-7982.29 29532 (19) sec
[755] Ep10000: Max 6458 (2186) steps (0.0006 hrs) 0.00:-7982.29 29591 (59) sec
[756] Ep10000: Max 6458 (5316) steps (0.0015 hrs) 0.00:-7982.29 29610 (19) sec
[757] Ep10000: Max 6458 (2905) steps (0.0008 hrs) 0.00:-7982.29 29668 (58) sec
[758] Ep10000: Max 6458 (220) steps (0.0001 hrs) 0.00:-7982.29 29686 (18) sec
[759] Ep10000: Max 6458 (594) steps (0.0002 hrs) 0.00:-7982.29 29704 (18) sec
[760] Ep10000: Max 6458 (910) steps (0.0003 hrs) 0.00:-7982.29 29722 (18) sec
[761] Ep10000: Max 6458 (133) steps (0.0000 hrs) 0.00:-7982.29 29740 (18) sec
[762] Ep10000: Max 6458 (1950) steps (0.0005 hrs) 0.00:-7982.29 29793 (53) sec
[763] Ep10000: Max 6458 (2630) steps (0.0007 hrs) 0.00:-7982.29 29842 (49) sec
[764] Ep10000: Max 6458 (1263) steps (0.0004 hrs) 0.00:-7982.29 29861 (19) sec
[765] Ep10000: Max 6458 (2177) steps (0.0006 hrs) 0.00:-7982.29 29918 (57) sec
[766] Ep10000: Max 6458 (1946) steps (0.0005 hrs) 0.00:-7982.29 29953 (35) sec
[767] Ep10000: Max 6458 (296) steps (0.0001 hrs) 0.00:-7982.29 29971 (18) sec
[768] Ep10000: Max 6458 (553) steps (0.0002 hrs) 0.00:-7982.29 29989 (18) sec
[769] Ep10000: Max 6458 (2486) steps (0.0007 hrs) 0.00:-7982.29 30046 (57) sec
[770] Ep10000: Max 6458 (1673) steps (0.0005 hrs) 0.00:-7982.29 30077 (31) sec
[771] Ep10000: Max 6458 (1882) steps (0.0005 hrs) 0.00:-7982.29 30098 (21) sec
[772] Ep10000: Max 6458 (2395) steps (0.0007 hrs) 0.00:-7982.29 30120 (22) sec
[773] Ep10000: Max 6458 (2405) steps (0.0007 hrs) 0.00:-7982.29 30175 (55) sec
[774] Ep10000: Max 6458 (1623) steps (0.0005 hrs) 0.00:-7982.29 30196 (21) sec
[775] Ep10000: Max 6458 (289) steps (0.0001 hrs) 0.00:-7982.29 30214 (18) sec
[776] Ep10000: Max 6458 (1639) steps (0.0005 hrs) 0.00:-7982.29 30247 (33) sec
[777] Ep10000: Max 6458 (1639) steps (0.0005 hrs) 0.00:-7982.29 30274 (27) sec
[778] Ep10000: Max 6458 (138) steps (0.0000 hrs) 0.00:-7982.29 30292 (18) sec
[779] Ep10000: Max 6458 (958) steps (0.0003 hrs) 0.00:-7982.29 30310 (18) sec
[780] Ep10000: Max 6458 (964) steps (0.0003 hrs) 0.00:-7982.29 30329 (19) sec
[781] Ep10000: Max 6458 (1449) steps (0.0004 hrs) 0.00:-7982.29 30349 (20) sec
[782] Ep10000: Max 6458 (1942) steps (0.0005 hrs) 0.00:-7982.29 30375 (26) sec
[783] Ep10000: Max 6458 (223) steps (0.0001 hrs) 0.00:-7982.29 30393 (18) sec
[784] Ep10000: Max 6458 (2069) steps (0.0006 hrs) 0.00:-7982.29 30450 (57) sec
[785] Ep10000: Max 6458 (2532) steps (0.0007 hrs) 0.00:-7982.29 30484 (34) sec
[786] Ep10000: Max 6458 (2381) steps (0.0007 hrs) 0.00:-7982.29 30539 (55) sec
[787] Ep10000: Max 6458 (2095) steps (0.0006 hrs) 0.00:-7982.29 30565 (26) sec
[788] Ep10000: Max 6458 (1926) steps (0.0005 hrs) 0.00:-7982.29 30617 (52) sec
[789] Ep10000: Max 6458 (2070) steps (0.0006 hrs) 0.00:-7982.29 30640 (23) sec
[790] Ep10000: Max 6458 (604) steps (0.0002 hrs) 0.00:-7982.29 30659 (19) sec
[791] Ep10000: Max 6458 (2534) steps (0.0007 hrs) 0.00:-7982.29 30716 (57) sec
[792] Ep10000: Max 6458 (1794) steps (0.0005 hrs) 0.00:-7982.29 30747 (31) sec
[793] Ep10000: Max 6458 (3143) steps (0.0009 hrs) 0.00:-7982.29 30803 (56) sec
[794] Ep10000: Max 6458 (2147) steps (0.0006 hrs) 0.00:-7982.29 30855 (52) sec
[795] Ep10000: Max 6458 (2017) steps (0.0006 hrs) 0.00:-7982.29 30897 (42) sec
[796] Ep10000: Max 6458 (2242) steps (0.0006 hrs) 0.00:-7982.29 30953 (56) sec
[797] Ep10000: Max 6458 (1447) steps (0.0004 hrs) 0.00:-7982.29 30973 (20) sec
[798] Ep10000: Max 6458 (2883) steps (0.0008 hrs) 0.00:-7982.29 31030 (57) sec
[799] Ep10000: Max 6458 (3115) steps (0.0009 hrs) 0.00:-7982.29 31066 (36) sec
[800] Ep10000: Max 6458 (1214) steps (0.0003 hrs) 0.00:-7982.29 31085 (19) sec
[801] Ep10000: Max 6458 (988) steps (0.0003 hrs) 0.00:-7982.29 31103 (18) sec
[802] Ep10000: Max 6458 (447) steps (0.0001 hrs) 0.00:-7982.29 31122 (19) sec
[803] Ep10000: Max 6458 (2063) steps (0.0006 hrs) 0.00:-7982.29 31145 (23) sec
[804] Ep10000: Max 6458 (1706) steps (0.0005 hrs) 0.00:-7982.29 31169 (24) sec
[805] Ep10000: Max 6458 (2959) steps (0.0008 hrs) 0.00:-7982.29 31226 (57) sec
[806] Ep10000: Max 6458 (247) steps (0.0001 hrs) 0.00:-7982.29 31244 (18) sec
[807] Ep10000: Max 6458 (1923) steps (0.0005 hrs) 0.00:-7982.29 31300 (56) sec
[808] Ep10000: Max 6458 (2121) steps (0.0006 hrs) 0.00:-7982.29 31354 (54) sec
[809] Ep10000: Max 6458 (2000) steps (0.0006 hrs) 0.00:-7982.29 31410 (56) sec
[810] Ep10000: Max 6458 (798) steps (0.0002 hrs) 0.00:-7982.29 31428 (18) sec
[811] Ep10000: Max 6458 (1808) steps (0.0005 hrs) 0.00:-7982.29 31454 (26) sec
[812] Ep10000: Max 6458 (717) steps (0.0002 hrs) 0.00:-7982.29 31472 (18) sec
[813] Ep10000: Max 6458 (2337) steps (0.0006 hrs) 0.00:-7982.29 31523 (51) sec
[814] Ep10000: Max 6458 (642) steps (0.0002 hrs) 0.00:-7982.29 31542 (19) sec
[815] Ep10000: Max 6458 (1985) steps (0.0006 hrs) 0.00:-7982.29 31563 (21) sec
[816] Ep10000: Max 6458 (2385) steps (0.0007 hrs) 0.00:-7982.29 31619 (56) sec
[817] Ep10000: Max 6458 (2706) steps (0.0008 hrs) 0.00:-7982.29 31676 (57) sec
[818] Ep10000: Max 6458 (302) steps (0.0001 hrs) 0.00:-7982.29 31694 (18) sec
[819] Ep10000: Max 6458 (1630) steps (0.0005 hrs) 0.00:-7982.29 31712 (18) sec
[820] Ep10000: Max 6458 (307) steps (0.0001 hrs) 0.00:-7982.29 31730 (18) sec
[821] Ep10000: Max 6458 (392) steps (0.0001 hrs) 0.00:-7982.29 31748 (18) sec
[822] Ep10000: Max 6458 (281) steps (0.0001 hrs) 0.00:-7982.29 31766 (18) sec
[823] Ep10000: Max 6458 (286) steps (0.0001 hrs) 0.00:-7982.29 31784 (18) sec
[824] Ep10000: Max 6458 (2615) steps (0.0007 hrs) 0.00:-7982.29 31805 (21) sec
[825] Ep10000: Max 6458 (1131) steps (0.0003 hrs) 0.00:-7982.29 31823 (18) sec
[826] Ep10000: Max 6458 (1944) steps (0.0005 hrs) 0.00:-7982.29 31863 (40) sec
[827] Ep10000: Max 6458 (346) steps (0.0001 hrs) 0.00:-7982.29 31881 (18) sec
[828] Ep10000: Max 6458 (215) steps (0.0001 hrs) 0.00:-7982.29 31899 (18) sec
[829] Ep10000: Max 6458 (2397) steps (0.0007 hrs) 0.00:-7982.29 31928 (29) sec
[830] Ep10000: Max 6458 (2822) steps (0.0008 hrs) 0.00:-7982.29 31949 (21) sec
[831] Ep10000: Max 6458 (2188) steps (0.0006 hrs) 0.00:-7982.29 32006 (57) sec
[832] Ep10000: Max 6458 (2176) steps (0.0006 hrs) 0.00:-7982.29 32041 (35) sec
[833] Ep10000: Max 6458 (2170) steps (0.0006 hrs) 0.00:-7982.29 32098 (57) sec
[834] Ep10000: Max 6458 (1409) steps (0.0004 hrs) 0.00:-7982.29 32121 (23) sec
[835] Ep10000: Max 6458 (2296) steps (0.0006 hrs) 0.00:-7982.29 32177 (56) sec
[836] Ep10000: Max 6458 (820) steps (0.0002 hrs) 0.00:-7982.29 32195 (18) sec
[837] Ep10000: Max 6458 (439) steps (0.0001 hrs) 0.00:-7982.29 32213 (18) sec
[838] Ep10000: Max 6458 (606) steps (0.0002 hrs) 0.00:-7982.29 32231 (18) sec
[839] Ep10000: Max 6458 (1323) steps (0.0004 hrs) 0.00:-7982.29 32250 (19) sec
[840] Ep10000: Max 6458 (5465) steps (0.0015 hrs) 0.00:-7982.29 32313 (63) sec
[841] Ep10000: Max 6458 (1894) steps (0.0005 hrs) 0.00:-7982.29 32338 (25) sec
[842] Ep10000: Max 6458 (456) steps (0.0001 hrs) 0.00:-7982.29 32356 (18) sec
[843] Ep10000: Max 6458 (2025) steps (0.0006 hrs) 0.00:-7982.29 32412 (56) sec
[844] Ep10000: Max 6458 (2022) steps (0.0006 hrs) 0.00:-7982.29 32468 (56) sec
[845] Ep10000: Max 6458 (532) steps (0.0001 hrs) 0.00:-7982.29 32486 (18) sec
[846] Ep10000: Max 6458 (2244) steps (0.0006 hrs) 0.00:-7982.29 32539 (53) sec
[847] Ep10000: Max 6458 (666) steps (0.0002 hrs) 0.00:-7982.29 32557 (18) sec
[848] Ep10000: Max 6458 (316) steps (0.0001 hrs) 0.00:-7982.29 32575 (18) sec
[849] Ep10000: Max 6458 (2100) steps (0.0006 hrs) 0.00:-7982.29 32627 (52) sec
[850] Ep10000: Max 6458 (111) steps (0.0000 hrs) 0.00:-7982.29 32645 (18) sec
[851] Ep10000: Max 6458 (2056) steps (0.0006 hrs) 0.00:-7982.29 32676 (31) sec
[852] Ep10000: Max 6458 (322) steps (0.0001 hrs) 0.00:-7982.29 32694 (18) sec
[853] Ep10000: Max 6458 (458) steps (0.0001 hrs) 0.00:-7982.29 32712 (18) sec
[854] Ep10000: Max 6458 (113) steps (0.0000 hrs) 0.00:-7982.29 32729 (17) sec
[855] Ep10000: Max 6458 (1862) steps (0.0005 hrs) 0.00:-7982.29 32770 (41) sec
[856] Ep10000: Max 6458 (2635) steps (0.0007 hrs) 0.00:-7982.29 32825 (55) sec
[857] Ep10000: Max 6458 (1880) steps (0.0005 hrs) 0.00:-7982.29 32867 (42) sec
[858] Ep10000: Max 6458 (2574) steps (0.0007 hrs) 0.00:-7982.29 32907 (40) sec
[859] Ep10000: Max 6458 (1116) steps (0.0003 hrs) 0.00:-7982.29 32924 (17) sec
[860] Ep10000: Max 6458 (2069) steps (0.0006 hrs) 0.00:-7982.29 32979 (55) sec
[861] Ep10000: Max 6458 (2108) steps (0.0006 hrs) 0.00:-7982.29 33037 (58) sec
[862] Ep10000: Max 6458 (1383) steps (0.0004 hrs) 0.00:-7982.29 33057 (20) sec
[863] Ep10000: Max 6458 (118) steps (0.0000 hrs) 0.00:-7982.29 33075 (18) sec
[864] Ep10000: Max 6458 (2945) steps (0.0008 hrs) 0.00:-7982.29 33104 (29) sec
[865] Ep10000: Max 6458 (1848) steps (0.0005 hrs) 0.00:-7982.29 33129 (25) sec
[866] Ep10000: Max 6458 (2382) steps (0.0007 hrs) 0.00:-7982.29 33179 (50) sec
[867] Ep10000: Max 6458 (2434) steps (0.0007 hrs) 0.00:-7982.29 33237 (58) sec
[868] Ep10000: Max 6458 (2776) steps (0.0008 hrs) 0.00:-7982.29 33293 (56) sec
[869] Ep10000: Max 6458 (232) steps (0.0001 hrs) 0.00:-7982.29 33311 (18) sec
[870] Ep10000: Max 6458 (230) steps (0.0001 hrs) 0.00:-7982.29 33328 (17) sec
[871] Ep10000: Max 6458 (1439) steps (0.0004 hrs) 0.00:-7982.29 33347 (19) sec
[872] Ep10000: Max 6458 (572) steps (0.0002 hrs) 0.00:-7982.29 33365 (18) sec
[873] Ep10000: Max 6458 (2123) steps (0.0006 hrs) 0.00:-7982.29 33415 (50) sec
[874] Ep10000: Max 6458 (2274) steps (0.0006 hrs) 0.00:-7982.29 33434 (19) sec
[875] Ep10000: Max 6458 (2183) steps (0.0006 hrs) 0.00:-7982.29 33485 (51) sec
[876] Ep10000: Max 6458 (2104) steps (0.0006 hrs) 0.00:-7982.29 33504 (19) sec
[877] Ep10000: Max 6458 (127) steps (0.0000 hrs) 0.00:-7982.29 33522 (18) sec
[878] Ep10000: Max 6458 (2349) steps (0.0007 hrs) 0.00:-7982.29 33554 (32) sec
[879] Ep10000: Max 6458 (2252) steps (0.0006 hrs) 0.00:-7982.29 33610 (56) sec
[880] Ep10000: Max 6458 (1945) steps (0.0005 hrs) 0.00:-7982.29 33643 (33) sec
[881] Ep10000: Max 6458 (192) steps (0.0001 hrs) 0.00:-7982.29 33661 (18) sec
[882] Ep10000: Max 6458 (2632) steps (0.0007 hrs) 0.00:-7982.29 33719 (58) sec
[883] Ep10000: Max 6458 (2621) steps (0.0007 hrs) 0.00:-7982.29 33760 (41) sec
[884] Ep10000: Max 6458 (2404) steps (0.0007 hrs) 0.00:-7982.29 33814 (54) sec
[885] Ep10000: Max 6458 (430) steps (0.0001 hrs) 0.00:-7982.29 33831 (17) sec
[886] Ep10000: Max 6458 (312) steps (0.0001 hrs) 0.00:-7982.29 33850 (19) sec
[887] Ep10000: Max 6458 (2156) steps (0.0006 hrs) 0.00:-7982.29 33901 (51) sec
[888] Ep10000: Max 6458 (117) steps (0.0000 hrs) 0.00:-7982.29 33919 (18) sec
[889] Ep10000: Max 6458 (701) steps (0.0002 hrs) 0.00:-7982.29 33937 (18) sec
[890] Ep10000: Max 6458 (2063) steps (0.0006 hrs) 0.00:-7982.29 33973 (36) sec
[891] Ep10000: Max 6458 (217) steps (0.0001 hrs) 0.00:-7982.29 33991 (18) sec
[892] Ep10000: Max 6458 (547) steps (0.0002 hrs) 0.00:-7982.29 34009 (18) sec
[893] Ep10000: Max 6458 (2825) steps (0.0008 hrs) 0.00:-7982.29 34059 (50) sec
[894] Ep10000: Max 6458 (265) steps (0.0001 hrs) 0.00:-7982.29 34077 (18) sec
[895] Ep10000: Max 6458 (2003) steps (0.0006 hrs) 0.00:-7982.29 34102 (25) sec
[896] Ep10000: Max 6458 (2062) steps (0.0006 hrs) 0.00:-7982.29 34152 (50) sec
[897] Ep10000: Max 6458 (2159) steps (0.0006 hrs) 0.00:-7982.29 34182 (30) sec
[898] Ep10000: Max 6458 (190) steps (0.0001 hrs) 0.00:-7982.29 34200 (18) sec
[899] Ep10000: Max 6458 (2303) steps (0.0006 hrs) 0.00:-7982.29 34257 (57) sec
[900] Ep10000: Max 6458 (2109) steps (0.0006 hrs) 0.00:-7982.29 34287 (30) sec
[901] Ep10000: Max 6458 (309) steps (0.0001 hrs) 0.00:-7982.29 34305 (18) sec
[902] Ep10000: Max 6458 (1745) steps (0.0005 hrs) 0.00:-7982.29 34329 (24) sec
[903] Ep10000: Max 6458 (2375) steps (0.0007 hrs) 0.00:-7982.29 34385 (56) sec
[904] Ep10000: Max 6458 (780) steps (0.0002 hrs) 0.00:-7982.29 34404 (19) sec
[905] Ep10000: Max 6458 (164) steps (0.0000 hrs) 0.00:-7982.29 34421 (17) sec
[906] Ep10000: Max 6458 (1851) steps (0.0005 hrs) 0.00:-7982.29 34465 (44) sec
[907] Ep10000: Max 6458 (2135) steps (0.0006 hrs) 0.00:-7982.29 34521 (56) sec
[908] Ep10000: Max 6458 (2006) steps (0.0006 hrs) 0.00:-7982.29 34578 (57) sec
[909] Ep10000: Max 6458 (2548) steps (0.0007 hrs) 0.00:-7982.29 34625 (47) sec
[910] Ep10000: Max 6458 (289) steps (0.0001 hrs) 0.00:-7982.29 34643 (18) sec
[911] Ep10000: Max 6458 (2859) steps (0.0008 hrs) 0.00:-7982.29 34699 (56) sec
[912] Ep10000: Max 6458 (1964) steps (0.0005 hrs) 0.00:-7982.29 34752 (53) sec
[913] Ep10000: Max 6458 (2030) steps (0.0006 hrs) 0.00:-7982.29 34800 (48) sec
[914] Ep10000: Max 6458 (1958) steps (0.0005 hrs) 0.00:-7982.29 34819 (19) sec
[915] Ep10000: Max 6458 (737) steps (0.0002 hrs) 0.00:-7982.29 34837 (18) sec
[916] Ep10000: Max 6458 (2191) steps (0.0006 hrs) 0.00:-7982.29 34864 (27) sec
[917] Ep10000: Max 6458 (230) steps (0.0001 hrs) 0.00:-7982.29 34881 (17) sec
[918] Ep10000: Max 6458 (311) steps (0.0001 hrs) 0.00:-7982.29 34899 (18) sec
[919] Ep10000: Max 6458 (2091) steps (0.0006 hrs) 0.00:-7982.29 34952 (53) sec
[920] Ep10000: Max 6458 (283) steps (0.0001 hrs) 0.00:-7982.29 34969 (17) sec
[921] Ep10000: Max 6458 (1913) steps (0.0005 hrs) 0.00:-7982.29 35025 (56) sec
[922] Ep10000: Max 6458 (1850) steps (0.0005 hrs) 0.00:-7982.29 35049 (24) sec
[923] Ep10000: Max 6458 (1374) steps (0.0004 hrs) 0.00:-7982.29 35067 (18) sec
[924] Ep10000: Max 6458 (108) steps (0.0000 hrs) 0.00:-7982.29 35084 (17) sec
[925] Ep10000: Max 6458 (214) steps (0.0001 hrs) 0.00:-7982.29 35102 (18) sec
[926] Ep10000: Max 6458 (585) steps (0.0002 hrs) 0.00:-7982.29 35121 (19) sec
[927] Ep10000: Max 6458 (2059) steps (0.0006 hrs) 0.00:-7982.29 35177 (56) sec
[928] Ep10000: Max 6458 (2179) steps (0.0006 hrs) 0.00:-7982.29 35232 (55) sec
[929] Ep10000: Max 6458 (2892) steps (0.0008 hrs) 0.00:-7982.29 35274 (42) sec
[930] Ep10000: Max 6458 (1990) steps (0.0006 hrs) 0.00:-7982.29 35329 (55) sec
[931] Ep10000: Max 6458 (382) steps (0.0001 hrs) 0.00:-7982.29 35347 (18) sec
[932] Ep10000: Max 6458 (2068) steps (0.0006 hrs) 0.00:-7982.29 35401 (54) sec
[933] Ep10000: Max 6458 (1981) steps (0.0006 hrs) 0.00:-7982.29 35426 (25) sec
[934] Ep10000: Max 6458 (2221) steps (0.0006 hrs) 0.00:-7982.29 35462 (36) sec
[935] Ep10000: Max 6458 (624) steps (0.0002 hrs) 0.00:-7982.29 35480 (18) sec
[936] Ep10000: Max 6458 (2364) steps (0.0007 hrs) 0.00:-7982.29 35535 (55) sec
[937] Ep10000: Max 6458 (2378) steps (0.0007 hrs) 0.00:-7982.29 35591 (56) sec
[938] Ep10000: Max 6458 (1417) steps (0.0004 hrs) 0.00:-7982.29 35609 (18) sec
[939] Ep10000: Max 6458 (213) steps (0.0001 hrs) 0.00:-7982.29 35627 (18) sec
[940] Ep10000: Max 6458 (1684) steps (0.0005 hrs) 0.00:-7982.29 35645 (18) sec
[941] Ep10000: Max 6458 (2353) steps (0.0007 hrs) 0.00:-7982.29 35697 (52) sec
[942] Ep10000: Max 6458 (423) steps (0.0001 hrs) 0.00:-7982.29 35715 (18) sec
[943] Ep10000: Max 6458 (2348) steps (0.0007 hrs) 0.00:-7982.29 35770 (55) sec
[944] Ep10000: Max 6458 (2403) steps (0.0007 hrs) 0.00:-7982.29 35826 (56) sec
[945] Ep10000: Max 6458 (2087) steps (0.0006 hrs) 0.00:-7982.29 35865 (39) sec
[946] Ep10000: Max 6458 (666) steps (0.0002 hrs) 0.00:-7982.29 35883 (18) sec
[947] Ep10000: Max 6458 (2090) steps (0.0006 hrs) 0.00:-7982.29 35938 (55) sec
[948] Ep10000: Max 6458 (283) steps (0.0001 hrs) 0.00:-7982.29 35958 (20) sec
[949] Ep10000: Max 6458 (3538) steps (0.0010 hrs) 0.00:-7982.29 36015 (57) sec
[950] Ep10000: Max 6458 (1688) steps (0.0005 hrs) 0.00:-7982.29 36041 (26) sec
[951] Ep10000: Max 6458 (2530) steps (0.0007 hrs) 0.00:-7982.29 36096 (55) sec
[952] Ep10000: Max 6458 (1195) steps (0.0003 hrs) 0.00:-7982.29 36115 (19) sec
[953] Ep10000: Max 6458 (2672) steps (0.0007 hrs) 0.00:-7982.29 36167 (52) sec
[954] Ep10000: Max 6458 (1532) steps (0.0004 hrs) 0.00:-7982.29 36189 (22) sec
[955] Ep10000: Max 6458 (2004) steps (0.0006 hrs) 0.00:-7982.29 36244 (55) sec
[956] Ep10000: Max 6458 (1943) steps (0.0005 hrs) 0.00:-7982.29 36299 (55) sec
[957] Ep10000: Max 6458 (1983) steps (0.0006 hrs) 0.00:-7982.29 36356 (57) sec
[958] Ep10000: Max 6458 (977) steps (0.0003 hrs) 0.00:-7982.29 36375 (19) sec
[959] Ep10000: Max 6458 (454) steps (0.0001 hrs) 0.00:-7982.29 36393 (18) sec
[960] Ep10000: Max 6458 (2310) steps (0.0006 hrs) 0.00:-7982.29 36452 (59) sec
[961] Ep10000: Max 6458 (254) steps (0.0001 hrs) 0.00:-7982.29 36469 (17) sec
[962] Ep10000: Max 6458 (2268) steps (0.0006 hrs) 0.00:-7982.29 36526 (57) sec
[963] Ep10000: Max 6458 (1874) steps (0.0005 hrs) 0.00:-7982.29 36556 (30) sec
[964] Ep10000: Max 6458 (2164) steps (0.0006 hrs) 0.00:-7982.29 36612 (56) sec
[965] Ep10000: Max 6458 (1989) steps (0.0006 hrs) 0.00:-7982.29 36671 (59) sec
[966] Ep10000: Max 6458 (2225) steps (0.0006 hrs) 0.00:-7982.29 36731 (60) sec
[967] Ep10000: Max 6458 (4500) steps (0.0013 hrs) 0.00:-7982.29 36756 (25) sec
[968] Ep10000: Max 6458 (2805) steps (0.0008 hrs) 0.00:-7982.29 36809 (53) sec
[969] Ep10000: Max 6458 (133) steps (0.0000 hrs) 0.00:-7982.29 36828 (19) sec
[970] Ep10000: Max 6458 (1021) steps (0.0003 hrs) 0.00:-7982.29 36847 (19) sec
[971] Ep10000: Max 6458 (376) steps (0.0001 hrs) 0.00:-7982.29 36866 (19) sec
[972] Ep10000: Max 6458 (1242) steps (0.0003 hrs) 0.00:-7982.29 36884 (18) sec
[973] Ep10000: Max 6458 (2263) steps (0.0006 hrs) 0.00:-7982.29 36935 (51) sec
[974] Ep10000: Max 6458 (759) steps (0.0002 hrs) 0.00:-7982.29 36953 (18) sec
[975] Ep10000: Max 6458 (1769) steps (0.0005 hrs) 0.00:-7982.29 37009 (56) sec
[976] Ep10000: Max 6458 (1411) steps (0.0004 hrs) 0.00:-7982.29 37029 (20) sec
[977] Ep10000: Max 6458 (445) steps (0.0001 hrs) 0.00:-7982.29 37048 (19) sec
[978] Ep10000: Max 6458 (685) steps (0.0002 hrs) 0.00:-7982.29 37066 (18) sec
[979] Ep10000: Max 6458 (1365) steps (0.0004 hrs) 0.00:-7982.29 37086 (20) sec
[980] Ep10000: Max 6458 (2084) steps (0.0006 hrs) 0.00:-7982.29 37147 (61) sec
[981] Ep10000: Max 6458 (2455) steps (0.0007 hrs) 0.00:-7982.29 37203 (56) sec
[982] Ep10000: Max 6458 (2626) steps (0.0007 hrs) 0.00:-7982.29 37331 (128) sec
[983] Ep10000: Max 6458 (181) steps (0.0001 hrs) 0.00:-7982.29 37385 (54) sec
[984] Ep10000: Max 6458 (1611) steps (0.0004 hrs) 0.00:-7982.29 37406 (21) sec
[985] Ep10000: Max 6458 (760) steps (0.0002 hrs) 0.00:-7982.29 37424 (18) sec
[986] Ep10000: Max 6458 (2273) steps (0.0006 hrs) 0.00:-7982.29 37445 (21) sec
[987] Ep10000: Max 6458 (437) steps (0.0001 hrs) 0.00:-7982.29 37463 (18) sec
[988] Ep10000: Max 6458 (1003) steps (0.0003 hrs) 0.00:-7982.29 37481 (18) sec
[989] Ep10000: Max 6458 (2379) steps (0.0007 hrs) 0.00:-7982.29 37538 (57) sec
[990] Ep10000: Max 6458 (413) steps (0.0001 hrs) 0.00:-7982.29 37555 (17) sec
[991] Ep10000: Max 6458 (575) steps (0.0002 hrs) 0.00:-7982.29 37573 (18) sec
[992] Ep10000: Max 6458 (2113) steps (0.0006 hrs) 0.00:-7982.29 37629 (56) sec
[993] Ep10000: Max 6458 (142) steps (0.0000 hrs) 0.00:-7982.29 37647 (18) sec
[994] Ep10000: Max 6458 (2044) steps (0.0006 hrs) 0.00:-7982.29 37693 (46) sec
[995] Ep10000: Max 6458 (1354) steps (0.0004 hrs) 0.00:-7982.29 37708 (15) sec
[996] Ep10000: Max 6458 (247) steps (0.0001 hrs) 0.00:-7982.29 37723 (15) sec
[997] Ep10000: Max 6458 (1289) steps (0.0004 hrs) 0.00:-7982.29 37738 (15) sec
[998] Ep10000: Max 6458 (1919) steps (0.0005 hrs) 0.00:-7982.29 37769 (31) sec
[999] Ep10000: Max 6458 (262) steps (0.0001 hrs) 0.00:-7982.29 37783 (14) sec
[1000] Ep10000: Max 6458 (1128) steps (0.0003 hrs) 0.00:-7982.29 37799 (16) sec
Total Elapsed time: 37799 seconds
Wrote current data to latest.train
