balanced 0 test_flag 0
[1] Max 2289 (2289) steps (0.0006 hrs) 0.00:-8013.68 55 (55) sec
[2] Max 2289 (445) steps (0.0001 hrs) 0.00:-8013.19 80 (25) sec
[3] Max 2289 (1869) steps (0.0005 hrs) 0.00:-8013.19 117 (37) sec
[4] Max 2289 (1834) steps (0.0005 hrs) 0.00:-8013.19 145 (28) sec
[5] Max 2773 (2773) steps (0.0008 hrs) 0.00:-8013.19 200 (55) sec
[6] Max 3066 (3066) steps (0.0009 hrs) 0.00:-8013.19 237 (37) sec
[7] Max 3066 (1598) steps (0.0004 hrs) 0.00:-8013.19 263 (26) sec
[8] Max 3066 (2442) steps (0.0007 hrs) 0.00:-8013.19 318 (55) sec
[9] Max 3066 (1941) steps (0.0005 hrs) 0.00:-8013.19 343 (25) sec
[10] Max 3066 (463) steps (0.0001 hrs) 0.00:-8013.19 367 (24) sec
[11] Max 3066 (2443) steps (0.0007 hrs) 0.00:-8013.19 397 (30) sec
[12] Max 3744 (3744) steps (0.0010 hrs) 0.00:-8013.19 443 (46) sec
[13] Max 3744 (2396) steps (0.0007 hrs) 0.00:-8013.19 493 (50) sec
[14] Max 3744 (1852) steps (0.0005 hrs) 0.00:-8013.19 517 (24) sec
[15] Max 3744 (770) steps (0.0002 hrs) 0.00:-8013.19 541 (24) sec
[16] Max 3744 (2296) steps (0.0006 hrs) 0.00:-8013.19 596 (55) sec
[17] Max 3744 (1785) steps (0.0005 hrs) 0.00:-8013.19 624 (28) sec
[18] Max 3744 (1250) steps (0.0003 hrs) 0.00:-8013.19 647 (23) sec
[19] Max 3744 (2828) steps (0.0008 hrs) 0.00:-8013.19 675 (28) sec
[20] Max 3744 (184) steps (0.0001 hrs) 0.00:-8013.19 698 (23) sec
[21] Max 3744 (569) steps (0.0002 hrs) 0.00:-8013.19 722 (24) sec
[22] Max 3744 (2272) steps (0.0006 hrs) 0.00:-8013.19 768 (46) sec
[23] Max 3744 (1979) steps (0.0005 hrs) 0.00:-8013.19 822 (54) sec
[24] Max 3744 (2546) steps (0.0007 hrs) 0.00:-8013.19 884 (62) sec
[25] Max 4668 (4668) steps (0.0013 hrs) 0.00:-8013.19 923 (39) sec
[26] Max 4668 (2071) steps (0.0006 hrs) 0.00:-8013.19 966 (43) sec
[27] Max 4668 (178) steps (0.0000 hrs) 0.00:-8013.19 990 (24) sec
[28] Max 4668 (1305) steps (0.0004 hrs) 0.00:-8013.19 1014 (24) sec
[29] Max 4668 (639) steps (0.0002 hrs) 0.00:-8013.19 1038 (24) sec
[30] Max 4668 (2110) steps (0.0006 hrs) 0.00:-8013.19 1061 (23) sec
[31] Max 4668 (342) steps (0.0001 hrs) 0.00:-8013.19 1085 (24) sec
[32] Max 4668 (2373) steps (0.0007 hrs) 0.00:-8013.19 1142 (57) sec
[33] Max 4668 (2071) steps (0.0006 hrs) 0.00:-8013.19 1192 (50) sec
[34] Max 4668 (1022) steps (0.0003 hrs) 0.00:-8013.19 1215 (23) sec
[35] Max 4668 (917) steps (0.0003 hrs) 0.00:-8013.19 1239 (24) sec
[36] Max 4668 (2422) steps (0.0007 hrs) 0.00:-8013.19 1284 (45) sec
[37] Max 4668 (1343) steps (0.0004 hrs) 0.00:-8013.19 1308 (24) sec
[38] Max 4668 (2421) steps (0.0007 hrs) 0.00:-8013.19 1364 (56) sec
[39] Max 4668 (2235) steps (0.0006 hrs) 0.00:-8013.19 1415 (51) sec
[40] Max 4668 (1876) steps (0.0005 hrs) 0.00:-8013.19 1453 (38) sec
[41] Max 4668 (932) steps (0.0003 hrs) 0.00:-8013.19 1477 (24) sec
[42] Max 4668 (2133) steps (0.0006 hrs) 0.00:-8013.19 1531 (54) sec
[43] Max 4668 (980) steps (0.0003 hrs) 0.00:-8013.19 1556 (25) sec
[44] Max 4668 (750) steps (0.0002 hrs) 0.00:-8013.19 1580 (24) sec
[45] Max 4668 (2498) steps (0.0007 hrs) 0.00:-8013.19 1635 (55) sec
[46] Max 4668 (2826) steps (0.0008 hrs) 0.00:-8013.19 1678 (43) sec
[47] Max 4668 (1015) steps (0.0003 hrs) 0.00:-8013.19 1702 (24) sec
[48] Max 4668 (3136) steps (0.0009 hrs) 0.00:-8013.19 1751 (49) sec
[49] Max 4668 (3220) steps (0.0009 hrs) 0.00:-8013.19 1808 (57) sec
[50] Max 4668 (460) steps (0.0001 hrs) 0.00:-8013.19 1832 (24) sec
[51] Max 4668 (257) steps (0.0001 hrs) 0.00:-8013.19 1856 (24) sec
[52] Max 4668 (3203) steps (0.0009 hrs) 0.00:-8013.19 1912 (56) sec
[53] Max 4668 (982) steps (0.0003 hrs) 0.00:-8013.19 1936 (24) sec
[54] Max 4668 (1977) steps (0.0005 hrs) 0.00:-8013.19 1987 (51) sec
[55] Max 4668 (1550) steps (0.0004 hrs) 0.00:-8013.19 2013 (26) sec
[56] Max 4668 (1555) steps (0.0004 hrs) 0.00:-8013.19 2038 (25) sec
[57] Max 4668 (2019) steps (0.0006 hrs) 0.00:-8013.19 2081 (43) sec
[58] Max 4668 (2198) steps (0.0006 hrs) 0.00:-8013.19 2121 (40) sec
[59] Max 4668 (3363) steps (0.0009 hrs) 0.00:-8013.19 2177 (56) sec
[60] Max 4668 (1558) steps (0.0004 hrs) 0.00:-8013.19 2200 (23) sec
[61] Max 4668 (2372) steps (0.0007 hrs) 0.00:-8013.19 2252 (52) sec
[62] Max 4668 (1056) steps (0.0003 hrs) 0.00:-8013.19 2275 (23) sec
[63] Max 4668 (1552) steps (0.0004 hrs) 0.00:-8013.19 2302 (27) sec
[64] Max 4668 (450) steps (0.0001 hrs) 0.00:-8013.19 2325 (23) sec
[65] Max 4668 (693) steps (0.0002 hrs) 0.00:-8013.19 2349 (24) sec
[66] Max 4668 (2990) steps (0.0008 hrs) 0.00:-8013.19 2373 (24) sec
[67] Max 4668 (1760) steps (0.0005 hrs) 0.00:-8013.19 2431 (58) sec
[68] Max 4668 (537) steps (0.0001 hrs) 0.00:-8013.19 2454 (23) sec
[69] Max 4668 (840) steps (0.0002 hrs) 0.00:-8013.19 2478 (24) sec
[70] Max 4668 (1550) steps (0.0004 hrs) 0.00:-8013.19 2501 (23) sec
[71] Max 4668 (213) steps (0.0001 hrs) 0.00:-8013.19 2524 (23) sec
[72] Max 4668 (1576) steps (0.0004 hrs) 0.00:-8013.19 2548 (24) sec
[73] Max 4668 (2292) steps (0.0006 hrs) 0.00:-8013.19 2571 (23) sec
[74] Max 4668 (1620) steps (0.0005 hrs) 0.00:-8013.19 2597 (26) sec
[75] Max 4668 (1711) steps (0.0005 hrs) 0.00:-8013.19 2624 (27) sec
[76] Max 4668 (418) steps (0.0001 hrs) 0.00:-8013.19 2648 (24) sec
[77] Max 4668 (1609) steps (0.0004 hrs) 0.00:-8013.19 2672 (24) sec
[78] Max 4668 (2246) steps (0.0006 hrs) 0.00:-8013.19 2722 (50) sec
[79] Max 4668 (2117) steps (0.0006 hrs) 0.00:-8013.19 2746 (24) sec
[80] Max 4668 (983) steps (0.0003 hrs) 0.00:-8013.19 2769 (23) sec
[81] Max 4668 (2279) steps (0.0006 hrs) 0.00:-8013.19 2824 (55) sec
[82] Max 4668 (2112) steps (0.0006 hrs) 0.00:-8013.19 2857 (33) sec
[83] Max 4668 (597) steps (0.0002 hrs) 0.00:-8013.19 2881 (24) sec
[84] Max 4668 (2230) steps (0.0006 hrs) 0.00:-8013.19 2917 (36) sec
[85] Max 4668 (1502) steps (0.0004 hrs) 0.00:-8013.19 2940 (23) sec
[86] Max 4668 (1192) steps (0.0003 hrs) 0.00:-8013.19 2964 (24) sec
[87] Max 4668 (166) steps (0.0000 hrs) 0.00:-8013.19 2987 (23) sec
[88] Max 4668 (175) steps (0.0000 hrs) 0.00:-8013.19 3011 (24) sec
[89] Max 4668 (307) steps (0.0001 hrs) 0.00:-8013.19 3035 (24) sec
[90] Max 4668 (2241) steps (0.0006 hrs) 0.00:-8013.19 3088 (53) sec
[91] Max 4668 (1250) steps (0.0003 hrs) 0.00:-8013.19 3112 (24) sec
[92] Max 4668 (1287) steps (0.0004 hrs) 0.00:-8013.19 3140 (28) sec
[93] Max 4668 (1505) steps (0.0004 hrs) 0.00:-8013.19 3165 (25) sec
[94] Max 4668 (1725) steps (0.0005 hrs) 0.00:-8013.19 3201 (36) sec
[95] Max 4668 (1373) steps (0.0004 hrs) 0.00:-8013.19 3225 (24) sec
[96] Max 4668 (3400) steps (0.0009 hrs) 0.00:-8013.19 3258 (33) sec
[97] Max 4668 (350) steps (0.0001 hrs) 0.00:-8013.19 3281 (23) sec
[98] Max 4668 (1159) steps (0.0003 hrs) 0.00:-8013.19 3305 (24) sec
[99] Max 4668 (1174) steps (0.0003 hrs) 0.00:-8013.19 3329 (24) sec
[100] Max 4668 (167) steps (0.0000 hrs) 0.00:-8013.19 3352 (23) sec
[101] Max 4668 (2387) steps (0.0007 hrs) 0.00:-8013.19 3409 (57) sec
[102] Max 4668 (2019) steps (0.0006 hrs) 0.00:-8013.19 3462 (53) sec
[103] Max 4668 (1734) steps (0.0005 hrs) 0.00:-8013.19 3487 (25) sec
[104] Max 4668 (1363) steps (0.0004 hrs) 0.00:-8013.19 3510 (23) sec
[105] Max 4668 (1066) steps (0.0003 hrs) 0.00:-8013.19 3535 (25) sec
[106] Max 4668 (241) steps (0.0001 hrs) 0.00:-8013.19 3559 (24) sec
[107] Max 4668 (1042) steps (0.0003 hrs) 0.00:-8013.19 3583 (24) sec
[108] Max 4668 (689) steps (0.0002 hrs) 0.00:-8013.19 3607 (24) sec
[109] Max 4668 (292) steps (0.0001 hrs) 0.00:-8013.19 3630 (23) sec
[110] Max 4668 (2012) steps (0.0006 hrs) 0.00:-8013.19 3676 (46) sec
[111] Max 4668 (2041) steps (0.0006 hrs) 0.00:-8013.19 3703 (27) sec
[112] Max 4668 (989) steps (0.0003 hrs) 0.00:-8013.19 3726 (23) sec
[113] Max 4668 (2311) steps (0.0006 hrs) 0.00:-8013.19 3781 (55) sec
[114] Max 4668 (998) steps (0.0003 hrs) 0.00:-8013.19 3804 (23) sec
[115] Max 4668 (1524) steps (0.0004 hrs) 0.00:-8013.19 3829 (25) sec
[116] Max 4668 (222) steps (0.0001 hrs) 0.00:-8013.19 3852 (23) sec
[117] Max 4668 (1198) steps (0.0003 hrs) 0.00:-8013.19 3876 (24) sec
[118] Max 4668 (2055) steps (0.0006 hrs) 0.00:-8013.19 3900 (24) sec
[119] Max 4668 (2359) steps (0.0007 hrs) 0.00:-8013.19 3956 (56) sec
[120] Max 4668 (1794) steps (0.0005 hrs) 0.00:-8013.19 3992 (36) sec
[121] Max 4668 (1026) steps (0.0003 hrs) 0.00:-8013.19 4017 (25) sec
[122] Max 4668 (278) steps (0.0001 hrs) 0.00:-8013.19 4041 (24) sec
[123] Max 4668 (2209) steps (0.0006 hrs) 0.00:-8013.19 4096 (55) sec
[124] Max 4668 (1773) steps (0.0005 hrs) 0.00:-8013.19 4121 (25) sec
[125] Max 4668 (1723) steps (0.0005 hrs) 0.00:-8013.19 4159 (38) sec
[126] Max 4668 (655) steps (0.0002 hrs) 0.00:-8013.19 4183 (24) sec
[127] Max 4668 (1716) steps (0.0005 hrs) 0.00:-8013.19 4209 (26) sec
[128] Max 4668 (427) steps (0.0001 hrs) 0.00:-8013.19 4232 (23) sec
[129] Max 4668 (218) steps (0.0001 hrs) 0.00:-8013.19 4256 (24) sec
[130] Max 4668 (1369) steps (0.0004 hrs) 0.00:-8013.19 4282 (26) sec
[131] Max 4668 (686) steps (0.0002 hrs) 0.00:-8013.19 4306 (24) sec
[132] Max 4668 (1568) steps (0.0004 hrs) 0.00:-8013.19 4330 (24) sec
[133] Max 4668 (2180) steps (0.0006 hrs) 0.00:-8013.19 4385 (55) sec
[134] Max 4668 (2417) steps (0.0007 hrs) 0.00:-8013.19 4409 (24) sec
[135] Max 4668 (388) steps (0.0001 hrs) 0.00:-8013.19 4432 (23) sec
[136] Max 4668 (861) steps (0.0002 hrs) 0.00:-8013.19 4456 (24) sec
[137] Max 4668 (1499) steps (0.0004 hrs) 0.00:-8013.19 4484 (28) sec
[138] Max 4668 (950) steps (0.0003 hrs) 0.00:-8013.19 4509 (25) sec
[139] Max 4668 (545) steps (0.0002 hrs) 0.00:-8013.19 4533 (24) sec
[140] Max 4668 (1040) steps (0.0003 hrs) 0.00:-8013.19 4557 (24) sec
[141] Max 4668 (1330) steps (0.0004 hrs) 0.00:-8013.19 4581 (24) sec
[142] Max 4668 (823) steps (0.0002 hrs) 0.00:-8013.19 4605 (24) sec
[143] Max 4668 (1414) steps (0.0004 hrs) 0.00:-8013.19 4631 (26) sec
[144] Max 4668 (373) steps (0.0001 hrs) 0.00:-8013.19 4655 (24) sec
[145] Max 4668 (410) steps (0.0001 hrs) 0.00:-8013.19 4678 (23) sec
[146] Max 4668 (2242) steps (0.0006 hrs) 0.00:-8013.19 4724 (46) sec
[147] Max 4668 (2654) steps (0.0007 hrs) 0.00:-8013.19 4778 (54) sec
[148] Max 4668 (2086) steps (0.0006 hrs) 0.00:-8013.19 4805 (27) sec
[149] Max 4668 (173) steps (0.0000 hrs) 0.00:-8013.19 4829 (24) sec
[150] Max 4668 (2754) steps (0.0008 hrs) 0.00:-8013.19 4887 (58) sec
[151] Max 4668 (1892) steps (0.0005 hrs) 0.00:-8013.19 4920 (33) sec
[152] Max 4668 (2877) steps (0.0008 hrs) 0.00:-8013.19 4971 (51) sec
[153] Max 4668 (2882) steps (0.0008 hrs) 0.00:-8013.19 5026 (55) sec
[154] Max 4668 (404) steps (0.0001 hrs) 0.00:-8013.19 5050 (24) sec
[155] Max 4668 (166) steps (0.0000 hrs) 0.00:-8013.19 5074 (24) sec
[156] Max 4668 (748) steps (0.0002 hrs) 0.00:-8013.19 5097 (23) sec
[157] Max 4668 (1254) steps (0.0003 hrs) 0.00:-8013.19 5120 (23) sec
[158] Max 4668 (2829) steps (0.0008 hrs) 0.00:-8013.19 5169 (49) sec
[159] Max 4668 (1403) steps (0.0004 hrs) 0.00:-8013.19 5192 (23) sec
[160] Max 4668 (2191) steps (0.0006 hrs) 0.00:-8013.19 5249 (57) sec
[161] Max 4668 (508) steps (0.0001 hrs) 0.00:-8013.19 5274 (25) sec
[162] Max 4668 (2190) steps (0.0006 hrs) 0.00:-8013.19 5330 (56) sec
[163] Max 4668 (412) steps (0.0001 hrs) 0.00:-8013.19 5354 (24) sec
[164] Max 4668 (248) steps (0.0001 hrs) 0.00:-8013.19 5378 (24) sec
[165] Max 4668 (2335) steps (0.0006 hrs) 0.00:-8013.19 5408 (30) sec
[166] Max 4668 (308) steps (0.0001 hrs) 0.00:-8013.19 5431 (23) sec
[167] Max 4668 (639) steps (0.0002 hrs) 0.00:-8013.19 5455 (24) sec
[168] Max 4668 (614) steps (0.0002 hrs) 0.00:-8013.19 5478 (23) sec
[169] Max 4668 (994) steps (0.0003 hrs) 0.00:-8013.19 5502 (24) sec
[170] Max 4668 (1083) steps (0.0003 hrs) 0.00:-8013.19 5526 (24) sec
[171] Max 4668 (2208) steps (0.0006 hrs) 0.00:-8013.19 5579 (53) sec
[172] Max 4668 (169) steps (0.0000 hrs) 0.00:-8013.19 5602 (23) sec
[173] Max 4668 (2429) steps (0.0007 hrs) 0.00:-8013.19 5658 (56) sec
[174] Max 4668 (1872) steps (0.0005 hrs) 0.00:-8013.19 5689 (31) sec
[175] Max 4668 (918) steps (0.0003 hrs) 0.00:-8013.19 5712 (23) sec
[176] Max 4668 (1848) steps (0.0005 hrs) 0.00:-8013.19 5756 (44) sec
[177] Max 4668 (320) steps (0.0001 hrs) 0.00:-8013.19 5779 (23) sec
[178] Max 4668 (2343) steps (0.0007 hrs) 0.00:-8013.19 5818 (39) sec
[179] Max 4668 (848) steps (0.0002 hrs) 0.00:-8013.19 5841 (23) sec
[180] Max 4668 (217) steps (0.0001 hrs) 0.00:-8013.19 5864 (23) sec
[181] Max 4668 (203) steps (0.0001 hrs) 0.00:-8013.19 5887 (23) sec
[182] Max 4668 (2265) steps (0.0006 hrs) 0.00:-8013.19 5943 (56) sec
[183] Max 4668 (903) steps (0.0003 hrs) 0.00:-8013.19 5968 (25) sec
[184] Max 4668 (428) steps (0.0001 hrs) 0.00:-8013.19 5991 (23) sec
[185] Max 4668 (447) steps (0.0001 hrs) 0.00:-8013.19 6015 (24) sec
[186] Max 4668 (1663) steps (0.0005 hrs) 0.00:-8013.19 6041 (26) sec
[187] Max 4668 (2338) steps (0.0006 hrs) 0.00:-8013.19 6096 (55) sec
[188] Max 4668 (1068) steps (0.0003 hrs) 0.00:-8013.19 6120 (24) sec
[189] Max 4668 (1971) steps (0.0005 hrs) 0.00:-8013.19 6146 (26) sec
[190] Max 4668 (273) steps (0.0001 hrs) 0.00:-8013.19 6169 (23) sec
[191] Max 4668 (773) steps (0.0002 hrs) 0.00:-8013.19 6193 (24) sec
[192] Max 4668 (3873) steps (0.0011 hrs) 0.00:-8013.19 6249 (56) sec
[193] Max 4668 (219) steps (0.0001 hrs) 0.00:-8013.19 6273 (24) sec
[194] Max 4668 (984) steps (0.0003 hrs) 0.00:-8013.19 6297 (24) sec
[195] Max 4668 (1528) steps (0.0004 hrs) 0.00:-8013.19 6322 (25) sec
[196] Max 4668 (2456) steps (0.0007 hrs) 0.00:-8013.19 6377 (55) sec
[197] Max 4668 (624) steps (0.0002 hrs) 0.00:-8013.19 6401 (24) sec
[198] Max 4668 (1119) steps (0.0003 hrs) 0.00:-8013.19 6424 (23) sec
[199] Max 4668 (2019) steps (0.0006 hrs) 0.00:-8013.19 6447 (23) sec
[200] Max 4668 (2237) steps (0.0006 hrs) 0.00:-8013.19 6503 (56) sec
[201] Max 4668 (601) steps (0.0002 hrs) 0.00:-8013.19 6526 (23) sec
[202] Max 4668 (1286) steps (0.0004 hrs) 0.00:-8013.19 6550 (24) sec
[203] Max 4668 (2607) steps (0.0007 hrs) 0.00:-8013.19 6582 (32) sec
[204] Max 4668 (408) steps (0.0001 hrs) 0.00:-8013.19 6605 (23) sec
[205] Max 4668 (2281) steps (0.0006 hrs) 0.00:-8013.19 6635 (30) sec
[206] Max 4668 (2464) steps (0.0007 hrs) 0.00:-8013.19 6678 (43) sec
[207] Max 4668 (321) steps (0.0001 hrs) 0.00:-8013.19 6701 (23) sec
[208] Max 4668 (384) steps (0.0001 hrs) 0.00:-8013.19 6725 (24) sec
[209] Max 4668 (1977) steps (0.0005 hrs) 0.00:-8013.19 6779 (54) sec
[210] Max 4668 (2508) steps (0.0007 hrs) 0.00:-8013.19 6805 (26) sec
[211] Max 4668 (4046) steps (0.0011 hrs) 0.00:-8013.19 6856 (51) sec
[212] Max 4668 (1356) steps (0.0004 hrs) 0.00:-8013.19 6882 (26) sec
[213] Max 4668 (1799) steps (0.0005 hrs) 0.00:-8013.19 6908 (26) sec
[214] Max 4668 (818) steps (0.0002 hrs) 0.00:-8013.19 6931 (23) sec
[215] Max 4668 (499) steps (0.0001 hrs) 0.00:-8013.19 6955 (24) sec
[216] Max 4668 (310) steps (0.0001 hrs) 0.00:-8013.19 6979 (24) sec
[217] Max 4668 (796) steps (0.0002 hrs) 0.00:-8013.19 7003 (24) sec
[218] Max 4668 (1917) steps (0.0005 hrs) 0.00:-8013.19 7056 (53) sec
[219] Max 4668 (1910) steps (0.0005 hrs) 0.00:-8013.19 7082 (26) sec
[220] Max 4668 (2227) steps (0.0006 hrs) 0.00:-8013.19 7105 (23) sec
[221] Max 4668 (433) steps (0.0001 hrs) 0.00:-8013.19 7128 (23) sec
[222] Max 4668 (884) steps (0.0002 hrs) 0.00:-8013.19 7151 (23) sec
[223] Max 4668 (365) steps (0.0001 hrs) 0.00:-8013.19 7175 (24) sec
[224] Max 4668 (337) steps (0.0001 hrs) 0.00:-8013.19 7198 (23) sec
[225] Max 4668 (2799) steps (0.0008 hrs) 0.00:-8013.19 7253 (55) sec
[226] Max 4668 (219) steps (0.0001 hrs) 0.00:-8013.19 7276 (23) sec
[227] Max 4668 (3271) steps (0.0009 hrs) 0.00:-8013.19 7332 (56) sec
[228] Max 4668 (397) steps (0.0001 hrs) 0.00:-8013.19 7355 (23) sec
[229] Max 4668 (3166) steps (0.0009 hrs) 0.00:-8013.19 7399 (44) sec
[230] Max 4668 (206) steps (0.0001 hrs) 0.00:-8013.19 7422 (23) sec
[231] Max 4668 (1784) steps (0.0005 hrs) 0.00:-8013.19 7448 (26) sec
[232] Max 4668 (1023) steps (0.0003 hrs) 0.00:-8013.19 7472 (24) sec
[233] Max 4668 (2044) steps (0.0006 hrs) 0.00:-8013.19 7526 (54) sec
[234] Max 4668 (1999) steps (0.0006 hrs) 0.00:-8013.19 7580 (54) sec
[235] Max 4668 (410) steps (0.0001 hrs) 0.00:-8013.19 7603 (23) sec
[236] Max 4668 (970) steps (0.0003 hrs) 0.00:-8013.19 7627 (24) sec
[237] Max 4668 (468) steps (0.0001 hrs) 0.00:-8013.19 7650 (23) sec
[238] Max 4668 (2053) steps (0.0006 hrs) 0.00:-8013.19 7685 (35) sec
[239] Max 4668 (1324) steps (0.0004 hrs) 0.00:-8013.19 7709 (24) sec
[240] Max 4668 (841) steps (0.0002 hrs) 0.00:-8013.19 7733 (24) sec
[241] Max 4668 (2871) steps (0.0008 hrs) 0.00:-8013.19 7786 (53) sec
[242] Max 4668 (2602) steps (0.0007 hrs) 0.00:-8013.19 7837 (51) sec
[243] Max 4668 (192) steps (0.0001 hrs) 0.00:-8013.19 7860 (23) sec
[244] Max 4668 (931) steps (0.0003 hrs) 0.00:-8013.19 7883 (23) sec
[245] Max 4668 (1202) steps (0.0003 hrs) 0.00:-8013.19 7907 (24) sec
[246] Max 4668 (2057) steps (0.0006 hrs) 0.00:-8013.19 7959 (52) sec
[247] Max 4668 (2151) steps (0.0006 hrs) 0.00:-8013.19 8015 (56) sec
[248] Max 4668 (1406) steps (0.0004 hrs) 0.00:-8013.19 8041 (26) sec
[249] Max 4668 (329) steps (0.0001 hrs) 0.00:-8013.19 8064 (23) sec
[250] Max 4668 (293) steps (0.0001 hrs) 0.00:-8013.19 8083 (19) sec
[251] Max 4668 (2082) steps (0.0006 hrs) 0.00:-8013.19 8128 (45) sec
[252] Max 4668 (1810) steps (0.0005 hrs) 0.00:-8013.19 8148 (20) sec
[253] Max 4668 (467) steps (0.0001 hrs) 0.00:-8013.19 8168 (20) sec
[254] Max 4668 (2221) steps (0.0006 hrs) 0.00:-8013.19 8214 (46) sec
[255] Max 4668 (537) steps (0.0001 hrs) 0.00:-8013.19 8233 (19) sec
[256] Max 4668 (4333) steps (0.0012 hrs) 0.00:-8013.19 8281 (48) sec
[257] Max 4668 (1098) steps (0.0003 hrs) 0.00:-8013.19 8301 (20) sec
[258] Max 4668 (2353) steps (0.0007 hrs) 0.00:-8013.19 8347 (46) sec
[259] Max 4668 (2756) steps (0.0008 hrs) 0.00:-8013.19 8393 (46) sec
[260] Max 4668 (1009) steps (0.0003 hrs) 0.00:-8013.19 8412 (19) sec
[261] Max 4668 (326) steps (0.0001 hrs) 0.00:-8013.19 8432 (20) sec
[262] Max 4668 (867) steps (0.0002 hrs) 0.00:-8013.19 8451 (19) sec
[263] Max 4668 (2271) steps (0.0006 hrs) 0.00:-8013.19 8496 (45) sec
[264] Max 4668 (432) steps (0.0001 hrs) 0.00:-8013.19 8515 (19) sec
[265] Max 4668 (675) steps (0.0002 hrs) 0.00:-8013.19 8535 (20) sec
[266] Max 4668 (2234) steps (0.0006 hrs) 0.00:-8013.19 8571 (36) sec
[267] Max 4668 (929) steps (0.0003 hrs) 0.00:-8013.19 8591 (20) sec
[268] Max 4668 (2761) steps (0.0008 hrs) 0.00:-8013.19 8637 (46) sec
[269] Max 4668 (2235) steps (0.0006 hrs) 0.00:-8013.19 8683 (46) sec
[270] Max 4668 (1766) steps (0.0005 hrs) 0.00:-8013.19 8703 (20) sec
[271] Max 4668 (1987) steps (0.0006 hrs) 0.00:-8013.19 8749 (46) sec
[272] Max 4668 (558) steps (0.0002 hrs) 0.00:-8013.19 8768 (19) sec
[273] Max 4668 (1331) steps (0.0004 hrs) 0.00:-8013.19 8788 (20) sec
[274] Max 4668 (1041) steps (0.0003 hrs) 0.00:-8013.19 8808 (20) sec
[275] Max 4668 (4219) steps (0.0012 hrs) 0.00:-8013.19 8853 (45) sec
[276] Max 4668 (2022) steps (0.0006 hrs) 0.00:-8013.19 8900 (47) sec
[277] Max 4668 (559) steps (0.0002 hrs) 0.00:-8013.19 8919 (19) sec
[278] Max 4668 (373) steps (0.0001 hrs) 0.00:-8013.19 8938 (19) sec
[279] Max 4668 (770) steps (0.0002 hrs) 0.00:-8013.19 8957 (19) sec
[280] Max 4668 (792) steps (0.0002 hrs) 0.00:-8013.19 8977 (20) sec
[281] Max 4668 (533) steps (0.0001 hrs) 0.00:-8013.19 8996 (19) sec
[282] Max 4668 (1164) steps (0.0003 hrs) 0.00:-8013.19 9015 (19) sec
[283] Max 4668 (660) steps (0.0002 hrs) 0.00:-8013.19 9034 (19) sec
[284] Max 4668 (924) steps (0.0003 hrs) 0.00:-8013.19 9054 (20) sec
[285] Max 4668 (226) steps (0.0001 hrs) 0.00:-8013.19 9073 (19) sec
[286] Max 4668 (840) steps (0.0002 hrs) 0.00:-8013.19 9092 (19) sec
[287] Max 4668 (2143) steps (0.0006 hrs) 0.00:-8013.19 9139 (47) sec
[288] Max 4668 (213) steps (0.0001 hrs) 0.00:-8013.19 9158 (19) sec
[289] Max 4668 (833) steps (0.0002 hrs) 0.00:-8013.19 9177 (19) sec
[290] Max 4668 (1314) steps (0.0004 hrs) 0.00:-8013.19 9199 (22) sec
[291] Max 4668 (2127) steps (0.0006 hrs) 0.00:-8013.19 9246 (47) sec
[292] Max 4668 (2674) steps (0.0007 hrs) 0.00:-8013.19 9293 (47) sec
[293] Max 4668 (2419) steps (0.0007 hrs) 0.00:-8013.19 9337 (44) sec
[294] Max 4668 (660) steps (0.0002 hrs) 0.00:-8013.19 9356 (19) sec
[295] Max 4668 (1830) steps (0.0005 hrs) 0.00:-8013.19 9392 (36) sec
[296] Max 4668 (526) steps (0.0001 hrs) 0.00:-8013.19 9411 (19) sec
[297] Max 4668 (2463) steps (0.0007 hrs) 0.00:-8013.19 9446 (35) sec
[298] Max 4668 (1600) steps (0.0004 hrs) 0.00:-8013.19 9465 (19) sec
[299] Max 4668 (1517) steps (0.0004 hrs) 0.00:-8013.19 9485 (20) sec
[300] Max 4668 (700) steps (0.0002 hrs) 0.00:-8013.19 9504 (19) sec
[301] Max 4668 (1617) steps (0.0004 hrs) 0.00:-8013.19 9524 (20) sec
[302] Max 4668 (2243) steps (0.0006 hrs) 0.00:-8013.19 9570 (46) sec
[303] Max 4668 (2586) steps (0.0007 hrs) 0.00:-8013.19 9598 (28) sec
[304] Max 4668 (2618) steps (0.0007 hrs) 0.00:-8013.19 9630 (32) sec
[305] Max 4668 (1133) steps (0.0003 hrs) 0.00:-8013.19 9650 (20) sec
[306] Max 4668 (221) steps (0.0001 hrs) 0.00:-8013.19 9669 (19) sec
[307] Max 4668 (2931) steps (0.0008 hrs) 0.00:-8013.19 9690 (21) sec
[308] Max 4668 (2344) steps (0.0007 hrs) 0.00:-8013.19 9714 (24) sec
[309] Max 4668 (2496) steps (0.0007 hrs) 0.00:-8013.19 9757 (43) sec
[310] Max 4668 (2663) steps (0.0007 hrs) 0.00:-8013.19 9801 (44) sec
[311] Max 4668 (718) steps (0.0002 hrs) 0.00:-8013.19 9822 (21) sec
[312] Max 4668 (166) steps (0.0000 hrs) 0.00:-8013.19 9841 (19) sec
[313] Max 4668 (1699) steps (0.0005 hrs) 0.00:-8013.19 9866 (25) sec
[314] Max 4668 (677) steps (0.0002 hrs) 0.00:-8013.19 9885 (19) sec
[315] Max 4668 (612) steps (0.0002 hrs) 0.00:-8013.19 9904 (19) sec
[316] Max 4668 (853) steps (0.0002 hrs) 0.00:-8013.19 9924 (20) sec
[317] Max 4668 (984) steps (0.0003 hrs) 0.00:-8013.19 9943 (19) sec
[318] Max 4668 (414) steps (0.0001 hrs) 0.00:-8013.19 9962 (19) sec
[319] Max 4668 (500) steps (0.0001 hrs) 0.00:-8013.19 9981 (19) sec
[320] Max 4668 (2212) steps (0.0006 hrs) 0.00:-8013.19 10028 (47) sec
[321] Max 4668 (2811) steps (0.0008 hrs) 0.00:-8013.19 10073 (45) sec
[322] Max 4668 (1051) steps (0.0003 hrs) 0.00:-8013.19 10093 (20) sec
[323] Max 4668 (584) steps (0.0002 hrs) 0.00:-8013.19 10112 (19) sec
[324] Max 4668 (1914) steps (0.0005 hrs) 0.00:-8013.19 10155 (43) sec
[325] Max 4668 (2572) steps (0.0007 hrs) 0.00:-8013.19 10196 (41) sec
[326] Max 4668 (2267) steps (0.0006 hrs) 0.00:-8013.19 10241 (45) sec
[327] Max 4668 (1876) steps (0.0005 hrs) 0.00:-8013.19 10261 (20) sec
[328] Max 4668 (2402) steps (0.0007 hrs) 0.00:-8013.19 10289 (28) sec
[329] Max 4668 (2899) steps (0.0008 hrs) 0.00:-8013.19 10312 (23) sec
[330] Max 4668 (2080) steps (0.0006 hrs) 0.00:-8013.19 10331 (19) sec
[331] Max 4668 (1979) steps (0.0005 hrs) 0.00:-8013.19 10374 (43) sec
[332] Max 4668 (296) steps (0.0001 hrs) 0.00:-8013.19 10393 (19) sec
[333] Max 4668 (1709) steps (0.0005 hrs) 0.00:-8013.19 10413 (20) sec
[334] Max 4668 (2081) steps (0.0006 hrs) 0.00:-8013.19 10458 (45) sec
[335] Max 4668 (718) steps (0.0002 hrs) 0.00:-8013.19 10478 (20) sec
[336] Max 4668 (2180) steps (0.0006 hrs) 0.00:-8013.19 10522 (44) sec
[337] Max 4668 (1711) steps (0.0005 hrs) 0.00:-8013.19 10549 (27) sec
[338] Max 4668 (568) steps (0.0002 hrs) 0.00:-8013.19 10569 (20) sec
[339] Max 4668 (1608) steps (0.0004 hrs) 0.00:-8013.19 10589 (20) sec
[340] Max 4668 (929) steps (0.0003 hrs) 0.00:-8013.19 10608 (19) sec
[341] Max 4668 (2523) steps (0.0007 hrs) 0.00:-8013.19 10653 (45) sec
[342] Max 4668 (271) steps (0.0001 hrs) 0.00:-8013.19 10672 (19) sec
[343] Max 4668 (1851) steps (0.0005 hrs) 0.00:-8013.19 10691 (19) sec
[344] Max 4668 (1800) steps (0.0005 hrs) 0.00:-8013.19 10719 (28) sec
[345] Max 4668 (325) steps (0.0001 hrs) 0.00:-8013.19 10739 (20) sec
[346] Max 4668 (2043) steps (0.0006 hrs) 0.00:-8013.19 10784 (45) sec
[347] Max 4668 (2263) steps (0.0006 hrs) 0.00:-8013.19 10825 (41) sec
[348] Max 4668 (2569) steps (0.0007 hrs) 0.00:-8013.19 10854 (29) sec
[349] Max 4668 (2033) steps (0.0006 hrs) 0.00:-8013.19 10876 (22) sec
[350] Max 4668 (1691) steps (0.0005 hrs) 0.00:-8013.19 10899 (23) sec
[351] Max 4668 (2086) steps (0.0006 hrs) 0.00:-8013.19 10918 (19) sec
[352] Max 4668 (2565) steps (0.0007 hrs) 0.00:-8013.19 10961 (43) sec
[353] Max 4668 (2541) steps (0.0007 hrs) 0.00:-8013.19 11007 (46) sec
[354] Max 4668 (1920) steps (0.0005 hrs) 0.00:-8013.19 11039 (32) sec
[355] Max 4668 (2336) steps (0.0006 hrs) 0.00:-8013.19 11081 (42) sec
[356] Max 4668 (253) steps (0.0001 hrs) 0.00:-8013.19 11100 (19) sec
[357] Max 4668 (277) steps (0.0001 hrs) 0.00:-8013.19 11120 (20) sec
[358] Max 4668 (2302) steps (0.0006 hrs) 0.00:-8013.19 11166 (46) sec
[359] Max 4668 (1319) steps (0.0004 hrs) 0.00:-8013.19 11186 (20) sec
[360] Max 4668 (253) steps (0.0001 hrs) 0.00:-8013.19 11205 (19) sec
[361] Max 4668 (946) steps (0.0003 hrs) 0.00:-8013.19 11225 (20) sec
[362] Max 4668 (1117) steps (0.0003 hrs) 0.00:-8013.19 11245 (20) sec
[363] Max 4668 (2095) steps (0.0006 hrs) 0.00:-8013.19 11291 (46) sec
[364] Max 4668 (787) steps (0.0002 hrs) 0.00:-8013.19 11310 (19) sec
[365] Max 4668 (2464) steps (0.0007 hrs) 0.00:-8013.19 11351 (41) sec
[366] Max 4668 (2347) steps (0.0007 hrs) 0.00:-8013.19 11371 (20) sec
[367] Max 4668 (452) steps (0.0001 hrs) 0.00:-8013.19 11390 (19) sec
[368] Max 4668 (1638) steps (0.0005 hrs) 0.00:-8013.19 11411 (21) sec
[369] Max 4668 (2436) steps (0.0007 hrs) 0.00:-8013.19 11453 (42) sec
[370] Max 4668 (1199) steps (0.0003 hrs) 0.00:-8013.19 11473 (20) sec
[371] Max 4668 (1582) steps (0.0004 hrs) 0.00:-8013.19 11493 (20) sec
[372] Max 4668 (814) steps (0.0002 hrs) 0.00:-8013.19 11512 (19) sec
[373] Max 4668 (1416) steps (0.0004 hrs) 0.00:-8013.19 11532 (20) sec
[374] Max 4668 (168) steps (0.0000 hrs) 0.00:-8013.19 11551 (19) sec
[375] Max 4668 (1940) steps (0.0005 hrs) 0.00:-8013.19 11594 (43) sec
[376] Max 4668 (2062) steps (0.0006 hrs) 0.00:-8013.19 11639 (45) sec
[377] Max 4668 (1895) steps (0.0005 hrs) 0.00:-8013.19 11665 (26) sec
[378] Max 4668 (846) steps (0.0002 hrs) 0.00:-8013.19 11684 (19) sec
[379] Max 4668 (2271) steps (0.0006 hrs) 0.00:-8013.19 11727 (43) sec
[380] Max 4668 (1276) steps (0.0004 hrs) 0.00:-8013.19 11747 (20) sec
[381] Max 4668 (2077) steps (0.0006 hrs) 0.00:-8013.19 11776 (29) sec
[382] Max 4668 (1349) steps (0.0004 hrs) 0.00:-8013.19 11795 (19) sec
[383] Max 4668 (406) steps (0.0001 hrs) 0.00:-8013.19 11814 (19) sec
[384] Max 4668 (1905) steps (0.0005 hrs) 0.00:-8013.19 11841 (27) sec
[385] Max 4668 (307) steps (0.0001 hrs) 0.00:-8013.19 11860 (19) sec
[386] Max 4668 (404) steps (0.0001 hrs) 0.00:-8013.19 11879 (19) sec
[387] Max 4668 (2295) steps (0.0006 hrs) 0.00:-8013.19 11924 (45) sec
[388] Max 4668 (248) steps (0.0001 hrs) 0.00:-8013.19 11943 (19) sec
[389] Max 4668 (761) steps (0.0002 hrs) 0.00:-8013.19 11962 (19) sec
[390] Max 4668 (1548) steps (0.0004 hrs) 0.00:-8013.19 11982 (20) sec
[391] Max 4668 (2248) steps (0.0006 hrs) 0.00:-8013.19 12028 (46) sec
[392] Max 4668 (3102) steps (0.0009 hrs) 0.00:-8013.19 12050 (22) sec
[393] Max 4668 (1823) steps (0.0005 hrs) 0.00:-8013.19 12096 (46) sec
[394] Max 4668 (852) steps (0.0002 hrs) 0.00:-8013.19 12115 (19) sec
[395] Max 4668 (3518) steps (0.0010 hrs) 0.00:-8013.19 12163 (48) sec
[396] Max 4668 (663) steps (0.0002 hrs) 0.00:-8013.19 12182 (19) sec
[397] Max 4668 (309) steps (0.0001 hrs) 0.00:-8013.19 12202 (20) sec
[398] Max 4668 (1539) steps (0.0004 hrs) 0.00:-8013.19 12221 (19) sec
[399] Max 4668 (2325) steps (0.0006 hrs) 0.00:-8013.19 12256 (35) sec
[400] Max 4668 (224) steps (0.0001 hrs) 0.00:-8013.19 12275 (19) sec
[401] Max 4668 (2415) steps (0.0007 hrs) 0.00:-8013.19 12321 (46) sec
[402] Max 4668 (2853) steps (0.0008 hrs) 0.00:-8013.19 12366 (45) sec
[403] Max 4668 (1520) steps (0.0004 hrs) 0.00:-8013.19 12385 (19) sec
[404] Max 4668 (1095) steps (0.0003 hrs) 0.00:-8013.19 12405 (20) sec
[405] Max 4668 (295) steps (0.0001 hrs) 0.00:-8013.19 12424 (19) sec
[406] Max 4668 (2311) steps (0.0006 hrs) 0.00:-8013.19 12449 (25) sec
[407] Max 4668 (665) steps (0.0002 hrs) 0.00:-8013.19 12468 (19) sec
[408] Max 4668 (2577) steps (0.0007 hrs) 0.00:-8013.19 12513 (45) sec
[409] Max 4668 (1968) steps (0.0005 hrs) 0.00:-8013.19 12558 (45) sec
[410] Max 4668 (2143) steps (0.0006 hrs) 0.00:-8013.19 12605 (47) sec
[411] Max 4668 (1115) steps (0.0003 hrs) 0.00:-8013.19 12624 (19) sec
[412] Max 4668 (1076) steps (0.0003 hrs) 0.00:-8013.19 12644 (20) sec
[413] Max 4668 (957) steps (0.0003 hrs) 0.00:-8013.19 12663 (19) sec
[414] Max 4668 (2103) steps (0.0006 hrs) 0.00:-8013.19 12701 (38) sec
[415] Max 4668 (1737) steps (0.0005 hrs) 0.00:-8013.19 12721 (20) sec
[416] Max 4668 (1304) steps (0.0004 hrs) 0.00:-8013.19 12741 (20) sec
[417] Max 4668 (1676) steps (0.0005 hrs) 0.00:-8013.19 12764 (23) sec
[418] Max 4668 (1372) steps (0.0004 hrs) 0.00:-8013.19 12783 (19) sec
[419] Max 4668 (1706) steps (0.0005 hrs) 0.00:-8013.19 12803 (20) sec
[420] Max 4668 (2106) steps (0.0006 hrs) 0.00:-8013.19 12849 (46) sec
[421] Max 4668 (2021) steps (0.0006 hrs) 0.00:-8013.19 12895 (46) sec
[422] Max 4668 (1521) steps (0.0004 hrs) 0.00:-8013.19 12914 (19) sec
[423] Max 4668 (621) steps (0.0002 hrs) 0.00:-8013.19 12933 (19) sec
[424] Max 4668 (520) steps (0.0001 hrs) 0.00:-8013.19 12953 (20) sec
[425] Max 4668 (2150) steps (0.0006 hrs) 0.00:-8013.19 12997 (44) sec
[426] Max 4668 (2451) steps (0.0007 hrs) 0.00:-8013.19 13043 (46) sec
[427] Max 4668 (2300) steps (0.0006 hrs) 0.00:-8013.19 13067 (24) sec
[428] Max 4668 (2249) steps (0.0006 hrs) 0.00:-8013.19 13098 (31) sec
[429] Max 4668 (1823) steps (0.0005 hrs) 0.00:-8013.19 13118 (20) sec
[430] Max 4668 (336) steps (0.0001 hrs) 0.00:-8013.19 13137 (19) sec
[431] Max 4668 (2964) steps (0.0008 hrs) 0.00:-8013.19 13182 (45) sec
[432] Max 4668 (1709) steps (0.0005 hrs) 0.00:-8013.19 13205 (23) sec
[433] Max 4668 (1589) steps (0.0004 hrs) 0.00:-8013.19 13225 (20) sec
[434] Max 4668 (1602) steps (0.0004 hrs) 0.00:-8013.19 13245 (20) sec
[435] Max 4668 (292) steps (0.0001 hrs) 0.00:-8013.19 13264 (19) sec
[436] Max 4668 (2001) steps (0.0006 hrs) 0.00:-8013.19 13291 (27) sec
[437] Max 4668 (829) steps (0.0002 hrs) 0.00:-8013.19 13310 (19) sec
[438] Max 4668 (681) steps (0.0002 hrs) 0.00:-8013.19 13330 (20) sec
[439] Max 4668 (1893) steps (0.0005 hrs) 0.00:-8013.19 13375 (45) sec
[440] Max 4668 (3467) steps (0.0010 hrs) 0.00:-8013.19 13395 (20) sec
[441] Max 4668 (308) steps (0.0001 hrs) 0.00:-8013.19 13414 (19) sec
[442] Max 4668 (2266) steps (0.0006 hrs) 0.00:-8013.19 13454 (40) sec
[443] Max 4668 (1769) steps (0.0005 hrs) 0.00:-8013.19 13475 (21) sec
[444] Max 4668 (2101) steps (0.0006 hrs) 0.00:-8013.19 13521 (46) sec
[445] Max 4668 (1959) steps (0.0005 hrs) 0.00:-8013.19 13548 (27) sec
[446] Max 4668 (706) steps (0.0002 hrs) 0.00:-8013.19 13567 (19) sec
[447] Max 4668 (2778) steps (0.0008 hrs) 0.00:-8013.19 13608 (41) sec
[448] Max 4668 (2290) steps (0.0006 hrs) 0.00:-8013.19 13651 (43) sec
[449] Max 4668 (919) steps (0.0003 hrs) 0.00:-8013.19 13670 (19) sec
[450] Max 4668 (2070) steps (0.0006 hrs) 0.00:-8013.19 13711 (41) sec
[451] Max 4668 (235) steps (0.0001 hrs) 0.00:-8013.19 13730 (19) sec
[452] Max 4668 (384) steps (0.0001 hrs) 0.00:-8013.19 13749 (19) sec
[453] Max 4668 (2146) steps (0.0006 hrs) 0.00:-8013.19 13787 (38) sec
[454] Max 4668 (566) steps (0.0002 hrs) 0.00:-8013.19 13806 (19) sec
[455] Max 4668 (1720) steps (0.0005 hrs) 0.00:-8013.19 13843 (37) sec
[456] Max 4668 (1773) steps (0.0005 hrs) 0.00:-8013.19 13870 (27) sec
[457] Max 4668 (1159) steps (0.0003 hrs) 0.00:-8013.19 13890 (20) sec
[458] Max 4668 (188) steps (0.0001 hrs) 0.00:-8013.19 13909 (19) sec
[459] Max 4668 (739) steps (0.0002 hrs) 0.00:-8013.19 13928 (19) sec
[460] Max 4668 (2579) steps (0.0007 hrs) 0.00:-8013.19 13974 (46) sec
[461] Max 4668 (1747) steps (0.0005 hrs) 0.00:-8013.19 13994 (20) sec
[462] Max 4668 (1629) steps (0.0005 hrs) 0.00:-8013.19 14017 (23) sec
[463] Max 4668 (2449) steps (0.0007 hrs) 0.00:-8013.19 14062 (45) sec
[464] Max 4668 (2143) steps (0.0006 hrs) 0.00:-8013.19 14082 (20) sec
[465] Max 4668 (2269) steps (0.0006 hrs) 0.00:-8013.19 14122 (40) sec
[466] Max 4668 (299) steps (0.0001 hrs) 0.00:-8013.19 14142 (20) sec
[467] Max 4668 (1080) steps (0.0003 hrs) 0.00:-8013.19 14162 (20) sec
[468] Max 4668 (2265) steps (0.0006 hrs) 0.00:-8013.19 14210 (48) sec
[469] Max 4668 (2164) steps (0.0006 hrs) 0.00:-8013.19 14236 (26) sec
[470] Max 4668 (2663) steps (0.0007 hrs) 0.00:-8013.19 14262 (26) sec
[471] Max 4668 (444) steps (0.0001 hrs) 0.00:-8013.19 14282 (20) sec
[472] Max 4668 (940) steps (0.0003 hrs) 0.00:-8013.19 14301 (19) sec
[473] Max 4668 (535) steps (0.0001 hrs) 0.00:-8013.19 14320 (19) sec
[474] Max 4668 (983) steps (0.0003 hrs) 0.00:-8013.19 14339 (19) sec
[475] Max 4668 (585) steps (0.0002 hrs) 0.00:-8013.19 14359 (20) sec
[476] Max 4668 (357) steps (0.0001 hrs) 0.00:-8013.19 14378 (19) sec
[477] Max 4668 (2126) steps (0.0006 hrs) 0.00:-8013.19 14417 (39) sec
[478] Max 4668 (2768) steps (0.0008 hrs) 0.00:-8013.19 14460 (43) sec
[479] Max 4668 (1841) steps (0.0005 hrs) 0.00:-8013.19 14479 (19) sec
[480] Max 4668 (2248) steps (0.0006 hrs) 0.00:-8013.19 14523 (44) sec
[481] Max 4668 (1713) steps (0.0005 hrs) 0.00:-8013.19 14543 (20) sec
[482] Max 4668 (2848) steps (0.0008 hrs) 0.00:-8013.19 14588 (45) sec
[483] Max 4668 (718) steps (0.0002 hrs) 0.00:-8013.19 14607 (19) sec
[484] Max 4668 (975) steps (0.0003 hrs) 0.00:-8013.19 14626 (19) sec
[485] Max 4668 (587) steps (0.0002 hrs) 0.00:-8013.19 14645 (19) sec
[486] Max 4668 (1287) steps (0.0004 hrs) 0.00:-8013.19 14665 (20) sec
[487] Max 4668 (1203) steps (0.0003 hrs) 0.00:-8013.19 14684 (19) sec
[488] Max 4668 (2095) steps (0.0006 hrs) 0.00:-8013.19 14703 (19) sec
[489] Max 4668 (2179) steps (0.0006 hrs) 0.00:-8013.19 14750 (47) sec
[490] Max 4668 (1936) steps (0.0005 hrs) 0.00:-8013.19 14796 (46) sec
[491] Max 4668 (623) steps (0.0002 hrs) 0.00:-8013.19 14815 (19) sec
[492] Max 4668 (2243) steps (0.0006 hrs) 0.00:-8013.19 14862 (47) sec
[493] Max 4668 (748) steps (0.0002 hrs) 0.00:-8013.19 14882 (20) sec
[494] Max 4668 (2822) steps (0.0008 hrs) 0.00:-8013.19 14927 (45) sec
[495] Max 4668 (2144) steps (0.0006 hrs) 0.00:-8013.19 14974 (47) sec
[496] Max 4668 (1092) steps (0.0003 hrs) 0.00:-8013.19 14998 (24) sec
[497] Max 4668 (2117) steps (0.0006 hrs) 0.00:-8013.19 15024 (26) sec
[498] Max 4668 (1932) steps (0.0005 hrs) 0.00:-8013.19 15048 (24) sec
[499] Max 4668 (3308) steps (0.0009 hrs) 0.00:-8013.19 15075 (27) sec
[500] Max 4668 (1884) steps (0.0005 hrs) 0.00:-8013.19 15130 (55) sec
[501] Max 4668 (594) steps (0.0002 hrs) 0.00:-8013.19 15153 (23) sec
[502] Max 4668 (713) steps (0.0002 hrs) 0.00:-8013.19 15177 (24) sec
[503] Max 4668 (2500) steps (0.0007 hrs) 0.00:-8013.19 15201 (24) sec
[504] Max 4668 (1016) steps (0.0003 hrs) 0.00:-8013.19 15225 (24) sec
[505] Max 4668 (2031) steps (0.0006 hrs) 0.00:-8013.19 15276 (51) sec
[506] Max 4668 (2440) steps (0.0007 hrs) 0.00:-8013.19 15333 (57) sec
[507] Max 4668 (889) steps (0.0002 hrs) 0.00:-8013.19 15357 (24) sec
[508] Max 4668 (710) steps (0.0002 hrs) 0.00:-8013.19 15381 (24) sec
[509] Max 4668 (2249) steps (0.0006 hrs) 0.00:-8013.19 15413 (32) sec
[510] Max 4668 (1306) steps (0.0004 hrs) 0.00:-8013.19 15436 (23) sec
[511] Max 4668 (1680) steps (0.0005 hrs) 0.00:-8013.19 15460 (24) sec
[512] Max 4668 (390) steps (0.0001 hrs) 0.00:-8013.19 15484 (24) sec
[513] Max 4668 (700) steps (0.0002 hrs) 0.00:-8013.19 15508 (24) sec
[514] Max 4668 (2180) steps (0.0006 hrs) 0.00:-8013.19 15555 (47) sec
[515] Max 4668 (311) steps (0.0001 hrs) 0.00:-8013.19 15578 (23) sec
[516] Max 4668 (2366) steps (0.0007 hrs) 0.00:-8013.19 15634 (56) sec
[517] Max 4668 (1166) steps (0.0003 hrs) 0.00:-8013.19 15658 (24) sec
[518] Max 4668 (769) steps (0.0002 hrs) 0.00:-8013.19 15681 (23) sec
[519] Max 4668 (194) steps (0.0001 hrs) 0.00:-8013.19 15705 (24) sec
[520] Max 4668 (246) steps (0.0001 hrs) 0.00:-8013.19 15728 (23) sec
[521] Max 4668 (1964) steps (0.0005 hrs) 0.00:-8013.19 15770 (42) sec
[522] Max 4668 (2115) steps (0.0006 hrs) 0.00:-8013.19 15820 (50) sec
[523] Max 4668 (186) steps (0.0001 hrs) 0.00:-8013.19 15844 (24) sec
[524] Max 4668 (929) steps (0.0003 hrs) 0.00:-8013.19 15867 (23) sec
[525] Max 4668 (686) steps (0.0002 hrs) 0.00:-8013.19 15891 (24) sec
[526] Max 4668 (1415) steps (0.0004 hrs) 0.00:-8013.19 15916 (25) sec
[527] Max 4668 (2218) steps (0.0006 hrs) 0.00:-8013.19 15971 (55) sec
[528] Max 7107 (7107) steps (0.0020 hrs) 0.00:-8013.19 15997 (26) sec
[529] Max 7107 (272) steps (0.0001 hrs) 0.00:-8013.19 16021 (24) sec
[530] Max 7107 (2612) steps (0.0007 hrs) 0.00:-8013.19 16064 (43) sec
[531] Max 7107 (1339) steps (0.0004 hrs) 0.00:-8013.19 16089 (25) sec
[532] Max 7107 (992) steps (0.0003 hrs) 0.00:-8013.19 16113 (24) sec
[533] Max 7107 (2336) steps (0.0006 hrs) 0.00:-8013.19 16166 (53) sec
[534] Max 7107 (2346) steps (0.0007 hrs) 0.00:-8013.19 16222 (56) sec
[535] Max 7107 (177) steps (0.0000 hrs) 0.00:-8013.19 16245 (23) sec
[536] Max 7107 (240) steps (0.0001 hrs) 0.00:-8013.19 16269 (24) sec
[537] Max 7107 (2323) steps (0.0006 hrs) 0.00:-8013.19 16304 (35) sec
[538] Max 7107 (2224) steps (0.0006 hrs) 0.00:-8013.19 16359 (55) sec
[539] Max 7107 (996) steps (0.0003 hrs) 0.00:-8013.19 16383 (24) sec
[540] Max 7107 (598) steps (0.0002 hrs) 0.00:-8013.19 16407 (24) sec
[541] Max 7107 (1062) steps (0.0003 hrs) 0.00:-8013.19 16431 (24) sec
[542] Max 7107 (340) steps (0.0001 hrs) 0.00:-8013.19 16455 (24) sec
[543] Max 7107 (287) steps (0.0001 hrs) 0.00:-8013.19 16478 (23) sec
[544] Max 7107 (2235) steps (0.0006 hrs) 0.00:-8013.19 16502 (24) sec
[545] Max 7107 (2236) steps (0.0006 hrs) 0.00:-8013.19 16558 (56) sec
[546] Max 7107 (166) steps (0.0000 hrs) 0.00:-8013.19 16581 (23) sec
[547] Max 7107 (542) steps (0.0002 hrs) 0.00:-8013.19 16604 (23) sec
[548] Max 7107 (452) steps (0.0001 hrs) 0.00:-8013.19 16628 (24) sec
[549] Max 7107 (2420) steps (0.0007 hrs) 0.00:-8013.19 16661 (33) sec
[550] Max 7107 (357) steps (0.0001 hrs) 0.00:-8013.19 16684 (23) sec
[551] Max 7107 (1463) steps (0.0004 hrs) 0.00:-8013.19 16710 (26) sec
[552] Max 7107 (309) steps (0.0001 hrs) 0.00:-8013.19 16733 (23) sec
[553] Max 7107 (4635) steps (0.0013 hrs) 0.00:-8013.19 16760 (27) sec
[554] Max 7107 (1385) steps (0.0004 hrs) 0.00:-8013.19 16787 (27) sec
[555] Max 7107 (1542) steps (0.0004 hrs) 0.00:-8013.19 16812 (25) sec
[556] Max 7107 (1030) steps (0.0003 hrs) 0.00:-8013.19 16836 (24) sec
[557] Max 7107 (737) steps (0.0002 hrs) 0.00:-8013.19 16859 (23) sec
[558] Max 7107 (1620) steps (0.0005 hrs) 0.00:-8013.19 16882 (23) sec
[559] Max 7107 (2255) steps (0.0006 hrs) 0.00:-8013.19 16938 (56) sec
[560] Max 7107 (454) steps (0.0001 hrs) 0.00:-8013.19 16961 (23) sec
[561] Max 7107 (663) steps (0.0002 hrs) 0.00:-8013.19 16985 (24) sec
[562] Max 7107 (1748) steps (0.0005 hrs) 0.00:-8013.19 17009 (24) sec
[563] Max 7107 (916) steps (0.0003 hrs) 0.00:-8013.19 17035 (26) sec
[564] Max 7107 (1950) steps (0.0005 hrs) 0.00:-8013.19 17077 (42) sec
[565] Max 7107 (1611) steps (0.0004 hrs) 0.00:-8013.19 17110 (33) sec
[566] Max 7107 (1875) steps (0.0005 hrs) 0.00:-8013.19 17134 (24) sec
[567] Max 7107 (268) steps (0.0001 hrs) 0.00:-8013.19 17158 (24) sec
[568] Max 7107 (1852) steps (0.0005 hrs) 0.00:-8013.19 17211 (53) sec
[569] Max 7107 (3076) steps (0.0009 hrs) 0.00:-8013.19 17268 (57) sec
[570] Max 7107 (442) steps (0.0001 hrs) 0.00:-8013.19 17292 (24) sec
[571] Max 7107 (2620) steps (0.0007 hrs) 0.00:-8013.19 17348 (56) sec
[572] Max 7107 (938) steps (0.0003 hrs) 0.00:-8013.19 17371 (23) sec
[573] Max 7107 (1947) steps (0.0005 hrs) 0.00:-8013.19 17411 (40) sec
[574] Max 7107 (2478) steps (0.0007 hrs) 0.00:-8013.19 17466 (55) sec
[575] Max 7107 (235) steps (0.0001 hrs) 0.00:-8013.19 17490 (24) sec
[576] Max 7107 (3128) steps (0.0009 hrs) 0.00:-8013.19 17522 (32) sec
[577] Max 7107 (2162) steps (0.0006 hrs) 0.00:-8013.19 17578 (56) sec
[578] Max 7107 (3069) steps (0.0009 hrs) 0.00:-8013.19 17634 (56) sec
[579] Max 7107 (2438) steps (0.0007 hrs) 0.00:-8013.19 17686 (52) sec
[580] Max 7107 (1480) steps (0.0004 hrs) 0.00:-8013.19 17713 (27) sec
[581] Max 7107 (612) steps (0.0002 hrs) 0.00:-8013.19 17737 (24) sec
[582] Max 7107 (1026) steps (0.0003 hrs) 0.00:-8013.19 17761 (24) sec
[583] Max 7107 (791) steps (0.0002 hrs) 0.00:-8013.19 17786 (25) sec
[584] Max 7107 (2778) steps (0.0008 hrs) 0.00:-8013.19 17829 (43) sec
[585] Max 7107 (284) steps (0.0001 hrs) 0.00:-8013.19 17852 (23) sec
[586] Max 7107 (2751) steps (0.0008 hrs) 0.00:-8013.19 17906 (54) sec
[587] Max 7107 (1808) steps (0.0005 hrs) 0.00:-8013.19 17929 (23) sec
[588] Max 7107 (2738) steps (0.0008 hrs) 0.00:-8013.19 17986 (57) sec
[589] Max 7107 (184) steps (0.0001 hrs) 0.00:-8013.19 18009 (23) sec
[590] Max 7107 (1509) steps (0.0004 hrs) 0.00:-8013.19 18032 (23) sec
[591] Max 7107 (848) steps (0.0002 hrs) 0.00:-8013.19 18056 (24) sec
[592] Max 7107 (2408) steps (0.0007 hrs) 0.00:-8013.19 18112 (56) sec
[593] Max 7107 (1730) steps (0.0005 hrs) 0.00:-8013.19 18136 (24) sec
[594] Max 7107 (2209) steps (0.0006 hrs) 0.00:-8013.19 18161 (25) sec
[595] Max 7107 (2108) steps (0.0006 hrs) 0.00:-8013.19 18217 (56) sec
[596] Max 7107 (821) steps (0.0002 hrs) 0.00:-8013.19 18240 (23) sec
[597] Max 7107 (536) steps (0.0001 hrs) 0.00:-8013.19 18264 (24) sec
[598] Max 7107 (2479) steps (0.0007 hrs) 0.00:-8013.19 18303 (39) sec
[599] Max 7107 (2003) steps (0.0006 hrs) 0.00:-8013.19 18353 (50) sec
[600] Max 7107 (2774) steps (0.0008 hrs) 0.00:-8013.19 18380 (27) sec
[601] Max 7107 (1197) steps (0.0003 hrs) 0.00:-8013.19 18404 (24) sec
[602] Max 7107 (217) steps (0.0001 hrs) 0.00:-8013.19 18428 (24) sec
[603] Max 7107 (270) steps (0.0001 hrs) 0.00:-8013.19 18451 (23) sec
[604] Max 7107 (284) steps (0.0001 hrs) 0.00:-8013.19 18474 (23) sec
[605] Max 7107 (2256) steps (0.0006 hrs) 0.00:-8013.19 18529 (55) sec
[606] Max 7107 (463) steps (0.0001 hrs) 0.00:-8013.19 18553 (24) sec
[607] Max 7107 (2176) steps (0.0006 hrs) 0.00:-8013.19 18608 (55) sec
[608] Max 7107 (2118) steps (0.0006 hrs) 0.00:-8013.19 18665 (56) sec
[609] Max 7107 (1784) steps (0.0005 hrs) 0.00:-8013.19 18705 (40) sec
[610] Max 7107 (2525) steps (0.0007 hrs) 0.00:-8013.19 18755 (50) sec
[611] Max 7107 (636) steps (0.0002 hrs) 0.00:-8013.19 18779 (24) sec
[612] Max 7107 (2174) steps (0.0006 hrs) 0.00:-8013.19 18835 (56) sec
[613] Max 7107 (1049) steps (0.0003 hrs) 0.00:-8013.19 18859 (24) sec
[614] Max 7107 (1873) steps (0.0005 hrs) 0.00:-8013.19 18915 (56) sec
[615] Max 7107 (585) steps (0.0002 hrs) 0.00:-8013.19 18938 (23) sec
[616] Max 7107 (2183) steps (0.0006 hrs) 0.00:-8013.19 18995 (57) sec
[617] Max 7107 (1520) steps (0.0004 hrs) 0.00:-8013.19 19021 (26) sec
[618] Max 7107 (1874) steps (0.0005 hrs) 0.00:-8013.19 19045 (24) sec
[619] Max 7107 (2021) steps (0.0006 hrs) 0.00:-8013.19 19102 (57) sec
[620] Max 7107 (1790) steps (0.0005 hrs) 0.00:-8013.19 19144 (42) sec
[621] Max 7107 (2684) steps (0.0007 hrs) 0.00:-8013.19 19199 (55) sec
[622] Max 7107 (373) steps (0.0001 hrs) 0.00:-8013.19 19223 (24) sec
[623] Max 7107 (358) steps (0.0001 hrs) 0.00:-8013.19 19247 (24) sec
[624] Max 7107 (1109) steps (0.0003 hrs) 0.00:-8013.19 19272 (25) sec
[625] Max 7107 (685) steps (0.0002 hrs) 0.00:-8013.19 19295 (23) sec
[626] Max 7107 (1646) steps (0.0005 hrs) 0.00:-8013.19 19332 (37) sec
[627] Max 7107 (2701) steps (0.0008 hrs) 0.00:-8013.19 19373 (41) sec
[628] Max 7107 (1563) steps (0.0004 hrs) 0.00:-8013.19 19401 (28) sec
[629] Max 7107 (893) steps (0.0002 hrs) 0.00:-8013.19 19426 (25) sec
[630] Max 7107 (1342) steps (0.0004 hrs) 0.00:-8013.19 19450 (24) sec
[631] Max 7107 (3974) steps (0.0011 hrs) 0.00:-8013.19 19504 (54) sec
[632] Max 7107 (2150) steps (0.0006 hrs) 0.00:-8013.19 19555 (51) sec
[633] Max 7107 (1638) steps (0.0005 hrs) 0.00:-8013.19 19580 (25) sec
[634] Max 7107 (2152) steps (0.0006 hrs) 0.00:-8013.19 19628 (48) sec
[635] Max 7107 (198) steps (0.0001 hrs) 0.00:-8013.19 19651 (23) sec
[636] Max 7107 (4448) steps (0.0012 hrs) 0.00:-8013.19 19681 (30) sec
[637] Max 7107 (1914) steps (0.0005 hrs) 0.00:-8013.19 19738 (57) sec
[638] Max 7107 (1649) steps (0.0005 hrs) 0.00:-8013.19 19771 (33) sec
[639] Max 7107 (2349) steps (0.0007 hrs) 0.00:-8013.19 19827 (56) sec
[640] Max 7107 (614) steps (0.0002 hrs) 0.00:-8013.19 19850 (23) sec
[641] Max 7107 (365) steps (0.0001 hrs) 0.00:-8013.19 19874 (24) sec
[642] Max 7107 (1147) steps (0.0003 hrs) 0.00:-8013.19 19898 (24) sec
[643] Max 7107 (261) steps (0.0001 hrs) 0.00:-8013.19 19922 (24) sec
[644] Max 7107 (171) steps (0.0000 hrs) 0.00:-8013.19 19945 (23) sec
[645] Max 7107 (486) steps (0.0001 hrs) 0.00:-8013.19 19969 (24) sec
[646] Max 7107 (2334) steps (0.0006 hrs) 0.00:-8013.19 19993 (24) sec
[647] Max 7107 (1133) steps (0.0003 hrs) 0.00:-8013.19 20017 (24) sec
[648] Max 7107 (1758) steps (0.0005 hrs) 0.00:-8013.19 20049 (32) sec
[649] Max 7107 (577) steps (0.0002 hrs) 0.00:-8013.19 20073 (24) sec
[650] Max 7107 (1191) steps (0.0003 hrs) 0.00:-8013.19 20096 (23) sec
[651] Max 7107 (187) steps (0.0001 hrs) 0.00:-8013.19 20119 (23) sec
[652] Max 7107 (343) steps (0.0001 hrs) 0.00:-8013.19 20143 (24) sec
[653] Max 7107 (759) steps (0.0002 hrs) 0.00:-8013.19 20167 (24) sec
[654] Max 7107 (961) steps (0.0003 hrs) 0.00:-8013.19 20191 (24) sec
[655] Max 7107 (320) steps (0.0001 hrs) 0.00:-8013.19 20215 (24) sec
[656] Max 7107 (1041) steps (0.0003 hrs) 0.00:-8013.19 20238 (23) sec
[657] Max 7107 (2465) steps (0.0007 hrs) 0.00:-8013.19 20293 (55) sec
[658] Max 7107 (346) steps (0.0001 hrs) 0.00:-8013.19 20317 (24) sec
[659] Max 7107 (3006) steps (0.0008 hrs) 0.00:-8013.19 20373 (56) sec
[660] Max 7107 (1186) steps (0.0003 hrs) 0.00:-8013.19 20397 (24) sec
[661] Max 7107 (2046) steps (0.0006 hrs) 0.00:-8013.19 20450 (53) sec
[662] Max 7107 (609) steps (0.0002 hrs) 0.00:-8013.19 20474 (24) sec
[663] Max 7107 (556) steps (0.0002 hrs) 0.00:-8013.19 20498 (24) sec
[664] Max 7107 (2135) steps (0.0006 hrs) 0.00:-8013.19 20525 (27) sec
[665] Max 7107 (1054) steps (0.0003 hrs) 0.00:-8013.19 20549 (24) sec
[666] Max 7107 (386) steps (0.0001 hrs) 0.00:-8013.19 20574 (25) sec
[667] Max 7107 (1991) steps (0.0006 hrs) 0.00:-8013.19 20631 (57) sec
[668] Max 7107 (1781) steps (0.0005 hrs) 0.00:-8013.19 20656 (25) sec
[669] Max 7107 (2053) steps (0.0006 hrs) 0.00:-8013.19 20712 (56) sec
[670] Max 7107 (319) steps (0.0001 hrs) 0.00:-8013.19 20736 (24) sec
[671] Max 7107 (1995) steps (0.0006 hrs) 0.00:-8013.19 20787 (51) sec
[672] Max 7107 (1620) steps (0.0005 hrs) 0.00:-8013.19 20813 (26) sec
[673] Max 7107 (642) steps (0.0002 hrs) 0.00:-8013.19 20836 (23) sec
[674] Max 7107 (2458) steps (0.0007 hrs) 0.00:-8013.19 20893 (57) sec
[675] Max 7107 (1412) steps (0.0004 hrs) 0.00:-8013.19 20917 (24) sec
[676] Max 7107 (1942) steps (0.0005 hrs) 0.00:-8013.19 20942 (25) sec
[677] Max 7107 (2105) steps (0.0006 hrs) 0.00:-8013.19 20997 (55) sec
[678] Max 7107 (494) steps (0.0001 hrs) 0.00:-8013.19 21021 (24) sec
[679] Max 7107 (660) steps (0.0002 hrs) 0.00:-8013.19 21045 (24) sec
[680] Max 7107 (2973) steps (0.0008 hrs) 0.00:-8013.19 21097 (52) sec
[681] Max 7107 (738) steps (0.0002 hrs) 0.00:-8013.19 21120 (23) sec
[682] Max 7107 (1733) steps (0.0005 hrs) 0.00:-8013.19 21144 (24) sec
[683] Max 7107 (1051) steps (0.0003 hrs) 0.00:-8013.19 21169 (25) sec
[684] Max 7107 (2299) steps (0.0006 hrs) 0.00:-8013.19 21225 (56) sec
[685] Max 7107 (1217) steps (0.0003 hrs) 0.00:-8013.19 21249 (24) sec
[686] Max 7107 (2185) steps (0.0006 hrs) 0.00:-8013.19 21296 (47) sec
[687] Max 7107 (578) steps (0.0002 hrs) 0.00:-8013.19 21320 (24) sec
[688] Max 7107 (1851) steps (0.0005 hrs) 0.00:-8013.19 21347 (27) sec
[689] Max 7107 (387) steps (0.0001 hrs) 0.00:-8013.19 21370 (23) sec
[690] Max 7107 (972) steps (0.0003 hrs) 0.00:-8013.19 21397 (27) sec
[691] Max 7107 (3188) steps (0.0009 hrs) 0.00:-8013.19 21443 (46) sec
[692] Max 7107 (2231) steps (0.0006 hrs) 0.00:-8013.19 21498 (55) sec
[693] Max 7107 (1930) steps (0.0005 hrs) 0.00:-8013.19 21527 (29) sec
[694] Max 7107 (1745) steps (0.0005 hrs) 0.00:-8013.19 21553 (26) sec
[695] Max 7107 (1647) steps (0.0005 hrs) 0.00:-8013.19 21581 (28) sec
[696] Max 7107 (750) steps (0.0002 hrs) 0.00:-8013.19 21605 (24) sec
[697] Max 7107 (2159) steps (0.0006 hrs) 0.00:-8013.19 21660 (55) sec
[698] Max 7107 (2153) steps (0.0006 hrs) 0.00:-8013.19 21692 (32) sec
[699] Max 7107 (172) steps (0.0000 hrs) 0.00:-8013.19 21717 (25) sec
[700] Max 7107 (1412) steps (0.0004 hrs) 0.00:-8013.19 21740 (23) sec
[701] Max 7107 (897) steps (0.0002 hrs) 0.00:-8013.19 21764 (24) sec
[702] Max 7107 (2318) steps (0.0006 hrs) 0.00:-8013.19 21820 (56) sec
[703] Max 7107 (1930) steps (0.0005 hrs) 0.00:-8013.19 21854 (34) sec
[704] Max 7107 (2629) steps (0.0007 hrs) 0.00:-8013.19 21912 (58) sec
[705] Max 7107 (357) steps (0.0001 hrs) 0.00:-8013.19 21936 (24) sec
[706] Max 7107 (854) steps (0.0002 hrs) 0.00:-8013.19 21960 (24) sec
[707] Max 7107 (2266) steps (0.0006 hrs) 0.00:-8013.19 22015 (55) sec
[708] Max 7107 (3280) steps (0.0009 hrs) 0.00:-8013.19 22070 (55) sec
[709] Max 7107 (2629) steps (0.0007 hrs) 0.00:-8013.19 22121 (51) sec
[710] Max 7107 (1599) steps (0.0004 hrs) 0.00:-8013.19 22146 (25) sec
[711] Max 7107 (1330) steps (0.0004 hrs) 0.00:-8013.19 22170 (24) sec
[712] Max 7107 (1983) steps (0.0006 hrs) 0.00:-8013.19 22225 (55) sec
[713] Max 7107 (2231) steps (0.0006 hrs) 0.00:-8013.19 22281 (56) sec
[714] Max 7107 (2196) steps (0.0006 hrs) 0.00:-8013.19 22337 (56) sec
[715] Max 7107 (1385) steps (0.0004 hrs) 0.00:-8013.19 22365 (28) sec
[716] Max 7107 (2764) steps (0.0008 hrs) 0.00:-8013.19 22414 (49) sec
[717] Max 7107 (1061) steps (0.0003 hrs) 0.00:-8013.19 22438 (24) sec
[718] Max 7107 (849) steps (0.0002 hrs) 0.00:-8013.19 22462 (24) sec
[719] Max 7107 (1263) steps (0.0004 hrs) 0.00:-8013.19 22486 (24) sec
[720] Max 7107 (2768) steps (0.0008 hrs) 0.00:-8013.19 22543 (57) sec
[721] Max 7107 (2240) steps (0.0006 hrs) 0.00:-8013.19 22580 (37) sec
[722] Max 7107 (1989) steps (0.0006 hrs) 0.00:-8013.19 22633 (53) sec
[723] Max 7107 (821) steps (0.0002 hrs) 0.00:-8013.19 22656 (23) sec
[724] Max 7107 (2656) steps (0.0007 hrs) 0.00:-8013.19 22712 (56) sec
[725] Max 7107 (2151) steps (0.0006 hrs) 0.00:-8013.19 22768 (56) sec
[726] Max 7107 (2477) steps (0.0007 hrs) 0.00:-8013.19 22792 (24) sec
[727] Max 7107 (2000) steps (0.0006 hrs) 0.00:-8013.19 22839 (47) sec
[728] Max 7107 (3839) steps (0.0011 hrs) 0.00:-8013.19 22893 (54) sec
[729] Max 7107 (581) steps (0.0002 hrs) 0.00:-8013.19 22917 (24) sec
[730] Max 7107 (2282) steps (0.0006 hrs) 0.00:-8013.19 22971 (54) sec
[731] Max 7107 (1867) steps (0.0005 hrs) 0.00:-8013.19 23002 (31) sec
[732] Max 7107 (1720) steps (0.0005 hrs) 0.00:-8013.19 23027 (25) sec
[733] Max 7107 (1046) steps (0.0003 hrs) 0.00:-8013.19 23051 (24) sec
[734] Max 7107 (617) steps (0.0002 hrs) 0.00:-8013.19 23074 (23) sec
[735] Max 7107 (2102) steps (0.0006 hrs) 0.00:-8013.19 23130 (56) sec
[736] Max 7107 (398) steps (0.0001 hrs) 0.00:-8013.19 23154 (24) sec
[737] Max 7107 (1500) steps (0.0004 hrs) 0.00:-8013.19 23182 (28) sec
[738] Max 7107 (2335) steps (0.0006 hrs) 0.00:-8013.19 23238 (56) sec
[739] Max 7107 (2270) steps (0.0006 hrs) 0.00:-8013.19 23295 (57) sec
[740] Max 7107 (1432) steps (0.0004 hrs) 0.00:-8013.19 23323 (28) sec
[741] Max 7107 (1819) steps (0.0005 hrs) 0.00:-8013.19 23346 (23) sec
[742] Max 7107 (1228) steps (0.0003 hrs) 0.00:-8013.19 23370 (24) sec
[743] Max 7107 (825) steps (0.0002 hrs) 0.00:-8013.19 23394 (24) sec
[744] Max 7107 (1185) steps (0.0003 hrs) 0.00:-8013.19 23423 (29) sec
[745] Max 7107 (1506) steps (0.0004 hrs) 0.00:-8013.19 23446 (23) sec
[746] Max 7107 (5207) steps (0.0014 hrs) 0.00:-8013.19 23487 (41) sec
[747] Max 7107 (627) steps (0.0002 hrs) 0.00:-8013.19 23511 (24) sec
[748] Max 7107 (2308) steps (0.0006 hrs) 0.00:-8013.19 23566 (55) sec
[749] Max 7107 (1898) steps (0.0005 hrs) 0.00:-8013.19 23620 (54) sec
[750] Max 7107 (834) steps (0.0002 hrs) 0.00:-8013.19 23644 (24) sec
[751] Max 7107 (3152) steps (0.0009 hrs) 0.00:-8013.19 23696 (52) sec
[752] Max 7107 (275) steps (0.0001 hrs) 0.00:-8013.19 23720 (24) sec
[753] Max 7107 (923) steps (0.0003 hrs) 0.00:-8013.19 23744 (24) sec
[754] Max 7107 (643) steps (0.0002 hrs) 0.00:-8013.19 23768 (24) sec
[755] Max 7107 (3652) steps (0.0010 hrs) 0.00:-8013.19 23825 (57) sec
[756] Max 7107 (1512) steps (0.0004 hrs) 0.00:-8013.19 23849 (24) sec
[757] Max 7107 (1965) steps (0.0005 hrs) 0.00:-8013.19 23905 (56) sec
[758] Max 7107 (239) steps (0.0001 hrs) 0.00:-8013.19 23929 (24) sec
[759] Max 7107 (1297) steps (0.0004 hrs) 0.00:-8013.19 23956 (27) sec
[760] Max 7107 (948) steps (0.0003 hrs) 0.00:-8013.19 23980 (24) sec
[761] Max 7107 (2141) steps (0.0006 hrs) 0.00:-8013.19 24033 (53) sec
[762] Max 7107 (1727) steps (0.0005 hrs) 0.00:-8013.19 24058 (25) sec
[763] Max 7107 (179) steps (0.0000 hrs) 0.00:-8013.19 24082 (24) sec
[764] Max 7107 (2056) steps (0.0006 hrs) 0.00:-8013.19 24139 (57) sec
[765] Max 7107 (854) steps (0.0002 hrs) 0.00:-8013.19 24162 (23) sec
[766] Max 7107 (725) steps (0.0002 hrs) 0.00:-8013.19 24186 (24) sec
[767] Max 7107 (1100) steps (0.0003 hrs) 0.00:-8013.19 24209 (23) sec
[768] Max 7107 (457) steps (0.0001 hrs) 0.00:-8013.19 24234 (25) sec
[769] Max 7107 (198) steps (0.0001 hrs) 0.00:-8013.19 24258 (24) sec
[770] Max 7107 (1982) steps (0.0006 hrs) 0.00:-8013.19 24316 (58) sec
[771] Max 7107 (2134) steps (0.0006 hrs) 0.00:-8013.19 24345 (29) sec
[772] Max 7107 (2197) steps (0.0006 hrs) 0.00:-8013.19 24369 (24) sec
[773] Max 7107 (1329) steps (0.0004 hrs) 0.00:-8013.19 24393 (24) sec
[774] Max 7107 (339) steps (0.0001 hrs) 0.00:-8013.19 24417 (24) sec
[775] Max 7107 (2866) steps (0.0008 hrs) 0.00:-8013.19 24472 (55) sec
[776] Max 7107 (2271) steps (0.0006 hrs) 0.00:-8013.19 24527 (55) sec
[777] Max 7107 (635) steps (0.0002 hrs) 0.00:-8013.19 24551 (24) sec
[778] Max 7107 (594) steps (0.0002 hrs) 0.00:-8013.19 24575 (24) sec
[779] Max 7107 (432) steps (0.0001 hrs) 0.00:-8013.19 24598 (23) sec
[780] Max 7107 (2187) steps (0.0006 hrs) 0.00:-8013.19 24653 (55) sec
[781] Max 7107 (893) steps (0.0002 hrs) 0.00:-8013.19 24677 (24) sec
[782] Max 7107 (2241) steps (0.0006 hrs) 0.00:-8013.19 24733 (56) sec
[783] Max 7107 (1484) steps (0.0004 hrs) 0.00:-8013.19 24758 (25) sec
[784] Max 7107 (538) steps (0.0001 hrs) 0.00:-8013.19 24782 (24) sec
[785] Max 7107 (2200) steps (0.0006 hrs) 0.00:-8013.19 24834 (52) sec
[786] Max 7107 (401) steps (0.0001 hrs) 0.00:-8013.19 24858 (24) sec
[787] Max 7107 (2551) steps (0.0007 hrs) 0.00:-8013.19 24915 (57) sec
[788] Max 7107 (2595) steps (0.0007 hrs) 0.00:-8013.19 24940 (25) sec
[789] Max 7107 (1722) steps (0.0005 hrs) 0.00:-8013.19 24964 (24) sec
[790] Max 7107 (580) steps (0.0002 hrs) 0.00:-8013.19 24989 (25) sec
[791] Max 7107 (1123) steps (0.0003 hrs) 0.00:-8013.19 25015 (26) sec
[792] Max 7107 (2268) steps (0.0006 hrs) 0.00:-8013.19 25072 (57) sec
[793] Max 7107 (2555) steps (0.0007 hrs) 0.00:-8013.19 25126 (54) sec
[794] Max 7107 (369) steps (0.0001 hrs) 0.00:-8013.19 25149 (23) sec
[795] Max 7107 (1255) steps (0.0003 hrs) 0.00:-8013.19 25173 (24) sec
[796] Max 7107 (3819) steps (0.0011 hrs) 0.00:-8013.19 25220 (47) sec
[797] Max 7107 (2053) steps (0.0006 hrs) 0.00:-8013.19 25274 (54) sec
[798] Max 7107 (2524) steps (0.0007 hrs) 0.00:-8013.19 25332 (58) sec
[799] Max 7107 (2237) steps (0.0006 hrs) 0.00:-8013.19 25370 (38) sec
[800] Max 7107 (1979) steps (0.0005 hrs) 0.00:-8013.19 25425 (55) sec
[801] Max 7107 (2322) steps (0.0006 hrs) 0.00:-8013.19 25480 (55) sec
[802] Max 7107 (2449) steps (0.0007 hrs) 0.00:-8013.19 25535 (55) sec
[803] Max 7107 (1875) steps (0.0005 hrs) 0.00:-8013.19 25560 (25) sec
[804] Max 7107 (324) steps (0.0001 hrs) 0.00:-8013.19 25584 (24) sec
[805] Max 7107 (1262) steps (0.0004 hrs) 0.00:-8013.19 25610 (26) sec
[806] Max 7107 (1797) steps (0.0005 hrs) 0.00:-8013.19 25636 (26) sec
[807] Max 7107 (2175) steps (0.0006 hrs) 0.00:-8013.19 25691 (55) sec
[808] Max 7107 (2040) steps (0.0006 hrs) 0.00:-8013.19 25748 (57) sec
[809] Max 7107 (2136) steps (0.0006 hrs) 0.00:-8013.19 25800 (52) sec
[810] Max 7107 (402) steps (0.0001 hrs) 0.00:-8013.19 25824 (24) sec
[811] Max 7107 (797) steps (0.0002 hrs) 0.00:-8013.19 25848 (24) sec
[812] Max 7107 (722) steps (0.0002 hrs) 0.00:-8013.19 25872 (24) sec
[813] Max 7107 (196) steps (0.0001 hrs) 0.00:-8013.19 25896 (24) sec
[814] Max 7107 (229) steps (0.0001 hrs) 0.00:-8013.19 25919 (23) sec
[815] Max 7107 (449) steps (0.0001 hrs) 0.00:-8013.19 25943 (24) sec
[816] Max 7107 (2258) steps (0.0006 hrs) 0.00:-8013.19 25994 (51) sec
[817] Max 7107 (2210) steps (0.0006 hrs) 0.00:-8013.19 26049 (55) sec
[818] Max 7107 (1419) steps (0.0004 hrs) 0.00:-8013.19 26073 (24) sec
[819] Max 7107 (871) steps (0.0002 hrs) 0.00:-8013.19 26097 (24) sec
[820] Max 7107 (318) steps (0.0001 hrs) 0.00:-8013.19 26120 (23) sec
[821] Max 7107 (2520) steps (0.0007 hrs) 0.00:-8013.19 26176 (56) sec
[822] Max 7107 (2368) steps (0.0007 hrs) 0.00:-8013.19 26226 (50) sec
[823] Max 7107 (1669) steps (0.0005 hrs) 0.00:-8013.19 26258 (32) sec
[824] Max 7107 (1158) steps (0.0003 hrs) 0.00:-8013.19 26282 (24) sec
[825] Max 7107 (2062) steps (0.0006 hrs) 0.00:-8013.19 26336 (54) sec
[826] Max 7107 (1951) steps (0.0005 hrs) 0.00:-8013.19 26363 (27) sec
[827] Max 7107 (209) steps (0.0001 hrs) 0.00:-8013.19 26387 (24) sec
[828] Max 7107 (1839) steps (0.0005 hrs) 0.00:-8013.19 26413 (26) sec
[829] Max 7107 (1394) steps (0.0004 hrs) 0.00:-8013.19 26438 (25) sec
[830] Max 7107 (2355) steps (0.0007 hrs) 0.00:-8013.19 26491 (53) sec
[831] Max 7107 (770) steps (0.0002 hrs) 0.00:-8013.19 26515 (24) sec
[832] Max 7107 (1996) steps (0.0006 hrs) 0.00:-8013.19 26544 (29) sec
[833] Max 7107 (2322) steps (0.0006 hrs) 0.00:-8013.19 26595 (51) sec
[834] Max 7107 (1035) steps (0.0003 hrs) 0.00:-8013.19 26618 (23) sec
[835] Max 7107 (1606) steps (0.0004 hrs) 0.00:-8013.19 26642 (24) sec
[836] Max 7107 (2378) steps (0.0007 hrs) 0.00:-8013.19 26696 (54) sec
[837] Max 7107 (279) steps (0.0001 hrs) 0.00:-8013.19 26719 (23) sec
[838] Max 7107 (2641) steps (0.0007 hrs) 0.00:-8013.19 26775 (56) sec
[839] Max 7107 (194) steps (0.0001 hrs) 0.00:-8013.19 26798 (23) sec
[840] Max 7107 (941) steps (0.0003 hrs) 0.00:-8013.19 26822 (24) sec
[841] Max 7107 (2595) steps (0.0007 hrs) 0.00:-8013.19 26877 (55) sec
[842] Max 7107 (1219) steps (0.0003 hrs) 0.00:-8013.19 26903 (26) sec
[843] Max 7107 (1207) steps (0.0003 hrs) 0.00:-8013.19 26929 (26) sec
[844] Max 7107 (2082) steps (0.0006 hrs) 0.00:-8013.19 26984 (55) sec
[845] Max 7107 (914) steps (0.0003 hrs) 0.00:-8013.19 27007 (23) sec
[846] Max 7107 (1196) steps (0.0003 hrs) 0.00:-8013.19 27032 (25) sec
[847] Max 7107 (573) steps (0.0002 hrs) 0.00:-8013.19 27056 (24) sec
[848] Max 7107 (1575) steps (0.0004 hrs) 0.00:-8013.19 27081 (25) sec
[849] Max 7107 (258) steps (0.0001 hrs) 0.00:-8013.19 27105 (24) sec
[850] Max 7107 (597) steps (0.0002 hrs) 0.00:-8013.19 27129 (24) sec
[851] Max 7107 (1179) steps (0.0003 hrs) 0.00:-8013.19 27153 (24) sec
[852] Max 7107 (1164) steps (0.0003 hrs) 0.00:-8013.19 27177 (24) sec
[853] Max 7107 (456) steps (0.0001 hrs) 0.00:-8013.19 27201 (24) sec
[854] Max 7107 (2205) steps (0.0006 hrs) 0.00:-8013.19 27253 (52) sec
[855] Max 7107 (204) steps (0.0001 hrs) 0.00:-8013.19 27276 (23) sec
[856] Max 7107 (801) steps (0.0002 hrs) 0.00:-8013.19 27299 (23) sec
[857] Max 7107 (2163) steps (0.0006 hrs) 0.00:-8013.19 27331 (32) sec
[858] Max 7107 (1612) steps (0.0004 hrs) 0.00:-8013.19 27356 (25) sec
[859] Max 7107 (2376) steps (0.0007 hrs) 0.00:-8013.19 27401 (45) sec
[860] Max 7107 (2446) steps (0.0007 hrs) 0.00:-8013.19 27425 (24) sec
[861] Max 7107 (3214) steps (0.0009 hrs) 0.00:-8013.19 27450 (25) sec
[862] Max 7107 (1667) steps (0.0005 hrs) 0.00:-8013.19 27480 (30) sec
[863] Max 7107 (1073) steps (0.0003 hrs) 0.00:-8013.19 27503 (23) sec
[864] Max 7107 (1862) steps (0.0005 hrs) 0.00:-8013.19 27527 (24) sec
[865] Max 7107 (1647) steps (0.0005 hrs) 0.00:-8013.19 27556 (29) sec
[866] Max 7107 (2036) steps (0.0006 hrs) 0.00:-8013.19 27610 (54) sec
[867] Max 7107 (2306) steps (0.0006 hrs) 0.00:-8013.19 27641 (31) sec
[868] Max 7107 (1789) steps (0.0005 hrs) 0.00:-8013.19 27687 (46) sec
[869] Max 7107 (2347) steps (0.0007 hrs) 0.00:-8013.19 27743 (56) sec
[870] Max 7107 (803) steps (0.0002 hrs) 0.00:-8013.19 27766 (23) sec
[871] Max 7107 (1632) steps (0.0005 hrs) 0.00:-8013.19 27793 (27) sec
[872] Max 7107 (1411) steps (0.0004 hrs) 0.00:-8013.19 27817 (24) sec
[873] Max 7107 (721) steps (0.0002 hrs) 0.00:-8013.19 27843 (26) sec
[874] Max 7107 (868) steps (0.0002 hrs) 0.00:-8013.19 27866 (23) sec
[875] Max 7107 (867) steps (0.0002 hrs) 0.00:-8013.19 27890 (24) sec
[876] Max 7107 (2889) steps (0.0008 hrs) 0.00:-8013.19 27943 (53) sec
[877] Max 7107 (1193) steps (0.0003 hrs) 0.00:-8013.19 27967 (24) sec
[878] Max 7107 (2296) steps (0.0006 hrs) 0.00:-8013.19 28016 (49) sec
[879] Max 7107 (635) steps (0.0002 hrs) 0.00:-8013.19 28039 (23) sec
[880] Max 7107 (2708) steps (0.0008 hrs) 0.00:-8013.19 28080 (41) sec
[881] Max 7107 (561) steps (0.0002 hrs) 0.00:-8013.19 28104 (24) sec
[882] Max 7107 (544) steps (0.0002 hrs) 0.00:-8013.19 28128 (24) sec
[883] Max 7107 (2173) steps (0.0006 hrs) 0.00:-8013.19 28184 (56) sec
[884] Max 7107 (298) steps (0.0001 hrs) 0.00:-8013.19 28208 (24) sec
[885] Max 7107 (2928) steps (0.0008 hrs) 0.00:-8013.19 28262 (54) sec
[886] Max 7107 (397) steps (0.0001 hrs) 0.00:-8013.19 28285 (23) sec
[887] Max 7107 (1143) steps (0.0003 hrs) 0.00:-8013.19 28310 (25) sec
[888] Max 7107 (1005) steps (0.0003 hrs) 0.00:-8013.19 28334 (24) sec
[889] Max 7107 (898) steps (0.0002 hrs) 0.00:-8013.19 28357 (23) sec
[890] Max 7107 (361) steps (0.0001 hrs) 0.00:-8013.19 28381 (24) sec
[891] Max 7107 (1794) steps (0.0005 hrs) 0.00:-8013.19 28432 (51) sec
[892] Max 7107 (667) steps (0.0002 hrs) 0.00:-8013.19 28456 (24) sec
[893] Max 7107 (2233) steps (0.0006 hrs) 0.00:-8013.19 28511 (55) sec
[894] Max 7107 (967) steps (0.0003 hrs) 0.00:-8013.19 28535 (24) sec
[895] Max 7107 (2298) steps (0.0006 hrs) 0.00:-8013.19 28577 (42) sec
[896] Max 7107 (2309) steps (0.0006 hrs) 0.00:-8013.19 28624 (47) sec
[897] Max 7107 (1177) steps (0.0003 hrs) 0.00:-8013.19 28648 (24) sec
[898] Max 7107 (2520) steps (0.0007 hrs) 0.00:-8013.19 28687 (39) sec
[899] Max 7107 (2613) steps (0.0007 hrs) 0.00:-8013.19 28712 (25) sec
[900] Max 7107 (2061) steps (0.0006 hrs) 0.00:-8013.19 28736 (24) sec
[901] Max 7107 (1853) steps (0.0005 hrs) 0.00:-8013.19 28764 (28) sec
[902] Max 7107 (459) steps (0.0001 hrs) 0.00:-8013.19 28787 (23) sec
[903] Max 7107 (738) steps (0.0002 hrs) 0.00:-8013.19 28811 (24) sec
[904] Max 7107 (1429) steps (0.0004 hrs) 0.00:-8013.19 28834 (23) sec
[905] Max 7107 (366) steps (0.0001 hrs) 0.00:-8013.19 28857 (23) sec
[906] Max 7107 (2356) steps (0.0007 hrs) 0.00:-8013.19 28912 (55) sec
[907] Max 7107 (1977) steps (0.0005 hrs) 0.00:-8013.19 28951 (39) sec
[908] Max 7107 (1461) steps (0.0004 hrs) 0.00:-8013.19 28976 (25) sec
[909] Max 7107 (1062) steps (0.0003 hrs) 0.00:-8013.19 29000 (24) sec
[910] Max 7107 (779) steps (0.0002 hrs) 0.00:-8013.19 29023 (23) sec
[911] Max 7107 (2444) steps (0.0007 hrs) 0.00:-8013.19 29078 (55) sec
[912] Max 7107 (489) steps (0.0001 hrs) 0.00:-8013.19 29102 (24) sec
[913] Max 7107 (2851) steps (0.0008 hrs) 0.00:-8013.19 29156 (54) sec
[914] Max 7107 (995) steps (0.0003 hrs) 0.00:-8013.19 29180 (24) sec
[915] Max 7107 (375) steps (0.0001 hrs) 0.00:-8013.19 29203 (23) sec
[916] Max 7107 (2418) steps (0.0007 hrs) 0.00:-8013.19 29245 (42) sec
[917] Max 7107 (1623) steps (0.0005 hrs) 0.00:-8013.19 29269 (24) sec
[918] Max 7107 (217) steps (0.0001 hrs) 0.00:-8013.19 29292 (23) sec
[919] Max 7107 (369) steps (0.0001 hrs) 0.00:-8013.19 29316 (24) sec
[920] Max 7107 (798) steps (0.0002 hrs) 0.00:-8013.19 29340 (24) sec
[921] Max 7107 (2101) steps (0.0006 hrs) 0.00:-8013.19 29395 (55) sec
[922] Max 7107 (2048) steps (0.0006 hrs) 0.00:-8013.19 29419 (24) sec
[923] Max 7107 (1759) steps (0.0005 hrs) 0.00:-8013.19 29444 (25) sec
[924] Max 7107 (222) steps (0.0001 hrs) 0.00:-8013.19 29467 (23) sec
[925] Max 7107 (283) steps (0.0001 hrs) 0.00:-8013.19 29491 (24) sec
[926] Max 7107 (898) steps (0.0002 hrs) 0.00:-8013.19 29514 (23) sec
[927] Max 7107 (1020) steps (0.0003 hrs) 0.00:-8013.19 29538 (24) sec
[928] Max 10768 (10768) steps (0.0030 hrs) 0.00:-8013.19 29593 (55) sec
[929] Max 10768 (2365) steps (0.0007 hrs) 0.00:-8013.19 29649 (56) sec
[930] Max 10768 (770) steps (0.0002 hrs) 0.00:-8013.19 29673 (24) sec
[931] Max 10768 (178) steps (0.0000 hrs) 0.00:-8013.19 29696 (23) sec
[932] Max 10768 (682) steps (0.0002 hrs) 0.00:-8013.19 29720 (24) sec
[933] Max 10768 (2495) steps (0.0007 hrs) 0.00:-8013.19 29773 (53) sec
[934] Max 10768 (1954) steps (0.0005 hrs) 0.00:-8013.19 29826 (53) sec
[935] Max 10768 (1649) steps (0.0005 hrs) 0.00:-8013.19 29868 (42) sec
[936] Max 10768 (2032) steps (0.0006 hrs) 0.00:-8013.19 29918 (50) sec
[937] Max 10768 (815) steps (0.0002 hrs) 0.00:-8013.19 29941 (23) sec
[938] Max 10768 (2252) steps (0.0006 hrs) 0.00:-8013.19 29993 (52) sec
[939] Max 10768 (604) steps (0.0002 hrs) 0.00:-8013.19 30017 (24) sec
[940] Max 10768 (1788) steps (0.0005 hrs) 0.00:-8013.19 30041 (24) sec
[941] Max 10768 (936) steps (0.0003 hrs) 0.00:-8013.19 30065 (24) sec
[942] Max 10768 (1360) steps (0.0004 hrs) 0.00:-8013.19 30091 (26) sec
[943] Max 10768 (2040) steps (0.0006 hrs) 0.00:-8013.19 30123 (32) sec
[944] Max 10768 (731) steps (0.0002 hrs) 0.00:-8013.19 30147 (24) sec
[945] Max 10768 (1569) steps (0.0004 hrs) 0.00:-8013.19 30173 (26) sec
[946] Max 10768 (2039) steps (0.0006 hrs) 0.00:-8013.19 30230 (57) sec
[947] Max 10768 (1141) steps (0.0003 hrs) 0.00:-8013.19 30254 (24) sec
[948] Max 10768 (1573) steps (0.0004 hrs) 0.00:-8013.19 30283 (29) sec
[949] Max 10768 (576) steps (0.0002 hrs) 0.00:-8013.19 30307 (24) sec
[950] Max 10768 (2165) steps (0.0006 hrs) 0.00:-8013.19 30360 (53) sec
[951] Max 10768 (433) steps (0.0001 hrs) 0.00:-8013.19 30383 (23) sec
[952] Max 10768 (855) steps (0.0002 hrs) 0.00:-8013.19 30407 (24) sec
[953] Max 10768 (1719) steps (0.0005 hrs) 0.00:-8013.19 30432 (25) sec
[954] Max 10768 (646) steps (0.0002 hrs) 0.00:-8013.19 30456 (24) sec
[955] Max 10768 (2021) steps (0.0006 hrs) 0.00:-8013.19 30482 (26) sec
[956] Max 10768 (2441) steps (0.0007 hrs) 0.00:-8013.19 30532 (50) sec
[957] Max 10768 (941) steps (0.0003 hrs) 0.00:-8013.19 30556 (24) sec
[958] Max 10768 (424) steps (0.0001 hrs) 0.00:-8013.19 30580 (24) sec
[959] Max 10768 (384) steps (0.0001 hrs) 0.00:-8013.19 30603 (23) sec
[960] Max 10768 (2498) steps (0.0007 hrs) 0.00:-8013.19 30660 (57) sec
[961] Max 10768 (2635) steps (0.0007 hrs) 0.00:-8013.19 30715 (55) sec
[962] Max 10768 (633) steps (0.0002 hrs) 0.00:-8013.19 30739 (24) sec
[963] Max 10768 (274) steps (0.0001 hrs) 0.00:-8013.19 30762 (23) sec
[964] Max 10768 (718) steps (0.0002 hrs) 0.00:-8013.19 30786 (24) sec
[965] Max 10768 (219) steps (0.0001 hrs) 0.00:-8013.19 30810 (24) sec
[966] Max 10768 (768) steps (0.0002 hrs) 0.00:-8013.19 30834 (24) sec
[967] Max 10768 (1758) steps (0.0005 hrs) 0.00:-8013.19 30858 (24) sec
[968] Max 10768 (232) steps (0.0001 hrs) 0.00:-8013.19 30881 (23) sec
[969] Max 10768 (336) steps (0.0001 hrs) 0.00:-8013.19 30905 (24) sec
[970] Max 10768 (1254) steps (0.0003 hrs) 0.00:-8013.19 30929 (24) sec
[971] Max 10768 (469) steps (0.0001 hrs) 0.00:-8013.19 30952 (23) sec
[972] Max 10768 (185) steps (0.0001 hrs) 0.00:-8013.19 30976 (24) sec
[973] Max 10768 (899) steps (0.0002 hrs) 0.00:-8013.19 31000 (24) sec
[974] Max 10768 (3509) steps (0.0010 hrs) 0.00:-8013.19 31025 (25) sec
[975] Max 10768 (655) steps (0.0002 hrs) 0.00:-8013.19 31049 (24) sec
[976] Max 10768 (821) steps (0.0002 hrs) 0.00:-8013.19 31073 (24) sec
[977] Max 10768 (165) steps (0.0000 hrs) 0.00:-8013.19 31096 (23) sec
[978] Max 10768 (665) steps (0.0002 hrs) 0.00:-8013.19 31120 (24) sec
[979] Max 10768 (368) steps (0.0001 hrs) 0.00:-8013.19 31143 (23) sec
[980] Max 10768 (248) steps (0.0001 hrs) 0.00:-8013.19 31167 (24) sec
[981] Max 10768 (5018) steps (0.0014 hrs) 0.00:-8013.19 31192 (25) sec
[982] Max 10768 (1057) steps (0.0003 hrs) 0.00:-8013.19 31215 (23) sec
[983] Max 10768 (1836) steps (0.0005 hrs) 0.00:-8013.19 31271 (56) sec
[984] Max 10768 (459) steps (0.0001 hrs) 0.00:-8013.19 31294 (23) sec
[985] Max 10768 (1131) steps (0.0003 hrs) 0.00:-8013.19 31317 (23) sec
[986] Max 10768 (1097) steps (0.0003 hrs) 0.00:-8013.19 31341 (24) sec
[987] Max 10768 (285) steps (0.0001 hrs) 0.00:-8013.19 31364 (23) sec
[988] Max 10768 (2361) steps (0.0007 hrs) 0.00:-8013.19 31418 (54) sec
[989] Max 10768 (545) steps (0.0002 hrs) 0.00:-8013.19 31443 (25) sec
[990] Max 10768 (1531) steps (0.0004 hrs) 0.00:-8013.19 31468 (25) sec
[991] Max 10768 (304) steps (0.0001 hrs) 0.00:-8013.19 31491 (23) sec
[992] Max 10768 (2303) steps (0.0006 hrs) 0.00:-8013.19 31537 (46) sec
[993] Max 10768 (725) steps (0.0002 hrs) 0.00:-8013.19 31560 (23) sec
[994] Max 10768 (2023) steps (0.0006 hrs) 0.00:-8013.19 31617 (57) sec
[995] Max 10768 (2104) steps (0.0006 hrs) 0.00:-8013.19 31671 (54) sec
[996] Max 10768 (1949) steps (0.0005 hrs) 0.00:-8013.19 31728 (57) sec
[997] Max 10768 (393) steps (0.0001 hrs) 0.00:-8013.19 31751 (23) sec
[998] Max 10768 (470) steps (0.0001 hrs) 0.00:-8013.19 31774 (23) sec
[999] Max 10768 (2959) steps (0.0008 hrs) 0.00:-8013.19 31819 (45) sec
[1000] Max 10768 (315) steps (0.0001 hrs) 0.00:-8013.19 31841 (22) sec
Total Elapsed time: 31841 seconds
Wrote current data to latest.train
