balanced 0 test_flag 0
[1] Max 287 (287) steps (0.0001 hrs) 0.00:-7992.93 17 (17) sec
[2] Max 2015 (2015) steps (0.0006 hrs) 0.00:-7992.44 45 (28) sec
[3] Max 2015 (1478) steps (0.0004 hrs) 0.00:-7992.44 62 (17) sec
[4] Max 2015 (773) steps (0.0002 hrs) 0.00:-7992.44 79 (17) sec
[5] Max 2015 (335) steps (0.0001 hrs) 0.00:-7992.44 96 (17) sec
[6] Max 2015 (1272) steps (0.0004 hrs) 0.00:-7992.44 114 (18) sec
[7] Max 2015 (1550) steps (0.0004 hrs) 0.00:-7992.44 133 (19) sec
[8] Max 2015 (1882) steps (0.0005 hrs) 0.00:-7992.44 173 (40) sec
[9] Max 2015 (210) steps (0.0001 hrs) 0.00:-7992.44 191 (18) sec
[10] Max 2833 (2833) steps (0.0008 hrs) 0.00:-7992.44 237 (46) sec
[11] Max 2833 (844) steps (0.0002 hrs) 0.00:-7992.44 255 (18) sec
[12] Max 2833 (1641) steps (0.0005 hrs) 0.00:-7992.44 273 (18) sec
[13] Max 2833 (247) steps (0.0001 hrs) 0.00:-7992.44 291 (18) sec
[14] Max 2833 (174) steps (0.0000 hrs) 0.00:-7992.44 308 (17) sec
[15] Max 2833 (228) steps (0.0001 hrs) 0.00:-7992.44 326 (18) sec
[16] Max 3627 (3627) steps (0.0010 hrs) 0.00:-7992.44 380 (54) sec
[17] Max 3627 (262) steps (0.0001 hrs) 0.00:-7992.44 402 (22) sec
[18] Max 3627 (314) steps (0.0001 hrs) 0.00:-7992.44 424 (22) sec
[19] Max 3627 (239) steps (0.0001 hrs) 0.00:-7992.44 446 (22) sec
[20] Max 3627 (1838) steps (0.0005 hrs) 0.00:-7992.44 502 (56) sec
[21] Max 3627 (2323) steps (0.0006 hrs) 0.00:-7992.44 559 (57) sec
[22] Max 3627 (239) steps (0.0001 hrs) 0.00:-7992.44 581 (22) sec
[23] Max 3627 (1741) steps (0.0005 hrs) 0.00:-7992.44 604 (23) sec
[24] Max 3627 (1946) steps (0.0005 hrs) 0.00:-7992.44 661 (57) sec
[25] Max 3627 (2526) steps (0.0007 hrs) 0.00:-7992.44 721 (60) sec
[26] Max 3627 (2307) steps (0.0006 hrs) 0.00:-7992.44 758 (37) sec
[27] Max 3627 (1094) steps (0.0003 hrs) 0.00:-7992.44 781 (23) sec
[28] Max 4351 (4351) steps (0.0012 hrs) 0.00:-7992.44 837 (56) sec
[29] Max 4351 (2477) steps (0.0007 hrs) 0.00:-7992.44 885 (48) sec
[30] Max 4351 (840) steps (0.0002 hrs) 0.00:-7992.44 906 (21) sec
[31] Max 4351 (398) steps (0.0001 hrs) 0.00:-7992.44 928 (22) sec
[32] Max 4351 (1969) steps (0.0005 hrs) 0.00:-7992.44 953 (25) sec
[33] Max 4351 (644) steps (0.0002 hrs) 0.00:-7992.44 975 (22) sec
[34] Max 4351 (892) steps (0.0002 hrs) 0.00:-7992.44 997 (22) sec
[35] Max 4351 (263) steps (0.0001 hrs) 0.00:-7992.44 1020 (23) sec
[36] Max 4351 (378) steps (0.0001 hrs) 0.00:-7992.44 1042 (22) sec
[37] Max 4351 (822) steps (0.0002 hrs) 0.00:-7992.44 1064 (22) sec
[38] Max 4351 (577) steps (0.0002 hrs) 0.00:-7992.44 1086 (22) sec
[39] Max 4351 (749) steps (0.0002 hrs) 0.00:-7992.44 1108 (22) sec
[40] Max 4351 (506) steps (0.0001 hrs) 0.00:-7992.44 1130 (22) sec
[41] Max 4351 (2527) steps (0.0007 hrs) 0.00:-7992.44 1186 (56) sec
[42] Max 4351 (230) steps (0.0001 hrs) 0.00:-7992.44 1208 (22) sec
[43] Max 4351 (2839) steps (0.0008 hrs) 0.00:-7992.44 1231 (23) sec
[44] Max 4351 (262) steps (0.0001 hrs) 0.00:-7992.44 1253 (22) sec
[45] Max 4351 (2532) steps (0.0007 hrs) 0.00:-7992.44 1311 (58) sec
[46] Max 4351 (1944) steps (0.0005 hrs) 0.00:-7992.44 1339 (28) sec
[47] Max 4351 (1178) steps (0.0003 hrs) 0.00:-7992.44 1362 (23) sec
[48] Max 4351 (550) steps (0.0002 hrs) 0.00:-7992.44 1384 (22) sec
[49] Max 4351 (1896) steps (0.0005 hrs) 0.00:-7992.44 1421 (37) sec
[50] Max 4351 (2063) steps (0.0006 hrs) 0.00:-7992.44 1455 (34) sec
[51] Max 4351 (2273) steps (0.0006 hrs) 0.00:-7992.44 1512 (57) sec
[52] Max 4351 (1413) steps (0.0004 hrs) 0.00:-7992.44 1534 (22) sec
[53] Max 4351 (2080) steps (0.0006 hrs) 0.00:-7992.44 1591 (57) sec
[54] Max 4351 (2404) steps (0.0007 hrs) 0.00:-7992.44 1633 (42) sec
[55] Max 4374 (4374) steps (0.0012 hrs) 0.00:-7992.44 1658 (25) sec
[56] Max 4374 (697) steps (0.0002 hrs) 0.00:-7992.44 1680 (22) sec
[57] Max 4374 (3738) steps (0.0010 hrs) 0.00:-7992.44 1750 (70) sec
[58] Max 4374 (1996) steps (0.0006 hrs) 0.00:-7992.44 1804 (54) sec
[59] Max 4374 (827) steps (0.0002 hrs) 0.00:-7992.44 1826 (22) sec
[60] Max 4374 (1547) steps (0.0004 hrs) 0.00:-7992.44 1848 (22) sec
[61] Max 4374 (2157) steps (0.0006 hrs) 0.00:-7992.44 1903 (55) sec
[62] Max 4374 (2028) steps (0.0006 hrs) 0.00:-7992.44 1934 (31) sec
[63] Max 4374 (1264) steps (0.0004 hrs) 0.00:-7992.44 1956 (22) sec
[64] Max 4374 (519) steps (0.0001 hrs) 0.00:-7992.44 1978 (22) sec
[65] Max 4374 (484) steps (0.0001 hrs) 0.00:-7992.44 2000 (22) sec
[66] Max 4374 (943) steps (0.0003 hrs) 0.00:-7992.44 2022 (22) sec
[67] Max 4374 (2282) steps (0.0006 hrs) 0.00:-7992.44 2047 (25) sec
[68] Max 4374 (676) steps (0.0002 hrs) 0.00:-7992.44 2068 (21) sec
[69] Max 4374 (2552) steps (0.0007 hrs) 0.00:-7992.44 2124 (56) sec
[70] Max 4374 (2240) steps (0.0006 hrs) 0.00:-7992.44 2161 (37) sec
[71] Max 4374 (610) steps (0.0002 hrs) 0.00:-7992.44 2183 (22) sec
[72] Max 4374 (2529) steps (0.0007 hrs) 0.00:-7992.44 2205 (22) sec
[73] Max 4374 (315) steps (0.0001 hrs) 0.00:-7992.44 2227 (22) sec
[74] Max 4374 (564) steps (0.0002 hrs) 0.00:-7992.44 2249 (22) sec
[75] Max 4374 (986) steps (0.0003 hrs) 0.00:-7992.44 2271 (22) sec
[76] Max 4374 (174) steps (0.0000 hrs) 0.00:-7992.44 2293 (22) sec
[77] Max 4374 (328) steps (0.0001 hrs) 0.00:-7992.44 2315 (22) sec
[78] Max 4374 (445) steps (0.0001 hrs) 0.00:-7992.44 2337 (22) sec
[79] Max 4374 (1922) steps (0.0005 hrs) 0.00:-7992.44 2392 (55) sec
[80] Max 4374 (3719) steps (0.0010 hrs) 0.00:-7992.44 2452 (60) sec
[81] Max 4374 (188) steps (0.0001 hrs) 0.00:-7992.44 2474 (22) sec
[82] Max 4374 (298) steps (0.0001 hrs) 0.00:-7992.44 2495 (21) sec
[83] Max 4374 (3236) steps (0.0009 hrs) 0.00:-7992.44 2526 (31) sec
[84] Max 4374 (2575) steps (0.0007 hrs) 0.00:-7992.44 2581 (55) sec
[85] Max 4374 (2539) steps (0.0007 hrs) 0.00:-7992.44 2639 (58) sec
[86] Max 4374 (211) steps (0.0001 hrs) 0.00:-7992.44 2660 (21) sec
[87] Max 4374 (1251) steps (0.0003 hrs) 0.00:-7992.44 2683 (23) sec
[88] Max 4374 (948) steps (0.0003 hrs) 0.00:-7992.44 2705 (22) sec
[89] Max 4374 (284) steps (0.0001 hrs) 0.00:-7992.44 2727 (22) sec
[90] Max 4374 (1063) steps (0.0003 hrs) 0.00:-7992.44 2750 (23) sec
[91] Max 4374 (2266) steps (0.0006 hrs) 0.00:-7992.44 2805 (55) sec
[92] Max 4374 (268) steps (0.0001 hrs) 0.00:-7992.44 2827 (22) sec
[93] Max 4374 (2414) steps (0.0007 hrs) 0.00:-7992.44 2865 (38) sec
[94] Max 4374 (2664) steps (0.0007 hrs) 0.00:-7992.44 2921 (56) sec
[95] Max 4374 (652) steps (0.0002 hrs) 0.00:-7992.44 2943 (22) sec
[96] Max 4374 (2350) steps (0.0007 hrs) 0.00:-7992.44 2999 (56) sec
[97] Max 4374 (1501) steps (0.0004 hrs) 0.00:-7992.44 3022 (23) sec
[98] Max 4374 (1691) steps (0.0005 hrs) 0.00:-7992.44 3045 (23) sec
[99] Max 4374 (647) steps (0.0002 hrs) 0.00:-7992.44 3067 (22) sec
[100] Max 4374 (370) steps (0.0001 hrs) 0.00:-7992.44 3088 (21) sec
[101] Max 4374 (1471) steps (0.0004 hrs) 0.00:-7992.44 3111 (23) sec
[102] Max 4374 (966) steps (0.0003 hrs) 0.00:-7992.44 3134 (23) sec
[103] Max 4374 (3175) steps (0.0009 hrs) 0.00:-7992.44 3157 (23) sec
[104] Max 4374 (1922) steps (0.0005 hrs) 0.00:-7992.44 3198 (41) sec
[105] Max 4374 (2762) steps (0.0008 hrs) 0.00:-7992.44 3254 (56) sec
[106] Max 4374 (456) steps (0.0001 hrs) 0.00:-7992.44 3276 (22) sec
[107] Max 4374 (609) steps (0.0002 hrs) 0.00:-7992.44 3298 (22) sec
[108] Max 4374 (1195) steps (0.0003 hrs) 0.00:-7992.44 3321 (23) sec
[109] Max 4374 (302) steps (0.0001 hrs) 0.00:-7992.44 3343 (22) sec
[110] Max 4374 (1001) steps (0.0003 hrs) 0.00:-7992.44 3365 (22) sec
[111] Max 4374 (484) steps (0.0001 hrs) 0.00:-7992.44 3387 (22) sec
[112] Max 4374 (1192) steps (0.0003 hrs) 0.00:-7992.44 3409 (22) sec
[113] Max 4374 (1286) steps (0.0004 hrs) 0.00:-7992.44 3433 (24) sec
[114] Max 4374 (2596) steps (0.0007 hrs) 0.00:-7992.44 3489 (56) sec
[115] Max 4374 (640) steps (0.0002 hrs) 0.00:-7992.44 3511 (22) sec
[116] Max 4374 (2582) steps (0.0007 hrs) 0.00:-7992.44 3565 (54) sec
[117] Max 4374 (155) steps (0.0000 hrs) 0.00:-7992.44 3587 (22) sec
[118] Max 4374 (190) steps (0.0001 hrs) 0.00:-7992.44 3608 (21) sec
[119] Max 4374 (167) steps (0.0000 hrs) 0.00:-7992.44 3630 (22) sec
[120] Max 4374 (621) steps (0.0002 hrs) 0.00:-7992.44 3652 (22) sec
[121] Max 4374 (262) steps (0.0001 hrs) 0.00:-7992.44 3674 (22) sec
[122] Max 4374 (251) steps (0.0001 hrs) 0.00:-7992.44 3696 (22) sec
[123] Max 4374 (2081) steps (0.0006 hrs) 0.00:-7992.44 3752 (56) sec
[124] Max 4374 (2468) steps (0.0007 hrs) 0.00:-7992.44 3775 (23) sec
[125] Max 4374 (495) steps (0.0001 hrs) 0.00:-7992.44 3797 (22) sec
[126] Max 4374 (430) steps (0.0001 hrs) 0.00:-7992.44 3819 (22) sec
[127] Max 4374 (1978) steps (0.0005 hrs) 0.00:-7992.44 3870 (51) sec
[128] Max 4374 (1189) steps (0.0003 hrs) 0.00:-7992.44 3892 (22) sec
[129] Max 4374 (2318) steps (0.0006 hrs) 0.00:-7992.44 3942 (50) sec
[130] Max 4374 (301) steps (0.0001 hrs) 0.00:-7992.44 3964 (22) sec
[131] Max 4374 (1903) steps (0.0005 hrs) 0.00:-7992.44 4003 (39) sec
[132] Max 4374 (2155) steps (0.0006 hrs) 0.00:-7992.44 4041 (38) sec
[133] Max 4374 (354) steps (0.0001 hrs) 0.00:-7992.44 4063 (22) sec
[134] Max 4374 (2860) steps (0.0008 hrs) 0.00:-7992.44 4115 (52) sec
[135] Max 4374 (1947) steps (0.0005 hrs) 0.00:-7992.44 4161 (46) sec
[136] Max 4374 (1589) steps (0.0004 hrs) 0.00:-7992.44 4184 (23) sec
[137] Max 4374 (1590) steps (0.0004 hrs) 0.00:-7992.44 4208 (24) sec
[138] Max 4374 (1925) steps (0.0005 hrs) 0.00:-7992.44 4249 (41) sec
[139] Max 4374 (1665) steps (0.0005 hrs) 0.00:-7992.44 4278 (29) sec
[140] Max 4374 (1967) steps (0.0005 hrs) 0.00:-7992.44 4299 (21) sec
[141] Max 4374 (2244) steps (0.0006 hrs) 0.00:-7992.44 4341 (42) sec
[142] Max 4374 (4280) steps (0.0012 hrs) 0.00:-7992.44 4366 (25) sec
[143] Max 4374 (1473) steps (0.0004 hrs) 0.00:-7992.44 4389 (23) sec
[144] Max 4374 (557) steps (0.0002 hrs) 0.00:-7992.44 4411 (22) sec
[145] Max 4374 (572) steps (0.0002 hrs) 0.00:-7992.44 4433 (22) sec
[146] Max 4374 (2128) steps (0.0006 hrs) 0.00:-7992.44 4485 (52) sec
[147] Max 4374 (2064) steps (0.0006 hrs) 0.00:-7992.44 4509 (24) sec
[148] Max 4374 (1163) steps (0.0003 hrs) 0.00:-7992.44 4532 (23) sec
[149] Max 4374 (900) steps (0.0003 hrs) 0.00:-7992.44 4553 (21) sec
[150] Max 4374 (158) steps (0.0000 hrs) 0.00:-7992.44 4575 (22) sec
[151] Max 4374 (1982) steps (0.0006 hrs) 0.00:-7992.44 4634 (59) sec
[152] Max 4374 (720) steps (0.0002 hrs) 0.00:-7992.44 4656 (22) sec
[153] Max 4374 (586) steps (0.0002 hrs) 0.00:-7992.44 4678 (22) sec
[154] Max 4374 (1626) steps (0.0005 hrs) 0.00:-7992.44 4700 (22) sec
[155] Max 4374 (2273) steps (0.0006 hrs) 0.00:-7992.44 4756 (56) sec
[156] Max 4374 (3115) steps (0.0009 hrs) 0.00:-7992.44 4784 (28) sec
[157] Max 4374 (308) steps (0.0001 hrs) 0.00:-7992.44 4806 (22) sec
[158] Max 4374 (501) steps (0.0001 hrs) 0.00:-7992.44 4828 (22) sec
[159] Max 4374 (2080) steps (0.0006 hrs) 0.00:-7992.44 4850 (22) sec
[160] Max 4374 (2284) steps (0.0006 hrs) 0.00:-7992.44 4899 (49) sec
[161] Max 4374 (1874) steps (0.0005 hrs) 0.00:-7992.44 4921 (22) sec
[162] Max 4374 (448) steps (0.0001 hrs) 0.00:-7992.44 4943 (22) sec
[163] Max 4374 (1123) steps (0.0003 hrs) 0.00:-7992.44 4965 (22) sec
[164] Max 4374 (1611) steps (0.0004 hrs) 0.00:-7992.44 4988 (23) sec
[165] Max 4374 (1950) steps (0.0005 hrs) 0.00:-7992.44 5043 (55) sec
[166] Max 4374 (1090) steps (0.0003 hrs) 0.00:-7992.44 5065 (22) sec
[167] Max 4374 (941) steps (0.0003 hrs) 0.00:-7992.44 5087 (22) sec
[168] Max 4374 (658) steps (0.0002 hrs) 0.00:-7992.44 5109 (22) sec
[169] Max 4374 (1725) steps (0.0005 hrs) 0.00:-7992.44 5141 (32) sec
[170] Max 4374 (352) steps (0.0001 hrs) 0.00:-7992.44 5162 (21) sec
[171] Max 4374 (235) steps (0.0001 hrs) 0.00:-7992.44 5184 (22) sec
[172] Max 4374 (761) steps (0.0002 hrs) 0.00:-7992.44 5206 (22) sec
[173] Max 4374 (1104) steps (0.0003 hrs) 0.00:-7992.44 5230 (24) sec
[174] Max 4374 (2421) steps (0.0007 hrs) 0.00:-7992.44 5287 (57) sec
[175] Max 4374 (615) steps (0.0002 hrs) 0.00:-7992.44 5309 (22) sec
[176] Max 4374 (2397) steps (0.0007 hrs) 0.00:-7992.44 5356 (47) sec
[177] Max 4374 (2239) steps (0.0006 hrs) 0.00:-7992.44 5407 (51) sec
[178] Max 4374 (2124) steps (0.0006 hrs) 0.00:-7992.44 5458 (51) sec
[179] Max 4374 (833) steps (0.0002 hrs) 0.00:-7992.44 5481 (23) sec
[180] Max 4374 (1470) steps (0.0004 hrs) 0.00:-7992.44 5504 (23) sec
[181] Max 4374 (1985) steps (0.0006 hrs) 0.00:-7992.44 5528 (24) sec
[182] Max 4374 (1747) steps (0.0005 hrs) 0.00:-7992.44 5557 (29) sec
[183] Max 4374 (1966) steps (0.0005 hrs) 0.00:-7992.44 5595 (38) sec
[184] Max 4374 (2424) steps (0.0007 hrs) 0.00:-7992.44 5647 (52) sec
[185] Max 4374 (993) steps (0.0003 hrs) 0.00:-7992.44 5670 (23) sec
[186] Max 4374 (2531) steps (0.0007 hrs) 0.00:-7992.44 5726 (56) sec
[187] Max 4374 (2636) steps (0.0007 hrs) 0.00:-7992.44 5783 (57) sec
[188] Max 4374 (512) steps (0.0001 hrs) 0.00:-7992.44 5804 (21) sec
[189] Max 4374 (676) steps (0.0002 hrs) 0.00:-7992.44 5827 (23) sec
[190] Max 4374 (2012) steps (0.0006 hrs) 0.00:-7992.44 5853 (26) sec
[191] Max 4374 (538) steps (0.0001 hrs) 0.00:-7992.44 5876 (23) sec
[192] Max 4374 (762) steps (0.0002 hrs) 0.00:-7992.44 5898 (22) sec
[193] Max 4374 (227) steps (0.0001 hrs) 0.00:-7992.44 5919 (21) sec
[194] Max 4374 (263) steps (0.0001 hrs) 0.00:-7992.44 5941 (22) sec
[195] Max 4374 (2155) steps (0.0006 hrs) 0.00:-7992.44 5984 (43) sec
[196] Max 4374 (196) steps (0.0001 hrs) 0.00:-7992.44 6006 (22) sec
[197] Max 4374 (2179) steps (0.0006 hrs) 0.00:-7992.44 6036 (30) sec
[198] Max 4374 (2615) steps (0.0007 hrs) 0.00:-7992.44 6063 (27) sec
[199] Max 4374 (284) steps (0.0001 hrs) 0.00:-7992.44 6084 (21) sec
[200] Max 4374 (1350) steps (0.0004 hrs) 0.00:-7992.44 6106 (22) sec
[201] Max 4374 (2955) steps (0.0008 hrs) 0.00:-7992.44 6160 (54) sec
[202] Max 4374 (1548) steps (0.0004 hrs) 0.00:-7992.44 6189 (29) sec
[203] Max 4374 (202) steps (0.0001 hrs) 0.00:-7992.44 6212 (23) sec
[204] Max 4374 (1656) steps (0.0005 hrs) 0.00:-7992.44 6237 (25) sec
[205] Max 4374 (444) steps (0.0001 hrs) 0.00:-7992.44 6258 (21) sec
[206] Max 4374 (2390) steps (0.0007 hrs) 0.00:-7992.44 6316 (58) sec
[207] Max 4374 (3600) steps (0.0010 hrs) 0.00:-7992.44 6369 (53) sec
[208] Max 4374 (1621) steps (0.0005 hrs) 0.00:-7992.44 6396 (27) sec
[209] Max 4374 (2074) steps (0.0006 hrs) 0.00:-7992.44 6425 (29) sec
[210] Max 4374 (157) steps (0.0000 hrs) 0.00:-7992.44 6447 (22) sec
[211] Max 4374 (1633) steps (0.0005 hrs) 0.00:-7992.44 6474 (27) sec
[212] Max 4374 (451) steps (0.0001 hrs) 0.00:-7992.44 6496 (22) sec
[213] Max 4374 (1290) steps (0.0004 hrs) 0.00:-7992.44 6518 (22) sec
[214] Max 4374 (2442) steps (0.0007 hrs) 0.00:-7992.44 6570 (52) sec
[215] Max 4374 (3052) steps (0.0008 hrs) 0.00:-7992.44 6626 (56) sec
[216] Max 4374 (2172) steps (0.0006 hrs) 0.00:-7992.44 6667 (41) sec
[217] Max 4374 (2255) steps (0.0006 hrs) 0.00:-7992.44 6706 (39) sec
[218] Max 4374 (2446) steps (0.0007 hrs) 0.00:-7992.44 6763 (57) sec
[219] Max 4374 (154) steps (0.0000 hrs) 0.00:-7992.44 6784 (21) sec
[220] Max 4374 (1111) steps (0.0003 hrs) 0.00:-7992.44 6806 (22) sec
[221] Max 4374 (1340) steps (0.0004 hrs) 0.00:-7992.44 6828 (22) sec
[222] Max 4374 (3979) steps (0.0011 hrs) 0.00:-7992.44 6867 (39) sec
[223] Max 4374 (2293) steps (0.0006 hrs) 0.00:-7992.44 6922 (55) sec
[224] Max 4374 (1745) steps (0.0005 hrs) 0.00:-7992.44 6945 (23) sec
[225] Max 4374 (2227) steps (0.0006 hrs) 0.00:-7992.44 6990 (45) sec
[226] Max 4374 (196) steps (0.0001 hrs) 0.00:-7992.44 7011 (21) sec
[227] Max 4374 (2032) steps (0.0006 hrs) 0.00:-7992.44 7068 (57) sec
[228] Max 4374 (444) steps (0.0001 hrs) 0.00:-7992.44 7089 (21) sec
[229] Max 4374 (1858) steps (0.0005 hrs) 0.00:-7992.44 7113 (24) sec
[230] Max 4374 (1269) steps (0.0004 hrs) 0.00:-7992.44 7136 (23) sec
[231] Max 4374 (735) steps (0.0002 hrs) 0.00:-7992.44 7160 (24) sec
[232] Max 4374 (2072) steps (0.0006 hrs) 0.00:-7992.44 7209 (49) sec
[233] Max 4374 (439) steps (0.0001 hrs) 0.00:-7992.44 7231 (22) sec
[234] Max 4374 (803) steps (0.0002 hrs) 0.00:-7992.44 7253 (22) sec
[235] Max 4374 (1583) steps (0.0004 hrs) 0.00:-7992.44 7283 (30) sec
[236] Max 4374 (3296) steps (0.0009 hrs) 0.00:-7992.44 7342 (59) sec
[237] Max 4374 (1687) steps (0.0005 hrs) 0.00:-7992.44 7365 (23) sec
[238] Max 4374 (434) steps (0.0001 hrs) 0.00:-7992.44 7387 (22) sec
[239] Max 4374 (170) steps (0.0000 hrs) 0.00:-7992.44 7409 (22) sec
[240] Max 4374 (168) steps (0.0000 hrs) 0.00:-7992.44 7430 (21) sec
[241] Max 4374 (177) steps (0.0000 hrs) 0.00:-7992.44 7452 (22) sec
[242] Max 4374 (2413) steps (0.0007 hrs) 0.00:-7992.44 7508 (56) sec
[243] Max 4374 (2134) steps (0.0006 hrs) 0.00:-7992.44 7565 (57) sec
[244] Max 4374 (2149) steps (0.0006 hrs) 0.00:-7992.44 7598 (33) sec
[245] Max 4374 (862) steps (0.0002 hrs) 0.00:-7992.44 7620 (22) sec
[246] Max 4374 (213) steps (0.0001 hrs) 0.00:-7992.44 7642 (22) sec
[247] Max 4374 (273) steps (0.0001 hrs) 0.00:-7992.44 7664 (22) sec
[248] Max 4374 (148) steps (0.0000 hrs) 0.00:-7992.44 7685 (21) sec
[249] Max 4374 (695) steps (0.0002 hrs) 0.00:-7992.44 7707 (22) sec
[250] Max 4374 (2412) steps (0.0007 hrs) 0.00:-7992.44 7737 (30) sec
[251] Max 4374 (561) steps (0.0002 hrs) 0.00:-7992.44 7760 (23) sec
[252] Max 4374 (2355) steps (0.0007 hrs) 0.00:-7992.44 7800 (40) sec
[253] Max 4374 (1753) steps (0.0005 hrs) 0.00:-7992.44 7823 (23) sec
[254] Max 4374 (2065) steps (0.0006 hrs) 0.00:-7992.44 7877 (54) sec
[255] Max 4374 (1307) steps (0.0004 hrs) 0.00:-7992.44 7900 (23) sec
[256] Max 4374 (2372) steps (0.0007 hrs) 0.00:-7992.44 7957 (57) sec
[257] Max 4374 (2140) steps (0.0006 hrs) 0.00:-7992.44 8011 (54) sec
[258] Max 4374 (1787) steps (0.0005 hrs) 0.00:-7992.44 8035 (24) sec
[259] Max 4374 (2452) steps (0.0007 hrs) 0.00:-7992.44 8092 (57) sec
[260] Max 4374 (727) steps (0.0002 hrs) 0.00:-7992.44 8114 (22) sec
[261] Max 4374 (1488) steps (0.0004 hrs) 0.00:-7992.44 8137 (23) sec
[262] Max 4374 (2163) steps (0.0006 hrs) 0.00:-7992.44 8192 (55) sec
[263] Max 4374 (1252) steps (0.0003 hrs) 0.00:-7992.44 8215 (23) sec
[264] Max 4374 (1914) steps (0.0005 hrs) 0.00:-7992.44 8242 (27) sec
[265] Max 4374 (512) steps (0.0001 hrs) 0.00:-7992.44 8264 (22) sec
[266] Max 4374 (1004) steps (0.0003 hrs) 0.00:-7992.44 8285 (21) sec
[267] Max 4374 (1325) steps (0.0004 hrs) 0.00:-7992.44 8309 (24) sec
[268] Max 4374 (1547) steps (0.0004 hrs) 0.00:-7992.44 8331 (22) sec
[269] Max 4374 (3860) steps (0.0011 hrs) 0.00:-7992.44 8378 (47) sec
[270] Max 4374 (318) steps (0.0001 hrs) 0.00:-7992.44 8400 (22) sec
[271] Max 4374 (4069) steps (0.0011 hrs) 0.00:-7992.44 8447 (47) sec
[272] Max 4374 (2587) steps (0.0007 hrs) 0.00:-7992.44 8504 (57) sec
[273] Max 4374 (2000) steps (0.0006 hrs) 0.00:-7992.44 8562 (58) sec
[274] Max 4374 (1625) steps (0.0005 hrs) 0.00:-7992.44 8589 (27) sec
[275] Max 4374 (259) steps (0.0001 hrs) 0.00:-7992.44 8611 (22) sec
[276] Max 4374 (2214) steps (0.0006 hrs) 0.00:-7992.44 8665 (54) sec
[277] Max 4374 (2219) steps (0.0006 hrs) 0.00:-7992.44 8700 (35) sec
[278] Max 4374 (2283) steps (0.0006 hrs) 0.00:-7992.44 8755 (55) sec
[279] Max 4374 (964) steps (0.0003 hrs) 0.00:-7992.44 8777 (22) sec
[280] Max 4374 (1890) steps (0.0005 hrs) 0.00:-7992.44 8809 (32) sec
[281] Max 4374 (3730) steps (0.0010 hrs) 0.00:-7992.44 8871 (62) sec
[282] Max 4374 (1700) steps (0.0005 hrs) 0.00:-7992.44 8894 (23) sec
[283] Max 4374 (1181) steps (0.0003 hrs) 0.00:-7992.44 8918 (24) sec
[284] Max 4374 (2208) steps (0.0006 hrs) 0.00:-7992.44 8974 (56) sec
[285] Max 4374 (992) steps (0.0003 hrs) 0.00:-7992.44 8996 (22) sec
[286] Max 4374 (2197) steps (0.0006 hrs) 0.00:-7992.44 9052 (56) sec
[287] Max 4374 (718) steps (0.0002 hrs) 0.00:-7992.44 9075 (23) sec
[288] Max 4374 (2649) steps (0.0007 hrs) 0.00:-7992.44 9132 (57) sec
[289] Max 4374 (2629) steps (0.0007 hrs) 0.00:-7992.44 9187 (55) sec
[290] Max 4374 (1070) steps (0.0003 hrs) 0.00:-7992.44 9209 (22) sec
[291] Max 4374 (1715) steps (0.0005 hrs) 0.00:-7992.44 9231 (22) sec
[292] Max 4374 (541) steps (0.0002 hrs) 0.00:-7992.44 9252 (21) sec
[293] Max 4374 (3179) steps (0.0009 hrs) 0.00:-7992.44 9311 (59) sec
[294] Max 4374 (2271) steps (0.0006 hrs) 0.00:-7992.44 9338 (27) sec
[295] Max 4374 (336) steps (0.0001 hrs) 0.00:-7992.44 9360 (22) sec
[296] Max 4374 (435) steps (0.0001 hrs) 0.00:-7992.44 9382 (22) sec
[297] Max 4374 (752) steps (0.0002 hrs) 0.00:-7992.44 9404 (22) sec
[298] Max 4374 (2498) steps (0.0007 hrs) 0.00:-7992.44 9446 (42) sec
[299] Max 4374 (443) steps (0.0001 hrs) 0.00:-7992.44 9469 (23) sec
[300] Max 4374 (640) steps (0.0002 hrs) 0.00:-7992.44 9491 (22) sec
[301] Max 4374 (1386) steps (0.0004 hrs) 0.00:-7992.44 9513 (22) sec
[302] Max 4374 (1386) steps (0.0004 hrs) 0.00:-7992.44 9535 (22) sec
[303] Max 4374 (1794) steps (0.0005 hrs) 0.00:-7992.44 9559 (24) sec
[304] Max 4374 (283) steps (0.0001 hrs) 0.00:-7992.44 9580 (21) sec
[305] Max 4374 (2100) steps (0.0006 hrs) 0.00:-7992.44 9636 (56) sec
[306] Max 4374 (2697) steps (0.0007 hrs) 0.00:-7992.44 9662 (26) sec
[307] Max 4374 (1934) steps (0.0005 hrs) 0.00:-7992.44 9717 (55) sec
[308] Max 4374 (1861) steps (0.0005 hrs) 0.00:-7992.44 9739 (22) sec
[309] Max 4374 (1309) steps (0.0004 hrs) 0.00:-7992.44 9762 (23) sec
[310] Max 4374 (3090) steps (0.0009 hrs) 0.00:-7992.44 9820 (58) sec
[311] Max 4374 (460) steps (0.0001 hrs) 0.00:-7992.44 9842 (22) sec
[312] Max 4374 (1624) steps (0.0005 hrs) 0.00:-7992.44 9864 (22) sec
[313] Max 4374 (882) steps (0.0002 hrs) 0.00:-7992.44 9886 (22) sec
[314] Max 4374 (1914) steps (0.0005 hrs) 0.00:-7992.44 9913 (27) sec
[315] Max 4374 (359) steps (0.0001 hrs) 0.00:-7992.44 9935 (22) sec
[316] Max 4374 (2054) steps (0.0006 hrs) 0.00:-7992.44 9975 (40) sec
[317] Max 4374 (2183) steps (0.0006 hrs) 0.00:-7992.44 10031 (56) sec
[318] Max 4374 (2475) steps (0.0007 hrs) 0.00:-7992.44 10088 (57) sec
[319] Max 4374 (2261) steps (0.0006 hrs) 0.00:-7992.44 10142 (54) sec
[320] Max 4374 (712) steps (0.0002 hrs) 0.00:-7992.44 10164 (22) sec
[321] Max 4374 (449) steps (0.0001 hrs) 0.00:-7992.44 10185 (21) sec
[322] Max 4374 (2315) steps (0.0006 hrs) 0.00:-7992.44 10209 (24) sec
[323] Max 4374 (2258) steps (0.0006 hrs) 0.00:-7992.44 10266 (57) sec
[324] Max 4374 (720) steps (0.0002 hrs) 0.00:-7992.44 10287 (21) sec
[325] Max 4374 (724) steps (0.0002 hrs) 0.00:-7992.44 10309 (22) sec
[326] Max 4374 (1822) steps (0.0005 hrs) 0.00:-7992.44 10345 (36) sec
[327] Max 4374 (713) steps (0.0002 hrs) 0.00:-7992.44 10367 (22) sec
[328] Max 4374 (3054) steps (0.0008 hrs) 0.00:-7992.44 10424 (57) sec
[329] Max 4374 (464) steps (0.0001 hrs) 0.00:-7992.44 10445 (21) sec
[330] Max 4374 (1591) steps (0.0004 hrs) 0.00:-7992.44 10480 (35) sec
[331] Max 4374 (2283) steps (0.0006 hrs) 0.00:-7992.44 10532 (52) sec
[332] Max 4374 (394) steps (0.0001 hrs) 0.00:-7992.44 10554 (22) sec
[333] Max 4374 (660) steps (0.0002 hrs) 0.00:-7992.44 10575 (21) sec
[334] Max 4374 (469) steps (0.0001 hrs) 0.00:-7992.44 10597 (22) sec
[335] Max 4374 (1867) steps (0.0005 hrs) 0.00:-7992.44 10619 (22) sec
[336] Max 4374 (3039) steps (0.0008 hrs) 0.00:-7992.44 10677 (58) sec
[337] Max 4374 (679) steps (0.0002 hrs) 0.00:-7992.44 10699 (22) sec
[338] Max 4374 (1673) steps (0.0005 hrs) 0.00:-7992.44 10725 (26) sec
[339] Max 4374 (2119) steps (0.0006 hrs) 0.00:-7992.44 10757 (32) sec
[340] Max 4374 (2643) steps (0.0007 hrs) 0.00:-7992.44 10803 (46) sec
[341] Max 4374 (418) steps (0.0001 hrs) 0.00:-7992.44 10825 (22) sec
[342] Max 4374 (2616) steps (0.0007 hrs) 0.00:-7992.44 10882 (57) sec
[343] Max 4374 (2101) steps (0.0006 hrs) 0.00:-7992.44 10938 (56) sec
[344] Max 4374 (1623) steps (0.0005 hrs) 0.00:-7992.44 10964 (26) sec
[345] Max 4374 (2141) steps (0.0006 hrs) 0.00:-7992.44 11019 (55) sec
[346] Max 4374 (2976) steps (0.0008 hrs) 0.00:-7992.44 11079 (60) sec
[347] Max 4374 (2125) steps (0.0006 hrs) 0.00:-7992.44 11132 (53) sec
[348] Max 4374 (1286) steps (0.0004 hrs) 0.00:-7992.44 11154 (22) sec
[349] Max 4374 (1538) steps (0.0004 hrs) 0.00:-7992.44 11184 (30) sec
[350] Max 4374 (414) steps (0.0001 hrs) 0.00:-7992.44 11205 (21) sec
[351] Max 4374 (2118) steps (0.0006 hrs) 0.00:-7992.44 11251 (46) sec
[352] Max 4374 (2326) steps (0.0006 hrs) 0.00:-7992.44 11306 (55) sec
[353] Max 4374 (939) steps (0.0003 hrs) 0.00:-7992.44 11328 (22) sec
[354] Max 4374 (2055) steps (0.0006 hrs) 0.00:-7992.44 11364 (36) sec
[355] Max 4374 (3100) steps (0.0009 hrs) 0.00:-7992.44 11420 (56) sec
[356] Max 4374 (2282) steps (0.0006 hrs) 0.00:-7992.44 11474 (54) sec
[357] Max 4374 (2431) steps (0.0007 hrs) 0.00:-7992.44 11531 (57) sec
[358] Max 4374 (303) steps (0.0001 hrs) 0.00:-7992.44 11553 (22) sec
[359] Max 4374 (999) steps (0.0003 hrs) 0.00:-7992.44 11575 (22) sec
[360] Max 4374 (3111) steps (0.0009 hrs) 0.00:-7992.44 11631 (56) sec
[361] Max 4374 (2226) steps (0.0006 hrs) 0.00:-7992.44 11661 (30) sec
[362] Max 4374 (2272) steps (0.0006 hrs) 0.00:-7992.44 11702 (41) sec
[363] Max 4374 (2228) steps (0.0006 hrs) 0.00:-7992.44 11759 (57) sec
[364] Max 4374 (2179) steps (0.0006 hrs) 0.00:-7992.44 11810 (51) sec
[365] Max 4374 (2329) steps (0.0006 hrs) 0.00:-7992.44 11859 (49) sec
[366] Max 4374 (1406) steps (0.0004 hrs) 0.00:-7992.44 11882 (23) sec
[367] Max 4374 (2064) steps (0.0006 hrs) 0.00:-7992.44 11912 (30) sec
[368] Max 4374 (1780) steps (0.0005 hrs) 0.00:-7992.44 11934 (22) sec
[369] Max 4374 (619) steps (0.0002 hrs) 0.00:-7992.44 11956 (22) sec
[370] Max 4374 (881) steps (0.0002 hrs) 0.00:-7992.44 11978 (22) sec
[371] Max 4374 (2312) steps (0.0006 hrs) 0.00:-7992.44 12033 (55) sec
[372] Max 4374 (989) steps (0.0003 hrs) 0.00:-7992.44 12055 (22) sec
[373] Max 4374 (1761) steps (0.0005 hrs) 0.00:-7992.44 12080 (25) sec
[374] Max 4374 (574) steps (0.0002 hrs) 0.00:-7992.44 12102 (22) sec
[375] Max 4374 (1253) steps (0.0003 hrs) 0.00:-7992.44 12124 (22) sec
[376] Max 4374 (1048) steps (0.0003 hrs) 0.00:-7992.44 12145 (21) sec
[377] Max 4374 (2381) steps (0.0007 hrs) 0.00:-7992.44 12199 (54) sec
[378] Max 4374 (2758) steps (0.0008 hrs) 0.00:-7992.44 12259 (60) sec
[379] Max 4374 (151) steps (0.0000 hrs) 0.00:-7992.44 12281 (22) sec
[380] Max 4374 (2267) steps (0.0006 hrs) 0.00:-7992.44 12336 (55) sec
[381] Max 4374 (2853) steps (0.0008 hrs) 0.00:-7992.44 12393 (57) sec
[382] Max 4374 (482) steps (0.0001 hrs) 0.00:-7992.44 12415 (22) sec
[383] Max 4374 (843) steps (0.0002 hrs) 0.00:-7992.44 12438 (23) sec
[384] Max 4374 (1928) steps (0.0005 hrs) 0.00:-7992.44 12470 (32) sec
[385] Max 4374 (227) steps (0.0001 hrs) 0.00:-7992.44 12492 (22) sec
[386] Max 4374 (2017) steps (0.0006 hrs) 0.00:-7992.44 12546 (54) sec
[387] Max 4374 (1979) steps (0.0005 hrs) 0.00:-7992.44 12603 (57) sec
[388] Max 4374 (3187) steps (0.0009 hrs) 0.00:-7992.44 12658 (55) sec
[389] Max 4374 (2819) steps (0.0008 hrs) 0.00:-7992.44 12713 (55) sec
[390] Max 4374 (2338) steps (0.0006 hrs) 0.00:-7992.44 12757 (44) sec
[391] Max 4374 (1918) steps (0.0005 hrs) 0.00:-7992.44 12812 (55) sec
[392] Max 4374 (1787) steps (0.0005 hrs) 0.00:-7992.44 12845 (33) sec
[393] Max 4374 (1370) steps (0.0004 hrs) 0.00:-7992.44 12868 (23) sec
[394] Max 4374 (999) steps (0.0003 hrs) 0.00:-7992.44 12890 (22) sec
[395] Max 4374 (1188) steps (0.0003 hrs) 0.00:-7992.44 12913 (23) sec
[396] Max 4374 (3113) steps (0.0009 hrs) 0.00:-7992.44 12971 (58) sec
[397] Max 4374 (1064) steps (0.0003 hrs) 0.00:-7992.44 12993 (22) sec
[398] Max 4374 (1772) steps (0.0005 hrs) 0.00:-7992.44 13015 (22) sec
[399] Max 4374 (533) steps (0.0001 hrs) 0.00:-7992.44 13037 (22) sec
[400] Max 4374 (2160) steps (0.0006 hrs) 0.00:-7992.44 13091 (54) sec
[401] Max 4374 (283) steps (0.0001 hrs) 0.00:-7992.44 13113 (22) sec
[402] Max 4374 (591) steps (0.0002 hrs) 0.00:-7992.44 13135 (22) sec
[403] Max 4374 (1136) steps (0.0003 hrs) 0.00:-7992.44 13158 (23) sec
[404] Max 4374 (2450) steps (0.0007 hrs) 0.00:-7992.44 13213 (55) sec
[405] Max 4374 (2540) steps (0.0007 hrs) 0.00:-7992.44 13268 (55) sec
[406] Max 4374 (3668) steps (0.0010 hrs) 0.00:-7992.44 13290 (22) sec
[407] Max 4374 (1449) steps (0.0004 hrs) 0.00:-7992.44 13315 (25) sec
[408] Max 4374 (441) steps (0.0001 hrs) 0.00:-7992.44 13337 (22) sec
[409] Max 4374 (1881) steps (0.0005 hrs) 0.00:-7992.44 13393 (56) sec
[410] Max 4374 (821) steps (0.0002 hrs) 0.00:-7992.44 13415 (22) sec
[411] Max 4374 (1957) steps (0.0005 hrs) 0.00:-7992.44 13439 (24) sec
[412] Max 4374 (1443) steps (0.0004 hrs) 0.00:-7992.44 13461 (22) sec
[413] Max 4374 (816) steps (0.0002 hrs) 0.00:-7992.44 13483 (22) sec
[414] Max 4374 (1131) steps (0.0003 hrs) 0.00:-7992.44 13506 (23) sec
[415] Max 4374 (2955) steps (0.0008 hrs) 0.00:-7992.44 13558 (52) sec
[416] Max 4374 (302) steps (0.0001 hrs) 0.00:-7992.44 13579 (21) sec
[417] Max 4374 (1952) steps (0.0005 hrs) 0.00:-7992.44 13636 (57) sec
[418] Max 4374 (2042) steps (0.0006 hrs) 0.00:-7992.44 13669 (33) sec
[419] Max 4374 (3175) steps (0.0009 hrs) 0.00:-7992.44 13727 (58) sec
[420] Max 4374 (319) steps (0.0001 hrs) 0.00:-7992.44 13748 (21) sec
[421] Max 4374 (1760) steps (0.0005 hrs) 0.00:-7992.44 13774 (26) sec
[422] Max 4374 (1206) steps (0.0003 hrs) 0.00:-7992.44 13798 (24) sec
[423] Max 4374 (1290) steps (0.0004 hrs) 0.00:-7992.44 13820 (22) sec
[424] Max 4374 (2997) steps (0.0008 hrs) 0.00:-7992.44 13875 (55) sec
[425] Max 4374 (2657) steps (0.0007 hrs) 0.00:-7992.44 13933 (58) sec
[426] Max 4374 (2446) steps (0.0007 hrs) 0.00:-7992.44 13958 (25) sec
[427] Max 4374 (3279) steps (0.0009 hrs) 0.00:-7992.44 14016 (58) sec
[428] Max 4374 (1767) steps (0.0005 hrs) 0.00:-7992.44 14047 (31) sec
[429] Max 4374 (1050) steps (0.0003 hrs) 0.00:-7992.44 14069 (22) sec
[430] Max 4374 (2822) steps (0.0008 hrs) 0.00:-7992.44 14126 (57) sec
[431] Max 4374 (661) steps (0.0002 hrs) 0.00:-7992.44 14148 (22) sec
[432] Max 4374 (3203) steps (0.0009 hrs) 0.00:-7992.44 14207 (59) sec
[433] Max 4374 (470) steps (0.0001 hrs) 0.00:-7992.44 14229 (22) sec
[434] Max 4374 (1376) steps (0.0004 hrs) 0.00:-7992.44 14251 (22) sec
[435] Max 4374 (1745) steps (0.0005 hrs) 0.00:-7992.44 14278 (27) sec
[436] Max 4374 (2035) steps (0.0006 hrs) 0.00:-7992.44 14304 (26) sec
[437] Max 4374 (2417) steps (0.0007 hrs) 0.00:-7992.44 14350 (46) sec
[438] Max 4374 (1582) steps (0.0004 hrs) 0.00:-7992.44 14374 (24) sec
[439] Max 4374 (208) steps (0.0001 hrs) 0.00:-7992.44 14396 (22) sec
[440] Max 4374 (708) steps (0.0002 hrs) 0.00:-7992.44 14418 (22) sec
[441] Max 4374 (2460) steps (0.0007 hrs) 0.00:-7992.44 14473 (55) sec
[442] Max 4374 (3372) steps (0.0009 hrs) 0.00:-7992.44 14528 (55) sec
[443] Max 4374 (1508) steps (0.0004 hrs) 0.00:-7992.44 14552 (24) sec
[444] Max 4374 (482) steps (0.0001 hrs) 0.00:-7992.44 14574 (22) sec
[445] Max 4374 (905) steps (0.0003 hrs) 0.00:-7992.44 14596 (22) sec
[446] Max 4374 (555) steps (0.0002 hrs) 0.00:-7992.44 14618 (22) sec
[447] Max 4374 (568) steps (0.0002 hrs) 0.00:-7992.44 14640 (22) sec
[448] Max 4374 (505) steps (0.0001 hrs) 0.00:-7992.44 14662 (22) sec
[449] Max 4374 (3306) steps (0.0009 hrs) 0.00:-7992.44 14703 (41) sec
[450] Max 4374 (1660) steps (0.0005 hrs) 0.00:-7992.44 14730 (27) sec
[451] Max 4374 (3096) steps (0.0009 hrs) 0.00:-7992.44 14784 (54) sec
[452] Max 4374 (1894) steps (0.0005 hrs) 0.00:-7992.44 14807 (23) sec
[453] Max 4374 (1777) steps (0.0005 hrs) 0.00:-7992.44 14831 (24) sec
[454] Max 4374 (351) steps (0.0001 hrs) 0.00:-7992.44 14852 (21) sec
[455] Max 4374 (1794) steps (0.0005 hrs) 0.00:-7992.44 14883 (31) sec
[456] Max 4374 (2925) steps (0.0008 hrs) 0.00:-7992.44 14938 (55) sec
[457] Max 4374 (2570) steps (0.0007 hrs) 0.00:-7992.44 14972 (34) sec
[458] Max 4374 (1819) steps (0.0005 hrs) 0.00:-7992.44 14995 (23) sec
[459] Max 4374 (1904) steps (0.0005 hrs) 0.00:-7992.44 15018 (23) sec
[460] Max 4374 (1495) steps (0.0004 hrs) 0.00:-7992.44 15040 (22) sec
[461] Max 4374 (157) steps (0.0000 hrs) 0.00:-7992.44 15062 (22) sec
[462] Max 4374 (1875) steps (0.0005 hrs) 0.00:-7992.44 15120 (58) sec
[463] Max 4374 (1499) steps (0.0004 hrs) 0.00:-7992.44 15145 (25) sec
[464] Max 4374 (3079) steps (0.0009 hrs) 0.00:-7992.44 15199 (54) sec
[465] Max 4374 (2290) steps (0.0006 hrs) 0.00:-7992.44 15230 (31) sec
[466] Max 4374 (1811) steps (0.0005 hrs) 0.00:-7992.44 15259 (29) sec
[467] Max 4374 (432) steps (0.0001 hrs) 0.00:-7992.44 15281 (22) sec
[468] Max 4374 (3196) steps (0.0009 hrs) 0.00:-7992.44 15325 (44) sec
[469] Max 4374 (1939) steps (0.0005 hrs) 0.00:-7992.44 15348 (23) sec
[470] Max 4374 (2017) steps (0.0006 hrs) 0.00:-7992.44 15389 (41) sec
[471] Max 4374 (433) steps (0.0001 hrs) 0.00:-7992.44 15411 (22) sec
[472] Max 4374 (844) steps (0.0002 hrs) 0.00:-7992.44 15435 (24) sec
[473] Max 4374 (446) steps (0.0001 hrs) 0.00:-7992.44 15457 (22) sec
[474] Max 4374 (1974) steps (0.0005 hrs) 0.00:-7992.44 15511 (54) sec
[475] Max 4374 (1289) steps (0.0004 hrs) 0.00:-7992.44 15534 (23) sec
[476] Max 4374 (2541) steps (0.0007 hrs) 0.00:-7992.44 15587 (53) sec
[477] Max 4374 (862) steps (0.0002 hrs) 0.00:-7992.44 15610 (23) sec
[478] Max 4374 (2102) steps (0.0006 hrs) 0.00:-7992.44 15653 (43) sec
[479] Max 4374 (1994) steps (0.0006 hrs) 0.00:-7992.44 15709 (56) sec
[480] Max 4374 (420) steps (0.0001 hrs) 0.00:-7992.44 15731 (22) sec
[481] Max 4374 (328) steps (0.0001 hrs) 0.00:-7992.44 15752 (21) sec
[482] Max 4374 (2105) steps (0.0006 hrs) 0.00:-7992.44 15775 (23) sec
[483] Max 4374 (1718) steps (0.0005 hrs) 0.00:-7992.44 15798 (23) sec
[484] Max 4374 (1173) steps (0.0003 hrs) 0.00:-7992.44 15821 (23) sec
[485] Max 4374 (711) steps (0.0002 hrs) 0.00:-7992.44 15843 (22) sec
[486] Max 4374 (649) steps (0.0002 hrs) 0.00:-7992.44 15865 (22) sec
[487] Max 4374 (1721) steps (0.0005 hrs) 0.00:-7992.44 15889 (24) sec
[488] Max 4374 (356) steps (0.0001 hrs) 0.00:-7992.44 15910 (21) sec
[489] Max 4374 (764) steps (0.0002 hrs) 0.00:-7992.44 15933 (23) sec
[490] Max 4374 (510) steps (0.0001 hrs) 0.00:-7992.44 15954 (21) sec
[491] Max 4374 (1007) steps (0.0003 hrs) 0.00:-7992.44 15977 (23) sec
[492] Max 4374 (1869) steps (0.0005 hrs) 0.00:-7992.44 16001 (24) sec
[493] Max 4374 (1536) steps (0.0004 hrs) 0.00:-7992.44 16024 (23) sec
[494] Max 4374 (391) steps (0.0001 hrs) 0.00:-7992.44 16046 (22) sec
[495] Max 4374 (1696) steps (0.0005 hrs) 0.00:-7992.44 16069 (23) sec
[496] Max 4374 (2111) steps (0.0006 hrs) 0.00:-7992.44 16124 (55) sec
[497] Max 4374 (2027) steps (0.0006 hrs) 0.00:-7992.44 16147 (23) sec
[498] Max 4374 (286) steps (0.0001 hrs) 0.00:-7992.44 16169 (22) sec
[499] Max 4374 (2061) steps (0.0006 hrs) 0.00:-7992.44 16222 (53) sec
[500] Max 4374 (553) steps (0.0002 hrs) 0.00:-7992.44 16244 (22) sec
[501] Max 4374 (1916) steps (0.0005 hrs) 0.00:-7992.44 16301 (57) sec
[502] Max 4374 (1952) steps (0.0005 hrs) 0.00:-7992.44 16356 (55) sec
[503] Max 4374 (155) steps (0.0000 hrs) 0.00:-7992.44 16378 (22) sec
[504] Max 4374 (1352) steps (0.0004 hrs) 0.00:-7992.44 16403 (25) sec
[505] Max 4374 (1526) steps (0.0004 hrs) 0.00:-7992.44 16425 (22) sec
[506] Max 4374 (1837) steps (0.0005 hrs) 0.00:-7992.44 16482 (57) sec
[507] Max 4374 (509) steps (0.0001 hrs) 0.00:-7992.44 16503 (21) sec
[508] Max 4374 (2067) steps (0.0006 hrs) 0.00:-7992.44 16557 (54) sec
[509] Max 4374 (652) steps (0.0002 hrs) 0.00:-7992.44 16578 (21) sec
[510] Max 4374 (2067) steps (0.0006 hrs) 0.00:-7992.44 16602 (24) sec
[511] Max 4374 (1550) steps (0.0004 hrs) 0.00:-7992.44 16626 (24) sec
[512] Max 4374 (2334) steps (0.0006 hrs) 0.00:-7992.44 16682 (56) sec
[513] Max 4374 (2180) steps (0.0006 hrs) 0.00:-7992.44 16724 (42) sec
[514] Max 4374 (2541) steps (0.0007 hrs) 0.00:-7992.44 16777 (53) sec
[515] Max 4374 (604) steps (0.0002 hrs) 0.00:-7992.44 16799 (22) sec
[516] Max 4374 (547) steps (0.0002 hrs) 0.00:-7992.44 16821 (22) sec
[517] Max 4374 (1623) steps (0.0005 hrs) 0.00:-7992.44 16844 (23) sec
[518] Max 4374 (3079) steps (0.0009 hrs) 0.00:-7992.44 16907 (63) sec
[519] Max 4374 (322) steps (0.0001 hrs) 0.00:-7992.44 16929 (22) sec
[520] Max 4374 (613) steps (0.0002 hrs) 0.00:-7992.44 16951 (22) sec
[521] Max 4374 (1384) steps (0.0004 hrs) 0.00:-7992.44 16973 (22) sec
[522] Max 4374 (1914) steps (0.0005 hrs) 0.00:-7992.44 17033 (60) sec
[523] Max 4374 (2419) steps (0.0007 hrs) 0.00:-7992.44 17088 (55) sec
[524] Max 4374 (347) steps (0.0001 hrs) 0.00:-7992.44 17110 (22) sec
[525] Max 4374 (1702) steps (0.0005 hrs) 0.00:-7992.44 17134 (24) sec
[526] Max 4374 (2930) steps (0.0008 hrs) 0.00:-7992.44 17190 (56) sec
[527] Max 4374 (2182) steps (0.0006 hrs) 0.00:-7992.44 17249 (59) sec
[528] Max 4374 (1191) steps (0.0003 hrs) 0.00:-7992.44 17272 (23) sec
[529] Max 4374 (2288) steps (0.0006 hrs) 0.00:-7992.44 17330 (58) sec
[530] Max 4374 (538) steps (0.0001 hrs) 0.00:-7992.44 17352 (22) sec
[531] Max 4374 (465) steps (0.0001 hrs) 0.00:-7992.44 17374 (22) sec
[532] Max 4374 (503) steps (0.0001 hrs) 0.00:-7992.44 17395 (21) sec
[533] Max 4374 (4286) steps (0.0012 hrs) 0.00:-7992.44 17418 (23) sec
[534] Max 4374 (451) steps (0.0001 hrs) 0.00:-7992.44 17440 (22) sec
[535] Max 4374 (1420) steps (0.0004 hrs) 0.00:-7992.44 17463 (23) sec
[536] Max 4374 (1032) steps (0.0003 hrs) 0.00:-7992.44 17484 (21) sec
[537] Max 4374 (1190) steps (0.0003 hrs) 0.00:-7992.44 17507 (23) sec
[538] Max 4374 (1574) steps (0.0004 hrs) 0.00:-7992.44 17529 (22) sec
[539] Max 4374 (319) steps (0.0001 hrs) 0.00:-7992.44 17551 (22) sec
[540] Max 4374 (289) steps (0.0001 hrs) 0.00:-7992.44 17573 (22) sec
[541] Max 4374 (328) steps (0.0001 hrs) 0.00:-7992.44 17595 (22) sec
[542] Max 4374 (2122) steps (0.0006 hrs) 0.00:-7992.44 17650 (55) sec
[543] Max 4374 (1031) steps (0.0003 hrs) 0.00:-7992.44 17671 (21) sec
[544] Max 4374 (2052) steps (0.0006 hrs) 0.00:-7992.44 17700 (29) sec
[545] Max 4374 (692) steps (0.0002 hrs) 0.00:-7992.44 17722 (22) sec
[546] Max 4374 (1898) steps (0.0005 hrs) 0.00:-7992.44 17744 (22) sec
[547] Max 4374 (1806) steps (0.0005 hrs) 0.00:-7992.44 17774 (30) sec
[548] Max 4374 (919) steps (0.0003 hrs) 0.00:-7992.44 17796 (22) sec
[549] Max 4374 (871) steps (0.0002 hrs) 0.00:-7992.44 17818 (22) sec
[550] Max 4374 (145) steps (0.0000 hrs) 0.00:-7992.44 17839 (21) sec
[551] Max 4374 (884) steps (0.0002 hrs) 0.00:-7992.44 17861 (22) sec
[552] Max 4374 (1188) steps (0.0003 hrs) 0.00:-7992.44 17883 (22) sec
[553] Max 4374 (461) steps (0.0001 hrs) 0.00:-7992.44 17905 (22) sec
[554] Max 4374 (2512) steps (0.0007 hrs) 0.00:-7992.44 17927 (22) sec
[555] Max 4374 (1384) steps (0.0004 hrs) 0.00:-7992.44 17950 (23) sec
[556] Max 4374 (1988) steps (0.0006 hrs) 0.00:-7992.44 17979 (29) sec
[557] Max 4374 (702) steps (0.0002 hrs) 0.00:-7992.44 18002 (23) sec
[558] Max 4374 (1433) steps (0.0004 hrs) 0.00:-7992.44 18024 (22) sec
[559] Max 4374 (1975) steps (0.0005 hrs) 0.00:-7992.44 18052 (28) sec
[560] Max 4374 (1694) steps (0.0005 hrs) 0.00:-7992.44 18082 (30) sec
[561] Max 4374 (2247) steps (0.0006 hrs) 0.00:-7992.44 18134 (52) sec
[562] Max 4374 (1853) steps (0.0005 hrs) 0.00:-7992.44 18161 (27) sec
[563] Max 4374 (2062) steps (0.0006 hrs) 0.00:-7992.44 18217 (56) sec
[564] Max 4374 (1332) steps (0.0004 hrs) 0.00:-7992.44 18239 (22) sec
[565] Max 4374 (263) steps (0.0001 hrs) 0.00:-7992.44 18261 (22) sec
[566] Max 4374 (500) steps (0.0001 hrs) 0.00:-7992.44 18283 (22) sec
[567] Max 4374 (276) steps (0.0001 hrs) 0.00:-7992.44 18305 (22) sec
[568] Max 4374 (2180) steps (0.0006 hrs) 0.00:-7992.44 18362 (57) sec
[569] Max 4374 (2083) steps (0.0006 hrs) 0.00:-7992.44 18416 (54) sec
[570] Max 4374 (378) steps (0.0001 hrs) 0.00:-7992.44 18438 (22) sec
[571] Max 4374 (647) steps (0.0002 hrs) 0.00:-7992.44 18460 (22) sec
[572] Max 4374 (2003) steps (0.0006 hrs) 0.00:-7992.44 18482 (22) sec
[573] Max 4374 (866) steps (0.0002 hrs) 0.00:-7992.44 18504 (22) sec
[574] Max 4374 (2249) steps (0.0006 hrs) 0.00:-7992.44 18560 (56) sec
[575] Max 4374 (842) steps (0.0002 hrs) 0.00:-7992.44 18583 (23) sec
[576] Max 5249 (5249) steps (0.0015 hrs) 0.00:-7992.44 18633 (50) sec
[577] Max 5249 (213) steps (0.0001 hrs) 0.00:-7992.44 18654 (21) sec
[578] Max 5249 (238) steps (0.0001 hrs) 0.00:-7992.44 18676 (22) sec
[579] Max 5249 (1467) steps (0.0004 hrs) 0.00:-7992.44 18700 (24) sec
[580] Max 5249 (2533) steps (0.0007 hrs) 0.00:-7992.44 18757 (57) sec
[581] Max 5249 (2070) steps (0.0006 hrs) 0.00:-7992.44 18815 (58) sec
[582] Max 5249 (2183) steps (0.0006 hrs) 0.00:-7992.44 18849 (34) sec
[583] Max 5249 (928) steps (0.0003 hrs) 0.00:-7992.44 18870 (21) sec
[584] Max 5249 (2869) steps (0.0008 hrs) 0.00:-7992.44 18928 (58) sec
[585] Max 5249 (441) steps (0.0001 hrs) 0.00:-7992.44 18950 (22) sec
[586] Max 5249 (1703) steps (0.0005 hrs) 0.00:-7992.44 18978 (28) sec
[587] Max 5249 (673) steps (0.0002 hrs) 0.00:-7992.44 18999 (21) sec
[588] Max 5249 (443) steps (0.0001 hrs) 0.00:-7992.44 19022 (23) sec
[589] Max 5249 (165) steps (0.0000 hrs) 0.00:-7992.44 19045 (23) sec
[590] Max 5249 (1576) steps (0.0004 hrs) 0.00:-7992.44 19067 (22) sec
[591] Max 5249 (2111) steps (0.0006 hrs) 0.00:-7992.44 19123 (56) sec
[592] Max 5249 (2217) steps (0.0006 hrs) 0.00:-7992.44 19176 (53) sec
[593] Max 5249 (2608) steps (0.0007 hrs) 0.00:-7992.44 19234 (58) sec
[594] Max 5249 (1111) steps (0.0003 hrs) 0.00:-7992.44 19256 (22) sec
[595] Max 5249 (1300) steps (0.0004 hrs) 0.00:-7992.44 19279 (23) sec
[596] Max 5249 (738) steps (0.0002 hrs) 0.00:-7992.44 19300 (21) sec
[597] Max 5249 (2445) steps (0.0007 hrs) 0.00:-7992.44 19353 (53) sec
[598] Max 5249 (967) steps (0.0003 hrs) 0.00:-7992.44 19375 (22) sec
[599] Max 5249 (145) steps (0.0000 hrs) 0.00:-7992.44 19397 (22) sec
[600] Max 5249 (2587) steps (0.0007 hrs) 0.00:-7992.44 19423 (26) sec
[601] Max 5249 (541) steps (0.0002 hrs) 0.00:-7992.44 19445 (22) sec
[602] Max 5249 (658) steps (0.0002 hrs) 0.00:-7992.44 19468 (23) sec
[603] Max 5249 (369) steps (0.0001 hrs) 0.00:-7992.44 19489 (21) sec
[604] Max 5249 (1476) steps (0.0004 hrs) 0.00:-7992.44 19518 (29) sec
[605] Max 5249 (1415) steps (0.0004 hrs) 0.00:-7992.44 19540 (22) sec
[606] Max 5249 (362) steps (0.0001 hrs) 0.00:-7992.44 19562 (22) sec
[607] Max 5249 (1968) steps (0.0005 hrs) 0.00:-7992.44 19610 (48) sec
[608] Max 5249 (2729) steps (0.0008 hrs) 0.00:-7992.44 19633 (23) sec
[609] Max 5249 (748) steps (0.0002 hrs) 0.00:-7992.44 19655 (22) sec
[610] Max 5249 (1443) steps (0.0004 hrs) 0.00:-7992.44 19679 (24) sec
[611] Max 5249 (2148) steps (0.0006 hrs) 0.00:-7992.44 19735 (56) sec
[612] Max 5249 (2313) steps (0.0006 hrs) 0.00:-7992.44 19776 (41) sec
[613] Max 5249 (258) steps (0.0001 hrs) 0.00:-7992.44 19798 (22) sec
[614] Max 5249 (2801) steps (0.0008 hrs) 0.00:-7992.44 19854 (56) sec
[615] Max 5249 (1794) steps (0.0005 hrs) 0.00:-7992.44 19909 (55) sec
[616] Max 5249 (2345) steps (0.0007 hrs) 0.00:-7992.44 19965 (56) sec
[617] Max 5249 (1676) steps (0.0005 hrs) 0.00:-7992.44 19989 (24) sec
[618] Max 5249 (2724) steps (0.0008 hrs) 0.00:-7992.44 20042 (53) sec
[619] Max 5249 (3277) steps (0.0009 hrs) 0.00:-7992.44 20104 (62) sec
[620] Max 5249 (1388) steps (0.0004 hrs) 0.00:-7992.44 20128 (24) sec
[621] Max 5249 (456) steps (0.0001 hrs) 0.00:-7992.44 20150 (22) sec
[622] Max 5249 (346) steps (0.0001 hrs) 0.00:-7992.44 20172 (22) sec
[623] Max 5249 (1799) steps (0.0005 hrs) 0.00:-7992.44 20196 (24) sec
[624] Max 5249 (1650) steps (0.0005 hrs) 0.00:-7992.44 20219 (23) sec
[625] Max 5249 (1451) steps (0.0004 hrs) 0.00:-7992.44 20243 (24) sec
[626] Max 5249 (586) steps (0.0002 hrs) 0.00:-7992.44 20265 (22) sec
[627] Max 5249 (2704) steps (0.0008 hrs) 0.00:-7992.44 20322 (57) sec
[628] Max 5249 (1470) steps (0.0004 hrs) 0.00:-7992.44 20345 (23) sec
[629] Max 5249 (2320) steps (0.0006 hrs) 0.00:-7992.44 20403 (58) sec
[630] Max 5249 (513) steps (0.0001 hrs) 0.00:-7992.44 20425 (22) sec
[631] Max 5249 (1264) steps (0.0004 hrs) 0.00:-7992.44 20446 (21) sec
[632] Max 5249 (1336) steps (0.0004 hrs) 0.00:-7992.44 20469 (23) sec
[633] Max 5249 (2670) steps (0.0007 hrs) 0.00:-7992.44 20527 (58) sec
[634] Max 5249 (2621) steps (0.0007 hrs) 0.00:-7992.44 20582 (55) sec
[635] Max 5249 (606) steps (0.0002 hrs) 0.00:-7992.44 20604 (22) sec
[636] Max 5249 (677) steps (0.0002 hrs) 0.00:-7992.44 20627 (23) sec
[637] Max 5249 (3725) steps (0.0010 hrs) 0.00:-7992.44 20684 (57) sec
[638] Max 5249 (2435) steps (0.0007 hrs) 0.00:-7992.44 20737 (53) sec
[639] Max 5249 (1539) steps (0.0004 hrs) 0.00:-7992.44 20761 (24) sec
[640] Max 5249 (280) steps (0.0001 hrs) 0.00:-7992.44 20783 (22) sec
[641] Max 5249 (187) steps (0.0001 hrs) 0.00:-7992.44 20804 (21) sec
[642] Max 5249 (631) steps (0.0002 hrs) 0.00:-7992.44 20827 (23) sec
[643] Max 5249 (2481) steps (0.0007 hrs) 0.00:-7992.44 20882 (55) sec
[644] Max 5249 (316) steps (0.0001 hrs) 0.00:-7992.44 20904 (22) sec
[645] Max 5249 (3971) steps (0.0011 hrs) 0.00:-7992.44 20956 (52) sec
[646] Max 5249 (2141) steps (0.0006 hrs) 0.00:-7992.44 20994 (38) sec
[647] Max 5249 (1196) steps (0.0003 hrs) 0.00:-7992.44 21017 (23) sec
[648] Max 5249 (498) steps (0.0001 hrs) 0.00:-7992.44 21038 (21) sec
[649] Max 5249 (714) steps (0.0002 hrs) 0.00:-7992.44 21060 (22) sec
[650] Max 5249 (2048) steps (0.0006 hrs) 0.00:-7992.44 21110 (50) sec
[651] Max 5249 (529) steps (0.0001 hrs) 0.00:-7992.44 21132 (22) sec
[652] Max 5249 (370) steps (0.0001 hrs) 0.00:-7992.44 21154 (22) sec
[653] Max 5249 (1759) steps (0.0005 hrs) 0.00:-7992.44 21180 (26) sec
[654] Max 5249 (871) steps (0.0002 hrs) 0.00:-7992.44 21202 (22) sec
[655] Max 5249 (405) steps (0.0001 hrs) 0.00:-7992.44 21224 (22) sec
[656] Max 5249 (2073) steps (0.0006 hrs) 0.00:-7992.44 21280 (56) sec
[657] Max 5249 (429) steps (0.0001 hrs) 0.00:-7992.44 21302 (22) sec
[658] Max 5249 (1022) steps (0.0003 hrs) 0.00:-7992.44 21324 (22) sec
[659] Max 5249 (192) steps (0.0001 hrs) 0.00:-7992.44 21346 (22) sec
[660] Max 5249 (2159) steps (0.0006 hrs) 0.00:-7992.44 21402 (56) sec
[661] Max 5249 (2012) steps (0.0006 hrs) 0.00:-7992.44 21441 (39) sec
[662] Max 5249 (2474) steps (0.0007 hrs) 0.00:-7992.44 21485 (44) sec
[663] Max 5249 (2752) steps (0.0008 hrs) 0.00:-7992.44 21525 (40) sec
[664] Max 5249 (314) steps (0.0001 hrs) 0.00:-7992.44 21546 (21) sec
[665] Max 5249 (157) steps (0.0000 hrs) 0.00:-7992.44 21569 (23) sec
[666] Max 5249 (3671) steps (0.0010 hrs) 0.00:-7992.44 21619 (50) sec
[667] Max 5249 (902) steps (0.0003 hrs) 0.00:-7992.44 21641 (22) sec
[668] Max 5249 (1991) steps (0.0006 hrs) 0.00:-7992.44 21698 (57) sec
[669] Max 5249 (1549) steps (0.0004 hrs) 0.00:-7992.44 21722 (24) sec
[670] Max 5249 (2258) steps (0.0006 hrs) 0.00:-7992.44 21778 (56) sec
[671] Max 5249 (357) steps (0.0001 hrs) 0.00:-7992.44 21800 (22) sec
[672] Max 5249 (343) steps (0.0001 hrs) 0.00:-7992.44 21821 (21) sec
[673] Max 5249 (2537) steps (0.0007 hrs) 0.00:-7992.44 21874 (53) sec
[674] Max 5249 (1473) steps (0.0004 hrs) 0.00:-7992.44 21898 (24) sec
[675] Max 5249 (1370) steps (0.0004 hrs) 0.00:-7992.44 21920 (22) sec
[676] Max 5249 (417) steps (0.0001 hrs) 0.00:-7992.44 21942 (22) sec
[677] Max 5249 (2517) steps (0.0007 hrs) 0.00:-7992.44 21996 (54) sec
[678] Max 5249 (369) steps (0.0001 hrs) 0.00:-7992.44 22018 (22) sec
[679] Max 5249 (2120) steps (0.0006 hrs) 0.00:-7992.44 22075 (57) sec
[680] Max 5249 (1748) steps (0.0005 hrs) 0.00:-7992.44 22097 (22) sec
[681] Max 5249 (2153) steps (0.0006 hrs) 0.00:-7992.44 22141 (44) sec
[682] Max 5249 (1802) steps (0.0005 hrs) 0.00:-7992.44 22179 (38) sec
[683] Max 5249 (2030) steps (0.0006 hrs) 0.00:-7992.44 22206 (27) sec
[684] Max 5249 (561) steps (0.0002 hrs) 0.00:-7992.44 22228 (22) sec
[685] Max 5249 (395) steps (0.0001 hrs) 0.00:-7992.44 22250 (22) sec
[686] Max 5249 (570) steps (0.0002 hrs) 0.00:-7992.44 22272 (22) sec
[687] Max 5249 (1433) steps (0.0004 hrs) 0.00:-7992.44 22300 (28) sec
[688] Max 5249 (314) steps (0.0001 hrs) 0.00:-7992.44 22323 (23) sec
[689] Max 5249 (2264) steps (0.0006 hrs) 0.00:-7992.44 22358 (35) sec
[690] Max 5249 (2435) steps (0.0007 hrs) 0.00:-7992.44 22413 (55) sec
[691] Max 5249 (2019) steps (0.0006 hrs) 0.00:-7992.44 22470 (57) sec
[692] Max 5249 (1482) steps (0.0004 hrs) 0.00:-7992.44 22494 (24) sec
[693] Max 5249 (262) steps (0.0001 hrs) 0.00:-7992.44 22516 (22) sec
[694] Max 5249 (2411) steps (0.0007 hrs) 0.00:-7992.44 22544 (28) sec
[695] Max 5249 (218) steps (0.0001 hrs) 0.00:-7992.44 22565 (21) sec
[696] Max 5249 (326) steps (0.0001 hrs) 0.00:-7992.44 22587 (22) sec
[697] Max 5249 (442) steps (0.0001 hrs) 0.00:-7992.44 22609 (22) sec
[698] Max 5249 (184) steps (0.0001 hrs) 0.00:-7992.44 22630 (21) sec
[699] Max 5249 (2002) steps (0.0006 hrs) 0.00:-7992.44 22688 (58) sec
[700] Max 5249 (1116) steps (0.0003 hrs) 0.00:-7992.44 22710 (22) sec
[701] Max 5249 (1705) steps (0.0005 hrs) 0.00:-7992.44 22740 (30) sec
[702] Max 5249 (343) steps (0.0001 hrs) 0.00:-7992.44 22762 (22) sec
[703] Max 5249 (2294) steps (0.0006 hrs) 0.00:-7992.44 22818 (56) sec
[704] Max 5249 (1612) steps (0.0004 hrs) 0.00:-7992.44 22842 (24) sec
[705] Max 5249 (1178) steps (0.0003 hrs) 0.00:-7992.44 22865 (23) sec
[706] Max 5249 (198) steps (0.0001 hrs) 0.00:-7992.44 22888 (23) sec
[707] Max 5249 (558) steps (0.0002 hrs) 0.00:-7992.44 22910 (22) sec
[708] Max 5249 (246) steps (0.0001 hrs) 0.00:-7992.44 22932 (22) sec
[709] Max 5249 (1569) steps (0.0004 hrs) 0.00:-7992.44 22955 (23) sec
[710] Max 5249 (1695) steps (0.0005 hrs) 0.00:-7992.44 22980 (25) sec
[711] Max 5249 (671) steps (0.0002 hrs) 0.00:-7992.44 23002 (22) sec
[712] Max 5249 (1494) steps (0.0004 hrs) 0.00:-7992.44 23026 (24) sec
[713] Max 5249 (555) steps (0.0002 hrs) 0.00:-7992.44 23048 (22) sec
[714] Max 5249 (2059) steps (0.0006 hrs) 0.00:-7992.44 23093 (45) sec
[715] Max 5249 (1124) steps (0.0003 hrs) 0.00:-7992.44 23115 (22) sec
[716] Max 5249 (212) steps (0.0001 hrs) 0.00:-7992.44 23137 (22) sec
[717] Max 5249 (647) steps (0.0002 hrs) 0.00:-7992.44 23158 (21) sec
[718] Max 5249 (3298) steps (0.0009 hrs) 0.00:-7992.44 23214 (56) sec
[719] Max 5249 (2062) steps (0.0006 hrs) 0.00:-7992.44 23268 (54) sec
[720] Max 5249 (3314) steps (0.0009 hrs) 0.00:-7992.44 23292 (24) sec
[721] Max 5249 (2007) steps (0.0006 hrs) 0.00:-7992.44 23315 (23) sec
[722] Max 5249 (426) steps (0.0001 hrs) 0.00:-7992.44 23336 (21) sec
[723] Max 5249 (2146) steps (0.0006 hrs) 0.00:-7992.44 23393 (57) sec
[724] Max 5249 (2071) steps (0.0006 hrs) 0.00:-7992.44 23447 (54) sec
[725] Max 5249 (176) steps (0.0000 hrs) 0.00:-7992.44 23469 (22) sec
[726] Max 5249 (470) steps (0.0001 hrs) 0.00:-7992.44 23491 (22) sec
[727] Max 5249 (747) steps (0.0002 hrs) 0.00:-7992.44 23513 (22) sec
[728] Max 5249 (1783) steps (0.0005 hrs) 0.00:-7992.44 23535 (22) sec
[729] Max 5249 (1362) steps (0.0004 hrs) 0.00:-7992.44 23559 (24) sec
[730] Max 5249 (148) steps (0.0000 hrs) 0.00:-7992.44 23580 (21) sec
[731] Max 5249 (1111) steps (0.0003 hrs) 0.00:-7992.44 23602 (22) sec
[732] Max 5249 (911) steps (0.0003 hrs) 0.00:-7992.44 23624 (22) sec
[733] Max 5249 (1797) steps (0.0005 hrs) 0.00:-7992.44 23664 (40) sec
[734] Max 5249 (710) steps (0.0002 hrs) 0.00:-7992.44 23686 (22) sec
[735] Max 5249 (828) steps (0.0002 hrs) 0.00:-7992.44 23707 (21) sec
[736] Max 5249 (965) steps (0.0003 hrs) 0.00:-7992.44 23730 (23) sec
[737] Max 5249 (1162) steps (0.0003 hrs) 0.00:-7992.44 23752 (22) sec
[738] Max 5249 (1193) steps (0.0003 hrs) 0.00:-7992.44 23776 (24) sec
[739] Max 5249 (483) steps (0.0001 hrs) 0.00:-7992.44 23798 (22) sec
[740] Max 5249 (2010) steps (0.0006 hrs) 0.00:-7992.44 23850 (52) sec
[741] Max 5249 (2499) steps (0.0007 hrs) 0.00:-7992.44 23905 (55) sec
[742] Max 5249 (995) steps (0.0003 hrs) 0.00:-7992.44 23926 (21) sec
[743] Max 5249 (1822) steps (0.0005 hrs) 0.00:-7992.44 23948 (22) sec
[744] Max 5249 (273) steps (0.0001 hrs) 0.00:-7992.44 23970 (22) sec
[745] Max 5249 (489) steps (0.0001 hrs) 0.00:-7992.44 23992 (22) sec
[746] Max 5249 (667) steps (0.0002 hrs) 0.00:-7992.44 24014 (22) sec
[747] Max 5249 (1094) steps (0.0003 hrs) 0.00:-7992.44 24036 (22) sec
[748] Max 5249 (2001) steps (0.0006 hrs) 0.00:-7992.44 24067 (31) sec
[749] Max 5249 (1958) steps (0.0005 hrs) 0.00:-7992.44 24092 (25) sec
[750] Max 5249 (1718) steps (0.0005 hrs) 0.00:-7992.44 24115 (23) sec
[751] Max 5249 (486) steps (0.0001 hrs) 0.00:-7992.44 24137 (22) sec
[752] Max 5249 (1931) steps (0.0005 hrs) 0.00:-7992.44 24194 (57) sec
[753] Max 5249 (1820) steps (0.0005 hrs) 0.00:-7992.44 24216 (22) sec
[754] Max 5249 (558) steps (0.0002 hrs) 0.00:-7992.44 24239 (23) sec
[755] Max 5249 (855) steps (0.0002 hrs) 0.00:-7992.44 24261 (22) sec
[756] Max 5249 (712) steps (0.0002 hrs) 0.00:-7992.44 24283 (22) sec
[757] Max 5249 (231) steps (0.0001 hrs) 0.00:-7992.44 24305 (22) sec
[758] Max 5249 (365) steps (0.0001 hrs) 0.00:-7992.44 24327 (22) sec
[759] Max 5249 (163) steps (0.0000 hrs) 0.00:-7992.44 24349 (22) sec
[760] Max 5249 (1477) steps (0.0004 hrs) 0.00:-7992.44 24373 (24) sec
[761] Max 5249 (2336) steps (0.0006 hrs) 0.00:-7992.44 24420 (47) sec
[762] Max 5249 (2553) steps (0.0007 hrs) 0.00:-7992.44 24477 (57) sec
[763] Max 5249 (1981) steps (0.0006 hrs) 0.00:-7992.44 24518 (41) sec
[764] Max 5249 (251) steps (0.0001 hrs) 0.00:-7992.44 24540 (22) sec
[765] Max 5249 (957) steps (0.0003 hrs) 0.00:-7992.44 24562 (22) sec
[766] Max 5249 (3385) steps (0.0009 hrs) 0.00:-7992.44 24614 (52) sec
[767] Max 5249 (312) steps (0.0001 hrs) 0.00:-7992.44 24636 (22) sec
[768] Max 5249 (1118) steps (0.0003 hrs) 0.00:-7992.44 24657 (21) sec
[769] Max 5249 (2730) steps (0.0008 hrs) 0.00:-7992.44 24700 (43) sec
[770] Max 5249 (1434) steps (0.0004 hrs) 0.00:-7992.44 24731 (31) sec
[771] Max 5249 (1229) steps (0.0003 hrs) 0.00:-7992.44 24756 (25) sec
[772] Max 5249 (1914) steps (0.0005 hrs) 0.00:-7992.44 24789 (33) sec
[773] Max 5249 (1870) steps (0.0005 hrs) 0.00:-7992.44 24811 (22) sec
[774] Max 5249 (2176) steps (0.0006 hrs) 0.00:-7992.44 24868 (57) sec
[775] Max 5249 (358) steps (0.0001 hrs) 0.00:-7992.44 24889 (21) sec
[776] Max 5249 (521) steps (0.0001 hrs) 0.00:-7992.44 24911 (22) sec
[777] Max 5249 (1994) steps (0.0006 hrs) 0.00:-7992.44 24936 (25) sec
[778] Max 5249 (1750) steps (0.0005 hrs) 0.00:-7992.44 24959 (23) sec
[779] Max 5249 (2092) steps (0.0006 hrs) 0.00:-7992.44 24995 (36) sec
[780] Max 5249 (1229) steps (0.0003 hrs) 0.00:-7992.44 25017 (22) sec
[781] Max 5249 (1018) steps (0.0003 hrs) 0.00:-7992.44 25039 (22) sec
[782] Max 5249 (2633) steps (0.0007 hrs) 0.00:-7992.44 25095 (56) sec
[783] Max 5249 (300) steps (0.0001 hrs) 0.00:-7992.44 25116 (21) sec
[784] Max 5249 (1834) steps (0.0005 hrs) 0.00:-7992.44 25174 (58) sec
[785] Max 5249 (314) steps (0.0001 hrs) 0.00:-7992.44 25196 (22) sec
[786] Max 5249 (702) steps (0.0002 hrs) 0.00:-7992.44 25218 (22) sec
[787] Max 5249 (2518) steps (0.0007 hrs) 0.00:-7992.44 25274 (56) sec
[788] Max 5249 (650) steps (0.0002 hrs) 0.00:-7992.44 25297 (23) sec
[789] Max 5249 (2304) steps (0.0006 hrs) 0.00:-7992.44 25348 (51) sec
[790] Max 5249 (2697) steps (0.0007 hrs) 0.00:-7992.44 25370 (22) sec
[791] Max 5249 (1635) steps (0.0005 hrs) 0.00:-7992.44 25394 (24) sec
[792] Max 5249 (1860) steps (0.0005 hrs) 0.00:-7992.44 25432 (38) sec
[793] Max 5249 (1005) steps (0.0003 hrs) 0.00:-7992.44 25454 (22) sec
[794] Max 5249 (1988) steps (0.0006 hrs) 0.00:-7992.44 25510 (56) sec
[795] Max 5249 (997) steps (0.0003 hrs) 0.00:-7992.44 25532 (22) sec
[796] Max 5249 (2592) steps (0.0007 hrs) 0.00:-7992.44 25582 (50) sec
[797] Max 5249 (840) steps (0.0002 hrs) 0.00:-7992.44 25604 (22) sec
[798] Max 5249 (1620) steps (0.0005 hrs) 0.00:-7992.44 25628 (24) sec
[799] Max 5249 (1405) steps (0.0004 hrs) 0.00:-7992.44 25655 (27) sec
[800] Max 5249 (1845) steps (0.0005 hrs) 0.00:-7992.44 25710 (55) sec
[801] Max 5249 (3056) steps (0.0008 hrs) 0.00:-7992.44 25766 (56) sec
[802] Max 5249 (214) steps (0.0001 hrs) 0.00:-7992.44 25788 (22) sec
[803] Max 5249 (3256) steps (0.0009 hrs) 0.00:-7992.44 25845 (57) sec
[804] Max 5249 (1384) steps (0.0004 hrs) 0.00:-7992.44 25867 (22) sec
[805] Max 5249 (1973) steps (0.0005 hrs) 0.00:-7992.44 25923 (56) sec
[806] Max 5249 (1947) steps (0.0005 hrs) 0.00:-7992.44 25981 (58) sec
[807] Max 5249 (519) steps (0.0001 hrs) 0.00:-7992.44 26003 (22) sec
[808] Max 5249 (1925) steps (0.0005 hrs) 0.00:-7992.44 26054 (51) sec
[809] Max 5249 (2407) steps (0.0007 hrs) 0.00:-7992.44 26095 (41) sec
[810] Max 5249 (2646) steps (0.0007 hrs) 0.00:-7992.44 26151 (56) sec
[811] Max 5249 (999) steps (0.0003 hrs) 0.00:-7992.44 26173 (22) sec
[812] Max 5249 (1935) steps (0.0005 hrs) 0.00:-7992.44 26231 (58) sec
[813] Max 5249 (179) steps (0.0000 hrs) 0.00:-7992.44 26254 (23) sec
[814] Max 5249 (150) steps (0.0000 hrs) 0.00:-7992.44 26276 (22) sec
[815] Max 5249 (1503) steps (0.0004 hrs) 0.00:-7992.44 26299 (23) sec
[816] Max 5249 (1489) steps (0.0004 hrs) 0.00:-7992.44 26321 (22) sec
[817] Max 5249 (728) steps (0.0002 hrs) 0.00:-7992.44 26343 (22) sec
[818] Max 5249 (214) steps (0.0001 hrs) 0.00:-7992.44 26364 (21) sec
[819] Max 5249 (2675) steps (0.0007 hrs) 0.00:-7992.44 26395 (31) sec
[820] Max 5249 (632) steps (0.0002 hrs) 0.00:-7992.44 26416 (21) sec
[821] Max 5249 (211) steps (0.0001 hrs) 0.00:-7992.44 26438 (22) sec
[822] Max 5249 (2129) steps (0.0006 hrs) 0.00:-7992.44 26493 (55) sec
[823] Max 5249 (1233) steps (0.0003 hrs) 0.00:-7992.44 26515 (22) sec
[824] Max 5249 (1390) steps (0.0004 hrs) 0.00:-7992.44 26539 (24) sec
[825] Max 5249 (2739) steps (0.0008 hrs) 0.00:-7992.44 26564 (25) sec
[826] Max 5249 (2392) steps (0.0007 hrs) 0.00:-7992.44 26620 (56) sec
[827] Max 5249 (1474) steps (0.0004 hrs) 0.00:-7992.44 26647 (27) sec
[828] Max 5249 (183) steps (0.0001 hrs) 0.00:-7992.44 26670 (23) sec
[829] Max 5249 (2415) steps (0.0007 hrs) 0.00:-7992.44 26726 (56) sec
[830] Max 5249 (1895) steps (0.0005 hrs) 0.00:-7992.44 26783 (57) sec
[831] Max 5249 (878) steps (0.0002 hrs) 0.00:-7992.44 26805 (22) sec
[832] Max 5249 (4113) steps (0.0011 hrs) 0.00:-7992.44 26863 (58) sec
[833] Max 5249 (1799) steps (0.0005 hrs) 0.00:-7992.44 26888 (25) sec
[834] Max 5249 (297) steps (0.0001 hrs) 0.00:-7992.44 26909 (21) sec
[835] Max 5249 (598) steps (0.0002 hrs) 0.00:-7992.44 26931 (22) sec
[836] Max 5249 (2008) steps (0.0006 hrs) 0.00:-7992.44 26960 (29) sec
[837] Max 5249 (2632) steps (0.0007 hrs) 0.00:-7992.44 27015 (55) sec
[838] Max 5249 (851) steps (0.0002 hrs) 0.00:-7992.44 27036 (21) sec
[839] Max 5249 (2109) steps (0.0006 hrs) 0.00:-7992.44 27091 (55) sec
[840] Max 5249 (367) steps (0.0001 hrs) 0.00:-7992.44 27113 (22) sec
[841] Max 5249 (2348) steps (0.0007 hrs) 0.00:-7992.44 27158 (45) sec
[842] Max 5249 (291) steps (0.0001 hrs) 0.00:-7992.44 27180 (22) sec
[843] Max 5249 (1351) steps (0.0004 hrs) 0.00:-7992.44 27203 (23) sec
[844] Max 5249 (662) steps (0.0002 hrs) 0.00:-7992.44 27225 (22) sec
[845] Max 5249 (2220) steps (0.0006 hrs) 0.00:-7992.44 27282 (57) sec
[846] Max 5249 (2171) steps (0.0006 hrs) 0.00:-7992.44 27310 (28) sec
[847] Max 5249 (2229) steps (0.0006 hrs) 0.00:-7992.44 27366 (56) sec
[848] Max 5249 (393) steps (0.0001 hrs) 0.00:-7992.44 27388 (22) sec
[849] Max 5249 (291) steps (0.0001 hrs) 0.00:-7992.44 27409 (21) sec
[850] Max 5249 (4057) steps (0.0011 hrs) 0.00:-7992.44 27472 (63) sec
[851] Max 5249 (369) steps (0.0001 hrs) 0.00:-7992.44 27494 (22) sec
[852] Max 5249 (2048) steps (0.0006 hrs) 0.00:-7992.44 27521 (27) sec
[853] Max 5249 (518) steps (0.0001 hrs) 0.00:-7992.44 27543 (22) sec
[854] Max 5249 (2479) steps (0.0007 hrs) 0.00:-7992.44 27591 (48) sec
[855] Max 5249 (918) steps (0.0003 hrs) 0.00:-7992.44 27614 (23) sec
[856] Max 5249 (2215) steps (0.0006 hrs) 0.00:-7992.44 27670 (56) sec
[857] Max 5249 (1935) steps (0.0005 hrs) 0.00:-7992.44 27692 (22) sec
[858] Max 5249 (2465) steps (0.0007 hrs) 0.00:-7992.44 27747 (55) sec
[859] Max 5249 (2444) steps (0.0007 hrs) 0.00:-7992.44 27804 (57) sec
[860] Max 5249 (190) steps (0.0001 hrs) 0.00:-7992.44 27826 (22) sec
[861] Max 5249 (1999) steps (0.0006 hrs) 0.00:-7992.44 27883 (57) sec
[862] Max 5249 (535) steps (0.0001 hrs) 0.00:-7992.44 27905 (22) sec
[863] Max 5249 (991) steps (0.0003 hrs) 0.00:-7992.44 27926 (21) sec
[864] Max 5249 (306) steps (0.0001 hrs) 0.00:-7992.44 27948 (22) sec
[865] Max 5249 (1942) steps (0.0005 hrs) 0.00:-7992.44 27975 (27) sec
[866] Max 5249 (2508) steps (0.0007 hrs) 0.00:-7992.44 28030 (55) sec
[867] Max 5249 (840) steps (0.0002 hrs) 0.00:-7992.44 28053 (23) sec
[868] Max 5249 (546) steps (0.0002 hrs) 0.00:-7992.44 28075 (22) sec
[869] Max 5249 (188) steps (0.0001 hrs) 0.00:-7992.44 28096 (21) sec
[870] Max 5249 (1871) steps (0.0005 hrs) 0.00:-7992.44 28123 (27) sec
[871] Max 5249 (382) steps (0.0001 hrs) 0.00:-7992.44 28145 (22) sec
[872] Max 5249 (2209) steps (0.0006 hrs) 0.00:-7992.44 28171 (26) sec
[873] Max 5249 (953) steps (0.0003 hrs) 0.00:-7992.44 28195 (24) sec
[874] Max 5249 (1861) steps (0.0005 hrs) 0.00:-7992.44 28252 (57) sec
[875] Max 5249 (901) steps (0.0003 hrs) 0.00:-7992.44 28274 (22) sec
[876] Max 5249 (844) steps (0.0002 hrs) 0.00:-7992.44 28295 (21) sec
[877] Max 5249 (2081) steps (0.0006 hrs) 0.00:-7992.44 28317 (22) sec
[878] Max 5249 (578) steps (0.0002 hrs) 0.00:-7992.44 28339 (22) sec
[879] Max 5249 (2682) steps (0.0007 hrs) 0.00:-7992.44 28367 (28) sec
[880] Max 5249 (1207) steps (0.0003 hrs) 0.00:-7992.44 28391 (24) sec
[881] Max 5249 (1731) steps (0.0005 hrs) 0.00:-7992.44 28448 (57) sec
[882] Max 5249 (2339) steps (0.0006 hrs) 0.00:-7992.44 28504 (56) sec
[883] Max 5249 (2095) steps (0.0006 hrs) 0.00:-7992.44 28529 (25) sec
[884] Max 5249 (2377) steps (0.0007 hrs) 0.00:-7992.44 28585 (56) sec
[885] Max 5249 (493) steps (0.0001 hrs) 0.00:-7992.44 28606 (21) sec
[886] Max 5249 (1088) steps (0.0003 hrs) 0.00:-7992.44 28628 (22) sec
[887] Max 5249 (1831) steps (0.0005 hrs) 0.00:-7992.44 28652 (24) sec
[888] Max 5249 (2364) steps (0.0007 hrs) 0.00:-7992.44 28701 (49) sec
[889] Max 5249 (463) steps (0.0001 hrs) 0.00:-7992.44 28723 (22) sec
[890] Max 5249 (145) steps (0.0000 hrs) 0.00:-7992.44 28744 (21) sec
[891] Max 5249 (4221) steps (0.0012 hrs) 0.00:-7992.44 28770 (26) sec
[892] Max 5249 (2561) steps (0.0007 hrs) 0.00:-7992.44 28827 (57) sec
[893] Max 5249 (1134) steps (0.0003 hrs) 0.00:-7992.44 28850 (23) sec
[894] Max 5249 (2814) steps (0.0008 hrs) 0.00:-7992.44 28893 (43) sec
[895] Max 5249 (1314) steps (0.0004 hrs) 0.00:-7992.44 28915 (22) sec
[896] Max 5249 (2233) steps (0.0006 hrs) 0.00:-7992.44 28971 (56) sec
[897] Max 5249 (2162) steps (0.0006 hrs) 0.00:-7992.44 29023 (52) sec
[898] Max 5249 (1175) steps (0.0003 hrs) 0.00:-7992.44 29045 (22) sec
[899] Max 5249 (2713) steps (0.0008 hrs) 0.00:-7992.44 29100 (55) sec
[900] Max 5249 (2802) steps (0.0008 hrs) 0.00:-7992.44 29135 (35) sec
[901] Max 5249 (2792) steps (0.0008 hrs) 0.00:-7992.44 29187 (52) sec
[902] Max 5249 (2146) steps (0.0006 hrs) 0.00:-7992.44 29241 (54) sec
[903] Max 5249 (2269) steps (0.0006 hrs) 0.00:-7992.44 29298 (57) sec
[904] Max 5249 (808) steps (0.0002 hrs) 0.00:-7992.44 29319 (21) sec
[905] Max 5249 (1773) steps (0.0005 hrs) 0.00:-7992.44 29345 (26) sec
[906] Max 5249 (223) steps (0.0001 hrs) 0.00:-7992.44 29366 (21) sec
[907] Max 5249 (1999) steps (0.0006 hrs) 0.00:-7992.44 29414 (48) sec
[908] Max 5249 (2160) steps (0.0006 hrs) 0.00:-7992.44 29470 (56) sec
[909] Max 5249 (1086) steps (0.0003 hrs) 0.00:-7992.44 29491 (21) sec
[910] Max 5249 (1494) steps (0.0004 hrs) 0.00:-7992.44 29514 (23) sec
[911] Max 5249 (583) steps (0.0002 hrs) 0.00:-7992.44 29537 (23) sec
[912] Max 5249 (2061) steps (0.0006 hrs) 0.00:-7992.44 29594 (57) sec
[913] Max 5249 (881) steps (0.0002 hrs) 0.00:-7992.44 29616 (22) sec
[914] Max 5249 (1733) steps (0.0005 hrs) 0.00:-7992.44 29638 (22) sec
[915] Max 5249 (2392) steps (0.0007 hrs) 0.00:-7992.44 29687 (49) sec
[916] Max 5249 (206) steps (0.0001 hrs) 0.00:-7992.44 29708 (21) sec
[917] Max 5249 (2434) steps (0.0007 hrs) 0.00:-7992.44 29761 (53) sec
[918] Max 5249 (1988) steps (0.0006 hrs) 0.00:-7992.44 29816 (55) sec
[919] Max 5249 (1961) steps (0.0005 hrs) 0.00:-7992.44 29875 (59) sec
[920] Max 5249 (1966) steps (0.0005 hrs) 0.00:-7992.44 29930 (55) sec
[921] Max 5249 (704) steps (0.0002 hrs) 0.00:-7992.44 29951 (21) sec
[922] Max 5249 (1770) steps (0.0005 hrs) 0.00:-7992.44 29979 (28) sec
[923] Max 5249 (370) steps (0.0001 hrs) 0.00:-7992.44 30000 (21) sec
[924] Max 5249 (667) steps (0.0002 hrs) 0.00:-7992.44 30022 (22) sec
[925] Max 5249 (323) steps (0.0001 hrs) 0.00:-7992.44 30044 (22) sec
[926] Max 5249 (334) steps (0.0001 hrs) 0.00:-7992.44 30065 (21) sec
[927] Max 5249 (2273) steps (0.0006 hrs) 0.00:-7992.44 30118 (53) sec
[928] Max 5249 (668) steps (0.0002 hrs) 0.00:-7992.44 30139 (21) sec
[929] Max 5249 (1835) steps (0.0005 hrs) 0.00:-7992.44 30161 (22) sec
[930] Max 5249 (2280) steps (0.0006 hrs) 0.00:-7992.44 30217 (56) sec
[931] Max 5249 (2272) steps (0.0006 hrs) 0.00:-7992.44 30272 (55) sec
[932] Max 5249 (2043) steps (0.0006 hrs) 0.00:-7992.44 30324 (52) sec
[933] Max 5249 (811) steps (0.0002 hrs) 0.00:-7992.44 30346 (22) sec
[934] Max 5249 (2065) steps (0.0006 hrs) 0.00:-7992.44 30376 (30) sec
[935] Max 5249 (500) steps (0.0001 hrs) 0.00:-7992.44 30398 (22) sec
[936] Max 5249 (2171) steps (0.0006 hrs) 0.00:-7992.44 30456 (58) sec
[937] Max 5249 (1017) steps (0.0003 hrs) 0.00:-7992.44 30478 (22) sec
[938] Max 5249 (2402) steps (0.0007 hrs) 0.00:-7992.44 30504 (26) sec
[939] Max 5249 (2226) steps (0.0006 hrs) 0.00:-7992.44 30560 (56) sec
[940] Max 5249 (431) steps (0.0001 hrs) 0.00:-7992.44 30581 (21) sec
[941] Max 5249 (2660) steps (0.0007 hrs) 0.00:-7992.44 30603 (22) sec
[942] Max 5249 (1849) steps (0.0005 hrs) 0.00:-7992.44 30659 (56) sec
[943] Max 5249 (384) steps (0.0001 hrs) 0.00:-7992.44 30681 (22) sec
[944] Max 5249 (1887) steps (0.0005 hrs) 0.00:-7992.44 30735 (54) sec
[945] Max 5249 (1882) steps (0.0005 hrs) 0.00:-7992.44 30784 (49) sec
[946] Max 5249 (2442) steps (0.0007 hrs) 0.00:-7992.44 30842 (58) sec
[947] Max 5249 (2161) steps (0.0006 hrs) 0.00:-7992.44 30870 (28) sec
[948] Max 5249 (1273) steps (0.0004 hrs) 0.00:-7992.44 30892 (22) sec
[949] Max 5249 (2489) steps (0.0007 hrs) 0.00:-7992.44 30949 (57) sec
[950] Max 5249 (356) steps (0.0001 hrs) 0.00:-7992.44 30971 (22) sec
[951] Max 5249 (1954) steps (0.0005 hrs) 0.00:-7992.44 31011 (40) sec
[952] Max 5249 (178) steps (0.0000 hrs) 0.00:-7992.44 31032 (21) sec
[953] Max 5249 (2197) steps (0.0006 hrs) 0.00:-7992.44 31058 (26) sec
[954] Max 5249 (1029) steps (0.0003 hrs) 0.00:-7992.44 31080 (22) sec
[955] Max 5249 (2209) steps (0.0006 hrs) 0.00:-7992.44 31102 (22) sec
[956] Max 5249 (509) steps (0.0001 hrs) 0.00:-7992.44 31125 (23) sec
[957] Max 5249 (2149) steps (0.0006 hrs) 0.00:-7992.44 31154 (29) sec
[958] Max 5249 (850) steps (0.0002 hrs) 0.00:-7992.44 31176 (22) sec
[959] Max 5249 (2402) steps (0.0007 hrs) 0.00:-7992.44 31233 (57) sec
[960] Max 5249 (1106) steps (0.0003 hrs) 0.00:-7992.44 31255 (22) sec
[961] Max 5249 (2227) steps (0.0006 hrs) 0.00:-7992.44 31310 (55) sec
[962] Max 5249 (2726) steps (0.0008 hrs) 0.00:-7992.44 31342 (32) sec
[963] Max 5249 (2046) steps (0.0006 hrs) 0.00:-7992.44 31376 (34) sec
[964] Max 5249 (1846) steps (0.0005 hrs) 0.00:-7992.44 31399 (23) sec
[965] Max 5249 (1304) steps (0.0004 hrs) 0.00:-7992.44 31421 (22) sec
[966] Max 5249 (2706) steps (0.0008 hrs) 0.00:-7992.44 31451 (30) sec
[967] Max 5249 (2165) steps (0.0006 hrs) 0.00:-7992.44 31506 (55) sec
[968] Max 5249 (1887) steps (0.0005 hrs) 0.00:-7992.44 31532 (26) sec
[969] Max 5249 (422) steps (0.0001 hrs) 0.00:-7992.44 31555 (23) sec
[970] Max 5249 (154) steps (0.0000 hrs) 0.00:-7992.44 31576 (21) sec
[971] Max 5249 (1078) steps (0.0003 hrs) 0.00:-7992.44 31599 (23) sec
[972] Max 5249 (1969) steps (0.0005 hrs) 0.00:-7992.44 31656 (57) sec
[973] Max 5249 (643) steps (0.0002 hrs) 0.00:-7992.44 31679 (23) sec
[974] Max 5249 (1026) steps (0.0003 hrs) 0.00:-7992.44 31701 (22) sec
[975] Max 5249 (2127) steps (0.0006 hrs) 0.00:-7992.44 31757 (56) sec
[976] Max 5249 (2356) steps (0.0007 hrs) 0.00:-7992.44 31814 (57) sec
[977] Max 5249 (596) steps (0.0002 hrs) 0.00:-7992.44 31837 (23) sec
[978] Max 5249 (340) steps (0.0001 hrs) 0.00:-7992.44 31858 (21) sec
[979] Max 5249 (2124) steps (0.0006 hrs) 0.00:-7992.44 31914 (56) sec
[980] Max 5249 (2053) steps (0.0006 hrs) 0.00:-7992.44 31965 (51) sec
[981] Max 5249 (206) steps (0.0001 hrs) 0.00:-7992.44 31987 (22) sec
[982] Max 5249 (375) steps (0.0001 hrs) 0.00:-7992.44 32009 (22) sec
[983] Max 5249 (882) steps (0.0002 hrs) 0.00:-7992.44 32030 (21) sec
[984] Max 5249 (549) steps (0.0002 hrs) 0.00:-7992.44 32052 (22) sec
[985] Max 5249 (2076) steps (0.0006 hrs) 0.00:-7992.44 32076 (24) sec
[986] Max 5249 (1642) steps (0.0005 hrs) 0.00:-7992.44 32099 (23) sec
[987] Max 5249 (944) steps (0.0003 hrs) 0.00:-7992.44 32121 (22) sec
[988] Max 5249 (2405) steps (0.0007 hrs) 0.00:-7992.44 32176 (55) sec
[989] Max 5249 (833) steps (0.0002 hrs) 0.00:-7992.44 32198 (22) sec
[990] Max 5249 (163) steps (0.0000 hrs) 0.00:-7992.44 32220 (22) sec
[991] Max 5249 (1374) steps (0.0004 hrs) 0.00:-7992.44 32246 (26) sec
[992] Max 5249 (431) steps (0.0001 hrs) 0.00:-7992.44 32268 (22) sec
[993] Max 5249 (1154) steps (0.0003 hrs) 0.00:-7992.44 32290 (22) sec
[994] Max 5249 (2701) steps (0.0008 hrs) 0.00:-7992.44 32340 (50) sec
[995] Max 5249 (2262) steps (0.0006 hrs) 0.00:-7992.44 32393 (53) sec
[996] Max 5249 (1814) steps (0.0005 hrs) 0.00:-7992.44 32430 (37) sec
[997] Max 5249 (615) steps (0.0002 hrs) 0.00:-7992.44 32452 (22) sec
[998] Max 5249 (2449) steps (0.0007 hrs) 0.00:-7992.44 32505 (53) sec
[999] Max 5249 (752) steps (0.0002 hrs) 0.00:-7992.44 32528 (23) sec
[1000] Max 5249 (2158) steps (0.0006 hrs) 0.00:-7992.44 32576 (48) sec
Total Elapsed time: 32576 seconds
Wrote current data to latest.train
