balanced 0 test_flag 0
[1] Ep10000: Max 126 (126) steps (0.0000 hrs) 16.67:0.00 11 (11) sec
[2] Ep10000: Max 1088 (1088) steps (0.0003 hrs) 20.83:0.00 22 (11) sec
[3] Ep10000: Max 1088 (120) steps (0.0000 hrs) 18.87:0.00 33 (11) sec
[4] Ep10000: Max 1985 (1985) steps (0.0006 hrs) 0.00:0.00 66 (33) sec
[5] Ep10000: Max 1985 (120) steps (0.0000 hrs) 16.39:0.00 78 (12) sec
[6] Ep10000: Max 1985 (191) steps (0.0001 hrs) 25.00:0.00 89 (11) sec
[7] Ep10000: Max 1985 (124) steps (0.0000 hrs) 20.41:0.00 100 (11) sec
[8] Ep10000: Max 1985 (120) steps (0.0000 hrs) 25.64:0.00 112 (12) sec
[9] Ep10000: Max 1985 (930) steps (0.0003 hrs) 0.00:13.33 124 (12) sec
[10] Ep10000: Max 2170 (2170) steps (0.0006 hrs) 0.00:0.00 162 (38) sec
[11] Ep10000: Max 2170 (587) steps (0.0002 hrs) 24.39:0.00 173 (11) sec
[12] Ep10000: Max 2170 (488) steps (0.0001 hrs) 10.10:0.00 184 (11) sec
[13] Ep10000: Max 2170 (124) steps (0.0000 hrs) 11.63:0.00 195 (11) sec
[14] Ep10000: Max 2170 (186) steps (0.0001 hrs) 31.25:0.00 207 (12) sec
[15] Ep10000: Max 2170 (120) steps (0.0000 hrs) 20.83:0.00 219 (12) sec
[16] Ep10000: Max 2170 (163) steps (0.0000 hrs) 32.26:0.00 231 (12) sec
[17] Ep10000: Max 2170 (2058) steps (0.0006 hrs) 0.00:0.00 284 (53) sec
[18] Ep10000: Max 2170 (1890) steps (0.0005 hrs) 3.39:0.00 315 (31) sec
[19] Ep10000: Max 2170 (122) steps (0.0000 hrs) 0.00:32.26 327 (12) sec
[20] Ep10000: Max 2238 (2238) steps (0.0006 hrs) 0.00:0.00 356 (29) sec
[21] Ep10000: Max 2238 (119) steps (0.0000 hrs) 20.00:0.00 368 (12) sec
[22] Ep10000: Max 2238 (1857) steps (0.0005 hrs) 0.00:0.00 402 (34) sec
[23] Ep10000: Max 2238 (155) steps (0.0000 hrs) 17.54:0.00 414 (12) sec
[24] Ep10000: Max 2341 (2341) steps (0.0007 hrs) 0.00:0.00 447 (33) sec
[25] Ep10000: Max 2341 (120) steps (0.0000 hrs) 0.00:20.83 458 (11) sec
[26] Ep10000: Max 2341 (1997) steps (0.0006 hrs) 0.00:0.00 493 (35) sec
[27] Ep10000: Max 2341 (128) steps (0.0000 hrs) 12.99:0.00 506 (13) sec
[28] Ep10000: Max 2341 (344) steps (0.0001 hrs) 15.87:0.00 518 (12) sec
[29] Ep10000: Max 2341 (120) steps (0.0000 hrs) 11.76:0.00 530 (12) sec
[30] Ep10000: Max 2495 (2495) steps (0.0007 hrs) 0.00:0.00 565 (35) sec
[31] Ep10000: Max 2495 (1167) steps (0.0003 hrs) 0.00:0.00 578 (13) sec
[32] Ep10000: Max 2495 (124) steps (0.0000 hrs) 0.00:15.87 590 (12) sec
[33] Ep10000: Max 2495 (216) steps (0.0001 hrs) 0.00:22.22 602 (12) sec
[34] Ep10000: Max 2495 (2326) steps (0.0006 hrs) 0.00:0.00 649 (47) sec
[35] Ep10000: Max 2495 (1734) steps (0.0005 hrs) 14.93:0.00 670 (21) sec
[36] Ep10000: Max 2495 (127) steps (0.0000 hrs) 8.40:8.40 682 (12) sec
[37] Ep10000: Max 2495 (222) steps (0.0001 hrs) 15.15:0.00 693 (11) sec
[38] Ep10000: Max 2495 (119) steps (0.0000 hrs) 0.00:9.90 704 (11) sec
[39] Ep10000: Max 2682 (2682) steps (0.0007 hrs) 0.00:0.00 762 (58) sec
[40] Ep10000: Max 2959 (2959) steps (0.0008 hrs) 0.00:0.00 793 (31) sec
[41] Ep10000: Max 2959 (2584) steps (0.0007 hrs) 0.00:0.00 857 (64) sec
[42] Ep10000: Max 2959 (1341) steps (0.0004 hrs) 0.00:21.74 869 (12) sec
[43] Ep10000: Max 2959 (131) steps (0.0000 hrs) 0.00:76.92 881 (12) sec
[44] Ep10000: Max 2959 (119) steps (0.0000 hrs) 18.87:0.00 892 (11) sec
[45] Ep10000: Max 2959 (1140) steps (0.0003 hrs) 16.13:0.00 904 (12) sec
[46] Ep10000: Max 2959 (127) steps (0.0000 hrs) 18.18:0.00 915 (11) sec
[47] Ep10000: Max 2959 (1816) steps (0.0005 hrs) 0.00:16.67 931 (16) sec
[48] Ep10000: Max 2959 (1119) steps (0.0003 hrs) 16.13:0.00 945 (14) sec
[49] Ep10000: Max 2959 (126) steps (0.0000 hrs) 16.39:0.00 957 (12) sec
[50] Ep10000: Max 2959 (694) steps (0.0002 hrs) 21.74:0.00 968 (11) sec
[51] Ep10000: Max 2959 (120) steps (0.0000 hrs) 15.87:0.00 980 (12) sec
[52] Ep10000: Max 2959 (2539) steps (0.0007 hrs) 0.00:0.00 1016 (36) sec
[53] Ep10000: Max 2959 (124) steps (0.0000 hrs) 12.50:0.00 1027 (11) sec
[54] Ep10000: Max 2959 (121) steps (0.0000 hrs) 16.95:0.00 1039 (12) sec
[55] Ep10000: Max 2959 (120) steps (0.0000 hrs) 0.00:16.13 1051 (12) sec
[56] Ep10000: Max 2959 (2109) steps (0.0006 hrs) 0.00:0.00 1085 (34) sec
[57] Ep10000: Max 2959 (249) steps (0.0001 hrs) 11.90:0.00 1096 (11) sec
[58] Ep10000: Max 2959 (1881) steps (0.0005 hrs) 0.00:0.00 1130 (34) sec
[59] Ep10000: Max 2959 (124) steps (0.0000 hrs) 10.64:0.00 1141 (11) sec
[60] Ep10000: Max 2959 (124) steps (0.0000 hrs) 0.00:10.53 1153 (12) sec
[61] Ep10000: Max 2959 (2219) steps (0.0006 hrs) 0.00:0.00 1187 (34) sec
[62] Ep10000: Max 2959 (1348) steps (0.0004 hrs) 0.00:15.38 1199 (12) sec
[63] Ep10000: Max 2959 (460) steps (0.0001 hrs) 0.00:17.54 1211 (12) sec
[64] Ep10000: Max 2959 (120) steps (0.0000 hrs) 16.67:0.00 1222 (11) sec
[65] Ep10000: Max 2959 (146) steps (0.0000 hrs) 11.63:0.00 1234 (12) sec
[66] Ep10000: Max 2959 (119) steps (0.0000 hrs) 0.00:11.36 1246 (12) sec
[67] Ep10000: Max 2959 (120) steps (0.0000 hrs) 10.31:0.00 1258 (12) sec
[68] Ep10000: Max 2959 (670) steps (0.0002 hrs) 17.86:0.00 1271 (13) sec
[69] Ep10000: Max 2959 (120) steps (0.0000 hrs) 0.00:13.70 1282 (11) sec
[70] Ep10000: Max 2959 (205) steps (0.0001 hrs) 23.26:0.00 1294 (12) sec
[71] Ep10000: Max 2959 (1843) steps (0.0005 hrs) 0.00:0.00 1362 (68) sec
[72] Ep10000: Max 2959 (2014) steps (0.0006 hrs) 0.00:0.00 1422 (60) sec
[73] Ep10000: Max 2959 (128) steps (0.0000 hrs) 11.49:0.00 1434 (12) sec
[74] Ep10000: Max 2959 (2367) steps (0.0007 hrs) 0.00:0.00 1477 (43) sec
[75] Ep10000: Max 2959 (123) steps (0.0000 hrs) 18.18:0.00 1489 (12) sec
[76] Ep10000: Max 2959 (774) steps (0.0002 hrs) 0.00:43.48 1501 (12) sec
[77] Ep10000: Max 2959 (2027) steps (0.0006 hrs) 0.00:0.00 1555 (54) sec
[78] Ep10000: Max 2959 (179) steps (0.0000 hrs) 12.66:0.00 1566 (11) sec
[79] Ep10000: Max 2959 (1940) steps (0.0005 hrs) 0.00:0.00 1622 (56) sec
[80] Ep10000: Max 2959 (2164) steps (0.0006 hrs) 0.00:0.00 1660 (38) sec
[81] Ep10000: Max 2959 (2084) steps (0.0006 hrs) 0.00:0.00 1696 (36) sec
[82] Ep10000: Max 2959 (2318) steps (0.0006 hrs) 0.00:0.00 1723 (27) sec
[83] Ep10000: Max 2959 (878) steps (0.0002 hrs) 9.62:9.62 1737 (14) sec
[84] Ep10000: Max 2959 (548) steps (0.0002 hrs) 0.00:16.13 1750 (13) sec
[85] Ep10000: Max 2959 (1746) steps (0.0005 hrs) 0.00:0.00 1788 (38) sec
[86] Ep10000: Max 2959 (2135) steps (0.0006 hrs) 0.00:0.00 1838 (50) sec
[87] Ep10000: Max 2959 (127) steps (0.0000 hrs) 10.31:0.00 1850 (12) sec
[88] Ep10000: Max 2959 (259) steps (0.0001 hrs) 18.18:0.00 1862 (12) sec
[89] Ep10000: Max 2959 (123) steps (0.0000 hrs) 0.00:18.18 1874 (12) sec
[90] Ep10000: Max 2959 (1374) steps (0.0004 hrs) 125.00:0.00 1886 (12) sec
[91] Ep10000: Max 2959 (1094) steps (0.0003 hrs) 11.63:0.00 1900 (14) sec
[92] Ep10000: Max 2959 (126) steps (0.0000 hrs) 17.24:0.00 1912 (12) sec
[93] Ep10000: Max 3600 (3600) steps (0.0010 hrs) 0.00:0.00 1945 (33) sec
[94] Ep10000: Max 3600 (121) steps (0.0000 hrs) 37.04:0.00 1958 (13) sec
[95] Ep10000: Max 3600 (125) steps (0.0000 hrs) 0.00:13.70 1970 (12) sec
[96] Ep10000: Max 3600 (2766) steps (0.0008 hrs) 0.00:0.00 2004 (34) sec
[97] Ep10000: Max 3600 (125) steps (0.0000 hrs) 10.31:0.00 2016 (12) sec
[98] Ep10000: Max 3600 (610) steps (0.0002 hrs) 20.83:0.00 2029 (13) sec
[99] Ep10000: Max 3600 (830) steps (0.0002 hrs) 66.67:0.00 2042 (13) sec
[100] Ep10000: Max 3600 (607) steps (0.0002 hrs) 14.49:0.00 2054 (12) sec
[101] Ep10000: Max 3600 (2284) steps (0.0006 hrs) 0.00:0.00 2083 (29) sec
[102] Ep10000: Max 3600 (123) steps (0.0000 hrs) 15.87:0.00 2095 (12) sec
[103] Ep10000: Max 3600 (387) steps (0.0001 hrs) 0.00:11.90 2107 (12) sec
[104] Ep10000: Max 3600 (119) steps (0.0000 hrs) 0.00:12.66 2119 (12) sec
[105] Ep10000: Max 3600 (252) steps (0.0001 hrs) 30.30:0.00 2131 (12) sec
[106] Ep10000: Max 3600 (2228) steps (0.0006 hrs) 0.00:0.00 2166 (35) sec
[107] Ep10000: Max 3600 (201) steps (0.0001 hrs) 21.28:0.00 2177 (11) sec
[108] Ep10000: Max 3600 (120) steps (0.0000 hrs) 18.52:0.00 2189 (12) sec
[109] Ep10000: Max 3600 (120) steps (0.0000 hrs) 0.00:11.11 2202 (13) sec
[110] Ep10000: Max 3600 (378) steps (0.0001 hrs) 11.24:0.00 2214 (12) sec
[111] Ep10000: Max 3600 (1677) steps (0.0005 hrs) 0.00:23.26 2226 (12) sec
[112] Ep10000: Max 3600 (2461) steps (0.0007 hrs) 0.00:0.00 2254 (28) sec
[113] Ep10000: Max 3600 (223) steps (0.0001 hrs) 0.00:35.71 2266 (12) sec
[114] Ep10000: Max 3600 (120) steps (0.0000 hrs) 17.54:0.00 2278 (12) sec
[115] Ep10000: Max 3600 (2983) steps (0.0008 hrs) 0.00:0.00 2322 (44) sec
[116] Ep10000: Max 3600 (128) steps (0.0000 hrs) 0.00:20.00 2334 (12) sec
[117] Ep10000: Max 3600 (2238) steps (0.0006 hrs) 16.67:0.00 2367 (33) sec
[118] Ep10000: Max 3600 (120) steps (0.0000 hrs) 14.08:0.00 2379 (12) sec
[119] Ep10000: Max 3600 (121) steps (0.0000 hrs) 0.00:14.08 2391 (12) sec
[120] Ep10000: Max 3600 (120) steps (0.0000 hrs) 32.26:0.00 2404 (13) sec
[121] Ep10000: Max 3600 (223) steps (0.0001 hrs) 0.00:14.08 2416 (12) sec
[122] Ep10000: Max 3600 (1852) steps (0.0005 hrs) 0.00:0.00 2466 (50) sec
[123] Ep10000: Max 3600 (2001) steps (0.0006 hrs) 0.00:0.00 2499 (33) sec
[124] Ep10000: Max 3600 (2076) steps (0.0006 hrs) 0.00:0.00 2533 (34) sec
[125] Ep10000: Max 3600 (161) steps (0.0000 hrs) 10.75:0.00 2544 (11) sec
[126] Ep10000: Max 3600 (617) steps (0.0002 hrs) 8.62:8.62 2556 (12) sec
[127] Ep10000: Max 3600 (1898) steps (0.0005 hrs) 0.00:0.00 2571 (15) sec
[128] Ep10000: Max 3600 (121) steps (0.0000 hrs) 21.74:0.00 2582 (11) sec
[129] Ep10000: Max 3600 (216) steps (0.0001 hrs) 9.80:0.00 2594 (12) sec
[130] Ep10000: Max 3600 (389) steps (0.0001 hrs) 16.95:0.00 2606 (12) sec
[131] Ep10000: Max 3600 (118) steps (0.0000 hrs) 0.00:20.41 2618 (12) sec
[132] Ep10000: Max 3600 (335) steps (0.0001 hrs) 20.83:0.00 2629 (11) sec
[133] Ep10000: Max 3600 (1169) steps (0.0003 hrs) 200.00:0.00 2641 (12) sec
[134] Ep10000: Max 3600 (1908) steps (0.0005 hrs) 0.00:0.00 2685 (44) sec
[135] Ep10000: Max 3600 (139) steps (0.0000 hrs) 0.00:24.39 2697 (12) sec
[136] Ep10000: Max 3600 (1931) steps (0.0005 hrs) 0.00:0.00 2752 (55) sec
[137] Ep10000: Max 3600 (378) steps (0.0001 hrs) 14.08:0.00 2763 (11) sec
[138] Ep10000: Max 3600 (120) steps (0.0000 hrs) 10.00:0.00 2774 (11) sec
[139] Ep10000: Max 3600 (1185) steps (0.0003 hrs) 13.16:0.00 2786 (12) sec
[140] Ep10000: Max 3600 (2624) steps (0.0007 hrs) 0.00:0.00 2840 (54) sec
[141] Ep10000: Max 3600 (231) steps (0.0001 hrs) 0.00:22.22 2852 (12) sec
[142] Ep10000: Max 3600 (258) steps (0.0001 hrs) 25.64:0.00 2864 (12) sec
[143] Ep10000: Max 3600 (2165) steps (0.0006 hrs) 0.00:0.00 2896 (32) sec
[144] Ep10000: Max 3600 (2139) steps (0.0006 hrs) 0.00:0.00 2927 (31) sec
[145] Ep10000: Max 3600 (2189) steps (0.0006 hrs) 0.00:0.00 2959 (32) sec
[146] Ep10000: Max 3600 (124) steps (0.0000 hrs) 15.62:0.00 2970 (11) sec
[147] Ep10000: Max 3600 (120) steps (0.0000 hrs) 0.00:31.25 2981 (11) sec
[148] Ep10000: Max 3600 (2270) steps (0.0006 hrs) 0.00:0.00 3018 (37) sec
[149] Ep10000: Max 3600 (306) steps (0.0001 hrs) 14.29:0.00 3029 (11) sec
[150] Ep10000: Max 3600 (2497) steps (0.0007 hrs) 0.00:0.00 3066 (37) sec
[151] Ep10000: Max 3600 (123) steps (0.0000 hrs) 16.95:0.00 3078 (12) sec
[152] Ep10000: Max 3600 (2172) steps (0.0006 hrs) 0.00:0.00 3113 (35) sec
[153] Ep10000: Max 3600 (127) steps (0.0000 hrs) 10.42:0.00 3124 (11) sec
[154] Ep10000: Max 3600 (125) steps (0.0000 hrs) 21.74:0.00 3134 (10) sec
[155] Ep10000: Max 3600 (167) steps (0.0000 hrs) 13.89:0.00 3145 (11) sec
[156] Ep10000: Max 3600 (740) steps (0.0002 hrs) 11.90:0.00 3158 (13) sec
[157] Ep10000: Max 3600 (120) steps (0.0000 hrs) 0.00:11.76 3169 (11) sec
[158] Ep10000: Max 3600 (120) steps (0.0000 hrs) 15.15:0.00 3180 (11) sec
[159] Ep10000: Max 3600 (126) steps (0.0000 hrs) 30.30:0.00 3191 (11) sec
[160] Ep10000: Max 3600 (2457) steps (0.0007 hrs) 0.00:0.00 3247 (56) sec
[161] Ep10000: Max 3600 (645) steps (0.0002 hrs) 35.71:0.00 3258 (11) sec
[162] Ep10000: Max 3600 (369) steps (0.0001 hrs) 15.62:0.00 3270 (12) sec
[163] Ep10000: Max 3600 (121) steps (0.0000 hrs) 20.83:0.00 3281 (11) sec
[164] Ep10000: Max 3600 (120) steps (0.0000 hrs) 0.00:10.87 3293 (12) sec
[165] Ep10000: Max 3600 (120) steps (0.0000 hrs) 32.26:0.00 3304 (11) sec
[166] Ep10000: Max 3600 (479) steps (0.0001 hrs) 43.48:0.00 3316 (12) sec
[167] Ep10000: Max 3600 (649) steps (0.0002 hrs) 12.99:0.00 3327 (11) sec
[168] Ep10000: Max 3600 (1965) steps (0.0005 hrs) 0.00:0.00 3377 (50) sec
[169] Ep10000: Max 3600 (2122) steps (0.0006 hrs) 0.00:0.00 3426 (49) sec
[170] Ep10000: Max 3600 (120) steps (0.0000 hrs) 21.74:0.00 3436 (10) sec
[171] Ep10000: Max 3600 (2436) steps (0.0007 hrs) 0.00:0.00 3470 (34) sec
[172] Ep10000: Max 3600 (2020) steps (0.0006 hrs) 0.00:0.00 3521 (51) sec
[173] Ep10000: Max 3600 (120) steps (0.0000 hrs) 0.00:12.35 3533 (12) sec
[174] Ep10000: Max 3600 (152) steps (0.0000 hrs) 15.62:0.00 3544 (11) sec
[175] Ep10000: Max 3600 (779) steps (0.0002 hrs) 16.95:0.00 3555 (11) sec
[176] Ep10000: Max 3600 (225) steps (0.0001 hrs) 14.93:0.00 3566 (11) sec
[177] Ep10000: Max 3600 (128) steps (0.0000 hrs) 14.49:0.00 3577 (11) sec
[178] Ep10000: Max 3600 (120) steps (0.0000 hrs) 19.23:0.00 3588 (11) sec
[179] Ep10000: Max 3600 (119) steps (0.0000 hrs) 0.00:24.39 3599 (11) sec
[180] Ep10000: Max 3600 (125) steps (0.0000 hrs) 10.10:0.00 3609 (10) sec
[181] Ep10000: Max 3600 (120) steps (0.0000 hrs) 0.00:23.81 3620 (11) sec
[182] Ep10000: Max 3600 (120) steps (0.0000 hrs) 0.00:14.08 3630 (10) sec
[183] Ep10000: Max 3600 (120) steps (0.0000 hrs) 14.49:0.00 3641 (11) sec
[184] Ep10000: Max 3600 (312) steps (0.0001 hrs) 0.00:13.89 3653 (12) sec
[185] Ep10000: Max 3600 (127) steps (0.0000 hrs) 12.66:0.00 3664 (11) sec
[186] Ep10000: Max 3600 (119) steps (0.0000 hrs) 0.00:11.11 3675 (11) sec
[187] Ep10000: Max 3600 (127) steps (0.0000 hrs) 12.35:0.00 3686 (11) sec
[188] Ep10000: Max 3600 (122) steps (0.0000 hrs) 12.05:0.00 3698 (12) sec
[189] Ep10000: Max 3600 (762) steps (0.0002 hrs) 12.66:0.00 3710 (12) sec
[190] Ep10000: Max 3600 (239) steps (0.0001 hrs) 14.93:0.00 3721 (11) sec
[191] Ep10000: Max 3600 (136) steps (0.0000 hrs) 0.00:11.63 3734 (13) sec
[192] Ep10000: Max 3600 (2471) steps (0.0007 hrs) 0.00:0.00 3767 (33) sec
[193] Ep10000: Max 3600 (127) steps (0.0000 hrs) 13.89:0.00 3778 (11) sec
[194] Ep10000: Max 3600 (386) steps (0.0001 hrs) 333.33:0.00 3789 (11) sec
[195] Ep10000: Max 3600 (1253) steps (0.0003 hrs) 0.00:10.87 3800 (11) sec
[196] Ep10000: Max 3600 (120) steps (0.0000 hrs) 14.29:0.00 3811 (11) sec
[197] Ep10000: Max 3600 (1470) steps (0.0004 hrs) 15.87:0.00 3826 (15) sec
[198] Ep10000: Max 3600 (2151) steps (0.0006 hrs) 0.00:0.00 3870 (44) sec
[199] Ep10000: Max 3600 (583) steps (0.0002 hrs) 12.82:0.00 3881 (11) sec
[200] Ep10000: Max 3600 (120) steps (0.0000 hrs) 500.00:0.00 3891 (10) sec
[201] Ep10000: Max 3600 (199) steps (0.0001 hrs) 0.00:26.32 3904 (13) sec
[202] Ep10000: Max 3600 (2536) steps (0.0007 hrs) 0.00:0.00 3936 (32) sec
[203] Ep10000: Max 3600 (2625) steps (0.0007 hrs) 0.00:0.00 3971 (35) sec
[204] Ep10000: Max 3600 (2726) steps (0.0008 hrs) 0.00:0.00 4005 (34) sec
[205] Ep10000: Max 3600 (121) steps (0.0000 hrs) 13.70:0.00 4017 (12) sec
[206] Ep10000: Max 3600 (125) steps (0.0000 hrs) 0.00:14.49 4027 (10) sec
[207] Ep10000: Max 3600 (128) steps (0.0000 hrs) 12.82:0.00 4038 (11) sec
[208] Ep10000: Max 3600 (119) steps (0.0000 hrs) 0.00:13.89 4049 (11) sec
[209] Ep10000: Max 3600 (121) steps (0.0000 hrs) 11.76:0.00 4061 (12) sec
[210] Ep10000: Max 3600 (1089) steps (0.0003 hrs) 10.00:0.00 4073 (12) sec
[211] Ep10000: Max 3600 (126) steps (0.0000 hrs) 71.43:0.00 4083 (10) sec
[212] Ep10000: Max 3600 (121) steps (0.0000 hrs) 0.00:62.50 4094 (11) sec
[213] Ep10000: Max 3600 (645) steps (0.0002 hrs) 0.00:38.46 4105 (11) sec
[214] Ep10000: Max 3600 (127) steps (0.0000 hrs) 14.29:0.00 4115 (10) sec
[215] Ep10000: Max 3600 (1042) steps (0.0003 hrs) 0.00:15.62 4128 (13) sec
[216] Ep10000: Max 3600 (1485) steps (0.0004 hrs) 17.86:0.00 4141 (13) sec
[217] Ep10000: Max 3600 (709) steps (0.0002 hrs) 14.29:0.00 4153 (12) sec
[218] Ep10000: Max 3600 (1006) steps (0.0003 hrs) 16.67:0.00 4165 (12) sec
[219] Ep10000: Max 3600 (122) steps (0.0000 hrs) 0.00:30.30 4175 (10) sec
[220] Ep10000: Max 3600 (496) steps (0.0001 hrs) 13.89:0.00 4186 (11) sec
[221] Ep10000: Max 3600 (829) steps (0.0002 hrs) 11.49:0.00 4197 (11) sec
[222] Ep10000: Max 3600 (120) steps (0.0000 hrs) 0.00:28.57 4208 (11) sec
[223] Ep10000: Max 3600 (129) steps (0.0000 hrs) 142.86:0.00 4218 (10) sec
[224] Ep10000: Max 3600 (119) steps (0.0000 hrs) 27.03:0.00 4229 (11) sec
[225] Ep10000: Max 3600 (120) steps (0.0000 hrs) 0.00:18.52 4239 (10) sec
[226] Ep10000: Max 3600 (120) steps (0.0000 hrs) 0.00:14.93 4250 (11) sec
[227] Ep10000: Max 3600 (1072) steps (0.0003 hrs) 0.00:23.81 4261 (11) sec
[228] Ep10000: Max 3600 (120) steps (0.0000 hrs) 11.76:0.00 4272 (11) sec
[229] Ep10000: Max 3600 (120) steps (0.0000 hrs) 20.83:0.00 4282 (10) sec
[230] Ep10000: Max 3600 (1380) steps (0.0004 hrs) 13.70:0.00 4293 (11) sec
[231] Ep10000: Max 3600 (121) steps (0.0000 hrs) 0.00:111.11 4304 (11) sec
[232] Ep10000: Max 3600 (2787) steps (0.0008 hrs) 0.00:0.00 4365 (61) sec
[233] Ep10000: Max 3600 (1181) steps (0.0003 hrs) 15.87:0.00 4376 (11) sec
[234] Ep10000: Max 3600 (2329) steps (0.0006 hrs) 0.00:0.00 4409 (33) sec
[235] Ep10000: Max 3600 (119) steps (0.0000 hrs) 17.86:0.00 4421 (12) sec
[236] Ep10000: Max 3600 (1102) steps (0.0003 hrs) 12.50:0.00 4433 (12) sec
[237] Ep10000: Max 3600 (2218) steps (0.0006 hrs) 0.00:0.00 4467 (34) sec
[238] Ep10000: Max 3600 (128) steps (0.0000 hrs) 0.00:14.49 4478 (11) sec
[239] Ep10000: Max 3600 (2421) steps (0.0007 hrs) 0.00:0.00 4515 (37) sec
[240] Ep10000: Max 3600 (126) steps (0.0000 hrs) 11.49:0.00 4526 (11) sec
[241] Ep10000: Max 3600 (120) steps (0.0000 hrs) 17.24:0.00 4537 (11) sec
[242] Ep10000: Max 3600 (2044) steps (0.0006 hrs) 0.00:0.00 4573 (36) sec
[243] Ep10000: Max 3600 (121) steps (0.0000 hrs) 22.73:0.00 4585 (12) sec
[244] Ep10000: Max 3600 (234) steps (0.0001 hrs) 0.00:11.36 4595 (10) sec
[245] Ep10000: Max 3600 (120) steps (0.0000 hrs) 0.00:17.24 4606 (11) sec
[246] Ep10000: Max 3600 (119) steps (0.0000 hrs) 0.00:10.53 4619 (13) sec
[247] Ep10000: Max 3600 (2432) steps (0.0007 hrs) 0.00:0.00 4651 (32) sec
[248] Ep10000: Max 3600 (129) steps (0.0000 hrs) 38.46:0.00 4662 (11) sec
[249] Ep10000: Max 3600 (458) steps (0.0001 hrs) 0.00:17.86 4672 (10) sec
[250] Ep10000: Max 3600 (2166) steps (0.0006 hrs) 0.00:0.00 4713 (41) sec
[251] Ep10000: Max 3600 (120) steps (0.0000 hrs) 12.50:0.00 4725 (12) sec
[252] Ep10000: Max 3600 (2906) steps (0.0008 hrs) 0.00:0.00 4782 (57) sec
[253] Ep10000: Max 3600 (125) steps (0.0000 hrs) 16.95:0.00 4792 (10) sec
[254] Ep10000: Max 3600 (128) steps (0.0000 hrs) 15.87:0.00 4803 (11) sec
[255] Ep10000: Max 3600 (120) steps (0.0000 hrs) 10.87:0.00 4814 (11) sec
[256] Ep10000: Max 3600 (127) steps (0.0000 hrs) 16.95:0.00 4825 (11) sec
[257] Ep10000: Max 3600 (120) steps (0.0000 hrs) 25.64:0.00 4836 (11) sec
[258] Ep10000: Max 3600 (333) steps (0.0001 hrs) 16.95:0.00 4847 (11) sec
[259] Ep10000: Max 3600 (120) steps (0.0000 hrs) 15.15:0.00 4858 (11) sec
[260] Ep10000: Max 3600 (122) steps (0.0000 hrs) 0.00:25.64 4869 (11) sec
[261] Ep10000: Max 3600 (249) steps (0.0001 hrs) 18.52:0.00 4879 (10) sec
[262] Ep10000: Max 3600 (198) steps (0.0001 hrs) 10.99:0.00 4890 (11) sec
[263] Ep10000: Max 3600 (201) steps (0.0001 hrs) 0.00:23.26 4901 (11) sec
[264] Ep10000: Max 3600 (261) steps (0.0001 hrs) 20.41:0.00 4912 (11) sec
[265] Ep10000: Max 3600 (2137) steps (0.0006 hrs) 0.00:0.00 4934 (22) sec
[266] Ep10000: Max 3600 (119) steps (0.0000 hrs) 0.00:13.16 4944 (10) sec
[267] Ep10000: Max 3600 (1324) steps (0.0004 hrs) 83.33:0.00 4960 (16) sec
[268] Ep10000: Max 3600 (122) steps (0.0000 hrs) 0.00:14.49 4970 (10) sec
[269] Ep10000: Max 3600 (1926) steps (0.0005 hrs) 0.00:0.00 5023 (53) sec
[270] Ep10000: Max 3600 (119) steps (0.0000 hrs) 34.48:0.00 5034 (11) sec
[271] Ep10000: Max 3600 (275) steps (0.0001 hrs) 12.82:0.00 5044 (10) sec
[272] Ep10000: Max 3600 (434) steps (0.0001 hrs) 20.83:0.00 5055 (11) sec
[273] Ep10000: Max 3600 (1538) steps (0.0004 hrs) 0.00:15.38 5066 (11) sec
[274] Ep10000: Max 3600 (2147) steps (0.0006 hrs) 0.00:0.00 5109 (43) sec
[275] Ep10000: Max 3600 (942) steps (0.0003 hrs) 15.62:0.00 5121 (12) sec
[276] Ep10000: Max 3600 (126) steps (0.0000 hrs) 0.00:10.42 5132 (11) sec
[277] Ep10000: Max 3600 (149) steps (0.0000 hrs) 20.83:0.00 5143 (11) sec
[278] Ep10000: Max 3600 (353) steps (0.0001 hrs) 0.00:11.90 5153 (10) sec
[279] Ep10000: Max 3600 (120) steps (0.0000 hrs) 0.00:13.51 5163 (10) sec
[280] Ep10000: Max 3600 (121) steps (0.0000 hrs) 0.00:19.23 5173 (10) sec
[281] Ep10000: Max 3600 (584) steps (0.0002 hrs) 14.29:0.00 5183 (10) sec
[282] Ep10000: Max 3600 (2418) steps (0.0007 hrs) 0.00:0.00 5220 (37) sec
[283] Ep10000: Max 3600 (342) steps (0.0001 hrs) 15.38:0.00 5231 (11) sec
[284] Ep10000: Max 3600 (122) steps (0.0000 hrs) 22.22:0.00 5241 (10) sec
[285] Ep10000: Max 3600 (924) steps (0.0003 hrs) 18.18:0.00 5252 (11) sec
[286] Ep10000: Max 3600 (121) steps (0.0000 hrs) 0.00:25.00 5261 (9) sec
[287] Ep10000: Max 3600 (120) steps (0.0000 hrs) 16.13:0.00 5271 (10) sec
[288] Ep10000: Max 3600 (334) steps (0.0001 hrs) 38.46:0.00 5282 (11) sec
[289] Ep10000: Max 3600 (286) steps (0.0001 hrs) 15.15:0.00 5292 (10) sec
[290] Ep10000: Max 3600 (120) steps (0.0000 hrs) 40.00:0.00 5304 (12) sec
[291] Ep10000: Max 3600 (128) steps (0.0000 hrs) 13.16:0.00 5314 (10) sec
[292] Ep10000: Max 3600 (1313) steps (0.0004 hrs) 13.51:0.00 5327 (13) sec
[293] Ep10000: Max 3600 (145) steps (0.0000 hrs) 30.30:0.00 5336 (9) sec
[294] Ep10000: Max 3600 (127) steps (0.0000 hrs) 0.00:21.74 5347 (11) sec
[295] Ep10000: Max 3600 (119) steps (0.0000 hrs) 24.39:0.00 5357 (10) sec
[296] Ep10000: Max 3600 (437) steps (0.0001 hrs) 18.87:0.00 5367 (10) sec
[297] Ep10000: Max 3600 (118) steps (0.0000 hrs) 0.00:14.08 5378 (11) sec
[298] Ep10000: Max 3600 (143) steps (0.0000 hrs) 47.62:0.00 5388 (10) sec
[299] Ep10000: Max 3600 (119) steps (0.0000 hrs) 23.81:0.00 5398 (10) sec
[300] Ep10000: Max 3600 (2636) steps (0.0007 hrs) 0.00:0.00 5431 (33) sec
[301] Ep10000: Max 3600 (128) steps (0.0000 hrs) 0.00:24.39 5442 (11) sec
[302] Ep10000: Max 3600 (1127) steps (0.0003 hrs) 27.03:0.00 5453 (11) sec
[303] Ep10000: Max 3600 (122) steps (0.0000 hrs) 27.78:0.00 5463 (10) sec
[304] Ep10000: Max 3600 (120) steps (0.0000 hrs) 0.00:25.64 5473 (10) sec
[305] Ep10000: Max 3600 (120) steps (0.0000 hrs) 10.42:0.00 5483 (10) sec
[306] Ep10000: Max 3600 (657) steps (0.0002 hrs) 21.28:0.00 5497 (14) sec
[307] Ep10000: Max 3600 (1329) steps (0.0004 hrs) 0.00:30.30 5508 (11) sec
[308] Ep10000: Max 3600 (278) steps (0.0001 hrs) 0.00:21.28 5519 (11) sec
[309] Ep10000: Max 3600 (197) steps (0.0001 hrs) 0.00:11.90 5530 (11) sec
[310] Ep10000: Max 3600 (127) steps (0.0000 hrs) 0.00:19.23 5540 (10) sec
[311] Ep10000: Max 3600 (2623) steps (0.0007 hrs) 0.00:0.00 5582 (42) sec
[312] Ep10000: Max 3600 (2297) steps (0.0006 hrs) 0.00:0.00 5612 (30) sec
[313] Ep10000: Max 3600 (307) steps (0.0001 hrs) 11.49:0.00 5624 (12) sec
[314] Ep10000: Max 3600 (944) steps (0.0003 hrs) 10.64:0.00 5636 (12) sec
[315] Ep10000: Max 3600 (1922) steps (0.0005 hrs) 0.00:0.00 5675 (39) sec
[316] Ep10000: Max 3600 (591) steps (0.0002 hrs) 15.87:0.00 5686 (11) sec
[317] Ep10000: Max 3600 (256) steps (0.0001 hrs) 20.83:0.00 5698 (12) sec
[318] Ep10000: Max 3600 (208) steps (0.0001 hrs) 21.74:0.00 5709 (11) sec
[319] Ep10000: Max 3600 (120) steps (0.0000 hrs) 200.00:0.00 5720 (11) sec
[320] Ep10000: Max 3600 (186) steps (0.0001 hrs) 0.00:16.13 5731 (11) sec
[321] Ep10000: Max 3600 (2051) steps (0.0006 hrs) 0.00:0.00 5759 (28) sec
[322] Ep10000: Max 3600 (1643) steps (0.0005 hrs) 0.00:0.00 5779 (20) sec
[323] Ep10000: Max 3600 (175) steps (0.0000 hrs) 13.33:0.00 5788 (9) sec
[324] Ep10000: Max 3600 (2735) steps (0.0008 hrs) 0.00:0.00 5824 (36) sec
[325] Ep10000: Max 3600 (643) steps (0.0002 hrs) 20.83:0.00 5835 (11) sec
[326] Ep10000: Max 3600 (2819) steps (0.0008 hrs) 0.00:0.00 5884 (49) sec
[327] Ep10000: Max 3600 (2539) steps (0.0007 hrs) 13.51:0.00 5926 (42) sec
[328] Ep10000: Max 3600 (128) steps (0.0000 hrs) 20.83:0.00 5937 (11) sec
[329] Ep10000: Max 3600 (120) steps (0.0000 hrs) 0.00:12.99 5947 (10) sec
[330] Ep10000: Max 3600 (247) steps (0.0001 hrs) 12.66:0.00 5957 (10) sec
[331] Ep10000: Max 3600 (119) steps (0.0000 hrs) 0.00:20.00 5968 (11) sec
[332] Ep10000: Max 3600 (178) steps (0.0000 hrs) 25.00:0.00 5979 (11) sec
[333] Ep10000: Max 3600 (120) steps (0.0000 hrs) 0.00:23.81 5989 (10) sec
[334] Ep10000: Max 3600 (120) steps (0.0000 hrs) 12.20:0.00 5998 (9) sec
[335] Ep10000: Max 3600 (353) steps (0.0001 hrs) 14.08:0.00 6008 (10) sec
[336] Ep10000: Max 3600 (120) steps (0.0000 hrs) 11.76:0.00 6019 (11) sec
[337] Ep10000: Max 3600 (123) steps (0.0000 hrs) 15.62:0.00 6031 (12) sec
[338] Ep10000: Max 3600 (128) steps (0.0000 hrs) 27.03:0.00 6042 (11) sec
[339] Ep10000: Max 3600 (191) steps (0.0001 hrs) 14.08:0.00 6053 (11) sec
[340] Ep10000: Max 3600 (2532) steps (0.0007 hrs) 0.00:0.00 6108 (55) sec
[341] Ep10000: Max 3600 (325) steps (0.0001 hrs) 0.00:26.32 6118 (10) sec
[342] Ep10000: Max 3600 (2154) steps (0.0006 hrs) 0.00:0.00 6172 (54) sec
[343] Ep10000: Max 3600 (215) steps (0.0001 hrs) 0.00:20.00 6183 (11) sec
[344] Ep10000: Max 3600 (120) steps (0.0000 hrs) 14.08:0.00 6193 (10) sec
[345] Ep10000: Max 3600 (231) steps (0.0001 hrs) 10.31:0.00 6203 (10) sec
[346] Ep10000: Max 3600 (129) steps (0.0000 hrs) 12.35:0.00 6213 (10) sec
[347] Ep10000: Max 3600 (141) steps (0.0000 hrs) 16.13:0.00 6223 (10) sec
[348] Ep10000: Max 3600 (3063) steps (0.0009 hrs) 0.00:0.00 6285 (62) sec
[349] Ep10000: Max 3600 (129) steps (0.0000 hrs) 0.00:20.83 6295 (10) sec
[350] Ep10000: Max 3600 (2267) steps (0.0006 hrs) 0.00:0.00 6326 (31) sec
[351] Ep10000: Max 3600 (158) steps (0.0000 hrs) 0.00:10.20 6336 (10) sec
[352] Ep10000: Max 3600 (120) steps (0.0000 hrs) 0.00:13.51 6346 (10) sec
[353] Ep10000: Max 3600 (1944) steps (0.0005 hrs) 0.00:0.00 6386 (40) sec
[354] Ep10000: Max 3600 (126) steps (0.0000 hrs) 12.35:0.00 6397 (11) sec
[355] Ep10000: Max 3600 (649) steps (0.0002 hrs) 12.99:0.00 6407 (10) sec
[356] Ep10000: Max 3600 (2155) steps (0.0006 hrs) 0.00:0.00 6440 (33) sec
[357] Ep10000: Max 3600 (2686) steps (0.0007 hrs) 0.00:0.00 6475 (35) sec
[358] Ep10000: Max 3600 (1159) steps (0.0003 hrs) 10.42:0.00 6488 (13) sec
[359] Ep10000: Max 3600 (119) steps (0.0000 hrs) 0.00:18.87 6499 (11) sec
[360] Ep10000: Max 3600 (2488) steps (0.0007 hrs) 0.00:0.00 6531 (32) sec
[361] Ep10000: Max 3600 (119) steps (0.0000 hrs) 19.61:0.00 6541 (10) sec
[362] Ep10000: Max 3600 (199) steps (0.0001 hrs) 12.50:0.00 6552 (11) sec
[363] Ep10000: Max 3600 (2310) steps (0.0006 hrs) 0.00:0.00 6583 (31) sec
[364] Ep10000: Max 3600 (127) steps (0.0000 hrs) 11.76:0.00 6596 (13) sec
[365] Ep10000: Max 3600 (120) steps (0.0000 hrs) 12.99:0.00 6606 (10) sec
[366] Ep10000: Max 3600 (120) steps (0.0000 hrs) 12.99:0.00 6617 (11) sec
[367] Ep10000: Max 3600 (2587) steps (0.0007 hrs) 0.00:0.00 6651 (34) sec
[368] Ep10000: Max 3600 (2257) steps (0.0006 hrs) 0.00:0.00 6684 (33) sec
[369] Ep10000: Max 3600 (2164) steps (0.0006 hrs) 0.00:0.00 6727 (43) sec
[370] Ep10000: Max 3600 (2303) steps (0.0006 hrs) 0.00:0.00 6758 (31) sec
[371] Ep10000: Max 3600 (228) steps (0.0001 hrs) 22.22:0.00 6769 (11) sec
[372] Ep10000: Max 3600 (123) steps (0.0000 hrs) 22.73:0.00 6780 (11) sec
[373] Ep10000: Max 3600 (433) steps (0.0001 hrs) 18.69:0.00 6791 (11) sec
[374] Ep10000: Max 3600 (240) steps (0.0001 hrs) 17.39:0.00 6802 (11) sec
[375] Ep10000: Max 3600 (123) steps (0.0000 hrs) 0.00:17.54 6813 (11) sec
[376] Ep10000: Max 3600 (126) steps (0.0000 hrs) 23.81:0.00 6824 (11) sec
[377] Ep10000: Max 3600 (129) steps (0.0000 hrs) 13.89:0.00 6834 (10) sec
[378] Ep10000: Max 3600 (2226) steps (0.0006 hrs) 0.00:0.00 6872 (38) sec
[379] Ep10000: Max 3600 (126) steps (0.0000 hrs) 12.20:0.00 6883 (11) sec
[380] Ep10000: Max 3600 (1088) steps (0.0003 hrs) 11.76:0.00 6895 (12) sec
[381] Ep10000: Max 3600 (369) steps (0.0001 hrs) 43.48:0.00 6906 (11) sec
[382] Ep10000: Max 3600 (125) steps (0.0000 hrs) 21.74:0.00 6916 (10) sec
[383] Ep10000: Max 3600 (1856) steps (0.0005 hrs) 0.00:0.00 6948 (32) sec
[384] Ep10000: Max 3600 (136) steps (0.0000 hrs) 14.08:0.00 6959 (11) sec
[385] Ep10000: Max 3600 (120) steps (0.0000 hrs) 13.89:0.00 6970 (11) sec
[386] Ep10000: Max 3600 (505) steps (0.0001 hrs) 0.00:11.24 6981 (11) sec
[387] Ep10000: Max 3600 (2143) steps (0.0006 hrs) 0.00:0.00 7040 (59) sec
[388] Ep10000: Max 3600 (703) steps (0.0002 hrs) 25.64:0.00 7051 (11) sec
[389] Ep10000: Max 3600 (120) steps (0.0000 hrs) 11.63:0.00 7062 (11) sec
[390] Ep10000: Max 3600 (2249) steps (0.0006 hrs) 0.00:0.00 7093 (31) sec
[391] Ep10000: Max 3600 (1321) steps (0.0004 hrs) 20.83:0.00 7106 (13) sec
[392] Ep10000: Max 3600 (2141) steps (0.0006 hrs) 0.00:0.00 7136 (30) sec
[393] Ep10000: Max 3600 (3064) steps (0.0009 hrs) 0.00:0.00 7170 (34) sec
[394] Ep10000: Max 3600 (2163) steps (0.0006 hrs) 0.00:0.00 7200 (30) sec
[395] Ep10000: Max 3600 (123) steps (0.0000 hrs) 9.35:0.00 7210 (10) sec
[396] Ep10000: Max 3600 (2270) steps (0.0006 hrs) 0.00:0.00 7243 (33) sec
[397] Ep10000: Max 3600 (2439) steps (0.0007 hrs) 0.00:0.00 7274 (31) sec
[398] Ep10000: Max 3600 (305) steps (0.0001 hrs) 30.30:0.00 7286 (12) sec
[399] Ep10000: Max 3600 (120) steps (0.0000 hrs) 0.00:11.76 7298 (12) sec
[400] Ep10000: Max 3600 (119) steps (0.0000 hrs) 20.41:0.00 7310 (12) sec
[401] Ep10000: Max 3600 (129) steps (0.0000 hrs) 15.62:0.00 7325 (15) sec
[402] Ep10000: Max 3600 (465) steps (0.0001 hrs) 25.64:0.00 7339 (14) sec
[403] Ep10000: Max 3600 (2129) steps (0.0006 hrs) 0.00:0.00 7375 (36) sec
[404] Ep10000: Max 3600 (129) steps (0.0000 hrs) 12.35:0.00 7387 (12) sec
[405] Ep10000: Max 3600 (120) steps (0.0000 hrs) 0.00:14.93 7398 (11) sec
[406] Ep10000: Max 3600 (749) steps (0.0002 hrs) 10.99:0.00 7410 (12) sec
[407] Ep10000: Max 3600 (932) steps (0.0003 hrs) 19.23:0.00 7424 (14) sec
[408] Ep10000: Max 3600 (119) steps (0.0000 hrs) 40.00:0.00 7436 (12) sec
[409] Ep10000: Max 3600 (686) steps (0.0002 hrs) 18.18:0.00 7449 (13) sec
[410] Ep10000: Max 3600 (2254) steps (0.0006 hrs) 0.00:0.00 7497 (48) sec
[411] Ep10000: Max 3600 (127) steps (0.0000 hrs) 166.67:0.00 7508 (11) sec
[412] Ep10000: Max 3600 (120) steps (0.0000 hrs) 14.71:0.00 7519 (11) sec
[413] Ep10000: Max 3600 (1882) steps (0.0005 hrs) 0.00:0.00 7556 (37) sec
[414] Ep10000: Max 3600 (121) steps (0.0000 hrs) 14.93:0.00 7567 (11) sec
[415] Ep10000: Max 3600 (2013) steps (0.0006 hrs) 0.00:0.00 7603 (36) sec
[416] Ep10000: Max 3600 (2071) steps (0.0006 hrs) 0.00:0.00 7638 (35) sec
[417] Ep10000: Max 3600 (144) steps (0.0000 hrs) 9.90:0.00 7652 (14) sec
[418] Ep10000: Max 3600 (2129) steps (0.0006 hrs) 0.00:0.00 7689 (37) sec
[419] Ep10000: Max 3600 (1717) steps (0.0005 hrs) 0.00:0.00 7713 (24) sec
[420] Ep10000: Max 3600 (303) steps (0.0001 hrs) 0.00:18.87 7725 (12) sec
[421] Ep10000: Max 3600 (120) steps (0.0000 hrs) 0.00:27.03 7736 (11) sec
[422] Ep10000: Max 3600 (120) steps (0.0000 hrs) 0.00:18.52 7746 (10) sec
[423] Ep10000: Max 3600 (214) steps (0.0001 hrs) 62.50:0.00 7757 (11) sec
[424] Ep10000: Max 3600 (2134) steps (0.0006 hrs) 0.00:0.00 7787 (30) sec
[425] Ep10000: Max 3600 (441) steps (0.0001 hrs) 22.73:0.00 7797 (10) sec
[426] Ep10000: Max 3600 (120) steps (0.0000 hrs) 13.16:0.00 7808 (11) sec
[427] Ep10000: Max 3600 (236) steps (0.0001 hrs) 12.20:0.00 7818 (10) sec
[428] Ep10000: Max 3600 (192) steps (0.0001 hrs) 0.00:18.52 7829 (11) sec
[429] Ep10000: Max 3600 (120) steps (0.0000 hrs) 26.32:0.00 7840 (11) sec
[430] Ep10000: Max 3600 (120) steps (0.0000 hrs) 14.49:0.00 7851 (11) sec
[431] Ep10000: Max 3600 (2450) steps (0.0007 hrs) 0.00:0.00 7885 (34) sec
[432] Ep10000: Max 3600 (125) steps (0.0000 hrs) 0.00:52.63 7897 (12) sec
[433] Ep10000: Max 3600 (126) steps (0.0000 hrs) 0.00:23.81 7909 (12) sec
[434] Ep10000: Max 3600 (119) steps (0.0000 hrs) 0.00:10.20 7921 (12) sec
[435] Ep10000: Max 3600 (2161) steps (0.0006 hrs) 0.00:0.00 7958 (37) sec
[436] Ep10000: Max 3600 (122) steps (0.0000 hrs) 14.49:0.00 7970 (12) sec
[437] Ep10000: Max 3600 (120) steps (0.0000 hrs) 22.73:0.00 7982 (12) sec
[438] Ep10000: Max 3600 (552) steps (0.0002 hrs) 15.38:0.00 7994 (12) sec
[439] Ep10000: Max 3600 (120) steps (0.0000 hrs) 16.95:0.00 8007 (13) sec
[440] Ep10000: Max 3600 (2262) steps (0.0006 hrs) 0.00:0.00 8044 (37) sec
[441] Ep10000: Max 3600 (128) steps (0.0000 hrs) 0.00:30.30 8055 (11) sec
[442] Ep10000: Max 3600 (126) steps (0.0000 hrs) 0.00:10.31 8065 (10) sec
[443] Ep10000: Max 3600 (605) steps (0.0002 hrs) 30.30:0.00 8076 (11) sec
[444] Ep10000: Max 3600 (128) steps (0.0000 hrs) 13.51:0.00 8087 (11) sec
[445] Ep10000: Max 3600 (2838) steps (0.0008 hrs) 0.00:0.00 8135 (48) sec
[446] Ep10000: Max 3600 (2857) steps (0.0008 hrs) 0.00:0.00 8188 (53) sec
[447] Ep10000: Max 3600 (1949) steps (0.0005 hrs) 0.00:0.00 8234 (46) sec
[448] Ep10000: Max 3600 (120) steps (0.0000 hrs) 33.33:0.00 8248 (14) sec
[449] Ep10000: Max 3600 (466) steps (0.0001 hrs) 0.00:27.78 8261 (13) sec
[450] Ep10000: Max 3600 (122) steps (0.0000 hrs) 0.00:35.71 8274 (13) sec
[451] Ep10000: Max 3600 (355) steps (0.0001 hrs) 31.25:0.00 8288 (14) sec
[452] Ep10000: Max 3600 (1906) steps (0.0005 hrs) 18.52:0.00 8307 (19) sec
[453] Ep10000: Max 3600 (125) steps (0.0000 hrs) 10.31:0.00 8322 (15) sec
[454] Ep10000: Max 3600 (2028) steps (0.0006 hrs) 0.00:0.00 8359 (37) sec
[455] Ep10000: Max 3600 (848) steps (0.0002 hrs) 0.00:10.64 8374 (15) sec
[456] Ep10000: Max 3600 (2167) steps (0.0006 hrs) 0.00:0.00 8425 (51) sec
[457] Ep10000: Max 3600 (127) steps (0.0000 hrs) 45.45:0.00 8438 (13) sec
[458] Ep10000: Max 3600 (120) steps (0.0000 hrs) 0.00:23.26 8451 (13) sec
[459] Ep10000: Max 3600 (2175) steps (0.0006 hrs) 0.00:0.00 8489 (38) sec
[460] Ep10000: Max 3600 (120) steps (0.0000 hrs) 40.00:0.00 8504 (15) sec
[461] Ep10000: Max 3600 (129) steps (0.0000 hrs) 13.70:0.00 8518 (14) sec
[462] Ep10000: Max 3600 (286) steps (0.0001 hrs) 12.99:0.00 8530 (12) sec
[463] Ep10000: Max 3600 (128) steps (0.0000 hrs) 24.39:0.00 8542 (12) sec
[464] Ep10000: Max 3600 (124) steps (0.0000 hrs) 15.87:0.00 8555 (13) sec
[465] Ep10000: Max 3600 (145) steps (0.0000 hrs) 0.00:19.23 8568 (13) sec
[466] Ep10000: Max 3600 (495) steps (0.0001 hrs) 20.83:0.00 8581 (13) sec
[467] Ep10000: Max 3600 (119) steps (0.0000 hrs) 29.41:0.00 8594 (13) sec
[468] Ep10000: Max 3600 (120) steps (0.0000 hrs) 0.00:18.87 8608 (14) sec
[469] Ep10000: Max 3600 (121) steps (0.0000 hrs) 0.00:14.08 8620 (12) sec
[470] Ep10000: Max 3600 (120) steps (0.0000 hrs) 0.00:90.91 8633 (13) sec
[471] Ep10000: Max 3600 (299) steps (0.0001 hrs) 0.00:17.86 8646 (13) sec
[472] Ep10000: Max 3600 (1621) steps (0.0005 hrs) 17.24:0.00 8660 (14) sec
[473] Ep10000: Max 3600 (2440) steps (0.0007 hrs) 0.00:0.00 8704 (44) sec
[474] Ep10000: Max 3600 (2025) steps (0.0006 hrs) 0.00:0.00 8743 (39) sec
[475] Ep10000: Max 3600 (121) steps (0.0000 hrs) 17.86:0.00 8757 (14) sec
[476] Ep10000: Max 3600 (1151) steps (0.0003 hrs) 10.75:0.00 8771 (14) sec
[477] Ep10000: Max 3600 (120) steps (0.0000 hrs) 52.63:0.00 8784 (13) sec
[478] Ep10000: Max 3600 (218) steps (0.0001 hrs) 0.00:41.67 8799 (15) sec
[479] Ep10000: Max 3600 (2001) steps (0.0006 hrs) 0.00:0.00 8839 (40) sec
[480] Ep10000: Max 3600 (2363) steps (0.0007 hrs) 0.00:0.00 8910 (71) sec
[481] Ep10000: Max 3600 (121) steps (0.0000 hrs) 13.16:0.00 8923 (13) sec
[482] Ep10000: Max 3600 (119) steps (0.0000 hrs) 0.00:18.52 8937 (14) sec
[483] Ep10000: Max 3600 (2172) steps (0.0006 hrs) 0.00:0.00 8977 (40) sec
[484] Ep10000: Max 3600 (209) steps (0.0001 hrs) 20.00:0.00 8990 (13) sec
[485] Ep10000: Max 3600 (127) steps (0.0000 hrs) 41.67:0.00 9004 (14) sec
[486] Ep10000: Max 3600 (909) steps (0.0003 hrs) 12.82:0.00 9018 (14) sec
[487] Ep10000: Max 3600 (119) steps (0.0000 hrs) 23.81:0.00 9031 (13) sec
[488] Ep10000: Max 3600 (2009) steps (0.0006 hrs) 0.00:0.00 9078 (47) sec
[489] Ep10000: Max 3600 (632) steps (0.0002 hrs) 19.61:0.00 9092 (14) sec
[490] Ep10000: Max 3600 (120) steps (0.0000 hrs) 0.00:22.22 9105 (13) sec
[491] Ep10000: Max 3600 (126) steps (0.0000 hrs) 15.15:0.00 9118 (13) sec
[492] Ep10000: Max 3600 (616) steps (0.0002 hrs) 10.00:0.00 9132 (14) sec
[493] Ep10000: Max 3600 (118) steps (0.0000 hrs) 12.35:0.00 9144 (12) sec
[494] Ep10000: Max 3600 (120) steps (0.0000 hrs) 28.57:0.00 9157 (13) sec
[495] Ep10000: Max 3600 (140) steps (0.0000 hrs) 200.00:0.00 9170 (13) sec
[496] Ep10000: Max 3600 (2089) steps (0.0006 hrs) 0.00:0.00 9209 (39) sec
[497] Ep10000: Max 3600 (683) steps (0.0002 hrs) 15.38:0.00 9222 (13) sec
[498] Ep10000: Max 3600 (176) steps (0.0000 hrs) 12.66:0.00 9236 (14) sec
[499] Ep10000: Max 3600 (288) steps (0.0001 hrs) 0.00:12.82 9249 (13) sec
[500] Ep10000: Max 3600 (120) steps (0.0000 hrs) 20.83:0.00 9262 (13) sec
[501] Ep10000: Max 3600 (119) steps (0.0000 hrs) 18.18:0.00 9274 (12) sec
[502] Ep10000: Max 3600 (125) steps (0.0000 hrs) 19.23:0.00 9286 (12) sec
[503] Ep10000: Max 3600 (482) steps (0.0001 hrs) 11.11:0.00 9298 (12) sec
[504] Ep10000: Max 3600 (138) steps (0.0000 hrs) 0.00:15.87 9311 (13) sec
[505] Ep10000: Max 3600 (436) steps (0.0001 hrs) 0.00:0.00 9325 (14) sec
[506] Ep10000: Max 3600 (120) steps (0.0000 hrs) 18.52:0.00 9337 (12) sec
[507] Ep10000: Max 3600 (416) steps (0.0001 hrs) 17.24:0.00 9349 (12) sec
[508] Ep10000: Max 3600 (2385) steps (0.0007 hrs) 0.00:0.00 9409 (60) sec
[509] Ep10000: Max 3600 (121) steps (0.0000 hrs) 16.95:0.00 9423 (14) sec
[510] Ep10000: Max 3600 (2074) steps (0.0006 hrs) 0.00:0.00 9489 (66) sec
[511] Ep10000: Max 3600 (2173) steps (0.0006 hrs) 0.00:0.00 9529 (40) sec
[512] Ep10000: Max 3600 (2183) steps (0.0006 hrs) 0.00:0.00 9569 (40) sec
[513] Ep10000: Max 3600 (127) steps (0.0000 hrs) 0.00:33.33 9582 (13) sec
[514] Ep10000: Max 3600 (127) steps (0.0000 hrs) 12.66:0.00 9595 (13) sec
[515] Ep10000: Max 3600 (2287) steps (0.0006 hrs) 0.00:0.00 9641 (46) sec
[516] Ep10000: Max 3600 (119) steps (0.0000 hrs) 0.00:14.93 9652 (11) sec
[517] Ep10000: Max 3600 (2224) steps (0.0006 hrs) 0.00:0.00 9712 (60) sec
[518] Ep10000: Max 3600 (2126) steps (0.0006 hrs) 0.00:0.00 9744 (32) sec
[519] Ep10000: Max 3600 (127) steps (0.0000 hrs) 13.70:0.00 9756 (12) sec
[520] Ep10000: Max 3600 (2405) steps (0.0007 hrs) 10.53:0.00 9772 (16) sec
[521] Ep10000: Max 3600 (677) steps (0.0002 hrs) 0.00:14.93 9785 (13) sec
[522] Ep10000: Max 3600 (120) steps (0.0000 hrs) 0.00:333.33 9797 (12) sec
[523] Ep10000: Max 3600 (120) steps (0.0000 hrs) 0.00:45.45 9810 (13) sec
[524] Ep10000: Max 3600 (128) steps (0.0000 hrs) 19.23:0.00 9821 (11) sec
[525] Ep10000: Max 3600 (120) steps (0.0000 hrs) 29.41:0.00 9832 (11) sec
[526] Ep10000: Max 3600 (119) steps (0.0000 hrs) 0.00:13.70 9844 (12) sec
[527] Ep10000: Max 3600 (125) steps (0.0000 hrs) 11.90:0.00 9854 (10) sec
[528] Ep10000: Max 3600 (367) steps (0.0001 hrs) 0.00:11.76 9865 (11) sec
[529] Ep10000: Max 3600 (126) steps (0.0000 hrs) 62.50:0.00 9876 (11) sec
[530] Ep10000: Max 3600 (137) steps (0.0000 hrs) 500.00:0.00 9887 (11) sec
[531] Ep10000: Max 3600 (218) steps (0.0001 hrs) 29.41:0.00 9898 (11) sec
[532] Ep10000: Max 3600 (701) steps (0.0002 hrs) 0.00:21.74 9911 (13) sec
[533] Ep10000: Max 3600 (120) steps (0.0000 hrs) 0.00:10.99 9922 (11) sec
[534] Ep10000: Max 3600 (121) steps (0.0000 hrs) 41.67:0.00 9933 (11) sec
[535] Ep10000: Max 3600 (2469) steps (0.0007 hrs) 0.00:0.00 9968 (35) sec
[536] Ep10000: Max 3600 (2453) steps (0.0007 hrs) 0.00:0.00 10007 (39) sec
[537] Ep10000: Max 3600 (483) steps (0.0001 hrs) 10.42:0.00 10021 (14) sec
[538] Ep10000: Max 3600 (120) steps (0.0000 hrs) 58.82:0.00 10033 (12) sec
[539] Ep10000: Max 3600 (120) steps (0.0000 hrs) 0.00:11.90 10047 (14) sec
[540] Ep10000: Max 3600 (130) steps (0.0000 hrs) 0.00:15.62 10060 (13) sec
[541] Ep10000: Max 3600 (1947) steps (0.0005 hrs) 0.00:0.00 10099 (39) sec
[542] Ep10000: Max 3600 (771) steps (0.0002 hrs) 0.00:15.15 10113 (14) sec
[543] Ep10000: Max 3600 (122) steps (0.0000 hrs) 0.00:10.99 10127 (14) sec
[544] Ep10000: Max 3600 (123) steps (0.0000 hrs) 38.46:0.00 10142 (15) sec
[545] Ep10000: Max 3600 (120) steps (0.0000 hrs) 0.00:23.26 10156 (14) sec
[546] Ep10000: Max 3600 (2271) steps (0.0006 hrs) 0.00:0.00 10193 (37) sec
[547] Ep10000: Max 3600 (124) steps (0.0000 hrs) 0.00:11.36 10207 (14) sec
[548] Ep10000: Max 3600 (494) steps (0.0001 hrs) 40.00:0.00 10221 (14) sec
[549] Ep10000: Max 3600 (128) steps (0.0000 hrs) 27.03:0.00 10234 (13) sec
[550] Ep10000: Max 3600 (1791) steps (0.0005 hrs) 21.28:0.00 10251 (17) sec
[551] Ep10000: Max 3600 (120) steps (0.0000 hrs) 0.00:27.03 10265 (14) sec
[552] Ep10000: Max 3600 (241) steps (0.0001 hrs) 0.00:21.74 10280 (15) sec
[553] Ep10000: Max 3600 (583) steps (0.0002 hrs) 17.24:0.00 10293 (13) sec
[554] Ep10000: Max 3600 (222) steps (0.0001 hrs) 0.00:55.56 10307 (14) sec
[555] Ep10000: Max 3600 (120) steps (0.0000 hrs) 0.00:10.75 10320 (13) sec
[556] Ep10000: Max 3600 (120) steps (0.0000 hrs) 20.00:0.00 10333 (13) sec
[557] Ep10000: Max 3600 (127) steps (0.0000 hrs) 15.62:0.00 10348 (15) sec
[558] Ep10000: Max 3600 (120) steps (0.0000 hrs) 18.18:0.00 10361 (13) sec
[559] Ep10000: Max 3600 (1229) steps (0.0003 hrs) 0.00:40.00 10374 (13) sec
[560] Ep10000: Max 3600 (2042) steps (0.0006 hrs) 0.00:0.00 10412 (38) sec
[561] Ep10000: Max 3600 (120) steps (0.0000 hrs) 0.00:14.93 10425 (13) sec
[562] Ep10000: Max 3600 (488) steps (0.0001 hrs) 10.00:0.00 10437 (12) sec
[563] Ep10000: Max 3600 (2115) steps (0.0006 hrs) 0.00:0.00 10488 (51) sec
[564] Ep10000: Max 3600 (216) steps (0.0001 hrs) 12.35:0.00 10501 (13) sec
[565] Ep10000: Max 3600 (765) steps (0.0002 hrs) 19.23:0.00 10515 (14) sec
[566] Ep10000: Max 3600 (218) steps (0.0001 hrs) 0.00:13.89 10530 (15) sec
[567] Ep10000: Max 3600 (145) steps (0.0000 hrs) 24.39:0.00 10546 (16) sec
[568] Ep10000: Max 3600 (122) steps (0.0000 hrs) 19.23:0.00 10560 (14) sec
[569] Ep10000: Max 3600 (119) steps (0.0000 hrs) 22.22:0.00 10574 (14) sec
[570] Ep10000: Max 3600 (125) steps (0.0000 hrs) 0.00:27.78 10588 (14) sec
[571] Ep10000: Max 3600 (120) steps (0.0000 hrs) 20.00:0.00 10602 (14) sec
[572] Ep10000: Max 3600 (120) steps (0.0000 hrs) 0.00:18.52 10617 (15) sec
[573] Ep10000: Max 3600 (130) steps (0.0000 hrs) 25.64:0.00 10631 (14) sec
[574] Ep10000: Max 3600 (827) steps (0.0002 hrs) 16.95:0.00 10645 (14) sec
[575] Ep10000: Max 3600 (120) steps (0.0000 hrs) 17.54:0.00 10659 (14) sec
[576] Ep10000: Max 3600 (1300) steps (0.0004 hrs) 11.11:0.00 10674 (15) sec
[577] Ep10000: Max 3600 (2426) steps (0.0007 hrs) 0.00:0.00 10715 (41) sec
[578] Ep10000: Max 3600 (120) steps (0.0000 hrs) 18.52:0.00 10728 (13) sec
[579] Ep10000: Max 3600 (793) steps (0.0002 hrs) 12.35:0.00 10741 (13) sec
[580] Ep10000: Max 3600 (119) steps (0.0000 hrs) 16.95:0.00 10754 (13) sec
[581] Ep10000: Max 3600 (558) steps (0.0002 hrs) 0.00:13.33 10766 (12) sec
[582] Ep10000: Max 3600 (199) steps (0.0001 hrs) 18.87:0.00 10778 (12) sec
[583] Ep10000: Max 3600 (1436) steps (0.0004 hrs) 15.87:0.00 10792 (14) sec
[584] Ep10000: Max 3600 (119) steps (0.0000 hrs) 29.41:0.00 10805 (13) sec
[585] Ep10000: Max 3600 (120) steps (0.0000 hrs) 23.81:0.00 10817 (12) sec
[586] Ep10000: Max 3600 (1939) steps (0.0005 hrs) 0.00:0.00 10855 (38) sec
[587] Ep10000: Max 3600 (1168) steps (0.0003 hrs) 90.91:0.00 10869 (14) sec
[588] Ep10000: Max 3600 (2545) steps (0.0007 hrs) 6.54:6.54 10914 (45) sec
[589] Ep10000: Max 3600 (279) steps (0.0001 hrs) 11.49:0.00 10926 (12) sec
[590] Ep10000: Max 3600 (128) steps (0.0000 hrs) 12.66:0.00 10937 (11) sec
[591] Ep10000: Max 3600 (119) steps (0.0000 hrs) 20.00:0.00 10949 (12) sec
[592] Ep10000: Max 3600 (2136) steps (0.0006 hrs) 0.00:0.00 10985 (36) sec
[593] Ep10000: Max 3600 (1332) steps (0.0004 hrs) 0.00:18.52 10999 (14) sec
[594] Ep10000: Max 3600 (122) steps (0.0000 hrs) 16.13:0.00 11011 (12) sec
[595] Ep10000: Max 3600 (125) steps (0.0000 hrs) 0.00:22.22 11022 (11) sec
[596] Ep10000: Max 3600 (120) steps (0.0000 hrs) 0.00:15.62 11034 (12) sec
[597] Ep10000: Max 3600 (127) steps (0.0000 hrs) 9.26:9.26 11046 (12) sec
[598] Ep10000: Max 3600 (120) steps (0.0000 hrs) 18.87:0.00 11056 (10) sec
[599] Ep10000: Max 3600 (128) steps (0.0000 hrs) 41.67:0.00 11068 (12) sec
[600] Ep10000: Max 3600 (128) steps (0.0000 hrs) 13.33:0.00 11079 (11) sec
[601] Ep10000: Max 3600 (161) steps (0.0000 hrs) 15.15:0.00 11091 (12) sec
[602] Ep10000: Max 3600 (120) steps (0.0000 hrs) 0.00:16.39 11102 (11) sec
[603] Ep10000: Max 3600 (120) steps (0.0000 hrs) 0.00:24.39 11113 (11) sec
[604] Ep10000: Max 3600 (128) steps (0.0000 hrs) 12.99:0.00 11124 (11) sec
[605] Ep10000: Max 3600 (242) steps (0.0001 hrs) 0.00:27.03 11135 (11) sec
[606] Ep10000: Max 3600 (2799) steps (0.0008 hrs) 0.00:0.00 11191 (56) sec
[607] Ep10000: Max 3600 (126) steps (0.0000 hrs) 13.70:0.00 11202 (11) sec
[608] Ep10000: Max 3600 (390) steps (0.0001 hrs) 15.38:0.00 11214 (12) sec
[609] Ep10000: Max 3600 (231) steps (0.0001 hrs) 0.00:17.86 11225 (11) sec
[610] Ep10000: Max 3600 (2191) steps (0.0006 hrs) 0.00:0.00 11272 (47) sec
[611] Ep10000: Max 3600 (552) steps (0.0002 hrs) 13.51:0.00 11286 (14) sec
[612] Ep10000: Max 3600 (119) steps (0.0000 hrs) 23.81:0.00 11300 (14) sec
[613] Ep10000: Max 3600 (2147) steps (0.0006 hrs) 0.00:0.00 11338 (38) sec
[614] Ep10000: Max 3600 (120) steps (0.0000 hrs) 18.18:0.00 11351 (13) sec
[615] Ep10000: Max 3600 (538) steps (0.0001 hrs) 37.04:0.00 11365 (14) sec
[616] Ep10000: Max 3600 (120) steps (0.0000 hrs) 13.89:0.00 11378 (13) sec
[617] Ep10000: Max 3600 (2513) steps (0.0007 hrs) 0.00:0.00 11431 (53) sec
[618] Ep10000: Max 3600 (126) steps (0.0000 hrs) 12.50:0.00 11444 (13) sec
[619] Ep10000: Max 3600 (125) steps (0.0000 hrs) 23.81:0.00 11456 (12) sec
[620] Ep10000: Max 3600 (120) steps (0.0000 hrs) 0.00:15.62 11471 (15) sec
[621] Ep10000: Max 3600 (1929) steps (0.0005 hrs) 0.00:0.00 11520 (49) sec
[622] Ep10000: Max 3600 (123) steps (0.0000 hrs) 0.00:11.90 11533 (13) sec
[623] Ep10000: Max 3600 (128) steps (0.0000 hrs) 11.36:0.00 11546 (13) sec
[624] Ep10000: Max 3600 (226) steps (0.0001 hrs) 27.03:0.00 11561 (15) sec
[625] Ep10000: Max 3600 (2487) steps (0.0007 hrs) 0.00:0.00 11600 (39) sec
[626] Ep10000: Max 3600 (2444) steps (0.0007 hrs) 0.00:0.00 11643 (43) sec
[627] Ep10000: Max 3600 (120) steps (0.0000 hrs) 15.15:0.00 11657 (14) sec
[628] Ep10000: Max 3600 (126) steps (0.0000 hrs) 0.00:22.73 11669 (12) sec
[629] Ep10000: Max 3600 (256) steps (0.0001 hrs) 0.00:13.51 11683 (14) sec
[630] Ep10000: Max 3600 (123) steps (0.0000 hrs) 13.16:0.00 11696 (13) sec
[631] Ep10000: Max 3600 (151) steps (0.0000 hrs) 19.61:0.00 11709 (13) sec
[632] Ep10000: Max 3600 (122) steps (0.0000 hrs) 0.00:20.41 11724 (15) sec
[633] Ep10000: Max 3600 (120) steps (0.0000 hrs) 111.11:0.00 11737 (13) sec
[634] Ep10000: Max 3600 (419) steps (0.0001 hrs) 13.70:0.00 11749 (12) sec
[635] Ep10000: Max 3600 (2186) steps (0.0006 hrs) 0.00:0.00 11786 (37) sec
[636] Ep10000: Max 3600 (120) steps (0.0000 hrs) 26.32:0.00 11800 (14) sec
[637] Ep10000: Max 3600 (659) steps (0.0002 hrs) 15.15:0.00 11813 (13) sec
[638] Ep10000: Max 3600 (128) steps (0.0000 hrs) 18.18:0.00 11825 (12) sec
[639] Ep10000: Max 3600 (127) steps (0.0000 hrs) 29.41:0.00 11838 (13) sec
[640] Ep10000: Max 3600 (1976) steps (0.0005 hrs) 0.00:0.00 11876 (38) sec
[641] Ep10000: Max 3600 (123) steps (0.0000 hrs) 18.87:0.00 11889 (13) sec
[642] Ep10000: Max 3600 (212) steps (0.0001 hrs) 11.24:0.00 11901 (12) sec
[643] Ep10000: Max 3600 (119) steps (0.0000 hrs) 31.25:0.00 11914 (13) sec
[644] Ep10000: Max 3600 (1961) steps (0.0005 hrs) 0.00:0.00 11938 (24) sec
[645] Ep10000: Max 3600 (945) steps (0.0003 hrs) 16.39:0.00 11951 (13) sec
[646] Ep10000: Max 3600 (125) steps (0.0000 hrs) 15.87:0.00 11962 (11) sec
[647] Ep10000: Max 3600 (190) steps (0.0001 hrs) 0.00:16.39 11975 (13) sec
[648] Ep10000: Max 3600 (761) steps (0.0002 hrs) 15.38:0.00 11991 (16) sec
[649] Ep10000: Max 3600 (957) steps (0.0003 hrs) 500.00:0.00 12006 (15) sec
[650] Ep10000: Max 3600 (2113) steps (0.0006 hrs) 0.00:0.00 12081 (75) sec
[651] Ep10000: Max 3600 (407) steps (0.0001 hrs) 0.00:12.66 12097 (16) sec
[652] Ep10000: Max 3600 (2167) steps (0.0006 hrs) 0.00:10.10 12149 (52) sec
[653] Ep10000: Max 3600 (557) steps (0.0002 hrs) 15.38:0.00 12164 (15) sec
[654] Ep10000: Max 3600 (2409) steps (0.0007 hrs) 0.00:0.00 12202 (38) sec
[655] Ep10000: Max 3600 (120) steps (0.0000 hrs) 27.78:0.00 12214 (12) sec
[656] Ep10000: Max 3600 (208) steps (0.0001 hrs) 0.00:20.00 12226 (12) sec
[657] Ep10000: Max 3600 (129) steps (0.0000 hrs) 17.24:0.00 12239 (13) sec
[658] Ep10000: Max 3600 (1338) steps (0.0004 hrs) 30.30:0.00 12256 (17) sec
[659] Ep10000: Max 3600 (275) steps (0.0001 hrs) 25.00:0.00 12267 (11) sec
[660] Ep10000: Max 3600 (885) steps (0.0002 hrs) 0.00:0.00 12281 (14) sec
[661] Ep10000: Max 3600 (122) steps (0.0000 hrs) 21.28:0.00 12293 (12) sec
[662] Ep10000: Max 3600 (120) steps (0.0000 hrs) 0.00:1000.00 12305 (12) sec
[663] Ep10000: Max 3600 (127) steps (0.0000 hrs) 14.93:0.00 12318 (13) sec
[664] Ep10000: Max 3600 (286) steps (0.0001 hrs) 0.00:21.28 12330 (12) sec
[665] Ep10000: Max 3600 (2273) steps (0.0006 hrs) 0.00:0.00 12392 (62) sec
[666] Ep10000: Max 3600 (177) steps (0.0000 hrs) 9.35:9.35 12405 (13) sec
[667] Ep10000: Max 3600 (1886) steps (0.0005 hrs) 0.00:0.00 12444 (39) sec
[668] Ep10000: Max 3600 (813) steps (0.0002 hrs) 0.00:23.81 12458 (14) sec
[669] Ep10000: Max 3600 (330) steps (0.0001 hrs) 18.87:0.00 12471 (13) sec
[670] Ep10000: Max 3600 (120) steps (0.0000 hrs) 0.00:22.22 12485 (14) sec
[671] Ep10000: Max 3600 (296) steps (0.0001 hrs) 0.00:20.00 12498 (13) sec
[672] Ep10000: Max 3600 (127) steps (0.0000 hrs) 21.28:0.00 12510 (12) sec
[673] Ep10000: Max 3600 (125) steps (0.0000 hrs) 21.28:0.00 12523 (13) sec
[674] Ep10000: Max 3600 (817) steps (0.0002 hrs) 12.82:0.00 12539 (16) sec
[675] Ep10000: Max 3600 (421) steps (0.0001 hrs) 0.00:15.15 12553 (14) sec
[676] Ep10000: Max 3600 (127) steps (0.0000 hrs) 14.71:0.00 12566 (13) sec
[677] Ep10000: Max 3600 (120) steps (0.0000 hrs) 0.00:14.71 12580 (14) sec
[678] Ep10000: Max 3600 (125) steps (0.0000 hrs) 0.00:13.16 12593 (13) sec
[679] Ep10000: Max 3600 (2118) steps (0.0006 hrs) 0.00:0.00 12624 (31) sec
[680] Ep10000: Max 3600 (123) steps (0.0000 hrs) 18.87:0.00 12638 (14) sec
[681] Ep10000: Max 3600 (242) steps (0.0001 hrs) 43.48:0.00 12651 (13) sec
[682] Ep10000: Max 3600 (1107) steps (0.0003 hrs) 0.00:8.93 12666 (15) sec
[683] Ep10000: Max 3600 (2457) steps (0.0007 hrs) 0.00:0.00 12721 (55) sec
[684] Ep10000: Max 3600 (128) steps (0.0000 hrs) 29.41:0.00 12734 (13) sec
[685] Ep10000: Max 3600 (120) steps (0.0000 hrs) 30.30:0.00 12749 (15) sec
[686] Ep10000: Max 3600 (652) steps (0.0002 hrs) 11.90:0.00 12763 (14) sec
[687] Ep10000: Max 3600 (2127) steps (0.0006 hrs) 0.00:0.00 12806 (43) sec
[688] Ep10000: Max 3600 (2416) steps (0.0007 hrs) 0.00:0.00 12847 (41) sec
[689] Ep10000: Max 3600 (2011) steps (0.0006 hrs) 0.00:0.00 12893 (46) sec
[690] Ep10000: Max 3600 (119) steps (0.0000 hrs) 11.76:0.00 12906 (13) sec
[691] Ep10000: Max 3600 (198) steps (0.0001 hrs) 12.66:0.00 12918 (12) sec
[692] Ep10000: Max 3600 (1008) steps (0.0003 hrs) 13.70:0.00 12929 (11) sec
[693] Ep10000: Max 3600 (722) steps (0.0002 hrs) 20.83:0.00 12942 (13) sec
[694] Ep10000: Max 3600 (2534) steps (0.0007 hrs) 0.00:0.00 12996 (54) sec
[695] Ep10000: Max 3600 (545) steps (0.0002 hrs) 0.00:15.87 13009 (13) sec
[696] Ep10000: Max 3600 (860) steps (0.0002 hrs) 21.28:0.00 13024 (15) sec
[697] Ep10000: Max 3600 (244) steps (0.0001 hrs) 16.95:0.00 13037 (13) sec
[698] Ep10000: Max 3600 (121) steps (0.0000 hrs) 0.00:28.57 13051 (14) sec
[699] Ep10000: Max 3600 (1895) steps (0.0005 hrs) 0.00:0.00 13074 (23) sec
[700] Ep10000: Max 3600 (2409) steps (0.0007 hrs) 0.00:0.00 13122 (48) sec
[701] Ep10000: Max 3600 (2239) steps (0.0006 hrs) 0.00:0.00 13153 (31) sec
[702] Ep10000: Max 3600 (2597) steps (0.0007 hrs) 0.00:0.00 13191 (38) sec
[703] Ep10000: Max 3600 (120) steps (0.0000 hrs) 19.61:0.00 13204 (13) sec
[704] Ep10000: Max 3600 (128) steps (0.0000 hrs) 12.20:0.00 13216 (12) sec
[705] Ep10000: Max 3600 (402) steps (0.0001 hrs) 13.70:0.00 13229 (13) sec
[706] Ep10000: Max 3600 (121) steps (0.0000 hrs) 17.54:0.00 13243 (14) sec
[707] Ep10000: Max 3600 (119) steps (0.0000 hrs) 0.00:18.69 13258 (15) sec
[708] Ep10000: Max 3600 (127) steps (0.0000 hrs) 18.52:0.00 13271 (13) sec
[709] Ep10000: Max 3600 (1762) steps (0.0005 hrs) 32.26:0.00 13285 (14) sec
[710] Ep10000: Max 3600 (120) steps (0.0000 hrs) 22.73:0.00 13295 (10) sec
[711] Ep10000: Max 3600 (1068) steps (0.0003 hrs) 0.00:40.00 13306 (11) sec
[712] Ep10000: Max 3600 (128) steps (0.0000 hrs) 14.08:0.00 13315 (9) sec
[713] Ep10000: Max 3600 (869) steps (0.0002 hrs) 18.18:0.00 13327 (12) sec
[714] Ep10000: Max 3600 (125) steps (0.0000 hrs) 62.50:0.00 13337 (10) sec
[715] Ep10000: Max 3600 (119) steps (0.0000 hrs) 18.52:0.00 13347 (10) sec
[716] Ep10000: Max 3600 (125) steps (0.0000 hrs) 11.90:0.00 13357 (10) sec
[717] Ep10000: Max 3600 (122) steps (0.0000 hrs) 22.73:0.00 13367 (10) sec
[718] Ep10000: Max 3600 (2505) steps (0.0007 hrs) 0.00:0.00 13400 (33) sec
[719] Ep10000: Max 3600 (120) steps (0.0000 hrs) 12.05:0.00 13410 (10) sec
[720] Ep10000: Max 3600 (784) steps (0.0002 hrs) 0.00:10.20 13420 (10) sec
[721] Ep10000: Max 3600 (679) steps (0.0002 hrs) 26.32:0.00 13431 (11) sec
[722] Ep10000: Max 3600 (122) steps (0.0000 hrs) 12.05:0.00 13440 (9) sec
[723] Ep10000: Max 3600 (120) steps (0.0000 hrs) 0.00:11.11 13451 (11) sec
[724] Ep10000: Max 3600 (1512) steps (0.0004 hrs) 0.00:17.54 13464 (13) sec
[725] Ep10000: Max 3600 (120) steps (0.0000 hrs) 10.20:0.00 13478 (14) sec
[726] Ep10000: Max 3600 (121) steps (0.0000 hrs) 21.28:0.00 13489 (11) sec
[727] Ep10000: Max 3600 (120) steps (0.0000 hrs) 17.54:0.00 13498 (9) sec
[728] Ep10000: Max 3600 (597) steps (0.0002 hrs) 18.18:0.00 13507 (9) sec
[729] Ep10000: Max 3600 (126) steps (0.0000 hrs) 38.46:0.00 13517 (10) sec
[730] Ep10000: Max 3600 (128) steps (0.0000 hrs) 17.86:0.00 13526 (9) sec
[731] Ep10000: Max 3600 (167) steps (0.0000 hrs) 18.18:0.00 13536 (10) sec
[732] Ep10000: Max 3600 (2388) steps (0.0007 hrs) 0.00:0.00 13566 (30) sec
[733] Ep10000: Max 3600 (244) steps (0.0001 hrs) 22.73:0.00 13576 (10) sec
[734] Ep10000: Max 3600 (239) steps (0.0001 hrs) 10.87:0.00 13586 (10) sec
[735] Ep10000: Max 3600 (121) steps (0.0000 hrs) 11.90:0.00 13596 (10) sec
[736] Ep10000: Max 3600 (161) steps (0.0000 hrs) 29.41:0.00 13606 (10) sec
[737] Ep10000: Max 3600 (128) steps (0.0000 hrs) 30.30:0.00 13616 (10) sec
[738] Ep10000: Max 3600 (626) steps (0.0002 hrs) 18.87:0.00 13627 (11) sec
[739] Ep10000: Max 3600 (340) steps (0.0001 hrs) 20.00:0.00 13638 (11) sec
[740] Ep10000: Max 3600 (119) steps (0.0000 hrs) 0.00:19.61 13648 (10) sec
[741] Ep10000: Max 3600 (119) steps (0.0000 hrs) 19.61:0.00 13658 (10) sec
[742] Ep10000: Max 3600 (125) steps (0.0000 hrs) 0.00:55.56 13668 (10) sec
[743] Ep10000: Max 3600 (125) steps (0.0000 hrs) 333.33:0.00 13678 (10) sec
[744] Ep10000: Max 3600 (1880) steps (0.0005 hrs) 0.00:0.00 13709 (31) sec
[745] Ep10000: Max 3600 (127) steps (0.0000 hrs) 17.54:0.00 13719 (10) sec
[746] Ep10000: Max 3600 (1124) steps (0.0003 hrs) 52.63:0.00 13732 (13) sec
[747] Ep10000: Max 3600 (2436) steps (0.0007 hrs) 0.00:0.00 13762 (30) sec
[748] Ep10000: Max 3600 (120) steps (0.0000 hrs) 23.26:0.00 13771 (9) sec
[749] Ep10000: Max 3600 (125) steps (0.0000 hrs) 15.87:0.00 13781 (10) sec
[750] Ep10000: Max 3600 (2406) steps (0.0007 hrs) 0.00:0.00 13816 (35) sec
[751] Ep10000: Max 3600 (348) steps (0.0001 hrs) 28.57:0.00 13826 (10) sec
[752] Ep10000: Max 3600 (2145) steps (0.0006 hrs) 0.00:0.00 13870 (44) sec
[753] Ep10000: Max 3600 (431) steps (0.0001 hrs) 0.00:20.00 13879 (9) sec
[754] Ep10000: Max 3600 (203) steps (0.0001 hrs) 0.00:12.35 13889 (10) sec
[755] Ep10000: Max 3600 (120) steps (0.0000 hrs) 14.93:0.00 13898 (9) sec
[756] Ep10000: Max 3600 (171) steps (0.0000 hrs) 12.05:0.00 13908 (10) sec
[757] Ep10000: Max 3600 (628) steps (0.0002 hrs) 55.56:0.00 13918 (10) sec
[758] Ep10000: Max 3600 (1992) steps (0.0006 hrs) 0.00:0.00 13949 (31) sec
[759] Ep10000: Max 3600 (118) steps (0.0000 hrs) 0.00:15.87 13959 (10) sec
[760] Ep10000: Max 3600 (120) steps (0.0000 hrs) 11.11:0.00 13969 (10) sec
[761] Ep10000: Max 3600 (2127) steps (0.0006 hrs) 0.00:0.00 14000 (31) sec
[762] Ep10000: Max 3600 (121) steps (0.0000 hrs) 58.82:0.00 14010 (10) sec
[763] Ep10000: Max 3600 (1849) steps (0.0005 hrs) 0.00:29.41 14044 (34) sec
[764] Ep10000: Max 3600 (149) steps (0.0000 hrs) 0.00:11.11 14055 (11) sec
[765] Ep10000: Max 3600 (2015) steps (0.0006 hrs) 0.00:0.00 14084 (29) sec
[766] Ep10000: Max 3600 (120) steps (0.0000 hrs) 12.99:0.00 14093 (9) sec
[767] Ep10000: Max 3600 (2206) steps (0.0006 hrs) 0.00:0.00 14122 (29) sec
[768] Ep10000: Max 3600 (2310) steps (0.0006 hrs) 0.00:0.00 14161 (39) sec
[769] Ep10000: Max 3600 (1112) steps (0.0003 hrs) 11.76:0.00 14171 (10) sec
[770] Ep10000: Max 3600 (2362) steps (0.0007 hrs) 9.90:0.00 14197 (26) sec
[771] Ep10000: Max 3600 (120) steps (0.0000 hrs) 16.13:0.00 14207 (10) sec
[772] Ep10000: Max 3600 (120) steps (0.0000 hrs) 0.00:12.20 14217 (10) sec
[773] Ep10000: Max 3600 (125) steps (0.0000 hrs) 0.00:11.49 14228 (11) sec
[774] Ep10000: Max 3600 (126) steps (0.0000 hrs) 12.20:0.00 14237 (9) sec
[775] Ep10000: Max 3600 (120) steps (0.0000 hrs) 0.00:21.28 14247 (10) sec
[776] Ep10000: Max 3600 (2069) steps (0.0006 hrs) 0.00:0.00 14277 (30) sec
[777] Ep10000: Max 3600 (147) steps (0.0000 hrs) 16.13:0.00 14286 (9) sec
[778] Ep10000: Max 3600 (136) steps (0.0000 hrs) 32.26:0.00 14296 (10) sec
[779] Ep10000: Max 3600 (122) steps (0.0000 hrs) 18.18:0.00 14306 (10) sec
[780] Ep10000: Max 3600 (134) steps (0.0000 hrs) 0.00:16.81 14316 (10) sec
[781] Ep10000: Max 3600 (1042) steps (0.0003 hrs) 0.00:15.15 14326 (10) sec
[782] Ep10000: Max 3600 (852) steps (0.0002 hrs) 71.43:0.00 14336 (10) sec
[783] Ep10000: Max 3600 (2554) steps (0.0007 hrs) 0.00:0.00 14364 (28) sec
[784] Ep10000: Max 3600 (120) steps (0.0000 hrs) 17.86:0.00 14373 (9) sec
[785] Ep10000: Max 3600 (862) steps (0.0002 hrs) 0.00:0.00 14385 (12) sec
[786] Ep10000: Max 3600 (122) steps (0.0000 hrs) 17.86:0.00 14394 (9) sec
[787] Ep10000: Max 3600 (2225) steps (0.0006 hrs) 0.00:0.00 14436 (42) sec
[788] Ep10000: Max 3600 (480) steps (0.0001 hrs) 0.00:0.00 14447 (11) sec
[789] Ep10000: Max 3600 (1995) steps (0.0006 hrs) 0.00:18.52 14480 (33) sec
[790] Ep10000: Max 3600 (127) steps (0.0000 hrs) 38.46:0.00 14501 (21) sec
[791] Ep10000: Max 3600 (2406) steps (0.0007 hrs) 0.00:0.00 14556 (55) sec
[792] Ep10000: Max 3600 (127) steps (0.0000 hrs) 13.70:0.00 14569 (13) sec
[793] Ep10000: Max 3600 (129) steps (0.0000 hrs) 40.00:0.00 14582 (13) sec
[794] Ep10000: Max 3600 (1826) steps (0.0005 hrs) 0.00:0.00 14647 (65) sec
[795] Ep10000: Max 3600 (121) steps (0.0000 hrs) 14.71:0.00 14660 (13) sec
[796] Ep10000: Max 3600 (145) steps (0.0000 hrs) 23.81:0.00 14674 (14) sec
[797] Ep10000: Max 3600 (129) steps (0.0000 hrs) 0.00:13.70 14687 (13) sec
[798] Ep10000: Max 3600 (128) steps (0.0000 hrs) 17.86:0.00 14700 (13) sec
[799] Ep10000: Max 3600 (295) steps (0.0001 hrs) 21.74:0.00 14713 (13) sec
[800] Ep10000: Max 3600 (2573) steps (0.0007 hrs) 0.00:0.00 14765 (52) sec
[801] Ep10000: Max 3600 (198) steps (0.0001 hrs) 58.82:0.00 14774 (9) sec
[802] Ep10000: Max 3600 (244) steps (0.0001 hrs) 21.28:0.00 14784 (10) sec
[803] Ep10000: Max 3600 (120) steps (0.0000 hrs) 11.76:0.00 14793 (9) sec
[804] Ep10000: Max 3600 (2029) steps (0.0006 hrs) 0.00:0.00 14838 (45) sec
[805] Ep10000: Max 3600 (129) steps (0.0000 hrs) 14.71:0.00 14848 (10) sec
[806] Ep10000: Max 3600 (120) steps (0.0000 hrs) 10.75:0.00 14857 (9) sec
[807] Ep10000: Max 3600 (425) steps (0.0001 hrs) 111.11:0.00 14867 (10) sec
[808] Ep10000: Max 3600 (127) steps (0.0000 hrs) 17.54:0.00 14877 (10) sec
[809] Ep10000: Max 3600 (415) steps (0.0001 hrs) 11.24:0.00 14887 (10) sec
[810] Ep10000: Max 3600 (143) steps (0.0000 hrs) 25.64:0.00 14901 (14) sec
[811] Ep10000: Max 3600 (121) steps (0.0000 hrs) 0.00:25.64 14916 (15) sec
[812] Ep10000: Max 3600 (120) steps (0.0000 hrs) 10.64:0.00 14933 (17) sec
[813] Ep10000: Max 3600 (2120) steps (0.0006 hrs) 0.00:0.00 14971 (38) sec
[814] Ep10000: Max 3600 (2153) steps (0.0006 hrs) 0.00:0.00 15021 (50) sec
[815] Ep10000: Max 3600 (1474) steps (0.0004 hrs) 200.00:0.00 15033 (12) sec
[816] Ep10000: Max 3600 (121) steps (0.0000 hrs) 47.62:0.00 15044 (11) sec
[817] Ep10000: Max 3600 (170) steps (0.0000 hrs) 34.48:0.00 15055 (11) sec
[818] Ep10000: Max 3600 (306) steps (0.0001 hrs) 18.52:0.00 15066 (11) sec
[819] Ep10000: Max 3600 (128) steps (0.0000 hrs) 10.00:0.00 15078 (12) sec
[820] Ep10000: Max 3600 (228) steps (0.0001 hrs) 12.99:0.00 15089 (11) sec
[821] Ep10000: Max 3600 (2144) steps (0.0006 hrs) 16.95:0.00 15119 (30) sec
[822] Ep10000: Max 3600 (122) steps (0.0000 hrs) 14.93:0.00 15130 (11) sec
[823] Ep10000: Max 3600 (249) steps (0.0001 hrs) 14.93:0.00 15142 (12) sec
[824] Ep10000: Max 3600 (127) steps (0.0000 hrs) 12.05:0.00 15154 (12) sec
[825] Ep10000: Max 3600 (374) steps (0.0001 hrs) 17.86:0.00 15166 (12) sec
[826] Ep10000: Max 3600 (1294) steps (0.0004 hrs) 0.00:16.39 15182 (16) sec
[827] Ep10000: Max 3600 (2015) steps (0.0006 hrs) 12.82:0.00 15197 (15) sec
[828] Ep10000: Max 3600 (125) steps (0.0000 hrs) 15.38:0.00 15209 (12) sec
[829] Ep10000: Max 3600 (300) steps (0.0001 hrs) 23.26:0.00 15221 (12) sec
[830] Ep10000: Max 3600 (121) steps (0.0000 hrs) 17.86:0.00 15234 (13) sec
[831] Ep10000: Max 3600 (2576) steps (0.0007 hrs) 0.00:0.00 15283 (49) sec
[832] Ep10000: Max 3600 (2348) steps (0.0007 hrs) 0.00:0.00 15317 (34) sec
[833] Ep10000: Max 3600 (2574) steps (0.0007 hrs) 0.00:0.00 15371 (54) sec
[834] Ep10000: Max 3600 (161) steps (0.0000 hrs) 23.81:0.00 15381 (10) sec
[835] Ep10000: Max 3600 (2423) steps (0.0007 hrs) 0.00:0.00 15404 (23) sec
[836] Ep10000: Max 3600 (120) steps (0.0000 hrs) 0.00:41.67 15415 (11) sec
[837] Ep10000: Max 3600 (120) steps (0.0000 hrs) 200.00:0.00 15424 (9) sec
[838] Ep10000: Max 3600 (119) steps (0.0000 hrs) 13.16:0.00 15434 (10) sec
[839] Ep10000: Max 3600 (250) steps (0.0001 hrs) 12.35:0.00 15444 (10) sec
[840] Ep10000: Max 3600 (127) steps (0.0000 hrs) 17.24:0.00 15454 (10) sec
[841] Ep10000: Max 3600 (2091) steps (0.0006 hrs) 0.00:0.00 15499 (45) sec
[842] Ep10000: Max 3600 (370) steps (0.0001 hrs) 10.31:0.00 15509 (10) sec
[843] Ep10000: Max 3600 (120) steps (0.0000 hrs) 16.95:0.00 15519 (10) sec
[844] Ep10000: Max 3600 (119) steps (0.0000 hrs) 0.00:23.26 15528 (9) sec
[845] Ep10000: Max 3600 (2349) steps (0.0007 hrs) 0.00:0.00 15552 (24) sec
[846] Ep10000: Max 3600 (2044) steps (0.0006 hrs) 0.00:0.00 15578 (26) sec
[847] Ep10000: Max 3600 (2030) steps (0.0006 hrs) 0.00:0.00 15625 (47) sec
[848] Ep10000: Max 3600 (417) steps (0.0001 hrs) 0.00:37.04 15635 (10) sec
[849] Ep10000: Max 3600 (119) steps (0.0000 hrs) 0.00:19.23 15644 (9) sec
[850] Ep10000: Max 3600 (2234) steps (0.0006 hrs) 0.00:0.00 15676 (32) sec
[851] Ep10000: Max 3600 (120) steps (0.0000 hrs) 19.61:0.00 15686 (10) sec
[852] Ep10000: Max 3600 (1747) steps (0.0005 hrs) 47.62:0.00 15705 (19) sec
[853] Ep10000: Max 3600 (228) steps (0.0001 hrs) 19.61:0.00 15714 (9) sec
[854] Ep10000: Max 3600 (120) steps (0.0000 hrs) 15.62:0.00 15724 (10) sec
[855] Ep10000: Max 3600 (127) steps (0.0000 hrs) 18.52:0.00 15734 (10) sec
[856] Ep10000: Max 3600 (126) steps (0.0000 hrs) 0.00:17.39 15744 (10) sec
[857] Ep10000: Max 3600 (1966) steps (0.0005 hrs) 0.00:0.00 15771 (27) sec
[858] Ep10000: Max 3600 (161) steps (0.0000 hrs) 0.00:23.26 15781 (10) sec
[859] Ep10000: Max 3600 (128) steps (0.0000 hrs) 32.26:0.00 15791 (10) sec
[860] Ep10000: Max 3600 (127) steps (0.0000 hrs) 100.00:0.00 15801 (10) sec
[861] Ep10000: Max 3600 (1118) steps (0.0003 hrs) 18.35:0.00 15823 (22) sec
[862] Ep10000: Max 3600 (2070) steps (0.0006 hrs) 0.00:0.00 15857 (34) sec
[863] Ep10000: Max 3600 (120) steps (0.0000 hrs) 0.00:21.28 15867 (10) sec
[864] Ep10000: Max 3600 (126) steps (0.0000 hrs) 0.00:29.41 15877 (10) sec
[865] Ep10000: Max 3600 (126) steps (0.0000 hrs) 43.48:0.00 15887 (10) sec
[866] Ep10000: Max 3600 (2184) steps (0.0006 hrs) 0.00:0.00 15917 (30) sec
[867] Ep10000: Max 3600 (235) steps (0.0001 hrs) 10.99:0.00 15927 (10) sec
[868] Ep10000: Max 3600 (120) steps (0.0000 hrs) 13.51:0.00 15936 (9) sec
[869] Ep10000: Max 3600 (285) steps (0.0001 hrs) 0.00:16.67 15947 (11) sec
[870] Ep10000: Max 3600 (129) steps (0.0000 hrs) 13.70:0.00 15957 (10) sec
[871] Ep10000: Max 3600 (120) steps (0.0000 hrs) 43.48:0.00 15966 (9) sec
[872] Ep10000: Max 3600 (962) steps (0.0003 hrs) 0.00:0.00 15978 (12) sec
[873] Ep10000: Max 3600 (135) steps (0.0000 hrs) 16.95:0.00 15988 (10) sec
[874] Ep10000: Max 3600 (119) steps (0.0000 hrs) 58.82:0.00 15998 (10) sec
[875] Ep10000: Max 3600 (1319) steps (0.0004 hrs) 0.00:18.18 16008 (10) sec
[876] Ep10000: Max 3600 (120) steps (0.0000 hrs) 12.20:0.00 16019 (11) sec
[877] Ep10000: Max 3600 (222) steps (0.0001 hrs) 0.00:15.87 16029 (10) sec
[878] Ep10000: Max 3600 (982) steps (0.0003 hrs) 25.64:0.00 16040 (11) sec
[879] Ep10000: Max 3600 (128) steps (0.0000 hrs) 17.86:0.00 16050 (10) sec
[880] Ep10000: Max 3600 (120) steps (0.0000 hrs) 14.29:0.00 16060 (10) sec
[881] Ep10000: Max 3600 (1999) steps (0.0006 hrs) 8.93:0.00 16091 (31) sec
[882] Ep10000: Max 3600 (169) steps (0.0000 hrs) 0.00:15.38 16101 (10) sec
[883] Ep10000: Max 3600 (123) steps (0.0000 hrs) 22.73:0.00 16112 (11) sec
[884] Ep10000: Max 3600 (271) steps (0.0001 hrs) 22.22:0.00 16122 (10) sec
[885] Ep10000: Max 3600 (155) steps (0.0000 hrs) 14.29:0.00 16132 (10) sec
[886] Ep10000: Max 3600 (1040) steps (0.0003 hrs) 27.78:0.00 16143 (11) sec
[887] Ep10000: Max 3600 (1114) steps (0.0003 hrs) 0.00:0.00 16153 (10) sec
[888] Ep10000: Max 3600 (119) steps (0.0000 hrs) 13.70:0.00 16164 (11) sec
[889] Ep10000: Max 3600 (365) steps (0.0001 hrs) 0.00:14.93 16177 (13) sec
[890] Ep10000: Max 3600 (120) steps (0.0000 hrs) 27.03:0.00 16187 (10) sec
[891] Ep10000: Max 3600 (925) steps (0.0003 hrs) 0.00:40.00 16199 (12) sec
[892] Ep10000: Max 3600 (250) steps (0.0001 hrs) 26.32:0.00 16209 (10) sec
[893] Ep10000: Max 3600 (740) steps (0.0002 hrs) 30.30:0.00 16220 (11) sec
[894] Ep10000: Max 3600 (122) steps (0.0000 hrs) 11.49:0.00 16229 (9) sec
[895] Ep10000: Max 3600 (2628) steps (0.0007 hrs) 0.00:0.00 16273 (44) sec
[896] Ep10000: Max 3600 (165) steps (0.0000 hrs) 0.00:17.54 16283 (10) sec
[897] Ep10000: Max 3600 (356) steps (0.0001 hrs) 34.48:0.00 16293 (10) sec
[898] Ep10000: Max 3600 (129) steps (0.0000 hrs) 15.15:0.00 16305 (12) sec
[899] Ep10000: Max 3600 (1960) steps (0.0005 hrs) 11.11:0.00 16328 (23) sec
[900] Ep10000: Max 3600 (136) steps (0.0000 hrs) 0.00:62.50 16338 (10) sec
[901] Ep10000: Max 3600 (120) steps (0.0000 hrs) 0.00:19.42 16349 (11) sec
[902] Ep10000: Max 3600 (758) steps (0.0002 hrs) 10.64:0.00 16359 (10) sec
[903] Ep10000: Max 3600 (2433) steps (0.0007 hrs) 0.00:0.00 16390 (31) sec
[904] Ep10000: Max 3600 (262) steps (0.0001 hrs) 20.83:0.00 16400 (10) sec
[905] Ep10000: Max 3600 (120) steps (0.0000 hrs) 16.39:0.00 16409 (9) sec
[906] Ep10000: Max 3600 (222) steps (0.0001 hrs) 0.00:250.00 16419 (10) sec
[907] Ep10000: Max 3600 (2388) steps (0.0007 hrs) 0.00:0.00 16446 (27) sec
[908] Ep10000: Max 3600 (2573) steps (0.0007 hrs) 0.00:0.00 16475 (29) sec
[909] Ep10000: Max 3600 (120) steps (0.0000 hrs) 33.33:0.00 16485 (10) sec
[910] Ep10000: Max 3600 (239) steps (0.0001 hrs) 16.95:0.00 16496 (11) sec
[911] Ep10000: Max 3600 (120) steps (0.0000 hrs) 14.08:0.00 16507 (11) sec
[912] Ep10000: Max 3600 (123) steps (0.0000 hrs) 52.63:0.00 16518 (11) sec
[913] Ep10000: Max 3600 (2372) steps (0.0007 hrs) 0.00:0.00 16558 (40) sec
[914] Ep10000: Max 3600 (129) steps (0.0000 hrs) 12.20:0.00 16568 (10) sec
[915] Ep10000: Max 3600 (120) steps (0.0000 hrs) 13.16:0.00 16578 (10) sec
[916] Ep10000: Max 3600 (990) steps (0.0003 hrs) 0.00:19.23 16590 (12) sec
[917] Ep10000: Max 3600 (2158) steps (0.0006 hrs) 2.26:0.00 16614 (24) sec
[918] Ep10000: Max 3600 (238) steps (0.0001 hrs) 11.90:0.00 16624 (10) sec
[919] Ep10000: Max 3600 (727) steps (0.0002 hrs) 0.00:0.00 16634 (10) sec
[920] Ep10000: Max 3600 (122) steps (0.0000 hrs) 0.00:23.81 16644 (10) sec
[921] Ep10000: Max 3600 (2105) steps (0.0006 hrs) 66.67:0.00 16678 (34) sec
[922] Ep10000: Max 3600 (1678) steps (0.0005 hrs) 0.00:0.00 16691 (13) sec
[923] Ep10000: Max 3600 (2445) steps (0.0007 hrs) 0.00:0.00 16722 (31) sec
[924] Ep10000: Max 3600 (174) steps (0.0000 hrs) 13.89:0.00 16731 (9) sec
[925] Ep10000: Max 3600 (1215) steps (0.0003 hrs) 24.39:0.00 16742 (11) sec
[926] Ep10000: Max 3600 (2247) steps (0.0006 hrs) 0.00:0.00 16802 (60) sec
[927] Ep10000: Max 3600 (471) steps (0.0001 hrs) 12.50:0.00 16811 (9) sec
[928] Ep10000: Max 3600 (266) steps (0.0001 hrs) 14.49:0.00 16821 (10) sec
[929] Ep10000: Max 3600 (120) steps (0.0000 hrs) 100.00:0.00 16831 (10) sec
[930] Ep10000: Max 3600 (738) steps (0.0002 hrs) 33.33:0.00 16842 (11) sec
[931] Ep10000: Max 3600 (127) steps (0.0000 hrs) 0.00:14.29 16852 (10) sec
[932] Ep10000: Max 3600 (120) steps (0.0000 hrs) 13.51:0.00 16862 (10) sec
[933] Ep10000: Max 3600 (577) steps (0.0002 hrs) 16.13:0.00 16871 (9) sec
[934] Ep10000: Max 3600 (120) steps (0.0000 hrs) 12.82:0.00 16881 (10) sec
[935] Ep10000: Max 3600 (121) steps (0.0000 hrs) 0.00:41.67 16891 (10) sec
[936] Ep10000: Max 3600 (124) steps (0.0000 hrs) 41.67:0.00 16902 (11) sec
[937] Ep10000: Max 3600 (126) steps (0.0000 hrs) 14.71:0.00 16912 (10) sec
[938] Ep10000: Max 3600 (915) steps (0.0003 hrs) 45.45:0.00 16925 (13) sec
[939] Ep10000: Max 3600 (1067) steps (0.0003 hrs) 0.00:13.70 16936 (11) sec
[940] Ep10000: Max 3600 (201) steps (0.0001 hrs) 0.00:20.00 16945 (9) sec
[941] Ep10000: Max 3600 (128) steps (0.0000 hrs) 0.00:19.61 16955 (10) sec
[942] Ep10000: Max 3600 (120) steps (0.0000 hrs) 0.00:12.66 16964 (9) sec
[943] Ep10000: Max 3600 (726) steps (0.0002 hrs) 11.11:0.00 16974 (10) sec
[944] Ep10000: Max 3600 (323) steps (0.0001 hrs) 10.75:0.00 16984 (10) sec
[945] Ep10000: Max 3600 (220) steps (0.0001 hrs) 13.70:0.00 16993 (9) sec
[946] Ep10000: Max 3600 (2461) steps (0.0007 hrs) 0.00:0.00 17022 (29) sec
[947] Ep10000: Max 3600 (128) steps (0.0000 hrs) 13.51:0.00 17031 (9) sec
[948] Ep10000: Max 3600 (1751) steps (0.0005 hrs) 0.00:0.00 17042 (11) sec
[949] Ep10000: Max 3600 (235) steps (0.0001 hrs) 0.00:15.38 17054 (12) sec
[950] Ep10000: Max 3600 (128) steps (0.0000 hrs) 15.87:0.00 17063 (9) sec
[951] Ep10000: Max 3600 (830) steps (0.0002 hrs) 18.52:0.00 17072 (9) sec
[952] Ep10000: Max 3600 (2177) steps (0.0006 hrs) 0.00:0.00 17116 (44) sec
[953] Ep10000: Max 3600 (462) steps (0.0001 hrs) 19.23:0.00 17126 (10) sec
[954] Ep10000: Max 3600 (119) steps (0.0000 hrs) 0.00:15.62 17135 (9) sec
[955] Ep10000: Max 3600 (341) steps (0.0001 hrs) 0.00:45.45 17145 (10) sec
[956] Ep10000: Max 3600 (146) steps (0.0000 hrs) 29.41:0.00 17155 (10) sec
[957] Ep10000: Max 3600 (2029) steps (0.0006 hrs) 41.67:0.00 17183 (28) sec
[958] Ep10000: Max 3600 (174) steps (0.0000 hrs) 0.00:13.70 17192 (9) sec
[959] Ep10000: Max 3600 (120) steps (0.0000 hrs) 47.62:0.00 17201 (9) sec
[960] Ep10000: Max 3600 (126) steps (0.0000 hrs) 20.00:0.00 17211 (10) sec
[961] Ep10000: Max 3600 (135) steps (0.0000 hrs) 14.29:0.00 17220 (9) sec
[962] Ep10000: Max 3600 (2265) steps (0.0006 hrs) 0.00:0.00 17270 (50) sec
[963] Ep10000: Max 3600 (127) steps (0.0000 hrs) 8.85:8.85 17280 (10) sec
[964] Ep10000: Max 3600 (119) steps (0.0000 hrs) 45.45:0.00 17290 (10) sec
[965] Ep10000: Max 3600 (120) steps (0.0000 hrs) 30.30:0.00 17300 (10) sec
[966] Ep10000: Max 3600 (122) steps (0.0000 hrs) 16.39:0.00 17309 (9) sec
[967] Ep10000: Max 3600 (119) steps (0.0000 hrs) 10.10:0.00 17318 (9) sec
[968] Ep10000: Max 3600 (307) steps (0.0001 hrs) 0.00:11.76 17328 (10) sec
[969] Ep10000: Max 3600 (2343) steps (0.0007 hrs) 0.00:0.00 17384 (56) sec
[970] Ep10000: Max 3600 (549) steps (0.0002 hrs) 52.63:0.00 17394 (10) sec
[971] Ep10000: Max 3600 (119) steps (0.0000 hrs) 16.13:0.00 17405 (11) sec
[972] Ep10000: Max 3600 (189) steps (0.0001 hrs) 11.36:0.00 17415 (10) sec
[973] Ep10000: Max 3600 (120) steps (0.0000 hrs) 35.71:0.00 17425 (10) sec
[974] Ep10000: Max 3600 (1605) steps (0.0004 hrs) 0.00:0.00 17453 (28) sec
[975] Ep10000: Max 3600 (125) steps (0.0000 hrs) 0.00:12.35 17462 (9) sec
[976] Ep10000: Max 3600 (1191) steps (0.0003 hrs) 0.00:16.13 17475 (13) sec
[977] Ep10000: Max 3600 (122) steps (0.0000 hrs) 11.76:0.00 17484 (9) sec
[978] Ep10000: Max 3600 (120) steps (0.0000 hrs) 24.39:0.00 17495 (11) sec
[979] Ep10000: Max 3600 (120) steps (0.0000 hrs) 0.00:10.31 17505 (10) sec
[980] Ep10000: Max 3600 (1027) steps (0.0003 hrs) 0.00:16.95 17517 (12) sec
[981] Ep10000: Max 3600 (127) steps (0.0000 hrs) 0.00:25.64 17528 (11) sec
[982] Ep10000: Max 3600 (152) steps (0.0000 hrs) 12.20:0.00 17539 (11) sec
[983] Ep10000: Max 3600 (2548) steps (0.0007 hrs) 0.00:0.00 17580 (41) sec
[984] Ep10000: Max 3600 (127) steps (0.0000 hrs) 11.49:0.00 17590 (10) sec
[985] Ep10000: Max 3600 (124) steps (0.0000 hrs) 19.61:0.00 17600 (10) sec
[986] Ep10000: Max 3600 (127) steps (0.0000 hrs) 40.00:0.00 17610 (10) sec
[987] Ep10000: Max 3600 (198) steps (0.0001 hrs) 19.23:0.00 17620 (10) sec
[988] Ep10000: Max 3600 (402) steps (0.0001 hrs) 0.00:15.38 17629 (9) sec
[989] Ep10000: Max 3600 (369) steps (0.0001 hrs) 11.36:0.00 17639 (10) sec
[990] Ep10000: Max 3600 (126) steps (0.0000 hrs) 12.50:0.00 17649 (10) sec
[991] Ep10000: Max 3600 (120) steps (0.0000 hrs) 10.10:0.00 17659 (10) sec
[992] Ep10000: Max 3600 (2127) steps (0.0006 hrs) 0.00:0.00 17690 (31) sec
[993] Ep10000: Max 3600 (122) steps (0.0000 hrs) 10.87:0.00 17700 (10) sec
[994] Ep10000: Max 3600 (120) steps (0.0000 hrs) 0.00:20.41 17711 (11) sec
[995] Ep10000: Max 3600 (1899) steps (0.0005 hrs) 0.00:0.00 17740 (29) sec
[996] Ep10000: Max 3600 (2065) steps (0.0006 hrs) 0.00:0.00 17774 (34) sec
[997] Ep10000: Max 3600 (133) steps (0.0000 hrs) 12.66:0.00 17785 (11) sec
[998] Ep10000: Max 3600 (1345) steps (0.0004 hrs) 0.00:12.35 17797 (12) sec
[999] Ep10000: Max 3600 (2352) steps (0.0007 hrs) 0.00:0.00 17825 (28) sec
[1000] Ep10000: Max 3600 (120) steps (0.0000 hrs) 18.52:0.00 17836 (11) sec
Total Elapsed time: 17836 seconds
Wrote current data to latest.train
