balanced 0 test_flag 0
[1] Ep10000: Max 1173 (1173) steps (0.0003 hrs) 12.05:0.00 12 (12) sec
[2] Ep10000: Max 2086 (2086) steps (0.0006 hrs) 0.00:0.00 44 (32) sec
[3] Ep10000: Max 2086 (1063) steps (0.0003 hrs) 19.23:0.00 55 (11) sec
[4] Ep10000: Max 2086 (267) steps (0.0001 hrs) 16.67:0.00 65 (10) sec
[5] Ep10000: Max 2086 (821) steps (0.0002 hrs) 14.71:0.00 76 (11) sec
[6] Ep10000: Max 2086 (842) steps (0.0002 hrs) 16.39:0.00 87 (11) sec
[7] Ep10000: Max 2086 (127) steps (0.0000 hrs) 0.00:11.76 97 (10) sec
[8] Ep10000: Max 2086 (1792) steps (0.0005 hrs) 0.00:0.00 137 (40) sec
[9] Ep10000: Max 2086 (261) steps (0.0001 hrs) 0.00:14.71 147 (10) sec
[10] Ep10000: Max 2086 (270) steps (0.0001 hrs) 0.00:20.83 157 (10) sec
[11] Ep10000: Max 2086 (1213) steps (0.0003 hrs) 11.11:0.00 170 (13) sec
[12] Ep10000: Max 2086 (1124) steps (0.0003 hrs) 14.71:0.00 183 (13) sec
[13] Ep10000: Max 2086 (127) steps (0.0000 hrs) 18.18:0.00 194 (11) sec
[14] Ep10000: Max 2086 (1285) steps (0.0004 hrs) 500.00:0.00 207 (13) sec
[15] Ep10000: Max 2086 (133) steps (0.0000 hrs) 25.00:0.00 217 (10) sec
[16] Ep10000: Max 2612 (2612) steps (0.0007 hrs) 0.00:0.00 250 (33) sec
[17] Ep10000: Max 2612 (1988) steps (0.0006 hrs) 0.00:0.00 296 (46) sec
[18] Ep10000: Max 2612 (397) steps (0.0001 hrs) 15.87:0.00 306 (10) sec
[19] Ep10000: Max 2612 (126) steps (0.0000 hrs) 20.83:0.00 315 (9) sec
[20] Ep10000: Max 2612 (127) steps (0.0000 hrs) 11.24:0.00 325 (10) sec
[21] Ep10000: Max 2612 (2146) steps (0.0006 hrs) 0.00:0.00 386 (61) sec
[22] Ep10000: Max 2612 (442) steps (0.0001 hrs) 16.67:0.00 397 (11) sec
[23] Ep10000: Max 2612 (127) steps (0.0000 hrs) 34.48:0.00 407 (10) sec
[24] Ep10000: Max 2612 (300) steps (0.0001 hrs) 0.00:55.56 417 (10) sec
[25] Ep10000: Max 2612 (2479) steps (0.0007 hrs) 0.00:0.00 447 (30) sec
[26] Ep10000: Max 2612 (2174) steps (0.0006 hrs) 0.00:0.00 477 (30) sec
[27] Ep10000: Max 2612 (666) steps (0.0002 hrs) 10.64:0.00 487 (10) sec
[28] Ep10000: Max 2612 (127) steps (0.0000 hrs) 34.48:0.00 498 (11) sec
[29] Ep10000: Max 2612 (263) steps (0.0001 hrs) 15.15:0.00 508 (10) sec
[30] Ep10000: Max 2612 (259) steps (0.0001 hrs) 62.50:0.00 518 (10) sec
[31] Ep10000: Max 2612 (2415) steps (0.0007 hrs) 0.00:0.00 546 (28) sec
[32] Ep10000: Max 2612 (179) steps (0.0000 hrs) 0.00:12.82 556 (10) sec
[33] Ep10000: Max 2612 (257) steps (0.0001 hrs) 28.57:0.00 566 (10) sec
[34] Ep10000: Max 2612 (127) steps (0.0000 hrs) 12.66:0.00 591 (25) sec
[35] Ep10000: Max 2612 (527) steps (0.0001 hrs) 9.17:9.17 616 (25) sec
[36] Ep10000: Max 2612 (1917) steps (0.0005 hrs) 0.00:0.00 675 (59) sec
[37] Ep10000: Max 2612 (265) steps (0.0001 hrs) 0.00:10.53 689 (14) sec
[38] Ep10000: Max 2612 (2140) steps (0.0006 hrs) 0.00:0.00 754 (65) sec
[39] Ep10000: Max 2612 (1964) steps (0.0005 hrs) 0.00:0.00 782 (28) sec
[40] Ep10000: Max 2612 (138) steps (0.0000 hrs) 12.99:0.00 792 (10) sec
[41] Ep10000: Max 2612 (137) steps (0.0000 hrs) 12.66:0.00 802 (10) sec
[42] Ep10000: Max 3067 (3067) steps (0.0009 hrs) 0.00:0.00 831 (29) sec
[43] Ep10000: Max 3067 (273) steps (0.0001 hrs) 17.54:0.00 840 (9) sec
[44] Ep10000: Max 3067 (270) steps (0.0001 hrs) 10.75:0.00 850 (10) sec
[45] Ep10000: Max 3067 (267) steps (0.0001 hrs) 9.71:9.71 859 (9) sec
[46] Ep10000: Max 3067 (156) steps (0.0000 hrs) 0.00:17.54 870 (11) sec
[47] Ep10000: Max 3067 (126) steps (0.0000 hrs) 24.39:0.00 881 (11) sec
[48] Ep10000: Max 3067 (269) steps (0.0001 hrs) 0.00:12.50 891 (10) sec
[49] Ep10000: Max 3067 (263) steps (0.0001 hrs) 10.31:0.00 908 (17) sec
[50] Ep10000: Max 3067 (271) steps (0.0001 hrs) 32.26:0.00 930 (22) sec
[51] Ep10000: Max 3067 (264) steps (0.0001 hrs) 16.13:0.00 946 (16) sec
[52] Ep10000: Max 3067 (266) steps (0.0001 hrs) 0.00:23.26 961 (15) sec
[53] Ep10000: Max 3067 (264) steps (0.0001 hrs) 28.57:0.00 982 (21) sec
[54] Ep10000: Max 3067 (2293) steps (0.0006 hrs) 0.00:0.00 1042 (60) sec
[55] Ep10000: Max 3067 (130) steps (0.0000 hrs) 0.00:10.53 1061 (19) sec
[56] Ep10000: Max 3067 (272) steps (0.0001 hrs) 8.70:8.70 1085 (24) sec
[57] Ep10000: Max 3067 (271) steps (0.0001 hrs) 15.87:0.00 1103 (18) sec
[58] Ep10000: Max 3067 (127) steps (0.0000 hrs) 15.62:0.00 1126 (23) sec
[59] Ep10000: Max 3067 (322) steps (0.0001 hrs) 10.00:0.00 1143 (17) sec
[60] Ep10000: Max 3067 (1989) steps (0.0006 hrs) 0.00:0.00 1201 (58) sec
[61] Ep10000: Max 3067 (127) steps (0.0000 hrs) 15.38:0.00 1218 (17) sec
[62] Ep10000: Max 3067 (125) steps (0.0000 hrs) 28.57:0.00 1232 (14) sec
[63] Ep10000: Max 3067 (1904) steps (0.0005 hrs) 0.00:0.00 1270 (38) sec
[64] Ep10000: Max 3067 (1802) steps (0.0005 hrs) 0.00:0.00 1310 (40) sec
[65] Ep10000: Max 3067 (240) steps (0.0001 hrs) 90.91:0.00 1322 (12) sec
[66] Ep10000: Max 3067 (1957) steps (0.0005 hrs) 0.00:0.00 1394 (72) sec
[67] Ep10000: Max 3067 (407) steps (0.0001 hrs) 0.00:27.78 1408 (14) sec
[68] Ep10000: Max 3067 (1858) steps (0.0005 hrs) 0.00:0.00 1472 (64) sec
[69] Ep10000: Max 3067 (127) steps (0.0000 hrs) 0.00:27.78 1496 (24) sec
[70] Ep10000: Max 3067 (281) steps (0.0001 hrs) 0.00:17.24 1522 (26) sec
[71] Ep10000: Max 3067 (265) steps (0.0001 hrs) 13.51:0.00 1560 (38) sec
[72] Ep10000: Max 3067 (260) steps (0.0001 hrs) 16.26:0.00 1578 (18) sec
[73] Ep10000: Max 3067 (2186) steps (0.0006 hrs) 0.00:0.00 1657 (79) sec
[74] Ep10000: Max 3067 (2237) steps (0.0006 hrs) 0.00:0.00 1724 (67) sec
[75] Ep10000: Max 3067 (271) steps (0.0001 hrs) 16.13:0.00 1741 (17) sec
[76] Ep10000: Max 3067 (2575) steps (0.0007 hrs) 0.00:0.00 1792 (51) sec
[77] Ep10000: Max 3067 (333) steps (0.0001 hrs) 0.00:18.18 1809 (17) sec
[78] Ep10000: Max 3067 (126) steps (0.0000 hrs) 0.00:12.50 1828 (19) sec
[79] Ep10000: Max 3067 (215) steps (0.0001 hrs) 14.93:0.00 1845 (17) sec
[80] Ep10000: Max 3067 (271) steps (0.0001 hrs) 18.87:0.00 1862 (17) sec
[81] Ep10000: Max 3067 (341) steps (0.0001 hrs) 35.71:0.00 1884 (22) sec
[82] Ep10000: Max 3067 (452) steps (0.0001 hrs) 0.00:27.03 1906 (22) sec
[83] Ep10000: Max 3067 (333) steps (0.0001 hrs) 10.99:0.00 1921 (15) sec
[84] Ep10000: Max 3067 (286) steps (0.0001 hrs) 22.73:0.00 1936 (15) sec
[85] Ep10000: Max 3067 (2145) steps (0.0006 hrs) 0.00:0.00 2019 (83) sec
[86] Ep10000: Max 3067 (418) steps (0.0001 hrs) 9.52:0.00 2035 (16) sec
[87] Ep10000: Max 3067 (406) steps (0.0001 hrs) 0.00:30.30 2054 (19) sec
[88] Ep10000: Max 3067 (261) steps (0.0001 hrs) 14.29:0.00 2070 (16) sec
[89] Ep10000: Max 3067 (257) steps (0.0001 hrs) 9.90:0.00 2084 (14) sec
[90] Ep10000: Max 3067 (270) steps (0.0001 hrs) 0.00:11.49 2099 (15) sec
[91] Ep10000: Max 3067 (1214) steps (0.0003 hrs) 33.33:0.00 2126 (27) sec
[92] Ep10000: Max 3067 (1063) steps (0.0003 hrs) 11.90:0.00 2144 (18) sec
[93] Ep10000: Max 3067 (2135) steps (0.0006 hrs) 0.00:0.00 2192 (48) sec
[94] Ep10000: Max 3067 (314) steps (0.0001 hrs) 14.71:0.00 2209 (17) sec
[95] Ep10000: Max 3067 (127) steps (0.0000 hrs) 11.36:0.00 2222 (13) sec
[96] Ep10000: Max 3067 (203) steps (0.0001 hrs) 38.46:0.00 2236 (14) sec
[97] Ep10000: Max 3067 (2477) steps (0.0007 hrs) 0.00:0.00 2278 (42) sec
[98] Ep10000: Max 3067 (126) steps (0.0000 hrs) 14.08:0.00 2293 (15) sec
[99] Ep10000: Max 3067 (2150) steps (0.0006 hrs) 0.00:0.00 2355 (62) sec
[100] Ep10000: Max 3067 (793) steps (0.0002 hrs) 0.00:24.39 2371 (16) sec
[101] Ep10000: Max 3067 (126) steps (0.0000 hrs) 15.38:0.00 2385 (14) sec
[102] Ep10000: Max 3067 (269) steps (0.0001 hrs) 15.87:0.00 2397 (12) sec
[103] Ep10000: Max 3067 (2498) steps (0.0007 hrs) 0.00:0.00 2444 (47) sec
[104] Ep10000: Max 3067 (126) steps (0.0000 hrs) 26.32:0.00 2462 (18) sec
[105] Ep10000: Max 3067 (677) steps (0.0002 hrs) 0.00:35.71 2475 (13) sec
[106] Ep10000: Max 3067 (2078) steps (0.0006 hrs) 0.00:0.00 2508 (33) sec
[107] Ep10000: Max 3067 (2318) steps (0.0006 hrs) 0.00:0.00 2564 (56) sec
[108] Ep10000: Max 3067 (2715) steps (0.0008 hrs) 0.00:0.00 2630 (66) sec
[109] Ep10000: Max 3067 (1972) steps (0.0005 hrs) 10.75:0.00 2648 (18) sec
[110] Ep10000: Max 3067 (144) steps (0.0000 hrs) 19.61:0.00 2659 (11) sec
[111] Ep10000: Max 3067 (266) steps (0.0001 hrs) 47.62:0.00 2671 (12) sec
[112] Ep10000: Max 3067 (1014) steps (0.0003 hrs) 15.15:0.00 2685 (14) sec
[113] Ep10000: Max 3067 (269) steps (0.0001 hrs) 0.00:10.64 2698 (13) sec
[114] Ep10000: Max 3067 (271) steps (0.0001 hrs) 8.62:8.62 2708 (10) sec
[115] Ep10000: Max 3067 (126) steps (0.0000 hrs) 15.87:0.00 2719 (11) sec
[116] Ep10000: Max 3067 (240) steps (0.0001 hrs) 47.62:0.00 2731 (12) sec
[117] Ep10000: Max 3067 (2316) steps (0.0006 hrs) 0.00:0.00 2762 (31) sec
[118] Ep10000: Max 3067 (265) steps (0.0001 hrs) 24.39:0.00 2772 (10) sec
[119] Ep10000: Max 3067 (269) steps (0.0001 hrs) 27.03:0.00 2782 (10) sec
[120] Ep10000: Max 3067 (266) steps (0.0001 hrs) 13.33:0.00 2793 (11) sec
[121] Ep10000: Max 3067 (127) steps (0.0000 hrs) 16.13:0.00 2803 (10) sec
[122] Ep10000: Max 3067 (127) steps (0.0000 hrs) 32.26:0.00 2813 (10) sec
[123] Ep10000: Max 3067 (1870) steps (0.0005 hrs) 0.00:0.00 2841 (28) sec
[124] Ep10000: Max 3067 (142) steps (0.0000 hrs) 142.86:0.00 2851 (10) sec
[125] Ep10000: Max 3067 (126) steps (0.0000 hrs) 0.00:16.13 2861 (10) sec
[126] Ep10000: Max 3067 (410) steps (0.0001 hrs) 9.17:9.17 2871 (10) sec
[127] Ep10000: Max 3067 (265) steps (0.0001 hrs) 50.00:0.00 2882 (11) sec
[128] Ep10000: Max 3067 (127) steps (0.0000 hrs) 10.99:0.00 2892 (10) sec
[129] Ep10000: Max 3067 (167) steps (0.0000 hrs) 18.18:0.00 2903 (11) sec
[130] Ep10000: Max 3067 (2426) steps (0.0007 hrs) 0.00:0.00 2959 (56) sec
[131] Ep10000: Max 3067 (434) steps (0.0001 hrs) 14.29:0.00 2970 (11) sec
[132] Ep10000: Max 3067 (401) steps (0.0001 hrs) 14.29:0.00 2980 (10) sec
[133] Ep10000: Max 3067 (131) steps (0.0000 hrs) 27.78:0.00 2990 (10) sec
[134] Ep10000: Max 3067 (559) steps (0.0002 hrs) 0.00:11.49 3001 (11) sec
[135] Ep10000: Max 3067 (130) steps (0.0000 hrs) 34.48:0.00 3014 (13) sec
[136] Ep10000: Max 3067 (127) steps (0.0000 hrs) 29.41:0.00 3026 (12) sec
[137] Ep10000: Max 3067 (262) steps (0.0001 hrs) 18.18:0.00 3037 (11) sec
[138] Ep10000: Max 3067 (266) steps (0.0001 hrs) 71.43:0.00 3047 (10) sec
[139] Ep10000: Max 3067 (127) steps (0.0000 hrs) 0.00:20.83 3057 (10) sec
[140] Ep10000: Max 3067 (129) steps (0.0000 hrs) 0.00:21.28 3068 (11) sec
[141] Ep10000: Max 3067 (126) steps (0.0000 hrs) 23.26:0.00 3077 (9) sec
[142] Ep10000: Max 3067 (270) steps (0.0001 hrs) 30.30:0.00 3088 (11) sec
[143] Ep10000: Max 3067 (727) steps (0.0002 hrs) 15.38:0.00 3099 (11) sec
[144] Ep10000: Max 3067 (2466) steps (0.0007 hrs) 0.00:0.00 3126 (27) sec
[145] Ep10000: Max 3067 (2554) steps (0.0007 hrs) 0.00:0.00 3156 (30) sec
[146] Ep10000: Max 3067 (271) steps (0.0001 hrs) 15.15:0.00 3166 (10) sec
[147] Ep10000: Max 3067 (2069) steps (0.0006 hrs) 0.00:0.00 3195 (29) sec
[148] Ep10000: Max 3067 (310) steps (0.0001 hrs) 0.00:9.09 3206 (11) sec
[149] Ep10000: Max 3067 (139) steps (0.0000 hrs) 17.24:0.00 3215 (9) sec
[150] Ep10000: Max 3067 (690) steps (0.0002 hrs) 15.38:0.00 3226 (11) sec
[151] Ep10000: Max 3067 (2259) steps (0.0006 hrs) 0.00:0.00 3274 (48) sec
[152] Ep10000: Max 3067 (126) steps (0.0000 hrs) 21.74:0.00 3284 (10) sec
[153] Ep10000: Max 3067 (2368) steps (0.0007 hrs) 0.00:0.00 3339 (55) sec
[154] Ep10000: Max 3067 (1715) steps (0.0005 hrs) 23.81:0.00 3352 (13) sec
[155] Ep10000: Max 3067 (2322) steps (0.0006 hrs) 0.00:0.00 3382 (30) sec
[156] Ep10000: Max 3067 (2400) steps (0.0007 hrs) 0.00:0.00 3411 (29) sec
[157] Ep10000: Max 3123 (3123) steps (0.0009 hrs) 0.00:0.00 3458 (47) sec
[158] Ep10000: Max 3123 (458) steps (0.0001 hrs) 0.00:29.41 3469 (11) sec
[159] Ep10000: Max 3123 (127) steps (0.0000 hrs) 10.87:0.00 3479 (10) sec
[160] Ep10000: Max 3123 (272) steps (0.0001 hrs) 142.86:0.00 3490 (11) sec
[161] Ep10000: Max 3123 (2418) steps (0.0007 hrs) 0.00:0.00 3518 (28) sec
[162] Ep10000: Max 3123 (269) steps (0.0001 hrs) 13.51:0.00 3529 (11) sec
[163] Ep10000: Max 3123 (506) steps (0.0001 hrs) 0.00:18.18 3539 (10) sec
[164] Ep10000: Max 3123 (126) steps (0.0000 hrs) 12.82:0.00 3550 (11) sec
[165] Ep10000: Max 3123 (134) steps (0.0000 hrs) 19.42:0.00 3560 (10) sec
[166] Ep10000: Max 3123 (687) steps (0.0002 hrs) 0.00:18.35 3570 (10) sec
[167] Ep10000: Max 3123 (130) steps (0.0000 hrs) 31.25:0.00 3581 (11) sec
[168] Ep10000: Max 3123 (269) steps (0.0001 hrs) 25.00:0.00 3591 (10) sec
[169] Ep10000: Max 3123 (268) steps (0.0001 hrs) 37.04:0.00 3602 (11) sec
[170] Ep10000: Max 3123 (2275) steps (0.0006 hrs) 0.00:0.00 3634 (32) sec
[171] Ep10000: Max 3123 (1918) steps (0.0005 hrs) 0.00:0.00 3664 (30) sec
[172] Ep10000: Max 3123 (212) steps (0.0001 hrs) 24.39:0.00 3675 (11) sec
[173] Ep10000: Max 3123 (269) steps (0.0001 hrs) 0.00:15.15 3685 (10) sec
[174] Ep10000: Max 3123 (2092) steps (0.0006 hrs) 0.00:0.00 3711 (26) sec
[175] Ep10000: Max 3123 (2303) steps (0.0006 hrs) 0.00:0.00 3739 (28) sec
[176] Ep10000: Max 3123 (127) steps (0.0000 hrs) 0.00:16.95 3749 (10) sec
[177] Ep10000: Max 3123 (521) steps (0.0001 hrs) 13.89:0.00 3760 (11) sec
[178] Ep10000: Max 3123 (132) steps (0.0000 hrs) 0.00:20.41 3770 (10) sec
[179] Ep10000: Max 3123 (387) steps (0.0001 hrs) 11.63:0.00 3781 (11) sec
[180] Ep10000: Max 3123 (629) steps (0.0002 hrs) 16.39:0.00 3792 (11) sec
[181] Ep10000: Max 3123 (1873) steps (0.0005 hrs) 0.00:10.31 3805 (13) sec
[182] Ep10000: Max 3123 (126) steps (0.0000 hrs) 11.63:0.00 3816 (11) sec
[183] Ep10000: Max 3123 (2129) steps (0.0006 hrs) 0.00:0.00 3862 (46) sec
[184] Ep10000: Max 3123 (136) steps (0.0000 hrs) 12.82:0.00 3872 (10) sec
[185] Ep10000: Max 3123 (218) steps (0.0001 hrs) 28.57:0.00 3882 (10) sec
[186] Ep10000: Max 3123 (269) steps (0.0001 hrs) 20.00:0.00 3893 (11) sec
[187] Ep10000: Max 3123 (281) steps (0.0001 hrs) 11.49:0.00 3903 (10) sec
[188] Ep10000: Max 3123 (2156) steps (0.0006 hrs) 0.00:0.00 3933 (30) sec
[189] Ep10000: Max 3123 (1120) steps (0.0003 hrs) 0.00:21.28 3945 (12) sec
[190] Ep10000: Max 3123 (126) steps (0.0000 hrs) 0.00:19.05 3955 (10) sec
[191] Ep10000: Max 3123 (1973) steps (0.0005 hrs) 4.88:0.00 3983 (28) sec
[192] Ep10000: Max 3123 (130) steps (0.0000 hrs) 20.41:0.00 3993 (10) sec
[193] Ep10000: Max 3123 (808) steps (0.0002 hrs) 19.23:0.00 4003 (10) sec
[194] Ep10000: Max 3123 (127) steps (0.0000 hrs) 17.54:0.00 4013 (10) sec
[195] Ep10000: Max 3123 (272) steps (0.0001 hrs) 11.24:0.00 4024 (11) sec
[196] Ep10000: Max 3123 (288) steps (0.0001 hrs) 34.48:0.00 4034 (10) sec
[197] Ep10000: Max 3123 (130) steps (0.0000 hrs) 10.10:0.00 4044 (10) sec
[198] Ep10000: Max 3123 (268) steps (0.0001 hrs) 13.70:0.00 4055 (11) sec
[199] Ep10000: Max 3123 (272) steps (0.0001 hrs) 19.61:0.00 4066 (11) sec
[200] Ep10000: Max 3123 (2308) steps (0.0006 hrs) 0.00:0.00 4112 (46) sec
[201] Ep10000: Max 3123 (126) steps (0.0000 hrs) 0.00:27.78 4123 (11) sec
[202] Ep10000: Max 3123 (2227) steps (0.0006 hrs) 0.00:0.00 4168 (45) sec
[203] Ep10000: Max 3123 (127) steps (0.0000 hrs) 10.20:0.00 4179 (11) sec
[204] Ep10000: Max 3123 (135) steps (0.0000 hrs) 16.13:0.00 4189 (10) sec
[205] Ep10000: Max 3123 (1880) steps (0.0005 hrs) 0.00:0.00 4218 (29) sec
[206] Ep10000: Max 3123 (2299) steps (0.0006 hrs) 0.00:0.00 4243 (25) sec
[207] Ep10000: Max 3123 (126) steps (0.0000 hrs) 43.48:0.00 4254 (11) sec
[208] Ep10000: Max 3123 (2264) steps (0.0006 hrs) 0.00:0.00 4288 (34) sec
[209] Ep10000: Max 3123 (127) steps (0.0000 hrs) 18.52:0.00 4298 (10) sec
[210] Ep10000: Max 3123 (136) steps (0.0000 hrs) 32.26:0.00 4308 (10) sec
[211] Ep10000: Max 3123 (2449) steps (0.0007 hrs) 0.00:0.00 4335 (27) sec
[212] Ep10000: Max 3123 (2569) steps (0.0007 hrs) 0.00:0.00 4374 (39) sec
[213] Ep10000: Max 3123 (1811) steps (0.0005 hrs) 0.00:12.66 4385 (11) sec
[214] Ep10000: Max 3123 (729) steps (0.0002 hrs) 0.00:9.80 4396 (11) sec
[215] Ep10000: Max 3123 (126) steps (0.0000 hrs) 0.00:13.51 4406 (10) sec
[216] Ep10000: Max 3123 (126) steps (0.0000 hrs) 12.35:0.00 4416 (10) sec
[217] Ep10000: Max 3123 (231) steps (0.0001 hrs) 35.71:0.00 4426 (10) sec
[218] Ep10000: Max 3123 (127) steps (0.0000 hrs) 0.00:10.20 4437 (11) sec
[219] Ep10000: Max 3123 (259) steps (0.0001 hrs) 17.54:0.00 4447 (10) sec
[220] Ep10000: Max 3123 (267) steps (0.0001 hrs) 0.00:17.86 4458 (11) sec
[221] Ep10000: Max 3123 (2679) steps (0.0007 hrs) 0.00:0.00 4492 (34) sec
[222] Ep10000: Max 3123 (711) steps (0.0002 hrs) 19.23:0.00 4503 (11) sec
[223] Ep10000: Max 3123 (131) steps (0.0000 hrs) 13.89:0.00 4513 (10) sec
[224] Ep10000: Max 3123 (126) steps (0.0000 hrs) 0.00:12.05 4523 (10) sec
[225] Ep10000: Max 3123 (126) steps (0.0000 hrs) 10.20:0.00 4532 (9) sec
[226] Ep10000: Max 3123 (1796) steps (0.0005 hrs) 0.00:0.00 4561 (29) sec
[227] Ep10000: Max 3123 (264) steps (0.0001 hrs) 20.41:0.00 4571 (10) sec
[228] Ep10000: Max 3123 (126) steps (0.0000 hrs) 25.64:0.00 4580 (9) sec
[229] Ep10000: Max 3123 (127) steps (0.0000 hrs) 11.49:0.00 4590 (10) sec
[230] Ep10000: Max 3123 (492) steps (0.0001 hrs) 11.49:0.00 4601 (11) sec
[231] Ep10000: Max 3123 (2549) steps (0.0007 hrs) 0.00:0.00 4630 (29) sec
[232] Ep10000: Max 3123 (267) steps (0.0001 hrs) 15.38:0.00 4641 (11) sec
[233] Ep10000: Max 3123 (267) steps (0.0001 hrs) 0.00:13.16 4652 (11) sec
[234] Ep10000: Max 3123 (192) steps (0.0001 hrs) 0.00:0.00 4663 (11) sec
[235] Ep10000: Max 3123 (126) steps (0.0000 hrs) 0.00:19.23 4673 (10) sec
[236] Ep10000: Max 3123 (268) steps (0.0001 hrs) 11.49:0.00 4683 (10) sec
[237] Ep10000: Max 3123 (2238) steps (0.0006 hrs) 0.00:0.00 4730 (47) sec
[238] Ep10000: Max 3123 (265) steps (0.0001 hrs) 0.00:15.87 4740 (10) sec
[239] Ep10000: Max 3123 (126) steps (0.0000 hrs) 12.20:0.00 4750 (10) sec
[240] Ep10000: Max 3123 (258) steps (0.0001 hrs) 19.05:0.00 4760 (10) sec
[241] Ep10000: Max 3123 (261) steps (0.0001 hrs) 14.93:0.00 4770 (10) sec
[242] Ep10000: Max 3123 (126) steps (0.0000 hrs) 33.33:0.00 4780 (10) sec
[243] Ep10000: Max 3123 (268) steps (0.0001 hrs) 0.00:25.00 4790 (10) sec
[244] Ep10000: Max 3123 (2353) steps (0.0007 hrs) 0.00:0.00 4820 (30) sec
[245] Ep10000: Max 3123 (126) steps (0.0000 hrs) 17.24:0.00 4831 (11) sec
[246] Ep10000: Max 3123 (267) steps (0.0001 hrs) 15.38:0.00 4841 (10) sec
[247] Ep10000: Max 3123 (136) steps (0.0000 hrs) 15.38:0.00 4852 (11) sec
[248] Ep10000: Max 3123 (264) steps (0.0001 hrs) 0.00:16.67 4862 (10) sec
[249] Ep10000: Max 3123 (133) steps (0.0000 hrs) 0.00:38.46 4872 (10) sec
[250] Ep10000: Max 3123 (2537) steps (0.0007 hrs) 0.00:0.00 4920 (48) sec
[251] Ep10000: Max 3123 (2075) steps (0.0006 hrs) 0.00:0.00 4951 (31) sec
[252] Ep10000: Max 3123 (141) steps (0.0000 hrs) 27.78:0.00 4962 (11) sec
[253] Ep10000: Max 3123 (134) steps (0.0000 hrs) 0.00:15.15 4972 (10) sec
[254] Ep10000: Max 3123 (270) steps (0.0001 hrs) 15.38:0.00 4982 (10) sec
[255] Ep10000: Max 3123 (126) steps (0.0000 hrs) 11.36:0.00 4993 (11) sec
[256] Ep10000: Max 3123 (126) steps (0.0000 hrs) 15.38:0.00 5003 (10) sec
[257] Ep10000: Max 3123 (269) steps (0.0001 hrs) 0.00:12.35 5013 (10) sec
[258] Ep10000: Max 3123 (266) steps (0.0001 hrs) 10.64:0.00 5023 (10) sec
[259] Ep10000: Max 3123 (2080) steps (0.0006 hrs) 0.00:0.00 5073 (50) sec
[260] Ep10000: Max 3123 (131) steps (0.0000 hrs) 20.41:0.00 5083 (10) sec
[261] Ep10000: Max 3123 (1871) steps (0.0005 hrs) 0.00:13.70 5106 (23) sec
[262] Ep10000: Max 3123 (745) steps (0.0002 hrs) 13.51:0.00 5117 (11) sec
[263] Ep10000: Max 3123 (306) steps (0.0001 hrs) 0.00:12.20 5127 (10) sec
[264] Ep10000: Max 3123 (2091) steps (0.0006 hrs) 0.00:0.00 5156 (29) sec
[265] Ep10000: Max 3123 (126) steps (0.0000 hrs) 0.00:19.61 5168 (12) sec
[266] Ep10000: Max 3123 (575) steps (0.0002 hrs) 15.87:0.00 5179 (11) sec
[267] Ep10000: Max 3123 (270) steps (0.0001 hrs) 22.73:0.00 5188 (9) sec
[268] Ep10000: Max 3123 (2183) steps (0.0006 hrs) 0.00:0.00 5223 (35) sec
[269] Ep10000: Max 3123 (2223) steps (0.0006 hrs) 0.00:0.00 5266 (43) sec
[270] Ep10000: Max 3123 (1196) steps (0.0003 hrs) 13.70:0.00 5277 (11) sec
[271] Ep10000: Max 3123 (138) steps (0.0000 hrs) 18.18:0.00 5288 (11) sec
[272] Ep10000: Max 3123 (3070) steps (0.0009 hrs) 0.00:0.00 5332 (44) sec
[273] Ep10000: Max 3123 (2271) steps (0.0006 hrs) 0.00:0.00 5366 (34) sec
[274] Ep10000: Max 3123 (142) steps (0.0000 hrs) 0.00:21.28 5377 (11) sec
[275] Ep10000: Max 3123 (140) steps (0.0000 hrs) 12.82:0.00 5386 (9) sec
[276] Ep10000: Max 3123 (1491) steps (0.0004 hrs) 17.24:0.00 5396 (10) sec
[277] Ep10000: Max 3123 (269) steps (0.0001 hrs) 0.00:10.31 5405 (9) sec
[278] Ep10000: Max 3123 (269) steps (0.0001 hrs) 0.00:12.05 5415 (10) sec
[279] Ep10000: Max 3123 (2034) steps (0.0006 hrs) 0.00:0.00 5444 (29) sec
[280] Ep10000: Max 3123 (1287) steps (0.0004 hrs) 0.00:13.51 5455 (11) sec
[281] Ep10000: Max 3123 (646) steps (0.0002 hrs) 14.93:0.00 5464 (9) sec
[282] Ep10000: Max 3123 (134) steps (0.0000 hrs) 32.26:0.00 5473 (9) sec
[283] Ep10000: Max 3123 (296) steps (0.0001 hrs) 20.83:0.00 5482 (9) sec
[284] Ep10000: Max 3123 (288) steps (0.0001 hrs) 10.87:0.00 5491 (9) sec
[285] Ep10000: Max 3123 (445) steps (0.0001 hrs) 20.41:0.00 5501 (10) sec
[286] Ep10000: Max 3123 (127) steps (0.0000 hrs) 0.00:17.54 5511 (10) sec
[287] Ep10000: Max 3123 (134) steps (0.0000 hrs) 26.32:0.00 5522 (11) sec
[288] Ep10000: Max 3123 (128) steps (0.0000 hrs) 41.67:0.00 5533 (11) sec
[289] Ep10000: Max 3123 (127) steps (0.0000 hrs) 16.26:0.00 5543 (10) sec
[290] Ep10000: Max 3123 (2175) steps (0.0006 hrs) 0.00:0.00 5575 (32) sec
[291] Ep10000: Max 3123 (138) steps (0.0000 hrs) 18.87:0.00 5585 (10) sec
[292] Ep10000: Max 3123 (136) steps (0.0000 hrs) 13.70:0.00 5596 (11) sec
[293] Ep10000: Max 3123 (606) steps (0.0002 hrs) 11.11:0.00 5606 (10) sec
[294] Ep10000: Max 3123 (220) steps (0.0001 hrs) 29.41:0.00 5616 (10) sec
[295] Ep10000: Max 3123 (514) steps (0.0001 hrs) 11.11:0.00 5626 (10) sec
[296] Ep10000: Max 3123 (268) steps (0.0001 hrs) 18.18:0.00 5635 (9) sec
[297] Ep10000: Max 3123 (127) steps (0.0000 hrs) 12.20:0.00 5645 (10) sec
[298] Ep10000: Max 3123 (1992) steps (0.0006 hrs) 0.00:0.00 5674 (29) sec
[299] Ep10000: Max 3123 (269) steps (0.0001 hrs) 15.87:0.00 5684 (10) sec
[300] Ep10000: Max 3123 (271) steps (0.0001 hrs) 12.99:0.00 5694 (10) sec
[301] Ep10000: Max 3123 (2022) steps (0.0006 hrs) 0.00:0.00 5725 (31) sec
[302] Ep10000: Max 3123 (2864) steps (0.0008 hrs) 0.00:0.00 5761 (36) sec
[303] Ep10000: Max 3123 (270) steps (0.0001 hrs) 17.54:0.00 5771 (10) sec
[304] Ep10000: Max 3123 (2419) steps (0.0007 hrs) 0.00:0.00 5819 (48) sec
[305] Ep10000: Max 3123 (2212) steps (0.0006 hrs) 0.00:0.00 5865 (46) sec
[306] Ep10000: Max 3123 (261) steps (0.0001 hrs) 0.00:17.54 5875 (10) sec
[307] Ep10000: Max 3123 (327) steps (0.0001 hrs) 0.00:100.00 5886 (11) sec
[308] Ep10000: Max 3123 (267) steps (0.0001 hrs) 22.73:0.00 5895 (9) sec
[309] Ep10000: Max 3123 (270) steps (0.0001 hrs) 38.46:0.00 5905 (10) sec
[310] Ep10000: Max 3123 (547) steps (0.0002 hrs) 0.00:26.32 5915 (10) sec
[311] Ep10000: Max 3123 (127) steps (0.0000 hrs) 17.86:0.00 5926 (11) sec
[312] Ep10000: Max 3123 (266) steps (0.0001 hrs) 14.71:0.00 5936 (10) sec
[313] Ep10000: Max 3123 (2963) steps (0.0008 hrs) 0.00:0.00 5954 (18) sec
[314] Ep10000: Max 3123 (1145) steps (0.0003 hrs) 0.00:0.00 5967 (13) sec
[315] Ep10000: Max 3123 (2035) steps (0.0006 hrs) 0.00:0.00 5996 (29) sec
[316] Ep10000: Max 3123 (2327) steps (0.0006 hrs) 0.00:0.00 6024 (28) sec
[317] Ep10000: Max 3123 (3042) steps (0.0008 hrs) 0.00:0.00 6054 (30) sec
[318] Ep10000: Max 3123 (2275) steps (0.0006 hrs) 0.00:0.00 6093 (39) sec
[319] Ep10000: Max 3123 (126) steps (0.0000 hrs) 13.33:0.00 6103 (10) sec
[320] Ep10000: Max 3123 (126) steps (0.0000 hrs) 17.54:0.00 6113 (10) sec
[321] Ep10000: Max 3123 (187) steps (0.0001 hrs) 13.70:0.00 6123 (10) sec
[322] Ep10000: Max 3123 (130) steps (0.0000 hrs) 40.00:0.00 6135 (12) sec
[323] Ep10000: Max 3123 (262) steps (0.0001 hrs) 27.78:0.00 6144 (9) sec
[324] Ep10000: Max 3123 (267) steps (0.0001 hrs) 20.41:0.00 6154 (10) sec
[325] Ep10000: Max 3123 (137) steps (0.0000 hrs) 25.64:0.00 6165 (11) sec
[326] Ep10000: Max 3123 (1466) steps (0.0004 hrs) 0.00:23.81 6177 (12) sec
[327] Ep10000: Max 3123 (126) steps (0.0000 hrs) 15.15:0.00 6187 (10) sec
[328] Ep10000: Max 3123 (268) steps (0.0001 hrs) 14.93:0.00 6198 (11) sec
[329] Ep10000: Max 3123 (2465) steps (0.0007 hrs) 13.70:0.00 6234 (36) sec
[330] Ep10000: Max 3123 (573) steps (0.0002 hrs) 24.39:0.00 6246 (12) sec
[331] Ep10000: Max 3123 (132) steps (0.0000 hrs) 12.50:0.00 6257 (11) sec
[332] Ep10000: Max 3123 (2444) steps (0.0007 hrs) 0.00:0.00 6286 (29) sec
[333] Ep10000: Max 3123 (513) steps (0.0001 hrs) 18.18:0.00 6296 (10) sec
[334] Ep10000: Max 3123 (126) steps (0.0000 hrs) 17.86:0.00 6306 (10) sec
[335] Ep10000: Max 3123 (126) steps (0.0000 hrs) 0.00:15.38 6317 (11) sec
[336] Ep10000: Max 3123 (2906) steps (0.0008 hrs) 0.00:0.00 6353 (36) sec
[337] Ep10000: Max 3123 (3105) steps (0.0009 hrs) 0.00:0.00 6383 (30) sec
[338] Ep10000: Max 3123 (127) steps (0.0000 hrs) 22.22:0.00 6394 (11) sec
[339] Ep10000: Max 3123 (2006) steps (0.0006 hrs) 0.00:0.00 6434 (40) sec
[340] Ep10000: Max 3123 (127) steps (0.0000 hrs) 17.54:0.00 6445 (11) sec
[341] Ep10000: Max 3123 (141) steps (0.0000 hrs) 11.49:0.00 6455 (10) sec
[342] Ep10000: Max 3123 (126) steps (0.0000 hrs) 250.00:0.00 6464 (9) sec
[343] Ep10000: Max 3123 (2197) steps (0.0006 hrs) 0.00:0.00 6498 (34) sec
[344] Ep10000: Max 3123 (258) steps (0.0001 hrs) 43.48:0.00 6509 (11) sec
[345] Ep10000: Max 3123 (127) steps (0.0000 hrs) 17.24:0.00 6519 (10) sec
[346] Ep10000: Max 3123 (2177) steps (0.0006 hrs) 0.00:0.00 6550 (31) sec
[347] Ep10000: Max 3123 (137) steps (0.0000 hrs) 10.87:0.00 6560 (10) sec
[348] Ep10000: Max 3123 (266) steps (0.0001 hrs) 13.16:0.00 6570 (10) sec
[349] Ep10000: Max 3123 (2528) steps (0.0007 hrs) 0.00:0.00 6600 (30) sec
[350] Ep10000: Max 3123 (2055) steps (0.0006 hrs) 0.00:0.00 6629 (29) sec
[351] Ep10000: Max 3123 (599) steps (0.0002 hrs) 11.49:0.00 6639 (10) sec
[352] Ep10000: Max 3123 (405) steps (0.0001 hrs) 25.64:0.00 6649 (10) sec
[353] Ep10000: Max 3123 (269) steps (0.0001 hrs) 14.29:0.00 6658 (9) sec
[354] Ep10000: Max 3123 (2067) steps (0.0006 hrs) 0.00:0.00 6690 (32) sec
[355] Ep10000: Max 3123 (131) steps (0.0000 hrs) 90.91:0.00 6700 (10) sec
[356] Ep10000: Max 3123 (1136) steps (0.0003 hrs) 8.77:0.00 6710 (10) sec
[357] Ep10000: Max 3123 (2058) steps (0.0006 hrs) 0.00:0.00 6747 (37) sec
[358] Ep10000: Max 3123 (271) steps (0.0001 hrs) 8.93:8.93 6757 (10) sec
[359] Ep10000: Max 3123 (1896) steps (0.0005 hrs) 0.00:0.00 6801 (44) sec
[360] Ep10000: Max 3123 (131) steps (0.0000 hrs) 12.20:0.00 6811 (10) sec
[361] Ep10000: Max 3123 (2170) steps (0.0006 hrs) 13.51:0.00 6841 (30) sec
[362] Ep10000: Max 3123 (2280) steps (0.0006 hrs) 0.00:0.00 6869 (28) sec
[363] Ep10000: Max 3123 (3001) steps (0.0008 hrs) 0.00:0.00 6898 (29) sec
[364] Ep10000: Max 3123 (334) steps (0.0001 hrs) 13.89:0.00 6908 (10) sec
[365] Ep10000: Max 3123 (131) steps (0.0000 hrs) 0.00:11.11 6918 (10) sec
[366] Ep10000: Max 3123 (127) steps (0.0000 hrs) 0.00:76.92 6928 (10) sec
[367] Ep10000: Max 3123 (2386) steps (0.0007 hrs) 0.00:0.00 6958 (30) sec
[368] Ep10000: Max 3123 (1091) steps (0.0003 hrs) 13.33:0.00 6968 (10) sec
[369] Ep10000: Max 3123 (1523) steps (0.0004 hrs) 0.00:14.71 6980 (12) sec
[370] Ep10000: Max 3123 (2166) steps (0.0006 hrs) 0.00:0.00 7012 (32) sec
[371] Ep10000: Max 3123 (127) steps (0.0000 hrs) 0.00:20.83 7022 (10) sec
[372] Ep10000: Max 3123 (189) steps (0.0001 hrs) 23.81:0.00 7032 (10) sec
[373] Ep10000: Max 3123 (212) steps (0.0001 hrs) 15.15:0.00 7042 (10) sec
[374] Ep10000: Max 3123 (127) steps (0.0000 hrs) 16.13:0.00 7052 (10) sec
[375] Ep10000: Max 3123 (545) steps (0.0002 hrs) 13.51:0.00 7063 (11) sec
[376] Ep10000: Max 3123 (2162) steps (0.0006 hrs) 0.00:0.00 7091 (28) sec
[377] Ep10000: Max 3123 (596) steps (0.0002 hrs) 14.49:0.00 7101 (10) sec
[378] Ep10000: Max 3123 (136) steps (0.0000 hrs) 10.31:0.00 7116 (15) sec
[379] Ep10000: Max 3123 (2292) steps (0.0006 hrs) 0.00:0.00 7177 (61) sec
[380] Ep10000: Max 3123 (270) steps (0.0001 hrs) 20.83:0.00 7189 (12) sec
[381] Ep10000: Max 3123 (2095) steps (0.0006 hrs) 0.00:0.00 7229 (40) sec
[382] Ep10000: Max 3123 (444) steps (0.0001 hrs) 18.52:0.00 7242 (13) sec
[383] Ep10000: Max 3123 (847) steps (0.0002 hrs) 16.67:0.00 7256 (14) sec
[384] Ep10000: Max 3123 (127) steps (0.0000 hrs) 12.05:0.00 7268 (12) sec
[385] Ep10000: Max 3123 (126) steps (0.0000 hrs) 10.99:0.00 7281 (13) sec
[386] Ep10000: Max 3123 (2410) steps (0.0007 hrs) 0.00:0.00 7345 (64) sec
[387] Ep10000: Max 3123 (127) steps (0.0000 hrs) 0.00:10.20 7358 (13) sec
[388] Ep10000: Max 3123 (622) steps (0.0002 hrs) 17.54:0.00 7371 (13) sec
[389] Ep10000: Max 3123 (2593) steps (0.0007 hrs) 0.00:0.00 7410 (39) sec
[390] Ep10000: Max 3123 (269) steps (0.0001 hrs) 0.00:13.51 7423 (13) sec
[391] Ep10000: Max 3123 (267) steps (0.0001 hrs) 21.74:0.00 7436 (13) sec
[392] Ep10000: Max 3123 (131) steps (0.0000 hrs) 0.00:27.78 7450 (14) sec
[393] Ep10000: Max 3123 (447) steps (0.0001 hrs) 0.00:13.16 7463 (13) sec
[394] Ep10000: Max 3123 (621) steps (0.0002 hrs) 0.00:22.73 7479 (16) sec
[395] Ep10000: Max 3123 (270) steps (0.0001 hrs) 45.45:0.00 7490 (11) sec
[396] Ep10000: Max 3123 (1673) steps (0.0005 hrs) 0.00:0.00 7504 (14) sec
[397] Ep10000: Max 3123 (1084) steps (0.0003 hrs) 200.00:0.00 7521 (17) sec
[398] Ep10000: Max 3123 (2990) steps (0.0008 hrs) 0.00:0.00 7578 (57) sec
[399] Ep10000: Max 3123 (270) steps (0.0001 hrs) 16.39:0.00 7591 (13) sec
[400] Ep10000: Max 3123 (208) steps (0.0001 hrs) 11.90:0.00 7606 (15) sec
[401] Ep10000: Max 3123 (270) steps (0.0001 hrs) 12.05:0.00 7619 (13) sec
[402] Ep10000: Max 3123 (572) steps (0.0002 hrs) 76.92:0.00 7633 (14) sec
[403] Ep10000: Max 3123 (360) steps (0.0001 hrs) 0.00:66.67 7648 (15) sec
[404] Ep10000: Max 3123 (675) steps (0.0002 hrs) 18.18:0.00 7667 (19) sec
[405] Ep10000: Max 3123 (860) steps (0.0002 hrs) 58.82:0.00 7680 (13) sec
[406] Ep10000: Max 3123 (129) steps (0.0000 hrs) 10.64:0.00 7692 (12) sec
[407] Ep10000: Max 3123 (2503) steps (0.0007 hrs) 0.00:0.00 7729 (37) sec
[408] Ep10000: Max 3123 (1796) steps (0.0005 hrs) 0.00:15.87 7750 (21) sec
[409] Ep10000: Max 3123 (270) steps (0.0001 hrs) 12.99:0.00 7764 (14) sec
[410] Ep10000: Max 3123 (2776) steps (0.0008 hrs) 0.00:0.00 7800 (36) sec
[411] Ep10000: Max 3123 (270) steps (0.0001 hrs) 19.23:0.00 7813 (13) sec
[412] Ep10000: Max 3123 (145) steps (0.0000 hrs) 10.00:0.00 7826 (13) sec
[413] Ep10000: Max 3123 (283) steps (0.0001 hrs) 21.28:0.00 7839 (13) sec
[414] Ep10000: Max 3123 (2318) steps (0.0006 hrs) 0.00:0.00 7884 (45) sec
[415] Ep10000: Max 3123 (2444) steps (0.0007 hrs) 0.00:0.00 7946 (62) sec
[416] Ep10000: Max 3123 (2734) steps (0.0008 hrs) 0.00:0.00 7988 (42) sec
[417] Ep10000: Max 3123 (270) steps (0.0001 hrs) 0.00:22.73 7998 (10) sec
[418] Ep10000: Max 3123 (127) steps (0.0000 hrs) 0.00:16.67 8009 (11) sec
[419] Ep10000: Max 3123 (429) steps (0.0001 hrs) 0.00:32.26 8020 (11) sec
[420] Ep10000: Max 3123 (2411) steps (0.0007 hrs) 0.00:0.00 8051 (31) sec
[421] Ep10000: Max 3123 (1919) steps (0.0005 hrs) 0.00:0.00 8079 (28) sec
[422] Ep10000: Max 3123 (136) steps (0.0000 hrs) 35.71:0.00 8091 (12) sec
[423] Ep10000: Max 3123 (126) steps (0.0000 hrs) 15.87:0.00 8102 (11) sec
[424] Ep10000: Max 3123 (188) steps (0.0001 hrs) 17.86:0.00 8112 (10) sec
[425] Ep10000: Max 3123 (2581) steps (0.0007 hrs) 0.00:0.00 8157 (45) sec
[426] Ep10000: Max 3123 (271) steps (0.0001 hrs) 14.49:0.00 8171 (14) sec
[427] Ep10000: Max 3123 (500) steps (0.0001 hrs) 27.78:0.00 8186 (15) sec
[428] Ep10000: Max 3123 (782) steps (0.0002 hrs) 21.28:0.00 8200 (14) sec
[429] Ep10000: Max 3123 (126) steps (0.0000 hrs) 0.00:15.38 8215 (15) sec
[430] Ep10000: Max 3123 (2729) steps (0.0008 hrs) 0.00:0.00 8285 (70) sec
[431] Ep10000: Max 3123 (267) steps (0.0001 hrs) 7.41:7.41 8300 (15) sec
[432] Ep10000: Max 3123 (127) steps (0.0000 hrs) 16.95:0.00 8315 (15) sec
[433] Ep10000: Max 3123 (2155) steps (0.0006 hrs) 0.00:0.00 8359 (44) sec
[434] Ep10000: Max 3123 (523) steps (0.0001 hrs) 17.24:0.00 8373 (14) sec
[435] Ep10000: Max 3123 (186) steps (0.0001 hrs) 10.64:0.00 8387 (14) sec
[436] Ep10000: Max 3123 (1088) steps (0.0003 hrs) 12.35:0.00 8404 (17) sec
[437] Ep10000: Max 3123 (140) steps (0.0000 hrs) 0.00:13.16 8421 (17) sec
[438] Ep10000: Max 3123 (1517) steps (0.0004 hrs) 15.15:0.00 8437 (16) sec
[439] Ep10000: Max 3123 (310) steps (0.0001 hrs) 18.52:0.00 8451 (14) sec
[440] Ep10000: Max 3123 (2303) steps (0.0006 hrs) 0.00:0.00 8497 (46) sec
[441] Ep10000: Max 3123 (269) steps (0.0001 hrs) 0.00:16.95 8512 (15) sec
[442] Ep10000: Max 3123 (126) steps (0.0000 hrs) 9.62:9.62 8527 (15) sec
[443] Ep10000: Max 3123 (269) steps (0.0001 hrs) 16.67:0.00 8542 (15) sec
[444] Ep10000: Max 3123 (741) steps (0.0002 hrs) 10.42:0.00 8559 (17) sec
[445] Ep10000: Max 3123 (271) steps (0.0001 hrs) 26.32:0.00 8577 (18) sec
[446] Ep10000: Max 3123 (127) steps (0.0000 hrs) 20.83:0.00 8592 (15) sec
[447] Ep10000: Max 3123 (2018) steps (0.0006 hrs) 0.00:0.00 8639 (47) sec
[448] Ep10000: Max 3123 (2774) steps (0.0008 hrs) 0.00:0.00 8705 (66) sec
[449] Ep10000: Max 3123 (209) steps (0.0001 hrs) 30.30:0.00 8718 (13) sec
[450] Ep10000: Max 3123 (272) steps (0.0001 hrs) 9.35:9.35 8731 (13) sec
[451] Ep10000: Max 3123 (129) steps (0.0000 hrs) 23.26:0.00 8745 (14) sec
[452] Ep10000: Max 3123 (131) steps (0.0000 hrs) 17.24:0.00 8758 (13) sec
[453] Ep10000: Max 3123 (2599) steps (0.0007 hrs) 11.24:0.00 8796 (38) sec
[454] Ep10000: Max 3123 (1794) steps (0.0005 hrs) 11.76:0.00 8814 (18) sec
[455] Ep10000: Max 3123 (2741) steps (0.0008 hrs) 0.00:0.00 8886 (72) sec
[456] Ep10000: Max 3123 (149) steps (0.0000 hrs) 14.29:0.00 8897 (11) sec
[457] Ep10000: Max 3123 (2041) steps (0.0006 hrs) 0.00:0.00 8932 (35) sec
[458] Ep10000: Max 3123 (2289) steps (0.0006 hrs) 0.00:0.00 8980 (48) sec
[459] Ep10000: Max 3123 (127) steps (0.0000 hrs) 9.90:0.00 8992 (12) sec
[460] Ep10000: Max 3123 (126) steps (0.0000 hrs) 21.74:0.00 9004 (12) sec
[461] Ep10000: Max 3123 (2443) steps (0.0007 hrs) 0.00:0.00 9036 (32) sec
[462] Ep10000: Max 3123 (497) steps (0.0001 hrs) 0.00:19.61 9047 (11) sec
[463] Ep10000: Max 3123 (264) steps (0.0001 hrs) 0.00:40.00 9059 (12) sec
[464] Ep10000: Max 3123 (1866) steps (0.0005 hrs) 0.00:0.00 9100 (41) sec
[465] Ep10000: Max 3123 (381) steps (0.0001 hrs) 0.00:17.86 9112 (12) sec
[466] Ep10000: Max 3123 (150) steps (0.0000 hrs) 16.26:0.00 9124 (12) sec
[467] Ep10000: Max 3123 (266) steps (0.0001 hrs) 14.71:0.00 9136 (12) sec
[468] Ep10000: Max 3123 (473) steps (0.0001 hrs) 0.00:9.52 9147 (11) sec
[469] Ep10000: Max 3123 (126) steps (0.0000 hrs) 12.50:0.00 9157 (10) sec
[470] Ep10000: Max 3123 (2018) steps (0.0006 hrs) 0.00:0.00 9203 (46) sec
[471] Ep10000: Max 3123 (123) steps (0.0000 hrs) 0.00:17.86 9217 (14) sec
[472] Ep10000: Max 3123 (126) steps (0.0000 hrs) 26.32:0.00 9231 (14) sec
[473] Ep10000: Max 3123 (347) steps (0.0001 hrs) 10.00:0.00 9244 (13) sec
[474] Ep10000: Max 3123 (1959) steps (0.0005 hrs) 0.00:0.00 9285 (41) sec
[475] Ep10000: Max 3123 (2303) steps (0.0006 hrs) 0.00:0.00 9340 (55) sec
[476] Ep10000: Max 3123 (271) steps (0.0001 hrs) 0.00:21.74 9352 (12) sec
[477] Ep10000: Max 3123 (408) steps (0.0001 hrs) 10.99:0.00 9364 (12) sec
[478] Ep10000: Max 3123 (129) steps (0.0000 hrs) 0.00:16.53 9376 (12) sec
[479] Ep10000: Max 3123 (130) steps (0.0000 hrs) 12.35:0.00 9388 (12) sec
[480] Ep10000: Max 3123 (257) steps (0.0001 hrs) 18.52:0.00 9400 (12) sec
[481] Ep10000: Max 3123 (920) steps (0.0003 hrs) 13.51:0.00 9413 (13) sec
[482] Ep10000: Max 3123 (331) steps (0.0001 hrs) 0.00:10.87 9426 (13) sec
[483] Ep10000: Max 3123 (131) steps (0.0000 hrs) 12.82:0.00 9440 (14) sec
[484] Ep10000: Max 3123 (126) steps (0.0000 hrs) 30.30:0.00 9454 (14) sec
[485] Ep10000: Max 3123 (134) steps (0.0000 hrs) 0.00:10.20 9467 (13) sec
[486] Ep10000: Max 3123 (2360) steps (0.0007 hrs) 0.00:0.00 9504 (37) sec
[487] Ep10000: Max 3123 (282) steps (0.0001 hrs) 19.61:0.00 9517 (13) sec
[488] Ep10000: Max 3123 (2390) steps (0.0007 hrs) 12.20:0.00 9551 (34) sec
[489] Ep10000: Max 3123 (168) steps (0.0000 hrs) 19.61:0.00 9565 (14) sec
[490] Ep10000: Max 3123 (140) steps (0.0000 hrs) 12.05:0.00 9579 (14) sec
[491] Ep10000: Max 3123 (2505) steps (0.0007 hrs) 0.00:0.00 9620 (41) sec
[492] Ep10000: Max 3123 (1318) steps (0.0004 hrs) 8.55:0.00 9633 (13) sec
[493] Ep10000: Max 3123 (837) steps (0.0002 hrs) 20.00:0.00 9646 (13) sec
[494] Ep10000: Max 3123 (451) steps (0.0001 hrs) 34.48:0.00 9659 (13) sec
[495] Ep10000: Max 3123 (133) steps (0.0000 hrs) 0.00:18.87 9672 (13) sec
[496] Ep10000: Max 3123 (343) steps (0.0001 hrs) 0.00:16.39 9683 (11) sec
[497] Ep10000: Max 3123 (246) steps (0.0001 hrs) 11.24:0.00 9697 (14) sec
[498] Ep10000: Max 3123 (959) steps (0.0003 hrs) 14.49:0.00 9712 (15) sec
[499] Ep10000: Max 3123 (337) steps (0.0001 hrs) 12.50:0.00 9725 (13) sec
[500] Ep10000: Max 3123 (360) steps (0.0001 hrs) 17.39:0.00 9738 (13) sec
[501] Ep10000: Max 3123 (137) steps (0.0000 hrs) 29.41:0.00 9751 (13) sec
[502] Ep10000: Max 3123 (2302) steps (0.0006 hrs) 0.00:0.00 9789 (38) sec
[503] Ep10000: Max 3123 (724) steps (0.0002 hrs) 0.00:28.57 9802 (13) sec
[504] Ep10000: Max 3123 (607) steps (0.0002 hrs) 90.91:0.00 9814 (12) sec
[505] Ep10000: Max 3123 (264) steps (0.0001 hrs) 37.04:0.00 9827 (13) sec
[506] Ep10000: Max 3123 (1992) steps (0.0006 hrs) 15.15:0.00 9848 (21) sec
[507] Ep10000: Max 3123 (127) steps (0.0000 hrs) 10.64:0.00 9861 (13) sec
[508] Ep10000: Max 3123 (127) steps (0.0000 hrs) 11.11:0.00 9873 (12) sec
[509] Ep10000: Max 3123 (2151) steps (0.0006 hrs) 0.00:0.00 9906 (33) sec
[510] Ep10000: Max 3123 (126) steps (0.0000 hrs) 0.00:12.05 9918 (12) sec
[511] Ep10000: Max 3123 (156) steps (0.0000 hrs) 9.90:0.00 9929 (11) sec
[512] Ep10000: Max 3123 (1963) steps (0.0005 hrs) 0.00:0.00 9973 (44) sec
[513] Ep10000: Max 3123 (317) steps (0.0001 hrs) 10.64:0.00 9985 (12) sec
[514] Ep10000: Max 3123 (264) steps (0.0001 hrs) 17.54:0.00 9998 (13) sec
[515] Ep10000: Max 3123 (126) steps (0.0000 hrs) 0.00:40.00 10010 (12) sec
[516] Ep10000: Max 3123 (284) steps (0.0001 hrs) 0.00:13.89 10022 (12) sec
[517] Ep10000: Max 3123 (488) steps (0.0001 hrs) 18.87:0.00 10034 (12) sec
[518] Ep10000: Max 3123 (126) steps (0.0000 hrs) 24.39:0.00 10046 (12) sec
[519] Ep10000: Max 3123 (1133) steps (0.0003 hrs) 43.48:0.00 10059 (13) sec
[520] Ep10000: Max 3123 (126) steps (0.0000 hrs) 23.81:0.00 10072 (13) sec
[521] Ep10000: Max 3123 (453) steps (0.0001 hrs) 13.51:0.00 10084 (12) sec
[522] Ep10000: Max 3123 (183) steps (0.0001 hrs) 22.73:0.00 10097 (13) sec
[523] Ep10000: Max 3123 (2087) steps (0.0006 hrs) 0.00:0.00 10133 (36) sec
[524] Ep10000: Max 3123 (271) steps (0.0001 hrs) 18.52:0.00 10145 (12) sec
[525] Ep10000: Max 3123 (127) steps (0.0000 hrs) 12.20:0.00 10158 (13) sec
[526] Ep10000: Max 3123 (968) steps (0.0003 hrs) 13.51:0.00 10171 (13) sec
[527] Ep10000: Max 3123 (2305) steps (0.0006 hrs) 0.00:0.00 10206 (35) sec
[528] Ep10000: Max 3123 (2433) steps (0.0007 hrs) 0.00:0.00 10244 (38) sec
[529] Ep10000: Max 3123 (129) steps (0.0000 hrs) 13.16:0.00 10257 (13) sec
[530] Ep10000: Max 3123 (126) steps (0.0000 hrs) 0.00:15.87 10270 (13) sec
[531] Ep10000: Max 3123 (301) steps (0.0001 hrs) 9.90:0.00 10283 (13) sec
[532] Ep10000: Max 3123 (127) steps (0.0000 hrs) 0.00:13.89 10296 (13) sec
[533] Ep10000: Max 3123 (644) steps (0.0002 hrs) 25.64:0.00 10308 (12) sec
[534] Ep10000: Max 3123 (271) steps (0.0001 hrs) 0.00:13.70 10321 (13) sec
[535] Ep10000: Max 3123 (921) steps (0.0003 hrs) 12.82:0.00 10334 (13) sec
[536] Ep10000: Max 3123 (496) steps (0.0001 hrs) 41.67:0.00 10346 (12) sec
[537] Ep10000: Max 3123 (2130) steps (0.0006 hrs) 0.00:0.00 10408 (62) sec
[538] Ep10000: Max 3123 (1966) steps (0.0005 hrs) 0.00:0.00 10443 (35) sec
[539] Ep10000: Max 3123 (270) steps (0.0001 hrs) 13.33:0.00 10457 (14) sec
[540] Ep10000: Max 3123 (281) steps (0.0001 hrs) 19.61:0.00 10471 (14) sec
[541] Ep10000: Max 3123 (2262) steps (0.0006 hrs) 0.00:0.00 10511 (40) sec
[542] Ep10000: Max 3123 (126) steps (0.0000 hrs) 17.54:0.00 10524 (13) sec
[543] Ep10000: Max 3123 (1160) steps (0.0003 hrs) 0.00:13.89 10537 (13) sec
[544] Ep10000: Max 3123 (265) steps (0.0001 hrs) 15.62:0.00 10551 (14) sec
[545] Ep10000: Max 3123 (2415) steps (0.0007 hrs) 0.00:0.00 10587 (36) sec
[546] Ep10000: Max 3123 (349) steps (0.0001 hrs) 0.00:18.18 10601 (14) sec
[547] Ep10000: Max 3123 (265) steps (0.0001 hrs) 14.08:0.00 10614 (13) sec
[548] Ep10000: Max 3123 (498) steps (0.0001 hrs) 22.73:0.00 10628 (14) sec
[549] Ep10000: Max 3123 (135) steps (0.0000 hrs) 29.41:0.00 10641 (13) sec
[550] Ep10000: Max 3123 (2416) steps (0.0007 hrs) 0.00:0.00 10687 (46) sec
[551] Ep10000: Max 3123 (268) steps (0.0001 hrs) 0.00:100.00 10701 (14) sec
[552] Ep10000: Max 3123 (2477) steps (0.0007 hrs) 0.00:0.00 10737 (36) sec
[553] Ep10000: Max 3123 (342) steps (0.0001 hrs) 14.71:0.00 10749 (12) sec
[554] Ep10000: Max 3123 (268) steps (0.0001 hrs) 14.49:0.00 10761 (12) sec
[555] Ep10000: Max 3123 (528) steps (0.0001 hrs) 20.00:0.00 10773 (12) sec
[556] Ep10000: Max 3123 (126) steps (0.0000 hrs) 0.00:11.76 10787 (14) sec
[557] Ep10000: Max 3123 (2999) steps (0.0008 hrs) 0.00:0.00 10826 (39) sec
[558] Ep10000: Max 3123 (2082) steps (0.0006 hrs) 0.00:0.00 10867 (41) sec
[559] Ep10000: Max 3123 (130) steps (0.0000 hrs) 17.86:0.00 10882 (15) sec
[560] Ep10000: Max 3123 (2660) steps (0.0007 hrs) 0.00:0.00 10938 (56) sec
[561] Ep10000: Max 3123 (268) steps (0.0001 hrs) 7.81:7.81 10953 (15) sec
[562] Ep10000: Max 3123 (667) steps (0.0002 hrs) 16.95:0.00 10969 (16) sec
[563] Ep10000: Max 3123 (531) steps (0.0001 hrs) 14.08:0.00 10986 (17) sec
[564] Ep10000: Max 3123 (1271) steps (0.0004 hrs) 0.00:15.87 11002 (16) sec
[565] Ep10000: Max 3123 (257) steps (0.0001 hrs) 12.05:0.00 11018 (16) sec
[566] Ep10000: Max 3123 (511) steps (0.0001 hrs) 15.87:0.00 11033 (15) sec
[567] Ep10000: Max 3123 (127) steps (0.0000 hrs) 29.41:0.00 11048 (15) sec
[568] Ep10000: Max 3123 (269) steps (0.0001 hrs) 27.78:0.00 11064 (16) sec
[569] Ep10000: Max 3123 (131) steps (0.0000 hrs) 25.00:0.00 11078 (14) sec
[570] Ep10000: Max 3123 (126) steps (0.0000 hrs) 0.00:12.05 11093 (15) sec
[571] Ep10000: Max 3123 (1045) steps (0.0003 hrs) 0.00:20.00 11110 (17) sec
[572] Ep10000: Max 3123 (1940) steps (0.0005 hrs) 0.00:0.00 11186 (76) sec
[573] Ep10000: Max 3123 (127) steps (0.0000 hrs) 15.87:0.00 11200 (14) sec
[574] Ep10000: Max 3123 (2114) steps (0.0006 hrs) 0.00:0.00 11260 (60) sec
[575] Ep10000: Max 3123 (2519) steps (0.0007 hrs) 0.00:0.00 11304 (44) sec
[576] Ep10000: Max 3123 (2017) steps (0.0006 hrs) 0.00:0.00 11369 (65) sec
[577] Ep10000: Max 3123 (126) steps (0.0000 hrs) 32.26:0.00 11384 (15) sec
[578] Ep10000: Max 3123 (2309) steps (0.0006 hrs) 0.00:0.00 11424 (40) sec
[579] Ep10000: Max 3123 (271) steps (0.0001 hrs) 25.64:0.00 11440 (16) sec
[580] Ep10000: Max 3123 (2073) steps (0.0006 hrs) 0.00:0.00 11478 (38) sec
[581] Ep10000: Max 3123 (2219) steps (0.0006 hrs) 0.00:0.00 11512 (34) sec
[582] Ep10000: Max 3123 (1939) steps (0.0005 hrs) 0.00:0.00 11533 (21) sec
[583] Ep10000: Max 3123 (2270) steps (0.0006 hrs) 0.00:0.00 11571 (38) sec
[584] Ep10000: Max 3123 (261) steps (0.0001 hrs) 35.71:0.00 11583 (12) sec
[585] Ep10000: Max 3123 (144) steps (0.0000 hrs) 12.82:0.00 11595 (12) sec
[586] Ep10000: Max 3123 (881) steps (0.0002 hrs) 17.54:0.00 11609 (14) sec
[587] Ep10000: Max 3123 (126) steps (0.0000 hrs) 16.39:0.00 11621 (12) sec
[588] Ep10000: Max 3123 (126) steps (0.0000 hrs) 19.05:0.00 11633 (12) sec
[589] Ep10000: Max 3123 (261) steps (0.0001 hrs) 12.50:0.00 11647 (14) sec
[590] Ep10000: Max 3123 (269) steps (0.0001 hrs) 12.50:0.00 11660 (13) sec
[591] Ep10000: Max 3123 (271) steps (0.0001 hrs) 13.89:0.00 11673 (13) sec
[592] Ep10000: Max 3123 (1956) steps (0.0005 hrs) 0.00:0.00 11706 (33) sec
[593] Ep10000: Max 3123 (1823) steps (0.0005 hrs) 0.00:0.00 11740 (34) sec
[594] Ep10000: Max 3123 (2094) steps (0.0006 hrs) 0.00:0.00 11778 (38) sec
[595] Ep10000: Max 3123 (2178) steps (0.0006 hrs) 0.00:0.00 11816 (38) sec
[596] Ep10000: Max 3123 (270) steps (0.0001 hrs) 12.05:0.00 11829 (13) sec
[597] Ep10000: Max 3123 (2185) steps (0.0006 hrs) 0.00:0.00 11895 (66) sec
[598] Ep10000: Max 3123 (2233) steps (0.0006 hrs) 0.00:0.00 11930 (35) sec
[599] Ep10000: Max 3123 (2534) steps (0.0007 hrs) 0.00:0.00 11969 (39) sec
[600] Ep10000: Max 3123 (918) steps (0.0003 hrs) 38.46:0.00 11983 (14) sec
[601] Ep10000: Max 3123 (134) steps (0.0000 hrs) 22.73:0.00 11997 (14) sec
[602] Ep10000: Max 3123 (138) steps (0.0000 hrs) 14.29:0.00 12011 (14) sec
[603] Ep10000: Max 3123 (147) steps (0.0000 hrs) 19.61:0.00 12026 (15) sec
[604] Ep10000: Max 3123 (266) steps (0.0001 hrs) 14.93:0.00 12040 (14) sec
[605] Ep10000: Max 3123 (2224) steps (0.0006 hrs) 0.00:0.00 12073 (33) sec
[606] Ep10000: Max 3123 (192) steps (0.0001 hrs) 13.33:0.00 12086 (13) sec
[607] Ep10000: Max 3123 (126) steps (0.0000 hrs) 10.53:0.00 12098 (12) sec
[608] Ep10000: Max 3123 (2651) steps (0.0007 hrs) 0.00:0.00 12141 (43) sec
[609] Ep10000: Max 3123 (267) steps (0.0001 hrs) 11.49:0.00 12153 (12) sec
[610] Ep10000: Max 3123 (134) steps (0.0000 hrs) 16.67:0.00 12165 (12) sec
[611] Ep10000: Max 3123 (2054) steps (0.0006 hrs) 0.00:0.00 12203 (38) sec
[612] Ep10000: Max 3123 (266) steps (0.0001 hrs) 8.55:8.55 12217 (14) sec
[613] Ep10000: Max 3123 (2224) steps (0.0006 hrs) 0.00:0.00 12279 (62) sec
[614] Ep10000: Max 3123 (126) steps (0.0000 hrs) 12.82:0.00 12293 (14) sec
[615] Ep10000: Max 3123 (1056) steps (0.0003 hrs) 22.73:0.00 12306 (13) sec
[616] Ep10000: Max 3123 (125) steps (0.0000 hrs) 0.00:12.50 12319 (13) sec
[617] Ep10000: Max 3123 (143) steps (0.0000 hrs) 20.00:0.00 12331 (12) sec
[618] Ep10000: Max 3123 (2227) steps (0.0006 hrs) 0.00:0.00 12369 (38) sec
[619] Ep10000: Max 3123 (129) steps (0.0000 hrs) 0.00:12.99 12383 (14) sec
[620] Ep10000: Max 3123 (267) steps (0.0001 hrs) 22.73:0.00 12397 (14) sec
[621] Ep10000: Max 3123 (271) steps (0.0001 hrs) 15.15:0.00 12411 (14) sec
[622] Ep10000: Max 3123 (387) steps (0.0001 hrs) 11.76:0.00 12424 (13) sec
[623] Ep10000: Max 3123 (233) steps (0.0001 hrs) 38.46:0.00 12438 (14) sec
[624] Ep10000: Max 3123 (184) steps (0.0001 hrs) 15.38:0.00 12452 (14) sec
[625] Ep10000: Max 3123 (126) steps (0.0000 hrs) 17.24:0.00 12466 (14) sec
[626] Ep10000: Max 3123 (126) steps (0.0000 hrs) 17.86:0.00 12480 (14) sec
[627] Ep10000: Max 3123 (2411) steps (0.0007 hrs) 0.00:0.00 12514 (34) sec
[628] Ep10000: Max 3123 (137) steps (0.0000 hrs) 0.00:9.90 12528 (14) sec
[629] Ep10000: Max 3123 (271) steps (0.0001 hrs) 83.33:0.00 12542 (14) sec
[630] Ep10000: Max 3123 (135) steps (0.0000 hrs) 16.00:0.00 12557 (15) sec
[631] Ep10000: Max 3123 (2193) steps (0.0006 hrs) 0.00:0.00 12595 (38) sec
[632] Ep10000: Max 3123 (2873) steps (0.0008 hrs) 0.00:0.00 12636 (41) sec
[633] Ep10000: Max 3123 (1056) steps (0.0003 hrs) 14.08:0.00 12653 (17) sec
[634] Ep10000: Max 3123 (913) steps (0.0003 hrs) 15.38:0.00 12668 (15) sec
[635] Ep10000: Max 3123 (2425) steps (0.0007 hrs) 0.00:0.00 12722 (54) sec
[636] Ep10000: Max 3123 (2944) steps (0.0008 hrs) 0.00:0.00 12761 (39) sec
[637] Ep10000: Max 3123 (2052) steps (0.0006 hrs) 0.00:0.00 12800 (39) sec
[638] Ep10000: Max 3123 (125) steps (0.0000 hrs) 12.66:0.00 12814 (14) sec
[639] Ep10000: Max 3123 (266) steps (0.0001 hrs) 21.74:0.00 12829 (15) sec
[640] Ep10000: Max 3123 (268) steps (0.0001 hrs) 24.39:0.00 12843 (14) sec
[641] Ep10000: Max 3123 (125) steps (0.0000 hrs) 16.67:0.00 12857 (14) sec
[642] Ep10000: Max 3123 (1734) steps (0.0005 hrs) 0.00:0.00 12894 (37) sec
[643] Ep10000: Max 3123 (2256) steps (0.0006 hrs) 0.00:0.00 12931 (37) sec
[644] Ep10000: Max 3123 (1991) steps (0.0006 hrs) 0.00:0.00 12970 (39) sec
[645] Ep10000: Max 3123 (126) steps (0.0000 hrs) 14.71:0.00 12982 (12) sec
[646] Ep10000: Max 3123 (268) steps (0.0001 hrs) 13.51:0.00 12994 (12) sec
[647] Ep10000: Max 3123 (126) steps (0.0000 hrs) 0.00:12.50 13007 (13) sec
[648] Ep10000: Max 3123 (126) steps (0.0000 hrs) 27.03:0.00 13021 (14) sec
[649] Ep10000: Max 3123 (203) steps (0.0001 hrs) 13.16:0.00 13034 (13) sec
[650] Ep10000: Max 3123 (555) steps (0.0002 hrs) 0.00:11.63 13048 (14) sec
[651] Ep10000: Max 3123 (221) steps (0.0001 hrs) 0.00:10.00 13062 (14) sec
[652] Ep10000: Max 3123 (273) steps (0.0001 hrs) 62.50:0.00 13076 (14) sec
[653] Ep10000: Max 3123 (128) steps (0.0000 hrs) 0.00:10.87 13089 (13) sec
[654] Ep10000: Max 3123 (133) steps (0.0000 hrs) 10.31:0.00 13102 (13) sec
[655] Ep10000: Max 3123 (469) steps (0.0001 hrs) 0.00:17.24 13116 (14) sec
[656] Ep10000: Max 3123 (128) steps (0.0000 hrs) 17.24:0.00 13129 (13) sec
[657] Ep10000: Max 3123 (126) steps (0.0000 hrs) 0.00:10.31 13142 (13) sec
[658] Ep10000: Max 3123 (130) steps (0.0000 hrs) 18.87:0.00 13156 (14) sec
[659] Ep10000: Max 3123 (261) steps (0.0001 hrs) 16.13:0.00 13170 (14) sec
[660] Ep10000: Max 3123 (140) steps (0.0000 hrs) 0.00:17.54 13184 (14) sec
[661] Ep10000: Max 3123 (264) steps (0.0001 hrs) 13.70:0.00 13198 (14) sec
[662] Ep10000: Max 3123 (267) steps (0.0001 hrs) 35.71:0.00 13211 (13) sec
[663] Ep10000: Max 3123 (2176) steps (0.0006 hrs) 0.00:0.00 13263 (52) sec
[664] Ep10000: Max 3123 (2521) steps (0.0007 hrs) 0.00:0.00 13324 (61) sec
[665] Ep10000: Max 3123 (233) steps (0.0001 hrs) 12.35:0.00 13338 (14) sec
[666] Ep10000: Max 3123 (270) steps (0.0001 hrs) 0.00:14.49 13351 (13) sec
[667] Ep10000: Max 3123 (2370) steps (0.0007 hrs) 0.00:0.00 13384 (33) sec
[668] Ep10000: Max 3123 (2122) steps (0.0006 hrs) 0.00:0.00 13418 (34) sec
[669] Ep10000: Max 3123 (127) steps (0.0000 hrs) 13.16:0.00 13431 (13) sec
[670] Ep10000: Max 3123 (2004) steps (0.0006 hrs) 0.00:0.00 13468 (37) sec
[671] Ep10000: Max 3123 (261) steps (0.0001 hrs) 0.00:37.04 13481 (13) sec
[672] Ep10000: Max 3123 (354) steps (0.0001 hrs) 0.00:20.83 13493 (12) sec
[673] Ep10000: Max 3123 (739) steps (0.0002 hrs) 15.87:0.00 13506 (13) sec
[674] Ep10000: Max 3123 (270) steps (0.0001 hrs) 19.61:0.00 13518 (12) sec
[675] Ep10000: Max 3123 (131) steps (0.0000 hrs) 16.39:0.00 13530 (12) sec
[676] Ep10000: Max 3123 (801) steps (0.0002 hrs) 25.00:0.00 13543 (13) sec
[677] Ep10000: Max 3123 (132) steps (0.0000 hrs) 14.93:0.00 13556 (13) sec
[678] Ep10000: Max 3123 (2198) steps (0.0006 hrs) 0.00:0.00 13589 (33) sec
[679] Ep10000: Max 3123 (269) steps (0.0001 hrs) 0.00:24.39 13602 (13) sec
[680] Ep10000: Max 3123 (261) steps (0.0001 hrs) 12.82:0.00 13615 (13) sec
[681] Ep10000: Max 3123 (872) steps (0.0002 hrs) 0.00:15.15 13627 (12) sec
[682] Ep10000: Max 3123 (270) steps (0.0001 hrs) 9.35:9.35 13641 (14) sec
[683] Ep10000: Max 3123 (135) steps (0.0000 hrs) 10.31:0.00 13653 (12) sec
[684] Ep10000: Max 3123 (127) steps (0.0000 hrs) 12.82:0.00 13666 (13) sec
[685] Ep10000: Max 3123 (263) steps (0.0001 hrs) 12.05:0.00 13677 (11) sec
[686] Ep10000: Max 3123 (853) steps (0.0002 hrs) 333.33:0.00 13691 (14) sec
[687] Ep10000: Max 3123 (299) steps (0.0001 hrs) 25.64:0.00 13704 (13) sec
[688] Ep10000: Max 3123 (270) steps (0.0001 hrs) 10.42:0.00 13717 (13) sec
[689] Ep10000: Max 3123 (127) steps (0.0000 hrs) 15.62:0.00 13729 (12) sec
[690] Ep10000: Max 3123 (2233) steps (0.0006 hrs) 0.00:0.00 13772 (43) sec
[691] Ep10000: Max 3123 (669) steps (0.0002 hrs) 13.70:0.00 13786 (14) sec
[692] Ep10000: Max 3123 (2370) steps (0.0007 hrs) 0.00:0.00 13824 (38) sec
[693] Ep10000: Max 3123 (127) steps (0.0000 hrs) 0.00:24.39 13837 (13) sec
[694] Ep10000: Max 3123 (270) steps (0.0001 hrs) 38.46:0.00 13851 (14) sec
[695] Ep10000: Max 3123 (671) steps (0.0002 hrs) 17.24:0.00 13865 (14) sec
[696] Ep10000: Max 3123 (256) steps (0.0001 hrs) 26.32:0.00 13877 (12) sec
[697] Ep10000: Max 3123 (2476) steps (0.0007 hrs) 0.00:0.00 13914 (37) sec
[698] Ep10000: Max 3123 (193) steps (0.0001 hrs) 17.86:0.00 13927 (13) sec
[699] Ep10000: Max 3123 (126) steps (0.0000 hrs) 0.00:47.62 13940 (13) sec
[700] Ep10000: Max 3123 (265) steps (0.0001 hrs) 16.95:0.00 13953 (13) sec
[701] Ep10000: Max 3123 (338) steps (0.0001 hrs) 90.91:0.00 13967 (14) sec
[702] Ep10000: Max 3123 (2824) steps (0.0008 hrs) 0.00:0.00 14027 (60) sec
[703] Ep10000: Max 3123 (142) steps (0.0000 hrs) 10.87:0.00 14040 (13) sec
[704] Ep10000: Max 3123 (473) steps (0.0001 hrs) 12.66:0.00 14053 (13) sec
[705] Ep10000: Max 3123 (271) steps (0.0001 hrs) 0.00:12.20 14067 (14) sec
[706] Ep10000: Max 3123 (1933) steps (0.0005 hrs) 14.49:0.00 14115 (48) sec
[707] Ep10000: Max 3123 (129) steps (0.0000 hrs) 16.39:0.00 14129 (14) sec
[708] Ep10000: Max 3123 (2243) steps (0.0006 hrs) 0.00:0.00 14188 (59) sec
[709] Ep10000: Max 3123 (281) steps (0.0001 hrs) 0.00:22.22 14203 (15) sec
[710] Ep10000: Max 3123 (1146) steps (0.0003 hrs) 17.24:0.00 14218 (15) sec
[711] Ep10000: Max 3123 (2284) steps (0.0006 hrs) 0.00:0.00 14258 (40) sec
[712] Ep10000: Max 3123 (2156) steps (0.0006 hrs) 0.00:0.00 14324 (66) sec
[713] Ep10000: Max 3123 (1227) steps (0.0003 hrs) 13.89:0.00 14339 (15) sec
[714] Ep10000: Max 3123 (2665) steps (0.0007 hrs) 0.00:0.00 14380 (41) sec
[715] Ep10000: Max 3123 (268) steps (0.0001 hrs) 0.00:13.89 14397 (17) sec
[716] Ep10000: Max 3123 (126) steps (0.0000 hrs) 19.61:0.00 14412 (15) sec
[717] Ep10000: Max 3123 (261) steps (0.0001 hrs) 15.15:0.00 14426 (14) sec
[718] Ep10000: Max 3123 (204) steps (0.0001 hrs) 21.74:0.00 14441 (15) sec
[719] Ep10000: Max 3123 (270) steps (0.0001 hrs) 14.08:0.00 14456 (15) sec
[720] Ep10000: Max 3123 (2282) steps (0.0006 hrs) 0.00:0.00 14518 (62) sec
[721] Ep10000: Max 3123 (126) steps (0.0000 hrs) 0.00:17.54 14534 (16) sec
[722] Ep10000: Max 3123 (1425) steps (0.0004 hrs) 0.00:15.15 14552 (18) sec
[723] Ep10000: Max 3123 (268) steps (0.0001 hrs) 27.78:0.00 14567 (15) sec
[724] Ep10000: Max 3123 (749) steps (0.0002 hrs) 10.75:0.00 14584 (17) sec
[725] Ep10000: Max 3123 (694) steps (0.0002 hrs) 0.00:13.89 14600 (16) sec
[726] Ep10000: Max 3123 (259) steps (0.0001 hrs) 27.03:0.00 14615 (15) sec
[727] Ep10000: Max 3123 (1210) steps (0.0003 hrs) 13.70:0.00 14630 (15) sec
[728] Ep10000: Max 3123 (2193) steps (0.0006 hrs) 0.00:6.71 14672 (42) sec
[729] Ep10000: Max 3123 (2235) steps (0.0006 hrs) 0.00:0.00 14712 (40) sec
[730] Ep10000: Max 3123 (268) steps (0.0001 hrs) 19.23:0.00 14727 (15) sec
[731] Ep10000: Max 3123 (597) steps (0.0002 hrs) 11.76:0.00 14742 (15) sec
[732] Ep10000: Max 3123 (269) steps (0.0001 hrs) 16.95:0.00 14756 (14) sec
[733] Ep10000: Max 3123 (2397) steps (0.0007 hrs) 0.00:0.00 14831 (75) sec
[734] Ep10000: Max 3123 (268) steps (0.0001 hrs) 15.87:0.00 14846 (15) sec
[735] Ep10000: Max 3123 (2210) steps (0.0006 hrs) 0.00:0.00 14887 (41) sec
[736] Ep10000: Max 3123 (2501) steps (0.0007 hrs) 0.00:0.00 14933 (46) sec
[737] Ep10000: Max 3123 (1330) steps (0.0004 hrs) 0.00:19.23 14950 (17) sec
[738] Ep10000: Max 3123 (864) steps (0.0002 hrs) 11.90:0.00 14967 (17) sec
[739] Ep10000: Max 3123 (1872) steps (0.0005 hrs) 0.00:0.00 15022 (55) sec
[740] Ep10000: Max 3123 (259) steps (0.0001 hrs) 0.00:20.83 15038 (16) sec
[741] Ep10000: Max 3123 (132) steps (0.0000 hrs) 13.33:0.00 15053 (15) sec
[742] Ep10000: Max 3123 (2087) steps (0.0006 hrs) 0.00:0.00 15101 (48) sec
[743] Ep10000: Max 3123 (127) steps (0.0000 hrs) 0.00:15.87 15116 (15) sec
[744] Ep10000: Max 3123 (127) steps (0.0000 hrs) 23.81:0.00 15132 (16) sec
[745] Ep10000: Max 3123 (269) steps (0.0001 hrs) 19.23:0.00 15146 (14) sec
[746] Ep10000: Max 3123 (269) steps (0.0001 hrs) 11.36:0.00 15163 (17) sec
[747] Ep10000: Max 3123 (127) steps (0.0000 hrs) 41.67:0.00 15179 (16) sec
[748] Ep10000: Max 3123 (127) steps (0.0000 hrs) 17.09:0.00 15195 (16) sec
[749] Ep10000: Max 3123 (215) steps (0.0001 hrs) 10.75:0.00 15211 (16) sec
[750] Ep10000: Max 3123 (1825) steps (0.0005 hrs) 0.00:0.00 15280 (69) sec
[751] Ep10000: Max 3123 (131) steps (0.0000 hrs) 21.74:0.00 15296 (16) sec
[752] Ep10000: Max 3123 (263) steps (0.0001 hrs) 33.33:0.00 15311 (15) sec
[753] Ep10000: Max 3123 (351) steps (0.0001 hrs) 16.67:0.00 15326 (15) sec
[754] Ep10000: Max 3123 (2333) steps (0.0006 hrs) 0.00:0.00 15365 (39) sec
[755] Ep10000: Max 3123 (127) steps (0.0000 hrs) 16.67:0.00 15378 (13) sec
[756] Ep10000: Max 3123 (268) steps (0.0001 hrs) 333.33:0.00 15392 (14) sec
[757] Ep10000: Max 3123 (800) steps (0.0002 hrs) 12.99:0.00 15407 (15) sec
[758] Ep10000: Max 3123 (901) steps (0.0003 hrs) 10.53:0.00 15422 (15) sec
[759] Ep10000: Max 3123 (2088) steps (0.0006 hrs) 0.00:0.00 15464 (42) sec
[760] Ep10000: Max 3123 (1987) steps (0.0006 hrs) 0.00:0.00 15509 (45) sec
[761] Ep10000: Max 3123 (172) steps (0.0000 hrs) 0.00:11.76 15525 (16) sec
[762] Ep10000: Max 3123 (270) steps (0.0001 hrs) 12.66:0.00 15540 (15) sec
[763] Ep10000: Max 3123 (514) steps (0.0001 hrs) 20.41:0.00 15554 (14) sec
[764] Ep10000: Max 3123 (127) steps (0.0000 hrs) 16.39:0.00 15569 (15) sec
[765] Ep10000: Max 3123 (2201) steps (0.0006 hrs) 0.00:0.00 15608 (39) sec
[766] Ep10000: Max 3123 (268) steps (0.0001 hrs) 12.20:0.00 15625 (17) sec
[767] Ep10000: Max 3123 (270) steps (0.0001 hrs) 0.00:11.76 15641 (16) sec
[768] Ep10000: Max 3123 (268) steps (0.0001 hrs) 29.41:0.00 15656 (15) sec
[769] Ep10000: Max 3123 (137) steps (0.0000 hrs) 13.51:0.00 15670 (14) sec
[770] Ep10000: Max 3123 (682) steps (0.0002 hrs) 14.29:0.00 15685 (15) sec
[771] Ep10000: Max 3123 (126) steps (0.0000 hrs) 14.08:0.00 15701 (16) sec
[772] Ep10000: Max 3123 (2657) steps (0.0007 hrs) 0.00:0.00 15751 (50) sec
[773] Ep10000: Max 3123 (2575) steps (0.0007 hrs) 333.33:0.00 15793 (42) sec
[774] Ep10000: Max 3123 (159) steps (0.0000 hrs) 25.64:0.00 15809 (16) sec
[775] Ep10000: Max 3123 (803) steps (0.0002 hrs) 37.04:0.00 15826 (17) sec
[776] Ep10000: Max 3123 (126) steps (0.0000 hrs) 0.00:12.99 15842 (16) sec
[777] Ep10000: Max 3123 (126) steps (0.0000 hrs) 22.73:0.00 15858 (16) sec
[778] Ep10000: Max 3123 (271) steps (0.0001 hrs) 14.08:0.00 15875 (17) sec
[779] Ep10000: Max 3123 (126) steps (0.0000 hrs) 17.86:0.00 15890 (15) sec
[780] Ep10000: Max 3123 (127) steps (0.0000 hrs) 19.23:0.00 15905 (15) sec
[781] Ep10000: Max 3123 (127) steps (0.0000 hrs) 0.00:12.50 15920 (15) sec
[782] Ep10000: Max 3123 (126) steps (0.0000 hrs) 0.00:21.74 15936 (16) sec
[783] Ep10000: Max 3123 (132) steps (0.0000 hrs) 17.86:0.00 15950 (14) sec
[784] Ep10000: Max 3123 (222) steps (0.0001 hrs) 16.39:0.00 15966 (16) sec
[785] Ep10000: Max 3123 (269) steps (0.0001 hrs) 0.00:20.41 15980 (14) sec
[786] Ep10000: Max 3123 (270) steps (0.0001 hrs) 20.83:0.00 15995 (15) sec
[787] Ep10000: Max 3123 (401) steps (0.0001 hrs) 27.03:0.00 16010 (15) sec
[788] Ep10000: Max 3123 (2109) steps (0.0006 hrs) 0.00:0.00 16059 (49) sec
[789] Ep10000: Max 3123 (2033) steps (0.0006 hrs) 0.00:0.00 16101 (42) sec
[790] Ep10000: Max 3123 (352) steps (0.0001 hrs) 0.00:12.05 16115 (14) sec
[791] Ep10000: Max 3123 (2300) steps (0.0006 hrs) 15.38:0.00 16157 (42) sec
[792] Ep10000: Max 3123 (439) steps (0.0001 hrs) 55.56:0.00 16173 (16) sec
[793] Ep10000: Max 3123 (639) steps (0.0002 hrs) 26.32:0.00 16188 (15) sec
[794] Ep10000: Max 3123 (2263) steps (0.0006 hrs) 0.00:0.00 16254 (66) sec
[795] Ep10000: Max 3123 (1036) steps (0.0003 hrs) 12.99:0.00 16272 (18) sec
[796] Ep10000: Max 3123 (266) steps (0.0001 hrs) 40.00:0.00 16288 (16) sec
[797] Ep10000: Max 3123 (368) steps (0.0001 hrs) 12.82:0.00 16304 (16) sec
[798] Ep10000: Max 3123 (126) steps (0.0000 hrs) 0.00:10.64 16319 (15) sec
[799] Ep10000: Max 3123 (381) steps (0.0001 hrs) 16.67:0.00 16335 (16) sec
[800] Ep10000: Max 3123 (288) steps (0.0001 hrs) 21.28:0.00 16351 (16) sec
[801] Ep10000: Max 3123 (126) steps (0.0000 hrs) 0.00:15.38 16366 (15) sec
[802] Ep10000: Max 3123 (271) steps (0.0001 hrs) 8.93:8.93 16381 (15) sec
[803] Ep10000: Max 3123 (269) steps (0.0001 hrs) 0.00:28.57 16394 (13) sec
[804] Ep10000: Max 3123 (264) steps (0.0001 hrs) 19.42:0.00 16409 (15) sec
[805] Ep10000: Max 3123 (271) steps (0.0001 hrs) 13.33:0.00 16422 (13) sec
[806] Ep10000: Max 3123 (271) steps (0.0001 hrs) 50.00:0.00 16434 (12) sec
[807] Ep10000: Max 3123 (2364) steps (0.0007 hrs) 0.00:0.00 16471 (37) sec
[808] Ep10000: Max 3123 (126) steps (0.0000 hrs) 17.24:0.00 16485 (14) sec
[809] Ep10000: Max 3123 (2904) steps (0.0008 hrs) 0.00:0.00 16522 (37) sec
[810] Ep10000: Max 3123 (257) steps (0.0001 hrs) 12.99:0.00 16536 (14) sec
[811] Ep10000: Max 3123 (260) steps (0.0001 hrs) 0.00:16.13 16551 (15) sec
[812] Ep10000: Max 3123 (132) steps (0.0000 hrs) 14.71:0.00 16564 (13) sec
[813] Ep10000: Max 3123 (131) steps (0.0000 hrs) 0.00:26.32 16578 (14) sec
[814] Ep10000: Max 3123 (265) steps (0.0001 hrs) 15.38:0.00 16592 (14) sec
[815] Ep10000: Max 3123 (2250) steps (0.0006 hrs) 0.00:0.00 16631 (39) sec
[816] Ep10000: Max 3123 (211) steps (0.0001 hrs) 11.63:0.00 16645 (14) sec
[817] Ep10000: Max 3123 (269) steps (0.0001 hrs) 16.13:0.00 16658 (13) sec
[818] Ep10000: Max 3123 (2288) steps (0.0006 hrs) 0.00:0.00 16698 (40) sec
[819] Ep10000: Max 3123 (125) steps (0.0000 hrs) 0.00:14.71 16712 (14) sec
[820] Ep10000: Max 3123 (269) steps (0.0001 hrs) 19.23:0.00 16726 (14) sec
[821] Ep10000: Max 3123 (132) steps (0.0000 hrs) 12.99:0.00 16739 (13) sec
[822] Ep10000: Max 3123 (414) steps (0.0001 hrs) 10.42:0.00 16753 (14) sec
[823] Ep10000: Max 3123 (530) steps (0.0001 hrs) 0.00:6.76 16768 (15) sec
[824] Ep10000: Max 3123 (643) steps (0.0002 hrs) 0.00:16.13 16785 (17) sec
[825] Ep10000: Max 3123 (2273) steps (0.0006 hrs) 0.00:0.00 16837 (52) sec
[826] Ep10000: Max 3123 (376) steps (0.0001 hrs) 18.52:0.00 16851 (14) sec
[827] Ep10000: Max 3123 (2229) steps (0.0006 hrs) 0.00:0.00 16928 (77) sec
[828] Ep10000: Max 3123 (2106) steps (0.0006 hrs) 0.00:0.00 16965 (37) sec
[829] Ep10000: Max 3123 (268) steps (0.0001 hrs) 0.00:13.70 16984 (19) sec
[830] Ep10000: Max 3123 (129) steps (0.0000 hrs) 12.50:0.00 17001 (17) sec
[831] Ep10000: Max 3123 (240) steps (0.0001 hrs) 33.33:0.00 17017 (16) sec
[832] Ep10000: Max 3123 (190) steps (0.0001 hrs) 10.20:0.00 17031 (14) sec
[833] Ep10000: Max 3123 (271) steps (0.0001 hrs) 10.64:0.00 17045 (14) sec
[834] Ep10000: Max 3123 (1983) steps (0.0006 hrs) 0.00:0.00 17083 (38) sec
[835] Ep10000: Max 3123 (269) steps (0.0001 hrs) 0.00:20.83 17097 (14) sec
[836] Ep10000: Max 3123 (2250) steps (0.0006 hrs) 0.00:0.00 17136 (39) sec
[837] Ep10000: Max 3123 (1097) steps (0.0003 hrs) 41.67:0.00 17151 (15) sec
[838] Ep10000: Max 3123 (259) steps (0.0001 hrs) 18.18:0.00 17166 (15) sec
[839] Ep10000: Max 3123 (269) steps (0.0001 hrs) 20.83:0.00 17181 (15) sec
[840] Ep10000: Max 3123 (644) steps (0.0002 hrs) 0.00:19.23 17198 (17) sec
[841] Ep10000: Max 3123 (2940) steps (0.0008 hrs) 0.00:0.00 17237 (39) sec
[842] Ep10000: Max 3123 (946) steps (0.0003 hrs) 16.95:0.00 17252 (15) sec
[843] Ep10000: Max 3123 (3073) steps (0.0009 hrs) 0.00:0.00 17307 (55) sec
[844] Ep10000: Max 3123 (139) steps (0.0000 hrs) 55.56:0.00 17322 (15) sec
[845] Ep10000: Max 3123 (125) steps (0.0000 hrs) 21.28:0.00 17336 (14) sec
[846] Ep10000: Max 3123 (462) steps (0.0001 hrs) 0.00:21.74 17351 (15) sec
[847] Ep10000: Max 3123 (2302) steps (0.0006 hrs) 0.00:0.00 17390 (39) sec
[848] Ep10000: Max 3123 (1653) steps (0.0005 hrs) 0.00:0.00 17432 (42) sec
[849] Ep10000: Max 3123 (263) steps (0.0001 hrs) 9.43:0.00 17446 (14) sec
[850] Ep10000: Max 3123 (126) steps (0.0000 hrs) 17.54:0.00 17459 (13) sec
[851] Ep10000: Max 3123 (2124) steps (0.0006 hrs) 0.00:0.00 17505 (46) sec
[852] Ep10000: Max 3123 (161) steps (0.0000 hrs) 18.87:0.00 17518 (13) sec
[853] Ep10000: Max 3123 (133) steps (0.0000 hrs) 14.93:0.00 17532 (14) sec
[854] Ep10000: Max 3123 (261) steps (0.0001 hrs) 0.00:13.70 17546 (14) sec
[855] Ep10000: Max 3123 (2273) steps (0.0006 hrs) 0.00:0.00 17588 (42) sec
[856] Ep10000: Max 3123 (2593) steps (0.0007 hrs) 0.00:0.00 17632 (44) sec
[857] Ep10000: Max 3123 (126) steps (0.0000 hrs) 13.51:0.00 17647 (15) sec
[858] Ep10000: Max 3123 (154) steps (0.0000 hrs) 26.32:0.00 17661 (14) sec
[859] Ep10000: Max 3123 (2203) steps (0.0006 hrs) 0.00:0.00 17710 (49) sec
[860] Ep10000: Max 3123 (2318) steps (0.0006 hrs) 0.00:0.00 17748 (38) sec
[861] Ep10000: Max 3123 (2091) steps (0.0006 hrs) 0.00:0.00 17791 (43) sec
[862] Ep10000: Max 3123 (130) steps (0.0000 hrs) 0.00:15.38 17805 (14) sec
[863] Ep10000: Max 3123 (329) steps (0.0001 hrs) 19.61:0.00 17819 (14) sec
[864] Ep10000: Max 3123 (264) steps (0.0001 hrs) 0.00:35.71 17833 (14) sec
[865] Ep10000: Max 3123 (126) steps (0.0000 hrs) 21.74:0.00 17846 (13) sec
[866] Ep10000: Max 3123 (258) steps (0.0001 hrs) 11.36:0.00 17860 (14) sec
[867] Ep10000: Max 3123 (272) steps (0.0001 hrs) 15.62:0.00 17873 (13) sec
[868] Ep10000: Max 3123 (146) steps (0.0000 hrs) 0.00:12.82 17886 (13) sec
[869] Ep10000: Max 3123 (271) steps (0.0001 hrs) 15.87:0.00 17900 (14) sec
[870] Ep10000: Max 3123 (675) steps (0.0002 hrs) 14.71:0.00 17913 (13) sec
[871] Ep10000: Max 3123 (1865) steps (0.0005 hrs) 0.00:0.00 17965 (52) sec
[872] Ep10000: Max 3123 (1763) steps (0.0005 hrs) 0.00:0.00 17984 (19) sec
[873] Ep10000: Max 3123 (131) steps (0.0000 hrs) 500.00:0.00 17995 (11) sec
[874] Ep10000: Max 3123 (261) steps (0.0001 hrs) 18.69:0.00 18008 (13) sec
[875] Ep10000: Max 3123 (2376) steps (0.0007 hrs) 0.00:0.00 18046 (38) sec
[876] Ep10000: Max 3123 (126) steps (0.0000 hrs) 10.42:0.00 18060 (14) sec
[877] Ep10000: Max 3123 (126) steps (0.0000 hrs) 17.09:0.00 18075 (15) sec
[878] Ep10000: Max 3123 (271) steps (0.0001 hrs) 13.51:0.00 18088 (13) sec
[879] Ep10000: Max 3123 (2114) steps (0.0006 hrs) 0.00:0.00 18126 (38) sec
[880] Ep10000: Max 3123 (626) steps (0.0002 hrs) 0.00:11.36 18141 (15) sec
[881] Ep10000: Max 3123 (127) steps (0.0000 hrs) 15.87:0.00 18154 (13) sec
[882] Ep10000: Max 3123 (1969) steps (0.0005 hrs) 0.00:0.00 18195 (41) sec
[883] Ep10000: Max 3123 (2325) steps (0.0006 hrs) 0.00:0.00 18235 (40) sec
[884] Ep10000: Max 3123 (852) steps (0.0002 hrs) 35.71:0.00 18252 (17) sec
[885] Ep10000: Max 3123 (131) steps (0.0000 hrs) 12.99:0.00 18268 (16) sec
[886] Ep10000: Max 3123 (134) steps (0.0000 hrs) 10.31:0.00 18284 (16) sec
[887] Ep10000: Max 3123 (2027) steps (0.0006 hrs) 0.00:0.00 18326 (42) sec
[888] Ep10000: Max 3123 (937) steps (0.0003 hrs) 0.00:19.61 18341 (15) sec
[889] Ep10000: Max 3123 (129) steps (0.0000 hrs) 0.00:24.39 18355 (14) sec
[890] Ep10000: Max 3123 (2071) steps (0.0006 hrs) 0.00:0.00 18401 (46) sec
[891] Ep10000: Max 3123 (2046) steps (0.0006 hrs) 0.00:0.00 18467 (66) sec
[892] Ep10000: Max 3123 (270) steps (0.0001 hrs) 21.28:0.00 18483 (16) sec
[893] Ep10000: Max 3123 (1386) steps (0.0004 hrs) 45.45:0.00 18499 (16) sec
[894] Ep10000: Max 3123 (1318) steps (0.0004 hrs) 43.48:0.00 18515 (16) sec
[895] Ep10000: Max 3123 (2610) steps (0.0007 hrs) 0.00:0.00 18569 (54) sec
[896] Ep10000: Max 3123 (891) steps (0.0002 hrs) 13.70:0.00 18585 (16) sec
[897] Ep10000: Max 3123 (2019) steps (0.0006 hrs) 0.00:0.00 18627 (42) sec
[898] Ep10000: Max 3123 (2364) steps (0.0007 hrs) 0.00:0.00 18671 (44) sec
[899] Ep10000: Max 3123 (2932) steps (0.0008 hrs) 0.00:0.00 18714 (43) sec
[900] Ep10000: Max 3123 (2507) steps (0.0007 hrs) 0.00:0.00 18758 (44) sec
[901] Ep10000: Max 3123 (359) steps (0.0001 hrs) 0.00:12.35 18773 (15) sec
[902] Ep10000: Max 3123 (2542) steps (0.0007 hrs) 0.00:0.00 18830 (57) sec
[903] Ep10000: Max 3123 (2171) steps (0.0006 hrs) 0.00:0.00 18873 (43) sec
[904] Ep10000: Max 3123 (237) steps (0.0001 hrs) 0.00:23.81 18887 (14) sec
[905] Ep10000: Max 3123 (127) steps (0.0000 hrs) 21.74:0.00 18900 (13) sec
[906] Ep10000: Max 3123 (2262) steps (0.0006 hrs) 0.00:0.00 18942 (42) sec
[907] Ep10000: Max 3123 (262) steps (0.0001 hrs) 0.00:14.71 18956 (14) sec
[908] Ep10000: Max 3123 (504) steps (0.0001 hrs) 0.00:13.70 18972 (16) sec
[909] Ep10000: Max 3123 (2331) steps (0.0006 hrs) 0.00:0.00 19031 (59) sec
[910] Ep10000: Max 3123 (262) steps (0.0001 hrs) 29.41:0.00 19046 (15) sec
[911] Ep10000: Max 3123 (2362) steps (0.0007 hrs) 0.00:0.00 19096 (50) sec
[912] Ep10000: Max 3123 (254) steps (0.0001 hrs) 14.93:0.00 19111 (15) sec
[913] Ep10000: Max 3123 (131) steps (0.0000 hrs) 16.39:0.00 19127 (16) sec
[914] Ep10000: Max 3123 (641) steps (0.0002 hrs) 0.00:66.67 19145 (18) sec
[915] Ep10000: Max 3123 (1791) steps (0.0005 hrs) 0.00:0.00 19202 (57) sec
[916] Ep10000: Max 3123 (2086) steps (0.0006 hrs) 0.00:0.00 19244 (42) sec
[917] Ep10000: Max 3123 (2210) steps (0.0006 hrs) 0.00:0.00 19289 (45) sec
[918] Ep10000: Max 3123 (207) steps (0.0001 hrs) 0.00:27.03 19304 (15) sec
[919] Ep10000: Max 3123 (650) steps (0.0002 hrs) 19.42:0.00 19319 (15) sec
[920] Ep10000: Max 3123 (279) steps (0.0001 hrs) 33.33:0.00 19336 (17) sec
[921] Ep10000: Max 3123 (2198) steps (0.0006 hrs) 0.00:0.00 19380 (44) sec
[922] Ep10000: Max 3123 (126) steps (0.0000 hrs) 10.87:0.00 19395 (15) sec
[923] Ep10000: Max 3123 (134) steps (0.0000 hrs) 0.00:34.48 19412 (17) sec
[924] Ep10000: Max 3123 (264) steps (0.0001 hrs) 16.53:0.00 19426 (14) sec
[925] Ep10000: Max 3123 (271) steps (0.0001 hrs) 0.00:27.78 19442 (16) sec
[926] Ep10000: Max 3123 (128) steps (0.0000 hrs) 0.00:16.95 19459 (17) sec
[927] Ep10000: Max 3123 (268) steps (0.0001 hrs) 13.70:0.00 19476 (17) sec
[928] Ep10000: Max 3123 (530) steps (0.0001 hrs) 20.00:0.00 19492 (16) sec
[929] Ep10000: Max 3123 (126) steps (0.0000 hrs) 0.00:15.87 19507 (15) sec
[930] Ep10000: Max 3123 (163) steps (0.0000 hrs) 0.00:17.54 19522 (15) sec
[931] Ep10000: Max 3123 (2182) steps (0.0006 hrs) 0.00:0.00 19574 (52) sec
[932] Ep10000: Max 3123 (269) steps (0.0001 hrs) 10.75:0.00 19590 (16) sec
[933] Ep10000: Max 3123 (2558) steps (0.0007 hrs) 0.00:0.00 19627 (37) sec
[934] Ep10000: Max 3123 (224) steps (0.0001 hrs) 20.41:0.00 19641 (14) sec
[935] Ep10000: Max 3123 (126) steps (0.0000 hrs) 0.00:11.90 19656 (15) sec
[936] Ep10000: Max 3123 (1026) steps (0.0003 hrs) 0.00:10.53 19672 (16) sec
[937] Ep10000: Max 3123 (131) steps (0.0000 hrs) 15.87:0.00 19686 (14) sec
[938] Ep10000: Max 3123 (2329) steps (0.0006 hrs) 0.00:0.00 19740 (54) sec
[939] Ep10000: Max 3123 (271) steps (0.0001 hrs) 14.29:0.00 19755 (15) sec
[940] Ep10000: Max 3123 (2069) steps (0.0006 hrs) 0.00:0.00 19829 (74) sec
[941] Ep10000: Max 3123 (127) steps (0.0000 hrs) 14.49:0.00 19844 (15) sec
[942] Ep10000: Max 3123 (132) steps (0.0000 hrs) 15.87:0.00 19859 (15) sec
[943] Ep10000: Max 3123 (126) steps (0.0000 hrs) 17.24:0.00 19874 (15) sec
[944] Ep10000: Max 3123 (126) steps (0.0000 hrs) 0.00:38.46 19888 (14) sec
[945] Ep10000: Max 3123 (126) steps (0.0000 hrs) 12.99:0.00 19901 (13) sec
[946] Ep10000: Max 3123 (267) steps (0.0001 hrs) 20.83:0.00 19916 (15) sec
[947] Ep10000: Max 3123 (127) steps (0.0000 hrs) 25.64:0.00 19931 (15) sec
[948] Ep10000: Max 3123 (252) steps (0.0001 hrs) 0.00:10.20 19945 (14) sec
[949] Ep10000: Max 3123 (129) steps (0.0000 hrs) 0.00:11.49 19960 (15) sec
[950] Ep10000: Max 3123 (211) steps (0.0001 hrs) 12.99:0.00 19974 (14) sec
[951] Ep10000: Max 3123 (466) steps (0.0001 hrs) 0.00:13.70 19989 (15) sec
[952] Ep10000: Max 3123 (1996) steps (0.0006 hrs) 0.00:0.00 20043 (54) sec
[953] Ep10000: Max 3123 (262) steps (0.0001 hrs) 14.08:0.00 20061 (18) sec
[954] Ep10000: Max 3123 (406) steps (0.0001 hrs) 0.00:250.00 20077 (16) sec
[955] Ep10000: Max 3123 (269) steps (0.0001 hrs) 14.29:0.00 20092 (15) sec
[956] Ep10000: Max 3123 (2371) steps (0.0007 hrs) 0.00:0.00 20166 (74) sec
[957] Ep10000: Max 3123 (1092) steps (0.0003 hrs) 0.00:14.49 20182 (16) sec
[958] Ep10000: Max 3123 (266) steps (0.0001 hrs) 11.49:0.00 20198 (16) sec
[959] Ep10000: Max 3123 (269) steps (0.0001 hrs) 12.82:0.00 20211 (13) sec
[960] Ep10000: Max 3123 (270) steps (0.0001 hrs) 50.00:0.00 20226 (15) sec
[961] Ep10000: Max 3123 (1700) steps (0.0005 hrs) 0.00:14.49 20246 (20) sec
[962] Ep10000: Max 3123 (352) steps (0.0001 hrs) 11.63:0.00 20260 (14) sec
[963] Ep10000: Max 3123 (263) steps (0.0001 hrs) 13.16:0.00 20275 (15) sec
[964] Ep10000: Max 3123 (2190) steps (0.0006 hrs) 0.00:0.00 20322 (47) sec
[965] Ep10000: Max 3123 (130) steps (0.0000 hrs) 16.95:0.00 20335 (13) sec
[966] Ep10000: Max 3123 (331) steps (0.0001 hrs) 0.00:12.82 20350 (15) sec
[967] Ep10000: Max 3123 (186) steps (0.0001 hrs) 0.00:15.15 20366 (16) sec
[968] Ep10000: Max 3123 (126) steps (0.0000 hrs) 13.33:0.00 20379 (13) sec
[969] Ep10000: Max 3123 (2100) steps (0.0006 hrs) 0.00:0.00 20416 (37) sec
[970] Ep10000: Max 3123 (270) steps (0.0001 hrs) 76.92:0.00 20429 (13) sec
[971] Ep10000: Max 3123 (2236) steps (0.0006 hrs) 0.00:0.00 20470 (41) sec
[972] Ep10000: Max 3123 (268) steps (0.0001 hrs) 31.25:0.00 20484 (14) sec
[973] Ep10000: Max 3123 (125) steps (0.0000 hrs) 0.00:11.90 20501 (17) sec
[974] Ep10000: Max 3123 (803) steps (0.0002 hrs) 15.87:0.00 20516 (15) sec
[975] Ep10000: Max 3123 (270) steps (0.0001 hrs) 12.99:0.00 20530 (14) sec
[976] Ep10000: Max 3123 (317) steps (0.0001 hrs) 15.38:0.00 20543 (13) sec
[977] Ep10000: Max 3123 (2529) steps (0.0007 hrs) 0.00:0.00 20581 (38) sec
[978] Ep10000: Max 3123 (126) steps (0.0000 hrs) 18.87:0.00 20594 (13) sec
[979] Ep10000: Max 3123 (129) steps (0.0000 hrs) 12.66:0.00 20609 (15) sec
[980] Ep10000: Max 3123 (655) steps (0.0002 hrs) 17.24:0.00 20624 (15) sec
[981] Ep10000: Max 3123 (3114) steps (0.0009 hrs) 0.00:0.00 20660 (36) sec
[982] Ep10000: Max 3123 (2609) steps (0.0007 hrs) 0.00:0.00 20697 (37) sec
[983] Ep10000: Max 3123 (131) steps (0.0000 hrs) 10.10:0.00 20712 (15) sec
[984] Ep10000: Max 3123 (163) steps (0.0000 hrs) 41.67:0.00 20726 (14) sec
[985] Ep10000: Max 3123 (1966) steps (0.0005 hrs) 0.00:0.00 20760 (34) sec
[986] Ep10000: Max 3123 (2196) steps (0.0006 hrs) 0.00:0.00 20790 (30) sec
[987] Ep10000: Max 3123 (159) steps (0.0000 hrs) 18.18:0.00 20802 (12) sec
[988] Ep10000: Max 3123 (376) steps (0.0001 hrs) 0.00:16.39 20814 (12) sec
[989] Ep10000: Max 3123 (127) steps (0.0000 hrs) 16.67:0.00 20826 (12) sec
[990] Ep10000: Max 3123 (734) steps (0.0002 hrs) 16.95:0.00 20837 (11) sec
[991] Ep10000: Max 3123 (292) steps (0.0001 hrs) 0.00:27.03 20849 (12) sec
[992] Ep10000: Max 3123 (223) steps (0.0001 hrs) 21.28:0.00 20861 (12) sec
[993] Ep10000: Max 3123 (2717) steps (0.0008 hrs) 0.00:0.00 20927 (66) sec
[994] Ep10000: Max 3123 (126) steps (0.0000 hrs) 0.00:14.93 20938 (11) sec
[995] Ep10000: Max 3123 (2266) steps (0.0006 hrs) 0.00:0.00 20968 (30) sec
[996] Ep10000: Max 3123 (1174) steps (0.0003 hrs) 16.95:0.00 20981 (13) sec
[997] Ep10000: Max 3123 (126) steps (0.0000 hrs) 0.00:27.78 20992 (11) sec
[998] Ep10000: Max 3123 (332) steps (0.0001 hrs) 18.52:0.00 21003 (11) sec
[999] Ep10000: Max 3123 (1983) steps (0.0006 hrs) 6.06:0.00 21038 (35) sec
[1000] Ep10000: Max 3123 (273) steps (0.0001 hrs) 11.49:0.00 21049 (11) sec
Total Elapsed time: 21049 seconds
Wrote current data to latest.train
