balanced 0 test_flag 0
[1] Ep10000: Max 2776 (2776) steps (0.0008 hrs) -nan:-nan 23 (23) sec
[2] Ep10000: Max 2776 (671) steps (0.0002 hrs) -nan:-nan 30 (7) sec
[3] Ep10000: Max 2776 (969) steps (0.0003 hrs) -nan:-nan 37 (7) sec
[4] Ep10000: Max 2776 (2645) steps (0.0007 hrs) -nan:-nan 60 (23) sec
[5] Ep10000: Max 2776 (2208) steps (0.0006 hrs) -nan:-nan 67 (7) sec
[6] Ep10000: Max 2776 (1301) steps (0.0004 hrs) -nan:-nan 74 (7) sec
[7] Ep10000: Max 2776 (2345) steps (0.0007 hrs) -nan:-nan 96 (22) sec
[8] Ep10000: Max 2776 (1625) steps (0.0005 hrs) -nan:-nan 104 (8) sec
[9] Ep10000: Max 2776 (1234) steps (0.0003 hrs) -nan:-nan 111 (7) sec
[10] Ep10000: Max 2776 (2268) steps (0.0006 hrs) -nan:-nan 138 (27) sec
[11] Ep10000: Max 2776 (2512) steps (0.0007 hrs) -nan:-nan 162 (24) sec
[12] Ep10000: Max 2776 (1940) steps (0.0005 hrs) -nan:-nan 169 (7) sec
[13] Ep10000: Max 2776 (964) steps (0.0003 hrs) -nan:-nan 176 (7) sec
[14] Ep10000: Max 2776 (2761) steps (0.0008 hrs) -nan:-nan 203 (27) sec
[15] Ep10000: Max 3243 (3243) steps (0.0009 hrs) -nan:-nan 227 (24) sec
[16] Ep10000: Max 3243 (2170) steps (0.0006 hrs) -nan:-nan 235 (8) sec
[17] Ep10000: Max 3243 (2219) steps (0.0006 hrs) -nan:-nan 251 (16) sec
[18] Ep10000: Max 3243 (2422) steps (0.0007 hrs) -nan:-nan 259 (8) sec
[19] Ep10000: Max 3243 (3156) steps (0.0009 hrs) -nan:-nan 285 (26) sec
[20] Ep10000: Max 3243 (1874) steps (0.0005 hrs) -nan:-nan 299 (14) sec
[21] Ep10000: Max 3243 (3212) steps (0.0009 hrs) -nan:-nan 306 (7) sec
[22] Ep10000: Max 3243 (1801) steps (0.0005 hrs) -nan:-nan 314 (8) sec
[23] Ep10000: Max 3243 (2185) steps (0.0006 hrs) -nan:-nan 326 (12) sec
[24] Ep10000: Max 3243 (2667) steps (0.0007 hrs) -nan:-nan 352 (26) sec
[25] Ep10000: Max 3243 (2002) steps (0.0006 hrs) -nan:-nan 373 (21) sec
[26] Ep10000: Max 3243 (1981) steps (0.0006 hrs) -nan:-nan 384 (11) sec
[27] Ep10000: Max 3243 (1592) steps (0.0004 hrs) -nan:-nan 393 (9) sec
[28] Ep10000: Max 3243 (2384) steps (0.0007 hrs) -nan:-nan 410 (17) sec
[29] Ep10000: Max 3243 (1212) steps (0.0003 hrs) -nan:-nan 417 (7) sec
[30] Ep10000: Max 3243 (2388) steps (0.0007 hrs) -nan:-nan 438 (21) sec
[31] Ep10000: Max 3243 (1578) steps (0.0004 hrs) -nan:-nan 453 (15) sec
[32] Ep10000: Max 3243 (1861) steps (0.0005 hrs) -nan:-nan 476 (23) sec
[33] Ep10000: Max 3243 (3044) steps (0.0008 hrs) -nan:-nan 501 (25) sec
[34] Ep10000: Max 3243 (2717) steps (0.0008 hrs) -nan:-nan 526 (25) sec
[35] Ep10000: Max 3243 (2061) steps (0.0006 hrs) -nan:-nan 552 (26) sec
[36] Ep10000: Max 3243 (2775) steps (0.0008 hrs) -nan:-nan 575 (23) sec
[37] Ep10000: Max 3243 (2494) steps (0.0007 hrs) -nan:-nan 600 (25) sec
[38] Ep10000: Max 3243 (2667) steps (0.0007 hrs) -nan:-nan 607 (7) sec
[39] Ep10000: Max 7776 (7776) steps (0.0022 hrs) -nan:-nan 626 (19) sec
[40] Ep10000: Max 7776 (3856) steps (0.0011 hrs) -nan:-nan 652 (26) sec
[41] Ep10000: Max 7776 (414) steps (0.0001 hrs) -nan:-nan 658 (6) sec
[42] Ep10000: Max 7776 (2823) steps (0.0008 hrs) -nan:-nan 672 (14) sec
[43] Ep10000: Max 7776 (2357) steps (0.0007 hrs) -nan:-nan 696 (24) sec
[44] Ep10000: Max 7776 (1040) steps (0.0003 hrs) -nan:-nan 701 (5) sec
[45] Ep10000: Max 7776 (1948) steps (0.0005 hrs) -nan:-nan 710 (9) sec
[46] Ep10000: Max 7776 (866) steps (0.0002 hrs) -nan:-nan 718 (8) sec
[47] Ep10000: Max 7776 (2205) steps (0.0006 hrs) -nan:-nan 742 (24) sec
[48] Ep10000: Max 7776 (1594) steps (0.0004 hrs) -nan:-nan 749 (7) sec
[49] Ep10000: Max 7776 (1578) steps (0.0004 hrs) -nan:-nan 756 (7) sec
[50] Ep10000: Max 7776 (2244) steps (0.0006 hrs) -nan:-nan 772 (16) sec
[51] Ep10000: Max 7776 (2226) steps (0.0006 hrs) -nan:-nan 795 (23) sec
[52] Ep10000: Max 7776 (1469) steps (0.0004 hrs) -nan:-nan 805 (10) sec
[53] Ep10000: Max 7776 (1952) steps (0.0005 hrs) -nan:-nan 825 (20) sec
[54] Ep10000: Max 7776 (2468) steps (0.0007 hrs) -nan:-nan 849 (24) sec
[55] Ep10000: Max 7776 (2211) steps (0.0006 hrs) -nan:-nan 865 (16) sec
[56] Ep10000: Max 7776 (1718) steps (0.0005 hrs) -nan:-nan 873 (8) sec
[57] Ep10000: Max 7776 (4125) steps (0.0011 hrs) -nan:-nan 882 (9) sec
[58] Ep10000: Max 7776 (1329) steps (0.0004 hrs) -nan:-nan 888 (6) sec
[59] Ep10000: Max 7776 (2799) steps (0.0008 hrs) -nan:-nan 913 (25) sec
[60] Ep10000: Max 7776 (1540) steps (0.0004 hrs) -nan:-nan 920 (7) sec
[61] Ep10000: Max 7776 (2781) steps (0.0008 hrs) -nan:-nan 940 (20) sec
[62] Ep10000: Max 7776 (2083) steps (0.0006 hrs) -nan:-nan 948 (8) sec
[63] Ep10000: Max 7776 (2793) steps (0.0008 hrs) -nan:-nan 971 (23) sec
[64] Ep10000: Max 7776 (1841) steps (0.0005 hrs) -nan:-nan 982 (11) sec
[65] Ep10000: Max 7776 (2232) steps (0.0006 hrs) -nan:-nan 1005 (23) sec
[66] Ep10000: Max 7776 (2351) steps (0.0007 hrs) -nan:-nan 1017 (12) sec
[67] Ep10000: Max 7776 (1543) steps (0.0004 hrs) -nan:-nan 1024 (7) sec
[68] Ep10000: Max 7776 (2163) steps (0.0006 hrs) -nan:-nan 1039 (15) sec
[69] Ep10000: Max 7776 (721) steps (0.0002 hrs) -nan:-nan 1046 (7) sec
[70] Ep10000: Max 7776 (1025) steps (0.0003 hrs) -nan:-nan 1053 (7) sec
[71] Ep10000: Max 7776 (1941) steps (0.0005 hrs) -nan:-nan 1066 (13) sec
[72] Ep10000: Max 7776 (2333) steps (0.0006 hrs) -nan:-nan 1081 (15) sec
[73] Ep10000: Max 7776 (1436) steps (0.0004 hrs) -nan:-nan 1088 (7) sec
[74] Ep10000: Max 7776 (2603) steps (0.0007 hrs) -nan:-nan 1113 (25) sec
[75] Ep10000: Max 7776 (1252) steps (0.0003 hrs) -nan:-nan 1120 (7) sec
[76] Ep10000: Max 7776 (2312) steps (0.0006 hrs) -nan:-nan 1142 (22) sec
[77] Ep10000: Max 7776 (624) steps (0.0002 hrs) -nan:-nan 1148 (6) sec
[78] Ep10000: Max 7776 (1251) steps (0.0003 hrs) -nan:-nan 1156 (8) sec
[79] Ep10000: Max 7776 (1618) steps (0.0004 hrs) -nan:-nan 1172 (16) sec
[80] Ep10000: Max 7776 (6379) steps (0.0018 hrs) -nan:-nan 1182 (10) sec
[81] Ep10000: Max 7776 (1830) steps (0.0005 hrs) -nan:-nan 1189 (7) sec
[82] Ep10000: Max 7776 (2232) steps (0.0006 hrs) -nan:-nan 1212 (23) sec
[83] Ep10000: Max 7776 (2348) steps (0.0007 hrs) -nan:-nan 1238 (26) sec
[84] Ep10000: Max 7776 (908) steps (0.0003 hrs) -nan:-nan 1243 (5) sec
[85] Ep10000: Max 7776 (1570) steps (0.0004 hrs) -nan:-nan 1251 (8) sec
[86] Ep10000: Max 7776 (2407) steps (0.0007 hrs) -nan:-nan 1276 (25) sec
[87] Ep10000: Max 7776 (714) steps (0.0002 hrs) -nan:-nan 1282 (6) sec
[88] Ep10000: Max 7776 (2271) steps (0.0006 hrs) -nan:-nan 1296 (14) sec
[89] Ep10000: Max 7776 (3845) steps (0.0011 hrs) -nan:-nan 1325 (29) sec
[90] Ep10000: Max 7776 (2005) steps (0.0006 hrs) -nan:-nan 1336 (11) sec
[91] Ep10000: Max 7776 (2055) steps (0.0006 hrs) -nan:-nan 1345 (9) sec
[92] Ep10000: Max 7776 (1470) steps (0.0004 hrs) -nan:-nan 1353 (8) sec
[93] Ep10000: Max 7776 (2474) steps (0.0007 hrs) -nan:-nan 1379 (26) sec
[94] Ep10000: Max 7776 (1297) steps (0.0004 hrs) -nan:-nan 1388 (9) sec
[95] Ep10000: Max 7776 (1188) steps (0.0003 hrs) -nan:-nan 1394 (6) sec
[96] Ep10000: Max 7776 (3946) steps (0.0011 hrs) -nan:-nan 1413 (19) sec
[97] Ep10000: Max 7776 (2193) steps (0.0006 hrs) -nan:-nan 1421 (8) sec
[98] Ep10000: Max 7776 (2013) steps (0.0006 hrs) -nan:-nan 1430 (9) sec
[99] Ep10000: Max 7776 (793) steps (0.0002 hrs) -nan:-nan 1437 (7) sec
[100] Ep10000: Max 7776 (1789) steps (0.0005 hrs) -nan:-nan 1447 (10) sec
[101] Ep10000: Max 7776 (2751) steps (0.0008 hrs) -nan:-nan 1473 (26) sec
[102] Ep10000: Max 7776 (1083) steps (0.0003 hrs) -nan:-nan 1480 (7) sec
[103] Ep10000: Max 7776 (2065) steps (0.0006 hrs) -nan:-nan 1488 (8) sec
[104] Ep10000: Max 7776 (1949) steps (0.0005 hrs) -nan:-nan 1509 (21) sec
[105] Ep10000: Max 7776 (1120) steps (0.0003 hrs) -nan:-nan 1515 (6) sec
[106] Ep10000: Max 7776 (2321) steps (0.0006 hrs) -nan:-nan 1533 (18) sec
[107] Ep10000: Max 7776 (1798) steps (0.0005 hrs) -nan:-nan 1550 (17) sec
[108] Ep10000: Max 7776 (1596) steps (0.0004 hrs) -nan:-nan 1556 (6) sec
[109] Ep10000: Max 7776 (2113) steps (0.0006 hrs) -nan:-nan 1581 (25) sec
[110] Ep10000: Max 7776 (2105) steps (0.0006 hrs) -nan:-nan 1593 (12) sec
[111] Ep10000: Max 7776 (2227) steps (0.0006 hrs) -nan:-nan 1620 (27) sec
[112] Ep10000: Max 7776 (1509) steps (0.0004 hrs) -nan:-nan 1629 (9) sec
[113] Ep10000: Max 7776 (4462) steps (0.0012 hrs) -nan:-nan 1642 (13) sec
[114] Ep10000: Max 7776 (2082) steps (0.0006 hrs) -nan:-nan 1653 (11) sec
[115] Ep10000: Max 7776 (3056) steps (0.0008 hrs) -nan:-nan 1675 (22) sec
[116] Ep10000: Max 7776 (2307) steps (0.0006 hrs) -nan:-nan 1702 (27) sec
[117] Ep10000: Max 7776 (2501) steps (0.0007 hrs) -nan:-nan 1729 (27) sec
[118] Ep10000: Max 7776 (1922) steps (0.0005 hrs) -nan:-nan 1742 (13) sec
[119] Ep10000: Max 7776 (2889) steps (0.0008 hrs) -nan:-nan 1754 (12) sec
[120] Ep10000: Max 7776 (2177) steps (0.0006 hrs) -nan:-nan 1779 (25) sec
[121] Ep10000: Max 7776 (3304) steps (0.0009 hrs) -nan:-nan 1788 (9) sec
[122] Ep10000: Max 7776 (2843) steps (0.0008 hrs) -nan:-nan 1815 (27) sec
[123] Ep10000: Max 7776 (668) steps (0.0002 hrs) -nan:-nan 1822 (7) sec
[124] Ep10000: Max 7776 (558) steps (0.0002 hrs) -nan:-nan 1829 (7) sec
[125] Ep10000: Max 7776 (2002) steps (0.0006 hrs) -nan:-nan 1845 (16) sec
[126] Ep10000: Max 7776 (1428) steps (0.0004 hrs) -nan:-nan 1851 (6) sec
[127] Ep10000: Max 7776 (2752) steps (0.0008 hrs) -nan:-nan 1874 (23) sec
[128] Ep10000: Max 7776 (3751) steps (0.0010 hrs) -nan:-nan 1881 (7) sec
[129] Ep10000: Max 7776 (1133) steps (0.0003 hrs) -nan:-nan 1887 (6) sec
[130] Ep10000: Max 7776 (2738) steps (0.0008 hrs) -nan:-nan 1900 (13) sec
[131] Ep10000: Max 7776 (1963) steps (0.0005 hrs) -nan:-nan 1913 (13) sec
[132] Ep10000: Max 7776 (1505) steps (0.0004 hrs) -nan:-nan 1919 (6) sec
[133] Ep10000: Max 7776 (3375) steps (0.0009 hrs) -nan:-nan 1942 (23) sec
[134] Ep10000: Max 7776 (1701) steps (0.0005 hrs) -nan:-nan 1951 (9) sec
[135] Ep10000: Max 7776 (1887) steps (0.0005 hrs) -nan:-nan 1972 (21) sec
[136] Ep10000: Max 7776 (2227) steps (0.0006 hrs) -nan:-nan 1985 (13) sec
[137] Ep10000: Max 7776 (1925) steps (0.0005 hrs) -nan:-nan 1998 (13) sec
[138] Ep10000: Max 7776 (1361) steps (0.0004 hrs) -nan:-nan 2004 (6) sec
[139] Ep10000: Max 7776 (1183) steps (0.0003 hrs) -nan:-nan 2011 (7) sec
[140] Ep10000: Max 7776 (3213) steps (0.0009 hrs) -nan:-nan 2019 (8) sec
[141] Ep10000: Max 7776 (1683) steps (0.0005 hrs) -nan:-nan 2026 (7) sec
[142] Ep10000: Max 7776 (2441) steps (0.0007 hrs) -nan:-nan 2034 (8) sec
[143] Ep10000: Max 7776 (2027) steps (0.0006 hrs) -nan:-nan 2043 (9) sec
[144] Ep10000: Max 7776 (883) steps (0.0002 hrs) -nan:-nan 2051 (8) sec
[145] Ep10000: Max 7776 (2211) steps (0.0006 hrs) -nan:-nan 2059 (8) sec
[146] Ep10000: Max 7776 (1868) steps (0.0005 hrs) -nan:-nan 2066 (7) sec
[147] Ep10000: Max 7776 (2047) steps (0.0006 hrs) -nan:-nan 2091 (25) sec
[148] Ep10000: Max 7776 (1018) steps (0.0003 hrs) -nan:-nan 2097 (6) sec
[149] Ep10000: Max 7776 (1100) steps (0.0003 hrs) -nan:-nan 2104 (7) sec
[150] Ep10000: Max 7776 (2568) steps (0.0007 hrs) -nan:-nan 2121 (17) sec
[151] Ep10000: Max 7776 (1415) steps (0.0004 hrs) -nan:-nan 2129 (8) sec
[152] Ep10000: Max 7776 (723) steps (0.0002 hrs) -nan:-nan 2135 (6) sec
[153] Ep10000: Max 7776 (1385) steps (0.0004 hrs) -nan:-nan 2141 (6) sec
[154] Ep10000: Max 7776 (1568) steps (0.0004 hrs) -nan:-nan 2148 (7) sec
[155] Ep10000: Max 7776 (1269) steps (0.0004 hrs) -nan:-nan 2154 (6) sec
[156] Ep10000: Max 7776 (2337) steps (0.0006 hrs) -nan:-nan 2162 (8) sec
[157] Ep10000: Max 7776 (2162) steps (0.0006 hrs) -nan:-nan 2170 (8) sec
[158] Ep10000: Max 7776 (1923) steps (0.0005 hrs) -nan:-nan 2179 (9) sec
[159] Ep10000: Max 7776 (970) steps (0.0003 hrs) -nan:-nan 2186 (7) sec
[160] Ep10000: Max 7776 (2107) steps (0.0006 hrs) -nan:-nan 2201 (15) sec
[161] Ep10000: Max 7776 (1408) steps (0.0004 hrs) -nan:-nan 2208 (7) sec
[162] Ep10000: Max 7776 (3905) steps (0.0011 hrs) -nan:-nan 2218 (10) sec
[163] Ep10000: Max 7776 (1608) steps (0.0004 hrs) -nan:-nan 2227 (9) sec
[164] Ep10000: Max 7776 (2658) steps (0.0007 hrs) -nan:-nan 2254 (27) sec
[165] Ep10000: Max 7776 (702) steps (0.0002 hrs) -nan:-nan 2261 (7) sec
[166] Ep10000: Max 7776 (1888) steps (0.0005 hrs) -nan:-nan 2268 (7) sec
[167] Ep10000: Max 7776 (795) steps (0.0002 hrs) -nan:-nan 2275 (7) sec
[168] Ep10000: Max 7776 (2343) steps (0.0007 hrs) -nan:-nan 2285 (10) sec
[169] Ep10000: Max 7776 (1140) steps (0.0003 hrs) -nan:-nan 2296 (11) sec
[170] Ep10000: Max 7776 (1073) steps (0.0003 hrs) -nan:-nan 2302 (6) sec
[171] Ep10000: Max 7776 (994) steps (0.0003 hrs) -nan:-nan 2307 (5) sec
[172] Ep10000: Max 7776 (1733) steps (0.0005 hrs) -nan:-nan 2317 (10) sec
[173] Ep10000: Max 7776 (2344) steps (0.0007 hrs) -nan:-nan 2342 (25) sec
[174] Ep10000: Max 7776 (1761) steps (0.0005 hrs) -nan:-nan 2353 (11) sec
[175] Ep10000: Max 7776 (1487) steps (0.0004 hrs) -nan:-nan 2369 (16) sec
[176] Ep10000: Max 7776 (1172) steps (0.0003 hrs) -nan:-nan 2376 (7) sec
[177] Ep10000: Max 7776 (1974) steps (0.0005 hrs) -nan:-nan 2385 (9) sec
[178] Ep10000: Max 7776 (2306) steps (0.0006 hrs) -nan:-nan 2404 (19) sec
[179] Ep10000: Max 7776 (2522) steps (0.0007 hrs) -nan:-nan 2430 (26) sec
[180] Ep10000: Max 7776 (1499) steps (0.0004 hrs) -nan:-nan 2439 (9) sec
[181] Ep10000: Max 7776 (1600) steps (0.0004 hrs) -nan:-nan 2447 (8) sec
[182] Ep10000: Max 7776 (1472) steps (0.0004 hrs) -nan:-nan 2455 (8) sec
[183] Ep10000: Max 7776 (3068) steps (0.0009 hrs) -nan:-nan 2481 (26) sec
[184] Ep10000: Max 7776 (2036) steps (0.0006 hrs) -nan:-nan 2508 (27) sec
[185] Ep10000: Max 7776 (1851) steps (0.0005 hrs) -nan:-nan 2516 (8) sec
[186] Ep10000: Max 7776 (1514) steps (0.0004 hrs) -nan:-nan 2523 (7) sec
[187] Ep10000: Max 7776 (1358) steps (0.0004 hrs) -nan:-nan 2530 (7) sec
[188] Ep10000: Max 7776 (1015) steps (0.0003 hrs) -nan:-nan 2538 (8) sec
[189] Ep10000: Max 7776 (1891) steps (0.0005 hrs) -nan:-nan 2555 (17) sec
[190] Ep10000: Max 7776 (6515) steps (0.0018 hrs) -nan:-nan 2567 (12) sec
[191] Ep10000: Max 7776 (797) steps (0.0002 hrs) -nan:-nan 2574 (7) sec
[192] Ep10000: Max 7776 (1332) steps (0.0004 hrs) -nan:-nan 2581 (7) sec
[193] Ep10000: Max 7776 (1331) steps (0.0004 hrs) -nan:-nan 2590 (9) sec
[194] Ep10000: Max 7776 (1966) steps (0.0005 hrs) -nan:-nan 2613 (23) sec
[195] Ep10000: Max 7776 (1775) steps (0.0005 hrs) -nan:-nan 2627 (14) sec
[196] Ep10000: Max 7776 (2073) steps (0.0006 hrs) -nan:-nan 2639 (12) sec
[197] Ep10000: Max 7776 (985) steps (0.0003 hrs) -nan:-nan 2648 (9) sec
[198] Ep10000: Max 7776 (617) steps (0.0002 hrs) -nan:-nan 2654 (6) sec
[199] Ep10000: Max 7776 (6902) steps (0.0019 hrs) -nan:-nan 2706 (52) sec
[200] Ep10000: Max 7776 (625) steps (0.0002 hrs) -nan:-nan 2713 (7) sec
[201] Ep10000: Max 7776 (2047) steps (0.0006 hrs) -nan:-nan 2737 (24) sec
[202] Ep10000: Max 7776 (2404) steps (0.0007 hrs) -nan:-nan 2746 (9) sec
[203] Ep10000: Max 7776 (2094) steps (0.0006 hrs) -nan:-nan 2774 (28) sec
[204] Ep10000: Max 7776 (1507) steps (0.0004 hrs) -nan:-nan 2783 (9) sec
[205] Ep10000: Max 7776 (2160) steps (0.0006 hrs) -nan:-nan 2793 (10) sec
[206] Ep10000: Max 7776 (2173) steps (0.0006 hrs) -nan:-nan 2817 (24) sec
[207] Ep10000: Max 7776 (1872) steps (0.0005 hrs) -nan:-nan 2837 (20) sec
[208] Ep10000: Max 7776 (2728) steps (0.0008 hrs) -nan:-nan 2847 (10) sec
[209] Ep10000: Max 7776 (2512) steps (0.0007 hrs) -nan:-nan 2872 (25) sec
[210] Ep10000: Max 7776 (1183) steps (0.0003 hrs) -nan:-nan 2878 (6) sec
[211] Ep10000: Max 7776 (861) steps (0.0002 hrs) -nan:-nan 2886 (8) sec
[212] Ep10000: Max 7776 (1006) steps (0.0003 hrs) -nan:-nan 2893 (7) sec
[213] Ep10000: Max 7776 (2863) steps (0.0008 hrs) -nan:-nan 2903 (10) sec
[214] Ep10000: Max 7776 (2136) steps (0.0006 hrs) -nan:-nan 2930 (27) sec
[215] Ep10000: Max 7776 (1078) steps (0.0003 hrs) -nan:-nan 2937 (7) sec
[216] Ep10000: Max 7776 (1358) steps (0.0004 hrs) -nan:-nan 2949 (12) sec
[217] Ep10000: Max 7776 (2578) steps (0.0007 hrs) -nan:-nan 2975 (26) sec
[218] Ep10000: Max 7776 (2197) steps (0.0006 hrs) -nan:-nan 3002 (27) sec
[219] Ep10000: Max 7776 (2027) steps (0.0006 hrs) -nan:-nan 3018 (16) sec
[220] Ep10000: Max 7776 (2593) steps (0.0007 hrs) -nan:-nan 3039 (21) sec
[221] Ep10000: Max 7776 (2143) steps (0.0006 hrs) -nan:-nan 3066 (27) sec
[222] Ep10000: Max 7776 (4516) steps (0.0013 hrs) -nan:-nan 3078 (12) sec
[223] Ep10000: Max 7776 (966) steps (0.0003 hrs) -nan:-nan 3085 (7) sec
[224] Ep10000: Max 7776 (2776) steps (0.0008 hrs) -nan:-nan 3106 (21) sec
[225] Ep10000: Max 7776 (2570) steps (0.0007 hrs) -nan:-nan 3119 (13) sec
[226] Ep10000: Max 7776 (4265) steps (0.0012 hrs) -nan:-nan 3146 (27) sec
[227] Ep10000: Max 7776 (1203) steps (0.0003 hrs) -nan:-nan 3156 (10) sec
[228] Ep10000: Max 7776 (2493) steps (0.0007 hrs) -nan:-nan 3183 (27) sec
[229] Ep10000: Max 7776 (2952) steps (0.0008 hrs) -nan:-nan 3209 (26) sec
[230] Ep10000: Max 7776 (2053) steps (0.0006 hrs) -nan:-nan 3218 (9) sec
[231] Ep10000: Max 7776 (1095) steps (0.0003 hrs) -nan:-nan 3225 (7) sec
[232] Ep10000: Max 7776 (2154) steps (0.0006 hrs) -nan:-nan 3250 (25) sec
[233] Ep10000: Max 7776 (1005) steps (0.0003 hrs) -nan:-nan 3258 (8) sec
[234] Ep10000: Max 7776 (2601) steps (0.0007 hrs) -nan:-nan 3278 (20) sec
[235] Ep10000: Max 7776 (2572) steps (0.0007 hrs) -nan:-nan 3305 (27) sec
[236] Ep10000: Max 7776 (2455) steps (0.0007 hrs) -nan:-nan 3328 (23) sec
[237] Ep10000: Max 7776 (2105) steps (0.0006 hrs) -nan:-nan 3341 (13) sec
[238] Ep10000: Max 7776 (1537) steps (0.0004 hrs) -nan:-nan 3350 (9) sec
[239] Ep10000: Max 7776 (2679) steps (0.0007 hrs) -nan:-nan 3375 (25) sec
[240] Ep10000: Max 7776 (2368) steps (0.0007 hrs) -nan:-nan 3386 (11) sec
[241] Ep10000: Max 7776 (2550) steps (0.0007 hrs) -nan:-nan 3413 (27) sec
[242] Ep10000: Max 7776 (3157) steps (0.0009 hrs) -nan:-nan 3439 (26) sec
[243] Ep10000: Max 7776 (3364) steps (0.0009 hrs) -nan:-nan 3468 (29) sec
[244] Ep10000: Max 7776 (4853) steps (0.0013 hrs) -nan:-nan 3477 (9) sec
[245] Ep10000: Max 7776 (2327) steps (0.0006 hrs) -nan:-nan 3502 (25) sec
[246] Ep10000: Max 7776 (1003) steps (0.0003 hrs) -nan:-nan 3510 (8) sec
[247] Ep10000: Max 7776 (748) steps (0.0002 hrs) -nan:-nan 3517 (7) sec
[248] Ep10000: Max 7776 (2937) steps (0.0008 hrs) -nan:-nan 3532 (15) sec
[249] Ep10000: Max 7776 (1557) steps (0.0004 hrs) -nan:-nan 3539 (7) sec
[250] Ep10000: Max 7776 (2366) steps (0.0007 hrs) -nan:-nan 3549 (10) sec
[251] Ep10000: Max 7776 (2096) steps (0.0006 hrs) -nan:-nan 3573 (24) sec
[252] Ep10000: Max 7776 (1867) steps (0.0005 hrs) -nan:-nan 3586 (13) sec
[253] Ep10000: Max 7776 (2568) steps (0.0007 hrs) -nan:-nan 3605 (19) sec
[254] Ep10000: Max 7776 (855) steps (0.0002 hrs) -nan:-nan 3610 (5) sec
[255] Ep10000: Max 7776 (1037) steps (0.0003 hrs) -nan:-nan 3616 (6) sec
[256] Ep10000: Max 7776 (2966) steps (0.0008 hrs) -nan:-nan 3625 (9) sec
[257] Ep10000: Max 7776 (2017) steps (0.0006 hrs) -nan:-nan 3652 (27) sec
[258] Ep10000: Max 7776 (1301) steps (0.0004 hrs) -nan:-nan 3662 (10) sec
[259] Ep10000: Max 7776 (942) steps (0.0003 hrs) -nan:-nan 3670 (8) sec
[260] Ep10000: Max 7776 (2598) steps (0.0007 hrs) -nan:-nan 3692 (22) sec
[261] Ep10000: Max 7776 (1643) steps (0.0005 hrs) -nan:-nan 3699 (7) sec
[262] Ep10000: Max 7776 (526) steps (0.0001 hrs) -nan:-nan 3705 (6) sec
[263] Ep10000: Max 7776 (3201) steps (0.0009 hrs) -nan:-nan 3730 (25) sec
[264] Ep10000: Max 7776 (781) steps (0.0002 hrs) -nan:-nan 3736 (6) sec
[265] Ep10000: Max 7776 (1970) steps (0.0005 hrs) -nan:-nan 3755 (19) sec
[266] Ep10000: Max 7776 (1774) steps (0.0005 hrs) -nan:-nan 3763 (8) sec
[267] Ep10000: Max 7776 (1604) steps (0.0004 hrs) -nan:-nan 3772 (9) sec
[268] Ep10000: Max 7776 (2174) steps (0.0006 hrs) -nan:-nan 3793 (21) sec
[269] Ep10000: Max 7776 (2401) steps (0.0007 hrs) -nan:-nan 3822 (29) sec
[270] Ep10000: Max 7776 (3480) steps (0.0010 hrs) -nan:-nan 3830 (8) sec
[271] Ep10000: Max 7776 (1477) steps (0.0004 hrs) -nan:-nan 3837 (7) sec
[272] Ep10000: Max 7776 (2083) steps (0.0006 hrs) -nan:-nan 3856 (19) sec
[273] Ep10000: Max 7776 (997) steps (0.0003 hrs) -nan:-nan 3862 (6) sec
[274] Ep10000: Max 7776 (1512) steps (0.0004 hrs) -nan:-nan 3869 (7) sec
[275] Ep10000: Max 7776 (1923) steps (0.0005 hrs) -nan:-nan 3878 (9) sec
[276] Ep10000: Max 7776 (2452) steps (0.0007 hrs) -nan:-nan 3904 (26) sec
[277] Ep10000: Max 7776 (2398) steps (0.0007 hrs) -nan:-nan 3914 (10) sec
[278] Ep10000: Max 7776 (2195) steps (0.0006 hrs) -nan:-nan 3939 (25) sec
[279] Ep10000: Max 7776 (1496) steps (0.0004 hrs) -nan:-nan 3947 (8) sec
[280] Ep10000: Max 7776 (611) steps (0.0002 hrs) -nan:-nan 3954 (7) sec
[281] Ep10000: Max 7776 (2359) steps (0.0007 hrs) -nan:-nan 3982 (28) sec
[282] Ep10000: Max 7776 (2727) steps (0.0008 hrs) -nan:-nan 4009 (27) sec
[283] Ep10000: Max 7776 (1621) steps (0.0005 hrs) -nan:-nan 4017 (8) sec
[284] Ep10000: Max 7776 (1480) steps (0.0004 hrs) -nan:-nan 4028 (11) sec
[285] Ep10000: Max 7776 (608) steps (0.0002 hrs) -nan:-nan 4035 (7) sec
[286] Ep10000: Max 7776 (2033) steps (0.0006 hrs) -nan:-nan 4055 (20) sec
[287] Ep10000: Max 7776 (2906) steps (0.0008 hrs) -nan:-nan 4080 (25) sec
[288] Ep10000: Max 7776 (1361) steps (0.0004 hrs) -nan:-nan 4089 (9) sec
[289] Ep10000: Max 7776 (1982) steps (0.0006 hrs) -nan:-nan 4099 (10) sec
[290] Ep10000: Max 7776 (2081) steps (0.0006 hrs) -nan:-nan 4107 (8) sec
[291] Ep10000: Max 7776 (2248) steps (0.0006 hrs) -nan:-nan 4130 (23) sec
[292] Ep10000: Max 7776 (1907) steps (0.0005 hrs) -nan:-nan 4157 (27) sec
[293] Ep10000: Max 7776 (1580) steps (0.0004 hrs) -nan:-nan 4165 (8) sec
[294] Ep10000: Max 7776 (829) steps (0.0002 hrs) -nan:-nan 4172 (7) sec
[295] Ep10000: Max 7776 (2264) steps (0.0006 hrs) -nan:-nan 4190 (18) sec
[296] Ep10000: Max 7776 (2144) steps (0.0006 hrs) -nan:-nan 4215 (25) sec
[297] Ep10000: Max 7776 (1014) steps (0.0003 hrs) -nan:-nan 4221 (6) sec
[298] Ep10000: Max 7776 (3571) steps (0.0010 hrs) -nan:-nan 4245 (24) sec
[299] Ep10000: Max 7776 (4247) steps (0.0012 hrs) -nan:-nan 4252 (7) sec
[300] Ep10000: Max 7776 (2338) steps (0.0006 hrs) -nan:-nan 4264 (12) sec
[301] Ep10000: Max 7776 (1714) steps (0.0005 hrs) -nan:-nan 4279 (15) sec
[302] Ep10000: Max 7776 (2281) steps (0.0006 hrs) -nan:-nan 4303 (24) sec
[303] Ep10000: Max 7776 (3715) steps (0.0010 hrs) -nan:-nan 4320 (17) sec
[304] Ep10000: Max 7776 (2589) steps (0.0007 hrs) -nan:-nan 4335 (15) sec
[305] Ep10000: Max 7776 (2120) steps (0.0006 hrs) -nan:-nan 4355 (20) sec
[306] Ep10000: Max 7776 (2421) steps (0.0007 hrs) -nan:-nan 4361 (6) sec
[307] Ep10000: Max 7776 (2631) steps (0.0007 hrs) -nan:-nan 4383 (22) sec
[308] Ep10000: Max 7776 (2545) steps (0.0007 hrs) -nan:-nan 4407 (24) sec
[309] Ep10000: Max 7776 (624) steps (0.0002 hrs) -nan:-nan 4413 (6) sec
[310] Ep10000: Max 7776 (5368) steps (0.0015 hrs) -nan:-nan 4427 (14) sec
[311] Ep10000: Max 7776 (2547) steps (0.0007 hrs) -nan:-nan 4446 (19) sec
[312] Ep10000: Max 7776 (1347) steps (0.0004 hrs) -nan:-nan 4453 (7) sec
[313] Ep10000: Max 7776 (1878) steps (0.0005 hrs) -nan:-nan 4462 (9) sec
[314] Ep10000: Max 7776 (1239) steps (0.0003 hrs) -nan:-nan 4469 (7) sec
[315] Ep10000: Max 7776 (4060) steps (0.0011 hrs) -nan:-nan 4498 (29) sec
[316] Ep10000: Max 7776 (3220) steps (0.0009 hrs) -nan:-nan 4521 (23) sec
[317] Ep10000: Max 7776 (2079) steps (0.0006 hrs) -nan:-nan 4548 (27) sec
[318] Ep10000: Max 7776 (1824) steps (0.0005 hrs) -nan:-nan 4562 (14) sec
[319] Ep10000: Max 7776 (2012) steps (0.0006 hrs) -nan:-nan 4569 (7) sec
[320] Ep10000: Max 7776 (1883) steps (0.0005 hrs) -nan:-nan 4579 (10) sec
[321] Ep10000: Max 7776 (3402) steps (0.0009 hrs) -nan:-nan 4590 (11) sec
[322] Ep10000: Max 7776 (2049) steps (0.0006 hrs) -nan:-nan 4602 (12) sec
[323] Ep10000: Max 7776 (6182) steps (0.0017 hrs) -nan:-nan 4620 (18) sec
[324] Ep10000: Max 7776 (2367) steps (0.0007 hrs) -nan:-nan 4640 (20) sec
[325] Ep10000: Max 7776 (2160) steps (0.0006 hrs) -nan:-nan 4667 (27) sec
[326] Ep10000: Max 7776 (1229) steps (0.0003 hrs) -nan:-nan 4678 (11) sec
[327] Ep10000: Max 7776 (2543) steps (0.0007 hrs) -nan:-nan 4685 (7) sec
[328] Ep10000: Max 7776 (1995) steps (0.0006 hrs) -nan:-nan 4709 (24) sec
[329] Ep10000: Max 7776 (762) steps (0.0002 hrs) -nan:-nan 4716 (7) sec
[330] Ep10000: Max 7776 (1351) steps (0.0004 hrs) -nan:-nan 4724 (8) sec
[331] Ep10000: Max 7776 (2320) steps (0.0006 hrs) -nan:-nan 4737 (13) sec
[332] Ep10000: Max 7776 (2384) steps (0.0007 hrs) -nan:-nan 4745 (8) sec
[333] Ep10000: Max 7776 (2635) steps (0.0007 hrs) -nan:-nan 4770 (25) sec
[334] Ep10000: Max 7776 (3399) steps (0.0009 hrs) -nan:-nan 4797 (27) sec
[335] Ep10000: Max 7776 (2121) steps (0.0006 hrs) -nan:-nan 4805 (8) sec
[336] Ep10000: Max 7776 (2131) steps (0.0006 hrs) -nan:-nan 4824 (19) sec
[337] Ep10000: Max 7776 (2537) steps (0.0007 hrs) -nan:-nan 4850 (26) sec
[338] Ep10000: Max 7776 (1624) steps (0.0005 hrs) -nan:-nan 4859 (9) sec
[339] Ep10000: Max 7776 (3338) steps (0.0009 hrs) -nan:-nan 4880 (21) sec
[340] Ep10000: Max 7776 (3202) steps (0.0009 hrs) -nan:-nan 4908 (28) sec
[341] Ep10000: Max 7776 (595) steps (0.0002 hrs) -nan:-nan 4916 (8) sec
[342] Ep10000: Max 7776 (2467) steps (0.0007 hrs) -nan:-nan 4925 (9) sec
[343] Ep10000: Max 7776 (3554) steps (0.0010 hrs) -nan:-nan 4949 (24) sec
[344] Ep10000: Max 7776 (2667) steps (0.0007 hrs) -nan:-nan 4970 (21) sec
[345] Ep10000: Max 7776 (790) steps (0.0002 hrs) -nan:-nan 4977 (7) sec
[346] Ep10000: Max 7776 (1571) steps (0.0004 hrs) -nan:-nan 4988 (11) sec
[347] Ep10000: Max 7776 (2117) steps (0.0006 hrs) -nan:-nan 4998 (10) sec
[348] Ep10000: Max 7776 (2588) steps (0.0007 hrs) -nan:-nan 5025 (27) sec
[349] Ep10000: Max 7776 (999) steps (0.0003 hrs) -nan:-nan 5033 (8) sec
[350] Ep10000: Max 7776 (4223) steps (0.0012 hrs) -nan:-nan 5048 (15) sec
[351] Ep10000: Max 7776 (2083) steps (0.0006 hrs) -nan:-nan 5064 (16) sec
[352] Ep10000: Max 7776 (2799) steps (0.0008 hrs) -nan:-nan 5081 (17) sec
[353] Ep10000: Max 7776 (2118) steps (0.0006 hrs) -nan:-nan 5103 (22) sec
[354] Ep10000: Max 7776 (1846) steps (0.0005 hrs) -nan:-nan 5111 (8) sec
[355] Ep10000: Max 7776 (1415) steps (0.0004 hrs) -nan:-nan 5119 (8) sec
[356] Ep10000: Max 7776 (2103) steps (0.0006 hrs) -nan:-nan 5145 (26) sec
[357] Ep10000: Max 7776 (2694) steps (0.0007 hrs) -nan:-nan 5170 (25) sec
[358] Ep10000: Max 7776 (832) steps (0.0002 hrs) -nan:-nan 5177 (7) sec
[359] Ep10000: Max 7776 (2447) steps (0.0007 hrs) -nan:-nan 5203 (26) sec
[360] Ep10000: Max 7776 (730) steps (0.0002 hrs) -nan:-nan 5209 (6) sec
[361] Ep10000: Max 7776 (2622) steps (0.0007 hrs) -nan:-nan 5234 (25) sec
[362] Ep10000: Max 7776 (780) steps (0.0002 hrs) -nan:-nan 5241 (7) sec
[363] Ep10000: Max 7776 (1894) steps (0.0005 hrs) -nan:-nan 5248 (7) sec
[364] Ep10000: Max 7776 (3145) steps (0.0009 hrs) -nan:-nan 5257 (9) sec
[365] Ep10000: Max 7776 (950) steps (0.0003 hrs) -nan:-nan 5264 (7) sec
[366] Ep10000: Max 7776 (2701) steps (0.0008 hrs) -nan:-nan 5287 (23) sec
[367] Ep10000: Max 7776 (2509) steps (0.0007 hrs) -nan:-nan 5307 (20) sec
[368] Ep10000: Max 7776 (2664) steps (0.0007 hrs) -nan:-nan 5328 (21) sec
[369] Ep10000: Max 7776 (1595) steps (0.0004 hrs) -nan:-nan 5335 (7) sec
[370] Ep10000: Max 7776 (4541) steps (0.0013 hrs) -nan:-nan 5351 (16) sec
[371] Ep10000: Max 7776 (2595) steps (0.0007 hrs) -nan:-nan 5378 (27) sec
[372] Ep10000: Max 7776 (1974) steps (0.0005 hrs) -nan:-nan 5390 (12) sec
[373] Ep10000: Max 7776 (1997) steps (0.0006 hrs) -nan:-nan 5398 (8) sec
[374] Ep10000: Max 7776 (2089) steps (0.0006 hrs) -nan:-nan 5421 (23) sec
[375] Ep10000: Max 7776 (2668) steps (0.0007 hrs) -nan:-nan 5446 (25) sec
[376] Ep10000: Max 7776 (1702) steps (0.0005 hrs) -nan:-nan 5459 (13) sec
[377] Ep10000: Max 7776 (3282) steps (0.0009 hrs) -nan:-nan 5486 (27) sec
[378] Ep10000: Max 7776 (1843) steps (0.0005 hrs) -nan:-nan 5503 (17) sec
[379] Ep10000: Max 7776 (4176) steps (0.0012 hrs) -nan:-nan 5514 (11) sec
[380] Ep10000: Max 7776 (3223) steps (0.0009 hrs) -nan:-nan 5539 (25) sec
[381] Ep10000: Max 7776 (2289) steps (0.0006 hrs) -nan:-nan 5566 (27) sec
[382] Ep10000: Max 7776 (2134) steps (0.0006 hrs) -nan:-nan 5593 (27) sec
[383] Ep10000: Max 7776 (1428) steps (0.0004 hrs) -nan:-nan 5599 (6) sec
[384] Ep10000: Max 7776 (2188) steps (0.0006 hrs) -nan:-nan 5623 (24) sec
[385] Ep10000: Max 7776 (1869) steps (0.0005 hrs) -nan:-nan 5650 (27) sec
[386] Ep10000: Max 7776 (1574) steps (0.0004 hrs) -nan:-nan 5659 (9) sec
[387] Ep10000: Max 7776 (2144) steps (0.0006 hrs) -nan:-nan 5674 (15) sec
[388] Ep10000: Max 7776 (1045) steps (0.0003 hrs) -nan:-nan 5684 (10) sec
[389] Ep10000: Max 7776 (2195) steps (0.0006 hrs) -nan:-nan 5711 (27) sec
[390] Ep10000: Max 7776 (2025) steps (0.0006 hrs) -nan:-nan 5718 (7) sec
[391] Ep10000: Max 7776 (4142) steps (0.0012 hrs) -nan:-nan 5740 (22) sec
[392] Ep10000: Max 7776 (1371) steps (0.0004 hrs) -nan:-nan 5749 (9) sec
[393] Ep10000: Max 7776 (4081) steps (0.0011 hrs) -nan:-nan 5760 (11) sec
[394] Ep10000: Max 7776 (2068) steps (0.0006 hrs) -nan:-nan 5788 (28) sec
[395] Ep10000: Max 7776 (2984) steps (0.0008 hrs) -nan:-nan 5813 (25) sec
[396] Ep10000: Max 7776 (1924) steps (0.0005 hrs) -nan:-nan 5839 (26) sec
[397] Ep10000: Max 7776 (914) steps (0.0003 hrs) -nan:-nan 5846 (7) sec
[398] Ep10000: Max 7776 (2832) steps (0.0008 hrs) -nan:-nan 5873 (27) sec
[399] Ep10000: Max 7776 (2189) steps (0.0006 hrs) -nan:-nan 5891 (18) sec
[400] Ep10000: Max 7776 (2472) steps (0.0007 hrs) -nan:-nan 5915 (24) sec
[401] Ep10000: Max 7776 (1599) steps (0.0004 hrs) -nan:-nan 5924 (9) sec
[402] Ep10000: Max 7776 (1744) steps (0.0005 hrs) -nan:-nan 5943 (19) sec
[403] Ep10000: Max 7776 (1185) steps (0.0003 hrs) -nan:-nan 5950 (7) sec
[404] Ep10000: Max 7776 (2042) steps (0.0006 hrs) -nan:-nan 5975 (25) sec
[405] Ep10000: Max 7776 (2448) steps (0.0007 hrs) -nan:-nan 5997 (22) sec
[406] Ep10000: Max 7776 (1855) steps (0.0005 hrs) -nan:-nan 6009 (12) sec
[407] Ep10000: Max 7776 (2078) steps (0.0006 hrs) -nan:-nan 6018 (9) sec
[408] Ep10000: Max 7776 (2253) steps (0.0006 hrs) -nan:-nan 6043 (25) sec
[409] Ep10000: Max 7776 (3130) steps (0.0009 hrs) -nan:-nan 6054 (11) sec
[410] Ep10000: Max 7776 (1348) steps (0.0004 hrs) -nan:-nan 6066 (12) sec
[411] Ep10000: Max 7776 (959) steps (0.0003 hrs) -nan:-nan 6073 (7) sec
[412] Ep10000: Max 7776 (2493) steps (0.0007 hrs) -nan:-nan 6082 (9) sec
[413] Ep10000: Max 7776 (2416) steps (0.0007 hrs) -nan:-nan 6106 (24) sec
[414] Ep10000: Max 7776 (852) steps (0.0002 hrs) -nan:-nan 6112 (6) sec
[415] Ep10000: Max 7776 (2307) steps (0.0006 hrs) -nan:-nan 6140 (28) sec
[416] Ep10000: Max 7776 (1710) steps (0.0005 hrs) -nan:-nan 6148 (8) sec
[417] Ep10000: Max 7776 (2427) steps (0.0007 hrs) -nan:-nan 6163 (15) sec
[418] Ep10000: Max 7776 (1641) steps (0.0005 hrs) -nan:-nan 6170 (7) sec
[419] Ep10000: Max 7776 (1914) steps (0.0005 hrs) -nan:-nan 6182 (12) sec
[420] Ep10000: Max 7776 (2092) steps (0.0006 hrs) -nan:-nan 6191 (9) sec
[421] Ep10000: Max 7776 (6263) steps (0.0017 hrs) -nan:-nan 6208 (17) sec
[422] Ep10000: Max 7776 (2235) steps (0.0006 hrs) -nan:-nan 6216 (8) sec
[423] Ep10000: Max 7776 (2725) steps (0.0008 hrs) -nan:-nan 6227 (11) sec
[424] Ep10000: Max 7776 (2689) steps (0.0007 hrs) -nan:-nan 6238 (11) sec
[425] Ep10000: Max 7776 (2000) steps (0.0006 hrs) -nan:-nan 6249 (11) sec
[426] Ep10000: Max 7776 (4305) steps (0.0012 hrs) -nan:-nan 6263 (14) sec
[427] Ep10000: Max 7776 (1805) steps (0.0005 hrs) -nan:-nan 6277 (14) sec
[428] Ep10000: Max 7776 (2169) steps (0.0006 hrs) -nan:-nan 6289 (12) sec
[429] Ep10000: Max 7776 (1098) steps (0.0003 hrs) -nan:-nan 6298 (9) sec
[430] Ep10000: Max 7776 (1285) steps (0.0004 hrs) -nan:-nan 6305 (7) sec
[431] Ep10000: Max 7776 (1417) steps (0.0004 hrs) -nan:-nan 6311 (6) sec
[432] Ep10000: Max 7776 (5622) steps (0.0016 hrs) -nan:-nan 6323 (12) sec
[433] Ep10000: Max 7776 (5727) steps (0.0016 hrs) -nan:-nan 6333 (10) sec
[434] Ep10000: Max 7776 (2655) steps (0.0007 hrs) -nan:-nan 6356 (23) sec
[435] Ep10000: Max 7776 (1040) steps (0.0003 hrs) -nan:-nan 6363 (7) sec
[436] Ep10000: Max 7776 (2583) steps (0.0007 hrs) -nan:-nan 6382 (19) sec
[437] Ep10000: Max 7776 (1780) steps (0.0005 hrs) -nan:-nan 6389 (7) sec
[438] Ep10000: Max 7776 (2226) steps (0.0006 hrs) -nan:-nan 6414 (25) sec
[439] Ep10000: Max 7776 (2046) steps (0.0006 hrs) -nan:-nan 6424 (10) sec
[440] Ep10000: Max 7776 (1885) steps (0.0005 hrs) -nan:-nan 6431 (7) sec
[441] Ep10000: Max 7776 (1158) steps (0.0003 hrs) -nan:-nan 6438 (7) sec
[442] Ep10000: Max 7776 (2244) steps (0.0006 hrs) -nan:-nan 6464 (26) sec
[443] Ep10000: Max 7776 (2209) steps (0.0006 hrs) -nan:-nan 6479 (15) sec
[444] Ep10000: Max 7776 (856) steps (0.0002 hrs) -nan:-nan 6486 (7) sec
[445] Ep10000: Max 7776 (750) steps (0.0002 hrs) -nan:-nan 6493 (7) sec
[446] Ep10000: Max 7776 (1068) steps (0.0003 hrs) -nan:-nan 6499 (6) sec
[447] Ep10000: Max 7776 (2308) steps (0.0006 hrs) -nan:-nan 6523 (24) sec
[448] Ep10000: Max 7776 (1413) steps (0.0004 hrs) -nan:-nan 6529 (6) sec
[449] Ep10000: Max 7776 (986) steps (0.0003 hrs) -nan:-nan 6536 (7) sec
[450] Ep10000: Max 7776 (2174) steps (0.0006 hrs) -nan:-nan 6553 (17) sec
[451] Ep10000: Max 7776 (1363) steps (0.0004 hrs) -nan:-nan 6560 (7) sec
[452] Ep10000: Max 7776 (2112) steps (0.0006 hrs) -nan:-nan 6584 (24) sec
[453] Ep10000: Max 7776 (997) steps (0.0003 hrs) -nan:-nan 6591 (7) sec
[454] Ep10000: Max 7776 (1317) steps (0.0004 hrs) -nan:-nan 6598 (7) sec
[455] Ep10000: Max 7776 (2542) steps (0.0007 hrs) -nan:-nan 6623 (25) sec
[456] Ep10000: Max 7776 (2306) steps (0.0006 hrs) -nan:-nan 6638 (15) sec
[457] Ep10000: Max 7776 (2304) steps (0.0006 hrs) -nan:-nan 6646 (8) sec
[458] Ep10000: Max 7776 (2185) steps (0.0006 hrs) -nan:-nan 6656 (10) sec
[459] Ep10000: Max 7776 (2026) steps (0.0006 hrs) -nan:-nan 6667 (11) sec
[460] Ep10000: Max 7776 (2638) steps (0.0007 hrs) -nan:-nan 6689 (22) sec
[461] Ep10000: Max 7776 (1462) steps (0.0004 hrs) -nan:-nan 6701 (12) sec
[462] Ep10000: Max 7776 (1093) steps (0.0003 hrs) -nan:-nan 6708 (7) sec
[463] Ep10000: Max 7776 (3024) steps (0.0008 hrs) -nan:-nan 6716 (8) sec
[464] Ep10000: Max 7776 (2796) steps (0.0008 hrs) -nan:-nan 6727 (11) sec
[465] Ep10000: Max 7776 (809) steps (0.0002 hrs) -nan:-nan 6734 (7) sec
[466] Ep10000: Max 7776 (898) steps (0.0002 hrs) -nan:-nan 6742 (8) sec
[467] Ep10000: Max 7776 (2025) steps (0.0006 hrs) -nan:-nan 6767 (25) sec
[468] Ep10000: Max 7776 (1322) steps (0.0004 hrs) -nan:-nan 6774 (7) sec
[469] Ep10000: Max 7776 (2069) steps (0.0006 hrs) -nan:-nan 6800 (26) sec
[470] Ep10000: Max 7776 (2942) steps (0.0008 hrs) -nan:-nan 6824 (24) sec
[471] Ep10000: Max 7776 (2813) steps (0.0008 hrs) -nan:-nan 6838 (14) sec
[472] Ep10000: Max 7776 (2448) steps (0.0007 hrs) -nan:-nan 6863 (25) sec
[473] Ep10000: Max 7776 (1499) steps (0.0004 hrs) -nan:-nan 6871 (8) sec
[474] Ep10000: Max 7776 (2226) steps (0.0006 hrs) -nan:-nan 6896 (25) sec
[475] Ep10000: Max 7776 (1421) steps (0.0004 hrs) -nan:-nan 6905 (9) sec
[476] Ep10000: Max 7776 (2134) steps (0.0006 hrs) -nan:-nan 6931 (26) sec
[477] Ep10000: Max 7776 (3175) steps (0.0009 hrs) -nan:-nan 6948 (17) sec
[478] Ep10000: Max 7776 (727) steps (0.0002 hrs) -nan:-nan 6953 (5) sec
[479] Ep10000: Max 7776 (3585) steps (0.0010 hrs) -nan:-nan 6980 (27) sec
[480] Ep10000: Max 7776 (2165) steps (0.0006 hrs) -nan:-nan 7005 (25) sec
[481] Ep10000: Max 7776 (1401) steps (0.0004 hrs) -nan:-nan 7011 (6) sec
[482] Ep10000: Max 7776 (1496) steps (0.0004 hrs) -nan:-nan 7018 (7) sec
[483] Ep10000: Max 7776 (3065) steps (0.0009 hrs) -nan:-nan 7041 (23) sec
[484] Ep10000: Max 7776 (1398) steps (0.0004 hrs) -nan:-nan 7048 (7) sec
[485] Ep10000: Max 7776 (2018) steps (0.0006 hrs) -nan:-nan 7073 (25) sec
[486] Ep10000: Max 7776 (2410) steps (0.0007 hrs) -nan:-nan 7097 (24) sec
[487] Ep10000: Max 7776 (1321) steps (0.0004 hrs) -nan:-nan 7105 (8) sec
[488] Ep10000: Max 7776 (1450) steps (0.0004 hrs) -nan:-nan 7112 (7) sec
[489] Ep10000: Max 7776 (1544) steps (0.0004 hrs) -nan:-nan 7125 (13) sec
[490] Ep10000: Max 7776 (1881) steps (0.0005 hrs) -nan:-nan 7131 (6) sec
[491] Ep10000: Max 7776 (2329) steps (0.0006 hrs) -nan:-nan 7138 (7) sec
[492] Ep10000: Max 7776 (2456) steps (0.0007 hrs) -nan:-nan 7162 (24) sec
[493] Ep10000: Max 7776 (1379) steps (0.0004 hrs) -nan:-nan 7168 (6) sec
[494] Ep10000: Max 7776 (1208) steps (0.0003 hrs) -nan:-nan 7175 (7) sec
[495] Ep10000: Max 7776 (1622) steps (0.0005 hrs) -nan:-nan 7183 (8) sec
[496] Ep10000: Max 7776 (2506) steps (0.0007 hrs) -nan:-nan 7191 (8) sec
[497] Ep10000: Max 7776 (829) steps (0.0002 hrs) -nan:-nan 7198 (7) sec
[498] Ep10000: Max 7776 (1440) steps (0.0004 hrs) -nan:-nan 7204 (6) sec
[499] Ep10000: Max 7776 (2047) steps (0.0006 hrs) -nan:-nan 7212 (8) sec
[500] Ep10000: Max 7776 (2595) steps (0.0007 hrs) -nan:-nan 7236 (24) sec
[501] Ep10000: Max 7776 (1703) steps (0.0005 hrs) -nan:-nan 7243 (7) sec
[502] Ep10000: Max 7776 (1603) steps (0.0004 hrs) -nan:-nan 7251 (8) sec
[503] Ep10000: Max 7776 (2102) steps (0.0006 hrs) -nan:-nan 7260 (9) sec
[504] Ep10000: Max 7776 (674) steps (0.0002 hrs) -nan:-nan 7267 (7) sec
[505] Ep10000: Max 7776 (2512) steps (0.0007 hrs) -nan:-nan 7294 (27) sec
[506] Ep10000: Max 7776 (1978) steps (0.0005 hrs) -nan:-nan 7309 (15) sec
[507] Ep10000: Max 7776 (1265) steps (0.0004 hrs) -nan:-nan 7319 (10) sec
[508] Ep10000: Max 7776 (1100) steps (0.0003 hrs) -nan:-nan 7326 (7) sec
[509] Ep10000: Max 7776 (5390) steps (0.0015 hrs) -nan:-nan 7343 (17) sec
[510] Ep10000: Max 7776 (2129) steps (0.0006 hrs) -nan:-nan 7362 (19) sec
[511] Ep10000: Max 7776 (1069) steps (0.0003 hrs) -nan:-nan 7368 (6) sec
[512] Ep10000: Max 7776 (2108) steps (0.0006 hrs) -nan:-nan 7375 (7) sec
[513] Ep10000: Max 7776 (1426) steps (0.0004 hrs) -nan:-nan 7381 (6) sec
[514] Ep10000: Max 7776 (1127) steps (0.0003 hrs) -nan:-nan 7391 (10) sec
[515] Ep10000: Max 7776 (2603) steps (0.0007 hrs) -nan:-nan 7400 (9) sec
[516] Ep10000: Max 7776 (2147) steps (0.0006 hrs) -nan:-nan 7414 (14) sec
[517] Ep10000: Max 7776 (2039) steps (0.0006 hrs) -nan:-nan 7441 (27) sec
[518] Ep10000: Max 7776 (2429) steps (0.0007 hrs) -nan:-nan 7467 (26) sec
[519] Ep10000: Max 7776 (616) steps (0.0002 hrs) -nan:-nan 7474 (7) sec
[520] Ep10000: Max 7776 (1539) steps (0.0004 hrs) -nan:-nan 7480 (6) sec
[521] Ep10000: Max 7776 (2288) steps (0.0006 hrs) -nan:-nan 7499 (19) sec
[522] Ep10000: Max 7776 (3157) steps (0.0009 hrs) -nan:-nan 7518 (19) sec
[523] Ep10000: Max 7776 (2303) steps (0.0006 hrs) -nan:-nan 7546 (28) sec
[524] Ep10000: Max 7776 (1384) steps (0.0004 hrs) -nan:-nan 7555 (9) sec
[525] Ep10000: Max 7776 (1764) steps (0.0005 hrs) -nan:-nan 7572 (17) sec
[526] Ep10000: Max 7776 (1397) steps (0.0004 hrs) -nan:-nan 7579 (7) sec
[527] Ep10000: Max 7776 (1242) steps (0.0003 hrs) -nan:-nan 7587 (8) sec
[528] Ep10000: Max 7776 (2888) steps (0.0008 hrs) -nan:-nan 7610 (23) sec
[529] Ep10000: Max 7776 (1852) steps (0.0005 hrs) -nan:-nan 7618 (8) sec
[530] Ep10000: Max 7776 (1337) steps (0.0004 hrs) -nan:-nan 7627 (9) sec
[531] Ep10000: Max 7776 (2675) steps (0.0007 hrs) -nan:-nan 7652 (25) sec
[532] Ep10000: Max 7776 (2195) steps (0.0006 hrs) -nan:-nan 7678 (26) sec
[533] Ep10000: Max 7776 (1553) steps (0.0004 hrs) -nan:-nan 7684 (6) sec
[534] Ep10000: Max 7776 (1585) steps (0.0004 hrs) -nan:-nan 7692 (8) sec
[535] Ep10000: Max 7776 (2009) steps (0.0006 hrs) -nan:-nan 7715 (23) sec
[536] Ep10000: Max 7776 (2776) steps (0.0008 hrs) -nan:-nan 7740 (25) sec
[537] Ep10000: Max 7776 (2258) steps (0.0006 hrs) -nan:-nan 7764 (24) sec
[538] Ep10000: Max 7776 (1774) steps (0.0005 hrs) -nan:-nan 7773 (9) sec
[539] Ep10000: Max 7776 (1238) steps (0.0003 hrs) -nan:-nan 7780 (7) sec
[540] Ep10000: Max 7776 (2962) steps (0.0008 hrs) -nan:-nan 7803 (23) sec
[541] Ep10000: Max 7776 (2344) steps (0.0007 hrs) -nan:-nan 7821 (18) sec
[542] Ep10000: Max 7776 (4885) steps (0.0014 hrs) -nan:-nan 7831 (10) sec
[543] Ep10000: Max 7776 (653) steps (0.0002 hrs) -nan:-nan 7838 (7) sec
[544] Ep10000: Max 7776 (2058) steps (0.0006 hrs) -nan:-nan 7859 (21) sec
[545] Ep10000: Max 7776 (2567) steps (0.0007 hrs) -nan:-nan 7886 (27) sec
[546] Ep10000: Max 7776 (894) steps (0.0002 hrs) -nan:-nan 7893 (7) sec
[547] Ep10000: Max 7776 (1537) steps (0.0004 hrs) -nan:-nan 7900 (7) sec
[548] Ep10000: Max 7776 (794) steps (0.0002 hrs) -nan:-nan 7907 (7) sec
[549] Ep10000: Max 7776 (3967) steps (0.0011 hrs) -nan:-nan 7934 (27) sec
[550] Ep10000: Max 7776 (2730) steps (0.0008 hrs) -nan:-nan 7957 (23) sec
[551] Ep10000: Max 7776 (2080) steps (0.0006 hrs) -nan:-nan 7966 (9) sec
[552] Ep10000: Max 7776 (2756) steps (0.0008 hrs) -nan:-nan 7989 (23) sec
[553] Ep10000: Max 7776 (2918) steps (0.0008 hrs) -nan:-nan 8000 (11) sec
[554] Ep10000: Max 7776 (3358) steps (0.0009 hrs) -nan:-nan 8028 (28) sec
[555] Ep10000: Max 7776 (1632) steps (0.0005 hrs) -nan:-nan 8035 (7) sec
[556] Ep10000: Max 7776 (3081) steps (0.0009 hrs) -nan:-nan 8061 (26) sec
[557] Ep10000: Max 7776 (2735) steps (0.0008 hrs) -nan:-nan 8076 (15) sec
[558] Ep10000: Max 7776 (865) steps (0.0002 hrs) -nan:-nan 8085 (9) sec
[559] Ep10000: Max 7776 (2372) steps (0.0007 hrs) -nan:-nan 8111 (26) sec
[560] Ep10000: Max 7776 (1882) steps (0.0005 hrs) -nan:-nan 8124 (13) sec
[561] Ep10000: Max 7776 (1832) steps (0.0005 hrs) -nan:-nan 8131 (7) sec
[562] Ep10000: Max 7776 (2876) steps (0.0008 hrs) -nan:-nan 8158 (27) sec
[563] Ep10000: Max 7776 (1620) steps (0.0005 hrs) -nan:-nan 8169 (11) sec
[564] Ep10000: Max 7776 (2169) steps (0.0006 hrs) -nan:-nan 8197 (28) sec
[565] Ep10000: Max 7776 (1236) steps (0.0003 hrs) -nan:-nan 8205 (8) sec
[566] Ep10000: Max 7776 (2260) steps (0.0006 hrs) -nan:-nan 8232 (27) sec
[567] Ep10000: Max 7776 (2091) steps (0.0006 hrs) -nan:-nan 8258 (26) sec
[568] Ep10000: Max 7776 (2433) steps (0.0007 hrs) -nan:-nan 8275 (17) sec
[569] Ep10000: Max 7776 (985) steps (0.0003 hrs) -nan:-nan 8281 (6) sec
[570] Ep10000: Max 7776 (1208) steps (0.0003 hrs) -nan:-nan 8289 (8) sec
[571] Ep10000: Max 7776 (3004) steps (0.0008 hrs) -nan:-nan 8297 (8) sec
[572] Ep10000: Max 7776 (1224) steps (0.0003 hrs) -nan:-nan 8305 (8) sec
[573] Ep10000: Max 7776 (3598) steps (0.0010 hrs) -nan:-nan 8320 (15) sec
[574] Ep10000: Max 7776 (511) steps (0.0001 hrs) -nan:-nan 8326 (6) sec
[575] Ep10000: Max 7776 (1622) steps (0.0005 hrs) -nan:-nan 8338 (12) sec
[576] Ep10000: Max 7776 (1102) steps (0.0003 hrs) -nan:-nan 8346 (8) sec
[577] Ep10000: Max 7776 (4281) steps (0.0012 hrs) -nan:-nan 8363 (17) sec
[578] Ep10000: Max 7776 (1269) steps (0.0004 hrs) -nan:-nan 8370 (7) sec
[579] Ep10000: Max 7776 (2213) steps (0.0006 hrs) -nan:-nan 8395 (25) sec
[580] Ep10000: Max 7776 (2021) steps (0.0006 hrs) -nan:-nan 8403 (8) sec
[581] Ep10000: Max 7776 (3457) steps (0.0010 hrs) -nan:-nan 8414 (11) sec
[582] Ep10000: Max 7776 (2724) steps (0.0008 hrs) -nan:-nan 8441 (27) sec
[583] Ep10000: Max 7776 (1066) steps (0.0003 hrs) -nan:-nan 8448 (7) sec
[584] Ep10000: Max 7776 (2442) steps (0.0007 hrs) -nan:-nan 8473 (25) sec
[585] Ep10000: Max 7776 (2276) steps (0.0006 hrs) -nan:-nan 8499 (26) sec
[586] Ep10000: Max 7776 (808) steps (0.0002 hrs) -nan:-nan 8508 (9) sec
[587] Ep10000: Max 7776 (2908) steps (0.0008 hrs) -nan:-nan 8517 (9) sec
[588] Ep10000: Max 7776 (2614) steps (0.0007 hrs) -nan:-nan 8539 (22) sec
[589] Ep10000: Max 7776 (1856) steps (0.0005 hrs) -nan:-nan 8565 (26) sec
[590] Ep10000: Max 7776 (1145) steps (0.0003 hrs) -nan:-nan 8571 (6) sec
[591] Ep10000: Max 7776 (2763) steps (0.0008 hrs) -nan:-nan 8590 (19) sec
[592] Ep10000: Max 7776 (1592) steps (0.0004 hrs) -nan:-nan 8603 (13) sec
[593] Ep10000: Max 7776 (2059) steps (0.0006 hrs) -nan:-nan 8630 (27) sec
[594] Ep10000: Max 7776 (1942) steps (0.0005 hrs) -nan:-nan 8639 (9) sec
[595] Ep10000: Max 7776 (3358) steps (0.0009 hrs) -nan:-nan 8648 (9) sec
[596] Ep10000: Max 7776 (2292) steps (0.0006 hrs) -nan:-nan 8655 (7) sec
[597] Ep10000: Max 7776 (1080) steps (0.0003 hrs) -nan:-nan 8662 (7) sec
[598] Ep10000: Max 7776 (2617) steps (0.0007 hrs) -nan:-nan 8688 (26) sec
[599] Ep10000: Max 7776 (1680) steps (0.0005 hrs) -nan:-nan 8697 (9) sec
[600] Ep10000: Max 7776 (3514) steps (0.0010 hrs) -nan:-nan 8722 (25) sec
[601] Ep10000: Max 7776 (2113) steps (0.0006 hrs) -nan:-nan 8736 (14) sec
[602] Ep10000: Max 7776 (1470) steps (0.0004 hrs) -nan:-nan 8749 (13) sec
[603] Ep10000: Max 7776 (2171) steps (0.0006 hrs) -nan:-nan 8769 (20) sec
[604] Ep10000: Max 7776 (1886) steps (0.0005 hrs) -nan:-nan 8777 (8) sec
[605] Ep10000: Max 7776 (3024) steps (0.0008 hrs) -nan:-nan 8802 (25) sec
[606] Ep10000: Max 7776 (2600) steps (0.0007 hrs) -nan:-nan 8829 (27) sec
[607] Ep10000: Max 7776 (714) steps (0.0002 hrs) -nan:-nan 8836 (7) sec
[608] Ep10000: Max 7776 (3630) steps (0.0010 hrs) -nan:-nan 8860 (24) sec
[609] Ep10000: Max 7776 (1784) steps (0.0005 hrs) -nan:-nan 8873 (13) sec
[610] Ep10000: Max 7776 (6268) steps (0.0017 hrs) -nan:-nan 8885 (12) sec
[611] Ep10000: Max 7776 (2551) steps (0.0007 hrs) -nan:-nan 8912 (27) sec
[612] Ep10000: Max 7776 (2393) steps (0.0007 hrs) -nan:-nan 8939 (27) sec
[613] Ep10000: Max 7776 (1817) steps (0.0005 hrs) -nan:-nan 8949 (10) sec
[614] Ep10000: Max 7776 (2246) steps (0.0006 hrs) -nan:-nan 8974 (25) sec
[615] Ep10000: Max 7776 (871) steps (0.0002 hrs) -nan:-nan 8981 (7) sec
[616] Ep10000: Max 7776 (2421) steps (0.0007 hrs) -nan:-nan 9005 (24) sec
[617] Ep10000: Max 7776 (2554) steps (0.0007 hrs) -nan:-nan 9028 (23) sec
[618] Ep10000: Max 7776 (2340) steps (0.0007 hrs) -nan:-nan 9053 (25) sec
[619] Ep10000: Max 7776 (2436) steps (0.0007 hrs) -nan:-nan 9072 (19) sec
[620] Ep10000: Max 7776 (4131) steps (0.0011 hrs) -nan:-nan 9091 (19) sec
[621] Ep10000: Max 7776 (1035) steps (0.0003 hrs) -nan:-nan 9099 (8) sec
[622] Ep10000: Max 7776 (3148) steps (0.0009 hrs) -nan:-nan 9127 (28) sec
[623] Ep10000: Max 7776 (2410) steps (0.0007 hrs) -nan:-nan 9143 (16) sec
[624] Ep10000: Max 7776 (1098) steps (0.0003 hrs) -nan:-nan 9151 (8) sec
[625] Ep10000: Max 7776 (1871) steps (0.0005 hrs) -nan:-nan 9170 (19) sec
[626] Ep10000: Max 7776 (2104) steps (0.0006 hrs) -nan:-nan 9197 (27) sec
[627] Ep10000: Max 7776 (2874) steps (0.0008 hrs) -nan:-nan 9225 (28) sec
[628] Ep10000: Max 7776 (3001) steps (0.0008 hrs) -nan:-nan 9249 (24) sec
[629] Ep10000: Max 7776 (2457) steps (0.0007 hrs) -nan:-nan 9276 (27) sec
[630] Ep10000: Max 7776 (2338) steps (0.0006 hrs) -nan:-nan 9292 (16) sec
[631] Ep10000: Max 7776 (1898) steps (0.0005 hrs) -nan:-nan 9300 (8) sec
[632] Ep10000: Max 7776 (1426) steps (0.0004 hrs) -nan:-nan 9308 (8) sec
[633] Ep10000: Max 7776 (1520) steps (0.0004 hrs) -nan:-nan 9316 (8) sec
[634] Ep10000: Max 7776 (2194) steps (0.0006 hrs) -nan:-nan 9337 (21) sec
[635] Ep10000: Max 7776 (1287) steps (0.0004 hrs) -nan:-nan 9348 (11) sec
[636] Ep10000: Max 7776 (1099) steps (0.0003 hrs) -nan:-nan 9355 (7) sec
[637] Ep10000: Max 7776 (1327) steps (0.0004 hrs) -nan:-nan 9363 (8) sec
[638] Ep10000: Max 7776 (2055) steps (0.0006 hrs) -nan:-nan 9390 (27) sec
[639] Ep10000: Max 7776 (799) steps (0.0002 hrs) -nan:-nan 9396 (6) sec
[640] Ep10000: Max 7776 (1969) steps (0.0005 hrs) -nan:-nan 9404 (8) sec
[641] Ep10000: Max 7776 (1591) steps (0.0004 hrs) -nan:-nan 9412 (8) sec
[642] Ep10000: Max 7776 (1650) steps (0.0005 hrs) -nan:-nan 9421 (9) sec
[643] Ep10000: Max 7776 (1373) steps (0.0004 hrs) -nan:-nan 9427 (6) sec
[644] Ep10000: Max 7776 (923) steps (0.0003 hrs) -nan:-nan 9434 (7) sec
[645] Ep10000: Max 7776 (2726) steps (0.0008 hrs) -nan:-nan 9447 (13) sec
[646] Ep10000: Max 7776 (2535) steps (0.0007 hrs) -nan:-nan 9475 (28) sec
[647] Ep10000: Max 7776 (3727) steps (0.0010 hrs) -nan:-nan 9483 (8) sec
[648] Ep10000: Max 7776 (1499) steps (0.0004 hrs) -nan:-nan 9495 (12) sec
[649] Ep10000: Max 7776 (1062) steps (0.0003 hrs) -nan:-nan 9502 (7) sec
[650] Ep10000: Max 7776 (1936) steps (0.0005 hrs) -nan:-nan 9515 (13) sec
[651] Ep10000: Max 7776 (1094) steps (0.0003 hrs) -nan:-nan 9522 (7) sec
[652] Ep10000: Max 7776 (945) steps (0.0003 hrs) -nan:-nan 9530 (8) sec
[653] Ep10000: Max 7776 (2115) steps (0.0006 hrs) -nan:-nan 9546 (16) sec
[654] Ep10000: Max 7776 (2293) steps (0.0006 hrs) -nan:-nan 9572 (26) sec
[655] Ep10000: Max 7776 (1926) steps (0.0005 hrs) -nan:-nan 9580 (8) sec
[656] Ep10000: Max 7776 (3040) steps (0.0008 hrs) -nan:-nan 9604 (24) sec
[657] Ep10000: Max 7776 (1447) steps (0.0004 hrs) -nan:-nan 9613 (9) sec
[658] Ep10000: Max 7776 (665) steps (0.0002 hrs) -nan:-nan 9621 (8) sec
[659] Ep10000: Max 7776 (2435) steps (0.0007 hrs) -nan:-nan 9649 (28) sec
[660] Ep10000: Max 7776 (4311) steps (0.0012 hrs) -nan:-nan 9667 (18) sec
[661] Ep10000: Max 7776 (2383) steps (0.0007 hrs) -nan:-nan 9682 (15) sec
[662] Ep10000: Max 7776 (684) steps (0.0002 hrs) -nan:-nan 9688 (6) sec
[663] Ep10000: Max 7776 (2478) steps (0.0007 hrs) -nan:-nan 9703 (15) sec
[664] Ep10000: Max 7776 (1458) steps (0.0004 hrs) -nan:-nan 9716 (13) sec
[665] Ep10000: Max 7776 (2613) steps (0.0007 hrs) -nan:-nan 9738 (22) sec
[666] Ep10000: Max 7776 (2211) steps (0.0006 hrs) -nan:-nan 9764 (26) sec
[667] Ep10000: Max 7776 (1997) steps (0.0006 hrs) -nan:-nan 9791 (27) sec
[668] Ep10000: Max 7776 (3596) steps (0.0010 hrs) -nan:-nan 9810 (19) sec
[669] Ep10000: Max 7776 (709) steps (0.0002 hrs) -nan:-nan 9817 (7) sec
[670] Ep10000: Max 7776 (1620) steps (0.0005 hrs) -nan:-nan 9828 (11) sec
[671] Ep10000: Max 7776 (1692) steps (0.0005 hrs) -nan:-nan 9836 (8) sec
[672] Ep10000: Max 7776 (1027) steps (0.0003 hrs) -nan:-nan 9845 (9) sec
[673] Ep10000: Max 7776 (4172) steps (0.0012 hrs) -nan:-nan 9856 (11) sec
[674] Ep10000: Max 7776 (735) steps (0.0002 hrs) -nan:-nan 9862 (6) sec
[675] Ep10000: Max 7776 (1270) steps (0.0004 hrs) -nan:-nan 9870 (8) sec
[676] Ep10000: Max 7776 (1164) steps (0.0003 hrs) -nan:-nan 9877 (7) sec
[677] Ep10000: Max 7776 (2211) steps (0.0006 hrs) -nan:-nan 9899 (22) sec
[678] Ep10000: Max 7776 (2032) steps (0.0006 hrs) -nan:-nan 9926 (27) sec
[679] Ep10000: Max 7776 (1707) steps (0.0005 hrs) -nan:-nan 9935 (9) sec
[680] Ep10000: Max 7776 (1669) steps (0.0005 hrs) -nan:-nan 9943 (8) sec
[681] Ep10000: Max 7776 (2302) steps (0.0006 hrs) -nan:-nan 9970 (27) sec
[682] Ep10000: Max 7776 (2505) steps (0.0007 hrs) -nan:-nan 9998 (28) sec
[683] Ep10000: Max 7776 (1102) steps (0.0003 hrs) -nan:-nan 10006 (8) sec
[684] Ep10000: Max 7776 (2111) steps (0.0006 hrs) -nan:-nan 10035 (29) sec
[685] Ep10000: Max 7776 (1629) steps (0.0005 hrs) -nan:-nan 10044 (9) sec
[686] Ep10000: Max 7776 (1980) steps (0.0006 hrs) -nan:-nan 10056 (12) sec
[687] Ep10000: Max 7776 (745) steps (0.0002 hrs) -nan:-nan 10064 (8) sec
[688] Ep10000: Max 7776 (2384) steps (0.0007 hrs) -nan:-nan 10076 (12) sec
[689] Ep10000: Max 7776 (2007) steps (0.0006 hrs) -nan:-nan 10094 (18) sec
[690] Ep10000: Max 7776 (3010) steps (0.0008 hrs) -nan:-nan 10122 (28) sec
[691] Ep10000: Max 7776 (1421) steps (0.0004 hrs) -nan:-nan 10131 (9) sec
[692] Ep10000: Max 7776 (2133) steps (0.0006 hrs) -nan:-nan 10140 (9) sec
[693] Ep10000: Max 7776 (1005) steps (0.0003 hrs) -nan:-nan 10150 (10) sec
[694] Ep10000: Max 7776 (2390) steps (0.0007 hrs) -nan:-nan 10174 (24) sec
[695] Ep10000: Max 7776 (2122) steps (0.0006 hrs) -nan:-nan 10200 (26) sec
[696] Ep10000: Max 7776 (1704) steps (0.0005 hrs) -nan:-nan 10210 (10) sec
[697] Ep10000: Max 7776 (1788) steps (0.0005 hrs) -nan:-nan 10222 (12) sec
[698] Ep10000: Max 7776 (2490) steps (0.0007 hrs) -nan:-nan 10247 (25) sec
[699] Ep10000: Max 7776 (1252) steps (0.0003 hrs) -nan:-nan 10255 (8) sec
[700] Ep10000: Max 7776 (1646) steps (0.0005 hrs) -nan:-nan 10263 (8) sec
[701] Ep10000: Max 7776 (1929) steps (0.0005 hrs) -nan:-nan 10269 (6) sec
[702] Ep10000: Max 7776 (2691) steps (0.0007 hrs) -nan:-nan 10292 (23) sec
[703] Ep10000: Max 7776 (2552) steps (0.0007 hrs) -nan:-nan 10317 (25) sec
[704] Ep10000: Max 7776 (2902) steps (0.0008 hrs) -nan:-nan 10344 (27) sec
[705] Ep10000: Max 7776 (1590) steps (0.0004 hrs) -nan:-nan 10352 (8) sec
[706] Ep10000: Max 7776 (2693) steps (0.0007 hrs) -nan:-nan 10374 (22) sec
[707] Ep10000: Max 7776 (4301) steps (0.0012 hrs) -nan:-nan 10391 (17) sec
[708] Ep10000: Max 7776 (586) steps (0.0002 hrs) -nan:-nan 10397 (6) sec
[709] Ep10000: Max 7776 (1303) steps (0.0004 hrs) -nan:-nan 10404 (7) sec
[710] Ep10000: Max 7776 (858) steps (0.0002 hrs) -nan:-nan 10411 (7) sec
[711] Ep10000: Max 7776 (1252) steps (0.0003 hrs) -nan:-nan 10418 (7) sec
[712] Ep10000: Max 7776 (2605) steps (0.0007 hrs) -nan:-nan 10441 (23) sec
[713] Ep10000: Max 7776 (543) steps (0.0002 hrs) -nan:-nan 10447 (6) sec
[714] Ep10000: Max 7776 (1280) steps (0.0004 hrs) -nan:-nan 10455 (8) sec
[715] Ep10000: Max 7776 (1606) steps (0.0004 hrs) -nan:-nan 10465 (10) sec
[716] Ep10000: Max 7776 (2564) steps (0.0007 hrs) -nan:-nan 10487 (22) sec
[717] Ep10000: Max 7776 (764) steps (0.0002 hrs) -nan:-nan 10492 (5) sec
[718] Ep10000: Max 7776 (2115) steps (0.0006 hrs) -nan:-nan 10517 (25) sec
[719] Ep10000: Max 7776 (2874) steps (0.0008 hrs) -nan:-nan 10535 (18) sec
[720] Ep10000: Max 7776 (2118) steps (0.0006 hrs) -nan:-nan 10560 (25) sec
[721] Ep10000: Max 7776 (578) steps (0.0002 hrs) -nan:-nan 10567 (7) sec
[722] Ep10000: Max 7776 (1739) steps (0.0005 hrs) -nan:-nan 10574 (7) sec
[723] Ep10000: Max 7776 (2526) steps (0.0007 hrs) -nan:-nan 10602 (28) sec
[724] Ep10000: Max 7776 (2024) steps (0.0006 hrs) -nan:-nan 10620 (18) sec
[725] Ep10000: Max 7776 (1579) steps (0.0004 hrs) -nan:-nan 10628 (8) sec
[726] Ep10000: Max 7776 (2645) steps (0.0007 hrs) -nan:-nan 10654 (26) sec
[727] Ep10000: Max 7776 (1846) steps (0.0005 hrs) -nan:-nan 10661 (7) sec
[728] Ep10000: Max 7776 (1054) steps (0.0003 hrs) -nan:-nan 10668 (7) sec
[729] Ep10000: Max 7776 (2195) steps (0.0006 hrs) -nan:-nan 10694 (26) sec
[730] Ep10000: Max 7776 (1989) steps (0.0006 hrs) -nan:-nan 10719 (25) sec
[731] Ep10000: Max 7776 (770) steps (0.0002 hrs) -nan:-nan 10726 (7) sec
[732] Ep10000: Max 7776 (2756) steps (0.0008 hrs) -nan:-nan 10753 (27) sec
[733] Ep10000: Max 7776 (804) steps (0.0002 hrs) -nan:-nan 10759 (6) sec
[734] Ep10000: Max 7776 (2661) steps (0.0007 hrs) -nan:-nan 10785 (26) sec
[735] Ep10000: Max 7776 (2149) steps (0.0006 hrs) -nan:-nan 10799 (14) sec
[736] Ep10000: Max 7776 (1174) steps (0.0003 hrs) -nan:-nan 10805 (6) sec
[737] Ep10000: Max 7776 (1044) steps (0.0003 hrs) -nan:-nan 10812 (7) sec
[738] Ep10000: Max 7776 (3062) steps (0.0009 hrs) -nan:-nan 10820 (8) sec
[739] Ep10000: Max 7776 (1088) steps (0.0003 hrs) -nan:-nan 10827 (7) sec
[740] Ep10000: Max 7776 (1461) steps (0.0004 hrs) -nan:-nan 10835 (8) sec
[741] Ep10000: Max 7776 (1442) steps (0.0004 hrs) -nan:-nan 10842 (7) sec
[742] Ep10000: Max 7776 (2578) steps (0.0007 hrs) -nan:-nan 10858 (16) sec
[743] Ep10000: Max 7776 (1973) steps (0.0005 hrs) -nan:-nan 10883 (25) sec
[744] Ep10000: Max 7776 (2422) steps (0.0007 hrs) -nan:-nan 10890 (7) sec
[745] Ep10000: Max 7776 (2487) steps (0.0007 hrs) -nan:-nan 10900 (10) sec
[746] Ep10000: Max 7776 (1847) steps (0.0005 hrs) -nan:-nan 10908 (8) sec
[747] Ep10000: Max 7776 (3585) steps (0.0010 hrs) -nan:-nan 10917 (9) sec
[748] Ep10000: Max 7776 (2143) steps (0.0006 hrs) -nan:-nan 10944 (27) sec
[749] Ep10000: Max 7776 (2255) steps (0.0006 hrs) -nan:-nan 10956 (12) sec
[750] Ep10000: Max 7776 (1665) steps (0.0005 hrs) -nan:-nan 10963 (7) sec
[751] Ep10000: Max 7776 (6203) steps (0.0017 hrs) -nan:-nan 10973 (10) sec
[752] Ep10000: Max 7776 (2007) steps (0.0006 hrs) -nan:-nan 10988 (15) sec
[753] Ep10000: Max 7776 (2179) steps (0.0006 hrs) -nan:-nan 11015 (27) sec
[754] Ep10000: Max 7776 (562) steps (0.0002 hrs) -nan:-nan 11022 (7) sec
[755] Ep10000: Max 7776 (2091) steps (0.0006 hrs) -nan:-nan 11041 (19) sec
[756] Ep10000: Max 7776 (1794) steps (0.0005 hrs) -nan:-nan 11049 (8) sec
[757] Ep10000: Max 7776 (2226) steps (0.0006 hrs) -nan:-nan 11059 (10) sec
[758] Ep10000: Max 7776 (4980) steps (0.0014 hrs) -nan:-nan 11070 (11) sec
[759] Ep10000: Max 7776 (2111) steps (0.0006 hrs) -nan:-nan 11084 (14) sec
[760] Ep10000: Max 7776 (2047) steps (0.0006 hrs) -nan:-nan 11092 (8) sec
[761] Ep10000: Max 7776 (1542) steps (0.0004 hrs) -nan:-nan 11103 (11) sec
[762] Ep10000: Max 7776 (2581) steps (0.0007 hrs) -nan:-nan 11123 (20) sec
[763] Ep10000: Max 7776 (2370) steps (0.0007 hrs) -nan:-nan 11148 (25) sec
[764] Ep10000: Max 7776 (1947) steps (0.0005 hrs) -nan:-nan 11168 (20) sec
[765] Ep10000: Max 7776 (698) steps (0.0002 hrs) -nan:-nan 11173 (5) sec
[766] Ep10000: Max 7776 (639) steps (0.0002 hrs) -nan:-nan 11179 (6) sec
[767] Ep10000: Max 7776 (888) steps (0.0002 hrs) -nan:-nan 11186 (7) sec
[768] Ep10000: Max 7776 (5002) steps (0.0014 hrs) -nan:-nan 11199 (13) sec
[769] Ep10000: Max 7776 (2284) steps (0.0006 hrs) -nan:-nan 11222 (23) sec
[770] Ep10000: Max 7776 (936) steps (0.0003 hrs) -nan:-nan 11230 (8) sec
[771] Ep10000: Max 7776 (4703) steps (0.0013 hrs) -nan:-nan 11246 (16) sec
[772] Ep10000: Max 7776 (3088) steps (0.0009 hrs) -nan:-nan 11272 (26) sec
[773] Ep10000: Max 7776 (403) steps (0.0001 hrs) -nan:-nan 11277 (5) sec
[774] Ep10000: Max 7776 (966) steps (0.0003 hrs) -nan:-nan 11284 (7) sec
[775] Ep10000: Max 7776 (1456) steps (0.0004 hrs) -nan:-nan 11289 (5) sec
[776] Ep10000: Max 7776 (1704) steps (0.0005 hrs) -nan:-nan 11308 (19) sec
[777] Ep10000: Max 7776 (1560) steps (0.0004 hrs) -nan:-nan 11316 (8) sec
[778] Ep10000: Max 7776 (2636) steps (0.0007 hrs) -nan:-nan 11343 (27) sec
[779] Ep10000: Max 7776 (1838) steps (0.0005 hrs) -nan:-nan 11348 (5) sec
[780] Ep10000: Max 7776 (2747) steps (0.0008 hrs) -nan:-nan 11374 (26) sec
[781] Ep10000: Max 7776 (2017) steps (0.0006 hrs) -nan:-nan 11385 (11) sec
[782] Ep10000: Max 7776 (2096) steps (0.0006 hrs) -nan:-nan 11404 (19) sec
[783] Ep10000: Max 7776 (673) steps (0.0002 hrs) -nan:-nan 11411 (7) sec
[784] Ep10000: Max 7776 (1390) steps (0.0004 hrs) -nan:-nan 11417 (6) sec
[785] Ep10000: Max 7776 (1088) steps (0.0003 hrs) -nan:-nan 11424 (7) sec
[786] Ep10000: Max 7776 (1905) steps (0.0005 hrs) -nan:-nan 11437 (13) sec
[787] Ep10000: Max 7776 (1887) steps (0.0005 hrs) -nan:-nan 11447 (10) sec
[788] Ep10000: Max 7776 (806) steps (0.0002 hrs) -nan:-nan 11452 (5) sec
[789] Ep10000: Max 7776 (1460) steps (0.0004 hrs) -nan:-nan 11458 (6) sec
[790] Ep10000: Max 7776 (2703) steps (0.0008 hrs) -nan:-nan 11483 (25) sec
[791] Ep10000: Max 7776 (6224) steps (0.0017 hrs) -nan:-nan 11496 (13) sec
[792] Ep10000: Max 7776 (1163) steps (0.0003 hrs) -nan:-nan 11502 (6) sec
[793] Ep10000: Max 7776 (2512) steps (0.0007 hrs) -nan:-nan 11530 (28) sec
[794] Ep10000: Max 7776 (2215) steps (0.0006 hrs) -nan:-nan 11556 (26) sec
[795] Ep10000: Max 7776 (2193) steps (0.0006 hrs) -nan:-nan 11583 (27) sec
[796] Ep10000: Max 7776 (2115) steps (0.0006 hrs) -nan:-nan 11606 (23) sec
[797] Ep10000: Max 7776 (1643) steps (0.0005 hrs) -nan:-nan 11612 (6) sec
[798] Ep10000: Max 7776 (1645) steps (0.0005 hrs) -nan:-nan 11622 (10) sec
[799] Ep10000: Max 7776 (1463) steps (0.0004 hrs) -nan:-nan 11630 (8) sec
[800] Ep10000: Max 7776 (612) steps (0.0002 hrs) -nan:-nan 11636 (6) sec
[801] Ep10000: Max 7776 (1471) steps (0.0004 hrs) -nan:-nan 11645 (9) sec
[802] Ep10000: Max 7776 (1862) steps (0.0005 hrs) -nan:-nan 11653 (8) sec
[803] Ep10000: Max 7776 (2179) steps (0.0006 hrs) -nan:-nan 11678 (25) sec
[804] Ep10000: Max 7776 (2571) steps (0.0007 hrs) -nan:-nan 11704 (26) sec
[805] Ep10000: Max 7776 (2512) steps (0.0007 hrs) -nan:-nan 11730 (26) sec
[806] Ep10000: Max 7776 (716) steps (0.0002 hrs) -nan:-nan 11737 (7) sec
[807] Ep10000: Max 7776 (2490) steps (0.0007 hrs) -nan:-nan 11762 (25) sec
[808] Ep10000: Max 7776 (1561) steps (0.0004 hrs) -nan:-nan 11770 (8) sec
[809] Ep10000: Max 7776 (2369) steps (0.0007 hrs) -nan:-nan 11796 (26) sec
[810] Ep10000: Max 7776 (1384) steps (0.0004 hrs) -nan:-nan 11804 (8) sec
[811] Ep10000: Max 7776 (2463) steps (0.0007 hrs) -nan:-nan 11823 (19) sec
[812] Ep10000: Max 7776 (2220) steps (0.0006 hrs) -nan:-nan 11838 (15) sec
[813] Ep10000: Max 7776 (1139) steps (0.0003 hrs) -nan:-nan 11844 (6) sec
[814] Ep10000: Max 7776 (376) steps (0.0001 hrs) -nan:-nan 11849 (5) sec
[815] Ep10000: Max 7776 (2139) steps (0.0006 hrs) -nan:-nan 11872 (23) sec
[816] Ep10000: Max 7776 (1551) steps (0.0004 hrs) -nan:-nan 11880 (8) sec
[817] Ep10000: Max 7776 (985) steps (0.0003 hrs) -nan:-nan 11886 (6) sec
[818] Ep10000: Max 7776 (1168) steps (0.0003 hrs) -nan:-nan 11892 (6) sec
[819] Ep10000: Max 7776 (1401) steps (0.0004 hrs) -nan:-nan 11899 (7) sec
[820] Ep10000: Max 7776 (825) steps (0.0002 hrs) -nan:-nan 11905 (6) sec
[821] Ep10000: Max 7776 (2632) steps (0.0007 hrs) -nan:-nan 11929 (24) sec
[822] Ep10000: Max 7776 (2659) steps (0.0007 hrs) -nan:-nan 11954 (25) sec
[823] Ep10000: Max 7776 (3340) steps (0.0009 hrs) -nan:-nan 11976 (22) sec
[824] Ep10000: Max 7776 (1183) steps (0.0003 hrs) -nan:-nan 11983 (7) sec
[825] Ep10000: Max 7776 (2880) steps (0.0008 hrs) -nan:-nan 11998 (15) sec
[826] Ep10000: Max 7776 (2111) steps (0.0006 hrs) -nan:-nan 12022 (24) sec
[827] Ep10000: Max 7776 (3205) steps (0.0009 hrs) -nan:-nan 12037 (15) sec
[828] Ep10000: Max 7776 (1502) steps (0.0004 hrs) -nan:-nan 12045 (8) sec
[829] Ep10000: Max 7776 (1651) steps (0.0005 hrs) -nan:-nan 12055 (10) sec
[830] Ep10000: Max 7776 (1951) steps (0.0005 hrs) -nan:-nan 12081 (26) sec
[831] Ep10000: Max 7776 (1495) steps (0.0004 hrs) -nan:-nan 12088 (7) sec
[832] Ep10000: Max 7776 (1362) steps (0.0004 hrs) -nan:-nan 12097 (9) sec
[833] Ep10000: Max 7776 (2985) steps (0.0008 hrs) -nan:-nan 12109 (12) sec
[834] Ep10000: Max 7776 (1183) steps (0.0003 hrs) -nan:-nan 12116 (7) sec
[835] Ep10000: Max 7776 (2589) steps (0.0007 hrs) -nan:-nan 12143 (27) sec
[836] Ep10000: Max 7776 (2526) steps (0.0007 hrs) -nan:-nan 12168 (25) sec
[837] Ep10000: Max 7776 (1897) steps (0.0005 hrs) -nan:-nan 12175 (7) sec
[838] Ep10000: Max 7776 (2433) steps (0.0007 hrs) -nan:-nan 12201 (26) sec
[839] Ep10000: Max 7776 (4257) steps (0.0012 hrs) -nan:-nan 12209 (8) sec
[840] Ep10000: Max 7776 (2953) steps (0.0008 hrs) -nan:-nan 12236 (27) sec
[841] Ep10000: Max 7776 (922) steps (0.0003 hrs) -nan:-nan 12242 (6) sec
[842] Ep10000: Max 7776 (1112) steps (0.0003 hrs) -nan:-nan 12248 (6) sec
[843] Ep10000: Max 7776 (990) steps (0.0003 hrs) -nan:-nan 12254 (6) sec
[844] Ep10000: Max 7776 (1716) steps (0.0005 hrs) -nan:-nan 12266 (12) sec
[845] Ep10000: Max 7776 (1807) steps (0.0005 hrs) -nan:-nan 12278 (12) sec
[846] Ep10000: Max 7776 (2808) steps (0.0008 hrs) -nan:-nan 12300 (22) sec
[847] Ep10000: Max 7776 (1582) steps (0.0004 hrs) -nan:-nan 12311 (11) sec
[848] Ep10000: Max 7776 (2045) steps (0.0006 hrs) -nan:-nan 12329 (18) sec
[849] Ep10000: Max 7776 (1368) steps (0.0004 hrs) -nan:-nan 12336 (7) sec
[850] Ep10000: Max 7776 (2415) steps (0.0007 hrs) -nan:-nan 12362 (26) sec
[851] Ep10000: Max 7776 (2150) steps (0.0006 hrs) -nan:-nan 12382 (20) sec
[852] Ep10000: Max 7776 (651) steps (0.0002 hrs) -nan:-nan 12388 (6) sec
[853] Ep10000: Max 7776 (2113) steps (0.0006 hrs) -nan:-nan 12414 (26) sec
[854] Ep10000: Max 7776 (1195) steps (0.0003 hrs) -nan:-nan 12421 (7) sec
[855] Ep10000: Max 7776 (1621) steps (0.0005 hrs) -nan:-nan 12429 (8) sec
[856] Ep10000: Max 7776 (2267) steps (0.0006 hrs) -nan:-nan 12448 (19) sec
[857] Ep10000: Max 7776 (2373) steps (0.0007 hrs) -nan:-nan 12473 (25) sec
[858] Ep10000: Max 7776 (1706) steps (0.0005 hrs) -nan:-nan 12480 (7) sec
[859] Ep10000: Max 7776 (1868) steps (0.0005 hrs) -nan:-nan 12490 (10) sec
[860] Ep10000: Max 7776 (2333) steps (0.0006 hrs) -nan:-nan 12516 (26) sec
[861] Ep10000: Max 7776 (2359) steps (0.0007 hrs) -nan:-nan 12531 (15) sec
[862] Ep10000: Max 7776 (2495) steps (0.0007 hrs) -nan:-nan 12558 (27) sec
[863] Ep10000: Max 7776 (4023) steps (0.0011 hrs) -nan:-nan 12582 (24) sec
[864] Ep10000: Max 7776 (3814) steps (0.0011 hrs) -nan:-nan 12606 (24) sec
[865] Ep10000: Max 7776 (1960) steps (0.0005 hrs) -nan:-nan 12629 (23) sec
[866] Ep10000: Max 7776 (2727) steps (0.0008 hrs) -nan:-nan 12656 (27) sec
[867] Ep10000: Max 7776 (632) steps (0.0002 hrs) -nan:-nan 12662 (6) sec
[868] Ep10000: Max 7776 (1462) steps (0.0004 hrs) -nan:-nan 12668 (6) sec
[869] Ep10000: Max 7776 (1976) steps (0.0005 hrs) -nan:-nan 12695 (27) sec
[870] Ep10000: Max 7776 (3154) steps (0.0009 hrs) -nan:-nan 12721 (26) sec
[871] Ep10000: Max 7776 (3624) steps (0.0010 hrs) -nan:-nan 12746 (25) sec
[872] Ep10000: Max 7776 (2294) steps (0.0006 hrs) -nan:-nan 12774 (28) sec
[873] Ep10000: Max 7776 (2353) steps (0.0007 hrs) -nan:-nan 12794 (20) sec
[874] Ep10000: Max 7776 (2082) steps (0.0006 hrs) -nan:-nan 12805 (11) sec
[875] Ep10000: Max 7776 (1390) steps (0.0004 hrs) -nan:-nan 12812 (7) sec
[876] Ep10000: Max 7776 (2202) steps (0.0006 hrs) -nan:-nan 12839 (27) sec
[877] Ep10000: Max 7776 (3915) steps (0.0011 hrs) -nan:-nan 12853 (14) sec
[878] Ep10000: Max 7776 (2719) steps (0.0008 hrs) -nan:-nan 12878 (25) sec
[879] Ep10000: Max 7776 (2827) steps (0.0008 hrs) -nan:-nan 12889 (11) sec
[880] Ep10000: Max 7776 (2539) steps (0.0007 hrs) -nan:-nan 12914 (25) sec
[881] Ep10000: Max 7776 (1676) steps (0.0005 hrs) -nan:-nan 12922 (8) sec
[882] Ep10000: Max 7776 (1570) steps (0.0004 hrs) -nan:-nan 12936 (14) sec
[883] Ep10000: Max 7776 (2887) steps (0.0008 hrs) -nan:-nan 12961 (25) sec
[884] Ep10000: Max 7776 (2216) steps (0.0006 hrs) -nan:-nan 12987 (26) sec
[885] Ep10000: Max 7776 (1404) steps (0.0004 hrs) -nan:-nan 12994 (7) sec
[886] Ep10000: Max 7776 (2368) steps (0.0007 hrs) -nan:-nan 13002 (8) sec
[887] Ep10000: Max 7776 (2111) steps (0.0006 hrs) -nan:-nan 13030 (28) sec
[888] Ep10000: Max 7776 (2460) steps (0.0007 hrs) -nan:-nan 13056 (26) sec
[889] Ep10000: Max 7776 (3912) steps (0.0011 hrs) -nan:-nan 13063 (7) sec
[890] Ep10000: Max 7776 (2890) steps (0.0008 hrs) -nan:-nan 13087 (24) sec
[891] Ep10000: Max 7776 (4575) steps (0.0013 hrs) -nan:-nan 13104 (17) sec
[892] Ep10000: Max 7776 (2502) steps (0.0007 hrs) -nan:-nan 13121 (17) sec
[893] Ep10000: Max 7776 (6646) steps (0.0018 hrs) -nan:-nan 13134 (13) sec
[894] Ep10000: Max 7776 (2567) steps (0.0007 hrs) -nan:-nan 13160 (26) sec
[895] Ep10000: Max 7776 (2289) steps (0.0006 hrs) -nan:-nan 13188 (28) sec
[896] Ep10000: Max 7776 (3318) steps (0.0009 hrs) -nan:-nan 13212 (24) sec
[897] Ep10000: Max 7776 (1400) steps (0.0004 hrs) -nan:-nan 13222 (10) sec
[898] Ep10000: Max 7776 (2311) steps (0.0006 hrs) -nan:-nan 13249 (27) sec
[899] Ep10000: Max 7776 (2606) steps (0.0007 hrs) -nan:-nan 13276 (27) sec
[900] Ep10000: Max 7776 (1130) steps (0.0003 hrs) -nan:-nan 13283 (7) sec
[901] Ep10000: Max 7776 (2399) steps (0.0007 hrs) -nan:-nan 13309 (26) sec
[902] Ep10000: Max 7776 (2052) steps (0.0006 hrs) -nan:-nan 13319 (10) sec
[903] Ep10000: Max 7776 (2171) steps (0.0006 hrs) -nan:-nan 13347 (28) sec
[904] Ep10000: Max 7776 (2499) steps (0.0007 hrs) -nan:-nan 13366 (19) sec
[905] Ep10000: Max 7776 (1681) steps (0.0005 hrs) -nan:-nan 13372 (6) sec
[906] Ep10000: Max 7776 (685) steps (0.0002 hrs) -nan:-nan 13380 (8) sec
[907] Ep10000: Max 7776 (1278) steps (0.0004 hrs) -nan:-nan 13387 (7) sec
[908] Ep10000: Max 7776 (1837) steps (0.0005 hrs) -nan:-nan 13411 (24) sec
[909] Ep10000: Max 7776 (2901) steps (0.0008 hrs) -nan:-nan 13422 (11) sec
[910] Ep10000: Max 7776 (1096) steps (0.0003 hrs) -nan:-nan 13430 (8) sec
[911] Ep10000: Max 7776 (1213) steps (0.0003 hrs) -nan:-nan 13437 (7) sec
[912] Ep10000: Max 7776 (2226) steps (0.0006 hrs) -nan:-nan 13454 (17) sec
[913] Ep10000: Max 7776 (854) steps (0.0002 hrs) -nan:-nan 13460 (6) sec
[914] Ep10000: Max 7776 (1524) steps (0.0004 hrs) -nan:-nan 13467 (7) sec
[915] Ep10000: Max 7776 (1745) steps (0.0005 hrs) -nan:-nan 13473 (6) sec
[916] Ep10000: Max 7776 (2067) steps (0.0006 hrs) -nan:-nan 13483 (10) sec
[917] Ep10000: Max 7776 (1467) steps (0.0004 hrs) -nan:-nan 13492 (9) sec
[918] Ep10000: Max 7776 (1870) steps (0.0005 hrs) -nan:-nan 13500 (8) sec
[919] Ep10000: Max 7776 (2598) steps (0.0007 hrs) -nan:-nan 13526 (26) sec
[920] Ep10000: Max 7776 (1618) steps (0.0004 hrs) -nan:-nan 13534 (8) sec
[921] Ep10000: Max 7776 (1517) steps (0.0004 hrs) -nan:-nan 13542 (8) sec
[922] Ep10000: Max 7776 (998) steps (0.0003 hrs) -nan:-nan 13549 (7) sec
[923] Ep10000: Max 7776 (1071) steps (0.0003 hrs) -nan:-nan 13556 (7) sec
[924] Ep10000: Max 7776 (3966) steps (0.0011 hrs) -nan:-nan 13581 (25) sec
[925] Ep10000: Max 7776 (1372) steps (0.0004 hrs) -nan:-nan 13590 (9) sec
[926] Ep10000: Max 7776 (2490) steps (0.0007 hrs) -nan:-nan 13616 (26) sec
[927] Ep10000: Max 7776 (1864) steps (0.0005 hrs) -nan:-nan 13624 (8) sec
[928] Ep10000: Max 7776 (4259) steps (0.0012 hrs) -nan:-nan 13633 (9) sec
[929] Ep10000: Max 7776 (720) steps (0.0002 hrs) -nan:-nan 13641 (8) sec
[930] Ep10000: Max 7776 (1528) steps (0.0004 hrs) -nan:-nan 13648 (7) sec
[931] Ep10000: Max 7776 (2147) steps (0.0006 hrs) -nan:-nan 13675 (27) sec
[932] Ep10000: Max 7776 (3030) steps (0.0008 hrs) -nan:-nan 13702 (27) sec
[933] Ep10000: Max 7776 (1271) steps (0.0004 hrs) -nan:-nan 13711 (9) sec
[934] Ep10000: Max 7776 (2404) steps (0.0007 hrs) -nan:-nan 13733 (22) sec
[935] Ep10000: Max 7776 (2144) steps (0.0006 hrs) -nan:-nan 13759 (26) sec
[936] Ep10000: Max 7776 (2735) steps (0.0008 hrs) -nan:-nan 13787 (28) sec
[937] Ep10000: Max 7776 (1415) steps (0.0004 hrs) -nan:-nan 13793 (6) sec
[938] Ep10000: Max 7776 (1673) steps (0.0005 hrs) -nan:-nan 13800 (7) sec
[939] Ep10000: Max 7776 (1199) steps (0.0003 hrs) -nan:-nan 13809 (9) sec
[940] Ep10000: Max 7776 (1475) steps (0.0004 hrs) -nan:-nan 13816 (7) sec
[941] Ep10000: Max 7776 (1926) steps (0.0005 hrs) -nan:-nan 13836 (20) sec
[942] Ep10000: Max 7776 (2608) steps (0.0007 hrs) -nan:-nan 13861 (25) sec
[943] Ep10000: Max 7776 (2307) steps (0.0006 hrs) -nan:-nan 13889 (28) sec
[944] Ep10000: Max 7776 (2175) steps (0.0006 hrs) -nan:-nan 13909 (20) sec
[945] Ep10000: Max 7776 (2943) steps (0.0008 hrs) -nan:-nan 13919 (10) sec
[946] Ep10000: Max 7776 (2187) steps (0.0006 hrs) -nan:-nan 13946 (27) sec
[947] Ep10000: Max 7776 (3955) steps (0.0011 hrs) -nan:-nan 13976 (30) sec
[948] Ep10000: Max 7776 (1753) steps (0.0005 hrs) -nan:-nan 13983 (7) sec
[949] Ep10000: Max 7776 (2065) steps (0.0006 hrs) -nan:-nan 14008 (25) sec
[950] Ep10000: Max 7776 (1323) steps (0.0004 hrs) -nan:-nan 14015 (7) sec
[951] Ep10000: Max 7776 (2179) steps (0.0006 hrs) -nan:-nan 14032 (17) sec
[952] Ep10000: Max 7776 (700) steps (0.0002 hrs) -nan:-nan 14041 (9) sec
[953] Ep10000: Max 7776 (2468) steps (0.0007 hrs) -nan:-nan 14065 (24) sec
[954] Ep10000: Max 7776 (1974) steps (0.0005 hrs) -nan:-nan 14085 (20) sec
[955] Ep10000: Max 7776 (1244) steps (0.0003 hrs) -nan:-nan 14094 (9) sec
[956] Ep10000: Max 7776 (2233) steps (0.0006 hrs) -nan:-nan 14101 (7) sec
[957] Ep10000: Max 7776 (1913) steps (0.0005 hrs) -nan:-nan 14108 (7) sec
[958] Ep10000: Max 7776 (1155) steps (0.0003 hrs) -nan:-nan 14113 (5) sec
[959] Ep10000: Max 7776 (2260) steps (0.0006 hrs) -nan:-nan 14139 (26) sec
[960] Ep10000: Max 7776 (2497) steps (0.0007 hrs) -nan:-nan 14166 (27) sec
[961] Ep10000: Max 7776 (2249) steps (0.0006 hrs) -nan:-nan 14191 (25) sec
[962] Ep10000: Max 7776 (2426) steps (0.0007 hrs) -nan:-nan 14217 (26) sec
[963] Ep10000: Max 7776 (5368) steps (0.0015 hrs) -nan:-nan 14268 (51) sec
[964] Ep10000: Max 7776 (1525) steps (0.0004 hrs) -nan:-nan 14275 (7) sec
[965] Ep10000: Max 7776 (806) steps (0.0002 hrs) -nan:-nan 14280 (5) sec
[966] Ep10000: Max 7776 (3512) steps (0.0010 hrs) -nan:-nan 14306 (26) sec
[967] Ep10000: Max 7776 (790) steps (0.0002 hrs) -nan:-nan 14312 (6) sec
[968] Ep10000: Max 7776 (594) steps (0.0002 hrs) -nan:-nan 14318 (6) sec
[969] Ep10000: Max 7776 (2425) steps (0.0007 hrs) -nan:-nan 14341 (23) sec
[970] Ep10000: Max 7776 (2480) steps (0.0007 hrs) -nan:-nan 14368 (27) sec
[971] Ep10000: Max 7776 (1481) steps (0.0004 hrs) -nan:-nan 14375 (7) sec
[972] Ep10000: Max 7776 (1554) steps (0.0004 hrs) -nan:-nan 14382 (7) sec
[973] Ep10000: Max 7776 (1943) steps (0.0005 hrs) -nan:-nan 14406 (24) sec
[974] Ep10000: Max 7776 (1609) steps (0.0004 hrs) -nan:-nan 14415 (9) sec
[975] Ep10000: Max 7776 (1447) steps (0.0004 hrs) -nan:-nan 14421 (6) sec
[976] Ep10000: Max 7776 (2621) steps (0.0007 hrs) -nan:-nan 14431 (10) sec
[977] Ep10000: Max 7776 (1671) steps (0.0005 hrs) -nan:-nan 14437 (6) sec
[978] Ep10000: Max 7776 (5526) steps (0.0015 hrs) -nan:-nan 14444 (7) sec
[979] Ep10000: Max 7776 (2629) steps (0.0007 hrs) -nan:-nan 14469 (25) sec
[980] Ep10000: Max 7776 (5497) steps (0.0015 hrs) -nan:-nan 14484 (15) sec
[981] Ep10000: Max 7776 (1837) steps (0.0005 hrs) -nan:-nan 14498 (14) sec
[982] Ep10000: Max 7776 (2492) steps (0.0007 hrs) -nan:-nan 14512 (14) sec
[983] Ep10000: Max 7776 (1587) steps (0.0004 hrs) -nan:-nan 14524 (12) sec
[984] Ep10000: Max 7776 (1775) steps (0.0005 hrs) -nan:-nan 14532 (8) sec
[985] Ep10000: Max 7776 (2159) steps (0.0006 hrs) -nan:-nan 14557 (25) sec
[986] Ep10000: Max 7776 (1403) steps (0.0004 hrs) -nan:-nan 14565 (8) sec
[987] Ep10000: Max 7776 (1997) steps (0.0006 hrs) -nan:-nan 14571 (6) sec
[988] Ep10000: Max 7776 (2450) steps (0.0007 hrs) -nan:-nan 14589 (18) sec
[989] Ep10000: Max 7776 (1984) steps (0.0006 hrs) -nan:-nan 14595 (6) sec
[990] Ep10000: Max 7776 (1536) steps (0.0004 hrs) -nan:-nan 14602 (7) sec
[991] Ep10000: Max 7776 (2537) steps (0.0007 hrs) -nan:-nan 14617 (15) sec
[992] Ep10000: Max 7776 (2530) steps (0.0007 hrs) -nan:-nan 14635 (18) sec
[993] Ep10000: Max 7776 (2506) steps (0.0007 hrs) -nan:-nan 14642 (7) sec
[994] Ep10000: Max 7776 (2257) steps (0.0006 hrs) -nan:-nan 14666 (24) sec
[995] Ep10000: Max 7776 (2266) steps (0.0006 hrs) -nan:-nan 14679 (13) sec
[996] Ep10000: Max 7776 (5631) steps (0.0016 hrs) -nan:-nan 14689 (10) sec
[997] Ep10000: Max 7776 (794) steps (0.0002 hrs) -nan:-nan 14696 (7) sec
[998] Ep10000: Max 7776 (2582) steps (0.0007 hrs) -nan:-nan 14722 (26) sec
[999] Ep10000: Max 7776 (1842) steps (0.0005 hrs) -nan:-nan 14730 (8) sec
[1000] Ep10000: Max 7776 (2437) steps (0.0007 hrs) -nan:-nan 14741 (11) sec
Total Elapsed time: 14741 seconds
Wrote current data to latest.train
