balanced 0 test_flag 0
[1] Ep10000: Max 1017 (1017) steps (0.0003 hrs) -nan:-nan 15 (15) sec
[2] Ep10000: Max 2798 (2798) steps (0.0008 hrs) -nan:-nan 39 (24) sec
[3] Ep10000: Max 2798 (2237) steps (0.0006 hrs) -nan:-nan 65 (26) sec
[4] Ep10000: Max 2798 (1790) steps (0.0005 hrs) -nan:-nan 91 (26) sec
[5] Ep10000: Max 2798 (813) steps (0.0002 hrs) -nan:-nan 105 (14) sec
[6] Ep10000: Max 2798 (757) steps (0.0002 hrs) -nan:-nan 116 (11) sec
[7] Ep10000: Max 3695 (3695) steps (0.0010 hrs) -nan:-nan 143 (27) sec
[8] Ep10000: Max 3695 (2351) steps (0.0007 hrs) -nan:-nan 161 (18) sec
[9] Ep10000: Max 3695 (2084) steps (0.0006 hrs) -nan:-nan 176 (15) sec
[10] Ep10000: Max 3695 (714) steps (0.0002 hrs) -nan:-nan 190 (14) sec
[11] Ep10000: Max 3695 (1364) steps (0.0004 hrs) -nan:-nan 204 (14) sec
[12] Ep10000: Max 3695 (2076) steps (0.0006 hrs) -nan:-nan 219 (15) sec
[13] Ep10000: Max 3695 (1191) steps (0.0003 hrs) -nan:-nan 231 (12) sec
[14] Ep10000: Max 3695 (2366) steps (0.0007 hrs) -nan:-nan 256 (25) sec
[15] Ep10000: Max 3695 (2832) steps (0.0008 hrs) -nan:-nan 273 (17) sec
[16] Ep10000: Max 3695 (3378) steps (0.0009 hrs) -nan:-nan 294 (21) sec
[17] Ep10000: Max 3695 (2053) steps (0.0006 hrs) -nan:-nan 307 (13) sec
[18] Ep10000: Max 3695 (1983) steps (0.0006 hrs) -nan:-nan 322 (15) sec
[19] Ep10000: Max 3695 (3395) steps (0.0009 hrs) -nan:-nan 346 (24) sec
[20] Ep10000: Max 3695 (1960) steps (0.0005 hrs) -nan:-nan 362 (16) sec
[21] Ep10000: Max 3695 (1841) steps (0.0005 hrs) -nan:-nan 377 (15) sec
[22] Ep10000: Max 4388 (4388) steps (0.0012 hrs) -nan:-nan 395 (18) sec
[23] Ep10000: Max 4388 (2150) steps (0.0006 hrs) -nan:-nan 407 (12) sec
[24] Ep10000: Max 4388 (2586) steps (0.0007 hrs) -nan:-nan 423 (16) sec
[25] Ep10000: Max 4388 (4056) steps (0.0011 hrs) -nan:-nan 441 (18) sec
[26] Ep10000: Max 4388 (1381) steps (0.0004 hrs) -nan:-nan 453 (12) sec
[27] Ep10000: Max 4388 (2241) steps (0.0006 hrs) -nan:-nan 479 (26) sec
[28] Ep10000: Max 4388 (4000) steps (0.0011 hrs) -nan:-nan 501 (22) sec
[29] Ep10000: Max 4388 (4218) steps (0.0012 hrs) -nan:-nan 527 (26) sec
[30] Ep10000: Max 4388 (1701) steps (0.0005 hrs) -nan:-nan 546 (19) sec
[31] Ep10000: Max 4388 (2280) steps (0.0006 hrs) -nan:-nan 570 (24) sec
[32] Ep10000: Max 4388 (1471) steps (0.0004 hrs) -nan:-nan 590 (20) sec
[33] Ep10000: Max 4388 (1900) steps (0.0005 hrs) -nan:-nan 602 (12) sec
[34] Ep10000: Max 4388 (1806) steps (0.0005 hrs) -nan:-nan 618 (16) sec
[35] Ep10000: Max 4388 (766) steps (0.0002 hrs) -nan:-nan 629 (11) sec
[36] Ep10000: Max 4388 (2518) steps (0.0007 hrs) -nan:-nan 656 (27) sec
[37] Ep10000: Max 4388 (2202) steps (0.0006 hrs) -nan:-nan 682 (26) sec
[38] Ep10000: Max 4388 (1981) steps (0.0006 hrs) -nan:-nan 708 (26) sec
[39] Ep10000: Max 4434 (4434) steps (0.0012 hrs) -nan:-nan 728 (20) sec
[40] Ep10000: Max 4434 (2263) steps (0.0006 hrs) -nan:-nan 753 (25) sec
[41] Ep10000: Max 4434 (1611) steps (0.0004 hrs) -nan:-nan 767 (14) sec
[42] Ep10000: Max 4434 (1824) steps (0.0005 hrs) -nan:-nan 782 (15) sec
[43] Ep10000: Max 4434 (3044) steps (0.0008 hrs) -nan:-nan 802 (20) sec
[44] Ep10000: Max 4434 (2106) steps (0.0006 hrs) -nan:-nan 826 (24) sec
[45] Ep10000: Max 4434 (3999) steps (0.0011 hrs) -nan:-nan 855 (29) sec
[46] Ep10000: Max 4434 (1466) steps (0.0004 hrs) -nan:-nan 867 (12) sec
[47] Ep10000: Max 4434 (615) steps (0.0002 hrs) -nan:-nan 881 (14) sec
[48] Ep10000: Max 5113 (5113) steps (0.0014 hrs) -nan:-nan 898 (17) sec
[49] Ep10000: Max 5113 (3344) steps (0.0009 hrs) -nan:-nan 924 (26) sec
[50] Ep10000: Max 5113 (1311) steps (0.0004 hrs) -nan:-nan 937 (13) sec
[51] Ep10000: Max 5113 (2320) steps (0.0006 hrs) -nan:-nan 963 (26) sec
[52] Ep10000: Max 5113 (939) steps (0.0003 hrs) -nan:-nan 974 (11) sec
[53] Ep10000: Max 5113 (2060) steps (0.0006 hrs) -nan:-nan 1000 (26) sec
[54] Ep10000: Max 5113 (2390) steps (0.0007 hrs) -nan:-nan 1026 (26) sec
[55] Ep10000: Max 5113 (3247) steps (0.0009 hrs) -nan:-nan 1055 (29) sec
[56] Ep10000: Max 5113 (5101) steps (0.0014 hrs) -nan:-nan 1092 (37) sec
[57] Ep10000: Max 5113 (2814) steps (0.0008 hrs) -nan:-nan 1119 (27) sec
[58] Ep10000: Max 5113 (3555) steps (0.0010 hrs) -nan:-nan 1138 (19) sec
[59] Ep10000: Max 5113 (2210) steps (0.0006 hrs) -nan:-nan 1161 (23) sec
[60] Ep10000: Max 5113 (1109) steps (0.0003 hrs) -nan:-nan 1176 (15) sec
[61] Ep10000: Max 5113 (2051) steps (0.0006 hrs) -nan:-nan 1199 (23) sec
[62] Ep10000: Max 5113 (1722) steps (0.0005 hrs) -nan:-nan 1212 (13) sec
[63] Ep10000: Max 5113 (2219) steps (0.0006 hrs) -nan:-nan 1238 (26) sec
[64] Ep10000: Max 5113 (1831) steps (0.0005 hrs) -nan:-nan 1256 (18) sec
[65] Ep10000: Max 5113 (2497) steps (0.0007 hrs) -nan:-nan 1272 (16) sec
[66] Ep10000: Max 5113 (1070) steps (0.0003 hrs) -nan:-nan 1284 (12) sec
[67] Ep10000: Max 5113 (1398) steps (0.0004 hrs) -nan:-nan 1296 (12) sec
[68] Ep10000: Max 5113 (2661) steps (0.0007 hrs) -nan:-nan 1322 (26) sec
[69] Ep10000: Max 5113 (3619) steps (0.0010 hrs) -nan:-nan 1347 (25) sec
[70] Ep10000: Max 5113 (1006) steps (0.0003 hrs) -nan:-nan 1358 (11) sec
[71] Ep10000: Max 5113 (1665) steps (0.0005 hrs) -nan:-nan 1374 (16) sec
[72] Ep10000: Max 5113 (1836) steps (0.0005 hrs) -nan:-nan 1386 (12) sec
[73] Ep10000: Max 5113 (2441) steps (0.0007 hrs) -nan:-nan 1407 (21) sec
[74] Ep10000: Max 5113 (1896) steps (0.0005 hrs) -nan:-nan 1431 (24) sec
[75] Ep10000: Max 5113 (3483) steps (0.0010 hrs) -nan:-nan 1453 (22) sec
[76] Ep10000: Max 5113 (2069) steps (0.0006 hrs) -nan:-nan 1478 (25) sec
[77] Ep10000: Max 5113 (3417) steps (0.0009 hrs) -nan:-nan 1494 (16) sec
[78] Ep10000: Max 5113 (2011) steps (0.0006 hrs) -nan:-nan 1520 (26) sec
[79] Ep10000: Max 5113 (3320) steps (0.0009 hrs) -nan:-nan 1537 (17) sec
[80] Ep10000: Max 5113 (1650) steps (0.0005 hrs) -nan:-nan 1552 (15) sec
[81] Ep10000: Max 5113 (3924) steps (0.0011 hrs) -nan:-nan 1570 (18) sec
[82] Ep10000: Max 5113 (2138) steps (0.0006 hrs) -nan:-nan 1597 (27) sec
[83] Ep10000: Max 5113 (1954) steps (0.0005 hrs) -nan:-nan 1612 (15) sec
[84] Ep10000: Max 5113 (932) steps (0.0003 hrs) -nan:-nan 1628 (16) sec
[85] Ep10000: Max 5113 (2132) steps (0.0006 hrs) -nan:-nan 1654 (26) sec
[86] Ep10000: Max 5113 (2305) steps (0.0006 hrs) -nan:-nan 1681 (27) sec
[87] Ep10000: Max 5113 (1301) steps (0.0004 hrs) -nan:-nan 1692 (11) sec
[88] Ep10000: Max 5113 (3762) steps (0.0010 hrs) -nan:-nan 1709 (17) sec
[89] Ep10000: Max 5113 (4066) steps (0.0011 hrs) -nan:-nan 1727 (18) sec
[90] Ep10000: Max 5113 (887) steps (0.0002 hrs) -nan:-nan 1742 (15) sec
[91] Ep10000: Max 5113 (1877) steps (0.0005 hrs) -nan:-nan 1756 (14) sec
[92] Ep10000: Max 5113 (3311) steps (0.0009 hrs) -nan:-nan 1773 (17) sec
[93] Ep10000: Max 5113 (1916) steps (0.0005 hrs) -nan:-nan 1794 (21) sec
[94] Ep10000: Max 5113 (2267) steps (0.0006 hrs) -nan:-nan 1812 (18) sec
[95] Ep10000: Max 5113 (1398) steps (0.0004 hrs) -nan:-nan 1824 (12) sec
[96] Ep10000: Max 5113 (2102) steps (0.0006 hrs) -nan:-nan 1850 (26) sec
[97] Ep10000: Max 5113 (2089) steps (0.0006 hrs) -nan:-nan 1866 (16) sec
[98] Ep10000: Max 5113 (3732) steps (0.0010 hrs) -nan:-nan 1880 (14) sec
[99] Ep10000: Max 5113 (1830) steps (0.0005 hrs) -nan:-nan 1893 (13) sec
[100] Ep10000: Max 6205 (6205) steps (0.0017 hrs) -nan:-nan 1922 (29) sec
[101] Ep10000: Max 6205 (640) steps (0.0002 hrs) -nan:-nan 1936 (14) sec
[102] Ep10000: Max 6205 (1649) steps (0.0005 hrs) -nan:-nan 1951 (15) sec
[103] Ep10000: Max 6205 (2741) steps (0.0008 hrs) -nan:-nan 1977 (26) sec
[104] Ep10000: Max 6205 (2235) steps (0.0006 hrs) -nan:-nan 2002 (25) sec
[105] Ep10000: Max 6205 (2003) steps (0.0006 hrs) -nan:-nan 2017 (15) sec
[106] Ep10000: Max 6205 (2132) steps (0.0006 hrs) -nan:-nan 2042 (25) sec
[107] Ep10000: Max 6205 (2526) steps (0.0007 hrs) -nan:-nan 2066 (24) sec
[108] Ep10000: Max 6205 (1168) steps (0.0003 hrs) -nan:-nan 2082 (16) sec
[109] Ep10000: Max 6205 (2694) steps (0.0007 hrs) -nan:-nan 2108 (26) sec
[110] Ep10000: Max 6205 (2274) steps (0.0006 hrs) -nan:-nan 2132 (24) sec
[111] Ep10000: Max 6205 (2019) steps (0.0006 hrs) -nan:-nan 2155 (23) sec
[112] Ep10000: Max 6205 (2666) steps (0.0007 hrs) -nan:-nan 2181 (26) sec
[113] Ep10000: Max 6205 (3075) steps (0.0009 hrs) -nan:-nan 2208 (27) sec
[114] Ep10000: Max 6205 (2119) steps (0.0006 hrs) -nan:-nan 2232 (24) sec
[115] Ep10000: Max 6205 (3537) steps (0.0010 hrs) -nan:-nan 2259 (27) sec
[116] Ep10000: Max 6205 (940) steps (0.0003 hrs) -nan:-nan 2270 (11) sec
[117] Ep10000: Max 6205 (1693) steps (0.0005 hrs) -nan:-nan 2286 (16) sec
[118] Ep10000: Max 6205 (1467) steps (0.0004 hrs) -nan:-nan 2298 (12) sec
[119] Ep10000: Max 6205 (2148) steps (0.0006 hrs) -nan:-nan 2315 (17) sec
[120] Ep10000: Max 6205 (2028) steps (0.0006 hrs) -nan:-nan 2340 (25) sec
[121] Ep10000: Max 6205 (2079) steps (0.0006 hrs) -nan:-nan 2361 (21) sec
[122] Ep10000: Max 6205 (2850) steps (0.0008 hrs) -nan:-nan 2377 (16) sec
[123] Ep10000: Max 6205 (3759) steps (0.0010 hrs) -nan:-nan 2398 (21) sec
[124] Ep10000: Max 6205 (1371) steps (0.0004 hrs) -nan:-nan 2411 (13) sec
[125] Ep10000: Max 6205 (2434) steps (0.0007 hrs) -nan:-nan 2437 (26) sec
[126] Ep10000: Max 6205 (2847) steps (0.0008 hrs) -nan:-nan 2456 (19) sec
[127] Ep10000: Max 6205 (1972) steps (0.0005 hrs) -nan:-nan 2483 (27) sec
[128] Ep10000: Max 6205 (1420) steps (0.0004 hrs) -nan:-nan 2498 (15) sec
[129] Ep10000: Max 6205 (1229) steps (0.0003 hrs) -nan:-nan 2509 (11) sec
[130] Ep10000: Max 6205 (2543) steps (0.0007 hrs) -nan:-nan 2533 (24) sec
[131] Ep10000: Max 6205 (1271) steps (0.0004 hrs) -nan:-nan 2547 (14) sec
[132] Ep10000: Max 6205 (2816) steps (0.0008 hrs) -nan:-nan 2561 (14) sec
[133] Ep10000: Max 6205 (1450) steps (0.0004 hrs) -nan:-nan 2575 (14) sec
[134] Ep10000: Max 6205 (1123) steps (0.0003 hrs) -nan:-nan 2585 (10) sec
[135] Ep10000: Max 6205 (2596) steps (0.0007 hrs) -nan:-nan 2602 (17) sec
[136] Ep10000: Max 6205 (1078) steps (0.0003 hrs) -nan:-nan 2614 (12) sec
[137] Ep10000: Max 6205 (1461) steps (0.0004 hrs) -nan:-nan 2629 (15) sec
[138] Ep10000: Max 6205 (2186) steps (0.0006 hrs) -nan:-nan 2653 (24) sec
[139] Ep10000: Max 6205 (3902) steps (0.0011 hrs) -nan:-nan 2670 (17) sec
[140] Ep10000: Max 6205 (2072) steps (0.0006 hrs) -nan:-nan 2684 (14) sec
[141] Ep10000: Max 6205 (2143) steps (0.0006 hrs) -nan:-nan 2710 (26) sec
[142] Ep10000: Max 6205 (1141) steps (0.0003 hrs) -nan:-nan 2726 (16) sec
[143] Ep10000: Max 6205 (2755) steps (0.0008 hrs) -nan:-nan 2752 (26) sec
[144] Ep10000: Max 6205 (4787) steps (0.0013 hrs) -nan:-nan 2768 (16) sec
[145] Ep10000: Max 6205 (1481) steps (0.0004 hrs) -nan:-nan 2781 (13) sec
[146] Ep10000: Max 6205 (1729) steps (0.0005 hrs) -nan:-nan 2794 (13) sec
[147] Ep10000: Max 6205 (4363) steps (0.0012 hrs) -nan:-nan 2812 (18) sec
[148] Ep10000: Max 6205 (1530) steps (0.0004 hrs) -nan:-nan 2829 (17) sec
[149] Ep10000: Max 6205 (1127) steps (0.0003 hrs) -nan:-nan 2845 (16) sec
[150] Ep10000: Max 6205 (2237) steps (0.0006 hrs) -nan:-nan 2861 (16) sec
[151] Ep10000: Max 6205 (1925) steps (0.0005 hrs) -nan:-nan 2886 (25) sec
[152] Ep10000: Max 6205 (1029) steps (0.0003 hrs) -nan:-nan 2901 (15) sec
[153] Ep10000: Max 6205 (2261) steps (0.0006 hrs) -nan:-nan 2926 (25) sec
[154] Ep10000: Max 6205 (1646) steps (0.0005 hrs) -nan:-nan 2939 (13) sec
[155] Ep10000: Max 6205 (1303) steps (0.0004 hrs) -nan:-nan 2953 (14) sec
[156] Ep10000: Max 6205 (2454) steps (0.0007 hrs) -nan:-nan 2977 (24) sec
[157] Ep10000: Max 6205 (1948) steps (0.0005 hrs) -nan:-nan 3003 (26) sec
[158] Ep10000: Max 6205 (5824) steps (0.0016 hrs) -nan:-nan 3026 (23) sec
[159] Ep10000: Max 6205 (2024) steps (0.0006 hrs) -nan:-nan 3051 (25) sec
[160] Ep10000: Max 6205 (1241) steps (0.0003 hrs) -nan:-nan 3064 (13) sec
[161] Ep10000: Max 6205 (4657) steps (0.0013 hrs) -nan:-nan 3079 (15) sec
[162] Ep10000: Max 6205 (2525) steps (0.0007 hrs) -nan:-nan 3105 (26) sec
[163] Ep10000: Max 6205 (3657) steps (0.0010 hrs) -nan:-nan 3132 (27) sec
[164] Ep10000: Max 6205 (2765) steps (0.0008 hrs) -nan:-nan 3158 (26) sec
[165] Ep10000: Max 6205 (1014) steps (0.0003 hrs) -nan:-nan 3173 (15) sec
[166] Ep10000: Max 6205 (3786) steps (0.0011 hrs) -nan:-nan 3190 (17) sec
[167] Ep10000: Max 6205 (5099) steps (0.0014 hrs) -nan:-nan 3220 (30) sec
[168] Ep10000: Max 6205 (2329) steps (0.0006 hrs) -nan:-nan 3236 (16) sec
[169] Ep10000: Max 6205 (1313) steps (0.0004 hrs) -nan:-nan 3250 (14) sec
[170] Ep10000: Max 6205 (2203) steps (0.0006 hrs) -nan:-nan 3266 (16) sec
[171] Ep10000: Max 6205 (983) steps (0.0003 hrs) -nan:-nan 3278 (12) sec
[172] Ep10000: Max 6205 (1150) steps (0.0003 hrs) -nan:-nan 3290 (12) sec
[173] Ep10000: Max 6205 (1458) steps (0.0004 hrs) -nan:-nan 3302 (12) sec
[174] Ep10000: Max 8298 (8298) steps (0.0023 hrs) -nan:-nan 3321 (19) sec
[175] Ep10000: Max 8298 (1188) steps (0.0003 hrs) -nan:-nan 3332 (11) sec
[176] Ep10000: Max 8298 (950) steps (0.0003 hrs) -nan:-nan 3344 (12) sec
[177] Ep10000: Max 8298 (665) steps (0.0002 hrs) -nan:-nan 3355 (11) sec
[178] Ep10000: Max 8298 (2633) steps (0.0007 hrs) -nan:-nan 3382 (27) sec
[179] Ep10000: Max 8298 (1152) steps (0.0003 hrs) -nan:-nan 3394 (12) sec
[180] Ep10000: Max 8298 (2240) steps (0.0006 hrs) -nan:-nan 3421 (27) sec
[181] Ep10000: Max 8298 (628) steps (0.0002 hrs) -nan:-nan 3432 (11) sec
[182] Ep10000: Max 8298 (3486) steps (0.0010 hrs) -nan:-nan 3456 (24) sec
[183] Ep10000: Max 8298 (1218) steps (0.0003 hrs) -nan:-nan 3468 (12) sec
[184] Ep10000: Max 8298 (2596) steps (0.0007 hrs) -nan:-nan 3483 (15) sec
[185] Ep10000: Max 8298 (1221) steps (0.0003 hrs) -nan:-nan 3495 (12) sec
[186] Ep10000: Max 8298 (2704) steps (0.0008 hrs) -nan:-nan 3520 (25) sec
[187] Ep10000: Max 8298 (1143) steps (0.0003 hrs) -nan:-nan 3536 (16) sec
[188] Ep10000: Max 8298 (1453) steps (0.0004 hrs) -nan:-nan 3550 (14) sec
[189] Ep10000: Max 8298 (2256) steps (0.0006 hrs) -nan:-nan 3576 (26) sec
[190] Ep10000: Max 8298 (4100) steps (0.0011 hrs) -nan:-nan 3596 (20) sec
[191] Ep10000: Max 8298 (1515) steps (0.0004 hrs) -nan:-nan 3608 (12) sec
[192] Ep10000: Max 8298 (1233) steps (0.0003 hrs) -nan:-nan 3619 (11) sec
[193] Ep10000: Max 8298 (1614) steps (0.0004 hrs) -nan:-nan 3634 (15) sec
[194] Ep10000: Max 8298 (1571) steps (0.0004 hrs) -nan:-nan 3651 (17) sec
[195] Ep10000: Max 8298 (2505) steps (0.0007 hrs) -nan:-nan 3676 (25) sec
[196] Ep10000: Max 8298 (1376) steps (0.0004 hrs) -nan:-nan 3689 (13) sec
[197] Ep10000: Max 8298 (1120) steps (0.0003 hrs) -nan:-nan 3701 (12) sec
[198] Ep10000: Max 8298 (2912) steps (0.0008 hrs) -nan:-nan 3727 (26) sec
[199] Ep10000: Max 8298 (2332) steps (0.0006 hrs) -nan:-nan 3742 (15) sec
[200] Ep10000: Max 8298 (1876) steps (0.0005 hrs) -nan:-nan 3753 (11) sec
[201] Ep10000: Max 8298 (1285) steps (0.0004 hrs) -nan:-nan 3767 (14) sec
[202] Ep10000: Max 8298 (1769) steps (0.0005 hrs) -nan:-nan 3780 (13) sec
[203] Ep10000: Max 8298 (1806) steps (0.0005 hrs) -nan:-nan 3794 (14) sec
[204] Ep10000: Max 8298 (905) steps (0.0003 hrs) -nan:-nan 3805 (11) sec
[205] Ep10000: Max 8298 (3123) steps (0.0009 hrs) -nan:-nan 3826 (21) sec
[206] Ep10000: Max 8298 (1868) steps (0.0005 hrs) -nan:-nan 3840 (14) sec
[207] Ep10000: Max 8298 (1393) steps (0.0004 hrs) -nan:-nan 3852 (12) sec
[208] Ep10000: Max 8298 (706) steps (0.0002 hrs) -nan:-nan 3864 (12) sec
[209] Ep10000: Max 8298 (1855) steps (0.0005 hrs) -nan:-nan 3880 (16) sec
[210] Ep10000: Max 8298 (2716) steps (0.0008 hrs) -nan:-nan 3906 (26) sec
[211] Ep10000: Max 8298 (2118) steps (0.0006 hrs) -nan:-nan 3921 (15) sec
[212] Ep10000: Max 8298 (2207) steps (0.0006 hrs) -nan:-nan 3938 (17) sec
[213] Ep10000: Max 8298 (2049) steps (0.0006 hrs) -nan:-nan 3950 (12) sec
[214] Ep10000: Max 8298 (2177) steps (0.0006 hrs) -nan:-nan 3965 (15) sec
[215] Ep10000: Max 8298 (2637) steps (0.0007 hrs) -nan:-nan 3991 (26) sec
[216] Ep10000: Max 8298 (2669) steps (0.0007 hrs) -nan:-nan 4015 (24) sec
[217] Ep10000: Max 8298 (2202) steps (0.0006 hrs) -nan:-nan 4041 (26) sec
[218] Ep10000: Max 8298 (3057) steps (0.0008 hrs) -nan:-nan 4067 (26) sec
[219] Ep10000: Max 8298 (2472) steps (0.0007 hrs) -nan:-nan 4083 (16) sec
[220] Ep10000: Max 8298 (2087) steps (0.0006 hrs) -nan:-nan 4108 (25) sec
[221] Ep10000: Max 8298 (2986) steps (0.0008 hrs) -nan:-nan 4134 (26) sec
[222] Ep10000: Max 8298 (2401) steps (0.0007 hrs) -nan:-nan 4157 (23) sec
[223] Ep10000: Max 8298 (2565) steps (0.0007 hrs) -nan:-nan 4183 (26) sec
[224] Ep10000: Max 8298 (2337) steps (0.0006 hrs) -nan:-nan 4209 (26) sec
[225] Ep10000: Max 8298 (3402) steps (0.0009 hrs) -nan:-nan 4234 (25) sec
[226] Ep10000: Max 8298 (1566) steps (0.0004 hrs) -nan:-nan 4246 (12) sec
[227] Ep10000: Max 8298 (2193) steps (0.0006 hrs) -nan:-nan 4263 (17) sec
[228] Ep10000: Max 8298 (2281) steps (0.0006 hrs) -nan:-nan 4288 (25) sec
[229] Ep10000: Max 8298 (948) steps (0.0003 hrs) -nan:-nan 4299 (11) sec
[230] Ep10000: Max 8298 (801) steps (0.0002 hrs) -nan:-nan 4310 (11) sec
[231] Ep10000: Max 8298 (1669) steps (0.0005 hrs) -nan:-nan 4324 (14) sec
[232] Ep10000: Max 8298 (1469) steps (0.0004 hrs) -nan:-nan 4337 (13) sec
[233] Ep10000: Max 8298 (2313) steps (0.0006 hrs) -nan:-nan 4358 (21) sec
[234] Ep10000: Max 8298 (1390) steps (0.0004 hrs) -nan:-nan 4370 (12) sec
[235] Ep10000: Max 8298 (2321) steps (0.0006 hrs) -nan:-nan 4395 (25) sec
[236] Ep10000: Max 8298 (2012) steps (0.0006 hrs) -nan:-nan 4421 (26) sec
[237] Ep10000: Max 8298 (2370) steps (0.0007 hrs) -nan:-nan 4435 (14) sec
[238] Ep10000: Max 8298 (2909) steps (0.0008 hrs) -nan:-nan 4461 (26) sec
[239] Ep10000: Max 8298 (2059) steps (0.0006 hrs) -nan:-nan 4473 (12) sec
[240] Ep10000: Max 8298 (2634) steps (0.0007 hrs) -nan:-nan 4488 (15) sec
[241] Ep10000: Max 8298 (1963) steps (0.0005 hrs) -nan:-nan 4514 (26) sec
[242] Ep10000: Max 8298 (1452) steps (0.0004 hrs) -nan:-nan 4527 (13) sec
[243] Ep10000: Max 8298 (6971) steps (0.0019 hrs) -nan:-nan 4547 (20) sec
[244] Ep10000: Max 8298 (1933) steps (0.0005 hrs) -nan:-nan 4562 (15) sec
[245] Ep10000: Max 12591 (12591) steps (0.0035 hrs) -nan:-nan 4617 (55) sec
[246] Ep10000: Max 12591 (1498) steps (0.0004 hrs) -nan:-nan 4631 (14) sec
[247] Ep10000: Max 12591 (7682) steps (0.0021 hrs) -nan:-nan 4651 (20) sec
[248] Ep10000: Max 12591 (1678) steps (0.0005 hrs) -nan:-nan 4663 (12) sec
[249] Ep10000: Max 12591 (983) steps (0.0003 hrs) -nan:-nan 4675 (12) sec
[250] Ep10000: Max 12591 (2682) steps (0.0007 hrs) -nan:-nan 4690 (15) sec
[251] Ep10000: Max 12591 (887) steps (0.0002 hrs) -nan:-nan 4704 (14) sec
[252] Ep10000: Max 12591 (1033) steps (0.0003 hrs) -nan:-nan 4716 (12) sec
[253] Ep10000: Max 12591 (1832) steps (0.0005 hrs) -nan:-nan 4729 (13) sec
[254] Ep10000: Max 12591 (3670) steps (0.0010 hrs) -nan:-nan 4748 (19) sec
[255] Ep10000: Max 12591 (3671) steps (0.0010 hrs) -nan:-nan 4765 (17) sec
[256] Ep10000: Max 12591 (4207) steps (0.0012 hrs) -nan:-nan 4783 (18) sec
[257] Ep10000: Max 12591 (4098) steps (0.0011 hrs) -nan:-nan 4801 (18) sec
[258] Ep10000: Max 12591 (2839) steps (0.0008 hrs) -nan:-nan 4823 (22) sec
[259] Ep10000: Max 12591 (1818) steps (0.0005 hrs) -nan:-nan 4839 (16) sec
[260] Ep10000: Max 12591 (1542) steps (0.0004 hrs) -nan:-nan 4852 (13) sec
[261] Ep10000: Max 12591 (1035) steps (0.0003 hrs) -nan:-nan 4863 (11) sec
[262] Ep10000: Max 12591 (2305) steps (0.0006 hrs) -nan:-nan 4889 (26) sec
[263] Ep10000: Max 12591 (1964) steps (0.0005 hrs) -nan:-nan 4902 (13) sec
[264] Ep10000: Max 12591 (1753) steps (0.0005 hrs) -nan:-nan 4916 (14) sec
[265] Ep10000: Max 12591 (1421) steps (0.0004 hrs) -nan:-nan 4929 (13) sec
[266] Ep10000: Max 12591 (1274) steps (0.0004 hrs) -nan:-nan 4942 (13) sec
[267] Ep10000: Max 12591 (4481) steps (0.0012 hrs) -nan:-nan 4967 (25) sec
[268] Ep10000: Max 12591 (2333) steps (0.0006 hrs) -nan:-nan 4991 (24) sec
[269] Ep10000: Max 12591 (4893) steps (0.0014 hrs) -nan:-nan 5012 (21) sec
[270] Ep10000: Max 12591 (1781) steps (0.0005 hrs) -nan:-nan 5029 (17) sec
[271] Ep10000: Max 12591 (3794) steps (0.0011 hrs) -nan:-nan 5055 (26) sec
[272] Ep10000: Max 12591 (1536) steps (0.0004 hrs) -nan:-nan 5068 (13) sec
[273] Ep10000: Max 12591 (2074) steps (0.0006 hrs) -nan:-nan 5093 (25) sec
[274] Ep10000: Max 12591 (3652) steps (0.0010 hrs) -nan:-nan 5119 (26) sec
[275] Ep10000: Max 12591 (1099) steps (0.0003 hrs) -nan:-nan 5130 (11) sec
[276] Ep10000: Max 12591 (2180) steps (0.0006 hrs) -nan:-nan 5152 (22) sec
[277] Ep10000: Max 12591 (1372) steps (0.0004 hrs) -nan:-nan 5164 (12) sec
[278] Ep10000: Max 12591 (1612) steps (0.0004 hrs) -nan:-nan 5182 (18) sec
[279] Ep10000: Max 12591 (2180) steps (0.0006 hrs) -nan:-nan 5207 (25) sec
[280] Ep10000: Max 12591 (2324) steps (0.0006 hrs) -nan:-nan 5232 (25) sec
[281] Ep10000: Max 12591 (1890) steps (0.0005 hrs) -nan:-nan 5249 (17) sec
[282] Ep10000: Max 12591 (2199) steps (0.0006 hrs) -nan:-nan 5275 (26) sec
[283] Ep10000: Max 12591 (1929) steps (0.0005 hrs) -nan:-nan 5300 (25) sec
[284] Ep10000: Max 12591 (1201) steps (0.0003 hrs) -nan:-nan 5312 (12) sec
[285] Ep10000: Max 12591 (1043) steps (0.0003 hrs) -nan:-nan 5324 (12) sec
[286] Ep10000: Max 12591 (8556) steps (0.0024 hrs) -nan:-nan 5341 (17) sec
[287] Ep10000: Max 12591 (1237) steps (0.0003 hrs) -nan:-nan 5356 (15) sec
[288] Ep10000: Max 12591 (1614) steps (0.0004 hrs) -nan:-nan 5370 (14) sec
[289] Ep10000: Max 12591 (1626) steps (0.0005 hrs) -nan:-nan 5385 (15) sec
[290] Ep10000: Max 12591 (2806) steps (0.0008 hrs) -nan:-nan 5403 (18) sec
[291] Ep10000: Max 12591 (1924) steps (0.0005 hrs) -nan:-nan 5419 (16) sec
[292] Ep10000: Max 12591 (1172) steps (0.0003 hrs) -nan:-nan 5430 (11) sec
[293] Ep10000: Max 12591 (1456) steps (0.0004 hrs) -nan:-nan 5445 (15) sec
[294] Ep10000: Max 12591 (2864) steps (0.0008 hrs) -nan:-nan 5471 (26) sec
[295] Ep10000: Max 12591 (3204) steps (0.0009 hrs) -nan:-nan 5496 (25) sec
[296] Ep10000: Max 12591 (5723) steps (0.0016 hrs) -nan:-nan 5515 (19) sec
[297] Ep10000: Max 12591 (1456) steps (0.0004 hrs) -nan:-nan 5528 (13) sec
[298] Ep10000: Max 12591 (910) steps (0.0003 hrs) -nan:-nan 5540 (12) sec
[299] Ep10000: Max 12591 (1201) steps (0.0003 hrs) -nan:-nan 5552 (12) sec
[300] Ep10000: Max 12591 (1430) steps (0.0004 hrs) -nan:-nan 5566 (14) sec
[301] Ep10000: Max 12591 (783) steps (0.0002 hrs) -nan:-nan 5577 (11) sec
[302] Ep10000: Max 12591 (2196) steps (0.0006 hrs) -nan:-nan 5603 (26) sec
[303] Ep10000: Max 12591 (892) steps (0.0002 hrs) -nan:-nan 5619 (16) sec
[304] Ep10000: Max 12591 (1822) steps (0.0005 hrs) -nan:-nan 5632 (13) sec
[305] Ep10000: Max 12591 (988) steps (0.0003 hrs) -nan:-nan 5644 (12) sec
[306] Ep10000: Max 12591 (2521) steps (0.0007 hrs) -nan:-nan 5659 (15) sec
[307] Ep10000: Max 12591 (1541) steps (0.0004 hrs) -nan:-nan 5675 (16) sec
[308] Ep10000: Max 12591 (2556) steps (0.0007 hrs) -nan:-nan 5690 (15) sec
[309] Ep10000: Max 12591 (1727) steps (0.0005 hrs) -nan:-nan 5706 (16) sec
[310] Ep10000: Max 12591 (2259) steps (0.0006 hrs) -nan:-nan 5732 (26) sec
[311] Ep10000: Max 12591 (4125) steps (0.0011 hrs) -nan:-nan 5761 (29) sec
[312] Ep10000: Max 12591 (1096) steps (0.0003 hrs) -nan:-nan 5773 (12) sec
[313] Ep10000: Max 12591 (1053) steps (0.0003 hrs) -nan:-nan 5788 (15) sec
[314] Ep10000: Max 12591 (1706) steps (0.0005 hrs) -nan:-nan 5814 (26) sec
[315] Ep10000: Max 12591 (2257) steps (0.0006 hrs) -nan:-nan 5840 (26) sec
[316] Ep10000: Max 12591 (6375) steps (0.0018 hrs) -nan:-nan 5863 (23) sec
[317] Ep10000: Max 12591 (2490) steps (0.0007 hrs) -nan:-nan 5879 (16) sec
[318] Ep10000: Max 12591 (1560) steps (0.0004 hrs) -nan:-nan 5893 (14) sec
[319] Ep10000: Max 12591 (2372) steps (0.0007 hrs) -nan:-nan 5919 (26) sec
[320] Ep10000: Max 12591 (2645) steps (0.0007 hrs) -nan:-nan 5945 (26) sec
[321] Ep10000: Max 12591 (3683) steps (0.0010 hrs) -nan:-nan 5961 (16) sec
[322] Ep10000: Max 12591 (2089) steps (0.0006 hrs) -nan:-nan 5987 (26) sec
[323] Ep10000: Max 12591 (874) steps (0.0002 hrs) -nan:-nan 6001 (14) sec
[324] Ep10000: Max 12591 (2043) steps (0.0006 hrs) -nan:-nan 6019 (18) sec
[325] Ep10000: Max 12591 (4249) steps (0.0012 hrs) -nan:-nan 6045 (26) sec
[326] Ep10000: Max 12591 (2175) steps (0.0006 hrs) -nan:-nan 6070 (25) sec
[327] Ep10000: Max 12591 (1528) steps (0.0004 hrs) -nan:-nan 6082 (12) sec
[328] Ep10000: Max 12591 (3494) steps (0.0010 hrs) -nan:-nan 6107 (25) sec
[329] Ep10000: Max 12591 (3301) steps (0.0009 hrs) -nan:-nan 6131 (24) sec
[330] Ep10000: Max 12591 (6964) steps (0.0019 hrs) -nan:-nan 6148 (17) sec
[331] Ep10000: Max 12591 (1673) steps (0.0005 hrs) -nan:-nan 6164 (16) sec
[332] Ep10000: Max 12591 (1660) steps (0.0005 hrs) -nan:-nan 6181 (17) sec
[333] Ep10000: Max 12591 (2380) steps (0.0007 hrs) -nan:-nan 6195 (14) sec
[334] Ep10000: Max 12591 (1386) steps (0.0004 hrs) -nan:-nan 6209 (14) sec
[335] Ep10000: Max 12591 (2213) steps (0.0006 hrs) -nan:-nan 6236 (27) sec
[336] Ep10000: Max 12591 (2565) steps (0.0007 hrs) -nan:-nan 6259 (23) sec
[337] Ep10000: Max 12591 (1306) steps (0.0004 hrs) -nan:-nan 6273 (14) sec
[338] Ep10000: Max 12591 (1286) steps (0.0004 hrs) -nan:-nan 6286 (13) sec
[339] Ep10000: Max 12591 (1544) steps (0.0004 hrs) -nan:-nan 6299 (13) sec
[340] Ep10000: Max 12591 (2734) steps (0.0008 hrs) -nan:-nan 6323 (24) sec
[341] Ep10000: Max 12591 (2312) steps (0.0006 hrs) -nan:-nan 6349 (26) sec
[342] Ep10000: Max 12591 (2007) steps (0.0006 hrs) -nan:-nan 6367 (18) sec
[343] Ep10000: Max 12591 (1636) steps (0.0005 hrs) -nan:-nan 6384 (17) sec
[344] Ep10000: Max 12591 (1718) steps (0.0005 hrs) -nan:-nan 6397 (13) sec
[345] Ep10000: Max 12591 (1988) steps (0.0006 hrs) -nan:-nan 6417 (20) sec
[346] Ep10000: Max 12591 (2095) steps (0.0006 hrs) -nan:-nan 6434 (17) sec
[347] Ep10000: Max 12591 (756) steps (0.0002 hrs) -nan:-nan 6445 (11) sec
[348] Ep10000: Max 12591 (3855) steps (0.0011 hrs) -nan:-nan 6471 (26) sec
[349] Ep10000: Max 12591 (1838) steps (0.0005 hrs) -nan:-nan 6485 (14) sec
[350] Ep10000: Max 12591 (6174) steps (0.0017 hrs) -nan:-nan 6510 (25) sec
[351] Ep10000: Max 12591 (1864) steps (0.0005 hrs) -nan:-nan 6528 (18) sec
[352] Ep10000: Max 12591 (2143) steps (0.0006 hrs) -nan:-nan 6553 (25) sec
[353] Ep10000: Max 12591 (1216) steps (0.0003 hrs) -nan:-nan 6565 (12) sec
[354] Ep10000: Max 12591 (2426) steps (0.0007 hrs) -nan:-nan 6587 (22) sec
[355] Ep10000: Max 12591 (3180) steps (0.0009 hrs) -nan:-nan 6613 (26) sec
[356] Ep10000: Max 12591 (1422) steps (0.0004 hrs) -nan:-nan 6625 (12) sec
[357] Ep10000: Max 12591 (2212) steps (0.0006 hrs) -nan:-nan 6650 (25) sec
[358] Ep10000: Max 12591 (1273) steps (0.0004 hrs) -nan:-nan 6665 (15) sec
[359] Ep10000: Max 12591 (1977) steps (0.0005 hrs) -nan:-nan 6681 (16) sec
[360] Ep10000: Max 12591 (2505) steps (0.0007 hrs) -nan:-nan 6705 (24) sec
[361] Ep10000: Max 12591 (1915) steps (0.0005 hrs) -nan:-nan 6729 (24) sec
[362] Ep10000: Max 12591 (2376) steps (0.0007 hrs) -nan:-nan 6748 (19) sec
[363] Ep10000: Max 12591 (5384) steps (0.0015 hrs) -nan:-nan 6774 (26) sec
[364] Ep10000: Max 12591 (1695) steps (0.0005 hrs) -nan:-nan 6789 (15) sec
[365] Ep10000: Max 12591 (3952) steps (0.0011 hrs) -nan:-nan 6806 (17) sec
[366] Ep10000: Max 12591 (1075) steps (0.0003 hrs) -nan:-nan 6822 (16) sec
[367] Ep10000: Max 12591 (2423) steps (0.0007 hrs) -nan:-nan 6848 (26) sec
[368] Ep10000: Max 12591 (1504) steps (0.0004 hrs) -nan:-nan 6864 (16) sec
[369] Ep10000: Max 12591 (2412) steps (0.0007 hrs) -nan:-nan 6888 (24) sec
[370] Ep10000: Max 12591 (1821) steps (0.0005 hrs) -nan:-nan 6902 (14) sec
[371] Ep10000: Max 12591 (1035) steps (0.0003 hrs) -nan:-nan 6914 (12) sec
[372] Ep10000: Max 12591 (7518) steps (0.0021 hrs) -nan:-nan 6938 (24) sec
[373] Ep10000: Max 12591 (2320) steps (0.0006 hrs) -nan:-nan 6963 (25) sec
[374] Ep10000: Max 12591 (3948) steps (0.0011 hrs) -nan:-nan 6984 (21) sec
[375] Ep10000: Max 12591 (1405) steps (0.0004 hrs) -nan:-nan 6996 (12) sec
[376] Ep10000: Max 12591 (2592) steps (0.0007 hrs) -nan:-nan 7022 (26) sec
[377] Ep10000: Max 12591 (660) steps (0.0002 hrs) -nan:-nan 7036 (14) sec
[378] Ep10000: Max 12591 (1630) steps (0.0005 hrs) -nan:-nan 7048 (12) sec
[379] Ep10000: Max 12591 (2819) steps (0.0008 hrs) -nan:-nan 7074 (26) sec
[380] Ep10000: Max 12591 (1302) steps (0.0004 hrs) -nan:-nan 7085 (11) sec
[381] Ep10000: Max 12591 (1103) steps (0.0003 hrs) -nan:-nan 7101 (16) sec
[382] Ep10000: Max 12591 (1262) steps (0.0004 hrs) -nan:-nan 7112 (11) sec
[383] Ep10000: Max 12591 (1693) steps (0.0005 hrs) -nan:-nan 7127 (15) sec
[384] Ep10000: Max 12591 (1997) steps (0.0006 hrs) -nan:-nan 7140 (13) sec
[385] Ep10000: Max 12591 (1925) steps (0.0005 hrs) -nan:-nan 7166 (26) sec
[386] Ep10000: Max 12591 (5401) steps (0.0015 hrs) -nan:-nan 7187 (21) sec
[387] Ep10000: Max 12591 (2680) steps (0.0007 hrs) -nan:-nan 7212 (25) sec
[388] Ep10000: Max 12591 (5261) steps (0.0015 hrs) -nan:-nan 7234 (22) sec
[389] Ep10000: Max 12591 (1132) steps (0.0003 hrs) -nan:-nan 7250 (16) sec
[390] Ep10000: Max 12591 (944) steps (0.0003 hrs) -nan:-nan 7264 (14) sec
[391] Ep10000: Max 12591 (1945) steps (0.0005 hrs) -nan:-nan 7279 (15) sec
[392] Ep10000: Max 12591 (4945) steps (0.0014 hrs) -nan:-nan 7304 (25) sec
[393] Ep10000: Max 12591 (2032) steps (0.0006 hrs) -nan:-nan 7329 (25) sec
[394] Ep10000: Max 12591 (1348) steps (0.0004 hrs) -nan:-nan 7342 (13) sec
[395] Ep10000: Max 12591 (2087) steps (0.0006 hrs) -nan:-nan 7368 (26) sec
[396] Ep10000: Max 12591 (1250) steps (0.0003 hrs) -nan:-nan 7380 (12) sec
[397] Ep10000: Max 12591 (1832) steps (0.0005 hrs) -nan:-nan 7392 (12) sec
[398] Ep10000: Max 12591 (2132) steps (0.0006 hrs) -nan:-nan 7417 (25) sec
[399] Ep10000: Max 12591 (1946) steps (0.0005 hrs) -nan:-nan 7432 (15) sec
[400] Ep10000: Max 12591 (1840) steps (0.0005 hrs) -nan:-nan 7449 (17) sec
[401] Ep10000: Max 12591 (725) steps (0.0002 hrs) -nan:-nan 7463 (14) sec
[402] Ep10000: Max 12591 (887) steps (0.0002 hrs) -nan:-nan 7474 (11) sec
[403] Ep10000: Max 12591 (6316) steps (0.0018 hrs) -nan:-nan 7504 (30) sec
[404] Ep10000: Max 12591 (982) steps (0.0003 hrs) -nan:-nan 7515 (11) sec
[405] Ep10000: Max 12591 (1901) steps (0.0005 hrs) -nan:-nan 7527 (12) sec
[406] Ep10000: Max 12591 (1929) steps (0.0005 hrs) -nan:-nan 7542 (15) sec
[407] Ep10000: Max 12591 (1409) steps (0.0004 hrs) -nan:-nan 7554 (12) sec
[408] Ep10000: Max 12591 (2160) steps (0.0006 hrs) -nan:-nan 7580 (26) sec
[409] Ep10000: Max 12591 (10638) steps (0.0030 hrs) -nan:-nan 7605 (25) sec
[410] Ep10000: Max 12591 (8564) steps (0.0024 hrs) -nan:-nan 7633 (28) sec
[411] Ep10000: Max 12591 (2511) steps (0.0007 hrs) -nan:-nan 7651 (18) sec
[412] Ep10000: Max 12591 (3847) steps (0.0011 hrs) -nan:-nan 7668 (17) sec
[413] Ep10000: Max 12591 (2395) steps (0.0007 hrs) -nan:-nan 7694 (26) sec
[414] Ep10000: Max 12591 (813) steps (0.0002 hrs) -nan:-nan 7709 (15) sec
[415] Ep10000: Max 12591 (1651) steps (0.0005 hrs) -nan:-nan 7724 (15) sec
[416] Ep10000: Max 12591 (3053) steps (0.0008 hrs) -nan:-nan 7751 (27) sec
[417] Ep10000: Max 12591 (3903) steps (0.0011 hrs) -nan:-nan 7766 (15) sec
[418] Ep10000: Max 12591 (3650) steps (0.0010 hrs) -nan:-nan 7785 (19) sec
[419] Ep10000: Max 12591 (1925) steps (0.0005 hrs) -nan:-nan 7812 (27) sec
[420] Ep10000: Max 12591 (2356) steps (0.0007 hrs) -nan:-nan 7838 (26) sec
[421] Ep10000: Max 12591 (964) steps (0.0003 hrs) -nan:-nan 7849 (11) sec
[422] Ep10000: Max 12591 (998) steps (0.0003 hrs) -nan:-nan 7861 (12) sec
[423] Ep10000: Max 12591 (1996) steps (0.0006 hrs) -nan:-nan 7886 (25) sec
[424] Ep10000: Max 12591 (1565) steps (0.0004 hrs) -nan:-nan 7899 (13) sec
[425] Ep10000: Max 12591 (1602) steps (0.0004 hrs) -nan:-nan 7912 (13) sec
[426] Ep10000: Max 12591 (9755) steps (0.0027 hrs) -nan:-nan 7938 (26) sec
[427] Ep10000: Max 12591 (2101) steps (0.0006 hrs) -nan:-nan 7960 (22) sec
[428] Ep10000: Max 12591 (2238) steps (0.0006 hrs) -nan:-nan 7986 (26) sec
[429] Ep10000: Max 12591 (1373) steps (0.0004 hrs) -nan:-nan 8003 (17) sec
[430] Ep10000: Max 12591 (1756) steps (0.0005 hrs) -nan:-nan 8022 (19) sec
[431] Ep10000: Max 12591 (3889) steps (0.0011 hrs) -nan:-nan 8048 (26) sec
[432] Ep10000: Max 12591 (4739) steps (0.0013 hrs) -nan:-nan 8066 (18) sec
[433] Ep10000: Max 12591 (3268) steps (0.0009 hrs) -nan:-nan 8093 (27) sec
[434] Ep10000: Max 12591 (1688) steps (0.0005 hrs) -nan:-nan 8105 (12) sec
[435] Ep10000: Max 12591 (2684) steps (0.0007 hrs) -nan:-nan 8131 (26) sec
[436] Ep10000: Max 12591 (1724) steps (0.0005 hrs) -nan:-nan 8144 (13) sec
[437] Ep10000: Max 12591 (3667) steps (0.0010 hrs) -nan:-nan 8163 (19) sec
[438] Ep10000: Max 12591 (1503) steps (0.0004 hrs) -nan:-nan 8176 (13) sec
[439] Ep10000: Max 12591 (3839) steps (0.0011 hrs) -nan:-nan 8202 (26) sec
[440] Ep10000: Max 12591 (5577) steps (0.0015 hrs) -nan:-nan 8229 (27) sec
[441] Ep10000: Max 12591 (3222) steps (0.0009 hrs) -nan:-nan 8258 (29) sec
[442] Ep10000: Max 12591 (1325) steps (0.0004 hrs) -nan:-nan 8269 (11) sec
[443] Ep10000: Max 12591 (2404) steps (0.0007 hrs) -nan:-nan 8295 (26) sec
[444] Ep10000: Max 12591 (1994) steps (0.0006 hrs) -nan:-nan 8318 (23) sec
[445] Ep10000: Max 12591 (3151) steps (0.0009 hrs) -nan:-nan 8345 (27) sec
[446] Ep10000: Max 12591 (1330) steps (0.0004 hrs) -nan:-nan 8357 (12) sec
[447] Ep10000: Max 12591 (1964) steps (0.0005 hrs) -nan:-nan 8383 (26) sec
[448] Ep10000: Max 12591 (2231) steps (0.0006 hrs) -nan:-nan 8406 (23) sec
[449] Ep10000: Max 12591 (1541) steps (0.0004 hrs) -nan:-nan 8420 (14) sec
[450] Ep10000: Max 12591 (6040) steps (0.0017 hrs) -nan:-nan 8449 (29) sec
[451] Ep10000: Max 12591 (1938) steps (0.0005 hrs) -nan:-nan 8460 (11) sec
[452] Ep10000: Max 12591 (1454) steps (0.0004 hrs) -nan:-nan 8473 (13) sec
[453] Ep10000: Max 12591 (1767) steps (0.0005 hrs) -nan:-nan 8490 (17) sec
[454] Ep10000: Max 12591 (2262) steps (0.0006 hrs) -nan:-nan 8515 (25) sec
[455] Ep10000: Max 12591 (1836) steps (0.0005 hrs) -nan:-nan 8532 (17) sec
[456] Ep10000: Max 12591 (4246) steps (0.0012 hrs) -nan:-nan 8551 (19) sec
[457] Ep10000: Max 12591 (1634) steps (0.0005 hrs) -nan:-nan 8567 (16) sec
[458] Ep10000: Max 12591 (2297) steps (0.0006 hrs) -nan:-nan 8591 (24) sec
[459] Ep10000: Max 12591 (4428) steps (0.0012 hrs) -nan:-nan 8608 (17) sec
[460] Ep10000: Max 12591 (4192) steps (0.0012 hrs) -nan:-nan 8627 (19) sec
[461] Ep10000: Max 12591 (1600) steps (0.0004 hrs) -nan:-nan 8640 (13) sec
[462] Ep10000: Max 12591 (2130) steps (0.0006 hrs) -nan:-nan 8657 (17) sec
[463] Ep10000: Max 12591 (1505) steps (0.0004 hrs) -nan:-nan 8672 (15) sec
[464] Ep10000: Max 12591 (1919) steps (0.0005 hrs) -nan:-nan 8690 (18) sec
[465] Ep10000: Max 12591 (1689) steps (0.0005 hrs) -nan:-nan 8709 (19) sec
[466] Ep10000: Max 12591 (1459) steps (0.0004 hrs) -nan:-nan 8722 (13) sec
[467] Ep10000: Max 12591 (1889) steps (0.0005 hrs) -nan:-nan 8747 (25) sec
[468] Ep10000: Max 12591 (1464) steps (0.0004 hrs) -nan:-nan 8760 (13) sec
[469] Ep10000: Max 12591 (1333) steps (0.0004 hrs) -nan:-nan 8773 (13) sec
[470] Ep10000: Max 12591 (2006) steps (0.0006 hrs) -nan:-nan 8788 (15) sec
[471] Ep10000: Max 12591 (1946) steps (0.0005 hrs) -nan:-nan 8806 (18) sec
[472] Ep10000: Max 12591 (873) steps (0.0002 hrs) -nan:-nan 8820 (14) sec
[473] Ep10000: Max 12591 (1494) steps (0.0004 hrs) -nan:-nan 8834 (14) sec
[474] Ep10000: Max 12591 (1651) steps (0.0005 hrs) -nan:-nan 8851 (17) sec
[475] Ep10000: Max 12591 (4453) steps (0.0012 hrs) -nan:-nan 8881 (30) sec
[476] Ep10000: Max 12591 (3066) steps (0.0009 hrs) -nan:-nan 8905 (24) sec
[477] Ep10000: Max 12591 (895) steps (0.0002 hrs) -nan:-nan 8916 (11) sec
[478] Ep10000: Max 12591 (2567) steps (0.0007 hrs) -nan:-nan 8942 (26) sec
[479] Ep10000: Max 12591 (2324) steps (0.0006 hrs) -nan:-nan 8969 (27) sec
[480] Ep10000: Max 12591 (4597) steps (0.0013 hrs) -nan:-nan 8999 (30) sec
[481] Ep10000: Max 12591 (1579) steps (0.0004 hrs) -nan:-nan 9014 (15) sec
[482] Ep10000: Max 12591 (1298) steps (0.0004 hrs) -nan:-nan 9026 (12) sec
[483] Ep10000: Max 12591 (2311) steps (0.0006 hrs) -nan:-nan 9052 (26) sec
[484] Ep10000: Max 12591 (3657) steps (0.0010 hrs) -nan:-nan 9080 (28) sec
[485] Ep10000: Max 12591 (9881) steps (0.0027 hrs) -nan:-nan 9106 (26) sec
[486] Ep10000: Max 12591 (2235) steps (0.0006 hrs) -nan:-nan 9125 (19) sec
[487] Ep10000: Max 14106 (14106) steps (0.0039 hrs) -nan:-nan 9155 (30) sec
[488] Ep10000: Max 14106 (4516) steps (0.0013 hrs) -nan:-nan 9183 (28) sec
[489] Ep10000: Max 14106 (1012) steps (0.0003 hrs) -nan:-nan 9197 (14) sec
[490] Ep10000: Max 14106 (3273) steps (0.0009 hrs) -nan:-nan 9223 (26) sec
[491] Ep10000: Max 14106 (1268) steps (0.0004 hrs) -nan:-nan 9235 (12) sec
[492] Ep10000: Max 14106 (1980) steps (0.0006 hrs) -nan:-nan 9251 (16) sec
[493] Ep10000: Max 14106 (2843) steps (0.0008 hrs) -nan:-nan 9266 (15) sec
[494] Ep10000: Max 14106 (3181) steps (0.0009 hrs) -nan:-nan 9285 (19) sec
[495] Ep10000: Max 14106 (3502) steps (0.0010 hrs) -nan:-nan 9303 (18) sec
[496] Ep10000: Max 14106 (1910) steps (0.0005 hrs) -nan:-nan 9320 (17) sec
[497] Ep10000: Max 14106 (2295) steps (0.0006 hrs) -nan:-nan 9346 (26) sec
[498] Ep10000: Max 14106 (892) steps (0.0002 hrs) -nan:-nan 9357 (11) sec
[499] Ep10000: Max 14106 (1681) steps (0.0005 hrs) -nan:-nan 9373 (16) sec
[500] Ep10000: Max 14106 (4934) steps (0.0014 hrs) -nan:-nan 9394 (21) sec
[501] Ep10000: Max 14106 (3236) steps (0.0009 hrs) -nan:-nan 9420 (26) sec
[502] Ep10000: Max 14106 (2466) steps (0.0007 hrs) -nan:-nan 9446 (26) sec
[503] Ep10000: Max 14106 (1423) steps (0.0004 hrs) -nan:-nan 9461 (15) sec
[504] Ep10000: Max 14106 (5620) steps (0.0016 hrs) -nan:-nan 9484 (23) sec
[505] Ep10000: Max 14106 (1302) steps (0.0004 hrs) -nan:-nan 9498 (14) sec
[506] Ep10000: Max 14106 (2153) steps (0.0006 hrs) -nan:-nan 9512 (14) sec
[507] Ep10000: Max 14106 (4991) steps (0.0014 hrs) -nan:-nan 9539 (27) sec
[508] Ep10000: Max 14106 (3520) steps (0.0010 hrs) -nan:-nan 9556 (17) sec
[509] Ep10000: Max 14106 (1800) steps (0.0005 hrs) -nan:-nan 9569 (13) sec
[510] Ep10000: Max 14106 (1343) steps (0.0004 hrs) -nan:-nan 9584 (15) sec
[511] Ep10000: Max 14106 (746) steps (0.0002 hrs) -nan:-nan 9595 (11) sec
[512] Ep10000: Max 14106 (1579) steps (0.0004 hrs) -nan:-nan 9609 (14) sec
[513] Ep10000: Max 14106 (1951) steps (0.0005 hrs) -nan:-nan 9627 (18) sec
[514] Ep10000: Max 14106 (1292) steps (0.0004 hrs) -nan:-nan 9642 (15) sec
[515] Ep10000: Max 14106 (1744) steps (0.0005 hrs) -nan:-nan 9655 (13) sec
[516] Ep10000: Max 14106 (981) steps (0.0003 hrs) -nan:-nan 9666 (11) sec
[517] Ep10000: Max 14106 (1958) steps (0.0005 hrs) -nan:-nan 9687 (21) sec
[518] Ep10000: Max 14106 (1757) steps (0.0005 hrs) -nan:-nan 9700 (13) sec
[519] Ep10000: Max 14106 (1258) steps (0.0003 hrs) -nan:-nan 9715 (15) sec
[520] Ep10000: Max 14106 (2271) steps (0.0006 hrs) -nan:-nan 9731 (16) sec
[521] Ep10000: Max 14106 (3423) steps (0.0010 hrs) -nan:-nan 9757 (26) sec
[522] Ep10000: Max 14106 (2306) steps (0.0006 hrs) -nan:-nan 9783 (26) sec
[523] Ep10000: Max 14106 (3417) steps (0.0009 hrs) -nan:-nan 9802 (19) sec
[524] Ep10000: Max 14106 (3629) steps (0.0010 hrs) -nan:-nan 9822 (20) sec
[525] Ep10000: Max 14106 (2064) steps (0.0006 hrs) -nan:-nan 9841 (19) sec
[526] Ep10000: Max 14106 (1151) steps (0.0003 hrs) -nan:-nan 9853 (12) sec
[527] Ep10000: Max 14106 (2022) steps (0.0006 hrs) -nan:-nan 9872 (19) sec
[528] Ep10000: Max 14106 (2363) steps (0.0007 hrs) -nan:-nan 9897 (25) sec
[529] Ep10000: Max 14106 (1370) steps (0.0004 hrs) -nan:-nan 9914 (17) sec
[530] Ep10000: Max 14106 (1106) steps (0.0003 hrs) -nan:-nan 9925 (11) sec
[531] Ep10000: Max 14106 (1534) steps (0.0004 hrs) -nan:-nan 9939 (14) sec
[532] Ep10000: Max 14106 (672) steps (0.0002 hrs) -nan:-nan 9953 (14) sec
[533] Ep10000: Max 14106 (998) steps (0.0003 hrs) -nan:-nan 9965 (12) sec
[534] Ep10000: Max 14106 (1901) steps (0.0005 hrs) -nan:-nan 9980 (15) sec
[535] Ep10000: Max 14106 (1080) steps (0.0003 hrs) -nan:-nan 9993 (13) sec
[536] Ep10000: Max 14106 (1866) steps (0.0005 hrs) -nan:-nan 10016 (23) sec
[537] Ep10000: Max 14106 (2201) steps (0.0006 hrs) -nan:-nan 10031 (15) sec
[538] Ep10000: Max 14106 (8165) steps (0.0023 hrs) -nan:-nan 10062 (31) sec
[539] Ep10000: Max 14106 (1929) steps (0.0005 hrs) -nan:-nan 10088 (26) sec
[540] Ep10000: Max 14106 (4309) steps (0.0012 hrs) -nan:-nan 10106 (18) sec
[541] Ep10000: Max 14106 (2317) steps (0.0006 hrs) -nan:-nan 10120 (14) sec
[542] Ep10000: Max 14106 (1909) steps (0.0005 hrs) -nan:-nan 10141 (21) sec
[543] Ep10000: Max 14106 (1379) steps (0.0004 hrs) -nan:-nan 10155 (14) sec
[544] Ep10000: Max 14106 (3209) steps (0.0009 hrs) -nan:-nan 10182 (27) sec
[545] Ep10000: Max 14106 (1477) steps (0.0004 hrs) -nan:-nan 10193 (11) sec
[546] Ep10000: Max 14106 (2401) steps (0.0007 hrs) -nan:-nan 10217 (24) sec
[547] Ep10000: Max 14106 (3276) steps (0.0009 hrs) -nan:-nan 10233 (16) sec
[548] Ep10000: Max 14106 (2297) steps (0.0006 hrs) -nan:-nan 10256 (23) sec
[549] Ep10000: Max 14106 (2050) steps (0.0006 hrs) -nan:-nan 10282 (26) sec
[550] Ep10000: Max 14106 (1209) steps (0.0003 hrs) -nan:-nan 10297 (15) sec
[551] Ep10000: Max 14106 (3252) steps (0.0009 hrs) -nan:-nan 10312 (15) sec
[552] Ep10000: Max 14106 (2379) steps (0.0007 hrs) -nan:-nan 10328 (16) sec
[553] Ep10000: Max 14106 (1430) steps (0.0004 hrs) -nan:-nan 10339 (11) sec
[554] Ep10000: Max 14106 (1495) steps (0.0004 hrs) -nan:-nan 10351 (12) sec
[555] Ep10000: Max 14106 (2183) steps (0.0006 hrs) -nan:-nan 10375 (24) sec
[556] Ep10000: Max 14106 (1425) steps (0.0004 hrs) -nan:-nan 10388 (13) sec
[557] Ep10000: Max 14106 (6007) steps (0.0017 hrs) -nan:-nan 10411 (23) sec
[558] Ep10000: Max 14106 (1944) steps (0.0005 hrs) -nan:-nan 10430 (19) sec
[559] Ep10000: Max 14106 (2394) steps (0.0007 hrs) -nan:-nan 10450 (20) sec
[560] Ep10000: Max 14106 (825) steps (0.0002 hrs) -nan:-nan 10462 (12) sec
[561] Ep10000: Max 14106 (4106) steps (0.0011 hrs) -nan:-nan 10487 (25) sec
[562] Ep10000: Max 14106 (2115) steps (0.0006 hrs) -nan:-nan 10505 (18) sec
[563] Ep10000: Max 14106 (2235) steps (0.0006 hrs) -nan:-nan 10530 (25) sec
[564] Ep10000: Max 14106 (1571) steps (0.0004 hrs) -nan:-nan 10544 (14) sec
[565] Ep10000: Max 14106 (2162) steps (0.0006 hrs) -nan:-nan 10570 (26) sec
[566] Ep10000: Max 14106 (866) steps (0.0002 hrs) -nan:-nan 10582 (12) sec
[567] Ep10000: Max 14106 (1860) steps (0.0005 hrs) -nan:-nan 10597 (15) sec
[568] Ep10000: Max 14106 (1585) steps (0.0004 hrs) -nan:-nan 10612 (15) sec
[569] Ep10000: Max 14106 (1271) steps (0.0004 hrs) -nan:-nan 10627 (15) sec
[570] Ep10000: Max 14106 (3391) steps (0.0009 hrs) -nan:-nan 10653 (26) sec
[571] Ep10000: Max 14106 (3925) steps (0.0011 hrs) -nan:-nan 10672 (19) sec
[572] Ep10000: Max 14106 (2524) steps (0.0007 hrs) -nan:-nan 10697 (25) sec
[573] Ep10000: Max 14106 (1630) steps (0.0005 hrs) -nan:-nan 10711 (14) sec
[574] Ep10000: Max 14106 (1324) steps (0.0004 hrs) -nan:-nan 10728 (17) sec
[575] Ep10000: Max 14106 (2262) steps (0.0006 hrs) -nan:-nan 10753 (25) sec
[576] Ep10000: Max 14106 (4142) steps (0.0012 hrs) -nan:-nan 10774 (21) sec
[577] Ep10000: Max 14106 (2028) steps (0.0006 hrs) -nan:-nan 10800 (26) sec
[578] Ep10000: Max 14106 (1418) steps (0.0004 hrs) -nan:-nan 10813 (13) sec
[579] Ep10000: Max 14106 (2597) steps (0.0007 hrs) -nan:-nan 10838 (25) sec
[580] Ep10000: Max 14106 (1995) steps (0.0006 hrs) -nan:-nan 10864 (26) sec
[581] Ep10000: Max 14106 (1247) steps (0.0003 hrs) -nan:-nan 10877 (13) sec
[582] Ep10000: Max 14106 (2358) steps (0.0007 hrs) -nan:-nan 10891 (14) sec
[583] Ep10000: Max 14106 (1709) steps (0.0005 hrs) -nan:-nan 10909 (18) sec
[584] Ep10000: Max 14106 (907) steps (0.0003 hrs) -nan:-nan 10920 (11) sec
[585] Ep10000: Max 14106 (1236) steps (0.0003 hrs) -nan:-nan 10935 (15) sec
[586] Ep10000: Max 14106 (1104) steps (0.0003 hrs) -nan:-nan 10949 (14) sec
[587] Ep10000: Max 14106 (5059) steps (0.0014 hrs) -nan:-nan 10973 (24) sec
[588] Ep10000: Max 14106 (1736) steps (0.0005 hrs) -nan:-nan 10996 (23) sec
[589] Ep10000: Max 14106 (2306) steps (0.0006 hrs) -nan:-nan 11022 (26) sec
[590] Ep10000: Max 14106 (1828) steps (0.0005 hrs) -nan:-nan 11037 (15) sec
[591] Ep10000: Max 14106 (2209) steps (0.0006 hrs) -nan:-nan 11054 (17) sec
[592] Ep10000: Max 14106 (5637) steps (0.0016 hrs) -nan:-nan 11073 (19) sec
[593] Ep10000: Max 14106 (1675) steps (0.0005 hrs) -nan:-nan 11085 (12) sec
[594] Ep10000: Max 14106 (1599) steps (0.0004 hrs) -nan:-nan 11098 (13) sec
[595] Ep10000: Max 14106 (1638) steps (0.0005 hrs) -nan:-nan 11112 (14) sec
[596] Ep10000: Max 14106 (1484) steps (0.0004 hrs) -nan:-nan 11126 (14) sec
[597] Ep10000: Max 14106 (2029) steps (0.0006 hrs) -nan:-nan 11152 (26) sec
[598] Ep10000: Max 14106 (2340) steps (0.0007 hrs) -nan:-nan 11178 (26) sec
[599] Ep10000: Max 14106 (2238) steps (0.0006 hrs) -nan:-nan 11204 (26) sec
[600] Ep10000: Max 14106 (2628) steps (0.0007 hrs) -nan:-nan 11230 (26) sec
[601] Ep10000: Max 14106 (2138) steps (0.0006 hrs) -nan:-nan 11253 (23) sec
[602] Ep10000: Max 14106 (2293) steps (0.0006 hrs) -nan:-nan 11279 (26) sec
[603] Ep10000: Max 14106 (1677) steps (0.0005 hrs) -nan:-nan 11293 (14) sec
[604] Ep10000: Max 14106 (3197) steps (0.0009 hrs) -nan:-nan 11320 (27) sec
[605] Ep10000: Max 14106 (1889) steps (0.0005 hrs) -nan:-nan 11337 (17) sec
[606] Ep10000: Max 14106 (10169) steps (0.0028 hrs) -nan:-nan 11373 (36) sec
[607] Ep10000: Max 14106 (3204) steps (0.0009 hrs) -nan:-nan 11400 (27) sec
[608] Ep10000: Max 14106 (1940) steps (0.0005 hrs) -nan:-nan 11417 (17) sec
[609] Ep10000: Max 14106 (2008) steps (0.0006 hrs) -nan:-nan 11432 (15) sec
[610] Ep10000: Max 14106 (1957) steps (0.0005 hrs) -nan:-nan 11457 (25) sec
[611] Ep10000: Max 14106 (2346) steps (0.0007 hrs) -nan:-nan 11473 (16) sec
[612] Ep10000: Max 14106 (947) steps (0.0003 hrs) -nan:-nan 11484 (11) sec
[613] Ep10000: Max 14106 (2186) steps (0.0006 hrs) -nan:-nan 11510 (26) sec
[614] Ep10000: Max 14106 (2422) steps (0.0007 hrs) -nan:-nan 11535 (25) sec
[615] Ep10000: Max 14106 (3680) steps (0.0010 hrs) -nan:-nan 11561 (26) sec
[616] Ep10000: Max 14106 (5479) steps (0.0015 hrs) -nan:-nan 11579 (18) sec
[617] Ep10000: Max 14106 (1298) steps (0.0004 hrs) -nan:-nan 11597 (18) sec
[618] Ep10000: Max 14106 (2056) steps (0.0006 hrs) -nan:-nan 11621 (24) sec
[619] Ep10000: Max 14106 (1622) steps (0.0005 hrs) -nan:-nan 11633 (12) sec
[620] Ep10000: Max 14106 (2678) steps (0.0007 hrs) -nan:-nan 11658 (25) sec
[621] Ep10000: Max 14106 (5266) steps (0.0015 hrs) -nan:-nan 11691 (33) sec
[622] Ep10000: Max 14106 (1388) steps (0.0004 hrs) -nan:-nan 11711 (20) sec
[623] Ep10000: Max 14106 (2312) steps (0.0006 hrs) -nan:-nan 11734 (23) sec
[624] Ep10000: Max 14106 (2403) steps (0.0007 hrs) -nan:-nan 11771 (37) sec
[625] Ep10000: Max 14106 (2201) steps (0.0006 hrs) -nan:-nan 11798 (27) sec
[626] Ep10000: Max 14106 (3429) steps (0.0010 hrs) -nan:-nan 11841 (43) sec
[627] Ep10000: Max 14106 (2198) steps (0.0006 hrs) -nan:-nan 11881 (40) sec
[628] Ep10000: Max 14106 (3393) steps (0.0009 hrs) -nan:-nan 11923 (42) sec
[629] Ep10000: Max 14106 (629) steps (0.0002 hrs) -nan:-nan 11942 (19) sec
[630] Ep10000: Max 14106 (2013) steps (0.0006 hrs) -nan:-nan 11981 (39) sec
[631] Ep10000: Max 14106 (1174) steps (0.0003 hrs) -nan:-nan 12001 (20) sec
[632] Ep10000: Max 14106 (4823) steps (0.0013 hrs) -nan:-nan 12042 (41) sec
[633] Ep10000: Max 14106 (2198) steps (0.0006 hrs) -nan:-nan 12076 (34) sec
[634] Ep10000: Max 14106 (2409) steps (0.0007 hrs) -nan:-nan 12110 (34) sec
[635] Ep10000: Max 14106 (2739) steps (0.0008 hrs) -nan:-nan 12140 (30) sec
[636] Ep10000: Max 14106 (984) steps (0.0003 hrs) -nan:-nan 12154 (14) sec
[637] Ep10000: Max 14106 (1703) steps (0.0005 hrs) -nan:-nan 12176 (22) sec
[638] Ep10000: Max 14106 (1231) steps (0.0003 hrs) -nan:-nan 12195 (19) sec
[639] Ep10000: Max 14106 (2519) steps (0.0007 hrs) -nan:-nan 12234 (39) sec
[640] Ep10000: Max 14106 (3392) steps (0.0009 hrs) -nan:-nan 12274 (40) sec
[641] Ep10000: Max 14106 (921) steps (0.0003 hrs) -nan:-nan 12293 (19) sec
[642] Ep10000: Max 14106 (2122) steps (0.0006 hrs) -nan:-nan 12316 (23) sec
[643] Ep10000: Max 14106 (2346) steps (0.0007 hrs) -nan:-nan 12354 (38) sec
[644] Ep10000: Max 14734 (14734) steps (0.0041 hrs) -nan:-nan 12385 (31) sec
[645] Ep10000: Max 14734 (2401) steps (0.0007 hrs) -nan:-nan 12409 (24) sec
[646] Ep10000: Max 14734 (1276) steps (0.0004 hrs) -nan:-nan 12430 (21) sec
[647] Ep10000: Max 14734 (1007) steps (0.0003 hrs) -nan:-nan 12451 (21) sec
[648] Ep10000: Max 14734 (1745) steps (0.0005 hrs) -nan:-nan 12474 (23) sec
[649] Ep10000: Max 14734 (2358) steps (0.0007 hrs) -nan:-nan 12510 (36) sec
[650] Ep10000: Max 14734 (3617) steps (0.0010 hrs) -nan:-nan 12542 (32) sec
[651] Ep10000: Max 14734 (5946) steps (0.0017 hrs) -nan:-nan 12582 (40) sec
[652] Ep10000: Max 14734 (2284) steps (0.0006 hrs) -nan:-nan 12600 (18) sec
[653] Ep10000: Max 14734 (695) steps (0.0002 hrs) -nan:-nan 12622 (22) sec
[654] Ep10000: Max 14734 (2642) steps (0.0007 hrs) -nan:-nan 12662 (40) sec
[655] Ep10000: Max 14734 (1131) steps (0.0003 hrs) -nan:-nan 12682 (20) sec
[656] Ep10000: Max 14734 (1652) steps (0.0005 hrs) -nan:-nan 12704 (22) sec
[657] Ep10000: Max 14734 (1559) steps (0.0004 hrs) -nan:-nan 12728 (24) sec
[658] Ep10000: Max 14734 (1477) steps (0.0004 hrs) -nan:-nan 12746 (18) sec
[659] Ep10000: Max 14734 (1787) steps (0.0005 hrs) -nan:-nan 12763 (17) sec
[660] Ep10000: Max 14734 (4337) steps (0.0012 hrs) -nan:-nan 12782 (19) sec
[661] Ep10000: Max 14734 (1512) steps (0.0004 hrs) -nan:-nan 12801 (19) sec
[662] Ep10000: Max 14734 (1420) steps (0.0004 hrs) -nan:-nan 12813 (12) sec
[663] Ep10000: Max 14734 (2392) steps (0.0007 hrs) -nan:-nan 12837 (24) sec
[664] Ep10000: Max 14734 (2257) steps (0.0006 hrs) -nan:-nan 12863 (26) sec
[665] Ep10000: Max 14734 (771) steps (0.0002 hrs) -nan:-nan 12877 (14) sec
[666] Ep10000: Max 14734 (1973) steps (0.0005 hrs) -nan:-nan 12902 (25) sec
[667] Ep10000: Max 14734 (2290) steps (0.0006 hrs) -nan:-nan 12926 (24) sec
[668] Ep10000: Max 14734 (1134) steps (0.0003 hrs) -nan:-nan 12938 (12) sec
[669] Ep10000: Max 14734 (2233) steps (0.0006 hrs) -nan:-nan 12964 (26) sec
[670] Ep10000: Max 14734 (2099) steps (0.0006 hrs) -nan:-nan 12984 (20) sec
[671] Ep10000: Max 14734 (7631) steps (0.0021 hrs) -nan:-nan 13009 (25) sec
[672] Ep10000: Max 14734 (908) steps (0.0003 hrs) -nan:-nan 13024 (15) sec
[673] Ep10000: Max 14734 (2576) steps (0.0007 hrs) -nan:-nan 13046 (22) sec
[674] Ep10000: Max 14734 (1574) steps (0.0004 hrs) -nan:-nan 13057 (11) sec
[675] Ep10000: Max 14734 (1418) steps (0.0004 hrs) -nan:-nan 13072 (15) sec
[676] Ep10000: Max 14734 (4174) steps (0.0012 hrs) -nan:-nan 13100 (28) sec
[677] Ep10000: Max 14734 (2063) steps (0.0006 hrs) -nan:-nan 13121 (21) sec
[678] Ep10000: Max 14734 (2687) steps (0.0007 hrs) -nan:-nan 13135 (14) sec
[679] Ep10000: Max 14734 (2819) steps (0.0008 hrs) -nan:-nan 13160 (25) sec
[680] Ep10000: Max 14734 (2581) steps (0.0007 hrs) -nan:-nan 13184 (24) sec
[681] Ep10000: Max 14734 (3432) steps (0.0010 hrs) -nan:-nan 13211 (27) sec
[682] Ep10000: Max 14734 (2111) steps (0.0006 hrs) -nan:-nan 13237 (26) sec
[683] Ep10000: Max 14734 (3550) steps (0.0010 hrs) -nan:-nan 13257 (20) sec
[684] Ep10000: Max 14734 (1054) steps (0.0003 hrs) -nan:-nan 13269 (12) sec
[685] Ep10000: Max 14734 (863) steps (0.0002 hrs) -nan:-nan 13284 (15) sec
[686] Ep10000: Max 14734 (1146) steps (0.0003 hrs) -nan:-nan 13298 (14) sec
[687] Ep10000: Max 14734 (2220) steps (0.0006 hrs) -nan:-nan 13324 (26) sec
[688] Ep10000: Max 14734 (2908) steps (0.0008 hrs) -nan:-nan 13351 (27) sec
[689] Ep10000: Max 14734 (1948) steps (0.0005 hrs) -nan:-nan 13374 (23) sec
[690] Ep10000: Max 14734 (1270) steps (0.0004 hrs) -nan:-nan 13388 (14) sec
[691] Ep10000: Max 14734 (2831) steps (0.0008 hrs) -nan:-nan 13416 (28) sec
[692] Ep10000: Max 14734 (2437) steps (0.0007 hrs) -nan:-nan 13428 (12) sec
[693] Ep10000: Max 14734 (1749) steps (0.0005 hrs) -nan:-nan 13445 (17) sec
[694] Ep10000: Max 14734 (1634) steps (0.0005 hrs) -nan:-nan 13456 (11) sec
[695] Ep10000: Max 14734 (2248) steps (0.0006 hrs) -nan:-nan 13482 (26) sec
[696] Ep10000: Max 14734 (1531) steps (0.0004 hrs) -nan:-nan 13494 (12) sec
[697] Ep10000: Max 14734 (1428) steps (0.0004 hrs) -nan:-nan 13507 (13) sec
[698] Ep10000: Max 14734 (1460) steps (0.0004 hrs) -nan:-nan 13521 (14) sec
[699] Ep10000: Max 14734 (2570) steps (0.0007 hrs) -nan:-nan 13535 (14) sec
[700] Ep10000: Max 14734 (2888) steps (0.0008 hrs) -nan:-nan 13562 (27) sec
[701] Ep10000: Max 14734 (1529) steps (0.0004 hrs) -nan:-nan 13574 (12) sec
[702] Ep10000: Max 14734 (1607) steps (0.0004 hrs) -nan:-nan 13587 (13) sec
[703] Ep10000: Max 14734 (1922) steps (0.0005 hrs) -nan:-nan 13613 (26) sec
[704] Ep10000: Max 14734 (2882) steps (0.0008 hrs) -nan:-nan 13629 (16) sec
[705] Ep10000: Max 14734 (3991) steps (0.0011 hrs) -nan:-nan 13652 (23) sec
[706] Ep10000: Max 14734 (1478) steps (0.0004 hrs) -nan:-nan 13665 (13) sec
[707] Ep10000: Max 14734 (1366) steps (0.0004 hrs) -nan:-nan 13677 (12) sec
[708] Ep10000: Max 14734 (2390) steps (0.0007 hrs) -nan:-nan 13691 (14) sec
[709] Ep10000: Max 14734 (4864) steps (0.0014 hrs) -nan:-nan 13714 (23) sec
[710] Ep10000: Max 14734 (2343) steps (0.0007 hrs) -nan:-nan 13740 (26) sec
[711] Ep10000: Max 14734 (2354) steps (0.0007 hrs) -nan:-nan 13767 (27) sec
[712] Ep10000: Max 14734 (8604) steps (0.0024 hrs) -nan:-nan 13792 (25) sec
[713] Ep10000: Max 14734 (2838) steps (0.0008 hrs) -nan:-nan 13820 (28) sec
[714] Ep10000: Max 14734 (1878) steps (0.0005 hrs) -nan:-nan 13835 (15) sec
[715] Ep10000: Max 14734 (5002) steps (0.0014 hrs) -nan:-nan 13857 (22) sec
[716] Ep10000: Max 14734 (2298) steps (0.0006 hrs) -nan:-nan 13882 (25) sec
[717] Ep10000: Max 14734 (1029) steps (0.0003 hrs) -nan:-nan 13897 (15) sec
[718] Ep10000: Max 14734 (4035) steps (0.0011 hrs) -nan:-nan 13917 (20) sec
[719] Ep10000: Max 14734 (3261) steps (0.0009 hrs) -nan:-nan 13937 (20) sec
[720] Ep10000: Max 14734 (1870) steps (0.0005 hrs) -nan:-nan 13956 (19) sec
[721] Ep10000: Max 14734 (2302) steps (0.0006 hrs) -nan:-nan 13983 (27) sec
[722] Ep10000: Max 14734 (5327) steps (0.0015 hrs) -nan:-nan 14002 (19) sec
[723] Ep10000: Max 14734 (1436) steps (0.0004 hrs) -nan:-nan 14017 (15) sec
[724] Ep10000: Max 14734 (741) steps (0.0002 hrs) -nan:-nan 14029 (12) sec
[725] Ep10000: Max 14734 (7934) steps (0.0022 hrs) -nan:-nan 14061 (32) sec
[726] Ep10000: Max 14734 (1315) steps (0.0004 hrs) -nan:-nan 14076 (15) sec
[727] Ep10000: Max 14734 (3411) steps (0.0009 hrs) -nan:-nan 14097 (21) sec
[728] Ep10000: Max 14734 (2052) steps (0.0006 hrs) -nan:-nan 14126 (29) sec
[729] Ep10000: Max 14734 (1764) steps (0.0005 hrs) -nan:-nan 14144 (18) sec
[730] Ep10000: Max 14734 (2228) steps (0.0006 hrs) -nan:-nan 14163 (19) sec
[731] Ep10000: Max 14734 (2068) steps (0.0006 hrs) -nan:-nan 14192 (29) sec
[732] Ep10000: Max 14734 (853) steps (0.0002 hrs) -nan:-nan 14209 (17) sec
[733] Ep10000: Max 14734 (1780) steps (0.0005 hrs) -nan:-nan 14225 (16) sec
[734] Ep10000: Max 14734 (1399) steps (0.0004 hrs) -nan:-nan 14239 (14) sec
[735] Ep10000: Max 14734 (2337) steps (0.0006 hrs) -nan:-nan 14268 (29) sec
[736] Ep10000: Max 14734 (4391) steps (0.0012 hrs) -nan:-nan 14291 (23) sec
[737] Ep10000: Max 14734 (2226) steps (0.0006 hrs) -nan:-nan 14315 (24) sec
[738] Ep10000: Max 14734 (2643) steps (0.0007 hrs) -nan:-nan 14342 (27) sec
[739] Ep10000: Max 14734 (2200) steps (0.0006 hrs) -nan:-nan 14372 (30) sec
[740] Ep10000: Max 14734 (1550) steps (0.0004 hrs) -nan:-nan 14395 (23) sec
[741] Ep10000: Max 14734 (2265) steps (0.0006 hrs) -nan:-nan 14421 (26) sec
[742] Ep10000: Max 14734 (1185) steps (0.0003 hrs) -nan:-nan 14436 (15) sec
[743] Ep10000: Max 14734 (1540) steps (0.0004 hrs) -nan:-nan 14453 (17) sec
[744] Ep10000: Max 14734 (2665) steps (0.0007 hrs) -nan:-nan 14479 (26) sec
[745] Ep10000: Max 14734 (1576) steps (0.0004 hrs) -nan:-nan 14495 (16) sec
[746] Ep10000: Max 14734 (947) steps (0.0003 hrs) -nan:-nan 14509 (14) sec
[747] Ep10000: Max 14734 (1508) steps (0.0004 hrs) -nan:-nan 14522 (13) sec
[748] Ep10000: Max 14734 (3694) steps (0.0010 hrs) -nan:-nan 14541 (19) sec
[749] Ep10000: Max 14734 (1807) steps (0.0005 hrs) -nan:-nan 14556 (15) sec
[750] Ep10000: Max 14734 (3302) steps (0.0009 hrs) -nan:-nan 14582 (26) sec
[751] Ep10000: Max 14734 (1772) steps (0.0005 hrs) -nan:-nan 14598 (16) sec
[752] Ep10000: Max 14734 (1640) steps (0.0005 hrs) -nan:-nan 14618 (20) sec
[753] Ep10000: Max 14734 (1567) steps (0.0004 hrs) -nan:-nan 14633 (15) sec
[754] Ep10000: Max 14734 (2653) steps (0.0007 hrs) -nan:-nan 14660 (27) sec
[755] Ep10000: Max 14734 (1342) steps (0.0004 hrs) -nan:-nan 14675 (15) sec
[756] Ep10000: Max 14734 (1697) steps (0.0005 hrs) -nan:-nan 14690 (15) sec
[757] Ep10000: Max 14734 (538) steps (0.0001 hrs) -nan:-nan 14705 (15) sec
[758] Ep10000: Max 14734 (1037) steps (0.0003 hrs) -nan:-nan 14723 (18) sec
[759] Ep10000: Max 14734 (1000) steps (0.0003 hrs) -nan:-nan 14737 (14) sec
[760] Ep10000: Max 14734 (1306) steps (0.0004 hrs) -nan:-nan 14758 (21) sec
[761] Ep10000: Max 14734 (2853) steps (0.0008 hrs) -nan:-nan 14784 (26) sec
[762] Ep10000: Max 14734 (1941) steps (0.0005 hrs) -nan:-nan 14801 (17) sec
[763] Ep10000: Max 14734 (2353) steps (0.0007 hrs) -nan:-nan 14823 (22) sec
[764] Ep10000: Max 14734 (2080) steps (0.0006 hrs) -nan:-nan 14842 (19) sec
[765] Ep10000: Max 14734 (3333) steps (0.0009 hrs) -nan:-nan 14873 (31) sec
[766] Ep10000: Max 14734 (2258) steps (0.0006 hrs) -nan:-nan 14902 (29) sec
[767] Ep10000: Max 14734 (1409) steps (0.0004 hrs) -nan:-nan 14916 (14) sec
[768] Ep10000: Max 14734 (1192) steps (0.0003 hrs) -nan:-nan 14930 (14) sec
[769] Ep10000: Max 14734 (762) steps (0.0002 hrs) -nan:-nan 14943 (13) sec
[770] Ep10000: Max 14734 (6946) steps (0.0019 hrs) -nan:-nan 14970 (27) sec
[771] Ep10000: Max 14734 (1713) steps (0.0005 hrs) -nan:-nan 14987 (17) sec
[772] Ep10000: Max 14734 (1334) steps (0.0004 hrs) -nan:-nan 15004 (17) sec
[773] Ep10000: Max 14734 (2131) steps (0.0006 hrs) -nan:-nan 15032 (28) sec
[774] Ep10000: Max 14734 (994) steps (0.0003 hrs) -nan:-nan 15047 (15) sec
[775] Ep10000: Max 14734 (2080) steps (0.0006 hrs) -nan:-nan 15077 (30) sec
[776] Ep10000: Max 14734 (2840) steps (0.0008 hrs) -nan:-nan 15108 (31) sec
[777] Ep10000: Max 14734 (1969) steps (0.0005 hrs) -nan:-nan 15136 (28) sec
[778] Ep10000: Max 14734 (6207) steps (0.0017 hrs) -nan:-nan 15165 (29) sec
[779] Ep10000: Max 14734 (2160) steps (0.0006 hrs) -nan:-nan 15183 (18) sec
[780] Ep10000: Max 14734 (2164) steps (0.0006 hrs) -nan:-nan 15209 (26) sec
[781] Ep10000: Max 14734 (2174) steps (0.0006 hrs) -nan:-nan 15235 (26) sec
[782] Ep10000: Max 14734 (1762) steps (0.0005 hrs) -nan:-nan 15251 (16) sec
[783] Ep10000: Max 14734 (1031) steps (0.0003 hrs) -nan:-nan 15265 (14) sec
[784] Ep10000: Max 14734 (2472) steps (0.0007 hrs) -nan:-nan 15292 (27) sec
[785] Ep10000: Max 14734 (2219) steps (0.0006 hrs) -nan:-nan 15310 (18) sec
[786] Ep10000: Max 14734 (3414) steps (0.0009 hrs) -nan:-nan 15330 (20) sec
[787] Ep10000: Max 14734 (1905) steps (0.0005 hrs) -nan:-nan 15357 (27) sec
[788] Ep10000: Max 14734 (1816) steps (0.0005 hrs) -nan:-nan 15383 (26) sec
[789] Ep10000: Max 14734 (1323) steps (0.0004 hrs) -nan:-nan 15402 (19) sec
[790] Ep10000: Max 14734 (2160) steps (0.0006 hrs) -nan:-nan 15418 (16) sec
[791] Ep10000: Max 14734 (2481) steps (0.0007 hrs) -nan:-nan 15432 (14) sec
[792] Ep10000: Max 14734 (1313) steps (0.0004 hrs) -nan:-nan 15447 (15) sec
[793] Ep10000: Max 14734 (1412) steps (0.0004 hrs) -nan:-nan 15461 (14) sec
[794] Ep10000: Max 14734 (1953) steps (0.0005 hrs) -nan:-nan 15485 (24) sec
[795] Ep10000: Max 14734 (833) steps (0.0002 hrs) -nan:-nan 15502 (17) sec
[796] Ep10000: Max 14734 (2357) steps (0.0007 hrs) -nan:-nan 15528 (26) sec
[797] Ep10000: Max 14734 (3292) steps (0.0009 hrs) -nan:-nan 15558 (30) sec
[798] Ep10000: Max 14734 (1358) steps (0.0004 hrs) -nan:-nan 15576 (18) sec
[799] Ep10000: Max 14734 (925) steps (0.0003 hrs) -nan:-nan 15590 (14) sec
[800] Ep10000: Max 14734 (1704) steps (0.0005 hrs) -nan:-nan 15604 (14) sec
[801] Ep10000: Max 14734 (2038) steps (0.0006 hrs) -nan:-nan 15619 (15) sec
[802] Ep10000: Max 14734 (2994) steps (0.0008 hrs) -nan:-nan 15650 (31) sec
[803] Ep10000: Max 14734 (2374) steps (0.0007 hrs) -nan:-nan 15676 (26) sec
[804] Ep10000: Max 14734 (5116) steps (0.0014 hrs) -nan:-nan 15712 (36) sec
[805] Ep10000: Max 14734 (2486) steps (0.0007 hrs) -nan:-nan 15741 (29) sec
[806] Ep10000: Max 14734 (2046) steps (0.0006 hrs) -nan:-nan 15769 (28) sec
[807] Ep10000: Max 14734 (1710) steps (0.0005 hrs) -nan:-nan 15787 (18) sec
[808] Ep10000: Max 14734 (2533) steps (0.0007 hrs) -nan:-nan 15804 (17) sec
[809] Ep10000: Max 14734 (1839) steps (0.0005 hrs) -nan:-nan 15823 (19) sec
[810] Ep10000: Max 14734 (1503) steps (0.0004 hrs) -nan:-nan 15838 (15) sec
[811] Ep10000: Max 14734 (1271) steps (0.0004 hrs) -nan:-nan 15851 (13) sec
[812] Ep10000: Max 14734 (2219) steps (0.0006 hrs) -nan:-nan 15881 (30) sec
[813] Ep10000: Max 14734 (11085) steps (0.0031 hrs) -nan:-nan 15913 (32) sec
[814] Ep10000: Max 14734 (1720) steps (0.0005 hrs) -nan:-nan 15931 (18) sec
[815] Ep10000: Max 14734 (3494) steps (0.0010 hrs) -nan:-nan 15963 (32) sec
[816] Ep10000: Max 14734 (1983) steps (0.0006 hrs) -nan:-nan 15987 (24) sec
[817] Ep10000: Max 14734 (1954) steps (0.0005 hrs) -nan:-nan 16008 (21) sec
[818] Ep10000: Max 14734 (2704) steps (0.0008 hrs) -nan:-nan 16039 (31) sec
[819] Ep10000: Max 14734 (1940) steps (0.0005 hrs) -nan:-nan 16063 (24) sec
[820] Ep10000: Max 14734 (5498) steps (0.0015 hrs) -nan:-nan 16096 (33) sec
[821] Ep10000: Max 14734 (6483) steps (0.0018 hrs) -nan:-nan 16129 (33) sec
[822] Ep10000: Max 14734 (2031) steps (0.0006 hrs) -nan:-nan 16144 (15) sec
[823] Ep10000: Max 14734 (1498) steps (0.0004 hrs) -nan:-nan 16163 (19) sec
[824] Ep10000: Max 14734 (3894) steps (0.0011 hrs) -nan:-nan 16197 (34) sec
[825] Ep10000: Max 14734 (1982) steps (0.0006 hrs) -nan:-nan 16220 (23) sec
[826] Ep10000: Max 14734 (740) steps (0.0002 hrs) -nan:-nan 16238 (18) sec
[827] Ep10000: Max 14734 (1689) steps (0.0005 hrs) -nan:-nan 16255 (17) sec
[828] Ep10000: Max 14734 (2376) steps (0.0007 hrs) -nan:-nan 16276 (21) sec
[829] Ep10000: Max 14734 (1757) steps (0.0005 hrs) -nan:-nan 16297 (21) sec
[830] Ep10000: Max 14734 (1418) steps (0.0004 hrs) -nan:-nan 16317 (20) sec
[831] Ep10000: Max 14734 (2943) steps (0.0008 hrs) -nan:-nan 16341 (24) sec
[832] Ep10000: Max 14734 (1897) steps (0.0005 hrs) -nan:-nan 16357 (16) sec
[833] Ep10000: Max 14734 (2127) steps (0.0006 hrs) -nan:-nan 16371 (14) sec
[834] Ep10000: Max 14734 (1738) steps (0.0005 hrs) -nan:-nan 16387 (16) sec
[835] Ep10000: Max 14734 (1573) steps (0.0004 hrs) -nan:-nan 16405 (18) sec
[836] Ep10000: Max 14734 (2183) steps (0.0006 hrs) -nan:-nan 16438 (33) sec
[837] Ep10000: Max 14734 (11642) steps (0.0032 hrs) -nan:-nan 16470 (32) sec
[838] Ep10000: Max 14734 (1410) steps (0.0004 hrs) -nan:-nan 16488 (18) sec
[839] Ep10000: Max 14734 (2974) steps (0.0008 hrs) -nan:-nan 16519 (31) sec
[840] Ep10000: Max 14734 (1661) steps (0.0005 hrs) -nan:-nan 16539 (20) sec
[841] Ep10000: Max 14734 (1715) steps (0.0005 hrs) -nan:-nan 16557 (18) sec
[842] Ep10000: Max 14734 (2772) steps (0.0008 hrs) -nan:-nan 16588 (31) sec
[843] Ep10000: Max 14734 (1231) steps (0.0003 hrs) -nan:-nan 16603 (15) sec
[844] Ep10000: Max 14734 (7010) steps (0.0019 hrs) -nan:-nan 16631 (28) sec
[845] Ep10000: Max 14734 (2391) steps (0.0007 hrs) -nan:-nan 16660 (29) sec
[846] Ep10000: Max 14734 (2234) steps (0.0006 hrs) -nan:-nan 16688 (28) sec
[847] Ep10000: Max 14734 (2025) steps (0.0006 hrs) -nan:-nan 16719 (31) sec
[848] Ep10000: Max 14734 (3407) steps (0.0009 hrs) -nan:-nan 16747 (28) sec
[849] Ep10000: Max 14734 (1848) steps (0.0005 hrs) -nan:-nan 16764 (17) sec
[850] Ep10000: Max 14734 (1822) steps (0.0005 hrs) -nan:-nan 16785 (21) sec
[851] Ep10000: Max 14734 (1076) steps (0.0003 hrs) -nan:-nan 16800 (15) sec
[852] Ep10000: Max 14734 (2184) steps (0.0006 hrs) -nan:-nan 16825 (25) sec
[853] Ep10000: Max 14734 (1312) steps (0.0004 hrs) -nan:-nan 16841 (16) sec
[854] Ep10000: Max 14734 (1947) steps (0.0005 hrs) -nan:-nan 16859 (18) sec
[855] Ep10000: Max 14734 (809) steps (0.0002 hrs) -nan:-nan 16876 (17) sec
[856] Ep10000: Max 14734 (1275) steps (0.0004 hrs) -nan:-nan 16894 (18) sec
[857] Ep10000: Max 14734 (2538) steps (0.0007 hrs) -nan:-nan 16924 (30) sec
[858] Ep10000: Max 14734 (1220) steps (0.0003 hrs) -nan:-nan 16944 (20) sec
[859] Ep10000: Max 14734 (1743) steps (0.0005 hrs) -nan:-nan 16964 (20) sec
[860] Ep10000: Max 14734 (2974) steps (0.0008 hrs) -nan:-nan 16994 (30) sec
[861] Ep10000: Max 14734 (1882) steps (0.0005 hrs) -nan:-nan 17014 (20) sec
[862] Ep10000: Max 14734 (2442) steps (0.0007 hrs) -nan:-nan 17042 (28) sec
[863] Ep10000: Max 14734 (2048) steps (0.0006 hrs) -nan:-nan 17062 (20) sec
[864] Ep10000: Max 14734 (1148) steps (0.0003 hrs) -nan:-nan 17075 (13) sec
[865] Ep10000: Max 14734 (2311) steps (0.0006 hrs) -nan:-nan 17101 (26) sec
[866] Ep10000: Max 14734 (725) steps (0.0002 hrs) -nan:-nan 17114 (13) sec
[867] Ep10000: Max 14734 (2228) steps (0.0006 hrs) -nan:-nan 17134 (20) sec
[868] Ep10000: Max 14734 (1972) steps (0.0005 hrs) -nan:-nan 17154 (20) sec
[869] Ep10000: Max 14734 (2623) steps (0.0007 hrs) -nan:-nan 17177 (23) sec
[870] Ep10000: Max 14734 (1767) steps (0.0005 hrs) -nan:-nan 17199 (22) sec
[871] Ep10000: Max 14734 (4485) steps (0.0012 hrs) -nan:-nan 17225 (26) sec
[872] Ep10000: Max 14734 (5657) steps (0.0016 hrs) -nan:-nan 17253 (28) sec
[873] Ep10000: Max 14734 (2508) steps (0.0007 hrs) -nan:-nan 17276 (23) sec
[874] Ep10000: Max 14734 (1679) steps (0.0005 hrs) -nan:-nan 17294 (18) sec
[875] Ep10000: Max 14734 (2325) steps (0.0006 hrs) -nan:-nan 17319 (25) sec
[876] Ep10000: Max 14734 (1852) steps (0.0005 hrs) -nan:-nan 17338 (19) sec
[877] Ep10000: Max 14734 (2707) steps (0.0008 hrs) -nan:-nan 17366 (28) sec
[878] Ep10000: Max 14734 (3097) steps (0.0009 hrs) -nan:-nan 17394 (28) sec
[879] Ep10000: Max 14734 (2106) steps (0.0006 hrs) -nan:-nan 17428 (34) sec
[880] Ep10000: Max 14734 (3267) steps (0.0009 hrs) -nan:-nan 17458 (30) sec
[881] Ep10000: Max 14734 (2827) steps (0.0008 hrs) -nan:-nan 17501 (43) sec
[882] Ep10000: Max 14734 (2176) steps (0.0006 hrs) -nan:-nan 17540 (39) sec
[883] Ep10000: Max 14734 (1947) steps (0.0005 hrs) -nan:-nan 17566 (26) sec
[884] Ep10000: Max 14734 (1390) steps (0.0004 hrs) -nan:-nan 17587 (21) sec
[885] Ep10000: Max 14734 (945) steps (0.0003 hrs) -nan:-nan 17610 (23) sec
[886] Ep10000: Max 14734 (1127) steps (0.0003 hrs) -nan:-nan 17630 (20) sec
[887] Ep10000: Max 14734 (897) steps (0.0002 hrs) -nan:-nan 17656 (26) sec
[888] Ep10000: Max 14734 (2027) steps (0.0006 hrs) -nan:-nan 17691 (35) sec
[889] Ep10000: Max 14734 (1278) steps (0.0004 hrs) -nan:-nan 17711 (20) sec
[890] Ep10000: Max 14734 (1417) steps (0.0004 hrs) -nan:-nan 17733 (22) sec
[891] Ep10000: Max 14734 (1380) steps (0.0004 hrs) -nan:-nan 17753 (20) sec
[892] Ep10000: Max 14734 (2084) steps (0.0006 hrs) -nan:-nan 17792 (39) sec
[893] Ep10000: Max 14734 (2064) steps (0.0006 hrs) -nan:-nan 17826 (34) sec
[894] Ep10000: Max 14734 (4176) steps (0.0012 hrs) -nan:-nan 17864 (38) sec
[895] Ep10000: Max 14734 (1896) steps (0.0005 hrs) -nan:-nan 17905 (41) sec
[896] Ep10000: Max 14734 (1386) steps (0.0004 hrs) -nan:-nan 17925 (20) sec
[897] Ep10000: Max 14734 (1926) steps (0.0005 hrs) -nan:-nan 17962 (37) sec
[898] Ep10000: Max 14734 (1585) steps (0.0004 hrs) -nan:-nan 17987 (25) sec
[899] Ep10000: Max 14734 (793) steps (0.0002 hrs) -nan:-nan 18005 (18) sec
[900] Ep10000: Max 14734 (2669) steps (0.0007 hrs) -nan:-nan 18030 (25) sec
[901] Ep10000: Max 14734 (1128) steps (0.0003 hrs) -nan:-nan 18052 (22) sec
[902] Ep10000: Max 14734 (2335) steps (0.0006 hrs) -nan:-nan 18079 (27) sec
[903] Ep10000: Max 14734 (2195) steps (0.0006 hrs) -nan:-nan 18104 (25) sec
[904] Ep10000: Max 14734 (1287) steps (0.0004 hrs) -nan:-nan 18131 (27) sec
[905] Ep10000: Max 14734 (1959) steps (0.0005 hrs) -nan:-nan 18154 (23) sec
[906] Ep10000: Max 14734 (1864) steps (0.0005 hrs) -nan:-nan 18196 (42) sec
[907] Ep10000: Max 14734 (1880) steps (0.0005 hrs) -nan:-nan 18230 (34) sec
[908] Ep10000: Max 14734 (2127) steps (0.0006 hrs) -nan:-nan 18254 (24) sec
[909] Ep10000: Max 14734 (3568) steps (0.0010 hrs) -nan:-nan 18283 (29) sec
[910] Ep10000: Max 14734 (1507) steps (0.0004 hrs) -nan:-nan 18301 (18) sec
[911] Ep10000: Max 14734 (1916) steps (0.0005 hrs) -nan:-nan 18340 (39) sec
[912] Ep10000: Max 14734 (773) steps (0.0002 hrs) -nan:-nan 18360 (20) sec
[913] Ep10000: Max 14734 (8106) steps (0.0023 hrs) -nan:-nan 18442 (82) sec
[914] Ep10000: Max 14734 (1589) steps (0.0004 hrs) -nan:-nan 18465 (23) sec
[915] Ep10000: Max 14734 (770) steps (0.0002 hrs) -nan:-nan 18490 (25) sec
[916] Ep10000: Max 14734 (3512) steps (0.0010 hrs) -nan:-nan 18523 (33) sec
[917] Ep10000: Max 14734 (1322) steps (0.0004 hrs) -nan:-nan 18550 (27) sec
[918] Ep10000: Max 14734 (2457) steps (0.0007 hrs) -nan:-nan 18596 (46) sec
[919] Ep10000: Max 14734 (8807) steps (0.0024 hrs) -nan:-nan 18637 (41) sec
[920] Ep10000: Max 14734 (4368) steps (0.0012 hrs) -nan:-nan 18681 (44) sec
[921] Ep10000: Max 14734 (2302) steps (0.0006 hrs) -nan:-nan 18718 (37) sec
[922] Ep10000: Max 14734 (3489) steps (0.0010 hrs) -nan:-nan 18747 (29) sec
[923] Ep10000: Max 14734 (1223) steps (0.0003 hrs) -nan:-nan 18776 (29) sec
[924] Ep10000: Max 14734 (2479) steps (0.0007 hrs) -nan:-nan 18814 (38) sec
[925] Ep10000: Max 14734 (2142) steps (0.0006 hrs) -nan:-nan 18858 (44) sec
[926] Ep10000: Max 14734 (6043) steps (0.0017 hrs) -nan:-nan 18899 (41) sec
[927] Ep10000: Max 14734 (4109) steps (0.0011 hrs) -nan:-nan 18928 (29) sec
[928] Ep10000: Max 14734 (5710) steps (0.0016 hrs) -nan:-nan 18966 (38) sec
[929] Ep10000: Max 14734 (1045) steps (0.0003 hrs) -nan:-nan 18984 (18) sec
[930] Ep10000: Max 14734 (1909) steps (0.0005 hrs) -nan:-nan 19012 (28) sec
[931] Ep10000: Max 14734 (2485) steps (0.0007 hrs) -nan:-nan 19047 (35) sec
[932] Ep10000: Max 14734 (3722) steps (0.0010 hrs) -nan:-nan 19091 (44) sec
[933] Ep10000: Max 14734 (2543) steps (0.0007 hrs) -nan:-nan 19130 (39) sec
[934] Ep10000: Max 14734 (2861) steps (0.0008 hrs) -nan:-nan 19173 (43) sec
[935] Ep10000: Max 14734 (3233) steps (0.0009 hrs) -nan:-nan 19208 (35) sec
[936] Ep10000: Max 14734 (1923) steps (0.0005 hrs) -nan:-nan 19227 (19) sec
[937] Ep10000: Max 14734 (1663) steps (0.0005 hrs) -nan:-nan 19249 (22) sec
[938] Ep10000: Max 14734 (2189) steps (0.0006 hrs) -nan:-nan 19273 (24) sec
[939] Ep10000: Max 14734 (2437) steps (0.0007 hrs) -nan:-nan 19313 (40) sec
[940] Ep10000: Max 14734 (2092) steps (0.0006 hrs) -nan:-nan 19355 (42) sec
[941] Ep10000: Max 14734 (2004) steps (0.0006 hrs) -nan:-nan 19380 (25) sec
[942] Ep10000: Max 14734 (929) steps (0.0003 hrs) -nan:-nan 19399 (19) sec
[943] Ep10000: Max 14734 (2082) steps (0.0006 hrs) -nan:-nan 19426 (27) sec
[944] Ep10000: Max 14734 (1513) steps (0.0004 hrs) -nan:-nan 19454 (28) sec
[945] Ep10000: Max 14734 (975) steps (0.0003 hrs) -nan:-nan 19473 (19) sec
[946] Ep10000: Max 14734 (5058) steps (0.0014 hrs) -nan:-nan 19508 (35) sec
[947] Ep10000: Max 14734 (1905) steps (0.0005 hrs) -nan:-nan 19531 (23) sec
[948] Ep10000: Max 14734 (2973) steps (0.0008 hrs) -nan:-nan 19569 (38) sec
[949] Ep10000: Max 14734 (1124) steps (0.0003 hrs) -nan:-nan 19592 (23) sec
[950] Ep10000: Max 14734 (2499) steps (0.0007 hrs) -nan:-nan 19615 (23) sec
[951] Ep10000: Max 14734 (1442) steps (0.0004 hrs) -nan:-nan 19639 (24) sec
[952] Ep10000: Max 14734 (1706) steps (0.0005 hrs) -nan:-nan 19657 (18) sec
[953] Ep10000: Max 14734 (1989) steps (0.0006 hrs) -nan:-nan 19683 (26) sec
[954] Ep10000: Max 14734 (1208) steps (0.0003 hrs) -nan:-nan 19698 (15) sec
[955] Ep10000: Max 14734 (2436) steps (0.0007 hrs) -nan:-nan 19727 (29) sec
[956] Ep10000: Max 14734 (852) steps (0.0002 hrs) -nan:-nan 19743 (16) sec
[957] Ep10000: Max 14734 (2068) steps (0.0006 hrs) -nan:-nan 19760 (17) sec
[958] Ep10000: Max 14734 (1295) steps (0.0004 hrs) -nan:-nan 19780 (20) sec
[959] Ep10000: Max 14734 (3791) steps (0.0011 hrs) -nan:-nan 19811 (31) sec
[960] Ep10000: Max 14734 (1986) steps (0.0006 hrs) -nan:-nan 19844 (33) sec
[961] Ep10000: Max 14734 (1682) steps (0.0005 hrs) -nan:-nan 19860 (16) sec
[962] Ep10000: Max 14734 (2319) steps (0.0006 hrs) -nan:-nan 19879 (19) sec
[963] Ep10000: Max 14734 (1117) steps (0.0003 hrs) -nan:-nan 19892 (13) sec
[964] Ep10000: Max 14734 (2035) steps (0.0006 hrs) -nan:-nan 19918 (26) sec
[965] Ep10000: Max 14734 (2321) steps (0.0006 hrs) -nan:-nan 19951 (33) sec
[966] Ep10000: Max 14734 (1685) steps (0.0005 hrs) -nan:-nan 19966 (15) sec
[967] Ep10000: Max 14734 (1451) steps (0.0004 hrs) -nan:-nan 19984 (18) sec
[968] Ep10000: Max 14734 (918) steps (0.0003 hrs) -nan:-nan 20002 (18) sec
[969] Ep10000: Max 14734 (5695) steps (0.0016 hrs) -nan:-nan 20021 (19) sec
[970] Ep10000: Max 14734 (1356) steps (0.0004 hrs) -nan:-nan 20036 (15) sec
[971] Ep10000: Max 14734 (1107) steps (0.0003 hrs) -nan:-nan 20050 (14) sec
[972] Ep10000: Max 14734 (3193) steps (0.0009 hrs) -nan:-nan 20082 (32) sec
[973] Ep10000: Max 14734 (2681) steps (0.0007 hrs) -nan:-nan 20113 (31) sec
[974] Ep10000: Max 14734 (2600) steps (0.0007 hrs) -nan:-nan 20132 (19) sec
[975] Ep10000: Max 14734 (1803) steps (0.0005 hrs) -nan:-nan 20154 (22) sec
[976] Ep10000: Max 14734 (2414) steps (0.0007 hrs) -nan:-nan 20191 (37) sec
[977] Ep10000: Max 14734 (1985) steps (0.0006 hrs) -nan:-nan 20224 (33) sec
[978] Ep10000: Max 14734 (2405) steps (0.0007 hrs) -nan:-nan 20254 (30) sec
[979] Ep10000: Max 14734 (3765) steps (0.0010 hrs) -nan:-nan 20280 (26) sec
[980] Ep10000: Max 14734 (2519) steps (0.0007 hrs) -nan:-nan 20308 (28) sec
[981] Ep10000: Max 14734 (1845) steps (0.0005 hrs) -nan:-nan 20323 (15) sec
[982] Ep10000: Max 14734 (4499) steps (0.0012 hrs) -nan:-nan 20340 (17) sec
[983] Ep10000: Max 14734 (2256) steps (0.0006 hrs) -nan:-nan 20366 (26) sec
[984] Ep10000: Max 14734 (873) steps (0.0002 hrs) -nan:-nan 20378 (12) sec
[985] Ep10000: Max 14734 (1775) steps (0.0005 hrs) -nan:-nan 20396 (18) sec
[986] Ep10000: Max 14734 (4998) steps (0.0014 hrs) -nan:-nan 20427 (31) sec
[987] Ep10000: Max 14734 (1223) steps (0.0003 hrs) -nan:-nan 20442 (15) sec
[988] Ep10000: Max 14734 (1852) steps (0.0005 hrs) -nan:-nan 20464 (22) sec
[989] Ep10000: Max 14734 (3125) steps (0.0009 hrs) -nan:-nan 20498 (34) sec
[990] Ep10000: Max 14734 (2493) steps (0.0007 hrs) -nan:-nan 20537 (39) sec
[991] Ep10000: Max 14734 (1541) steps (0.0004 hrs) -nan:-nan 20573 (36) sec
[992] Ep10000: Max 14734 (1296) steps (0.0004 hrs) -nan:-nan 20601 (28) sec
[993] Ep10000: Max 14734 (2183) steps (0.0006 hrs) -nan:-nan 20629 (28) sec
[994] Ep10000: Max 14734 (4387) steps (0.0012 hrs) -nan:-nan 20669 (40) sec
[995] Ep10000: Max 14734 (805) steps (0.0002 hrs) -nan:-nan 20699 (30) sec
[996] Ep10000: Max 14734 (4411) steps (0.0012 hrs) -nan:-nan 20732 (33) sec
[997] Ep10000: Max 14734 (1419) steps (0.0004 hrs) -nan:-nan 20759 (27) sec
[998] Ep10000: Max 14734 (2115) steps (0.0006 hrs) -nan:-nan 20802 (43) sec
[999] Ep10000: Max 14734 (2177) steps (0.0006 hrs) -nan:-nan 20833 (31) sec
[1000] Ep10000: Max 14734 (1774) steps (0.0005 hrs) -nan:-nan 20859 (26) sec
Total Elapsed time: 20859 seconds
Wrote current data to latest.train
