balanced 0 test_flag 0
[1] Ep10000: Max 3111 (3111) steps (0.0009 hrs) -nan:-nan 27 (27) sec
[2] Ep10000: Max 4049 (4049) steps (0.0011 hrs) -nan:-nan 40 (13) sec
[3] Ep10000: Max 4049 (968) steps (0.0003 hrs) -nan:-nan 51 (11) sec
[4] Ep10000: Max 4066 (4066) steps (0.0011 hrs) -nan:-nan 77 (26) sec
[5] Ep10000: Max 4066 (2070) steps (0.0006 hrs) -nan:-nan 89 (12) sec
[6] Ep10000: Max 5346 (5346) steps (0.0015 hrs) -nan:-nan 99 (10) sec
[7] Ep10000: Max 5346 (2696) steps (0.0007 hrs) -nan:-nan 124 (25) sec
[8] Ep10000: Max 5346 (2644) steps (0.0007 hrs) -nan:-nan 152 (28) sec
[9] Ep10000: Max 8460 (8460) steps (0.0024 hrs) -nan:-nan 181 (29) sec
[10] Ep10000: Max 8460 (2873) steps (0.0008 hrs) -nan:-nan 203 (22) sec
[11] Ep10000: Max 8460 (1228) steps (0.0003 hrs) -nan:-nan 214 (11) sec
[12] Ep10000: Max 8460 (1920) steps (0.0005 hrs) -nan:-nan 226 (12) sec
[13] Ep10000: Max 8460 (2015) steps (0.0006 hrs) -nan:-nan 236 (10) sec
[14] Ep10000: Max 8460 (913) steps (0.0003 hrs) -nan:-nan 244 (8) sec
[15] Ep10000: Max 8460 (900) steps (0.0003 hrs) -nan:-nan 253 (9) sec
[16] Ep10000: Max 8460 (2398) steps (0.0007 hrs) -nan:-nan 280 (27) sec
[17] Ep10000: Max 8460 (770) steps (0.0002 hrs) -nan:-nan 289 (9) sec
[18] Ep10000: Max 8460 (4205) steps (0.0012 hrs) -nan:-nan 304 (15) sec
[19] Ep10000: Max 8460 (1798) steps (0.0005 hrs) -nan:-nan 315 (11) sec
[20] Ep10000: Max 8460 (1627) steps (0.0005 hrs) -nan:-nan 324 (9) sec
[21] Ep10000: Max 8460 (2692) steps (0.0007 hrs) -nan:-nan 350 (26) sec
[22] Ep10000: Max 8460 (1325) steps (0.0004 hrs) -nan:-nan 360 (10) sec
[23] Ep10000: Max 8460 (1069) steps (0.0003 hrs) -nan:-nan 369 (9) sec
[24] Ep10000: Max 8460 (4044) steps (0.0011 hrs) -nan:-nan 394 (25) sec
[25] Ep10000: Max 8460 (2404) steps (0.0007 hrs) -nan:-nan 420 (26) sec
[26] Ep10000: Max 8460 (1316) steps (0.0004 hrs) -nan:-nan 432 (12) sec
[27] Ep10000: Max 8460 (1955) steps (0.0005 hrs) -nan:-nan 445 (13) sec
[28] Ep10000: Max 8460 (1620) steps (0.0005 hrs) -nan:-nan 456 (11) sec
[29] Ep10000: Max 8460 (3821) steps (0.0011 hrs) -nan:-nan 469 (13) sec
[30] Ep10000: Max 8460 (2658) steps (0.0007 hrs) -nan:-nan 481 (12) sec
[31] Ep10000: Max 8460 (3190) steps (0.0009 hrs) -nan:-nan 506 (25) sec
[32] Ep10000: Max 8460 (3278) steps (0.0009 hrs) -nan:-nan 532 (26) sec
[33] Ep10000: Max 8460 (2290) steps (0.0006 hrs) -nan:-nan 551 (19) sec
[34] Ep10000: Max 8460 (803) steps (0.0002 hrs) -nan:-nan 561 (10) sec
[35] Ep10000: Max 8460 (4041) steps (0.0011 hrs) -nan:-nan 576 (15) sec
[36] Ep10000: Max 8460 (2161) steps (0.0006 hrs) -nan:-nan 603 (27) sec
[37] Ep10000: Max 8460 (1863) steps (0.0005 hrs) -nan:-nan 613 (10) sec
[38] Ep10000: Max 8460 (1944) steps (0.0005 hrs) -nan:-nan 639 (26) sec
[39] Ep10000: Max 8460 (2733) steps (0.0008 hrs) -nan:-nan 664 (25) sec
[40] Ep10000: Max 8460 (3028) steps (0.0008 hrs) -nan:-nan 684 (20) sec
[41] Ep10000: Max 8460 (1614) steps (0.0004 hrs) -nan:-nan 697 (13) sec
[42] Ep10000: Max 8460 (2628) steps (0.0007 hrs) -nan:-nan 723 (26) sec
[43] Ep10000: Max 8460 (1236) steps (0.0003 hrs) -nan:-nan 731 (8) sec
[44] Ep10000: Max 8460 (3419) steps (0.0009 hrs) -nan:-nan 759 (28) sec
[45] Ep10000: Max 8460 (1483) steps (0.0004 hrs) -nan:-nan 770 (11) sec
[46] Ep10000: Max 8460 (936) steps (0.0003 hrs) -nan:-nan 779 (9) sec
[47] Ep10000: Max 8460 (2132) steps (0.0006 hrs) -nan:-nan 804 (25) sec
[48] Ep10000: Max 8460 (585) steps (0.0002 hrs) -nan:-nan 814 (10) sec
[49] Ep10000: Max 8460 (2136) steps (0.0006 hrs) -nan:-nan 831 (17) sec
[50] Ep10000: Max 8460 (1711) steps (0.0005 hrs) -nan:-nan 843 (12) sec
[51] Ep10000: Max 8460 (2801) steps (0.0008 hrs) -nan:-nan 856 (13) sec
[52] Ep10000: Max 8460 (2485) steps (0.0007 hrs) -nan:-nan 876 (20) sec
[53] Ep10000: Max 8460 (2108) steps (0.0006 hrs) -nan:-nan 901 (25) sec
[54] Ep10000: Max 8460 (2147) steps (0.0006 hrs) -nan:-nan 927 (26) sec
[55] Ep10000: Max 8460 (2220) steps (0.0006 hrs) -nan:-nan 949 (22) sec
[56] Ep10000: Max 8460 (2340) steps (0.0007 hrs) -nan:-nan 970 (21) sec
[57] Ep10000: Max 8460 (6473) steps (0.0018 hrs) -nan:-nan 998 (28) sec
[58] Ep10000: Max 8460 (2282) steps (0.0006 hrs) -nan:-nan 1024 (26) sec
[59] Ep10000: Max 8460 (682) steps (0.0002 hrs) -nan:-nan 1035 (11) sec
[60] Ep10000: Max 8460 (1394) steps (0.0004 hrs) -nan:-nan 1045 (10) sec
[61] Ep10000: Max 8460 (2627) steps (0.0007 hrs) -nan:-nan 1059 (14) sec
[62] Ep10000: Max 8460 (2934) steps (0.0008 hrs) -nan:-nan 1074 (15) sec
[63] Ep10000: Max 8460 (1397) steps (0.0004 hrs) -nan:-nan 1084 (10) sec
[64] Ep10000: Max 8460 (2138) steps (0.0006 hrs) -nan:-nan 1095 (11) sec
[65] Ep10000: Max 8460 (863) steps (0.0002 hrs) -nan:-nan 1106 (11) sec
[66] Ep10000: Max 10111 (10111) steps (0.0028 hrs) -nan:-nan 1142 (36) sec
[67] Ep10000: Max 10111 (1254) steps (0.0003 hrs) -nan:-nan 1153 (11) sec
[68] Ep10000: Max 10111 (1997) steps (0.0006 hrs) -nan:-nan 1167 (14) sec
[69] Ep10000: Max 10111 (1372) steps (0.0004 hrs) -nan:-nan 1175 (8) sec
[70] Ep10000: Max 10111 (1746) steps (0.0005 hrs) -nan:-nan 1186 (11) sec
[71] Ep10000: Max 10111 (5495) steps (0.0015 hrs) -nan:-nan 1198 (12) sec
[72] Ep10000: Max 10111 (2837) steps (0.0008 hrs) -nan:-nan 1223 (25) sec
[73] Ep10000: Max 10111 (2191) steps (0.0006 hrs) -nan:-nan 1246 (23) sec
[74] Ep10000: Max 10111 (2075) steps (0.0006 hrs) -nan:-nan 1272 (26) sec
[75] Ep10000: Max 10111 (1513) steps (0.0004 hrs) -nan:-nan 1281 (9) sec
[76] Ep10000: Max 10111 (1509) steps (0.0004 hrs) -nan:-nan 1291 (10) sec
[77] Ep10000: Max 10111 (1034) steps (0.0003 hrs) -nan:-nan 1304 (13) sec
[78] Ep10000: Max 10111 (2026) steps (0.0006 hrs) -nan:-nan 1324 (20) sec
[79] Ep10000: Max 10111 (6568) steps (0.0018 hrs) -nan:-nan 1342 (18) sec
[80] Ep10000: Max 10111 (2151) steps (0.0006 hrs) -nan:-nan 1355 (13) sec
[81] Ep10000: Max 10111 (2947) steps (0.0008 hrs) -nan:-nan 1382 (27) sec
[82] Ep10000: Max 10111 (1993) steps (0.0006 hrs) -nan:-nan 1399 (17) sec
[83] Ep10000: Max 10111 (1230) steps (0.0003 hrs) -nan:-nan 1408 (9) sec
[84] Ep10000: Max 10111 (2444) steps (0.0007 hrs) -nan:-nan 1433 (25) sec
[85] Ep10000: Max 10111 (879) steps (0.0002 hrs) -nan:-nan 1442 (9) sec
[86] Ep10000: Max 10111 (891) steps (0.0002 hrs) -nan:-nan 1454 (12) sec
[87] Ep10000: Max 10111 (4469) steps (0.0012 hrs) -nan:-nan 1469 (15) sec
[88] Ep10000: Max 10111 (3533) steps (0.0010 hrs) -nan:-nan 1484 (15) sec
[89] Ep10000: Max 10111 (2300) steps (0.0006 hrs) -nan:-nan 1504 (20) sec
[90] Ep10000: Max 10111 (1312) steps (0.0004 hrs) -nan:-nan 1514 (10) sec
[91] Ep10000: Max 10111 (1045) steps (0.0003 hrs) -nan:-nan 1525 (11) sec
[92] Ep10000: Max 10111 (1285) steps (0.0004 hrs) -nan:-nan 1534 (9) sec
[93] Ep10000: Max 10111 (1744) steps (0.0005 hrs) -nan:-nan 1543 (9) sec
[94] Ep10000: Max 10111 (2465) steps (0.0007 hrs) -nan:-nan 1570 (27) sec
[95] Ep10000: Max 10111 (1791) steps (0.0005 hrs) -nan:-nan 1584 (14) sec
[96] Ep10000: Max 10111 (2823) steps (0.0008 hrs) -nan:-nan 1609 (25) sec
[97] Ep10000: Max 10111 (1679) steps (0.0005 hrs) -nan:-nan 1620 (11) sec
[98] Ep10000: Max 10111 (1212) steps (0.0003 hrs) -nan:-nan 1629 (9) sec
[99] Ep10000: Max 10111 (3905) steps (0.0011 hrs) -nan:-nan 1651 (22) sec
[100] Ep10000: Max 10111 (1809) steps (0.0005 hrs) -nan:-nan 1667 (16) sec
[101] Ep10000: Max 10111 (774) steps (0.0002 hrs) -nan:-nan 1676 (9) sec
[102] Ep10000: Max 10111 (1200) steps (0.0003 hrs) -nan:-nan 1687 (11) sec
[103] Ep10000: Max 10111 (1102) steps (0.0003 hrs) -nan:-nan 1695 (8) sec
[104] Ep10000: Max 10111 (1359) steps (0.0004 hrs) -nan:-nan 1706 (11) sec
[105] Ep10000: Max 10111 (1984) steps (0.0006 hrs) -nan:-nan 1725 (19) sec
[106] Ep10000: Max 10111 (2133) steps (0.0006 hrs) -nan:-nan 1742 (17) sec
[107] Ep10000: Max 10111 (1339) steps (0.0004 hrs) -nan:-nan 1751 (9) sec
[108] Ep10000: Max 10111 (2339) steps (0.0006 hrs) -nan:-nan 1777 (26) sec
[109] Ep10000: Max 10111 (1613) steps (0.0004 hrs) -nan:-nan 1788 (11) sec
[110] Ep10000: Max 10111 (4166) steps (0.0012 hrs) -nan:-nan 1810 (22) sec
[111] Ep10000: Max 10111 (8735) steps (0.0024 hrs) -nan:-nan 1860 (50) sec
[112] Ep10000: Max 10111 (1639) steps (0.0005 hrs) -nan:-nan 1869 (9) sec
[113] Ep10000: Max 10111 (2245) steps (0.0006 hrs) -nan:-nan 1886 (17) sec
[114] Ep10000: Max 10111 (2996) steps (0.0008 hrs) -nan:-nan 1898 (12) sec
[115] Ep10000: Max 10111 (2638) steps (0.0007 hrs) -nan:-nan 1912 (14) sec
[116] Ep10000: Max 10111 (2844) steps (0.0008 hrs) -nan:-nan 1925 (13) sec
[117] Ep10000: Max 10111 (2145) steps (0.0006 hrs) -nan:-nan 1951 (26) sec
[118] Ep10000: Max 10111 (745) steps (0.0002 hrs) -nan:-nan 1962 (11) sec
[119] Ep10000: Max 10111 (2384) steps (0.0007 hrs) -nan:-nan 1987 (25) sec
[120] Ep10000: Max 10111 (2114) steps (0.0006 hrs) -nan:-nan 2013 (26) sec
[121] Ep10000: Max 10111 (2054) steps (0.0006 hrs) -nan:-nan 2032 (19) sec
[122] Ep10000: Max 10111 (3332) steps (0.0009 hrs) -nan:-nan 2058 (26) sec
[123] Ep10000: Max 10111 (2341) steps (0.0007 hrs) -nan:-nan 2084 (26) sec
[124] Ep10000: Max 10111 (2697) steps (0.0007 hrs) -nan:-nan 2106 (22) sec
[125] Ep10000: Max 10111 (2184) steps (0.0006 hrs) -nan:-nan 2121 (15) sec
[126] Ep10000: Max 10111 (1276) steps (0.0004 hrs) -nan:-nan 2131 (10) sec
[127] Ep10000: Max 10111 (1102) steps (0.0003 hrs) -nan:-nan 2141 (10) sec
[128] Ep10000: Max 10111 (2584) steps (0.0007 hrs) -nan:-nan 2167 (26) sec
[129] Ep10000: Max 10111 (2126) steps (0.0006 hrs) -nan:-nan 2193 (26) sec
[130] Ep10000: Max 10111 (2467) steps (0.0007 hrs) -nan:-nan 2218 (25) sec
[131] Ep10000: Max 10111 (554) steps (0.0002 hrs) -nan:-nan 2229 (11) sec
[132] Ep10000: Max 10111 (2526) steps (0.0007 hrs) -nan:-nan 2251 (22) sec
[133] Ep10000: Max 10111 (1582) steps (0.0004 hrs) -nan:-nan 2263 (12) sec
[134] Ep10000: Max 10111 (1252) steps (0.0003 hrs) -nan:-nan 2273 (10) sec
[135] Ep10000: Max 10111 (1884) steps (0.0005 hrs) -nan:-nan 2283 (10) sec
[136] Ep10000: Max 10111 (1668) steps (0.0005 hrs) -nan:-nan 2295 (12) sec
[137] Ep10000: Max 10111 (3925) steps (0.0011 hrs) -nan:-nan 2326 (31) sec
[138] Ep10000: Max 10111 (1622) steps (0.0005 hrs) -nan:-nan 2336 (10) sec
[139] Ep10000: Max 10111 (1533) steps (0.0004 hrs) -nan:-nan 2348 (12) sec
[140] Ep10000: Max 10111 (1309) steps (0.0004 hrs) -nan:-nan 2362 (14) sec
[141] Ep10000: Max 10111 (2124) steps (0.0006 hrs) -nan:-nan 2384 (22) sec
[142] Ep10000: Max 10111 (1592) steps (0.0004 hrs) -nan:-nan 2396 (12) sec
[143] Ep10000: Max 10111 (2903) steps (0.0008 hrs) -nan:-nan 2420 (24) sec
[144] Ep10000: Max 10111 (1744) steps (0.0005 hrs) -nan:-nan 2430 (10) sec
[145] Ep10000: Max 10111 (3431) steps (0.0010 hrs) -nan:-nan 2456 (26) sec
[146] Ep10000: Max 10111 (1488) steps (0.0004 hrs) -nan:-nan 2468 (12) sec
[147] Ep10000: Max 10111 (1005) steps (0.0003 hrs) -nan:-nan 2477 (9) sec
[148] Ep10000: Max 10111 (2438) steps (0.0007 hrs) -nan:-nan 2493 (16) sec
[149] Ep10000: Max 10111 (2239) steps (0.0006 hrs) -nan:-nan 2517 (24) sec
[150] Ep10000: Max 10111 (1366) steps (0.0004 hrs) -nan:-nan 2526 (9) sec
[151] Ep10000: Max 10111 (2880) steps (0.0008 hrs) -nan:-nan 2539 (13) sec
[152] Ep10000: Max 10111 (3035) steps (0.0008 hrs) -nan:-nan 2551 (12) sec
[153] Ep10000: Max 10111 (3620) steps (0.0010 hrs) -nan:-nan 2577 (26) sec
[154] Ep10000: Max 10111 (2510) steps (0.0007 hrs) -nan:-nan 2602 (25) sec
[155] Ep10000: Max 10111 (913) steps (0.0003 hrs) -nan:-nan 2611 (9) sec
[156] Ep10000: Max 10111 (1225) steps (0.0003 hrs) -nan:-nan 2619 (8) sec
[157] Ep10000: Max 10111 (2027) steps (0.0006 hrs) -nan:-nan 2645 (26) sec
[158] Ep10000: Max 10111 (1197) steps (0.0003 hrs) -nan:-nan 2657 (12) sec
[159] Ep10000: Max 10111 (2180) steps (0.0006 hrs) -nan:-nan 2668 (11) sec
[160] Ep10000: Max 10111 (2684) steps (0.0007 hrs) -nan:-nan 2683 (15) sec
[161] Ep10000: Max 212813 (212813) steps (0.0591 hrs) -nan:-nan 2714 (31) sec
[162] Ep10000: Max 212813 (2003) steps (0.0006 hrs) -nan:-nan 2728 (14) sec
[163] Ep10000: Max 212813 (2536) steps (0.0007 hrs) -nan:-nan 2741 (13) sec
[164] Ep10000: Max 212813 (2181) steps (0.0006 hrs) -nan:-nan 2768 (27) sec
[165] Ep10000: Max 212813 (1526) steps (0.0004 hrs) -nan:-nan 2779 (11) sec
[166] Ep10000: Max 212813 (1197) steps (0.0003 hrs) -nan:-nan 2788 (9) sec
[167] Ep10000: Max 212813 (2612) steps (0.0007 hrs) -nan:-nan 2815 (27) sec
[168] Ep10000: Max 212813 (2304) steps (0.0006 hrs) -nan:-nan 2827 (12) sec
[169] Ep10000: Max 212813 (1914) steps (0.0005 hrs) -nan:-nan 2839 (12) sec
[170] Ep10000: Max 212813 (1215) steps (0.0003 hrs) -nan:-nan 2849 (10) sec
[171] Ep10000: Max 212813 (2736) steps (0.0008 hrs) -nan:-nan 2876 (27) sec
[172] Ep10000: Max 212813 (2310) steps (0.0006 hrs) -nan:-nan 2887 (11) sec
[173] Ep10000: Max 212813 (9537) steps (0.0026 hrs) -nan:-nan 2913 (26) sec
[174] Ep10000: Max 212813 (1529) steps (0.0004 hrs) -nan:-nan 2927 (14) sec
[175] Ep10000: Max 212813 (4337) steps (0.0012 hrs) -nan:-nan 2953 (26) sec
[176] Ep10000: Max 212813 (1760) steps (0.0005 hrs) -nan:-nan 2971 (18) sec
[177] Ep10000: Max 212813 (2309) steps (0.0006 hrs) -nan:-nan 2997 (26) sec
[178] Ep10000: Max 212813 (4657) steps (0.0013 hrs) -nan:-nan 3018 (21) sec
[179] Ep10000: Max 212813 (22473) steps (0.0062 hrs) -nan:-nan 3113 (95) sec
[180] Ep10000: Max 212813 (2854) steps (0.0008 hrs) -nan:-nan 3124 (11) sec
[181] Ep10000: Max 212813 (2231) steps (0.0006 hrs) -nan:-nan 3149 (25) sec
[182] Ep10000: Max 212813 (1269) steps (0.0004 hrs) -nan:-nan 3158 (9) sec
[183] Ep10000: Max 212813 (3679) steps (0.0010 hrs) -nan:-nan 3172 (14) sec
[184] Ep10000: Max 212813 (2011) steps (0.0006 hrs) -nan:-nan 3187 (15) sec
[185] Ep10000: Max 212813 (2133) steps (0.0006 hrs) -nan:-nan 3211 (24) sec
[186] Ep10000: Max 212813 (5659) steps (0.0016 hrs) -nan:-nan 3237 (26) sec
[187] Ep10000: Max 212813 (2424) steps (0.0007 hrs) -nan:-nan 3265 (28) sec
[188] Ep10000: Max 212813 (3070) steps (0.0009 hrs) -nan:-nan 3291 (26) sec
[189] Ep10000: Max 212813 (1185) steps (0.0003 hrs) -nan:-nan 3300 (9) sec
[190] Ep10000: Max 212813 (5859) steps (0.0016 hrs) -nan:-nan 3326 (26) sec
[191] Ep10000: Max 212813 (2022) steps (0.0006 hrs) -nan:-nan 3339 (13) sec
[192] Ep10000: Max 212813 (2496) steps (0.0007 hrs) -nan:-nan 3351 (12) sec
[193] Ep10000: Max 212813 (5309) steps (0.0015 hrs) -nan:-nan 3379 (28) sec
[194] Ep2281 balanced for 3600000 steps (1.0000 hrs). 252.66:252.66 3484 (105) sec
Wrote current weights to latest.weights
Total Elapsed time: 3484 seconds
Wrote current data to latest.train
