balanced 0 test_flag 0
[1] Ep10000: Max 2369 (2369) steps (0.0007 hrs) -nan:-nan 25 (25) sec
[2] Ep10000: Max 2369 (1637) steps (0.0005 hrs) -nan:-nan 34 (9) sec
[3] Ep10000: Max 2369 (2300) steps (0.0006 hrs) -nan:-nan 60 (26) sec
[4] Ep10000: Max 2369 (2067) steps (0.0006 hrs) -nan:-nan 68 (8) sec
[5] Ep10000: Max 2740 (2740) steps (0.0008 hrs) -nan:-nan 93 (25) sec
[6] Ep10000: Max 2740 (1541) steps (0.0004 hrs) -nan:-nan 101 (8) sec
[7] Ep10000: Max 2740 (1896) steps (0.0005 hrs) -nan:-nan 114 (13) sec
[8] Ep10000: Max 2740 (1460) steps (0.0004 hrs) -nan:-nan 120 (6) sec
[9] Ep10000: Max 4210 (4210) steps (0.0012 hrs) -nan:-nan 135 (15) sec
[10] Ep10000: Max 4210 (1811) steps (0.0005 hrs) -nan:-nan 145 (10) sec
[11] Ep10000: Max 4210 (558) steps (0.0002 hrs) -nan:-nan 151 (6) sec
[12] Ep10000: Max 4210 (2118) steps (0.0006 hrs) -nan:-nan 162 (11) sec
[13] Ep10000: Max 4210 (2984) steps (0.0008 hrs) -nan:-nan 185 (23) sec
[14] Ep10000: Max 4210 (1959) steps (0.0005 hrs) -nan:-nan 209 (24) sec
[15] Ep10000: Max 4210 (1353) steps (0.0004 hrs) -nan:-nan 216 (7) sec
[16] Ep10000: Max 4210 (1531) steps (0.0004 hrs) -nan:-nan 222 (6) sec
[17] Ep10000: Max 4210 (1364) steps (0.0004 hrs) -nan:-nan 231 (9) sec
[18] Ep10000: Max 4210 (3121) steps (0.0009 hrs) -nan:-nan 255 (24) sec
[19] Ep10000: Max 4210 (1317) steps (0.0004 hrs) -nan:-nan 263 (8) sec
[20] Ep10000: Max 4210 (1485) steps (0.0004 hrs) -nan:-nan 268 (5) sec
[21] Ep10000: Max 4210 (2863) steps (0.0008 hrs) -nan:-nan 294 (26) sec
[22] Ep10000: Max 4210 (1975) steps (0.0005 hrs) -nan:-nan 318 (24) sec
[23] Ep10000: Max 4210 (2196) steps (0.0006 hrs) -nan:-nan 325 (7) sec
[24] Ep10000: Max 4210 (2446) steps (0.0007 hrs) -nan:-nan 345 (20) sec
[25] Ep10000: Max 4210 (1842) steps (0.0005 hrs) -nan:-nan 361 (16) sec
[26] Ep10000: Max 4210 (1119) steps (0.0003 hrs) -nan:-nan 368 (7) sec
[27] Ep10000: Max 4210 (2370) steps (0.0007 hrs) -nan:-nan 393 (25) sec
[28] Ep10000: Max 5419 (5419) steps (0.0015 hrs) -nan:-nan 400 (7) sec
[29] Ep10000: Max 5419 (1222) steps (0.0003 hrs) -nan:-nan 407 (7) sec
[30] Ep10000: Max 5419 (2346) steps (0.0007 hrs) -nan:-nan 425 (18) sec
[31] Ep10000: Max 5419 (3161) steps (0.0009 hrs) -nan:-nan 449 (24) sec
[32] Ep10000: Max 5419 (2041) steps (0.0006 hrs) -nan:-nan 461 (12) sec
[33] Ep10000: Max 5419 (2293) steps (0.0006 hrs) -nan:-nan 469 (8) sec
[34] Ep10000: Max 5419 (2388) steps (0.0007 hrs) -nan:-nan 490 (21) sec
[35] Ep10000: Max 5419 (863) steps (0.0002 hrs) -nan:-nan 496 (6) sec
[36] Ep10000: Max 5419 (1588) steps (0.0004 hrs) -nan:-nan 504 (8) sec
[37] Ep10000: Max 5419 (923) steps (0.0003 hrs) -nan:-nan 511 (7) sec
[38] Ep10000: Max 6709 (6709) steps (0.0019 hrs) -nan:-nan 520 (9) sec
[39] Ep10000: Max 6709 (2120) steps (0.0006 hrs) -nan:-nan 534 (14) sec
[40] Ep10000: Max 6709 (1261) steps (0.0004 hrs) -nan:-nan 541 (7) sec
[41] Ep10000: Max 6709 (2462) steps (0.0007 hrs) -nan:-nan 551 (10) sec
[42] Ep10000: Max 6709 (1051) steps (0.0003 hrs) -nan:-nan 558 (7) sec
[43] Ep10000: Max 6709 (1850) steps (0.0005 hrs) -nan:-nan 582 (24) sec
[44] Ep10000: Max 6709 (2224) steps (0.0006 hrs) -nan:-nan 589 (7) sec
[45] Ep10000: Max 6709 (2595) steps (0.0007 hrs) -nan:-nan 613 (24) sec
[46] Ep10000: Max 6709 (2531) steps (0.0007 hrs) -nan:-nan 636 (23) sec
[47] Ep10000: Max 6709 (1682) steps (0.0005 hrs) -nan:-nan 645 (9) sec
[48] Ep10000: Max 6709 (1058) steps (0.0003 hrs) -nan:-nan 653 (8) sec
[49] Ep10000: Max 6709 (2793) steps (0.0008 hrs) -nan:-nan 661 (8) sec
[50] Ep10000: Max 6709 (1410) steps (0.0004 hrs) -nan:-nan 671 (10) sec
[51] Ep10000: Max 6709 (6653) steps (0.0018 hrs) -nan:-nan 681 (10) sec
[52] Ep10000: Max 6709 (1166) steps (0.0003 hrs) -nan:-nan 688 (7) sec
[53] Ep10000: Max 6709 (914) steps (0.0003 hrs) -nan:-nan 693 (5) sec
[54] Ep10000: Max 6709 (894) steps (0.0002 hrs) -nan:-nan 700 (7) sec
[55] Ep10000: Max 6709 (2806) steps (0.0008 hrs) -nan:-nan 727 (27) sec
[56] Ep10000: Max 6709 (999) steps (0.0003 hrs) -nan:-nan 734 (7) sec
[57] Ep10000: Max 6709 (2120) steps (0.0006 hrs) -nan:-nan 748 (14) sec
[58] Ep10000: Max 6709 (2319) steps (0.0006 hrs) -nan:-nan 756 (8) sec
[59] Ep10000: Max 6709 (1655) steps (0.0005 hrs) -nan:-nan 766 (10) sec
[60] Ep10000: Max 6709 (1187) steps (0.0003 hrs) -nan:-nan 775 (9) sec
[61] Ep10000: Max 6709 (799) steps (0.0002 hrs) -nan:-nan 783 (8) sec
[62] Ep10000: Max 6709 (2372) steps (0.0007 hrs) -nan:-nan 792 (9) sec
[63] Ep10000: Max 6709 (901) steps (0.0003 hrs) -nan:-nan 798 (6) sec
[64] Ep10000: Max 6709 (1935) steps (0.0005 hrs) -nan:-nan 819 (21) sec
[65] Ep10000: Max 6709 (657) steps (0.0002 hrs) -nan:-nan 825 (6) sec
[66] Ep10000: Max 6709 (2364) steps (0.0007 hrs) -nan:-nan 851 (26) sec
[67] Ep10000: Max 6709 (1324) steps (0.0004 hrs) -nan:-nan 857 (6) sec
[68] Ep10000: Max 6709 (1662) steps (0.0005 hrs) -nan:-nan 864 (7) sec
[69] Ep10000: Max 6709 (2265) steps (0.0006 hrs) -nan:-nan 872 (8) sec
[70] Ep10000: Max 6709 (2030) steps (0.0006 hrs) -nan:-nan 892 (20) sec
[71] Ep10000: Max 6709 (773) steps (0.0002 hrs) -nan:-nan 899 (7) sec
[72] Ep10000: Max 6709 (3423) steps (0.0010 hrs) -nan:-nan 908 (9) sec
[73] Ep10000: Max 6709 (1566) steps (0.0004 hrs) -nan:-nan 915 (7) sec
[74] Ep10000: Max 6709 (871) steps (0.0002 hrs) -nan:-nan 922 (7) sec
[75] Ep10000: Max 6709 (871) steps (0.0002 hrs) -nan:-nan 929 (7) sec
[76] Ep10000: Max 6709 (3000) steps (0.0008 hrs) -nan:-nan 942 (13) sec
[77] Ep10000: Max 6709 (1216) steps (0.0003 hrs) -nan:-nan 954 (12) sec
[78] Ep10000: Max 6709 (410) steps (0.0001 hrs) -nan:-nan 960 (6) sec
[79] Ep10000: Max 6709 (1519) steps (0.0004 hrs) -nan:-nan 972 (12) sec
[80] Ep10000: Max 6709 (1187) steps (0.0003 hrs) -nan:-nan 978 (6) sec
[81] Ep10000: Max 6709 (2111) steps (0.0006 hrs) -nan:-nan 1003 (25) sec
[82] Ep10000: Max 6709 (3848) steps (0.0011 hrs) -nan:-nan 1027 (24) sec
[83] Ep10000: Max 6709 (3086) steps (0.0009 hrs) -nan:-nan 1051 (24) sec
[84] Ep10000: Max 6709 (2126) steps (0.0006 hrs) -nan:-nan 1058 (7) sec
[85] Ep10000: Max 6709 (1498) steps (0.0004 hrs) -nan:-nan 1067 (9) sec
[86] Ep10000: Max 6709 (1427) steps (0.0004 hrs) -nan:-nan 1075 (8) sec
[87] Ep10000: Max 6709 (2757) steps (0.0008 hrs) -nan:-nan 1100 (25) sec
[88] Ep10000: Max 6709 (1206) steps (0.0003 hrs) -nan:-nan 1107 (7) sec
[89] Ep10000: Max 6709 (950) steps (0.0003 hrs) -nan:-nan 1116 (9) sec
[90] Ep10000: Max 6709 (1779) steps (0.0005 hrs) -nan:-nan 1124 (8) sec
[91] Ep10000: Max 6709 (3144) steps (0.0009 hrs) -nan:-nan 1150 (26) sec
[92] Ep10000: Max 6709 (1047) steps (0.0003 hrs) -nan:-nan 1157 (7) sec
[93] Ep10000: Max 6709 (2485) steps (0.0007 hrs) -nan:-nan 1182 (25) sec
[94] Ep10000: Max 6709 (2564) steps (0.0007 hrs) -nan:-nan 1207 (25) sec
[95] Ep10000: Max 6709 (1391) steps (0.0004 hrs) -nan:-nan 1213 (6) sec
[96] Ep10000: Max 6709 (1233) steps (0.0003 hrs) -nan:-nan 1221 (8) sec
[97] Ep10000: Max 6709 (2085) steps (0.0006 hrs) -nan:-nan 1247 (26) sec
[98] Ep10000: Max 6709 (1876) steps (0.0005 hrs) -nan:-nan 1256 (9) sec
[99] Ep10000: Max 6709 (698) steps (0.0002 hrs) -nan:-nan 1263 (7) sec
[100] Ep10000: Max 6709 (2645) steps (0.0007 hrs) -nan:-nan 1288 (25) sec
[101] Ep10000: Max 6709 (948) steps (0.0003 hrs) -nan:-nan 1296 (8) sec
[102] Ep10000: Max 6709 (1773) steps (0.0005 hrs) -nan:-nan 1304 (8) sec
[103] Ep10000: Max 6709 (2469) steps (0.0007 hrs) -nan:-nan 1323 (19) sec
[104] Ep10000: Max 6709 (1362) steps (0.0004 hrs) -nan:-nan 1333 (10) sec
[105] Ep10000: Max 6709 (4959) steps (0.0014 hrs) -nan:-nan 1343 (10) sec
[106] Ep10000: Max 6768 (6768) steps (0.0019 hrs) -nan:-nan 1365 (22) sec
[107] Ep10000: Max 6768 (932) steps (0.0003 hrs) -nan:-nan 1371 (6) sec
[108] Ep10000: Max 6768 (1505) steps (0.0004 hrs) -nan:-nan 1379 (8) sec
[109] Ep10000: Max 6768 (2591) steps (0.0007 hrs) -nan:-nan 1404 (25) sec
[110] Ep10000: Max 6768 (2254) steps (0.0006 hrs) -nan:-nan 1429 (25) sec
[111] Ep10000: Max 6768 (2389) steps (0.0007 hrs) -nan:-nan 1455 (26) sec
[112] Ep10000: Max 6768 (811) steps (0.0002 hrs) -nan:-nan 1462 (7) sec
[113] Ep10000: Max 10045 (10045) steps (0.0028 hrs) -nan:-nan 1522 (60) sec
[114] Ep10000: Max 10045 (1497) steps (0.0004 hrs) -nan:-nan 1529 (7) sec
[115] Ep10000: Max 10045 (2756) steps (0.0008 hrs) -nan:-nan 1557 (28) sec
[116] Ep10000: Max 10045 (1778) steps (0.0005 hrs) -nan:-nan 1568 (11) sec
[117] Ep10000: Max 10045 (1608) steps (0.0004 hrs) -nan:-nan 1576 (8) sec
[118] Ep10000: Max 10045 (2395) steps (0.0007 hrs) -nan:-nan 1596 (20) sec
[119] Ep10000: Max 10045 (2068) steps (0.0006 hrs) -nan:-nan 1607 (11) sec
[120] Ep10000: Max 10045 (1459) steps (0.0004 hrs) -nan:-nan 1614 (7) sec
[121] Ep10000: Max 10045 (1987) steps (0.0006 hrs) -nan:-nan 1621 (7) sec
[122] Ep10000: Max 10045 (2262) steps (0.0006 hrs) -nan:-nan 1648 (27) sec
[123] Ep10000: Max 10045 (809) steps (0.0002 hrs) -nan:-nan 1655 (7) sec
[124] Ep10000: Max 10045 (2934) steps (0.0008 hrs) -nan:-nan 1681 (26) sec
[125] Ep10000: Max 10045 (2589) steps (0.0007 hrs) -nan:-nan 1707 (26) sec
[126] Ep10000: Max 10045 (2294) steps (0.0006 hrs) -nan:-nan 1721 (14) sec
[127] Ep10000: Max 10045 (2194) steps (0.0006 hrs) -nan:-nan 1731 (10) sec
[128] Ep10000: Max 10045 (2409) steps (0.0007 hrs) -nan:-nan 1757 (26) sec
[129] Ep10000: Max 10045 (536) steps (0.0001 hrs) -nan:-nan 1763 (6) sec
[130] Ep10000: Max 10045 (1963) steps (0.0005 hrs) -nan:-nan 1773 (10) sec
[131] Ep10000: Max 10045 (4028) steps (0.0011 hrs) -nan:-nan 1790 (17) sec
[132] Ep10000: Max 10045 (1648) steps (0.0005 hrs) -nan:-nan 1799 (9) sec
[133] Ep10000: Max 10045 (3150) steps (0.0009 hrs) -nan:-nan 1810 (11) sec
[134] Ep10000: Max 10045 (1846) steps (0.0005 hrs) -nan:-nan 1836 (26) sec
[135] Ep10000: Max 10045 (1180) steps (0.0003 hrs) -nan:-nan 1843 (7) sec
[136] Ep10000: Max 10045 (1240) steps (0.0003 hrs) -nan:-nan 1850 (7) sec
[137] Ep10000: Max 10045 (1184) steps (0.0003 hrs) -nan:-nan 1856 (6) sec
[138] Ep10000: Max 10045 (2290) steps (0.0006 hrs) -nan:-nan 1882 (26) sec
[139] Ep10000: Max 10045 (1283) steps (0.0004 hrs) -nan:-nan 1891 (9) sec
[140] Ep10000: Max 10045 (2960) steps (0.0008 hrs) -nan:-nan 1918 (27) sec
[141] Ep10000: Max 10045 (3906) steps (0.0011 hrs) -nan:-nan 1944 (26) sec
[142] Ep10000: Max 10045 (804) steps (0.0002 hrs) -nan:-nan 1950 (6) sec
[143] Ep10000: Max 10045 (1987) steps (0.0006 hrs) -nan:-nan 1976 (26) sec
[144] Ep10000: Max 10045 (2106) steps (0.0006 hrs) -nan:-nan 2002 (26) sec
[145] Ep10000: Max 10045 (1643) steps (0.0005 hrs) -nan:-nan 2011 (9) sec
[146] Ep10000: Max 10045 (7479) steps (0.0021 hrs) -nan:-nan 2032 (21) sec
[147] Ep10000: Max 10045 (2529) steps (0.0007 hrs) -nan:-nan 2058 (26) sec
[148] Ep10000: Max 10045 (2548) steps (0.0007 hrs) -nan:-nan 2071 (13) sec
[149] Ep10000: Max 10045 (2177) steps (0.0006 hrs) -nan:-nan 2082 (11) sec
[150] Ep10000: Max 10045 (5892) steps (0.0016 hrs) -nan:-nan 2093 (11) sec
[151] Ep10000: Max 10045 (1955) steps (0.0005 hrs) -nan:-nan 2101 (8) sec
[152] Ep10000: Max 10045 (885) steps (0.0002 hrs) -nan:-nan 2108 (7) sec
[153] Ep10000: Max 10045 (1827) steps (0.0005 hrs) -nan:-nan 2124 (16) sec
[154] Ep10000: Max 10045 (4043) steps (0.0011 hrs) -nan:-nan 2132 (8) sec
[155] Ep10000: Max 10045 (1803) steps (0.0005 hrs) -nan:-nan 2144 (12) sec
[156] Ep10000: Max 10045 (1589) steps (0.0004 hrs) -nan:-nan 2152 (8) sec
[157] Ep10000: Max 10045 (2007) steps (0.0006 hrs) -nan:-nan 2176 (24) sec
[158] Ep10000: Max 10045 (2569) steps (0.0007 hrs) -nan:-nan 2197 (21) sec
[159] Ep10000: Max 10045 (2188) steps (0.0006 hrs) -nan:-nan 2207 (10) sec
[160] Ep10000: Max 10045 (1613) steps (0.0004 hrs) -nan:-nan 2216 (9) sec
[161] Ep10000: Max 10045 (844) steps (0.0002 hrs) -nan:-nan 2222 (6) sec
[162] Ep10000: Max 10045 (1576) steps (0.0004 hrs) -nan:-nan 2230 (8) sec
[163] Ep10000: Max 10045 (1943) steps (0.0005 hrs) -nan:-nan 2245 (15) sec
[164] Ep10000: Max 10045 (1579) steps (0.0004 hrs) -nan:-nan 2252 (7) sec
[165] Ep10000: Max 10045 (2741) steps (0.0008 hrs) -nan:-nan 2268 (16) sec
[166] Ep10000: Max 10045 (522) steps (0.0001 hrs) -nan:-nan 2273 (5) sec
[167] Ep10000: Max 10045 (2551) steps (0.0007 hrs) -nan:-nan 2281 (8) sec
[168] Ep10000: Max 10045 (2776) steps (0.0008 hrs) -nan:-nan 2305 (24) sec
[169] Ep10000: Max 10045 (1472) steps (0.0004 hrs) -nan:-nan 2313 (8) sec
[170] Ep10000: Max 10045 (2187) steps (0.0006 hrs) -nan:-nan 2321 (8) sec
[171] Ep10000: Max 10045 (2015) steps (0.0006 hrs) -nan:-nan 2333 (12) sec
[172] Ep10000: Max 10045 (623) steps (0.0002 hrs) -nan:-nan 2340 (7) sec
[173] Ep10000: Max 10045 (4409) steps (0.0012 hrs) -nan:-nan 2367 (27) sec
[174] Ep10000: Max 10045 (1856) steps (0.0005 hrs) -nan:-nan 2375 (8) sec
[175] Ep10000: Max 10045 (4371) steps (0.0012 hrs) -nan:-nan 2398 (23) sec
[176] Ep10000: Max 10045 (1049) steps (0.0003 hrs) -nan:-nan 2404 (6) sec
[177] Ep10000: Max 10045 (6761) steps (0.0019 hrs) -nan:-nan 2416 (12) sec
[178] Ep10000: Max 10045 (1635) steps (0.0005 hrs) -nan:-nan 2424 (8) sec
[179] Ep10000: Max 10045 (2277) steps (0.0006 hrs) -nan:-nan 2450 (26) sec
[180] Ep10000: Max 10045 (3094) steps (0.0009 hrs) -nan:-nan 2476 (26) sec
[181] Ep10000: Max 10045 (1289) steps (0.0004 hrs) -nan:-nan 2483 (7) sec
[182] Ep10000: Max 10045 (2055) steps (0.0006 hrs) -nan:-nan 2509 (26) sec
[183] Ep10000: Max 10045 (730) steps (0.0002 hrs) -nan:-nan 2516 (7) sec
[184] Ep10000: Max 10045 (956) steps (0.0003 hrs) -nan:-nan 2522 (6) sec
[185] Ep10000: Max 10045 (1834) steps (0.0005 hrs) -nan:-nan 2549 (27) sec
[186] Ep10000: Max 10045 (3953) steps (0.0011 hrs) -nan:-nan 2558 (9) sec
[187] Ep10000: Max 10045 (1623) steps (0.0005 hrs) -nan:-nan 2569 (11) sec
[188] Ep10000: Max 10045 (2329) steps (0.0006 hrs) -nan:-nan 2595 (26) sec
[189] Ep10000: Max 10045 (1678) steps (0.0005 hrs) -nan:-nan 2609 (14) sec
[190] Ep10000: Max 10045 (1149) steps (0.0003 hrs) -nan:-nan 2614 (5) sec
[191] Ep10000: Max 10045 (2628) steps (0.0007 hrs) -nan:-nan 2640 (26) sec
[192] Ep10000: Max 10045 (3172) steps (0.0009 hrs) -nan:-nan 2648 (8) sec
[193] Ep10000: Max 10045 (883) steps (0.0002 hrs) -nan:-nan 2655 (7) sec
[194] Ep10000: Max 10045 (2507) steps (0.0007 hrs) -nan:-nan 2681 (26) sec
[195] Ep10000: Max 10045 (2330) steps (0.0006 hrs) -nan:-nan 2688 (7) sec
[196] Ep10000: Max 10045 (1907) steps (0.0005 hrs) -nan:-nan 2713 (25) sec
[197] Ep10000: Max 10045 (1843) steps (0.0005 hrs) -nan:-nan 2723 (10) sec
[198] Ep10000: Max 10045 (895) steps (0.0002 hrs) -nan:-nan 2730 (7) sec
[199] Ep10000: Max 10045 (593) steps (0.0002 hrs) -nan:-nan 2737 (7) sec
[200] Ep10000: Max 10045 (1302) steps (0.0004 hrs) -nan:-nan 2745 (8) sec
[201] Ep10000: Max 10045 (966) steps (0.0003 hrs) -nan:-nan 2754 (9) sec
[202] Ep10000: Max 10045 (2060) steps (0.0006 hrs) -nan:-nan 2779 (25) sec
[203] Ep10000: Max 10045 (579) steps (0.0002 hrs) -nan:-nan 2786 (7) sec
[204] Ep10000: Max 10045 (1030) steps (0.0003 hrs) -nan:-nan 2793 (7) sec
[205] Ep10000: Max 10045 (518) steps (0.0001 hrs) -nan:-nan 2799 (6) sec
[206] Ep10000: Max 10045 (1326) steps (0.0004 hrs) -nan:-nan 2806 (7) sec
[207] Ep10000: Max 10045 (3414) steps (0.0009 hrs) -nan:-nan 2814 (8) sec
[208] Ep10000: Max 10045 (1612) steps (0.0004 hrs) -nan:-nan 2820 (6) sec
[209] Ep10000: Max 10045 (1812) steps (0.0005 hrs) -nan:-nan 2835 (15) sec
[210] Ep10000: Max 10045 (3496) steps (0.0010 hrs) -nan:-nan 2852 (17) sec
[211] Ep10000: Max 10045 (1638) steps (0.0005 hrs) -nan:-nan 2864 (12) sec
[212] Ep10000: Max 10045 (877) steps (0.0002 hrs) -nan:-nan 2872 (8) sec
[213] Ep10000: Max 10045 (1103) steps (0.0003 hrs) -nan:-nan 2879 (7) sec
[214] Ep10000: Max 10045 (3575) steps (0.0010 hrs) -nan:-nan 2907 (28) sec
[215] Ep10000: Max 10045 (1311) steps (0.0004 hrs) -nan:-nan 2913 (6) sec
[216] Ep10000: Max 10045 (2172) steps (0.0006 hrs) -nan:-nan 2938 (25) sec
[217] Ep10000: Max 10045 (1218) steps (0.0003 hrs) -nan:-nan 2945 (7) sec
[218] Ep10000: Max 10045 (1197) steps (0.0003 hrs) -nan:-nan 2950 (5) sec
[219] Ep10000: Max 10045 (1850) steps (0.0005 hrs) -nan:-nan 2958 (8) sec
[220] Ep10000: Max 10045 (1437) steps (0.0004 hrs) -nan:-nan 2966 (8) sec
[221] Ep10000: Max 10045 (2096) steps (0.0006 hrs) -nan:-nan 2972 (6) sec
[222] Ep10000: Max 10045 (1575) steps (0.0004 hrs) -nan:-nan 2980 (8) sec
[223] Ep10000: Max 10045 (733) steps (0.0002 hrs) -nan:-nan 2987 (7) sec
[224] Ep10000: Max 10045 (2136) steps (0.0006 hrs) -nan:-nan 3011 (24) sec
[225] Ep10000: Max 10045 (739) steps (0.0002 hrs) -nan:-nan 3017 (6) sec
[226] Ep10000: Max 10045 (8618) steps (0.0024 hrs) -nan:-nan 3106 (89) sec
[227] Ep10000: Max 10045 (1921) steps (0.0005 hrs) -nan:-nan 3115 (9) sec
[228] Ep10000: Max 10045 (1972) steps (0.0005 hrs) -nan:-nan 3129 (14) sec
[229] Ep10000: Max 10045 (2050) steps (0.0006 hrs) -nan:-nan 3155 (26) sec
[230] Ep10000: Max 10045 (1665) steps (0.0005 hrs) -nan:-nan 3161 (6) sec
[231] Ep10000: Max 10045 (1509) steps (0.0004 hrs) -nan:-nan 3169 (8) sec
[232] Ep10000: Max 10045 (903) steps (0.0003 hrs) -nan:-nan 3175 (6) sec
[233] Ep10000: Max 10045 (792) steps (0.0002 hrs) -nan:-nan 3182 (7) sec
[234] Ep10000: Max 10045 (1318) steps (0.0004 hrs) -nan:-nan 3192 (10) sec
[235] Ep10000: Max 10045 (658) steps (0.0002 hrs) -nan:-nan 3199 (7) sec
[236] Ep10000: Max 10045 (1692) steps (0.0005 hrs) -nan:-nan 3206 (7) sec
[237] Ep10000: Max 10045 (2063) steps (0.0006 hrs) -nan:-nan 3219 (13) sec
[238] Ep10000: Max 10045 (762) steps (0.0002 hrs) -nan:-nan 3226 (7) sec
[239] Ep10000: Max 10045 (1894) steps (0.0005 hrs) -nan:-nan 3234 (8) sec
[240] Ep10000: Max 10045 (2005) steps (0.0006 hrs) -nan:-nan 3259 (25) sec
[241] Ep10000: Max 10045 (570) steps (0.0002 hrs) -nan:-nan 3266 (7) sec
[242] Ep10000: Max 10045 (1914) steps (0.0005 hrs) -nan:-nan 3281 (15) sec
[243] Ep10000: Max 10045 (1388) steps (0.0004 hrs) -nan:-nan 3291 (10) sec
[244] Ep10000: Max 10045 (1817) steps (0.0005 hrs) -nan:-nan 3298 (7) sec
[245] Ep10000: Max 10045 (1231) steps (0.0003 hrs) -nan:-nan 3305 (7) sec
[246] Ep10000: Max 10045 (1739) steps (0.0005 hrs) -nan:-nan 3315 (10) sec
[247] Ep10000: Max 10045 (1365) steps (0.0004 hrs) -nan:-nan 3324 (9) sec
[248] Ep10000: Max 10045 (2634) steps (0.0007 hrs) -nan:-nan 3333 (9) sec
[249] Ep10000: Max 10045 (2222) steps (0.0006 hrs) -nan:-nan 3340 (7) sec
[250] Ep10000: Max 10045 (1399) steps (0.0004 hrs) -nan:-nan 3348 (8) sec
[251] Ep10000: Max 10045 (2765) steps (0.0008 hrs) -nan:-nan 3376 (28) sec
[252] Ep10000: Max 10045 (2128) steps (0.0006 hrs) -nan:-nan 3388 (12) sec
[253] Ep10000: Max 10045 (2759) steps (0.0008 hrs) -nan:-nan 3405 (17) sec
[254] Ep10000: Max 10045 (4015) steps (0.0011 hrs) -nan:-nan 3419 (14) sec
[255] Ep10000: Max 10045 (2605) steps (0.0007 hrs) -nan:-nan 3443 (24) sec
[256] Ep10000: Max 10045 (2926) steps (0.0008 hrs) -nan:-nan 3454 (11) sec
[257] Ep10000: Max 10045 (2623) steps (0.0007 hrs) -nan:-nan 3462 (8) sec
[258] Ep10000: Max 10045 (808) steps (0.0002 hrs) -nan:-nan 3469 (7) sec
[259] Ep10000: Max 10045 (1854) steps (0.0005 hrs) -nan:-nan 3479 (10) sec
[260] Ep10000: Max 10045 (1357) steps (0.0004 hrs) -nan:-nan 3486 (7) sec
[261] Ep10000: Max 10045 (2134) steps (0.0006 hrs) -nan:-nan 3511 (25) sec
[262] Ep10000: Max 10045 (1546) steps (0.0004 hrs) -nan:-nan 3518 (7) sec
[263] Ep10000: Max 10045 (2772) steps (0.0008 hrs) -nan:-nan 3543 (25) sec
[264] Ep10000: Max 10045 (1596) steps (0.0004 hrs) -nan:-nan 3556 (13) sec
[265] Ep10000: Max 10045 (2203) steps (0.0006 hrs) -nan:-nan 3565 (9) sec
[266] Ep10000: Max 10045 (2415) steps (0.0007 hrs) -nan:-nan 3591 (26) sec
[267] Ep10000: Max 10045 (2256) steps (0.0006 hrs) -nan:-nan 3604 (13) sec
[268] Ep10000: Max 10045 (3512) steps (0.0010 hrs) -nan:-nan 3627 (23) sec
[269] Ep10000: Max 10045 (1530) steps (0.0004 hrs) -nan:-nan 3634 (7) sec
[270] Ep10000: Max 10045 (1294) steps (0.0004 hrs) -nan:-nan 3641 (7) sec
[271] Ep10000: Max 10045 (3151) steps (0.0009 hrs) -nan:-nan 3664 (23) sec
[272] Ep10000: Max 10045 (2704) steps (0.0008 hrs) -nan:-nan 3676 (12) sec
[273] Ep10000: Max 371933 (371933) steps (0.1033 hrs) -nan:-nan 3746 (70) sec
[274] Ep10000: Max 371933 (951) steps (0.0003 hrs) -nan:-nan 3753 (7) sec
[275] Ep10000: Max 371933 (3205) steps (0.0009 hrs) -nan:-nan 3779 (26) sec
[276] Ep10000: Max 371933 (530) steps (0.0001 hrs) -nan:-nan 3784 (5) sec
[277] Ep10000: Max 371933 (1208) steps (0.0003 hrs) -nan:-nan 3791 (7) sec
[278] Ep10000: Max 371933 (1539) steps (0.0004 hrs) -nan:-nan 3798 (7) sec
[279] Ep10000: Max 371933 (1095) steps (0.0003 hrs) -nan:-nan 3804 (6) sec
[280] Ep10000: Max 371933 (2161) steps (0.0006 hrs) -nan:-nan 3830 (26) sec
[281] Ep10000: Max 371933 (1389) steps (0.0004 hrs) -nan:-nan 3839 (9) sec
[282] Ep10000: Max 371933 (2324) steps (0.0006 hrs) -nan:-nan 3864 (25) sec
[283] Ep10000: Max 371933 (1490) steps (0.0004 hrs) -nan:-nan 3872 (8) sec
[284] Ep10000: Max 371933 (2289) steps (0.0006 hrs) -nan:-nan 3894 (22) sec
[285] Ep10000: Max 371933 (9453) steps (0.0026 hrs) -nan:-nan 3944 (50) sec
[286] Ep10000: Max 371933 (7209) steps (0.0020 hrs) -nan:-nan 3997 (53) sec
[287] Ep10000: Max 371933 (2982) steps (0.0008 hrs) -nan:-nan 4006 (9) sec
[288] Ep10000: Max 371933 (2944) steps (0.0008 hrs) -nan:-nan 4032 (26) sec
[289] Ep10000: Max 371933 (1722) steps (0.0005 hrs) -nan:-nan 4040 (8) sec
[290] Ep10000: Max 371933 (1357) steps (0.0004 hrs) -nan:-nan 4048 (8) sec
[291] Ep10000: Max 371933 (2096) steps (0.0006 hrs) -nan:-nan 4067 (19) sec
[292] Ep10000: Max 371933 (2066) steps (0.0006 hrs) -nan:-nan 4076 (9) sec
[293] Ep10000: Max 371933 (1589) steps (0.0004 hrs) -nan:-nan 4083 (7) sec
[294] Ep10000: Max 371933 (2407) steps (0.0007 hrs) -nan:-nan 4091 (8) sec
[295] Ep10000: Max 371933 (1381) steps (0.0004 hrs) -nan:-nan 4102 (11) sec
[296] Ep10000: Max 371933 (1929) steps (0.0005 hrs) -nan:-nan 4124 (22) sec
[297] Ep10000: Max 371933 (993) steps (0.0003 hrs) -nan:-nan 4131 (7) sec
[298] Ep10000: Max 371933 (2428) steps (0.0007 hrs) -nan:-nan 4157 (26) sec
[299] Ep10000: Max 371933 (2486) steps (0.0007 hrs) -nan:-nan 4180 (23) sec
[300] Ep10000: Max 371933 (3039) steps (0.0008 hrs) -nan:-nan 4202 (22) sec
[301] Ep10000: Max 371933 (2016) steps (0.0006 hrs) -nan:-nan 4212 (10) sec
[302] Ep10000: Max 371933 (2494) steps (0.0007 hrs) -nan:-nan 4234 (22) sec
[303] Ep10000: Max 371933 (692) steps (0.0002 hrs) -nan:-nan 4241 (7) sec
[304] Ep10000: Max 371933 (1293) steps (0.0004 hrs) -nan:-nan 4249 (8) sec
[305] Ep10000: Max 371933 (3073) steps (0.0009 hrs) -nan:-nan 4259 (10) sec
[306] Ep10000: Max 371933 (1946) steps (0.0005 hrs) -nan:-nan 4267 (8) sec
[307] Ep10000: Max 371933 (2263) steps (0.0006 hrs) -nan:-nan 4290 (23) sec
[308] Ep10000: Max 371933 (1987) steps (0.0006 hrs) -nan:-nan 4300 (10) sec
[309] Ep10000: Max 371933 (2065) steps (0.0006 hrs) -nan:-nan 4309 (9) sec
[310] Ep10000: Max 371933 (2579) steps (0.0007 hrs) -nan:-nan 4326 (17) sec
[311] Ep10000: Max 371933 (580) steps (0.0002 hrs) -nan:-nan 4332 (6) sec
[312] Ep10000: Max 371933 (1683) steps (0.0005 hrs) -nan:-nan 4340 (8) sec
[313] Ep10000: Max 371933 (2007) steps (0.0006 hrs) -nan:-nan 4355 (15) sec
[314] Ep10000: Max 371933 (2358) steps (0.0007 hrs) -nan:-nan 4378 (23) sec
[315] Ep10000: Max 371933 (1663) steps (0.0005 hrs) -nan:-nan 4388 (10) sec
[316] Ep10000: Max 371933 (2107) steps (0.0006 hrs) -nan:-nan 4408 (20) sec
[317] Ep10000: Max 371933 (1272) steps (0.0004 hrs) -nan:-nan 4415 (7) sec
[318] Ep10000: Max 371933 (1822) steps (0.0005 hrs) -nan:-nan 4426 (11) sec
[319] Ep10000: Max 371933 (2558) steps (0.0007 hrs) -nan:-nan 4452 (26) sec
[320] Ep10000: Max 371933 (2939) steps (0.0008 hrs) -nan:-nan 4471 (19) sec
[321] Ep10000: Max 371933 (3797) steps (0.0011 hrs) -nan:-nan 4498 (27) sec
[322] Ep10000: Max 371933 (2499) steps (0.0007 hrs) -nan:-nan 4523 (25) sec
[323] Ep10000: Max 371933 (1939) steps (0.0005 hrs) -nan:-nan 4547 (24) sec
[324] Ep10000: Max 371933 (846) steps (0.0002 hrs) -nan:-nan 4554 (7) sec
[325] Ep10000: Max 371933 (1085) steps (0.0003 hrs) -nan:-nan 4561 (7) sec
[326] Ep10000: Max 371933 (1640) steps (0.0005 hrs) -nan:-nan 4567 (6) sec
[327] Ep10000: Max 371933 (3004) steps (0.0008 hrs) -nan:-nan 4591 (24) sec
[328] Ep10000: Max 371933 (720) steps (0.0002 hrs) -nan:-nan 4596 (5) sec
[329] Ep10000: Max 371933 (2064) steps (0.0006 hrs) -nan:-nan 4617 (21) sec
[330] Ep10000: Max 371933 (1021) steps (0.0003 hrs) -nan:-nan 4624 (7) sec
[331] Ep10000: Max 371933 (5264) steps (0.0015 hrs) -nan:-nan 4633 (9) sec
[332] Ep10000: Max 371933 (582) steps (0.0002 hrs) -nan:-nan 4640 (7) sec
[333] Ep10000: Max 371933 (2383) steps (0.0007 hrs) -nan:-nan 4648 (8) sec
[334] Ep10000: Max 371933 (1951) steps (0.0005 hrs) -nan:-nan 4659 (11) sec
[335] Ep10000: Max 371933 (2012) steps (0.0006 hrs) -nan:-nan 4673 (14) sec
[336] Ep10000: Max 371933 (5687) steps (0.0016 hrs) -nan:-nan 4698 (25) sec
[337] Ep10000: Max 371933 (1996) steps (0.0006 hrs) -nan:-nan 4707 (9) sec
[338] Ep10000: Max 371933 (1397) steps (0.0004 hrs) -nan:-nan 4716 (9) sec
[339] Ep10000: Max 371933 (2249) steps (0.0006 hrs) -nan:-nan 4725 (9) sec
[340] Ep10000: Max 371933 (952) steps (0.0003 hrs) -nan:-nan 4732 (7) sec
[341] Ep10000: Max 371933 (2084) steps (0.0006 hrs) -nan:-nan 4740 (8) sec
[342] Ep10000: Max 371933 (1603) steps (0.0004 hrs) -nan:-nan 4751 (11) sec
[343] Ep10000: Max 371933 (1860) steps (0.0005 hrs) -nan:-nan 4758 (7) sec
[344] Ep10000: Max 371933 (5210) steps (0.0014 hrs) -nan:-nan 4769 (11) sec
[345] Ep10000: Max 371933 (2622) steps (0.0007 hrs) -nan:-nan 4794 (25) sec
[346] Ep10000: Max 371933 (1692) steps (0.0005 hrs) -nan:-nan 4806 (12) sec
[347] Ep10000: Max 371933 (1042) steps (0.0003 hrs) -nan:-nan 4812 (6) sec
[348] Ep10000: Max 371933 (2956) steps (0.0008 hrs) -nan:-nan 4829 (17) sec
[349] Ep10000: Max 371933 (2025) steps (0.0006 hrs) -nan:-nan 4843 (14) sec
[350] Ep10000: Max 371933 (2013) steps (0.0006 hrs) -nan:-nan 4852 (9) sec
[351] Ep10000: Max 371933 (2110) steps (0.0006 hrs) -nan:-nan 4865 (13) sec
[352] Ep10000: Max 371933 (2153) steps (0.0006 hrs) -nan:-nan 4890 (25) sec
[353] Ep10000: Max 371933 (2088) steps (0.0006 hrs) -nan:-nan 4899 (9) sec
[354] Ep10000: Max 371933 (1581) steps (0.0004 hrs) -nan:-nan 4907 (8) sec
[355] Ep10000: Max 371933 (3287) steps (0.0009 hrs) -nan:-nan 4917 (10) sec
[356] Ep10000: Max 371933 (2097) steps (0.0006 hrs) -nan:-nan 4942 (25) sec
[357] Ep10000: Max 371933 (1604) steps (0.0004 hrs) -nan:-nan 4950 (8) sec
[358] Ep10000: Max 371933 (3882) steps (0.0011 hrs) -nan:-nan 4957 (7) sec
[359] Ep10000: Max 371933 (836) steps (0.0002 hrs) -nan:-nan 4964 (7) sec
[360] Ep10000: Max 371933 (1947) steps (0.0005 hrs) -nan:-nan 4986 (22) sec
[361] Ep10000: Max 371933 (2139) steps (0.0006 hrs) -nan:-nan 5010 (24) sec
[362] Ep10000: Max 371933 (2089) steps (0.0006 hrs) -nan:-nan 5033 (23) sec
[363] Ep10000: Max 371933 (1845) steps (0.0005 hrs) -nan:-nan 5041 (8) sec
[364] Ep10000: Max 371933 (2226) steps (0.0006 hrs) -nan:-nan 5066 (25) sec
[365] Ep10000: Max 371933 (1493) steps (0.0004 hrs) -nan:-nan 5076 (10) sec
[366] Ep10000: Max 371933 (5816) steps (0.0016 hrs) -nan:-nan 5095 (19) sec
[367] Ep10000: Max 371933 (2266) steps (0.0006 hrs) -nan:-nan 5107 (12) sec
[368] Ep10000: Max 371933 (1647) steps (0.0005 hrs) -nan:-nan 5116 (9) sec
[369] Ep10000: Max 371933 (2206) steps (0.0006 hrs) -nan:-nan 5131 (15) sec
[370] Ep10000: Max 371933 (4866) steps (0.0014 hrs) -nan:-nan 5150 (19) sec
[371] Ep10000: Max 371933 (2470) steps (0.0007 hrs) -nan:-nan 5165 (15) sec
[372] Ep10000: Max 371933 (2134) steps (0.0006 hrs) -nan:-nan 5182 (17) sec
[373] Ep10000: Max 371933 (2121) steps (0.0006 hrs) -nan:-nan 5193 (11) sec
[374] Ep10000: Max 371933 (1238) steps (0.0003 hrs) -nan:-nan 5199 (6) sec
[375] Ep10000: Max 371933 (1326) steps (0.0004 hrs) -nan:-nan 5208 (9) sec
[376] Ep10000: Max 371933 (2130) steps (0.0006 hrs) -nan:-nan 5216 (8) sec
[377] Ep10000: Max 371933 (1687) steps (0.0005 hrs) -nan:-nan 5224 (8) sec
[378] Ep10000: Max 371933 (3105) steps (0.0009 hrs) -nan:-nan 5252 (28) sec
[379] Ep10000: Max 371933 (1288) steps (0.0004 hrs) -nan:-nan 5258 (6) sec
[380] Ep10000: Max 371933 (1687) steps (0.0005 hrs) -nan:-nan 5265 (7) sec
[381] Ep10000: Max 371933 (2109) steps (0.0006 hrs) -nan:-nan 5273 (8) sec
[382] Ep10000: Max 371933 (1980) steps (0.0006 hrs) -nan:-nan 5282 (9) sec
[383] Ep10000: Max 371933 (2766) steps (0.0008 hrs) -nan:-nan 5289 (7) sec
[384] Ep10000: Max 371933 (2549) steps (0.0007 hrs) -nan:-nan 5312 (23) sec
[385] Ep10000: Max 371933 (3648) steps (0.0010 hrs) -nan:-nan 5337 (25) sec
[386] Ep10000: Max 371933 (6675) steps (0.0019 hrs) -nan:-nan 5368 (31) sec
[387] Ep10000: Max 371933 (3048) steps (0.0008 hrs) -nan:-nan 5393 (25) sec
[388] Ep10000: Max 371933 (794) steps (0.0002 hrs) -nan:-nan 5400 (7) sec
[389] Ep10000: Max 371933 (8422) steps (0.0023 hrs) -nan:-nan 5416 (16) sec
[390] Ep10000: Max 371933 (2130) steps (0.0006 hrs) -nan:-nan 5424 (8) sec
[391] Ep10000: Max 371933 (1252) steps (0.0003 hrs) -nan:-nan 5431 (7) sec
[392] Ep10000: Max 371933 (2432) steps (0.0007 hrs) -nan:-nan 5439 (8) sec
[393] Ep10000: Max 371933 (2956) steps (0.0008 hrs) -nan:-nan 5462 (23) sec
[394] Ep10000: Max 371933 (676) steps (0.0002 hrs) -nan:-nan 5470 (8) sec
[395] Ep10000: Max 371933 (1816) steps (0.0005 hrs) -nan:-nan 5477 (7) sec
[396] Ep10000: Max 371933 (6661) steps (0.0019 hrs) -nan:-nan 5490 (13) sec
[397] Ep10000: Max 371933 (738) steps (0.0002 hrs) -nan:-nan 5497 (7) sec
[398] Ep10000: Max 371933 (1705) steps (0.0005 hrs) -nan:-nan 5506 (9) sec
[399] Ep10000: Max 371933 (1074) steps (0.0003 hrs) -nan:-nan 5512 (6) sec
[400] Ep10000: Max 371933 (3292) steps (0.0009 hrs) -nan:-nan 5522 (10) sec
[401] Ep10000: Max 371933 (1594) steps (0.0004 hrs) -nan:-nan 5530 (8) sec
[402] Ep10000: Max 371933 (3975) steps (0.0011 hrs) -nan:-nan 5539 (9) sec
[403] Ep10000: Max 371933 (6412) steps (0.0018 hrs) -nan:-nan 5563 (24) sec
[404] Ep10000: Max 371933 (876) steps (0.0002 hrs) -nan:-nan 5570 (7) sec
[405] Ep10000: Max 371933 (2752) steps (0.0008 hrs) -nan:-nan 5586 (16) sec
[406] Ep10000: Max 371933 (1756) steps (0.0005 hrs) -nan:-nan 5596 (10) sec
[407] Ep10000: Max 371933 (919) steps (0.0003 hrs) -nan:-nan 5603 (7) sec
[408] Ep10000: Max 371933 (4097) steps (0.0011 hrs) -nan:-nan 5626 (23) sec
[409] Ep10000: Max 371933 (855) steps (0.0002 hrs) -nan:-nan 5632 (6) sec
[410] Ep10000: Max 371933 (560) steps (0.0002 hrs) -nan:-nan 5639 (7) sec
[411] Ep10000: Max 371933 (1959) steps (0.0005 hrs) -nan:-nan 5653 (14) sec
[412] Ep10000: Max 371933 (1833) steps (0.0005 hrs) -nan:-nan 5662 (9) sec
[413] Ep10000: Max 371933 (1093) steps (0.0003 hrs) -nan:-nan 5668 (6) sec
[414] Ep10000: Max 371933 (1885) steps (0.0005 hrs) -nan:-nan 5678 (10) sec
[415] Ep10000: Max 371933 (1826) steps (0.0005 hrs) -nan:-nan 5687 (9) sec
[416] Ep10000: Max 371933 (676) steps (0.0002 hrs) -nan:-nan 5694 (7) sec
[417] Ep10000: Max 371933 (2483) steps (0.0007 hrs) -nan:-nan 5706 (12) sec
[418] Ep10000: Max 371933 (1500) steps (0.0004 hrs) -nan:-nan 5715 (9) sec
[419] Ep10000: Max 371933 (1812) steps (0.0005 hrs) -nan:-nan 5723 (8) sec
[420] Ep10000: Max 371933 (2819) steps (0.0008 hrs) -nan:-nan 5731 (8) sec
[421] Ep10000: Max 371933 (2165) steps (0.0006 hrs) -nan:-nan 5756 (25) sec
[422] Ep10000: Max 371933 (2043) steps (0.0006 hrs) -nan:-nan 5783 (27) sec
[423] Ep10000: Max 371933 (1660) steps (0.0005 hrs) -nan:-nan 5790 (7) sec
[424] Ep10000: Max 371933 (1412) steps (0.0004 hrs) -nan:-nan 5799 (9) sec
[425] Ep10000: Max 371933 (2549) steps (0.0007 hrs) -nan:-nan 5822 (23) sec
[426] Ep10000: Max 371933 (2125) steps (0.0006 hrs) -nan:-nan 5834 (12) sec
[427] Ep10000: Max 371933 (2745) steps (0.0008 hrs) -nan:-nan 5859 (25) sec
[428] Ep10000: Max 371933 (1055) steps (0.0003 hrs) -nan:-nan 5865 (6) sec
[429] Ep10000: Max 371933 (2707) steps (0.0008 hrs) -nan:-nan 5893 (28) sec
[430] Ep10000: Max 371933 (1789) steps (0.0005 hrs) -nan:-nan 5905 (12) sec
[431] Ep10000: Max 371933 (1201) steps (0.0003 hrs) -nan:-nan 5912 (7) sec
[432] Ep10000: Max 371933 (2012) steps (0.0006 hrs) -nan:-nan 5939 (27) sec
[433] Ep10000: Max 371933 (2636) steps (0.0007 hrs) -nan:-nan 5954 (15) sec
[434] Ep10000: Max 371933 (1372) steps (0.0004 hrs) -nan:-nan 5964 (10) sec
[435] Ep10000: Max 371933 (2891) steps (0.0008 hrs) -nan:-nan 5976 (12) sec
[436] Ep10000: Max 371933 (3716) steps (0.0010 hrs) -nan:-nan 5985 (9) sec
[437] Ep10000: Max 371933 (2755) steps (0.0008 hrs) -nan:-nan 6011 (26) sec
[438] Ep10000: Max 371933 (1854) steps (0.0005 hrs) -nan:-nan 6019 (8) sec
[439] Ep10000: Max 371933 (2377) steps (0.0007 hrs) -nan:-nan 6044 (25) sec
[440] Ep10000: Max 371933 (2626) steps (0.0007 hrs) -nan:-nan 6058 (14) sec
[441] Ep10000: Max 371933 (803) steps (0.0002 hrs) -nan:-nan 6065 (7) sec
[442] Ep10000: Max 371933 (1353) steps (0.0004 hrs) -nan:-nan 6075 (10) sec
[443] Ep10000: Max 371933 (2210) steps (0.0006 hrs) -nan:-nan 6087 (12) sec
[444] Ep10000: Max 371933 (4247) steps (0.0012 hrs) -nan:-nan 6114 (27) sec
[445] Ep10000: Max 371933 (2897) steps (0.0008 hrs) -nan:-nan 6131 (17) sec
[446] Ep10000: Max 371933 (1544) steps (0.0004 hrs) -nan:-nan 6139 (8) sec
[447] Ep10000: Max 371933 (697) steps (0.0002 hrs) -nan:-nan 6146 (7) sec
[448] Ep10000: Max 371933 (1640) steps (0.0005 hrs) -nan:-nan 6157 (11) sec
[449] Ep10000: Max 371933 (9854) steps (0.0027 hrs) -nan:-nan 6216 (59) sec
[450] Ep10000: Max 371933 (1037) steps (0.0003 hrs) -nan:-nan 6222 (6) sec
[451] Ep10000: Max 371933 (4591) steps (0.0013 hrs) -nan:-nan 6238 (16) sec
[452] Ep10000: Max 371933 (1824) steps (0.0005 hrs) -nan:-nan 6244 (6) sec
[453] Ep10000: Max 371933 (643) steps (0.0002 hrs) -nan:-nan 6251 (7) sec
[454] Ep10000: Max 371933 (1950) steps (0.0005 hrs) -nan:-nan 6261 (10) sec
[455] Ep10000: Max 371933 (1986) steps (0.0006 hrs) -nan:-nan 6287 (26) sec
[456] Ep10000: Max 371933 (3402) steps (0.0009 hrs) -nan:-nan 6311 (24) sec
[457] Ep10000: Max 371933 (4951) steps (0.0014 hrs) -nan:-nan 6331 (20) sec
[458] Ep10000: Max 371933 (3218) steps (0.0009 hrs) -nan:-nan 6359 (28) sec
[459] Ep10000: Max 371933 (1487) steps (0.0004 hrs) -nan:-nan 6366 (7) sec
[460] Ep10000: Max 371933 (2196) steps (0.0006 hrs) -nan:-nan 6392 (26) sec
[461] Ep10000: Max 371933 (2287) steps (0.0006 hrs) -nan:-nan 6418 (26) sec
[462] Ep10000: Max 371933 (700) steps (0.0002 hrs) -nan:-nan 6423 (5) sec
[463] Ep10000: Max 371933 (1793) steps (0.0005 hrs) -nan:-nan 6436 (13) sec
[464] Ep10000: Max 371933 (2312) steps (0.0006 hrs) -nan:-nan 6460 (24) sec
[465] Ep10000: Max 371933 (2544) steps (0.0007 hrs) -nan:-nan 6482 (22) sec
[466] Ep10000: Max 371933 (1019) steps (0.0003 hrs) -nan:-nan 6489 (7) sec
[467] Ep10000: Max 371933 (2215) steps (0.0006 hrs) -nan:-nan 6496 (7) sec
[468] Ep10000: Max 371933 (1507) steps (0.0004 hrs) -nan:-nan 6503 (7) sec
[469] Ep10000: Max 371933 (2173) steps (0.0006 hrs) -nan:-nan 6525 (22) sec
[470] Ep10000: Max 371933 (2219) steps (0.0006 hrs) -nan:-nan 6549 (24) sec
[471] Ep10000: Max 371933 (840) steps (0.0002 hrs) -nan:-nan 6555 (6) sec
[472] Ep10000: Max 371933 (1678) steps (0.0005 hrs) -nan:-nan 6565 (10) sec
[473] Ep10000: Max 371933 (2261) steps (0.0006 hrs) -nan:-nan 6590 (25) sec
[474] Ep10000: Max 371933 (1165) steps (0.0003 hrs) -nan:-nan 6598 (8) sec
[475] Ep10000: Max 371933 (1029) steps (0.0003 hrs) -nan:-nan 6604 (6) sec
[476] Ep10000: Max 371933 (1048) steps (0.0003 hrs) -nan:-nan 6610 (6) sec
[477] Ep10000: Max 371933 (1893) steps (0.0005 hrs) -nan:-nan 6621 (11) sec
[478] Ep10000: Max 371933 (1627) steps (0.0005 hrs) -nan:-nan 6630 (9) sec
[479] Ep10000: Max 371933 (864) steps (0.0002 hrs) -nan:-nan 6638 (8) sec
[480] Ep10000: Max 371933 (731) steps (0.0002 hrs) -nan:-nan 6644 (6) sec
[481] Ep10000: Max 371933 (2310) steps (0.0006 hrs) -nan:-nan 6671 (27) sec
[482] Ep10000: Max 371933 (1659) steps (0.0005 hrs) -nan:-nan 6681 (10) sec
[483] Ep10000: Max 371933 (1652) steps (0.0005 hrs) -nan:-nan 6688 (7) sec
[484] Ep10000: Max 371933 (1918) steps (0.0005 hrs) -nan:-nan 6696 (8) sec
[485] Ep10000: Max 371933 (8203) steps (0.0023 hrs) -nan:-nan 6792 (96) sec
[486] Ep10000: Max 371933 (2507) steps (0.0007 hrs) -nan:-nan 6819 (27) sec
[487] Ep10000: Max 371933 (1986) steps (0.0006 hrs) -nan:-nan 6837 (18) sec
[488] Ep10000: Max 371933 (1431) steps (0.0004 hrs) -nan:-nan 6843 (6) sec
[489] Ep10000: Max 371933 (1367) steps (0.0004 hrs) -nan:-nan 6849 (6) sec
[490] Ep10000: Max 371933 (3141) steps (0.0009 hrs) -nan:-nan 6875 (26) sec
[491] Ep10000: Max 371933 (2190) steps (0.0006 hrs) -nan:-nan 6888 (13) sec
[492] Ep10000: Max 371933 (714) steps (0.0002 hrs) -nan:-nan 6895 (7) sec
[493] Ep10000: Max 371933 (2457) steps (0.0007 hrs) -nan:-nan 6917 (22) sec
[494] Ep10000: Max 371933 (2570) steps (0.0007 hrs) -nan:-nan 6943 (26) sec
[495] Ep10000: Max 371933 (1792) steps (0.0005 hrs) -nan:-nan 6951 (8) sec
[496] Ep10000: Max 371933 (2381) steps (0.0007 hrs) -nan:-nan 6964 (13) sec
[497] Ep10000: Max 371933 (1896) steps (0.0005 hrs) -nan:-nan 6982 (18) sec
[498] Ep10000: Max 371933 (6825) steps (0.0019 hrs) -nan:-nan 7065 (83) sec
[499] Ep10000: Max 371933 (3119) steps (0.0009 hrs) -nan:-nan 7077 (12) sec
[500] Ep10000: Max 371933 (2598) steps (0.0007 hrs) -nan:-nan 7088 (11) sec
[501] Ep10000: Max 371933 (2909) steps (0.0008 hrs) -nan:-nan 7096 (8) sec
[502] Ep10000: Max 371933 (1953) steps (0.0005 hrs) -nan:-nan 7103 (7) sec
[503] Ep10000: Max 371933 (1100) steps (0.0003 hrs) -nan:-nan 7110 (7) sec
[504] Ep10000: Max 371933 (1256) steps (0.0003 hrs) -nan:-nan 7118 (8) sec
[505] Ep10000: Max 371933 (2201) steps (0.0006 hrs) -nan:-nan 7145 (27) sec
[506] Ep10000: Max 371933 (1476) steps (0.0004 hrs) -nan:-nan 7152 (7) sec
[507] Ep10000: Max 371933 (1036) steps (0.0003 hrs) -nan:-nan 7158 (6) sec
[508] Ep10000: Max 371933 (1706) steps (0.0005 hrs) -nan:-nan 7165 (7) sec
[509] Ep10000: Max 371933 (773) steps (0.0002 hrs) -nan:-nan 7172 (7) sec
[510] Ep10000: Max 371933 (7809) steps (0.0022 hrs) -nan:-nan 7188 (16) sec
[511] Ep10000: Max 371933 (1362) steps (0.0004 hrs) -nan:-nan 7196 (8) sec
[512] Ep10000: Max 371933 (2390) steps (0.0007 hrs) -nan:-nan 7222 (26) sec
[513] Ep10000: Max 371933 (887) steps (0.0002 hrs) -nan:-nan 7228 (6) sec
[514] Ep10000: Max 371933 (3283) steps (0.0009 hrs) -nan:-nan 7252 (24) sec
[515] Ep10000: Max 371933 (3296) steps (0.0009 hrs) -nan:-nan 7278 (26) sec
[516] Ep10000: Max 371933 (1852) steps (0.0005 hrs) -nan:-nan 7303 (25) sec
[517] Ep10000: Max 371933 (1512) steps (0.0004 hrs) -nan:-nan 7312 (9) sec
[518] Ep10000: Max 371933 (2259) steps (0.0006 hrs) -nan:-nan 7337 (25) sec
[519] Ep10000: Max 371933 (2415) steps (0.0007 hrs) -nan:-nan 7346 (9) sec
[520] Ep10000: Max 371933 (1503) steps (0.0004 hrs) -nan:-nan 7353 (7) sec
[521] Ep10000: Max 371933 (1233) steps (0.0003 hrs) -nan:-nan 7361 (8) sec
[522] Ep10000: Max 371933 (2360) steps (0.0007 hrs) -nan:-nan 7372 (11) sec
[523] Ep10000: Max 371933 (1797) steps (0.0005 hrs) -nan:-nan 7380 (8) sec
[524] Ep10000: Max 371933 (3349) steps (0.0009 hrs) -nan:-nan 7402 (22) sec
[525] Ep10000: Max 371933 (9094) steps (0.0025 hrs) -nan:-nan 7483 (81) sec
[526] Ep10000: Max 371933 (1077) steps (0.0003 hrs) -nan:-nan 7491 (8) sec
[527] Ep10000: Max 371933 (3843) steps (0.0011 hrs) -nan:-nan 7519 (28) sec
[528] Ep10000: Max 371933 (1402) steps (0.0004 hrs) -nan:-nan 7529 (10) sec
[529] Ep10000: Max 371933 (2307) steps (0.0006 hrs) -nan:-nan 7539 (10) sec
[530] Ep10000: Max 371933 (2147) steps (0.0006 hrs) -nan:-nan 7561 (22) sec
[531] Ep10000: Max 371933 (2632) steps (0.0007 hrs) -nan:-nan 7586 (25) sec
[532] Ep10000: Max 371933 (1411) steps (0.0004 hrs) -nan:-nan 7593 (7) sec
[533] Ep10000: Max 371933 (6495) steps (0.0018 hrs) -nan:-nan 7619 (26) sec
[534] Ep10000: Max 371933 (2098) steps (0.0006 hrs) -nan:-nan 7635 (16) sec
[535] Ep10000: Max 371933 (1920) steps (0.0005 hrs) -nan:-nan 7642 (7) sec
[536] Ep10000: Max 371933 (526) steps (0.0001 hrs) -nan:-nan 7649 (7) sec
[537] Ep10000: Max 371933 (1998) steps (0.0006 hrs) -nan:-nan 7665 (16) sec
[538] Ep10000: Max 371933 (2754) steps (0.0008 hrs) -nan:-nan 7692 (27) sec
[539] Ep10000: Max 371933 (889) steps (0.0002 hrs) -nan:-nan 7699 (7) sec
[540] Ep10000: Max 371933 (2065) steps (0.0006 hrs) -nan:-nan 7708 (9) sec
[541] Ep10000: Max 371933 (2378) steps (0.0007 hrs) -nan:-nan 7724 (16) sec
[542] Ep10000: Max 371933 (4628) steps (0.0013 hrs) -nan:-nan 7733 (9) sec
[543] Ep10000: Max 371933 (2168) steps (0.0006 hrs) -nan:-nan 7759 (26) sec
[544] Ep10000: Max 371933 (2748) steps (0.0008 hrs) -nan:-nan 7787 (28) sec
[545] Ep10000: Max 371933 (3065) steps (0.0009 hrs) -nan:-nan 7801 (14) sec
[546] Ep10000: Max 371933 (2643) steps (0.0007 hrs) -nan:-nan 7819 (18) sec
[547] Ep10000: Max 371933 (2322) steps (0.0006 hrs) -nan:-nan 7844 (25) sec
[548] Ep10000: Max 371933 (1815) steps (0.0005 hrs) -nan:-nan 7864 (20) sec
[549] Ep10000: Max 371933 (1657) steps (0.0005 hrs) -nan:-nan 7873 (9) sec
[550] Ep10000: Max 371933 (2638) steps (0.0007 hrs) -nan:-nan 7898 (25) sec
[551] Ep10000: Max 371933 (1193) steps (0.0003 hrs) -nan:-nan 7905 (7) sec
[552] Ep10000: Max 371933 (4728) steps (0.0013 hrs) -nan:-nan 7923 (18) sec
[553] Ep10000: Max 371933 (1894) steps (0.0005 hrs) -nan:-nan 7932 (9) sec
[554] Ep10000: Max 371933 (968) steps (0.0003 hrs) -nan:-nan 7938 (6) sec
[555] Ep10000: Max 371933 (3267) steps (0.0009 hrs) -nan:-nan 7965 (27) sec
[556] Ep10000: Max 371933 (977) steps (0.0003 hrs) -nan:-nan 7972 (7) sec
[557] Ep10000: Max 371933 (948) steps (0.0003 hrs) -nan:-nan 7980 (8) sec
[558] Ep10000: Max 371933 (3304) steps (0.0009 hrs) -nan:-nan 7989 (9) sec
[559] Ep10000: Max 371933 (666) steps (0.0002 hrs) -nan:-nan 7996 (7) sec
[560] Ep10000: Max 371933 (2358) steps (0.0007 hrs) -nan:-nan 8020 (24) sec
[561] Ep10000: Max 371933 (2317) steps (0.0006 hrs) -nan:-nan 8047 (27) sec
[562] Ep10000: Max 371933 (2614) steps (0.0007 hrs) -nan:-nan 8070 (23) sec
[563] Ep10000: Max 371933 (2159) steps (0.0006 hrs) -nan:-nan 8096 (26) sec
[564] Ep10000: Max 371933 (2134) steps (0.0006 hrs) -nan:-nan 8109 (13) sec
[565] Ep10000: Max 371933 (1735) steps (0.0005 hrs) -nan:-nan 8134 (25) sec
[566] Ep10000: Max 371933 (1083) steps (0.0003 hrs) -nan:-nan 8143 (9) sec
[567] Ep10000: Max 371933 (2048) steps (0.0006 hrs) -nan:-nan 8153 (10) sec
[568] Ep10000: Max 371933 (7160) steps (0.0020 hrs) -nan:-nan 8169 (16) sec
[569] Ep10000: Max 371933 (2117) steps (0.0006 hrs) -nan:-nan 8196 (27) sec
[570] Ep10000: Max 371933 (1670) steps (0.0005 hrs) -nan:-nan 8208 (12) sec
[571] Ep10000: Max 371933 (1214) steps (0.0003 hrs) -nan:-nan 8215 (7) sec
[572] Ep10000: Max 371933 (2326) steps (0.0006 hrs) -nan:-nan 8228 (13) sec
[573] Ep10000: Max 371933 (2455) steps (0.0007 hrs) -nan:-nan 8239 (11) sec
[574] Ep10000: Max 371933 (1896) steps (0.0005 hrs) -nan:-nan 8247 (8) sec
[575] Ep10000: Max 371933 (899) steps (0.0002 hrs) -nan:-nan 8254 (7) sec
[576] Ep10000: Max 371933 (1483) steps (0.0004 hrs) -nan:-nan 8261 (7) sec
[577] Ep10000: Max 371933 (2426) steps (0.0007 hrs) -nan:-nan 8287 (26) sec
[578] Ep10000: Max 371933 (3909) steps (0.0011 hrs) -nan:-nan 8299 (12) sec
[579] Ep10000: Max 371933 (1702) steps (0.0005 hrs) -nan:-nan 8311 (12) sec
[580] Ep10000: Max 371933 (2290) steps (0.0006 hrs) -nan:-nan 8336 (25) sec
[581] Ep10000: Max 371933 (1516) steps (0.0004 hrs) -nan:-nan 8344 (8) sec
[582] Ep10000: Max 371933 (1516) steps (0.0004 hrs) -nan:-nan 8353 (9) sec
[583] Ep10000: Max 371933 (3175) steps (0.0009 hrs) -nan:-nan 8373 (20) sec
[584] Ep10000: Max 371933 (3109) steps (0.0009 hrs) -nan:-nan 8395 (22) sec
[585] Ep10000: Max 371933 (1838) steps (0.0005 hrs) -nan:-nan 8404 (9) sec
[586] Ep10000: Max 371933 (2927) steps (0.0008 hrs) -nan:-nan 8428 (24) sec
[587] Ep10000: Max 371933 (1949) steps (0.0005 hrs) -nan:-nan 8454 (26) sec
[588] Ep10000: Max 371933 (2122) steps (0.0006 hrs) -nan:-nan 8480 (26) sec
[589] Ep10000: Max 371933 (2366) steps (0.0007 hrs) -nan:-nan 8498 (18) sec
[590] Ep10000: Max 371933 (2146) steps (0.0006 hrs) -nan:-nan 8519 (21) sec
[591] Ep10000: Max 371933 (1514) steps (0.0004 hrs) -nan:-nan 8526 (7) sec
[592] Ep10000: Max 371933 (2172) steps (0.0006 hrs) -nan:-nan 8541 (15) sec
[593] Ep10000: Max 371933 (2442) steps (0.0007 hrs) -nan:-nan 8567 (26) sec
[594] Ep10000: Max 371933 (1414) steps (0.0004 hrs) -nan:-nan 8573 (6) sec
[595] Ep10000: Max 371933 (962) steps (0.0003 hrs) -nan:-nan 8579 (6) sec
[596] Ep10000: Max 371933 (1495) steps (0.0004 hrs) -nan:-nan 8587 (8) sec
[597] Ep10000: Max 371933 (2495) steps (0.0007 hrs) -nan:-nan 8612 (25) sec
[598] Ep10000: Max 371933 (1346) steps (0.0004 hrs) -nan:-nan 8620 (8) sec
[599] Ep10000: Max 371933 (1070) steps (0.0003 hrs) -nan:-nan 8628 (8) sec
[600] Ep10000: Max 371933 (1837) steps (0.0005 hrs) -nan:-nan 8638 (10) sec
[601] Ep10000: Max 371933 (2497) steps (0.0007 hrs) -nan:-nan 8644 (6) sec
[602] Ep10000: Max 371933 (7790) steps (0.0022 hrs) -nan:-nan 8693 (49) sec
[603] Ep10000: Max 371933 (2127) steps (0.0006 hrs) -nan:-nan 8702 (9) sec
[604] Ep10000: Max 371933 (2007) steps (0.0006 hrs) -nan:-nan 8710 (8) sec
[605] Ep10000: Max 371933 (2797) steps (0.0008 hrs) -nan:-nan 8735 (25) sec
[606] Ep10000: Max 1091544 (1091544) steps (0.3032 hrs) -nan:-nan 8808 (73) sec
[607] Ep10000: Max 1091544 (2247) steps (0.0006 hrs) -nan:-nan 8834 (26) sec
[608] Ep10000: Max 1091544 (1164) steps (0.0003 hrs) -nan:-nan 8841 (7) sec
[609] Ep10000: Max 1091544 (1574) steps (0.0004 hrs) -nan:-nan 8847 (6) sec
[610] Ep10000: Max 1091544 (1416) steps (0.0004 hrs) -nan:-nan 8854 (7) sec
[611] Ep10000: Max 1091544 (1114) steps (0.0003 hrs) -nan:-nan 8860 (6) sec
[612] Ep10000: Max 1091544 (1736) steps (0.0005 hrs) -nan:-nan 8871 (11) sec
[613] Ep10000: Max 1091544 (2655) steps (0.0007 hrs) -nan:-nan 8886 (15) sec
[614] Ep10000: Max 1091544 (2511) steps (0.0007 hrs) -nan:-nan 8912 (26) sec
[615] Ep10000: Max 1091544 (1954) steps (0.0005 hrs) -nan:-nan 8921 (9) sec
[616] Ep10000: Max 1091544 (2117) steps (0.0006 hrs) -nan:-nan 8927 (6) sec
[617] Ep10000: Max 1091544 (455) steps (0.0001 hrs) -nan:-nan 8933 (6) sec
[618] Ep10000: Max 1091544 (2177) steps (0.0006 hrs) -nan:-nan 8940 (7) sec
[619] Ep10000: Max 1091544 (2794) steps (0.0008 hrs) -nan:-nan 8963 (23) sec
[620] Ep10000: Max 1091544 (9188) steps (0.0026 hrs) -nan:-nan 9005 (42) sec
[621] Ep10000: Max 1091544 (2845) steps (0.0008 hrs) -nan:-nan 9027 (22) sec
[622] Ep10000: Max 1091544 (3236) steps (0.0009 hrs) -nan:-nan 9050 (23) sec
[623] Ep10000: Max 1091544 (1983) steps (0.0006 hrs) -nan:-nan 9063 (13) sec
[624] Ep10000: Max 1091544 (2229) steps (0.0006 hrs) -nan:-nan 9071 (8) sec
[625] Ep10000: Max 1091544 (3204) steps (0.0009 hrs) -nan:-nan 9097 (26) sec
[626] Ep10000: Max 1091544 (1543) steps (0.0004 hrs) -nan:-nan 9107 (10) sec
[627] Ep10000: Max 1091544 (2766) steps (0.0008 hrs) -nan:-nan 9133 (26) sec
[628] Ep10000: Max 1091544 (5943) steps (0.0017 hrs) -nan:-nan 9158 (25) sec
[629] Ep10000: Max 1091544 (517) steps (0.0001 hrs) -nan:-nan 9164 (6) sec
[630] Ep10000: Max 1091544 (1355) steps (0.0004 hrs) -nan:-nan 9172 (8) sec
[631] Ep10000: Max 1091544 (1861) steps (0.0005 hrs) -nan:-nan 9182 (10) sec
[632] Ep10000: Max 1091544 (4667) steps (0.0013 hrs) -nan:-nan 9193 (11) sec
[633] Ep10000: Max 1091544 (2015) steps (0.0006 hrs) -nan:-nan 9202 (9) sec
[634] Ep10000: Max 1091544 (2298) steps (0.0006 hrs) -nan:-nan 9228 (26) sec
[635] Ep10000: Max 1091544 (1907) steps (0.0005 hrs) -nan:-nan 9236 (8) sec
[636] Ep10000: Max 1091544 (2524) steps (0.0007 hrs) -nan:-nan 9262 (26) sec
[637] Ep10000: Max 1091544 (1558) steps (0.0004 hrs) -nan:-nan 9269 (7) sec
[638] Ep10000: Max 1091544 (8265) steps (0.0023 hrs) -nan:-nan 9294 (25) sec
[639] Ep10000: Max 1091544 (941) steps (0.0003 hrs) -nan:-nan 9300 (6) sec
[640] Ep10000: Max 1091544 (2873) steps (0.0008 hrs) -nan:-nan 9324 (24) sec
[641] Ep10000: Max 1091544 (1479) steps (0.0004 hrs) -nan:-nan 9331 (7) sec
[642] Ep10000: Max 1091544 (1913) steps (0.0005 hrs) -nan:-nan 9352 (21) sec
[643] Ep10000: Max 1091544 (4987) steps (0.0014 hrs) -nan:-nan 9362 (10) sec
[644] Ep10000: Max 1091544 (1212) steps (0.0003 hrs) -nan:-nan 9369 (7) sec
[645] Ep10000: Max 1091544 (1753) steps (0.0005 hrs) -nan:-nan 9382 (13) sec
[646] Ep10000: Max 1091544 (646) steps (0.0002 hrs) -nan:-nan 9389 (7) sec
[647] Ep10000: Max 1091544 (7138) steps (0.0020 hrs) -nan:-nan 9405 (16) sec
[648] Ep10000: Max 1091544 (2549) steps (0.0007 hrs) -nan:-nan 9430 (25) sec
[649] Ep10000: Max 1091544 (2574) steps (0.0007 hrs) -nan:-nan 9450 (20) sec
[650] Ep10000: Max 1091544 (2732) steps (0.0008 hrs) -nan:-nan 9475 (25) sec
[651] Ep10000: Max 1091544 (741) steps (0.0002 hrs) -nan:-nan 9483 (8) sec
[652] Ep10000: Max 1091544 (1259) steps (0.0003 hrs) -nan:-nan 9491 (8) sec
[653] Ep10000: Max 1091544 (2884) steps (0.0008 hrs) -nan:-nan 9514 (23) sec
[654] Ep10000: Max 1091544 (5150) steps (0.0014 hrs) -nan:-nan 9529 (15) sec
[655] Ep10000: Max 1091544 (975) steps (0.0003 hrs) -nan:-nan 9537 (8) sec
[656] Ep10000: Max 1091544 (7888) steps (0.0022 hrs) -nan:-nan 9566 (29) sec
[657] Ep10000: Max 1091544 (1672) steps (0.0005 hrs) -nan:-nan 9573 (7) sec
[658] Ep10000: Max 1091544 (2197) steps (0.0006 hrs) -nan:-nan 9597 (24) sec
[659] Ep10000: Max 1091544 (881) steps (0.0002 hrs) -nan:-nan 9603 (6) sec
[660] Ep10000: Max 1091544 (2813) steps (0.0008 hrs) -nan:-nan 9629 (26) sec
[661] Ep10000: Max 1091544 (1865) steps (0.0005 hrs) -nan:-nan 9640 (11) sec
[662] Ep10000: Max 1091544 (1783) steps (0.0005 hrs) -nan:-nan 9652 (12) sec
[663] Ep10000: Max 1091544 (1926) steps (0.0005 hrs) -nan:-nan 9673 (21) sec
[664] Ep10000: Max 1091544 (2117) steps (0.0006 hrs) -nan:-nan 9684 (11) sec
[665] Ep10000: Max 1091544 (2027) steps (0.0006 hrs) -nan:-nan 9697 (13) sec
[666] Ep10000: Max 1091544 (972) steps (0.0003 hrs) -nan:-nan 9704 (7) sec
[667] Ep10000: Max 1091544 (1419) steps (0.0004 hrs) -nan:-nan 9712 (8) sec
[668] Ep10000: Max 1091544 (2172) steps (0.0006 hrs) -nan:-nan 9736 (24) sec
[669] Ep10000: Max 1091544 (2249) steps (0.0006 hrs) -nan:-nan 9762 (26) sec
[670] Ep10000: Max 1091544 (1776) steps (0.0005 hrs) -nan:-nan 9770 (8) sec
[671] Ep10000: Max 1091544 (2562) steps (0.0007 hrs) -nan:-nan 9796 (26) sec
[672] Ep10000: Max 1091544 (1749) steps (0.0005 hrs) -nan:-nan 9803 (7) sec
[673] Ep10000: Max 1091544 (2379) steps (0.0007 hrs) -nan:-nan 9830 (27) sec
[674] Ep10000: Max 1091544 (6863) steps (0.0019 hrs) -nan:-nan 9903 (73) sec
[675] Ep10000: Max 1091544 (1944) steps (0.0005 hrs) -nan:-nan 9912 (9) sec
[676] Ep10000: Max 1091544 (1761) steps (0.0005 hrs) -nan:-nan 9921 (9) sec
[677] Ep10000: Max 1091544 (1848) steps (0.0005 hrs) -nan:-nan 9931 (10) sec
[678] Ep10000: Max 1091544 (1782) steps (0.0005 hrs) -nan:-nan 9939 (8) sec
[679] Ep10000: Max 1091544 (976) steps (0.0003 hrs) -nan:-nan 9947 (8) sec
[680] Ep10000: Max 1091544 (1865) steps (0.0005 hrs) -nan:-nan 9957 (10) sec
[681] Ep10000: Max 1091544 (2483) steps (0.0007 hrs) -nan:-nan 9983 (26) sec
[682] Ep10000: Max 1091544 (4182) steps (0.0012 hrs) -nan:-nan 9995 (12) sec
[683] Ep10000: Max 1091544 (2282) steps (0.0006 hrs) -nan:-nan 10013 (18) sec
[684] Ep10000: Max 1091544 (4089) steps (0.0011 hrs) -nan:-nan 10027 (14) sec
[685] Ep10000: Max 1091544 (2414) steps (0.0007 hrs) -nan:-nan 10053 (26) sec
[686] Ep10000: Max 1091544 (845) steps (0.0002 hrs) -nan:-nan 10060 (7) sec
[687] Ep10000: Max 1091544 (520) steps (0.0001 hrs) -nan:-nan 10066 (6) sec
[688] Ep10000: Max 1091544 (2306) steps (0.0006 hrs) -nan:-nan 10090 (24) sec
[689] Ep10000: Max 1091544 (1447) steps (0.0004 hrs) -nan:-nan 10098 (8) sec
[690] Ep10000: Max 1091544 (1801) steps (0.0005 hrs) -nan:-nan 10116 (18) sec
[691] Ep10000: Max 1091544 (2884) steps (0.0008 hrs) -nan:-nan 10126 (10) sec
[692] Ep10000: Max 1091544 (1732) steps (0.0005 hrs) -nan:-nan 10134 (8) sec
[693] Ep10000: Max 1091544 (4961) steps (0.0014 hrs) -nan:-nan 10145 (11) sec
[694] Ep10000: Max 1091544 (1490) steps (0.0004 hrs) -nan:-nan 10153 (8) sec
[695] Ep10000: Max 1091544 (2139) steps (0.0006 hrs) -nan:-nan 10179 (26) sec
[696] Ep10000: Max 1091544 (4720) steps (0.0013 hrs) -nan:-nan 10191 (12) sec
[697] Ep10000: Max 1091544 (1288) steps (0.0004 hrs) -nan:-nan 10199 (8) sec
[698] Ep10000: Max 1091544 (850) steps (0.0002 hrs) -nan:-nan 10205 (6) sec
[699] Ep10000: Max 1091544 (2457) steps (0.0007 hrs) -nan:-nan 10232 (27) sec
[700] Ep10000: Max 1091544 (1857) steps (0.0005 hrs) -nan:-nan 10240 (8) sec
[701] Ep10000: Max 1091544 (1321) steps (0.0004 hrs) -nan:-nan 10247 (7) sec
[702] Ep10000: Max 1091544 (2543) steps (0.0007 hrs) -nan:-nan 10263 (16) sec
[703] Ep10000: Max 1091544 (1039) steps (0.0003 hrs) -nan:-nan 10270 (7) sec
[704] Ep10000: Max 1091544 (2258) steps (0.0006 hrs) -nan:-nan 10280 (10) sec
[705] Ep10000: Max 1091544 (1079) steps (0.0003 hrs) -nan:-nan 10285 (5) sec
[706] Ep10000: Max 1091544 (2419) steps (0.0007 hrs) -nan:-nan 10309 (24) sec
[707] Ep10000: Max 1091544 (2309) steps (0.0006 hrs) -nan:-nan 10328 (19) sec
[708] Ep10000: Max 1091544 (4232) steps (0.0012 hrs) -nan:-nan 10348 (20) sec
[709] Ep10000: Max 1091544 (1483) steps (0.0004 hrs) -nan:-nan 10357 (9) sec
[710] Ep10000: Max 1091544 (1421) steps (0.0004 hrs) -nan:-nan 10365 (8) sec
[711] Ep10000: Max 1091544 (1614) steps (0.0004 hrs) -nan:-nan 10373 (8) sec
[712] Ep10000: Max 1091544 (1443) steps (0.0004 hrs) -nan:-nan 10379 (6) sec
[713] Ep10000: Max 1091544 (1569) steps (0.0004 hrs) -nan:-nan 10387 (8) sec
[714] Ep10000: Max 1091544 (1034) steps (0.0003 hrs) -nan:-nan 10395 (8) sec
[715] Ep10000: Max 1091544 (1704) steps (0.0005 hrs) -nan:-nan 10402 (7) sec
[716] Ep10000: Max 1091544 (2673) steps (0.0007 hrs) -nan:-nan 10429 (27) sec
[717] Ep10000: Max 1091544 (2208) steps (0.0006 hrs) -nan:-nan 10447 (18) sec
[718] Ep10000: Max 1091544 (1644) steps (0.0005 hrs) -nan:-nan 10458 (11) sec
[719] Ep10000: Max 1091544 (3031) steps (0.0008 hrs) -nan:-nan 10472 (14) sec
[720] Ep10000: Max 1091544 (1915) steps (0.0005 hrs) -nan:-nan 10483 (11) sec
[721] Ep10000: Max 1091544 (1342) steps (0.0004 hrs) -nan:-nan 10491 (8) sec
[722] Ep10000: Max 1091544 (662) steps (0.0002 hrs) -nan:-nan 10496 (5) sec
[723] Ep10000: Max 1091544 (691) steps (0.0002 hrs) -nan:-nan 10503 (7) sec
[724] Ep10000: Max 1091544 (858) steps (0.0002 hrs) -nan:-nan 10509 (6) sec
[725] Ep10000: Max 1091544 (1209) steps (0.0003 hrs) -nan:-nan 10517 (8) sec
[726] Ep10000: Max 1091544 (1436) steps (0.0004 hrs) -nan:-nan 10524 (7) sec
[727] Ep10000: Max 1091544 (1323) steps (0.0004 hrs) -nan:-nan 10532 (8) sec
[728] Ep10000: Max 1091544 (1895) steps (0.0005 hrs) -nan:-nan 10545 (13) sec
[729] Ep10000: Max 1091544 (1513) steps (0.0004 hrs) -nan:-nan 10552 (7) sec
[730] Ep10000: Max 1091544 (931) steps (0.0003 hrs) -nan:-nan 10559 (7) sec
[731] Ep10000: Max 1091544 (1713) steps (0.0005 hrs) -nan:-nan 10566 (7) sec
[732] Ep10000: Max 1091544 (1398) steps (0.0004 hrs) -nan:-nan 10573 (7) sec
[733] Ep10000: Max 1091544 (1521) steps (0.0004 hrs) -nan:-nan 10580 (7) sec
[734] Ep10000: Max 1091544 (2653) steps (0.0007 hrs) -nan:-nan 10588 (8) sec
[735] Ep10000: Max 1091544 (1135) steps (0.0003 hrs) -nan:-nan 10596 (8) sec
[736] Ep10000: Max 1091544 (2552) steps (0.0007 hrs) -nan:-nan 10613 (17) sec
[737] Ep10000: Max 1091544 (958) steps (0.0003 hrs) -nan:-nan 10620 (7) sec
[738] Ep10000: Max 1091544 (2727) steps (0.0008 hrs) -nan:-nan 10643 (23) sec
[739] Ep10000: Max 1091544 (1680) steps (0.0005 hrs) -nan:-nan 10655 (12) sec
[740] Ep10000: Max 1091544 (2614) steps (0.0007 hrs) -nan:-nan 10680 (25) sec
[741] Ep10000: Max 1091544 (1526) steps (0.0004 hrs) -nan:-nan 10690 (10) sec
[742] Ep10000: Max 1091544 (2710) steps (0.0008 hrs) -nan:-nan 10714 (24) sec
[743] Ep10000: Max 1091544 (2007) steps (0.0006 hrs) -nan:-nan 10741 (27) sec
[744] Ep10000: Max 1091544 (2366) steps (0.0007 hrs) -nan:-nan 10753 (12) sec
[745] Ep10000: Max 1091544 (3174) steps (0.0009 hrs) -nan:-nan 10765 (12) sec
[746] Ep10000: Max 1091544 (9572) steps (0.0027 hrs) -nan:-nan 10816 (51) sec
[747] Ep10000: Max 1091544 (6328) steps (0.0018 hrs) -nan:-nan 10833 (17) sec
[748] Ep10000: Max 1091544 (2812) steps (0.0008 hrs) -nan:-nan 10852 (19) sec
[749] Ep10000: Max 1091544 (552) steps (0.0002 hrs) -nan:-nan 10859 (7) sec
[750] Ep10000: Max 1091544 (1265) steps (0.0004 hrs) -nan:-nan 10866 (7) sec
[751] Ep10000: Max 1091544 (2369) steps (0.0007 hrs) -nan:-nan 10893 (27) sec
[752] Ep10000: Max 1091544 (1965) steps (0.0005 hrs) -nan:-nan 10914 (21) sec
[753] Ep10000: Max 1091544 (3154) steps (0.0009 hrs) -nan:-nan 10939 (25) sec
[754] Ep10000: Max 1091544 (3227) steps (0.0009 hrs) -nan:-nan 10966 (27) sec
[755] Ep10000: Max 1091544 (2166) steps (0.0006 hrs) -nan:-nan 10982 (16) sec
[756] Ep10000: Max 1091544 (2323) steps (0.0006 hrs) -nan:-nan 10989 (7) sec
[757] Ep10000: Max 1091544 (2130) steps (0.0006 hrs) -nan:-nan 11011 (22) sec
[758] Ep10000: Max 1091544 (2427) steps (0.0007 hrs) -nan:-nan 11021 (10) sec
[759] Ep10000: Max 1091544 (1100) steps (0.0003 hrs) -nan:-nan 11028 (7) sec
[760] Ep10000: Max 1091544 (2235) steps (0.0006 hrs) -nan:-nan 11055 (27) sec
[761] Ep10000: Max 1091544 (2356) steps (0.0007 hrs) -nan:-nan 11081 (26) sec
[762] Ep10000: Max 1091544 (2707) steps (0.0008 hrs) -nan:-nan 11089 (8) sec
[763] Ep10000: Max 1091544 (822) steps (0.0002 hrs) -nan:-nan 11096 (7) sec
[764] Ep10000: Max 1091544 (2429) steps (0.0007 hrs) -nan:-nan 11105 (9) sec
[765] Ep10000: Max 1091544 (2070) steps (0.0006 hrs) -nan:-nan 11119 (14) sec
[766] Ep10000: Max 1091544 (3146) steps (0.0009 hrs) -nan:-nan 11144 (25) sec
[767] Ep10000: Max 1091544 (1085) steps (0.0003 hrs) -nan:-nan 11150 (6) sec
[768] Ep10000: Max 1091544 (1848) steps (0.0005 hrs) -nan:-nan 11159 (9) sec
[769] Ep10000: Max 1091544 (2318) steps (0.0006 hrs) -nan:-nan 11183 (24) sec
[770] Ep10000: Max 1091544 (1222) steps (0.0003 hrs) -nan:-nan 11189 (6) sec
[771] Ep10000: Max 1091544 (3746) steps (0.0010 hrs) -nan:-nan 11214 (25) sec
[772] Ep10000: Max 1091544 (1536) steps (0.0004 hrs) -nan:-nan 11222 (8) sec
[773] Ep10000: Max 1091544 (890) steps (0.0002 hrs) -nan:-nan 11229 (7) sec
[774] Ep10000: Max 1091544 (2237) steps (0.0006 hrs) -nan:-nan 11238 (9) sec
[775] Ep10000: Max 1091544 (2685) steps (0.0007 hrs) -nan:-nan 11263 (25) sec
[776] Ep10000: Max 1091544 (1598) steps (0.0004 hrs) -nan:-nan 11270 (7) sec
[777] Ep10000: Max 1091544 (2085) steps (0.0006 hrs) -nan:-nan 11297 (27) sec
[778] Ep10000: Max 1091544 (1779) steps (0.0005 hrs) -nan:-nan 11307 (10) sec
[779] Ep10000: Max 1091544 (1169) steps (0.0003 hrs) -nan:-nan 11315 (8) sec
[780] Ep10000: Max 1091544 (2528) steps (0.0007 hrs) -nan:-nan 11342 (27) sec
[781] Ep10000: Max 1091544 (2493) steps (0.0007 hrs) -nan:-nan 11369 (27) sec
[782] Ep10000: Max 1091544 (1938) steps (0.0005 hrs) -nan:-nan 11386 (17) sec
[783] Ep10000: Max 1091544 (1001) steps (0.0003 hrs) -nan:-nan 11393 (7) sec
[784] Ep10000: Max 1091544 (1590) steps (0.0004 hrs) -nan:-nan 11403 (10) sec
[785] Ep10000: Max 1091544 (5050) steps (0.0014 hrs) -nan:-nan 11416 (13) sec
[786] Ep10000: Max 1091544 (1395) steps (0.0004 hrs) -nan:-nan 11424 (8) sec
[787] Ep10000: Max 1091544 (1136) steps (0.0003 hrs) -nan:-nan 11430 (6) sec
[788] Ep10000: Max 1091544 (9486) steps (0.0026 hrs) -nan:-nan 11528 (98) sec
[789] Ep10000: Max 1091544 (1416) steps (0.0004 hrs) -nan:-nan 11536 (8) sec
[790] Ep10000: Max 1091544 (2356) steps (0.0007 hrs) -nan:-nan 11562 (26) sec
[791] Ep10000: Max 1091544 (2184) steps (0.0006 hrs) -nan:-nan 11588 (26) sec
[792] Ep10000: Max 1091544 (2020) steps (0.0006 hrs) -nan:-nan 11599 (11) sec
[793] Ep10000: Max 1091544 (2075) steps (0.0006 hrs) -nan:-nan 11623 (24) sec
[794] Ep10000: Max 1091544 (3146) steps (0.0009 hrs) -nan:-nan 11634 (11) sec
[795] Ep10000: Max 1091544 (1518) steps (0.0004 hrs) -nan:-nan 11641 (7) sec
[796] Ep10000: Max 1091544 (1670) steps (0.0005 hrs) -nan:-nan 11652 (11) sec
[797] Ep10000: Max 1091544 (2117) steps (0.0006 hrs) -nan:-nan 11678 (26) sec
[798] Ep10000: Max 1091544 (1909) steps (0.0005 hrs) -nan:-nan 11687 (9) sec
[799] Ep10000: Max 1091544 (2578) steps (0.0007 hrs) -nan:-nan 11696 (9) sec
[800] Ep10000: Max 1091544 (1989) steps (0.0006 hrs) -nan:-nan 11704 (8) sec
[801] Ep10000: Max 1091544 (890) steps (0.0002 hrs) -nan:-nan 11711 (7) sec
[802] Ep10000: Max 1091544 (2233) steps (0.0006 hrs) -nan:-nan 11737 (26) sec
[803] Ep10000: Max 1091544 (3233) steps (0.0009 hrs) -nan:-nan 11744 (7) sec
[804] Ep10000: Max 1091544 (2545) steps (0.0007 hrs) -nan:-nan 11769 (25) sec
[805] Ep10000: Max 1091544 (1779) steps (0.0005 hrs) -nan:-nan 11782 (13) sec
[806] Ep10000: Max 1091544 (2521) steps (0.0007 hrs) -nan:-nan 11809 (27) sec
[807] Ep10000: Max 1091544 (2276) steps (0.0006 hrs) -nan:-nan 11816 (7) sec
[808] Ep10000: Max 1091544 (1762) steps (0.0005 hrs) -nan:-nan 11830 (14) sec
[809] Ep10000: Max 1091544 (1648) steps (0.0005 hrs) -nan:-nan 11840 (10) sec
[810] Ep10000: Max 1091544 (3852) steps (0.0011 hrs) -nan:-nan 11862 (22) sec
[811] Ep10000: Max 1091544 (1122) steps (0.0003 hrs) -nan:-nan 11868 (6) sec
[812] Ep10000: Max 1091544 (1973) steps (0.0005 hrs) -nan:-nan 11890 (22) sec
[813] Ep10000: Max 1091544 (2695) steps (0.0007 hrs) -nan:-nan 11913 (23) sec
[814] Ep10000: Max 1091544 (2009) steps (0.0006 hrs) -nan:-nan 11940 (27) sec
[815] Ep10000: Max 1091544 (1226) steps (0.0003 hrs) -nan:-nan 11947 (7) sec
[816] Ep10000: Max 1091544 (2540) steps (0.0007 hrs) -nan:-nan 11967 (20) sec
[817] Ep10000: Max 1091544 (2083) steps (0.0006 hrs) -nan:-nan 11975 (8) sec
[818] Ep10000: Max 1091544 (2619) steps (0.0007 hrs) -nan:-nan 12000 (25) sec
[819] Ep10000: Max 1091544 (2099) steps (0.0006 hrs) -nan:-nan 12023 (23) sec
[820] Ep10000: Max 1091544 (2626) steps (0.0007 hrs) -nan:-nan 12031 (8) sec
[821] Ep10000: Max 1091544 (2322) steps (0.0006 hrs) -nan:-nan 12058 (27) sec
[822] Ep10000: Max 1091544 (1613) steps (0.0004 hrs) -nan:-nan 12067 (9) sec
[823] Ep10000: Max 1091544 (2460) steps (0.0007 hrs) -nan:-nan 12077 (10) sec
[824] Ep10000: Max 1091544 (3284) steps (0.0009 hrs) -nan:-nan 12103 (26) sec
[825] Ep10000: Max 1091544 (3074) steps (0.0009 hrs) -nan:-nan 12129 (26) sec
[826] Ep10000: Max 1091544 (2231) steps (0.0006 hrs) -nan:-nan 12153 (24) sec
[827] Ep10000: Max 1091544 (2176) steps (0.0006 hrs) -nan:-nan 12178 (25) sec
[828] Ep10000: Max 1091544 (1915) steps (0.0005 hrs) -nan:-nan 12187 (9) sec
[829] Ep10000: Max 1091544 (2995) steps (0.0008 hrs) -nan:-nan 12213 (26) sec
[830] Ep10000: Max 1091544 (2420) steps (0.0007 hrs) -nan:-nan 12235 (22) sec
[831] Ep10000: Max 1091544 (2618) steps (0.0007 hrs) -nan:-nan 12245 (10) sec
[832] Ep10000: Max 1091544 (1788) steps (0.0005 hrs) -nan:-nan 12251 (6) sec
[833] Ep10000: Max 1091544 (3184) steps (0.0009 hrs) -nan:-nan 12276 (25) sec
[834] Ep10000: Max 1091544 (2619) steps (0.0007 hrs) -nan:-nan 12301 (25) sec
[835] Ep10000: Max 1091544 (1569) steps (0.0004 hrs) -nan:-nan 12308 (7) sec
[836] Ep10000: Max 1091544 (2209) steps (0.0006 hrs) -nan:-nan 12316 (8) sec
[837] Ep10000: Max 1091544 (2325) steps (0.0006 hrs) -nan:-nan 12342 (26) sec
[838] Ep10000: Max 1091544 (1870) steps (0.0005 hrs) -nan:-nan 12356 (14) sec
[839] Ep10000: Max 1091544 (1113) steps (0.0003 hrs) -nan:-nan 12363 (7) sec
[840] Ep10000: Max 1091544 (2005) steps (0.0006 hrs) -nan:-nan 12371 (8) sec
[841] Ep10000: Max 1091544 (1269) steps (0.0004 hrs) -nan:-nan 12378 (7) sec
[842] Ep10000: Max 1091544 (327) steps (0.0001 hrs) -nan:-nan 12384 (6) sec
[843] Ep10000: Max 1091544 (2228) steps (0.0006 hrs) -nan:-nan 12405 (21) sec
[844] Ep10000: Max 1091544 (1497) steps (0.0004 hrs) -nan:-nan 12412 (7) sec
[845] Ep10000: Max 1091544 (2569) steps (0.0007 hrs) -nan:-nan 12437 (25) sec
[846] Ep10000: Max 1091544 (725) steps (0.0002 hrs) -nan:-nan 12444 (7) sec
[847] Ep10000: Max 1091544 (2097) steps (0.0006 hrs) -nan:-nan 12457 (13) sec
[848] Ep10000: Max 1091544 (1990) steps (0.0006 hrs) -nan:-nan 12482 (25) sec
[849] Ep10000: Max 1091544 (1060) steps (0.0003 hrs) -nan:-nan 12490 (8) sec
[850] Ep10000: Max 1091544 (7422) steps (0.0021 hrs) -nan:-nan 12501 (11) sec
[851] Ep10000: Max 1091544 (3888) steps (0.0011 hrs) -nan:-nan 12515 (14) sec
[852] Ep10000: Max 1091544 (1027) steps (0.0003 hrs) -nan:-nan 12524 (9) sec
[853] Ep10000: Max 1091544 (1354) steps (0.0004 hrs) -nan:-nan 12532 (8) sec
[854] Ep10000: Max 1091544 (990) steps (0.0003 hrs) -nan:-nan 12538 (6) sec
[855] Ep10000: Max 1091544 (1639) steps (0.0005 hrs) -nan:-nan 12547 (9) sec
[856] Ep10000: Max 1091544 (625) steps (0.0002 hrs) -nan:-nan 12554 (7) sec
[857] Ep10000: Max 1091544 (2286) steps (0.0006 hrs) -nan:-nan 12566 (12) sec
[858] Ep10000: Max 1091544 (2187) steps (0.0006 hrs) -nan:-nan 12574 (8) sec
[859] Ep10000: Max 1091544 (1566) steps (0.0004 hrs) -nan:-nan 12582 (8) sec
[860] Ep10000: Max 1091544 (1652) steps (0.0005 hrs) -nan:-nan 12592 (10) sec
[861] Ep10000: Max 1091544 (696) steps (0.0002 hrs) -nan:-nan 12599 (7) sec
[862] Ep10000: Max 1091544 (2541) steps (0.0007 hrs) -nan:-nan 12623 (24) sec
[863] Ep10000: Max 1091544 (3253) steps (0.0009 hrs) -nan:-nan 12648 (25) sec
[864] Ep10000: Max 1091544 (2608) steps (0.0007 hrs) -nan:-nan 12673 (25) sec
[865] Ep10000: Max 1091544 (1129) steps (0.0003 hrs) -nan:-nan 12680 (7) sec
[866] Ep10000: Max 1091544 (2112) steps (0.0006 hrs) -nan:-nan 12691 (11) sec
[867] Ep10000: Max 1091544 (2147) steps (0.0006 hrs) -nan:-nan 12717 (26) sec
[868] Ep10000: Max 1091544 (4331) steps (0.0012 hrs) -nan:-nan 12732 (15) sec
[869] Ep10000: Max 1091544 (681) steps (0.0002 hrs) -nan:-nan 12739 (7) sec
[870] Ep10000: Max 1091544 (2394) steps (0.0007 hrs) -nan:-nan 12764 (25) sec
[871] Ep10000: Max 1091544 (1566) steps (0.0004 hrs) -nan:-nan 12773 (9) sec
[872] Ep10000: Max 1091544 (2277) steps (0.0006 hrs) -nan:-nan 12800 (27) sec
[873] Ep10000: Max 1091544 (318) steps (0.0001 hrs) -nan:-nan 12806 (6) sec
[874] Ep10000: Max 1091544 (2934) steps (0.0008 hrs) -nan:-nan 12816 (10) sec
[875] Ep10000: Max 1091544 (1652) steps (0.0005 hrs) -nan:-nan 12823 (7) sec
[876] Ep10000: Max 1091544 (394) steps (0.0001 hrs) -nan:-nan 12829 (6) sec
[877] Ep10000: Max 1091544 (1637) steps (0.0005 hrs) -nan:-nan 12837 (8) sec
[878] Ep10000: Max 1091544 (3233) steps (0.0009 hrs) -nan:-nan 12864 (27) sec
[879] Ep10000: Max 1091544 (1742) steps (0.0005 hrs) -nan:-nan 12881 (17) sec
[880] Ep10000: Max 1091544 (3104) steps (0.0009 hrs) -nan:-nan 12903 (22) sec
[881] Ep10000: Max 1091544 (1812) steps (0.0005 hrs) -nan:-nan 12913 (10) sec
[882] Ep10000: Max 1091544 (2123) steps (0.0006 hrs) -nan:-nan 12938 (25) sec
[883] Ep10000: Max 1091544 (1705) steps (0.0005 hrs) -nan:-nan 12948 (10) sec
[884] Ep10000: Max 1091544 (1739) steps (0.0005 hrs) -nan:-nan 12974 (26) sec
[885] Ep10000: Max 1091544 (781) steps (0.0002 hrs) -nan:-nan 12982 (8) sec
[886] Ep10000: Max 1091544 (1857) steps (0.0005 hrs) -nan:-nan 12992 (10) sec
[887] Ep10000: Max 1091544 (2074) steps (0.0006 hrs) -nan:-nan 13017 (25) sec
[888] Ep10000: Max 1091544 (1649) steps (0.0005 hrs) -nan:-nan 13026 (9) sec
[889] Ep10000: Max 1091544 (929) steps (0.0003 hrs) -nan:-nan 13034 (8) sec
[890] Ep10000: Max 1091544 (2679) steps (0.0007 hrs) -nan:-nan 13060 (26) sec
[891] Ep10000: Max 1091544 (2250) steps (0.0006 hrs) -nan:-nan 13085 (25) sec
[892] Ep10000: Max 1091544 (3284) steps (0.0009 hrs) -nan:-nan 13100 (15) sec
[893] Ep10000: Max 1091544 (1672) steps (0.0005 hrs) -nan:-nan 13109 (9) sec
[894] Ep10000: Max 1091544 (5690) steps (0.0016 hrs) -nan:-nan 13133 (24) sec
[895] Ep10000: Max 1091544 (3672) steps (0.0010 hrs) -nan:-nan 13142 (9) sec
[896] Ep10000: Max 1091544 (1559) steps (0.0004 hrs) -nan:-nan 13149 (7) sec
[897] Ep10000: Max 1091544 (1116) steps (0.0003 hrs) -nan:-nan 13157 (8) sec
[898] Ep10000: Max 1091544 (735) steps (0.0002 hrs) -nan:-nan 13164 (7) sec
[899] Ep10000: Max 1091544 (2719) steps (0.0008 hrs) -nan:-nan 13174 (10) sec
[900] Ep10000: Max 1091544 (764) steps (0.0002 hrs) -nan:-nan 13181 (7) sec
[901] Ep10000: Max 1091544 (3103) steps (0.0009 hrs) -nan:-nan 13205 (24) sec
[902] Ep10000: Max 1091544 (740) steps (0.0002 hrs) -nan:-nan 13212 (7) sec
[903] Ep10000: Max 1091544 (1843) steps (0.0005 hrs) -nan:-nan 13217 (5) sec
[904] Ep10000: Max 1091544 (2336) steps (0.0006 hrs) -nan:-nan 13243 (26) sec
[905] Ep10000: Max 1091544 (965) steps (0.0003 hrs) -nan:-nan 13249 (6) sec
[906] Ep10000: Max 1091544 (1895) steps (0.0005 hrs) -nan:-nan 13271 (22) sec
[907] Ep10000: Max 1091544 (2159) steps (0.0006 hrs) -nan:-nan 13278 (7) sec
[908] Ep10000: Max 1091544 (1602) steps (0.0004 hrs) -nan:-nan 13289 (11) sec
[909] Ep10000: Max 1091544 (8443) steps (0.0023 hrs) -nan:-nan 13321 (32) sec
[910] Ep10000: Max 1091544 (2853) steps (0.0008 hrs) -nan:-nan 13330 (9) sec
[911] Ep10000: Max 1091544 (2076) steps (0.0006 hrs) -nan:-nan 13346 (16) sec
[912] Ep10000: Max 1091544 (1568) steps (0.0004 hrs) -nan:-nan 13354 (8) sec
[913] Ep10000: Max 1091544 (2245) steps (0.0006 hrs) -nan:-nan 13380 (26) sec
[914] Ep10000: Max 1091544 (4083) steps (0.0011 hrs) -nan:-nan 13405 (25) sec
[915] Ep10000: Max 1091544 (1467) steps (0.0004 hrs) -nan:-nan 13413 (8) sec
[916] Ep10000: Max 1091544 (2081) steps (0.0006 hrs) -nan:-nan 13437 (24) sec
[917] Ep10000: Max 1091544 (3053) steps (0.0008 hrs) -nan:-nan 13454 (17) sec
[918] Ep10000: Max 1091544 (1565) steps (0.0004 hrs) -nan:-nan 13462 (8) sec
[919] Ep10000: Max 1091544 (1472) steps (0.0004 hrs) -nan:-nan 13470 (8) sec
[920] Ep10000: Max 1091544 (1449) steps (0.0004 hrs) -nan:-nan 13477 (7) sec
[921] Ep10000: Max 1091544 (2330) steps (0.0006 hrs) -nan:-nan 13504 (27) sec
[922] Ep10000: Max 1091544 (1483) steps (0.0004 hrs) -nan:-nan 13513 (9) sec
[923] Ep10000: Max 1091544 (2667) steps (0.0007 hrs) -nan:-nan 13537 (24) sec
[924] Ep10000: Max 1091544 (3235) steps (0.0009 hrs) -nan:-nan 13562 (25) sec
[925] Ep10000: Max 1091544 (1194) steps (0.0003 hrs) -nan:-nan 13570 (8) sec
[926] Ep10000: Max 1091544 (3107) steps (0.0009 hrs) -nan:-nan 13596 (26) sec
[927] Ep10000: Max 1091544 (2420) steps (0.0007 hrs) -nan:-nan 13624 (28) sec
[928] Ep10000: Max 1091544 (1997) steps (0.0006 hrs) -nan:-nan 13633 (9) sec
[929] Ep10000: Max 1091544 (2631) steps (0.0007 hrs) -nan:-nan 13659 (26) sec
[930] Ep10000: Max 1091544 (2272) steps (0.0006 hrs) -nan:-nan 13667 (8) sec
[931] Ep10000: Max 1091544 (3330) steps (0.0009 hrs) -nan:-nan 13690 (23) sec
[932] Ep10000: Max 1091544 (1961) steps (0.0005 hrs) -nan:-nan 13696 (6) sec
[933] Ep10000: Max 1091544 (2081) steps (0.0006 hrs) -nan:-nan 13711 (15) sec
[934] Ep10000: Max 1091544 (720) steps (0.0002 hrs) -nan:-nan 13717 (6) sec
[935] Ep10000: Max 1091544 (677) steps (0.0002 hrs) -nan:-nan 13725 (8) sec
[936] Ep10000: Max 1091544 (1330) steps (0.0004 hrs) -nan:-nan 13731 (6) sec
[937] Ep10000: Max 1091544 (2479) steps (0.0007 hrs) -nan:-nan 13754 (23) sec
[938] Ep10000: Max 1091544 (1255) steps (0.0003 hrs) -nan:-nan 13761 (7) sec
[939] Ep10000: Max 1091544 (2659) steps (0.0007 hrs) -nan:-nan 13786 (25) sec
[940] Ep10000: Max 1091544 (2549) steps (0.0007 hrs) -nan:-nan 13813 (27) sec
[941] Ep10000: Max 1091544 (2241) steps (0.0006 hrs) -nan:-nan 13839 (26) sec
[942] Ep10000: Max 1091544 (2362) steps (0.0007 hrs) -nan:-nan 13859 (20) sec
[943] Ep10000: Max 1091544 (2139) steps (0.0006 hrs) -nan:-nan 13882 (23) sec
[944] Ep10000: Max 1091544 (1998) steps (0.0006 hrs) -nan:-nan 13900 (18) sec
[945] Ep10000: Max 1091544 (2915) steps (0.0008 hrs) -nan:-nan 13910 (10) sec
[946] Ep10000: Max 1091544 (10562) steps (0.0029 hrs) -nan:-nan 13928 (18) sec
[947] Ep10000: Max 1091544 (1653) steps (0.0005 hrs) -nan:-nan 13938 (10) sec
[948] Ep10000: Max 1091544 (18460) steps (0.0051 hrs) -nan:-nan 13993 (55) sec
[949] Ep10000: Max 1091544 (2843) steps (0.0008 hrs) -nan:-nan 14019 (26) sec
[950] Ep10000: Max 1091544 (1007) steps (0.0003 hrs) -nan:-nan 14025 (6) sec
[951] Ep10000: Max 1091544 (2456) steps (0.0007 hrs) -nan:-nan 14052 (27) sec
[952] Ep10000: Max 1091544 (2144) steps (0.0006 hrs) -nan:-nan 14067 (15) sec
[953] Ep10000: Max 1091544 (1235) steps (0.0003 hrs) -nan:-nan 14075 (8) sec
[954] Ep10000: Max 1091544 (1920) steps (0.0005 hrs) -nan:-nan 14086 (11) sec
[955] Ep10000: Max 1091544 (1952) steps (0.0005 hrs) -nan:-nan 14112 (26) sec
[956] Ep10000: Max 1091544 (3010) steps (0.0008 hrs) -nan:-nan 14121 (9) sec
[957] Ep10000: Max 1091544 (2157) steps (0.0006 hrs) -nan:-nan 14144 (23) sec
[958] Ep10000: Max 1091544 (1012) steps (0.0003 hrs) -nan:-nan 14153 (9) sec
[959] Ep10000: Max 1091544 (2577) steps (0.0007 hrs) -nan:-nan 14161 (8) sec
[960] Ep10000: Max 1091544 (2692) steps (0.0007 hrs) -nan:-nan 14188 (27) sec
[961] Ep10000: Max 1091544 (2026) steps (0.0006 hrs) -nan:-nan 14196 (8) sec
[962] Ep10000: Max 1091544 (1742) steps (0.0005 hrs) -nan:-nan 14206 (10) sec
[963] Ep10000: Max 1091544 (1659) steps (0.0005 hrs) -nan:-nan 14215 (9) sec
[964] Ep10000: Max 1091544 (3833) steps (0.0011 hrs) -nan:-nan 14241 (26) sec
[965] Ep10000: Max 1091544 (2819) steps (0.0008 hrs) -nan:-nan 14270 (29) sec
[966] Ep10000: Max 1091544 (772) steps (0.0002 hrs) -nan:-nan 14278 (8) sec
[967] Ep10000: Max 1091544 (972) steps (0.0003 hrs) -nan:-nan 14287 (9) sec
[968] Ep10000: Max 1091544 (1770) steps (0.0005 hrs) -nan:-nan 14300 (13) sec
[969] Ep10000: Max 1091544 (2689) steps (0.0007 hrs) -nan:-nan 14326 (26) sec
[970] Ep10000: Max 1091544 (1767) steps (0.0005 hrs) -nan:-nan 14337 (11) sec
[971] Ep10000: Max 1091544 (2824) steps (0.0008 hrs) -nan:-nan 14361 (24) sec
[972] Ep10000: Max 1091544 (1955) steps (0.0005 hrs) -nan:-nan 14372 (11) sec
[973] Ep10000: Max 1091544 (835) steps (0.0002 hrs) -nan:-nan 14380 (8) sec
[974] Ep10000: Max 1091544 (3431) steps (0.0010 hrs) -nan:-nan 14390 (10) sec
[975] Ep10000: Max 1091544 (1763) steps (0.0005 hrs) -nan:-nan 14400 (10) sec
[976] Ep10000: Max 1091544 (2145) steps (0.0006 hrs) -nan:-nan 14421 (21) sec
[977] Ep10000: Max 1091544 (2368) steps (0.0007 hrs) -nan:-nan 14450 (29) sec
[978] Ep10000: Max 1091544 (3166) steps (0.0009 hrs) -nan:-nan 14478 (28) sec
[979] Ep10000: Max 1091544 (3366) steps (0.0009 hrs) -nan:-nan 14504 (26) sec
[980] Ep10000: Max 1091544 (2490) steps (0.0007 hrs) -nan:-nan 14531 (27) sec
[981] Ep10000: Max 1091544 (3138) steps (0.0009 hrs) -nan:-nan 14554 (23) sec
[982] Ep10000: Max 1091544 (6396) steps (0.0018 hrs) -nan:-nan 14578 (24) sec
[983] Ep10000: Max 1091544 (1600) steps (0.0004 hrs) -nan:-nan 14585 (7) sec
[984] Ep10000: Max 1091544 (3594) steps (0.0010 hrs) -nan:-nan 14611 (26) sec
[985] Ep10000: Max 1091544 (2900) steps (0.0008 hrs) -nan:-nan 14627 (16) sec
[986] Ep10000: Max 1091544 (2146) steps (0.0006 hrs) -nan:-nan 14653 (26) sec
[987] Ep10000: Max 1091544 (2346) steps (0.0007 hrs) -nan:-nan 14679 (26) sec
[988] Ep10000: Max 1091544 (2626) steps (0.0007 hrs) -nan:-nan 14704 (25) sec
[989] Ep10000: Max 1091544 (2021) steps (0.0006 hrs) -nan:-nan 14721 (17) sec
[990] Ep10000: Max 1091544 (3107) steps (0.0009 hrs) -nan:-nan 14748 (27) sec
[991] Ep10000: Max 1091544 (996) steps (0.0003 hrs) -nan:-nan 14756 (8) sec
[992] Ep10000: Max 1091544 (3399) steps (0.0009 hrs) -nan:-nan 14780 (24) sec
[993] Ep10000: Max 1091544 (1619) steps (0.0004 hrs) -nan:-nan 14789 (9) sec
[994] Ep10000: Max 1091544 (2447) steps (0.0007 hrs) -nan:-nan 14804 (15) sec
[995] Ep10000: Max 1091544 (1386) steps (0.0004 hrs) -nan:-nan 14813 (9) sec
[996] Ep10000: Max 1091544 (1671) steps (0.0005 hrs) -nan:-nan 14822 (9) sec
[997] Ep10000: Max 1091544 (2340) steps (0.0007 hrs) -nan:-nan 14850 (28) sec
[998] Ep10000: Max 1091544 (1569) steps (0.0004 hrs) -nan:-nan 14859 (9) sec
[999] Ep10000: Max 1091544 (7451) steps (0.0021 hrs) -nan:-nan 14877 (18) sec
[1000] Ep10000: Max 1091544 (1833) steps (0.0005 hrs) -nan:-nan 14893 (16) sec
Total Elapsed time: 14893 seconds
Wrote current data to latest.train
