balanced 0 test_flag 0
[1] Ep10000: Max 1907 (1907) steps (0.0005 hrs) -nan:-nan 33 (33) sec
[2] Ep10000: Max 2196 (2196) steps (0.0006 hrs) -nan:-nan 63 (30) sec
[3] Ep10000: Max 2435 (2435) steps (0.0007 hrs) -nan:-nan 92 (29) sec
[4] Ep10000: Max 2435 (2406) steps (0.0007 hrs) -nan:-nan 114 (22) sec
[5] Ep10000: Max 2435 (2247) steps (0.0006 hrs) -nan:-nan 144 (30) sec
[6] Ep10000: Max 2435 (1931) steps (0.0005 hrs) -nan:-nan 172 (28) sec
[7] Ep10000: Max 2435 (2073) steps (0.0006 hrs) -nan:-nan 199 (27) sec
[8] Ep10000: Max 2435 (2088) steps (0.0006 hrs) -nan:-nan 230 (31) sec
[9] Ep10000: Max 2435 (2074) steps (0.0006 hrs) -nan:-nan 258 (28) sec
[10] Ep10000: Max 2479 (2479) steps (0.0007 hrs) -nan:-nan 287 (29) sec
[11] Ep10000: Max 2479 (2153) steps (0.0006 hrs) -nan:-nan 317 (30) sec
[12] Ep10000: Max 2479 (2458) steps (0.0007 hrs) -nan:-nan 344 (27) sec
[13] Ep10000: Max 2479 (1979) steps (0.0005 hrs) -nan:-nan 364 (20) sec
[14] Ep10000: Max 2479 (2151) steps (0.0006 hrs) -nan:-nan 392 (28) sec
[15] Ep10000: Max 2479 (1730) steps (0.0005 hrs) -nan:-nan 409 (17) sec
[16] Ep10000: Max 2479 (2409) steps (0.0007 hrs) -nan:-nan 433 (24) sec
[17] Ep10000: Max 2479 (2033) steps (0.0006 hrs) -nan:-nan 457 (24) sec
[18] Ep10000: Max 2479 (1644) steps (0.0005 hrs) -nan:-nan 476 (19) sec
[19] Ep10000: Max 2479 (2457) steps (0.0007 hrs) -nan:-nan 503 (27) sec
[20] Ep10000: Max 2479 (2015) steps (0.0006 hrs) -nan:-nan 530 (27) sec
[21] Ep10000: Max 2479 (1864) steps (0.0005 hrs) -nan:-nan 561 (31) sec
[22] Ep10000: Max 2479 (2040) steps (0.0006 hrs) -nan:-nan 593 (32) sec
[23] Ep10000: Max 2479 (2227) steps (0.0006 hrs) -nan:-nan 626 (33) sec
[24] Ep10000: Max 2479 (2222) steps (0.0006 hrs) -nan:-nan 658 (32) sec
[25] Ep10000: Max 2517 (2517) steps (0.0007 hrs) -nan:-nan 679 (21) sec
[26] Ep10000: Max 2517 (2212) steps (0.0006 hrs) -nan:-nan 705 (26) sec
[27] Ep10000: Max 2618 (2618) steps (0.0007 hrs) -nan:-nan 738 (33) sec
[28] Ep10000: Max 2618 (2265) steps (0.0006 hrs) -nan:-nan 769 (31) sec
[29] Ep10000: Max 2618 (2236) steps (0.0006 hrs) -nan:-nan 799 (30) sec
[30] Ep10000: Max 2618 (1997) steps (0.0006 hrs) -nan:-nan 832 (33) sec
[31] Ep10000: Max 2618 (2005) steps (0.0006 hrs) -nan:-nan 869 (37) sec
[32] Ep10000: Max 2618 (1929) steps (0.0005 hrs) -nan:-nan 904 (35) sec
[33] Ep10000: Max 2618 (2131) steps (0.0006 hrs) -nan:-nan 936 (32) sec
[34] Ep10000: Max 2618 (2241) steps (0.0006 hrs) -nan:-nan 971 (35) sec
[35] Ep10000: Max 2618 (2066) steps (0.0006 hrs) -nan:-nan 1006 (35) sec
[36] Ep10000: Max 2618 (2232) steps (0.0006 hrs) -nan:-nan 1043 (37) sec
[37] Ep10000: Max 2618 (2212) steps (0.0006 hrs) -nan:-nan 1068 (25) sec
[38] Ep10000: Max 2618 (2481) steps (0.0007 hrs) -nan:-nan 1095 (27) sec
[39] Ep10000: Max 2618 (2015) steps (0.0006 hrs) -nan:-nan 1128 (33) sec
[40] Ep10000: Max 2618 (2035) steps (0.0006 hrs) -nan:-nan 1158 (30) sec
[41] Ep10000: Max 2955 (2955) steps (0.0008 hrs) -nan:-nan 1193 (35) sec
[42] Ep10000: Max 2955 (2417) steps (0.0007 hrs) -nan:-nan 1227 (34) sec
[43] Ep10000: Max 2955 (1957) steps (0.0005 hrs) -nan:-nan 1261 (34) sec
[44] Ep10000: Max 2955 (2375) steps (0.0007 hrs) -nan:-nan 1295 (34) sec
[45] Ep10000: Max 2955 (2521) steps (0.0007 hrs) -nan:-nan 1330 (35) sec
[46] Ep10000: Max 3079 (3079) steps (0.0009 hrs) -nan:-nan 1366 (36) sec
[47] Ep10000: Max 3079 (2774) steps (0.0008 hrs) -nan:-nan 1400 (34) sec
[48] Ep10000: Max 3079 (1863) steps (0.0005 hrs) -nan:-nan 1434 (34) sec
[49] Ep10000: Max 3079 (3025) steps (0.0008 hrs) -nan:-nan 1469 (35) sec
[50] Ep10000: Max 3079 (2076) steps (0.0006 hrs) -nan:-nan 1503 (34) sec
[51] Ep10000: Max 3079 (2353) steps (0.0007 hrs) -nan:-nan 1536 (33) sec
[52] Ep10000: Max 3124 (3124) steps (0.0009 hrs) -nan:-nan 1570 (34) sec
[53] Ep10000: Max 3124 (2079) steps (0.0006 hrs) -nan:-nan 1592 (22) sec
[54] Ep10000: Max 3124 (2438) steps (0.0007 hrs) -nan:-nan 1627 (35) sec
[55] Ep10000: Max 3124 (2223) steps (0.0006 hrs) -nan:-nan 1661 (34) sec
[56] Ep10000: Max 3124 (2224) steps (0.0006 hrs) -nan:-nan 1694 (33) sec
[57] Ep10000: Max 3124 (2125) steps (0.0006 hrs) -nan:-nan 1728 (34) sec
[58] Ep10000: Max 3124 (1969) steps (0.0005 hrs) -nan:-nan 1760 (32) sec
[59] Ep10000: Max 3124 (1695) steps (0.0005 hrs) -nan:-nan 1780 (20) sec
[60] Ep10000: Max 3124 (2321) steps (0.0006 hrs) -nan:-nan 1809 (29) sec
[61] Ep10000: Max 3124 (2276) steps (0.0006 hrs) -nan:-nan 1834 (25) sec
[62] Ep10000: Max 3124 (2722) steps (0.0008 hrs) -nan:-nan 1863 (29) sec
[63] Ep10000: Max 3124 (1768) steps (0.0005 hrs) -nan:-nan 1894 (31) sec
[64] Ep10000: Max 3124 (2267) steps (0.0006 hrs) -nan:-nan 1922 (28) sec
[65] Ep10000: Max 3124 (1937) steps (0.0005 hrs) -nan:-nan 1950 (28) sec
[66] Ep10000: Max 3124 (2109) steps (0.0006 hrs) -nan:-nan 1980 (30) sec
[67] Ep10000: Max 3124 (1719) steps (0.0005 hrs) -nan:-nan 2001 (21) sec
[68] Ep10000: Max 3124 (2244) steps (0.0006 hrs) -nan:-nan 2030 (29) sec
[69] Ep10000: Max 3124 (2018) steps (0.0006 hrs) -nan:-nan 2058 (28) sec
[70] Ep10000: Max 3124 (2561) steps (0.0007 hrs) -nan:-nan 2083 (25) sec
[71] Ep10000: Max 3124 (1897) steps (0.0005 hrs) -nan:-nan 2112 (29) sec
[72] Ep10000: Max 3124 (2433) steps (0.0007 hrs) -nan:-nan 2143 (31) sec
[73] Ep10000: Max 3124 (2432) steps (0.0007 hrs) -nan:-nan 2176 (33) sec
[74] Ep10000: Max 3124 (2163) steps (0.0006 hrs) -nan:-nan 2206 (30) sec
[75] Ep10000: Max 3124 (2360) steps (0.0007 hrs) -nan:-nan 2237 (31) sec
[76] Ep10000: Max 3124 (2460) steps (0.0007 hrs) -nan:-nan 2266 (29) sec
[77] Ep10000: Max 3124 (2195) steps (0.0006 hrs) -nan:-nan 2296 (30) sec
[78] Ep10000: Max 3124 (2761) steps (0.0008 hrs) -nan:-nan 2326 (30) sec
[79] Ep10000: Max 3124 (2246) steps (0.0006 hrs) -nan:-nan 2356 (30) sec
[80] Ep10000: Max 3124 (2091) steps (0.0006 hrs) -nan:-nan 2386 (30) sec
[81] Ep10000: Max 3124 (1950) steps (0.0005 hrs) -nan:-nan 2413 (27) sec
[82] Ep10000: Max 3124 (2104) steps (0.0006 hrs) -nan:-nan 2444 (31) sec
[83] Ep10000: Max 3124 (2371) steps (0.0007 hrs) -nan:-nan 2475 (31) sec
[84] Ep10000: Max 3124 (2651) steps (0.0007 hrs) -nan:-nan 2509 (34) sec
[85] Ep10000: Max 3124 (2375) steps (0.0007 hrs) -nan:-nan 2541 (32) sec
[86] Ep10000: Max 3124 (2045) steps (0.0006 hrs) -nan:-nan 2574 (33) sec
[87] Ep10000: Max 3124 (1749) steps (0.0005 hrs) -nan:-nan 2595 (21) sec
[88] Ep10000: Max 3124 (1904) steps (0.0005 hrs) -nan:-nan 2628 (33) sec
[89] Ep10000: Max 3124 (2375) steps (0.0007 hrs) -nan:-nan 2651 (23) sec
[90] Ep10000: Max 3124 (2107) steps (0.0006 hrs) -nan:-nan 2682 (31) sec
[91] Ep10000: Max 3124 (2313) steps (0.0006 hrs) -nan:-nan 2713 (31) sec
[92] Ep10000: Max 3124 (2320) steps (0.0006 hrs) -nan:-nan 2745 (32) sec
[93] Ep10000: Max 3124 (2848) steps (0.0008 hrs) -nan:-nan 2775 (30) sec
[94] Ep10000: Max 3124 (2067) steps (0.0006 hrs) -nan:-nan 2810 (35) sec
[95] Ep10000: Max 3124 (1928) steps (0.0005 hrs) -nan:-nan 2844 (34) sec
[96] Ep10000: Max 3124 (2149) steps (0.0006 hrs) -nan:-nan 2875 (31) sec
[97] Ep10000: Max 3124 (2239) steps (0.0006 hrs) -nan:-nan 2907 (32) sec
[98] Ep10000: Max 3124 (2120) steps (0.0006 hrs) -nan:-nan 2930 (23) sec
[99] Ep10000: Max 3124 (2564) steps (0.0007 hrs) -nan:-nan 2964 (34) sec
[100] Ep10000: Max 3124 (2478) steps (0.0007 hrs) -nan:-nan 2995 (31) sec
[101] Ep10000: Max 3124 (2162) steps (0.0006 hrs) -nan:-nan 3028 (33) sec
[102] Ep10000: Max 3124 (2432) steps (0.0007 hrs) -nan:-nan 3058 (30) sec
[103] Ep10000: Max 3124 (2948) steps (0.0008 hrs) -nan:-nan 3087 (29) sec
[104] Ep10000: Max 3124 (2609) steps (0.0007 hrs) -nan:-nan 3112 (25) sec
[105] Ep10000: Max 3124 (2835) steps (0.0008 hrs) -nan:-nan 3144 (32) sec
[106] Ep10000: Max 3124 (2370) steps (0.0007 hrs) -nan:-nan 3174 (30) sec
[107] Ep10000: Max 3124 (2137) steps (0.0006 hrs) -nan:-nan 3208 (34) sec
[108] Ep10000: Max 3124 (2016) steps (0.0006 hrs) -nan:-nan 3238 (30) sec
[109] Ep10000: Max 3124 (2513) steps (0.0007 hrs) -nan:-nan 3266 (28) sec
[110] Ep10000: Max 3124 (2049) steps (0.0006 hrs) -nan:-nan 3297 (31) sec
[111] Ep10000: Max 3124 (2157) steps (0.0006 hrs) -nan:-nan 3318 (21) sec
[112] Ep10000: Max 3124 (2488) steps (0.0007 hrs) -nan:-nan 3339 (21) sec
[113] Ep10000: Max 3124 (2499) steps (0.0007 hrs) -nan:-nan 3365 (26) sec
[114] Ep10000: Max 3124 (2220) steps (0.0006 hrs) -nan:-nan 3397 (32) sec
[115] Ep10000: Max 3124 (2151) steps (0.0006 hrs) -nan:-nan 3427 (30) sec
[116] Ep10000: Max 3124 (2351) steps (0.0007 hrs) -nan:-nan 3458 (31) sec
[117] Ep10000: Max 3124 (2446) steps (0.0007 hrs) -nan:-nan 3488 (30) sec
[118] Ep10000: Max 3124 (2027) steps (0.0006 hrs) -nan:-nan 3515 (27) sec
[119] Ep10000: Max 3124 (1906) steps (0.0005 hrs) -nan:-nan 3547 (32) sec
[120] Ep10000: Max 3124 (2080) steps (0.0006 hrs) -nan:-nan 3578 (31) sec
[121] Ep10000: Max 3124 (2379) steps (0.0007 hrs) -nan:-nan 3608 (30) sec
[122] Ep10000: Max 3124 (2345) steps (0.0007 hrs) -nan:-nan 3637 (29) sec
[123] Ep10000: Max 3124 (2852) steps (0.0008 hrs) -nan:-nan 3667 (30) sec
[124] Ep10000: Max 3124 (2377) steps (0.0007 hrs) -nan:-nan 3697 (30) sec
[125] Ep10000: Max 3124 (2526) steps (0.0007 hrs) -nan:-nan 3727 (30) sec
[126] Ep10000: Max 3124 (2099) steps (0.0006 hrs) -nan:-nan 3758 (31) sec
[127] Ep10000: Max 3124 (2065) steps (0.0006 hrs) -nan:-nan 3791 (33) sec
[128] Ep10000: Max 3124 (2130) steps (0.0006 hrs) -nan:-nan 3815 (24) sec
[129] Ep10000: Max 3124 (1918) steps (0.0005 hrs) -nan:-nan 3838 (23) sec
[130] Ep10000: Max 3124 (2032) steps (0.0006 hrs) -nan:-nan 3866 (28) sec
[131] Ep10000: Max 3124 (2151) steps (0.0006 hrs) -nan:-nan 3897 (31) sec
[132] Ep10000: Max 3124 (2348) steps (0.0007 hrs) -nan:-nan 3924 (27) sec
[133] Ep10000: Max 3124 (2758) steps (0.0008 hrs) -nan:-nan 3946 (22) sec
[134] Ep10000: Max 3124 (2345) steps (0.0007 hrs) -nan:-nan 3979 (33) sec
[135] Ep10000: Max 3124 (2280) steps (0.0006 hrs) -nan:-nan 4011 (32) sec
[136] Ep10000: Max 3124 (2700) steps (0.0008 hrs) -nan:-nan 4043 (32) sec
[137] Ep10000: Max 3124 (2018) steps (0.0006 hrs) -nan:-nan 4071 (28) sec
[138] Ep10000: Max 3124 (1984) steps (0.0006 hrs) -nan:-nan 4102 (31) sec
[139] Ep10000: Max 3124 (2566) steps (0.0007 hrs) -nan:-nan 4127 (25) sec
[140] Ep10000: Max 3124 (2638) steps (0.0007 hrs) -nan:-nan 4159 (32) sec
[141] Ep10000: Max 3124 (2085) steps (0.0006 hrs) -nan:-nan 4191 (32) sec
[142] Ep10000: Max 3124 (2762) steps (0.0008 hrs) -nan:-nan 4225 (34) sec
[143] Ep10000: Max 3124 (2525) steps (0.0007 hrs) -nan:-nan 4259 (34) sec
[144] Ep10000: Max 3672 (3672) steps (0.0010 hrs) -nan:-nan 4292 (33) sec
[145] Ep10000: Max 3672 (2521) steps (0.0007 hrs) -nan:-nan 4324 (32) sec
[146] Ep10000: Max 3672 (2201) steps (0.0006 hrs) -nan:-nan 4356 (32) sec
[147] Ep10000: Max 3672 (2329) steps (0.0006 hrs) -nan:-nan 4388 (32) sec
[148] Ep10000: Max 3672 (2264) steps (0.0006 hrs) -nan:-nan 4422 (34) sec
[149] Ep10000: Max 3672 (1962) steps (0.0005 hrs) -nan:-nan 4454 (32) sec
[150] Ep10000: Max 3672 (2025) steps (0.0006 hrs) -nan:-nan 4486 (32) sec
[151] Ep10000: Max 3672 (2320) steps (0.0006 hrs) -nan:-nan 4517 (31) sec
[152] Ep10000: Max 3672 (2078) steps (0.0006 hrs) -nan:-nan 4551 (34) sec
[153] Ep10000: Max 3672 (2822) steps (0.0008 hrs) -nan:-nan 4583 (32) sec
[154] Ep10000: Max 3672 (2451) steps (0.0007 hrs) -nan:-nan 4610 (27) sec
[155] Ep10000: Max 3672 (2045) steps (0.0006 hrs) -nan:-nan 4641 (31) sec
[156] Ep10000: Max 3672 (2460) steps (0.0007 hrs) -nan:-nan 4674 (33) sec
[157] Ep10000: Max 3672 (2399) steps (0.0007 hrs) -nan:-nan 4706 (32) sec
[158] Ep10000: Max 3672 (2296) steps (0.0006 hrs) -nan:-nan 4739 (33) sec
[159] Ep10000: Max 3672 (2089) steps (0.0006 hrs) -nan:-nan 4770 (31) sec
[160] Ep10000: Max 3672 (2219) steps (0.0006 hrs) -nan:-nan 4797 (27) sec
[161] Ep10000: Max 3672 (2294) steps (0.0006 hrs) -nan:-nan 4830 (33) sec
[162] Ep10000: Max 3672 (2181) steps (0.0006 hrs) -nan:-nan 4861 (31) sec
[163] Ep10000: Max 3672 (1976) steps (0.0005 hrs) -nan:-nan 4891 (30) sec
[164] Ep10000: Max 3672 (2047) steps (0.0006 hrs) -nan:-nan 4920 (29) sec
[165] Ep10000: Max 3672 (1935) steps (0.0005 hrs) -nan:-nan 4948 (28) sec
[166] Ep10000: Max 3672 (1960) steps (0.0005 hrs) -nan:-nan 4978 (30) sec
[167] Ep10000: Max 3672 (2286) steps (0.0006 hrs) -nan:-nan 5011 (33) sec
[168] Ep10000: Max 3672 (2127) steps (0.0006 hrs) -nan:-nan 5043 (32) sec
[169] Ep10000: Max 3672 (2159) steps (0.0006 hrs) -nan:-nan 5076 (33) sec
[170] Ep10000: Max 3672 (2058) steps (0.0006 hrs) -nan:-nan 5100 (24) sec
[171] Ep10000: Max 3672 (2022) steps (0.0006 hrs) -nan:-nan 5134 (34) sec
[172] Ep10000: Max 3672 (2167) steps (0.0006 hrs) -nan:-nan 5158 (24) sec
[173] Ep10000: Max 3672 (2049) steps (0.0006 hrs) -nan:-nan 5188 (30) sec
[174] Ep10000: Max 3672 (2184) steps (0.0006 hrs) -nan:-nan 5218 (30) sec
[175] Ep10000: Max 3672 (2467) steps (0.0007 hrs) -nan:-nan 5241 (23) sec
[176] Ep10000: Max 3672 (2498) steps (0.0007 hrs) -nan:-nan 5270 (29) sec
[177] Ep10000: Max 3672 (1916) steps (0.0005 hrs) -nan:-nan 5299 (29) sec
[178] Ep10000: Max 3672 (1932) steps (0.0005 hrs) -nan:-nan 5324 (25) sec
[179] Ep10000: Max 3672 (2815) steps (0.0008 hrs) -nan:-nan 5355 (31) sec
[180] Ep10000: Max 3672 (2112) steps (0.0006 hrs) -nan:-nan 5388 (33) sec
[181] Ep10000: Max 3672 (2637) steps (0.0007 hrs) -nan:-nan 5418 (30) sec
[182] Ep10000: Max 3672 (2720) steps (0.0008 hrs) -nan:-nan 5445 (27) sec
[183] Ep10000: Max 3672 (2318) steps (0.0006 hrs) -nan:-nan 5477 (32) sec
[184] Ep10000: Max 3672 (2176) steps (0.0006 hrs) -nan:-nan 5504 (27) sec
[185] Ep10000: Max 3672 (2309) steps (0.0006 hrs) -nan:-nan 5534 (30) sec
[186] Ep10000: Max 3672 (1898) steps (0.0005 hrs) -nan:-nan 5567 (33) sec
[187] Ep10000: Max 3672 (2252) steps (0.0006 hrs) -nan:-nan 5600 (33) sec
[188] Ep10000: Max 3672 (2293) steps (0.0006 hrs) -nan:-nan 5627 (27) sec
[189] Ep10000: Max 3672 (2203) steps (0.0006 hrs) -nan:-nan 5653 (26) sec
[190] Ep10000: Max 3672 (1670) steps (0.0005 hrs) -nan:-nan 5682 (29) sec
[191] Ep10000: Max 3672 (1898) steps (0.0005 hrs) -nan:-nan 5716 (34) sec
[192] Ep10000: Max 3672 (2001) steps (0.0006 hrs) -nan:-nan 5752 (36) sec
[193] Ep10000: Max 3672 (2121) steps (0.0006 hrs) -nan:-nan 5786 (34) sec
[194] Ep10000: Max 3672 (2960) steps (0.0008 hrs) -nan:-nan 5820 (34) sec
[195] Ep10000: Max 3672 (2098) steps (0.0006 hrs) -nan:-nan 5854 (34) sec
[196] Ep10000: Max 3672 (2262) steps (0.0006 hrs) -nan:-nan 5884 (30) sec
[197] Ep10000: Max 3672 (2416) steps (0.0007 hrs) -nan:-nan 5918 (34) sec
[198] Ep10000: Max 3672 (2042) steps (0.0006 hrs) -nan:-nan 5943 (25) sec
[199] Ep10000: Max 3672 (2045) steps (0.0006 hrs) -nan:-nan 5971 (28) sec
[200] Ep10000: Max 3672 (2026) steps (0.0006 hrs) -nan:-nan 5998 (27) sec
[201] Ep10000: Max 3672 (2264) steps (0.0006 hrs) -nan:-nan 6026 (28) sec
[202] Ep10000: Max 3672 (2098) steps (0.0006 hrs) -nan:-nan 6062 (36) sec
[203] Ep10000: Max 3672 (2144) steps (0.0006 hrs) -nan:-nan 6091 (29) sec
[204] Ep10000: Max 3672 (2456) steps (0.0007 hrs) -nan:-nan 6125 (34) sec
[205] Ep10000: Max 3672 (1902) steps (0.0005 hrs) -nan:-nan 6147 (22) sec
[206] Ep10000: Max 3672 (2850) steps (0.0008 hrs) -nan:-nan 6180 (33) sec
[207] Ep10000: Max 3672 (2102) steps (0.0006 hrs) -nan:-nan 6217 (37) sec
[208] Ep10000: Max 3672 (2647) steps (0.0007 hrs) -nan:-nan 6252 (35) sec
[209] Ep10000: Max 3672 (2025) steps (0.0006 hrs) -nan:-nan 6289 (37) sec
[210] Ep10000: Max 3672 (2434) steps (0.0007 hrs) -nan:-nan 6319 (30) sec
[211] Ep10000: Max 3672 (1984) steps (0.0006 hrs) -nan:-nan 6354 (35) sec
[212] Ep10000: Max 3672 (2380) steps (0.0007 hrs) -nan:-nan 6389 (35) sec
[213] Ep10000: Max 3672 (2229) steps (0.0006 hrs) -nan:-nan 6424 (35) sec
[214] Ep10000: Max 3672 (2212) steps (0.0006 hrs) -nan:-nan 6453 (29) sec
[215] Ep10000: Max 3672 (2444) steps (0.0007 hrs) -nan:-nan 6486 (33) sec
[216] Ep10000: Max 3672 (2501) steps (0.0007 hrs) -nan:-nan 6519 (33) sec
[217] Ep10000: Max 3672 (1880) steps (0.0005 hrs) -nan:-nan 6553 (34) sec
[218] Ep10000: Max 3672 (2054) steps (0.0006 hrs) -nan:-nan 6577 (24) sec
[219] Ep10000: Max 3672 (2148) steps (0.0006 hrs) -nan:-nan 6611 (34) sec
[220] Ep10000: Max 3672 (2487) steps (0.0007 hrs) -nan:-nan 6642 (31) sec
[221] Ep10000: Max 3672 (2228) steps (0.0006 hrs) -nan:-nan 6671 (29) sec
[222] Ep10000: Max 3672 (1889) steps (0.0005 hrs) -nan:-nan 6694 (23) sec
[223] Ep10000: Max 3672 (2446) steps (0.0007 hrs) -nan:-nan 6722 (28) sec
[224] Ep10000: Max 3672 (1993) steps (0.0006 hrs) -nan:-nan 6752 (30) sec
[225] Ep10000: Max 3672 (1843) steps (0.0005 hrs) -nan:-nan 6783 (31) sec
[226] Ep10000: Max 3672 (2522) steps (0.0007 hrs) -nan:-nan 6804 (21) sec
[227] Ep10000: Max 3672 (1916) steps (0.0005 hrs) -nan:-nan 6833 (29) sec
[228] Ep10000: Max 3672 (1899) steps (0.0005 hrs) -nan:-nan 6857 (24) sec
[229] Ep10000: Max 3672 (1995) steps (0.0006 hrs) -nan:-nan 6890 (33) sec
[230] Ep10000: Max 3672 (2329) steps (0.0006 hrs) -nan:-nan 6923 (33) sec
[231] Ep10000: Max 3672 (2286) steps (0.0006 hrs) -nan:-nan 6950 (27) sec
[232] Ep10000: Max 3672 (2076) steps (0.0006 hrs) -nan:-nan 6979 (29) sec
[233] Ep10000: Max 3672 (2235) steps (0.0006 hrs) -nan:-nan 7009 (30) sec
[234] Ep10000: Max 3672 (2088) steps (0.0006 hrs) -nan:-nan 7037 (28) sec
[235] Ep10000: Max 3672 (2410) steps (0.0007 hrs) -nan:-nan 7065 (28) sec
[236] Ep10000: Max 3672 (2364) steps (0.0007 hrs) -nan:-nan 7092 (27) sec
[237] Ep10000: Max 3672 (2642) steps (0.0007 hrs) -nan:-nan 7119 (27) sec
[238] Ep10000: Max 3672 (2073) steps (0.0006 hrs) -nan:-nan 7147 (28) sec
[239] Ep10000: Max 3672 (2126) steps (0.0006 hrs) -nan:-nan 7168 (21) sec
[240] Ep10000: Max 3672 (2167) steps (0.0006 hrs) -nan:-nan 7197 (29) sec
[241] Ep10000: Max 3672 (3001) steps (0.0008 hrs) -nan:-nan 7224 (27) sec
[242] Ep10000: Max 3672 (2152) steps (0.0006 hrs) -nan:-nan 7252 (28) sec
[243] Ep10000: Max 3672 (2020) steps (0.0006 hrs) -nan:-nan 7280 (28) sec
[244] Ep10000: Max 3672 (2083) steps (0.0006 hrs) -nan:-nan 7308 (28) sec
[245] Ep10000: Max 3672 (2322) steps (0.0006 hrs) -nan:-nan 7336 (28) sec
[246] Ep10000: Max 3672 (2307) steps (0.0006 hrs) -nan:-nan 7364 (28) sec
[247] Ep10000: Max 3672 (2078) steps (0.0006 hrs) -nan:-nan 7392 (28) sec
[248] Ep10000: Max 3672 (2032) steps (0.0006 hrs) -nan:-nan 7412 (20) sec
[249] Ep10000: Max 3672 (1885) steps (0.0005 hrs) -nan:-nan 7435 (23) sec
[250] Ep10000: Max 3672 (2065) steps (0.0006 hrs) -nan:-nan 7461 (26) sec
[251] Ep10000: Max 3672 (2874) steps (0.0008 hrs) -nan:-nan 7484 (23) sec
[252] Ep10000: Max 3672 (2398) steps (0.0007 hrs) -nan:-nan 7512 (28) sec
[253] Ep10000: Max 3672 (2191) steps (0.0006 hrs) -nan:-nan 7540 (28) sec
[254] Ep10000: Max 3672 (2185) steps (0.0006 hrs) -nan:-nan 7567 (27) sec
[255] Ep10000: Max 3672 (1973) steps (0.0005 hrs) -nan:-nan 7594 (27) sec
[256] Ep10000: Max 3672 (2434) steps (0.0007 hrs) -nan:-nan 7622 (28) sec
[257] Ep10000: Max 3672 (2357) steps (0.0007 hrs) -nan:-nan 7643 (21) sec
[258] Ep10000: Max 3672 (2116) steps (0.0006 hrs) -nan:-nan 7671 (28) sec
[259] Ep10000: Max 3672 (2227) steps (0.0006 hrs) -nan:-nan 7692 (21) sec
[260] Ep10000: Max 3672 (2235) steps (0.0006 hrs) -nan:-nan 7712 (20) sec
[261] Ep10000: Max 3672 (2292) steps (0.0006 hrs) -nan:-nan 7739 (27) sec
[262] Ep10000: Max 3672 (2167) steps (0.0006 hrs) -nan:-nan 7763 (24) sec
[263] Ep10000: Max 3672 (1940) steps (0.0005 hrs) -nan:-nan 7788 (25) sec
[264] Ep10000: Max 3672 (2135) steps (0.0006 hrs) -nan:-nan 7810 (22) sec
[265] Ep10000: Max 3672 (2349) steps (0.0007 hrs) -nan:-nan 7837 (27) sec
[266] Ep10000: Max 3672 (1734) steps (0.0005 hrs) -nan:-nan 7858 (21) sec
[267] Ep10000: Max 3672 (2587) steps (0.0007 hrs) -nan:-nan 7885 (27) sec
[268] Ep10000: Max 3672 (2490) steps (0.0007 hrs) -nan:-nan 7912 (27) sec
[269] Ep10000: Max 3672 (2171) steps (0.0006 hrs) -nan:-nan 7939 (27) sec
[270] Ep10000: Max 3672 (2203) steps (0.0006 hrs) -nan:-nan 7965 (26) sec
[271] Ep10000: Max 3672 (1835) steps (0.0005 hrs) -nan:-nan 7986 (21) sec
[272] Ep10000: Max 3672 (2640) steps (0.0007 hrs) -nan:-nan 8008 (22) sec
[273] Ep10000: Max 3672 (1911) steps (0.0005 hrs) -nan:-nan 8031 (23) sec
[274] Ep10000: Max 3672 (2416) steps (0.0007 hrs) -nan:-nan 8054 (23) sec
[275] Ep10000: Max 3672 (2252) steps (0.0006 hrs) -nan:-nan 8078 (24) sec
[276] Ep10000: Max 3672 (2300) steps (0.0006 hrs) -nan:-nan 8105 (27) sec
[277] Ep10000: Max 3672 (2399) steps (0.0007 hrs) -nan:-nan 8132 (27) sec
[278] Ep10000: Max 3672 (2126) steps (0.0006 hrs) -nan:-nan 8156 (24) sec
[279] Ep10000: Max 3672 (2072) steps (0.0006 hrs) -nan:-nan 8183 (27) sec
[280] Ep10000: Max 3672 (1893) steps (0.0005 hrs) -nan:-nan 8206 (23) sec
[281] Ep10000: Max 3672 (2580) steps (0.0007 hrs) -nan:-nan 8233 (27) sec
[282] Ep10000: Max 3672 (2244) steps (0.0006 hrs) -nan:-nan 8260 (27) sec
[283] Ep10000: Max 3672 (2105) steps (0.0006 hrs) -nan:-nan 8286 (26) sec
[284] Ep10000: Max 3672 (2414) steps (0.0007 hrs) -nan:-nan 8312 (26) sec
[285] Ep10000: Max 3672 (2588) steps (0.0007 hrs) -nan:-nan 8339 (27) sec
[286] Ep10000: Max 3672 (2230) steps (0.0006 hrs) -nan:-nan 8362 (23) sec
[287] Ep10000: Max 3672 (2088) steps (0.0006 hrs) -nan:-nan 8383 (21) sec
[288] Ep10000: Max 3672 (1887) steps (0.0005 hrs) -nan:-nan 8411 (28) sec
[289] Ep10000: Max 3672 (2229) steps (0.0006 hrs) -nan:-nan 8438 (27) sec
[290] Ep10000: Max 3672 (2098) steps (0.0006 hrs) -nan:-nan 8459 (21) sec
[291] Ep10000: Max 3672 (2139) steps (0.0006 hrs) -nan:-nan 8487 (28) sec
[292] Ep10000: Max 3672 (2150) steps (0.0006 hrs) -nan:-nan 8514 (27) sec
[293] Ep10000: Max 3672 (2164) steps (0.0006 hrs) -nan:-nan 8541 (27) sec
[294] Ep10000: Max 3672 (2267) steps (0.0006 hrs) -nan:-nan 8564 (23) sec
[295] Ep10000: Max 3672 (1875) steps (0.0005 hrs) -nan:-nan 8590 (26) sec
[296] Ep10000: Max 3672 (2261) steps (0.0006 hrs) -nan:-nan 8618 (28) sec
[297] Ep10000: Max 3672 (1846) steps (0.0005 hrs) -nan:-nan 8637 (19) sec
[298] Ep10000: Max 3672 (2167) steps (0.0006 hrs) -nan:-nan 8665 (28) sec
[299] Ep10000: Max 3672 (2736) steps (0.0008 hrs) -nan:-nan 8692 (27) sec
[300] Ep10000: Max 3672 (2059) steps (0.0006 hrs) -nan:-nan 8715 (23) sec
[301] Ep10000: Max 3672 (2431) steps (0.0007 hrs) -nan:-nan 8742 (27) sec
[302] Ep10000: Max 3672 (2182) steps (0.0006 hrs) -nan:-nan 8769 (27) sec
[303] Ep10000: Max 3672 (2219) steps (0.0006 hrs) -nan:-nan 8786 (17) sec
[304] Ep10000: Max 3672 (2637) steps (0.0007 hrs) -nan:-nan 8811 (25) sec
[305] Ep10000: Max 3672 (2380) steps (0.0007 hrs) -nan:-nan 8836 (25) sec
[306] Ep10000: Max 3672 (2162) steps (0.0006 hrs) -nan:-nan 8861 (25) sec
[307] Ep10000: Max 3672 (2885) steps (0.0008 hrs) -nan:-nan 8881 (20) sec
[308] Ep10000: Max 3672 (2570) steps (0.0007 hrs) -nan:-nan 8906 (25) sec
[309] Ep10000: Max 3672 (1989) steps (0.0006 hrs) -nan:-nan 8934 (28) sec
[310] Ep10000: Max 3672 (2306) steps (0.0006 hrs) -nan:-nan 8962 (28) sec
[311] Ep10000: Max 3672 (2308) steps (0.0006 hrs) -nan:-nan 8989 (27) sec
[312] Ep10000: Max 3672 (2588) steps (0.0007 hrs) -nan:-nan 9017 (28) sec
[313] Ep10000: Max 3672 (2589) steps (0.0007 hrs) -nan:-nan 9045 (28) sec
[314] Ep10000: Max 3672 (1860) steps (0.0005 hrs) -nan:-nan 9067 (22) sec
[315] Ep10000: Max 3672 (2651) steps (0.0007 hrs) -nan:-nan 9095 (28) sec
[316] Ep10000: Max 3672 (2013) steps (0.0006 hrs) -nan:-nan 9121 (26) sec
[317] Ep10000: Max 3672 (2152) steps (0.0006 hrs) -nan:-nan 9147 (26) sec
[318] Ep10000: Max 3672 (2066) steps (0.0006 hrs) -nan:-nan 9175 (28) sec
[319] Ep10000: Max 3672 (2325) steps (0.0006 hrs) -nan:-nan 9202 (27) sec
[320] Ep10000: Max 3672 (2437) steps (0.0007 hrs) -nan:-nan 9226 (24) sec
[321] Ep10000: Max 3672 (1906) steps (0.0005 hrs) -nan:-nan 9250 (24) sec
[322] Ep10000: Max 3672 (2579) steps (0.0007 hrs) -nan:-nan 9277 (27) sec
[323] Ep10000: Max 3672 (2585) steps (0.0007 hrs) -nan:-nan 9305 (28) sec
[324] Ep10000: Max 3672 (2128) steps (0.0006 hrs) -nan:-nan 9333 (28) sec
[325] Ep10000: Max 3672 (2453) steps (0.0007 hrs) -nan:-nan 9360 (27) sec
[326] Ep10000: Max 3672 (2509) steps (0.0007 hrs) -nan:-nan 9383 (23) sec
[327] Ep10000: Max 3672 (2311) steps (0.0006 hrs) -nan:-nan 9405 (22) sec
[328] Ep10000: Max 3672 (2427) steps (0.0007 hrs) -nan:-nan 9432 (27) sec
[329] Ep10000: Max 3672 (2151) steps (0.0006 hrs) -nan:-nan 9454 (22) sec
[330] Ep10000: Max 3672 (2585) steps (0.0007 hrs) -nan:-nan 9481 (27) sec
[331] Ep10000: Max 3672 (2501) steps (0.0007 hrs) -nan:-nan 9500 (19) sec
[332] Ep10000: Max 3672 (2169) steps (0.0006 hrs) -nan:-nan 9527 (27) sec
[333] Ep10000: Max 3672 (2885) steps (0.0008 hrs) -nan:-nan 9555 (28) sec
[334] Ep10000: Max 3672 (1942) steps (0.0005 hrs) -nan:-nan 9575 (20) sec
[335] Ep10000: Max 3672 (2049) steps (0.0006 hrs) -nan:-nan 9598 (23) sec
[336] Ep10000: Max 3672 (1823) steps (0.0005 hrs) -nan:-nan 9625 (27) sec
[337] Ep10000: Max 3672 (2723) steps (0.0008 hrs) -nan:-nan 9652 (27) sec
[338] Ep10000: Max 3672 (2202) steps (0.0006 hrs) -nan:-nan 9679 (27) sec
[339] Ep10000: Max 3672 (2010) steps (0.0006 hrs) -nan:-nan 9705 (26) sec
[340] Ep10000: Max 3672 (2788) steps (0.0008 hrs) -nan:-nan 9733 (28) sec
[341] Ep10000: Max 3672 (2739) steps (0.0008 hrs) -nan:-nan 9761 (28) sec
[342] Ep10000: Max 3672 (2178) steps (0.0006 hrs) -nan:-nan 9785 (24) sec
[343] Ep10000: Max 3672 (2237) steps (0.0006 hrs) -nan:-nan 9811 (26) sec
[344] Ep10000: Max 3672 (2208) steps (0.0006 hrs) -nan:-nan 9838 (27) sec
[345] Ep10000: Max 3672 (2094) steps (0.0006 hrs) -nan:-nan 9864 (26) sec
[346] Ep10000: Max 3672 (2133) steps (0.0006 hrs) -nan:-nan 9889 (25) sec
[347] Ep10000: Max 3672 (2625) steps (0.0007 hrs) -nan:-nan 9917 (28) sec
[348] Ep10000: Max 3672 (2549) steps (0.0007 hrs) -nan:-nan 9943 (26) sec
[349] Ep10000: Max 3672 (2553) steps (0.0007 hrs) -nan:-nan 9970 (27) sec
[350] Ep10000: Max 3672 (2042) steps (0.0006 hrs) -nan:-nan 9997 (27) sec
[351] Ep10000: Max 3672 (1672) steps (0.0005 hrs) -nan:-nan 10020 (23) sec
[352] Ep10000: Max 3672 (1919) steps (0.0005 hrs) -nan:-nan 10047 (27) sec
[353] Ep10000: Max 3672 (3034) steps (0.0008 hrs) -nan:-nan 10075 (28) sec
[354] Ep10000: Max 3672 (2719) steps (0.0008 hrs) -nan:-nan 10096 (21) sec
[355] Ep10000: Max 3672 (2361) steps (0.0007 hrs) -nan:-nan 10124 (28) sec
[356] Ep10000: Max 3672 (2297) steps (0.0006 hrs) -nan:-nan 10152 (28) sec
[357] Ep10000: Max 3672 (2303) steps (0.0006 hrs) -nan:-nan 10174 (22) sec
[358] Ep10000: Max 3672 (1818) steps (0.0005 hrs) -nan:-nan 10196 (22) sec
[359] Ep10000: Max 3672 (2371) steps (0.0007 hrs) -nan:-nan 10224 (28) sec
[360] Ep10000: Max 3672 (1930) steps (0.0005 hrs) -nan:-nan 10248 (24) sec
[361] Ep10000: Max 3672 (2490) steps (0.0007 hrs) -nan:-nan 10277 (29) sec
[362] Ep10000: Max 3672 (2183) steps (0.0006 hrs) -nan:-nan 10300 (23) sec
[363] Ep10000: Max 3672 (2755) steps (0.0008 hrs) -nan:-nan 10327 (27) sec
[364] Ep10000: Max 3672 (2314) steps (0.0006 hrs) -nan:-nan 10355 (28) sec
[365] Ep10000: Max 3672 (2376) steps (0.0007 hrs) -nan:-nan 10383 (28) sec
[366] Ep10000: Max 3672 (2075) steps (0.0006 hrs) -nan:-nan 10407 (24) sec
[367] Ep10000: Max 3672 (1869) steps (0.0005 hrs) -nan:-nan 10434 (27) sec
[368] Ep10000: Max 3672 (1994) steps (0.0006 hrs) -nan:-nan 10462 (28) sec
[369] Ep10000: Max 3672 (2341) steps (0.0007 hrs) -nan:-nan 10483 (21) sec
[370] Ep10000: Max 3672 (2546) steps (0.0007 hrs) -nan:-nan 10510 (27) sec
[371] Ep10000: Max 3672 (2227) steps (0.0006 hrs) -nan:-nan 10538 (28) sec
[372] Ep10000: Max 3672 (2182) steps (0.0006 hrs) -nan:-nan 10566 (28) sec
[373] Ep10000: Max 3672 (2286) steps (0.0006 hrs) -nan:-nan 10592 (26) sec
[374] Ep10000: Max 3672 (2156) steps (0.0006 hrs) -nan:-nan 10619 (27) sec
[375] Ep10000: Max 3672 (1964) steps (0.0005 hrs) -nan:-nan 10642 (23) sec
[376] Ep10000: Max 3672 (2766) steps (0.0008 hrs) -nan:-nan 10669 (27) sec
[377] Ep10000: Max 3672 (1999) steps (0.0006 hrs) -nan:-nan 10697 (28) sec
[378] Ep10000: Max 3672 (2980) steps (0.0008 hrs) -nan:-nan 10716 (19) sec
[379] Ep10000: Max 3672 (2469) steps (0.0007 hrs) -nan:-nan 10743 (27) sec
[380] Ep10000: Max 3672 (2384) steps (0.0007 hrs) -nan:-nan 10769 (26) sec
[381] Ep10000: Max 3672 (2486) steps (0.0007 hrs) -nan:-nan 10796 (27) sec
[382] Ep10000: Max 3672 (2404) steps (0.0007 hrs) -nan:-nan 10823 (27) sec
[383] Ep10000: Max 3672 (2875) steps (0.0008 hrs) -nan:-nan 10851 (28) sec
[384] Ep10000: Max 3672 (2330) steps (0.0006 hrs) -nan:-nan 10879 (28) sec
[385] Ep10000: Max 3672 (2417) steps (0.0007 hrs) -nan:-nan 10906 (27) sec
[386] Ep10000: Max 3672 (2457) steps (0.0007 hrs) -nan:-nan 10933 (27) sec
[387] Ep10000: Max 3672 (2546) steps (0.0007 hrs) -nan:-nan 10957 (24) sec
[388] Ep10000: Max 3672 (1757) steps (0.0005 hrs) -nan:-nan 10977 (20) sec
[389] Ep10000: Max 3672 (2836) steps (0.0008 hrs) -nan:-nan 11002 (25) sec
[390] Ep10000: Max 3672 (2387) steps (0.0007 hrs) -nan:-nan 11030 (28) sec
[391] Ep10000: Max 3672 (2045) steps (0.0006 hrs) -nan:-nan 11056 (26) sec
[392] Ep10000: Max 3672 (2022) steps (0.0006 hrs) -nan:-nan 11084 (28) sec
[393] Ep10000: Max 3672 (2408) steps (0.0007 hrs) -nan:-nan 11112 (28) sec
[394] Ep10000: Max 3672 (2302) steps (0.0006 hrs) -nan:-nan 11142 (30) sec
[395] Ep10000: Max 3672 (2235) steps (0.0006 hrs) -nan:-nan 11167 (25) sec
[396] Ep10000: Max 3672 (2315) steps (0.0006 hrs) -nan:-nan 11195 (28) sec
[397] Ep10000: Max 3672 (2778) steps (0.0008 hrs) -nan:-nan 11222 (27) sec
[398] Ep10000: Max 3672 (2188) steps (0.0006 hrs) -nan:-nan 11249 (27) sec
[399] Ep10000: Max 3672 (2487) steps (0.0007 hrs) -nan:-nan 11274 (25) sec
[400] Ep10000: Max 3672 (2470) steps (0.0007 hrs) -nan:-nan 11302 (28) sec
[401] Ep10000: Max 3672 (2206) steps (0.0006 hrs) -nan:-nan 11331 (29) sec
[402] Ep10000: Max 3672 (2245) steps (0.0006 hrs) -nan:-nan 11351 (20) sec
[403] Ep10000: Max 3672 (2159) steps (0.0006 hrs) -nan:-nan 11373 (22) sec
[404] Ep10000: Max 3672 (1895) steps (0.0005 hrs) -nan:-nan 11400 (27) sec
[405] Ep10000: Max 3672 (1958) steps (0.0005 hrs) -nan:-nan 11421 (21) sec
[406] Ep10000: Max 3672 (2275) steps (0.0006 hrs) -nan:-nan 11448 (27) sec
[407] Ep10000: Max 3672 (2161) steps (0.0006 hrs) -nan:-nan 11476 (28) sec
[408] Ep10000: Max 3672 (2135) steps (0.0006 hrs) -nan:-nan 11504 (28) sec
[409] Ep10000: Max 3672 (2265) steps (0.0006 hrs) -nan:-nan 11533 (29) sec
[410] Ep10000: Max 3672 (1922) steps (0.0005 hrs) -nan:-nan 11560 (27) sec
[411] Ep10000: Max 3672 (1808) steps (0.0005 hrs) -nan:-nan 11581 (21) sec
[412] Ep10000: Max 3672 (1921) steps (0.0005 hrs) -nan:-nan 11608 (27) sec
[413] Ep10000: Max 3672 (1916) steps (0.0005 hrs) -nan:-nan 11636 (28) sec
[414] Ep10000: Max 3672 (2033) steps (0.0006 hrs) -nan:-nan 11662 (26) sec
[415] Ep10000: Max 3672 (1937) steps (0.0005 hrs) -nan:-nan 11690 (28) sec
[416] Ep10000: Max 3672 (2556) steps (0.0007 hrs) -nan:-nan 11717 (27) sec
[417] Ep10000: Max 3672 (2071) steps (0.0006 hrs) -nan:-nan 11743 (26) sec
[418] Ep10000: Max 3672 (2428) steps (0.0007 hrs) -nan:-nan 11767 (24) sec
[419] Ep10000: Max 3672 (1856) steps (0.0005 hrs) -nan:-nan 11787 (20) sec
[420] Ep10000: Max 3672 (2237) steps (0.0006 hrs) -nan:-nan 11813 (26) sec
[421] Ep10000: Max 3672 (2041) steps (0.0006 hrs) -nan:-nan 11840 (27) sec
[422] Ep10000: Max 3672 (1958) steps (0.0005 hrs) -nan:-nan 11869 (29) sec
[423] Ep10000: Max 3672 (2400) steps (0.0007 hrs) -nan:-nan 11889 (20) sec
[424] Ep10000: Max 3672 (1997) steps (0.0006 hrs) -nan:-nan 11917 (28) sec
[425] Ep10000: Max 3672 (2712) steps (0.0008 hrs) -nan:-nan 11944 (27) sec
[426] Ep10000: Max 3672 (1983) steps (0.0006 hrs) -nan:-nan 11972 (28) sec
[427] Ep10000: Max 3672 (2067) steps (0.0006 hrs) -nan:-nan 12000 (28) sec
[428] Ep10000: Max 3672 (2013) steps (0.0006 hrs) -nan:-nan 12025 (25) sec
[429] Ep10000: Max 3672 (2212) steps (0.0006 hrs) -nan:-nan 12053 (28) sec
[430] Ep10000: Max 3672 (2064) steps (0.0006 hrs) -nan:-nan 12080 (27) sec
[431] Ep10000: Max 3672 (2008) steps (0.0006 hrs) -nan:-nan 12106 (26) sec
[432] Ep10000: Max 3672 (2261) steps (0.0006 hrs) -nan:-nan 12134 (28) sec
[433] Ep10000: Max 3672 (2715) steps (0.0008 hrs) -nan:-nan 12161 (27) sec
[434] Ep10000: Max 3672 (2589) steps (0.0007 hrs) -nan:-nan 12186 (25) sec
[435] Ep10000: Max 3672 (2022) steps (0.0006 hrs) -nan:-nan 12212 (26) sec
[436] Ep10000: Max 3672 (2683) steps (0.0007 hrs) -nan:-nan 12239 (27) sec
[437] Ep10000: Max 3672 (1907) steps (0.0005 hrs) -nan:-nan 12266 (27) sec
[438] Ep10000: Max 3672 (2324) steps (0.0006 hrs) -nan:-nan 12294 (28) sec
[439] Ep10000: Max 3672 (2327) steps (0.0006 hrs) -nan:-nan 12322 (28) sec
[440] Ep10000: Max 3672 (2163) steps (0.0006 hrs) -nan:-nan 12345 (23) sec
[441] Ep10000: Max 3672 (2201) steps (0.0006 hrs) -nan:-nan 12364 (19) sec
[442] Ep10000: Max 3672 (1798) steps (0.0005 hrs) -nan:-nan 12385 (21) sec
[443] Ep10000: Max 3672 (2648) steps (0.0007 hrs) -nan:-nan 12410 (25) sec
[444] Ep10000: Max 3672 (2766) steps (0.0008 hrs) -nan:-nan 12437 (27) sec
[445] Ep10000: Max 3672 (2008) steps (0.0006 hrs) -nan:-nan 12465 (28) sec
[446] Ep10000: Max 3672 (2519) steps (0.0007 hrs) -nan:-nan 12494 (29) sec
[447] Ep10000: Max 3672 (2111) steps (0.0006 hrs) -nan:-nan 12521 (27) sec
[448] Ep10000: Max 3672 (2105) steps (0.0006 hrs) -nan:-nan 12544 (23) sec
[449] Ep10000: Max 3672 (1901) steps (0.0005 hrs) -nan:-nan 12571 (27) sec
[450] Ep10000: Max 3672 (2328) steps (0.0006 hrs) -nan:-nan 12600 (29) sec
[451] Ep10000: Max 3672 (2547) steps (0.0007 hrs) -nan:-nan 12627 (27) sec
[452] Ep10000: Max 3672 (2376) steps (0.0007 hrs) -nan:-nan 12649 (22) sec
[453] Ep10000: Max 3672 (2471) steps (0.0007 hrs) -nan:-nan 12678 (29) sec
[454] Ep10000: Max 3672 (2428) steps (0.0007 hrs) -nan:-nan 12704 (26) sec
[455] Ep10000: Max 3672 (2344) steps (0.0007 hrs) -nan:-nan 12731 (27) sec
[456] Ep10000: Max 3672 (2126) steps (0.0006 hrs) -nan:-nan 12759 (28) sec
[457] Ep10000: Max 3672 (2025) steps (0.0006 hrs) -nan:-nan 12783 (24) sec
[458] Ep10000: Max 3672 (2037) steps (0.0006 hrs) -nan:-nan 12811 (28) sec
[459] Ep10000: Max 3672 (2595) steps (0.0007 hrs) -nan:-nan 12835 (24) sec
[460] Ep10000: Max 3672 (2434) steps (0.0007 hrs) -nan:-nan 12863 (28) sec
[461] Ep10000: Max 3672 (2268) steps (0.0006 hrs) -nan:-nan 12890 (27) sec
[462] Ep10000: Max 3672 (2132) steps (0.0006 hrs) -nan:-nan 12915 (25) sec
[463] Ep10000: Max 3672 (2191) steps (0.0006 hrs) -nan:-nan 12937 (22) sec
[464] Ep10000: Max 3672 (2227) steps (0.0006 hrs) -nan:-nan 12964 (27) sec
[465] Ep10000: Max 3672 (2335) steps (0.0006 hrs) -nan:-nan 12992 (28) sec
[466] Ep10000: Max 3672 (2091) steps (0.0006 hrs) -nan:-nan 13019 (27) sec
[467] Ep10000: Max 3672 (2480) steps (0.0007 hrs) -nan:-nan 13046 (27) sec
[468] Ep10000: Max 3672 (2169) steps (0.0006 hrs) -nan:-nan 13074 (28) sec
[469] Ep10000: Max 3672 (2240) steps (0.0006 hrs) -nan:-nan 13102 (28) sec
[470] Ep10000: Max 3672 (2411) steps (0.0007 hrs) -nan:-nan 13129 (27) sec
[471] Ep10000: Max 3672 (1955) steps (0.0005 hrs) -nan:-nan 13157 (28) sec
[472] Ep10000: Max 3672 (2542) steps (0.0007 hrs) -nan:-nan 13184 (27) sec
[473] Ep10000: Max 3672 (1946) steps (0.0005 hrs) -nan:-nan 13213 (29) sec
[474] Ep10000: Max 3672 (2370) steps (0.0007 hrs) -nan:-nan 13238 (25) sec
[475] Ep10000: Max 3672 (2226) steps (0.0006 hrs) -nan:-nan 13266 (28) sec
[476] Ep10000: Max 3672 (1957) steps (0.0005 hrs) -nan:-nan 13288 (22) sec
[477] Ep10000: Max 3672 (2589) steps (0.0007 hrs) -nan:-nan 13314 (26) sec
[478] Ep10000: Max 3672 (2238) steps (0.0006 hrs) -nan:-nan 13342 (28) sec
[479] Ep10000: Max 3672 (2230) steps (0.0006 hrs) -nan:-nan 13367 (25) sec
[480] Ep10000: Max 3672 (2113) steps (0.0006 hrs) -nan:-nan 13394 (27) sec
[481] Ep10000: Max 3672 (1990) steps (0.0006 hrs) -nan:-nan 13421 (27) sec
[482] Ep10000: Max 3672 (2189) steps (0.0006 hrs) -nan:-nan 13447 (26) sec
[483] Ep10000: Max 3672 (2132) steps (0.0006 hrs) -nan:-nan 13474 (27) sec
[484] Ep10000: Max 3672 (2269) steps (0.0006 hrs) -nan:-nan 13492 (18) sec
[485] Ep10000: Max 3672 (2146) steps (0.0006 hrs) -nan:-nan 13519 (27) sec
[486] Ep10000: Max 3672 (2000) steps (0.0006 hrs) -nan:-nan 13548 (29) sec
[487] Ep10000: Max 3672 (2002) steps (0.0006 hrs) -nan:-nan 13575 (27) sec
[488] Ep10000: Max 3672 (2083) steps (0.0006 hrs) -nan:-nan 13601 (26) sec
[489] Ep10000: Max 3672 (2277) steps (0.0006 hrs) -nan:-nan 13630 (29) sec
[490] Ep10000: Max 3672 (2515) steps (0.0007 hrs) -nan:-nan 13657 (27) sec
[491] Ep10000: Max 3672 (2364) steps (0.0007 hrs) -nan:-nan 13683 (26) sec
[492] Ep10000: Max 3672 (1822) steps (0.0005 hrs) -nan:-nan 13706 (23) sec
[493] Ep10000: Max 3672 (2140) steps (0.0006 hrs) -nan:-nan 13732 (26) sec
[494] Ep10000: Max 3672 (2080) steps (0.0006 hrs) -nan:-nan 13756 (24) sec
[495] Ep10000: Max 3672 (2178) steps (0.0006 hrs) -nan:-nan 13782 (26) sec
[496] Ep10000: Max 3672 (2737) steps (0.0008 hrs) -nan:-nan 13809 (27) sec
[497] Ep10000: Max 3672 (2042) steps (0.0006 hrs) -nan:-nan 13836 (27) sec
[498] Ep10000: Max 3672 (2461) steps (0.0007 hrs) -nan:-nan 13863 (27) sec
[499] Ep10000: Max 3672 (2399) steps (0.0007 hrs) -nan:-nan 13891 (28) sec
[500] Ep10000: Max 3672 (2175) steps (0.0006 hrs) -nan:-nan 13916 (25) sec
[501] Ep10000: Max 3672 (2373) steps (0.0007 hrs) -nan:-nan 13943 (27) sec
[502] Ep10000: Max 3672 (2598) steps (0.0007 hrs) -nan:-nan 13968 (25) sec
[503] Ep10000: Max 3672 (2760) steps (0.0008 hrs) -nan:-nan 13995 (27) sec
[504] Ep10000: Max 3672 (2034) steps (0.0006 hrs) -nan:-nan 14016 (21) sec
[505] Ep10000: Max 3672 (2206) steps (0.0006 hrs) -nan:-nan 14043 (27) sec
[506] Ep10000: Max 3672 (2579) steps (0.0007 hrs) -nan:-nan 14072 (29) sec
[507] Ep10000: Max 3672 (2192) steps (0.0006 hrs) -nan:-nan 14099 (27) sec
[508] Ep10000: Max 3672 (2196) steps (0.0006 hrs) -nan:-nan 14118 (19) sec
[509] Ep10000: Max 3672 (1916) steps (0.0005 hrs) -nan:-nan 14145 (27) sec
[510] Ep10000: Max 3672 (2268) steps (0.0006 hrs) -nan:-nan 14169 (24) sec
[511] Ep10000: Max 3672 (2386) steps (0.0007 hrs) -nan:-nan 14196 (27) sec
[512] Ep10000: Max 3672 (2220) steps (0.0006 hrs) -nan:-nan 14221 (25) sec
[513] Ep10000: Max 3672 (2354) steps (0.0007 hrs) -nan:-nan 14247 (26) sec
[514] Ep10000: Max 3672 (2577) steps (0.0007 hrs) -nan:-nan 14271 (24) sec
[515] Ep10000: Max 3672 (2030) steps (0.0006 hrs) -nan:-nan 14289 (18) sec
[516] Ep10000: Max 3672 (2096) steps (0.0006 hrs) -nan:-nan 14318 (29) sec
[517] Ep10000: Max 3672 (2499) steps (0.0007 hrs) -nan:-nan 14343 (25) sec
[518] Ep10000: Max 3672 (2319) steps (0.0006 hrs) -nan:-nan 14369 (26) sec
[519] Ep10000: Max 3672 (2207) steps (0.0006 hrs) -nan:-nan 14386 (17) sec
[520] Ep10000: Max 3672 (2193) steps (0.0006 hrs) -nan:-nan 14413 (27) sec
[521] Ep10000: Max 3672 (2128) steps (0.0006 hrs) -nan:-nan 14437 (24) sec
[522] Ep10000: Max 3672 (2046) steps (0.0006 hrs) -nan:-nan 14463 (26) sec
[523] Ep10000: Max 3672 (2533) steps (0.0007 hrs) -nan:-nan 14490 (27) sec
[524] Ep10000: Max 3672 (2322) steps (0.0006 hrs) -nan:-nan 14518 (28) sec
[525] Ep10000: Max 3672 (1723) steps (0.0005 hrs) -nan:-nan 14540 (22) sec
[526] Ep10000: Max 3672 (1974) steps (0.0005 hrs) -nan:-nan 14568 (28) sec
[527] Ep10000: Max 3672 (2690) steps (0.0007 hrs) -nan:-nan 14597 (29) sec
[528] Ep10000: Max 3672 (2463) steps (0.0007 hrs) -nan:-nan 14624 (27) sec
[529] Ep10000: Max 3672 (2473) steps (0.0007 hrs) -nan:-nan 14651 (27) sec
[530] Ep10000: Max 3672 (1931) steps (0.0005 hrs) -nan:-nan 14677 (26) sec
[531] Ep10000: Max 3672 (2109) steps (0.0006 hrs) -nan:-nan 14706 (29) sec
[532] Ep10000: Max 3672 (2284) steps (0.0006 hrs) -nan:-nan 14727 (21) sec
[533] Ep10000: Max 3672 (1975) steps (0.0005 hrs) -nan:-nan 14747 (20) sec
[534] Ep10000: Max 3672 (3154) steps (0.0009 hrs) -nan:-nan 14771 (24) sec
[535] Ep10000: Max 3672 (2341) steps (0.0007 hrs) -nan:-nan 14799 (28) sec
[536] Ep10000: Max 3672 (2230) steps (0.0006 hrs) -nan:-nan 14825 (26) sec
[537] Ep10000: Max 3672 (2251) steps (0.0006 hrs) -nan:-nan 14852 (27) sec
[538] Ep10000: Max 3672 (2268) steps (0.0006 hrs) -nan:-nan 14879 (27) sec
[539] Ep10000: Max 3672 (2038) steps (0.0006 hrs) -nan:-nan 14904 (25) sec
[540] Ep10000: Max 3672 (1838) steps (0.0005 hrs) -nan:-nan 14933 (29) sec
[541] Ep10000: Max 3672 (2889) steps (0.0008 hrs) -nan:-nan 14958 (25) sec
[542] Ep10000: Max 3672 (2190) steps (0.0006 hrs) -nan:-nan 14985 (27) sec
[543] Ep10000: Max 3672 (2070) steps (0.0006 hrs) -nan:-nan 15009 (24) sec
[544] Ep10000: Max 3672 (2019) steps (0.0006 hrs) -nan:-nan 15037 (28) sec
[545] Ep10000: Max 3672 (2516) steps (0.0007 hrs) -nan:-nan 15060 (23) sec
[546] Ep10000: Max 3672 (2325) steps (0.0006 hrs) -nan:-nan 15087 (27) sec
[547] Ep10000: Max 3672 (2655) steps (0.0007 hrs) -nan:-nan 15114 (27) sec
[548] Ep10000: Max 3672 (2649) steps (0.0007 hrs) -nan:-nan 15141 (27) sec
[549] Ep10000: Max 3672 (2111) steps (0.0006 hrs) -nan:-nan 15168 (27) sec
[550] Ep10000: Max 3672 (2097) steps (0.0006 hrs) -nan:-nan 15194 (26) sec
[551] Ep10000: Max 3672 (1901) steps (0.0005 hrs) -nan:-nan 15221 (27) sec
[552] Ep10000: Max 3672 (1932) steps (0.0005 hrs) -nan:-nan 15248 (27) sec
[553] Ep10000: Max 3672 (1921) steps (0.0005 hrs) -nan:-nan 15273 (25) sec
[554] Ep10000: Max 3672 (2441) steps (0.0007 hrs) -nan:-nan 15300 (27) sec
[555] Ep10000: Max 3672 (2720) steps (0.0008 hrs) -nan:-nan 15325 (25) sec
[556] Ep10000: Max 3672 (2503) steps (0.0007 hrs) -nan:-nan 15352 (27) sec
[557] Ep10000: Max 3672 (1895) steps (0.0005 hrs) -nan:-nan 15372 (20) sec
[558] Ep10000: Max 3672 (2404) steps (0.0007 hrs) -nan:-nan 15393 (21) sec
[559] Ep10000: Max 3672 (2102) steps (0.0006 hrs) -nan:-nan 15420 (27) sec
[560] Ep10000: Max 3672 (2772) steps (0.0008 hrs) -nan:-nan 15448 (28) sec
[561] Ep10000: Max 3672 (2308) steps (0.0006 hrs) -nan:-nan 15476 (28) sec
[562] Ep10000: Max 3672 (2602) steps (0.0007 hrs) -nan:-nan 15501 (25) sec
[563] Ep10000: Max 3672 (2362) steps (0.0007 hrs) -nan:-nan 15520 (19) sec
[564] Ep10000: Max 3672 (2340) steps (0.0007 hrs) -nan:-nan 15548 (28) sec
[565] Ep10000: Max 3672 (2123) steps (0.0006 hrs) -nan:-nan 15575 (27) sec
[566] Ep10000: Max 3672 (2810) steps (0.0008 hrs) -nan:-nan 15602 (27) sec
[567] Ep10000: Max 3672 (2244) steps (0.0006 hrs) -nan:-nan 15630 (28) sec
[568] Ep10000: Max 3672 (2373) steps (0.0007 hrs) -nan:-nan 15652 (22) sec
[569] Ep10000: Max 3672 (2762) steps (0.0008 hrs) -nan:-nan 15680 (28) sec
[570] Ep10000: Max 3672 (2284) steps (0.0006 hrs) -nan:-nan 15700 (20) sec
[571] Ep10000: Max 3672 (2748) steps (0.0008 hrs) -nan:-nan 15728 (28) sec
[572] Ep10000: Max 3672 (2136) steps (0.0006 hrs) -nan:-nan 15755 (27) sec
[573] Ep10000: Max 3672 (2052) steps (0.0006 hrs) -nan:-nan 15783 (28) sec
[574] Ep10000: Max 3672 (2146) steps (0.0006 hrs) -nan:-nan 15810 (27) sec
[575] Ep10000: Max 3672 (2415) steps (0.0007 hrs) -nan:-nan 15835 (25) sec
[576] Ep10000: Max 3672 (2174) steps (0.0006 hrs) -nan:-nan 15854 (19) sec
[577] Ep10000: Max 3672 (2299) steps (0.0006 hrs) -nan:-nan 15880 (26) sec
[578] Ep10000: Max 3672 (2234) steps (0.0006 hrs) -nan:-nan 15909 (29) sec
[579] Ep10000: Max 3672 (1746) steps (0.0005 hrs) -nan:-nan 15929 (20) sec
[580] Ep10000: Max 3672 (1985) steps (0.0006 hrs) -nan:-nan 15956 (27) sec
[581] Ep10000: Max 3672 (2005) steps (0.0006 hrs) -nan:-nan 15979 (23) sec
[582] Ep10000: Max 3672 (2718) steps (0.0008 hrs) -nan:-nan 16000 (21) sec
[583] Ep10000: Max 3672 (1783) steps (0.0005 hrs) -nan:-nan 16026 (26) sec
[584] Ep10000: Max 3672 (2407) steps (0.0007 hrs) -nan:-nan 16054 (28) sec
[585] Ep10000: Max 3672 (2642) steps (0.0007 hrs) -nan:-nan 16080 (26) sec
[586] Ep10000: Max 3672 (2379) steps (0.0007 hrs) -nan:-nan 16107 (27) sec
[587] Ep10000: Max 3672 (2234) steps (0.0006 hrs) -nan:-nan 16129 (22) sec
[588] Ep10000: Max 3672 (2342) steps (0.0007 hrs) -nan:-nan 16153 (24) sec
[589] Ep10000: Max 3672 (2429) steps (0.0007 hrs) -nan:-nan 16180 (27) sec
[590] Ep10000: Max 3672 (2120) steps (0.0006 hrs) -nan:-nan 16207 (27) sec
[591] Ep10000: Max 3672 (2433) steps (0.0007 hrs) -nan:-nan 16234 (27) sec
[592] Ep10000: Max 3672 (2304) steps (0.0006 hrs) -nan:-nan 16260 (26) sec
[593] Ep10000: Max 3672 (1979) steps (0.0005 hrs) -nan:-nan 16280 (20) sec
[594] Ep10000: Max 3672 (2221) steps (0.0006 hrs) -nan:-nan 16307 (27) sec
[595] Ep10000: Max 3672 (1816) steps (0.0005 hrs) -nan:-nan 16333 (26) sec
[596] Ep10000: Max 3672 (2439) steps (0.0007 hrs) -nan:-nan 16359 (26) sec
[597] Ep10000: Max 3672 (2219) steps (0.0006 hrs) -nan:-nan 16386 (27) sec
[598] Ep10000: Max 3672 (2266) steps (0.0006 hrs) -nan:-nan 16411 (25) sec
[599] Ep10000: Max 3672 (2296) steps (0.0006 hrs) -nan:-nan 16438 (27) sec
[600] Ep10000: Max 3672 (1859) steps (0.0005 hrs) -nan:-nan 16459 (21) sec
[601] Ep10000: Max 3672 (2438) steps (0.0007 hrs) -nan:-nan 16485 (26) sec
[602] Ep10000: Max 3672 (2163) steps (0.0006 hrs) -nan:-nan 16510 (25) sec
[603] Ep10000: Max 3672 (3001) steps (0.0008 hrs) -nan:-nan 16536 (26) sec
[604] Ep10000: Max 3672 (1867) steps (0.0005 hrs) -nan:-nan 16556 (20) sec
[605] Ep10000: Max 3672 (2671) steps (0.0007 hrs) -nan:-nan 16583 (27) sec
[606] Ep10000: Max 3672 (2469) steps (0.0007 hrs) -nan:-nan 16594 (11) sec
[607] Ep10000: Max 3672 (1767) steps (0.0005 hrs) -nan:-nan 16613 (19) sec
[608] Ep10000: Max 3672 (2445) steps (0.0007 hrs) -nan:-nan 16641 (28) sec
[609] Ep10000: Max 3672 (1692) steps (0.0005 hrs) -nan:-nan 16666 (25) sec
[610] Ep10000: Max 3672 (2212) steps (0.0006 hrs) -nan:-nan 16691 (25) sec
[611] Ep10000: Max 3672 (2020) steps (0.0006 hrs) -nan:-nan 16718 (27) sec
[612] Ep10000: Max 3672 (2381) steps (0.0007 hrs) -nan:-nan 16745 (27) sec
[613] Ep10000: Max 3672 (2983) steps (0.0008 hrs) -nan:-nan 16771 (26) sec
[614] Ep10000: Max 3672 (2395) steps (0.0007 hrs) -nan:-nan 16798 (27) sec
[615] Ep10000: Max 3672 (2369) steps (0.0007 hrs) -nan:-nan 16824 (26) sec
[616] Ep10000: Max 3672 (2390) steps (0.0007 hrs) -nan:-nan 16851 (27) sec
[617] Ep10000: Max 3672 (2280) steps (0.0006 hrs) -nan:-nan 16878 (27) sec
[618] Ep10000: Max 3672 (2375) steps (0.0007 hrs) -nan:-nan 16905 (27) sec
[619] Ep10000: Max 3672 (1937) steps (0.0005 hrs) -nan:-nan 16931 (26) sec
[620] Ep10000: Max 3672 (2214) steps (0.0006 hrs) -nan:-nan 16959 (28) sec
[621] Ep10000: Max 3672 (2163) steps (0.0006 hrs) -nan:-nan 16987 (28) sec
[622] Ep10000: Max 3672 (2859) steps (0.0008 hrs) -nan:-nan 17014 (27) sec
[623] Ep10000: Max 3672 (2679) steps (0.0007 hrs) -nan:-nan 17041 (27) sec
[624] Ep10000: Max 3672 (2359) steps (0.0007 hrs) -nan:-nan 17068 (27) sec
[625] Ep10000: Max 3672 (2087) steps (0.0006 hrs) -nan:-nan 17095 (27) sec
[626] Ep10000: Max 3672 (2111) steps (0.0006 hrs) -nan:-nan 17123 (28) sec
[627] Ep10000: Max 3672 (2737) steps (0.0008 hrs) -nan:-nan 17148 (25) sec
[628] Ep10000: Max 3672 (2093) steps (0.0006 hrs) -nan:-nan 17177 (29) sec
[629] Ep10000: Max 3672 (1867) steps (0.0005 hrs) -nan:-nan 17195 (18) sec
[630] Ep10000: Max 3672 (2179) steps (0.0006 hrs) -nan:-nan 17223 (28) sec
[631] Ep10000: Max 3672 (2112) steps (0.0006 hrs) -nan:-nan 17250 (27) sec
[632] Ep10000: Max 3672 (2090) steps (0.0006 hrs) -nan:-nan 17277 (27) sec
[633] Ep10000: Max 3672 (2392) steps (0.0007 hrs) -nan:-nan 17297 (20) sec
[634] Ep10000: Max 3672 (2054) steps (0.0006 hrs) -nan:-nan 17324 (27) sec
[635] Ep10000: Max 3672 (1777) steps (0.0005 hrs) -nan:-nan 17351 (27) sec
[636] Ep10000: Max 3672 (2407) steps (0.0007 hrs) -nan:-nan 17378 (27) sec
[637] Ep10000: Max 3672 (2488) steps (0.0007 hrs) -nan:-nan 17405 (27) sec
[638] Ep10000: Max 3672 (2285) steps (0.0006 hrs) -nan:-nan 17425 (20) sec
[639] Ep10000: Max 3672 (1953) steps (0.0005 hrs) -nan:-nan 17453 (28) sec
[640] Ep10000: Max 3672 (2448) steps (0.0007 hrs) -nan:-nan 17481 (28) sec
[641] Ep10000: Max 3672 (2787) steps (0.0008 hrs) -nan:-nan 17512 (31) sec
[642] Ep10000: Max 3672 (2266) steps (0.0006 hrs) -nan:-nan 17541 (29) sec
[643] Ep10000: Max 3672 (2558) steps (0.0007 hrs) -nan:-nan 17569 (28) sec
[644] Ep10000: Max 3672 (3508) steps (0.0010 hrs) -nan:-nan 17596 (27) sec
[645] Ep10000: Max 3672 (2450) steps (0.0007 hrs) -nan:-nan 17617 (21) sec
[646] Ep10000: Max 3672 (2419) steps (0.0007 hrs) -nan:-nan 17644 (27) sec
[647] Ep10000: Max 3672 (2174) steps (0.0006 hrs) -nan:-nan 17672 (28) sec
[648] Ep10000: Max 3672 (2083) steps (0.0006 hrs) -nan:-nan 17699 (27) sec
[649] Ep10000: Max 3672 (2215) steps (0.0006 hrs) -nan:-nan 17728 (29) sec
[650] Ep10000: Max 3672 (2263) steps (0.0006 hrs) -nan:-nan 17754 (26) sec
[651] Ep10000: Max 3672 (2267) steps (0.0006 hrs) -nan:-nan 17782 (28) sec
[652] Ep10000: Max 3672 (1917) steps (0.0005 hrs) -nan:-nan 17810 (28) sec
[653] Ep10000: Max 3672 (2319) steps (0.0006 hrs) -nan:-nan 17836 (26) sec
[654] Ep10000: Max 3672 (2461) steps (0.0007 hrs) -nan:-nan 17864 (28) sec
[655] Ep10000: Max 3672 (2225) steps (0.0006 hrs) -nan:-nan 17888 (24) sec
[656] Ep10000: Max 3672 (2149) steps (0.0006 hrs) -nan:-nan 17913 (25) sec
[657] Ep10000: Max 3672 (2404) steps (0.0007 hrs) -nan:-nan 17940 (27) sec
[658] Ep10000: Max 3672 (2470) steps (0.0007 hrs) -nan:-nan 17968 (28) sec
[659] Ep10000: Max 3672 (1881) steps (0.0005 hrs) -nan:-nan 17994 (26) sec
[660] Ep10000: Max 3672 (2314) steps (0.0006 hrs) -nan:-nan 18018 (24) sec
[661] Ep10000: Max 3672 (2355) steps (0.0007 hrs) -nan:-nan 18042 (24) sec
[662] Ep10000: Max 3672 (2380) steps (0.0007 hrs) -nan:-nan 18069 (27) sec
[663] Ep10000: Max 3672 (1965) steps (0.0005 hrs) -nan:-nan 18097 (28) sec
[664] Ep10000: Max 3672 (2364) steps (0.0007 hrs) -nan:-nan 18125 (28) sec
[665] Ep10000: Max 3672 (2221) steps (0.0006 hrs) -nan:-nan 18151 (26) sec
[666] Ep10000: Max 3672 (1964) steps (0.0005 hrs) -nan:-nan 18172 (21) sec
[667] Ep10000: Max 3672 (2464) steps (0.0007 hrs) -nan:-nan 18198 (26) sec
[668] Ep10000: Max 3672 (2248) steps (0.0006 hrs) -nan:-nan 18225 (27) sec
[669] Ep10000: Max 3672 (2225) steps (0.0006 hrs) -nan:-nan 18253 (28) sec
[670] Ep10000: Max 3672 (2286) steps (0.0006 hrs) -nan:-nan 18280 (27) sec
[671] Ep10000: Max 3672 (2024) steps (0.0006 hrs) -nan:-nan 18306 (26) sec
[672] Ep10000: Max 3672 (1842) steps (0.0005 hrs) -nan:-nan 18333 (27) sec
[673] Ep10000: Max 3672 (2151) steps (0.0006 hrs) -nan:-nan 18352 (19) sec
[674] Ep10000: Max 3672 (2145) steps (0.0006 hrs) -nan:-nan 18378 (26) sec
[675] Ep10000: Max 3672 (2421) steps (0.0007 hrs) -nan:-nan 18401 (23) sec
[676] Ep10000: Max 3672 (2735) steps (0.0008 hrs) -nan:-nan 18428 (27) sec
[677] Ep10000: Max 3672 (2333) steps (0.0006 hrs) -nan:-nan 18455 (27) sec
[678] Ep10000: Max 3672 (1879) steps (0.0005 hrs) -nan:-nan 18479 (24) sec
[679] Ep10000: Max 3672 (2127) steps (0.0006 hrs) -nan:-nan 18507 (28) sec
[680] Ep10000: Max 3672 (2634) steps (0.0007 hrs) -nan:-nan 18535 (28) sec
[681] Ep10000: Max 3672 (2264) steps (0.0006 hrs) -nan:-nan 18562 (27) sec
[682] Ep10000: Max 3672 (2374) steps (0.0007 hrs) -nan:-nan 18589 (27) sec
[683] Ep10000: Max 3672 (2067) steps (0.0006 hrs) -nan:-nan 18617 (28) sec
[684] Ep10000: Max 3672 (2107) steps (0.0006 hrs) -nan:-nan 18635 (18) sec
[685] Ep10000: Max 3672 (2036) steps (0.0006 hrs) -nan:-nan 18662 (27) sec
[686] Ep10000: Max 3672 (1711) steps (0.0005 hrs) -nan:-nan 18683 (21) sec
[687] Ep10000: Max 3672 (1978) steps (0.0005 hrs) -nan:-nan 18710 (27) sec
[688] Ep10000: Max 3672 (2237) steps (0.0006 hrs) -nan:-nan 18737 (27) sec
[689] Ep10000: Max 3672 (2694) steps (0.0007 hrs) -nan:-nan 18764 (27) sec
[690] Ep10000: Max 3672 (2556) steps (0.0007 hrs) -nan:-nan 18792 (28) sec
[691] Ep10000: Max 3672 (2053) steps (0.0006 hrs) -nan:-nan 18818 (26) sec
[692] Ep10000: Max 3672 (2244) steps (0.0006 hrs) -nan:-nan 18846 (28) sec
[693] Ep10000: Max 3672 (1779) steps (0.0005 hrs) -nan:-nan 18868 (22) sec
[694] Ep10000: Max 3672 (1961) steps (0.0005 hrs) -nan:-nan 18896 (28) sec
[695] Ep10000: Max 3672 (2034) steps (0.0006 hrs) -nan:-nan 18924 (28) sec
[696] Ep10000: Max 3672 (2207) steps (0.0006 hrs) -nan:-nan 18951 (27) sec
[697] Ep10000: Max 3672 (2025) steps (0.0006 hrs) -nan:-nan 18979 (28) sec
[698] Ep10000: Max 3672 (2140) steps (0.0006 hrs) -nan:-nan 19007 (28) sec
[699] Ep10000: Max 3672 (2035) steps (0.0006 hrs) -nan:-nan 19034 (27) sec
[700] Ep10000: Max 3672 (2275) steps (0.0006 hrs) -nan:-nan 19061 (27) sec
[701] Ep10000: Max 3672 (2560) steps (0.0007 hrs) -nan:-nan 19086 (25) sec
[702] Ep10000: Max 3672 (2127) steps (0.0006 hrs) -nan:-nan 19113 (27) sec
[703] Ep10000: Max 3672 (2244) steps (0.0006 hrs) -nan:-nan 19140 (27) sec
[704] Ep10000: Max 3672 (2150) steps (0.0006 hrs) -nan:-nan 19167 (27) sec
[705] Ep10000: Max 3672 (2145) steps (0.0006 hrs) -nan:-nan 19194 (27) sec
[706] Ep10000: Max 3672 (2065) steps (0.0006 hrs) -nan:-nan 19222 (28) sec
[707] Ep10000: Max 3672 (2903) steps (0.0008 hrs) -nan:-nan 19250 (28) sec
[708] Ep10000: Max 3672 (2411) steps (0.0007 hrs) -nan:-nan 19276 (26) sec
[709] Ep10000: Max 3672 (1953) steps (0.0005 hrs) -nan:-nan 19302 (26) sec
[710] Ep10000: Max 3672 (2267) steps (0.0006 hrs) -nan:-nan 19325 (23) sec
[711] Ep10000: Max 3672 (1899) steps (0.0005 hrs) -nan:-nan 19352 (27) sec
[712] Ep10000: Max 3672 (1775) steps (0.0005 hrs) -nan:-nan 19376 (24) sec
[713] Ep10000: Max 3672 (2213) steps (0.0006 hrs) -nan:-nan 19398 (22) sec
[714] Ep10000: Max 3672 (2207) steps (0.0006 hrs) -nan:-nan 19425 (27) sec
[715] Ep10000: Max 3672 (2493) steps (0.0007 hrs) -nan:-nan 19446 (21) sec
[716] Ep10000: Max 3672 (2056) steps (0.0006 hrs) -nan:-nan 19468 (22) sec
[717] Ep10000: Max 3672 (2202) steps (0.0006 hrs) -nan:-nan 19496 (28) sec
[718] Ep10000: Max 3672 (2039) steps (0.0006 hrs) -nan:-nan 19520 (24) sec
[719] Ep10000: Max 3672 (2562) steps (0.0007 hrs) -nan:-nan 19548 (28) sec
[720] Ep10000: Max 3672 (2210) steps (0.0006 hrs) -nan:-nan 19574 (26) sec
[721] Ep10000: Max 3672 (2419) steps (0.0007 hrs) -nan:-nan 19602 (28) sec
[722] Ep10000: Max 3672 (2651) steps (0.0007 hrs) -nan:-nan 19629 (27) sec
[723] Ep10000: Max 3672 (2390) steps (0.0007 hrs) -nan:-nan 19657 (28) sec
[724] Ep10000: Max 3672 (2096) steps (0.0006 hrs) -nan:-nan 19685 (28) sec
[725] Ep10000: Max 3672 (2535) steps (0.0007 hrs) -nan:-nan 19708 (23) sec
[726] Ep10000: Max 3672 (2099) steps (0.0006 hrs) -nan:-nan 19735 (27) sec
[727] Ep10000: Max 3672 (1994) steps (0.0006 hrs) -nan:-nan 19762 (27) sec
[728] Ep10000: Max 3672 (1972) steps (0.0005 hrs) -nan:-nan 19785 (23) sec
[729] Ep10000: Max 3672 (2697) steps (0.0007 hrs) -nan:-nan 19812 (27) sec
[730] Ep10000: Max 3672 (2235) steps (0.0006 hrs) -nan:-nan 19832 (20) sec
[731] Ep10000: Max 3672 (2254) steps (0.0006 hrs) -nan:-nan 19859 (27) sec
[732] Ep10000: Max 3672 (2228) steps (0.0006 hrs) -nan:-nan 19887 (28) sec
[733] Ep10000: Max 3672 (1807) steps (0.0005 hrs) -nan:-nan 19913 (26) sec
[734] Ep10000: Max 3672 (2368) steps (0.0007 hrs) -nan:-nan 19941 (28) sec
[735] Ep10000: Max 3672 (1947) steps (0.0005 hrs) -nan:-nan 19964 (23) sec
[736] Ep10000: Max 3672 (2372) steps (0.0007 hrs) -nan:-nan 19990 (26) sec
[737] Ep10000: Max 3672 (2196) steps (0.0006 hrs) -nan:-nan 20011 (21) sec
[738] Ep10000: Max 3672 (1897) steps (0.0005 hrs) -nan:-nan 20038 (27) sec
[739] Ep10000: Max 3672 (2358) steps (0.0007 hrs) -nan:-nan 20065 (27) sec
[740] Ep10000: Max 3672 (1952) steps (0.0005 hrs) -nan:-nan 20092 (27) sec
[741] Ep10000: Max 3672 (3079) steps (0.0009 hrs) -nan:-nan 20119 (27) sec
[742] Ep10000: Max 3672 (2159) steps (0.0006 hrs) -nan:-nan 20145 (26) sec
[743] Ep10000: Max 3672 (2255) steps (0.0006 hrs) -nan:-nan 20172 (27) sec
[744] Ep10000: Max 3672 (1942) steps (0.0005 hrs) -nan:-nan 20198 (26) sec
[745] Ep10000: Max 3672 (3047) steps (0.0008 hrs) -nan:-nan 20226 (28) sec
[746] Ep10000: Max 3672 (2452) steps (0.0007 hrs) -nan:-nan 20253 (27) sec
[747] Ep10000: Max 3672 (2573) steps (0.0007 hrs) -nan:-nan 20276 (23) sec
[748] Ep10000: Max 3672 (1871) steps (0.0005 hrs) -nan:-nan 20298 (22) sec
[749] Ep10000: Max 3672 (2264) steps (0.0006 hrs) -nan:-nan 20326 (28) sec
[750] Ep10000: Max 3672 (2580) steps (0.0007 hrs) -nan:-nan 20353 (27) sec
[751] Ep10000: Max 3672 (1810) steps (0.0005 hrs) -nan:-nan 20378 (25) sec
[752] Ep10000: Max 3672 (2108) steps (0.0006 hrs) -nan:-nan 20407 (29) sec
[753] Ep10000: Max 3672 (2888) steps (0.0008 hrs) -nan:-nan 20434 (27) sec
[754] Ep10000: Max 3672 (2121) steps (0.0006 hrs) -nan:-nan 20462 (28) sec
[755] Ep10000: Max 3672 (2256) steps (0.0006 hrs) -nan:-nan 20488 (26) sec
[756] Ep10000: Max 3672 (1939) steps (0.0005 hrs) -nan:-nan 20510 (22) sec
[757] Ep10000: Max 3672 (2063) steps (0.0006 hrs) -nan:-nan 20534 (24) sec
[758] Ep10000: Max 3672 (2243) steps (0.0006 hrs) -nan:-nan 20553 (19) sec
[759] Ep10000: Max 3672 (2615) steps (0.0007 hrs) -nan:-nan 20580 (27) sec
[760] Ep10000: Max 3672 (2195) steps (0.0006 hrs) -nan:-nan 20607 (27) sec
[761] Ep10000: Max 3672 (2897) steps (0.0008 hrs) -nan:-nan 20635 (28) sec
[762] Ep10000: Max 3672 (2265) steps (0.0006 hrs) -nan:-nan 20656 (21) sec
[763] Ep10000: Max 3672 (2474) steps (0.0007 hrs) -nan:-nan 20683 (27) sec
[764] Ep10000: Max 3672 (2517) steps (0.0007 hrs) -nan:-nan 20710 (27) sec
[765] Ep10000: Max 3672 (2067) steps (0.0006 hrs) -nan:-nan 20736 (26) sec
[766] Ep10000: Max 3672 (2635) steps (0.0007 hrs) -nan:-nan 20762 (26) sec
[767] Ep10000: Max 3672 (2296) steps (0.0006 hrs) -nan:-nan 20789 (27) sec
[768] Ep10000: Max 3672 (2874) steps (0.0008 hrs) -nan:-nan 20816 (27) sec
[769] Ep10000: Max 3672 (2021) steps (0.0006 hrs) -nan:-nan 20843 (27) sec
[770] Ep10000: Max 3672 (2052) steps (0.0006 hrs) -nan:-nan 20865 (22) sec
[771] Ep10000: Max 3672 (2144) steps (0.0006 hrs) -nan:-nan 20890 (25) sec
[772] Ep10000: Max 3672 (2186) steps (0.0006 hrs) -nan:-nan 20916 (26) sec
[773] Ep10000: Max 3672 (1856) steps (0.0005 hrs) -nan:-nan 20938 (22) sec
[774] Ep10000: Max 3672 (2674) steps (0.0007 hrs) -nan:-nan 20965 (27) sec
[775] Ep10000: Max 3672 (2385) steps (0.0007 hrs) -nan:-nan 20992 (27) sec
[776] Ep10000: Max 3672 (2506) steps (0.0007 hrs) -nan:-nan 21021 (29) sec
[777] Ep10000: Max 3672 (2141) steps (0.0006 hrs) -nan:-nan 21039 (18) sec
[778] Ep10000: Max 3672 (1995) steps (0.0006 hrs) -nan:-nan 21058 (19) sec
[779] Ep10000: Max 3672 (3149) steps (0.0009 hrs) -nan:-nan 21087 (29) sec
[780] Ep10000: Max 3672 (2231) steps (0.0006 hrs) -nan:-nan 21113 (26) sec
[781] Ep10000: Max 3672 (2364) steps (0.0007 hrs) -nan:-nan 21142 (29) sec
[782] Ep10000: Max 3672 (2662) steps (0.0007 hrs) -nan:-nan 21169 (27) sec
[783] Ep10000: Max 3672 (2081) steps (0.0006 hrs) -nan:-nan 21197 (28) sec
[784] Ep10000: Max 3672 (2381) steps (0.0007 hrs) -nan:-nan 21227 (30) sec
[785] Ep10000: Max 3672 (2321) steps (0.0006 hrs) -nan:-nan 21245 (18) sec
[786] Ep10000: Max 3672 (2334) steps (0.0006 hrs) -nan:-nan 21272 (27) sec
[787] Ep10000: Max 3672 (1366) steps (0.0004 hrs) -nan:-nan 21279 (7) sec
[788] Ep10000: Max 3672 (1996) steps (0.0006 hrs) -nan:-nan 21291 (12) sec
[789] Ep10000: Max 3672 (2398) steps (0.0007 hrs) -nan:-nan 21318 (27) sec
[790] Ep10000: Max 3672 (1841) steps (0.0005 hrs) -nan:-nan 21346 (28) sec
[791] Ep10000: Max 3672 (2368) steps (0.0007 hrs) -nan:-nan 21372 (26) sec
[792] Ep10000: Max 3672 (2937) steps (0.0008 hrs) -nan:-nan 21399 (27) sec
[793] Ep10000: Max 3672 (2489) steps (0.0007 hrs) -nan:-nan 21427 (28) sec
[794] Ep10000: Max 3672 (2235) steps (0.0006 hrs) -nan:-nan 21454 (27) sec
[795] Ep10000: Max 3672 (2370) steps (0.0007 hrs) -nan:-nan 21481 (27) sec
[796] Ep10000: Max 3672 (2430) steps (0.0007 hrs) -nan:-nan 21506 (25) sec
[797] Ep10000: Max 3672 (2271) steps (0.0006 hrs) -nan:-nan 21533 (27) sec
[798] Ep10000: Max 3672 (2691) steps (0.0007 hrs) -nan:-nan 21562 (29) sec
[799] Ep10000: Max 3672 (2277) steps (0.0006 hrs) -nan:-nan 21582 (20) sec
[800] Ep10000: Max 3672 (2106) steps (0.0006 hrs) -nan:-nan 21609 (27) sec
[801] Ep10000: Max 3672 (2251) steps (0.0006 hrs) -nan:-nan 21628 (19) sec
[802] Ep10000: Max 3672 (2278) steps (0.0006 hrs) -nan:-nan 21656 (28) sec
[803] Ep10000: Max 3672 (2066) steps (0.0006 hrs) -nan:-nan 21685 (29) sec
[804] Ep10000: Max 3672 (2009) steps (0.0006 hrs) -nan:-nan 21711 (26) sec
[805] Ep10000: Max 3672 (2295) steps (0.0006 hrs) -nan:-nan 21739 (28) sec
[806] Ep10000: Max 3672 (2511) steps (0.0007 hrs) -nan:-nan 21766 (27) sec
[807] Ep10000: Max 3672 (2074) steps (0.0006 hrs) -nan:-nan 21790 (24) sec
[808] Ep10000: Max 3672 (2176) steps (0.0006 hrs) -nan:-nan 21810 (20) sec
[809] Ep10000: Max 3672 (1936) steps (0.0005 hrs) -nan:-nan 21837 (27) sec
[810] Ep10000: Max 3672 (2258) steps (0.0006 hrs) -nan:-nan 21864 (27) sec
[811] Ep10000: Max 3672 (2226) steps (0.0006 hrs) -nan:-nan 21892 (28) sec
[812] Ep10000: Max 3672 (2631) steps (0.0007 hrs) -nan:-nan 21920 (28) sec
[813] Ep10000: Max 3672 (2424) steps (0.0007 hrs) -nan:-nan 21947 (27) sec
[814] Ep10000: Max 3672 (2500) steps (0.0007 hrs) -nan:-nan 21974 (27) sec
[815] Ep10000: Max 3672 (2077) steps (0.0006 hrs) -nan:-nan 22001 (27) sec
[816] Ep10000: Max 3672 (1709) steps (0.0005 hrs) -nan:-nan 22028 (27) sec
[817] Ep10000: Max 3672 (2451) steps (0.0007 hrs) -nan:-nan 22054 (26) sec
[818] Ep10000: Max 3672 (2230) steps (0.0006 hrs) -nan:-nan 22081 (27) sec
[819] Ep10000: Max 3672 (2089) steps (0.0006 hrs) -nan:-nan 22104 (23) sec
[820] Ep10000: Max 3672 (1996) steps (0.0006 hrs) -nan:-nan 22131 (27) sec
[821] Ep10000: Max 3672 (2061) steps (0.0006 hrs) -nan:-nan 22159 (28) sec
[822] Ep10000: Max 3672 (2324) steps (0.0006 hrs) -nan:-nan 22181 (22) sec
[823] Ep10000: Max 3672 (2544) steps (0.0007 hrs) -nan:-nan 22209 (28) sec
[824] Ep10000: Max 3672 (2260) steps (0.0006 hrs) -nan:-nan 22232 (23) sec
[825] Ep10000: Max 3672 (2421) steps (0.0007 hrs) -nan:-nan 22253 (21) sec
[826] Ep10000: Max 3672 (2256) steps (0.0006 hrs) -nan:-nan 22280 (27) sec
[827] Ep10000: Max 3672 (2162) steps (0.0006 hrs) -nan:-nan 22307 (27) sec
[828] Ep10000: Max 3672 (3006) steps (0.0008 hrs) -nan:-nan 22326 (19) sec
[829] Ep10000: Max 3672 (1838) steps (0.0005 hrs) -nan:-nan 22346 (20) sec
[830] Ep10000: Max 3672 (2137) steps (0.0006 hrs) -nan:-nan 22374 (28) sec
[831] Ep10000: Max 3672 (2393) steps (0.0007 hrs) -nan:-nan 22402 (28) sec
[832] Ep10000: Max 3672 (2020) steps (0.0006 hrs) -nan:-nan 22429 (27) sec
[833] Ep10000: Max 3672 (1894) steps (0.0005 hrs) -nan:-nan 22451 (22) sec
[834] Ep10000: Max 3672 (1914) steps (0.0005 hrs) -nan:-nan 22475 (24) sec
[835] Ep10000: Max 3672 (1864) steps (0.0005 hrs) -nan:-nan 22502 (27) sec
[836] Ep10000: Max 3672 (2209) steps (0.0006 hrs) -nan:-nan 22529 (27) sec
[837] Ep10000: Max 3672 (2242) steps (0.0006 hrs) -nan:-nan 22556 (27) sec
[838] Ep10000: Max 3672 (2706) steps (0.0008 hrs) -nan:-nan 22584 (28) sec
[839] Ep10000: Max 3672 (2204) steps (0.0006 hrs) -nan:-nan 22611 (27) sec
[840] Ep10000: Max 3672 (1947) steps (0.0005 hrs) -nan:-nan 22639 (28) sec
[841] Ep10000: Max 3672 (2381) steps (0.0007 hrs) -nan:-nan 22666 (27) sec
[842] Ep10000: Max 3672 (2302) steps (0.0006 hrs) -nan:-nan 22693 (27) sec
[843] Ep10000: Max 3672 (1960) steps (0.0005 hrs) -nan:-nan 22719 (26) sec
[844] Ep10000: Max 3672 (2210) steps (0.0006 hrs) -nan:-nan 22746 (27) sec
[845] Ep10000: Max 3672 (2094) steps (0.0006 hrs) -nan:-nan 22773 (27) sec
[846] Ep10000: Max 3672 (2714) steps (0.0008 hrs) -nan:-nan 22800 (27) sec
[847] Ep10000: Max 3672 (2246) steps (0.0006 hrs) -nan:-nan 22827 (27) sec
[848] Ep10000: Max 3672 (2421) steps (0.0007 hrs) -nan:-nan 22854 (27) sec
[849] Ep10000: Max 3672 (2673) steps (0.0007 hrs) -nan:-nan 22881 (27) sec
[850] Ep10000: Max 3672 (2000) steps (0.0006 hrs) -nan:-nan 22909 (28) sec
[851] Ep10000: Max 3672 (2245) steps (0.0006 hrs) -nan:-nan 22936 (27) sec
[852] Ep10000: Max 3672 (2375) steps (0.0007 hrs) -nan:-nan 22964 (28) sec
[853] Ep10000: Max 3672 (2188) steps (0.0006 hrs) -nan:-nan 22986 (22) sec
[854] Ep10000: Max 3672 (2072) steps (0.0006 hrs) -nan:-nan 23007 (21) sec
[855] Ep10000: Max 3672 (2063) steps (0.0006 hrs) -nan:-nan 23034 (27) sec
[856] Ep10000: Max 3672 (1799) steps (0.0005 hrs) -nan:-nan 23062 (28) sec
[857] Ep10000: Max 3672 (1818) steps (0.0005 hrs) -nan:-nan 23089 (27) sec
[858] Ep10000: Max 3672 (2396) steps (0.0007 hrs) -nan:-nan 23117 (28) sec
[859] Ep10000: Max 3672 (2551) steps (0.0007 hrs) -nan:-nan 23146 (29) sec
[860] Ep10000: Max 3672 (2613) steps (0.0007 hrs) -nan:-nan 23171 (25) sec
[861] Ep10000: Max 3672 (1868) steps (0.0005 hrs) -nan:-nan 23198 (27) sec
[862] Ep10000: Max 3672 (2443) steps (0.0007 hrs) -nan:-nan 23222 (24) sec
[863] Ep10000: Max 3672 (1855) steps (0.0005 hrs) -nan:-nan 23241 (19) sec
[864] Ep10000: Max 3672 (1873) steps (0.0005 hrs) -nan:-nan 23264 (23) sec
[865] Ep10000: Max 3672 (2336) steps (0.0006 hrs) -nan:-nan 23289 (25) sec
[866] Ep10000: Max 3672 (2286) steps (0.0006 hrs) -nan:-nan 23317 (28) sec
[867] Ep10000: Max 3672 (1926) steps (0.0005 hrs) -nan:-nan 23344 (27) sec
[868] Ep10000: Max 3672 (2070) steps (0.0006 hrs) -nan:-nan 23372 (28) sec
[869] Ep10000: Max 3672 (2055) steps (0.0006 hrs) -nan:-nan 23397 (25) sec
[870] Ep10000: Max 3672 (2381) steps (0.0007 hrs) -nan:-nan 23425 (28) sec
[871] Ep10000: Max 3672 (1710) steps (0.0005 hrs) -nan:-nan 23447 (22) sec
[872] Ep10000: Max 3672 (1867) steps (0.0005 hrs) -nan:-nan 23471 (24) sec
[873] Ep10000: Max 3672 (1958) steps (0.0005 hrs) -nan:-nan 23498 (27) sec
[874] Ep10000: Max 3672 (1888) steps (0.0005 hrs) -nan:-nan 23522 (24) sec
[875] Ep10000: Max 3672 (2408) steps (0.0007 hrs) -nan:-nan 23549 (27) sec
[876] Ep10000: Max 3672 (2313) steps (0.0006 hrs) -nan:-nan 23572 (23) sec
[877] Ep10000: Max 3672 (1943) steps (0.0005 hrs) -nan:-nan 23594 (22) sec
[878] Ep10000: Max 3672 (1823) steps (0.0005 hrs) -nan:-nan 23617 (23) sec
[879] Ep10000: Max 3672 (1988) steps (0.0006 hrs) -nan:-nan 23647 (30) sec
[880] Ep10000: Max 3672 (2372) steps (0.0007 hrs) -nan:-nan 23676 (29) sec
[881] Ep10000: Max 3672 (1962) steps (0.0005 hrs) -nan:-nan 23702 (26) sec
[882] Ep10000: Max 3672 (2206) steps (0.0006 hrs) -nan:-nan 23729 (27) sec
[883] Ep10000: Max 3672 (2102) steps (0.0006 hrs) -nan:-nan 23755 (26) sec
[884] Ep10000: Max 3672 (2498) steps (0.0007 hrs) -nan:-nan 23784 (29) sec
[885] Ep10000: Max 3672 (2452) steps (0.0007 hrs) -nan:-nan 23810 (26) sec
[886] Ep10000: Max 3672 (2437) steps (0.0007 hrs) -nan:-nan 23830 (20) sec
[887] Ep10000: Max 3672 (3057) steps (0.0008 hrs) -nan:-nan 23852 (22) sec
[888] Ep10000: Max 3672 (2313) steps (0.0006 hrs) -nan:-nan 23880 (28) sec
[889] Ep10000: Max 3672 (2019) steps (0.0006 hrs) -nan:-nan 23907 (27) sec
[890] Ep10000: Max 3672 (2580) steps (0.0007 hrs) -nan:-nan 23931 (24) sec
[891] Ep10000: Max 3672 (3244) steps (0.0009 hrs) -nan:-nan 23959 (28) sec
[892] Ep10000: Max 3672 (2066) steps (0.0006 hrs) -nan:-nan 23987 (28) sec
[893] Ep10000: Max 3672 (2373) steps (0.0007 hrs) -nan:-nan 24015 (28) sec
[894] Ep10000: Max 3672 (2036) steps (0.0006 hrs) -nan:-nan 24043 (28) sec
[895] Ep10000: Max 3672 (2485) steps (0.0007 hrs) -nan:-nan 24072 (29) sec
[896] Ep10000: Max 3672 (2751) steps (0.0008 hrs) -nan:-nan 24096 (24) sec
[897] Ep10000: Max 3672 (2183) steps (0.0006 hrs) -nan:-nan 24122 (26) sec
[898] Ep10000: Max 3672 (2119) steps (0.0006 hrs) -nan:-nan 24142 (20) sec
[899] Ep10000: Max 3672 (1846) steps (0.0005 hrs) -nan:-nan 24168 (26) sec
[900] Ep10000: Max 3672 (2241) steps (0.0006 hrs) -nan:-nan 24196 (28) sec
[901] Ep10000: Max 3672 (2245) steps (0.0006 hrs) -nan:-nan 24224 (28) sec
[902] Ep10000: Max 3672 (2876) steps (0.0008 hrs) -nan:-nan 24253 (29) sec
[903] Ep10000: Max 3672 (2036) steps (0.0006 hrs) -nan:-nan 24280 (27) sec
[904] Ep10000: Max 3672 (2004) steps (0.0006 hrs) -nan:-nan 24306 (26) sec
[905] Ep10000: Max 3672 (2377) steps (0.0007 hrs) -nan:-nan 24335 (29) sec
[906] Ep10000: Max 3672 (3134) steps (0.0009 hrs) -nan:-nan 24363 (28) sec
[907] Ep10000: Max 3672 (2476) steps (0.0007 hrs) -nan:-nan 24392 (29) sec
[908] Ep10000: Max 3672 (2356) steps (0.0007 hrs) -nan:-nan 24416 (24) sec
[909] Ep10000: Max 3672 (2340) steps (0.0007 hrs) -nan:-nan 24440 (24) sec
[910] Ep10000: Max 3672 (2100) steps (0.0006 hrs) -nan:-nan 24472 (32) sec
[911] Ep10000: Max 3672 (2032) steps (0.0006 hrs) -nan:-nan 24506 (34) sec
[912] Ep10000: Max 3672 (1987) steps (0.0006 hrs) -nan:-nan 24531 (25) sec
[913] Ep10000: Max 3672 (2365) steps (0.0007 hrs) -nan:-nan 24557 (26) sec
[914] Ep10000: Max 3672 (2434) steps (0.0007 hrs) -nan:-nan 24581 (24) sec
[915] Ep10000: Max 3672 (2444) steps (0.0007 hrs) -nan:-nan 24610 (29) sec
[916] Ep10000: Max 3672 (2489) steps (0.0007 hrs) -nan:-nan 24638 (28) sec
[917] Ep10000: Max 3672 (2244) steps (0.0006 hrs) -nan:-nan 24667 (29) sec
[918] Ep10000: Max 3672 (2143) steps (0.0006 hrs) -nan:-nan 24697 (30) sec
[919] Ep10000: Max 3672 (2266) steps (0.0006 hrs) -nan:-nan 24722 (25) sec
[920] Ep10000: Max 3672 (2257) steps (0.0006 hrs) -nan:-nan 24750 (28) sec
[921] Ep10000: Max 3672 (2468) steps (0.0007 hrs) -nan:-nan 24778 (28) sec
[922] Ep10000: Max 3672 (2089) steps (0.0006 hrs) -nan:-nan 24806 (28) sec
[923] Ep10000: Max 3672 (2462) steps (0.0007 hrs) -nan:-nan 24835 (29) sec
[924] Ep10000: Max 3672 (2527) steps (0.0007 hrs) -nan:-nan 24863 (28) sec
[925] Ep10000: Max 3672 (2051) steps (0.0006 hrs) -nan:-nan 24884 (21) sec
[926] Ep10000: Max 3672 (2133) steps (0.0006 hrs) -nan:-nan 24912 (28) sec
[927] Ep10000: Max 3672 (2369) steps (0.0007 hrs) -nan:-nan 24936 (24) sec
[928] Ep10000: Max 3672 (2221) steps (0.0006 hrs) -nan:-nan 24961 (25) sec
[929] Ep10000: Max 3672 (2752) steps (0.0008 hrs) -nan:-nan 24989 (28) sec
[930] Ep10000: Max 3672 (2193) steps (0.0006 hrs) -nan:-nan 25016 (27) sec
[931] Ep10000: Max 3672 (2191) steps (0.0006 hrs) -nan:-nan 25044 (28) sec
[932] Ep10000: Max 3672 (2641) steps (0.0007 hrs) -nan:-nan 25072 (28) sec
[933] Ep10000: Max 3672 (2125) steps (0.0006 hrs) -nan:-nan 25100 (28) sec
[934] Ep10000: Max 3672 (2299) steps (0.0006 hrs) -nan:-nan 25127 (27) sec
[935] Ep10000: Max 3672 (2428) steps (0.0007 hrs) -nan:-nan 25155 (28) sec
[936] Ep10000: Max 3672 (2531) steps (0.0007 hrs) -nan:-nan 25181 (26) sec
[937] Ep10000: Max 3672 (1961) steps (0.0005 hrs) -nan:-nan 25209 (28) sec
[938] Ep10000: Max 3672 (2603) steps (0.0007 hrs) -nan:-nan 25237 (28) sec
[939] Ep10000: Max 3672 (2691) steps (0.0007 hrs) -nan:-nan 25265 (28) sec
[940] Ep10000: Max 3672 (2022) steps (0.0006 hrs) -nan:-nan 25291 (26) sec
[941] Ep10000: Max 3672 (1891) steps (0.0005 hrs) -nan:-nan 25307 (16) sec
[942] Ep10000: Max 3672 (2017) steps (0.0006 hrs) -nan:-nan 25330 (23) sec
[943] Ep10000: Max 3672 (2671) steps (0.0007 hrs) -nan:-nan 25356 (26) sec
[944] Ep10000: Max 3672 (2111) steps (0.0006 hrs) -nan:-nan 25377 (21) sec
[945] Ep10000: Max 3672 (2399) steps (0.0007 hrs) -nan:-nan 25405 (28) sec
[946] Ep10000: Max 3672 (2329) steps (0.0006 hrs) -nan:-nan 25425 (20) sec
[947] Ep10000: Max 3672 (2141) steps (0.0006 hrs) -nan:-nan 25452 (27) sec
[948] Ep10000: Max 3672 (1996) steps (0.0006 hrs) -nan:-nan 25481 (29) sec
[949] Ep10000: Max 3672 (2815) steps (0.0008 hrs) -nan:-nan 25509 (28) sec
[950] Ep10000: Max 3672 (1762) steps (0.0005 hrs) -nan:-nan 25538 (29) sec
[951] Ep10000: Max 3672 (1881) steps (0.0005 hrs) -nan:-nan 25566 (28) sec
[952] Ep10000: Max 3672 (2179) steps (0.0006 hrs) -nan:-nan 25594 (28) sec
[953] Ep10000: Max 3672 (2106) steps (0.0006 hrs) -nan:-nan 25622 (28) sec
[954] Ep10000: Max 3672 (1912) steps (0.0005 hrs) -nan:-nan 25651 (29) sec
[955] Ep10000: Max 3672 (2094) steps (0.0006 hrs) -nan:-nan 25680 (29) sec
[956] Ep10000: Max 3672 (2011) steps (0.0006 hrs) -nan:-nan 25708 (28) sec
[957] Ep10000: Max 3672 (2058) steps (0.0006 hrs) -nan:-nan 25735 (27) sec
[958] Ep10000: Max 3672 (2234) steps (0.0006 hrs) -nan:-nan 25759 (24) sec
[959] Ep10000: Max 3672 (1965) steps (0.0005 hrs) -nan:-nan 25786 (27) sec
[960] Ep10000: Max 3672 (1973) steps (0.0005 hrs) -nan:-nan 25816 (30) sec
[961] Ep10000: Max 3672 (2391) steps (0.0007 hrs) -nan:-nan 25845 (29) sec
[962] Ep10000: Max 3672 (2066) steps (0.0006 hrs) -nan:-nan 25867 (22) sec
[963] Ep10000: Max 3672 (2200) steps (0.0006 hrs) -nan:-nan 25892 (25) sec
[964] Ep10000: Max 3672 (2423) steps (0.0007 hrs) -nan:-nan 25920 (28) sec
[965] Ep10000: Max 3672 (2503) steps (0.0007 hrs) -nan:-nan 25948 (28) sec
[966] Ep10000: Max 3672 (1873) steps (0.0005 hrs) -nan:-nan 25975 (27) sec
[967] Ep10000: Max 3672 (2671) steps (0.0007 hrs) -nan:-nan 25994 (19) sec
[968] Ep10000: Max 3672 (2248) steps (0.0006 hrs) -nan:-nan 26021 (27) sec
[969] Ep10000: Max 3672 (2232) steps (0.0006 hrs) -nan:-nan 26051 (30) sec
[970] Ep10000: Max 3672 (2287) steps (0.0006 hrs) -nan:-nan 26081 (30) sec
[971] Ep10000: Max 3672 (2336) steps (0.0006 hrs) -nan:-nan 26112 (31) sec
[972] Ep10000: Max 3672 (2019) steps (0.0006 hrs) -nan:-nan 26137 (25) sec
[973] Ep10000: Max 3672 (2323) steps (0.0006 hrs) -nan:-nan 26164 (27) sec
[974] Ep10000: Max 3672 (2451) steps (0.0007 hrs) -nan:-nan 26188 (24) sec
[975] Ep10000: Max 3672 (2081) steps (0.0006 hrs) -nan:-nan 26216 (28) sec
[976] Ep10000: Max 3672 (1891) steps (0.0005 hrs) -nan:-nan 26246 (30) sec
[977] Ep10000: Max 3672 (2087) steps (0.0006 hrs) -nan:-nan 26274 (28) sec
[978] Ep10000: Max 3672 (2132) steps (0.0006 hrs) -nan:-nan 26301 (27) sec
[979] Ep10000: Max 3672 (2335) steps (0.0006 hrs) -nan:-nan 26326 (25) sec
[980] Ep10000: Max 3672 (2352) steps (0.0007 hrs) -nan:-nan 26352 (26) sec
[981] Ep10000: Max 3672 (2220) steps (0.0006 hrs) -nan:-nan 26377 (25) sec
[982] Ep10000: Max 3672 (2084) steps (0.0006 hrs) -nan:-nan 26404 (27) sec
[983] Ep10000: Max 3672 (2074) steps (0.0006 hrs) -nan:-nan 26433 (29) sec
[984] Ep10000: Max 3672 (2164) steps (0.0006 hrs) -nan:-nan 26462 (29) sec
[985] Ep10000: Max 3672 (2208) steps (0.0006 hrs) -nan:-nan 26491 (29) sec
[986] Ep10000: Max 3672 (2208) steps (0.0006 hrs) -nan:-nan 26517 (26) sec
[987] Ep10000: Max 3672 (2011) steps (0.0006 hrs) -nan:-nan 26538 (21) sec
[988] Ep10000: Max 3672 (2313) steps (0.0006 hrs) -nan:-nan 26568 (30) sec
[989] Ep10000: Max 3672 (2305) steps (0.0006 hrs) -nan:-nan 26599 (31) sec
[990] Ep10000: Max 3672 (2309) steps (0.0006 hrs) -nan:-nan 26619 (20) sec
[991] Ep10000: Max 3672 (2226) steps (0.0006 hrs) -nan:-nan 26648 (29) sec
[992] Ep10000: Max 3672 (2019) steps (0.0006 hrs) -nan:-nan 26677 (29) sec
[993] Ep10000: Max 3672 (2193) steps (0.0006 hrs) -nan:-nan 26705 (28) sec
[994] Ep10000: Max 3672 (2093) steps (0.0006 hrs) -nan:-nan 26732 (27) sec
[995] Ep10000: Max 3672 (2012) steps (0.0006 hrs) -nan:-nan 26758 (26) sec
[996] Ep10000: Max 3672 (2131) steps (0.0006 hrs) -nan:-nan 26789 (31) sec
[997] Ep10000: Max 3672 (2543) steps (0.0007 hrs) -nan:-nan 26819 (30) sec
[998] Ep10000: Max 3672 (2366) steps (0.0007 hrs) -nan:-nan 26849 (30) sec
[999] Ep10000: Max 3672 (2694) steps (0.0007 hrs) -nan:-nan 26881 (32) sec
[1000] Ep10000: Max 3672 (2768) steps (0.0008 hrs) -nan:-nan 26905 (24) sec
Total Elapsed time: 26905 seconds
Wrote current data to latest.train
