balanced 0 test_flag 0
[1] Ep10000: Max 2184 (2184) steps (0.0006 hrs) 0.00:0.00 67 (67) sec
[2] Ep10000: Max 2184 (2034) steps (0.0006 hrs) 0.00:0.00 139 (72) sec
[3] Ep10000: Max 2184 (2165) steps (0.0006 hrs) 12.58:6.29 209 (70) sec
[4] Ep10000: Max 2391 (2391) steps (0.0007 hrs) 0.00:0.00 276 (67) sec
[5] Ep10000: Max 2391 (1908) steps (0.0005 hrs) 6.80:0.00 341 (65) sec
[6] Ep10000: Max 2391 (1847) steps (0.0005 hrs) 58.82:0.00 401 (60) sec
[7] Ep10000: Max 2391 (2075) steps (0.0006 hrs) 22.73:0.00 456 (55) sec
[8] Ep10000: Max 2391 (2320) steps (0.0006 hrs) 0.00:0.00 523 (67) sec
[9] Ep10000: Max 2391 (2092) steps (0.0006 hrs) 21.28:0.00 594 (71) sec
[10] Ep10000: Max 2391 (2112) steps (0.0006 hrs) 0.00:0.00 711 (117) sec
[11] Ep10000: Max 2391 (2351) steps (0.0007 hrs) 9.26:9.26 779 (68) sec
[12] Ep10000: Max 2391 (2200) steps (0.0006 hrs) 11.11:11.11 899 (120) sec
[13] Ep10000: Max 2391 (1931) steps (0.0005 hrs) 0.00:0.00 994 (95) sec
[14] Ep10000: Max 2391 (1943) steps (0.0005 hrs) 20.00:0.00 1063 (69) sec
[15] Ep10000: Max 2391 (2014) steps (0.0006 hrs) 0.00:0.00 1135 (72) sec
[16] Ep10000: Max 2391 (2367) steps (0.0007 hrs) 0.00:1.56 1198 (63) sec
[17] Ep10000: Max 2391 (2136) steps (0.0006 hrs) 0.00:0.00 1267 (69) sec
[18] Ep10000: Max 2391 (2373) steps (0.0007 hrs) 0.00:0.00 1345 (78) sec
[19] Ep10000: Max 2391 (1846) steps (0.0005 hrs) 6.54:6.54 1423 (78) sec
[20] Ep10000: Max 2451 (2451) steps (0.0007 hrs) 9.85:9.85 1548 (125) sec
[21] Ep10000: Max 2451 (2046) steps (0.0006 hrs) 0.00:0.00 1700 (152) sec
[22] Ep10000: Max 2652 (2652) steps (0.0007 hrs) 13.89:0.00 1834 (134) sec
[23] Ep10000: Max 2652 (2321) steps (0.0006 hrs) 0.00:0.00 1959 (125) sec
[24] Ep10000: Max 2652 (2099) steps (0.0006 hrs) 0.00:0.00 2083 (124) sec
[25] Ep10000: Max 2652 (2641) steps (0.0007 hrs) 0.00:0.00 2156 (73) sec
[26] Ep10000: Max 2853 (2853) steps (0.0008 hrs) 9.48:9.48 2222 (66) sec
[27] Ep10000: Max 2853 (2794) steps (0.0008 hrs) 0.00:2.26 2281 (59) sec
[28] Ep10000: Max 2853 (2265) steps (0.0006 hrs) 0.00:0.00 2348 (67) sec
[29] Ep10000: Max 2853 (2340) steps (0.0007 hrs) 0.00:0.00 2423 (75) sec
[30] Ep10000: Max 2853 (2378) steps (0.0007 hrs) 0.00:0.00 2487 (64) sec
[31] Ep10000: Max 2853 (2202) steps (0.0006 hrs) 0.00:0.00 2549 (62) sec
[32] Ep10000: Max 2853 (2318) steps (0.0006 hrs) 0.00:2.33 2614 (65) sec
[33] Ep10000: Max 2853 (2021) steps (0.0006 hrs) 14.39:7.19 2678 (64) sec
[34] Ep10000: Max 2853 (2168) steps (0.0006 hrs) 6.94:0.00 2737 (59) sec
[35] Ep10000: Max 2853 (2210) steps (0.0006 hrs) 0.00:0.00 2798 (61) sec
[36] Ep10000: Max 2853 (2118) steps (0.0006 hrs) 0.00:0.00 2857 (59) sec
[37] Ep10000: Max 2853 (2187) steps (0.0006 hrs) 0.00:13.51 2916 (59) sec
[38] Ep10000: Max 2853 (2113) steps (0.0006 hrs) 0.00:0.00 2991 (75) sec
[39] Ep10000: Max 2853 (2263) steps (0.0006 hrs) 8.26:0.00 3050 (59) sec
[40] Ep10000: Max 2853 (2086) steps (0.0006 hrs) 0.00:0.00 3110 (60) sec
[41] Ep10000: Max 2853 (1968) steps (0.0005 hrs) 0.00:0.00 3154 (44) sec
[42] Ep10000: Max 2853 (2372) steps (0.0007 hrs) 0.00:0.00 3213 (59) sec
[43] Ep10000: Max 2853 (2134) steps (0.0006 hrs) 0.00:0.00 3271 (58) sec
[44] Ep10000: Max 2853 (2186) steps (0.0006 hrs) 0.00:371.43 3301 (30) sec
[45] Ep10000: Max 2853 (2398) steps (0.0007 hrs) 0.00:0.00 3357 (56) sec
[46] Ep10000: Max 2853 (2244) steps (0.0006 hrs) 11.63:11.63 3426 (69) sec
[47] Ep10000: Max 2853 (2075) steps (0.0006 hrs) 0.00:1.39 3485 (59) sec
[48] Ep10000: Max 2853 (2065) steps (0.0006 hrs) 0.00:0.00 4070 (585) sec
[49] Ep10000: Max 2853 (2172) steps (0.0006 hrs) 0.00:36.14 4128 (58) sec
[50] Ep10000: Max 2853 (2272) steps (0.0006 hrs) 76.92:0.00 4186 (58) sec
[51] Ep10000: Max 2853 (1878) steps (0.0005 hrs) 0.00:0.00 4252 (66) sec
[52] Ep10000: Max 2853 (2415) steps (0.0007 hrs) 0.00:0.00 4325 (73) sec
[53] Ep10000: Max 2853 (1787) steps (0.0005 hrs) 0.00:0.00 4384 (59) sec
[54] Ep10000: Max 2853 (2262) steps (0.0006 hrs) 0.00:210.53 4430 (46) sec
[55] Ep10000: Max 2853 (2104) steps (0.0006 hrs) 0.00:0.00 4499 (69) sec
[56] Ep10000: Max 2853 (2002) steps (0.0006 hrs) 0.00:0.00 4556 (57) sec
[57] Ep10000: Max 2853 (1918) steps (0.0005 hrs) 10.94:10.94 4604 (48) sec
[58] Ep10000: Max 2853 (1988) steps (0.0006 hrs) 0.00:0.00 4668 (64) sec
[59] Ep10000: Max 2867 (2867) steps (0.0008 hrs) 9.80:9.80 4727 (59) sec
[60] Ep10000: Max 2867 (2256) steps (0.0006 hrs) 0.00:0.00 4786 (59) sec
[61] Ep10000: Max 2867 (2053) steps (0.0006 hrs) 0.00:0.00 4844 (58) sec
[62] Ep10000: Max 2867 (2031) steps (0.0006 hrs) 0.00:0.00 4904 (60) sec
[63] Ep10000: Max 2867 (2353) steps (0.0007 hrs) 0.00:0.00 4963 (59) sec
[64] Ep10000: Max 2867 (2016) steps (0.0006 hrs) 0.00:0.00 5026 (63) sec
[65] Ep10000: Max 2867 (2261) steps (0.0006 hrs) 0.00:3.14 5083 (57) sec
[66] Ep10000: Max 2867 (2359) steps (0.0007 hrs) 0.00:0.00 5141 (58) sec
[67] Ep10000: Max 2867 (1930) steps (0.0005 hrs) 0.00:0.00 5206 (65) sec
[68] Ep10000: Max 2867 (2463) steps (0.0007 hrs) 0.00:0.00 5265 (59) sec
[69] Ep10000: Max 2867 (2348) steps (0.0007 hrs) 0.00:0.00 5324 (59) sec
[70] Ep10000: Max 2867 (2202) steps (0.0006 hrs) 0.00:0.00 5384 (60) sec
[71] Ep10000: Max 2867 (1902) steps (0.0005 hrs) 0.00:0.00 5445 (61) sec
[72] Ep10000: Max 2867 (1758) steps (0.0005 hrs) 0.00:0.00 5505 (60) sec
[73] Ep10000: Max 2867 (1867) steps (0.0005 hrs) 0.00:0.00 5578 (73) sec
[74] Ep10000: Max 2867 (2195) steps (0.0006 hrs) 0.00:0.00 5636 (58) sec
[75] Ep10000: Max 3289 (3289) steps (0.0009 hrs) 0.00:3.04 5696 (60) sec
[76] Ep10000: Max 3289 (2479) steps (0.0007 hrs) 0.00:0.00 5755 (59) sec
[77] Ep10000: Max 3289 (2315) steps (0.0006 hrs) 0.00:0.00 5815 (60) sec
[78] Ep10000: Max 3289 (1802) steps (0.0005 hrs) 0.00:0.00 5875 (60) sec
[79] Ep10000: Max 3346 (3346) steps (0.0009 hrs) 0.00:0.00 5934 (59) sec
[80] Ep10000: Max 3346 (2532) steps (0.0007 hrs) 0.00:0.00 5999 (65) sec
[81] Ep10000: Max 3346 (1992) steps (0.0006 hrs) 0.00:0.00 6589 (590) sec
[82] Ep10000: Max 3346 (2396) steps (0.0007 hrs) 12.90:6.45 6649 (60) sec
[83] Ep10000: Max 3346 (1990) steps (0.0006 hrs) 13.25:9.93 6709 (60) sec
[84] Ep10000: Max 3346 (1945) steps (0.0005 hrs) 0.00:0.00 6767 (58) sec
[85] Ep10000: Max 3346 (2865) steps (0.0008 hrs) 0.00:0.00 6831 (64) sec
[86] Ep10000: Max 3346 (2179) steps (0.0006 hrs) 9.69:9.69 6870 (39) sec
[87] Ep10000: Max 3346 (2155) steps (0.0006 hrs) 0.00:4.81 6928 (58) sec
[88] Ep10000: Max 3346 (2101) steps (0.0006 hrs) 0.00:0.00 6986 (58) sec
[89] Ep10000: Max 3346 (2344) steps (0.0007 hrs) 0.00:0.00 7051 (65) sec
[90] Ep10000: Max 3346 (2050) steps (0.0006 hrs) 0.00:5.68 7110 (59) sec
[91] Ep10000: Max 3346 (2281) steps (0.0006 hrs) 3.31:0.00 7168 (58) sec
[92] Ep10000: Max 3346 (2868) steps (0.0008 hrs) 0.00:0.00 7227 (59) sec
[93] Ep10000: Max 3346 (1915) steps (0.0005 hrs) 0.00:0.00 7284 (57) sec
[94] Ep10000: Max 3346 (2063) steps (0.0006 hrs) 0.00:0.00 7344 (60) sec
[95] Ep10000: Max 3346 (1786) steps (0.0005 hrs) 0.00:0.00 7423 (79) sec
[96] Ep10000: Max 3346 (2130) steps (0.0006 hrs) 7.81:0.00 7466 (43) sec
[97] Ep10000: Max 3346 (1824) steps (0.0005 hrs) 0.00:2.55 7534 (68) sec
[98] Ep10000: Max 3346 (1160) steps (0.0003 hrs) 0.00:0.00 7588 (54) sec
[99] Ep10000: Max 3346 (2092) steps (0.0006 hrs) 10.53:10.53 7675 (87) sec
[100] Ep10000: Max 3346 (2728) steps (0.0008 hrs) 0.00:0.00 7742 (67) sec
[101] Ep10000: Max 3346 (2242) steps (0.0006 hrs) 0.00:0.00 7836 (94) sec
[102] Ep10000: Max 3346 (2347) steps (0.0007 hrs) 0.00:0.00 7914 (78) sec
[103] Ep10000: Max 3346 (2420) steps (0.0007 hrs) 0.00:0.00 7987 (73) sec
[104] Ep10000: Max 3346 (2157) steps (0.0006 hrs) 12.00:8.00 8069 (82) sec
[105] Ep10000: Max 3346 (2007) steps (0.0006 hrs) 0.00:275.00 8127 (58) sec
[106] Ep10000: Max 3346 (2196) steps (0.0006 hrs) 3.29:0.00 8209 (82) sec
[107] Ep10000: Max 3346 (3254) steps (0.0009 hrs) 0.00:0.00 8282 (73) sec
[108] Ep10000: Max 3346 (2624) steps (0.0007 hrs) 0.00:0.00 9286 (1004) sec
[109] Ep10000: Max 3346 (1865) steps (0.0005 hrs) 0.00:0.00 9810 (524) sec
[110] Ep10000: Max 3346 (2189) steps (0.0006 hrs) 0.00:0.00 9874 (64) sec
[111] Ep10000: Max 3346 (1912) steps (0.0005 hrs) 0.00:0.00 9916 (42) sec
[112] Ep10000: Max 3346 (2424) steps (0.0007 hrs) 22.22:0.00 9979 (63) sec
[113] Ep10000: Max 3346 (1577) steps (0.0004 hrs) 0.00:159.09 10007 (28) sec
[114] Ep10000: Max 3346 (2189) steps (0.0006 hrs) 0.00:0.00 10069 (62) sec
[115] Ep10000: Max 3346 (2319) steps (0.0006 hrs) 0.00:0.00 10146 (77) sec
[116] Ep10000: Max 3346 (1826) steps (0.0005 hrs) 8.55:8.55 10191 (45) sec
[117] Ep10000: Max 3346 (1947) steps (0.0005 hrs) 0.00:0.00 10260 (69) sec
[118] Ep10000: Max 3346 (1799) steps (0.0005 hrs) 0.00:0.00 10324 (64) sec
[119] Ep10000: Max 3346 (2361) steps (0.0007 hrs) 0.00:0.00 10383 (59) sec
[120] Ep10000: Max 3346 (2524) steps (0.0007 hrs) 4.78:0.00 10445 (62) sec
[121] Ep10000: Max 3346 (1737) steps (0.0005 hrs) 0.00:0.00 10505 (60) sec
[122] Ep10000: Max 3346 (1865) steps (0.0005 hrs) 11.27:8.45 10574 (69) sec
[123] Ep10000: Max 3346 (1924) steps (0.0005 hrs) 12.90:9.68 10656 (82) sec
[124] Ep10000: Max 3346 (2746) steps (0.0008 hrs) 12.14:9.71 10727 (71) sec
[125] Ep10000: Max 3346 (2183) steps (0.0006 hrs) 0.00:0.00 10797 (70) sec
[126] Ep10000: Max 3346 (1220) steps (0.0003 hrs) 0.00:7.63 10829 (32) sec
[127] Ep10000: Max 3346 (2733) steps (0.0008 hrs) 0.00:0.00 11817 (988) sec
[128] Ep10000: Max 3346 (2201) steps (0.0006 hrs) 8.20:8.20 11908 (91) sec
[129] Ep10000: Max 3346 (1965) steps (0.0005 hrs) 9.24:9.24 11998 (90) sec
[130] Ep10000: Max 3346 (260) steps (0.0001 hrs) 8.06:0.00 12065 (67) sec
[131] Ep10000: Max 3346 (2065) steps (0.0006 hrs) 0.00:13.61 12190 (125) sec
[132] Ep10000: Max 3346 (2353) steps (0.0007 hrs) 0.00:0.00 12345 (155) sec
[133] Ep10000: Max 3346 (1796) steps (0.0005 hrs) 0.00:0.00 12464 (119) sec
[134] Ep10000: Max 3346 (1967) steps (0.0005 hrs) 0.00:0.00 12571 (107) sec
[135] Ep10000: Max 3346 (2439) steps (0.0007 hrs) 0.00:0.00 12720 (149) sec
[136] Ep10000: Max 3346 (275) steps (0.0001 hrs) 6.49:0.00 12850 (130) sec
[137] Ep10000: Max 3346 (1977) steps (0.0005 hrs) 0.00:0.00 13032 (182) sec
[138] Ep10000: Max 3346 (1966) steps (0.0005 hrs) 0.00:0.00 13149 (117) sec
[139] Ep10000: Max 3346 (1994) steps (0.0006 hrs) 10.93:10.93 13241 (92) sec
[140] Ep10000: Max 3346 (2033) steps (0.0006 hrs) 14.49:0.00 13318 (77) sec
[141] Ep10000: Max 3346 (2104) steps (0.0006 hrs) 8.70:8.70 13460 (142) sec
[142] Ep10000: Max 3346 (2040) steps (0.0006 hrs) 7.60:7.60 13595 (135) sec
[143] Ep10000: Max 3346 (2499) steps (0.0007 hrs) 71.43:71.43 13671 (76) sec
[144] Ep10000: Max 3346 (2080) steps (0.0006 hrs) 0.00:0.00 14621 (950) sec
[145] Ep10000: Max 3346 (2243) steps (0.0006 hrs) 0.00:0.00 14681 (60) sec
[146] Ep10000: Max 3346 (2259) steps (0.0006 hrs) 0.00:0.00 14758 (77) sec
[147] Ep10000: Max 3346 (2182) steps (0.0006 hrs) 0.00:0.00 14818 (60) sec
[148] Ep10000: Max 3346 (524) steps (0.0001 hrs) 18.18:0.00 14858 (40) sec
[149] Ep10000: Max 3346 (2147) steps (0.0006 hrs) 0.00:0.00 14917 (59) sec
[150] Ep10000: Max 3346 (2127) steps (0.0006 hrs) 8.55:8.55 14981 (64) sec
[151] Ep10000: Max 3346 (2236) steps (0.0006 hrs) 0.00:0.00 15040 (59) sec
[152] Ep10000: Max 3346 (2687) steps (0.0007 hrs) 0.00:0.00 15100 (60) sec
[153] Ep10000: Max 3346 (1261) steps (0.0004 hrs) 10.20:0.00 15135 (35) sec
[154] Ep10000: Max 3346 (2611) steps (0.0007 hrs) 12.82:8.55 15194 (59) sec
[155] Ep10000: Max 3346 (2187) steps (0.0006 hrs) 12.05:12.05 15251 (57) sec
[156] Ep10000: Max 3346 (2586) steps (0.0007 hrs) 0.00:23.26 15317 (66) sec
[157] Ep10000: Max 3346 (2442) steps (0.0007 hrs) 15.87:15.87 15375 (58) sec
[158] Ep10000: Max 3346 (2618) steps (0.0007 hrs) 0.00:0.00 15432 (57) sec
[159] Ep10000: Max 3346 (2316) steps (0.0006 hrs) 0.00:0.00 15490 (58) sec
[160] Ep10000: Max 3346 (1968) steps (0.0005 hrs) 8.62:0.00 15525 (35) sec
[161] Ep10000: Max 3346 (2568) steps (0.0007 hrs) 7.17:7.17 15594 (69) sec
[162] Ep10000: Max 3346 (3300) steps (0.0009 hrs) 0.00:0.00 15652 (58) sec
[163] Ep10000: Max 3346 (2079) steps (0.0006 hrs) 0.00:0.00 15712 (60) sec
[164] Ep10000: Max 3346 (1515) steps (0.0004 hrs) 0.00:68.97 15746 (34) sec
[165] Ep10000: Max 3346 (2078) steps (0.0006 hrs) 0.00:0.00 15806 (60) sec
[166] Ep10000: Max 3346 (2062) steps (0.0006 hrs) 0.00:0.00 15878 (72) sec
[167] Ep10000: Max 3346 (1913) steps (0.0005 hrs) 18.18:0.00 15935 (57) sec
[168] Ep10000: Max 3346 (2240) steps (0.0006 hrs) 0.00:0.00 16010 (75) sec
[169] Ep10000: Max 4648 (4648) steps (0.0013 hrs) 0.00:0.00 16063 (53) sec
[170] Ep10000: Max 4648 (1934) steps (0.0005 hrs) 0.00:0.00 16124 (61) sec
[171] Ep10000: Max 4648 (2197) steps (0.0006 hrs) 13.51:13.51 16177 (53) sec
[172] Ep10000: Max 4648 (2300) steps (0.0006 hrs) 10.81:9.73 16236 (59) sec
[173] Ep10000: Max 4648 (2293) steps (0.0006 hrs) 0.00:0.00 16305 (69) sec
[174] Ep10000: Max 4648 (2089) steps (0.0006 hrs) 18.52:0.00 16363 (58) sec
[175] Ep10000: Max 4648 (2849) steps (0.0008 hrs) 0.00:35.71 16421 (58) sec
[176] Ep10000: Max 4648 (2011) steps (0.0006 hrs) 0.00:0.00 16480 (59) sec
[177] Ep10000: Max 4648 (2014) steps (0.0006 hrs) 0.00:0.00 16544 (64) sec
[178] Ep10000: Max 4648 (1974) steps (0.0005 hrs) 0.00:18.29 16604 (60) sec
[179] Ep10000: Max 4648 (1827) steps (0.0005 hrs) 0.00:0.00 16663 (59) sec
[180] Ep10000: Max 4648 (1920) steps (0.0005 hrs) 0.00:0.00 16727 (64) sec
[181] Ep10000: Max 4648 (2008) steps (0.0006 hrs) 31.25:31.25 16791 (64) sec
[182] Ep10000: Max 4648 (722) steps (0.0002 hrs) 7.63:0.00 16826 (35) sec
[183] Ep10000: Max 4648 (1998) steps (0.0006 hrs) 7.63:7.63 16908 (82) sec
[184] Ep10000: Max 4648 (2725) steps (0.0008 hrs) 0.00:0.00 16967 (59) sec
[185] Ep10000: Max 4648 (2192) steps (0.0006 hrs) 6.21:6.21 17025 (58) sec
[186] Ep10000: Max 4648 (945) steps (0.0003 hrs) 20.41:0.00 17058 (33) sec
[187] Ep10000: Max 4648 (2543) steps (0.0007 hrs) 0.00:2.09 17118 (60) sec
[188] Ep10000: Max 4648 (1840) steps (0.0005 hrs) 0.00:0.00 17176 (58) sec
[189] Ep10000: Max 4648 (2222) steps (0.0006 hrs) 0.00:0.00 17249 (73) sec
[190] Ep10000: Max 4648 (2041) steps (0.0006 hrs) 0.00:0.00 18164 (915) sec
[191] Ep10000: Max 4648 (2150) steps (0.0006 hrs) 0.00:0.00 18672 (508) sec
[192] Ep10000: Max 4648 (2123) steps (0.0006 hrs) 0.00:0.00 19220 (548) sec
[193] Ep10000: Max 4648 (1857) steps (0.0005 hrs) 17.86:0.00 19278 (58) sec
[194] Ep10000: Max 4648 (2124) steps (0.0006 hrs) 0.00:0.00 19353 (75) sec
[195] Ep10000: Max 4648 (2410) steps (0.0007 hrs) 0.00:0.00 19409 (56) sec
[196] Ep10000: Max 4648 (1928) steps (0.0005 hrs) 0.00:0.00 19468 (59) sec
[197] Ep10000: Max 4648 (2036) steps (0.0006 hrs) 8.62:8.62 19517 (49) sec
[198] Ep10000: Max 4648 (1925) steps (0.0005 hrs) 0.00:0.00 19582 (65) sec
[199] Ep10000: Max 4648 (1701) steps (0.0005 hrs) 0.00:75.47 19661 (79) sec
[200] Ep10000: Max 4648 (2134) steps (0.0006 hrs) 11.76:11.76 19738 (77) sec
[201] Ep10000: Max 4648 (2519) steps (0.0007 hrs) 0.00:0.00 19807 (69) sec
[202] Ep10000: Max 4648 (2138) steps (0.0006 hrs) 9.80:9.80 19880 (73) sec
[203] Ep10000: Max 4648 (2028) steps (0.0006 hrs) 0.00:0.00 19937 (57) sec
[204] Ep10000: Max 4648 (1991) steps (0.0006 hrs) 0.00:0.00 20027 (90) sec
[205] Ep10000: Max 4648 (1850) steps (0.0005 hrs) 4.18:0.00 20112 (85) sec
[206] Ep10000: Max 4648 (2770) steps (0.0008 hrs) 0.00:71.43 20192 (80) sec
[207] Ep10000: Max 4648 (2584) steps (0.0007 hrs) 8.13:8.13 20350 (158) sec
[208] Ep10000: Max 4648 (2090) steps (0.0006 hrs) 0.00:0.00 20498 (148) sec
[209] Ep10000: Max 4648 (2350) steps (0.0007 hrs) 0.00:0.00 21227 (729) sec
[210] Ep10000: Max 4648 (2328) steps (0.0006 hrs) 0.00:0.00 21368 (141) sec
[211] Ep10000: Max 4648 (2030) steps (0.0006 hrs) 19.61:9.80 21498 (130) sec
[212] Ep10000: Max 4648 (2453) steps (0.0007 hrs) 0.00:6.67 21633 (135) sec
[213] Ep10000: Max 4648 (1864) steps (0.0005 hrs) 0.00:0.00 21744 (111) sec
[214] Ep10000: Max 4648 (3052) steps (0.0008 hrs) 11.24:0.00 21855 (111) sec
[215] Ep10000: Max 4648 (2108) steps (0.0006 hrs) 0.00:0.00 21984 (129) sec
[216] Ep10000: Max 4648 (1864) steps (0.0005 hrs) 6.37:0.00 22106 (122) sec
[217] Ep10000: Max 4648 (2348) steps (0.0007 hrs) 5.38:0.00 22243 (137) sec
[218] Ep10000: Max 4648 (2020) steps (0.0006 hrs) 0.00:0.00 22362 (119) sec
[219] Ep10000: Max 4648 (2785) steps (0.0008 hrs) 0.00:0.00 22477 (115) sec
[220] Ep10000: Max 4648 (412) steps (0.0001 hrs) 11.30:0.00 22542 (65) sec
[221] Ep10000: Max 4648 (2068) steps (0.0006 hrs) 0.00:0.00 23691 (1149) sec
[222] Ep10000: Max 4648 (2238) steps (0.0006 hrs) 16.67:0.00 23796 (105) sec
[223] Ep10000: Max 4713 (4713) steps (0.0013 hrs) 0.00:0.00 23870 (74) sec
[224] Ep10000: Max 4713 (1832) steps (0.0005 hrs) 0.00:51.55 23955 (85) sec
[225] Ep10000: Max 4713 (2034) steps (0.0006 hrs) 2.47:0.00 24037 (82) sec
[226] Ep10000: Max 4713 (2139) steps (0.0006 hrs) 0.00:5.59 24137 (100) sec
[227] Ep10000: Max 4713 (2215) steps (0.0006 hrs) 11.49:0.00 24234 (97) sec
[228] Ep10000: Max 4713 (2157) steps (0.0006 hrs) 500.00:0.00 24326 (92) sec
[229] Ep10000: Max 4713 (2057) steps (0.0006 hrs) 0.00:0.00 25294 (968) sec
[230] Ep10000: Max 4713 (2429) steps (0.0007 hrs) 16.67:0.00 25355 (61) sec
[231] Ep10000: Max 4713 (1900) steps (0.0005 hrs) 0.00:0.00 25413 (58) sec
[232] Ep10000: Max 4713 (2135) steps (0.0006 hrs) 8.77:0.00 25450 (37) sec
[233] Ep10000: Max 4713 (610) steps (0.0002 hrs) 13.16:0.00 25485 (35) sec
[234] Ep10000: Max 4713 (2126) steps (0.0006 hrs) 7.60:7.60 25547 (62) sec
[235] Ep10000: Max 4713 (1778) steps (0.0005 hrs) 0.00:0.00 25608 (61) sec
[236] Ep10000: Max 4713 (1906) steps (0.0005 hrs) 0.00:7.33 25668 (60) sec
[237] Ep10000: Max 4713 (2611) steps (0.0007 hrs) 0.00:0.00 25727 (59) sec
[238] Ep10000: Max 4713 (2234) steps (0.0006 hrs) 0.00:0.00 25788 (61) sec
[239] Ep10000: Max 4713 (1499) steps (0.0004 hrs) 7.69:0.00 25836 (48) sec
[240] Ep10000: Max 4713 (1960) steps (0.0005 hrs) 0.00:0.00 25897 (61) sec
[241] Ep10000: Max 4713 (2346) steps (0.0007 hrs) 12.58:12.58 25962 (65) sec
[242] Ep10000: Max 4713 (2169) steps (0.0006 hrs) 16.67:8.33 26024 (62) sec
[243] Ep10000: Max 4713 (2142) steps (0.0006 hrs) 45.45:0.00 26087 (63) sec
[244] Ep10000: Max 4713 (2553) steps (0.0007 hrs) 0.00:32.79 26148 (61) sec
[245] Ep10000: Max 4713 (2565) steps (0.0007 hrs) 9.09:0.00 26208 (60) sec
[246] Ep10000: Max 4713 (2956) steps (0.0008 hrs) 0.00:0.00 26275 (67) sec
[247] Ep10000: Max 4713 (1949) steps (0.0005 hrs) 0.00:0.00 26338 (63) sec
[248] Ep10000: Max 4713 (2681) steps (0.0007 hrs) 0.00:21.74 26399 (61) sec
[249] Ep10000: Max 4713 (2038) steps (0.0006 hrs) 500.00:0.00 26461 (62) sec
[250] Ep10000: Max 4713 (1940) steps (0.0005 hrs) 0.00:0.00 26529 (68) sec
[251] Ep10000: Max 4713 (2299) steps (0.0006 hrs) 10.00:10.00 26590 (61) sec
[252] Ep10000: Max 4713 (2830) steps (0.0008 hrs) 13.51:13.51 26658 (68) sec
[253] Ep10000: Max 4713 (2083) steps (0.0006 hrs) 15.15:0.00 26719 (61) sec
[254] Ep10000: Max 4713 (2512) steps (0.0007 hrs) 0.00:0.00 26782 (63) sec
[255] Ep10000: Max 4713 (2104) steps (0.0006 hrs) 0.00:0.00 26843 (61) sec
[256] Ep10000: Max 4713 (2566) steps (0.0007 hrs) 0.00:4.78 26902 (59) sec
[257] Ep10000: Max 4713 (2000) steps (0.0006 hrs) 0.00:0.00 26963 (61) sec
[258] Ep10000: Max 4713 (2014) steps (0.0006 hrs) 0.00:0.00 27025 (62) sec
[259] Ep10000: Max 4713 (2043) steps (0.0006 hrs) 0.00:0.00 27085 (60) sec
[260] Ep10000: Max 4713 (2023) steps (0.0006 hrs) 0.00:0.00 27147 (62) sec
[261] Ep10000: Max 4713 (2210) steps (0.0006 hrs) 0.00:0.00 27190 (43) sec
[262] Ep10000: Max 4713 (2616) steps (0.0007 hrs) 9.46:9.46 27272 (82) sec
[263] Ep10000: Max 4713 (1991) steps (0.0006 hrs) 0.00:0.00 27333 (61) sec
[264] Ep10000: Max 4713 (2092) steps (0.0006 hrs) 0.00:10.31 27395 (62) sec
[265] Ep10000: Max 4713 (2375) steps (0.0007 hrs) 0.00:0.00 27437 (42) sec
[266] Ep10000: Max 4713 (2641) steps (0.0007 hrs) 17.54:8.77 27500 (63) sec
[267] Ep10000: Max 4713 (2119) steps (0.0006 hrs) 0.00:3.45 27563 (63) sec
[268] Ep10000: Max 4713 (3075) steps (0.0009 hrs) 12.50:6.25 27627 (64) sec
[269] Ep10000: Max 4713 (2176) steps (0.0006 hrs) 33.33:33.33 27693 (66) sec
[270] Ep10000: Max 4713 (2082) steps (0.0006 hrs) 0.00:0.00 27758 (65) sec
[271] Ep10000: Max 4713 (2961) steps (0.0008 hrs) 0.00:0.00 27818 (60) sec
[272] Ep10000: Max 4713 (2244) steps (0.0006 hrs) 0.00:0.00 27881 (63) sec
[273] Ep10000: Max 4713 (1576) steps (0.0004 hrs) 11.76:0.00 27921 (40) sec
[274] Ep10000: Max 4713 (1915) steps (0.0005 hrs) 0.00:0.00 27982 (61) sec
[275] Ep10000: Max 4713 (684) steps (0.0002 hrs) 7.52:0.00 28017 (35) sec
[276] Ep10000: Max 4713 (1868) steps (0.0005 hrs) 9.52:9.52 28078 (61) sec
[277] Ep10000: Max 4713 (2802) steps (0.0008 hrs) 2.49:0.00 28141 (63) sec
[278] Ep10000: Max 4713 (2627) steps (0.0007 hrs) 0.00:0.00 28201 (60) sec
[279] Ep10000: Max 4713 (1745) steps (0.0005 hrs) 8.66:8.66 28267 (66) sec
[280] Ep10000: Max 4713 (2017) steps (0.0006 hrs) 11.66:11.66 28335 (68) sec
[281] Ep10000: Max 4713 (2150) steps (0.0006 hrs) 18.87:18.87 28412 (77) sec
[282] Ep10000: Max 4713 (2393) steps (0.0007 hrs) 0.00:0.00 28480 (68) sec
[283] Ep10000: Max 4713 (2599) steps (0.0007 hrs) 24.39:24.39 28542 (62) sec
[284] Ep10000: Max 4713 (2244) steps (0.0006 hrs) 12.20:12.20 28606 (64) sec
[285] Ep10000: Max 4713 (2424) steps (0.0007 hrs) 10.85:10.85 28671 (65) sec
[286] Ep10000: Max 4713 (2927) steps (0.0008 hrs) 0.00:0.00 28732 (61) sec
[287] Ep10000: Max 4713 (2487) steps (0.0007 hrs) 0.00:0.00 28793 (61) sec
[288] Ep10000: Max 4713 (832) steps (0.0002 hrs) 20.41:0.00 28832 (39) sec
[289] Ep10000: Max 4713 (1939) steps (0.0005 hrs) 0.00:1.81 28892 (60) sec
[290] Ep10000: Max 4713 (1944) steps (0.0005 hrs) 11.36:0.00 28954 (62) sec
[291] Ep10000: Max 4713 (1937) steps (0.0005 hrs) 0.00:0.00 29014 (60) sec
[292] Ep10000: Max 4713 (3403) steps (0.0009 hrs) 0.00:0.00 29072 (58) sec
[293] Ep10000: Max 4713 (2134) steps (0.0006 hrs) 0.00:0.00 29132 (60) sec
[294] Ep10000: Max 4713 (1737) steps (0.0005 hrs) 0.00:0.00 29194 (62) sec
[295] Ep10000: Max 4713 (1889) steps (0.0005 hrs) 0.00:0.00 29254 (60) sec
[296] Ep10000: Max 4713 (1895) steps (0.0005 hrs) 0.00:0.00 29315 (61) sec
[297] Ep10000: Max 4713 (1950) steps (0.0005 hrs) 0.00:0.00 29377 (62) sec
[298] Ep10000: Max 4713 (2000) steps (0.0006 hrs) 71.43:0.00 29439 (62) sec
[299] Ep10000: Max 4713 (1937) steps (0.0005 hrs) 5.32:5.32 29498 (59) sec
[300] Ep10000: Max 4713 (1952) steps (0.0005 hrs) 0.00:0.00 29559 (61) sec
[301] Ep10000: Max 4713 (2014) steps (0.0006 hrs) 0.00:0.00 29620 (61) sec
[302] Ep10000: Max 4713 (2416) steps (0.0007 hrs) 0.00:0.00 29677 (57) sec
[303] Ep10000: Max 4713 (2856) steps (0.0008 hrs) 0.00:0.00 29746 (69) sec
[304] Ep10000: Max 4713 (1009) steps (0.0003 hrs) 9.62:0.00 29789 (43) sec
[305] Ep10000: Max 4713 (2432) steps (0.0007 hrs) 0.00:0.00 29859 (70) sec
[306] Ep10000: Max 4713 (2222) steps (0.0006 hrs) 0.00:0.00 29926 (67) sec
[307] Ep10000: Max 4713 (2714) steps (0.0008 hrs) 0.00:0.00 29994 (68) sec
[308] Ep10000: Max 4713 (2266) steps (0.0006 hrs) 10.87:5.43 30063 (69) sec
[309] Ep10000: Max 4713 (3506) steps (0.0010 hrs) 29.41:0.00 30133 (70) sec
[310] Ep10000: Max 4713 (1372) steps (0.0004 hrs) 9.35:0.00 30173 (40) sec
[311] Ep10000: Max 4713 (1737) steps (0.0005 hrs) 0.00:0.00 30243 (70) sec
[312] Ep10000: Max 4713 (2245) steps (0.0006 hrs) 0.00:0.00 30315 (72) sec
[313] Ep10000: Max 4713 (2515) steps (0.0007 hrs) 0.00:0.00 30385 (70) sec
[314] Ep10000: Max 4713 (2143) steps (0.0006 hrs) 0.00:0.00 30472 (87) sec
[315] Ep10000: Max 4713 (2564) steps (0.0007 hrs) 0.00:0.00 30546 (74) sec
[316] Ep10000: Max 4713 (1797) steps (0.0005 hrs) 0.00:230.77 30615 (69) sec
[317] Ep10000: Max 4713 (2650) steps (0.0007 hrs) 0.00:0.00 30683 (68) sec
[318] Ep10000: Max 4713 (1917) steps (0.0005 hrs) 0.00:0.00 30737 (54) sec
[319] Ep10000: Max 4713 (2418) steps (0.0007 hrs) 9.90:9.90 30813 (76) sec
[320] Ep10000: Max 4713 (1912) steps (0.0005 hrs) 0.00:0.00 30896 (83) sec
[321] Ep10000: Max 4713 (2159) steps (0.0006 hrs) 0.00:0.00 30967 (71) sec
[322] Ep10000: Max 4713 (2554) steps (0.0007 hrs) 0.00:0.00 31035 (68) sec
[323] Ep10000: Max 4713 (2455) steps (0.0007 hrs) 7.87:31.50 31102 (67) sec
[324] Ep10000: Max 4713 (1595) steps (0.0004 hrs) 11.11:0.00 31168 (66) sec
[325] Ep10000: Max 4713 (2503) steps (0.0007 hrs) 40.00:0.00 31235 (67) sec
[326] Ep10000: Max 4713 (2192) steps (0.0006 hrs) 0.00:0.00 31313 (78) sec
[327] Ep10000: Max 4713 (1930) steps (0.0005 hrs) 10.87:5.43 31380 (67) sec
[328] Ep10000: Max 4713 (2442) steps (0.0007 hrs) 0.00:0.00 31472 (92) sec
[329] Ep10000: Max 4713 (2089) steps (0.0006 hrs) 0.00:0.00 31539 (67) sec
[330] Ep10000: Max 4713 (2230) steps (0.0006 hrs) 10.06:10.06 31616 (77) sec
[331] Ep10000: Max 4713 (2484) steps (0.0007 hrs) 3.53:0.00 31683 (67) sec
[332] Ep10000: Max 4713 (2245) steps (0.0006 hrs) 15.87:15.87 31749 (66) sec
[333] Ep10000: Max 4713 (1860) steps (0.0005 hrs) 12.27:12.27 31830 (81) sec
[334] Ep10000: Max 4713 (2496) steps (0.0007 hrs) 0.00:0.00 31897 (67) sec
[335] Ep10000: Max 4713 (2281) steps (0.0006 hrs) 0.00:0.00 31949 (52) sec
[336] Ep10000: Max 4713 (2082) steps (0.0006 hrs) 0.00:0.00 32015 (66) sec
[337] Ep10000: Max 4713 (2289) steps (0.0006 hrs) 0.00:0.00 32092 (77) sec
[338] Ep10000: Max 4713 (2259) steps (0.0006 hrs) 0.00:0.00 32161 (69) sec
[339] Ep10000: Max 4713 (3175) steps (0.0009 hrs) 9.51:9.51 32245 (84) sec
[340] Ep10000: Max 4713 (1982) steps (0.0006 hrs) 13.70:13.70 32313 (68) sec
[341] Ep10000: Max 4713 (1808) steps (0.0005 hrs) 4.90:0.00 32365 (52) sec
[342] Ep10000: Max 4713 (2828) steps (0.0008 hrs) 0.00:0.00 32438 (73) sec
[343] Ep10000: Max 4713 (2067) steps (0.0006 hrs) 0.00:0.00 32506 (68) sec
[344] Ep10000: Max 4713 (2562) steps (0.0007 hrs) 55.56:0.00 32578 (72) sec
[345] Ep10000: Max 4713 (1252) steps (0.0003 hrs) 12.05:0.00 32621 (43) sec
[346] Ep10000: Max 4713 (2338) steps (0.0006 hrs) 0.00:45.45 32690 (69) sec
[347] Ep10000: Max 4713 (2064) steps (0.0006 hrs) 9.80:9.80 32763 (73) sec
[348] Ep10000: Max 4713 (2208) steps (0.0006 hrs) 23.26:0.00 32831 (68) sec
[349] Ep10000: Max 4713 (2022) steps (0.0006 hrs) 0.00:0.00 32899 (68) sec
[350] Ep10000: Max 4713 (1417) steps (0.0004 hrs) 8.85:0.00 32943 (44) sec
[351] Ep10000: Max 4713 (1863) steps (0.0005 hrs) 0.00:0.00 33009 (66) sec
[352] Ep10000: Max 4713 (2411) steps (0.0007 hrs) 0.00:0.00 33058 (49) sec
[353] Ep10000: Max 4713 (2099) steps (0.0006 hrs) 0.00:0.00 33123 (65) sec
[354] Ep10000: Max 4713 (2461) steps (0.0007 hrs) 10.14:10.14 33195 (72) sec
[355] Ep10000: Max 4713 (2322) steps (0.0006 hrs) 0.00:0.00 33265 (70) sec
[356] Ep10000: Max 4713 (2072) steps (0.0006 hrs) 0.00:0.00 33332 (67) sec
[357] Ep10000: Max 4713 (2286) steps (0.0006 hrs) 28.57:0.00 33399 (67) sec
[358] Ep10000: Max 4713 (2181) steps (0.0006 hrs) 0.00:0.00 33466 (67) sec
[359] Ep10000: Max 4713 (2877) steps (0.0008 hrs) 5.59:5.59 33530 (64) sec
[360] Ep10000: Max 4713 (445) steps (0.0001 hrs) 0.00:0.00 33568 (38) sec
[361] Ep10000: Max 4713 (2246) steps (0.0006 hrs) 0.00:6.37 33631 (63) sec
[362] Ep10000: Max 4713 (2212) steps (0.0006 hrs) 0.00:4.69 33703 (72) sec
[363] Ep10000: Max 4713 (2308) steps (0.0006 hrs) 0.00:0.00 33767 (64) sec
[364] Ep10000: Max 4713 (1907) steps (0.0005 hrs) 0.00:0.00 33823 (56) sec
[365] Ep10000: Max 4713 (2651) steps (0.0007 hrs) 0.00:33.71 33887 (64) sec
[366] Ep10000: Max 4713 (1407) steps (0.0004 hrs) 9.62:9.62 33929 (42) sec
[367] Ep10000: Max 4713 (1868) steps (0.0005 hrs) 0.00:0.00 34002 (73) sec
[368] Ep10000: Max 4713 (2632) steps (0.0007 hrs) 12.50:6.25 34069 (67) sec
[369] Ep10000: Max 4713 (2705) steps (0.0008 hrs) 6.25:0.00 34141 (72) sec
[370] Ep10000: Max 4713 (2031) steps (0.0006 hrs) 13.70:0.00 34205 (64) sec
[371] Ep10000: Max 4713 (2420) steps (0.0007 hrs) 0.00:0.00 34275 (70) sec
[372] Ep10000: Max 4713 (2202) steps (0.0006 hrs) 0.00:0.00 34339 (64) sec
[373] Ep10000: Max 4713 (2087) steps (0.0006 hrs) 0.00:1.42 34407 (68) sec
[374] Ep10000: Max 4713 (1969) steps (0.0005 hrs) 14.29:0.00 34477 (70) sec
[375] Ep10000: Max 4713 (2049) steps (0.0006 hrs) 8.33:8.33 34543 (66) sec
[376] Ep10000: Max 4713 (2115) steps (0.0006 hrs) 0.00:0.00 34610 (67) sec
[377] Ep10000: Max 4713 (2582) steps (0.0007 hrs) 0.00:0.00 34676 (66) sec
[378] Ep10000: Max 4713 (2046) steps (0.0006 hrs) 0.00:0.00 34742 (66) sec
[379] Ep10000: Max 4713 (2560) steps (0.0007 hrs) 0.00:0.00 34818 (76) sec
[380] Ep10000: Max 4713 (2158) steps (0.0006 hrs) 0.00:19.61 34887 (69) sec
[381] Ep10000: Max 4713 (2181) steps (0.0006 hrs) 0.00:0.00 34956 (69) sec
[382] Ep10000: Max 4713 (1993) steps (0.0006 hrs) 0.00:0.00 35021 (65) sec
[383] Ep10000: Max 4713 (2075) steps (0.0006 hrs) 0.00:0.00 35087 (66) sec
[384] Ep10000: Max 4713 (2871) steps (0.0008 hrs) 0.00:0.00 35156 (69) sec
[385] Ep10000: Max 4713 (341) steps (0.0001 hrs) 17.24:0.00 35195 (39) sec
[386] Ep10000: Max 4713 (1668) steps (0.0005 hrs) 5.88:5.88 35243 (48) sec
[387] Ep10000: Max 4713 (2159) steps (0.0006 hrs) 0.00:27.78 35310 (67) sec
[388] Ep10000: Max 4713 (1920) steps (0.0005 hrs) 0.00:0.00 36297 (987) sec
[389] Ep10000: Max 4713 (1930) steps (0.0005 hrs) 0.00:0.00 36364 (67) sec
[390] Ep10000: Max 4713 (2020) steps (0.0006 hrs) 0.00:0.00 36431 (67) sec
[391] Ep10000: Max 4713 (1929) steps (0.0005 hrs) 16.95:8.47 36498 (67) sec
[392] Ep10000: Max 4713 (2171) steps (0.0006 hrs) 0.00:0.00 36564 (66) sec
[393] Ep10000: Max 4713 (2181) steps (0.0006 hrs) 10.31:0.00 36633 (69) sec
[394] Ep10000: Max 4713 (2602) steps (0.0007 hrs) 0.00:0.00 36701 (68) sec
[395] Ep10000: Max 4713 (2272) steps (0.0006 hrs) 0.00:0.00 36769 (68) sec
[396] Ep10000: Max 4713 (2243) steps (0.0006 hrs) 0.00:0.00 37680 (911) sec
[397] Ep10000: Max 4713 (1870) steps (0.0005 hrs) 0.00:0.00 37745 (65) sec
[398] Ep10000: Max 4713 (2506) steps (0.0007 hrs) 0.00:0.00 37808 (63) sec
[399] Ep10000: Max 4713 (1966) steps (0.0005 hrs) 0.00:0.00 38793 (985) sec
[400] Ep10000: Max 4713 (1772) steps (0.0005 hrs) 0.00:0.00 38844 (51) sec
[401] Ep10000: Max 4713 (2725) steps (0.0008 hrs) 22.73:0.00 38904 (60) sec
[402] Ep10000: Max 4713 (2287) steps (0.0006 hrs) 0.00:0.00 38967 (63) sec
[403] Ep10000: Max 4713 (2439) steps (0.0007 hrs) 0.00:0.00 39039 (72) sec
[404] Ep10000: Max 4713 (2718) steps (0.0008 hrs) 10.36:10.36 39103 (64) sec
[405] Ep10000: Max 4713 (2644) steps (0.0007 hrs) 6.58:6.58 39166 (63) sec
[406] Ep10000: Max 4713 (3256) steps (0.0009 hrs) 0.00:0.00 39230 (64) sec
[407] Ep10000: Max 4713 (2271) steps (0.0006 hrs) 0.00:9.43 39297 (67) sec
[408] Ep10000: Max 4713 (983) steps (0.0003 hrs) 15.15:0.00 39333 (36) sec
[409] Ep10000: Max 4713 (2095) steps (0.0006 hrs) 0.00:0.00 39402 (69) sec
[410] Ep10000: Max 4713 (1728) steps (0.0005 hrs) 0.00:0.00 39452 (50) sec
[411] Ep10000: Max 4713 (4010) steps (0.0011 hrs) 0.00:170.73 39496 (44) sec
[412] Ep10000: Max 4713 (1991) steps (0.0006 hrs) 0.00:37.74 39561 (65) sec
[413] Ep10000: Max 4713 (2330) steps (0.0006 hrs) 0.00:0.00 39622 (61) sec
[414] Ep10000: Max 4713 (2182) steps (0.0006 hrs) 0.00:0.00 39683 (61) sec
[415] Ep10000: Max 4713 (2317) steps (0.0006 hrs) 10.08:10.08 39747 (64) sec
[416] Ep10000: Max 4713 (2451) steps (0.0007 hrs) 0.00:230.77 39811 (64) sec
[417] Ep10000: Max 4713 (2197) steps (0.0006 hrs) 0.00:0.00 39878 (67) sec
[418] Ep10000: Max 4713 (2375) steps (0.0007 hrs) 19.61:0.00 39939 (61) sec
[419] Ep10000: Max 4713 (1908) steps (0.0005 hrs) 62.50:0.00 40002 (63) sec
[420] Ep10000: Max 4713 (2235) steps (0.0006 hrs) 0.00:0.00 40086 (84) sec
[421] Ep10000: Max 4713 (1937) steps (0.0005 hrs) 0.00:0.00 40147 (61) sec
[422] Ep10000: Max 4713 (2331) steps (0.0006 hrs) 0.00:0.00 40213 (66) sec
[423] Ep10000: Max 4713 (2235) steps (0.0006 hrs) 29.41:0.00 40277 (64) sec
[424] Ep10000: Max 4713 (2661) steps (0.0007 hrs) 0.00:0.00 40356 (79) sec
[425] Ep10000: Max 4713 (2583) steps (0.0007 hrs) 0.00:4.29 40420 (64) sec
[426] Ep10000: Max 4713 (2155) steps (0.0006 hrs) 14.08:14.08 40487 (67) sec
[427] Ep10000: Max 4713 (1961) steps (0.0005 hrs) 13.33:0.00 40552 (65) sec
[428] Ep10000: Max 4713 (1813) steps (0.0005 hrs) 0.00:0.00 40610 (58) sec
[429] Ep10000: Max 4713 (2226) steps (0.0006 hrs) 12.58:0.00 40652 (42) sec
[430] Ep10000: Max 4713 (1958) steps (0.0005 hrs) 0.00:0.00 40720 (68) sec
[431] Ep10000: Max 4713 (2052) steps (0.0006 hrs) 0.00:14.29 40755 (35) sec
[432] Ep10000: Max 4713 (1881) steps (0.0005 hrs) 0.00:0.00 40814 (59) sec
[433] Ep10000: Max 4713 (2019) steps (0.0006 hrs) 11.70:5.85 40872 (58) sec
[434] Ep10000: Max 4713 (2300) steps (0.0006 hrs) 0.00:0.00 40933 (61) sec
[435] Ep10000: Max 4713 (2275) steps (0.0006 hrs) 0.00:0.00 40988 (55) sec
[436] Ep10000: Max 4713 (2525) steps (0.0007 hrs) 0.00:0.00 41059 (71) sec
[437] Ep10000: Max 4713 (2118) steps (0.0006 hrs) 10.99:0.00 41125 (66) sec
[438] Ep10000: Max 4713 (2487) steps (0.0007 hrs) 0.00:0.00 41190 (65) sec
[439] Ep10000: Max 4713 (1521) steps (0.0004 hrs) 0.00:0.00 41236 (46) sec
[440] Ep10000: Max 4713 (2548) steps (0.0007 hrs) 0.00:0.00 41300 (64) sec
[441] Ep10000: Max 4713 (2502) steps (0.0007 hrs) 0.00:1.50 41360 (60) sec
[442] Ep10000: Max 4713 (2328) steps (0.0006 hrs) 0.00:0.00 41421 (61) sec
[443] Ep10000: Max 4713 (3652) steps (0.0010 hrs) 0.00:0.00 41475 (54) sec
[444] Ep10000: Max 4713 (1991) steps (0.0006 hrs) 0.00:6.71 41535 (60) sec
[445] Ep10000: Max 4713 (2098) steps (0.0006 hrs) 20.41:0.00 41596 (61) sec
[446] Ep10000: Max 4713 (2173) steps (0.0006 hrs) 0.00:0.00 41661 (65) sec
[447] Ep10000: Max 4713 (2429) steps (0.0007 hrs) 0.00:0.00 41722 (61) sec
[448] Ep10000: Max 4713 (1926) steps (0.0005 hrs) 0.00:0.00 41786 (64) sec
[449] Ep10000: Max 4713 (2432) steps (0.0007 hrs) 8.33:8.33 41847 (61) sec
[450] Ep10000: Max 4713 (1703) steps (0.0005 hrs) 0.00:0.00 41908 (61) sec
[451] Ep10000: Max 4713 (1378) steps (0.0004 hrs) 0.00:0.00 41952 (44) sec
[452] Ep10000: Max 4713 (2337) steps (0.0006 hrs) 0.00:0.00 42020 (68) sec
[453] Ep10000: Max 4713 (2509) steps (0.0007 hrs) 0.00:19.80 42083 (63) sec
[454] Ep10000: Max 4713 (2165) steps (0.0006 hrs) 0.00:8.06 42148 (65) sec
[455] Ep10000: Max 4713 (2198) steps (0.0006 hrs) 0.00:0.00 42210 (62) sec
[456] Ep10000: Max 4713 (1885) steps (0.0005 hrs) 0.00:0.00 42269 (59) sec
[457] Ep10000: Max 4713 (2298) steps (0.0006 hrs) 0.00:0.00 42334 (65) sec
[458] Ep10000: Max 4713 (2777) steps (0.0008 hrs) 0.00:7.79 42397 (63) sec
[459] Ep10000: Max 4713 (2763) steps (0.0008 hrs) 0.00:0.00 42460 (63) sec
[460] Ep10000: Max 4713 (2636) steps (0.0007 hrs) 9.09:0.00 42502 (42) sec
[461] Ep10000: Max 4713 (1890) steps (0.0005 hrs) 0.00:0.00 42560 (58) sec
[462] Ep10000: Max 4713 (1921) steps (0.0005 hrs) 0.00:0.00 42623 (63) sec
[463] Ep10000: Max 4713 (2187) steps (0.0006 hrs) 8.03:8.03 42685 (62) sec
[464] Ep10000: Max 4713 (2039) steps (0.0006 hrs) 16.13:0.00 42746 (61) sec
[465] Ep10000: Max 4713 (1858) steps (0.0005 hrs) 0.00:0.00 42820 (74) sec
[466] Ep10000: Max 4713 (2042) steps (0.0006 hrs) 5.65:5.65 42917 (97) sec
[467] Ep10000: Max 4713 (2001) steps (0.0006 hrs) 10.05:10.05 43007 (90) sec
[468] Ep10000: Max 4713 (2448) steps (0.0007 hrs) 10.64:10.64 43076 (69) sec
[469] Ep10000: Max 4713 (2041) steps (0.0006 hrs) 0.00:0.00 43140 (64) sec
[470] Ep10000: Max 4713 (2321) steps (0.0006 hrs) 10.14:10.14 43226 (86) sec
[471] Ep10000: Max 4713 (2122) steps (0.0006 hrs) 0.00:0.00 43292 (66) sec
[472] Ep10000: Max 4713 (1677) steps (0.0005 hrs) 83.33:0.00 43344 (52) sec
[473] Ep10000: Max 4713 (2019) steps (0.0006 hrs) 6.33:6.33 43411 (67) sec
[474] Ep10000: Max 4713 (2531) steps (0.0007 hrs) 16.95:0.00 43474 (63) sec
[475] Ep10000: Max 4713 (2181) steps (0.0006 hrs) 0.00:29.41 43531 (57) sec
[476] Ep10000: Max 4713 (2363) steps (0.0007 hrs) 10.15:10.15 43590 (59) sec
[477] Ep10000: Max 4713 (2431) steps (0.0007 hrs) 11.63:5.81 43659 (69) sec
[478] Ep10000: Max 4713 (2086) steps (0.0006 hrs) 0.00:0.00 43724 (65) sec
[479] Ep10000: Max 4713 (2281) steps (0.0006 hrs) 0.00:0.00 43805 (81) sec
[480] Ep10000: Max 4713 (2342) steps (0.0007 hrs) 0.00:0.00 43870 (65) sec
[481] Ep10000: Max 4713 (1809) steps (0.0005 hrs) 0.00:125.00 43926 (56) sec
[482] Ep10000: Max 4713 (2238) steps (0.0006 hrs) 11.81:7.87 43981 (55) sec
[483] Ep10000: Max 4713 (2135) steps (0.0006 hrs) 0.00:0.00 44036 (55) sec
[484] Ep10000: Max 4713 (2252) steps (0.0006 hrs) 0.00:0.00 44089 (53) sec
[485] Ep10000: Max 4713 (2239) steps (0.0006 hrs) 0.00:0.00 44143 (54) sec
[486] Ep10000: Max 4713 (1909) steps (0.0005 hrs) 0.00:6.25 44198 (55) sec
[487] Ep10000: Max 4713 (2077) steps (0.0006 hrs) 0.00:0.00 44252 (54) sec
[488] Ep10000: Max 4713 (2431) steps (0.0007 hrs) 0.00:0.00 44316 (64) sec
[489] Ep10000: Max 4713 (1929) steps (0.0005 hrs) 0.00:0.00 44378 (62) sec
[490] Ep10000: Max 4713 (2296) steps (0.0006 hrs) 0.00:0.00 44440 (62) sec
[491] Ep10000: Max 4713 (2116) steps (0.0006 hrs) 0.00:0.00 44493 (53) sec
[492] Ep10000: Max 4713 (2875) steps (0.0008 hrs) 0.00:10.87 44547 (54) sec
[493] Ep10000: Max 4713 (2333) steps (0.0006 hrs) 12.30:8.20 44600 (53) sec
[494] Ep10000: Max 4713 (1938) steps (0.0005 hrs) 8.06:8.06 44654 (54) sec
[495] Ep10000: Max 4713 (2225) steps (0.0006 hrs) 7.09:7.09 44708 (54) sec
[496] Ep10000: Max 4713 (2315) steps (0.0006 hrs) 5.32:5.32 44769 (61) sec
[497] Ep10000: Max 4713 (2165) steps (0.0006 hrs) 0.00:0.00 44832 (63) sec
[498] Ep10000: Max 4713 (2409) steps (0.0007 hrs) 0.00:0.00 44890 (58) sec
[499] Ep10000: Max 4713 (2707) steps (0.0008 hrs) 0.00:0.00 44942 (52) sec
[500] Ep10000: Max 4713 (1808) steps (0.0005 hrs) 14.60:7.30 45021 (79) sec
[501] Ep10000: Max 4713 (2456) steps (0.0007 hrs) 0.00:0.00 45091 (70) sec
[502] Ep10000: Max 4713 (1963) steps (0.0005 hrs) 0.00:0.00 45160 (69) sec
[503] Ep10000: Max 4713 (1710) steps (0.0005 hrs) 0.00:0.00 45231 (71) sec
[504] Ep10000: Max 4713 (2457) steps (0.0007 hrs) 11.36:7.58 45308 (77) sec
[505] Ep10000: Max 4713 (1961) steps (0.0005 hrs) 52.63:0.00 45395 (87) sec
[506] Ep10000: Max 4713 (2001) steps (0.0006 hrs) 0.00:0.00 45475 (80) sec
[507] Ep10000: Max 4713 (2457) steps (0.0007 hrs) 0.00:0.00 46473 (998) sec
[508] Ep10000: Max 4713 (2068) steps (0.0006 hrs) 13.16:13.16 46537 (64) sec
[509] Ep10000: Max 4713 (2725) steps (0.0008 hrs) 0.00:0.00 46601 (64) sec
[510] Ep10000: Max 4713 (1069) steps (0.0003 hrs) 5.62:0.00 46640 (39) sec
[511] Ep10000: Max 4713 (2133) steps (0.0006 hrs) 0.00:0.00 46693 (53) sec
[512] Ep10000: Max 4713 (2443) steps (0.0007 hrs) 0.00:3.11 46747 (54) sec
[513] Ep10000: Max 4713 (3279) steps (0.0009 hrs) 10.28:10.28 46813 (66) sec
[514] Ep10000: Max 4713 (2321) steps (0.0006 hrs) 0.00:0.00 46892 (79) sec
[515] Ep10000: Max 4713 (1994) steps (0.0006 hrs) 11.40:9.77 46996 (104) sec
[516] Ep10000: Max 4713 (2230) steps (0.0006 hrs) 40.00:0.00 47074 (78) sec
[517] Ep10000: Max 4713 (2238) steps (0.0006 hrs) 12.74:12.74 47178 (104) sec
[518] Ep10000: Max 4713 (1932) steps (0.0005 hrs) 14.93:0.00 47251 (73) sec
[519] Ep10000: Max 4713 (2089) steps (0.0006 hrs) 10.00:10.00 47342 (91) sec
[520] Ep10000: Max 4713 (2186) steps (0.0006 hrs) 0.00:0.00 47441 (99) sec
[521] Ep10000: Max 4713 (2043) steps (0.0006 hrs) 0.00:0.00 47539 (98) sec
[522] Ep10000: Max 4713 (2171) steps (0.0006 hrs) 0.00:0.00 47606 (67) sec
[523] Ep10000: Max 4713 (1947) steps (0.0005 hrs) 11.05:5.52 47677 (71) sec
[524] Ep10000: Max 4713 (2016) steps (0.0006 hrs) 10.00:10.00 47742 (65) sec
[525] Ep10000: Max 4713 (2041) steps (0.0006 hrs) 17.86:17.86 47799 (57) sec
[526] Ep10000: Max 4713 (2184) steps (0.0006 hrs) 11.30:5.65 47857 (58) sec
[527] Ep10000: Max 4713 (2317) steps (0.0006 hrs) 9.68:9.68 47938 (81) sec
[528] Ep10000: Max 4713 (2488) steps (0.0007 hrs) 6.29:6.29 48011 (73) sec
[529] Ep10000: Max 4713 (3639) steps (0.0010 hrs) 0.00:0.00 48086 (75) sec
[530] Ep10000: Max 4713 (2569) steps (0.0007 hrs) 0.00:0.00 48154 (68) sec
[531] Ep10000: Max 4713 (2190) steps (0.0006 hrs) 0.00:113.64 48217 (63) sec
[532] Ep10000: Max 4713 (2144) steps (0.0006 hrs) 0.00:0.00 48278 (61) sec
[533] Ep10000: Max 4713 (2031) steps (0.0006 hrs) 12.99:0.00 48354 (76) sec
[534] Ep10000: Max 4713 (1936) steps (0.0005 hrs) 0.00:7.63 48437 (83) sec
[535] Ep10000: Max 4713 (1887) steps (0.0005 hrs) 9.01:9.01 48520 (83) sec
[536] Ep10000: Max 4713 (1898) steps (0.0005 hrs) 0.00:90.91 48560 (40) sec
[537] Ep10000: Max 4713 (1895) steps (0.0005 hrs) 0.00:0.00 48636 (76) sec
[538] Ep10000: Max 4713 (2300) steps (0.0006 hrs) 0.00:0.00 48713 (77) sec
[539] Ep10000: Max 4713 (2041) steps (0.0006 hrs) 0.00:6.02 48791 (78) sec
[540] Ep10000: Max 4713 (2551) steps (0.0007 hrs) 0.00:0.00 48864 (73) sec
[541] Ep10000: Max 4713 (1941) steps (0.0005 hrs) 0.00:0.00 48937 (73) sec
[542] Ep10000: Max 4713 (1846) steps (0.0005 hrs) 0.00:0.00 49010 (73) sec
[543] Ep10000: Max 4713 (1945) steps (0.0005 hrs) 0.00:0.00 49081 (71) sec
[544] Ep10000: Max 4713 (3299) steps (0.0009 hrs) 6.25:6.25 49161 (80) sec
[545] Ep10000: Max 4713 (2749) steps (0.0008 hrs) 12.58:12.58 49234 (73) sec
[546] Ep10000: Max 4713 (2486) steps (0.0007 hrs) 0.00:0.00 49293 (59) sec
[547] Ep10000: Max 4713 (1087) steps (0.0003 hrs) 14.29:0.00 49333 (40) sec
[548] Ep10000: Max 4713 (2049) steps (0.0006 hrs) 0.00:0.00 49403 (70) sec
[549] Ep10000: Max 4713 (2298) steps (0.0006 hrs) 0.00:0.00 49495 (92) sec
[550] Ep10000: Max 4713 (1803) steps (0.0005 hrs) 0.00:0.00 49588 (93) sec
[551] Ep10000: Max 8368 (8368) steps (0.0023 hrs) 7.09:0.00 49641 (53) sec
[552] Ep10000: Max 8368 (2598) steps (0.0007 hrs) 0.00:0.00 49728 (87) sec
[553] Ep10000: Max 8368 (1976) steps (0.0005 hrs) 0.00:0.00 49805 (77) sec
[554] Ep10000: Max 8368 (1977) steps (0.0005 hrs) 0.00:0.00 49889 (84) sec
[555] Ep10000: Max 8368 (3145) steps (0.0009 hrs) 0.00:0.00 49980 (91) sec
[556] Ep10000: Max 8368 (2514) steps (0.0007 hrs) 13.25:13.25 50090 (110) sec
[557] Ep10000: Max 8368 (2378) steps (0.0007 hrs) 10.26:10.26 50179 (89) sec
[558] Ep10000: Max 8368 (2596) steps (0.0007 hrs) 0.00:0.00 50255 (76) sec
[559] Ep10000: Max 8368 (1934) steps (0.0005 hrs) 0.00:0.00 50326 (71) sec
[560] Ep10000: Max 8368 (1991) steps (0.0006 hrs) 13.51:9.01 50395 (69) sec
[561] Ep10000: Max 8368 (1938) steps (0.0005 hrs) 0.00:0.00 50478 (83) sec
[562] Ep10000: Max 8368 (2301) steps (0.0006 hrs) 166.67:0.00 50553 (75) sec
[563] Ep10000: Max 8368 (2157) steps (0.0006 hrs) 0.00:0.00 50624 (71) sec
[564] Ep10000: Max 8368 (3658) steps (0.0010 hrs) 0.00:0.00 50698 (74) sec
[565] Ep10000: Max 8368 (2245) steps (0.0006 hrs) 7.63:0.00 50760 (62) sec
[566] Ep10000: Max 8368 (2268) steps (0.0006 hrs) 0.00:0.00 50817 (57) sec
[567] Ep10000: Max 8368 (2121) steps (0.0006 hrs) 0.00:0.00 50903 (86) sec
[568] Ep10000: Max 8368 (1810) steps (0.0005 hrs) 9.43:0.00 50972 (69) sec
[569] Ep10000: Max 8368 (1971) steps (0.0005 hrs) 0.00:0.00 51054 (82) sec
[570] Ep10000: Max 8368 (2212) steps (0.0006 hrs) 0.00:0.00 51134 (80) sec
[571] Ep10000: Max 8368 (2121) steps (0.0006 hrs) 0.00:0.00 51210 (76) sec
[572] Ep10000: Max 8368 (2478) steps (0.0007 hrs) 0.00:0.00 51281 (71) sec
[573] Ep10000: Max 8368 (312) steps (0.0001 hrs) 13.89:0.00 51317 (36) sec
[574] Ep10000: Max 8368 (926) steps (0.0003 hrs) 47.62:0.00 51362 (45) sec
[575] Ep10000: Max 8368 (2097) steps (0.0006 hrs) 11.70:0.00 51421 (59) sec
[576] Ep10000: Max 8368 (1877) steps (0.0005 hrs) 18.87:9.43 51497 (76) sec
[577] Ep10000: Max 8368 (2551) steps (0.0007 hrs) 9.05:9.05 51577 (80) sec
[578] Ep10000: Max 8368 (2211) steps (0.0006 hrs) 9.84:9.84 51651 (74) sec
[579] Ep10000: Max 8368 (1752) steps (0.0005 hrs) 7.09:0.00 51720 (69) sec
[580] Ep10000: Max 8368 (2530) steps (0.0007 hrs) 0.00:0.00 51789 (69) sec
[581] Ep10000: Max 8368 (1950) steps (0.0005 hrs) 0.00:0.00 51871 (82) sec
[582] Ep10000: Max 8368 (2306) steps (0.0006 hrs) 0.00:9.43 51939 (68) sec
[583] Ep10000: Max 8368 (2188) steps (0.0006 hrs) 0.00:0.00 52007 (68) sec
[584] Ep10000: Max 8368 (1980) steps (0.0006 hrs) 0.00:16.95 52065 (58) sec
[585] Ep10000: Max 8368 (2458) steps (0.0007 hrs) 3.07:0.00 52124 (59) sec
[586] Ep10000: Max 8368 (2124) steps (0.0006 hrs) 0.00:0.00 52184 (60) sec
[587] Ep10000: Max 8368 (2597) steps (0.0007 hrs) 0.00:0.00 52267 (83) sec
[588] Ep10000: Max 8368 (1041) steps (0.0003 hrs) 9.85:0.00 52304 (37) sec
[589] Ep10000: Max 8368 (1840) steps (0.0005 hrs) 0.00:0.00 52361 (57) sec
[590] Ep10000: Max 8368 (2663) steps (0.0007 hrs) 0.00:0.00 52417 (56) sec
[591] Ep10000: Max 8368 (2922) steps (0.0008 hrs) 0.00:0.00 52471 (54) sec
[592] Ep10000: Max 8368 (932) steps (0.0003 hrs) 18.69:0.00 52502 (31) sec
[593] Ep10000: Max 8368 (2109) steps (0.0006 hrs) 0.00:0.00 52553 (51) sec
[594] Ep10000: Max 8368 (2202) steps (0.0006 hrs) 0.00:3.51 52607 (54) sec
[595] Ep10000: Max 8368 (2482) steps (0.0007 hrs) 0.00:0.00 53541 (934) sec
[596] Ep10000: Max 8368 (2735) steps (0.0008 hrs) 0.00:0.00 54063 (522) sec
[597] Ep10000: Max 8368 (884) steps (0.0002 hrs) 8.47:0.00 54122 (59) sec
[598] Ep10000: Max 8368 (2565) steps (0.0007 hrs) 333.33:0.00 54200 (78) sec
[599] Ep10000: Max 8368 (1976) steps (0.0005 hrs) 16.95:0.00 54251 (51) sec
[600] Ep10000: Max 8368 (2411) steps (0.0007 hrs) 12.99:0.00 54321 (70) sec
[601] Ep10000: Max 8368 (2370) steps (0.0007 hrs) 0.00:214.29 54385 (64) sec
[602] Ep10000: Max 8368 (2132) steps (0.0006 hrs) 83.33:0.00 54448 (63) sec
[603] Ep10000: Max 8368 (2662) steps (0.0007 hrs) 0.00:0.00 54517 (69) sec
[604] Ep10000: Max 8368 (2278) steps (0.0006 hrs) 0.00:0.00 54580 (63) sec
[605] Ep10000: Max 8368 (881) steps (0.0002 hrs) 41.67:0.00 54618 (38) sec
[606] Ep10000: Max 8368 (2010) steps (0.0006 hrs) 0.00:0.00 54682 (64) sec
[607] Ep10000: Max 8368 (2173) steps (0.0006 hrs) 0.00:0.00 54742 (60) sec
[608] Ep10000: Max 8368 (1287) steps (0.0004 hrs) 0.00:0.00 54794 (52) sec
[609] Ep10000: Max 8368 (2526) steps (0.0007 hrs) 0.00:43.48 54856 (62) sec
[610] Ep10000: Max 8368 (2025) steps (0.0006 hrs) 8.85:0.00 54906 (50) sec
[611] Ep10000: Max 8368 (1982) steps (0.0006 hrs) 0.00:0.00 54975 (69) sec
[612] Ep10000: Max 8368 (3083) steps (0.0009 hrs) 0.00:0.00 55046 (71) sec
[613] Ep10000: Max 8368 (2251) steps (0.0006 hrs) 10.47:10.47 55120 (74) sec
[614] Ep10000: Max 8368 (2593) steps (0.0007 hrs) 3.61:0.00 55185 (65) sec
[615] Ep10000: Max 8368 (2147) steps (0.0006 hrs) 0.00:0.00 55254 (69) sec
[616] Ep10000: Max 8368 (2136) steps (0.0006 hrs) 0.00:0.00 55323 (69) sec
[617] Ep10000: Max 8368 (1584) steps (0.0004 hrs) 0.00:0.00 55360 (37) sec
[618] Ep10000: Max 8368 (2218) steps (0.0006 hrs) 0.00:1.17 55421 (61) sec
[619] Ep10000: Max 8368 (2787) steps (0.0008 hrs) 0.00:0.00 55484 (63) sec
[620] Ep10000: Max 8368 (2037) steps (0.0006 hrs) 21.28:0.00 55546 (62) sec
[621] Ep10000: Max 8368 (1864) steps (0.0005 hrs) 13.29:9.97 55616 (70) sec
[622] Ep10000: Max 8368 (2423) steps (0.0007 hrs) 12.99:0.00 55688 (72) sec
[623] Ep10000: Max 8368 (296) steps (0.0001 hrs) 8.26:0.00 55728 (40) sec
[624] Ep10000: Max 8368 (1457) steps (0.0004 hrs) 11.36:0.00 55765 (37) sec
[625] Ep10000: Max 8368 (2006) steps (0.0006 hrs) 0.00:0.00 55827 (62) sec
[626] Ep10000: Max 8368 (2043) steps (0.0006 hrs) 0.00:0.00 55881 (54) sec
[627] Ep10000: Max 8368 (1174) steps (0.0003 hrs) 12.82:0.00 55921 (40) sec
[628] Ep10000: Max 8368 (2050) steps (0.0006 hrs) 0.00:27.03 55984 (63) sec
[629] Ep10000: Max 8368 (1968) steps (0.0005 hrs) 8.82:8.82 56076 (92) sec
[630] Ep10000: Max 8368 (2130) steps (0.0006 hrs) 0.00:0.00 56140 (64) sec
[631] Ep10000: Max 8368 (2410) steps (0.0007 hrs) 0.00:2.16 56196 (56) sec
[632] Ep10000: Max 8368 (1696) steps (0.0005 hrs) 13.16:0.00 56248 (52) sec
[633] Ep10000: Max 8368 (2758) steps (0.0008 hrs) 0.00:0.00 56306 (58) sec
[634] Ep10000: Max 8368 (1504) steps (0.0004 hrs) 11.36:0.00 56342 (36) sec
[635] Ep10000: Max 8368 (3045) steps (0.0008 hrs) 15.87:15.87 56397 (55) sec
[636] Ep10000: Max 8368 (2129) steps (0.0006 hrs) 0.00:0.00 56450 (53) sec
[637] Ep10000: Max 8368 (3016) steps (0.0008 hrs) 18.87:9.43 56504 (54) sec
[638] Ep10000: Max 8368 (2080) steps (0.0006 hrs) 6.85:0.00 56548 (44) sec
[639] Ep10000: Max 8368 (2705) steps (0.0008 hrs) 0.00:0.00 56613 (65) sec
[640] Ep10000: Max 8368 (1979) steps (0.0005 hrs) 11.46:11.46 56680 (67) sec
[641] Ep10000: Max 8368 (2324) steps (0.0006 hrs) 0.00:0.00 56737 (57) sec
[642] Ep10000: Max 8368 (2448) steps (0.0007 hrs) 0.00:0.00 56790 (53) sec
[643] Ep10000: Max 8368 (2132) steps (0.0006 hrs) 0.00:0.00 56849 (59) sec
[644] Ep10000: Max 8368 (2383) steps (0.0007 hrs) 0.00:0.00 56905 (56) sec
[645] Ep10000: Max 8368 (256) steps (0.0001 hrs) 24.39:0.00 56936 (31) sec
[646] Ep10000: Max 8368 (2378) steps (0.0007 hrs) 10.87:10.87 56994 (58) sec
[647] Ep10000: Max 8368 (2381) steps (0.0007 hrs) 14.93:14.93 57047 (53) sec
[648] Ep10000: Max 8368 (2251) steps (0.0006 hrs) 0.00:0.00 57101 (54) sec
[649] Ep10000: Max 8368 (1971) steps (0.0005 hrs) 0.00:5.87 57154 (53) sec
[650] Ep10000: Max 8368 (2316) steps (0.0006 hrs) 0.00:0.00 57208 (54) sec
[651] Ep10000: Max 8368 (2629) steps (0.0007 hrs) 0.00:0.00 57263 (55) sec
[652] Ep10000: Max 8368 (2947) steps (0.0008 hrs) 0.00:0.00 57316 (53) sec
[653] Ep10000: Max 8368 (2770) steps (0.0008 hrs) 18.87:18.87 57370 (54) sec
[654] Ep10000: Max 8368 (1882) steps (0.0005 hrs) 0.00:0.00 57424 (54) sec
[655] Ep10000: Max 8368 (1877) steps (0.0005 hrs) 0.00:13.16 57478 (54) sec
[656] Ep10000: Max 8368 (2158) steps (0.0006 hrs) 0.00:0.00 57533 (55) sec
[657] Ep10000: Max 8368 (2507) steps (0.0007 hrs) 0.00:0.00 57587 (54) sec
[658] Ep10000: Max 8368 (1374) steps (0.0004 hrs) 8.93:0.00 57619 (32) sec
[659] Ep10000: Max 8368 (1983) steps (0.0006 hrs) 0.00:116.28 57671 (52) sec
[660] Ep10000: Max 8368 (2185) steps (0.0006 hrs) 2.99:0.00 57727 (56) sec
[661] Ep10000: Max 8368 (2612) steps (0.0007 hrs) 0.00:0.00 57779 (52) sec
[662] Ep10000: Max 8368 (2427) steps (0.0007 hrs) 12.93:8.62 57831 (52) sec
[663] Ep10000: Max 8368 (2021) steps (0.0006 hrs) 12.50:12.50 57880 (49) sec
[664] Ep10000: Max 8368 (1913) steps (0.0005 hrs) 17.54:0.00 57933 (53) sec
[665] Ep10000: Max 8368 (1665) steps (0.0005 hrs) 0.00:0.00 57986 (53) sec
[666] Ep10000: Max 8368 (2178) steps (0.0006 hrs) 0.00:0.00 58038 (52) sec
[667] Ep10000: Max 8368 (2214) steps (0.0006 hrs) 0.00:0.00 58093 (55) sec
[668] Ep10000: Max 8368 (2065) steps (0.0006 hrs) 8.00:8.00 58152 (59) sec
[669] Ep10000: Max 8368 (2053) steps (0.0006 hrs) 7.75:7.75 58212 (60) sec
[670] Ep10000: Max 8368 (2262) steps (0.0006 hrs) 11.83:5.92 58267 (55) sec
[671] Ep10000: Max 8368 (2352) steps (0.0007 hrs) 0.00:0.00 58322 (55) sec
[672] Ep10000: Max 8368 (2093) steps (0.0006 hrs) 0.00:0.00 58377 (55) sec
[673] Ep10000: Max 8368 (2419) steps (0.0007 hrs) 6.17:6.17 58432 (55) sec
[674] Ep10000: Max 8368 (2572) steps (0.0007 hrs) 0.00:0.00 58485 (53) sec
[675] Ep10000: Max 8368 (2355) steps (0.0007 hrs) 0.00:5.93 58540 (55) sec
[676] Ep10000: Max 8368 (2272) steps (0.0006 hrs) 0.00:0.00 58598 (58) sec
[677] Ep10000: Max 8368 (2444) steps (0.0007 hrs) 10.05:10.05 58658 (60) sec
[678] Ep10000: Max 8368 (1854) steps (0.0005 hrs) 0.00:0.00 58712 (54) sec
[679] Ep10000: Max 8368 (2524) steps (0.0007 hrs) 0.00:0.00 58767 (55) sec
[680] Ep10000: Max 8368 (2023) steps (0.0006 hrs) 0.00:0.00 58821 (54) sec
[681] Ep10000: Max 8368 (2136) steps (0.0006 hrs) 0.00:0.00 58880 (59) sec
[682] Ep10000: Max 8368 (1886) steps (0.0005 hrs) 0.00:0.00 58935 (55) sec
[683] Ep10000: Max 8368 (1954) steps (0.0005 hrs) 7.25:7.25 58994 (59) sec
[684] Ep10000: Max 8368 (1987) steps (0.0006 hrs) 0.00:0.00 59063 (69) sec
[685] Ep10000: Max 8368 (1918) steps (0.0005 hrs) 11.30:8.47 59116 (53) sec
[686] Ep10000: Max 8368 (2548) steps (0.0007 hrs) 0.00:0.00 59757 (641) sec
[687] Ep10000: Max 8368 (2609) steps (0.0007 hrs) 0.00:0.00 60231 (474) sec
[688] Ep10000: Max 8368 (2547) steps (0.0007 hrs) 0.00:0.00 60284 (53) sec
[689] Ep10000: Max 8368 (2781) steps (0.0008 hrs) 0.00:0.00 60342 (58) sec
[690] Ep10000: Max 8368 (2260) steps (0.0006 hrs) 0.00:0.00 60397 (55) sec
[691] Ep10000: Max 8368 (2295) steps (0.0006 hrs) 10.36:10.36 60455 (58) sec
[692] Ep10000: Max 8368 (2071) steps (0.0006 hrs) 0.00:0.00 60509 (54) sec
[693] Ep10000: Max 8368 (2334) steps (0.0006 hrs) 0.00:0.00 60563 (54) sec
[694] Ep10000: Max 8368 (2084) steps (0.0006 hrs) 0.00:0.00 60618 (55) sec
[695] Ep10000: Max 8368 (2103) steps (0.0006 hrs) 0.00:0.00 60677 (59) sec
[696] Ep10000: Max 8368 (2002) steps (0.0006 hrs) 0.00:0.00 60730 (53) sec
[697] Ep10000: Max 8368 (2682) steps (0.0007 hrs) 0.00:0.00 60785 (55) sec
[698] Ep10000: Max 8368 (2080) steps (0.0006 hrs) 0.00:0.00 60841 (56) sec
[699] Ep10000: Max 8368 (1166) steps (0.0003 hrs) 0.00:153.85 60864 (23) sec
[700] Ep10000: Max 8368 (2365) steps (0.0007 hrs) 0.00:0.00 60922 (58) sec
[701] Ep10000: Max 8368 (2405) steps (0.0007 hrs) 18.87:9.43 60976 (54) sec
[702] Ep10000: Max 8368 (2193) steps (0.0006 hrs) 0.00:0.00 61032 (56) sec
[703] Ep10000: Max 8368 (2488) steps (0.0007 hrs) 9.52:9.52 61113 (81) sec
[704] Ep10000: Max 8368 (2501) steps (0.0007 hrs) 10.20:10.20 61167 (54) sec
[705] Ep10000: Max 8368 (3154) steps (0.0009 hrs) 0.00:0.00 61221 (54) sec
[706] Ep10000: Max 8368 (2043) steps (0.0006 hrs) 0.00:0.00 61281 (60) sec
[707] Ep10000: Max 8368 (1941) steps (0.0005 hrs) 0.00:0.00 61336 (55) sec
[708] Ep10000: Max 8368 (2426) steps (0.0007 hrs) 0.00:86.96 61389 (53) sec
[709] Ep10000: Max 8368 (2049) steps (0.0006 hrs) 0.00:0.00 61441 (52) sec
[710] Ep10000: Max 8368 (2302) steps (0.0006 hrs) 0.00:0.00 61495 (54) sec
[711] Ep10000: Max 8368 (2919) steps (0.0008 hrs) 0.00:0.00 61548 (53) sec
[712] Ep10000: Max 8368 (2022) steps (0.0006 hrs) 0.00:0.00 61602 (54) sec
[713] Ep10000: Max 8368 (2068) steps (0.0006 hrs) 0.00:0.00 61657 (55) sec
[714] Ep10000: Max 8368 (2015) steps (0.0006 hrs) 0.00:0.00 61711 (54) sec
[715] Ep10000: Max 8368 (2297) steps (0.0006 hrs) 0.00:4.76 61765 (54) sec
[716] Ep10000: Max 8368 (1903) steps (0.0005 hrs) 0.00:0.00 61821 (56) sec
[717] Ep10000: Max 8368 (2222) steps (0.0006 hrs) 0.00:0.00 61877 (56) sec
[718] Ep10000: Max 8368 (2217) steps (0.0006 hrs) 0.00:0.00 61931 (54) sec
[719] Ep10000: Max 8368 (2157) steps (0.0006 hrs) 0.00:0.00 61985 (54) sec
[720] Ep10000: Max 8368 (2164) steps (0.0006 hrs) 0.00:6.51 62038 (53) sec
[721] Ep10000: Max 8368 (2585) steps (0.0007 hrs) 0.00:0.00 62098 (60) sec
[722] Ep10000: Max 8368 (1792) steps (0.0005 hrs) 8.04:8.04 62144 (46) sec
[723] Ep10000: Max 8368 (2274) steps (0.0006 hrs) 0.00:0.00 62198 (54) sec
[724] Ep10000: Max 8368 (1670) steps (0.0005 hrs) 11.63:0.00 62243 (45) sec
[725] Ep10000: Max 8368 (2070) steps (0.0006 hrs) 0.00:0.00 62296 (53) sec
[726] Ep10000: Max 8368 (2114) steps (0.0006 hrs) 0.00:0.00 62354 (58) sec
[727] Ep10000: Max 8368 (2215) steps (0.0006 hrs) 83.33:0.00 62408 (54) sec
[728] Ep10000: Max 8368 (2263) steps (0.0006 hrs) 0.00:40.82 62462 (54) sec
[729] Ep10000: Max 8368 (1375) steps (0.0004 hrs) 10.53:0.00 62504 (42) sec
[730] Ep10000: Max 8368 (3070) steps (0.0009 hrs) 0.00:0.00 62559 (55) sec
[731] Ep10000: Max 8368 (1965) steps (0.0005 hrs) 0.00:0.00 62612 (53) sec
[732] Ep10000: Max 8368 (1850) steps (0.0005 hrs) 0.00:0.00 62673 (61) sec
[733] Ep10000: Max 8368 (2210) steps (0.0006 hrs) 0.00:0.00 62732 (59) sec
[734] Ep10000: Max 8368 (1956) steps (0.0005 hrs) 11.04:11.04 62791 (59) sec
[735] Ep10000: Max 8368 (2310) steps (0.0006 hrs) 0.00:0.00 62848 (57) sec
[736] Ep10000: Max 8368 (2196) steps (0.0006 hrs) 0.00:0.00 62902 (54) sec
[737] Ep10000: Max 8368 (1962) steps (0.0005 hrs) 0.00:0.00 62956 (54) sec
[738] Ep10000: Max 8368 (2078) steps (0.0006 hrs) 13.79:6.90 63009 (53) sec
[739] Ep10000: Max 8368 (2114) steps (0.0006 hrs) 0.00:0.00 63062 (53) sec
[740] Ep10000: Max 8368 (2255) steps (0.0006 hrs) 10.42:10.42 63126 (64) sec
[741] Ep10000: Max 8368 (1793) steps (0.0005 hrs) 0.00:0.00 63179 (53) sec
[742] Ep10000: Max 8368 (2147) steps (0.0006 hrs) 0.00:0.00 63233 (54) sec
[743] Ep10000: Max 8368 (2071) steps (0.0006 hrs) 0.00:0.00 63293 (60) sec
[744] Ep10000: Max 8368 (2399) steps (0.0007 hrs) 8.33:8.33 63343 (50) sec
[745] Ep10000: Max 8368 (2290) steps (0.0006 hrs) 14.02:9.35 63396 (53) sec
[746] Ep10000: Max 8368 (1754) steps (0.0005 hrs) 0.00:0.00 63450 (54) sec
[747] Ep10000: Max 8368 (1493) steps (0.0004 hrs) 18.02:9.01 63481 (31) sec
[748] Ep10000: Max 8368 (2196) steps (0.0006 hrs) 0.00:0.00 64428 (947) sec
[749] Ep10000: Max 8368 (1982) steps (0.0006 hrs) 21.74:21.74 64484 (56) sec
[750] Ep10000: Max 8368 (2053) steps (0.0006 hrs) 10.00:10.00 64539 (55) sec
[751] Ep10000: Max 8368 (1792) steps (0.0005 hrs) 0.00:3.80 64592 (53) sec
[752] Ep10000: Max 8368 (1975) steps (0.0005 hrs) 23.81:0.00 64644 (52) sec
[753] Ep10000: Max 8368 (2370) steps (0.0007 hrs) 10.24:10.24 64703 (59) sec
[754] Ep10000: Max 8368 (2505) steps (0.0007 hrs) 0.00:3.82 64755 (52) sec
[755] Ep10000: Max 8368 (2641) steps (0.0007 hrs) 0.00:0.00 64809 (54) sec
[756] Ep10000: Max 8368 (2811) steps (0.0008 hrs) 0.00:0.00 64862 (53) sec
[757] Ep10000: Max 8368 (2047) steps (0.0006 hrs) 0.00:0.00 64915 (53) sec
[758] Ep10000: Max 8368 (1487) steps (0.0004 hrs) 0.00:0.00 64952 (37) sec
[759] Ep10000: Max 8368 (6161) steps (0.0017 hrs) 0.00:0.00 64998 (46) sec
[760] Ep10000: Max 8368 (2083) steps (0.0006 hrs) 0.00:1.73 65050 (52) sec
[761] Ep10000: Max 8368 (1834) steps (0.0005 hrs) 0.00:0.00 65108 (58) sec
[762] Ep10000: Max 8368 (2208) steps (0.0006 hrs) 12.05:12.05 65167 (59) sec
[763] Ep10000: Max 8368 (2207) steps (0.0006 hrs) 0.00:0.00 65220 (53) sec
[764] Ep10000: Max 8368 (2438) steps (0.0007 hrs) 13.45:8.97 65273 (53) sec
[765] Ep10000: Max 8368 (1918) steps (0.0005 hrs) 0.00:0.00 65326 (53) sec
[766] Ep10000: Max 8368 (2415) steps (0.0007 hrs) 0.00:23.53 65382 (56) sec
[767] Ep10000: Max 8368 (1925) steps (0.0005 hrs) 0.00:0.00 65435 (53) sec
[768] Ep10000: Max 8368 (2840) steps (0.0008 hrs) 0.00:0.00 65488 (53) sec
[769] Ep10000: Max 8368 (2090) steps (0.0006 hrs) 11.43:8.57 65541 (53) sec
[770] Ep10000: Max 8368 (2557) steps (0.0007 hrs) 0.00:0.00 65599 (58) sec
[771] Ep10000: Max 8368 (2001) steps (0.0006 hrs) 0.00:4.65 65652 (53) sec
[772] Ep10000: Max 8368 (2869) steps (0.0008 hrs) 0.00:0.00 65705 (53) sec
[773] Ep10000: Max 8368 (2245) steps (0.0006 hrs) 0.00:0.00 65759 (54) sec
[774] Ep10000: Max 8368 (2171) steps (0.0006 hrs) 0.00:0.00 65814 (55) sec
[775] Ep10000: Max 8368 (1810) steps (0.0005 hrs) 0.00:0.00 65869 (55) sec
[776] Ep10000: Max 8368 (1868) steps (0.0005 hrs) 0.00:0.00 65921 (52) sec
[777] Ep10000: Max 8368 (7694) steps (0.0021 hrs) 0.00:300.00 65961 (40) sec
[778] Ep10000: Max 8368 (2207) steps (0.0006 hrs) 0.00:0.00 66018 (57) sec
[779] Ep10000: Max 8368 (2449) steps (0.0007 hrs) 0.00:0.00 66073 (55) sec
[780] Ep10000: Max 8368 (1983) steps (0.0006 hrs) 13.95:9.30 66127 (54) sec
[781] Ep10000: Max 8368 (2066) steps (0.0006 hrs) 0.00:0.00 66181 (54) sec
[782] Ep10000: Max 8368 (2292) steps (0.0006 hrs) 0.00:0.00 66234 (53) sec
[783] Ep10000: Max 8368 (2100) steps (0.0006 hrs) 0.00:5.05 66287 (53) sec
[784] Ep10000: Max 8368 (2207) steps (0.0006 hrs) 0.00:16.53 66340 (53) sec
[785] Ep10000: Max 8368 (2217) steps (0.0006 hrs) 0.00:0.00 66398 (58) sec
[786] Ep10000: Max 8368 (2449) steps (0.0007 hrs) 0.00:0.00 66452 (54) sec
[787] Ep10000: Max 8368 (2131) steps (0.0006 hrs) 0.00:0.00 66506 (54) sec
[788] Ep10000: Max 8368 (2991) steps (0.0008 hrs) 0.00:0.00 66560 (54) sec
[789] Ep10000: Max 8368 (2335) steps (0.0006 hrs) 0.00:0.00 66614 (54) sec
[790] Ep10000: Max 8368 (692) steps (0.0002 hrs) 0.00:0.00 66650 (36) sec
[791] Ep10000: Max 8368 (1762) steps (0.0005 hrs) 19.61:0.00 66703 (53) sec
[792] Ep10000: Max 8368 (2821) steps (0.0008 hrs) 0.00:0.00 66755 (52) sec
[793] Ep10000: Max 8368 (2441) steps (0.0007 hrs) 0.00:0.00 66808 (53) sec
[794] Ep10000: Max 8368 (1806) steps (0.0005 hrs) 0.00:2.47 66861 (53) sec
[795] Ep10000: Max 8368 (2009) steps (0.0006 hrs) 0.00:0.00 66910 (49) sec
[796] Ep10000: Max 8368 (3091) steps (0.0009 hrs) 0.00:0.00 66960 (50) sec
[797] Ep10000: Max 8368 (2095) steps (0.0006 hrs) 0.00:0.00 67009 (49) sec
[798] Ep10000: Max 8368 (2266) steps (0.0006 hrs) 0.00:0.00 67057 (48) sec
[799] Ep10000: Max 8368 (2523) steps (0.0007 hrs) 0.00:0.00 67103 (46) sec
[800] Ep10000: Max 8368 (2569) steps (0.0007 hrs) 0.00:7.30 67151 (48) sec
[801] Ep10000: Max 8368 (1835) steps (0.0005 hrs) 0.00:0.00 67198 (47) sec
[802] Ep10000: Max 8368 (2322) steps (0.0006 hrs) 0.00:0.00 67250 (52) sec
[803] Ep10000: Max 8368 (1853) steps (0.0005 hrs) 13.89:13.89 67303 (53) sec
[804] Ep10000: Max 8368 (1360) steps (0.0004 hrs) 13.89:0.00 67336 (33) sec
[805] Ep10000: Max 8368 (2510) steps (0.0007 hrs) 0.00:0.00 67384 (48) sec
[806] Ep10000: Max 8368 (2283) steps (0.0006 hrs) 8.20:8.20 67432 (48) sec
[807] Ep10000: Max 8368 (1734) steps (0.0005 hrs) 11.36:0.00 67475 (43) sec
[808] Ep10000: Max 8368 (2020) steps (0.0006 hrs) 0.00:166.67 67522 (47) sec
[809] Ep10000: Max 8368 (1995) steps (0.0006 hrs) 0.00:0.00 67570 (48) sec
[810] Ep10000: Max 8368 (2124) steps (0.0006 hrs) 0.00:6.04 67617 (47) sec
[811] Ep10000: Max 8368 (1901) steps (0.0005 hrs) 0.00:0.00 67665 (48) sec
[812] Ep10000: Max 8368 (2537) steps (0.0007 hrs) 0.00:4.91 67712 (47) sec
[813] Ep10000: Max 8368 (2489) steps (0.0007 hrs) 0.00:11.24 67762 (50) sec
[814] Ep10000: Max 8368 (2327) steps (0.0006 hrs) 0.00:0.00 67815 (53) sec
[815] Ep10000: Max 8368 (2411) steps (0.0007 hrs) 10.10:10.10 67883 (68) sec
[816] Ep10000: Max 8368 (1983) steps (0.0006 hrs) 0.00:0.00 67930 (47) sec
[817] Ep10000: Max 8368 (6501) steps (0.0018 hrs) 6.54:19.61 67972 (42) sec
[818] Ep10000: Max 8368 (2054) steps (0.0006 hrs) 0.00:0.00 68019 (47) sec
[819] Ep10000: Max 8368 (2281) steps (0.0006 hrs) 0.00:0.00 68069 (50) sec
[820] Ep10000: Max 8368 (2186) steps (0.0006 hrs) 0.00:0.00 68117 (48) sec
[821] Ep10000: Max 8368 (2330) steps (0.0006 hrs) 0.00:0.00 68941 (824) sec
[822] Ep10000: Max 8368 (2212) steps (0.0006 hrs) 0.00:0.00 69107 (166) sec
[823] Ep10000: Max 8368 (2087) steps (0.0006 hrs) 17.86:0.00 69242 (135) sec
[824] Ep10000: Max 8368 (2165) steps (0.0006 hrs) 10.75:0.00 69359 (117) sec
[825] Ep10000: Max 8368 (1941) steps (0.0005 hrs) 0.00:0.00 69516 (157) sec
[826] Ep10000: Max 8368 (2578) steps (0.0007 hrs) 0.00:12.82 69637 (121) sec
[827] Ep10000: Max 8368 (5302) steps (0.0015 hrs) 19.61:0.00 69719 (82) sec
[828] Ep10000: Max 8368 (2092) steps (0.0006 hrs) 0.00:7.19 69874 (155) sec
[829] Ep10000: Max 8368 (2373) steps (0.0007 hrs) 6.02:6.02 70044 (170) sec
[830] Ep10000: Max 8368 (2679) steps (0.0007 hrs) 0.00:0.00 70188 (144) sec
[831] Ep10000: Max 8368 (2168) steps (0.0006 hrs) 9.17:0.00 70281 (93) sec
[832] Ep10000: Max 8368 (2240) steps (0.0006 hrs) 0.00:6.90 70331 (50) sec
[833] Ep10000: Max 8368 (2151) steps (0.0006 hrs) 0.00:0.00 70384 (53) sec
[834] Ep10000: Max 8368 (2288) steps (0.0006 hrs) 0.00:0.00 70436 (52) sec
[835] Ep10000: Max 8368 (2082) steps (0.0006 hrs) 17.09:8.55 70483 (47) sec
[836] Ep10000: Max 8368 (2020) steps (0.0006 hrs) 0.00:0.00 70530 (47) sec
[837] Ep10000: Max 8368 (2253) steps (0.0006 hrs) 0.00:111.11 70578 (48) sec
[838] Ep10000: Max 8368 (538) steps (0.0001 hrs) 8.40:0.00 70613 (35) sec
[839] Ep10000: Max 8368 (1907) steps (0.0005 hrs) 0.00:0.00 70662 (49) sec
[840] Ep10000: Max 8368 (2143) steps (0.0006 hrs) 6.71:6.71 70708 (46) sec
[841] Ep10000: Max 8368 (1822) steps (0.0005 hrs) 0.00:0.00 70756 (48) sec
[842] Ep10000: Max 8368 (838) steps (0.0002 hrs) 11.24:0.00 70792 (36) sec
[843] Ep10000: Max 8368 (2363) steps (0.0007 hrs) 9.61:9.61 70844 (52) sec
[844] Ep10000: Max 8368 (799) steps (0.0002 hrs) 11.63:0.00 70872 (28) sec
[845] Ep10000: Max 8368 (2169) steps (0.0006 hrs) 10.81:0.00 70919 (47) sec
[846] Ep10000: Max 8368 (2506) steps (0.0007 hrs) 0.00:100.00 70966 (47) sec
[847] Ep10000: Max 8368 (1901) steps (0.0005 hrs) 0.00:3.70 71014 (48) sec
[848] Ep10000: Max 8368 (2172) steps (0.0006 hrs) 0.00:0.00 71062 (48) sec
[849] Ep10000: Max 8368 (2270) steps (0.0006 hrs) 0.00:0.00 71115 (53) sec
[850] Ep10000: Max 8368 (1965) steps (0.0005 hrs) 0.00:0.00 71163 (48) sec
[851] Ep10000: Max 8368 (2505) steps (0.0007 hrs) 0.00:0.00 71211 (48) sec
[852] Ep10000: Max 8368 (2686) steps (0.0007 hrs) 0.00:6.06 71257 (46) sec
[853] Ep10000: Max 8368 (1903) steps (0.0005 hrs) 0.00:0.00 71305 (48) sec
[854] Ep10000: Max 8368 (2042) steps (0.0006 hrs) 0.00:0.00 71352 (47) sec
[855] Ep10000: Max 8368 (1868) steps (0.0005 hrs) 11.36:5.68 71385 (33) sec
[856] Ep10000: Max 8368 (1868) steps (0.0005 hrs) 0.00:0.00 71434 (49) sec
[857] Ep10000: Max 8368 (2225) steps (0.0006 hrs) 7.52:7.52 71486 (52) sec
[858] Ep10000: Max 8368 (2230) steps (0.0006 hrs) 0.00:0.00 71532 (46) sec
[859] Ep10000: Max 8368 (2041) steps (0.0006 hrs) 11.05:11.05 71597 (65) sec
[860] Ep10000: Max 8368 (2090) steps (0.0006 hrs) 0.00:0.00 72446 (849) sec
[861] Ep10000: Max 8368 (1963) steps (0.0005 hrs) 0.00:0.00 72494 (48) sec
[862] Ep10000: Max 8368 (1996) steps (0.0006 hrs) 8.13:0.00 72536 (42) sec
[863] Ep10000: Max 8368 (2340) steps (0.0007 hrs) 8.26:123.97 72563 (27) sec
[864] Ep10000: Max 8368 (2133) steps (0.0006 hrs) 0.00:0.00 72609 (46) sec
[865] Ep10000: Max 8368 (2477) steps (0.0007 hrs) 0.00:0.00 72656 (47) sec
[866] Ep10000: Max 8368 (2515) steps (0.0007 hrs) 0.00:0.00 72704 (48) sec
[867] Ep10000: Max 8368 (2203) steps (0.0006 hrs) 9.85:9.85 72741 (37) sec
[868] Ep10000: Max 8368 (2078) steps (0.0006 hrs) 43.48:0.00 72789 (48) sec
[869] Ep10000: Max 8368 (1888) steps (0.0005 hrs) 0.00:0.00 72836 (47) sec
[870] Ep10000: Max 8368 (2054) steps (0.0006 hrs) 16.13:0.00 72884 (48) sec
[871] Ep10000: Max 8368 (2093) steps (0.0006 hrs) 0.00:0.00 72932 (48) sec
[872] Ep10000: Max 8368 (2403) steps (0.0007 hrs) 0.00:0.00 72980 (48) sec
[873] Ep10000: Max 8368 (2283) steps (0.0006 hrs) 16.95:16.95 73030 (50) sec
[874] Ep10000: Max 8368 (2204) steps (0.0006 hrs) 0.00:4.55 73079 (49) sec
[875] Ep10000: Max 8368 (1827) steps (0.0005 hrs) 0.00:0.00 73133 (54) sec
[876] Ep10000: Max 8368 (2088) steps (0.0006 hrs) 0.00:4.85 73180 (47) sec
[877] Ep10000: Max 8368 (2378) steps (0.0007 hrs) 0.00:5.62 73228 (48) sec
[878] Ep10000: Max 8368 (1972) steps (0.0005 hrs) 0.00:0.00 73280 (52) sec
[879] Ep10000: Max 8368 (2167) steps (0.0006 hrs) 0.00:236.84 73315 (35) sec
[880] Ep10000: Max 8368 (2278) steps (0.0006 hrs) 1.56:0.00 73362 (47) sec
[881] Ep10000: Max 8368 (2794) steps (0.0008 hrs) 0.00:0.00 73409 (47) sec
[882] Ep10000: Max 8368 (2279) steps (0.0006 hrs) 9.71:9.71 73457 (48) sec
[883] Ep10000: Max 8368 (2229) steps (0.0006 hrs) 0.00:15.87 73504 (47) sec
[884] Ep10000: Max 8368 (2551) steps (0.0007 hrs) 14.93:14.93 73556 (52) sec
[885] Ep10000: Max 8368 (2308) steps (0.0006 hrs) 6.02:6.02 73614 (58) sec
[886] Ep10000: Max 8368 (1690) steps (0.0005 hrs) 0.00:0.00 73664 (50) sec
[887] Ep10000: Max 8368 (2071) steps (0.0006 hrs) 0.00:108.70 73712 (48) sec
[888] Ep10000: Max 8368 (2696) steps (0.0007 hrs) 3.65:0.00 73760 (48) sec
[889] Ep10000: Max 8368 (1831) steps (0.0005 hrs) 0.00:0.00 73808 (48) sec
[890] Ep10000: Max 8368 (1860) steps (0.0005 hrs) 0.00:0.00 73856 (48) sec
[891] Ep10000: Max 8368 (2042) steps (0.0006 hrs) 0.00:0.00 73904 (48) sec
[892] Ep10000: Max 8368 (760) steps (0.0002 hrs) 14.93:0.00 73931 (27) sec
[893] Ep10000: Max 8368 (1781) steps (0.0005 hrs) 0.00:0.00 73978 (47) sec
[894] Ep10000: Max 8368 (2160) steps (0.0006 hrs) 0.00:0.00 74023 (45) sec
[895] Ep10000: Max 8368 (2042) steps (0.0006 hrs) 0.00:0.00 74066 (43) sec
[896] Ep10000: Max 8368 (2114) steps (0.0006 hrs) 0.00:6.33 74112 (46) sec
[897] Ep10000: Max 8368 (1982) steps (0.0006 hrs) 55.56:500.00 74151 (39) sec
[898] Ep10000: Max 8368 (2283) steps (0.0006 hrs) 0.00:0.00 74201 (50) sec
[899] Ep10000: Max 8368 (2011) steps (0.0006 hrs) 28.57:0.00 74249 (48) sec
[900] Ep10000: Max 8368 (2457) steps (0.0007 hrs) 18.18:9.09 74297 (48) sec
[901] Ep10000: Max 8368 (1848) steps (0.0005 hrs) 0.00:85.71 74328 (31) sec
[902] Ep10000: Max 8368 (2447) steps (0.0007 hrs) 13.16:0.00 74376 (48) sec
[903] Ep10000: Max 8368 (2405) steps (0.0007 hrs) 0.00:0.00 74425 (49) sec
[904] Ep10000: Max 8368 (2545) steps (0.0007 hrs) 15.62:0.00 74474 (49) sec
[905] Ep10000: Max 8368 (2078) steps (0.0006 hrs) 13.70:13.70 74538 (64) sec
[906] Ep10000: Max 8368 (2772) steps (0.0008 hrs) 0.00:0.00 74565 (27) sec
[907] Ep10000: Max 8368 (1473) steps (0.0004 hrs) 10.64:0.00 74600 (35) sec
[908] Ep10000: Max 8368 (2078) steps (0.0006 hrs) 0.00:0.00 74655 (55) sec
[909] Ep10000: Max 8368 (2035) steps (0.0006 hrs) 0.00:0.00 74721 (66) sec
[910] Ep10000: Max 8368 (2354) steps (0.0007 hrs) 9.80:9.80 74789 (68) sec
[911] Ep10000: Max 8368 (2112) steps (0.0006 hrs) 500.00:0.00 74838 (49) sec
[912] Ep10000: Max 8368 (1886) steps (0.0005 hrs) 0.00:0.00 74898 (60) sec
[913] Ep10000: Max 8368 (2287) steps (0.0006 hrs) 0.00:0.00 74945 (47) sec
[914] Ep10000: Max 8368 (1871) steps (0.0005 hrs) 0.00:0.00 74992 (47) sec
[915] Ep10000: Max 8368 (2372) steps (0.0007 hrs) 0.00:0.00 75039 (47) sec
[916] Ep10000: Max 8368 (2018) steps (0.0006 hrs) 10.99:0.00 75087 (48) sec
[917] Ep10000: Max 8368 (2075) steps (0.0006 hrs) 0.00:0.00 75133 (46) sec
[918] Ep10000: Max 8368 (3511) steps (0.0010 hrs) 10.99:0.00 75181 (48) sec
[919] Ep10000: Max 8368 (2048) steps (0.0006 hrs) 12.82:12.82 75238 (57) sec
[920] Ep10000: Max 8368 (1619) steps (0.0004 hrs) 14.08:0.00 75280 (42) sec
[921] Ep10000: Max 8368 (1823) steps (0.0005 hrs) 0.00:0.00 75339 (59) sec
[922] Ep10000: Max 8368 (2409) steps (0.0007 hrs) 0.00:0.00 75387 (48) sec
[923] Ep10000: Max 8368 (2062) steps (0.0006 hrs) 7.63:7.63 75435 (48) sec
[924] Ep10000: Max 8368 (1792) steps (0.0005 hrs) 0.00:250.00 75458 (23) sec
[925] Ep10000: Max 8368 (2180) steps (0.0006 hrs) 0.00:0.00 75507 (49) sec
[926] Ep10000: Max 8368 (1952) steps (0.0005 hrs) 0.00:0.00 75556 (49) sec
[927] Ep10000: Max 8368 (2452) steps (0.0007 hrs) 0.00:0.00 75624 (68) sec
[928] Ep10000: Max 8368 (2251) steps (0.0006 hrs) 0.00:3.36 75673 (49) sec
[929] Ep10000: Max 8368 (1968) steps (0.0005 hrs) 0.00:0.00 75720 (47) sec
[930] Ep10000: Max 8368 (2100) steps (0.0006 hrs) 0.00:0.00 75767 (47) sec
[931] Ep10000: Max 8368 (1722) steps (0.0005 hrs) 0.00:0.00 75812 (45) sec
[932] Ep10000: Max 8368 (2360) steps (0.0007 hrs) 0.00:0.00 75859 (47) sec
[933] Ep10000: Max 8368 (2090) steps (0.0006 hrs) 0.00:0.00 75911 (52) sec
[934] Ep10000: Max 8368 (1615) steps (0.0004 hrs) 9.26:0.00 75944 (33) sec
[935] Ep10000: Max 8368 (2538) steps (0.0007 hrs) 0.00:4.22 75988 (44) sec
[936] Ep10000: Max 8368 (2414) steps (0.0007 hrs) 0.00:0.00 76035 (47) sec
[937] Ep10000: Max 8368 (2347) steps (0.0007 hrs) 8.96:8.96 76082 (47) sec
[938] Ep10000: Max 8368 (1912) steps (0.0005 hrs) 8.06:8.06 76130 (48) sec
[939] Ep10000: Max 8368 (2028) steps (0.0006 hrs) 0.00:0.00 76180 (50) sec
[940] Ep10000: Max 8368 (2146) steps (0.0006 hrs) 0.00:0.00 76227 (47) sec
[941] Ep10000: Max 8368 (590) steps (0.0002 hrs) 11.56:0.00 76253 (26) sec
[942] Ep10000: Max 8368 (2293) steps (0.0006 hrs) 0.00:0.00 76300 (47) sec
[943] Ep10000: Max 8368 (2312) steps (0.0006 hrs) 8.93:8.93 76352 (52) sec
[944] Ep10000: Max 8368 (2668) steps (0.0007 hrs) 0.00:0.00 76400 (48) sec
[945] Ep10000: Max 8368 (2962) steps (0.0008 hrs) 0.00:2.60 76447 (47) sec
[946] Ep10000: Max 8368 (2147) steps (0.0006 hrs) 9.30:9.30 76515 (68) sec
[947] Ep10000: Max 8368 (2262) steps (0.0006 hrs) 0.00:0.00 76558 (43) sec
[948] Ep10000: Max 8368 (2524) steps (0.0007 hrs) 0.00:0.00 76605 (47) sec
[949] Ep10000: Max 8368 (2081) steps (0.0006 hrs) 6.49:12.99 76651 (46) sec
[950] Ep10000: Max 8368 (2313) steps (0.0006 hrs) 0.00:0.00 76704 (53) sec
[951] Ep10000: Max 8368 (2521) steps (0.0007 hrs) 9.09:9.09 76750 (46) sec
[952] Ep10000: Max 8368 (2155) steps (0.0006 hrs) 0.00:0.00 76785 (35) sec
[953] Ep10000: Max 8368 (2290) steps (0.0006 hrs) 0.00:1000.00 76832 (47) sec
[954] Ep10000: Max 8368 (1708) steps (0.0005 hrs) 0.00:0.00 76879 (47) sec
[955] Ep10000: Max 8368 (2100) steps (0.0006 hrs) 0.00:0.00 76932 (53) sec
[956] Ep10000: Max 8368 (317) steps (0.0001 hrs) 11.36:0.00 76963 (31) sec
[957] Ep10000: Max 8368 (2129) steps (0.0006 hrs) 0.00:0.00 77011 (48) sec
[958] Ep10000: Max 8368 (2352) steps (0.0007 hrs) 0.00:0.00 77056 (45) sec
[959] Ep10000: Max 8368 (2139) steps (0.0006 hrs) 0.00:0.00 77103 (47) sec
[960] Ep10000: Max 8368 (2046) steps (0.0006 hrs) 19.61:9.80 77151 (48) sec
[961] Ep10000: Max 8368 (2339) steps (0.0006 hrs) 0.00:0.00 77199 (48) sec
[962] Ep10000: Max 8368 (1938) steps (0.0005 hrs) 9.58:9.58 77253 (54) sec
[963] Ep10000: Max 8368 (2164) steps (0.0006 hrs) 9.87:9.87 77300 (47) sec
[964] Ep10000: Max 8368 (2668) steps (0.0007 hrs) 0.00:0.00 77347 (47) sec
[965] Ep10000: Max 8368 (2449) steps (0.0007 hrs) 0.00:0.00 77395 (48) sec
[966] Ep10000: Max 8368 (2240) steps (0.0006 hrs) 0.00:0.00 77443 (48) sec
[967] Ep10000: Max 8368 (2032) steps (0.0006 hrs) 6.13:6.13 77491 (48) sec
[968] Ep10000: Max 8368 (2230) steps (0.0006 hrs) 0.00:0.00 77537 (46) sec
[969] Ep10000: Max 8368 (2046) steps (0.0006 hrs) 0.00:0.00 77585 (48) sec
[970] Ep10000: Max 8368 (2172) steps (0.0006 hrs) 0.00:0.00 77631 (46) sec
[971] Ep10000: Max 8368 (2235) steps (0.0006 hrs) 19.61:0.00 77678 (47) sec
[972] Ep10000: Max 8368 (2228) steps (0.0006 hrs) 0.00:344.83 77715 (37) sec
[973] Ep10000: Max 8368 (2442) steps (0.0007 hrs) 0.00:0.00 77763 (48) sec
[974] Ep10000: Max 8368 (2666) steps (0.0007 hrs) 0.00:0.00 77810 (47) sec
[975] Ep10000: Max 8368 (1982) steps (0.0006 hrs) 0.00:0.00 77856 (46) sec
[976] Ep10000: Max 8368 (2074) steps (0.0006 hrs) 166.67:0.00 77903 (47) sec
[977] Ep10000: Max 8368 (2107) steps (0.0006 hrs) 13.51:0.00 77946 (43) sec
[978] Ep10000: Max 8368 (1833) steps (0.0005 hrs) 0.00:0.00 77993 (47) sec
[979] Ep10000: Max 8368 (1849) steps (0.0005 hrs) 0.00:0.00 78042 (49) sec
[980] Ep10000: Max 8368 (2568) steps (0.0007 hrs) 0.00:0.00 78089 (47) sec
[981] Ep10000: Max 8368 (2124) steps (0.0006 hrs) 7.71:10.28 78141 (52) sec
[982] Ep10000: Max 8368 (2022) steps (0.0006 hrs) 0.00:0.00 78192 (51) sec
[983] Ep10000: Max 8368 (1966) steps (0.0005 hrs) 6.99:6.99 78239 (47) sec
[984] Ep10000: Max 8368 (2603) steps (0.0007 hrs) 12.50:0.00 78287 (48) sec
[985] Ep10000: Max 8368 (2594) steps (0.0007 hrs) 0.00:0.00 78335 (48) sec
[986] Ep10000: Max 8368 (2203) steps (0.0006 hrs) 0.00:0.00 78382 (47) sec
[987] Ep10000: Max 8368 (2567) steps (0.0007 hrs) 7.75:0.00 78430 (48) sec
[988] Ep10000: Max 8368 (2307) steps (0.0006 hrs) 11.63:0.00 78477 (47) sec
[989] Ep10000: Max 8368 (2571) steps (0.0007 hrs) 0.00:1.18 78525 (48) sec
[990] Ep10000: Max 8368 (2117) steps (0.0006 hrs) 0.00:0.00 78572 (47) sec
[991] Ep10000: Max 8368 (2309) steps (0.0006 hrs) 3.12:0.00 78622 (50) sec
[992] Ep10000: Max 8368 (1834) steps (0.0005 hrs) 0.00:0.00 78665 (43) sec
[993] Ep10000: Max 8368 (4588) steps (0.0013 hrs) 0.00:7.94 78713 (48) sec
[994] Ep10000: Max 8368 (2586) steps (0.0007 hrs) 0.00:0.00 78761 (48) sec
[995] Ep10000: Max 8368 (2026) steps (0.0006 hrs) 12.50:12.50 78809 (48) sec
[996] Ep10000: Max 8368 (2114) steps (0.0006 hrs) 12.82:12.82 78858 (49) sec
[997] Ep10000: Max 8368 (2089) steps (0.0006 hrs) 71.43:0.00 78905 (47) sec
[998] Ep10000: Max 8368 (2367) steps (0.0007 hrs) 14.93:14.93 78942 (37) sec
[999] Ep10000: Max 8368 (2188) steps (0.0006 hrs) 0.00:0.00 78990 (48) sec
[1000] Ep10000: Max 8368 (2340) steps (0.0007 hrs) 0.00:0.00 79038 (48) sec
Total Elapsed time: 79038 seconds
Wrote current data to latest.train
