balanced 0 test_flag 0
[1] Ep10000: Max 96 (96) steps (0.0000 hrs) 111.11:0.00 9 (9) sec
[2] Ep10000: Max 125 (125) steps (0.0000 hrs) 0.00:15.15 18 (9) sec
[3] Ep10000: Max 125 (121) steps (0.0000 hrs) 31.25:0.00 28 (10) sec
[4] Ep10000: Max 125 (117) steps (0.0000 hrs) 21.74:0.00 37 (9) sec
[5] Ep10000: Max 125 (105) steps (0.0000 hrs) 23.26:0.00 46 (9) sec
[6] Ep10000: Max 144 (144) steps (0.0000 hrs) 0.00:20.00 56 (10) sec
[7] Ep10000: Max 147 (147) steps (0.0000 hrs) 0.00:19.61 65 (9) sec
[8] Ep10000: Max 147 (115) steps (0.0000 hrs) 31.25:0.00 74 (9) sec
[9] Ep10000: Max 147 (57) steps (0.0000 hrs) 41.67:0.00 82 (8) sec
[10] Ep10000: Max 147 (89) steps (0.0000 hrs) 0.00:55.56 91 (9) sec
[11] Ep10000: Max 147 (109) steps (0.0000 hrs) 0.00:21.28 100 (9) sec
[12] Ep10000: Max 147 (120) steps (0.0000 hrs) 30.30:0.00 110 (10) sec
[13] Ep10000: Max 147 (118) steps (0.0000 hrs) 0.00:22.22 119 (9) sec
[14] Ep10000: Max 147 (133) steps (0.0000 hrs) 0.00:22.22 128 (9) sec
[15] Ep10000: Max 147 (110) steps (0.0000 hrs) 18.52:0.00 137 (9) sec
[16] Ep10000: Max 147 (124) steps (0.0000 hrs) 0.00:33.33 146 (9) sec
[17] Ep10000: Max 147 (141) steps (0.0000 hrs) 0.00:21.74 155 (9) sec
[18] Ep10000: Max 147 (87) steps (0.0000 hrs) 25.00:0.00 164 (9) sec
[19] Ep10000: Max 147 (121) steps (0.0000 hrs) 0.00:22.73 173 (9) sec
[20] Ep10000: Max 147 (128) steps (0.0000 hrs) 0.00:19.23 183 (10) sec
[21] Ep10000: Max 147 (113) steps (0.0000 hrs) 52.63:0.00 193 (10) sec
[22] Ep10000: Max 155 (155) steps (0.0000 hrs) 18.18:0.00 203 (10) sec
[23] Ep10000: Max 155 (113) steps (0.0000 hrs) 0.00:83.33 213 (10) sec
[24] Ep10000: Max 155 (119) steps (0.0000 hrs) 47.62:0.00 223 (10) sec
[25] Ep10000: Max 155 (112) steps (0.0000 hrs) 29.41:0.00 233 (10) sec
[26] Ep10000: Max 155 (88) steps (0.0000 hrs) 32.26:0.00 242 (9) sec
[27] Ep10000: Max 155 (111) steps (0.0000 hrs) 38.46:0.00 252 (10) sec
[28] Ep10000: Max 155 (136) steps (0.0000 hrs) 0.00:28.57 263 (11) sec
[29] Ep10000: Max 155 (115) steps (0.0000 hrs) 23.26:0.00 272 (9) sec
[30] Ep10000: Max 155 (117) steps (0.0000 hrs) 27.78:0.00 282 (10) sec
[31] Ep10000: Max 155 (116) steps (0.0000 hrs) 24.39:0.00 291 (9) sec
[32] Ep10000: Max 155 (140) steps (0.0000 hrs) 0.00:28.57 301 (10) sec
[33] Ep10000: Max 155 (116) steps (0.0000 hrs) 0.00:25.64 311 (10) sec
[34] Ep10000: Max 155 (109) steps (0.0000 hrs) 0.00:23.26 321 (10) sec
[35] Ep10000: Max 155 (145) steps (0.0000 hrs) 24.39:0.00 330 (9) sec
[36] Ep10000: Max 155 (128) steps (0.0000 hrs) 52.63:0.00 339 (9) sec
[37] Ep10000: Max 155 (113) steps (0.0000 hrs) 28.57:0.00 348 (9) sec
[38] Ep10000: Max 155 (63) steps (0.0000 hrs) 0.00:25.00 357 (9) sec
[39] Ep10000: Max 155 (93) steps (0.0000 hrs) 0.00:24.39 366 (9) sec
[40] Ep10000: Max 155 (116) steps (0.0000 hrs) 22.73:0.00 376 (10) sec
[41] Ep10000: Max 155 (126) steps (0.0000 hrs) 20.83:0.00 385 (9) sec
[42] Ep10000: Max 155 (117) steps (0.0000 hrs) 0.00:24.39 394 (9) sec
[43] Ep10000: Max 155 (100) steps (0.0000 hrs) 0.00:40.00 404 (10) sec
[44] Ep10000: Max 155 (123) steps (0.0000 hrs) 29.41:0.00 414 (10) sec
[45] Ep10000: Max 155 (99) steps (0.0000 hrs) 0.00:0.00 424 (10) sec
[46] Ep10000: Max 155 (117) steps (0.0000 hrs) 20.41:0.00 434 (10) sec
[47] Ep10000: Max 165 (165) steps (0.0000 hrs) 0.00:19.61 444 (10) sec
[48] Ep10000: Max 165 (113) steps (0.0000 hrs) 0.00:22.73 454 (10) sec
[49] Ep10000: Max 165 (108) steps (0.0000 hrs) 25.00:0.00 463 (9) sec
[50] Ep10000: Max 165 (125) steps (0.0000 hrs) 25.64:0.00 473 (10) sec
[51] Ep10000: Max 165 (108) steps (0.0000 hrs) 25.00:0.00 482 (9) sec
[52] Ep10000: Max 165 (124) steps (0.0000 hrs) 0.00:45.45 493 (11) sec
[53] Ep10000: Max 165 (133) steps (0.0000 hrs) 0.00:31.25 503 (10) sec
[54] Ep10000: Max 165 (142) steps (0.0000 hrs) 0.00:21.28 513 (10) sec
[55] Ep10000: Max 165 (102) steps (0.0000 hrs) 58.82:0.00 523 (10) sec
[56] Ep10000: Max 165 (55) steps (0.0000 hrs) 55.56:0.00 532 (9) sec
[57] Ep10000: Max 165 (121) steps (0.0000 hrs) 0.00:31.25 542 (10) sec
[58] Ep10000: Max 165 (114) steps (0.0000 hrs) 0.00:27.03 553 (11) sec
[59] Ep10000: Max 165 (110) steps (0.0000 hrs) 0.00:28.57 564 (11) sec
[60] Ep10000: Max 165 (119) steps (0.0000 hrs) 0.00:58.82 573 (9) sec
[61] Ep10000: Max 169 (169) steps (0.0000 hrs) 0.00:14.93 583 (10) sec
[62] Ep10000: Max 169 (107) steps (0.0000 hrs) 33.33:0.00 594 (11) sec
[63] Ep10000: Max 169 (117) steps (0.0000 hrs) 22.73:0.00 604 (10) sec
[64] Ep10000: Max 169 (80) steps (0.0000 hrs) 0.00:21.74 614 (10) sec
[65] Ep10000: Max 169 (112) steps (0.0000 hrs) 45.45:0.00 625 (11) sec
[66] Ep10000: Max 169 (122) steps (0.0000 hrs) 45.45:0.00 635 (10) sec
[67] Ep10000: Max 169 (107) steps (0.0000 hrs) 47.62:0.00 645 (10) sec
[68] Ep10000: Max 169 (160) steps (0.0000 hrs) 20.41:0.00 655 (10) sec
[69] Ep10000: Max 169 (109) steps (0.0000 hrs) 0.00:25.00 665 (10) sec
[70] Ep10000: Max 169 (72) steps (0.0000 hrs) 27.78:0.00 674 (9) sec
[71] Ep10000: Max 169 (114) steps (0.0000 hrs) 0.00:32.26 683 (9) sec
[72] Ep10000: Max 169 (125) steps (0.0000 hrs) 0.00:24.39 693 (10) sec
[73] Ep10000: Max 169 (115) steps (0.0000 hrs) 0.00:41.67 703 (10) sec
[74] Ep10000: Max 169 (127) steps (0.0000 hrs) 34.48:0.00 713 (10) sec
[75] Ep10000: Max 169 (113) steps (0.0000 hrs) 0.00:18.18 724 (11) sec
[76] Ep10000: Max 169 (157) steps (0.0000 hrs) 28.57:0.00 734 (10) sec
[77] Ep10000: Max 169 (137) steps (0.0000 hrs) 0.00:22.73 744 (10) sec
[78] Ep10000: Max 169 (128) steps (0.0000 hrs) 23.26:0.00 754 (10) sec
[79] Ep10000: Max 169 (96) steps (0.0000 hrs) 125.00:0.00 765 (11) sec
[80] Ep10000: Max 169 (105) steps (0.0000 hrs) 52.63:0.00 776 (11) sec
[81] Ep10000: Max 169 (96) steps (0.0000 hrs) 23.81:0.00 785 (9) sec
[82] Ep10000: Max 169 (111) steps (0.0000 hrs) 25.64:0.00 795 (10) sec
[83] Ep10000: Max 169 (148) steps (0.0000 hrs) 0.00:32.26 810 (15) sec
[84] Ep10000: Max 169 (67) steps (0.0000 hrs) 0.00:17.86 819 (9) sec
[85] Ep10000: Max 169 (69) steps (0.0000 hrs) 0.00:23.81 827 (8) sec
[86] Ep10000: Max 169 (137) steps (0.0000 hrs) 0.00:20.41 837 (10) sec
[87] Ep10000: Max 169 (141) steps (0.0000 hrs) 0.00:23.26 846 (9) sec
[88] Ep10000: Max 169 (79) steps (0.0000 hrs) 62.50:0.00 855 (9) sec
[89] Ep10000: Max 169 (129) steps (0.0000 hrs) 15.87:0.00 865 (10) sec
[90] Ep10000: Max 182 (182) steps (0.0001 hrs) 19.23:0.00 875 (10) sec
[91] Ep10000: Max 182 (162) steps (0.0000 hrs) 10.75:0.00 885 (10) sec
[92] Ep10000: Max 182 (163) steps (0.0000 hrs) 19.23:0.00 896 (11) sec
[93] Ep10000: Max 182 (117) steps (0.0000 hrs) 27.78:0.00 906 (10) sec
[94] Ep10000: Max 182 (86) steps (0.0000 hrs) 25.00:0.00 915 (9) sec
[95] Ep10000: Max 182 (171) steps (0.0000 hrs) 0.00:29.41 925 (10) sec
[96] Ep10000: Max 182 (91) steps (0.0000 hrs) 21.28:0.00 935 (10) sec
[97] Ep10000: Max 182 (105) steps (0.0000 hrs) 33.33:0.00 945 (10) sec
[98] Ep10000: Max 182 (105) steps (0.0000 hrs) 0.00:24.39 955 (10) sec
[99] Ep10000: Max 182 (127) steps (0.0000 hrs) 24.39:0.00 966 (11) sec
[100] Ep10000: Max 182 (132) steps (0.0000 hrs) 0.00:52.63 977 (11) sec
[101] Ep10000: Max 182 (92) steps (0.0000 hrs) 20.83:0.00 988 (11) sec
[102] Ep10000: Max 182 (107) steps (0.0000 hrs) 25.00:0.00 998 (10) sec
[103] Ep10000: Max 182 (102) steps (0.0000 hrs) 37.04:0.00 1009 (11) sec
[104] Ep10000: Max 182 (111) steps (0.0000 hrs) 27.03:0.00 1019 (10) sec
[105] Ep10000: Max 182 (151) steps (0.0000 hrs) 0.00:21.74 1030 (11) sec
[106] Ep10000: Max 182 (100) steps (0.0000 hrs) 52.63:0.00 1040 (10) sec
[107] Ep10000: Max 182 (109) steps (0.0000 hrs) 29.41:0.00 1050 (10) sec
[108] Ep10000: Max 182 (115) steps (0.0000 hrs) 0.00:29.41 1061 (11) sec
[109] Ep10000: Max 182 (118) steps (0.0000 hrs) 29.41:0.00 1071 (10) sec
[110] Ep10000: Max 182 (124) steps (0.0000 hrs) 0.00:26.32 1082 (11) sec
[111] Ep10000: Max 182 (125) steps (0.0000 hrs) 47.62:0.00 1093 (11) sec
[112] Ep10000: Max 182 (127) steps (0.0000 hrs) 19.61:0.00 1104 (11) sec
[113] Ep10000: Max 182 (130) steps (0.0000 hrs) 23.26:0.00 1114 (10) sec
[114] Ep10000: Max 182 (114) steps (0.0000 hrs) 62.50:0.00 1125 (11) sec
[115] Ep10000: Max 182 (124) steps (0.0000 hrs) 22.73:0.00 1135 (10) sec
[116] Ep10000: Max 182 (87) steps (0.0000 hrs) 45.45:0.00 1145 (10) sec
[117] Ep10000: Max 182 (153) steps (0.0000 hrs) 38.46:0.00 1156 (11) sec
[118] Ep10000: Max 182 (131) steps (0.0000 hrs) 0.00:50.00 1166 (10) sec
[119] Ep10000: Max 182 (101) steps (0.0000 hrs) 0.00:22.73 1177 (11) sec
[120] Ep10000: Max 182 (162) steps (0.0000 hrs) 0.00:25.00 1188 (11) sec
[121] Ep10000: Max 182 (181) steps (0.0001 hrs) 24.39:0.00 1199 (11) sec
[122] Ep10000: Max 182 (115) steps (0.0000 hrs) 26.32:0.00 1210 (11) sec
[123] Ep10000: Max 182 (115) steps (0.0000 hrs) 0.00:37.04 1221 (11) sec
[124] Ep10000: Max 182 (120) steps (0.0000 hrs) 17.86:0.00 1231 (10) sec
[125] Ep10000: Max 182 (117) steps (0.0000 hrs) 37.04:0.00 1242 (11) sec
[126] Ep10000: Max 182 (143) steps (0.0000 hrs) 90.91:0.00 1252 (10) sec
[127] Ep10000: Max 182 (101) steps (0.0000 hrs) 0.00:27.78 1263 (11) sec
[128] Ep10000: Max 182 (122) steps (0.0000 hrs) 30.30:0.00 1274 (11) sec
[129] Ep10000: Max 182 (134) steps (0.0000 hrs) 0.00:23.81 1285 (11) sec
[130] Ep10000: Max 182 (128) steps (0.0000 hrs) 32.26:0.00 1297 (12) sec
[131] Ep10000: Max 182 (111) steps (0.0000 hrs) 17.54:0.00 1308 (11) sec
[132] Ep10000: Max 182 (101) steps (0.0000 hrs) 18.87:0.00 1319 (11) sec
[133] Ep10000: Max 182 (106) steps (0.0000 hrs) 22.73:0.00 1330 (11) sec
[134] Ep10000: Max 182 (103) steps (0.0000 hrs) 0.00:35.71 1339 (9) sec
[135] Ep10000: Max 182 (107) steps (0.0000 hrs) 0.00:28.57 1349 (10) sec
[136] Ep10000: Max 182 (134) steps (0.0000 hrs) 0.00:25.00 1359 (10) sec
[137] Ep10000: Max 182 (159) steps (0.0000 hrs) 0.00:25.00 1370 (11) sec
[138] Ep10000: Max 182 (98) steps (0.0000 hrs) 0.00:28.57 1380 (10) sec
[139] Ep10000: Max 182 (114) steps (0.0000 hrs) 0.00:20.00 1390 (10) sec
[140] Ep10000: Max 182 (146) steps (0.0000 hrs) 23.26:0.00 1400 (10) sec
[141] Ep10000: Max 182 (140) steps (0.0000 hrs) 0.00:0.00 1410 (10) sec
[142] Ep10000: Max 182 (121) steps (0.0000 hrs) 0.00:18.87 1420 (10) sec
[143] Ep10000: Max 182 (134) steps (0.0000 hrs) 23.81:0.00 1430 (10) sec
[144] Ep10000: Max 182 (124) steps (0.0000 hrs) 22.22:0.00 1441 (11) sec
[145] Ep10000: Max 182 (95) steps (0.0000 hrs) 0.00:47.62 1451 (10) sec
[146] Ep10000: Max 182 (121) steps (0.0000 hrs) 20.41:0.00 1462 (11) sec
[147] Ep10000: Max 182 (87) steps (0.0000 hrs) 0.00:40.00 1472 (10) sec
[148] Ep10000: Max 182 (70) steps (0.0000 hrs) 0.00:142.86 1481 (9) sec
[149] Ep10000: Max 182 (121) steps (0.0000 hrs) 0.00:20.41 1491 (10) sec
[150] Ep10000: Max 182 (149) steps (0.0000 hrs) 19.61:0.00 1500 (9) sec
[151] Ep10000: Max 182 (134) steps (0.0000 hrs) 28.57:0.00 1511 (11) sec
[152] Ep10000: Max 182 (121) steps (0.0000 hrs) 0.00:34.48 1522 (11) sec
[153] Ep10000: Max 182 (114) steps (0.0000 hrs) 0.00:28.57 1533 (11) sec
[154] Ep10000: Max 182 (104) steps (0.0000 hrs) 0.00:24.39 1543 (10) sec
[155] Ep10000: Max 182 (121) steps (0.0000 hrs) 0.00:25.64 1554 (11) sec
[156] Ep10000: Max 182 (108) steps (0.0000 hrs) 0.00:32.26 1564 (10) sec
[157] Ep10000: Max 182 (107) steps (0.0000 hrs) 21.74:0.00 1574 (10) sec
[158] Ep10000: Max 182 (55) steps (0.0000 hrs) 43.48:0.00 1584 (10) sec
[159] Ep10000: Max 182 (139) steps (0.0000 hrs) 17.24:0.00 1595 (11) sec
[160] Ep10000: Max 182 (157) steps (0.0000 hrs) 19.61:0.00 1605 (10) sec
[161] Ep10000: Max 182 (109) steps (0.0000 hrs) 0.00:21.28 1615 (10) sec
[162] Ep10000: Max 182 (145) steps (0.0000 hrs) 0.00:16.95 1625 (10) sec
[163] Ep10000: Max 182 (104) steps (0.0000 hrs) 29.41:0.00 1636 (11) sec
[164] Ep10000: Max 182 (108) steps (0.0000 hrs) 29.41:0.00 1647 (11) sec
[165] Ep10000: Max 182 (133) steps (0.0000 hrs) 0.00:34.48 1657 (10) sec
[166] Ep10000: Max 182 (106) steps (0.0000 hrs) 20.00:0.00 1668 (11) sec
[167] Ep10000: Max 182 (118) steps (0.0000 hrs) 142.86:0.00 1678 (10) sec
[168] Ep10000: Max 182 (151) steps (0.0000 hrs) 0.00:29.41 1688 (10) sec
[169] Ep10000: Max 182 (126) steps (0.0000 hrs) 21.28:0.00 1701 (13) sec
[170] Ep10000: Max 182 (114) steps (0.0000 hrs) 0.00:58.82 1711 (10) sec
[171] Ep10000: Max 182 (133) steps (0.0000 hrs) 0.00:37.04 1720 (9) sec
[172] Ep10000: Max 182 (150) steps (0.0000 hrs) 37.04:0.00 1731 (11) sec
[173] Ep10000: Max 182 (59) steps (0.0000 hrs) 26.32:0.00 1741 (10) sec
[174] Ep10000: Max 182 (110) steps (0.0000 hrs) 0.00:22.73 1750 (9) sec
[175] Ep10000: Max 182 (107) steps (0.0000 hrs) 28.57:0.00 1760 (10) sec
[176] Ep10000: Max 182 (111) steps (0.0000 hrs) 23.26:0.00 1771 (11) sec
[177] Ep10000: Max 182 (138) steps (0.0000 hrs) 0.00:31.25 1781 (10) sec
[178] Ep10000: Max 182 (125) steps (0.0000 hrs) 0.00:41.67 1790 (9) sec
[179] Ep10000: Max 182 (103) steps (0.0000 hrs) 0.00:25.64 1801 (11) sec
[180] Ep10000: Max 182 (114) steps (0.0000 hrs) 0.00:27.03 1812 (11) sec
[181] Ep10000: Max 182 (101) steps (0.0000 hrs) 21.28:0.00 1822 (10) sec
[182] Ep10000: Max 182 (104) steps (0.0000 hrs) 0.00:23.81 1833 (11) sec
[183] Ep10000: Max 182 (168) steps (0.0000 hrs) 0.00:25.64 1843 (10) sec
[184] Ep10000: Max 182 (97) steps (0.0000 hrs) 0.00:26.32 1854 (11) sec
[185] Ep10000: Max 182 (119) steps (0.0000 hrs) 35.71:0.00 1864 (10) sec
[186] Ep10000: Max 182 (93) steps (0.0000 hrs) 0.00:22.22 1873 (9) sec
[187] Ep10000: Max 182 (171) steps (0.0000 hrs) 0.00:27.03 1883 (10) sec
[188] Ep10000: Max 182 (125) steps (0.0000 hrs) 0.00:38.46 1894 (11) sec
[189] Ep10000: Max 182 (150) steps (0.0000 hrs) 16.67:0.00 1904 (10) sec
[190] Ep10000: Max 182 (125) steps (0.0000 hrs) 0.00:25.64 1914 (10) sec
[191] Ep10000: Max 182 (105) steps (0.0000 hrs) 0.00:21.28 1924 (10) sec
[192] Ep10000: Max 182 (121) steps (0.0000 hrs) 33.33:0.00 1934 (10) sec
[193] Ep10000: Max 182 (128) steps (0.0000 hrs) 27.03:0.00 1945 (11) sec
[194] Ep10000: Max 182 (129) steps (0.0000 hrs) 25.00:0.00 1956 (11) sec
[195] Ep10000: Max 182 (109) steps (0.0000 hrs) 0.00:18.87 1966 (10) sec
[196] Ep10000: Max 182 (108) steps (0.0000 hrs) 0.00:21.74 1976 (10) sec
[197] Ep10000: Max 182 (114) steps (0.0000 hrs) 29.41:0.00 1986 (10) sec
[198] Ep10000: Max 182 (117) steps (0.0000 hrs) 22.73:0.00 1996 (10) sec
[199] Ep10000: Max 182 (106) steps (0.0000 hrs) 0.00:22.22 2006 (10) sec
[200] Ep10000: Max 182 (107) steps (0.0000 hrs) 25.00:0.00 2016 (10) sec
[201] Ep10000: Max 182 (167) steps (0.0000 hrs) 71.43:0.00 2025 (9) sec
[202] Ep10000: Max 182 (101) steps (0.0000 hrs) 35.71:0.00 2034 (9) sec
[203] Ep10000: Max 182 (124) steps (0.0000 hrs) 0.00:20.83 2045 (11) sec
[204] Ep10000: Max 182 (81) steps (0.0000 hrs) 28.57:0.00 2055 (10) sec
[205] Ep10000: Max 182 (122) steps (0.0000 hrs) 0.00:45.45 2064 (9) sec
[206] Ep10000: Max 182 (92) steps (0.0000 hrs) 29.41:0.00 2074 (10) sec
[207] Ep10000: Max 182 (115) steps (0.0000 hrs) 0.00:25.64 2084 (10) sec
[208] Ep10000: Max 182 (122) steps (0.0000 hrs) 19.23:0.00 2093 (9) sec
[209] Ep10000: Max 182 (148) steps (0.0000 hrs) 0.00:58.82 2103 (10) sec
[210] Ep10000: Max 182 (108) steps (0.0000 hrs) 40.00:0.00 2114 (11) sec
[211] Ep10000: Max 182 (113) steps (0.0000 hrs) 31.25:0.00 2124 (10) sec
[212] Ep10000: Max 182 (125) steps (0.0000 hrs) 76.92:0.00 2134 (10) sec
[213] Ep10000: Max 182 (163) steps (0.0000 hrs) 0.00:33.33 2144 (10) sec
[214] Ep10000: Max 182 (126) steps (0.0000 hrs) 0.00:41.67 2154 (10) sec
[215] Ep10000: Max 182 (118) steps (0.0000 hrs) 24.39:0.00 2164 (10) sec
[216] Ep10000: Max 182 (119) steps (0.0000 hrs) 0.00:27.78 2174 (10) sec
[217] Ep10000: Max 182 (135) steps (0.0000 hrs) 0.00:19.61 2184 (10) sec
[218] Ep10000: Max 182 (106) steps (0.0000 hrs) 90.91:0.00 2194 (10) sec
[219] Ep10000: Max 182 (158) steps (0.0000 hrs) 23.26:0.00 2204 (10) sec
[220] Ep10000: Max 182 (140) steps (0.0000 hrs) 55.56:0.00 2215 (11) sec
[221] Ep10000: Max 182 (115) steps (0.0000 hrs) 0.00:0.00 2225 (10) sec
[222] Ep10000: Max 182 (120) steps (0.0000 hrs) 23.81:0.00 2234 (9) sec
[223] Ep10000: Max 182 (141) steps (0.0000 hrs) 0.00:27.78 2244 (10) sec
[224] Ep10000: Max 182 (110) steps (0.0000 hrs) 0.00:34.48 2254 (10) sec
[225] Ep10000: Max 182 (96) steps (0.0000 hrs) 0.00:0.00 2264 (10) sec
[226] Ep10000: Max 182 (122) steps (0.0000 hrs) 0.00:23.81 2274 (10) sec
[227] Ep10000: Max 182 (113) steps (0.0000 hrs) 17.86:0.00 2284 (10) sec
[228] Ep10000: Max 182 (138) steps (0.0000 hrs) 0.00:24.39 2293 (9) sec
[229] Ep10000: Max 182 (114) steps (0.0000 hrs) 23.81:0.00 2303 (10) sec
[230] Ep10000: Max 182 (141) steps (0.0000 hrs) 35.71:0.00 2313 (10) sec
[231] Ep10000: Max 182 (132) steps (0.0000 hrs) 0.00:26.32 2323 (10) sec
[232] Ep10000: Max 182 (124) steps (0.0000 hrs) 21.74:0.00 2332 (9) sec
[233] Ep10000: Max 182 (76) steps (0.0000 hrs) 41.67:0.00 2342 (10) sec
[234] Ep10000: Max 182 (135) steps (0.0000 hrs) 22.73:0.00 2352 (10) sec
[235] Ep10000: Max 182 (137) steps (0.0000 hrs) 0.00:43.48 2361 (9) sec
[236] Ep10000: Max 182 (53) steps (0.0000 hrs) 25.00:0.00 2371 (10) sec
[237] Ep10000: Max 182 (153) steps (0.0000 hrs) 0.00:0.00 2380 (9) sec
[238] Ep10000: Max 182 (109) steps (0.0000 hrs) 0.00:45.45 2390 (10) sec
[239] Ep10000: Max 182 (105) steps (0.0000 hrs) 0.00:25.00 2399 (9) sec
[240] Ep10000: Max 182 (146) steps (0.0000 hrs) 0.00:0.00 2409 (10) sec
[241] Ep10000: Max 182 (138) steps (0.0000 hrs) 0.00:26.32 2418 (9) sec
[242] Ep10000: Max 182 (155) steps (0.0000 hrs) 17.24:0.00 2428 (10) sec
[243] Ep10000: Max 182 (150) steps (0.0000 hrs) 0.00:21.74 2438 (10) sec
[244] Ep10000: Max 182 (147) steps (0.0000 hrs) 0.00:31.25 2451 (13) sec
[245] Ep10000: Max 182 (106) steps (0.0000 hrs) 52.63:0.00 2460 (9) sec
[246] Ep10000: Max 182 (149) steps (0.0000 hrs) 0.00:20.00 2470 (10) sec
[247] Ep10000: Max 182 (160) steps (0.0000 hrs) 23.81:0.00 2480 (10) sec
[248] Ep10000: Max 182 (116) steps (0.0000 hrs) 28.57:0.00 2489 (9) sec
[249] Ep10000: Max 182 (104) steps (0.0000 hrs) 0.00:30.30 2499 (10) sec
[250] Ep10000: Max 182 (115) steps (0.0000 hrs) 0.00:20.83 2508 (9) sec
[251] Ep10000: Max 182 (123) steps (0.0000 hrs) 20.41:0.00 2518 (10) sec
[252] Ep10000: Max 182 (160) steps (0.0000 hrs) 0.00:25.64 2528 (10) sec
[253] Ep10000: Max 182 (135) steps (0.0000 hrs) 0.00:27.78 2538 (10) sec
[254] Ep10000: Max 182 (104) steps (0.0000 hrs) 18.18:0.00 2547 (9) sec
[255] Ep10000: Max 182 (87) steps (0.0000 hrs) 0.00:23.81 2557 (10) sec
[256] Ep10000: Max 182 (140) steps (0.0000 hrs) 50.00:0.00 2566 (9) sec
[257] Ep10000: Max 182 (97) steps (0.0000 hrs) 0.00:26.32 2575 (9) sec
[258] Ep10000: Max 182 (76) steps (0.0000 hrs) 0.00:20.41 2585 (10) sec
[259] Ep10000: Max 182 (102) steps (0.0000 hrs) 0.00:24.39 2594 (9) sec
[260] Ep10000: Max 182 (117) steps (0.0000 hrs) 20.83:0.00 2604 (10) sec
[261] Ep10000: Max 182 (129) steps (0.0000 hrs) 37.04:0.00 2614 (10) sec
[262] Ep10000: Max 182 (111) steps (0.0000 hrs) 31.25:0.00 2623 (9) sec
[263] Ep10000: Max 182 (145) steps (0.0000 hrs) 0.00:29.41 2632 (9) sec
[264] Ep10000: Max 182 (124) steps (0.0000 hrs) 0.00:31.25 2642 (10) sec
[265] Ep10000: Max 182 (124) steps (0.0000 hrs) 90.91:0.00 2652 (10) sec
[266] Ep10000: Max 182 (135) steps (0.0000 hrs) 0.00:25.64 2661 (9) sec
[267] Ep10000: Max 182 (118) steps (0.0000 hrs) 0.00:29.41 2671 (10) sec
[268] Ep10000: Max 182 (166) steps (0.0000 hrs) 19.61:0.00 2681 (10) sec
[269] Ep10000: Max 182 (121) steps (0.0000 hrs) 0.00:38.46 2690 (9) sec
[270] Ep10000: Max 182 (119) steps (0.0000 hrs) 0.00:35.71 2700 (10) sec
[271] Ep10000: Max 182 (123) steps (0.0000 hrs) 24.39:0.00 2710 (10) sec
[272] Ep10000: Max 182 (122) steps (0.0000 hrs) 28.57:0.00 2720 (10) sec
[273] Ep10000: Max 182 (117) steps (0.0000 hrs) 50.00:0.00 2729 (9) sec
[274] Ep10000: Max 182 (103) steps (0.0000 hrs) 20.83:0.00 2738 (9) sec
[275] Ep10000: Max 182 (151) steps (0.0000 hrs) 0.00:21.28 2748 (10) sec
[276] Ep10000: Max 182 (107) steps (0.0000 hrs) 23.26:0.00 2758 (10) sec
[277] Ep10000: Max 182 (110) steps (0.0000 hrs) 38.46:0.00 2767 (9) sec
[278] Ep10000: Max 182 (102) steps (0.0000 hrs) 18.18:0.00 2777 (10) sec
[279] Ep10000: Max 182 (162) steps (0.0000 hrs) 0.00:34.48 2786 (9) sec
[280] Ep10000: Max 182 (124) steps (0.0000 hrs) 0.00:76.92 2799 (13) sec
[281] Ep10000: Max 182 (129) steps (0.0000 hrs) 22.73:0.00 2809 (10) sec
[282] Ep10000: Max 182 (148) steps (0.0000 hrs) 20.83:0.00 2819 (10) sec
[283] Ep10000: Max 182 (61) steps (0.0000 hrs) 20.41:0.00 2828 (9) sec
[284] Ep10000: Max 182 (112) steps (0.0000 hrs) 52.63:0.00 2838 (10) sec
[285] Ep10000: Max 182 (113) steps (0.0000 hrs) 0.00:26.32 2848 (10) sec
[286] Ep10000: Max 182 (99) steps (0.0000 hrs) 0.00:23.26 2858 (10) sec
[287] Ep10000: Max 182 (122) steps (0.0000 hrs) 0.00:28.57 2867 (9) sec
[288] Ep10000: Max 182 (80) steps (0.0000 hrs) 23.26:0.00 2877 (10) sec
[289] Ep10000: Max 182 (105) steps (0.0000 hrs) 0.00:27.78 2887 (10) sec
[290] Ep10000: Max 182 (124) steps (0.0000 hrs) 0.00:19.61 2896 (9) sec
[291] Ep10000: Max 182 (87) steps (0.0000 hrs) 0.00:23.26 2906 (10) sec
[292] Ep10000: Max 182 (98) steps (0.0000 hrs) 0.00:41.67 2915 (9) sec
[293] Ep10000: Max 182 (114) steps (0.0000 hrs) 0.00:13.16 2924 (9) sec
[294] Ep10000: Max 182 (136) steps (0.0000 hrs) 30.30:0.00 2934 (10) sec
[295] Ep10000: Max 182 (89) steps (0.0000 hrs) 0.00:27.03 2944 (10) sec
[296] Ep10000: Max 182 (93) steps (0.0000 hrs) 40.00:0.00 2953 (9) sec
[297] Ep10000: Max 182 (125) steps (0.0000 hrs) 25.00:0.00 2963 (10) sec
[298] Ep10000: Max 182 (112) steps (0.0000 hrs) 32.26:0.00 2973 (10) sec
[299] Ep10000: Max 182 (89) steps (0.0000 hrs) 19.61:0.00 2983 (10) sec
[300] Ep10000: Max 182 (129) steps (0.0000 hrs) 52.63:0.00 2993 (10) sec
[301] Ep10000: Max 182 (57) steps (0.0000 hrs) 33.33:0.00 3002 (9) sec
[302] Ep10000: Max 182 (121) steps (0.0000 hrs) 0.00:30.30 3012 (10) sec
[303] Ep10000: Max 182 (72) steps (0.0000 hrs) 25.00:0.00 3021 (9) sec
[304] Ep10000: Max 182 (128) steps (0.0000 hrs) 0.00:20.41 3031 (10) sec
[305] Ep10000: Max 182 (143) steps (0.0000 hrs) 20.00:0.00 3040 (9) sec
[306] Ep10000: Max 182 (124) steps (0.0000 hrs) 27.03:0.00 3050 (10) sec
[307] Ep10000: Max 182 (133) steps (0.0000 hrs) 25.64:0.00 3060 (10) sec
[308] Ep10000: Max 182 (99) steps (0.0000 hrs) 0.00:25.00 3070 (10) sec
[309] Ep10000: Max 182 (168) steps (0.0000 hrs) 29.41:0.00 3080 (10) sec
[310] Ep10000: Max 182 (106) steps (0.0000 hrs) 22.22:0.00 3089 (9) sec
[311] Ep10000: Max 182 (107) steps (0.0000 hrs) 0.00:22.73 3098 (9) sec
[312] Ep10000: Max 182 (75) steps (0.0000 hrs) 38.46:0.00 3108 (10) sec
[313] Ep10000: Max 182 (122) steps (0.0000 hrs) 22.73:0.00 3118 (10) sec
[314] Ep10000: Max 182 (96) steps (0.0000 hrs) 0.00:28.57 3127 (9) sec
[315] Ep10000: Max 182 (71) steps (0.0000 hrs) 19.23:0.00 3137 (10) sec
[316] Ep10000: Max 182 (112) steps (0.0000 hrs) 43.48:0.00 3147 (10) sec
[317] Ep10000: Max 182 (96) steps (0.0000 hrs) 76.92:0.00 3157 (10) sec
[318] Ep10000: Max 182 (103) steps (0.0000 hrs) 26.32:0.00 3167 (10) sec
[319] Ep10000: Max 182 (141) steps (0.0000 hrs) 23.26:0.00 3177 (10) sec
[320] Ep10000: Max 182 (122) steps (0.0000 hrs) 25.00:0.00 3187 (10) sec
[321] Ep10000: Max 182 (117) steps (0.0000 hrs) 0.00:28.57 3196 (9) sec
[322] Ep10000: Max 182 (112) steps (0.0000 hrs) 50.00:0.00 3205 (9) sec
[323] Ep10000: Max 182 (144) steps (0.0000 hrs) 0.00:22.22 3214 (9) sec
[324] Ep10000: Max 182 (119) steps (0.0000 hrs) 0.00:20.00 3223 (9) sec
[325] Ep10000: Max 182 (123) steps (0.0000 hrs) 14.93:0.00 3233 (10) sec
[326] Ep10000: Max 182 (113) steps (0.0000 hrs) 0.00:35.71 3242 (9) sec
[327] Ep10000: Max 182 (103) steps (0.0000 hrs) 24.39:0.00 3251 (9) sec
[328] Ep10000: Max 182 (110) steps (0.0000 hrs) 0.00:25.00 3261 (10) sec
[329] Ep10000: Max 182 (154) steps (0.0000 hrs) 18.52:0.00 3271 (10) sec
[330] Ep10000: Max 182 (127) steps (0.0000 hrs) 0.00:0.00 3280 (9) sec
[331] Ep10000: Max 182 (122) steps (0.0000 hrs) 38.46:0.00 3289 (9) sec
[332] Ep10000: Max 182 (113) steps (0.0000 hrs) 25.64:0.00 3299 (10) sec
[333] Ep10000: Max 182 (137) steps (0.0000 hrs) 23.26:0.00 3308 (9) sec
[334] Ep10000: Max 182 (137) steps (0.0000 hrs) 27.78:0.00 3318 (10) sec
[335] Ep10000: Max 182 (91) steps (0.0000 hrs) 0.00:37.04 3327 (9) sec
[336] Ep10000: Max 182 (112) steps (0.0000 hrs) 55.56:0.00 3336 (9) sec
[337] Ep10000: Max 182 (116) steps (0.0000 hrs) 16.95:0.00 3346 (10) sec
[338] Ep10000: Max 182 (149) steps (0.0000 hrs) 30.30:0.00 3356 (10) sec
[339] Ep10000: Max 182 (108) steps (0.0000 hrs) 37.04:0.00 3366 (10) sec
[340] Ep10000: Max 182 (128) steps (0.0000 hrs) 0.00:21.28 3375 (9) sec
[341] Ep10000: Max 182 (138) steps (0.0000 hrs) 0.00:21.74 3385 (10) sec
[342] Ep10000: Max 182 (120) steps (0.0000 hrs) 0.00:20.83 3394 (9) sec
[343] Ep10000: Max 182 (119) steps (0.0000 hrs) 33.33:0.00 3403 (9) sec
[344] Ep10000: Max 182 (126) steps (0.0000 hrs) 0.00:21.74 3413 (10) sec
[345] Ep10000: Max 182 (112) steps (0.0000 hrs) 17.86:0.00 3422 (9) sec
[346] Ep10000: Max 182 (95) steps (0.0000 hrs) 25.00:0.00 3432 (10) sec
[347] Ep10000: Max 182 (117) steps (0.0000 hrs) 0.00:20.41 3441 (9) sec
[348] Ep10000: Max 182 (132) steps (0.0000 hrs) 20.83:0.00 3450 (9) sec
[349] Ep10000: Max 182 (108) steps (0.0000 hrs) 0.00:45.45 3459 (9) sec
[350] Ep10000: Max 182 (118) steps (0.0000 hrs) 31.25:0.00 3468 (9) sec
[351] Ep10000: Max 182 (117) steps (0.0000 hrs) 83.33:0.00 3478 (10) sec
[352] Ep10000: Max 182 (116) steps (0.0000 hrs) 0.00:20.00 3488 (10) sec
[353] Ep10000: Max 182 (124) steps (0.0000 hrs) 31.25:0.00 3498 (10) sec
[354] Ep10000: Max 182 (114) steps (0.0000 hrs) 0.00:250.00 3508 (10) sec
[355] Ep10000: Max 182 (113) steps (0.0000 hrs) 0.00:41.67 3518 (10) sec
[356] Ep10000: Max 182 (113) steps (0.0000 hrs) 0.00:22.22 3528 (10) sec
[357] Ep10000: Max 182 (133) steps (0.0000 hrs) 0.00:20.83 3538 (10) sec
[358] Ep10000: Max 182 (127) steps (0.0000 hrs) 27.78:0.00 3548 (10) sec
[359] Ep10000: Max 182 (139) steps (0.0000 hrs) 0.00:27.03 3557 (9) sec
[360] Ep10000: Max 182 (92) steps (0.0000 hrs) 0.00:40.00 3567 (10) sec
[361] Ep10000: Max 182 (109) steps (0.0000 hrs) 0.00:30.30 3576 (9) sec
[362] Ep10000: Max 182 (102) steps (0.0000 hrs) 0.00:52.63 3585 (9) sec
[363] Ep10000: Max 182 (136) steps (0.0000 hrs) 0.00:25.64 3594 (9) sec
[364] Ep10000: Max 182 (121) steps (0.0000 hrs) 0.00:33.33 3604 (10) sec
[365] Ep10000: Max 182 (158) steps (0.0000 hrs) 0.00:25.64 3615 (11) sec
[366] Ep10000: Max 182 (92) steps (0.0000 hrs) 23.26:0.00 3625 (10) sec
[367] Ep10000: Max 182 (86) steps (0.0000 hrs) 0.00:23.26 3634 (9) sec
[368] Ep10000: Max 182 (133) steps (0.0000 hrs) 66.67:0.00 3643 (9) sec
[369] Ep10000: Max 182 (119) steps (0.0000 hrs) 0.00:22.73 3651 (8) sec
[370] Ep10000: Max 182 (136) steps (0.0000 hrs) 0.00:38.46 3660 (9) sec
[371] Ep10000: Max 182 (91) steps (0.0000 hrs) 25.64:0.00 3669 (9) sec
[372] Ep10000: Max 182 (142) steps (0.0000 hrs) 0.00:25.64 3678 (9) sec
[373] Ep10000: Max 182 (114) steps (0.0000 hrs) 0.00:0.00 3686 (8) sec
[374] Ep10000: Max 182 (156) steps (0.0000 hrs) 0.00:21.74 3695 (9) sec
[375] Ep10000: Max 182 (127) steps (0.0000 hrs) 100.00:0.00 3705 (10) sec
[376] Ep10000: Max 182 (156) steps (0.0000 hrs) 27.03:0.00 3714 (9) sec
[377] Ep10000: Max 182 (56) steps (0.0000 hrs) 21.74:0.00 3722 (8) sec
[378] Ep10000: Max 182 (117) steps (0.0000 hrs) 0.00:20.00 3731 (9) sec
[379] Ep10000: Max 182 (130) steps (0.0000 hrs) 20.83:0.00 3739 (8) sec
[380] Ep10000: Max 182 (129) steps (0.0000 hrs) 0.00:20.00 3748 (9) sec
[381] Ep10000: Max 182 (117) steps (0.0000 hrs) 12.99:0.00 3757 (9) sec
[382] Ep10000: Max 182 (112) steps (0.0000 hrs) 0.00:20.41 3765 (8) sec
[383] Ep10000: Max 182 (117) steps (0.0000 hrs) 0.00:29.41 3774 (9) sec
[384] Ep10000: Max 182 (110) steps (0.0000 hrs) 0.00:41.67 3783 (9) sec
[385] Ep10000: Max 182 (86) steps (0.0000 hrs) 25.64:0.00 3791 (8) sec
[386] Ep10000: Max 182 (120) steps (0.0000 hrs) 62.50:0.00 3800 (9) sec
[387] Ep10000: Max 182 (101) steps (0.0000 hrs) 19.23:0.00 3809 (9) sec
[388] Ep10000: Max 182 (108) steps (0.0000 hrs) 25.00:0.00 3819 (10) sec
[389] Ep10000: Max 182 (120) steps (0.0000 hrs) 24.39:0.00 3828 (9) sec
[390] Ep10000: Max 182 (98) steps (0.0000 hrs) 22.22:0.00 3837 (9) sec
[391] Ep10000: Max 182 (122) steps (0.0000 hrs) 0.00:23.81 3847 (10) sec
[392] Ep10000: Max 182 (131) steps (0.0000 hrs) 0.00:26.32 3856 (9) sec
[393] Ep10000: Max 182 (172) steps (0.0000 hrs) 28.57:0.00 3865 (9) sec
[394] Ep10000: Max 182 (98) steps (0.0000 hrs) 47.62:0.00 3874 (9) sec
[395] Ep10000: Max 182 (122) steps (0.0000 hrs) 21.74:0.00 3883 (9) sec
[396] Ep10000: Max 182 (115) steps (0.0000 hrs) 0.00:38.46 3893 (10) sec
[397] Ep10000: Max 182 (120) steps (0.0000 hrs) 0.00:66.67 3902 (9) sec
[398] Ep10000: Max 182 (116) steps (0.0000 hrs) 0.00:17.24 3911 (9) sec
[399] Ep10000: Max 182 (109) steps (0.0000 hrs) 33.33:0.00 3920 (9) sec
[400] Ep10000: Max 182 (131) steps (0.0000 hrs) 28.57:0.00 3929 (9) sec
[401] Ep10000: Max 182 (126) steps (0.0000 hrs) 0.00:25.00 3939 (10) sec
[402] Ep10000: Max 182 (139) steps (0.0000 hrs) 0.00:37.04 3950 (11) sec
[403] Ep10000: Max 182 (113) steps (0.0000 hrs) 66.67:0.00 3960 (10) sec
[404] Ep10000: Max 182 (119) steps (0.0000 hrs) 21.28:0.00 3971 (11) sec
[405] Ep10000: Max 182 (109) steps (0.0000 hrs) 0.00:25.00 3981 (10) sec
[406] Ep10000: Max 182 (106) steps (0.0000 hrs) 40.00:0.00 3992 (11) sec
[407] Ep10000: Max 182 (177) steps (0.0000 hrs) 20.41:0.00 4002 (10) sec
[408] Ep10000: Max 182 (57) steps (0.0000 hrs) 0.00:29.41 4012 (10) sec
[409] Ep10000: Max 182 (120) steps (0.0000 hrs) 0.00:27.03 4023 (11) sec
[410] Ep10000: Max 182 (131) steps (0.0000 hrs) 0.00:23.26 4033 (10) sec
[411] Ep10000: Max 182 (90) steps (0.0000 hrs) 0.00:23.26 4043 (10) sec
[412] Ep10000: Max 182 (96) steps (0.0000 hrs) 0.00:21.74 4053 (10) sec
[413] Ep10000: Max 182 (124) steps (0.0000 hrs) 0.00:37.04 4063 (10) sec
[414] Ep10000: Max 182 (122) steps (0.0000 hrs) 15.15:0.00 4073 (10) sec
[415] Ep10000: Max 182 (116) steps (0.0000 hrs) 0.00:22.22 4083 (10) sec
[416] Ep10000: Max 182 (131) steps (0.0000 hrs) 71.43:0.00 4094 (11) sec
[417] Ep10000: Max 182 (150) steps (0.0000 hrs) 0.00:24.39 4105 (11) sec
[418] Ep10000: Max 182 (97) steps (0.0000 hrs) 0.00:32.26 4115 (10) sec
[419] Ep10000: Max 182 (112) steps (0.0000 hrs) 25.64:0.00 4126 (11) sec
[420] Ep10000: Max 182 (126) steps (0.0000 hrs) 0.00:25.64 4136 (10) sec
[421] Ep10000: Max 182 (99) steps (0.0000 hrs) 0.00:47.62 4146 (10) sec
[422] Ep10000: Max 182 (134) steps (0.0000 hrs) 0.00:26.32 4156 (10) sec
[423] Ep10000: Max 182 (129) steps (0.0000 hrs) 19.23:0.00 4166 (10) sec
[424] Ep10000: Max 182 (112) steps (0.0000 hrs) 19.61:0.00 4175 (9) sec
[425] Ep10000: Max 182 (135) steps (0.0000 hrs) 0.00:52.63 4185 (10) sec
[426] Ep10000: Max 182 (55) steps (0.0000 hrs) 0.00:66.67 4194 (9) sec
[427] Ep10000: Max 182 (98) steps (0.0000 hrs) 19.61:0.00 4204 (10) sec
[428] Ep10000: Max 182 (159) steps (0.0000 hrs) 26.32:0.00 4214 (10) sec
[429] Ep10000: Max 182 (128) steps (0.0000 hrs) 0.00:20.83 4224 (10) sec
[430] Ep10000: Max 182 (104) steps (0.0000 hrs) 76.92:0.00 4234 (10) sec
[431] Ep10000: Max 182 (158) steps (0.0000 hrs) 37.04:0.00 4243 (9) sec
[432] Ep10000: Max 182 (104) steps (0.0000 hrs) 28.57:0.00 4253 (10) sec
[433] Ep10000: Max 182 (121) steps (0.0000 hrs) 27.03:0.00 4263 (10) sec
[434] Ep10000: Max 182 (107) steps (0.0000 hrs) 62.50:0.00 4273 (10) sec
[435] Ep10000: Max 182 (106) steps (0.0000 hrs) 0.00:22.73 4283 (10) sec
[436] Ep10000: Max 182 (152) steps (0.0000 hrs) 0.00:16.67 4293 (10) sec
[437] Ep10000: Max 182 (129) steps (0.0000 hrs) 0.00:31.25 4302 (9) sec
[438] Ep10000: Max 182 (102) steps (0.0000 hrs) 22.73:0.00 4312 (10) sec
[439] Ep10000: Max 182 (130) steps (0.0000 hrs) 0.00:21.28 4321 (9) sec
[440] Ep10000: Max 182 (137) steps (0.0000 hrs) 16.95:0.00 4330 (9) sec
[441] Ep10000: Max 182 (125) steps (0.0000 hrs) 76.92:0.00 4339 (9) sec
[442] Ep10000: Max 182 (90) steps (0.0000 hrs) 19.61:0.00 4348 (9) sec
[443] Ep10000: Max 182 (96) steps (0.0000 hrs) 0.00:29.41 4357 (9) sec
[444] Ep10000: Max 182 (114) steps (0.0000 hrs) 0.00:27.03 4367 (10) sec
[445] Ep10000: Max 182 (118) steps (0.0000 hrs) 0.00:23.81 4376 (9) sec
[446] Ep10000: Max 182 (134) steps (0.0000 hrs) 32.26:0.00 4386 (10) sec
[447] Ep10000: Max 182 (62) steps (0.0000 hrs) 19.23:0.00 4395 (9) sec
[448] Ep10000: Max 182 (131) steps (0.0000 hrs) 0.00:34.48 4404 (9) sec
[449] Ep10000: Max 182 (113) steps (0.0000 hrs) 0.00:25.00 4417 (13) sec
[450] Ep10000: Max 182 (57) steps (0.0000 hrs) 0.00:40.00 4427 (10) sec
[451] Ep10000: Max 182 (147) steps (0.0000 hrs) 22.22:0.00 4437 (10) sec
[452] Ep10000: Max 182 (126) steps (0.0000 hrs) 23.26:0.00 4446 (9) sec
[453] Ep10000: Max 182 (132) steps (0.0000 hrs) 24.39:0.00 4455 (9) sec
[454] Ep10000: Max 182 (116) steps (0.0000 hrs) 38.46:0.00 4465 (10) sec
[455] Ep10000: Max 182 (96) steps (0.0000 hrs) 25.00:0.00 4475 (10) sec
[456] Ep10000: Max 182 (96) steps (0.0000 hrs) 27.78:0.00 4485 (10) sec
[457] Ep10000: Max 182 (124) steps (0.0000 hrs) 0.00:24.39 4494 (9) sec
[458] Ep10000: Max 182 (121) steps (0.0000 hrs) 22.22:0.00 4503 (9) sec
[459] Ep10000: Max 182 (145) steps (0.0000 hrs) 0.00:17.54 4513 (10) sec
[460] Ep10000: Max 182 (119) steps (0.0000 hrs) 0.00:28.57 4523 (10) sec
[461] Ep10000: Max 182 (87) steps (0.0000 hrs) 0.00:41.67 4532 (9) sec
[462] Ep10000: Max 182 (109) steps (0.0000 hrs) 0.00:38.46 4543 (11) sec
[463] Ep10000: Max 182 (136) steps (0.0000 hrs) 55.56:0.00 4552 (9) sec
[464] Ep10000: Max 182 (100) steps (0.0000 hrs) 20.41:0.00 4561 (9) sec
[465] Ep10000: Max 182 (108) steps (0.0000 hrs) 15.87:0.00 4570 (9) sec
[466] Ep10000: Max 182 (103) steps (0.0000 hrs) 38.46:0.00 4580 (10) sec
[467] Ep10000: Max 182 (101) steps (0.0000 hrs) 16.39:0.00 4589 (9) sec
[468] Ep10000: Max 182 (111) steps (0.0000 hrs) 0.00:21.74 4599 (10) sec
[469] Ep10000: Max 182 (105) steps (0.0000 hrs) 37.04:0.00 4608 (9) sec
[470] Ep10000: Max 182 (117) steps (0.0000 hrs) 0.00:25.64 4618 (10) sec
[471] Ep10000: Max 182 (108) steps (0.0000 hrs) 0.00:23.26 4628 (10) sec
[472] Ep10000: Max 182 (117) steps (0.0000 hrs) 0.00:19.61 4638 (10) sec
[473] Ep10000: Max 182 (137) steps (0.0000 hrs) 0.00:19.23 4647 (9) sec
[474] Ep10000: Max 182 (103) steps (0.0000 hrs) 21.28:0.00 4656 (9) sec
[475] Ep10000: Max 182 (137) steps (0.0000 hrs) 0.00:28.57 4665 (9) sec
[476] Ep10000: Max 182 (125) steps (0.0000 hrs) 0.00:55.56 4674 (9) sec
[477] Ep10000: Max 188 (188) steps (0.0001 hrs) 0.00:30.30 4684 (10) sec
[478] Ep10000: Max 188 (103) steps (0.0000 hrs) 0.00:18.87 4693 (9) sec
[479] Ep10000: Max 188 (106) steps (0.0000 hrs) 0.00:23.26 4703 (10) sec
[480] Ep10000: Max 188 (130) steps (0.0000 hrs) 25.00:0.00 4712 (9) sec
[481] Ep10000: Max 188 (106) steps (0.0000 hrs) 0.00:38.46 4722 (10) sec
[482] Ep10000: Max 188 (130) steps (0.0000 hrs) 22.22:0.00 4731 (9) sec
[483] Ep10000: Max 188 (127) steps (0.0000 hrs) 0.00:26.32 4741 (10) sec
[484] Ep10000: Max 188 (120) steps (0.0000 hrs) 0.00:21.28 4750 (9) sec
[485] Ep10000: Max 188 (142) steps (0.0000 hrs) 0.00:26.32 4759 (9) sec
[486] Ep10000: Max 188 (126) steps (0.0000 hrs) 52.63:0.00 4768 (9) sec
[487] Ep10000: Max 188 (111) steps (0.0000 hrs) 41.67:0.00 4778 (10) sec
[488] Ep10000: Max 188 (115) steps (0.0000 hrs) 0.00:28.57 4787 (9) sec
[489] Ep10000: Max 188 (134) steps (0.0000 hrs) 18.87:0.00 4796 (9) sec
[490] Ep10000: Max 188 (98) steps (0.0000 hrs) 0.00:19.23 4806 (10) sec
[491] Ep10000: Max 188 (117) steps (0.0000 hrs) 18.18:0.00 4815 (9) sec
[492] Ep10000: Max 188 (119) steps (0.0000 hrs) 0.00:22.73 4824 (9) sec
[493] Ep10000: Max 188 (112) steps (0.0000 hrs) 0.00:20.00 4834 (10) sec
[494] Ep10000: Max 188 (103) steps (0.0000 hrs) 0.00:40.00 4844 (10) sec
[495] Ep10000: Max 188 (100) steps (0.0000 hrs) 0.00:25.64 4853 (9) sec
[496] Ep10000: Max 188 (56) steps (0.0000 hrs) 35.71:0.00 4862 (9) sec
[497] Ep10000: Max 188 (133) steps (0.0000 hrs) 0.00:43.48 4871 (9) sec
[498] Ep10000: Max 188 (100) steps (0.0000 hrs) 0.00:41.67 4881 (10) sec
[499] Ep10000: Max 188 (127) steps (0.0000 hrs) 0.00:26.32 4891 (10) sec
[500] Ep10000: Max 188 (116) steps (0.0000 hrs) 90.91:0.00 4901 (10) sec
[501] Ep10000: Max 188 (116) steps (0.0000 hrs) 38.46:0.00 4910 (9) sec
[502] Ep10000: Max 188 (102) steps (0.0000 hrs) 0.00:18.52 4921 (11) sec
[503] Ep10000: Max 188 (96) steps (0.0000 hrs) 27.03:0.00 4930 (9) sec
[504] Ep10000: Max 188 (145) steps (0.0000 hrs) 16.95:0.00 4940 (10) sec
[505] Ep10000: Max 188 (133) steps (0.0000 hrs) 0.00:30.30 4950 (10) sec
[506] Ep10000: Max 188 (123) steps (0.0000 hrs) 0.00:29.41 4960 (10) sec
[507] Ep10000: Max 188 (139) steps (0.0000 hrs) 0.00:27.78 4969 (9) sec
[508] Ep10000: Max 188 (116) steps (0.0000 hrs) 21.74:0.00 4978 (9) sec
[509] Ep10000: Max 188 (126) steps (0.0000 hrs) 30.30:0.00 4988 (10) sec
[510] Ep10000: Max 188 (122) steps (0.0000 hrs) 32.26:0.00 4997 (9) sec
[511] Ep10000: Max 188 (75) steps (0.0000 hrs) 41.67:0.00 5006 (9) sec
[512] Ep10000: Max 188 (80) steps (0.0000 hrs) 21.74:0.00 5015 (9) sec
[513] Ep10000: Max 188 (144) steps (0.0000 hrs) 0.00:66.67 5025 (10) sec
[514] Ep10000: Max 196 (196) steps (0.0001 hrs) 0.00:16.39 5035 (10) sec
[515] Ep10000: Max 196 (118) steps (0.0000 hrs) 0.00:25.64 5044 (9) sec
[516] Ep10000: Max 196 (112) steps (0.0000 hrs) 52.63:0.00 5055 (11) sec
[517] Ep10000: Max 196 (116) steps (0.0000 hrs) 32.26:0.00 5064 (9) sec
[518] Ep10000: Max 196 (116) steps (0.0000 hrs) 13.51:0.00 5074 (10) sec
[519] Ep10000: Max 196 (120) steps (0.0000 hrs) 30.30:0.00 5084 (10) sec
[520] Ep10000: Max 196 (125) steps (0.0000 hrs) 16.67:0.00 5094 (10) sec
[521] Ep10000: Max 196 (77) steps (0.0000 hrs) 28.57:0.00 5104 (10) sec
[522] Ep10000: Max 196 (155) steps (0.0000 hrs) 0.00:19.61 5114 (10) sec
[523] Ep10000: Max 196 (131) steps (0.0000 hrs) 0.00:25.64 5123 (9) sec
[524] Ep10000: Max 196 (110) steps (0.0000 hrs) 0.00:22.22 5132 (9) sec
[525] Ep10000: Max 196 (111) steps (0.0000 hrs) 27.03:0.00 5141 (9) sec
[526] Ep10000: Max 196 (130) steps (0.0000 hrs) 0.00:27.78 5151 (10) sec
[527] Ep10000: Max 196 (98) steps (0.0000 hrs) 23.26:0.00 5160 (9) sec
[528] Ep10000: Max 196 (115) steps (0.0000 hrs) 20.83:0.00 5170 (10) sec
[529] Ep10000: Max 196 (135) steps (0.0000 hrs) 0.00:27.78 5180 (10) sec
[530] Ep10000: Max 196 (133) steps (0.0000 hrs) 0.00:20.41 5190 (10) sec
[531] Ep10000: Max 196 (79) steps (0.0000 hrs) 29.41:0.00 5199 (9) sec
[532] Ep10000: Max 196 (118) steps (0.0000 hrs) 30.30:0.00 5208 (9) sec
[533] Ep10000: Max 196 (108) steps (0.0000 hrs) 125.00:0.00 5218 (10) sec
[534] Ep10000: Max 196 (112) steps (0.0000 hrs) 13.16:0.00 5228 (10) sec
[535] Ep10000: Max 196 (65) steps (0.0000 hrs) 27.78:0.00 5237 (9) sec
[536] Ep10000: Max 196 (113) steps (0.0000 hrs) 0.00:26.32 5247 (10) sec
[537] Ep10000: Max 196 (124) steps (0.0000 hrs) 31.25:0.00 5256 (9) sec
[538] Ep10000: Max 196 (104) steps (0.0000 hrs) 34.48:0.00 5266 (10) sec
[539] Ep10000: Max 196 (139) steps (0.0000 hrs) 0.00:33.33 5275 (9) sec
[540] Ep10000: Max 196 (106) steps (0.0000 hrs) 34.48:0.00 5284 (9) sec
[541] Ep10000: Max 196 (134) steps (0.0000 hrs) 32.26:0.00 5297 (13) sec
[542] Ep10000: Max 196 (142) steps (0.0000 hrs) 0.00:21.28 5307 (10) sec
[543] Ep10000: Max 196 (173) steps (0.0000 hrs) 0.00:27.03 5317 (10) sec
[544] Ep10000: Max 196 (110) steps (0.0000 hrs) 22.22:0.00 5327 (10) sec
[545] Ep10000: Max 196 (128) steps (0.0000 hrs) 0.00:20.41 5338 (11) sec
[546] Ep10000: Max 196 (167) steps (0.0000 hrs) 0.00:31.25 5347 (9) sec
[547] Ep10000: Max 196 (109) steps (0.0000 hrs) 0.00:25.64 5358 (11) sec
[548] Ep10000: Max 196 (110) steps (0.0000 hrs) 22.22:0.00 5368 (10) sec
[549] Ep10000: Max 196 (100) steps (0.0000 hrs) 0.00:20.00 5377 (9) sec
[550] Ep10000: Max 196 (153) steps (0.0000 hrs) 21.28:0.00 5387 (10) sec
[551] Ep10000: Max 196 (118) steps (0.0000 hrs) 35.71:0.00 5397 (10) sec
[552] Ep10000: Max 196 (53) steps (0.0000 hrs) 47.62:0.00 5407 (10) sec
[553] Ep10000: Max 196 (84) steps (0.0000 hrs) 0.00:29.41 5416 (9) sec
[554] Ep10000: Max 196 (132) steps (0.0000 hrs) 0.00:21.74 5426 (10) sec
[555] Ep10000: Max 196 (149) steps (0.0000 hrs) 0.00:30.30 5436 (10) sec
[556] Ep10000: Max 196 (112) steps (0.0000 hrs) 31.25:0.00 5446 (10) sec
[557] Ep10000: Max 196 (110) steps (0.0000 hrs) 0.00:27.78 5455 (9) sec
[558] Ep10000: Max 196 (133) steps (0.0000 hrs) 0.00:33.33 5464 (9) sec
[559] Ep10000: Max 196 (187) steps (0.0001 hrs) 58.82:0.00 5473 (9) sec
[560] Ep10000: Max 196 (107) steps (0.0000 hrs) 0.00:25.00 5483 (10) sec
[561] Ep10000: Max 196 (91) steps (0.0000 hrs) 0.00:19.61 5492 (9) sec
[562] Ep10000: Max 196 (104) steps (0.0000 hrs) 19.61:0.00 5501 (9) sec
[563] Ep10000: Max 196 (65) steps (0.0000 hrs) 166.67:0.00 5510 (9) sec
[564] Ep10000: Max 196 (126) steps (0.0000 hrs) 20.83:0.00 5520 (10) sec
[565] Ep10000: Max 196 (172) steps (0.0000 hrs) 13.16:0.00 5530 (10) sec
[566] Ep10000: Max 196 (113) steps (0.0000 hrs) 0.00:30.30 5540 (10) sec
[567] Ep10000: Max 196 (78) steps (0.0000 hrs) 25.00:0.00 5549 (9) sec
[568] Ep10000: Max 196 (116) steps (0.0000 hrs) 40.00:0.00 5559 (10) sec
[569] Ep10000: Max 196 (74) steps (0.0000 hrs) 0.00:28.57 5568 (9) sec
[570] Ep10000: Max 196 (91) steps (0.0000 hrs) 0.00:83.33 5578 (10) sec
[571] Ep10000: Max 196 (110) steps (0.0000 hrs) 0.00:23.81 5587 (9) sec
[572] Ep10000: Max 196 (141) steps (0.0000 hrs) 15.87:0.00 5597 (10) sec
[573] Ep10000: Max 196 (104) steps (0.0000 hrs) 47.62:0.00 5606 (9) sec
[574] Ep10000: Max 196 (119) steps (0.0000 hrs) 0.00:25.00 5615 (9) sec
[575] Ep10000: Max 196 (104) steps (0.0000 hrs) 29.41:0.00 5624 (9) sec
[576] Ep10000: Max 196 (121) steps (0.0000 hrs) 0.00:0.00 5635 (11) sec
[577] Ep10000: Max 196 (149) steps (0.0000 hrs) 0.00:27.03 5644 (9) sec
[578] Ep10000: Max 196 (151) steps (0.0000 hrs) 0.00:18.52 5654 (10) sec
[579] Ep10000: Max 196 (104) steps (0.0000 hrs) 0.00:22.73 5663 (9) sec
[580] Ep10000: Max 196 (107) steps (0.0000 hrs) 0.00:0.00 5672 (9) sec
[581] Ep10000: Max 196 (119) steps (0.0000 hrs) 0.00:20.00 5680 (8) sec
[582] Ep10000: Max 196 (138) steps (0.0000 hrs) 37.04:0.00 5689 (9) sec
[583] Ep10000: Max 196 (118) steps (0.0000 hrs) 32.26:0.00 5699 (10) sec
[584] Ep10000: Max 196 (97) steps (0.0000 hrs) 23.81:0.00 5708 (9) sec
[585] Ep10000: Max 196 (118) steps (0.0000 hrs) 47.62:0.00 5717 (9) sec
[586] Ep10000: Max 196 (122) steps (0.0000 hrs) 26.32:0.00 5727 (10) sec
[587] Ep10000: Max 196 (104) steps (0.0000 hrs) 0.00:20.00 5736 (9) sec
[588] Ep10000: Max 196 (128) steps (0.0000 hrs) 26.32:0.00 5745 (9) sec
[589] Ep10000: Max 196 (90) steps (0.0000 hrs) 0.00:35.71 5754 (9) sec
[590] Ep10000: Max 196 (114) steps (0.0000 hrs) 32.26:0.00 5764 (10) sec
[591] Ep10000: Max 196 (98) steps (0.0000 hrs) 0.00:20.41 5773 (9) sec
[592] Ep10000: Max 196 (132) steps (0.0000 hrs) 0.00:27.78 5782 (9) sec
[593] Ep10000: Max 196 (104) steps (0.0000 hrs) 24.39:0.00 5791 (9) sec
[594] Ep10000: Max 196 (142) steps (0.0000 hrs) 35.71:0.00 5801 (10) sec
[595] Ep10000: Max 196 (120) steps (0.0000 hrs) 0.00:47.62 5810 (9) sec
[596] Ep10000: Max 196 (98) steps (0.0000 hrs) 41.67:0.00 5818 (8) sec
[597] Ep10000: Max 196 (53) steps (0.0000 hrs) 0.00:20.41 5828 (10) sec
[598] Ep10000: Max 196 (64) steps (0.0000 hrs) 40.00:0.00 5837 (9) sec
[599] Ep10000: Max 196 (165) steps (0.0000 hrs) 16.13:0.00 5845 (8) sec
[600] Ep10000: Max 196 (135) steps (0.0000 hrs) 0.00:17.24 5854 (9) sec
[601] Ep10000: Max 196 (119) steps (0.0000 hrs) 21.74:0.00 5863 (9) sec
[602] Ep10000: Max 196 (95) steps (0.0000 hrs) 0.00:21.28 5872 (9) sec
[603] Ep10000: Max 196 (121) steps (0.0000 hrs) 0.00:21.74 5881 (9) sec
[604] Ep10000: Max 196 (137) steps (0.0000 hrs) 0.00:23.26 5890 (9) sec
[605] Ep10000: Max 196 (119) steps (0.0000 hrs) 27.03:0.00 5899 (9) sec
[606] Ep10000: Max 196 (120) steps (0.0000 hrs) 41.67:0.00 5909 (10) sec
[607] Ep10000: Max 196 (136) steps (0.0000 hrs) 0.00:26.32 5918 (9) sec
[608] Ep10000: Max 196 (113) steps (0.0000 hrs) 0.00:23.81 5927 (9) sec
[609] Ep10000: Max 196 (128) steps (0.0000 hrs) 43.48:0.00 5937 (10) sec
[610] Ep10000: Max 196 (83) steps (0.0000 hrs) 31.25:0.00 5945 (8) sec
[611] Ep10000: Max 196 (145) steps (0.0000 hrs) 16.95:0.00 5954 (9) sec
[612] Ep10000: Max 196 (101) steps (0.0000 hrs) 20.83:0.00 5963 (9) sec
[613] Ep10000: Max 196 (99) steps (0.0000 hrs) 0.00:0.00 5972 (9) sec
[614] Ep10000: Max 196 (128) steps (0.0000 hrs) 27.03:0.00 5981 (9) sec
[615] Ep10000: Max 196 (111) steps (0.0000 hrs) 0.00:22.22 5991 (10) sec
[616] Ep10000: Max 196 (121) steps (0.0000 hrs) 25.00:0.00 6001 (10) sec
[617] Ep10000: Max 196 (122) steps (0.0000 hrs) 0.00:24.39 6011 (10) sec
[618] Ep10000: Max 196 (66) steps (0.0000 hrs) 142.86:0.00 6019 (8) sec
[619] Ep10000: Max 196 (119) steps (0.0000 hrs) 0.00:25.64 6029 (10) sec
[620] Ep10000: Max 196 (122) steps (0.0000 hrs) 37.04:0.00 6039 (10) sec
[621] Ep10000: Max 196 (81) steps (0.0000 hrs) 0.00:23.26 6051 (12) sec
[622] Ep10000: Max 196 (116) steps (0.0000 hrs) 35.71:0.00 6061 (10) sec
[623] Ep10000: Max 196 (194) steps (0.0001 hrs) 16.67:0.00 6070 (9) sec
[624] Ep10000: Max 196 (103) steps (0.0000 hrs) 23.81:0.00 6080 (10) sec
[625] Ep10000: Max 196 (117) steps (0.0000 hrs) 0.00:23.26 6089 (9) sec
[626] Ep10000: Max 196 (143) steps (0.0000 hrs) 0.00:43.48 6099 (10) sec
[627] Ep10000: Max 196 (106) steps (0.0000 hrs) 55.56:0.00 6108 (9) sec
[628] Ep10000: Max 196 (120) steps (0.0000 hrs) 0.00:16.95 6118 (10) sec
[629] Ep10000: Max 196 (66) steps (0.0000 hrs) 0.00:27.03 6128 (10) sec
[630] Ep10000: Max 196 (146) steps (0.0000 hrs) 0.00:23.26 6138 (10) sec
[631] Ep10000: Max 196 (98) steps (0.0000 hrs) 58.82:0.00 6148 (10) sec
[632] Ep10000: Max 196 (142) steps (0.0000 hrs) 31.25:0.00 6158 (10) sec
[633] Ep10000: Max 196 (122) steps (0.0000 hrs) 31.25:0.00 6167 (9) sec
[634] Ep10000: Max 196 (126) steps (0.0000 hrs) 25.64:0.00 6176 (9) sec
[635] Ep10000: Max 196 (96) steps (0.0000 hrs) 0.00:27.03 6186 (10) sec
[636] Ep10000: Max 196 (67) steps (0.0000 hrs) 0.00:20.41 6196 (10) sec
[637] Ep10000: Max 196 (111) steps (0.0000 hrs) 0.00:0.00 6206 (10) sec
[638] Ep10000: Max 196 (69) steps (0.0000 hrs) 0.00:43.48 6215 (9) sec
[639] Ep10000: Max 196 (179) steps (0.0000 hrs) 22.22:0.00 6224 (9) sec
[640] Ep10000: Max 196 (109) steps (0.0000 hrs) 23.81:0.00 6234 (10) sec
[641] Ep10000: Max 196 (100) steps (0.0000 hrs) 0.00:37.04 6243 (9) sec
[642] Ep10000: Max 196 (148) steps (0.0000 hrs) 0.00:14.08 6252 (9) sec
[643] Ep10000: Max 196 (89) steps (0.0000 hrs) 43.48:0.00 6262 (10) sec
[644] Ep10000: Max 196 (117) steps (0.0000 hrs) 0.00:22.73 6272 (10) sec
[645] Ep10000: Max 196 (75) steps (0.0000 hrs) 0.00:25.00 6281 (9) sec
[646] Ep10000: Max 196 (55) steps (0.0000 hrs) 23.81:0.00 6291 (10) sec
[647] Ep10000: Max 196 (58) steps (0.0000 hrs) 0.00:58.82 6300 (9) sec
[648] Ep10000: Max 196 (140) steps (0.0000 hrs) 19.23:0.00 6310 (10) sec
[649] Ep10000: Max 196 (113) steps (0.0000 hrs) 30.30:0.00 6318 (8) sec
[650] Ep10000: Max 196 (62) steps (0.0000 hrs) 0.00:26.32 6327 (9) sec
[651] Ep10000: Max 196 (101) steps (0.0000 hrs) 30.30:0.00 6335 (8) sec
[652] Ep10000: Max 196 (110) steps (0.0000 hrs) 0.00:24.39 6344 (9) sec
[653] Ep10000: Max 196 (129) steps (0.0000 hrs) 0.00:90.91 6354 (10) sec
[654] Ep10000: Max 196 (138) steps (0.0000 hrs) 0.00:29.41 6362 (8) sec
[655] Ep10000: Max 196 (125) steps (0.0000 hrs) 76.92:0.00 6371 (9) sec
[656] Ep10000: Max 196 (127) steps (0.0000 hrs) 0.00:18.87 6380 (9) sec
[657] Ep10000: Max 196 (111) steps (0.0000 hrs) 41.67:0.00 6389 (9) sec
[658] Ep10000: Max 196 (130) steps (0.0000 hrs) 0.00:25.00 6401 (12) sec
[659] Ep10000: Max 196 (116) steps (0.0000 hrs) 62.50:0.00 6410 (9) sec
[660] Ep10000: Max 196 (99) steps (0.0000 hrs) 0.00:45.45 6419 (9) sec
[661] Ep10000: Max 196 (72) steps (0.0000 hrs) 0.00:29.41 6428 (9) sec
[662] Ep10000: Max 196 (134) steps (0.0000 hrs) 19.61:0.00 6438 (10) sec
[663] Ep10000: Max 196 (120) steps (0.0000 hrs) 0.00:19.23 6447 (9) sec
[664] Ep10000: Max 196 (126) steps (0.0000 hrs) 0.00:0.00 6456 (9) sec
[665] Ep10000: Max 196 (87) steps (0.0000 hrs) 31.25:0.00 6465 (9) sec
[666] Ep10000: Max 196 (137) steps (0.0000 hrs) 0.00:30.30 6474 (9) sec
[667] Ep10000: Max 196 (122) steps (0.0000 hrs) 43.48:0.00 6483 (9) sec
[668] Ep10000: Max 196 (56) steps (0.0000 hrs) 66.67:0.00 6492 (9) sec
[669] Ep10000: Max 196 (195) steps (0.0001 hrs) 25.64:0.00 6501 (9) sec
[670] Ep10000: Max 196 (162) steps (0.0000 hrs) 31.25:0.00 6510 (9) sec
[671] Ep10000: Max 196 (57) steps (0.0000 hrs) 29.41:0.00 6519 (9) sec
[672] Ep10000: Max 196 (113) steps (0.0000 hrs) 18.87:0.00 6528 (9) sec
[673] Ep10000: Max 196 (55) steps (0.0000 hrs) 41.67:0.00 6536 (8) sec
[674] Ep10000: Max 196 (126) steps (0.0000 hrs) 20.83:0.00 6545 (9) sec
[675] Ep10000: Max 196 (116) steps (0.0000 hrs) 0.00:25.64 6554 (9) sec
[676] Ep10000: Max 196 (83) steps (0.0000 hrs) 0.00:32.26 6563 (9) sec
[677] Ep10000: Max 196 (86) steps (0.0000 hrs) 20.83:0.00 6572 (9) sec
[678] Ep10000: Max 196 (131) steps (0.0000 hrs) 83.33:0.00 6582 (10) sec
[679] Ep10000: Max 196 (132) steps (0.0000 hrs) 26.32:0.00 6591 (9) sec
[680] Ep10000: Max 196 (121) steps (0.0000 hrs) 31.25:0.00 6600 (9) sec
[681] Ep10000: Max 196 (127) steps (0.0000 hrs) 0.00:31.25 6610 (10) sec
[682] Ep10000: Max 196 (117) steps (0.0000 hrs) 0.00:22.22 6619 (9) sec
[683] Ep10000: Max 196 (100) steps (0.0000 hrs) 18.52:0.00 6628 (9) sec
[684] Ep10000: Max 196 (77) steps (0.0000 hrs) 47.62:0.00 6638 (10) sec
[685] Ep10000: Max 196 (172) steps (0.0000 hrs) 20.83:0.00 6648 (10) sec
[686] Ep10000: Max 196 (147) steps (0.0000 hrs) 25.64:0.00 6657 (9) sec
[687] Ep10000: Max 196 (105) steps (0.0000 hrs) 40.00:0.00 6666 (9) sec
[688] Ep10000: Max 196 (90) steps (0.0000 hrs) 27.03:0.00 6675 (9) sec
[689] Ep10000: Max 196 (153) steps (0.0000 hrs) 0.00:37.04 6685 (10) sec
[690] Ep10000: Max 196 (98) steps (0.0000 hrs) 0.00:22.22 6694 (9) sec
[691] Ep10000: Max 196 (118) steps (0.0000 hrs) 25.00:0.00 6703 (9) sec
[692] Ep10000: Max 196 (119) steps (0.0000 hrs) 22.73:0.00 6711 (8) sec
[693] Ep10000: Max 196 (85) steps (0.0000 hrs) 17.86:0.00 6720 (9) sec
[694] Ep10000: Max 196 (134) steps (0.0000 hrs) 0.00:45.45 6729 (9) sec
[695] Ep10000: Max 196 (121) steps (0.0000 hrs) 25.00:0.00 6738 (9) sec
[696] Ep10000: Max 196 (103) steps (0.0000 hrs) 25.00:0.00 6747 (9) sec
[697] Ep10000: Max 207 (207) steps (0.0001 hrs) 18.52:0.00 6756 (9) sec
[698] Ep10000: Max 207 (151) steps (0.0000 hrs) 76.92:0.00 6766 (10) sec
[699] Ep10000: Max 207 (121) steps (0.0000 hrs) 0.00:23.81 6775 (9) sec
[700] Ep10000: Max 207 (114) steps (0.0000 hrs) 20.00:0.00 6784 (9) sec
[701] Ep10000: Max 207 (154) steps (0.0000 hrs) 0.00:17.24 6794 (10) sec
[702] Ep10000: Max 207 (152) steps (0.0000 hrs) 21.28:0.00 6803 (9) sec
[703] Ep10000: Max 207 (82) steps (0.0000 hrs) 37.04:0.00 6812 (9) sec
[704] Ep10000: Max 207 (115) steps (0.0000 hrs) 0.00:23.26 6821 (9) sec
[705] Ep10000: Max 207 (136) steps (0.0000 hrs) 0.00:32.26 6830 (9) sec
[706] Ep10000: Max 207 (104) steps (0.0000 hrs) 28.57:0.00 6839 (9) sec
[707] Ep10000: Max 207 (125) steps (0.0000 hrs) 31.25:0.00 6848 (9) sec
[708] Ep10000: Max 207 (109) steps (0.0000 hrs) 83.33:0.00 6857 (9) sec
[709] Ep10000: Max 207 (98) steps (0.0000 hrs) 58.82:0.00 6866 (9) sec
[710] Ep10000: Max 207 (103) steps (0.0000 hrs) 32.26:0.00 6875 (9) sec
[711] Ep10000: Max 207 (54) steps (0.0000 hrs) 30.30:0.00 6883 (8) sec
[712] Ep10000: Max 207 (146) steps (0.0000 hrs) 0.00:29.41 6893 (10) sec
[713] Ep10000: Max 207 (111) steps (0.0000 hrs) 23.26:0.00 6902 (9) sec
[714] Ep10000: Max 207 (122) steps (0.0000 hrs) 23.81:0.00 6912 (10) sec
[715] Ep10000: Max 207 (110) steps (0.0000 hrs) 0.00:29.41 6921 (9) sec
[716] Ep10000: Max 207 (81) steps (0.0000 hrs) 23.81:0.00 6930 (9) sec
[717] Ep10000: Max 207 (121) steps (0.0000 hrs) 23.81:0.00 6940 (10) sec
[718] Ep10000: Max 207 (98) steps (0.0000 hrs) 20.41:0.00 6949 (9) sec
[719] Ep10000: Max 207 (111) steps (0.0000 hrs) 0.00:25.64 6958 (9) sec
[720] Ep10000: Max 207 (155) steps (0.0000 hrs) 0.00:0.00 6968 (10) sec
[721] Ep10000: Max 207 (111) steps (0.0000 hrs) 0.00:17.54 6976 (8) sec
[722] Ep10000: Max 207 (120) steps (0.0000 hrs) 0.00:22.73 6985 (9) sec
[723] Ep10000: Max 207 (145) steps (0.0000 hrs) 0.00:0.00 6995 (10) sec
[724] Ep10000: Max 207 (123) steps (0.0000 hrs) 0.00:40.00 7004 (9) sec
[725] Ep10000: Max 207 (122) steps (0.0000 hrs) 22.22:0.00 7013 (9) sec
[726] Ep10000: Max 207 (116) steps (0.0000 hrs) 0.00:0.00 7023 (10) sec
[727] Ep10000: Max 207 (117) steps (0.0000 hrs) 0.00:100.00 7032 (9) sec
[728] Ep10000: Max 207 (75) steps (0.0000 hrs) 0.00:90.91 7041 (9) sec
[729] Ep10000: Max 207 (111) steps (0.0000 hrs) 23.81:0.00 7050 (9) sec
[730] Ep10000: Max 207 (111) steps (0.0000 hrs) 0.00:25.64 7059 (9) sec
[731] Ep10000: Max 207 (129) steps (0.0000 hrs) 0.00:25.00 7068 (9) sec
[732] Ep10000: Max 207 (104) steps (0.0000 hrs) 55.56:0.00 7077 (9) sec
[733] Ep10000: Max 207 (123) steps (0.0000 hrs) 37.04:0.00 7087 (10) sec
[734] Ep10000: Max 207 (102) steps (0.0000 hrs) 0.00:31.25 7096 (9) sec
[735] Ep10000: Max 207 (107) steps (0.0000 hrs) 0.00:41.67 7106 (10) sec
[736] Ep10000: Max 207 (77) steps (0.0000 hrs) 0.00:25.64 7116 (10) sec
[737] Ep10000: Max 207 (99) steps (0.0000 hrs) 22.22:0.00 7125 (9) sec
[738] Ep10000: Max 207 (152) steps (0.0000 hrs) 0.00:18.87 7134 (9) sec
[739] Ep10000: Max 207 (144) steps (0.0000 hrs) 35.71:0.00 7144 (10) sec
[740] Ep10000: Max 207 (127) steps (0.0000 hrs) 0.00:31.25 7154 (10) sec
[741] Ep10000: Max 207 (124) steps (0.0000 hrs) 29.41:0.00 7164 (10) sec
[742] Ep10000: Max 207 (131) steps (0.0000 hrs) 47.62:0.00 7175 (11) sec
[743] Ep10000: Max 207 (64) steps (0.0000 hrs) 0.00:0.00 7184 (9) sec
[744] Ep10000: Max 207 (108) steps (0.0000 hrs) 0.00:47.62 7194 (10) sec
[745] Ep10000: Max 207 (117) steps (0.0000 hrs) 25.64:0.00 7205 (11) sec
[746] Ep10000: Max 207 (90) steps (0.0000 hrs) 18.18:0.00 7215 (10) sec
[747] Ep10000: Max 207 (113) steps (0.0000 hrs) 0.00:47.62 7225 (10) sec
[748] Ep10000: Max 207 (124) steps (0.0000 hrs) 0.00:18.52 7235 (10) sec
[749] Ep10000: Max 207 (127) steps (0.0000 hrs) 19.23:0.00 7245 (10) sec
[750] Ep10000: Max 207 (133) steps (0.0000 hrs) 32.26:0.00 7255 (10) sec
[751] Ep10000: Max 207 (88) steps (0.0000 hrs) 43.48:0.00 7264 (9) sec
[752] Ep10000: Max 207 (90) steps (0.0000 hrs) 35.71:0.00 7273 (9) sec
[753] Ep10000: Max 207 (76) steps (0.0000 hrs) 13.89:0.00 7283 (10) sec
[754] Ep10000: Max 207 (113) steps (0.0000 hrs) 23.26:0.00 7292 (9) sec
[755] Ep10000: Max 207 (93) steps (0.0000 hrs) 0.00:21.28 7303 (11) sec
[756] Ep10000: Max 207 (104) steps (0.0000 hrs) 35.71:0.00 7313 (10) sec
[757] Ep10000: Max 207 (121) steps (0.0000 hrs) 0.00:23.26 7323 (10) sec
[758] Ep10000: Max 207 (146) steps (0.0000 hrs) 0.00:71.43 7333 (10) sec
[759] Ep10000: Max 207 (127) steps (0.0000 hrs) 0.00:25.00 7342 (9) sec
[760] Ep10000: Max 207 (128) steps (0.0000 hrs) 23.26:0.00 7352 (10) sec
[761] Ep10000: Max 207 (100) steps (0.0000 hrs) 45.45:0.00 7362 (10) sec
[762] Ep10000: Max 207 (149) steps (0.0000 hrs) 0.00:22.22 7372 (10) sec
[763] Ep10000: Max 207 (111) steps (0.0000 hrs) 0.00:21.28 7382 (10) sec
[764] Ep10000: Max 207 (126) steps (0.0000 hrs) 0.00:27.78 7392 (10) sec
[765] Ep10000: Max 207 (121) steps (0.0000 hrs) 0.00:21.28 7401 (9) sec
[766] Ep10000: Max 207 (104) steps (0.0000 hrs) 31.25:0.00 7410 (9) sec
[767] Ep10000: Max 207 (97) steps (0.0000 hrs) 23.81:0.00 7420 (10) sec
[768] Ep10000: Max 207 (103) steps (0.0000 hrs) 23.81:0.00 7429 (9) sec
[769] Ep10000: Max 207 (117) steps (0.0000 hrs) 29.41:0.00 7439 (10) sec
[770] Ep10000: Max 207 (115) steps (0.0000 hrs) 0.00:31.25 7448 (9) sec
[771] Ep10000: Max 207 (112) steps (0.0000 hrs) 19.23:0.00 7459 (11) sec
[772] Ep10000: Max 207 (140) steps (0.0000 hrs) 0.00:22.73 7469 (10) sec
[773] Ep10000: Max 207 (112) steps (0.0000 hrs) 17.86:0.00 7479 (10) sec
[774] Ep10000: Max 207 (104) steps (0.0000 hrs) 0.00:38.46 7489 (10) sec
[775] Ep10000: Max 207 (120) steps (0.0000 hrs) 0.00:20.83 7499 (10) sec
[776] Ep10000: Max 207 (130) steps (0.0000 hrs) 0.00:23.26 7510 (11) sec
[777] Ep10000: Max 207 (98) steps (0.0000 hrs) 0.00:43.48 7520 (10) sec
[778] Ep10000: Max 207 (139) steps (0.0000 hrs) 47.62:0.00 7531 (11) sec
[779] Ep10000: Max 207 (131) steps (0.0000 hrs) 0.00:22.22 7541 (10) sec
[780] Ep10000: Max 207 (113) steps (0.0000 hrs) 32.26:0.00 7551 (10) sec
[781] Ep10000: Max 207 (125) steps (0.0000 hrs) 27.78:0.00 7561 (10) sec
[782] Ep10000: Max 207 (125) steps (0.0000 hrs) 0.00:26.32 7571 (10) sec
[783] Ep10000: Max 207 (117) steps (0.0000 hrs) 40.00:0.00 7582 (11) sec
[784] Ep10000: Max 207 (87) steps (0.0000 hrs) 0.00:20.00 7591 (9) sec
[785] Ep10000: Max 207 (99) steps (0.0000 hrs) 24.39:0.00 7601 (10) sec
[786] Ep10000: Max 207 (82) steps (0.0000 hrs) 40.00:0.00 7610 (9) sec
[787] Ep10000: Max 207 (111) steps (0.0000 hrs) 0.00:34.48 7620 (10) sec
[788] Ep10000: Max 207 (113) steps (0.0000 hrs) 0.00:23.81 7630 (10) sec
[789] Ep10000: Max 207 (100) steps (0.0000 hrs) 40.00:0.00 7639 (9) sec
[790] Ep10000: Max 207 (96) steps (0.0000 hrs) 24.39:0.00 7649 (10) sec
[791] Ep10000: Max 207 (119) steps (0.0000 hrs) 0.00:23.81 7659 (10) sec
[792] Ep10000: Max 207 (94) steps (0.0000 hrs) 0.00:27.78 7669 (10) sec
[793] Ep10000: Max 207 (136) steps (0.0000 hrs) 32.26:0.00 7679 (10) sec
[794] Ep10000: Max 207 (102) steps (0.0000 hrs) 0.00:22.73 7689 (10) sec
[795] Ep10000: Max 207 (123) steps (0.0000 hrs) 0.00:30.30 7699 (10) sec
[796] Ep10000: Max 207 (101) steps (0.0000 hrs) 27.03:0.00 7708 (9) sec
[797] Ep10000: Max 207 (141) steps (0.0000 hrs) 0.00:27.78 7718 (10) sec
[798] Ep10000: Max 207 (96) steps (0.0000 hrs) 0.00:24.39 7727 (9) sec
[799] Ep10000: Max 207 (139) steps (0.0000 hrs) 0.00:22.22 7737 (10) sec
[800] Ep10000: Max 207 (181) steps (0.0001 hrs) 17.54:0.00 7746 (9) sec
[801] Ep10000: Max 207 (107) steps (0.0000 hrs) 0.00:20.41 7756 (10) sec
[802] Ep10000: Max 207 (143) steps (0.0000 hrs) 21.28:0.00 7767 (11) sec
[803] Ep10000: Max 207 (130) steps (0.0000 hrs) 30.30:0.00 7777 (10) sec
[804] Ep10000: Max 207 (107) steps (0.0000 hrs) 17.54:0.00 7787 (10) sec
[805] Ep10000: Max 207 (111) steps (0.0000 hrs) 27.78:0.00 7797 (10) sec
[806] Ep10000: Max 207 (123) steps (0.0000 hrs) 0.00:23.26 7807 (10) sec
[807] Ep10000: Max 207 (130) steps (0.0000 hrs) 47.62:0.00 7817 (10) sec
[808] Ep10000: Max 207 (105) steps (0.0000 hrs) 40.00:0.00 7827 (10) sec
[809] Ep10000: Max 207 (131) steps (0.0000 hrs) 0.00:26.32 7837 (10) sec
[810] Ep10000: Max 207 (101) steps (0.0000 hrs) 0.00:25.00 7847 (10) sec
[811] Ep10000: Max 207 (167) steps (0.0000 hrs) 40.00:0.00 7856 (9) sec
[812] Ep10000: Max 207 (126) steps (0.0000 hrs) 15.38:0.00 7866 (10) sec
[813] Ep10000: Max 207 (122) steps (0.0000 hrs) 17.86:0.00 7876 (10) sec
[814] Ep10000: Max 207 (143) steps (0.0000 hrs) 0.00:50.00 7886 (10) sec
[815] Ep10000: Max 207 (130) steps (0.0000 hrs) 32.26:0.00 7896 (10) sec
[816] Ep10000: Max 207 (107) steps (0.0000 hrs) 0.00:27.78 7906 (10) sec
[817] Ep10000: Max 207 (111) steps (0.0000 hrs) 0.00:22.22 7916 (10) sec
[818] Ep10000: Max 207 (108) steps (0.0000 hrs) 0.00:38.46 7926 (10) sec
[819] Ep10000: Max 207 (142) steps (0.0000 hrs) 20.00:0.00 7935 (9) sec
[820] Ep10000: Max 207 (140) steps (0.0000 hrs) 0.00:20.83 7945 (10) sec
[821] Ep10000: Max 207 (145) steps (0.0000 hrs) 50.00:0.00 7954 (9) sec
[822] Ep10000: Max 207 (115) steps (0.0000 hrs) 100.00:0.00 7965 (11) sec
[823] Ep10000: Max 207 (135) steps (0.0000 hrs) 0.00:27.78 7975 (10) sec
[824] Ep10000: Max 207 (65) steps (0.0000 hrs) 34.48:0.00 7985 (10) sec
[825] Ep10000: Max 207 (98) steps (0.0000 hrs) 0.00:22.22 7995 (10) sec
[826] Ep10000: Max 207 (90) steps (0.0000 hrs) 0.00:0.00 8004 (9) sec
[827] Ep10000: Max 207 (83) steps (0.0000 hrs) 0.00:25.64 8016 (12) sec
[828] Ep10000: Max 207 (147) steps (0.0000 hrs) 0.00:41.67 8026 (10) sec
[829] Ep10000: Max 207 (106) steps (0.0000 hrs) 13.16:0.00 8036 (10) sec
[830] Ep10000: Max 207 (96) steps (0.0000 hrs) 18.18:0.00 8047 (11) sec
[831] Ep10000: Max 207 (141) steps (0.0000 hrs) 25.00:0.00 8057 (10) sec
[832] Ep10000: Max 207 (117) steps (0.0000 hrs) 0.00:76.92 8066 (9) sec
[833] Ep10000: Max 207 (109) steps (0.0000 hrs) 26.32:0.00 8076 (10) sec
[834] Ep10000: Max 207 (119) steps (0.0000 hrs) 23.26:0.00 8085 (9) sec
[835] Ep10000: Max 207 (84) steps (0.0000 hrs) 0.00:23.26 8095 (10) sec
[836] Ep10000: Max 207 (105) steps (0.0000 hrs) 27.78:0.00 8105 (10) sec
[837] Ep10000: Max 207 (138) steps (0.0000 hrs) 32.26:0.00 8115 (10) sec
[838] Ep10000: Max 207 (119) steps (0.0000 hrs) 0.00:29.41 8124 (9) sec
[839] Ep10000: Max 207 (136) steps (0.0000 hrs) 0.00:26.32 8134 (10) sec
[840] Ep10000: Max 207 (85) steps (0.0000 hrs) 27.03:0.00 8144 (10) sec
[841] Ep10000: Max 207 (125) steps (0.0000 hrs) 34.48:0.00 8154 (10) sec
[842] Ep10000: Max 207 (126) steps (0.0000 hrs) 43.48:0.00 8164 (10) sec
[843] Ep10000: Max 207 (111) steps (0.0000 hrs) 0.00:27.78 8173 (9) sec
[844] Ep10000: Max 207 (120) steps (0.0000 hrs) 17.54:0.00 8183 (10) sec
[845] Ep10000: Max 207 (109) steps (0.0000 hrs) 0.00:27.03 8193 (10) sec
[846] Ep10000: Max 207 (56) steps (0.0000 hrs) 30.30:0.00 8203 (10) sec
[847] Ep10000: Max 207 (132) steps (0.0000 hrs) 0.00:24.39 8213 (10) sec
[848] Ep10000: Max 207 (128) steps (0.0000 hrs) 38.46:0.00 8223 (10) sec
[849] Ep10000: Max 207 (105) steps (0.0000 hrs) 20.00:0.00 8233 (10) sec
[850] Ep10000: Max 207 (177) steps (0.0000 hrs) 55.56:0.00 8243 (10) sec
[851] Ep10000: Max 207 (110) steps (0.0000 hrs) 20.83:0.00 8254 (11) sec
[852] Ep10000: Max 207 (114) steps (0.0000 hrs) 18.52:0.00 8264 (10) sec
[853] Ep10000: Max 207 (121) steps (0.0000 hrs) 21.28:0.00 8274 (10) sec
[854] Ep10000: Max 207 (116) steps (0.0000 hrs) 0.00:20.41 8284 (10) sec
[855] Ep10000: Max 207 (115) steps (0.0000 hrs) 0.00:29.41 8294 (10) sec
[856] Ep10000: Max 207 (110) steps (0.0000 hrs) 0.00:32.26 8305 (11) sec
[857] Ep10000: Max 207 (59) steps (0.0000 hrs) 0.00:21.28 8315 (10) sec
[858] Ep10000: Max 207 (83) steps (0.0000 hrs) 0.00:47.62 8325 (10) sec
[859] Ep10000: Max 207 (119) steps (0.0000 hrs) 18.52:0.00 8335 (10) sec
[860] Ep10000: Max 207 (131) steps (0.0000 hrs) 0.00:23.81 8346 (11) sec
[861] Ep10000: Max 207 (84) steps (0.0000 hrs) 37.04:0.00 8356 (10) sec
[862] Ep10000: Max 207 (124) steps (0.0000 hrs) 0.00:29.41 8366 (10) sec
[863] Ep10000: Max 207 (174) steps (0.0000 hrs) 0.00:16.95 8376 (10) sec
[864] Ep10000: Max 207 (145) steps (0.0000 hrs) 22.73:0.00 8386 (10) sec
[865] Ep10000: Max 207 (117) steps (0.0000 hrs) 22.22:0.00 8395 (9) sec
[866] Ep10000: Max 207 (127) steps (0.0000 hrs) 0.00:28.57 8405 (10) sec
[867] Ep10000: Max 207 (107) steps (0.0000 hrs) 23.26:0.00 8415 (10) sec
[868] Ep10000: Max 207 (127) steps (0.0000 hrs) 0.00:23.81 8425 (10) sec
[869] Ep10000: Max 207 (78) steps (0.0000 hrs) 45.45:0.00 8434 (9) sec
[870] Ep10000: Max 207 (161) steps (0.0000 hrs) 0.00:25.00 8444 (10) sec
[871] Ep10000: Max 207 (91) steps (0.0000 hrs) 30.30:0.00 8453 (9) sec
[872] Ep10000: Max 207 (104) steps (0.0000 hrs) 0.00:50.00 8463 (10) sec
[873] Ep10000: Max 207 (110) steps (0.0000 hrs) 45.45:0.00 8473 (10) sec
[874] Ep10000: Max 207 (131) steps (0.0000 hrs) 0.00:24.39 8484 (11) sec
[875] Ep10000: Max 207 (134) steps (0.0000 hrs) 38.46:0.00 8494 (10) sec
[876] Ep10000: Max 207 (119) steps (0.0000 hrs) 19.23:0.00 8504 (10) sec
[877] Ep10000: Max 207 (113) steps (0.0000 hrs) 18.52:0.00 8514 (10) sec
[878] Ep10000: Max 207 (130) steps (0.0000 hrs) 40.00:0.00 8525 (11) sec
[879] Ep10000: Max 207 (118) steps (0.0000 hrs) 0.00:25.64 8535 (10) sec
[880] Ep10000: Max 207 (93) steps (0.0000 hrs) 0.00:30.30 8544 (9) sec
[881] Ep10000: Max 207 (128) steps (0.0000 hrs) 0.00:31.25 8554 (10) sec
[882] Ep10000: Max 207 (139) steps (0.0000 hrs) 0.00:32.26 8564 (10) sec
[883] Ep10000: Max 207 (54) steps (0.0000 hrs) 43.48:0.00 8574 (10) sec
[884] Ep10000: Max 207 (119) steps (0.0000 hrs) 29.41:0.00 8583 (9) sec
[885] Ep10000: Max 207 (109) steps (0.0000 hrs) 32.26:0.00 8592 (9) sec
[886] Ep10000: Max 207 (108) steps (0.0000 hrs) 0.00:41.67 8601 (9) sec
[887] Ep10000: Max 207 (121) steps (0.0000 hrs) 0.00:23.26 8611 (10) sec
[888] Ep10000: Max 207 (159) steps (0.0000 hrs) 40.00:0.00 8620 (9) sec
[889] Ep10000: Max 207 (123) steps (0.0000 hrs) 15.38:0.00 8630 (10) sec
[890] Ep10000: Max 207 (136) steps (0.0000 hrs) 0.00:20.83 8641 (11) sec
[891] Ep10000: Max 207 (110) steps (0.0000 hrs) 19.61:0.00 8650 (9) sec
[892] Ep10000: Max 207 (109) steps (0.0000 hrs) 0.00:21.28 8660 (10) sec
[893] Ep10000: Max 207 (142) steps (0.0000 hrs) 41.67:0.00 8670 (10) sec
[894] Ep10000: Max 207 (104) steps (0.0000 hrs) 27.03:0.00 8680 (10) sec
[895] Ep10000: Max 207 (121) steps (0.0000 hrs) 0.00:21.74 8690 (10) sec
[896] Ep10000: Max 207 (189) steps (0.0001 hrs) 41.67:0.00 8701 (11) sec
[897] Ep10000: Max 207 (104) steps (0.0000 hrs) 52.63:0.00 8711 (10) sec
[898] Ep10000: Max 207 (106) steps (0.0000 hrs) 0.00:21.74 8721 (10) sec
[899] Ep10000: Max 207 (93) steps (0.0000 hrs) 0.00:19.23 8731 (10) sec
[900] Ep10000: Max 207 (113) steps (0.0000 hrs) 0.00:25.00 8740 (9) sec
[901] Ep10000: Max 207 (126) steps (0.0000 hrs) 0.00:18.52 8750 (10) sec
[902] Ep10000: Max 207 (95) steps (0.0000 hrs) 21.74:0.00 8760 (10) sec
[903] Ep10000: Max 207 (120) steps (0.0000 hrs) 0.00:22.22 8770 (10) sec
[904] Ep10000: Max 207 (164) steps (0.0000 hrs) 0.00:25.00 8779 (9) sec
[905] Ep10000: Max 207 (116) steps (0.0000 hrs) 90.91:0.00 8788 (9) sec
[906] Ep10000: Max 207 (57) steps (0.0000 hrs) 25.64:0.00 8797 (9) sec
[907] Ep10000: Max 207 (123) steps (0.0000 hrs) 0.00:17.24 8808 (11) sec
[908] Ep10000: Max 207 (145) steps (0.0000 hrs) 0.00:71.43 8818 (10) sec
[909] Ep10000: Max 207 (119) steps (0.0000 hrs) 41.67:0.00 8828 (10) sec
[910] Ep10000: Max 207 (97) steps (0.0000 hrs) 0.00:23.26 8838 (10) sec
[911] Ep10000: Max 207 (120) steps (0.0000 hrs) 29.41:0.00 8848 (10) sec
[912] Ep10000: Max 207 (119) steps (0.0000 hrs) 55.56:0.00 8859 (11) sec
[913] Ep10000: Max 207 (135) steps (0.0000 hrs) 20.41:0.00 8869 (10) sec
[914] Ep10000: Max 207 (105) steps (0.0000 hrs) 18.18:0.00 8879 (10) sec
[915] Ep10000: Max 207 (117) steps (0.0000 hrs) 0.00:29.41 8889 (10) sec
[916] Ep10000: Max 207 (103) steps (0.0000 hrs) 0.00:27.03 8901 (12) sec
[917] Ep10000: Max 207 (115) steps (0.0000 hrs) 0.00:41.67 8911 (10) sec
[918] Ep10000: Max 207 (68) steps (0.0000 hrs) 0.00:33.33 8921 (10) sec
[919] Ep10000: Max 207 (117) steps (0.0000 hrs) 45.45:0.00 8931 (10) sec
[920] Ep10000: Max 207 (111) steps (0.0000 hrs) 0.00:20.83 8941 (10) sec
[921] Ep10000: Max 207 (139) steps (0.0000 hrs) 0.00:21.28 8951 (10) sec
[922] Ep10000: Max 207 (58) steps (0.0000 hrs) 26.32:0.00 8960 (9) sec
[923] Ep10000: Max 207 (118) steps (0.0000 hrs) 24.39:0.00 8970 (10) sec
[924] Ep10000: Max 207 (127) steps (0.0000 hrs) 0.00:24.39 8981 (11) sec
[925] Ep10000: Max 207 (96) steps (0.0000 hrs) 37.04:0.00 8991 (10) sec
[926] Ep10000: Max 207 (112) steps (0.0000 hrs) 26.32:0.00 9002 (11) sec
[927] Ep10000: Max 207 (121) steps (0.0000 hrs) 17.24:0.00 9012 (10) sec
[928] Ep10000: Max 207 (133) steps (0.0000 hrs) 0.00:22.22 9023 (11) sec
[929] Ep10000: Max 207 (112) steps (0.0000 hrs) 0.00:23.26 9033 (10) sec
[930] Ep10000: Max 207 (104) steps (0.0000 hrs) 0.00:33.33 9043 (10) sec
[931] Ep10000: Max 207 (90) steps (0.0000 hrs) 23.26:0.00 9053 (10) sec
[932] Ep10000: Max 207 (83) steps (0.0000 hrs) 0.00:0.00 9064 (11) sec
[933] Ep10000: Max 207 (128) steps (0.0000 hrs) 0.00:21.74 9073 (9) sec
[934] Ep10000: Max 207 (117) steps (0.0000 hrs) 0.00:18.87 9083 (10) sec
[935] Ep10000: Max 207 (132) steps (0.0000 hrs) 0.00:34.48 9093 (10) sec
[936] Ep10000: Max 207 (110) steps (0.0000 hrs) 37.04:0.00 9103 (10) sec
[937] Ep10000: Max 207 (112) steps (0.0000 hrs) 45.45:0.00 9113 (10) sec
[938] Ep10000: Max 207 (103) steps (0.0000 hrs) 31.25:0.00 9123 (10) sec
[939] Ep10000: Max 207 (97) steps (0.0000 hrs) 24.39:0.00 9133 (10) sec
[940] Ep10000: Max 207 (148) steps (0.0000 hrs) 33.33:0.00 9143 (10) sec
[941] Ep10000: Max 207 (134) steps (0.0000 hrs) 32.26:0.00 9154 (11) sec
[942] Ep10000: Max 207 (106) steps (0.0000 hrs) 37.04:0.00 9164 (10) sec
[943] Ep10000: Max 207 (134) steps (0.0000 hrs) 27.03:0.00 9175 (11) sec
[944] Ep10000: Max 207 (107) steps (0.0000 hrs) 0.00:23.26 9185 (10) sec
[945] Ep10000: Max 207 (140) steps (0.0000 hrs) 19.61:0.00 9196 (11) sec
[946] Ep10000: Max 207 (113) steps (0.0000 hrs) 0.00:25.00 9207 (11) sec
[947] Ep10000: Max 207 (115) steps (0.0000 hrs) 16.13:0.00 9217 (10) sec
[948] Ep10000: Max 207 (111) steps (0.0000 hrs) 16.95:0.00 9227 (10) sec
[949] Ep10000: Max 207 (142) steps (0.0000 hrs) 25.64:0.00 9237 (10) sec
[950] Ep10000: Max 207 (128) steps (0.0000 hrs) 0.00:28.57 9247 (10) sec
[951] Ep10000: Max 207 (106) steps (0.0000 hrs) 0.00:23.26 9257 (10) sec
[952] Ep10000: Max 207 (105) steps (0.0000 hrs) 25.64:0.00 9268 (11) sec
[953] Ep10000: Max 207 (113) steps (0.0000 hrs) 35.71:0.00 9278 (10) sec
[954] Ep10000: Max 207 (96) steps (0.0000 hrs) 34.48:0.00 9288 (10) sec
[955] Ep10000: Max 207 (132) steps (0.0000 hrs) 25.00:0.00 9298 (10) sec
[956] Ep10000: Max 207 (124) steps (0.0000 hrs) 23.81:0.00 9308 (10) sec
[957] Ep10000: Max 207 (134) steps (0.0000 hrs) 0.00:34.48 9318 (10) sec
[958] Ep10000: Max 207 (163) steps (0.0000 hrs) 27.03:0.00 9328 (10) sec
[959] Ep10000: Max 207 (99) steps (0.0000 hrs) 23.26:0.00 9338 (10) sec
[960] Ep10000: Max 207 (73) steps (0.0000 hrs) 0.00:23.26 9348 (10) sec
[961] Ep10000: Max 207 (64) steps (0.0000 hrs) 0.00:31.25 9357 (9) sec
[962] Ep10000: Max 207 (114) steps (0.0000 hrs) 15.87:0.00 9367 (10) sec
[963] Ep10000: Max 207 (116) steps (0.0000 hrs) 43.48:0.00 9377 (10) sec
[964] Ep10000: Max 207 (114) steps (0.0000 hrs) 0.00:22.22 9387 (10) sec
[965] Ep10000: Max 207 (119) steps (0.0000 hrs) 0.00:40.00 9398 (11) sec
[966] Ep10000: Max 207 (122) steps (0.0000 hrs) 83.33:0.00 9408 (10) sec
[967] Ep10000: Max 207 (100) steps (0.0000 hrs) 0.00:28.57 9419 (11) sec
[968] Ep10000: Max 207 (91) steps (0.0000 hrs) 0.00:25.64 9428 (9) sec
[969] Ep10000: Max 207 (125) steps (0.0000 hrs) 0.00:20.83 9438 (10) sec
[970] Ep10000: Max 207 (100) steps (0.0000 hrs) 19.23:0.00 9449 (11) sec
[971] Ep10000: Max 207 (104) steps (0.0000 hrs) 142.86:0.00 9459 (10) sec
[972] Ep10000: Max 207 (117) steps (0.0000 hrs) 0.00:22.73 9468 (9) sec
[973] Ep10000: Max 207 (117) steps (0.0000 hrs) 23.26:0.00 9478 (10) sec
[974] Ep10000: Max 207 (126) steps (0.0000 hrs) 0.00:100.00 9488 (10) sec
[975] Ep10000: Max 207 (137) steps (0.0000 hrs) 25.00:0.00 9498 (10) sec
[976] Ep10000: Max 207 (156) steps (0.0000 hrs) 28.57:0.00 9508 (10) sec
[977] Ep10000: Max 207 (101) steps (0.0000 hrs) 0.00:31.25 9517 (9) sec
[978] Ep10000: Max 207 (95) steps (0.0000 hrs) 22.73:0.00 9527 (10) sec
[979] Ep10000: Max 207 (118) steps (0.0000 hrs) 0.00:28.57 9537 (10) sec
[980] Ep10000: Max 207 (116) steps (0.0000 hrs) 34.48:0.00 9547 (10) sec
[981] Ep10000: Max 207 (109) steps (0.0000 hrs) 0.00:20.83 9557 (10) sec
[982] Ep10000: Max 207 (140) steps (0.0000 hrs) 0.00:18.52 9567 (10) sec
[983] Ep10000: Max 207 (119) steps (0.0000 hrs) 58.82:0.00 9577 (10) sec
[984] Ep10000: Max 207 (124) steps (0.0000 hrs) 33.33:0.00 9587 (10) sec
[985] Ep10000: Max 207 (139) steps (0.0000 hrs) 0.00:32.26 9597 (10) sec
[986] Ep10000: Max 207 (112) steps (0.0000 hrs) 0.00:50.00 9606 (9) sec
[987] Ep10000: Max 207 (114) steps (0.0000 hrs) 0.00:34.48 9616 (10) sec
[988] Ep10000: Max 207 (110) steps (0.0000 hrs) 43.48:0.00 9626 (10) sec
[989] Ep10000: Max 207 (136) steps (0.0000 hrs) 0.00:43.48 9636 (10) sec
[990] Ep10000: Max 207 (106) steps (0.0000 hrs) 26.32:0.00 9646 (10) sec
[991] Ep10000: Max 207 (113) steps (0.0000 hrs) 23.81:0.00 9657 (11) sec
[992] Ep10000: Max 207 (117) steps (0.0000 hrs) 0.00:142.86 9667 (10) sec
[993] Ep10000: Max 207 (118) steps (0.0000 hrs) 30.30:0.00 9676 (9) sec
[994] Ep10000: Max 207 (149) steps (0.0000 hrs) 25.64:0.00 9687 (11) sec
[995] Ep10000: Max 207 (101) steps (0.0000 hrs) 0.00:18.87 9697 (10) sec
[996] Ep10000: Max 207 (54) steps (0.0000 hrs) 19.23:0.00 9706 (9) sec
[997] Ep10000: Max 207 (120) steps (0.0000 hrs) 33.33:0.00 9716 (10) sec
[998] Ep10000: Max 207 (123) steps (0.0000 hrs) 27.78:0.00 9726 (10) sec
[999] Ep10000: Max 207 (73) steps (0.0000 hrs) 0.00:20.83 9735 (9) sec
[1000] Ep10000: Max 207 (107) steps (0.0000 hrs) 333.33:0.00 9745 (10) sec
Total Elapsed time: 9745 seconds
Wrote current data to latest.train
