balanced 0 test_flag 0
[1] Max 252 (252) steps (0.0001 hrs) 0.00:-8034.21 46 (46) sec
[2] Max 2111 (2111) steps (0.0006 hrs) 0.00:-8033.70 124 (78) sec
[3] Max 2246 (2246) steps (0.0006 hrs) 0.00:-8033.70 198 (74) sec
[4] Max 2246 (1831) steps (0.0005 hrs) 0.00:-8033.70 239 (41) sec
[5] Max 2246 (395) steps (0.0001 hrs) 0.00:-8033.70 275 (36) sec
[6] Max 2246 (146) steps (0.0000 hrs) 0.00:-8033.70 311 (36) sec
[7] Max 2246 (730) steps (0.0002 hrs) 0.00:-8033.70 349 (38) sec
[8] Max 2246 (1941) steps (0.0005 hrs) 0.00:-8033.70 421 (72) sec
[9] Max 2409 (2409) steps (0.0007 hrs) 0.00:-8033.70 496 (75) sec
[10] Max 2409 (430) steps (0.0001 hrs) 0.00:-8033.70 532 (36) sec
[11] Max 2409 (2170) steps (0.0006 hrs) 0.00:-8033.70 608 (76) sec
[12] Max 2409 (258) steps (0.0001 hrs) 0.00:-8033.70 645 (37) sec
[13] Max 2563 (2563) steps (0.0007 hrs) 0.00:-8033.70 717 (72) sec
[14] Max 2563 (1718) steps (0.0005 hrs) 0.00:-8033.70 775 (58) sec
[15] Max 2563 (2510) steps (0.0007 hrs) 0.00:-8033.70 850 (75) sec
[16] Max 2563 (400) steps (0.0001 hrs) 0.00:-8033.70 887 (37) sec
[17] Max 2563 (895) steps (0.0002 hrs) 0.00:-8033.70 923 (36) sec
[18] Max 2563 (1018) steps (0.0003 hrs) 0.00:-8033.70 960 (37) sec
[19] Max 2563 (1873) steps (0.0005 hrs) 0.00:-8033.70 1001 (41) sec
[20] Max 2563 (2182) steps (0.0006 hrs) 0.00:-8033.70 1045 (44) sec
[21] Max 2984 (2984) steps (0.0008 hrs) 0.00:-8033.70 1113 (68) sec
[22] Max 2984 (607) steps (0.0002 hrs) 0.00:-8033.70 1150 (37) sec
[23] Max 2984 (920) steps (0.0003 hrs) 0.00:-8033.70 1186 (36) sec
[24] Max 2984 (1108) steps (0.0003 hrs) 0.00:-8033.70 1224 (38) sec
[25] Max 2984 (1949) steps (0.0005 hrs) 0.00:-8033.70 1299 (75) sec
[26] Max 2984 (481) steps (0.0001 hrs) 0.00:-8033.70 1335 (36) sec
[27] Max 2984 (238) steps (0.0001 hrs) 0.00:-8033.70 1373 (38) sec
[28] Max 2984 (161) steps (0.0000 hrs) 0.00:-8033.70 1409 (36) sec
[29] Max 2984 (704) steps (0.0002 hrs) 0.00:-8033.70 1446 (37) sec
[30] Max 2984 (168) steps (0.0000 hrs) 0.00:-8033.70 1483 (37) sec
[31] Max 2984 (2481) steps (0.0007 hrs) 0.00:-8033.70 1549 (66) sec
[32] Max 2984 (2230) steps (0.0006 hrs) 0.00:-8033.70 1621 (72) sec
[33] Max 2984 (1025) steps (0.0003 hrs) 0.00:-8033.70 1658 (37) sec
[34] Max 2984 (2086) steps (0.0006 hrs) 0.00:-8033.70 1704 (46) sec
[35] Max 2984 (917) steps (0.0003 hrs) 0.00:-8033.70 1740 (36) sec
[36] Max 2984 (1459) steps (0.0004 hrs) 0.00:-8033.70 1778 (38) sec
[37] Max 2984 (2315) steps (0.0006 hrs) 0.00:-8033.70 1853 (75) sec
[38] Max 2984 (2380) steps (0.0007 hrs) 0.00:-8033.70 1928 (75) sec
[39] Max 2984 (1930) steps (0.0005 hrs) 0.00:-8033.70 1993 (65) sec
[40] Max 2984 (479) steps (0.0001 hrs) 0.00:-8033.70 2031 (38) sec
[41] Max 2984 (642) steps (0.0002 hrs) 0.00:-8033.70 2068 (37) sec
[42] Max 2984 (441) steps (0.0001 hrs) 0.00:-8033.70 2104 (36) sec
[43] Max 2984 (227) steps (0.0001 hrs) 0.00:-8033.70 2141 (37) sec
[44] Max 2984 (1878) steps (0.0005 hrs) 0.00:-8033.70 2178 (37) sec
[45] Max 2984 (147) steps (0.0000 hrs) 0.00:-8033.70 2215 (37) sec
[46] Max 2984 (2749) steps (0.0008 hrs) 0.00:-8033.70 2292 (77) sec
[47] Max 2984 (2259) steps (0.0006 hrs) 0.00:-8033.70 2341 (49) sec
[48] Max 2984 (2099) steps (0.0006 hrs) 0.00:-8033.70 2416 (75) sec
[49] Max 2984 (1261) steps (0.0004 hrs) 0.00:-8033.70 2454 (38) sec
[50] Max 2984 (2158) steps (0.0006 hrs) 0.00:-8033.70 2528 (74) sec
[51] Max 2984 (720) steps (0.0002 hrs) 0.00:-8033.70 2565 (37) sec
[52] Max 2984 (2370) steps (0.0007 hrs) 0.00:-8033.70 2639 (74) sec
[53] Max 2984 (226) steps (0.0001 hrs) 0.00:-8033.70 2675 (36) sec
[54] Max 2984 (2370) steps (0.0007 hrs) 0.00:-8033.70 2751 (76) sec
[55] Max 2984 (1998) steps (0.0006 hrs) 0.00:-8033.70 2828 (77) sec
[56] Max 2984 (2102) steps (0.0006 hrs) 0.00:-8033.70 2882 (54) sec
[57] Max 2984 (2261) steps (0.0006 hrs) 0.00:-8033.70 2958 (76) sec
[58] Max 2984 (1380) steps (0.0004 hrs) 0.00:-8033.70 2995 (37) sec
[59] Max 2984 (775) steps (0.0002 hrs) 0.00:-8033.70 3032 (37) sec
[60] Max 2984 (910) steps (0.0003 hrs) 0.00:-8033.70 3069 (37) sec
[61] Max 2984 (667) steps (0.0002 hrs) 0.00:-8033.70 3108 (39) sec
[62] Max 2984 (2096) steps (0.0006 hrs) 0.00:-8033.70 3199 (91) sec
[63] Max 2984 (1208) steps (0.0003 hrs) 0.00:-8033.70 3243 (44) sec
[64] Max 2984 (2156) steps (0.0006 hrs) 0.00:-8033.70 3333 (90) sec
[65] Max 2984 (1085) steps (0.0003 hrs) 0.00:-8033.70 3376 (43) sec
[66] Max 2984 (336) steps (0.0001 hrs) 0.00:-8033.70 3422 (46) sec
[67] Max 2984 (564) steps (0.0002 hrs) 0.00:-8033.70 3467 (45) sec
[68] Max 2984 (2052) steps (0.0006 hrs) 0.00:-8033.70 3558 (91) sec
[69] Max 2984 (169) steps (0.0000 hrs) 0.00:-8033.70 3601 (43) sec
[70] Max 2984 (231) steps (0.0001 hrs) 0.00:-8033.70 3645 (44) sec
[71] Max 2984 (2359) steps (0.0007 hrs) 0.00:-8033.70 3734 (89) sec
[72] Max 2984 (2245) steps (0.0006 hrs) 0.00:-8033.70 3824 (90) sec
[73] Max 2984 (2195) steps (0.0006 hrs) 0.00:-8033.70 3916 (92) sec
[74] Max 2984 (2151) steps (0.0006 hrs) 0.00:-8033.70 4006 (90) sec
[75] Max 2984 (415) steps (0.0001 hrs) 0.00:-8033.70 4051 (45) sec
[76] Max 2984 (959) steps (0.0003 hrs) 0.00:-8033.70 4095 (44) sec
[77] Max 2984 (885) steps (0.0002 hrs) 0.00:-8033.70 4139 (44) sec
[78] Max 2984 (1402) steps (0.0004 hrs) 0.00:-8033.70 4184 (45) sec
[79] Max 2984 (2031) steps (0.0006 hrs) 0.00:-8033.70 4233 (49) sec
[80] Max 2984 (815) steps (0.0002 hrs) 0.00:-8033.70 4277 (44) sec
[81] Max 2984 (212) steps (0.0001 hrs) 0.00:-8033.70 4321 (44) sec
[82] Max 2984 (2269) steps (0.0006 hrs) 0.00:-8033.70 4410 (89) sec
[83] Max 2984 (958) steps (0.0003 hrs) 0.00:-8033.70 4454 (44) sec
[84] Max 2984 (1970) steps (0.0005 hrs) 0.00:-8033.70 4518 (64) sec
[85] Max 2984 (655) steps (0.0002 hrs) 0.00:-8033.70 4561 (43) sec
[86] Max 2984 (1265) steps (0.0004 hrs) 0.00:-8033.70 4606 (45) sec
[87] Max 2984 (236) steps (0.0001 hrs) 0.00:-8033.70 4651 (45) sec
[88] Max 2984 (2562) steps (0.0007 hrs) 0.00:-8033.70 4743 (92) sec
[89] Max 2984 (2083) steps (0.0006 hrs) 0.00:-8033.70 4833 (90) sec
[90] Max 2984 (2456) steps (0.0007 hrs) 0.00:-8033.70 4923 (90) sec
[91] Max 2984 (805) steps (0.0002 hrs) 0.00:-8033.70 4966 (43) sec
[92] Max 2984 (2360) steps (0.0007 hrs) 0.00:-8033.70 5055 (89) sec
[93] Max 2984 (1858) steps (0.0005 hrs) 0.00:-8033.70 5099 (44) sec
[94] Max 2984 (2066) steps (0.0006 hrs) 0.00:-8033.70 5189 (90) sec
[95] Max 2984 (2123) steps (0.0006 hrs) 0.00:-8033.70 5279 (90) sec
[96] Max 2984 (2483) steps (0.0007 hrs) 0.00:-8033.70 5371 (92) sec
[97] Max 2984 (2383) steps (0.0007 hrs) 0.00:-8033.70 5463 (92) sec
[98] Max 2984 (495) steps (0.0001 hrs) 0.00:-8033.70 5506 (43) sec
[99] Max 2984 (2666) steps (0.0007 hrs) 0.00:-8033.70 5597 (91) sec
[100] Max 2984 (273) steps (0.0001 hrs) 0.00:-8033.70 5644 (47) sec
[101] Max 2984 (2662) steps (0.0007 hrs) 0.00:-8033.70 5735 (91) sec
[102] Max 2984 (1860) steps (0.0005 hrs) 0.00:-8033.70 5781 (46) sec
[103] Max 2984 (1303) steps (0.0004 hrs) 0.00:-8033.70 5824 (43) sec
[104] Max 2984 (212) steps (0.0001 hrs) 0.00:-8033.70 5866 (42) sec
[105] Max 2984 (557) steps (0.0002 hrs) 0.00:-8033.70 5908 (42) sec
[106] Max 2984 (2476) steps (0.0007 hrs) 0.00:-8033.70 5997 (89) sec
[107] Max 2984 (1923) steps (0.0005 hrs) 0.00:-8033.70 6044 (47) sec
[108] Max 2984 (1799) steps (0.0005 hrs) 0.00:-8033.70 6098 (54) sec
[109] Max 2984 (2261) steps (0.0006 hrs) 0.00:-8033.70 6189 (91) sec
[110] Max 2984 (2641) steps (0.0007 hrs) 0.00:-8033.70 6280 (91) sec
[111] Max 2984 (2518) steps (0.0007 hrs) 0.00:-8033.70 6369 (89) sec
[112] Max 2984 (2164) steps (0.0006 hrs) 0.00:-8033.70 6431 (62) sec
[113] Max 2984 (1273) steps (0.0004 hrs) 0.00:-8033.70 6476 (45) sec
[114] Max 2984 (391) steps (0.0001 hrs) 0.00:-8033.70 6518 (42) sec
[115] Max 2984 (2331) steps (0.0006 hrs) 0.00:-8033.70 6611 (93) sec
[116] Max 2984 (2182) steps (0.0006 hrs) 0.00:-8033.70 6701 (90) sec
[117] Max 2984 (1692) steps (0.0005 hrs) 0.00:-8033.70 6753 (52) sec
[118] Max 2984 (1907) steps (0.0005 hrs) 0.00:-8033.70 6844 (91) sec
[119] Max 2984 (2059) steps (0.0006 hrs) 0.00:-8033.70 6936 (92) sec
[120] Max 2984 (1949) steps (0.0005 hrs) 0.00:-8033.70 7026 (90) sec
[121] Max 2984 (2718) steps (0.0008 hrs) 0.00:-8033.70 7116 (90) sec
[122] Max 2984 (765) steps (0.0002 hrs) 0.00:-8033.70 7160 (44) sec
[123] Max 2984 (452) steps (0.0001 hrs) 0.00:-8033.70 7203 (43) sec
[124] Max 2984 (242) steps (0.0001 hrs) 0.00:-8033.70 7247 (44) sec
[125] Max 2984 (832) steps (0.0002 hrs) 0.00:-8033.70 7289 (42) sec
[126] Max 2984 (300) steps (0.0001 hrs) 0.00:-8033.70 7333 (44) sec
[127] Max 2984 (2320) steps (0.0006 hrs) 0.00:-8033.70 7413 (80) sec
[128] Max 2984 (1676) steps (0.0005 hrs) 0.00:-8033.70 7457 (44) sec
[129] Max 2984 (1321) steps (0.0004 hrs) 0.00:-8033.70 7502 (45) sec
[130] Max 2984 (1867) steps (0.0005 hrs) 0.00:-8033.70 7548 (46) sec
[131] Max 2984 (1327) steps (0.0004 hrs) 0.00:-8033.70 7592 (44) sec
[132] Max 2984 (2401) steps (0.0007 hrs) 0.00:-8033.70 7685 (93) sec
[133] Max 2984 (2230) steps (0.0006 hrs) 0.00:-8033.70 7766 (81) sec
[134] Max 2984 (2238) steps (0.0006 hrs) 0.00:-8033.70 7856 (90) sec
[135] Max 2984 (2030) steps (0.0006 hrs) 0.00:-8033.70 7932 (76) sec
[136] Max 2984 (290) steps (0.0001 hrs) 0.00:-8033.70 7976 (44) sec
[137] Max 2984 (380) steps (0.0001 hrs) 0.00:-8033.70 8019 (43) sec
[138] Max 2984 (2388) steps (0.0007 hrs) 0.00:-8033.70 8100 (81) sec
[139] Max 2984 (463) steps (0.0001 hrs) 0.00:-8033.70 8143 (43) sec
[140] Max 2984 (1578) steps (0.0004 hrs) 0.00:-8033.70 8187 (44) sec
[141] Max 2984 (647) steps (0.0002 hrs) 0.00:-8033.70 8230 (43) sec
[142] Max 2984 (2578) steps (0.0007 hrs) 0.00:-8033.70 8285 (55) sec
[143] Max 2984 (2628) steps (0.0007 hrs) 0.00:-8033.70 8379 (94) sec
[144] Max 2984 (491) steps (0.0001 hrs) 0.00:-8033.70 8423 (44) sec
[145] Max 2984 (363) steps (0.0001 hrs) 0.00:-8033.70 8466 (43) sec
[146] Max 2984 (406) steps (0.0001 hrs) 0.00:-8033.70 8509 (43) sec
[147] Max 2984 (2232) steps (0.0006 hrs) 0.00:-8033.70 8598 (89) sec
[148] Max 2984 (2104) steps (0.0006 hrs) 0.00:-8033.70 8687 (89) sec
[149] Max 2984 (589) steps (0.0002 hrs) 0.00:-8033.70 8731 (44) sec
[150] Max 3108 (3108) steps (0.0009 hrs) 0.00:-8033.70 8824 (93) sec
[151] Max 3108 (456) steps (0.0001 hrs) 0.00:-8033.70 8868 (44) sec
[152] Max 3108 (314) steps (0.0001 hrs) 0.00:-8033.70 8911 (43) sec
[153] Max 3108 (2915) steps (0.0008 hrs) 0.00:-8033.70 8964 (53) sec
[154] Max 3108 (2292) steps (0.0006 hrs) 0.00:-8033.70 9051 (87) sec
[155] Max 3108 (244) steps (0.0001 hrs) 0.00:-8033.70 9095 (44) sec
[156] Max 3108 (1638) steps (0.0005 hrs) 0.00:-8033.70 9147 (52) sec
[157] Max 3108 (224) steps (0.0001 hrs) 0.00:-8033.70 9190 (43) sec
[158] Max 3108 (433) steps (0.0001 hrs) 0.00:-8033.70 9235 (45) sec
[159] Max 3108 (2062) steps (0.0006 hrs) 0.00:-8033.70 9317 (82) sec
[160] Max 3108 (1027) steps (0.0003 hrs) 0.00:-8033.70 9361 (44) sec
[161] Max 3108 (2309) steps (0.0006 hrs) 0.00:-8033.70 9443 (82) sec
[162] Max 3108 (564) steps (0.0002 hrs) 0.00:-8033.70 9486 (43) sec
[163] Max 3108 (318) steps (0.0001 hrs) 0.00:-8033.70 9530 (44) sec
[164] Max 3108 (850) steps (0.0002 hrs) 0.00:-8033.70 9575 (45) sec
[165] Max 3108 (175) steps (0.0000 hrs) 0.00:-8033.70 9618 (43) sec
[166] Max 3108 (1080) steps (0.0003 hrs) 0.00:-8033.70 9663 (45) sec
[167] Max 3108 (182) steps (0.0001 hrs) 0.00:-8033.70 9706 (43) sec
[168] Max 3108 (953) steps (0.0003 hrs) 0.00:-8033.70 9750 (44) sec
[169] Max 3108 (2028) steps (0.0006 hrs) 0.00:-8033.70 9841 (91) sec
[170] Max 3108 (1629) steps (0.0005 hrs) 0.00:-8033.70 9888 (47) sec
[171] Max 3108 (1268) steps (0.0004 hrs) 0.00:-8033.70 9933 (45) sec
[172] Max 3108 (2579) steps (0.0007 hrs) 0.00:-8033.70 10022 (89) sec
[173] Max 3108 (420) steps (0.0001 hrs) 0.00:-8033.70 10065 (43) sec
[174] Max 3108 (394) steps (0.0001 hrs) 0.00:-8033.70 10108 (43) sec
[175] Max 3108 (174) steps (0.0000 hrs) 0.00:-8033.70 10152 (44) sec
[176] Max 3108 (567) steps (0.0002 hrs) 0.00:-8033.70 10196 (44) sec
[177] Max 3108 (590) steps (0.0002 hrs) 0.00:-8033.70 10238 (42) sec
[178] Max 3108 (216) steps (0.0001 hrs) 0.00:-8033.70 10279 (41) sec
[179] Max 3108 (3027) steps (0.0008 hrs) 0.00:-8033.70 10365 (86) sec
[180] Max 3108 (429) steps (0.0001 hrs) 0.00:-8033.70 10409 (44) sec
[181] Max 3108 (720) steps (0.0002 hrs) 0.00:-8033.70 10453 (44) sec
[182] Max 3108 (487) steps (0.0001 hrs) 0.00:-8033.70 10497 (44) sec
[183] Max 3108 (975) steps (0.0003 hrs) 0.00:-8033.70 10541 (44) sec
[184] Max 3108 (853) steps (0.0002 hrs) 0.00:-8033.70 10585 (44) sec
[185] Max 3108 (1261) steps (0.0004 hrs) 0.00:-8033.70 10628 (43) sec
[186] Max 3108 (186) steps (0.0001 hrs) 0.00:-8033.70 10672 (44) sec
[187] Max 3108 (666) steps (0.0002 hrs) 0.00:-8033.70 10716 (44) sec
[188] Max 3108 (2708) steps (0.0008 hrs) 0.00:-8033.70 10804 (88) sec
[189] Max 3108 (2234) steps (0.0006 hrs) 0.00:-8033.70 10893 (89) sec
[190] Max 3108 (2176) steps (0.0006 hrs) 0.00:-8033.70 10983 (90) sec
[191] Max 3108 (2543) steps (0.0007 hrs) 0.00:-8033.70 11069 (86) sec
[192] Max 3108 (1480) steps (0.0004 hrs) 0.00:-8033.70 11111 (42) sec
[193] Max 3108 (2401) steps (0.0007 hrs) 0.00:-8033.70 11196 (85) sec
[194] Max 3108 (2110) steps (0.0006 hrs) 0.00:-8033.70 11274 (78) sec
[195] Max 3108 (2094) steps (0.0006 hrs) 0.00:-8033.70 11361 (87) sec
[196] Max 3108 (1947) steps (0.0005 hrs) 0.00:-8033.70 11408 (47) sec
[197] Max 3108 (315) steps (0.0001 hrs) 0.00:-8033.70 11449 (41) sec
[198] Max 3108 (2030) steps (0.0006 hrs) 0.00:-8033.70 11537 (88) sec
[199] Max 3108 (1348) steps (0.0004 hrs) 0.00:-8033.70 11579 (42) sec
[200] Max 3108 (934) steps (0.0003 hrs) 0.00:-8033.70 11621 (42) sec
[201] Max 3108 (243) steps (0.0001 hrs) 0.00:-8033.70 11665 (44) sec
[202] Max 3108 (2552) steps (0.0007 hrs) 0.00:-8033.70 11756 (91) sec
[203] Max 3108 (1747) steps (0.0005 hrs) 0.00:-8033.70 11801 (45) sec
[204] Max 3108 (380) steps (0.0001 hrs) 0.00:-8033.70 11845 (44) sec
[205] Max 3108 (2164) steps (0.0006 hrs) 0.00:-8033.70 11933 (88) sec
[206] Max 3108 (241) steps (0.0001 hrs) 0.00:-8033.70 11977 (44) sec
[207] Max 3108 (1775) steps (0.0005 hrs) 0.00:-8033.70 12043 (66) sec
[208] Max 3108 (833) steps (0.0002 hrs) 0.00:-8033.70 12087 (44) sec
[209] Max 3108 (2784) steps (0.0008 hrs) 0.00:-8033.70 12177 (90) sec
[210] Max 3108 (2144) steps (0.0006 hrs) 0.00:-8033.70 12269 (92) sec
[211] Max 3108 (660) steps (0.0002 hrs) 0.00:-8033.70 12313 (44) sec
[212] Max 3108 (1316) steps (0.0004 hrs) 0.00:-8033.70 12355 (42) sec
[213] Max 3108 (491) steps (0.0001 hrs) 0.00:-8033.70 12397 (42) sec
[214] Max 3108 (916) steps (0.0003 hrs) 0.00:-8033.70 12439 (42) sec
[215] Max 3108 (1533) steps (0.0004 hrs) 0.00:-8033.70 12483 (44) sec
[216] Max 3108 (2634) steps (0.0007 hrs) 0.00:-8033.70 12575 (92) sec
[217] Max 3108 (630) steps (0.0002 hrs) 0.00:-8033.70 12617 (42) sec
[218] Max 3108 (223) steps (0.0001 hrs) 0.00:-8033.70 12660 (43) sec
[219] Max 3108 (2323) steps (0.0006 hrs) 0.00:-8033.70 12748 (88) sec
[220] Max 3108 (293) steps (0.0001 hrs) 0.00:-8033.70 12791 (43) sec
[221] Max 3108 (2473) steps (0.0007 hrs) 0.00:-8033.70 12882 (91) sec
[222] Max 3108 (148) steps (0.0000 hrs) 0.00:-8033.70 12926 (44) sec
[223] Max 3108 (2132) steps (0.0006 hrs) 0.00:-8033.70 13010 (84) sec
[224] Max 3108 (1554) steps (0.0004 hrs) 0.00:-8033.70 13054 (44) sec
[225] Max 3108 (2162) steps (0.0006 hrs) 0.00:-8033.70 13137 (83) sec
[226] Max 3108 (347) steps (0.0001 hrs) 0.00:-8033.70 13180 (43) sec
[227] Max 3108 (417) steps (0.0001 hrs) 0.00:-8033.70 13224 (44) sec
[228] Max 3108 (167) steps (0.0000 hrs) 0.00:-8033.70 13268 (44) sec
[229] Max 3108 (231) steps (0.0001 hrs) 0.00:-8033.70 13312 (44) sec
[230] Max 3108 (910) steps (0.0003 hrs) 0.00:-8033.70 13358 (46) sec
[231] Max 3108 (539) steps (0.0001 hrs) 0.00:-8033.70 13401 (43) sec
[232] Max 3108 (2236) steps (0.0006 hrs) 0.00:-8033.70 13487 (86) sec
[233] Max 3108 (1864) steps (0.0005 hrs) 0.00:-8033.70 13578 (91) sec
[234] Max 3108 (2078) steps (0.0006 hrs) 0.00:-8033.70 13625 (47) sec
[235] Max 3108 (150) steps (0.0000 hrs) 0.00:-8033.70 13668 (43) sec
[236] Max 3108 (2289) steps (0.0006 hrs) 0.00:-8033.70 13760 (92) sec
[237] Max 3108 (253) steps (0.0001 hrs) 0.00:-8033.70 13805 (45) sec
[238] Max 3108 (1559) steps (0.0004 hrs) 0.00:-8033.70 13850 (45) sec
[239] Max 3108 (2167) steps (0.0006 hrs) 0.00:-8033.70 13940 (90) sec
[240] Max 3108 (2346) steps (0.0007 hrs) 0.00:-8033.70 14031 (91) sec
[241] Max 3108 (2139) steps (0.0006 hrs) 0.00:-8033.70 14117 (86) sec
[242] Max 3157 (3157) steps (0.0009 hrs) 0.00:-8033.70 14205 (88) sec
[243] Max 3157 (2497) steps (0.0007 hrs) 0.00:-8033.70 14293 (88) sec
[244] Max 3157 (2223) steps (0.0006 hrs) 0.00:-8033.70 14366 (73) sec
[245] Max 3157 (1882) steps (0.0005 hrs) 0.00:-8033.70 14420 (54) sec
[246] Max 3157 (380) steps (0.0001 hrs) 0.00:-8033.70 14463 (43) sec
[247] Max 3157 (2001) steps (0.0006 hrs) 0.00:-8033.70 14509 (46) sec
[248] Max 3157 (1758) steps (0.0005 hrs) 0.00:-8033.70 14555 (46) sec
[249] Max 3157 (1727) steps (0.0005 hrs) 0.00:-8033.70 14602 (47) sec
[250] Max 3157 (1940) steps (0.0005 hrs) 0.00:-8033.70 14665 (63) sec
[251] Max 3157 (181) steps (0.0001 hrs) 0.00:-8033.70 14709 (44) sec
[252] Max 3157 (148) steps (0.0000 hrs) 0.00:-8033.70 14753 (44) sec
[253] Max 3157 (2158) steps (0.0006 hrs) 0.00:-8033.70 14836 (83) sec
[254] Max 3157 (2345) steps (0.0007 hrs) 0.00:-8033.70 14925 (89) sec
[255] Max 3157 (2232) steps (0.0006 hrs) 0.00:-8033.70 15014 (89) sec
[256] Max 3157 (1624) steps (0.0005 hrs) 0.00:-8033.70 15057 (43) sec
[257] Max 3157 (1506) steps (0.0004 hrs) 0.00:-8033.70 15114 (57) sec
[258] Max 3157 (1562) steps (0.0004 hrs) 0.00:-8033.70 15159 (45) sec
[259] Max 3157 (1438) steps (0.0004 hrs) 0.00:-8033.70 15206 (47) sec
[260] Max 3157 (2394) steps (0.0007 hrs) 0.00:-8033.70 15297 (91) sec
[261] Max 3157 (1212) steps (0.0003 hrs) 0.00:-8033.70 15341 (44) sec
[262] Max 3157 (2452) steps (0.0007 hrs) 0.00:-8033.70 15395 (54) sec
[263] Max 3157 (1874) steps (0.0005 hrs) 0.00:-8033.70 15483 (88) sec
[264] Max 3157 (836) steps (0.0002 hrs) 0.00:-8033.70 15524 (41) sec
[265] Max 3157 (2328) steps (0.0006 hrs) 0.00:-8033.70 15614 (90) sec
[266] Max 3157 (2342) steps (0.0007 hrs) 0.00:-8033.70 15705 (91) sec
[267] Max 3157 (261) steps (0.0001 hrs) 0.00:-8033.70 15748 (43) sec
[268] Max 3157 (2960) steps (0.0008 hrs) 0.00:-8033.70 15839 (91) sec
[269] Max 3157 (2179) steps (0.0006 hrs) 0.00:-8033.70 15929 (90) sec
[270] Max 3360 (3360) steps (0.0009 hrs) 0.00:-8033.70 16022 (93) sec
[271] Max 3360 (1440) steps (0.0004 hrs) 0.00:-8033.70 16073 (51) sec
[272] Max 3360 (190) steps (0.0001 hrs) 0.00:-8033.70 16117 (44) sec
[273] Max 3360 (573) steps (0.0002 hrs) 0.00:-8033.70 16160 (43) sec
[274] Max 3360 (2037) steps (0.0006 hrs) 0.00:-8033.70 16253 (93) sec
[275] Max 3360 (213) steps (0.0001 hrs) 0.00:-8033.70 16296 (43) sec
[276] Max 3360 (2245) steps (0.0006 hrs) 0.00:-8033.70 16385 (89) sec
[277] Max 3360 (2344) steps (0.0007 hrs) 0.00:-8033.70 16461 (76) sec
[278] Max 3360 (2621) steps (0.0007 hrs) 0.00:-8033.70 16550 (89) sec
[279] Max 3360 (680) steps (0.0002 hrs) 0.00:-8033.70 16594 (44) sec
[280] Max 3360 (1517) steps (0.0004 hrs) 0.00:-8033.70 16642 (48) sec
[281] Max 3360 (1455) steps (0.0004 hrs) 0.00:-8033.70 16690 (48) sec
[282] Max 3360 (2402) steps (0.0007 hrs) 0.00:-8033.70 16779 (89) sec
[283] Max 3360 (1427) steps (0.0004 hrs) 0.00:-8033.70 16823 (44) sec
[284] Max 3360 (1707) steps (0.0005 hrs) 0.00:-8033.70 16892 (69) sec
[285] Max 3360 (2875) steps (0.0008 hrs) 0.00:-8033.70 16981 (89) sec
[286] Max 3360 (1382) steps (0.0004 hrs) 0.00:-8033.70 17025 (44) sec
[287] Max 3360 (279) steps (0.0001 hrs) 0.00:-8033.70 17068 (43) sec
[288] Max 3360 (1533) steps (0.0004 hrs) 0.00:-8033.70 17112 (44) sec
[289] Max 3360 (1126) steps (0.0003 hrs) 0.00:-8033.70 17157 (45) sec
[290] Max 3360 (2284) steps (0.0006 hrs) 0.00:-8033.70 17244 (87) sec
[291] Max 3360 (2271) steps (0.0006 hrs) 0.00:-8033.70 17331 (87) sec
[292] Max 3360 (480) steps (0.0001 hrs) 0.00:-8033.70 17377 (46) sec
[293] Max 3360 (2040) steps (0.0006 hrs) 0.00:-8033.70 17468 (91) sec
[294] Max 3360 (144) steps (0.0000 hrs) 0.00:-8033.70 17511 (43) sec
[295] Max 3360 (1699) steps (0.0005 hrs) 0.00:-8033.70 17561 (50) sec
[296] Max 3360 (2109) steps (0.0006 hrs) 0.00:-8033.70 17650 (89) sec
[297] Max 3360 (2154) steps (0.0006 hrs) 0.00:-8033.70 17733 (83) sec
[298] Max 3360 (399) steps (0.0001 hrs) 0.00:-8033.70 17777 (44) sec
[299] Max 3360 (1964) steps (0.0005 hrs) 0.00:-8033.70 17867 (90) sec
[300] Max 3360 (2522) steps (0.0007 hrs) 0.00:-8033.70 17957 (90) sec
[301] Max 3360 (2329) steps (0.0006 hrs) 0.00:-8033.70 18046 (89) sec
[302] Max 3360 (2422) steps (0.0007 hrs) 0.00:-8033.70 18135 (89) sec
[303] Max 3360 (2198) steps (0.0006 hrs) 0.00:-8033.70 18217 (82) sec
[304] Max 3360 (1391) steps (0.0004 hrs) 0.00:-8033.70 18265 (48) sec
[305] Max 3360 (1993) steps (0.0006 hrs) 0.00:-8033.70 18337 (72) sec
[306] Max 3360 (2136) steps (0.0006 hrs) 0.00:-8033.70 18397 (60) sec
[307] Max 3360 (148) steps (0.0000 hrs) 0.00:-8033.70 18441 (44) sec
[308] Max 3360 (2123) steps (0.0006 hrs) 0.00:-8033.70 18531 (90) sec
[309] Max 3360 (300) steps (0.0001 hrs) 0.00:-8033.70 18574 (43) sec
[310] Max 3360 (525) steps (0.0001 hrs) 0.00:-8033.70 18618 (44) sec
[311] Max 3360 (2701) steps (0.0008 hrs) 0.00:-8033.70 18701 (83) sec
[312] Max 3360 (329) steps (0.0001 hrs) 0.00:-8033.70 18745 (44) sec
[313] Max 3360 (1926) steps (0.0005 hrs) 0.00:-8033.70 18813 (68) sec
[314] Max 3360 (2298) steps (0.0006 hrs) 0.00:-8033.70 18902 (89) sec
[315] Max 3360 (2362) steps (0.0007 hrs) 0.00:-8033.70 18989 (87) sec
[316] Max 3360 (313) steps (0.0001 hrs) 0.00:-8033.70 19032 (43) sec
[317] Max 3360 (2478) steps (0.0007 hrs) 0.00:-8033.70 19107 (75) sec
[318] Max 3360 (2700) steps (0.0008 hrs) 0.00:-8033.70 19164 (57) sec
[319] Max 3360 (269) steps (0.0001 hrs) 0.00:-8033.70 19205 (41) sec
[320] Max 3360 (1670) steps (0.0005 hrs) 0.00:-8033.70 19259 (54) sec
[321] Max 3360 (1379) steps (0.0004 hrs) 0.00:-8033.70 19305 (46) sec
[322] Max 3360 (467) steps (0.0001 hrs) 0.00:-8033.70 19349 (44) sec
[323] Max 3360 (1913) steps (0.0005 hrs) 0.00:-8033.70 19441 (92) sec
[324] Max 3360 (180) steps (0.0001 hrs) 0.00:-8033.70 19485 (44) sec
[325] Max 3360 (738) steps (0.0002 hrs) 0.00:-8033.70 19528 (43) sec
[326] Max 3360 (2156) steps (0.0006 hrs) 0.00:-8033.70 19616 (88) sec
[327] Max 3360 (1778) steps (0.0005 hrs) 0.00:-8033.70 19687 (71) sec
[328] Max 3360 (1688) steps (0.0005 hrs) 0.00:-8033.70 19731 (44) sec
[329] Max 3360 (515) steps (0.0001 hrs) 0.00:-8033.70 19774 (43) sec
[330] Max 3360 (694) steps (0.0002 hrs) 0.00:-8033.70 19818 (44) sec
[331] Max 3360 (618) steps (0.0002 hrs) 0.00:-8033.70 19860 (42) sec
[332] Max 3360 (2223) steps (0.0006 hrs) 0.00:-8033.70 19915 (55) sec
[333] Max 3360 (217) steps (0.0001 hrs) 0.00:-8033.70 19957 (42) sec
[334] Max 3360 (1768) steps (0.0005 hrs) 0.00:-8033.70 20007 (50) sec
[335] Max 3360 (1374) steps (0.0004 hrs) 0.00:-8033.70 20054 (47) sec
[336] Max 3360 (220) steps (0.0001 hrs) 0.00:-8033.70 20096 (42) sec
[337] Max 3360 (522) steps (0.0001 hrs) 0.00:-8033.70 20138 (42) sec
[338] Max 3360 (488) steps (0.0001 hrs) 0.00:-8033.70 20180 (42) sec
[339] Max 3360 (1911) steps (0.0005 hrs) 0.00:-8033.70 20270 (90) sec
[340] Max 3360 (961) steps (0.0003 hrs) 0.00:-8033.70 20314 (44) sec
[341] Max 3360 (578) steps (0.0002 hrs) 0.00:-8033.70 20357 (43) sec
[342] Max 3360 (1739) steps (0.0005 hrs) 0.00:-8033.70 20403 (46) sec
[343] Max 3360 (186) steps (0.0001 hrs) 0.00:-8033.70 20446 (43) sec
[344] Max 3360 (2620) steps (0.0007 hrs) 0.00:-8033.70 20534 (88) sec
[345] Max 3360 (1819) steps (0.0005 hrs) 0.00:-8033.70 20591 (57) sec
[346] Max 3360 (2386) steps (0.0007 hrs) 0.00:-8033.70 20676 (85) sec
[347] Max 3360 (515) steps (0.0001 hrs) 0.00:-8033.70 20718 (42) sec
[348] Max 3360 (2097) steps (0.0006 hrs) 0.00:-8033.70 20807 (89) sec
[349] Max 3360 (2202) steps (0.0006 hrs) 0.00:-8033.70 20896 (89) sec
[350] Max 3360 (496) steps (0.0001 hrs) 0.00:-8033.70 20940 (44) sec
[351] Max 3360 (1976) steps (0.0005 hrs) 0.00:-8033.70 21017 (77) sec
[352] Max 3360 (1842) steps (0.0005 hrs) 0.00:-8033.70 21067 (50) sec
[353] Max 3360 (1929) steps (0.0005 hrs) 0.00:-8033.70 21120 (53) sec
[354] Max 3360 (2111) steps (0.0006 hrs) 0.00:-8033.70 21212 (92) sec
[355] Max 3360 (1969) steps (0.0005 hrs) 0.00:-8033.70 21303 (91) sec
[356] Max 3360 (590) steps (0.0002 hrs) 0.00:-8033.70 21346 (43) sec
[357] Max 3360 (2771) steps (0.0008 hrs) 0.00:-8033.70 21426 (80) sec
[358] Max 3360 (1872) steps (0.0005 hrs) 0.00:-8033.70 21516 (90) sec
[359] Max 3360 (2209) steps (0.0006 hrs) 0.00:-8033.70 21598 (82) sec
[360] Max 3360 (1047) steps (0.0003 hrs) 0.00:-8033.70 21642 (44) sec
[361] Max 3360 (1994) steps (0.0006 hrs) 0.00:-8033.70 21710 (68) sec
[362] Max 3360 (333) steps (0.0001 hrs) 0.00:-8033.70 21755 (45) sec
[363] Max 3360 (759) steps (0.0002 hrs) 0.00:-8033.70 21797 (42) sec
[364] Max 3360 (3261) steps (0.0009 hrs) 0.00:-8033.70 21849 (52) sec
[365] Max 3360 (506) steps (0.0001 hrs) 0.00:-8033.70 21893 (44) sec
[366] Max 3360 (2826) steps (0.0008 hrs) 0.00:-8033.70 21976 (83) sec
[367] Max 3360 (2456) steps (0.0007 hrs) 0.00:-8033.70 22068 (92) sec
[368] Max 3360 (2013) steps (0.0006 hrs) 0.00:-8033.70 22157 (89) sec
[369] Max 3360 (287) steps (0.0001 hrs) 0.00:-8033.70 22199 (42) sec
[370] Max 3360 (2092) steps (0.0006 hrs) 0.00:-8033.70 22288 (89) sec
[371] Max 3360 (1676) steps (0.0005 hrs) 0.00:-8033.70 22342 (54) sec
[372] Max 3360 (1322) steps (0.0004 hrs) 0.00:-8033.70 22388 (46) sec
[373] Max 3360 (2040) steps (0.0006 hrs) 0.00:-8033.70 22478 (90) sec
[374] Max 3360 (205) steps (0.0001 hrs) 0.00:-8033.70 22521 (43) sec
[375] Max 3360 (1842) steps (0.0005 hrs) 0.00:-8033.70 22567 (46) sec
[376] Max 3360 (1697) steps (0.0005 hrs) 0.00:-8033.70 22620 (53) sec
[377] Max 3360 (336) steps (0.0001 hrs) 0.00:-8033.70 22662 (42) sec
[378] Max 3360 (2627) steps (0.0007 hrs) 0.00:-8033.70 22748 (86) sec
[379] Max 3360 (508) steps (0.0001 hrs) 0.00:-8033.70 22790 (42) sec
[380] Max 3360 (1550) steps (0.0004 hrs) 0.00:-8033.70 22834 (44) sec
[381] Max 3360 (1461) steps (0.0004 hrs) 0.00:-8033.70 22879 (45) sec
[382] Max 3360 (1172) steps (0.0003 hrs) 0.00:-8033.70 22922 (43) sec
[383] Max 3360 (165) steps (0.0000 hrs) 0.00:-8033.70 22966 (44) sec
[384] Max 3360 (178) steps (0.0000 hrs) 0.00:-8033.70 23009 (43) sec
[385] Max 3360 (1067) steps (0.0003 hrs) 0.00:-8033.70 23053 (44) sec
[386] Max 3360 (522) steps (0.0001 hrs) 0.00:-8033.70 23097 (44) sec
[387] Max 3360 (1955) steps (0.0005 hrs) 0.00:-8033.70 23187 (90) sec
[388] Max 3360 (400) steps (0.0001 hrs) 0.00:-8033.70 23230 (43) sec
[389] Max 3360 (321) steps (0.0001 hrs) 0.00:-8033.70 23273 (43) sec
[390] Max 3360 (1330) steps (0.0004 hrs) 0.00:-8033.70 23317 (44) sec
[391] Max 3360 (2596) steps (0.0007 hrs) 0.00:-8033.70 23377 (60) sec
[392] Max 3360 (677) steps (0.0002 hrs) 0.00:-8033.70 23421 (44) sec
[393] Max 3360 (2721) steps (0.0008 hrs) 0.00:-8033.70 23509 (88) sec
[394] Max 3360 (1846) steps (0.0005 hrs) 0.00:-8033.70 23562 (53) sec
[395] Max 3360 (2767) steps (0.0008 hrs) 0.00:-8033.70 23649 (87) sec
[396] Max 3360 (2395) steps (0.0007 hrs) 0.00:-8033.70 23740 (91) sec
[397] Max 3360 (1995) steps (0.0006 hrs) 0.00:-8033.70 23830 (90) sec
[398] Max 3360 (669) steps (0.0002 hrs) 0.00:-8033.70 23873 (43) sec
[399] Max 3360 (205) steps (0.0001 hrs) 0.00:-8033.70 23916 (43) sec
[400] Max 3360 (519) steps (0.0001 hrs) 0.00:-8033.70 23959 (43) sec
[401] Max 3360 (282) steps (0.0001 hrs) 0.00:-8033.70 24003 (44) sec
[402] Max 3360 (2534) steps (0.0007 hrs) 0.00:-8033.70 24086 (83) sec
[403] Max 3360 (587) steps (0.0002 hrs) 0.00:-8033.70 24130 (44) sec
[404] Max 3360 (324) steps (0.0001 hrs) 0.00:-8033.70 24174 (44) sec
[405] Max 3360 (2471) steps (0.0007 hrs) 0.00:-8033.70 24265 (91) sec
[406] Max 3360 (1081) steps (0.0003 hrs) 0.00:-8033.70 24311 (46) sec
[407] Max 3360 (326) steps (0.0001 hrs) 0.00:-8033.70 24354 (43) sec
[408] Max 3360 (950) steps (0.0003 hrs) 0.00:-8033.70 24398 (44) sec
[409] Max 3360 (1320) steps (0.0004 hrs) 0.00:-8033.70 24444 (46) sec
[410] Max 3360 (1676) steps (0.0005 hrs) 0.00:-8033.70 24497 (53) sec
[411] Max 3360 (436) steps (0.0001 hrs) 0.00:-8033.70 24539 (42) sec
[412] Max 3360 (2018) steps (0.0006 hrs) 0.00:-8033.70 24628 (89) sec
[413] Max 3360 (2445) steps (0.0007 hrs) 0.00:-8033.70 24716 (88) sec
[414] Max 3360 (197) steps (0.0001 hrs) 0.00:-8033.70 24759 (43) sec
[415] Max 3360 (1570) steps (0.0004 hrs) 0.00:-8033.70 24807 (48) sec
[416] Max 3360 (2190) steps (0.0006 hrs) 0.00:-8033.70 24877 (70) sec
[417] Max 3360 (505) steps (0.0001 hrs) 0.00:-8033.70 24919 (42) sec
[418] Max 3360 (669) steps (0.0002 hrs) 0.00:-8033.70 24961 (42) sec
[419] Max 4251 (4251) steps (0.0012 hrs) 0.00:-8033.70 25006 (45) sec
[420] Max 4251 (182) steps (0.0001 hrs) 0.00:-8033.70 25048 (42) sec
[421] Max 4251 (880) steps (0.0002 hrs) 0.00:-8033.70 25092 (44) sec
[422] Max 4251 (1954) steps (0.0005 hrs) 0.00:-8033.70 25144 (52) sec
[423] Max 4251 (2028) steps (0.0006 hrs) 0.00:-8033.70 25227 (83) sec
[424] Max 4251 (1805) steps (0.0005 hrs) 0.00:-8033.70 25272 (45) sec
[425] Max 4251 (1837) steps (0.0005 hrs) 0.00:-8033.70 25364 (92) sec
[426] Max 4251 (1640) steps (0.0005 hrs) 0.00:-8033.70 25413 (49) sec
[427] Max 4251 (2620) steps (0.0007 hrs) 0.00:-8033.70 25505 (92) sec
[428] Max 4251 (2039) steps (0.0006 hrs) 0.00:-8033.70 25555 (50) sec
[429] Max 4251 (431) steps (0.0001 hrs) 0.00:-8033.70 25598 (43) sec
[430] Max 4251 (1964) steps (0.0005 hrs) 0.00:-8033.70 25679 (81) sec
[431] Max 4251 (146) steps (0.0000 hrs) 0.00:-8033.70 25722 (43) sec
[432] Max 4251 (167) steps (0.0000 hrs) 0.00:-8033.70 25766 (44) sec
[433] Max 4251 (218) steps (0.0001 hrs) 0.00:-8033.70 25809 (43) sec
[434] Max 4251 (661) steps (0.0002 hrs) 0.00:-8033.70 25853 (44) sec
[435] Max 4251 (2042) steps (0.0006 hrs) 0.00:-8033.70 25944 (91) sec
[436] Max 4251 (806) steps (0.0002 hrs) 0.00:-8033.70 25988 (44) sec
[437] Max 4251 (1363) steps (0.0004 hrs) 0.00:-8033.70 26034 (46) sec
[438] Max 4251 (396) steps (0.0001 hrs) 0.00:-8033.70 26078 (44) sec
[439] Max 4251 (1129) steps (0.0003 hrs) 0.00:-8033.70 26122 (44) sec
[440] Max 4251 (2060) steps (0.0006 hrs) 0.00:-8033.70 26213 (91) sec
[441] Max 4251 (228) steps (0.0001 hrs) 0.00:-8033.70 26256 (43) sec
[442] Max 4251 (2048) steps (0.0006 hrs) 0.00:-8033.70 26304 (48) sec
[443] Max 4251 (1261) steps (0.0004 hrs) 0.00:-8033.70 26349 (45) sec
[444] Max 4251 (1390) steps (0.0004 hrs) 0.00:-8033.70 26394 (45) sec
[445] Max 4251 (3037) steps (0.0008 hrs) 0.00:-8033.70 26479 (85) sec
[446] Max 4251 (1480) steps (0.0004 hrs) 0.00:-8033.70 26524 (45) sec
[447] Max 4251 (167) steps (0.0000 hrs) 0.00:-8033.70 26566 (42) sec
[448] Max 4251 (734) steps (0.0002 hrs) 0.00:-8033.70 26609 (43) sec
[449] Max 4251 (157) steps (0.0000 hrs) 0.00:-8033.70 26652 (43) sec
[450] Max 4251 (492) steps (0.0001 hrs) 0.00:-8033.70 26696 (44) sec
[451] Max 4251 (767) steps (0.0002 hrs) 0.00:-8033.70 26739 (43) sec
[452] Max 4251 (2156) steps (0.0006 hrs) 0.00:-8033.70 26832 (93) sec
[453] Max 4251 (1151) steps (0.0003 hrs) 0.00:-8033.70 26876 (44) sec
[454] Max 4251 (1813) steps (0.0005 hrs) 0.00:-8033.70 26933 (57) sec
[455] Max 4251 (1748) steps (0.0005 hrs) 0.00:-8033.70 26989 (56) sec
[456] Max 4251 (206) steps (0.0001 hrs) 0.00:-8033.70 27031 (42) sec
[457] Max 4251 (1261) steps (0.0004 hrs) 0.00:-8033.70 27074 (43) sec
[458] Max 4251 (1917) steps (0.0005 hrs) 0.00:-8033.70 27161 (87) sec
[459] Max 4251 (2342) steps (0.0007 hrs) 0.00:-8033.70 27237 (76) sec
[460] Max 4251 (2012) steps (0.0006 hrs) 0.00:-8033.70 27293 (56) sec
[461] Max 4251 (2042) steps (0.0006 hrs) 0.00:-8033.70 27377 (84) sec
[462] Max 4251 (2390) steps (0.0007 hrs) 0.00:-8033.70 27468 (91) sec
[463] Max 4251 (1865) steps (0.0005 hrs) 0.00:-8033.70 27515 (47) sec
[464] Max 4251 (2370) steps (0.0007 hrs) 0.00:-8033.70 27605 (90) sec
[465] Max 4251 (2281) steps (0.0006 hrs) 0.00:-8033.70 27696 (91) sec
[466] Max 4251 (2145) steps (0.0006 hrs) 0.00:-8033.70 27787 (91) sec
[467] Max 4251 (928) steps (0.0003 hrs) 0.00:-8033.70 27831 (44) sec
[468] Max 4251 (407) steps (0.0001 hrs) 0.00:-8033.70 27874 (43) sec
[469] Max 4251 (1878) steps (0.0005 hrs) 0.00:-8033.70 27962 (88) sec
[470] Max 4251 (278) steps (0.0001 hrs) 0.00:-8033.70 28005 (43) sec
[471] Max 4251 (465) steps (0.0001 hrs) 0.00:-8033.70 28049 (44) sec
[472] Max 4251 (564) steps (0.0002 hrs) 0.00:-8033.70 28092 (43) sec
[473] Max 4251 (1974) steps (0.0005 hrs) 0.00:-8033.70 28181 (89) sec
[474] Max 4251 (386) steps (0.0001 hrs) 0.00:-8033.70 28223 (42) sec
[475] Max 4251 (2023) steps (0.0006 hrs) 0.00:-8033.70 28312 (89) sec
[476] Max 4251 (518) steps (0.0001 hrs) 0.00:-8033.70 28354 (42) sec
[477] Max 4251 (595) steps (0.0002 hrs) 0.00:-8033.70 28396 (42) sec
[478] Max 4251 (238) steps (0.0001 hrs) 0.00:-8033.70 28438 (42) sec
[479] Max 4251 (2067) steps (0.0006 hrs) 0.00:-8033.70 28528 (90) sec
[480] Max 4251 (2397) steps (0.0007 hrs) 0.00:-8033.70 28618 (90) sec
[481] Max 4251 (1868) steps (0.0005 hrs) 0.00:-8033.70 28674 (56) sec
[482] Max 4251 (2552) steps (0.0007 hrs) 0.00:-8033.70 28764 (90) sec
[483] Max 4251 (309) steps (0.0001 hrs) 0.00:-8033.70 28807 (43) sec
[484] Max 4251 (314) steps (0.0001 hrs) 0.00:-8033.70 28851 (44) sec
[485] Max 4251 (2080) steps (0.0006 hrs) 0.00:-8033.70 28942 (91) sec
[486] Max 4251 (2211) steps (0.0006 hrs) 0.00:-8033.70 29030 (88) sec
[487] Max 4251 (2839) steps (0.0008 hrs) 0.00:-8033.70 29122 (92) sec
[488] Max 4251 (2003) steps (0.0006 hrs) 0.00:-8033.70 29167 (45) sec
[489] Max 4251 (160) steps (0.0000 hrs) 0.00:-8033.70 29211 (44) sec
[490] Max 4251 (2331) steps (0.0006 hrs) 0.00:-8033.70 29304 (93) sec
[491] Max 4251 (1311) steps (0.0004 hrs) 0.00:-8033.70 29348 (44) sec
[492] Max 4251 (813) steps (0.0002 hrs) 0.00:-8033.70 29391 (43) sec
[493] Max 4251 (2067) steps (0.0006 hrs) 0.00:-8033.70 29442 (51) sec
[494] Max 4251 (2023) steps (0.0006 hrs) 0.00:-8033.70 29533 (91) sec
[495] Max 4251 (2060) steps (0.0006 hrs) 0.00:-8033.70 29579 (46) sec
[496] Max 4251 (2269) steps (0.0006 hrs) 0.00:-8033.70 29669 (90) sec
[497] Max 4251 (1994) steps (0.0006 hrs) 0.00:-8033.70 29748 (79) sec
[498] Max 4251 (704) steps (0.0002 hrs) 0.00:-8033.70 29791 (43) sec
[499] Max 4251 (1654) steps (0.0005 hrs) 0.00:-8033.70 29839 (48) sec
[500] Max 4251 (2425) steps (0.0007 hrs) 0.00:-8033.70 29885 (46) sec
[501] Max 4251 (145) steps (0.0000 hrs) 0.00:-8033.70 29928 (43) sec
[502] Max 4251 (479) steps (0.0001 hrs) 0.00:-8033.70 29972 (44) sec
[503] Max 4251 (2059) steps (0.0006 hrs) 0.00:-8033.70 30060 (88) sec
[504] Max 4251 (1028) steps (0.0003 hrs) 0.00:-8033.70 30104 (44) sec
[505] Max 4251 (243) steps (0.0001 hrs) 0.00:-8033.70 30147 (43) sec
[506] Max 4251 (308) steps (0.0001 hrs) 0.00:-8033.70 30191 (44) sec
[507] Max 4251 (2252) steps (0.0006 hrs) 0.00:-8033.70 30277 (86) sec
[508] Max 4251 (2239) steps (0.0006 hrs) 0.00:-8033.70 30363 (86) sec
[509] Max 4251 (1892) steps (0.0005 hrs) 0.00:-8033.70 30412 (49) sec
[510] Max 4251 (2437) steps (0.0007 hrs) 0.00:-8033.70 30503 (91) sec
[511] Max 4251 (178) steps (0.0000 hrs) 0.00:-8033.70 30546 (43) sec
[512] Max 4251 (271) steps (0.0001 hrs) 0.00:-8033.70 30590 (44) sec
[513] Max 4251 (1669) steps (0.0005 hrs) 0.00:-8033.70 30641 (51) sec
[514] Max 4251 (1303) steps (0.0004 hrs) 0.00:-8033.70 30686 (45) sec
[515] Max 4251 (2201) steps (0.0006 hrs) 0.00:-8033.70 30776 (90) sec
[516] Max 4251 (309) steps (0.0001 hrs) 0.00:-8033.70 30819 (43) sec
[517] Max 4251 (430) steps (0.0001 hrs) 0.00:-8033.70 30865 (46) sec
[518] Max 4251 (1755) steps (0.0005 hrs) 0.00:-8033.70 30910 (45) sec
[519] Max 4251 (274) steps (0.0001 hrs) 0.00:-8033.70 30953 (43) sec
[520] Max 4251 (2062) steps (0.0006 hrs) 0.00:-8033.70 31044 (91) sec
[521] Max 4251 (1343) steps (0.0004 hrs) 0.00:-8033.70 31090 (46) sec
[522] Max 4251 (221) steps (0.0001 hrs) 0.00:-8033.70 31134 (44) sec
[523] Max 4251 (1883) steps (0.0005 hrs) 0.00:-8033.70 31178 (44) sec
[524] Max 4251 (1773) steps (0.0005 hrs) 0.00:-8033.70 31224 (46) sec
[525] Max 4251 (1090) steps (0.0003 hrs) 0.00:-8033.70 31266 (42) sec
[526] Max 4251 (2533) steps (0.0007 hrs) 0.00:-8033.70 31355 (89) sec
[527] Max 4251 (1069) steps (0.0003 hrs) 0.00:-8033.70 31399 (44) sec
[528] Max 4251 (2522) steps (0.0007 hrs) 0.00:-8033.70 31489 (90) sec
[529] Max 4251 (1444) steps (0.0004 hrs) 0.00:-8033.70 31535 (46) sec
[530] Max 4251 (1477) steps (0.0004 hrs) 0.00:-8033.70 31581 (46) sec
[531] Max 4251 (3753) steps (0.0010 hrs) 0.00:-8033.70 31673 (92) sec
[532] Max 4251 (1164) steps (0.0003 hrs) 0.00:-8033.70 31717 (44) sec
[533] Max 4251 (888) steps (0.0002 hrs) 0.00:-8033.70 31761 (44) sec
[534] Max 4251 (1872) steps (0.0005 hrs) 0.00:-8033.70 31813 (52) sec
[535] Max 4251 (2252) steps (0.0006 hrs) 0.00:-8033.70 31881 (68) sec
[536] Max 4251 (2870) steps (0.0008 hrs) 0.00:-8033.70 31972 (91) sec
[537] Max 4251 (247) steps (0.0001 hrs) 0.00:-8033.70 32016 (44) sec
[538] Max 4251 (1993) steps (0.0006 hrs) 0.00:-8033.70 32064 (48) sec
[539] Max 4251 (2606) steps (0.0007 hrs) 0.00:-8033.70 32154 (90) sec
[540] Max 4251 (2354) steps (0.0007 hrs) 0.00:-8033.70 32200 (46) sec
[541] Max 4251 (2167) steps (0.0006 hrs) 0.00:-8033.70 32288 (88) sec
[542] Max 4251 (1092) steps (0.0003 hrs) 0.00:-8033.70 32332 (44) sec
[543] Max 4251 (1567) steps (0.0004 hrs) 0.00:-8033.70 32378 (46) sec
[544] Max 4251 (186) steps (0.0001 hrs) 0.00:-8033.70 32422 (44) sec
[545] Max 4251 (2068) steps (0.0006 hrs) 0.00:-8033.70 32510 (88) sec
[546] Max 4251 (2151) steps (0.0006 hrs) 0.00:-8033.70 32600 (90) sec
[547] Max 4251 (233) steps (0.0001 hrs) 0.00:-8033.70 32642 (42) sec
[548] Max 4251 (198) steps (0.0001 hrs) 0.00:-8033.70 32684 (42) sec
[549] Max 4251 (232) steps (0.0001 hrs) 0.00:-8033.70 32726 (42) sec
[550] Max 4251 (2557) steps (0.0007 hrs) 0.00:-8033.70 32770 (44) sec
[551] Max 4251 (249) steps (0.0001 hrs) 0.00:-8033.70 32814 (44) sec
[552] Max 4251 (2326) steps (0.0006 hrs) 0.00:-8033.70 32899 (85) sec
[553] Max 4251 (2082) steps (0.0006 hrs) 0.00:-8033.70 32988 (89) sec
[554] Max 4251 (706) steps (0.0002 hrs) 0.00:-8033.70 33032 (44) sec
[555] Max 4251 (360) steps (0.0001 hrs) 0.00:-8033.70 33076 (44) sec
[556] Max 4251 (164) steps (0.0000 hrs) 0.00:-8033.70 33119 (43) sec
[557] Max 4251 (244) steps (0.0001 hrs) 0.00:-8033.70 33161 (42) sec
[558] Max 4251 (1333) steps (0.0004 hrs) 0.00:-8033.70 33204 (43) sec
[559] Max 4251 (1117) steps (0.0003 hrs) 0.00:-8033.70 33248 (44) sec
[560] Max 4251 (2194) steps (0.0006 hrs) 0.00:-8033.70 33339 (91) sec
[561] Max 4251 (2203) steps (0.0006 hrs) 0.00:-8033.70 33429 (90) sec
[562] Max 4251 (1437) steps (0.0004 hrs) 0.00:-8033.70 33480 (51) sec
[563] Max 4251 (643) steps (0.0002 hrs) 0.00:-8033.70 33522 (42) sec
[564] Max 4251 (1386) steps (0.0004 hrs) 0.00:-8033.70 33569 (47) sec
[565] Max 4251 (2141) steps (0.0006 hrs) 0.00:-8033.70 33661 (92) sec
[566] Max 4251 (680) steps (0.0002 hrs) 0.00:-8033.70 33704 (43) sec
[567] Max 4251 (1316) steps (0.0004 hrs) 0.00:-8033.70 33749 (45) sec
[568] Max 4251 (2143) steps (0.0006 hrs) 0.00:-8033.70 33838 (89) sec
[569] Max 4251 (1319) steps (0.0004 hrs) 0.00:-8033.70 33881 (43) sec
[570] Max 4251 (2419) steps (0.0007 hrs) 0.00:-8033.70 33967 (86) sec
[571] Max 4251 (384) steps (0.0001 hrs) 0.00:-8033.70 34009 (42) sec
[572] Max 4251 (1899) steps (0.0005 hrs) 0.00:-8033.70 34100 (91) sec
[573] Max 4251 (2689) steps (0.0007 hrs) 0.00:-8033.70 34174 (74) sec
[574] Max 4251 (202) steps (0.0001 hrs) 0.00:-8033.70 34217 (43) sec
[575] Max 4251 (220) steps (0.0001 hrs) 0.00:-8033.70 34259 (42) sec
[576] Max 4251 (2325) steps (0.0006 hrs) 0.00:-8033.70 34322 (63) sec
[577] Max 4251 (2101) steps (0.0006 hrs) 0.00:-8033.70 34409 (87) sec
[578] Max 4251 (2409) steps (0.0007 hrs) 0.00:-8033.70 34493 (84) sec
[579] Max 4251 (553) steps (0.0002 hrs) 0.00:-8033.70 34537 (44) sec
[580] Max 4251 (715) steps (0.0002 hrs) 0.00:-8033.70 34581 (44) sec
[581] Max 4251 (2515) steps (0.0007 hrs) 0.00:-8033.70 34671 (90) sec
[582] Max 4251 (433) steps (0.0001 hrs) 0.00:-8033.70 34716 (45) sec
[583] Max 4251 (147) steps (0.0000 hrs) 0.00:-8033.70 34759 (43) sec
[584] Max 4251 (2257) steps (0.0006 hrs) 0.00:-8033.70 34814 (55) sec
[585] Max 4251 (2363) steps (0.0007 hrs) 0.00:-8033.70 34860 (46) sec
[586] Max 4251 (427) steps (0.0001 hrs) 0.00:-8033.70 34904 (44) sec
[587] Max 4251 (3475) steps (0.0010 hrs) 0.00:-8033.70 34978 (74) sec
[588] Max 4251 (264) steps (0.0001 hrs) 0.00:-8033.70 35020 (42) sec
[589] Max 4251 (384) steps (0.0001 hrs) 0.00:-8033.70 35062 (42) sec
[590] Max 4251 (497) steps (0.0001 hrs) 0.00:-8033.70 35104 (42) sec
[591] Max 4251 (338) steps (0.0001 hrs) 0.00:-8033.70 35146 (42) sec
[592] Max 4251 (569) steps (0.0002 hrs) 0.00:-8033.70 35190 (44) sec
[593] Max 4251 (2387) steps (0.0007 hrs) 0.00:-8033.70 35282 (92) sec
[594] Max 4251 (2213) steps (0.0006 hrs) 0.00:-8033.70 35377 (95) sec
[595] Max 4251 (2829) steps (0.0008 hrs) 0.00:-8033.70 35469 (92) sec
[596] Max 4251 (1829) steps (0.0005 hrs) 0.00:-8033.70 35514 (45) sec
[597] Max 4251 (584) steps (0.0002 hrs) 0.00:-8033.70 35559 (45) sec
[598] Max 4251 (1931) steps (0.0005 hrs) 0.00:-8033.70 35643 (84) sec
[599] Max 4251 (1762) steps (0.0005 hrs) 0.00:-8033.70 35688 (45) sec
[600] Max 4251 (262) steps (0.0001 hrs) 0.00:-8033.70 35731 (43) sec
[601] Max 4251 (2302) steps (0.0006 hrs) 0.00:-8033.70 35808 (77) sec
[602] Max 4251 (1019) steps (0.0003 hrs) 0.00:-8033.70 35851 (43) sec
[603] Max 4251 (1346) steps (0.0004 hrs) 0.00:-8033.70 35896 (45) sec
[604] Max 4251 (591) steps (0.0002 hrs) 0.00:-8033.70 35940 (44) sec
[605] Max 4251 (2383) steps (0.0007 hrs) 0.00:-8033.70 36032 (92) sec
[606] Max 4251 (1987) steps (0.0006 hrs) 0.00:-8033.70 36079 (47) sec
[607] Max 4251 (580) steps (0.0002 hrs) 0.00:-8033.70 36123 (44) sec
[608] Max 4251 (2483) steps (0.0007 hrs) 0.00:-8033.70 36215 (92) sec
[609] Max 4251 (2619) steps (0.0007 hrs) 0.00:-8033.70 36305 (90) sec
[610] Max 4251 (2516) steps (0.0007 hrs) 0.00:-8033.70 36395 (90) sec
[611] Max 4251 (2079) steps (0.0006 hrs) 0.00:-8033.70 36459 (64) sec
[612] Max 4251 (2145) steps (0.0006 hrs) 0.00:-8033.70 36540 (81) sec
[613] Max 4251 (2038) steps (0.0006 hrs) 0.00:-8033.70 36630 (90) sec
[614] Max 4251 (1994) steps (0.0006 hrs) 0.00:-8033.70 36714 (84) sec
[615] Max 4251 (2553) steps (0.0007 hrs) 0.00:-8033.70 36806 (92) sec
[616] Max 4251 (2054) steps (0.0006 hrs) 0.00:-8033.70 36869 (63) sec
[617] Max 4251 (1057) steps (0.0003 hrs) 0.00:-8033.70 36914 (45) sec
[618] Max 4251 (1239) steps (0.0003 hrs) 0.00:-8033.70 36958 (44) sec
[619] Max 4251 (1394) steps (0.0004 hrs) 0.00:-8033.70 37001 (43) sec
[620] Max 4251 (2561) steps (0.0007 hrs) 0.00:-8033.70 37091 (90) sec
[621] Max 4251 (446) steps (0.0001 hrs) 0.00:-8033.70 37134 (43) sec
[622] Max 4251 (2383) steps (0.0007 hrs) 0.00:-8033.70 37225 (91) sec
[623] Max 4251 (2143) steps (0.0006 hrs) 0.00:-8033.70 37312 (87) sec
[624] Max 4251 (212) steps (0.0001 hrs) 0.00:-8033.70 37353 (41) sec
[625] Max 4251 (2424) steps (0.0007 hrs) 0.00:-8033.70 37436 (83) sec
[626] Max 4251 (1125) steps (0.0003 hrs) 0.00:-8033.70 37480 (44) sec
[627] Max 4251 (1768) steps (0.0005 hrs) 0.00:-8033.70 37532 (52) sec
[628] Max 4251 (692) steps (0.0002 hrs) 0.00:-8033.70 37576 (44) sec
[629] Max 4251 (1873) steps (0.0005 hrs) 0.00:-8033.70 37665 (89) sec
[630] Max 4251 (1218) steps (0.0003 hrs) 0.00:-8033.70 37707 (42) sec
[631] Max 4251 (1512) steps (0.0004 hrs) 0.00:-8033.70 37750 (43) sec
[632] Max 4251 (2161) steps (0.0006 hrs) 0.00:-8033.70 37838 (88) sec
[633] Max 4251 (951) steps (0.0003 hrs) 0.00:-8033.70 37879 (41) sec
[634] Max 4251 (607) steps (0.0002 hrs) 0.00:-8033.70 37921 (42) sec
[635] Max 4251 (2223) steps (0.0006 hrs) 0.00:-8033.70 38009 (88) sec
[636] Max 4251 (1735) steps (0.0005 hrs) 0.00:-8033.70 38098 (89) sec
[637] Max 4251 (633) steps (0.0002 hrs) 0.00:-8033.70 38140 (42) sec
[638] Max 4251 (2079) steps (0.0006 hrs) 0.00:-8033.70 38229 (89) sec
[639] Max 4251 (1837) steps (0.0005 hrs) 0.00:-8033.70 38297 (68) sec
[640] Max 4251 (340) steps (0.0001 hrs) 0.00:-8033.70 38338 (41) sec
[641] Max 4251 (2163) steps (0.0006 hrs) 0.00:-8033.70 38425 (87) sec
[642] Max 4251 (155) steps (0.0000 hrs) 0.00:-8033.70 38469 (44) sec
[643] Max 4251 (592) steps (0.0002 hrs) 0.00:-8033.70 38512 (43) sec
[644] Max 4251 (1284) steps (0.0004 hrs) 0.00:-8033.70 38556 (44) sec
[645] Max 4251 (454) steps (0.0001 hrs) 0.00:-8033.70 38599 (43) sec
[646] Max 4251 (2716) steps (0.0008 hrs) 0.00:-8033.70 38653 (54) sec
[647] Max 4251 (581) steps (0.0002 hrs) 0.00:-8033.70 38696 (43) sec
[648] Max 4251 (253) steps (0.0001 hrs) 0.00:-8033.70 38739 (43) sec
[649] Max 4251 (145) steps (0.0000 hrs) 0.00:-8033.70 38783 (44) sec
[650] Max 4251 (2238) steps (0.0006 hrs) 0.00:-8033.70 38874 (91) sec
[651] Max 4251 (2006) steps (0.0006 hrs) 0.00:-8033.70 38965 (91) sec
[652] Max 4251 (1993) steps (0.0006 hrs) 0.00:-8033.70 39058 (93) sec
[653] Max 4251 (2816) steps (0.0008 hrs) 0.00:-8033.70 39103 (45) sec
[654] Max 4251 (239) steps (0.0001 hrs) 0.00:-8033.70 39146 (43) sec
[655] Max 4251 (2970) steps (0.0008 hrs) 0.00:-8033.70 39235 (89) sec
[656] Max 4251 (249) steps (0.0001 hrs) 0.00:-8033.70 39278 (43) sec
[657] Max 4251 (1512) steps (0.0004 hrs) 0.00:-8033.70 39330 (52) sec
[658] Max 4251 (1676) steps (0.0005 hrs) 0.00:-8033.70 39389 (59) sec
[659] Max 4251 (1188) steps (0.0003 hrs) 0.00:-8033.70 39433 (44) sec
[660] Max 4251 (2681) steps (0.0007 hrs) 0.00:-8033.70 39523 (90) sec
[661] Max 4251 (2557) steps (0.0007 hrs) 0.00:-8033.70 39615 (92) sec
[662] Max 4251 (1018) steps (0.0003 hrs) 0.00:-8033.70 39659 (44) sec
[663] Max 4251 (1478) steps (0.0004 hrs) 0.00:-8033.70 39703 (44) sec
[664] Max 4251 (1753) steps (0.0005 hrs) 0.00:-8033.70 39760 (57) sec
[665] Max 4251 (235) steps (0.0001 hrs) 0.00:-8033.70 39804 (44) sec
[666] Max 4251 (639) steps (0.0002 hrs) 0.00:-8033.70 39848 (44) sec
[667] Max 4251 (2829) steps (0.0008 hrs) 0.00:-8033.70 39938 (90) sec
[668] Max 4251 (387) steps (0.0001 hrs) 0.00:-8033.70 39982 (44) sec
[669] Max 4251 (841) steps (0.0002 hrs) 0.00:-8033.70 40025 (43) sec
[670] Max 4251 (2255) steps (0.0006 hrs) 0.00:-8033.70 40114 (89) sec
[671] Max 4251 (427) steps (0.0001 hrs) 0.00:-8033.70 40156 (42) sec
[672] Max 4251 (673) steps (0.0002 hrs) 0.00:-8033.70 40198 (42) sec
[673] Max 4251 (2988) steps (0.0008 hrs) 0.00:-8033.70 40290 (92) sec
[674] Max 4251 (2240) steps (0.0006 hrs) 0.00:-8033.70 40378 (88) sec
[675] Max 4251 (2108) steps (0.0006 hrs) 0.00:-8033.70 40463 (85) sec
[676] Max 4251 (2126) steps (0.0006 hrs) 0.00:-8033.70 40547 (84) sec
[677] Max 4251 (2144) steps (0.0006 hrs) 0.00:-8033.70 40603 (56) sec
[678] Max 4251 (2238) steps (0.0006 hrs) 0.00:-8033.70 40689 (86) sec
[679] Max 4251 (2993) steps (0.0008 hrs) 0.00:-8033.70 40779 (90) sec
[680] Max 4251 (814) steps (0.0002 hrs) 0.00:-8033.70 40820 (41) sec
[681] Max 4251 (2215) steps (0.0006 hrs) 0.00:-8033.70 40895 (75) sec
[682] Max 4251 (519) steps (0.0001 hrs) 0.00:-8033.70 40939 (44) sec
[683] Max 4251 (1963) steps (0.0005 hrs) 0.00:-8033.70 41028 (89) sec
[684] Max 4251 (1397) steps (0.0004 hrs) 0.00:-8033.70 41074 (46) sec
[685] Max 4251 (2789) steps (0.0008 hrs) 0.00:-8033.70 41164 (90) sec
[686] Max 4251 (808) steps (0.0002 hrs) 0.00:-8033.70 41208 (44) sec
[687] Max 4251 (2052) steps (0.0006 hrs) 0.00:-8033.70 41298 (90) sec
[688] Max 4251 (2127) steps (0.0006 hrs) 0.00:-8033.70 41389 (91) sec
[689] Max 4251 (4140) steps (0.0012 hrs) 0.00:-8033.70 41444 (55) sec
[690] Max 4251 (2823) steps (0.0008 hrs) 0.00:-8033.70 41536 (92) sec
[691] Max 4251 (176) steps (0.0000 hrs) 0.00:-8033.70 41572 (36) sec
[692] Max 4251 (2191) steps (0.0006 hrs) 0.00:-8033.70 41649 (77) sec
[693] Max 4251 (2168) steps (0.0006 hrs) 0.00:-8033.70 41722 (73) sec
[694] Max 4251 (408) steps (0.0001 hrs) 0.00:-8033.70 41759 (37) sec
[695] Max 4251 (2246) steps (0.0006 hrs) 0.00:-8033.70 41803 (44) sec
[696] Max 4251 (541) steps (0.0002 hrs) 0.00:-8033.70 41847 (44) sec
[697] Max 4251 (1796) steps (0.0005 hrs) 0.00:-8033.70 41938 (91) sec
[698] Max 4251 (1736) steps (0.0005 hrs) 0.00:-8033.70 41986 (48) sec
[699] Max 4251 (2012) steps (0.0006 hrs) 0.00:-8033.70 42037 (51) sec
[700] Max 4251 (515) steps (0.0001 hrs) 0.00:-8033.70 42080 (43) sec
[701] Max 4251 (1209) steps (0.0003 hrs) 0.00:-8033.70 42125 (45) sec
[702] Max 4251 (826) steps (0.0002 hrs) 0.00:-8033.70 42166 (41) sec
[703] Max 4251 (2194) steps (0.0006 hrs) 0.00:-8033.70 42253 (87) sec
[704] Max 4251 (2145) steps (0.0006 hrs) 0.00:-8033.70 42341 (88) sec
[705] Max 4251 (1922) steps (0.0005 hrs) 0.00:-8033.70 42384 (43) sec
[706] Max 4251 (2196) steps (0.0006 hrs) 0.00:-8033.70 42471 (87) sec
[707] Max 4251 (360) steps (0.0001 hrs) 0.00:-8033.70 42514 (43) sec
[708] Max 4251 (1376) steps (0.0004 hrs) 0.00:-8033.70 42557 (43) sec
[709] Max 4251 (188) steps (0.0001 hrs) 0.00:-8033.70 42602 (45) sec
[710] Max 4251 (1873) steps (0.0005 hrs) 0.00:-8033.70 42648 (46) sec
[711] Max 4251 (1189) steps (0.0003 hrs) 0.00:-8033.70 42691 (43) sec
[712] Max 4251 (2127) steps (0.0006 hrs) 0.00:-8033.70 42773 (82) sec
[713] Max 4251 (1326) steps (0.0004 hrs) 0.00:-8033.70 42817 (44) sec
[714] Max 4251 (147) steps (0.0000 hrs) 0.00:-8033.70 42860 (43) sec
[715] Max 4251 (377) steps (0.0001 hrs) 0.00:-8033.70 42903 (43) sec
[716] Max 4251 (2288) steps (0.0006 hrs) 0.00:-8033.70 42994 (91) sec
[717] Max 4251 (2405) steps (0.0007 hrs) 0.00:-8033.70 43084 (90) sec
[718] Max 4251 (2122) steps (0.0006 hrs) 0.00:-8033.70 43172 (88) sec
[719] Max 4251 (909) steps (0.0003 hrs) 0.00:-8033.70 43214 (42) sec
[720] Max 4251 (2670) steps (0.0007 hrs) 0.00:-8033.70 43298 (84) sec
[721] Max 4251 (605) steps (0.0002 hrs) 0.00:-8033.70 43345 (47) sec
[722] Max 4251 (2125) steps (0.0006 hrs) 0.00:-8033.70 43435 (90) sec
[723] Max 4251 (2626) steps (0.0007 hrs) 0.00:-8033.70 43486 (51) sec
[724] Max 4251 (2342) steps (0.0007 hrs) 0.00:-8033.70 43569 (83) sec
[725] Max 4251 (1928) steps (0.0005 hrs) 0.00:-8033.70 43628 (59) sec
[726] Max 4251 (1734) steps (0.0005 hrs) 0.00:-8033.70 43679 (51) sec
[727] Max 4251 (462) steps (0.0001 hrs) 0.00:-8033.70 43721 (42) sec
[728] Max 4251 (2430) steps (0.0007 hrs) 0.00:-8033.70 43804 (83) sec
[729] Max 4251 (360) steps (0.0001 hrs) 0.00:-8033.70 43848 (44) sec
[730] Max 4251 (2111) steps (0.0006 hrs) 0.00:-8033.70 43931 (83) sec
[731] Max 4251 (1874) steps (0.0005 hrs) 0.00:-8033.70 44019 (88) sec
[732] Max 4251 (146) steps (0.0000 hrs) 0.00:-8033.70 44061 (42) sec
[733] Max 4251 (2252) steps (0.0006 hrs) 0.00:-8033.70 44105 (44) sec
[734] Max 4251 (1480) steps (0.0004 hrs) 0.00:-8033.70 44147 (42) sec
[735] Max 4251 (151) steps (0.0000 hrs) 0.00:-8033.70 44190 (43) sec
[736] Max 4251 (2368) steps (0.0007 hrs) 0.00:-8033.70 44276 (86) sec
[737] Max 4251 (1463) steps (0.0004 hrs) 0.00:-8033.70 44320 (44) sec
[738] Max 4251 (1801) steps (0.0005 hrs) 0.00:-8033.70 44368 (48) sec
[739] Max 4251 (1932) steps (0.0005 hrs) 0.00:-8033.70 44415 (47) sec
[740] Max 4251 (2874) steps (0.0008 hrs) 0.00:-8033.70 44505 (90) sec
[741] Max 4251 (150) steps (0.0000 hrs) 0.00:-8033.70 44549 (44) sec
[742] Max 4251 (246) steps (0.0001 hrs) 0.00:-8033.70 44592 (43) sec
[743] Max 4251 (1512) steps (0.0004 hrs) 0.00:-8033.70 44637 (45) sec
[744] Max 4251 (260) steps (0.0001 hrs) 0.00:-8033.70 44679 (42) sec
[745] Max 4251 (2211) steps (0.0006 hrs) 0.00:-8033.70 44770 (91) sec
[746] Max 4251 (174) steps (0.0000 hrs) 0.00:-8033.70 44813 (43) sec
[747] Max 4251 (185) steps (0.0001 hrs) 0.00:-8033.70 44856 (43) sec
[748] Max 4251 (2022) steps (0.0006 hrs) 0.00:-8033.70 44939 (83) sec
[749] Max 4251 (1902) steps (0.0005 hrs) 0.00:-8033.70 45028 (89) sec
[750] Max 4251 (2274) steps (0.0006 hrs) 0.00:-8033.70 45120 (92) sec
[751] Max 4251 (2515) steps (0.0007 hrs) 0.00:-8033.70 45211 (91) sec
[752] Max 4251 (310) steps (0.0001 hrs) 0.00:-8033.70 45257 (46) sec
[753] Max 4251 (2448) steps (0.0007 hrs) 0.00:-8033.70 45344 (87) sec
[754] Max 4251 (2402) steps (0.0007 hrs) 0.00:-8033.70 45435 (91) sec
[755] Max 4251 (1620) steps (0.0005 hrs) 0.00:-8033.70 45491 (56) sec
[756] Max 4251 (1785) steps (0.0005 hrs) 0.00:-8033.70 45560 (69) sec
[757] Max 4251 (1876) steps (0.0005 hrs) 0.00:-8033.70 45621 (61) sec
[758] Max 4251 (1667) steps (0.0005 hrs) 0.00:-8033.70 45670 (49) sec
[759] Max 4251 (2010) steps (0.0006 hrs) 0.00:-8033.70 45717 (47) sec
[760] Max 4251 (2285) steps (0.0006 hrs) 0.00:-8033.70 45805 (88) sec
[761] Max 4251 (362) steps (0.0001 hrs) 0.00:-8033.70 45848 (43) sec
[762] Max 4251 (2315) steps (0.0006 hrs) 0.00:-8033.70 45937 (89) sec
[763] Max 4251 (260) steps (0.0001 hrs) 0.00:-8033.70 45979 (42) sec
[764] Max 4251 (785) steps (0.0002 hrs) 0.00:-8033.70 46021 (42) sec
[765] Max 4251 (1069) steps (0.0003 hrs) 0.00:-8033.70 46064 (43) sec
[766] Max 4251 (425) steps (0.0001 hrs) 0.00:-8033.70 46107 (43) sec
[767] Max 4251 (1982) steps (0.0006 hrs) 0.00:-8033.70 46198 (91) sec
[768] Max 4251 (2208) steps (0.0006 hrs) 0.00:-8033.70 46278 (80) sec
[769] Max 4251 (507) steps (0.0001 hrs) 0.00:-8033.70 46322 (44) sec
[770] Max 4251 (2453) steps (0.0007 hrs) 0.00:-8033.70 46405 (83) sec
[771] Max 4251 (491) steps (0.0001 hrs) 0.00:-8033.70 46449 (44) sec
[772] Max 5580 (5580) steps (0.0016 hrs) 0.00:-8033.70 46495 (46) sec
[773] Max 5580 (145) steps (0.0000 hrs) 0.00:-8033.70 46539 (44) sec
[774] Max 5580 (2429) steps (0.0007 hrs) 0.00:-8033.70 46615 (76) sec
[775] Max 5580 (2918) steps (0.0008 hrs) 0.00:-8033.70 46703 (88) sec
[776] Max 5580 (1158) steps (0.0003 hrs) 0.00:-8033.70 46749 (46) sec
[777] Max 5580 (914) steps (0.0003 hrs) 0.00:-8033.70 46792 (43) sec
[778] Max 5580 (1996) steps (0.0006 hrs) 0.00:-8033.70 46863 (71) sec
[779] Max 5580 (2223) steps (0.0006 hrs) 0.00:-8033.70 46954 (91) sec
[780] Max 5580 (238) steps (0.0001 hrs) 0.00:-8033.70 46997 (43) sec
[781] Max 5580 (956) steps (0.0003 hrs) 0.00:-8033.70 47040 (43) sec
[782] Max 5580 (2129) steps (0.0006 hrs) 0.00:-8033.70 47100 (60) sec
[783] Max 5580 (2282) steps (0.0006 hrs) 0.00:-8033.70 47187 (87) sec
[784] Max 5580 (1223) steps (0.0003 hrs) 0.00:-8033.70 47230 (43) sec
[785] Max 5580 (1317) steps (0.0004 hrs) 0.00:-8033.70 47277 (47) sec
[786] Max 5580 (1897) steps (0.0005 hrs) 0.00:-8033.70 47335 (58) sec
[787] Max 5580 (2275) steps (0.0006 hrs) 0.00:-8033.70 47419 (84) sec
[788] Max 5580 (224) steps (0.0001 hrs) 0.00:-8033.70 47461 (42) sec
[789] Max 5580 (185) steps (0.0001 hrs) 0.00:-8033.70 47503 (42) sec
[790] Max 5580 (361) steps (0.0001 hrs) 0.00:-8033.70 47547 (44) sec
[791] Max 5580 (2477) steps (0.0007 hrs) 0.00:-8033.70 47637 (90) sec
[792] Max 5580 (1786) steps (0.0005 hrs) 0.00:-8033.70 47726 (89) sec
[793] Max 5580 (2089) steps (0.0006 hrs) 0.00:-8033.70 47795 (69) sec
[794] Max 5580 (864) steps (0.0002 hrs) 0.00:-8033.70 47837 (42) sec
[795] Max 5580 (3061) steps (0.0009 hrs) 0.00:-8033.70 47926 (89) sec
[796] Max 5580 (337) steps (0.0001 hrs) 0.00:-8033.70 47968 (42) sec
[797] Max 5580 (2087) steps (0.0006 hrs) 0.00:-8033.70 48036 (68) sec
[798] Max 5580 (2674) steps (0.0007 hrs) 0.00:-8033.70 48124 (88) sec
[799] Max 5580 (316) steps (0.0001 hrs) 0.00:-8033.70 48168 (44) sec
[800] Max 5580 (2328) steps (0.0006 hrs) 0.00:-8033.70 48252 (84) sec
[801] Max 5580 (2648) steps (0.0007 hrs) 0.00:-8033.70 48343 (91) sec
[802] Max 5580 (2299) steps (0.0006 hrs) 0.00:-8033.70 48433 (90) sec
[803] Max 5580 (1535) steps (0.0004 hrs) 0.00:-8033.70 48478 (45) sec
[804] Max 5580 (251) steps (0.0001 hrs) 0.00:-8033.70 48522 (44) sec
[805] Max 5580 (186) steps (0.0001 hrs) 0.00:-8033.70 48563 (41) sec
[806] Max 5580 (475) steps (0.0001 hrs) 0.00:-8033.70 48606 (43) sec
[807] Max 5580 (2185) steps (0.0006 hrs) 0.00:-8033.70 48696 (90) sec
[808] Max 5580 (157) steps (0.0000 hrs) 0.00:-8033.70 48739 (43) sec
[809] Max 5580 (446) steps (0.0001 hrs) 0.00:-8033.70 48782 (43) sec
[810] Max 5580 (2597) steps (0.0007 hrs) 0.00:-8033.70 48874 (92) sec
[811] Max 5580 (2677) steps (0.0007 hrs) 0.00:-8033.70 48964 (90) sec
[812] Max 5580 (264) steps (0.0001 hrs) 0.00:-8033.70 49005 (41) sec
[813] Max 5580 (2429) steps (0.0007 hrs) 0.00:-8033.70 49052 (47) sec
[814] Max 5580 (2008) steps (0.0006 hrs) 0.00:-8033.70 49134 (82) sec
[815] Max 5580 (1263) steps (0.0004 hrs) 0.00:-8033.70 49177 (43) sec
[816] Max 5580 (442) steps (0.0001 hrs) 0.00:-8033.70 49219 (42) sec
[817] Max 5580 (2008) steps (0.0006 hrs) 0.00:-8033.70 49265 (46) sec
[818] Max 5580 (2466) steps (0.0007 hrs) 0.00:-8033.70 49353 (88) sec
[819] Max 5580 (315) steps (0.0001 hrs) 0.00:-8033.70 49396 (43) sec
[820] Max 5580 (2391) steps (0.0007 hrs) 0.00:-8033.70 49488 (92) sec
[821] Max 5580 (2630) steps (0.0007 hrs) 0.00:-8033.70 49578 (90) sec
[822] Max 5580 (1179) steps (0.0003 hrs) 0.00:-8033.70 49622 (44) sec
[823] Max 5580 (1247) steps (0.0003 hrs) 0.00:-8033.70 49666 (44) sec
[824] Max 5580 (1202) steps (0.0003 hrs) 0.00:-8033.70 49711 (45) sec
[825] Max 5580 (2428) steps (0.0007 hrs) 0.00:-8033.70 49773 (62) sec
[826] Max 5580 (408) steps (0.0001 hrs) 0.00:-8033.70 49820 (47) sec
[827] Max 5580 (449) steps (0.0001 hrs) 0.00:-8033.70 49863 (43) sec
[828] Max 5580 (264) steps (0.0001 hrs) 0.00:-8033.70 49906 (43) sec
[829] Max 5580 (1157) steps (0.0003 hrs) 0.00:-8033.70 49950 (44) sec
[830] Max 5580 (2337) steps (0.0006 hrs) 0.00:-8033.70 50040 (90) sec
[831] Max 5580 (2167) steps (0.0006 hrs) 0.00:-8033.70 50128 (88) sec
[832] Max 5580 (1237) steps (0.0003 hrs) 0.00:-8033.70 50171 (43) sec
[833] Max 5580 (267) steps (0.0001 hrs) 0.00:-8033.70 50215 (44) sec
[834] Max 5580 (2206) steps (0.0006 hrs) 0.00:-8033.70 50305 (90) sec
[835] Max 5580 (185) steps (0.0001 hrs) 0.00:-8033.70 50348 (43) sec
[836] Max 5580 (1874) steps (0.0005 hrs) 0.00:-8033.70 50401 (53) sec
[837] Max 5580 (2287) steps (0.0006 hrs) 0.00:-8033.70 50491 (90) sec
[838] Max 5580 (769) steps (0.0002 hrs) 0.00:-8033.70 50534 (43) sec
[839] Max 5580 (149) steps (0.0000 hrs) 0.00:-8033.70 50578 (44) sec
[840] Max 5580 (146) steps (0.0000 hrs) 0.00:-8033.70 50621 (43) sec
[841] Max 5580 (435) steps (0.0001 hrs) 0.00:-8033.70 50665 (44) sec
[842] Max 5580 (909) steps (0.0003 hrs) 0.00:-8033.70 50709 (44) sec
[843] Max 5580 (341) steps (0.0001 hrs) 0.00:-8033.70 50752 (43) sec
[844] Max 5580 (1248) steps (0.0003 hrs) 0.00:-8033.70 50796 (44) sec
[845] Max 5580 (2272) steps (0.0006 hrs) 0.00:-8033.70 50889 (93) sec
[846] Max 5580 (1956) steps (0.0005 hrs) 0.00:-8033.70 50941 (52) sec
[847] Max 5580 (3567) steps (0.0010 hrs) 0.00:-8033.70 51031 (90) sec
[848] Max 5580 (1917) steps (0.0005 hrs) 0.00:-8033.70 51120 (89) sec
[849] Max 5580 (220) steps (0.0001 hrs) 0.00:-8033.70 51162 (42) sec
[850] Max 5580 (434) steps (0.0001 hrs) 0.00:-8033.70 51206 (44) sec
[851] Max 5580 (1531) steps (0.0004 hrs) 0.00:-8033.70 51254 (48) sec
[852] Max 5580 (365) steps (0.0001 hrs) 0.00:-8033.70 51298 (44) sec
[853] Max 5580 (2154) steps (0.0006 hrs) 0.00:-8033.70 51385 (87) sec
[854] Max 5580 (2129) steps (0.0006 hrs) 0.00:-8033.70 51452 (67) sec
[855] Max 5580 (1383) steps (0.0004 hrs) 0.00:-8033.70 51496 (44) sec
[856] Max 5580 (895) steps (0.0002 hrs) 0.00:-8033.70 51540 (44) sec
[857] Max 5580 (352) steps (0.0001 hrs) 0.00:-8033.70 51584 (44) sec
[858] Max 5580 (1767) steps (0.0005 hrs) 0.00:-8033.70 51634 (50) sec
[859] Max 5580 (1130) steps (0.0003 hrs) 0.00:-8033.70 51678 (44) sec
[860] Max 5580 (2254) steps (0.0006 hrs) 0.00:-8033.70 51769 (91) sec
[861] Max 5580 (575) steps (0.0002 hrs) 0.00:-8033.70 51812 (43) sec
[862] Max 5580 (1852) steps (0.0005 hrs) 0.00:-8033.70 51860 (48) sec
[863] Max 5580 (2239) steps (0.0006 hrs) 0.00:-8033.70 51950 (90) sec
[864] Max 5580 (409) steps (0.0001 hrs) 0.00:-8033.70 51994 (44) sec
[865] Max 5580 (1451) steps (0.0004 hrs) 0.00:-8033.70 52039 (45) sec
[866] Max 5580 (501) steps (0.0001 hrs) 0.00:-8033.70 52081 (42) sec
[867] Max 5580 (233) steps (0.0001 hrs) 0.00:-8033.70 52123 (42) sec
[868] Max 5580 (2122) steps (0.0006 hrs) 0.00:-8033.70 52213 (90) sec
[869] Max 5580 (823) steps (0.0002 hrs) 0.00:-8033.70 52257 (44) sec
[870] Max 5580 (404) steps (0.0001 hrs) 0.00:-8033.70 52300 (43) sec
[871] Max 5580 (160) steps (0.0000 hrs) 0.00:-8033.70 52342 (42) sec
[872] Max 5580 (2195) steps (0.0006 hrs) 0.00:-8033.70 52422 (80) sec
[873] Max 5580 (1941) steps (0.0005 hrs) 0.00:-8033.70 52512 (90) sec
[874] Max 5580 (761) steps (0.0002 hrs) 0.00:-8033.70 52555 (43) sec
[875] Max 5580 (305) steps (0.0001 hrs) 0.00:-8033.70 52599 (44) sec
[876] Max 5580 (1674) steps (0.0005 hrs) 0.00:-8033.70 52645 (46) sec
[877] Max 5580 (1894) steps (0.0005 hrs) 0.00:-8033.70 52691 (46) sec
[878] Max 5580 (739) steps (0.0002 hrs) 0.00:-8033.70 52734 (43) sec
[879] Max 5580 (555) steps (0.0002 hrs) 0.00:-8033.70 52777 (43) sec
[880] Max 5580 (1254) steps (0.0003 hrs) 0.00:-8033.70 52823 (46) sec
[881] Max 5580 (2059) steps (0.0006 hrs) 0.00:-8033.70 52915 (92) sec
[882] Max 5580 (2200) steps (0.0006 hrs) 0.00:-8033.70 53005 (90) sec
[883] Max 5580 (2102) steps (0.0006 hrs) 0.00:-8033.70 53093 (88) sec
[884] Max 5580 (1967) steps (0.0005 hrs) 0.00:-8033.70 53182 (89) sec
[885] Max 5580 (669) steps (0.0002 hrs) 0.00:-8033.70 53226 (44) sec
[886] Max 5580 (1397) steps (0.0004 hrs) 0.00:-8033.70 53278 (52) sec
[887] Max 5580 (1963) steps (0.0005 hrs) 0.00:-8033.70 53367 (89) sec
[888] Max 5580 (974) steps (0.0003 hrs) 0.00:-8033.70 53412 (45) sec
[889] Max 5580 (498) steps (0.0001 hrs) 0.00:-8033.70 53456 (44) sec
[890] Max 5580 (2103) steps (0.0006 hrs) 0.00:-8033.70 53532 (76) sec
[891] Max 5580 (409) steps (0.0001 hrs) 0.00:-8033.70 53575 (43) sec
[892] Max 5580 (2135) steps (0.0006 hrs) 0.00:-8033.70 53666 (91) sec
[893] Max 5580 (2277) steps (0.0006 hrs) 0.00:-8033.70 53754 (88) sec
[894] Max 5580 (1991) steps (0.0006 hrs) 0.00:-8033.70 53843 (89) sec
[895] Max 5580 (431) steps (0.0001 hrs) 0.00:-8033.70 53884 (41) sec
[896] Max 5580 (1332) steps (0.0004 hrs) 0.00:-8033.70 53926 (42) sec
[897] Max 5580 (514) steps (0.0001 hrs) 0.00:-8033.70 53968 (42) sec
[898] Max 5580 (1843) steps (0.0005 hrs) 0.00:-8033.70 54038 (70) sec
[899] Max 5580 (2965) steps (0.0008 hrs) 0.00:-8033.70 54127 (89) sec
[900] Max 5580 (2024) steps (0.0006 hrs) 0.00:-8033.70 54186 (59) sec
[901] Max 5580 (147) steps (0.0000 hrs) 0.00:-8033.70 54227 (41) sec
[902] Max 5580 (723) steps (0.0002 hrs) 0.00:-8033.70 54269 (42) sec
[903] Max 5580 (2869) steps (0.0008 hrs) 0.00:-8033.70 54358 (89) sec
[904] Max 5580 (1033) steps (0.0003 hrs) 0.00:-8033.70 54401 (43) sec
[905] Max 5580 (173) steps (0.0000 hrs) 0.00:-8033.70 54444 (43) sec
[906] Max 5580 (2087) steps (0.0006 hrs) 0.00:-8033.70 54508 (64) sec
[907] Max 5580 (1912) steps (0.0005 hrs) 0.00:-8033.70 54551 (43) sec
[908] Max 5580 (1563) steps (0.0004 hrs) 0.00:-8033.70 54604 (53) sec
[909] Max 5580 (2890) steps (0.0008 hrs) 0.00:-8033.70 54692 (88) sec
[910] Max 5580 (2706) steps (0.0008 hrs) 0.00:-8033.70 54781 (89) sec
[911] Max 5580 (350) steps (0.0001 hrs) 0.00:-8033.70 54824 (43) sec
[912] Max 5580 (2421) steps (0.0007 hrs) 0.00:-8033.70 54881 (57) sec
[913] Max 5580 (145) steps (0.0000 hrs) 0.00:-8033.70 54923 (42) sec
[914] Max 5580 (947) steps (0.0003 hrs) 0.00:-8033.70 54965 (42) sec
[915] Max 5580 (578) steps (0.0002 hrs) 0.00:-8033.70 55006 (41) sec
[916] Max 5580 (2321) steps (0.0006 hrs) 0.00:-8033.70 55091 (85) sec
[917] Max 5580 (2210) steps (0.0006 hrs) 0.00:-8033.70 55175 (84) sec
[918] Max 5580 (2138) steps (0.0006 hrs) 0.00:-8033.70 55265 (90) sec
[919] Max 5580 (516) steps (0.0001 hrs) 0.00:-8033.70 55308 (43) sec
[920] Max 5580 (2518) steps (0.0007 hrs) 0.00:-8033.70 55399 (91) sec
[921] Max 5580 (220) steps (0.0001 hrs) 0.00:-8033.70 55442 (43) sec
[922] Max 5580 (2227) steps (0.0006 hrs) 0.00:-8033.70 55532 (90) sec
[923] Max 5580 (882) steps (0.0002 hrs) 0.00:-8033.70 55573 (41) sec
[924] Max 5580 (378) steps (0.0001 hrs) 0.00:-8033.70 55616 (43) sec
[925] Max 5580 (2236) steps (0.0006 hrs) 0.00:-8033.70 55706 (90) sec
[926] Max 5580 (2125) steps (0.0006 hrs) 0.00:-8033.70 55784 (78) sec
[927] Max 5580 (511) steps (0.0001 hrs) 0.00:-8033.70 55826 (42) sec
[928] Max 5580 (2165) steps (0.0006 hrs) 0.00:-8033.70 55916 (90) sec
[929] Max 5580 (1907) steps (0.0005 hrs) 0.00:-8033.70 55960 (44) sec
[930] Max 5580 (1890) steps (0.0005 hrs) 0.00:-8033.70 56040 (80) sec
[931] Max 5580 (2850) steps (0.0008 hrs) 0.00:-8033.70 56132 (92) sec
[932] Max 5580 (634) steps (0.0002 hrs) 0.00:-8033.70 56175 (43) sec
[933] Max 5580 (1550) steps (0.0004 hrs) 0.00:-8033.70 56216 (41) sec
[934] Max 5580 (2361) steps (0.0007 hrs) 0.00:-8033.70 56259 (43) sec
[935] Max 5580 (3121) steps (0.0009 hrs) 0.00:-8033.70 56349 (90) sec
[936] Max 5580 (2707) steps (0.0008 hrs) 0.00:-8033.70 56438 (89) sec
[937] Max 5580 (2013) steps (0.0006 hrs) 0.00:-8033.70 56526 (88) sec
[938] Max 5580 (2440) steps (0.0007 hrs) 0.00:-8033.70 56614 (88) sec
[939] Max 5580 (612) steps (0.0002 hrs) 0.00:-8033.70 56657 (43) sec
[940] Max 5580 (277) steps (0.0001 hrs) 0.00:-8033.70 56700 (43) sec
[941] Max 5580 (279) steps (0.0001 hrs) 0.00:-8033.70 56743 (43) sec
[942] Max 5580 (184) steps (0.0001 hrs) 0.00:-8033.70 56785 (42) sec
[943] Max 5580 (2360) steps (0.0007 hrs) 0.00:-8033.70 56872 (87) sec
[944] Max 5580 (764) steps (0.0002 hrs) 0.00:-8033.70 56913 (41) sec
[945] Max 5580 (867) steps (0.0002 hrs) 0.00:-8033.70 56954 (41) sec
[946] Max 5580 (2025) steps (0.0006 hrs) 0.00:-8033.70 57039 (85) sec
[947] Max 5580 (257) steps (0.0001 hrs) 0.00:-8033.70 57080 (41) sec
[948] Max 5580 (424) steps (0.0001 hrs) 0.00:-8033.70 57120 (40) sec
[949] Max 5580 (2104) steps (0.0006 hrs) 0.00:-8033.70 57211 (91) sec
[950] Max 5580 (1187) steps (0.0003 hrs) 0.00:-8033.70 57253 (42) sec
[951] Max 5580 (218) steps (0.0001 hrs) 0.00:-8033.70 57294 (41) sec
[952] Max 5580 (2173) steps (0.0006 hrs) 0.00:-8033.70 57350 (56) sec
[953] Max 5580 (1784) steps (0.0005 hrs) 0.00:-8033.70 57438 (88) sec
[954] Max 5580 (1377) steps (0.0004 hrs) 0.00:-8033.70 57483 (45) sec
[955] Max 5580 (1987) steps (0.0006 hrs) 0.00:-8033.70 57573 (90) sec
[956] Max 5580 (425) steps (0.0001 hrs) 0.00:-8033.70 57614 (41) sec
[957] Max 5580 (2358) steps (0.0007 hrs) 0.00:-8033.70 57702 (88) sec
[958] Max 5580 (1040) steps (0.0003 hrs) 0.00:-8033.70 57745 (43) sec
[959] Max 5580 (1920) steps (0.0005 hrs) 0.00:-8033.70 57798 (53) sec
[960] Max 5580 (1075) steps (0.0003 hrs) 0.00:-8033.70 57841 (43) sec
[961] Max 5580 (409) steps (0.0001 hrs) 0.00:-8033.70 57884 (43) sec
[962] Max 5580 (889) steps (0.0002 hrs) 0.00:-8033.70 57926 (42) sec
[963] Max 5580 (2024) steps (0.0006 hrs) 0.00:-8033.70 58013 (87) sec
[964] Max 5580 (176) steps (0.0000 hrs) 0.00:-8033.70 58057 (44) sec
[965] Max 5580 (2539) steps (0.0007 hrs) 0.00:-8033.70 58146 (89) sec
[966] Max 5580 (1835) steps (0.0005 hrs) 0.00:-8033.70 58235 (89) sec
[967] Max 5580 (581) steps (0.0002 hrs) 0.00:-8033.70 58277 (42) sec
[968] Max 5580 (286) steps (0.0001 hrs) 0.00:-8033.70 58319 (42) sec
[969] Max 5580 (2284) steps (0.0006 hrs) 0.00:-8033.70 58408 (89) sec
[970] Max 5580 (2168) steps (0.0006 hrs) 0.00:-8033.70 58497 (89) sec
[971] Max 5580 (2495) steps (0.0007 hrs) 0.00:-8033.70 58582 (85) sec
[972] Max 5580 (2401) steps (0.0007 hrs) 0.00:-8033.70 58670 (88) sec
[973] Max 5580 (719) steps (0.0002 hrs) 0.00:-8033.70 58712 (42) sec
[974] Max 5580 (1710) steps (0.0005 hrs) 0.00:-8033.70 58755 (43) sec
[975] Max 5580 (316) steps (0.0001 hrs) 0.00:-8033.70 58794 (39) sec
[976] Max 5580 (2269) steps (0.0006 hrs) 0.00:-8033.70 58882 (88) sec
[977] Max 5580 (2252) steps (0.0006 hrs) 0.00:-8033.70 58968 (86) sec
[978] Max 5580 (1588) steps (0.0004 hrs) 0.00:-8033.70 59013 (45) sec
[979] Max 5580 (2030) steps (0.0006 hrs) 0.00:-8033.70 59100 (87) sec
[980] Max 5580 (237) steps (0.0001 hrs) 0.00:-8033.70 59142 (42) sec
[981] Max 5580 (2153) steps (0.0006 hrs) 0.00:-8033.70 59222 (80) sec
[982] Max 5580 (2440) steps (0.0007 hrs) 0.00:-8033.70 59312 (90) sec
[983] Max 5580 (2145) steps (0.0006 hrs) 0.00:-8033.70 59385 (73) sec
[984] Max 5580 (2214) steps (0.0006 hrs) 0.00:-8033.70 59476 (91) sec
[985] Max 5580 (1219) steps (0.0003 hrs) 0.00:-8033.70 59519 (43) sec
[986] Max 5580 (1004) steps (0.0003 hrs) 0.00:-8033.70 59561 (42) sec
[987] Max 5580 (1238) steps (0.0003 hrs) 0.00:-8033.70 59605 (44) sec
[988] Max 5580 (1572) steps (0.0004 hrs) 0.00:-8033.70 59659 (54) sec
[989] Max 5580 (2362) steps (0.0007 hrs) 0.00:-8033.70 59750 (91) sec
[990] Max 5580 (1471) steps (0.0004 hrs) 0.00:-8033.70 59795 (45) sec
[991] Max 5580 (593) steps (0.0002 hrs) 0.00:-8033.70 59838 (43) sec
[992] Max 5580 (2411) steps (0.0007 hrs) 0.00:-8033.70 59926 (88) sec
[993] Max 5580 (1697) steps (0.0005 hrs) 0.00:-8033.70 59991 (65) sec
[994] Max 5580 (822) steps (0.0002 hrs) 0.00:-8033.70 60033 (42) sec
[995] Max 5580 (2272) steps (0.0006 hrs) 0.00:-8033.70 60080 (47) sec
[996] Max 5580 (2219) steps (0.0006 hrs) 0.00:-8033.70 60170 (90) sec
[997] Max 5580 (868) steps (0.0002 hrs) 0.00:-8033.70 60212 (42) sec
[998] Max 5580 (408) steps (0.0001 hrs) 0.00:-8033.70 60255 (43) sec
[999] Max 5580 (1867) steps (0.0005 hrs) 0.00:-8033.70 60304 (49) sec
[1000] Max 5580 (1024) steps (0.0003 hrs) 0.00:-8033.70 60348 (44) sec
Total Elapsed time: 60348 seconds
Wrote current data to latest.train
