balanced 0 test_flag 0
[1] Ep10000: Max 1323 (1323) steps (0.0004 hrs) 0.00:-8042.89 23 (23) sec
[2] Ep10000: Max 1323 (903) steps (0.0003 hrs) 0.00:-8042.40 46 (23) sec
[3] Ep10000: Max 1323 (891) steps (0.0002 hrs) 0.00:-8042.40 69 (23) sec
[4] Ep10000: Max 3078 (3078) steps (0.0009 hrs) 0.00:-8042.40 115 (46) sec
[5] Ep10000: Max 3084 (3084) steps (0.0009 hrs) 0.00:-8042.40 160 (45) sec
[6] Ep10000: Max 3626 (3626) steps (0.0010 hrs) 0.00:-8042.40 183 (23) sec
[7] Ep10000: Max 5457 (5457) steps (0.0015 hrs) 0.00:-8042.40 206 (23) sec
[8] Ep10000: Max 5457 (2330) steps (0.0006 hrs) 0.00:-8042.40 249 (43) sec
[9] Ep10000: Max 5457 (1591) steps (0.0004 hrs) 0.00:-8042.40 274 (25) sec
[10] Ep10000: Max 5457 (301) steps (0.0001 hrs) 0.00:-8042.40 297 (23) sec
[11] Ep10000: Max 5457 (2480) steps (0.0007 hrs) 0.00:-8042.40 342 (45) sec
[12] Ep10000: Max 5457 (796) steps (0.0002 hrs) 0.00:-8042.40 369 (27) sec
[13] Ep10000: Max 5457 (2720) steps (0.0008 hrs) 0.00:-8042.40 421 (52) sec
[14] Ep10000: Max 5457 (2513) steps (0.0007 hrs) 0.00:-8042.40 475 (54) sec
[15] Ep10000: Max 5457 (2273) steps (0.0006 hrs) 0.00:-8042.40 526 (51) sec
[16] Ep10000: Max 5457 (2298) steps (0.0006 hrs) 0.00:-8042.40 570 (44) sec
[17] Ep10000: Max 5457 (1180) steps (0.0003 hrs) 0.00:-8042.40 598 (28) sec
[18] Ep10000: Max 5457 (2280) steps (0.0006 hrs) 0.00:-8042.40 650 (52) sec
[19] Ep10000: Max 5457 (651) steps (0.0002 hrs) 0.00:-8042.40 677 (27) sec
[20] Ep10000: Max 5457 (856) steps (0.0002 hrs) 0.00:-8042.40 704 (27) sec
[21] Ep10000: Max 5457 (2720) steps (0.0008 hrs) 0.00:-8042.40 757 (53) sec
[22] Ep10000: Max 5457 (2905) steps (0.0008 hrs) 0.00:-8042.40 805 (48) sec
[23] Ep10000: Max 5457 (1203) steps (0.0003 hrs) 0.00:-8042.40 833 (28) sec
[24] Ep10000: Max 5457 (1514) steps (0.0004 hrs) 0.00:-8042.40 863 (30) sec
[25] Ep10000: Max 5457 (2133) steps (0.0006 hrs) 0.00:-8042.40 907 (44) sec
[26] Ep10000: Max 5457 (2196) steps (0.0006 hrs) 0.00:-8042.40 958 (51) sec
[27] Ep10000: Max 5457 (1344) steps (0.0004 hrs) 0.00:-8042.40 986 (28) sec
[28] Ep10000: Max 5457 (570) steps (0.0002 hrs) 0.00:-8042.40 1013 (27) sec
[29] Ep10000: Max 5457 (2102) steps (0.0006 hrs) 0.00:-8042.40 1064 (51) sec
[30] Ep10000: Max 5457 (357) steps (0.0001 hrs) 0.00:-8042.40 1092 (28) sec
[31] Ep10000: Max 5457 (1903) steps (0.0005 hrs) 0.00:-8042.40 1122 (30) sec
[32] Ep10000: Max 5457 (2062) steps (0.0006 hrs) 0.00:-8042.40 1174 (52) sec
[33] Ep10000: Max 5457 (2894) steps (0.0008 hrs) 0.00:-8042.40 1227 (53) sec
[34] Ep10000: Max 5457 (2235) steps (0.0006 hrs) 0.00:-8042.40 1279 (52) sec
[35] Ep10000: Max 5457 (1291) steps (0.0004 hrs) 0.00:-8042.40 1307 (28) sec
[36] Ep10000: Max 5457 (471) steps (0.0001 hrs) 0.00:-8042.40 1334 (27) sec
[37] Ep10000: Max 5457 (2173) steps (0.0006 hrs) 0.00:-8042.40 1387 (53) sec
[38] Ep10000: Max 5457 (1100) steps (0.0003 hrs) 0.00:-8042.40 1414 (27) sec
[39] Ep10000: Max 5457 (1532) steps (0.0004 hrs) 0.00:-8042.40 1441 (27) sec
[40] Ep10000: Max 5457 (2236) steps (0.0006 hrs) 0.00:-8042.40 1468 (27) sec
[41] Ep10000: Max 5457 (1962) steps (0.0005 hrs) 0.00:-8042.40 1498 (30) sec
[42] Ep10000: Max 5457 (1336) steps (0.0004 hrs) 0.00:-8042.40 1526 (28) sec
[43] Ep10000: Max 5457 (3490) steps (0.0010 hrs) 0.00:-8042.40 1561 (35) sec
[44] Ep10000: Max 5457 (658) steps (0.0002 hrs) 0.00:-8042.40 1589 (28) sec
[45] Ep10000: Max 5457 (406) steps (0.0001 hrs) 0.00:-8042.40 1615 (26) sec
[46] Ep10000: Max 5457 (1999) steps (0.0006 hrs) 0.00:-8042.40 1669 (54) sec
[47] Ep10000: Max 5457 (453) steps (0.0001 hrs) 0.00:-8042.40 1695 (26) sec
[48] Ep10000: Max 5457 (1778) steps (0.0005 hrs) 0.00:-8042.40 1725 (30) sec
[49] Ep10000: Max 5457 (2038) steps (0.0006 hrs) 0.00:-8042.40 1778 (53) sec
[50] Ep10000: Max 5457 (1657) steps (0.0005 hrs) 0.00:-8042.40 1805 (27) sec
[51] Ep10000: Max 5457 (1044) steps (0.0003 hrs) 0.00:-8042.40 1833 (28) sec
[52] Ep10000: Max 5457 (1154) steps (0.0003 hrs) 0.00:-8042.40 1860 (27) sec
[53] Ep10000: Max 5457 (485) steps (0.0001 hrs) 0.00:-8042.40 1887 (27) sec
[54] Ep10000: Max 5457 (2191) steps (0.0006 hrs) 0.00:-8042.40 1929 (42) sec
[55] Ep10000: Max 5457 (637) steps (0.0002 hrs) 0.00:-8042.40 1956 (27) sec
[56] Ep10000: Max 5457 (5011) steps (0.0014 hrs) 0.00:-8042.40 2009 (53) sec
[57] Ep10000: Max 5457 (2935) steps (0.0008 hrs) 0.00:-8042.40 2050 (41) sec
[58] Ep10000: Max 5457 (2158) steps (0.0006 hrs) 0.00:-8042.40 2104 (54) sec
[59] Ep10000: Max 5457 (257) steps (0.0001 hrs) 0.00:-8042.40 2131 (27) sec
[60] Ep10000: Max 5457 (2333) steps (0.0006 hrs) 0.00:-8042.40 2184 (53) sec
[61] Ep10000: Max 5457 (1987) steps (0.0006 hrs) 0.00:-8042.40 2235 (51) sec
[62] Ep10000: Max 5457 (2617) steps (0.0007 hrs) 0.00:-8042.40 2287 (52) sec
[63] Ep10000: Max 5457 (2150) steps (0.0006 hrs) 0.00:-8042.40 2337 (50) sec
[64] Ep10000: Max 5457 (2793) steps (0.0008 hrs) 0.00:-8042.40 2395 (58) sec
[65] Ep10000: Max 5457 (3015) steps (0.0008 hrs) 0.00:-8042.40 2447 (52) sec
[66] Ep10000: Max 5457 (2138) steps (0.0006 hrs) 0.00:-8042.40 2499 (52) sec
[67] Ep10000: Max 5457 (350) steps (0.0001 hrs) 0.00:-8042.40 2526 (27) sec
[68] Ep10000: Max 5457 (1495) steps (0.0004 hrs) 0.00:-8042.40 2553 (27) sec
[69] Ep10000: Max 5457 (513) steps (0.0001 hrs) 0.00:-8042.40 2580 (27) sec
[70] Ep10000: Max 5457 (2735) steps (0.0008 hrs) 0.00:-8042.40 2632 (52) sec
[71] Ep10000: Max 5457 (2151) steps (0.0006 hrs) 0.00:-8042.40 2685 (53) sec
[72] Ep10000: Max 5457 (2145) steps (0.0006 hrs) 0.00:-8042.40 2737 (52) sec
[73] Ep10000: Max 5457 (1957) steps (0.0005 hrs) 0.00:-8042.40 2789 (52) sec
[74] Ep10000: Max 5457 (1897) steps (0.0005 hrs) 0.00:-8042.40 2840 (51) sec
[75] Ep10000: Max 5457 (1768) steps (0.0005 hrs) 0.00:-8042.40 2869 (29) sec
[76] Ep10000: Max 5457 (2115) steps (0.0006 hrs) 0.00:-8042.40 2921 (52) sec
[77] Ep10000: Max 5457 (2527) steps (0.0007 hrs) 0.00:-8042.40 2974 (53) sec
[78] Ep10000: Max 5457 (807) steps (0.0002 hrs) 0.00:-8042.40 3001 (27) sec
[79] Ep10000: Max 5457 (4687) steps (0.0013 hrs) 0.00:-8042.40 3047 (46) sec
[80] Ep10000: Max 5457 (1909) steps (0.0005 hrs) 0.00:-8042.40 3099 (52) sec
[81] Ep10000: Max 5457 (1985) steps (0.0006 hrs) 0.00:-8042.40 3126 (27) sec
[82] Ep10000: Max 5457 (2200) steps (0.0006 hrs) 0.00:-8042.40 3169 (43) sec
[83] Ep10000: Max 5457 (2190) steps (0.0006 hrs) 0.00:-8042.40 3196 (27) sec
[84] Ep10000: Max 5457 (1129) steps (0.0003 hrs) 0.00:-8042.40 3224 (28) sec
[85] Ep10000: Max 5457 (1843) steps (0.0005 hrs) 0.00:-8042.40 3261 (37) sec
[86] Ep10000: Max 5457 (2402) steps (0.0007 hrs) 0.00:-8042.40 3293 (32) sec
[87] Ep10000: Max 5457 (1354) steps (0.0004 hrs) 0.00:-8042.40 3320 (27) sec
[88] Ep10000: Max 5457 (2001) steps (0.0006 hrs) 0.00:-8042.40 3373 (53) sec
[89] Ep10000: Max 5457 (2038) steps (0.0006 hrs) 0.00:-8042.40 3410 (37) sec
[90] Ep10000: Max 5457 (2318) steps (0.0006 hrs) 0.00:-8042.40 3457 (47) sec
[91] Ep10000: Max 5457 (763) steps (0.0002 hrs) 0.00:-8042.40 3483 (26) sec
[92] Ep10000: Max 5457 (1745) steps (0.0005 hrs) 0.00:-8042.40 3513 (30) sec
[93] Ep10000: Max 5457 (2433) steps (0.0007 hrs) 0.00:-8042.40 3566 (53) sec
[94] Ep10000: Max 5457 (233) steps (0.0001 hrs) 0.00:-8042.40 3594 (28) sec
[95] Ep10000: Max 5457 (369) steps (0.0001 hrs) 0.00:-8042.40 3621 (27) sec
[96] Ep10000: Max 5457 (298) steps (0.0001 hrs) 0.00:-8042.40 3648 (27) sec
[97] Ep10000: Max 5457 (3205) steps (0.0009 hrs) 0.00:-8042.40 3701 (53) sec
[98] Ep10000: Max 5457 (263) steps (0.0001 hrs) 0.00:-8042.40 3729 (28) sec
[99] Ep10000: Max 5457 (1966) steps (0.0005 hrs) 0.00:-8042.40 3765 (36) sec
[100] Ep10000: Max 5457 (1757) steps (0.0005 hrs) 0.00:-8042.40 3799 (34) sec
[101] Ep10000: Max 5457 (717) steps (0.0002 hrs) 0.00:-8042.40 3826 (27) sec
[102] Ep10000: Max 5457 (3044) steps (0.0008 hrs) 0.00:-8042.40 3878 (52) sec
[103] Ep10000: Max 5457 (2222) steps (0.0006 hrs) 0.00:-8042.40 3931 (53) sec
[104] Ep10000: Max 5457 (2644) steps (0.0007 hrs) 0.00:-8042.40 3978 (47) sec
[105] Ep10000: Max 5457 (1936) steps (0.0005 hrs) 0.00:-8042.40 4027 (49) sec
[106] Ep10000: Max 5457 (1878) steps (0.0005 hrs) 0.00:-8042.40 4058 (31) sec
[107] Ep10000: Max 5457 (2263) steps (0.0006 hrs) 0.00:-8042.40 4114 (56) sec
[108] Ep10000: Max 5457 (2966) steps (0.0008 hrs) 0.00:-8042.40 4154 (40) sec
[109] Ep10000: Max 5457 (3127) steps (0.0009 hrs) 0.00:-8042.40 4189 (35) sec
[110] Ep10000: Max 5457 (428) steps (0.0001 hrs) 0.00:-8042.40 4216 (27) sec
[111] Ep10000: Max 5457 (2324) steps (0.0006 hrs) 0.00:-8042.40 4250 (34) sec
[112] Ep10000: Max 5457 (2758) steps (0.0008 hrs) 0.00:-8042.40 4303 (53) sec
[113] Ep10000: Max 5457 (2432) steps (0.0007 hrs) 0.00:-8042.40 4355 (52) sec
[114] Ep10000: Max 5457 (1790) steps (0.0005 hrs) 0.00:-8042.40 4386 (31) sec
[115] Ep10000: Max 5457 (1231) steps (0.0003 hrs) 0.00:-8042.40 4414 (28) sec
[116] Ep10000: Max 5457 (480) steps (0.0001 hrs) 0.00:-8042.40 4441 (27) sec
[117] Ep10000: Max 5457 (1569) steps (0.0004 hrs) 0.00:-8042.40 4470 (29) sec
[118] Ep10000: Max 5457 (699) steps (0.0002 hrs) 0.00:-8042.40 4499 (29) sec
[119] Ep10000: Max 5457 (632) steps (0.0002 hrs) 0.00:-8042.40 4526 (27) sec
[120] Ep10000: Max 5457 (2005) steps (0.0006 hrs) 0.00:-8042.40 4580 (54) sec
[121] Ep10000: Max 5457 (4932) steps (0.0014 hrs) 0.00:-8042.40 4626 (46) sec
[122] Ep10000: Max 5457 (2007) steps (0.0006 hrs) 0.00:-8042.40 4680 (54) sec
[123] Ep10000: Max 5457 (2007) steps (0.0006 hrs) 0.00:-8042.40 4732 (52) sec
[124] Ep10000: Max 5457 (630) steps (0.0002 hrs) 0.00:-8042.40 4759 (27) sec
[125] Ep10000: Max 5457 (2282) steps (0.0006 hrs) 0.00:-8042.40 4813 (54) sec
[126] Ep10000: Max 5457 (2197) steps (0.0006 hrs) 0.00:-8042.40 4865 (52) sec
[127] Ep10000: Max 5457 (2052) steps (0.0006 hrs) 0.00:-8042.40 4911 (46) sec
[128] Ep10000: Max 5457 (2097) steps (0.0006 hrs) 0.00:-8042.40 4964 (53) sec
[129] Ep10000: Max 5457 (1292) steps (0.0004 hrs) 0.00:-8042.40 4992 (28) sec
[130] Ep10000: Max 5457 (1130) steps (0.0003 hrs) 0.00:-8042.40 5019 (27) sec
[131] Ep10000: Max 5457 (688) steps (0.0002 hrs) 0.00:-8042.40 5046 (27) sec
[132] Ep10000: Max 5457 (2681) steps (0.0007 hrs) 0.00:-8042.40 5100 (54) sec
[133] Ep10000: Max 5457 (2395) steps (0.0007 hrs) 0.00:-8042.40 5151 (51) sec
[134] Ep10000: Max 5457 (2155) steps (0.0006 hrs) 0.00:-8042.40 5180 (29) sec
[135] Ep10000: Max 5457 (678) steps (0.0002 hrs) 0.00:-8042.40 5208 (28) sec
[136] Ep10000: Max 5457 (2494) steps (0.0007 hrs) 0.00:-8042.40 5263 (55) sec
[137] Ep10000: Max 5457 (561) steps (0.0002 hrs) 0.00:-8042.40 5290 (27) sec
[138] Ep10000: Max 5457 (361) steps (0.0001 hrs) 0.00:-8042.40 5317 (27) sec
[139] Ep10000: Max 5457 (2148) steps (0.0006 hrs) 0.00:-8042.40 5360 (43) sec
[140] Ep10000: Max 5457 (1910) steps (0.0005 hrs) 0.00:-8042.40 5394 (34) sec
[141] Ep10000: Max 5457 (400) steps (0.0001 hrs) 0.00:-8042.40 5421 (27) sec
[142] Ep10000: Max 5457 (798) steps (0.0002 hrs) 0.00:-8042.40 5448 (27) sec
[143] Ep10000: Max 5457 (870) steps (0.0002 hrs) 0.00:-8042.40 5475 (27) sec
[144] Ep10000: Max 5457 (289) steps (0.0001 hrs) 0.00:-8042.40 5503 (28) sec
[145] Ep10000: Max 5457 (2127) steps (0.0006 hrs) 0.00:-8042.40 5557 (54) sec
[146] Ep10000: Max 5457 (1490) steps (0.0004 hrs) 0.00:-8042.40 5586 (29) sec
[147] Ep10000: Max 5457 (1701) steps (0.0005 hrs) 0.00:-8042.40 5616 (30) sec
[148] Ep10000: Max 5457 (2317) steps (0.0006 hrs) 0.00:-8042.40 5654 (38) sec
[149] Ep10000: Max 5457 (2421) steps (0.0007 hrs) 0.00:-8042.40 5696 (42) sec
[150] Ep10000: Max 5457 (387) steps (0.0001 hrs) 0.00:-8042.40 5723 (27) sec
[151] Ep10000: Max 5457 (2455) steps (0.0007 hrs) 0.00:-8042.40 5776 (53) sec
[152] Ep10000: Max 5457 (1504) steps (0.0004 hrs) 0.00:-8042.40 5803 (27) sec
[153] Ep10000: Max 5457 (2134) steps (0.0006 hrs) 0.00:-8042.40 5856 (53) sec
[154] Ep10000: Max 5457 (2181) steps (0.0006 hrs) 0.00:-8042.40 5901 (45) sec
[155] Ep10000: Max 5457 (1692) steps (0.0005 hrs) 0.00:-8042.40 5928 (27) sec
[156] Ep10000: Max 5457 (1965) steps (0.0005 hrs) 0.00:-8042.40 5981 (53) sec
[157] Ep10000: Max 5457 (981) steps (0.0003 hrs) 0.00:-8042.40 6009 (28) sec
[158] Ep10000: Max 5457 (257) steps (0.0001 hrs) 0.00:-8042.40 6036 (27) sec
[159] Ep10000: Max 5457 (447) steps (0.0001 hrs) 0.00:-8042.40 6063 (27) sec
[160] Ep10000: Max 5457 (1381) steps (0.0004 hrs) 0.00:-8042.40 6090 (27) sec
[161] Ep10000: Max 5457 (1481) steps (0.0004 hrs) 0.00:-8042.40 6125 (35) sec
[162] Ep10000: Max 5457 (1883) steps (0.0005 hrs) 0.00:-8042.40 6154 (29) sec
[163] Ep10000: Max 5457 (1352) steps (0.0004 hrs) 0.00:-8042.40 6181 (27) sec
[164] Ep10000: Max 5457 (2059) steps (0.0006 hrs) 0.00:-8042.40 6219 (38) sec
[165] Ep10000: Max 5457 (1418) steps (0.0004 hrs) 0.00:-8042.40 6247 (28) sec
[166] Ep10000: Max 5457 (1312) steps (0.0004 hrs) 0.00:-8042.40 6275 (28) sec
[167] Ep10000: Max 5457 (2260) steps (0.0006 hrs) 0.00:-8042.40 6330 (55) sec
[168] Ep10000: Max 5457 (1841) steps (0.0005 hrs) 0.00:-8042.40 6363 (33) sec
[169] Ep10000: Max 5457 (2070) steps (0.0006 hrs) 0.00:-8042.40 6397 (34) sec
[170] Ep10000: Max 5457 (3215) steps (0.0009 hrs) 0.00:-8042.40 6453 (56) sec
[171] Ep10000: Max 5457 (1562) steps (0.0004 hrs) 0.00:-8042.40 6493 (40) sec
[172] Ep10000: Max 5457 (2406) steps (0.0007 hrs) 0.00:-8042.40 6552 (59) sec
[173] Ep10000: Max 5457 (1098) steps (0.0003 hrs) 0.00:-8042.40 6584 (32) sec
[174] Ep10000: Max 5457 (2793) steps (0.0008 hrs) 0.00:-8042.40 6633 (49) sec
[175] Ep10000: Max 5457 (249) steps (0.0001 hrs) 0.00:-8042.40 6660 (27) sec
[176] Ep10000: Max 5457 (1960) steps (0.0005 hrs) 0.00:-8042.40 6718 (58) sec
[177] Ep10000: Max 5457 (346) steps (0.0001 hrs) 0.00:-8042.40 6745 (27) sec
[178] Ep10000: Max 5457 (2243) steps (0.0006 hrs) 0.00:-8042.40 6797 (52) sec
[179] Ep10000: Max 5457 (1158) steps (0.0003 hrs) 0.00:-8042.40 6824 (27) sec
[180] Ep10000: Max 5457 (1413) steps (0.0004 hrs) 0.00:-8042.40 6856 (32) sec
[181] Ep10000: Max 5457 (2093) steps (0.0006 hrs) 0.00:-8042.40 6885 (29) sec
[182] Ep10000: Max 5457 (2015) steps (0.0006 hrs) 0.00:-8042.40 6927 (42) sec
[183] Ep10000: Max 5457 (897) steps (0.0002 hrs) 0.00:-8042.40 6955 (28) sec
[184] Ep10000: Max 5457 (277) steps (0.0001 hrs) 0.00:-8042.40 6987 (32) sec
[185] Ep10000: Max 5457 (398) steps (0.0001 hrs) 0.00:-8042.40 7017 (30) sec
[186] Ep10000: Max 5457 (1744) steps (0.0005 hrs) 0.00:-8042.40 7053 (36) sec
[187] Ep10000: Max 5457 (711) steps (0.0002 hrs) 0.00:-8042.40 7085 (32) sec
[188] Ep10000: Max 5457 (2229) steps (0.0006 hrs) 0.00:-8042.40 7142 (57) sec
[189] Ep10000: Max 5457 (2295) steps (0.0006 hrs) 0.00:-8042.40 7200 (58) sec
[190] Ep10000: Max 5457 (2335) steps (0.0006 hrs) 0.00:-8042.40 7263 (63) sec
[191] Ep10000: Max 5457 (2544) steps (0.0007 hrs) 0.00:-8042.40 7330 (67) sec
[192] Ep10000: Max 5457 (1257) steps (0.0003 hrs) 0.00:-8042.40 7360 (30) sec
[193] Ep10000: Max 5457 (580) steps (0.0002 hrs) 0.00:-8042.40 7394 (34) sec
[194] Ep10000: Max 5457 (1047) steps (0.0003 hrs) 0.00:-8042.40 7424 (30) sec
[195] Ep10000: Max 5457 (437) steps (0.0001 hrs) 0.00:-8042.40 7486 (62) sec
[196] Ep10000: Max 5457 (312) steps (0.0001 hrs) 0.00:-8042.40 7548 (62) sec
[197] Ep10000: Max 5457 (2598) steps (0.0007 hrs) 0.00:-8042.40 7673 (125) sec
[198] Ep10000: Max 5457 (2046) steps (0.0006 hrs) 0.00:-8042.40 7812 (139) sec
[199] Ep10000: Max 5457 (1982) steps (0.0006 hrs) 0.00:-8042.40 8157 (345) sec
[200] Ep10000: Max 5457 (2252) steps (0.0006 hrs) 0.00:-8042.40 8555 (398) sec
[201] Ep10000: Max 5457 (1520) steps (0.0004 hrs) 0.00:-8042.40 8799 (244) sec
[202] Ep10000: Max 5457 (2405) steps (0.0007 hrs) 0.00:-8042.40 9202 (403) sec
[203] Ep10000: Max 5457 (2138) steps (0.0006 hrs) 0.00:-8042.40 9540 (338) sec
[204] Ep10000: Max 5457 (2746) steps (0.0008 hrs) 0.00:-8042.40 10308 (768) sec
[205] Ep10000: Max 5457 (1729) steps (0.0005 hrs) 0.00:-8042.40 11753 (1445) sec
[206] Ep10000: Max 5457 (2530) steps (0.0007 hrs) 0.00:-8042.40 13540 (1787) sec
[207] Ep10000: Max 5457 (406) steps (0.0001 hrs) 0.00:-8042.40 14716 (1176) sec
[208] Ep10000: Max 5457 (285) steps (0.0001 hrs) 0.00:-8042.40 15876 (1160) sec
[209] Ep10000: Max 5457 (1428) steps (0.0004 hrs) 0.00:-8042.40 16402 (526) sec
[210] Ep10000: Max 5457 (447) steps (0.0001 hrs) 0.00:-8042.40 17570 (1168) sec
[211] Ep10000: Max 5457 (2587) steps (0.0007 hrs) 0.00:-8042.40 18844 (1274) sec
[212] Ep10000: Max 5457 (2183) steps (0.0006 hrs) 0.00:-8042.40 20379 (1535) sec
[213] Ep10000: Max 5457 (747) steps (0.0002 hrs) 0.00:-8042.40 21840 (1461) sec
[214] Ep10000: Max 5457 (1441) steps (0.0004 hrs) 0.00:-8042.40 22934 (1094) sec
[215] Ep10000: Max 5457 (1148) steps (0.0003 hrs) 0.00:-8042.40 23626 (692) sec
[216] Ep10000: Max 5457 (1903) steps (0.0005 hrs) 0.00:-8042.40 24657 (1031) sec
[217] Ep10000: Max 5457 (1795) steps (0.0005 hrs) 0.00:-8042.40 25698 (1041) sec
[218] Ep10000: Max 5457 (1994) steps (0.0006 hrs) 0.00:-8042.40 26495 (797) sec
[219] Ep10000: Max 5457 (421) steps (0.0001 hrs) 0.00:-8042.40 27483 (988) sec
[220] Ep10000: Max 5457 (2520) steps (0.0007 hrs) 0.00:-8042.40 28185 (702) sec
[221] Ep10000: Max 5457 (1152) steps (0.0003 hrs) 0.00:-8042.40 28943 (758) sec
[222] Ep10000: Max 5457 (2032) steps (0.0006 hrs) 0.00:-8042.40 29852 (909) sec
[223] Ep10000: Max 5457 (1842) steps (0.0005 hrs) 0.00:-8042.40 30868 (1016) sec
[224] Ep10000: Max 5457 (527) steps (0.0001 hrs) 0.00:-8042.40 31758 (890) sec
[225] Ep10000: Max 5457 (1027) steps (0.0003 hrs) 0.00:-8042.40 32198 (440) sec
[226] Ep10000: Max 5457 (2191) steps (0.0006 hrs) 0.00:-8042.40 33235 (1037) sec
[227] Ep10000: Max 5457 (2719) steps (0.0008 hrs) 0.00:-8042.40 33866 (631) sec
[228] Ep10000: Max 5457 (2536) steps (0.0007 hrs) 0.00:-8042.40 35165 (1299) sec
[229] Ep10000: Max 5457 (2190) steps (0.0006 hrs) 0.00:-8042.40 36112 (947) sec
[230] Ep10000: Max 5457 (2655) steps (0.0007 hrs) 0.00:-8042.40 37181 (1069) sec
[231] Ep10000: Max 5457 (817) steps (0.0002 hrs) 0.00:-8042.40 38105 (924) sec
[232] Ep10000: Max 5457 (1009) steps (0.0003 hrs) 0.00:-8042.40 38535 (430) sec
[233] Ep10000: Max 5457 (950) steps (0.0003 hrs) 0.00:-8042.40 39408 (873) sec
[234] Ep10000: Max 5457 (939) steps (0.0003 hrs) 0.00:-8042.40 40045 (637) sec
[235] Ep10000: Max 5457 (1792) steps (0.0005 hrs) 0.00:-8042.40 40462 (417) sec
[236] Ep10000: Max 5457 (234) steps (0.0001 hrs) 0.00:-8042.40 40693 (231) sec
[237] Ep10000: Max 5457 (2611) steps (0.0007 hrs) 0.00:-8042.40 41178 (485) sec
[238] Ep10000: Max 5457 (2036) steps (0.0006 hrs) 0.00:-8042.40 41311 (133) sec
[239] Ep10000: Max 5457 (1343) steps (0.0004 hrs) 0.00:-8042.40 41428 (117) sec
[240] Ep10000: Max 5457 (3639) steps (0.0010 hrs) 0.00:-8042.40 41563 (135) sec
[241] Ep10000: Max 5457 (2429) steps (0.0007 hrs) 0.00:-8042.40 41699 (136) sec
[242] Ep10000: Max 5457 (275) steps (0.0001 hrs) 0.00:-8042.40 41781 (82) sec
[243] Ep10000: Max 5457 (2199) steps (0.0006 hrs) 0.00:-8042.40 41976 (195) sec
[244] Ep10000: Max 5457 (2062) steps (0.0006 hrs) 0.00:-8042.40 42040 (64) sec
[245] Ep10000: Max 5457 (2665) steps (0.0007 hrs) 0.00:-8042.40 42139 (99) sec
[246] Ep10000: Max 5457 (1789) steps (0.0005 hrs) 0.00:-8042.40 42204 (65) sec
[247] Ep10000: Max 5457 (666) steps (0.0002 hrs) 0.00:-8042.40 42263 (59) sec
[248] Ep10000: Max 5457 (2482) steps (0.0007 hrs) 0.00:-8042.40 42369 (106) sec
[249] Ep10000: Max 5457 (1649) steps (0.0005 hrs) 0.00:-8042.40 42436 (67) sec
[250] Ep10000: Max 5457 (1033) steps (0.0003 hrs) 0.00:-8042.40 42493 (57) sec
[251] Ep10000: Max 5457 (2020) steps (0.0006 hrs) 0.00:-8042.40 42587 (94) sec
[252] Ep10000: Max 5457 (2888) steps (0.0008 hrs) 0.00:-8042.40 42681 (94) sec
[253] Ep10000: Max 5457 (2037) steps (0.0006 hrs) 0.00:-8042.40 42779 (98) sec
[254] Ep10000: Max 5457 (2592) steps (0.0007 hrs) 0.00:-8042.40 42878 (99) sec
[255] Ep10000: Max 5457 (2306) steps (0.0006 hrs) 0.00:-8042.40 42969 (91) sec
[256] Ep10000: Max 5457 (1242) steps (0.0003 hrs) 0.00:-8042.40 43018 (49) sec
[257] Ep10000: Max 5457 (2164) steps (0.0006 hrs) 0.00:-8042.40 43094 (76) sec
[258] Ep10000: Max 5457 (2706) steps (0.0008 hrs) 0.00:-8042.40 43156 (62) sec
[259] Ep10000: Max 5457 (2916) steps (0.0008 hrs) 0.00:-8042.40 43212 (56) sec
[260] Ep10000: Max 5457 (2373) steps (0.0007 hrs) 0.00:-8042.40 43291 (79) sec
[261] Ep10000: Max 5457 (2549) steps (0.0007 hrs) 0.00:-8042.40 43369 (78) sec
[262] Ep10000: Max 5457 (1630) steps (0.0005 hrs) 0.00:-8042.40 43416 (47) sec
[263] Ep10000: Max 5457 (1885) steps (0.0005 hrs) 0.00:-8042.40 43481 (65) sec
[264] Ep10000: Max 5457 (3585) steps (0.0010 hrs) 0.00:-8042.40 43553 (72) sec
[265] Ep10000: Max 5457 (1439) steps (0.0004 hrs) 0.00:-8042.40 43601 (48) sec
[266] Ep10000: Max 5457 (1406) steps (0.0004 hrs) 0.00:-8042.40 43645 (44) sec
[267] Ep10000: Max 5457 (1947) steps (0.0005 hrs) 0.00:-8042.40 43693 (48) sec
[268] Ep10000: Max 5457 (2591) steps (0.0007 hrs) 0.00:-8042.40 43776 (83) sec
[269] Ep10000: Max 5457 (1262) steps (0.0004 hrs) 0.00:-8042.40 43819 (43) sec
[270] Ep10000: Max 5457 (1797) steps (0.0005 hrs) 0.00:-8042.40 43890 (71) sec
[271] Ep10000: Max 5457 (1720) steps (0.0005 hrs) 0.00:-8042.40 43955 (65) sec
[272] Ep10000: Max 5457 (545) steps (0.0002 hrs) 0.00:-8042.40 43994 (39) sec
[273] Ep10000: Max 5457 (2005) steps (0.0006 hrs) 0.00:-8042.40 44064 (70) sec
[274] Ep10000: Max 5457 (1906) steps (0.0005 hrs) 0.00:-8042.40 44135 (71) sec
[275] Ep10000: Max 5562 (5562) steps (0.0015 hrs) 0.00:-8042.40 44207 (72) sec
[276] Ep10000: Max 5562 (2244) steps (0.0006 hrs) 0.00:-8042.40 44250 (43) sec
[277] Ep10000: Max 5562 (939) steps (0.0003 hrs) 0.00:-8042.40 44293 (43) sec
[278] Ep10000: Max 5562 (540) steps (0.0002 hrs) 0.00:-8042.40 44333 (40) sec
[279] Ep10000: Max 5562 (1684) steps (0.0005 hrs) 0.00:-8042.40 44386 (53) sec
[280] Ep10000: Max 5562 (2545) steps (0.0007 hrs) 0.00:-8042.40 44463 (77) sec
[281] Ep10000: Max 5562 (1960) steps (0.0005 hrs) 0.00:-8042.40 44534 (71) sec
[282] Ep10000: Max 5562 (1945) steps (0.0005 hrs) 0.00:-8042.40 44587 (53) sec
[283] Ep10000: Max 5562 (698) steps (0.0002 hrs) 0.00:-8042.40 44629 (42) sec
[284] Ep10000: Max 5562 (1426) steps (0.0004 hrs) 0.00:-8042.40 44672 (43) sec
[285] Ep10000: Max 5562 (482) steps (0.0001 hrs) 0.00:-8042.40 44717 (45) sec
[286] Ep10000: Max 5562 (678) steps (0.0002 hrs) 0.00:-8042.40 44758 (41) sec
[287] Ep10000: Max 5562 (3158) steps (0.0009 hrs) 0.00:-8042.40 44833 (75) sec
[288] Ep10000: Max 5562 (1655) steps (0.0005 hrs) 0.00:-8042.40 44876 (43) sec
[289] Ep10000: Max 5562 (2326) steps (0.0006 hrs) 0.00:-8042.40 44953 (77) sec
[290] Ep10000: Max 5562 (1987) steps (0.0006 hrs) 0.00:-8042.40 45025 (72) sec
[291] Ep10000: Max 5562 (3081) steps (0.0009 hrs) 0.00:-8042.40 45098 (73) sec
[292] Ep10000: Max 5562 (2823) steps (0.0008 hrs) 0.00:-8042.40 45172 (74) sec
[293] Ep10000: Max 5562 (1690) steps (0.0005 hrs) 0.00:-8042.40 45212 (40) sec
[294] Ep10000: Max 5562 (2148) steps (0.0006 hrs) 0.00:-8042.40 45289 (77) sec
[295] Ep10000: Max 5562 (2776) steps (0.0008 hrs) 0.00:-8042.40 45367 (78) sec
[296] Ep10000: Max 5562 (253) steps (0.0001 hrs) 0.00:-8042.40 45410 (43) sec
[297] Ep10000: Max 5562 (501) steps (0.0001 hrs) 0.00:-8042.40 45451 (41) sec
[298] Ep10000: Max 5562 (1615) steps (0.0004 hrs) 0.00:-8042.40 45492 (41) sec
[299] Ep10000: Max 5562 (509) steps (0.0001 hrs) 0.00:-8042.40 45533 (41) sec
[300] Ep10000: Max 5562 (498) steps (0.0001 hrs) 0.00:-8042.40 45578 (45) sec
[301] Ep10000: Max 5562 (591) steps (0.0002 hrs) 0.00:-8042.40 45619 (41) sec
[302] Ep10000: Max 5562 (2066) steps (0.0006 hrs) 0.00:-8042.40 45679 (60) sec
[303] Ep10000: Max 5562 (1762) steps (0.0005 hrs) 0.00:-8042.40 45722 (43) sec
[304] Ep10000: Max 5562 (1415) steps (0.0004 hrs) 0.00:-8042.40 45765 (43) sec
[305] Ep10000: Max 5562 (2514) steps (0.0007 hrs) 0.00:-8042.40 45845 (80) sec
[306] Ep10000: Max 5562 (2421) steps (0.0007 hrs) 0.00:-8042.40 45921 (76) sec
[307] Ep10000: Max 5562 (837) steps (0.0002 hrs) 0.00:-8042.40 45964 (43) sec
[308] Ep10000: Max 5562 (1624) steps (0.0005 hrs) 0.00:-8042.40 46017 (53) sec
[309] Ep10000: Max 5562 (2184) steps (0.0006 hrs) 0.00:-8042.40 46092 (75) sec
[310] Ep10000: Max 5562 (2333) steps (0.0006 hrs) 0.00:-8042.40 46166 (74) sec
[311] Ep10000: Max 5562 (2493) steps (0.0007 hrs) 0.00:-8042.40 46235 (69) sec
[312] Ep10000: Max 5562 (1663) steps (0.0005 hrs) 0.00:-8042.40 46279 (44) sec
[313] Ep10000: Max 5562 (349) steps (0.0001 hrs) 0.00:-8042.40 46319 (40) sec
[314] Ep10000: Max 5562 (1194) steps (0.0003 hrs) 0.00:-8042.40 46363 (44) sec
[315] Ep10000: Max 5562 (2427) steps (0.0007 hrs) 0.00:-8042.40 46441 (78) sec
[316] Ep10000: Max 5562 (1307) steps (0.0004 hrs) 0.00:-8042.40 46483 (42) sec
[317] Ep10000: Max 5562 (1663) steps (0.0005 hrs) 0.00:-8042.40 46532 (49) sec
[318] Ep10000: Max 5562 (2560) steps (0.0007 hrs) 0.00:-8042.40 46653 (121) sec
[319] Ep10000: Max 5562 (2033) steps (0.0006 hrs) 0.00:-8042.40 46763 (110) sec
[320] Ep10000: Max 5562 (2013) steps (0.0006 hrs) 0.00:-8042.40 46838 (75) sec
[321] Ep10000: Max 5562 (2690) steps (0.0007 hrs) 0.00:-8042.40 46936 (98) sec
[322] Ep10000: Max 5562 (401) steps (0.0001 hrs) 0.00:-8042.40 46997 (61) sec
[323] Ep10000: Max 5562 (2203) steps (0.0006 hrs) 0.00:-8042.40 47066 (69) sec
[324] Ep10000: Max 5562 (2950) steps (0.0008 hrs) 0.00:-8042.40 47164 (98) sec
[325] Ep10000: Max 5562 (1177) steps (0.0003 hrs) 0.00:-8042.40 47203 (39) sec
[326] Ep10000: Max 5562 (315) steps (0.0001 hrs) 0.00:-8042.40 47244 (41) sec
[327] Ep10000: Max 5562 (509) steps (0.0001 hrs) 0.00:-8042.40 47285 (41) sec
[328] Ep10000: Max 5562 (946) steps (0.0003 hrs) 0.00:-8042.40 47324 (39) sec
[329] Ep10000: Max 5562 (1781) steps (0.0005 hrs) 0.00:-8042.40 47371 (47) sec
[330] Ep10000: Max 5562 (1961) steps (0.0005 hrs) 0.00:-8042.40 47442 (71) sec
[331] Ep10000: Max 5562 (961) steps (0.0003 hrs) 0.00:-8042.40 47481 (39) sec
[332] Ep10000: Max 5562 (662) steps (0.0002 hrs) 0.00:-8042.40 47520 (39) sec
[333] Ep10000: Max 5562 (2411) steps (0.0007 hrs) 0.00:-8042.40 47589 (69) sec
[334] Ep10000: Max 5562 (1207) steps (0.0003 hrs) 0.00:-8042.40 47626 (37) sec
[335] Ep10000: Max 5562 (2569) steps (0.0007 hrs) 0.00:-8042.40 47699 (73) sec
[336] Ep10000: Max 5562 (1245) steps (0.0003 hrs) 0.00:-8042.40 47744 (45) sec
[337] Ep10000: Max 5562 (1141) steps (0.0003 hrs) 0.00:-8042.40 47784 (40) sec
[338] Ep10000: Max 5562 (2099) steps (0.0006 hrs) 0.00:-8042.40 47853 (69) sec
[339] Ep10000: Max 5562 (1491) steps (0.0004 hrs) 0.00:-8042.40 47896 (43) sec
[340] Ep10000: Max 5562 (1614) steps (0.0004 hrs) 0.00:-8042.40 47942 (46) sec
[341] Ep10000: Max 5562 (238) steps (0.0001 hrs) 0.00:-8042.40 47978 (36) sec
[342] Ep10000: Max 5562 (1738) steps (0.0005 hrs) 0.00:-8042.40 48015 (37) sec
[343] Ep10000: Max 5562 (1845) steps (0.0005 hrs) 0.00:-8042.40 48060 (45) sec
[344] Ep10000: Max 5562 (2403) steps (0.0007 hrs) 0.00:-8042.40 48123 (63) sec
[345] Ep10000: Max 5562 (1560) steps (0.0004 hrs) 0.00:-8042.40 48160 (37) sec
[346] Ep10000: Max 5562 (1347) steps (0.0004 hrs) 0.00:-8042.40 48195 (35) sec
[347] Ep10000: Max 5562 (304) steps (0.0001 hrs) 0.00:-8042.40 48227 (32) sec
[348] Ep10000: Max 5562 (1596) steps (0.0004 hrs) 0.00:-8042.40 48261 (34) sec
[349] Ep10000: Max 5562 (1413) steps (0.0004 hrs) 0.00:-8042.40 48296 (35) sec
[350] Ep10000: Max 5562 (2073) steps (0.0006 hrs) 0.00:-8042.40 48356 (60) sec
[351] Ep10000: Max 5562 (1636) steps (0.0005 hrs) 0.00:-8042.40 48391 (35) sec
[352] Ep10000: Max 5562 (2088) steps (0.0006 hrs) 0.00:-8042.40 48456 (65) sec
[353] Ep10000: Max 5562 (2726) steps (0.0008 hrs) 0.00:-8042.40 48516 (60) sec
[354] Ep10000: Max 5562 (2415) steps (0.0007 hrs) 0.00:-8042.40 48578 (62) sec
[355] Ep10000: Max 5562 (2604) steps (0.0007 hrs) 0.00:-8042.40 48635 (57) sec
[356] Ep10000: Max 5562 (1719) steps (0.0005 hrs) 0.00:-8042.40 48674 (39) sec
[357] Ep10000: Max 5562 (1099) steps (0.0003 hrs) 0.00:-8042.40 48709 (35) sec
[358] Ep10000: Max 5562 (2023) steps (0.0006 hrs) 0.00:-8042.40 48745 (36) sec
[359] Ep10000: Max 5562 (755) steps (0.0002 hrs) 0.00:-8042.40 48781 (36) sec
[360] Ep10000: Max 5562 (2001) steps (0.0006 hrs) 0.00:-8042.40 48823 (42) sec
[361] Ep10000: Max 5562 (1880) steps (0.0005 hrs) 0.00:-8042.40 48877 (54) sec
[362] Ep10000: Max 5562 (2276) steps (0.0006 hrs) 0.00:-8042.40 48926 (49) sec
[363] Ep10000: Max 5562 (2218) steps (0.0006 hrs) 0.00:-8042.40 48984 (58) sec
[364] Ep10000: Max 5562 (993) steps (0.0003 hrs) 0.00:-8042.40 49017 (33) sec
[365] Ep10000: Max 5562 (2809) steps (0.0008 hrs) 0.00:-8042.40 49077 (60) sec
[366] Ep10000: Max 5562 (2066) steps (0.0006 hrs) 0.00:-8042.40 49134 (57) sec
[367] Ep10000: Max 5562 (1995) steps (0.0006 hrs) 0.00:-8042.40 49194 (60) sec
[368] Ep10000: Max 5562 (1135) steps (0.0003 hrs) 0.00:-8042.40 49227 (33) sec
[369] Ep10000: Max 5562 (2223) steps (0.0006 hrs) 0.00:-8042.40 49282 (55) sec
[370] Ep10000: Max 5562 (1290) steps (0.0004 hrs) 0.00:-8042.40 49315 (33) sec
[371] Ep10000: Max 5562 (461) steps (0.0001 hrs) 0.00:-8042.40 49348 (33) sec
[372] Ep10000: Max 5562 (2048) steps (0.0006 hrs) 0.00:-8042.40 49409 (61) sec
[373] Ep10000: Max 5562 (2212) steps (0.0006 hrs) 0.00:-8042.40 49469 (60) sec
[374] Ep10000: Max 5562 (2361) steps (0.0007 hrs) 0.00:-8042.40 49531 (62) sec
[375] Ep10000: Max 5562 (2105) steps (0.0006 hrs) 0.00:-8042.40 49592 (61) sec
[376] Ep10000: Max 5562 (513) steps (0.0001 hrs) 0.00:-8042.40 49625 (33) sec
[377] Ep10000: Max 5562 (1879) steps (0.0005 hrs) 0.00:-8042.40 49687 (62) sec
[378] Ep10000: Max 5562 (246) steps (0.0001 hrs) 0.00:-8042.40 49720 (33) sec
[379] Ep10000: Max 5562 (2288) steps (0.0006 hrs) 0.00:-8042.40 49765 (45) sec
[380] Ep10000: Max 5562 (3986) steps (0.0011 hrs) 0.00:-8042.40 49839 (74) sec
[381] Ep10000: Max 5562 (1935) steps (0.0005 hrs) 0.00:-8042.40 49898 (59) sec
[382] Ep10000: Max 5562 (1590) steps (0.0004 hrs) 0.00:-8042.40 49932 (34) sec
[383] Ep10000: Max 5562 (1928) steps (0.0005 hrs) 0.00:-8042.40 49992 (60) sec
[384] Ep10000: Max 5562 (1770) steps (0.0005 hrs) 0.00:-8042.40 50025 (33) sec
[385] Ep10000: Max 5562 (2999) steps (0.0008 hrs) 0.00:-8042.40 50086 (61) sec
[386] Ep10000: Max 5562 (407) steps (0.0001 hrs) 0.00:-8042.40 50119 (33) sec
[387] Ep10000: Max 5562 (2105) steps (0.0006 hrs) 0.00:-8042.40 50178 (59) sec
[388] Ep10000: Max 5562 (927) steps (0.0003 hrs) 0.00:-8042.40 50211 (33) sec
[389] Ep10000: Max 5562 (1590) steps (0.0004 hrs) 0.00:-8042.40 50249 (38) sec
[390] Ep10000: Max 5562 (2540) steps (0.0007 hrs) 0.00:-8042.40 50307 (58) sec
[391] Ep10000: Max 5562 (1206) steps (0.0003 hrs) 0.00:-8042.40 50343 (36) sec
[392] Ep10000: Max 5562 (443) steps (0.0001 hrs) 0.00:-8042.40 50380 (37) sec
[393] Ep10000: Max 5562 (1966) steps (0.0005 hrs) 0.00:-8042.40 50433 (53) sec
[394] Ep10000: Max 5562 (2691) steps (0.0007 hrs) 0.00:-8042.40 50493 (60) sec
[395] Ep10000: Max 5562 (1026) steps (0.0003 hrs) 0.00:-8042.40 50526 (33) sec
[396] Ep10000: Max 5562 (605) steps (0.0002 hrs) 0.00:-8042.40 50559 (33) sec
[397] Ep10000: Max 5562 (2692) steps (0.0007 hrs) 0.00:-8042.40 50595 (36) sec
[398] Ep10000: Max 5562 (1956) steps (0.0005 hrs) 0.00:-8042.40 50628 (33) sec
[399] Ep10000: Max 5562 (1994) steps (0.0006 hrs) 0.00:-8042.40 50678 (50) sec
[400] Ep10000: Max 5562 (4703) steps (0.0013 hrs) 0.00:-8042.40 50738 (60) sec
[401] Ep10000: Max 5562 (400) steps (0.0001 hrs) 0.00:-8042.40 50771 (33) sec
[402] Ep10000: Max 5562 (2416) steps (0.0007 hrs) 0.00:-8042.40 50832 (61) sec
[403] Ep10000: Max 5562 (516) steps (0.0001 hrs) 0.00:-8042.40 50865 (33) sec
[404] Ep10000: Max 5562 (2027) steps (0.0006 hrs) 0.00:-8042.40 50922 (57) sec
[405] Ep10000: Max 5562 (2767) steps (0.0008 hrs) 0.00:-8042.40 50983 (61) sec
[406] Ep10000: Max 5562 (710) steps (0.0002 hrs) 0.00:-8042.40 51016 (33) sec
[407] Ep10000: Max 5562 (1092) steps (0.0003 hrs) 0.00:-8042.40 51049 (33) sec
[408] Ep10000: Max 5562 (2099) steps (0.0006 hrs) 0.00:-8042.40 51109 (60) sec
[409] Ep10000: Max 5562 (2219) steps (0.0006 hrs) 0.00:-8042.40 51168 (59) sec
[410] Ep10000: Max 5562 (1056) steps (0.0003 hrs) 0.00:-8042.40 51201 (33) sec
[411] Ep10000: Max 5562 (1307) steps (0.0004 hrs) 0.00:-8042.40 51236 (35) sec
[412] Ep10000: Max 5562 (1144) steps (0.0003 hrs) 0.00:-8042.40 51269 (33) sec
[413] Ep10000: Max 5562 (1188) steps (0.0003 hrs) 0.00:-8042.40 51304 (35) sec
[414] Ep10000: Max 5562 (1602) steps (0.0004 hrs) 0.00:-8042.40 51350 (46) sec
[415] Ep10000: Max 5562 (2420) steps (0.0007 hrs) 0.00:-8042.40 51411 (61) sec
[416] Ep10000: Max 5562 (1173) steps (0.0003 hrs) 0.00:-8042.40 51444 (33) sec
[417] Ep10000: Max 5562 (1668) steps (0.0005 hrs) 0.00:-8042.40 51479 (35) sec
[418] Ep10000: Max 5562 (4768) steps (0.0013 hrs) 0.00:-8042.40 51540 (61) sec
[419] Ep10000: Max 5562 (1008) steps (0.0003 hrs) 0.00:-8042.40 51573 (33) sec
[420] Ep10000: Max 5562 (1518) steps (0.0004 hrs) 0.00:-8042.40 51606 (33) sec
[421] Ep10000: Max 5562 (1753) steps (0.0005 hrs) 0.00:-8042.40 51652 (46) sec
[422] Ep10000: Max 5562 (2855) steps (0.0008 hrs) 0.00:-8042.40 51712 (60) sec
[423] Ep10000: Max 5562 (823) steps (0.0002 hrs) 0.00:-8042.40 51745 (33) sec
[424] Ep10000: Max 5562 (2187) steps (0.0006 hrs) 0.00:-8042.40 51780 (35) sec
[425] Ep10000: Max 5562 (1473) steps (0.0004 hrs) 0.00:-8042.40 51815 (35) sec
[426] Ep10000: Max 5562 (2599) steps (0.0007 hrs) 0.00:-8042.40 51863 (48) sec
[427] Ep10000: Max 5562 (1500) steps (0.0004 hrs) 0.00:-8042.40 51904 (41) sec
[428] Ep10000: Max 5562 (2238) steps (0.0006 hrs) 0.00:-8042.40 51965 (61) sec
[429] Ep10000: Max 5562 (766) steps (0.0002 hrs) 0.00:-8042.40 51997 (32) sec
[430] Ep10000: Max 5562 (1036) steps (0.0003 hrs) 0.00:-8042.40 52032 (35) sec
[431] Ep10000: Max 5562 (2313) steps (0.0006 hrs) 0.00:-8042.40 52093 (61) sec
[432] Ep10000: Max 5562 (2105) steps (0.0006 hrs) 0.00:-8042.40 52153 (60) sec
[433] Ep10000: Max 5562 (2136) steps (0.0006 hrs) 0.00:-8042.40 52214 (61) sec
[434] Ep10000: Max 5562 (2380) steps (0.0007 hrs) 0.00:-8042.40 52273 (59) sec
[435] Ep10000: Max 5562 (1468) steps (0.0004 hrs) 0.00:-8042.40 52307 (34) sec
[436] Ep10000: Max 5562 (2031) steps (0.0006 hrs) 0.00:-8042.40 52367 (60) sec
[437] Ep10000: Max 5562 (1835) steps (0.0005 hrs) 0.00:-8042.40 52421 (54) sec
[438] Ep10000: Max 5562 (1758) steps (0.0005 hrs) 0.00:-8042.40 52460 (39) sec
[439] Ep10000: Max 5562 (2246) steps (0.0006 hrs) 0.00:-8042.40 52523 (63) sec
[440] Ep10000: Max 5562 (2314) steps (0.0006 hrs) 0.00:-8042.40 52584 (61) sec
[441] Ep10000: Max 5562 (1904) steps (0.0005 hrs) 0.00:-8042.40 52618 (34) sec
[442] Ep10000: Max 5562 (1137) steps (0.0003 hrs) 0.00:-8042.40 52651 (33) sec
[443] Ep10000: Max 5562 (2074) steps (0.0006 hrs) 0.00:-8042.40 52685 (34) sec
[444] Ep10000: Max 5562 (1374) steps (0.0004 hrs) 0.00:-8042.40 52719 (34) sec
[445] Ep10000: Max 5562 (2294) steps (0.0006 hrs) 0.00:-8042.40 52779 (60) sec
[446] Ep10000: Max 5562 (2760) steps (0.0008 hrs) 0.00:-8042.40 52839 (60) sec
[447] Ep10000: Max 5562 (934) steps (0.0003 hrs) 0.00:-8042.40 52872 (33) sec
[448] Ep10000: Max 5562 (2747) steps (0.0008 hrs) 0.00:-8042.40 52933 (61) sec
[449] Ep10000: Max 5562 (1624) steps (0.0005 hrs) 0.00:-8042.40 52967 (34) sec
[450] Ep10000: Max 5562 (1716) steps (0.0005 hrs) 0.00:-8042.40 53008 (41) sec
[451] Ep10000: Max 5562 (1472) steps (0.0004 hrs) 0.00:-8042.40 53041 (33) sec
[452] Ep10000: Max 5562 (657) steps (0.0002 hrs) 0.00:-8042.40 53074 (33) sec
[453] Ep10000: Max 5562 (437) steps (0.0001 hrs) 0.00:-8042.40 53107 (33) sec
[454] Ep10000: Max 5562 (1630) steps (0.0005 hrs) 0.00:-8042.40 53142 (35) sec
[455] Ep10000: Max 5562 (3225) steps (0.0009 hrs) 0.00:-8042.40 53175 (33) sec
[456] Ep10000: Max 5562 (1470) steps (0.0004 hrs) 0.00:-8042.40 53208 (33) sec
[457] Ep10000: Max 5562 (527) steps (0.0001 hrs) 0.00:-8042.40 53241 (33) sec
[458] Ep10000: Max 5562 (522) steps (0.0001 hrs) 0.00:-8042.40 53274 (33) sec
[459] Ep10000: Max 5562 (2213) steps (0.0006 hrs) 0.00:-8042.40 53336 (62) sec
[460] Ep10000: Max 5562 (2178) steps (0.0006 hrs) 0.00:-8042.40 53401 (65) sec
[461] Ep10000: Max 5562 (1961) steps (0.0005 hrs) 0.00:-8042.40 53436 (35) sec
[462] Ep10000: Max 5562 (914) steps (0.0003 hrs) 0.00:-8042.40 53470 (34) sec
[463] Ep10000: Max 5562 (2083) steps (0.0006 hrs) 0.00:-8042.40 53529 (59) sec
[464] Ep10000: Max 5562 (2310) steps (0.0006 hrs) 0.00:-8042.40 53590 (61) sec
[465] Ep10000: Max 5562 (1410) steps (0.0004 hrs) 0.00:-8042.40 53624 (34) sec
[466] Ep10000: Max 5562 (729) steps (0.0002 hrs) 0.00:-8042.40 53657 (33) sec
[467] Ep10000: Max 5562 (2812) steps (0.0008 hrs) 0.00:-8042.40 53719 (62) sec
[468] Ep10000: Max 5562 (2888) steps (0.0008 hrs) 0.00:-8042.40 53781 (62) sec
[469] Ep10000: Max 5562 (2266) steps (0.0006 hrs) 0.00:-8042.40 53842 (61) sec
[470] Ep10000: Max 5562 (1171) steps (0.0003 hrs) 0.00:-8042.40 53876 (34) sec
[471] Ep10000: Max 5562 (1719) steps (0.0005 hrs) 0.00:-8042.40 53915 (39) sec
[472] Ep10000: Max 5562 (2428) steps (0.0007 hrs) 0.00:-8042.40 53976 (61) sec
[473] Ep10000: Max 5562 (479) steps (0.0001 hrs) 0.00:-8042.40 54010 (34) sec
[474] Ep10000: Max 5562 (2014) steps (0.0006 hrs) 0.00:-8042.40 54043 (33) sec
[475] Ep10000: Max 5562 (2383) steps (0.0007 hrs) 0.00:-8042.40 54103 (60) sec
[476] Ep10000: Max 5562 (982) steps (0.0003 hrs) 0.00:-8042.40 54136 (33) sec
[477] Ep10000: Max 5562 (2857) steps (0.0008 hrs) 0.00:-8042.40 54197 (61) sec
[478] Ep10000: Max 5562 (1548) steps (0.0004 hrs) 0.00:-8042.40 54230 (33) sec
[479] Ep10000: Max 5562 (2311) steps (0.0006 hrs) 0.00:-8042.40 54289 (59) sec
[480] Ep10000: Max 5562 (1289) steps (0.0004 hrs) 0.00:-8042.40 54322 (33) sec
[481] Ep10000: Max 5562 (2384) steps (0.0007 hrs) 0.00:-8042.40 54385 (63) sec
[482] Ep10000: Max 5562 (2040) steps (0.0006 hrs) 0.00:-8042.40 54445 (60) sec
[483] Ep10000: Max 5562 (832) steps (0.0002 hrs) 0.00:-8042.40 54478 (33) sec
[484] Ep10000: Max 5562 (1595) steps (0.0004 hrs) 0.00:-8042.40 54511 (33) sec
[485] Ep10000: Max 5562 (626) steps (0.0002 hrs) 0.00:-8042.40 54544 (33) sec
[486] Ep10000: Max 5562 (511) steps (0.0001 hrs) 0.00:-8042.40 54578 (34) sec
[487] Ep10000: Max 5562 (1621) steps (0.0005 hrs) 0.00:-8042.40 54612 (34) sec
[488] Ep10000: Max 5562 (2353) steps (0.0007 hrs) 0.00:-8042.40 54673 (61) sec
[489] Ep10000: Max 5562 (2705) steps (0.0008 hrs) 0.00:-8042.40 54733 (60) sec
[490] Ep10000: Max 5562 (1786) steps (0.0005 hrs) 0.00:-8042.40 54793 (60) sec
[491] Ep10000: Max 5562 (1927) steps (0.0005 hrs) 0.00:-8042.40 54854 (61) sec
[492] Ep10000: Max 5562 (2068) steps (0.0006 hrs) 0.00:-8042.40 54901 (47) sec
[493] Ep10000: Max 5562 (534) steps (0.0001 hrs) 0.00:-8042.40 54933 (32) sec
[494] Ep10000: Max 5562 (2076) steps (0.0006 hrs) 0.00:-8042.40 54994 (61) sec
[495] Ep10000: Max 5562 (2542) steps (0.0007 hrs) 0.00:-8042.40 55052 (58) sec
[496] Ep10000: Max 5562 (2110) steps (0.0006 hrs) 0.00:-8042.40 55092 (40) sec
[497] Ep10000: Max 5562 (1049) steps (0.0003 hrs) 0.00:-8042.40 55126 (34) sec
[498] Ep10000: Max 5562 (2400) steps (0.0007 hrs) 0.00:-8042.40 55187 (61) sec
[499] Ep10000: Max 5562 (1181) steps (0.0003 hrs) 0.00:-8042.40 55219 (32) sec
[500] Ep10000: Max 5562 (953) steps (0.0003 hrs) 0.00:-8042.40 55252 (33) sec
[501] Ep10000: Max 5562 (2361) steps (0.0007 hrs) 0.00:-8042.40 55313 (61) sec
[502] Ep10000: Max 5562 (1607) steps (0.0004 hrs) 0.00:-8042.40 55346 (33) sec
[503] Ep10000: Max 5562 (2168) steps (0.0006 hrs) 0.00:-8042.40 55405 (59) sec
[504] Ep10000: Max 5562 (3037) steps (0.0008 hrs) 0.00:-8042.40 55461 (56) sec
[505] Ep10000: Max 5562 (2083) steps (0.0006 hrs) 0.00:-8042.40 55521 (60) sec
[506] Ep10000: Max 5562 (2023) steps (0.0006 hrs) 0.00:-8042.40 55581 (60) sec
[507] Ep10000: Max 5562 (2344) steps (0.0007 hrs) 0.00:-8042.40 55636 (55) sec
[508] Ep10000: Max 5562 (2268) steps (0.0006 hrs) 0.00:-8042.40 55696 (60) sec
[509] Ep10000: Max 5562 (2167) steps (0.0006 hrs) 0.00:-8042.40 55761 (65) sec
[510] Ep10000: Max 5562 (2538) steps (0.0007 hrs) 0.00:-8042.40 55827 (66) sec
[511] Ep10000: Max 5562 (2014) steps (0.0006 hrs) 0.00:-8042.40 55891 (64) sec
[512] Ep10000: Max 5562 (1268) steps (0.0004 hrs) 0.00:-8042.40 55927 (36) sec
[513] Ep10000: Max 5562 (2884) steps (0.0008 hrs) 0.00:-8042.40 55993 (66) sec
[514] Ep10000: Max 5562 (2329) steps (0.0006 hrs) 0.00:-8042.40 56052 (59) sec
[515] Ep10000: Max 5562 (1194) steps (0.0003 hrs) 0.00:-8042.40 56085 (33) sec
[516] Ep10000: Max 5562 (2248) steps (0.0006 hrs) 0.00:-8042.40 56140 (55) sec
[517] Ep10000: Max 5562 (248) steps (0.0001 hrs) 0.00:-8042.40 56176 (36) sec
[518] Ep10000: Max 5562 (1859) steps (0.0005 hrs) 0.00:-8042.40 56213 (37) sec
[519] Ep10000: Max 5562 (352) steps (0.0001 hrs) 0.00:-8042.40 56246 (33) sec
[520] Ep10000: Max 5562 (1518) steps (0.0004 hrs) 0.00:-8042.40 56284 (38) sec
[521] Ep10000: Max 5562 (2521) steps (0.0007 hrs) 0.00:-8042.40 56333 (49) sec
[522] Ep10000: Max 5562 (2246) steps (0.0006 hrs) 0.00:-8042.40 56374 (41) sec
[523] Ep10000: Max 5562 (2150) steps (0.0006 hrs) 0.00:-8042.40 56416 (42) sec
[524] Ep10000: Max 5562 (768) steps (0.0002 hrs) 0.00:-8042.40 56450 (34) sec
[525] Ep10000: Max 5562 (2001) steps (0.0006 hrs) 0.00:-8042.40 56492 (42) sec
[526] Ep10000: Max 5562 (1832) steps (0.0005 hrs) 0.00:-8042.40 56536 (44) sec
[527] Ep10000: Max 5562 (2184) steps (0.0006 hrs) 0.00:-8042.40 56616 (80) sec
[528] Ep10000: Max 5562 (2732) steps (0.0008 hrs) 0.00:-8042.40 56682 (66) sec
[529] Ep10000: Max 5562 (2678) steps (0.0007 hrs) 0.00:-8042.40 56745 (63) sec
[530] Ep10000: Max 5562 (1974) steps (0.0005 hrs) 0.00:-8042.40 56806 (61) sec
[531] Ep10000: Max 5562 (2642) steps (0.0007 hrs) 0.00:-8042.40 56874 (68) sec
[532] Ep10000: Max 5562 (1985) steps (0.0006 hrs) 0.00:-8042.40 56914 (40) sec
[533] Ep10000: Max 5562 (2095) steps (0.0006 hrs) 0.00:-8042.40 56990 (76) sec
[534] Ep10000: Max 5562 (2059) steps (0.0006 hrs) 0.00:-8042.40 57054 (64) sec
[535] Ep10000: Max 5562 (1969) steps (0.0005 hrs) 0.00:-8042.40 57108 (54) sec
[536] Ep10000: Max 5562 (2300) steps (0.0006 hrs) 0.00:-8042.40 57188 (80) sec
[537] Ep10000: Max 5562 (297) steps (0.0001 hrs) 0.00:-8042.40 57225 (37) sec
[538] Ep10000: Max 5562 (1700) steps (0.0005 hrs) 0.00:-8042.40 57268 (43) sec
[539] Ep10000: Max 5562 (1035) steps (0.0003 hrs) 0.00:-8042.40 57306 (38) sec
[540] Ep10000: Max 5562 (331) steps (0.0001 hrs) 0.00:-8042.40 57344 (38) sec
[541] Ep10000: Max 5562 (371) steps (0.0001 hrs) 0.00:-8042.40 57379 (35) sec
[542] Ep10000: Max 5562 (2638) steps (0.0007 hrs) 0.00:-8042.40 57438 (59) sec
[543] Ep10000: Max 8834 (8834) steps (0.0025 hrs) 0.00:-8042.40 57500 (62) sec
[544] Ep10000: Max 8834 (1347) steps (0.0004 hrs) 0.00:-8042.40 57534 (34) sec
[545] Ep10000: Max 8834 (1417) steps (0.0004 hrs) 0.00:-8042.40 57568 (34) sec
[546] Ep10000: Max 8834 (1372) steps (0.0004 hrs) 0.00:-8042.40 57606 (38) sec
[547] Ep10000: Max 8834 (1884) steps (0.0005 hrs) 0.00:-8042.40 57659 (53) sec
[548] Ep10000: Max 8834 (329) steps (0.0001 hrs) 0.00:-8042.40 57692 (33) sec
[549] Ep10000: Max 8834 (1693) steps (0.0005 hrs) 0.00:-8042.40 57731 (39) sec
[550] Ep10000: Max 8834 (2247) steps (0.0006 hrs) 0.00:-8042.40 57793 (62) sec
[551] Ep10000: Max 8834 (838) steps (0.0002 hrs) 0.00:-8042.40 57826 (33) sec
[552] Ep10000: Max 8834 (2189) steps (0.0006 hrs) 0.00:-8042.40 57887 (61) sec
[553] Ep10000: Max 8834 (2211) steps (0.0006 hrs) 0.00:-8042.40 57947 (60) sec
[554] Ep10000: Max 8834 (773) steps (0.0002 hrs) 0.00:-8042.40 57980 (33) sec
[555] Ep10000: Max 8834 (2169) steps (0.0006 hrs) 0.00:-8042.40 58040 (60) sec
[556] Ep10000: Max 8834 (942) steps (0.0003 hrs) 0.00:-8042.40 58072 (32) sec
[557] Ep10000: Max 8834 (1367) steps (0.0004 hrs) 0.00:-8042.40 58105 (33) sec
[558] Ep10000: Max 8834 (2572) steps (0.0007 hrs) 0.00:-8042.40 58165 (60) sec
[559] Ep10000: Max 8834 (2340) steps (0.0007 hrs) 0.00:-8042.40 58224 (59) sec
[560] Ep10000: Max 8834 (1273) steps (0.0004 hrs) 0.00:-8042.40 58257 (33) sec
[561] Ep10000: Max 8834 (2247) steps (0.0006 hrs) 0.00:-8042.40 58318 (61) sec
[562] Ep10000: Max 8834 (1866) steps (0.0005 hrs) 0.00:-8042.40 58352 (34) sec
[563] Ep10000: Max 8834 (1974) steps (0.0005 hrs) 0.00:-8042.40 58390 (38) sec
[564] Ep10000: Max 8834 (1933) steps (0.0005 hrs) 0.00:-8042.40 58452 (62) sec
[565] Ep10000: Max 8834 (419) steps (0.0001 hrs) 0.00:-8042.40 58484 (32) sec
[566] Ep10000: Max 8834 (1992) steps (0.0006 hrs) 0.00:-8042.40 58540 (56) sec
[567] Ep10000: Max 8834 (2121) steps (0.0006 hrs) 0.00:-8042.40 58600 (60) sec
[568] Ep10000: Max 8834 (566) steps (0.0002 hrs) 0.00:-8042.40 58633 (33) sec
[569] Ep10000: Max 8834 (2174) steps (0.0006 hrs) 0.00:-8042.40 58693 (60) sec
[570] Ep10000: Max 8834 (1464) steps (0.0004 hrs) 0.00:-8042.40 58728 (35) sec
[571] Ep10000: Max 8834 (639) steps (0.0002 hrs) 0.00:-8042.40 58760 (32) sec
[572] Ep10000: Max 8834 (1620) steps (0.0005 hrs) 0.00:-8042.40 58800 (40) sec
[573] Ep10000: Max 8834 (2065) steps (0.0006 hrs) 0.00:-8042.40 58860 (60) sec
[574] Ep10000: Max 8834 (1739) steps (0.0005 hrs) 0.00:-8042.40 58896 (36) sec
[575] Ep10000: Max 8834 (2388) steps (0.0007 hrs) 0.00:-8042.40 58957 (61) sec
[576] Ep10000: Max 8834 (1926) steps (0.0005 hrs) 0.00:-8042.40 59017 (60) sec
[577] Ep10000: Max 8834 (2328) steps (0.0006 hrs) 0.00:-8042.40 59077 (60) sec
[578] Ep10000: Max 8834 (2578) steps (0.0007 hrs) 0.00:-8042.40 59136 (59) sec
[579] Ep10000: Max 8834 (416) steps (0.0001 hrs) 0.00:-8042.40 59169 (33) sec
[580] Ep10000: Max 8834 (2148) steps (0.0006 hrs) 0.00:-8042.40 59228 (59) sec
[581] Ep10000: Max 8834 (2600) steps (0.0007 hrs) 0.00:-8042.40 59289 (61) sec
[582] Ep10000: Max 8834 (577) steps (0.0002 hrs) 0.00:-8042.40 59321 (32) sec
[583] Ep10000: Max 8834 (1591) steps (0.0004 hrs) 0.00:-8042.40 59353 (32) sec
[584] Ep10000: Max 8834 (1340) steps (0.0004 hrs) 0.00:-8042.40 59386 (33) sec
[585] Ep10000: Max 8834 (2264) steps (0.0006 hrs) 0.00:-8042.40 59440 (54) sec
[586] Ep10000: Max 8834 (2135) steps (0.0006 hrs) 0.00:-8042.40 59500 (60) sec
[587] Ep10000: Max 8834 (2206) steps (0.0006 hrs) 0.00:-8042.40 59559 (59) sec
[588] Ep10000: Max 8834 (1956) steps (0.0005 hrs) 0.00:-8042.40 59620 (61) sec
[589] Ep10000: Max 8834 (2442) steps (0.0007 hrs) 0.00:-8042.40 59674 (54) sec
[590] Ep10000: Max 8834 (1093) steps (0.0003 hrs) 0.00:-8042.40 59706 (32) sec
[591] Ep10000: Max 8834 (305) steps (0.0001 hrs) 0.00:-8042.40 59739 (33) sec
[592] Ep10000: Max 8834 (966) steps (0.0003 hrs) 0.00:-8042.40 59772 (33) sec
[593] Ep10000: Max 8834 (2153) steps (0.0006 hrs) 0.00:-8042.40 59832 (60) sec
[594] Ep10000: Max 8834 (832) steps (0.0002 hrs) 0.00:-8042.40 59865 (33) sec
[595] Ep10000: Max 8834 (2246) steps (0.0006 hrs) 0.00:-8042.40 59924 (59) sec
[596] Ep10000: Max 8834 (1172) steps (0.0003 hrs) 0.00:-8042.40 59957 (33) sec
[597] Ep10000: Max 8834 (1396) steps (0.0004 hrs) 0.00:-8042.40 59991 (34) sec
[598] Ep10000: Max 8834 (2494) steps (0.0007 hrs) 0.00:-8042.40 60054 (63) sec
[599] Ep10000: Max 8834 (2476) steps (0.0007 hrs) 0.00:-8042.40 60115 (61) sec
[600] Ep10000: Max 8834 (2396) steps (0.0007 hrs) 0.00:-8042.40 60173 (58) sec
[601] Ep10000: Max 8834 (2670) steps (0.0007 hrs) 0.00:-8042.40 60234 (61) sec
[602] Ep10000: Max 8834 (605) steps (0.0002 hrs) 0.00:-8042.40 60267 (33) sec
[603] Ep10000: Max 8834 (312) steps (0.0001 hrs) 0.00:-8042.40 60298 (31) sec
[604] Ep10000: Max 8834 (1859) steps (0.0005 hrs) 0.00:-8042.40 60331 (33) sec
[605] Ep10000: Max 8834 (1693) steps (0.0005 hrs) 0.00:-8042.40 60373 (42) sec
[606] Ep10000: Max 8834 (2120) steps (0.0006 hrs) 0.00:-8042.40 60428 (55) sec
[607] Ep10000: Max 8834 (2136) steps (0.0006 hrs) 0.00:-8042.40 60489 (61) sec
[608] Ep10000: Max 8834 (2499) steps (0.0007 hrs) 0.00:-8042.40 60548 (59) sec
[609] Ep10000: Max 18972 (18972) steps (0.0053 hrs) 0.00:-8042.40 60608 (60) sec
[610] Ep10000: Max 18972 (1249) steps (0.0003 hrs) 0.00:-8042.40 60641 (33) sec
[611] Ep10000: Max 18972 (2080) steps (0.0006 hrs) 0.00:-8042.40 60705 (64) sec
[612] Ep10000: Max 18972 (2277) steps (0.0006 hrs) 0.00:-8042.40 60775 (70) sec
[613] Ep10000: Max 18972 (1153) steps (0.0003 hrs) 0.00:-8042.40 60822 (47) sec
[614] Ep10000: Max 18972 (1962) steps (0.0005 hrs) 0.00:-8042.40 60889 (67) sec
[615] Ep10000: Max 18972 (328) steps (0.0001 hrs) 0.00:-8042.40 60928 (39) sec
[616] Ep10000: Max 18972 (929) steps (0.0003 hrs) 0.00:-8042.40 60963 (35) sec
[617] Ep10000: Max 18972 (1972) steps (0.0005 hrs) 0.00:-8042.40 61030 (67) sec
[618] Ep10000: Max 18972 (1692) steps (0.0005 hrs) 0.00:-8042.40 61069 (39) sec
[619] Ep10000: Max 18972 (335) steps (0.0001 hrs) 0.00:-8042.40 61103 (34) sec
[620] Ep10000: Max 18972 (1800) steps (0.0005 hrs) 0.00:-8042.40 61176 (73) sec
[621] Ep10000: Max 18972 (2062) steps (0.0006 hrs) 0.00:-8042.40 61239 (63) sec
[622] Ep10000: Max 18972 (1592) steps (0.0004 hrs) 0.00:-8042.40 61276 (37) sec
[623] Ep10000: Max 18972 (2092) steps (0.0006 hrs) 0.00:-8042.40 61335 (59) sec
[624] Ep10000: Max 18972 (409) steps (0.0001 hrs) 0.00:-8042.40 61369 (34) sec
[625] Ep10000: Max 18972 (2398) steps (0.0007 hrs) 0.00:-8042.40 61430 (61) sec
[626] Ep10000: Max 18972 (1500) steps (0.0004 hrs) 0.00:-8042.40 61462 (32) sec
[627] Ep10000: Max 18972 (2300) steps (0.0006 hrs) 0.00:-8042.40 61511 (49) sec
[628] Ep10000: Max 18972 (671) steps (0.0002 hrs) 0.00:-8042.40 61547 (36) sec
[629] Ep10000: Max 18972 (751) steps (0.0002 hrs) 0.00:-8042.40 61580 (33) sec
[630] Ep10000: Max 18972 (1879) steps (0.0005 hrs) 0.00:-8042.40 61618 (38) sec
[631] Ep10000: Max 18972 (1793) steps (0.0005 hrs) 0.00:-8042.40 61660 (42) sec
[632] Ep10000: Max 18972 (2118) steps (0.0006 hrs) 0.00:-8042.40 61719 (59) sec
[633] Ep10000: Max 18972 (1561) steps (0.0004 hrs) 0.00:-8042.40 61751 (32) sec
[634] Ep10000: Max 18972 (2609) steps (0.0007 hrs) 0.00:-8042.40 61810 (59) sec
[635] Ep10000: Max 18972 (1253) steps (0.0003 hrs) 0.00:-8042.40 61844 (34) sec
[636] Ep10000: Max 18972 (1730) steps (0.0005 hrs) 0.00:-8042.40 61888 (44) sec
[637] Ep10000: Max 18972 (1143) steps (0.0003 hrs) 0.00:-8042.40 61923 (35) sec
[638] Ep10000: Max 18972 (2128) steps (0.0006 hrs) 0.00:-8042.40 61984 (61) sec
[639] Ep10000: Max 18972 (2749) steps (0.0008 hrs) 0.00:-8042.40 62022 (38) sec
[640] Ep10000: Max 18972 (1997) steps (0.0006 hrs) 0.00:-8042.40 62083 (61) sec
[641] Ep10000: Max 18972 (214) steps (0.0001 hrs) 0.00:-8042.40 62118 (35) sec
[642] Ep10000: Max 18972 (1688) steps (0.0005 hrs) 0.00:-8042.40 62158 (40) sec
[643] Ep10000: Max 18972 (3450) steps (0.0010 hrs) 0.00:-8042.40 62192 (34) sec
[644] Ep10000: Max 18972 (723) steps (0.0002 hrs) 0.00:-8042.40 62225 (33) sec
[645] Ep10000: Max 18972 (1714) steps (0.0005 hrs) 0.00:-8042.40 62259 (34) sec
[646] Ep10000: Max 18972 (328) steps (0.0001 hrs) 0.00:-8042.40 62291 (32) sec
[647] Ep10000: Max 18972 (568) steps (0.0002 hrs) 0.00:-8042.40 62324 (33) sec
[648] Ep10000: Max 18972 (1962) steps (0.0005 hrs) 0.00:-8042.40 62411 (87) sec
[649] Ep10000: Max 18972 (1556) steps (0.0004 hrs) 0.00:-8042.40 62480 (69) sec
[650] Ep10000: Max 18972 (2251) steps (0.0006 hrs) 0.00:-8042.40 62611 (131) sec
[651] Ep10000: Max 18972 (1346) steps (0.0004 hrs) 0.00:-8042.40 62649 (38) sec
[652] Ep10000: Max 18972 (2150) steps (0.0006 hrs) 0.00:-8042.40 62710 (61) sec
[653] Ep10000: Max 18972 (1896) steps (0.0005 hrs) 0.00:-8042.40 62745 (35) sec
[654] Ep10000: Max 18972 (552) steps (0.0002 hrs) 0.00:-8042.40 62780 (35) sec
[655] Ep10000: Max 18972 (596) steps (0.0002 hrs) 0.00:-8042.40 62822 (42) sec
[656] Ep10000: Max 18972 (1684) steps (0.0005 hrs) 0.00:-8042.40 62942 (120) sec
[657] Ep10000: Max 18972 (241) steps (0.0001 hrs) 0.00:-8042.40 63231 (289) sec
[658] Ep10000: Max 18972 (278) steps (0.0001 hrs) 0.00:-8042.40 63632 (401) sec
[659] Ep10000: Max 18972 (473) steps (0.0001 hrs) 0.00:-8042.40 63878 (246) sec
[660] Ep10000: Max 18972 (2570) steps (0.0007 hrs) 0.00:-8042.40 63944 (66) sec
[661] Ep10000: Max 18972 (2587) steps (0.0007 hrs) 0.00:-8042.40 64006 (62) sec
[662] Ep10000: Max 18972 (834) steps (0.0002 hrs) 0.00:-8042.40 64060 (54) sec
[663] Ep10000: Max 18972 (1860) steps (0.0005 hrs) 0.00:-8042.40 64154 (94) sec
[664] Ep10000: Max 18972 (889) steps (0.0002 hrs) 0.00:-8042.40 64193 (39) sec
[665] Ep10000: Max 18972 (1993) steps (0.0006 hrs) 0.00:-8042.40 64258 (65) sec
[666] Ep10000: Max 18972 (1817) steps (0.0005 hrs) 0.00:-8042.40 64301 (43) sec
[667] Ep10000: Max 18972 (1465) steps (0.0004 hrs) 0.00:-8042.40 64341 (40) sec
[668] Ep10000: Max 18972 (303) steps (0.0001 hrs) 0.00:-8042.40 64381 (40) sec
[669] Ep10000: Max 18972 (1180) steps (0.0003 hrs) 0.00:-8042.40 64414 (33) sec
[670] Ep10000: Max 18972 (2893) steps (0.0008 hrs) 0.00:-8042.40 64475 (61) sec
[671] Ep10000: Max 18972 (2204) steps (0.0006 hrs) 0.00:-8042.40 64540 (65) sec
[672] Ep10000: Max 18972 (2839) steps (0.0008 hrs) 0.00:-8042.40 64603 (63) sec
[673] Ep10000: Max 18972 (821) steps (0.0002 hrs) 0.00:-8042.40 64636 (33) sec
[674] Ep10000: Max 18972 (1537) steps (0.0004 hrs) 0.00:-8042.40 64669 (33) sec
[675] Ep10000: Max 18972 (413) steps (0.0001 hrs) 0.00:-8042.40 64702 (33) sec
[676] Ep10000: Max 18972 (2129) steps (0.0006 hrs) 0.00:-8042.40 64761 (59) sec
[677] Ep10000: Max 18972 (1939) steps (0.0005 hrs) 0.00:-8042.40 64825 (64) sec
[678] Ep10000: Max 18972 (1383) steps (0.0004 hrs) 0.00:-8042.40 64858 (33) sec
[679] Ep10000: Max 18972 (216) steps (0.0001 hrs) 0.00:-8042.40 64890 (32) sec
[680] Ep10000: Max 18972 (1552) steps (0.0004 hrs) 0.00:-8042.40 64923 (33) sec
[681] Ep10000: Max 18972 (521) steps (0.0001 hrs) 0.00:-8042.40 64956 (33) sec
[682] Ep10000: Max 18972 (2246) steps (0.0006 hrs) 0.00:-8042.40 65017 (61) sec
[683] Ep10000: Max 18972 (2508) steps (0.0007 hrs) 0.00:-8042.40 65078 (61) sec
[684] Ep10000: Max 18972 (2246) steps (0.0006 hrs) 0.00:-8042.40 65138 (60) sec
[685] Ep10000: Max 18972 (2590) steps (0.0007 hrs) 0.00:-8042.40 65195 (57) sec
[686] Ep10000: Max 18972 (2653) steps (0.0007 hrs) 0.00:-8042.40 65256 (61) sec
[687] Ep10000: Max 18972 (532) steps (0.0001 hrs) 0.00:-8042.40 65290 (34) sec
[688] Ep10000: Max 18972 (1622) steps (0.0005 hrs) 0.00:-8042.40 65325 (35) sec
[689] Ep10000: Max 18972 (2071) steps (0.0006 hrs) 0.00:-8042.40 65380 (55) sec
[690] Ep10000: Max 18972 (2273) steps (0.0006 hrs) 0.00:-8042.40 65441 (61) sec
[691] Ep10000: Max 18972 (2395) steps (0.0007 hrs) 0.00:-8042.40 65502 (61) sec
[692] Ep10000: Max 18972 (3925) steps (0.0011 hrs) 0.00:-8042.40 65563 (61) sec
[693] Ep10000: Max 18972 (846) steps (0.0002 hrs) 0.00:-8042.40 65595 (32) sec
[694] Ep10000: Max 18972 (2094) steps (0.0006 hrs) 0.00:-8042.40 65654 (59) sec
[695] Ep10000: Max 18972 (287) steps (0.0001 hrs) 0.00:-8042.40 65687 (33) sec
[696] Ep10000: Max 18972 (252) steps (0.0001 hrs) 0.00:-8042.40 65722 (35) sec
[697] Ep10000: Max 18972 (862) steps (0.0002 hrs) 0.00:-8042.40 65755 (33) sec
[698] Ep10000: Max 18972 (2041) steps (0.0006 hrs) 0.00:-8042.40 65795 (40) sec
[699] Ep10000: Max 18972 (2058) steps (0.0006 hrs) 0.00:-8042.40 65855 (60) sec
[700] Ep10000: Max 18972 (1225) steps (0.0003 hrs) 0.00:-8042.40 65889 (34) sec
[701] Ep10000: Max 18972 (1524) steps (0.0004 hrs) 0.00:-8042.40 65924 (35) sec
[702] Ep10000: Max 18972 (2411) steps (0.0007 hrs) 0.00:-8042.40 65979 (55) sec
[703] Ep10000: Max 18972 (2071) steps (0.0006 hrs) 0.00:-8042.40 66040 (61) sec
[704] Ep10000: Max 18972 (4031) steps (0.0011 hrs) 0.00:-8042.40 66095 (55) sec
[705] Ep10000: Max 18972 (1794) steps (0.0005 hrs) 0.00:-8042.40 66133 (38) sec
[706] Ep10000: Max 18972 (387) steps (0.0001 hrs) 0.00:-8042.40 66165 (32) sec
[707] Ep10000: Max 18972 (2384) steps (0.0007 hrs) 0.00:-8042.40 66226 (61) sec
[708] Ep10000: Max 18972 (2134) steps (0.0006 hrs) 0.00:-8042.40 66277 (51) sec
[709] Ep10000: Max 18972 (2324) steps (0.0006 hrs) 0.00:-8042.40 66338 (61) sec
[710] Ep10000: Max 18972 (2756) steps (0.0008 hrs) 0.00:-8042.40 66393 (55) sec
[711] Ep10000: Max 18972 (2571) steps (0.0007 hrs) 0.00:-8042.40 66455 (62) sec
[712] Ep10000: Max 18972 (453) steps (0.0001 hrs) 0.00:-8042.40 66505 (50) sec
[713] Ep10000: Max 18972 (1387) steps (0.0004 hrs) 0.00:-8042.40 66596 (91) sec
[714] Ep10000: Max 18972 (2501) steps (0.0007 hrs) 0.00:-8042.40 66722 (126) sec
[715] Ep10000: Max 18972 (2349) steps (0.0007 hrs) 0.00:-8042.40 66837 (115) sec
[716] Ep10000: Max 18972 (1879) steps (0.0005 hrs) 0.00:-8042.40 66976 (139) sec
[717] Ep10000: Max 18972 (1221) steps (0.0003 hrs) 0.00:-8042.40 67039 (63) sec
[718] Ep10000: Max 18972 (1189) steps (0.0003 hrs) 0.00:-8042.40 67115 (76) sec
[719] Ep10000: Max 18972 (2751) steps (0.0008 hrs) 0.00:-8042.40 67251 (136) sec
[720] Ep10000: Max 18972 (1570) steps (0.0004 hrs) 0.00:-8042.40 67338 (87) sec
[721] Ep10000: Max 18972 (2203) steps (0.0006 hrs) 0.00:-8042.40 67443 (105) sec
[722] Ep10000: Max 18972 (1860) steps (0.0005 hrs) 0.00:-8042.40 67546 (103) sec
[723] Ep10000: Max 18972 (584) steps (0.0002 hrs) 0.00:-8042.40 67676 (130) sec
[724] Ep10000: Max 18972 (444) steps (0.0001 hrs) 0.00:-8042.40 67764 (88) sec
[725] Ep10000: Max 18972 (2112) steps (0.0006 hrs) 0.00:-8042.40 67897 (133) sec
[726] Ep10000: Max 18972 (680) steps (0.0002 hrs) 0.00:-8042.40 68006 (109) sec
[727] Ep10000: Max 18972 (2850) steps (0.0008 hrs) 0.00:-8042.40 68042 (36) sec
[728] Ep10000: Max 18972 (2178) steps (0.0006 hrs) 0.00:-8042.40 68101 (59) sec
[729] Ep10000: Max 18972 (2708) steps (0.0008 hrs) 0.00:-8042.40 68156 (55) sec
[730] Ep10000: Max 18972 (2653) steps (0.0007 hrs) 0.00:-8042.40 68202 (46) sec
[731] Ep10000: Max 18972 (2757) steps (0.0008 hrs) 0.00:-8042.40 68262 (60) sec
[732] Ep10000: Max 18972 (928) steps (0.0003 hrs) 0.00:-8042.40 68294 (32) sec
[733] Ep10000: Max 18972 (634) steps (0.0002 hrs) 0.00:-8042.40 68326 (32) sec
[734] Ep10000: Max 18972 (2114) steps (0.0006 hrs) 0.00:-8042.40 68384 (58) sec
[735] Ep10000: Max 18972 (2731) steps (0.0008 hrs) 0.00:-8042.40 68446 (62) sec
[736] Ep10000: Max 18972 (262) steps (0.0001 hrs) 0.00:-8042.40 68478 (32) sec
[737] Ep10000: Max 18972 (2264) steps (0.0006 hrs) 0.00:-8042.40 68537 (59) sec
[738] Ep10000: Max 18972 (331) steps (0.0001 hrs) 0.00:-8042.40 68569 (32) sec
[739] Ep10000: Max 18972 (1103) steps (0.0003 hrs) 0.00:-8042.40 68602 (33) sec
[740] Ep10000: Max 18972 (2088) steps (0.0006 hrs) 0.00:-8042.40 68662 (60) sec
[741] Ep10000: Max 18972 (610) steps (0.0002 hrs) 0.00:-8042.40 68694 (32) sec
[742] Ep10000: Max 18972 (450) steps (0.0001 hrs) 0.00:-8042.40 68726 (32) sec
[743] Ep10000: Max 18972 (2028) steps (0.0006 hrs) 0.00:-8042.40 68769 (43) sec
[744] Ep10000: Max 18972 (1180) steps (0.0003 hrs) 0.00:-8042.40 68802 (33) sec
[745] Ep10000: Max 18972 (2334) steps (0.0006 hrs) 0.00:-8042.40 68860 (58) sec
[746] Ep10000: Max 18972 (1522) steps (0.0004 hrs) 0.00:-8042.40 68892 (32) sec
[747] Ep10000: Max 18972 (1916) steps (0.0005 hrs) 0.00:-8042.40 68926 (34) sec
[748] Ep10000: Max 18972 (2328) steps (0.0006 hrs) 0.00:-8042.40 68987 (61) sec
[749] Ep10000: Max 18972 (2053) steps (0.0006 hrs) 0.00:-8042.40 69047 (60) sec
[750] Ep10000: Max 18972 (1235) steps (0.0003 hrs) 0.00:-8042.40 69078 (31) sec
[751] Ep10000: Max 18972 (2432) steps (0.0007 hrs) 0.00:-8042.40 69137 (59) sec
[752] Ep10000: Max 18972 (421) steps (0.0001 hrs) 0.00:-8042.40 69169 (32) sec
[753] Ep10000: Max 18972 (1347) steps (0.0004 hrs) 0.00:-8042.40 69201 (32) sec
[754] Ep10000: Max 18972 (1799) steps (0.0005 hrs) 0.00:-8042.40 69254 (53) sec
[755] Ep10000: Max 18972 (333) steps (0.0001 hrs) 0.00:-8042.40 69286 (32) sec
[756] Ep10000: Max 18972 (2351) steps (0.0007 hrs) 0.00:-8042.40 69347 (61) sec
[757] Ep10000: Max 18972 (1130) steps (0.0003 hrs) 0.00:-8042.40 69379 (32) sec
[758] Ep10000: Max 18972 (1991) steps (0.0006 hrs) 0.00:-8042.40 69415 (36) sec
[759] Ep10000: Max 18972 (2011) steps (0.0006 hrs) 0.00:-8042.40 69451 (36) sec
[760] Ep10000: Max 18972 (989) steps (0.0003 hrs) 0.00:-8042.40 69484 (33) sec
[761] Ep10000: Max 18972 (777) steps (0.0002 hrs) 0.00:-8042.40 69516 (32) sec
[762] Ep10000: Max 18972 (1418) steps (0.0004 hrs) 0.00:-8042.40 69551 (35) sec
[763] Ep10000: Max 18972 (3077) steps (0.0009 hrs) 0.00:-8042.40 69611 (60) sec
[764] Ep10000: Max 18972 (2365) steps (0.0007 hrs) 0.00:-8042.40 69667 (56) sec
[765] Ep10000: Max 18972 (2090) steps (0.0006 hrs) 0.00:-8042.40 69717 (50) sec
[766] Ep10000: Max 18972 (2041) steps (0.0006 hrs) 0.00:-8042.40 69762 (45) sec
[767] Ep10000: Max 18972 (2265) steps (0.0006 hrs) 0.00:-8042.40 69822 (60) sec
[768] Ep10000: Max 18972 (435) steps (0.0001 hrs) 0.00:-8042.40 69854 (32) sec
[769] Ep10000: Max 18972 (1223) steps (0.0003 hrs) 0.00:-8042.40 69887 (33) sec
[770] Ep10000: Max 18972 (360) steps (0.0001 hrs) 0.00:-8042.40 69919 (32) sec
[771] Ep10000: Max 18972 (413) steps (0.0001 hrs) 0.00:-8042.40 69950 (31) sec
[772] Ep10000: Max 18972 (1411) steps (0.0004 hrs) 0.00:-8042.40 69984 (34) sec
[773] Ep10000: Max 18972 (2064) steps (0.0006 hrs) 0.00:-8042.40 70043 (59) sec
[774] Ep10000: Max 18972 (2411) steps (0.0007 hrs) 0.00:-8042.40 70104 (61) sec
[775] Ep10000: Max 18972 (2433) steps (0.0007 hrs) 0.00:-8042.40 70163 (59) sec
[776] Ep10000: Max 18972 (2280) steps (0.0006 hrs) 0.00:-8042.40 70223 (60) sec
[777] Ep10000: Max 18972 (2070) steps (0.0006 hrs) 0.00:-8042.40 70282 (59) sec
[778] Ep10000: Max 18972 (2117) steps (0.0006 hrs) 0.00:-8042.40 70341 (59) sec
[779] Ep10000: Max 18972 (1736) steps (0.0005 hrs) 0.00:-8042.40 70379 (38) sec
[780] Ep10000: Max 18972 (1852) steps (0.0005 hrs) 0.00:-8042.40 70439 (60) sec
[781] Ep10000: Max 18972 (2043) steps (0.0006 hrs) 0.00:-8042.40 70486 (47) sec
[782] Ep10000: Max 18972 (2175) steps (0.0006 hrs) 0.00:-8042.40 70546 (60) sec
[783] Ep10000: Max 18972 (2324) steps (0.0006 hrs) 0.00:-8042.40 70600 (54) sec
[784] Ep10000: Max 18972 (2235) steps (0.0006 hrs) 0.00:-8042.40 70661 (61) sec
[785] Ep10000: Max 18972 (1297) steps (0.0004 hrs) 0.00:-8042.40 70692 (31) sec
[786] Ep10000: Max 18972 (2099) steps (0.0006 hrs) 0.00:-8042.40 70745 (53) sec
[787] Ep10000: Max 18972 (1934) steps (0.0005 hrs) 0.00:-8042.40 70804 (59) sec
[788] Ep10000: Max 18972 (2360) steps (0.0007 hrs) 0.00:-8042.40 70841 (37) sec
[789] Ep10000: Max 18972 (1551) steps (0.0004 hrs) 0.00:-8042.40 70876 (35) sec
[790] Ep10000: Max 18972 (1904) steps (0.0005 hrs) 0.00:-8042.40 70936 (60) sec
[791] Ep10000: Max 18972 (2216) steps (0.0006 hrs) 0.00:-8042.40 70996 (60) sec
[792] Ep10000: Max 18972 (2045) steps (0.0006 hrs) 0.00:-8042.40 71056 (60) sec
[793] Ep10000: Max 18972 (1960) steps (0.0005 hrs) 0.00:-8042.40 71115 (59) sec
[794] Ep10000: Max 18972 (1081) steps (0.0003 hrs) 0.00:-8042.40 71148 (33) sec
[795] Ep10000: Max 18972 (2246) steps (0.0006 hrs) 0.00:-8042.40 71208 (60) sec
[796] Ep10000: Max 18972 (753) steps (0.0002 hrs) 0.00:-8042.40 71240 (32) sec
[797] Ep10000: Max 18972 (1134) steps (0.0003 hrs) 0.00:-8042.40 71271 (31) sec
[798] Ep10000: Max 18972 (2072) steps (0.0006 hrs) 0.00:-8042.40 71328 (57) sec
[799] Ep10000: Max 18972 (1066) steps (0.0003 hrs) 0.00:-8042.40 71359 (31) sec
[800] Ep10000: Max 18972 (3225) steps (0.0009 hrs) 0.00:-8042.40 71418 (59) sec
[801] Ep10000: Max 18972 (2398) steps (0.0007 hrs) 0.00:-8042.40 71476 (58) sec
[802] Ep10000: Max 18972 (2096) steps (0.0006 hrs) 0.00:-8042.40 71524 (48) sec
[803] Ep10000: Max 18972 (1986) steps (0.0006 hrs) 0.00:-8042.40 71583 (59) sec
[804] Ep10000: Max 18972 (2211) steps (0.0006 hrs) 0.00:-8042.40 71629 (46) sec
[805] Ep10000: Max 18972 (2685) steps (0.0007 hrs) 0.00:-8042.40 71688 (59) sec
[806] Ep10000: Max 18972 (598) steps (0.0002 hrs) 0.00:-8042.40 71720 (32) sec
[807] Ep10000: Max 18972 (2251) steps (0.0006 hrs) 0.00:-8042.40 71779 (59) sec
[808] Ep10000: Max 18972 (2280) steps (0.0006 hrs) 0.00:-8042.40 71838 (59) sec
[809] Ep10000: Max 18972 (2704) steps (0.0008 hrs) 0.00:-8042.40 71878 (40) sec
[810] Ep10000: Max 18972 (2303) steps (0.0006 hrs) 0.00:-8042.40 71937 (59) sec
[811] Ep10000: Max 18972 (2056) steps (0.0006 hrs) 0.00:-8042.40 71998 (61) sec
[812] Ep10000: Max 18972 (254) steps (0.0001 hrs) 0.00:-8042.40 72029 (31) sec
[813] Ep10000: Max 18972 (2134) steps (0.0006 hrs) 0.00:-8042.40 72086 (57) sec
[814] Ep10000: Max 18972 (2495) steps (0.0007 hrs) 0.00:-8042.40 72158 (72) sec
[815] Ep10000: Max 18972 (1595) steps (0.0004 hrs) 0.00:-8042.40 72192 (34) sec
[816] Ep10000: Max 18972 (1923) steps (0.0005 hrs) 0.00:-8042.40 72233 (41) sec
[817] Ep10000: Max 18972 (1846) steps (0.0005 hrs) 0.00:-8042.40 72281 (48) sec
[818] Ep10000: Max 18972 (4102) steps (0.0011 hrs) 0.00:-8042.40 72325 (44) sec
[819] Ep10000: Max 18972 (2802) steps (0.0008 hrs) 0.00:-8042.40 72358 (33) sec
[820] Ep10000: Max 18972 (2596) steps (0.0007 hrs) 0.00:-8042.40 72417 (59) sec
[821] Ep10000: Max 18972 (2107) steps (0.0006 hrs) 0.00:-8042.40 72477 (60) sec
[822] Ep10000: Max 18972 (459) steps (0.0001 hrs) 0.00:-8042.40 72508 (31) sec
[823] Ep10000: Max 18972 (1647) steps (0.0005 hrs) 0.00:-8042.40 72551 (43) sec
[824] Ep10000: Max 18972 (827) steps (0.0002 hrs) 0.00:-8042.40 72583 (32) sec
[825] Ep10000: Max 18972 (232) steps (0.0001 hrs) 0.00:-8042.40 72615 (32) sec
[826] Ep10000: Max 18972 (2168) steps (0.0006 hrs) 0.00:-8042.40 72673 (58) sec
[827] Ep10000: Max 18972 (1376) steps (0.0004 hrs) 0.00:-8042.40 72705 (32) sec
[828] Ep10000: Max 18972 (2339) steps (0.0006 hrs) 0.00:-8042.40 72766 (61) sec
[829] Ep10000: Max 18972 (386) steps (0.0001 hrs) 0.00:-8042.40 72796 (30) sec
[830] Ep10000: Max 18972 (2124) steps (0.0006 hrs) 0.00:-8042.40 72855 (59) sec
[831] Ep10000: Max 18972 (558) steps (0.0002 hrs) 0.00:-8042.40 72887 (32) sec
[832] Ep10000: Max 18972 (304) steps (0.0001 hrs) 0.00:-8042.40 72920 (33) sec
[833] Ep10000: Max 18972 (2173) steps (0.0006 hrs) 0.00:-8042.40 72979 (59) sec
[834] Ep10000: Max 18972 (2608) steps (0.0007 hrs) 0.00:-8042.40 73037 (58) sec
[835] Ep10000: Max 18972 (2194) steps (0.0006 hrs) 0.00:-8042.40 73096 (59) sec
[836] Ep10000: Max 18972 (1758) steps (0.0005 hrs) 0.00:-8042.40 73155 (59) sec
[837] Ep10000: Max 18972 (2110) steps (0.0006 hrs) 0.00:-8042.40 73212 (57) sec
[838] Ep10000: Max 18972 (1303) steps (0.0004 hrs) 0.00:-8042.40 73245 (33) sec
[839] Ep10000: Max 18972 (2174) steps (0.0006 hrs) 0.00:-8042.40 73284 (39) sec
[840] Ep10000: Max 18972 (1919) steps (0.0005 hrs) 0.00:-8042.40 73341 (57) sec
[841] Ep10000: Max 18972 (2071) steps (0.0006 hrs) 0.00:-8042.40 73391 (50) sec
[842] Ep10000: Max 18972 (1884) steps (0.0005 hrs) 0.00:-8042.40 73423 (32) sec
[843] Ep10000: Max 18972 (1530) steps (0.0004 hrs) 0.00:-8042.40 73455 (32) sec
[844] Ep10000: Max 18972 (401) steps (0.0001 hrs) 0.00:-8042.40 73486 (31) sec
[845] Ep10000: Max 18972 (2083) steps (0.0006 hrs) 0.00:-8042.40 73540 (54) sec
[846] Ep10000: Max 18972 (605) steps (0.0002 hrs) 0.00:-8042.40 73571 (31) sec
[847] Ep10000: Max 18972 (2548) steps (0.0007 hrs) 0.00:-8042.40 73632 (61) sec
[848] Ep10000: Max 18972 (2155) steps (0.0006 hrs) 0.00:-8042.40 73692 (60) sec
[849] Ep10000: Max 18972 (2339) steps (0.0006 hrs) 0.00:-8042.40 73751 (59) sec
[850] Ep10000: Max 18972 (2062) steps (0.0006 hrs) 0.00:-8042.40 73785 (34) sec
[851] Ep10000: Max 18972 (308) steps (0.0001 hrs) 0.00:-8042.40 73817 (32) sec
[852] Ep10000: Max 18972 (2338) steps (0.0006 hrs) 0.00:-8042.40 73876 (59) sec
[853] Ep10000: Max 18972 (2418) steps (0.0007 hrs) 0.00:-8042.40 73936 (60) sec
[854] Ep10000: Max 18972 (319) steps (0.0001 hrs) 0.00:-8042.40 73967 (31) sec
[855] Ep10000: Max 18972 (1867) steps (0.0005 hrs) 0.00:-8042.40 74005 (38) sec
[856] Ep10000: Max 18972 (2045) steps (0.0006 hrs) 0.00:-8042.40 74041 (36) sec
[857] Ep10000: Max 18972 (467) steps (0.0001 hrs) 0.00:-8042.40 74072 (31) sec
[858] Ep10000: Max 18972 (1351) steps (0.0004 hrs) 0.00:-8042.40 74104 (32) sec
[859] Ep10000: Max 18972 (2038) steps (0.0006 hrs) 0.00:-8042.40 74164 (60) sec
[860] Ep10000: Max 18972 (422) steps (0.0001 hrs) 0.00:-8042.40 74196 (32) sec
[861] Ep10000: Max 18972 (2430) steps (0.0007 hrs) 0.00:-8042.40 74255 (59) sec
[862] Ep10000: Max 18972 (2616) steps (0.0007 hrs) 0.00:-8042.40 74315 (60) sec
[863] Ep10000: Max 18972 (2901) steps (0.0008 hrs) 0.00:-8042.40 74374 (59) sec
[864] Ep10000: Max 18972 (2026) steps (0.0006 hrs) 0.00:-8042.40 74421 (47) sec
[865] Ep10000: Max 18972 (1853) steps (0.0005 hrs) 0.00:-8042.40 74455 (34) sec
[866] Ep10000: Max 18972 (2042) steps (0.0006 hrs) 0.00:-8042.40 74515 (60) sec
[867] Ep10000: Max 18972 (3021) steps (0.0008 hrs) 0.00:-8042.40 74573 (58) sec
[868] Ep10000: Max 18972 (2121) steps (0.0006 hrs) 0.00:-8042.40 74632 (59) sec
[869] Ep10000: Max 18972 (2788) steps (0.0008 hrs) 0.00:-8042.40 74692 (60) sec
[870] Ep10000: Max 18972 (2397) steps (0.0007 hrs) 0.00:-8042.40 74751 (59) sec
[871] Ep10000: Max 18972 (3118) steps (0.0009 hrs) 0.00:-8042.40 74810 (59) sec
[872] Ep10000: Max 18972 (346) steps (0.0001 hrs) 0.00:-8042.40 74841 (31) sec
[873] Ep10000: Max 18972 (863) steps (0.0002 hrs) 0.00:-8042.40 74873 (32) sec
[874] Ep10000: Max 18972 (267) steps (0.0001 hrs) 0.00:-8042.40 74905 (32) sec
[875] Ep10000: Max 18972 (2496) steps (0.0007 hrs) 0.00:-8042.40 74953 (48) sec
[876] Ep10000: Max 18972 (2108) steps (0.0006 hrs) 0.00:-8042.40 75013 (60) sec
[877] Ep10000: Max 18972 (1625) steps (0.0005 hrs) 0.00:-8042.40 75050 (37) sec
[878] Ep10000: Max 18972 (2523) steps (0.0007 hrs) 0.00:-8042.40 75108 (58) sec
[879] Ep10000: Max 18972 (1156) steps (0.0003 hrs) 0.00:-8042.40 75140 (32) sec
[880] Ep10000: Max 18972 (2470) steps (0.0007 hrs) 0.00:-8042.40 75199 (59) sec
[881] Ep10000: Max 18972 (1395) steps (0.0004 hrs) 0.00:-8042.40 75232 (33) sec
[882] Ep10000: Max 18972 (1997) steps (0.0006 hrs) 0.00:-8042.40 75265 (33) sec
[883] Ep10000: Max 18972 (838) steps (0.0002 hrs) 0.00:-8042.40 75297 (32) sec
[884] Ep10000: Max 18972 (2506) steps (0.0007 hrs) 0.00:-8042.40 75356 (59) sec
[885] Ep10000: Max 18972 (891) steps (0.0002 hrs) 0.00:-8042.40 75388 (32) sec
[886] Ep10000: Max 18972 (1416) steps (0.0004 hrs) 0.00:-8042.40 75421 (33) sec
[887] Ep10000: Max 18972 (1559) steps (0.0004 hrs) 0.00:-8042.40 75454 (33) sec
[888] Ep10000: Max 18972 (3199) steps (0.0009 hrs) 0.00:-8042.40 75511 (57) sec
[889] Ep10000: Max 18972 (460) steps (0.0001 hrs) 0.00:-8042.40 75543 (32) sec
[890] Ep10000: Max 18972 (2544) steps (0.0007 hrs) 0.00:-8042.40 75584 (41) sec
[891] Ep10000: Max 18972 (529) steps (0.0001 hrs) 0.00:-8042.40 75618 (34) sec
[892] Ep10000: Max 18972 (1794) steps (0.0005 hrs) 0.00:-8042.40 75654 (36) sec
[893] Ep10000: Max 18972 (2040) steps (0.0006 hrs) 0.00:-8042.40 75694 (40) sec
[894] Ep10000: Max 18972 (2440) steps (0.0007 hrs) 0.00:-8042.40 75753 (59) sec
[895] Ep10000: Max 18972 (996) steps (0.0003 hrs) 0.00:-8042.40 75786 (33) sec
[896] Ep10000: Max 18972 (1155) steps (0.0003 hrs) 0.00:-8042.40 75818 (32) sec
[897] Ep10000: Max 18972 (1734) steps (0.0005 hrs) 0.00:-8042.40 75849 (31) sec
[898] Ep10000: Max 18972 (2219) steps (0.0006 hrs) 0.00:-8042.40 75906 (57) sec
[899] Ep10000: Max 18972 (1015) steps (0.0003 hrs) 0.00:-8042.40 75938 (32) sec
[900] Ep10000: Max 18972 (2112) steps (0.0006 hrs) 0.00:-8042.40 75986 (48) sec
[901] Ep10000: Max 18972 (2066) steps (0.0006 hrs) 0.00:-8042.40 76018 (32) sec
[902] Ep10000: Max 18972 (205) steps (0.0001 hrs) 0.00:-8042.40 76049 (31) sec
[903] Ep10000: Max 18972 (826) steps (0.0002 hrs) 0.00:-8042.40 76080 (31) sec
[904] Ep10000: Max 18972 (1044) steps (0.0003 hrs) 0.00:-8042.40 76113 (33) sec
[905] Ep10000: Max 18972 (1802) steps (0.0005 hrs) 0.00:-8042.40 76144 (31) sec
[906] Ep10000: Max 18972 (1717) steps (0.0005 hrs) 0.00:-8042.40 76177 (33) sec
[907] Ep10000: Max 18972 (1737) steps (0.0005 hrs) 0.00:-8042.40 76209 (32) sec
[908] Ep10000: Max 18972 (751) steps (0.0002 hrs) 0.00:-8042.40 76241 (32) sec
[909] Ep10000: Max 18972 (602) steps (0.0002 hrs) 0.00:-8042.40 76272 (31) sec
[910] Ep10000: Max 18972 (1705) steps (0.0005 hrs) 0.00:-8042.40 76307 (35) sec
[911] Ep10000: Max 18972 (1091) steps (0.0003 hrs) 0.00:-8042.40 76341 (34) sec
[912] Ep10000: Max 18972 (1791) steps (0.0005 hrs) 0.00:-8042.40 76384 (43) sec
[913] Ep10000: Max 18972 (2413) steps (0.0007 hrs) 0.00:-8042.40 76443 (59) sec
[914] Ep10000: Max 18972 (2428) steps (0.0007 hrs) 0.00:-8042.40 76495 (52) sec
[915] Ep10000: Max 18972 (2065) steps (0.0006 hrs) 0.00:-8042.40 76546 (51) sec
[916] Ep10000: Max 18972 (1900) steps (0.0005 hrs) 0.00:-8042.40 76605 (59) sec
[917] Ep10000: Max 18972 (2564) steps (0.0007 hrs) 0.00:-8042.40 76662 (57) sec
[918] Ep10000: Max 18972 (2177) steps (0.0006 hrs) 0.00:-8042.40 76721 (59) sec
[919] Ep10000: Max 18972 (2385) steps (0.0007 hrs) 0.00:-8042.40 76777 (56) sec
[920] Ep10000: Max 18972 (620) steps (0.0002 hrs) 0.00:-8042.40 76808 (31) sec
[921] Ep10000: Max 18972 (1068) steps (0.0003 hrs) 0.00:-8042.40 76840 (32) sec
[922] Ep10000: Max 18972 (2221) steps (0.0006 hrs) 0.00:-8042.40 76896 (56) sec
[923] Ep10000: Max 18972 (2190) steps (0.0006 hrs) 0.00:-8042.40 76954 (58) sec
[924] Ep10000: Max 18972 (3040) steps (0.0008 hrs) 0.00:-8042.40 77012 (58) sec
[925] Ep10000: Max 18972 (1679) steps (0.0005 hrs) 0.00:-8042.40 77044 (32) sec
[926] Ep10000: Max 18972 (1652) steps (0.0005 hrs) 0.00:-8042.40 77081 (37) sec
[927] Ep10000: Max 18972 (3725) steps (0.0010 hrs) 0.00:-8042.40 77139 (58) sec
[928] Ep10000: Max 18972 (2266) steps (0.0006 hrs) 0.00:-8042.40 77199 (60) sec
[929] Ep10000: Max 18972 (501) steps (0.0001 hrs) 0.00:-8042.40 77231 (32) sec
[930] Ep10000: Max 18972 (1879) steps (0.0005 hrs) 0.00:-8042.40 77279 (48) sec
[931] Ep10000: Max 18972 (213) steps (0.0001 hrs) 0.00:-8042.40 77310 (31) sec
[932] Ep10000: Max 18972 (2009) steps (0.0006 hrs) 0.00:-8042.40 77351 (41) sec
[933] Ep10000: Max 18972 (2799) steps (0.0008 hrs) 0.00:-8042.40 77410 (59) sec
[934] Ep10000: Max 18972 (934) steps (0.0003 hrs) 0.00:-8042.40 77441 (31) sec
[935] Ep10000: Max 18972 (1946) steps (0.0005 hrs) 0.00:-8042.40 77484 (43) sec
[936] Ep10000: Max 18972 (1104) steps (0.0003 hrs) 0.00:-8042.40 77516 (32) sec
[937] Ep10000: Max 18972 (2597) steps (0.0007 hrs) 0.00:-8042.40 77576 (60) sec
[938] Ep10000: Max 18972 (2293) steps (0.0006 hrs) 0.00:-8042.40 77637 (61) sec
[939] Ep10000: Max 18972 (2355) steps (0.0007 hrs) 0.00:-8042.40 77688 (51) sec
[940] Ep10000: Max 18972 (1449) steps (0.0004 hrs) 0.00:-8042.40 77719 (31) sec
[941] Ep10000: Max 18972 (1487) steps (0.0004 hrs) 0.00:-8042.40 77751 (32) sec
[942] Ep10000: Max 18972 (2518) steps (0.0007 hrs) 0.00:-8042.40 77810 (59) sec
[943] Ep10000: Max 18972 (1310) steps (0.0004 hrs) 0.00:-8042.40 77843 (33) sec
[944] Ep10000: Max 18972 (1789) steps (0.0005 hrs) 0.00:-8042.40 77874 (31) sec
[945] Ep10000: Max 18972 (1850) steps (0.0005 hrs) 0.00:-8042.40 77916 (42) sec
[946] Ep10000: Max 18972 (2240) steps (0.0006 hrs) 0.00:-8042.40 77973 (57) sec
[947] Ep10000: Max 18972 (2276) steps (0.0006 hrs) 0.00:-8042.40 78006 (33) sec
[948] Ep10000: Max 18972 (1877) steps (0.0005 hrs) 0.00:-8042.40 78040 (34) sec
[949] Ep10000: Max 18972 (2737) steps (0.0008 hrs) 0.00:-8042.40 78092 (52) sec
[950] Ep10000: Max 18972 (3184) steps (0.0009 hrs) 0.00:-8042.40 78151 (59) sec
[951] Ep10000: Max 18972 (3164) steps (0.0009 hrs) 0.00:-8042.40 78186 (35) sec
[952] Ep10000: Max 18972 (1485) steps (0.0004 hrs) 0.00:-8042.40 78218 (32) sec
[953] Ep10000: Max 18972 (2842) steps (0.0008 hrs) 0.00:-8042.40 78278 (60) sec
[954] Ep10000: Max 18972 (2015) steps (0.0006 hrs) 0.00:-8042.40 78337 (59) sec
[955] Ep10000: Max 18972 (1471) steps (0.0004 hrs) 0.00:-8042.40 78370 (33) sec
[956] Ep10000: Max 18972 (1669) steps (0.0005 hrs) 0.00:-8042.40 78407 (37) sec
[957] Ep10000: Max 18972 (2268) steps (0.0006 hrs) 0.00:-8042.40 78466 (59) sec
[958] Ep10000: Max 18972 (1869) steps (0.0005 hrs) 0.00:-8042.40 78516 (50) sec
[959] Ep10000: Max 18972 (1962) steps (0.0005 hrs) 0.00:-8042.40 78552 (36) sec
[960] Ep10000: Max 18972 (1145) steps (0.0003 hrs) 0.00:-8042.40 78583 (31) sec
[961] Ep10000: Max 18972 (2284) steps (0.0006 hrs) 0.00:-8042.40 78643 (60) sec
[962] Ep10000: Max 18972 (569) steps (0.0002 hrs) 0.00:-8042.40 78674 (31) sec
[963] Ep10000: Max 18972 (230) steps (0.0001 hrs) 0.00:-8042.40 78706 (32) sec
[964] Ep10000: Max 18972 (2419) steps (0.0007 hrs) 0.00:-8042.40 78766 (60) sec
[965] Ep10000: Max 18972 (2385) steps (0.0007 hrs) 0.00:-8042.40 78812 (46) sec
[966] Ep10000: Max 18972 (2180) steps (0.0006 hrs) 0.00:-8042.40 78844 (32) sec
[967] Ep10000: Max 18972 (287) steps (0.0001 hrs) 0.00:-8042.40 78875 (31) sec
[968] Ep10000: Max 18972 (2221) steps (0.0006 hrs) 0.00:-8042.40 78935 (60) sec
[969] Ep10000: Max 18972 (2723) steps (0.0008 hrs) 0.00:-8042.40 78983 (48) sec
[970] Ep10000: Max 18972 (3054) steps (0.0008 hrs) 0.00:-8042.40 79038 (55) sec
[971] Ep10000: Max 18972 (1576) steps (0.0004 hrs) 0.00:-8042.40 79070 (32) sec
[972] Ep10000: Max 18972 (350) steps (0.0001 hrs) 0.00:-8042.40 79102 (32) sec
[973] Ep10000: Max 18972 (2149) steps (0.0006 hrs) 0.00:-8042.40 79160 (58) sec
[974] Ep10000: Max 18972 (1854) steps (0.0005 hrs) 0.00:-8042.40 79193 (33) sec
[975] Ep10000: Max 18972 (1332) steps (0.0004 hrs) 0.00:-8042.40 79228 (35) sec
[976] Ep10000: Max 18972 (2141) steps (0.0006 hrs) 0.00:-8042.40 79287 (59) sec
[977] Ep10000: Max 18972 (2034) steps (0.0006 hrs) 0.00:-8042.40 79334 (47) sec
[978] Ep10000: Max 18972 (3018) steps (0.0008 hrs) 0.00:-8042.40 79390 (56) sec
[979] Ep10000: Max 18972 (1851) steps (0.0005 hrs) 0.00:-8042.40 79423 (33) sec
[980] Ep10000: Max 18972 (2935) steps (0.0008 hrs) 0.00:-8042.40 79482 (59) sec
[981] Ep10000: Max 18972 (2399) steps (0.0007 hrs) 0.00:-8042.40 79541 (59) sec
[982] Ep10000: Max 18972 (2078) steps (0.0006 hrs) 0.00:-8042.40 79599 (58) sec
[983] Ep10000: Max 18972 (2448) steps (0.0007 hrs) 0.00:-8042.40 79657 (58) sec
[984] Ep10000: Max 18972 (775) steps (0.0002 hrs) 0.00:-8042.40 79689 (32) sec
[985] Ep10000: Max 18972 (418) steps (0.0001 hrs) 0.00:-8042.40 79720 (31) sec
[986] Ep10000: Max 18972 (238) steps (0.0001 hrs) 0.00:-8042.40 79751 (31) sec
[987] Ep10000: Max 18972 (2266) steps (0.0006 hrs) 0.00:-8042.40 79812 (61) sec
[988] Ep10000: Max 18972 (2079) steps (0.0006 hrs) 0.00:-8042.40 79865 (53) sec
[989] Ep10000: Max 18972 (2170) steps (0.0006 hrs) 0.00:-8042.40 79968 (103) sec
[990] Ep10000: Max 18972 (305) steps (0.0001 hrs) 0.00:-8042.40 80061 (93) sec
[991] Ep10000: Max 18972 (806) steps (0.0002 hrs) 0.00:-8042.40 80138 (77) sec
[992] Ep10000: Max 18972 (4196) steps (0.0012 hrs) 0.00:-8042.40 80228 (90) sec
[993] Ep10000: Max 18972 (1918) steps (0.0005 hrs) 0.00:-8042.40 80330 (102) sec
[994] Ep10000: Max 18972 (1307) steps (0.0004 hrs) 0.00:-8042.40 80411 (81) sec
[995] Ep10000: Max 18972 (1769) steps (0.0005 hrs) 0.00:-8042.40 80550 (139) sec
[996] Ep10000: Max 18972 (1225) steps (0.0003 hrs) 0.00:-8042.40 80640 (90) sec
[997] Ep10000: Max 18972 (2455) steps (0.0007 hrs) 0.00:-8042.40 80811 (171) sec
[998] Ep10000: Max 18972 (3093) steps (0.0009 hrs) 0.00:-8042.40 80920 (109) sec
[999] Ep10000: Max 18972 (208) steps (0.0001 hrs) 0.00:-8042.40 81002 (82) sec
[1000] Ep10000: Max 18972 (2185) steps (0.0006 hrs) 0.00:-8042.40 81184 (182) sec
Total Elapsed time: 81184 seconds
Wrote current data to latest.train
