balanced 0 test_flag 0
[1] Ep10000: Max 2130 (2130) steps (0.0006 hrs) -nan:-nan 161 (161) sec
[2] Ep10000: Max 2130 (2086) steps (0.0006 hrs) -nan:-nan 322 (161) sec
[3] Ep10000: Max 2981 (2981) steps (0.0008 hrs) -nan:-nan 516 (194) sec
[4] Ep10000: Max 2981 (2079) steps (0.0006 hrs) -nan:-nan 652 (136) sec
[5] Ep10000: Max 2981 (2606) steps (0.0007 hrs) -nan:-nan 840 (188) sec
[6] Ep10000: Max 2981 (2350) steps (0.0007 hrs) -nan:-nan 1015 (175) sec
[7] Ep10000: Max 2981 (2250) steps (0.0006 hrs) -nan:-nan 1229 (214) sec
[8] Ep10000: Max 2981 (2461) steps (0.0007 hrs) -nan:-nan 1408 (179) sec
[9] Ep10000: Max 2981 (2818) steps (0.0008 hrs) -nan:-nan 1562 (154) sec
[10] Ep10000: Max 2981 (2637) steps (0.0007 hrs) -nan:-nan 1723 (161) sec
[11] Ep10000: Max 2981 (2574) steps (0.0007 hrs) -nan:-nan 1953 (230) sec
[12] Ep10000: Max 2981 (2614) steps (0.0007 hrs) -nan:-nan 2172 (219) sec
[13] Ep10000: Max 2981 (2535) steps (0.0007 hrs) -nan:-nan 2273 (101) sec
[14] Ep10000: Max 2981 (2809) steps (0.0008 hrs) -nan:-nan 2438 (165) sec
[15] Ep10000: Max 2981 (2254) steps (0.0006 hrs) -nan:-nan 2630 (192) sec
[16] Ep10000: Max 2981 (2515) steps (0.0007 hrs) -nan:-nan 2696 (66) sec
[17] Ep10000: Max 2981 (2064) steps (0.0006 hrs) -nan:-nan 2758 (62) sec
[18] Ep10000: Max 2981 (2680) steps (0.0007 hrs) -nan:-nan 2825 (67) sec
[19] Ep10000: Max 2981 (2557) steps (0.0007 hrs) -nan:-nan 2894 (69) sec
[20] Ep10000: Max 2981 (2578) steps (0.0007 hrs) -nan:-nan 2961 (67) sec
[21] Ep10000: Max 2981 (2043) steps (0.0006 hrs) -nan:-nan 3029 (68) sec
[22] Ep10000: Max 2981 (2142) steps (0.0006 hrs) -nan:-nan 3099 (70) sec
[23] Ep10000: Max 2981 (2459) steps (0.0007 hrs) -nan:-nan 3162 (63) sec
[24] Ep10000: Max 2981 (2283) steps (0.0006 hrs) -nan:-nan 3229 (67) sec
[25] Ep10000: Max 2981 (2249) steps (0.0006 hrs) -nan:-nan 3297 (68) sec
[26] Ep10000: Max 2981 (2952) steps (0.0008 hrs) -nan:-nan 3363 (66) sec
[27] Ep10000: Max 2981 (2370) steps (0.0007 hrs) -nan:-nan 3431 (68) sec
[28] Ep10000: Max 2981 (2611) steps (0.0007 hrs) -nan:-nan 3497 (66) sec
[29] Ep10000: Max 2981 (2103) steps (0.0006 hrs) -nan:-nan 3567 (70) sec
[30] Ep10000: Max 2981 (2274) steps (0.0006 hrs) -nan:-nan 3634 (67) sec
[31] Ep10000: Max 2981 (2566) steps (0.0007 hrs) -nan:-nan 3701 (67) sec
[32] Ep10000: Max 2981 (2280) steps (0.0006 hrs) -nan:-nan 3765 (64) sec
[33] Ep10000: Max 2981 (2567) steps (0.0007 hrs) -nan:-nan 3827 (62) sec
[34] Ep10000: Max 2981 (2325) steps (0.0006 hrs) -nan:-nan 3898 (71) sec
[35] Ep10000: Max 2981 (1976) steps (0.0005 hrs) -nan:-nan 3965 (67) sec
[36] Ep10000: Max 2981 (1030) steps (0.0003 hrs) -nan:-nan 4027 (62) sec
[37] Ep10000: Max 2981 (2319) steps (0.0006 hrs) -nan:-nan 4097 (70) sec
[38] Ep10000: Max 3407 (3407) steps (0.0009 hrs) -nan:-nan 4160 (63) sec
[39] Ep10000: Max 3407 (2697) steps (0.0007 hrs) -nan:-nan 4239 (79) sec
[40] Ep10000: Max 3407 (2321) steps (0.0006 hrs) -nan:-nan 4308 (69) sec
[41] Ep10000: Max 3407 (2163) steps (0.0006 hrs) -nan:-nan 4381 (73) sec
[42] Ep10000: Max 3407 (2172) steps (0.0006 hrs) -nan:-nan 4458 (77) sec
[43] Ep10000: Max 3407 (2199) steps (0.0006 hrs) -nan:-nan 4545 (87) sec
[44] Ep10000: Max 3407 (2541) steps (0.0007 hrs) -nan:-nan 4629 (84) sec
[45] Ep10000: Max 3407 (2921) steps (0.0008 hrs) -nan:-nan 4697 (68) sec
[46] Ep10000: Max 3407 (2433) steps (0.0007 hrs) -nan:-nan 4792 (95) sec
[47] Ep10000: Max 3407 (2615) steps (0.0007 hrs) -nan:-nan 4857 (65) sec
[48] Ep10000: Max 3407 (2320) steps (0.0006 hrs) -nan:-nan 4919 (62) sec
[49] Ep10000: Max 3407 (2300) steps (0.0006 hrs) -nan:-nan 4986 (67) sec
[50] Ep10000: Max 3407 (2379) steps (0.0007 hrs) -nan:-nan 5057 (71) sec
[51] Ep10000: Max 3485 (3485) steps (0.0010 hrs) -nan:-nan 5131 (74) sec
[52] Ep10000: Max 3485 (2594) steps (0.0007 hrs) -nan:-nan 5202 (71) sec
[53] Ep10000: Max 3485 (2488) steps (0.0007 hrs) -nan:-nan 5275 (73) sec
[54] Ep10000: Max 3543 (3543) steps (0.0010 hrs) -nan:-nan 5345 (70) sec
[55] Ep10000: Max 3543 (2706) steps (0.0008 hrs) -nan:-nan 5407 (62) sec
[56] Ep10000: Max 3543 (2599) steps (0.0007 hrs) -nan:-nan 5483 (76) sec
[57] Ep10000: Max 3543 (1318) steps (0.0004 hrs) -nan:-nan 5509 (26) sec
[58] Ep10000: Max 3543 (2446) steps (0.0007 hrs) -nan:-nan 5587 (78) sec
[59] Ep10000: Max 3543 (2212) steps (0.0006 hrs) -nan:-nan 5661 (74) sec
[60] Ep10000: Max 3543 (2140) steps (0.0006 hrs) -nan:-nan 5710 (49) sec
[61] Ep10000: Max 3543 (2634) steps (0.0007 hrs) -nan:-nan 5778 (68) sec
[62] Ep10000: Max 3543 (2470) steps (0.0007 hrs) -nan:-nan 5850 (72) sec
[63] Ep10000: Max 3543 (2188) steps (0.0006 hrs) -nan:-nan 5907 (57) sec
[64] Ep10000: Max 3543 (2383) steps (0.0007 hrs) -nan:-nan 5963 (56) sec
[65] Ep10000: Max 3543 (2272) steps (0.0006 hrs) -nan:-nan 6033 (70) sec
[66] Ep10000: Max 3543 (2187) steps (0.0006 hrs) -nan:-nan 6111 (78) sec
[67] Ep10000: Max 3543 (2335) steps (0.0006 hrs) -nan:-nan 6185 (74) sec
[68] Ep10000: Max 3543 (2495) steps (0.0007 hrs) -nan:-nan 6256 (71) sec
[69] Ep10000: Max 3543 (2325) steps (0.0006 hrs) -nan:-nan 6327 (71) sec
[70] Ep10000: Max 3543 (2221) steps (0.0006 hrs) -nan:-nan 6384 (57) sec
[71] Ep10000: Max 3543 (2500) steps (0.0007 hrs) -nan:-nan 6446 (62) sec
[72] Ep10000: Max 3543 (3003) steps (0.0008 hrs) -nan:-nan 6518 (72) sec
[73] Ep10000: Max 3543 (2605) steps (0.0007 hrs) -nan:-nan 6623 (105) sec
[74] Ep10000: Max 3543 (2768) steps (0.0008 hrs) -nan:-nan 6712 (89) sec
[75] Ep10000: Max 3543 (3017) steps (0.0008 hrs) -nan:-nan 6841 (129) sec
[76] Ep10000: Max 3543 (2388) steps (0.0007 hrs) -nan:-nan 6943 (102) sec
[77] Ep10000: Max 3543 (1941) steps (0.0005 hrs) -nan:-nan 7012 (69) sec
[78] Ep10000: Max 3543 (2420) steps (0.0007 hrs) -nan:-nan 7081 (69) sec
[79] Ep10000: Max 3543 (3053) steps (0.0008 hrs) -nan:-nan 7152 (71) sec
[80] Ep10000: Max 3543 (2263) steps (0.0006 hrs) -nan:-nan 7226 (74) sec
[81] Ep10000: Max 3543 (2087) steps (0.0006 hrs) -nan:-nan 7298 (72) sec
[82] Ep10000: Max 3543 (2027) steps (0.0006 hrs) -nan:-nan 7380 (82) sec
[83] Ep10000: Max 3543 (2424) steps (0.0007 hrs) -nan:-nan 7504 (124) sec
[84] Ep10000: Max 3543 (2755) steps (0.0008 hrs) -nan:-nan 7649 (145) sec
[85] Ep10000: Max 3543 (2678) steps (0.0007 hrs) -nan:-nan 7795 (146) sec
[86] Ep10000: Max 3543 (787) steps (0.0002 hrs) -nan:-nan 7899 (104) sec
[87] Ep10000: Max 3543 (2792) steps (0.0008 hrs) -nan:-nan 8028 (129) sec
[88] Ep10000: Max 3543 (2163) steps (0.0006 hrs) -nan:-nan 8118 (90) sec
[89] Ep10000: Max 3543 (2604) steps (0.0007 hrs) -nan:-nan 8188 (70) sec
[90] Ep10000: Max 3543 (2674) steps (0.0007 hrs) -nan:-nan 8259 (71) sec
[91] Ep10000: Max 3543 (2194) steps (0.0006 hrs) -nan:-nan 8333 (74) sec
[92] Ep10000: Max 3543 (3230) steps (0.0009 hrs) -nan:-nan 8405 (72) sec
[93] Ep10000: Max 3543 (2579) steps (0.0007 hrs) -nan:-nan 8472 (67) sec
[94] Ep10000: Max 3543 (2621) steps (0.0007 hrs) -nan:-nan 8536 (64) sec
[95] Ep10000: Max 3543 (2663) steps (0.0007 hrs) -nan:-nan 8609 (73) sec
[96] Ep10000: Max 3543 (2514) steps (0.0007 hrs) -nan:-nan 8679 (70) sec
[97] Ep10000: Max 3543 (2204) steps (0.0006 hrs) -nan:-nan 8744 (65) sec
[98] Ep10000: Max 3543 (2439) steps (0.0007 hrs) -nan:-nan 8808 (64) sec
[99] Ep10000: Max 3543 (2462) steps (0.0007 hrs) -nan:-nan 8872 (64) sec
[100] Ep10000: Max 3543 (1054) steps (0.0003 hrs) -nan:-nan 8928 (56) sec
[101] Ep10000: Max 3543 (2579) steps (0.0007 hrs) -nan:-nan 8995 (67) sec
[102] Ep10000: Max 3649 (3649) steps (0.0010 hrs) -nan:-nan 9063 (68) sec
[103] Ep10000: Max 3649 (2329) steps (0.0006 hrs) -nan:-nan 9127 (64) sec
[104] Ep10000: Max 3649 (2621) steps (0.0007 hrs) -nan:-nan 9199 (72) sec
[105] Ep10000: Max 3649 (2345) steps (0.0007 hrs) -nan:-nan 9266 (67) sec
[106] Ep10000: Max 3649 (2320) steps (0.0006 hrs) -nan:-nan 9334 (68) sec
[107] Ep10000: Max 3649 (2568) steps (0.0007 hrs) -nan:-nan 9400 (66) sec
[108] Ep10000: Max 3649 (2613) steps (0.0007 hrs) -nan:-nan 9468 (68) sec
[109] Ep10000: Max 3649 (2377) steps (0.0007 hrs) -nan:-nan 9537 (69) sec
[110] Ep10000: Max 3649 (2720) steps (0.0008 hrs) -nan:-nan 9605 (68) sec
[111] Ep10000: Max 3649 (2745) steps (0.0008 hrs) -nan:-nan 9675 (70) sec
[112] Ep10000: Max 3649 (1847) steps (0.0005 hrs) -nan:-nan 9743 (68) sec
[113] Ep10000: Max 3649 (2154) steps (0.0006 hrs) -nan:-nan 9814 (71) sec
[114] Ep10000: Max 3649 (2676) steps (0.0007 hrs) -nan:-nan 9881 (67) sec
[115] Ep10000: Max 3649 (2299) steps (0.0006 hrs) -nan:-nan 9931 (50) sec
[116] Ep10000: Max 3649 (2166) steps (0.0006 hrs) -nan:-nan 9999 (68) sec
[117] Ep10000: Max 3649 (2757) steps (0.0008 hrs) -nan:-nan 10068 (69) sec
[118] Ep10000: Max 3649 (2577) steps (0.0007 hrs) -nan:-nan 10134 (66) sec
[119] Ep10000: Max 3649 (2371) steps (0.0007 hrs) -nan:-nan 10203 (69) sec
[120] Ep10000: Max 3649 (2583) steps (0.0007 hrs) -nan:-nan 10273 (70) sec
[121] Ep10000: Max 3649 (2346) steps (0.0007 hrs) -nan:-nan 10343 (70) sec
[122] Ep10000: Max 3649 (2192) steps (0.0006 hrs) -nan:-nan 10411 (68) sec
[123] Ep10000: Max 3649 (2635) steps (0.0007 hrs) -nan:-nan 10476 (65) sec
[124] Ep10000: Max 3649 (1959) steps (0.0005 hrs) -nan:-nan 10547 (71) sec
[125] Ep10000: Max 3649 (2076) steps (0.0006 hrs) -nan:-nan 10612 (65) sec
[126] Ep10000: Max 3649 (2227) steps (0.0006 hrs) -nan:-nan 10683 (71) sec
[127] Ep10000: Max 3649 (2572) steps (0.0007 hrs) -nan:-nan 10747 (64) sec
[128] Ep10000: Max 3649 (2175) steps (0.0006 hrs) -nan:-nan 10814 (67) sec
[129] Ep10000: Max 3649 (1635) steps (0.0005 hrs) -nan:-nan 10856 (42) sec
[130] Ep10000: Max 3649 (2672) steps (0.0007 hrs) -nan:-nan 10924 (68) sec
[131] Ep10000: Max 3649 (2171) steps (0.0006 hrs) -nan:-nan 10988 (64) sec
[132] Ep10000: Max 3649 (2164) steps (0.0006 hrs) -nan:-nan 11053 (65) sec
[133] Ep10000: Max 3649 (2806) steps (0.0008 hrs) -nan:-nan 11121 (68) sec
[134] Ep10000: Max 3649 (2504) steps (0.0007 hrs) -nan:-nan 11191 (70) sec
[135] Ep10000: Max 3649 (2061) steps (0.0006 hrs) -nan:-nan 11259 (68) sec
[136] Ep10000: Max 3649 (1796) steps (0.0005 hrs) -nan:-nan 11316 (57) sec
[137] Ep10000: Max 3649 (2408) steps (0.0007 hrs) -nan:-nan 11387 (71) sec
[138] Ep10000: Max 3649 (2141) steps (0.0006 hrs) -nan:-nan 11439 (52) sec
[139] Ep10000: Max 3649 (2348) steps (0.0007 hrs) -nan:-nan 11505 (66) sec
[140] Ep10000: Max 3649 (2321) steps (0.0006 hrs) -nan:-nan 11576 (71) sec
[141] Ep10000: Max 3649 (2038) steps (0.0006 hrs) -nan:-nan 11646 (70) sec
[142] Ep10000: Max 3649 (2120) steps (0.0006 hrs) -nan:-nan 11714 (68) sec
[143] Ep10000: Max 3649 (2694) steps (0.0007 hrs) -nan:-nan 11783 (69) sec
[144] Ep10000: Max 3649 (2310) steps (0.0006 hrs) -nan:-nan 11849 (66) sec
[145] Ep10000: Max 3649 (2752) steps (0.0008 hrs) -nan:-nan 11918 (69) sec
[146] Ep10000: Max 3649 (2126) steps (0.0006 hrs) -nan:-nan 11987 (69) sec
[147] Ep10000: Max 3649 (2323) steps (0.0006 hrs) -nan:-nan 12054 (67) sec
[148] Ep10000: Max 3649 (2283) steps (0.0006 hrs) -nan:-nan 12121 (67) sec
[149] Ep10000: Max 3649 (2525) steps (0.0007 hrs) -nan:-nan 12187 (66) sec
[150] Ep10000: Max 3649 (2650) steps (0.0007 hrs) -nan:-nan 12254 (67) sec
[151] Ep10000: Max 3649 (1382) steps (0.0004 hrs) -nan:-nan 12307 (53) sec
[152] Ep10000: Max 3649 (2528) steps (0.0007 hrs) -nan:-nan 12376 (69) sec
[153] Ep10000: Max 3649 (2106) steps (0.0006 hrs) -nan:-nan 12445 (69) sec
[154] Ep10000: Max 3649 (2166) steps (0.0006 hrs) -nan:-nan 12513 (68) sec
[155] Ep10000: Max 3649 (837) steps (0.0002 hrs) -nan:-nan 12533 (20) sec
[156] Ep10000: Max 3649 (879) steps (0.0002 hrs) -nan:-nan 12555 (22) sec
[157] Ep10000: Max 3649 (1774) steps (0.0005 hrs) -nan:-nan 12611 (56) sec
[158] Ep10000: Max 3649 (2740) steps (0.0008 hrs) -nan:-nan 12680 (69) sec
[159] Ep10000: Max 3649 (2639) steps (0.0007 hrs) -nan:-nan 12746 (66) sec
[160] Ep10000: Max 3649 (2733) steps (0.0008 hrs) -nan:-nan 12815 (69) sec
[161] Ep10000: Max 3649 (2127) steps (0.0006 hrs) -nan:-nan 12883 (68) sec
[162] Ep10000: Max 3649 (1962) steps (0.0005 hrs) -nan:-nan 12944 (61) sec
[163] Ep10000: Max 3649 (2832) steps (0.0008 hrs) -nan:-nan 13010 (66) sec
[164] Ep10000: Max 3649 (2975) steps (0.0008 hrs) -nan:-nan 13076 (66) sec
[165] Ep10000: Max 3649 (2156) steps (0.0006 hrs) -nan:-nan 13141 (65) sec
[166] Ep10000: Max 3649 (2488) steps (0.0007 hrs) -nan:-nan 13207 (66) sec
[167] Ep10000: Max 3649 (2490) steps (0.0007 hrs) -nan:-nan 13276 (69) sec
[168] Ep10000: Max 3649 (2328) steps (0.0006 hrs) -nan:-nan 13339 (63) sec
[169] Ep10000: Max 3649 (3083) steps (0.0009 hrs) -nan:-nan 13414 (75) sec
[170] Ep10000: Max 3649 (2577) steps (0.0007 hrs) -nan:-nan 13492 (78) sec
[171] Ep10000: Max 3649 (2388) steps (0.0007 hrs) -nan:-nan 13563 (71) sec
[172] Ep10000: Max 3649 (2893) steps (0.0008 hrs) -nan:-nan 13652 (89) sec
[173] Ep10000: Max 3649 (2382) steps (0.0007 hrs) -nan:-nan 13736 (84) sec
[174] Ep10000: Max 3649 (1938) steps (0.0005 hrs) -nan:-nan 13822 (86) sec
[175] Ep10000: Max 3649 (2235) steps (0.0006 hrs) -nan:-nan 13880 (58) sec
[176] Ep10000: Max 3649 (1812) steps (0.0005 hrs) -nan:-nan 13943 (63) sec
[177] Ep10000: Max 3649 (2820) steps (0.0008 hrs) -nan:-nan 14038 (95) sec
[178] Ep10000: Max 3649 (2434) steps (0.0007 hrs) -nan:-nan 14135 (97) sec
[179] Ep10000: Max 3649 (2235) steps (0.0006 hrs) -nan:-nan 14222 (87) sec
[180] Ep10000: Max 3649 (2246) steps (0.0006 hrs) -nan:-nan 14316 (94) sec
[181] Ep10000: Max 3649 (2336) steps (0.0006 hrs) -nan:-nan 14416 (100) sec
[182] Ep10000: Max 3649 (2246) steps (0.0006 hrs) -nan:-nan 14487 (71) sec
[183] Ep10000: Max 3649 (2355) steps (0.0007 hrs) -nan:-nan 14564 (77) sec
[184] Ep10000: Max 3649 (2442) steps (0.0007 hrs) -nan:-nan 14636 (72) sec
[185] Ep10000: Max 3649 (2272) steps (0.0006 hrs) -nan:-nan 14715 (79) sec
[186] Ep10000: Max 3649 (2427) steps (0.0007 hrs) -nan:-nan 14801 (86) sec
[187] Ep10000: Max 3649 (2784) steps (0.0008 hrs) -nan:-nan 14884 (83) sec
[188] Ep10000: Max 3649 (2165) steps (0.0006 hrs) -nan:-nan 14957 (73) sec
[189] Ep10000: Max 3649 (2483) steps (0.0007 hrs) -nan:-nan 15036 (79) sec
[190] Ep10000: Max 3649 (2696) steps (0.0007 hrs) -nan:-nan 15112 (76) sec
[191] Ep10000: Max 3649 (3195) steps (0.0009 hrs) -nan:-nan 15195 (83) sec
[192] Ep10000: Max 3649 (2921) steps (0.0008 hrs) -nan:-nan 15281 (86) sec
[193] Ep10000: Max 3649 (2260) steps (0.0006 hrs) -nan:-nan 15361 (80) sec
[194] Ep10000: Max 3649 (2614) steps (0.0007 hrs) -nan:-nan 15437 (76) sec
[195] Ep10000: Max 3649 (2166) steps (0.0006 hrs) -nan:-nan 15517 (80) sec
[196] Ep10000: Max 3649 (2873) steps (0.0008 hrs) -nan:-nan 15589 (72) sec
[197] Ep10000: Max 3649 (2204) steps (0.0006 hrs) -nan:-nan 15658 (69) sec
[198] Ep10000: Max 3649 (2531) steps (0.0007 hrs) -nan:-nan 15738 (80) sec
[199] Ep10000: Max 3649 (2114) steps (0.0006 hrs) -nan:-nan 15812 (74) sec
[200] Ep10000: Max 3649 (2849) steps (0.0008 hrs) -nan:-nan 15883 (71) sec
[201] Ep10000: Max 3649 (2014) steps (0.0006 hrs) -nan:-nan 15952 (69) sec
[202] Ep10000: Max 3649 (2839) steps (0.0008 hrs) -nan:-nan 16019 (67) sec
[203] Ep10000: Max 3649 (2568) steps (0.0007 hrs) -nan:-nan 16098 (79) sec
[204] Ep10000: Max 3649 (2401) steps (0.0007 hrs) -nan:-nan 16139 (41) sec
[205] Ep10000: Max 3649 (2881) steps (0.0008 hrs) -nan:-nan 16221 (82) sec
[206] Ep10000: Max 3649 (2331) steps (0.0006 hrs) -nan:-nan 16298 (77) sec
[207] Ep10000: Max 3649 (1495) steps (0.0004 hrs) -nan:-nan 16355 (57) sec
[208] Ep10000: Max 3649 (2238) steps (0.0006 hrs) -nan:-nan 16424 (69) sec
[209] Ep10000: Max 3649 (2635) steps (0.0007 hrs) -nan:-nan 16495 (71) sec
[210] Ep10000: Max 3649 (1739) steps (0.0005 hrs) -nan:-nan 16540 (45) sec
[211] Ep10000: Max 3649 (2798) steps (0.0008 hrs) -nan:-nan 16632 (92) sec
[212] Ep10000: Max 3649 (2210) steps (0.0006 hrs) -nan:-nan 16709 (77) sec
[213] Ep10000: Max 3649 (2855) steps (0.0008 hrs) -nan:-nan 16783 (74) sec
[214] Ep10000: Max 3649 (1934) steps (0.0005 hrs) -nan:-nan 16846 (63) sec
[215] Ep10000: Max 3649 (2496) steps (0.0007 hrs) -nan:-nan 16909 (63) sec
[216] Ep10000: Max 3649 (2449) steps (0.0007 hrs) -nan:-nan 16982 (73) sec
[217] Ep10000: Max 3649 (675) steps (0.0002 hrs) -nan:-nan 17008 (26) sec
[218] Ep10000: Max 3649 (3243) steps (0.0009 hrs) -nan:-nan 17098 (90) sec
[219] Ep10000: Max 3649 (2657) steps (0.0007 hrs) -nan:-nan 17185 (87) sec
[220] Ep10000: Max 3649 (2195) steps (0.0006 hrs) -nan:-nan 17258 (73) sec
[221] Ep10000: Max 3649 (2045) steps (0.0006 hrs) -nan:-nan 17343 (85) sec
[222] Ep10000: Max 3649 (2114) steps (0.0006 hrs) -nan:-nan 17417 (74) sec
[223] Ep10000: Max 3649 (2014) steps (0.0006 hrs) -nan:-nan 17481 (64) sec
[224] Ep10000: Max 3649 (2273) steps (0.0006 hrs) -nan:-nan 17544 (63) sec
[225] Ep10000: Max 3649 (2425) steps (0.0007 hrs) -nan:-nan 17619 (75) sec
[226] Ep10000: Max 3649 (2531) steps (0.0007 hrs) -nan:-nan 17702 (83) sec
[227] Ep10000: Max 3649 (750) steps (0.0002 hrs) -nan:-nan 17735 (33) sec
[228] Ep10000: Max 3649 (2309) steps (0.0006 hrs) -nan:-nan 17834 (99) sec
[229] Ep10000: Max 3649 (2231) steps (0.0006 hrs) -nan:-nan 17871 (37) sec
[230] Ep10000: Max 3649 (2474) steps (0.0007 hrs) -nan:-nan 17974 (103) sec
[231] Ep10000: Max 3649 (2654) steps (0.0007 hrs) -nan:-nan 18108 (134) sec
[232] Ep10000: Max 3649 (2266) steps (0.0006 hrs) -nan:-nan 18276 (168) sec
[233] Ep10000: Max 3649 (2878) steps (0.0008 hrs) -nan:-nan 18413 (137) sec
[234] Ep10000: Max 3649 (2636) steps (0.0007 hrs) -nan:-nan 18544 (131) sec
[235] Ep10000: Max 3649 (2138) steps (0.0006 hrs) -nan:-nan 18718 (174) sec
[236] Ep10000: Max 3649 (2619) steps (0.0007 hrs) -nan:-nan 18969 (251) sec
[237] Ep10000: Max 3649 (2112) steps (0.0006 hrs) -nan:-nan 19097 (128) sec
[238] Ep10000: Max 3649 (2983) steps (0.0008 hrs) -nan:-nan 19216 (119) sec
[239] Ep10000: Max 3649 (2335) steps (0.0006 hrs) -nan:-nan 19315 (99) sec
[240] Ep10000: Max 3649 (2051) steps (0.0006 hrs) -nan:-nan 19491 (176) sec
[241] Ep10000: Max 3649 (2695) steps (0.0007 hrs) -nan:-nan 19611 (120) sec
[242] Ep10000: Max 3649 (2592) steps (0.0007 hrs) -nan:-nan 19693 (82) sec
[243] Ep10000: Max 3649 (2613) steps (0.0007 hrs) -nan:-nan 19767 (74) sec
[244] Ep10000: Max 3649 (2273) steps (0.0006 hrs) -nan:-nan 19848 (81) sec
[245] Ep10000: Max 3649 (2493) steps (0.0007 hrs) -nan:-nan 19924 (76) sec
[246] Ep10000: Max 3649 (2219) steps (0.0006 hrs) -nan:-nan 19992 (68) sec
[247] Ep10000: Max 3649 (2347) steps (0.0007 hrs) -nan:-nan 20063 (71) sec
[248] Ep10000: Max 3649 (2690) steps (0.0007 hrs) -nan:-nan 20132 (69) sec
[249] Ep10000: Max 3649 (3010) steps (0.0008 hrs) -nan:-nan 20201 (69) sec
[250] Ep10000: Max 3649 (2428) steps (0.0007 hrs) -nan:-nan 20248 (47) sec
[251] Ep10000: Max 3649 (2416) steps (0.0007 hrs) -nan:-nan 20314 (66) sec
[252] Ep10000: Max 3649 (3321) steps (0.0009 hrs) -nan:-nan 20384 (70) sec
[253] Ep10000: Max 3649 (2208) steps (0.0006 hrs) -nan:-nan 20456 (72) sec
[254] Ep10000: Max 3649 (3551) steps (0.0010 hrs) -nan:-nan 20526 (70) sec
[255] Ep10000: Max 3649 (2612) steps (0.0007 hrs) -nan:-nan 20592 (66) sec
[256] Ep10000: Max 3649 (2661) steps (0.0007 hrs) -nan:-nan 20656 (64) sec
[257] Ep10000: Max 3649 (2433) steps (0.0007 hrs) -nan:-nan 20724 (68) sec
[258] Ep10000: Max 3649 (2223) steps (0.0006 hrs) -nan:-nan 20792 (68) sec
[259] Ep10000: Max 3649 (3425) steps (0.0010 hrs) -nan:-nan 20858 (66) sec
[260] Ep10000: Max 3794 (3794) steps (0.0011 hrs) -nan:-nan 20928 (70) sec
[261] Ep10000: Max 3794 (2437) steps (0.0007 hrs) -nan:-nan 20998 (70) sec
[262] Ep10000: Max 3794 (2131) steps (0.0006 hrs) -nan:-nan 21067 (69) sec
[263] Ep10000: Max 3794 (979) steps (0.0003 hrs) -nan:-nan 21124 (57) sec
[264] Ep10000: Max 3794 (3112) steps (0.0009 hrs) -nan:-nan 21193 (69) sec
[265] Ep10000: Max 3794 (2224) steps (0.0006 hrs) -nan:-nan 21262 (69) sec
[266] Ep10000: Max 3794 (2137) steps (0.0006 hrs) -nan:-nan 21323 (61) sec
[267] Ep10000: Max 3794 (1918) steps (0.0005 hrs) -nan:-nan 21387 (64) sec
[268] Ep10000: Max 3794 (2060) steps (0.0006 hrs) -nan:-nan 21454 (67) sec
[269] Ep10000: Max 3794 (2742) steps (0.0008 hrs) -nan:-nan 21517 (63) sec
[270] Ep10000: Max 3794 (2022) steps (0.0006 hrs) -nan:-nan 21586 (69) sec
[271] Ep10000: Max 3794 (2430) steps (0.0007 hrs) -nan:-nan 21653 (67) sec
[272] Ep10000: Max 3794 (2906) steps (0.0008 hrs) -nan:-nan 21722 (69) sec
[273] Ep10000: Max 3794 (2636) steps (0.0007 hrs) -nan:-nan 21795 (73) sec
[274] Ep10000: Max 3794 (2238) steps (0.0006 hrs) -nan:-nan 21862 (67) sec
[275] Ep10000: Max 3794 (2675) steps (0.0007 hrs) -nan:-nan 21930 (68) sec
[276] Ep10000: Max 3794 (2742) steps (0.0008 hrs) -nan:-nan 21999 (69) sec
[277] Ep10000: Max 3794 (2195) steps (0.0006 hrs) -nan:-nan 22068 (69) sec
[278] Ep10000: Max 3794 (2441) steps (0.0007 hrs) -nan:-nan 22137 (69) sec
[279] Ep10000: Max 3794 (2755) steps (0.0008 hrs) -nan:-nan 22204 (67) sec
[280] Ep10000: Max 3794 (2557) steps (0.0007 hrs) -nan:-nan 22274 (70) sec
[281] Ep10000: Max 3794 (1496) steps (0.0004 hrs) -nan:-nan 22314 (40) sec
[282] Ep10000: Max 3794 (3017) steps (0.0008 hrs) -nan:-nan 22382 (68) sec
[283] Ep10000: Max 3794 (2869) steps (0.0008 hrs) -nan:-nan 22450 (68) sec
[284] Ep10000: Max 3794 (3494) steps (0.0010 hrs) -nan:-nan 22518 (68) sec
[285] Ep10000: Max 3794 (1893) steps (0.0005 hrs) -nan:-nan 22586 (68) sec
[286] Ep10000: Max 3794 (2429) steps (0.0007 hrs) -nan:-nan 22650 (64) sec
[287] Ep10000: Max 3794 (2625) steps (0.0007 hrs) -nan:-nan 22716 (66) sec
[288] Ep10000: Max 3794 (2505) steps (0.0007 hrs) -nan:-nan 22790 (74) sec
[289] Ep10000: Max 3794 (2126) steps (0.0006 hrs) -nan:-nan 22858 (68) sec
[290] Ep10000: Max 3794 (2751) steps (0.0008 hrs) -nan:-nan 22927 (69) sec
[291] Ep10000: Max 3794 (2300) steps (0.0006 hrs) -nan:-nan 22993 (66) sec
[292] Ep10000: Max 3794 (2020) steps (0.0006 hrs) -nan:-nan 23060 (67) sec
[293] Ep10000: Max 3794 (2416) steps (0.0007 hrs) -nan:-nan 23129 (69) sec
[294] Ep10000: Max 3794 (838) steps (0.0002 hrs) -nan:-nan 23152 (23) sec
[295] Ep10000: Max 3794 (2337) steps (0.0006 hrs) -nan:-nan 23221 (69) sec
[296] Ep10000: Max 3794 (944) steps (0.0003 hrs) -nan:-nan 23277 (56) sec
[297] Ep10000: Max 3794 (2595) steps (0.0007 hrs) -nan:-nan 23346 (69) sec
[298] Ep10000: Max 3794 (2527) steps (0.0007 hrs) -nan:-nan 23414 (68) sec
[299] Ep10000: Max 3794 (2613) steps (0.0007 hrs) -nan:-nan 23485 (71) sec
[300] Ep10000: Max 3794 (2264) steps (0.0006 hrs) -nan:-nan 23547 (62) sec
[301] Ep10000: Max 3794 (2190) steps (0.0006 hrs) -nan:-nan 23611 (64) sec
[302] Ep10000: Max 3794 (2687) steps (0.0007 hrs) -nan:-nan 23677 (66) sec
[303] Ep10000: Max 3794 (2768) steps (0.0008 hrs) -nan:-nan 23741 (64) sec
[304] Ep10000: Max 3794 (2320) steps (0.0006 hrs) -nan:-nan 23805 (64) sec
[305] Ep10000: Max 3794 (2202) steps (0.0006 hrs) -nan:-nan 23867 (62) sec
[306] Ep10000: Max 3794 (2046) steps (0.0006 hrs) -nan:-nan 23922 (55) sec
[307] Ep10000: Max 3794 (3030) steps (0.0008 hrs) -nan:-nan 23984 (62) sec
[308] Ep10000: Max 3794 (3343) steps (0.0009 hrs) -nan:-nan 24050 (66) sec
[309] Ep10000: Max 3794 (2504) steps (0.0007 hrs) -nan:-nan 24110 (60) sec
[310] Ep10000: Max 3794 (2225) steps (0.0006 hrs) -nan:-nan 24180 (70) sec
[311] Ep10000: Max 3794 (2895) steps (0.0008 hrs) -nan:-nan 24252 (72) sec
[312] Ep10000: Max 3794 (2317) steps (0.0006 hrs) -nan:-nan 24316 (64) sec
[313] Ep10000: Max 3794 (2973) steps (0.0008 hrs) -nan:-nan 24383 (67) sec
[314] Ep10000: Max 3794 (2300) steps (0.0006 hrs) -nan:-nan 24452 (69) sec
[315] Ep10000: Max 3794 (1729) steps (0.0005 hrs) -nan:-nan 24480 (28) sec
[316] Ep10000: Max 3794 (3236) steps (0.0009 hrs) -nan:-nan 24539 (59) sec
[317] Ep10000: Max 3794 (2332) steps (0.0006 hrs) -nan:-nan 24602 (63) sec
[318] Ep10000: Max 3794 (3078) steps (0.0009 hrs) -nan:-nan 24672 (70) sec
[319] Ep10000: Max 3794 (2575) steps (0.0007 hrs) -nan:-nan 24742 (70) sec
[320] Ep10000: Max 3794 (2594) steps (0.0007 hrs) -nan:-nan 24813 (71) sec
[321] Ep10000: Max 3794 (2207) steps (0.0006 hrs) -nan:-nan 24863 (50) sec
[322] Ep10000: Max 3794 (2241) steps (0.0006 hrs) -nan:-nan 24948 (85) sec
[323] Ep10000: Max 3794 (2569) steps (0.0007 hrs) -nan:-nan 25043 (95) sec
[324] Ep10000: Max 3794 (2346) steps (0.0007 hrs) -nan:-nan 25125 (82) sec
[325] Ep10000: Max 3794 (2304) steps (0.0006 hrs) -nan:-nan 25192 (67) sec
[326] Ep10000: Max 3794 (2354) steps (0.0007 hrs) -nan:-nan 25262 (70) sec
[327] Ep10000: Max 3794 (2825) steps (0.0008 hrs) -nan:-nan 25333 (71) sec
[328] Ep10000: Max 3794 (2243) steps (0.0006 hrs) -nan:-nan 25390 (57) sec
[329] Ep10000: Max 3794 (3010) steps (0.0008 hrs) -nan:-nan 25448 (58) sec
[330] Ep10000: Max 3794 (2110) steps (0.0006 hrs) -nan:-nan 25487 (39) sec
[331] Ep10000: Max 3794 (2972) steps (0.0008 hrs) -nan:-nan 25549 (62) sec
[332] Ep10000: Max 3794 (2734) steps (0.0008 hrs) -nan:-nan 25633 (84) sec
[333] Ep10000: Max 3794 (2010) steps (0.0006 hrs) -nan:-nan 25695 (62) sec
[334] Ep10000: Max 3794 (850) steps (0.0002 hrs) -nan:-nan 25716 (21) sec
[335] Ep10000: Max 3794 (2747) steps (0.0008 hrs) -nan:-nan 25788 (72) sec
[336] Ep10000: Max 3794 (2661) steps (0.0007 hrs) -nan:-nan 25857 (69) sec
[337] Ep10000: Max 3794 (2529) steps (0.0007 hrs) -nan:-nan 25928 (71) sec
[338] Ep10000: Max 3794 (2419) steps (0.0007 hrs) -nan:-nan 26027 (99) sec
[339] Ep10000: Max 3794 (2534) steps (0.0007 hrs) -nan:-nan 26115 (88) sec
[340] Ep10000: Max 3794 (2148) steps (0.0006 hrs) -nan:-nan 26198 (83) sec
[341] Ep10000: Max 3794 (2806) steps (0.0008 hrs) -nan:-nan 26335 (137) sec
[342] Ep10000: Max 3794 (2723) steps (0.0008 hrs) -nan:-nan 26483 (148) sec
[343] Ep10000: Max 3794 (2209) steps (0.0006 hrs) -nan:-nan 26612 (129) sec
[344] Ep10000: Max 3794 (2484) steps (0.0007 hrs) -nan:-nan 26748 (136) sec
[345] Ep10000: Max 3794 (2158) steps (0.0006 hrs) -nan:-nan 26916 (168) sec
[346] Ep10000: Max 3794 (2050) steps (0.0006 hrs) -nan:-nan 27082 (166) sec
[347] Ep10000: Max 3794 (2320) steps (0.0006 hrs) -nan:-nan 27235 (153) sec
[348] Ep10000: Max 3794 (2143) steps (0.0006 hrs) -nan:-nan 27375 (140) sec
[349] Ep10000: Max 3794 (2112) steps (0.0006 hrs) -nan:-nan 27482 (107) sec
[350] Ep10000: Max 3794 (2415) steps (0.0007 hrs) -nan:-nan 27623 (141) sec
[351] Ep10000: Max 3794 (2154) steps (0.0006 hrs) -nan:-nan 27737 (114) sec
[352] Ep10000: Max 3794 (2383) steps (0.0007 hrs) -nan:-nan 27857 (120) sec
[353] Ep10000: Max 3794 (1801) steps (0.0005 hrs) -nan:-nan 27941 (84) sec
[354] Ep10000: Max 3794 (2593) steps (0.0007 hrs) -nan:-nan 28067 (126) sec
[355] Ep10000: Max 3794 (2021) steps (0.0006 hrs) -nan:-nan 28200 (133) sec
[356] Ep10000: Max 3794 (2592) steps (0.0007 hrs) -nan:-nan 28328 (128) sec
[357] Ep10000: Max 3794 (2555) steps (0.0007 hrs) -nan:-nan 28446 (118) sec
[358] Ep10000: Max 3794 (2779) steps (0.0008 hrs) -nan:-nan 28552 (106) sec
[359] Ep10000: Max 3794 (2438) steps (0.0007 hrs) -nan:-nan 28665 (113) sec
[360] Ep10000: Max 3794 (2358) steps (0.0007 hrs) -nan:-nan 28767 (102) sec
[361] Ep10000: Max 3794 (2296) steps (0.0006 hrs) -nan:-nan 28849 (82) sec
[362] Ep10000: Max 3794 (1871) steps (0.0005 hrs) -nan:-nan 28945 (96) sec
[363] Ep10000: Max 3794 (2023) steps (0.0006 hrs) -nan:-nan 29036 (91) sec
[364] Ep10000: Max 3794 (2381) steps (0.0007 hrs) -nan:-nan 29148 (112) sec
[365] Ep10000: Max 3794 (2641) steps (0.0007 hrs) -nan:-nan 29280 (132) sec
[366] Ep10000: Max 3794 (3350) steps (0.0009 hrs) -nan:-nan 29374 (94) sec
[367] Ep10000: Max 3794 (2545) steps (0.0007 hrs) -nan:-nan 29483 (109) sec
[368] Ep10000: Max 3794 (2680) steps (0.0007 hrs) -nan:-nan 29598 (115) sec
[369] Ep10000: Max 3794 (2107) steps (0.0006 hrs) -nan:-nan 29712 (114) sec
[370] Ep10000: Max 3794 (2199) steps (0.0006 hrs) -nan:-nan 29802 (90) sec
[371] Ep10000: Max 3794 (2869) steps (0.0008 hrs) -nan:-nan 29902 (100) sec
[372] Ep10000: Max 3794 (2776) steps (0.0008 hrs) -nan:-nan 29961 (59) sec
[373] Ep10000: Max 3794 (2857) steps (0.0008 hrs) -nan:-nan 30061 (100) sec
[374] Ep10000: Max 3794 (2356) steps (0.0007 hrs) -nan:-nan 30150 (89) sec
[375] Ep10000: Max 3794 (2163) steps (0.0006 hrs) -nan:-nan 30250 (100) sec
[376] Ep10000: Max 3794 (3172) steps (0.0009 hrs) -nan:-nan 30345 (95) sec
[377] Ep10000: Max 3794 (2395) steps (0.0007 hrs) -nan:-nan 30430 (85) sec
[378] Ep10000: Max 3794 (2822) steps (0.0008 hrs) -nan:-nan 30499 (69) sec
[379] Ep10000: Max 3794 (2414) steps (0.0007 hrs) -nan:-nan 30579 (80) sec
[380] Ep10000: Max 3794 (2651) steps (0.0007 hrs) -nan:-nan 30669 (90) sec
[381] Ep10000: Max 3794 (2493) steps (0.0007 hrs) -nan:-nan 30754 (85) sec
[382] Ep10000: Max 3794 (2382) steps (0.0007 hrs) -nan:-nan 30843 (89) sec
[383] Ep10000: Max 3794 (1957) steps (0.0005 hrs) -nan:-nan 30907 (64) sec
[384] Ep10000: Max 3794 (2182) steps (0.0006 hrs) -nan:-nan 30966 (59) sec
[385] Ep10000: Max 3794 (2654) steps (0.0007 hrs) -nan:-nan 31033 (67) sec
[386] Ep10000: Max 3794 (2259) steps (0.0006 hrs) -nan:-nan 31098 (65) sec
[387] Ep10000: Max 3794 (2267) steps (0.0006 hrs) -nan:-nan 31161 (63) sec
[388] Ep10000: Max 3794 (2433) steps (0.0007 hrs) -nan:-nan 31223 (62) sec
[389] Ep10000: Max 3794 (2361) steps (0.0007 hrs) -nan:-nan 31287 (64) sec
[390] Ep10000: Max 3794 (2642) steps (0.0007 hrs) -nan:-nan 31350 (63) sec
[391] Ep10000: Max 3794 (3171) steps (0.0009 hrs) -nan:-nan 31414 (64) sec
[392] Ep10000: Max 3794 (2338) steps (0.0006 hrs) -nan:-nan 31474 (60) sec
[393] Ep10000: Max 3794 (2496) steps (0.0007 hrs) -nan:-nan 31538 (64) sec
[394] Ep10000: Max 3794 (2725) steps (0.0008 hrs) -nan:-nan 31603 (65) sec
[395] Ep10000: Max 3794 (2292) steps (0.0006 hrs) -nan:-nan 31665 (62) sec
[396] Ep10000: Max 3794 (2265) steps (0.0006 hrs) -nan:-nan 31726 (61) sec
[397] Ep10000: Max 3794 (1184) steps (0.0003 hrs) -nan:-nan 31774 (48) sec
[398] Ep10000: Max 3794 (2552) steps (0.0007 hrs) -nan:-nan 31838 (64) sec
[399] Ep10000: Max 3794 (2766) steps (0.0008 hrs) -nan:-nan 31902 (64) sec
[400] Ep10000: Max 3794 (2202) steps (0.0006 hrs) -nan:-nan 31971 (69) sec
[401] Ep10000: Max 3794 (2462) steps (0.0007 hrs) -nan:-nan 32018 (47) sec
[402] Ep10000: Max 3794 (2194) steps (0.0006 hrs) -nan:-nan 32079 (61) sec
[403] Ep10000: Max 3794 (2334) steps (0.0006 hrs) -nan:-nan 32143 (64) sec
[404] Ep10000: Max 3794 (2256) steps (0.0006 hrs) -nan:-nan 32207 (64) sec
[405] Ep10000: Max 3794 (2502) steps (0.0007 hrs) -nan:-nan 32272 (65) sec
[406] Ep10000: Max 3794 (2058) steps (0.0006 hrs) -nan:-nan 32337 (65) sec
[407] Ep10000: Max 3794 (2364) steps (0.0007 hrs) -nan:-nan 32405 (68) sec
[408] Ep10000: Max 3794 (3018) steps (0.0008 hrs) -nan:-nan 32473 (68) sec
[409] Ep10000: Max 3794 (2407) steps (0.0007 hrs) -nan:-nan 32538 (65) sec
[410] Ep10000: Max 3794 (2077) steps (0.0006 hrs) -nan:-nan 32605 (67) sec
[411] Ep10000: Max 3794 (2381) steps (0.0007 hrs) -nan:-nan 32667 (62) sec
[412] Ep10000: Max 3794 (1851) steps (0.0005 hrs) -nan:-nan 32731 (64) sec
[413] Ep10000: Max 3794 (2705) steps (0.0008 hrs) -nan:-nan 32797 (66) sec
[414] Ep10000: Max 3794 (2556) steps (0.0007 hrs) -nan:-nan 32862 (65) sec
[415] Ep10000: Max 3794 (2493) steps (0.0007 hrs) -nan:-nan 32924 (62) sec
[416] Ep10000: Max 3794 (3601) steps (0.0010 hrs) -nan:-nan 32991 (67) sec
[417] Ep10000: Max 3794 (2389) steps (0.0007 hrs) -nan:-nan 33056 (65) sec
[418] Ep10000: Max 3794 (2061) steps (0.0006 hrs) -nan:-nan 33115 (59) sec
[419] Ep10000: Max 3794 (3438) steps (0.0010 hrs) -nan:-nan 33181 (66) sec
[420] Ep10000: Max 3794 (2504) steps (0.0007 hrs) -nan:-nan 33242 (61) sec
[421] Ep10000: Max 3794 (2012) steps (0.0006 hrs) -nan:-nan 33304 (62) sec
[422] Ep10000: Max 3794 (2743) steps (0.0008 hrs) -nan:-nan 33371 (67) sec
[423] Ep10000: Max 3794 (2236) steps (0.0006 hrs) -nan:-nan 33438 (67) sec
[424] Ep10000: Max 3794 (2710) steps (0.0008 hrs) -nan:-nan 33506 (68) sec
[425] Ep10000: Max 3794 (2011) steps (0.0006 hrs) -nan:-nan 33571 (65) sec
[426] Ep10000: Max 3794 (2414) steps (0.0007 hrs) -nan:-nan 33636 (65) sec
[427] Ep10000: Max 3794 (2616) steps (0.0007 hrs) -nan:-nan 33706 (70) sec
[428] Ep10000: Max 3794 (2541) steps (0.0007 hrs) -nan:-nan 33770 (64) sec
[429] Ep10000: Max 3794 (2391) steps (0.0007 hrs) -nan:-nan 33838 (68) sec
[430] Ep10000: Max 3794 (2431) steps (0.0007 hrs) -nan:-nan 33900 (62) sec
[431] Ep10000: Max 3794 (2316) steps (0.0006 hrs) -nan:-nan 33967 (67) sec
[432] Ep10000: Max 3794 (2975) steps (0.0008 hrs) -nan:-nan 34033 (66) sec
[433] Ep10000: Max 3794 (2747) steps (0.0008 hrs) -nan:-nan 34101 (68) sec
[434] Ep10000: Max 3794 (3221) steps (0.0009 hrs) -nan:-nan 34167 (66) sec
[435] Ep10000: Max 3794 (2362) steps (0.0007 hrs) -nan:-nan 34232 (65) sec
[436] Ep10000: Max 3794 (2622) steps (0.0007 hrs) -nan:-nan 34299 (67) sec
[437] Ep10000: Max 3794 (2312) steps (0.0006 hrs) -nan:-nan 34363 (64) sec
[438] Ep10000: Max 3794 (2369) steps (0.0007 hrs) -nan:-nan 34430 (67) sec
[439] Ep10000: Max 3794 (2363) steps (0.0007 hrs) -nan:-nan 34493 (63) sec
[440] Ep10000: Max 3794 (2362) steps (0.0007 hrs) -nan:-nan 34559 (66) sec
[441] Ep10000: Max 3794 (2225) steps (0.0006 hrs) -nan:-nan 34623 (64) sec
[442] Ep10000: Max 3794 (2256) steps (0.0006 hrs) -nan:-nan 34687 (64) sec
[443] Ep10000: Max 3794 (2158) steps (0.0006 hrs) -nan:-nan 34751 (64) sec
[444] Ep10000: Max 3794 (2321) steps (0.0006 hrs) -nan:-nan 34818 (67) sec
[445] Ep10000: Max 3794 (2539) steps (0.0007 hrs) -nan:-nan 34878 (60) sec
[446] Ep10000: Max 3794 (3323) steps (0.0009 hrs) -nan:-nan 34944 (66) sec
[447] Ep10000: Max 3794 (2515) steps (0.0007 hrs) -nan:-nan 35012 (68) sec
[448] Ep10000: Max 3794 (2026) steps (0.0006 hrs) -nan:-nan 35074 (62) sec
[449] Ep10000: Max 3794 (3017) steps (0.0008 hrs) -nan:-nan 35142 (68) sec
[450] Ep10000: Max 3794 (2434) steps (0.0007 hrs) -nan:-nan 35205 (63) sec
[451] Ep10000: Max 3794 (2244) steps (0.0006 hrs) -nan:-nan 35267 (62) sec
[452] Ep10000: Max 3794 (2130) steps (0.0006 hrs) -nan:-nan 35334 (67) sec
[453] Ep10000: Max 3794 (2025) steps (0.0006 hrs) -nan:-nan 35396 (62) sec
[454] Ep10000: Max 3794 (2219) steps (0.0006 hrs) -nan:-nan 35461 (65) sec
[455] Ep10000: Max 3794 (2045) steps (0.0006 hrs) -nan:-nan 35520 (59) sec
[456] Ep10000: Max 3794 (2308) steps (0.0006 hrs) -nan:-nan 35584 (64) sec
[457] Ep10000: Max 3794 (2452) steps (0.0007 hrs) -nan:-nan 35618 (34) sec
[458] Ep10000: Max 3794 (1581) steps (0.0004 hrs) -nan:-nan 35668 (50) sec
[459] Ep10000: Max 3794 (2092) steps (0.0006 hrs) -nan:-nan 35748 (80) sec
[460] Ep10000: Max 3794 (2375) steps (0.0007 hrs) -nan:-nan 35824 (76) sec
[461] Ep10000: Max 4025 (4025) steps (0.0011 hrs) -nan:-nan 35888 (64) sec
[462] Ep10000: Max 4025 (2359) steps (0.0007 hrs) -nan:-nan 35960 (72) sec
[463] Ep10000: Max 4025 (2322) steps (0.0006 hrs) -nan:-nan 36031 (71) sec
[464] Ep10000: Max 4025 (2363) steps (0.0007 hrs) -nan:-nan 36104 (73) sec
[465] Ep10000: Max 4025 (1972) steps (0.0005 hrs) -nan:-nan 36175 (71) sec
[466] Ep10000: Max 4025 (2388) steps (0.0007 hrs) -nan:-nan 36254 (79) sec
[467] Ep10000: Max 4025 (2224) steps (0.0006 hrs) -nan:-nan 36324 (70) sec
[468] Ep10000: Max 4025 (3139) steps (0.0009 hrs) -nan:-nan 36398 (74) sec
[469] Ep10000: Max 4025 (2519) steps (0.0007 hrs) -nan:-nan 36471 (73) sec
[470] Ep10000: Max 4025 (2111) steps (0.0006 hrs) -nan:-nan 36545 (74) sec
[471] Ep10000: Max 4025 (2150) steps (0.0006 hrs) -nan:-nan 36617 (72) sec
[472] Ep10000: Max 4025 (2394) steps (0.0007 hrs) -nan:-nan 36693 (76) sec
[473] Ep10000: Max 4025 (2342) steps (0.0007 hrs) -nan:-nan 36765 (72) sec
[474] Ep10000: Max 4025 (1979) steps (0.0005 hrs) -nan:-nan 36816 (51) sec
[475] Ep10000: Max 4025 (2799) steps (0.0008 hrs) -nan:-nan 36885 (69) sec
[476] Ep10000: Max 4025 (2344) steps (0.0007 hrs) -nan:-nan 36959 (74) sec
[477] Ep10000: Max 4025 (2087) steps (0.0006 hrs) -nan:-nan 37031 (72) sec
[478] Ep10000: Max 4025 (2706) steps (0.0008 hrs) -nan:-nan 37101 (70) sec
[479] Ep10000: Max 4025 (2715) steps (0.0008 hrs) -nan:-nan 37175 (74) sec
[480] Ep10000: Max 4025 (2446) steps (0.0007 hrs) -nan:-nan 37251 (76) sec
[481] Ep10000: Max 4025 (2407) steps (0.0007 hrs) -nan:-nan 37321 (70) sec
[482] Ep10000: Max 4025 (2425) steps (0.0007 hrs) -nan:-nan 37396 (75) sec
[483] Ep10000: Max 4025 (2326) steps (0.0006 hrs) -nan:-nan 37468 (72) sec
[484] Ep10000: Max 4025 (2477) steps (0.0007 hrs) -nan:-nan 37542 (74) sec
[485] Ep10000: Max 4025 (2111) steps (0.0006 hrs) -nan:-nan 37614 (72) sec
[486] Ep10000: Max 4025 (2819) steps (0.0008 hrs) -nan:-nan 37683 (69) sec
[487] Ep10000: Max 4025 (2246) steps (0.0006 hrs) -nan:-nan 37750 (67) sec
[488] Ep10000: Max 4025 (2523) steps (0.0007 hrs) -nan:-nan 37821 (71) sec
[489] Ep10000: Max 4025 (2401) steps (0.0007 hrs) -nan:-nan 37891 (70) sec
[490] Ep10000: Max 4025 (2095) steps (0.0006 hrs) -nan:-nan 37962 (71) sec
[491] Ep10000: Max 4025 (2276) steps (0.0006 hrs) -nan:-nan 38030 (68) sec
[492] Ep10000: Max 4025 (2382) steps (0.0007 hrs) -nan:-nan 38101 (71) sec
[493] Ep10000: Max 4025 (751) steps (0.0002 hrs) -nan:-nan 38120 (19) sec
[494] Ep10000: Max 4025 (1981) steps (0.0006 hrs) -nan:-nan 38197 (77) sec
[495] Ep10000: Max 4025 (2624) steps (0.0007 hrs) -nan:-nan 38268 (71) sec
[496] Ep10000: Max 4025 (2751) steps (0.0008 hrs) -nan:-nan 38340 (72) sec
[497] Ep10000: Max 4025 (2794) steps (0.0008 hrs) -nan:-nan 38412 (72) sec
[498] Ep10000: Max 4025 (3472) steps (0.0010 hrs) -nan:-nan 38484 (72) sec
[499] Ep10000: Max 4025 (2524) steps (0.0007 hrs) -nan:-nan 38562 (78) sec
[500] Ep10000: Max 4025 (2504) steps (0.0007 hrs) -nan:-nan 38628 (66) sec
[501] Ep10000: Max 4025 (2199) steps (0.0006 hrs) -nan:-nan 38675 (47) sec
[502] Ep10000: Max 4025 (1947) steps (0.0005 hrs) -nan:-nan 38744 (69) sec
[503] Ep10000: Max 4025 (2572) steps (0.0007 hrs) -nan:-nan 38817 (73) sec
[504] Ep10000: Max 4025 (2496) steps (0.0007 hrs) -nan:-nan 38888 (71) sec
[505] Ep10000: Max 4025 (3074) steps (0.0009 hrs) -nan:-nan 38960 (72) sec
[506] Ep10000: Max 4025 (2345) steps (0.0007 hrs) -nan:-nan 39027 (67) sec
[507] Ep10000: Max 4025 (2229) steps (0.0006 hrs) -nan:-nan 39097 (70) sec
[508] Ep10000: Max 4025 (3407) steps (0.0009 hrs) -nan:-nan 39165 (68) sec
[509] Ep10000: Max 4025 (2426) steps (0.0007 hrs) -nan:-nan 39223 (58) sec
[510] Ep10000: Max 4025 (3170) steps (0.0009 hrs) -nan:-nan 39291 (68) sec
[511] Ep10000: Max 4025 (2071) steps (0.0006 hrs) -nan:-nan 39354 (63) sec
[512] Ep10000: Max 4025 (1987) steps (0.0006 hrs) -nan:-nan 39397 (43) sec
[513] Ep10000: Max 4025 (2285) steps (0.0006 hrs) -nan:-nan 39463 (66) sec
[514] Ep10000: Max 4025 (2310) steps (0.0006 hrs) -nan:-nan 39529 (66) sec
[515] Ep10000: Max 4025 (2458) steps (0.0007 hrs) -nan:-nan 39596 (67) sec
[516] Ep10000: Max 4025 (2869) steps (0.0008 hrs) -nan:-nan 39669 (73) sec
[517] Ep10000: Max 4025 (2838) steps (0.0008 hrs) -nan:-nan 39732 (63) sec
[518] Ep10000: Max 4025 (2304) steps (0.0006 hrs) -nan:-nan 39797 (65) sec
[519] Ep10000: Max 4025 (1114) steps (0.0003 hrs) -nan:-nan 39816 (19) sec
[520] Ep10000: Max 4025 (2603) steps (0.0007 hrs) -nan:-nan 39883 (67) sec
[521] Ep10000: Max 4025 (2285) steps (0.0006 hrs) -nan:-nan 39953 (70) sec
[522] Ep10000: Max 4025 (2669) steps (0.0007 hrs) -nan:-nan 40026 (73) sec
[523] Ep10000: Max 4025 (2679) steps (0.0007 hrs) -nan:-nan 40085 (59) sec
[524] Ep10000: Max 4025 (2415) steps (0.0007 hrs) -nan:-nan 40155 (70) sec
[525] Ep10000: Max 4025 (2325) steps (0.0006 hrs) -nan:-nan 40224 (69) sec
[526] Ep10000: Max 4025 (1020) steps (0.0003 hrs) -nan:-nan 40247 (23) sec
[527] Ep10000: Max 4025 (2332) steps (0.0006 hrs) -nan:-nan 40315 (68) sec
[528] Ep10000: Max 4025 (2494) steps (0.0007 hrs) -nan:-nan 40388 (73) sec
[529] Ep10000: Max 4025 (2210) steps (0.0006 hrs) -nan:-nan 40458 (70) sec
[530] Ep10000: Max 4025 (1088) steps (0.0003 hrs) -nan:-nan 40515 (57) sec
[531] Ep10000: Max 4025 (2440) steps (0.0007 hrs) -nan:-nan 40587 (72) sec
[532] Ep10000: Max 4025 (2637) steps (0.0007 hrs) -nan:-nan 40656 (69) sec
[533] Ep10000: Max 4025 (2149) steps (0.0006 hrs) -nan:-nan 40733 (77) sec
[534] Ep10000: Max 4025 (2729) steps (0.0008 hrs) -nan:-nan 40807 (74) sec
[535] Ep10000: Max 4025 (2536) steps (0.0007 hrs) -nan:-nan 40881 (74) sec
[536] Ep10000: Max 4025 (1796) steps (0.0005 hrs) -nan:-nan 40938 (57) sec
[537] Ep10000: Max 4025 (2555) steps (0.0007 hrs) -nan:-nan 41008 (70) sec
[538] Ep10000: Max 4025 (2756) steps (0.0008 hrs) -nan:-nan 41078 (70) sec
[539] Ep10000: Max 4025 (3259) steps (0.0009 hrs) -nan:-nan 41146 (68) sec
[540] Ep10000: Max 4025 (2278) steps (0.0006 hrs) -nan:-nan 41215 (69) sec
[541] Ep10000: Max 4025 (2596) steps (0.0007 hrs) -nan:-nan 41285 (70) sec
[542] Ep10000: Max 4025 (2265) steps (0.0006 hrs) -nan:-nan 41355 (70) sec
[543] Ep10000: Max 4025 (2294) steps (0.0006 hrs) -nan:-nan 41423 (68) sec
[544] Ep10000: Max 4025 (2334) steps (0.0006 hrs) -nan:-nan 41494 (71) sec
[545] Ep10000: Max 4025 (2771) steps (0.0008 hrs) -nan:-nan 41563 (69) sec
[546] Ep10000: Max 4025 (2424) steps (0.0007 hrs) -nan:-nan 41636 (73) sec
[547] Ep10000: Max 4025 (2440) steps (0.0007 hrs) -nan:-nan 41712 (76) sec
[548] Ep10000: Max 4025 (2549) steps (0.0007 hrs) -nan:-nan 41783 (71) sec
[549] Ep10000: Max 4025 (2663) steps (0.0007 hrs) -nan:-nan 41852 (69) sec
[550] Ep10000: Max 4025 (2625) steps (0.0007 hrs) -nan:-nan 41921 (69) sec
[551] Ep10000: Max 4025 (2047) steps (0.0006 hrs) -nan:-nan 41992 (71) sec
[552] Ep10000: Max 4025 (2194) steps (0.0006 hrs) -nan:-nan 42068 (76) sec
[553] Ep10000: Max 4025 (2876) steps (0.0008 hrs) -nan:-nan 42137 (69) sec
[554] Ep10000: Max 4025 (950) steps (0.0003 hrs) -nan:-nan 42155 (18) sec
[555] Ep10000: Max 4025 (2065) steps (0.0006 hrs) -nan:-nan 42224 (69) sec
[556] Ep10000: Max 4025 (2328) steps (0.0006 hrs) -nan:-nan 42296 (72) sec
[557] Ep10000: Max 4025 (2521) steps (0.0007 hrs) -nan:-nan 42366 (70) sec
[558] Ep10000: Max 4025 (2415) steps (0.0007 hrs) -nan:-nan 42411 (45) sec
[559] Ep10000: Max 4025 (2412) steps (0.0007 hrs) -nan:-nan 42481 (70) sec
[560] Ep10000: Max 4025 (2871) steps (0.0008 hrs) -nan:-nan 42546 (65) sec
[561] Ep10000: Max 4025 (2737) steps (0.0008 hrs) -nan:-nan 42621 (75) sec
[562] Ep10000: Max 4025 (2394) steps (0.0007 hrs) -nan:-nan 42691 (70) sec
[563] Ep10000: Max 4025 (2222) steps (0.0006 hrs) -nan:-nan 42757 (66) sec
[564] Ep10000: Max 4025 (2494) steps (0.0007 hrs) -nan:-nan 42836 (79) sec
[565] Ep10000: Max 4025 (2294) steps (0.0006 hrs) -nan:-nan 42911 (75) sec
[566] Ep10000: Max 4025 (2244) steps (0.0006 hrs) -nan:-nan 42978 (67) sec
[567] Ep10000: Max 4025 (3049) steps (0.0008 hrs) -nan:-nan 43054 (76) sec
[568] Ep10000: Max 4025 (2883) steps (0.0008 hrs) -nan:-nan 43130 (76) sec
[569] Ep10000: Max 4025 (2022) steps (0.0006 hrs) -nan:-nan 43203 (73) sec
[570] Ep10000: Max 4025 (2635) steps (0.0007 hrs) -nan:-nan 43274 (71) sec
[571] Ep10000: Max 4025 (2495) steps (0.0007 hrs) -nan:-nan 43341 (67) sec
[572] Ep10000: Max 4025 (2303) steps (0.0006 hrs) -nan:-nan 43408 (67) sec
[573] Ep10000: Max 4025 (1029) steps (0.0003 hrs) -nan:-nan 43425 (17) sec
[574] Ep10000: Max 4025 (2094) steps (0.0006 hrs) -nan:-nan 43493 (68) sec
[575] Ep10000: Max 4025 (2795) steps (0.0008 hrs) -nan:-nan 43564 (71) sec
[576] Ep10000: Max 4025 (2234) steps (0.0006 hrs) -nan:-nan 43628 (64) sec
[577] Ep10000: Max 4025 (2121) steps (0.0006 hrs) -nan:-nan 43696 (68) sec
[578] Ep10000: Max 4025 (2200) steps (0.0006 hrs) -nan:-nan 43757 (61) sec
[579] Ep10000: Max 4025 (2289) steps (0.0006 hrs) -nan:-nan 43827 (70) sec
[580] Ep10000: Max 4025 (2718) steps (0.0008 hrs) -nan:-nan 43892 (65) sec
[581] Ep10000: Max 4025 (2500) steps (0.0007 hrs) -nan:-nan 43958 (66) sec
[582] Ep10000: Max 4025 (2433) steps (0.0007 hrs) -nan:-nan 44028 (70) sec
[583] Ep10000: Max 4025 (3285) steps (0.0009 hrs) -nan:-nan 44100 (72) sec
[584] Ep10000: Max 4025 (2526) steps (0.0007 hrs) -nan:-nan 44176 (76) sec
[585] Ep10000: Max 4025 (2631) steps (0.0007 hrs) -nan:-nan 44244 (68) sec
[586] Ep10000: Max 4025 (2617) steps (0.0007 hrs) -nan:-nan 44313 (69) sec
[587] Ep10000: Max 4025 (2544) steps (0.0007 hrs) -nan:-nan 44382 (69) sec
[588] Ep10000: Max 4025 (2706) steps (0.0008 hrs) -nan:-nan 44450 (68) sec
[589] Ep10000: Max 4025 (2380) steps (0.0007 hrs) -nan:-nan 44525 (75) sec
[590] Ep10000: Max 4025 (2281) steps (0.0006 hrs) -nan:-nan 44572 (47) sec
[591] Ep10000: Max 4025 (2578) steps (0.0007 hrs) -nan:-nan 44646 (74) sec
[592] Ep10000: Max 4025 (2936) steps (0.0008 hrs) -nan:-nan 44717 (71) sec
[593] Ep10000: Max 4025 (2374) steps (0.0007 hrs) -nan:-nan 44784 (67) sec
[594] Ep10000: Max 4025 (2797) steps (0.0008 hrs) -nan:-nan 44852 (68) sec
[595] Ep10000: Max 4025 (2346) steps (0.0007 hrs) -nan:-nan 44918 (66) sec
[596] Ep10000: Max 4025 (2465) steps (0.0007 hrs) -nan:-nan 44989 (71) sec
[597] Ep10000: Max 4025 (2246) steps (0.0006 hrs) -nan:-nan 45061 (72) sec
[598] Ep10000: Max 4025 (2720) steps (0.0008 hrs) -nan:-nan 45129 (68) sec
[599] Ep10000: Max 4025 (2646) steps (0.0007 hrs) -nan:-nan 45198 (69) sec
[600] Ep10000: Max 4025 (2435) steps (0.0007 hrs) -nan:-nan 45267 (69) sec
[601] Ep10000: Max 4025 (2173) steps (0.0006 hrs) -nan:-nan 45332 (65) sec
[602] Ep10000: Max 4025 (2411) steps (0.0007 hrs) -nan:-nan 45401 (69) sec
[603] Ep10000: Max 4025 (2658) steps (0.0007 hrs) -nan:-nan 45465 (64) sec
[604] Ep10000: Max 4025 (2571) steps (0.0007 hrs) -nan:-nan 45531 (66) sec
[605] Ep10000: Max 4025 (1604) steps (0.0004 hrs) -nan:-nan 45569 (38) sec
[606] Ep10000: Max 4025 (2258) steps (0.0006 hrs) -nan:-nan 45634 (65) sec
[607] Ep10000: Max 4025 (3328) steps (0.0009 hrs) -nan:-nan 45702 (68) sec
[608] Ep10000: Max 4025 (2308) steps (0.0006 hrs) -nan:-nan 45773 (71) sec
[609] Ep10000: Max 4025 (2167) steps (0.0006 hrs) -nan:-nan 45842 (69) sec
[610] Ep10000: Max 4025 (2732) steps (0.0008 hrs) -nan:-nan 45908 (66) sec
[611] Ep10000: Max 4025 (2154) steps (0.0006 hrs) -nan:-nan 45971 (63) sec
[612] Ep10000: Max 4025 (2076) steps (0.0006 hrs) -nan:-nan 46037 (66) sec
[613] Ep10000: Max 4025 (2187) steps (0.0006 hrs) -nan:-nan 46101 (64) sec
[614] Ep10000: Max 4025 (2372) steps (0.0007 hrs) -nan:-nan 46167 (66) sec
[615] Ep10000: Max 4025 (2705) steps (0.0008 hrs) -nan:-nan 46234 (67) sec
[616] Ep10000: Max 4025 (2661) steps (0.0007 hrs) -nan:-nan 46305 (71) sec
[617] Ep10000: Max 4025 (2060) steps (0.0006 hrs) -nan:-nan 46369 (64) sec
[618] Ep10000: Max 4025 (2859) steps (0.0008 hrs) -nan:-nan 46441 (72) sec
[619] Ep10000: Max 4025 (2342) steps (0.0007 hrs) -nan:-nan 46510 (69) sec
[620] Ep10000: Max 4025 (2460) steps (0.0007 hrs) -nan:-nan 46578 (68) sec
[621] Ep10000: Max 4025 (2206) steps (0.0006 hrs) -nan:-nan 46649 (71) sec
[622] Ep10000: Max 4025 (2040) steps (0.0006 hrs) -nan:-nan 46720 (71) sec
[623] Ep10000: Max 4025 (2974) steps (0.0008 hrs) -nan:-nan 46783 (63) sec
[624] Ep10000: Max 4025 (2392) steps (0.0007 hrs) -nan:-nan 46843 (60) sec
[625] Ep10000: Max 4025 (2079) steps (0.0006 hrs) -nan:-nan 46906 (63) sec
[626] Ep10000: Max 4025 (2559) steps (0.0007 hrs) -nan:-nan 46968 (62) sec
[627] Ep10000: Max 4025 (2456) steps (0.0007 hrs) -nan:-nan 47040 (72) sec
[628] Ep10000: Max 4025 (2605) steps (0.0007 hrs) -nan:-nan 47110 (70) sec
[629] Ep10000: Max 4025 (2676) steps (0.0007 hrs) -nan:-nan 47178 (68) sec
[630] Ep10000: Max 4025 (2085) steps (0.0006 hrs) -nan:-nan 47246 (68) sec
[631] Ep10000: Max 4025 (3017) steps (0.0008 hrs) -nan:-nan 47315 (69) sec
[632] Ep10000: Max 4025 (2328) steps (0.0006 hrs) -nan:-nan 47379 (64) sec
[633] Ep10000: Max 4025 (2791) steps (0.0008 hrs) -nan:-nan 47438 (59) sec
[634] Ep10000: Max 4025 (2427) steps (0.0007 hrs) -nan:-nan 47502 (64) sec
[635] Ep10000: Max 4025 (2412) steps (0.0007 hrs) -nan:-nan 47565 (63) sec
[636] Ep10000: Max 4025 (2803) steps (0.0008 hrs) -nan:-nan 47635 (70) sec
[637] Ep10000: Max 4025 (2801) steps (0.0008 hrs) -nan:-nan 47697 (62) sec
[638] Ep10000: Max 4025 (2361) steps (0.0007 hrs) -nan:-nan 47765 (68) sec
[639] Ep10000: Max 4025 (2470) steps (0.0007 hrs) -nan:-nan 47833 (68) sec
[640] Ep10000: Max 4025 (2329) steps (0.0006 hrs) -nan:-nan 47900 (67) sec
[641] Ep10000: Max 4025 (2163) steps (0.0006 hrs) -nan:-nan 47950 (50) sec
[642] Ep10000: Max 4025 (2183) steps (0.0006 hrs) -nan:-nan 48016 (66) sec
[643] Ep10000: Max 4025 (2568) steps (0.0007 hrs) -nan:-nan 48088 (72) sec
[644] Ep10000: Max 4025 (2605) steps (0.0007 hrs) -nan:-nan 48132 (44) sec
[645] Ep10000: Max 4025 (3779) steps (0.0010 hrs) -nan:-nan 48187 (55) sec
[646] Ep10000: Max 4025 (2370) steps (0.0007 hrs) -nan:-nan 48249 (62) sec
[647] Ep10000: Max 4025 (2257) steps (0.0006 hrs) -nan:-nan 48312 (63) sec
[648] Ep10000: Max 4025 (2613) steps (0.0007 hrs) -nan:-nan 48378 (66) sec
[649] Ep10000: Max 4025 (1972) steps (0.0005 hrs) -nan:-nan 48418 (40) sec
[650] Ep10000: Max 4025 (2434) steps (0.0007 hrs) -nan:-nan 48474 (56) sec
[651] Ep10000: Max 4025 (2900) steps (0.0008 hrs) -nan:-nan 48536 (62) sec
[652] Ep10000: Max 4025 (2448) steps (0.0007 hrs) -nan:-nan 48601 (65) sec
[653] Ep10000: Max 4025 (2389) steps (0.0007 hrs) -nan:-nan 48666 (65) sec
[654] Ep10000: Max 4025 (2715) steps (0.0008 hrs) -nan:-nan 48730 (64) sec
[655] Ep10000: Max 4025 (3129) steps (0.0009 hrs) -nan:-nan 48811 (81) sec
[656] Ep10000: Max 4025 (2516) steps (0.0007 hrs) -nan:-nan 48887 (76) sec
[657] Ep10000: Max 4025 (3069) steps (0.0009 hrs) -nan:-nan 48958 (71) sec
[658] Ep10000: Max 4025 (2583) steps (0.0007 hrs) -nan:-nan 49023 (65) sec
[659] Ep10000: Max 4025 (2052) steps (0.0006 hrs) -nan:-nan 49091 (68) sec
[660] Ep10000: Max 4025 (2693) steps (0.0007 hrs) -nan:-nan 49156 (65) sec
[661] Ep10000: Max 4025 (2297) steps (0.0006 hrs) -nan:-nan 49230 (74) sec
[662] Ep10000: Max 4025 (2645) steps (0.0007 hrs) -nan:-nan 49302 (72) sec
[663] Ep10000: Max 4025 (2809) steps (0.0008 hrs) -nan:-nan 49374 (72) sec
[664] Ep10000: Max 4025 (2437) steps (0.0007 hrs) -nan:-nan 49444 (70) sec
[665] Ep10000: Max 4025 (2325) steps (0.0006 hrs) -nan:-nan 49507 (63) sec
[666] Ep10000: Max 4025 (2686) steps (0.0007 hrs) -nan:-nan 49572 (65) sec
[667] Ep10000: Max 4025 (2779) steps (0.0008 hrs) -nan:-nan 49643 (71) sec
[668] Ep10000: Max 4025 (2126) steps (0.0006 hrs) -nan:-nan 49712 (69) sec
[669] Ep10000: Max 4025 (2548) steps (0.0007 hrs) -nan:-nan 49761 (49) sec
[670] Ep10000: Max 4025 (2181) steps (0.0006 hrs) -nan:-nan 49832 (71) sec
[671] Ep10000: Max 4025 (1764) steps (0.0005 hrs) -nan:-nan 49890 (58) sec
[672] Ep10000: Max 4025 (2790) steps (0.0008 hrs) -nan:-nan 49944 (54) sec
[673] Ep10000: Max 4025 (2156) steps (0.0006 hrs) -nan:-nan 49998 (54) sec
[674] Ep10000: Max 4025 (2594) steps (0.0007 hrs) -nan:-nan 50053 (55) sec
[675] Ep10000: Max 4025 (2483) steps (0.0007 hrs) -nan:-nan 50108 (55) sec
[676] Ep10000: Max 4025 (3065) steps (0.0009 hrs) -nan:-nan 50166 (58) sec
[677] Ep10000: Max 4025 (2564) steps (0.0007 hrs) -nan:-nan 50223 (57) sec
[678] Ep10000: Max 4025 (2610) steps (0.0007 hrs) -nan:-nan 50292 (69) sec
[679] Ep10000: Max 4025 (2552) steps (0.0007 hrs) -nan:-nan 50356 (64) sec
[680] Ep10000: Max 4025 (2214) steps (0.0006 hrs) -nan:-nan 50411 (55) sec
[681] Ep10000: Max 4025 (2520) steps (0.0007 hrs) -nan:-nan 50468 (57) sec
[682] Ep10000: Max 4025 (870) steps (0.0002 hrs) -nan:-nan 50513 (45) sec
[683] Ep10000: Max 4025 (2067) steps (0.0006 hrs) -nan:-nan 50568 (55) sec
[684] Ep10000: Max 4025 (2400) steps (0.0007 hrs) -nan:-nan 50624 (56) sec
[685] Ep10000: Max 4025 (2870) steps (0.0008 hrs) -nan:-nan 50680 (56) sec
[686] Ep10000: Max 4025 (2573) steps (0.0007 hrs) -nan:-nan 50746 (66) sec
[687] Ep10000: Max 4025 (2161) steps (0.0006 hrs) -nan:-nan 50808 (62) sec
[688] Ep10000: Max 4025 (2323) steps (0.0006 hrs) -nan:-nan 50865 (57) sec
[689] Ep10000: Max 4025 (621) steps (0.0002 hrs) -nan:-nan 50878 (13) sec
[690] Ep10000: Max 4025 (2477) steps (0.0007 hrs) -nan:-nan 50954 (76) sec
[691] Ep10000: Max 4025 (1082) steps (0.0003 hrs) -nan:-nan 50979 (25) sec
[692] Ep10000: Max 4025 (1936) steps (0.0005 hrs) -nan:-nan 51051 (72) sec
[693] Ep10000: Max 4025 (2434) steps (0.0007 hrs) -nan:-nan 51125 (74) sec
[694] Ep10000: Max 4025 (2250) steps (0.0006 hrs) -nan:-nan 51195 (70) sec
[695] Ep10000: Max 4025 (2323) steps (0.0006 hrs) -nan:-nan 51277 (82) sec
[696] Ep10000: Max 4025 (2315) steps (0.0006 hrs) -nan:-nan 51367 (90) sec
[697] Ep10000: Max 4025 (2307) steps (0.0006 hrs) -nan:-nan 51451 (84) sec
[698] Ep10000: Max 4025 (2691) steps (0.0007 hrs) -nan:-nan 51535 (84) sec
[699] Ep10000: Max 4025 (1769) steps (0.0005 hrs) -nan:-nan 51580 (45) sec
[700] Ep10000: Max 4025 (2402) steps (0.0007 hrs) -nan:-nan 51673 (93) sec
[701] Ep10000: Max 4025 (1637) steps (0.0005 hrs) -nan:-nan 51724 (51) sec
[702] Ep10000: Max 4025 (2996) steps (0.0008 hrs) -nan:-nan 51805 (81) sec
[703] Ep10000: Max 4025 (2330) steps (0.0006 hrs) -nan:-nan 51878 (73) sec
[704] Ep10000: Max 4025 (2312) steps (0.0006 hrs) -nan:-nan 51951 (73) sec
[705] Ep10000: Max 4025 (1913) steps (0.0005 hrs) -nan:-nan 52019 (68) sec
[706] Ep10000: Max 4025 (2398) steps (0.0007 hrs) -nan:-nan 52083 (64) sec
[707] Ep10000: Max 4025 (801) steps (0.0002 hrs) -nan:-nan 52100 (17) sec
[708] Ep10000: Max 4025 (2826) steps (0.0008 hrs) -nan:-nan 52168 (68) sec
[709] Ep10000: Max 4025 (2437) steps (0.0007 hrs) -nan:-nan 52260 (92) sec
[710] Ep10000: Max 4025 (2463) steps (0.0007 hrs) -nan:-nan 52342 (82) sec
[711] Ep10000: Max 4025 (2294) steps (0.0006 hrs) -nan:-nan 52410 (68) sec
[712] Ep10000: Max 4025 (2632) steps (0.0007 hrs) -nan:-nan 52469 (59) sec
[713] Ep10000: Max 4025 (2529) steps (0.0007 hrs) -nan:-nan 52530 (61) sec
[714] Ep10000: Max 4025 (2606) steps (0.0007 hrs) -nan:-nan 52600 (70) sec
[715] Ep10000: Max 4025 (1975) steps (0.0005 hrs) -nan:-nan 52654 (54) sec
[716] Ep10000: Max 4025 (3421) steps (0.0010 hrs) -nan:-nan 52710 (56) sec
[717] Ep10000: Max 4025 (2884) steps (0.0008 hrs) -nan:-nan 52781 (71) sec
[718] Ep10000: Max 4025 (2122) steps (0.0006 hrs) -nan:-nan 52857 (76) sec
[719] Ep10000: Max 4025 (2490) steps (0.0007 hrs) -nan:-nan 52963 (106) sec
[720] Ep10000: Max 4025 (2293) steps (0.0006 hrs) -nan:-nan 53047 (84) sec
[721] Ep10000: Max 4025 (2279) steps (0.0006 hrs) -nan:-nan 53129 (82) sec
[722] Ep10000: Max 4025 (2893) steps (0.0008 hrs) -nan:-nan 53205 (76) sec
[723] Ep10000: Max 4025 (2326) steps (0.0006 hrs) -nan:-nan 53295 (90) sec
[724] Ep10000: Max 4025 (2807) steps (0.0008 hrs) -nan:-nan 53399 (104) sec
[725] Ep10000: Max 4025 (2816) steps (0.0008 hrs) -nan:-nan 53503 (104) sec
[726] Ep10000: Max 4025 (2180) steps (0.0006 hrs) -nan:-nan 53573 (70) sec
[727] Ep10000: Max 4025 (2217) steps (0.0006 hrs) -nan:-nan 53650 (77) sec
[728] Ep10000: Max 4025 (2582) steps (0.0007 hrs) -nan:-nan 53720 (70) sec
[729] Ep10000: Max 4025 (2129) steps (0.0006 hrs) -nan:-nan 53779 (59) sec
[730] Ep10000: Max 4025 (2246) steps (0.0006 hrs) -nan:-nan 53843 (64) sec
[731] Ep10000: Max 4025 (2450) steps (0.0007 hrs) -nan:-nan 53913 (70) sec
[732] Ep10000: Max 4025 (3631) steps (0.0010 hrs) -nan:-nan 53995 (82) sec
[733] Ep10000: Max 4025 (2383) steps (0.0007 hrs) -nan:-nan 54071 (76) sec
[734] Ep10000: Max 4025 (2182) steps (0.0006 hrs) -nan:-nan 54143 (72) sec
[735] Ep10000: Max 4025 (1925) steps (0.0005 hrs) -nan:-nan 54207 (64) sec
[736] Ep10000: Max 4025 (1413) steps (0.0004 hrs) -nan:-nan 54260 (53) sec
[737] Ep10000: Max 4025 (2179) steps (0.0006 hrs) -nan:-nan 54348 (88) sec
[738] Ep10000: Max 4025 (2726) steps (0.0008 hrs) -nan:-nan 54432 (84) sec
[739] Ep10000: Max 4025 (1573) steps (0.0004 hrs) -nan:-nan 54465 (33) sec
[740] Ep10000: Max 4025 (2148) steps (0.0006 hrs) -nan:-nan 54548 (83) sec
[741] Ep10000: Max 4025 (2256) steps (0.0006 hrs) -nan:-nan 54629 (81) sec
[742] Ep10000: Max 4025 (1867) steps (0.0005 hrs) -nan:-nan 54711 (82) sec
[743] Ep10000: Max 4025 (2699) steps (0.0007 hrs) -nan:-nan 54797 (86) sec
[744] Ep10000: Max 4025 (2354) steps (0.0007 hrs) -nan:-nan 54874 (77) sec
[745] Ep10000: Max 4025 (2124) steps (0.0006 hrs) -nan:-nan 54951 (77) sec
[746] Ep10000: Max 4025 (2964) steps (0.0008 hrs) -nan:-nan 55029 (78) sec
[747] Ep10000: Max 4025 (2519) steps (0.0007 hrs) -nan:-nan 55108 (79) sec
[748] Ep10000: Max 4025 (2120) steps (0.0006 hrs) -nan:-nan 55166 (58) sec
[749] Ep10000: Max 4025 (2386) steps (0.0007 hrs) -nan:-nan 55238 (72) sec
[750] Ep10000: Max 4025 (2739) steps (0.0008 hrs) -nan:-nan 55299 (61) sec
[751] Ep10000: Max 4025 (2393) steps (0.0007 hrs) -nan:-nan 55372 (73) sec
[752] Ep10000: Max 4025 (1838) steps (0.0005 hrs) -nan:-nan 55420 (48) sec
[753] Ep10000: Max 4025 (2835) steps (0.0008 hrs) -nan:-nan 55522 (102) sec
[754] Ep10000: Max 4025 (2491) steps (0.0007 hrs) -nan:-nan 55609 (87) sec
[755] Ep10000: Max 4025 (1962) steps (0.0005 hrs) -nan:-nan 55699 (90) sec
[756] Ep10000: Max 4025 (2348) steps (0.0007 hrs) -nan:-nan 55778 (79) sec
[757] Ep10000: Max 4025 (2612) steps (0.0007 hrs) -nan:-nan 55864 (86) sec
[758] Ep10000: Max 4025 (2443) steps (0.0007 hrs) -nan:-nan 55960 (96) sec
[759] Ep10000: Max 4025 (2462) steps (0.0007 hrs) -nan:-nan 56071 (111) sec
[760] Ep10000: Max 4025 (2275) steps (0.0006 hrs) -nan:-nan 56157 (86) sec
[761] Ep10000: Max 4025 (2356) steps (0.0007 hrs) -nan:-nan 56237 (80) sec
[762] Ep10000: Max 4025 (2326) steps (0.0006 hrs) -nan:-nan 56316 (79) sec
[763] Ep10000: Max 4025 (2437) steps (0.0007 hrs) -nan:-nan 56393 (77) sec
[764] Ep10000: Max 4025 (2103) steps (0.0006 hrs) -nan:-nan 56478 (85) sec
[765] Ep10000: Max 4025 (2442) steps (0.0007 hrs) -nan:-nan 56527 (49) sec
[766] Ep10000: Max 4025 (2497) steps (0.0007 hrs) -nan:-nan 56603 (76) sec
[767] Ep10000: Max 4025 (3271) steps (0.0009 hrs) -nan:-nan 56681 (78) sec
[768] Ep10000: Max 4025 (2793) steps (0.0008 hrs) -nan:-nan 56732 (51) sec
[769] Ep10000: Max 4025 (2775) steps (0.0008 hrs) -nan:-nan 56797 (65) sec
[770] Ep10000: Max 4025 (2784) steps (0.0008 hrs) -nan:-nan 56891 (94) sec
[771] Ep10000: Max 4025 (2368) steps (0.0007 hrs) -nan:-nan 56985 (94) sec
[772] Ep10000: Max 4025 (1812) steps (0.0005 hrs) -nan:-nan 57067 (82) sec
[773] Ep10000: Max 4025 (2041) steps (0.0006 hrs) -nan:-nan 57145 (78) sec
[774] Ep10000: Max 4025 (2122) steps (0.0006 hrs) -nan:-nan 57226 (81) sec
[775] Ep10000: Max 4025 (2480) steps (0.0007 hrs) -nan:-nan 57290 (64) sec
[776] Ep10000: Max 4025 (2225) steps (0.0006 hrs) -nan:-nan 57379 (89) sec
[777] Ep10000: Max 4025 (2792) steps (0.0008 hrs) -nan:-nan 57453 (74) sec
[778] Ep10000: Max 4025 (2196) steps (0.0006 hrs) -nan:-nan 57522 (69) sec
[779] Ep10000: Max 4025 (2427) steps (0.0007 hrs) -nan:-nan 57606 (84) sec
[780] Ep10000: Max 4025 (2111) steps (0.0006 hrs) -nan:-nan 57681 (75) sec
[781] Ep10000: Max 4025 (2811) steps (0.0008 hrs) -nan:-nan 57758 (77) sec
[782] Ep10000: Max 4025 (2676) steps (0.0007 hrs) -nan:-nan 57844 (86) sec
[783] Ep10000: Max 4025 (2770) steps (0.0008 hrs) -nan:-nan 57916 (72) sec
[784] Ep10000: Max 4025 (2453) steps (0.0007 hrs) -nan:-nan 57981 (65) sec
[785] Ep10000: Max 4025 (2627) steps (0.0007 hrs) -nan:-nan 58044 (63) sec
[786] Ep10000: Max 4025 (2461) steps (0.0007 hrs) -nan:-nan 58104 (60) sec
[787] Ep10000: Max 4025 (2387) steps (0.0007 hrs) -nan:-nan 58168 (64) sec
[788] Ep10000: Max 4025 (2376) steps (0.0007 hrs) -nan:-nan 58229 (61) sec
[789] Ep10000: Max 4025 (2558) steps (0.0007 hrs) -nan:-nan 58292 (63) sec
[790] Ep10000: Max 4025 (2284) steps (0.0006 hrs) -nan:-nan 58349 (57) sec
[791] Ep10000: Max 4025 (2342) steps (0.0007 hrs) -nan:-nan 58406 (57) sec
[792] Ep10000: Max 4025 (2422) steps (0.0007 hrs) -nan:-nan 58462 (56) sec
[793] Ep10000: Max 4025 (2990) steps (0.0008 hrs) -nan:-nan 58521 (59) sec
[794] Ep10000: Max 4025 (2798) steps (0.0008 hrs) -nan:-nan 58573 (52) sec
[795] Ep10000: Max 4025 (2212) steps (0.0006 hrs) -nan:-nan 58614 (41) sec
[796] Ep10000: Max 4025 (2365) steps (0.0007 hrs) -nan:-nan 58669 (55) sec
[797] Ep10000: Max 4025 (3112) steps (0.0009 hrs) -nan:-nan 58727 (58) sec
[798] Ep10000: Max 4025 (3093) steps (0.0009 hrs) -nan:-nan 58783 (56) sec
[799] Ep10000: Max 4025 (2365) steps (0.0007 hrs) -nan:-nan 58839 (56) sec
[800] Ep10000: Max 4025 (2452) steps (0.0007 hrs) -nan:-nan 58895 (56) sec
[801] Ep10000: Max 4025 (2564) steps (0.0007 hrs) -nan:-nan 58953 (58) sec
[802] Ep10000: Max 4025 (3181) steps (0.0009 hrs) -nan:-nan 59009 (56) sec
[803] Ep10000: Max 4025 (2108) steps (0.0006 hrs) -nan:-nan 59064 (55) sec
[804] Ep10000: Max 4025 (2688) steps (0.0007 hrs) -nan:-nan 59121 (57) sec
[805] Ep10000: Max 4025 (2607) steps (0.0007 hrs) -nan:-nan 59178 (57) sec
[806] Ep10000: Max 4025 (2537) steps (0.0007 hrs) -nan:-nan 59235 (57) sec
[807] Ep10000: Max 4025 (2595) steps (0.0007 hrs) -nan:-nan 59290 (55) sec
[808] Ep10000: Max 4025 (2489) steps (0.0007 hrs) -nan:-nan 59383 (93) sec
[809] Ep10000: Max 4025 (2494) steps (0.0007 hrs) -nan:-nan 59452 (69) sec
[810] Ep10000: Max 4025 (3146) steps (0.0009 hrs) -nan:-nan 59519 (67) sec
[811] Ep10000: Max 4025 (2541) steps (0.0007 hrs) -nan:-nan 59583 (64) sec
[812] Ep10000: Max 4025 (1494) steps (0.0004 hrs) -nan:-nan 59624 (41) sec
[813] Ep10000: Max 4025 (2655) steps (0.0007 hrs) -nan:-nan 59713 (89) sec
[814] Ep10000: Max 4025 (2473) steps (0.0007 hrs) -nan:-nan 59782 (69) sec
[815] Ep10000: Max 4025 (3819) steps (0.0011 hrs) -nan:-nan 59853 (71) sec
[816] Ep10000: Max 4025 (2247) steps (0.0006 hrs) -nan:-nan 59902 (49) sec
[817] Ep10000: Max 4025 (2911) steps (0.0008 hrs) -nan:-nan 59968 (66) sec
[818] Ep10000: Max 4025 (2326) steps (0.0006 hrs) -nan:-nan 60039 (71) sec
[819] Ep10000: Max 4025 (2281) steps (0.0006 hrs) -nan:-nan 60120 (81) sec
[820] Ep10000: Max 4025 (2494) steps (0.0007 hrs) -nan:-nan 60198 (78) sec
[821] Ep10000: Max 4025 (2521) steps (0.0007 hrs) -nan:-nan 60269 (71) sec
[822] Ep10000: Max 4025 (2536) steps (0.0007 hrs) -nan:-nan 60341 (72) sec
[823] Ep10000: Max 4025 (2131) steps (0.0006 hrs) -nan:-nan 60409 (68) sec
[824] Ep10000: Max 4025 (2155) steps (0.0006 hrs) -nan:-nan 60477 (68) sec
[825] Ep10000: Max 4025 (2576) steps (0.0007 hrs) -nan:-nan 60545 (68) sec
[826] Ep10000: Max 4025 (2808) steps (0.0008 hrs) -nan:-nan 60619 (74) sec
[827] Ep10000: Max 4025 (2356) steps (0.0007 hrs) -nan:-nan 60689 (70) sec
[828] Ep10000: Max 4025 (2257) steps (0.0006 hrs) -nan:-nan 60757 (68) sec
[829] Ep10000: Max 4025 (2640) steps (0.0007 hrs) -nan:-nan 60825 (68) sec
[830] Ep10000: Max 4025 (2861) steps (0.0008 hrs) -nan:-nan 60894 (69) sec
[831] Ep10000: Max 4025 (2943) steps (0.0008 hrs) -nan:-nan 60969 (75) sec
[832] Ep10000: Max 4025 (2187) steps (0.0006 hrs) -nan:-nan 61037 (68) sec
[833] Ep10000: Max 4025 (2475) steps (0.0007 hrs) -nan:-nan 61111 (74) sec
[834] Ep10000: Max 4025 (2730) steps (0.0008 hrs) -nan:-nan 61175 (64) sec
[835] Ep10000: Max 4025 (2287) steps (0.0006 hrs) -nan:-nan 61247 (72) sec
[836] Ep10000: Max 4025 (2340) steps (0.0007 hrs) -nan:-nan 61321 (74) sec
[837] Ep10000: Max 4025 (3052) steps (0.0008 hrs) -nan:-nan 61388 (67) sec
[838] Ep10000: Max 4025 (2604) steps (0.0007 hrs) -nan:-nan 61458 (70) sec
[839] Ep10000: Max 4025 (745) steps (0.0002 hrs) -nan:-nan 61486 (28) sec
[840] Ep10000: Max 4025 (2414) steps (0.0007 hrs) -nan:-nan 61561 (75) sec
[841] Ep10000: Max 4025 (2310) steps (0.0006 hrs) -nan:-nan 61635 (74) sec
[842] Ep10000: Max 4025 (2343) steps (0.0007 hrs) -nan:-nan 61710 (75) sec
[843] Ep10000: Max 4025 (2453) steps (0.0007 hrs) -nan:-nan 61776 (66) sec
[844] Ep10000: Max 4025 (2654) steps (0.0007 hrs) -nan:-nan 61845 (69) sec
[845] Ep10000: Max 4025 (2523) steps (0.0007 hrs) -nan:-nan 61914 (69) sec
[846] Ep10000: Max 4025 (3130) steps (0.0009 hrs) -nan:-nan 61980 (66) sec
[847] Ep10000: Max 4025 (2276) steps (0.0006 hrs) -nan:-nan 62044 (64) sec
[848] Ep10000: Max 4025 (2295) steps (0.0006 hrs) -nan:-nan 62111 (67) sec
[849] Ep10000: Max 4025 (3109) steps (0.0009 hrs) -nan:-nan 62167 (56) sec
[850] Ep10000: Max 4025 (2059) steps (0.0006 hrs) -nan:-nan 62222 (55) sec
[851] Ep10000: Max 4025 (2826) steps (0.0008 hrs) -nan:-nan 62277 (55) sec
[852] Ep10000: Max 4025 (2410) steps (0.0007 hrs) -nan:-nan 62335 (58) sec
[853] Ep10000: Max 4025 (2180) steps (0.0006 hrs) -nan:-nan 62393 (58) sec
[854] Ep10000: Max 4025 (2327) steps (0.0006 hrs) -nan:-nan 62451 (58) sec
[855] Ep10000: Max 4025 (2902) steps (0.0008 hrs) -nan:-nan 62511 (60) sec
[856] Ep10000: Max 4025 (2319) steps (0.0006 hrs) -nan:-nan 62569 (58) sec
[857] Ep10000: Max 4025 (2276) steps (0.0006 hrs) -nan:-nan 62625 (56) sec
[858] Ep10000: Max 4025 (2662) steps (0.0007 hrs) -nan:-nan 62680 (55) sec
[859] Ep10000: Max 4025 (2274) steps (0.0006 hrs) -nan:-nan 62736 (56) sec
[860] Ep10000: Max 4025 (2721) steps (0.0008 hrs) -nan:-nan 62791 (55) sec
[861] Ep10000: Max 4025 (1800) steps (0.0005 hrs) -nan:-nan 62835 (44) sec
[862] Ep10000: Max 4025 (2693) steps (0.0007 hrs) -nan:-nan 62894 (59) sec
[863] Ep10000: Max 4025 (2449) steps (0.0007 hrs) -nan:-nan 62952 (58) sec
[864] Ep10000: Max 4025 (616) steps (0.0002 hrs) -nan:-nan 62968 (16) sec
[865] Ep10000: Max 4025 (2223) steps (0.0006 hrs) -nan:-nan 63021 (53) sec
[866] Ep10000: Max 4025 (2321) steps (0.0006 hrs) -nan:-nan 63077 (56) sec
[867] Ep10000: Max 4025 (3211) steps (0.0009 hrs) -nan:-nan 63134 (57) sec
[868] Ep10000: Max 4025 (2467) steps (0.0007 hrs) -nan:-nan 63189 (55) sec
[869] Ep10000: Max 4025 (2330) steps (0.0006 hrs) -nan:-nan 63249 (60) sec
[870] Ep10000: Max 4025 (2316) steps (0.0006 hrs) -nan:-nan 63299 (50) sec
[871] Ep10000: Max 4025 (2592) steps (0.0007 hrs) -nan:-nan 63355 (56) sec
[872] Ep10000: Max 4025 (2314) steps (0.0006 hrs) -nan:-nan 63409 (54) sec
[873] Ep10000: Max 4025 (2241) steps (0.0006 hrs) -nan:-nan 63465 (56) sec
[874] Ep10000: Max 4025 (2893) steps (0.0008 hrs) -nan:-nan 63522 (57) sec
[875] Ep10000: Max 4025 (2581) steps (0.0007 hrs) -nan:-nan 63578 (56) sec
[876] Ep10000: Max 4025 (2092) steps (0.0006 hrs) -nan:-nan 63634 (56) sec
[877] Ep10000: Max 4025 (2489) steps (0.0007 hrs) -nan:-nan 63692 (58) sec
[878] Ep10000: Max 4025 (834) steps (0.0002 hrs) -nan:-nan 63709 (17) sec
[879] Ep10000: Max 4025 (2401) steps (0.0007 hrs) -nan:-nan 63766 (57) sec
[880] Ep10000: Max 4025 (2524) steps (0.0007 hrs) -nan:-nan 63806 (40) sec
[881] Ep10000: Max 4025 (3534) steps (0.0010 hrs) -nan:-nan 63864 (58) sec
[882] Ep10000: Max 4025 (2882) steps (0.0008 hrs) -nan:-nan 63918 (54) sec
[883] Ep10000: Max 4025 (2520) steps (0.0007 hrs) -nan:-nan 63977 (59) sec
[884] Ep10000: Max 4025 (2919) steps (0.0008 hrs) -nan:-nan 64034 (57) sec
[885] Ep10000: Max 4025 (2519) steps (0.0007 hrs) -nan:-nan 64095 (61) sec
[886] Ep10000: Max 4025 (2201) steps (0.0006 hrs) -nan:-nan 64155 (60) sec
[887] Ep10000: Max 4025 (2619) steps (0.0007 hrs) -nan:-nan 64213 (58) sec
[888] Ep10000: Max 4025 (2835) steps (0.0008 hrs) -nan:-nan 64272 (59) sec
[889] Ep10000: Max 4025 (2358) steps (0.0007 hrs) -nan:-nan 64328 (56) sec
[890] Ep10000: Max 4025 (2615) steps (0.0007 hrs) -nan:-nan 64383 (55) sec
[891] Ep10000: Max 4025 (2583) steps (0.0007 hrs) -nan:-nan 64439 (56) sec
[892] Ep10000: Max 4025 (1974) steps (0.0005 hrs) -nan:-nan 64495 (56) sec
[893] Ep10000: Max 4025 (2912) steps (0.0008 hrs) -nan:-nan 64551 (56) sec
[894] Ep10000: Max 4025 (2379) steps (0.0007 hrs) -nan:-nan 64610 (59) sec
[895] Ep10000: Max 4025 (1223) steps (0.0003 hrs) -nan:-nan 64626 (16) sec
[896] Ep10000: Max 4025 (2659) steps (0.0007 hrs) -nan:-nan 64680 (54) sec
[897] Ep10000: Max 4025 (941) steps (0.0003 hrs) -nan:-nan 64694 (14) sec
[898] Ep10000: Max 4025 (2244) steps (0.0006 hrs) -nan:-nan 64751 (57) sec
[899] Ep10000: Max 4025 (2381) steps (0.0007 hrs) -nan:-nan 64807 (56) sec
[900] Ep10000: Max 4025 (710) steps (0.0002 hrs) -nan:-nan 64822 (15) sec
[901] Ep10000: Max 4025 (2099) steps (0.0006 hrs) -nan:-nan 64880 (58) sec
[902] Ep10000: Max 4025 (2104) steps (0.0006 hrs) -nan:-nan 64925 (45) sec
[903] Ep10000: Max 4025 (3105) steps (0.0009 hrs) -nan:-nan 64982 (57) sec
[904] Ep10000: Max 4025 (2010) steps (0.0006 hrs) -nan:-nan 65038 (56) sec
[905] Ep10000: Max 4025 (2428) steps (0.0007 hrs) -nan:-nan 65093 (55) sec
[906] Ep10000: Max 4025 (2477) steps (0.0007 hrs) -nan:-nan 65149 (56) sec
[907] Ep10000: Max 4025 (2386) steps (0.0007 hrs) -nan:-nan 65194 (45) sec
[908] Ep10000: Max 4025 (2137) steps (0.0006 hrs) -nan:-nan 65254 (60) sec
[909] Ep10000: Max 4025 (1347) steps (0.0004 hrs) -nan:-nan 65269 (15) sec
[910] Ep10000: Max 4025 (1402) steps (0.0004 hrs) -nan:-nan 65297 (28) sec
[911] Ep10000: Max 4025 (483) steps (0.0001 hrs) -nan:-nan 65310 (13) sec
[912] Ep10000: Max 4025 (2858) steps (0.0008 hrs) -nan:-nan 65368 (58) sec
[913] Ep10000: Max 4025 (2630) steps (0.0007 hrs) -nan:-nan 65424 (56) sec
[914] Ep10000: Max 4025 (1354) steps (0.0004 hrs) -nan:-nan 65469 (45) sec
[915] Ep10000: Max 4025 (2141) steps (0.0006 hrs) -nan:-nan 65525 (56) sec
[916] Ep10000: Max 4025 (2876) steps (0.0008 hrs) -nan:-nan 65587 (62) sec
[917] Ep10000: Max 4025 (2248) steps (0.0006 hrs) -nan:-nan 65643 (56) sec
[918] Ep10000: Max 4025 (2266) steps (0.0006 hrs) -nan:-nan 65685 (42) sec
[919] Ep10000: Max 4025 (2044) steps (0.0006 hrs) -nan:-nan 65740 (55) sec
[920] Ep10000: Max 4025 (1969) steps (0.0005 hrs) -nan:-nan 65792 (52) sec
[921] Ep10000: Max 4025 (2736) steps (0.0008 hrs) -nan:-nan 65851 (59) sec
[922] Ep10000: Max 4025 (2293) steps (0.0006 hrs) -nan:-nan 65906 (55) sec
[923] Ep10000: Max 4025 (2533) steps (0.0007 hrs) -nan:-nan 65965 (59) sec
[924] Ep10000: Max 4025 (2400) steps (0.0007 hrs) -nan:-nan 66021 (56) sec
[925] Ep10000: Max 4025 (1924) steps (0.0005 hrs) -nan:-nan 66055 (34) sec
[926] Ep10000: Max 4025 (2141) steps (0.0006 hrs) -nan:-nan 66112 (57) sec
[927] Ep10000: Max 4025 (2284) steps (0.0006 hrs) -nan:-nan 66169 (57) sec
[928] Ep10000: Max 4025 (2674) steps (0.0007 hrs) -nan:-nan 66227 (58) sec
[929] Ep10000: Max 4025 (2306) steps (0.0006 hrs) -nan:-nan 66282 (55) sec
[930] Ep10000: Max 4025 (2252) steps (0.0006 hrs) -nan:-nan 66336 (54) sec
[931] Ep10000: Max 4025 (2724) steps (0.0008 hrs) -nan:-nan 66376 (40) sec
[932] Ep10000: Max 4025 (2340) steps (0.0007 hrs) -nan:-nan 66430 (54) sec
[933] Ep10000: Max 4025 (2015) steps (0.0006 hrs) -nan:-nan 66485 (55) sec
[934] Ep10000: Max 4025 (2775) steps (0.0008 hrs) -nan:-nan 66541 (56) sec
[935] Ep10000: Max 4025 (2245) steps (0.0006 hrs) -nan:-nan 66599 (58) sec
[936] Ep10000: Max 4025 (2066) steps (0.0006 hrs) -nan:-nan 66655 (56) sec
[937] Ep10000: Max 4025 (2563) steps (0.0007 hrs) -nan:-nan 66711 (56) sec
[938] Ep10000: Max 4025 (2546) steps (0.0007 hrs) -nan:-nan 66766 (55) sec
[939] Ep10000: Max 4025 (2473) steps (0.0007 hrs) -nan:-nan 66824 (58) sec
[940] Ep10000: Max 4025 (2363) steps (0.0007 hrs) -nan:-nan 66880 (56) sec
[941] Ep10000: Max 4025 (2097) steps (0.0006 hrs) -nan:-nan 66935 (55) sec
[942] Ep10000: Max 4025 (2452) steps (0.0007 hrs) -nan:-nan 66991 (56) sec
[943] Ep10000: Max 4025 (2942) steps (0.0008 hrs) -nan:-nan 67049 (58) sec
[944] Ep10000: Max 4025 (2334) steps (0.0006 hrs) -nan:-nan 67101 (52) sec
[945] Ep10000: Max 4025 (2448) steps (0.0007 hrs) -nan:-nan 67159 (58) sec
[946] Ep10000: Max 4025 (3006) steps (0.0008 hrs) -nan:-nan 67213 (54) sec
[947] Ep10000: Max 4025 (2473) steps (0.0007 hrs) -nan:-nan 67263 (50) sec
[948] Ep10000: Max 4025 (2379) steps (0.0007 hrs) -nan:-nan 67317 (54) sec
[949] Ep10000: Max 4025 (2448) steps (0.0007 hrs) -nan:-nan 67373 (56) sec
[950] Ep10000: Max 4025 (2088) steps (0.0006 hrs) -nan:-nan 67428 (55) sec
[951] Ep10000: Max 4025 (2003) steps (0.0006 hrs) -nan:-nan 67482 (54) sec
[952] Ep10000: Max 4025 (2676) steps (0.0007 hrs) -nan:-nan 67525 (43) sec
[953] Ep10000: Max 4025 (2571) steps (0.0007 hrs) -nan:-nan 67582 (57) sec
[954] Ep10000: Max 4025 (2331) steps (0.0006 hrs) -nan:-nan 67638 (56) sec
[955] Ep10000: Max 4025 (2231) steps (0.0006 hrs) -nan:-nan 67693 (55) sec
[956] Ep10000: Max 4025 (2284) steps (0.0006 hrs) -nan:-nan 67752 (59) sec
[957] Ep10000: Max 4025 (2898) steps (0.0008 hrs) -nan:-nan 67812 (60) sec
[958] Ep10000: Max 4025 (2358) steps (0.0007 hrs) -nan:-nan 67870 (58) sec
[959] Ep10000: Max 4025 (1413) steps (0.0004 hrs) -nan:-nan 67915 (45) sec
[960] Ep10000: Max 4025 (2594) steps (0.0007 hrs) -nan:-nan 67973 (58) sec
[961] Ep10000: Max 4025 (2865) steps (0.0008 hrs) -nan:-nan 68030 (57) sec
[962] Ep10000: Max 4025 (2436) steps (0.0007 hrs) -nan:-nan 68074 (44) sec
[963] Ep10000: Max 4025 (2501) steps (0.0007 hrs) -nan:-nan 68130 (56) sec
[964] Ep10000: Max 4025 (2525) steps (0.0007 hrs) -nan:-nan 68186 (56) sec
[965] Ep10000: Max 4025 (2196) steps (0.0006 hrs) -nan:-nan 68241 (55) sec
[966] Ep10000: Max 4025 (2343) steps (0.0007 hrs) -nan:-nan 68296 (55) sec
[967] Ep10000: Max 4025 (2454) steps (0.0007 hrs) -nan:-nan 68352 (56) sec
[968] Ep10000: Max 4025 (2489) steps (0.0007 hrs) -nan:-nan 68410 (58) sec
[969] Ep10000: Max 4025 (2966) steps (0.0008 hrs) -nan:-nan 68469 (59) sec
[970] Ep10000: Max 4025 (2107) steps (0.0006 hrs) -nan:-nan 68525 (56) sec
[971] Ep10000: Max 4025 (2483) steps (0.0007 hrs) -nan:-nan 68581 (56) sec
[972] Ep10000: Max 4025 (2931) steps (0.0008 hrs) -nan:-nan 68637 (56) sec
[973] Ep10000: Max 4025 (2054) steps (0.0006 hrs) -nan:-nan 68692 (55) sec
[974] Ep10000: Max 4025 (2152) steps (0.0006 hrs) -nan:-nan 68748 (56) sec
[975] Ep10000: Max 4025 (2118) steps (0.0006 hrs) -nan:-nan 68805 (57) sec
[976] Ep10000: Max 4025 (2294) steps (0.0006 hrs) -nan:-nan 68861 (56) sec
[977] Ep10000: Max 4025 (2162) steps (0.0006 hrs) -nan:-nan 68919 (58) sec
[978] Ep10000: Max 4025 (3225) steps (0.0009 hrs) -nan:-nan 68979 (60) sec
[979] Ep10000: Max 4025 (2243) steps (0.0006 hrs) -nan:-nan 69036 (57) sec
[980] Ep10000: Max 4025 (2332) steps (0.0006 hrs) -nan:-nan 69070 (34) sec
[981] Ep10000: Max 4025 (2214) steps (0.0006 hrs) -nan:-nan 69123 (53) sec
[982] Ep10000: Max 4025 (2586) steps (0.0007 hrs) -nan:-nan 69180 (57) sec
[983] Ep10000: Max 4025 (2763) steps (0.0008 hrs) -nan:-nan 69237 (57) sec
[984] Ep10000: Max 4025 (2450) steps (0.0007 hrs) -nan:-nan 69294 (57) sec
[985] Ep10000: Max 4025 (2064) steps (0.0006 hrs) -nan:-nan 69323 (29) sec
[986] Ep10000: Max 4025 (1832) steps (0.0005 hrs) -nan:-nan 69365 (42) sec
[987] Ep10000: Max 4025 (2184) steps (0.0006 hrs) -nan:-nan 69425 (60) sec
[988] Ep10000: Max 4025 (2220) steps (0.0006 hrs) -nan:-nan 69480 (55) sec
[989] Ep10000: Max 4025 (2093) steps (0.0006 hrs) -nan:-nan 69534 (54) sec
[990] Ep10000: Max 4025 (2277) steps (0.0006 hrs) -nan:-nan 69595 (61) sec
[991] Ep10000: Max 4025 (2162) steps (0.0006 hrs) -nan:-nan 69650 (55) sec
[992] Ep10000: Max 4025 (2124) steps (0.0006 hrs) -nan:-nan 69705 (55) sec
[993] Ep10000: Max 4025 (2362) steps (0.0007 hrs) -nan:-nan 69761 (56) sec
[994] Ep10000: Max 4025 (2080) steps (0.0006 hrs) -nan:-nan 69815 (54) sec
[995] Ep10000: Max 4025 (3348) steps (0.0009 hrs) -nan:-nan 69869 (54) sec
[996] Ep10000: Max 4025 (2765) steps (0.0008 hrs) -nan:-nan 69925 (56) sec
[997] Ep10000: Max 4025 (2399) steps (0.0007 hrs) -nan:-nan 69982 (57) sec
[998] Ep10000: Max 4025 (2777) steps (0.0008 hrs) -nan:-nan 70035 (53) sec
[999] Ep10000: Max 4025 (2457) steps (0.0007 hrs) -nan:-nan 70090 (55) sec
[1000] Ep10000: Max 4025 (2914) steps (0.0008 hrs) -nan:-nan 70148 (58) sec
Total Elapsed time: 70148 seconds
Wrote current data to latest.train
