balanced 0 test_flag 0
[1] Ep10000: Max 1718 (1718) steps (0.0005 hrs) -nan:-nan 28 (28) sec
[2] Ep10000: Max 3326 (3326) steps (0.0009 hrs) -nan:-nan 65 (37) sec
[3] Ep10000: Max 3326 (2910) steps (0.0008 hrs) -nan:-nan 109 (44) sec
[4] Ep10000: Max 3326 (200) steps (0.0001 hrs) -nan:-nan 125 (16) sec
[5] Ep10000: Max 3326 (2644) steps (0.0007 hrs) -nan:-nan 156 (31) sec
[6] Ep10000: Max 3326 (1653) steps (0.0005 hrs) -nan:-nan 177 (21) sec
[7] Ep10000: Max 3326 (1998) steps (0.0006 hrs) -nan:-nan 221 (44) sec
[8] Ep10000: Max 3326 (2121) steps (0.0006 hrs) -nan:-nan 265 (44) sec
[9] Ep10000: Max 3326 (1434) steps (0.0004 hrs) -nan:-nan 283 (18) sec
[10] Ep10000: Max 3326 (1832) steps (0.0005 hrs) -nan:-nan 301 (18) sec
[11] Ep10000: Max 3326 (182) steps (0.0001 hrs) -nan:-nan 317 (16) sec
[12] Ep10000: Max 3326 (222) steps (0.0001 hrs) -nan:-nan 335 (18) sec
[13] Ep10000: Max 3326 (2321) steps (0.0006 hrs) -nan:-nan 380 (45) sec
[14] Ep10000: Max 3326 (315) steps (0.0001 hrs) -nan:-nan 396 (16) sec
[15] Ep10000: Max 3326 (2534) steps (0.0007 hrs) -nan:-nan 440 (44) sec
[16] Ep10000: Max 3326 (2392) steps (0.0007 hrs) -nan:-nan 485 (45) sec
[17] Ep10000: Max 3326 (1030) steps (0.0003 hrs) -nan:-nan 502 (17) sec
[18] Ep10000: Max 3326 (1034) steps (0.0003 hrs) -nan:-nan 518 (16) sec
[19] Ep10000: Max 3326 (2002) steps (0.0006 hrs) -nan:-nan 554 (36) sec
[20] Ep10000: Max 3326 (2034) steps (0.0006 hrs) -nan:-nan 598 (44) sec
[21] Ep10000: Max 3326 (1691) steps (0.0005 hrs) -nan:-nan 619 (21) sec
[22] Ep10000: Max 5195 (5195) steps (0.0014 hrs) -nan:-nan 666 (47) sec
[23] Ep10000: Max 5195 (2215) steps (0.0006 hrs) -nan:-nan 710 (44) sec
[24] Ep10000: Max 5195 (2447) steps (0.0007 hrs) -nan:-nan 755 (45) sec
[25] Ep10000: Max 5195 (1808) steps (0.0005 hrs) -nan:-nan 780 (25) sec
[26] Ep10000: Max 5195 (2055) steps (0.0006 hrs) -nan:-nan 796 (16) sec
[27] Ep10000: Max 5195 (578) steps (0.0002 hrs) -nan:-nan 812 (16) sec
[28] Ep10000: Max 5195 (2548) steps (0.0007 hrs) -nan:-nan 846 (34) sec
[29] Ep10000: Max 5195 (2243) steps (0.0006 hrs) -nan:-nan 864 (18) sec
[30] Ep10000: Max 5195 (1998) steps (0.0006 hrs) -nan:-nan 908 (44) sec
[31] Ep10000: Max 5195 (539) steps (0.0001 hrs) -nan:-nan 924 (16) sec
[32] Ep10000: Max 5195 (2182) steps (0.0006 hrs) -nan:-nan 963 (39) sec
[33] Ep10000: Max 5195 (699) steps (0.0002 hrs) -nan:-nan 979 (16) sec
[34] Ep10000: Max 5195 (2510) steps (0.0007 hrs) -nan:-nan 1024 (45) sec
[35] Ep10000: Max 5195 (2206) steps (0.0006 hrs) -nan:-nan 1052 (28) sec
[36] Ep10000: Max 5195 (2453) steps (0.0007 hrs) -nan:-nan 1098 (46) sec
[37] Ep10000: Max 5195 (2599) steps (0.0007 hrs) -nan:-nan 1140 (42) sec
[38] Ep10000: Max 5195 (1621) steps (0.0005 hrs) -nan:-nan 1158 (18) sec
[39] Ep10000: Max 5195 (2146) steps (0.0006 hrs) -nan:-nan 1180 (22) sec
[40] Ep10000: Max 5195 (1759) steps (0.0005 hrs) -nan:-nan 1196 (16) sec
[41] Ep10000: Max 5195 (1827) steps (0.0005 hrs) -nan:-nan 1215 (19) sec
[42] Ep10000: Max 5195 (259) steps (0.0001 hrs) -nan:-nan 1231 (16) sec
[43] Ep10000: Max 5195 (163) steps (0.0000 hrs) -nan:-nan 1247 (16) sec
[44] Ep10000: Max 5195 (896) steps (0.0002 hrs) -nan:-nan 1263 (16) sec
[45] Ep10000: Max 5195 (2061) steps (0.0006 hrs) -nan:-nan 1308 (45) sec
[46] Ep10000: Max 5195 (2084) steps (0.0006 hrs) -nan:-nan 1354 (46) sec
[47] Ep10000: Max 5195 (414) steps (0.0001 hrs) -nan:-nan 1370 (16) sec
[48] Ep10000: Max 5195 (217) steps (0.0001 hrs) -nan:-nan 1386 (16) sec
[49] Ep10000: Max 5195 (1103) steps (0.0003 hrs) -nan:-nan 1402 (16) sec
[50] Ep10000: Max 5195 (1803) steps (0.0005 hrs) -nan:-nan 1420 (18) sec
[51] Ep10000: Max 5195 (2100) steps (0.0006 hrs) -nan:-nan 1465 (45) sec
[52] Ep10000: Max 5195 (1207) steps (0.0003 hrs) -nan:-nan 1482 (17) sec
[53] Ep10000: Max 5195 (1054) steps (0.0003 hrs) -nan:-nan 1499 (17) sec
[54] Ep10000: Max 5195 (202) steps (0.0001 hrs) -nan:-nan 1515 (16) sec
[55] Ep10000: Max 5195 (2016) steps (0.0006 hrs) -nan:-nan 1551 (36) sec
[56] Ep10000: Max 5195 (2407) steps (0.0007 hrs) -nan:-nan 1596 (45) sec
[57] Ep10000: Max 5195 (2123) steps (0.0006 hrs) -nan:-nan 1632 (36) sec
[58] Ep10000: Max 5195 (1217) steps (0.0003 hrs) -nan:-nan 1649 (17) sec
[59] Ep10000: Max 5195 (1789) steps (0.0005 hrs) -nan:-nan 1669 (20) sec
[60] Ep10000: Max 5195 (184) steps (0.0001 hrs) -nan:-nan 1685 (16) sec
[61] Ep10000: Max 5195 (1054) steps (0.0003 hrs) -nan:-nan 1703 (18) sec
[62] Ep10000: Max 5195 (170) steps (0.0000 hrs) -nan:-nan 1719 (16) sec
[63] Ep10000: Max 5195 (1400) steps (0.0004 hrs) -nan:-nan 1736 (17) sec
[64] Ep10000: Max 5195 (2094) steps (0.0006 hrs) -nan:-nan 1777 (41) sec
[65] Ep10000: Max 5195 (2438) steps (0.0007 hrs) -nan:-nan 1806 (29) sec
[66] Ep10000: Max 5195 (2325) steps (0.0006 hrs) -nan:-nan 1851 (45) sec
[67] Ep10000: Max 5195 (197) steps (0.0001 hrs) -nan:-nan 1867 (16) sec
[68] Ep10000: Max 5195 (729) steps (0.0002 hrs) -nan:-nan 1883 (16) sec
[69] Ep10000: Max 5195 (1275) steps (0.0004 hrs) -nan:-nan 1900 (17) sec
[70] Ep10000: Max 5195 (871) steps (0.0002 hrs) -nan:-nan 1916 (16) sec
[71] Ep10000: Max 5195 (2091) steps (0.0006 hrs) -nan:-nan 1958 (42) sec
[72] Ep10000: Max 5195 (437) steps (0.0001 hrs) -nan:-nan 1974 (16) sec
[73] Ep10000: Max 5195 (225) steps (0.0001 hrs) -nan:-nan 1990 (16) sec
[74] Ep10000: Max 5195 (2646) steps (0.0007 hrs) -nan:-nan 2036 (46) sec
[75] Ep10000: Max 5195 (2231) steps (0.0006 hrs) -nan:-nan 2078 (42) sec
[76] Ep10000: Max 5195 (1890) steps (0.0005 hrs) -nan:-nan 2114 (36) sec
[77] Ep10000: Max 5195 (2531) steps (0.0007 hrs) -nan:-nan 2159 (45) sec
[78] Ep10000: Max 5195 (1271) steps (0.0004 hrs) -nan:-nan 2176 (17) sec
[79] Ep10000: Max 5195 (351) steps (0.0001 hrs) -nan:-nan 2192 (16) sec
[80] Ep10000: Max 5195 (2654) steps (0.0007 hrs) -nan:-nan 2237 (45) sec
[81] Ep10000: Max 5195 (2260) steps (0.0006 hrs) -nan:-nan 2281 (44) sec
[82] Ep10000: Max 5195 (2427) steps (0.0007 hrs) -nan:-nan 2308 (27) sec
[83] Ep10000: Max 5195 (1202) steps (0.0003 hrs) -nan:-nan 2326 (18) sec
[84] Ep10000: Max 5195 (264) steps (0.0001 hrs) -nan:-nan 2342 (16) sec
[85] Ep10000: Max 5195 (1454) steps (0.0004 hrs) -nan:-nan 2362 (20) sec
[86] Ep10000: Max 5195 (149) steps (0.0000 hrs) -nan:-nan 2378 (16) sec
[87] Ep10000: Max 5195 (2623) steps (0.0007 hrs) -nan:-nan 2420 (42) sec
[88] Ep10000: Max 5195 (756) steps (0.0002 hrs) -nan:-nan 2436 (16) sec
[89] Ep10000: Max 5195 (2074) steps (0.0006 hrs) -nan:-nan 2481 (45) sec
[90] Ep10000: Max 5195 (441) steps (0.0001 hrs) -nan:-nan 2497 (16) sec
[91] Ep10000: Max 5195 (2126) steps (0.0006 hrs) -nan:-nan 2541 (44) sec
[92] Ep10000: Max 5195 (2366) steps (0.0007 hrs) -nan:-nan 2569 (28) sec
[93] Ep10000: Max 5195 (2463) steps (0.0007 hrs) -nan:-nan 2606 (37) sec
[94] Ep10000: Max 5195 (1075) steps (0.0003 hrs) -nan:-nan 2624 (18) sec
[95] Ep10000: Max 5195 (2159) steps (0.0006 hrs) -nan:-nan 2667 (43) sec
[96] Ep10000: Max 5195 (2013) steps (0.0006 hrs) -nan:-nan 2687 (20) sec
[97] Ep10000: Max 5195 (2441) steps (0.0007 hrs) -nan:-nan 2734 (47) sec
[98] Ep10000: Max 5195 (2230) steps (0.0006 hrs) -nan:-nan 2777 (43) sec
[99] Ep10000: Max 5195 (561) steps (0.0002 hrs) -nan:-nan 2793 (16) sec
[100] Ep10000: Max 5195 (2051) steps (0.0006 hrs) -nan:-nan 2837 (44) sec
[101] Ep10000: Max 5195 (1915) steps (0.0005 hrs) -nan:-nan 2866 (29) sec
[102] Ep10000: Max 5195 (1995) steps (0.0006 hrs) -nan:-nan 2905 (39) sec
[103] Ep10000: Max 5195 (2277) steps (0.0006 hrs) -nan:-nan 2949 (44) sec
[104] Ep10000: Max 5195 (538) steps (0.0001 hrs) -nan:-nan 2965 (16) sec
[105] Ep10000: Max 5195 (2118) steps (0.0006 hrs) -nan:-nan 3001 (36) sec
[106] Ep10000: Max 5195 (1724) steps (0.0005 hrs) -nan:-nan 3045 (44) sec
[107] Ep10000: Max 5195 (2830) steps (0.0008 hrs) -nan:-nan 3086 (41) sec
[108] Ep10000: Max 5195 (1633) steps (0.0005 hrs) -nan:-nan 3104 (18) sec
[109] Ep10000: Max 5195 (963) steps (0.0003 hrs) -nan:-nan 3121 (17) sec
[110] Ep10000: Max 5195 (643) steps (0.0002 hrs) -nan:-nan 3138 (17) sec
[111] Ep10000: Max 5195 (495) steps (0.0001 hrs) -nan:-nan 3154 (16) sec
[112] Ep10000: Max 5195 (1535) steps (0.0004 hrs) -nan:-nan 3173 (19) sec
[113] Ep10000: Max 5195 (403) steps (0.0001 hrs) -nan:-nan 3189 (16) sec
[114] Ep10000: Max 5195 (1935) steps (0.0005 hrs) -nan:-nan 3205 (16) sec
[115] Ep10000: Max 5195 (1654) steps (0.0005 hrs) -nan:-nan 3223 (18) sec
[116] Ep10000: Max 5195 (2121) steps (0.0006 hrs) -nan:-nan 3263 (40) sec
[117] Ep10000: Max 5195 (299) steps (0.0001 hrs) -nan:-nan 3279 (16) sec
[118] Ep10000: Max 5195 (2389) steps (0.0007 hrs) -nan:-nan 3324 (45) sec
[119] Ep10000: Max 5195 (2033) steps (0.0006 hrs) -nan:-nan 3356 (32) sec
[120] Ep10000: Max 5195 (259) steps (0.0001 hrs) -nan:-nan 3372 (16) sec
[121] Ep10000: Max 5195 (2554) steps (0.0007 hrs) -nan:-nan 3416 (44) sec
[122] Ep10000: Max 5195 (2214) steps (0.0006 hrs) -nan:-nan 3459 (43) sec
[123] Ep10000: Max 5195 (2107) steps (0.0006 hrs) -nan:-nan 3504 (45) sec
[124] Ep10000: Max 5195 (2619) steps (0.0007 hrs) -nan:-nan 3549 (45) sec
[125] Ep10000: Max 5195 (2443) steps (0.0007 hrs) -nan:-nan 3582 (33) sec
[126] Ep10000: Max 5195 (1780) steps (0.0005 hrs) -nan:-nan 3602 (20) sec
[127] Ep10000: Max 5195 (246) steps (0.0001 hrs) -nan:-nan 3618 (16) sec
[128] Ep10000: Max 5195 (2019) steps (0.0006 hrs) -nan:-nan 3655 (37) sec
[129] Ep10000: Max 5195 (2034) steps (0.0006 hrs) -nan:-nan 3700 (45) sec
[130] Ep10000: Max 5195 (2443) steps (0.0007 hrs) -nan:-nan 3742 (42) sec
[131] Ep10000: Max 5195 (1369) steps (0.0004 hrs) -nan:-nan 3758 (16) sec
[132] Ep10000: Max 5195 (2073) steps (0.0006 hrs) -nan:-nan 3781 (23) sec
[133] Ep10000: Max 5195 (724) steps (0.0002 hrs) -nan:-nan 3797 (16) sec
[134] Ep10000: Max 5195 (880) steps (0.0002 hrs) -nan:-nan 3816 (19) sec
[135] Ep10000: Max 5195 (361) steps (0.0001 hrs) -nan:-nan 3832 (16) sec
[136] Ep10000: Max 5195 (2119) steps (0.0006 hrs) -nan:-nan 3877 (45) sec
[137] Ep10000: Max 5195 (1882) steps (0.0005 hrs) -nan:-nan 3914 (37) sec
[138] Ep10000: Max 5195 (2280) steps (0.0006 hrs) -nan:-nan 3952 (38) sec
[139] Ep10000: Max 5195 (385) steps (0.0001 hrs) -nan:-nan 3968 (16) sec
[140] Ep10000: Max 5195 (1273) steps (0.0004 hrs) -nan:-nan 3985 (17) sec
[141] Ep10000: Max 5195 (2078) steps (0.0006 hrs) -nan:-nan 4024 (39) sec
[142] Ep10000: Max 5195 (1981) steps (0.0006 hrs) -nan:-nan 4070 (46) sec
[143] Ep10000: Max 5195 (296) steps (0.0001 hrs) -nan:-nan 4085 (15) sec
[144] Ep10000: Max 5195 (299) steps (0.0001 hrs) -nan:-nan 4102 (17) sec
[145] Ep10000: Max 5195 (2223) steps (0.0006 hrs) -nan:-nan 4146 (44) sec
[146] Ep10000: Max 5195 (2691) steps (0.0007 hrs) -nan:-nan 4190 (44) sec
[147] Ep10000: Max 5195 (1073) steps (0.0003 hrs) -nan:-nan 4207 (17) sec
[148] Ep10000: Max 5195 (2502) steps (0.0007 hrs) -nan:-nan 4243 (36) sec
[149] Ep10000: Max 5195 (2335) steps (0.0006 hrs) -nan:-nan 4280 (37) sec
[150] Ep10000: Max 5195 (2014) steps (0.0006 hrs) -nan:-nan 4326 (46) sec
[151] Ep10000: Max 5195 (3558) steps (0.0010 hrs) -nan:-nan 4371 (45) sec
[152] Ep10000: Max 5195 (1812) steps (0.0005 hrs) -nan:-nan 4416 (45) sec
[153] Ep10000: Max 5195 (2003) steps (0.0006 hrs) -nan:-nan 4433 (17) sec
[154] Ep10000: Max 5195 (2111) steps (0.0006 hrs) -nan:-nan 4467 (34) sec
[155] Ep10000: Max 5195 (892) steps (0.0002 hrs) -nan:-nan 4483 (16) sec
[156] Ep10000: Max 5195 (2115) steps (0.0006 hrs) -nan:-nan 4528 (45) sec
[157] Ep10000: Max 5195 (2213) steps (0.0006 hrs) -nan:-nan 4557 (29) sec
[158] Ep10000: Max 5195 (2491) steps (0.0007 hrs) -nan:-nan 4600 (43) sec
[159] Ep10000: Max 5195 (115) steps (0.0000 hrs) -nan:-nan 4616 (16) sec
[160] Ep10000: Max 5195 (2784) steps (0.0008 hrs) -nan:-nan 4660 (44) sec
[161] Ep10000: Max 5195 (2085) steps (0.0006 hrs) -nan:-nan 4696 (36) sec
[162] Ep10000: Max 5195 (2099) steps (0.0006 hrs) -nan:-nan 4740 (44) sec
[163] Ep10000: Max 5195 (2235) steps (0.0006 hrs) -nan:-nan 4784 (44) sec
[164] Ep10000: Max 5195 (2184) steps (0.0006 hrs) -nan:-nan 4824 (40) sec
[165] Ep10000: Max 5195 (2611) steps (0.0007 hrs) -nan:-nan 4867 (43) sec
[166] Ep10000: Max 5195 (4724) steps (0.0013 hrs) -nan:-nan 4905 (38) sec
[167] Ep10000: Max 5195 (1932) steps (0.0005 hrs) -nan:-nan 4949 (44) sec
[168] Ep10000: Max 5195 (1170) steps (0.0003 hrs) -nan:-nan 4967 (18) sec
[169] Ep10000: Max 5195 (1110) steps (0.0003 hrs) -nan:-nan 4983 (16) sec
[170] Ep10000: Max 5195 (2254) steps (0.0006 hrs) -nan:-nan 5017 (34) sec
[171] Ep10000: Max 5195 (1941) steps (0.0005 hrs) -nan:-nan 5050 (33) sec
[172] Ep10000: Max 5195 (1922) steps (0.0005 hrs) -nan:-nan 5066 (16) sec
[173] Ep10000: Max 5195 (1997) steps (0.0006 hrs) -nan:-nan 5109 (43) sec
[174] Ep10000: Max 5195 (2383) steps (0.0007 hrs) -nan:-nan 5154 (45) sec
[175] Ep10000: Max 5195 (2135) steps (0.0006 hrs) -nan:-nan 5197 (43) sec
[176] Ep10000: Max 6725 (6725) steps (0.0019 hrs) -nan:-nan 5267 (70) sec
[177] Ep10000: Max 6725 (2449) steps (0.0007 hrs) -nan:-nan 5285 (18) sec
[178] Ep10000: Max 6725 (1738) steps (0.0005 hrs) -nan:-nan 5306 (21) sec
[179] Ep10000: Max 6725 (1975) steps (0.0005 hrs) -nan:-nan 5323 (17) sec
[180] Ep10000: Max 6725 (1861) steps (0.0005 hrs) -nan:-nan 5361 (38) sec
[181] Ep10000: Max 6725 (2590) steps (0.0007 hrs) -nan:-nan 5389 (28) sec
[182] Ep10000: Max 6725 (2238) steps (0.0006 hrs) -nan:-nan 5432 (43) sec
[183] Ep10000: Max 6725 (2300) steps (0.0006 hrs) -nan:-nan 5478 (46) sec
[184] Ep10000: Max 6725 (111) steps (0.0000 hrs) -nan:-nan 5494 (16) sec
[185] Ep10000: Max 6725 (2330) steps (0.0006 hrs) -nan:-nan 5539 (45) sec
[186] Ep10000: Max 6725 (287) steps (0.0001 hrs) -nan:-nan 5555 (16) sec
[187] Ep10000: Max 6725 (255) steps (0.0001 hrs) -nan:-nan 5571 (16) sec
[188] Ep10000: Max 6725 (2331) steps (0.0006 hrs) -nan:-nan 5610 (39) sec
[189] Ep10000: Max 6725 (221) steps (0.0001 hrs) -nan:-nan 5626 (16) sec
[190] Ep10000: Max 6725 (1867) steps (0.0005 hrs) -nan:-nan 5642 (16) sec
[191] Ep10000: Max 6725 (2181) steps (0.0006 hrs) -nan:-nan 5680 (38) sec
[192] Ep10000: Max 6725 (2077) steps (0.0006 hrs) -nan:-nan 5710 (30) sec
[193] Ep10000: Max 6725 (2275) steps (0.0006 hrs) -nan:-nan 5755 (45) sec
[194] Ep10000: Max 6725 (1534) steps (0.0004 hrs) -nan:-nan 5775 (20) sec
[195] Ep10000: Max 6725 (1661) steps (0.0005 hrs) -nan:-nan 5792 (17) sec
[196] Ep10000: Max 6725 (1426) steps (0.0004 hrs) -nan:-nan 5810 (18) sec
[197] Ep10000: Max 6725 (2225) steps (0.0006 hrs) -nan:-nan 5848 (38) sec
[198] Ep10000: Max 6725 (2558) steps (0.0007 hrs) -nan:-nan 5893 (45) sec
[199] Ep10000: Max 6725 (234) steps (0.0001 hrs) -nan:-nan 5910 (17) sec
[200] Ep10000: Max 6725 (2514) steps (0.0007 hrs) -nan:-nan 5954 (44) sec
[201] Ep10000: Max 6725 (1094) steps (0.0003 hrs) -nan:-nan 5978 (24) sec
[202] Ep10000: Max 6725 (648) steps (0.0002 hrs) -nan:-nan 5994 (16) sec
[203] Ep10000: Max 6725 (1567) steps (0.0004 hrs) -nan:-nan 6013 (19) sec
[204] Ep10000: Max 6725 (1914) steps (0.0005 hrs) -nan:-nan 6059 (46) sec
[205] Ep10000: Max 6725 (584) steps (0.0002 hrs) -nan:-nan 6075 (16) sec
[206] Ep10000: Max 6725 (2448) steps (0.0007 hrs) -nan:-nan 6121 (46) sec
[207] Ep10000: Max 6725 (2186) steps (0.0006 hrs) -nan:-nan 6165 (44) sec
[208] Ep10000: Max 6725 (2636) steps (0.0007 hrs) -nan:-nan 6192 (27) sec
[209] Ep10000: Max 6725 (519) steps (0.0001 hrs) -nan:-nan 6208 (16) sec
[210] Ep10000: Max 6725 (551) steps (0.0002 hrs) -nan:-nan 6224 (16) sec
[211] Ep10000: Max 6725 (2196) steps (0.0006 hrs) -nan:-nan 6269 (45) sec
[212] Ep10000: Max 6725 (3140) steps (0.0009 hrs) -nan:-nan 6311 (42) sec
[213] Ep10000: Max 6725 (2649) steps (0.0007 hrs) -nan:-nan 6352 (41) sec
[214] Ep10000: Max 6725 (2138) steps (0.0006 hrs) -nan:-nan 6394 (42) sec
[215] Ep10000: Max 6725 (1378) steps (0.0004 hrs) -nan:-nan 6411 (17) sec
[216] Ep10000: Max 6725 (2225) steps (0.0006 hrs) -nan:-nan 6453 (42) sec
[217] Ep10000: Max 6725 (980) steps (0.0003 hrs) -nan:-nan 6469 (16) sec
[218] Ep10000: Max 6725 (1329) steps (0.0004 hrs) -nan:-nan 6492 (23) sec
[219] Ep10000: Max 6725 (2515) steps (0.0007 hrs) -nan:-nan 6537 (45) sec
[220] Ep10000: Max 6725 (1014) steps (0.0003 hrs) -nan:-nan 6554 (17) sec
[221] Ep10000: Max 6725 (2098) steps (0.0006 hrs) -nan:-nan 6578 (24) sec
[222] Ep10000: Max 6725 (1911) steps (0.0005 hrs) -nan:-nan 6601 (23) sec
[223] Ep10000: Max 6725 (2404) steps (0.0007 hrs) -nan:-nan 6646 (45) sec
[224] Ep10000: Max 6725 (414) steps (0.0001 hrs) -nan:-nan 6662 (16) sec
[225] Ep10000: Max 6725 (2009) steps (0.0006 hrs) -nan:-nan 6700 (38) sec
[226] Ep10000: Max 6725 (1351) steps (0.0004 hrs) -nan:-nan 6717 (17) sec
[227] Ep10000: Max 6725 (2225) steps (0.0006 hrs) -nan:-nan 6736 (19) sec
[228] Ep10000: Max 6725 (1553) steps (0.0004 hrs) -nan:-nan 6753 (17) sec
[229] Ep10000: Max 6725 (2190) steps (0.0006 hrs) -nan:-nan 6795 (42) sec
[230] Ep10000: Max 6725 (2535) steps (0.0007 hrs) -nan:-nan 6815 (20) sec
[231] Ep10000: Max 6725 (166) steps (0.0000 hrs) -nan:-nan 6831 (16) sec
[232] Ep10000: Max 6725 (2338) steps (0.0006 hrs) -nan:-nan 6876 (45) sec
[233] Ep10000: Max 6725 (383) steps (0.0001 hrs) -nan:-nan 6892 (16) sec
[234] Ep10000: Max 6725 (2858) steps (0.0008 hrs) -nan:-nan 6937 (45) sec
[235] Ep10000: Max 6725 (1985) steps (0.0006 hrs) -nan:-nan 6962 (25) sec
[236] Ep10000: Max 6725 (1764) steps (0.0005 hrs) -nan:-nan 6983 (21) sec
[237] Ep10000: Max 6725 (177) steps (0.0000 hrs) -nan:-nan 6999 (16) sec
[238] Ep10000: Max 6725 (1595) steps (0.0004 hrs) -nan:-nan 7017 (18) sec
[239] Ep10000: Max 6725 (2785) steps (0.0008 hrs) -nan:-nan 7062 (45) sec
[240] Ep10000: Max 6725 (1968) steps (0.0005 hrs) -nan:-nan 7081 (19) sec
[241] Ep10000: Max 6725 (1265) steps (0.0004 hrs) -nan:-nan 7099 (18) sec
[242] Ep10000: Max 6725 (364) steps (0.0001 hrs) -nan:-nan 7115 (16) sec
[243] Ep10000: Max 6725 (2946) steps (0.0008 hrs) -nan:-nan 7161 (46) sec
[244] Ep10000: Max 6725 (531) steps (0.0001 hrs) -nan:-nan 7177 (16) sec
[245] Ep10000: Max 6725 (1880) steps (0.0005 hrs) -nan:-nan 7194 (17) sec
[246] Ep10000: Max 6725 (1499) steps (0.0004 hrs) -nan:-nan 7211 (17) sec
[247] Ep10000: Max 6725 (859) steps (0.0002 hrs) -nan:-nan 7228 (17) sec
[248] Ep10000: Max 6725 (2617) steps (0.0007 hrs) -nan:-nan 7250 (22) sec
[249] Ep10000: Max 6725 (1398) steps (0.0004 hrs) -nan:-nan 7266 (16) sec
[250] Ep10000: Max 6725 (1539) steps (0.0004 hrs) -nan:-nan 7290 (24) sec
[251] Ep10000: Max 6725 (1679) steps (0.0005 hrs) -nan:-nan 7316 (26) sec
[252] Ep10000: Max 6725 (3127) steps (0.0009 hrs) -nan:-nan 7360 (44) sec
[253] Ep10000: Max 6725 (735) steps (0.0002 hrs) -nan:-nan 7376 (16) sec
[254] Ep10000: Max 6725 (2430) steps (0.0007 hrs) -nan:-nan 7396 (20) sec
[255] Ep10000: Max 6725 (1868) steps (0.0005 hrs) -nan:-nan 7440 (44) sec
[256] Ep10000: Max 6725 (2414) steps (0.0007 hrs) -nan:-nan 7484 (44) sec
[257] Ep10000: Max 6725 (2544) steps (0.0007 hrs) -nan:-nan 7526 (42) sec
[258] Ep10000: Max 6725 (2343) steps (0.0007 hrs) -nan:-nan 7572 (46) sec
[259] Ep10000: Max 6725 (759) steps (0.0002 hrs) -nan:-nan 7588 (16) sec
[260] Ep10000: Max 6725 (494) steps (0.0001 hrs) -nan:-nan 7604 (16) sec
[261] Ep10000: Max 6725 (1013) steps (0.0003 hrs) -nan:-nan 7620 (16) sec
[262] Ep10000: Max 6725 (1575) steps (0.0004 hrs) -nan:-nan 7651 (31) sec
[263] Ep10000: Max 6725 (2668) steps (0.0007 hrs) -nan:-nan 7698 (47) sec
[264] Ep10000: Max 6725 (209) steps (0.0001 hrs) -nan:-nan 7714 (16) sec
[265] Ep10000: Max 6725 (1735) steps (0.0005 hrs) -nan:-nan 7738 (24) sec
[266] Ep10000: Max 6725 (2024) steps (0.0006 hrs) -nan:-nan 7782 (44) sec
[267] Ep10000: Max 6725 (2271) steps (0.0006 hrs) -nan:-nan 7823 (41) sec
[268] Ep10000: Max 6725 (2322) steps (0.0006 hrs) -nan:-nan 7868 (45) sec
[269] Ep10000: Max 6725 (2273) steps (0.0006 hrs) -nan:-nan 7893 (25) sec
[270] Ep10000: Max 6725 (2078) steps (0.0006 hrs) -nan:-nan 7936 (43) sec
[271] Ep10000: Max 6725 (3150) steps (0.0009 hrs) -nan:-nan 7979 (43) sec
[272] Ep10000: Max 6725 (380) steps (0.0001 hrs) -nan:-nan 7995 (16) sec
[273] Ep10000: Max 6725 (2427) steps (0.0007 hrs) -nan:-nan 8038 (43) sec
[274] Ep10000: Max 6725 (2211) steps (0.0006 hrs) -nan:-nan 8083 (45) sec
[275] Ep10000: Max 6725 (1617) steps (0.0004 hrs) -nan:-nan 8106 (23) sec
[276] Ep10000: Max 6725 (3000) steps (0.0008 hrs) -nan:-nan 8142 (36) sec
[277] Ep10000: Max 6725 (1093) steps (0.0003 hrs) -nan:-nan 8159 (17) sec
[278] Ep10000: Max 6725 (1587) steps (0.0004 hrs) -nan:-nan 8177 (18) sec
[279] Ep10000: Max 6725 (2739) steps (0.0008 hrs) -nan:-nan 8221 (44) sec
[280] Ep10000: Max 6725 (1752) steps (0.0005 hrs) -nan:-nan 8241 (20) sec
[281] Ep10000: Max 6725 (2701) steps (0.0008 hrs) -nan:-nan 8275 (34) sec
[282] Ep10000: Max 6725 (2055) steps (0.0006 hrs) -nan:-nan 8293 (18) sec
[283] Ep10000: Max 6725 (725) steps (0.0002 hrs) -nan:-nan 8310 (17) sec
[284] Ep10000: Max 6725 (1400) steps (0.0004 hrs) -nan:-nan 8327 (17) sec
[285] Ep10000: Max 6725 (2396) steps (0.0007 hrs) -nan:-nan 8366 (39) sec
[286] Ep10000: Max 6725 (1560) steps (0.0004 hrs) -nan:-nan 8383 (17) sec
[287] Ep10000: Max 6725 (2460) steps (0.0007 hrs) -nan:-nan 8427 (44) sec
[288] Ep10000: Max 6725 (2466) steps (0.0007 hrs) -nan:-nan 8445 (18) sec
[289] Ep10000: Max 6725 (557) steps (0.0002 hrs) -nan:-nan 8461 (16) sec
[290] Ep10000: Max 6725 (2164) steps (0.0006 hrs) -nan:-nan 8504 (43) sec
[291] Ep10000: Max 6725 (2128) steps (0.0006 hrs) -nan:-nan 8548 (44) sec
[292] Ep10000: Max 6725 (2088) steps (0.0006 hrs) -nan:-nan 8578 (30) sec
[293] Ep10000: Max 6725 (2520) steps (0.0007 hrs) -nan:-nan 8620 (42) sec
[294] Ep10000: Max 6725 (2089) steps (0.0006 hrs) -nan:-nan 8658 (38) sec
[295] Ep10000: Max 6725 (1937) steps (0.0005 hrs) -nan:-nan 8686 (28) sec
[296] Ep10000: Max 6725 (2647) steps (0.0007 hrs) -nan:-nan 8728 (42) sec
[297] Ep10000: Max 6725 (1598) steps (0.0004 hrs) -nan:-nan 8746 (18) sec
[298] Ep10000: Max 6725 (335) steps (0.0001 hrs) -nan:-nan 8762 (16) sec
[299] Ep10000: Max 6725 (1776) steps (0.0005 hrs) -nan:-nan 8784 (22) sec
[300] Ep10000: Max 6725 (1438) steps (0.0004 hrs) -nan:-nan 8803 (19) sec
[301] Ep10000: Max 6725 (3458) steps (0.0010 hrs) -nan:-nan 8849 (46) sec
[302] Ep10000: Max 6725 (2163) steps (0.0006 hrs) -nan:-nan 8894 (45) sec
[303] Ep10000: Max 6725 (2069) steps (0.0006 hrs) -nan:-nan 8913 (19) sec
[304] Ep10000: Max 6725 (2239) steps (0.0006 hrs) -nan:-nan 8955 (42) sec
[305] Ep10000: Max 6725 (1426) steps (0.0004 hrs) -nan:-nan 8971 (16) sec
[306] Ep10000: Max 6725 (832) steps (0.0002 hrs) -nan:-nan 8988 (17) sec
[307] Ep10000: Max 6725 (194) steps (0.0001 hrs) -nan:-nan 9004 (16) sec
[308] Ep10000: Max 6725 (1130) steps (0.0003 hrs) -nan:-nan 9023 (19) sec
[309] Ep10000: Max 6725 (181) steps (0.0001 hrs) -nan:-nan 9040 (17) sec
[310] Ep10000: Max 6725 (2110) steps (0.0006 hrs) -nan:-nan 9083 (43) sec
[311] Ep10000: Max 6725 (391) steps (0.0001 hrs) -nan:-nan 9099 (16) sec
[312] Ep10000: Max 6725 (2187) steps (0.0006 hrs) -nan:-nan 9140 (41) sec
[313] Ep10000: Max 6725 (2537) steps (0.0007 hrs) -nan:-nan 9184 (44) sec
[314] Ep10000: Max 6725 (1200) steps (0.0003 hrs) -nan:-nan 9201 (17) sec
[315] Ep10000: Max 6725 (1873) steps (0.0005 hrs) -nan:-nan 9225 (24) sec
[316] Ep10000: Max 6725 (1946) steps (0.0005 hrs) -nan:-nan 9245 (20) sec
[317] Ep10000: Max 6725 (2260) steps (0.0006 hrs) -nan:-nan 9289 (44) sec
[318] Ep10000: Max 6725 (2267) steps (0.0006 hrs) -nan:-nan 9337 (48) sec
[319] Ep10000: Max 6725 (3204) steps (0.0009 hrs) -nan:-nan 9382 (45) sec
[320] Ep10000: Max 6725 (1726) steps (0.0005 hrs) -nan:-nan 9403 (21) sec
[321] Ep10000: Max 6725 (1470) steps (0.0004 hrs) -nan:-nan 9425 (22) sec
[322] Ep10000: Max 6725 (2768) steps (0.0008 hrs) -nan:-nan 9443 (18) sec
[323] Ep10000: Max 6725 (2131) steps (0.0006 hrs) -nan:-nan 9467 (24) sec
[324] Ep10000: Max 6725 (826) steps (0.0002 hrs) -nan:-nan 9483 (16) sec
[325] Ep10000: Max 6725 (1133) steps (0.0003 hrs) -nan:-nan 9499 (16) sec
[326] Ep10000: Max 6725 (2037) steps (0.0006 hrs) -nan:-nan 9541 (42) sec
[327] Ep10000: Max 6725 (2451) steps (0.0007 hrs) -nan:-nan 9586 (45) sec
[328] Ep10000: Max 6725 (856) steps (0.0002 hrs) -nan:-nan 9604 (18) sec
[329] Ep10000: Max 6725 (2413) steps (0.0007 hrs) -nan:-nan 9646 (42) sec
[330] Ep10000: Max 6725 (1874) steps (0.0005 hrs) -nan:-nan 9679 (33) sec
[331] Ep10000: Max 6725 (2176) steps (0.0006 hrs) -nan:-nan 9702 (23) sec
[332] Ep10000: Max 6725 (217) steps (0.0001 hrs) -nan:-nan 9718 (16) sec
[333] Ep10000: Max 6725 (1383) steps (0.0004 hrs) -nan:-nan 9734 (16) sec
[334] Ep10000: Max 6725 (2279) steps (0.0006 hrs) -nan:-nan 9780 (46) sec
[335] Ep10000: Max 6725 (2401) steps (0.0007 hrs) -nan:-nan 9814 (34) sec
[336] Ep10000: Max 6725 (241) steps (0.0001 hrs) -nan:-nan 9830 (16) sec
[337] Ep10000: Max 6725 (4052) steps (0.0011 hrs) -nan:-nan 9875 (45) sec
[338] Ep10000: Max 6725 (2276) steps (0.0006 hrs) -nan:-nan 9918 (43) sec
[339] Ep10000: Max 6725 (2578) steps (0.0007 hrs) -nan:-nan 9962 (44) sec
[340] Ep10000: Max 6725 (389) steps (0.0001 hrs) -nan:-nan 9978 (16) sec
[341] Ep10000: Max 6725 (434) steps (0.0001 hrs) -nan:-nan 9994 (16) sec
[342] Ep10000: Max 6725 (2474) steps (0.0007 hrs) -nan:-nan 10025 (31) sec
[343] Ep10000: Max 6725 (2825) steps (0.0008 hrs) -nan:-nan 10069 (44) sec
[344] Ep10000: Max 6725 (2511) steps (0.0007 hrs) -nan:-nan 10114 (45) sec
[345] Ep10000: Max 6725 (175) steps (0.0000 hrs) -nan:-nan 10130 (16) sec
[346] Ep10000: Max 6725 (1076) steps (0.0003 hrs) -nan:-nan 10146 (16) sec
[347] Ep10000: Max 6725 (1410) steps (0.0004 hrs) -nan:-nan 10162 (16) sec
[348] Ep10000: Max 6725 (2403) steps (0.0007 hrs) -nan:-nan 10206 (44) sec
[349] Ep10000: Max 6725 (2172) steps (0.0006 hrs) -nan:-nan 10251 (45) sec
[350] Ep10000: Max 6725 (3307) steps (0.0009 hrs) -nan:-nan 10294 (43) sec
[351] Ep10000: Max 6725 (1176) steps (0.0003 hrs) -nan:-nan 10311 (17) sec
[352] Ep10000: Max 6725 (600) steps (0.0002 hrs) -nan:-nan 10327 (16) sec
[353] Ep10000: Max 6725 (1870) steps (0.0005 hrs) -nan:-nan 10366 (39) sec
[354] Ep10000: Max 6725 (2326) steps (0.0006 hrs) -nan:-nan 10391 (25) sec
[355] Ep10000: Max 6725 (2660) steps (0.0007 hrs) -nan:-nan 10436 (45) sec
[356] Ep10000: Max 6725 (2277) steps (0.0006 hrs) -nan:-nan 10468 (32) sec
[357] Ep10000: Max 6725 (294) steps (0.0001 hrs) -nan:-nan 10484 (16) sec
[358] Ep10000: Max 6725 (750) steps (0.0002 hrs) -nan:-nan 10500 (16) sec
[359] Ep10000: Max 6725 (392) steps (0.0001 hrs) -nan:-nan 10516 (16) sec
[360] Ep10000: Max 6725 (2374) steps (0.0007 hrs) -nan:-nan 10552 (36) sec
[361] Ep10000: Max 6725 (1993) steps (0.0006 hrs) -nan:-nan 10596 (44) sec
[362] Ep10000: Max 6725 (2007) steps (0.0006 hrs) -nan:-nan 10642 (46) sec
[363] Ep10000: Max 6725 (2159) steps (0.0006 hrs) -nan:-nan 10686 (44) sec
[364] Ep10000: Max 6725 (2164) steps (0.0006 hrs) -nan:-nan 10729 (43) sec
[365] Ep10000: Max 6725 (2165) steps (0.0006 hrs) -nan:-nan 10756 (27) sec
[366] Ep10000: Max 6725 (1512) steps (0.0004 hrs) -nan:-nan 10779 (23) sec
[367] Ep10000: Max 6725 (655) steps (0.0002 hrs) -nan:-nan 10795 (16) sec
[368] Ep10000: Max 6725 (1761) steps (0.0005 hrs) -nan:-nan 10826 (31) sec
[369] Ep10000: Max 6725 (591) steps (0.0002 hrs) -nan:-nan 10842 (16) sec
[370] Ep10000: Max 6725 (192) steps (0.0001 hrs) -nan:-nan 10858 (16) sec
[371] Ep10000: Max 6725 (1284) steps (0.0004 hrs) -nan:-nan 10877 (19) sec
[372] Ep10000: Max 6725 (1940) steps (0.0005 hrs) -nan:-nan 10922 (45) sec
[373] Ep10000: Max 6725 (609) steps (0.0002 hrs) -nan:-nan 10939 (17) sec
[374] Ep10000: Max 6725 (1456) steps (0.0004 hrs) -nan:-nan 10955 (16) sec
[375] Ep10000: Max 6725 (811) steps (0.0002 hrs) -nan:-nan 10971 (16) sec
[376] Ep10000: Max 6725 (1936) steps (0.0005 hrs) -nan:-nan 10999 (28) sec
[377] Ep10000: Max 6725 (126) steps (0.0000 hrs) -nan:-nan 11015 (16) sec
[378] Ep10000: Max 6725 (2295) steps (0.0006 hrs) -nan:-nan 11051 (36) sec
[379] Ep10000: Max 6725 (839) steps (0.0002 hrs) -nan:-nan 11068 (17) sec
[380] Ep10000: Max 6725 (1064) steps (0.0003 hrs) -nan:-nan 11084 (16) sec
[381] Ep10000: Max 6725 (1116) steps (0.0003 hrs) -nan:-nan 11101 (17) sec
[382] Ep10000: Max 6725 (2205) steps (0.0006 hrs) -nan:-nan 11146 (45) sec
[383] Ep10000: Max 6725 (3176) steps (0.0009 hrs) -nan:-nan 11191 (45) sec
[384] Ep10000: Max 6725 (457) steps (0.0001 hrs) -nan:-nan 11207 (16) sec
[385] Ep10000: Max 6725 (794) steps (0.0002 hrs) -nan:-nan 11223 (16) sec
[386] Ep10000: Max 6725 (2408) steps (0.0007 hrs) -nan:-nan 11268 (45) sec
[387] Ep10000: Max 6725 (2491) steps (0.0007 hrs) -nan:-nan 11309 (41) sec
[388] Ep10000: Max 6725 (2591) steps (0.0007 hrs) -nan:-nan 11353 (44) sec
[389] Ep10000: Max 6725 (1220) steps (0.0003 hrs) -nan:-nan 11371 (18) sec
[390] Ep10000: Max 6725 (2078) steps (0.0006 hrs) -nan:-nan 11416 (45) sec
[391] Ep10000: Max 6725 (1502) steps (0.0004 hrs) -nan:-nan 11433 (17) sec
[392] Ep10000: Max 6725 (143) steps (0.0000 hrs) -nan:-nan 11450 (17) sec
[393] Ep10000: Max 6725 (2492) steps (0.0007 hrs) -nan:-nan 11480 (30) sec
[394] Ep10000: Max 6725 (536) steps (0.0001 hrs) -nan:-nan 11496 (16) sec
[395] Ep10000: Max 6725 (1899) steps (0.0005 hrs) -nan:-nan 11538 (42) sec
[396] Ep10000: Max 6725 (1007) steps (0.0003 hrs) -nan:-nan 11554 (16) sec
[397] Ep10000: Max 6725 (771) steps (0.0002 hrs) -nan:-nan 11570 (16) sec
[398] Ep10000: Max 6725 (364) steps (0.0001 hrs) -nan:-nan 11586 (16) sec
[399] Ep10000: Max 6725 (1939) steps (0.0005 hrs) -nan:-nan 11626 (40) sec
[400] Ep10000: Max 6725 (321) steps (0.0001 hrs) -nan:-nan 11642 (16) sec
[401] Ep10000: Max 6725 (2240) steps (0.0006 hrs) -nan:-nan 11677 (35) sec
[402] Ep10000: Max 6725 (2443) steps (0.0007 hrs) -nan:-nan 11723 (46) sec
[403] Ep10000: Max 6725 (1614) steps (0.0004 hrs) -nan:-nan 11741 (18) sec
[404] Ep10000: Max 6725 (1711) steps (0.0005 hrs) -nan:-nan 11763 (22) sec
[405] Ep10000: Max 6725 (1555) steps (0.0004 hrs) -nan:-nan 11780 (17) sec
[406] Ep10000: Max 6725 (423) steps (0.0001 hrs) -nan:-nan 11796 (16) sec
[407] Ep10000: Max 6725 (3423) steps (0.0010 hrs) -nan:-nan 11842 (46) sec
[408] Ep10000: Max 6725 (185) steps (0.0001 hrs) -nan:-nan 11858 (16) sec
[409] Ep10000: Max 6725 (2222) steps (0.0006 hrs) -nan:-nan 11903 (45) sec
[410] Ep10000: Max 6725 (1051) steps (0.0003 hrs) -nan:-nan 11920 (17) sec
[411] Ep10000: Max 6725 (924) steps (0.0003 hrs) -nan:-nan 11936 (16) sec
[412] Ep10000: Max 6725 (1709) steps (0.0005 hrs) -nan:-nan 11953 (17) sec
[413] Ep10000: Max 6725 (2180) steps (0.0006 hrs) -nan:-nan 11993 (40) sec
[414] Ep10000: Max 6725 (2435) steps (0.0007 hrs) -nan:-nan 12037 (44) sec
[415] Ep10000: Max 6725 (1057) steps (0.0003 hrs) -nan:-nan 12053 (16) sec
[416] Ep10000: Max 6725 (2324) steps (0.0006 hrs) -nan:-nan 12098 (45) sec
[417] Ep10000: Max 6725 (1529) steps (0.0004 hrs) -nan:-nan 12124 (26) sec
[418] Ep10000: Max 6725 (3196) steps (0.0009 hrs) -nan:-nan 12170 (46) sec
[419] Ep10000: Max 6725 (2146) steps (0.0006 hrs) -nan:-nan 12186 (16) sec
[420] Ep10000: Max 6725 (1883) steps (0.0005 hrs) -nan:-nan 12202 (16) sec
[421] Ep10000: Max 6725 (3243) steps (0.0009 hrs) -nan:-nan 12236 (34) sec
[422] Ep10000: Max 6725 (1775) steps (0.0005 hrs) -nan:-nan 12262 (26) sec
[423] Ep10000: Max 6725 (2772) steps (0.0008 hrs) -nan:-nan 12308 (46) sec
[424] Ep10000: Max 6725 (3707) steps (0.0010 hrs) -nan:-nan 12355 (47) sec
[425] Ep10000: Max 6725 (2907) steps (0.0008 hrs) -nan:-nan 12400 (45) sec
[426] Ep10000: Max 6725 (2312) steps (0.0006 hrs) -nan:-nan 12417 (17) sec
[427] Ep10000: Max 6725 (386) steps (0.0001 hrs) -nan:-nan 12433 (16) sec
[428] Ep10000: Max 6725 (636) steps (0.0002 hrs) -nan:-nan 12449 (16) sec
[429] Ep10000: Max 6725 (262) steps (0.0001 hrs) -nan:-nan 12465 (16) sec
[430] Ep10000: Max 6725 (612) steps (0.0002 hrs) -nan:-nan 12481 (16) sec
[431] Ep10000: Max 6725 (1802) steps (0.0005 hrs) -nan:-nan 12518 (37) sec
[432] Ep10000: Max 6725 (413) steps (0.0001 hrs) -nan:-nan 12535 (17) sec
[433] Ep10000: Max 6725 (378) steps (0.0001 hrs) -nan:-nan 12551 (16) sec
[434] Ep10000: Max 6725 (337) steps (0.0001 hrs) -nan:-nan 12567 (16) sec
[435] Ep10000: Max 6725 (2914) steps (0.0008 hrs) -nan:-nan 12590 (23) sec
[436] Ep10000: Max 6725 (2381) steps (0.0007 hrs) -nan:-nan 12632 (42) sec
[437] Ep10000: Max 6725 (2409) steps (0.0007 hrs) -nan:-nan 12677 (45) sec
[438] Ep10000: Max 6725 (1865) steps (0.0005 hrs) -nan:-nan 12701 (24) sec
[439] Ep10000: Max 6725 (2360) steps (0.0007 hrs) -nan:-nan 12729 (28) sec
[440] Ep10000: Max 6725 (1844) steps (0.0005 hrs) -nan:-nan 12754 (25) sec
[441] Ep10000: Max 6725 (2117) steps (0.0006 hrs) -nan:-nan 12799 (45) sec
[442] Ep10000: Max 6725 (176) steps (0.0000 hrs) -nan:-nan 12815 (16) sec
[443] Ep10000: Max 6725 (2791) steps (0.0008 hrs) -nan:-nan 12860 (45) sec
[444] Ep10000: Max 6725 (2603) steps (0.0007 hrs) -nan:-nan 12907 (47) sec
[445] Ep10000: Max 6725 (1759) steps (0.0005 hrs) -nan:-nan 12936 (29) sec
[446] Ep10000: Max 6725 (325) steps (0.0001 hrs) -nan:-nan 12952 (16) sec
[447] Ep10000: Max 6725 (1288) steps (0.0004 hrs) -nan:-nan 12970 (18) sec
[448] Ep10000: Max 6725 (2156) steps (0.0006 hrs) -nan:-nan 13015 (45) sec
[449] Ep10000: Max 6725 (1970) steps (0.0005 hrs) -nan:-nan 13035 (20) sec
[450] Ep10000: Max 6725 (1247) steps (0.0003 hrs) -nan:-nan 13053 (18) sec
[451] Ep10000: Max 6725 (1825) steps (0.0005 hrs) -nan:-nan 13070 (17) sec
[452] Ep10000: Max 6725 (2294) steps (0.0006 hrs) -nan:-nan 13106 (36) sec
[453] Ep10000: Max 6725 (2319) steps (0.0006 hrs) -nan:-nan 13146 (40) sec
[454] Ep10000: Max 6725 (2063) steps (0.0006 hrs) -nan:-nan 13165 (19) sec
[455] Ep10000: Max 6725 (1341) steps (0.0004 hrs) -nan:-nan 13181 (16) sec
[456] Ep10000: Max 6725 (376) steps (0.0001 hrs) -nan:-nan 13198 (17) sec
[457] Ep10000: Max 6725 (2357) steps (0.0007 hrs) -nan:-nan 13242 (44) sec
[458] Ep10000: Max 6725 (1504) steps (0.0004 hrs) -nan:-nan 13259 (17) sec
[459] Ep10000: Max 6725 (2285) steps (0.0006 hrs) -nan:-nan 13293 (34) sec
[460] Ep10000: Max 6725 (2457) steps (0.0007 hrs) -nan:-nan 13330 (37) sec
[461] Ep10000: Max 6725 (2164) steps (0.0006 hrs) -nan:-nan 13379 (49) sec
[462] Ep10000: Max 6725 (772) steps (0.0002 hrs) -nan:-nan 13398 (19) sec
[463] Ep10000: Max 6725 (2065) steps (0.0006 hrs) -nan:-nan 13442 (44) sec
[464] Ep10000: Max 6725 (2477) steps (0.0007 hrs) -nan:-nan 13492 (50) sec
[465] Ep10000: Max 6725 (694) steps (0.0002 hrs) -nan:-nan 13511 (19) sec
[466] Ep10000: Max 6725 (2866) steps (0.0008 hrs) -nan:-nan 13533 (22) sec
[467] Ep10000: Max 6725 (937) steps (0.0003 hrs) -nan:-nan 13551 (18) sec
[468] Ep10000: Max 6725 (2476) steps (0.0007 hrs) -nan:-nan 13600 (49) sec
[469] Ep10000: Max 6725 (1775) steps (0.0005 hrs) -nan:-nan 13627 (27) sec
[470] Ep10000: Max 6725 (1225) steps (0.0003 hrs) -nan:-nan 13647 (20) sec
[471] Ep10000: Max 6725 (1938) steps (0.0005 hrs) -nan:-nan 13688 (41) sec
[472] Ep10000: Max 6725 (3157) steps (0.0009 hrs) -nan:-nan 13739 (51) sec
[473] Ep10000: Max 6725 (1943) steps (0.0005 hrs) -nan:-nan 13757 (18) sec
[474] Ep10000: Max 6725 (2005) steps (0.0006 hrs) -nan:-nan 13811 (54) sec
[475] Ep10000: Max 6725 (2477) steps (0.0007 hrs) -nan:-nan 13857 (46) sec
[476] Ep10000: Max 6725 (1992) steps (0.0006 hrs) -nan:-nan 13914 (57) sec
[477] Ep10000: Max 6725 (2423) steps (0.0007 hrs) -nan:-nan 13962 (48) sec
[478] Ep10000: Max 6725 (1434) steps (0.0004 hrs) -nan:-nan 13987 (25) sec
[479] Ep10000: Max 6725 (805) steps (0.0002 hrs) -nan:-nan 14008 (21) sec
[480] Ep10000: Max 6725 (1030) steps (0.0003 hrs) -nan:-nan 14029 (21) sec
[481] Ep10000: Max 6725 (2154) steps (0.0006 hrs) -nan:-nan 14085 (56) sec
[482] Ep10000: Max 6725 (2586) steps (0.0007 hrs) -nan:-nan 14122 (37) sec
[483] Ep10000: Max 6725 (2376) steps (0.0007 hrs) -nan:-nan 14158 (36) sec
[484] Ep10000: Max 6725 (724) steps (0.0002 hrs) -nan:-nan 14179 (21) sec
[485] Ep10000: Max 6725 (2595) steps (0.0007 hrs) -nan:-nan 14225 (46) sec
[486] Ep10000: Max 6725 (939) steps (0.0003 hrs) -nan:-nan 14242 (17) sec
[487] Ep10000: Max 6725 (1988) steps (0.0006 hrs) -nan:-nan 14289 (47) sec
[488] Ep10000: Max 6725 (2624) steps (0.0007 hrs) -nan:-nan 14338 (49) sec
[489] Ep10000: Max 6725 (140) steps (0.0000 hrs) -nan:-nan 14356 (18) sec
[490] Ep10000: Max 6725 (297) steps (0.0001 hrs) -nan:-nan 14381 (25) sec
[491] Ep10000: Max 6725 (1038) steps (0.0003 hrs) -nan:-nan 14407 (26) sec
[492] Ep10000: Max 6725 (2160) steps (0.0006 hrs) -nan:-nan 14461 (54) sec
[493] Ep10000: Max 6725 (1154) steps (0.0003 hrs) -nan:-nan 14488 (27) sec
[494] Ep10000: Max 6725 (2363) steps (0.0007 hrs) -nan:-nan 14555 (67) sec
[495] Ep10000: Max 6725 (2056) steps (0.0006 hrs) -nan:-nan 14610 (55) sec
[496] Ep10000: Max 6725 (567) steps (0.0002 hrs) -nan:-nan 14634 (24) sec
[497] Ep10000: Max 6725 (217) steps (0.0001 hrs) -nan:-nan 14659 (25) sec
[498] Ep10000: Max 6725 (1663) steps (0.0005 hrs) -nan:-nan 14689 (30) sec
[499] Ep10000: Max 6725 (2331) steps (0.0006 hrs) -nan:-nan 14749 (60) sec
[500] Ep10000: Max 6725 (2154) steps (0.0006 hrs) -nan:-nan 14811 (62) sec
[501] Ep10000: Max 6725 (900) steps (0.0003 hrs) -nan:-nan 14839 (28) sec
[502] Ep10000: Max 6725 (2557) steps (0.0007 hrs) -nan:-nan 14886 (47) sec
[503] Ep10000: Max 6725 (2447) steps (0.0007 hrs) -nan:-nan 14959 (73) sec
[504] Ep10000: Max 6725 (2519) steps (0.0007 hrs) -nan:-nan 15020 (61) sec
[505] Ep10000: Max 6725 (2301) steps (0.0006 hrs) -nan:-nan 15052 (32) sec
[506] Ep10000: Max 6725 (1711) steps (0.0005 hrs) -nan:-nan 15086 (34) sec
[507] Ep10000: Max 6725 (174) steps (0.0000 hrs) -nan:-nan 15114 (28) sec
[508] Ep10000: Max 6725 (2687) steps (0.0007 hrs) -nan:-nan 15197 (83) sec
[509] Ep10000: Max 6725 (2228) steps (0.0006 hrs) -nan:-nan 15261 (64) sec
[510] Ep10000: Max 6725 (2639) steps (0.0007 hrs) -nan:-nan 15287 (26) sec
[511] Ep10000: Max 6725 (1318) steps (0.0004 hrs) -nan:-nan 15315 (28) sec
[512] Ep10000: Max 6725 (2492) steps (0.0007 hrs) -nan:-nan 15375 (60) sec
[513] Ep10000: Max 6725 (472) steps (0.0001 hrs) -nan:-nan 15397 (22) sec
[514] Ep10000: Max 6725 (2120) steps (0.0006 hrs) -nan:-nan 15455 (58) sec
[515] Ep10000: Max 6725 (2471) steps (0.0007 hrs) -nan:-nan 15503 (48) sec
[516] Ep10000: Max 6725 (1484) steps (0.0004 hrs) -nan:-nan 15526 (23) sec
[517] Ep10000: Max 6725 (1819) steps (0.0005 hrs) -nan:-nan 15548 (22) sec
[518] Ep10000: Max 6725 (190) steps (0.0001 hrs) -nan:-nan 15571 (23) sec
[519] Ep10000: Max 6725 (468) steps (0.0001 hrs) -nan:-nan 15592 (21) sec
[520] Ep10000: Max 6725 (2030) steps (0.0006 hrs) -nan:-nan 15647 (55) sec
[521] Ep10000: Max 6725 (2117) steps (0.0006 hrs) -nan:-nan 15707 (60) sec
[522] Ep10000: Max 6725 (2096) steps (0.0006 hrs) -nan:-nan 15764 (57) sec
[523] Ep10000: Max 6725 (1285) steps (0.0004 hrs) -nan:-nan 15785 (21) sec
[524] Ep10000: Max 6725 (1516) steps (0.0004 hrs) -nan:-nan 15807 (22) sec
[525] Ep10000: Max 6725 (2315) steps (0.0006 hrs) -nan:-nan 15858 (51) sec
[526] Ep10000: Max 6725 (419) steps (0.0001 hrs) -nan:-nan 15876 (18) sec
[527] Ep10000: Max 6725 (1384) steps (0.0004 hrs) -nan:-nan 15896 (20) sec
[528] Ep10000: Max 6725 (2070) steps (0.0006 hrs) -nan:-nan 15940 (44) sec
[529] Ep10000: Max 6725 (2145) steps (0.0006 hrs) -nan:-nan 15991 (51) sec
[530] Ep10000: Max 6725 (1669) steps (0.0005 hrs) -nan:-nan 16011 (20) sec
[531] Ep10000: Max 6725 (248) steps (0.0001 hrs) -nan:-nan 16029 (18) sec
[532] Ep10000: Max 6725 (1168) steps (0.0003 hrs) -nan:-nan 16047 (18) sec
[533] Ep10000: Max 6725 (2230) steps (0.0006 hrs) -nan:-nan 16087 (40) sec
[534] Ep10000: Max 6725 (1566) steps (0.0004 hrs) -nan:-nan 16111 (24) sec
[535] Ep10000: Max 6725 (2717) steps (0.0008 hrs) -nan:-nan 16160 (49) sec
[536] Ep10000: Max 6725 (4154) steps (0.0012 hrs) -nan:-nan 16197 (37) sec
[537] Ep10000: Max 6725 (324) steps (0.0001 hrs) -nan:-nan 16216 (19) sec
[538] Ep10000: Max 6725 (2120) steps (0.0006 hrs) -nan:-nan 16254 (38) sec
[539] Ep10000: Max 6725 (1919) steps (0.0005 hrs) -nan:-nan 16286 (32) sec
[540] Ep10000: Max 6725 (1652) steps (0.0005 hrs) -nan:-nan 16306 (20) sec
[541] Ep10000: Max 6725 (2371) steps (0.0007 hrs) -nan:-nan 16353 (47) sec
[542] Ep10000: Max 6725 (2163) steps (0.0006 hrs) -nan:-nan 16382 (29) sec
[543] Ep10000: Max 6725 (1114) steps (0.0003 hrs) -nan:-nan 16404 (22) sec
[544] Ep10000: Max 6725 (2731) steps (0.0008 hrs) -nan:-nan 16459 (55) sec
[545] Ep10000: Max 6725 (2115) steps (0.0006 hrs) -nan:-nan 16515 (56) sec
[546] Ep10000: Max 6725 (1534) steps (0.0004 hrs) -nan:-nan 16538 (23) sec
[547] Ep10000: Max 6725 (1323) steps (0.0004 hrs) -nan:-nan 16564 (26) sec
[548] Ep10000: Max 6725 (950) steps (0.0003 hrs) -nan:-nan 16584 (20) sec
[549] Ep10000: Max 6725 (2346) steps (0.0007 hrs) -nan:-nan 16633 (49) sec
[550] Ep10000: Max 6725 (1901) steps (0.0005 hrs) -nan:-nan 16660 (27) sec
[551] Ep10000: Max 6725 (1431) steps (0.0004 hrs) -nan:-nan 16684 (24) sec
[552] Ep10000: Max 6725 (871) steps (0.0002 hrs) -nan:-nan 16703 (19) sec
[553] Ep10000: Max 6725 (1798) steps (0.0005 hrs) -nan:-nan 16729 (26) sec
[554] Ep10000: Max 6725 (2408) steps (0.0007 hrs) -nan:-nan 16749 (20) sec
[555] Ep10000: Max 6725 (1245) steps (0.0003 hrs) -nan:-nan 16768 (19) sec
[556] Ep10000: Max 6725 (2096) steps (0.0006 hrs) -nan:-nan 16810 (42) sec
[557] Ep10000: Max 6725 (2533) steps (0.0007 hrs) -nan:-nan 16859 (49) sec
[558] Ep10000: Max 6725 (1298) steps (0.0004 hrs) -nan:-nan 16880 (21) sec
[559] Ep10000: Max 6725 (1869) steps (0.0005 hrs) -nan:-nan 16901 (21) sec
[560] Ep10000: Max 6725 (2290) steps (0.0006 hrs) -nan:-nan 16941 (40) sec
[561] Ep10000: Max 6725 (511) steps (0.0001 hrs) -nan:-nan 16959 (18) sec
[562] Ep10000: Max 6725 (1987) steps (0.0006 hrs) -nan:-nan 17000 (41) sec
[563] Ep10000: Max 6725 (2380) steps (0.0007 hrs) -nan:-nan 17026 (26) sec
[564] Ep10000: Max 6725 (2130) steps (0.0006 hrs) -nan:-nan 17070 (44) sec
[565] Ep10000: Max 6725 (444) steps (0.0001 hrs) -nan:-nan 17088 (18) sec
[566] Ep10000: Max 6725 (458) steps (0.0001 hrs) -nan:-nan 17106 (18) sec
[567] Ep10000: Max 6725 (2418) steps (0.0007 hrs) -nan:-nan 17136 (30) sec
[568] Ep10000: Max 6725 (894) steps (0.0002 hrs) -nan:-nan 17155 (19) sec
[569] Ep10000: Max 6725 (474) steps (0.0001 hrs) -nan:-nan 17173 (18) sec
[570] Ep10000: Max 6725 (2039) steps (0.0006 hrs) -nan:-nan 17222 (49) sec
[571] Ep10000: Max 6725 (2696) steps (0.0007 hrs) -nan:-nan 17260 (38) sec
[572] Ep10000: Max 6725 (2556) steps (0.0007 hrs) -nan:-nan 17279 (19) sec
[573] Ep10000: Max 6725 (217) steps (0.0001 hrs) -nan:-nan 17298 (19) sec
[574] Ep10000: Max 6725 (1642) steps (0.0005 hrs) -nan:-nan 17326 (28) sec
[575] Ep10000: Max 6725 (324) steps (0.0001 hrs) -nan:-nan 17344 (18) sec
[576] Ep10000: Max 6725 (2655) steps (0.0007 hrs) -nan:-nan 17390 (46) sec
[577] Ep10000: Max 6725 (1132) steps (0.0003 hrs) -nan:-nan 17408 (18) sec
[578] Ep10000: Max 6725 (784) steps (0.0002 hrs) -nan:-nan 17428 (20) sec
[579] Ep10000: Max 6725 (2096) steps (0.0006 hrs) -nan:-nan 17476 (48) sec
[580] Ep10000: Max 6725 (3470) steps (0.0010 hrs) -nan:-nan 17520 (44) sec
[581] Ep10000: Max 6725 (350) steps (0.0001 hrs) -nan:-nan 17538 (18) sec
[582] Ep10000: Max 6725 (384) steps (0.0001 hrs) -nan:-nan 17556 (18) sec
[583] Ep10000: Max 6725 (239) steps (0.0001 hrs) -nan:-nan 17575 (19) sec
[584] Ep10000: Max 6725 (2101) steps (0.0006 hrs) -nan:-nan 17613 (38) sec
[585] Ep10000: Max 6725 (2090) steps (0.0006 hrs) -nan:-nan 17662 (49) sec
[586] Ep10000: Max 6725 (1758) steps (0.0005 hrs) -nan:-nan 17684 (22) sec
[587] Ep10000: Max 6725 (1018) steps (0.0003 hrs) -nan:-nan 17707 (23) sec
[588] Ep10000: Max 6725 (395) steps (0.0001 hrs) -nan:-nan 17728 (21) sec
[589] Ep10000: Max 6725 (222) steps (0.0001 hrs) -nan:-nan 17750 (22) sec
[590] Ep10000: Max 6725 (2094) steps (0.0006 hrs) -nan:-nan 17777 (27) sec
[591] Ep10000: Max 6725 (1939) steps (0.0005 hrs) -nan:-nan 17800 (23) sec
[592] Ep10000: Max 6725 (894) steps (0.0002 hrs) -nan:-nan 17821 (21) sec
[593] Ep10000: Max 6725 (1965) steps (0.0005 hrs) -nan:-nan 17848 (27) sec
[594] Ep10000: Max 6725 (320) steps (0.0001 hrs) -nan:-nan 17869 (21) sec
[595] Ep10000: Max 6725 (2406) steps (0.0007 hrs) -nan:-nan 17926 (57) sec
[596] Ep10000: Max 6725 (2091) steps (0.0006 hrs) -nan:-nan 17952 (26) sec
[597] Ep10000: Max 6725 (3390) steps (0.0009 hrs) -nan:-nan 17991 (39) sec
[598] Ep10000: Max 6725 (924) steps (0.0003 hrs) -nan:-nan 18011 (20) sec
[599] Ep10000: Max 6725 (1513) steps (0.0004 hrs) -nan:-nan 18032 (21) sec
[600] Ep10000: Max 6725 (1689) steps (0.0005 hrs) -nan:-nan 18054 (22) sec
[601] Ep10000: Max 6725 (2369) steps (0.0007 hrs) -nan:-nan 18109 (55) sec
[602] Ep10000: Max 6725 (2794) steps (0.0008 hrs) -nan:-nan 18153 (44) sec
[603] Ep10000: Max 6725 (2015) steps (0.0006 hrs) -nan:-nan 18175 (22) sec
[604] Ep10000: Max 6725 (525) steps (0.0001 hrs) -nan:-nan 18195 (20) sec
[605] Ep10000: Max 6725 (2064) steps (0.0006 hrs) -nan:-nan 18249 (54) sec
[606] Ep10000: Max 6725 (2159) steps (0.0006 hrs) -nan:-nan 18297 (48) sec
[607] Ep10000: Max 6725 (2559) steps (0.0007 hrs) -nan:-nan 18352 (55) sec
[608] Ep10000: Max 6725 (2144) steps (0.0006 hrs) -nan:-nan 18409 (57) sec
[609] Ep10000: Max 6725 (179) steps (0.0000 hrs) -nan:-nan 18429 (20) sec
[610] Ep10000: Max 6725 (2531) steps (0.0007 hrs) -nan:-nan 18485 (56) sec
[611] Ep10000: Max 6725 (3493) steps (0.0010 hrs) -nan:-nan 18543 (58) sec
[612] Ep10000: Max 6725 (2204) steps (0.0006 hrs) -nan:-nan 18600 (57) sec
[613] Ep10000: Max 6725 (2159) steps (0.0006 hrs) -nan:-nan 18621 (21) sec
[614] Ep10000: Max 6725 (1853) steps (0.0005 hrs) -nan:-nan 18643 (22) sec
[615] Ep10000: Max 6725 (1339) steps (0.0004 hrs) -nan:-nan 18669 (26) sec
[616] Ep10000: Max 6725 (1584) steps (0.0004 hrs) -nan:-nan 18698 (29) sec
[617] Ep10000: Max 6725 (2393) steps (0.0007 hrs) -nan:-nan 18743 (45) sec
[618] Ep10000: Max 6725 (2174) steps (0.0006 hrs) -nan:-nan 18795 (52) sec
[619] Ep10000: Max 6725 (1296) steps (0.0004 hrs) -nan:-nan 18827 (32) sec
[620] Ep10000: Max 6725 (524) steps (0.0001 hrs) -nan:-nan 18847 (20) sec
[621] Ep10000: Max 6725 (2257) steps (0.0006 hrs) -nan:-nan 18903 (56) sec
[622] Ep10000: Max 6725 (2014) steps (0.0006 hrs) -nan:-nan 18955 (52) sec
[623] Ep10000: Max 6725 (2880) steps (0.0008 hrs) -nan:-nan 19010 (55) sec
[624] Ep10000: Max 6725 (2351) steps (0.0007 hrs) -nan:-nan 19064 (54) sec
[625] Ep10000: Max 6725 (2373) steps (0.0007 hrs) -nan:-nan 19113 (49) sec
[626] Ep10000: Max 6725 (1174) steps (0.0003 hrs) -nan:-nan 19134 (21) sec
[627] Ep10000: Max 6725 (2348) steps (0.0007 hrs) -nan:-nan 19175 (41) sec
[628] Ep10000: Max 6725 (232) steps (0.0001 hrs) -nan:-nan 19195 (20) sec
[629] Ep10000: Max 6725 (2463) steps (0.0007 hrs) -nan:-nan 19247 (52) sec
[630] Ep10000: Max 6725 (2153) steps (0.0006 hrs) -nan:-nan 19287 (40) sec
[631] Ep10000: Max 6725 (2193) steps (0.0006 hrs) -nan:-nan 19318 (31) sec
[632] Ep10000: Max 6725 (2438) steps (0.0007 hrs) -nan:-nan 19361 (43) sec
[633] Ep10000: Max 6725 (1822) steps (0.0005 hrs) -nan:-nan 19387 (26) sec
[634] Ep10000: Max 6725 (421) steps (0.0001 hrs) -nan:-nan 19404 (17) sec
[635] Ep10000: Max 6725 (2325) steps (0.0006 hrs) -nan:-nan 19452 (48) sec
[636] Ep10000: Max 6725 (1930) steps (0.0005 hrs) -nan:-nan 19498 (46) sec
[637] Ep10000: Max 6725 (2711) steps (0.0008 hrs) -nan:-nan 19526 (28) sec
[638] Ep10000: Max 6725 (534) steps (0.0001 hrs) -nan:-nan 19544 (18) sec
[639] Ep10000: Max 6725 (1152) steps (0.0003 hrs) -nan:-nan 19563 (19) sec
[640] Ep10000: Max 6725 (2131) steps (0.0006 hrs) -nan:-nan 19598 (35) sec
[641] Ep10000: Max 6725 (2718) steps (0.0008 hrs) -nan:-nan 19647 (49) sec
[642] Ep10000: Max 6725 (1045) steps (0.0003 hrs) -nan:-nan 19666 (19) sec
[643] Ep10000: Max 6725 (2166) steps (0.0006 hrs) -nan:-nan 19715 (49) sec
[644] Ep10000: Max 6725 (2157) steps (0.0006 hrs) -nan:-nan 19760 (45) sec
[645] Ep10000: Max 6725 (546) steps (0.0002 hrs) -nan:-nan 19778 (18) sec
[646] Ep10000: Max 6725 (1521) steps (0.0004 hrs) -nan:-nan 19797 (19) sec
[647] Ep10000: Max 6725 (945) steps (0.0003 hrs) -nan:-nan 19815 (18) sec
[648] Ep10000: Max 6725 (1134) steps (0.0003 hrs) -nan:-nan 19834 (19) sec
[649] Ep10000: Max 6725 (2419) steps (0.0007 hrs) -nan:-nan 19883 (49) sec
[650] Ep10000: Max 6725 (1951) steps (0.0005 hrs) -nan:-nan 19916 (33) sec
[651] Ep10000: Max 6725 (2825) steps (0.0008 hrs) -nan:-nan 19935 (19) sec
[652] Ep10000: Max 6725 (4202) steps (0.0012 hrs) -nan:-nan 19954 (19) sec
[653] Ep10000: Max 6725 (770) steps (0.0002 hrs) -nan:-nan 19972 (18) sec
[654] Ep10000: Max 6725 (2263) steps (0.0006 hrs) -nan:-nan 20014 (42) sec
[655] Ep10000: Max 6725 (3208) steps (0.0009 hrs) -nan:-nan 20061 (47) sec
[656] Ep10000: Max 6725 (1872) steps (0.0005 hrs) -nan:-nan 20091 (30) sec
[657] Ep10000: Max 6725 (2192) steps (0.0006 hrs) -nan:-nan 20131 (40) sec
[658] Ep10000: Max 6725 (2006) steps (0.0006 hrs) -nan:-nan 20180 (49) sec
[659] Ep10000: Max 6725 (1164) steps (0.0003 hrs) -nan:-nan 20199 (19) sec
[660] Ep10000: Max 6725 (2056) steps (0.0006 hrs) -nan:-nan 20241 (42) sec
[661] Ep10000: Max 6725 (455) steps (0.0001 hrs) -nan:-nan 20258 (17) sec
[662] Ep10000: Max 6725 (2457) steps (0.0007 hrs) -nan:-nan 20293 (35) sec
[663] Ep10000: Max 6725 (2323) steps (0.0006 hrs) -nan:-nan 20344 (51) sec
[664] Ep10000: Max 6725 (2142) steps (0.0006 hrs) -nan:-nan 20392 (48) sec
[665] Ep10000: Max 6725 (329) steps (0.0001 hrs) -nan:-nan 20409 (17) sec
[666] Ep10000: Max 6725 (2029) steps (0.0006 hrs) -nan:-nan 20457 (48) sec
[667] Ep10000: Max 6725 (2190) steps (0.0006 hrs) -nan:-nan 20492 (35) sec
[668] Ep10000: Max 6725 (1793) steps (0.0005 hrs) -nan:-nan 20533 (41) sec
[669] Ep10000: Max 6725 (2897) steps (0.0008 hrs) -nan:-nan 20551 (18) sec
[670] Ep10000: Max 6725 (1885) steps (0.0005 hrs) -nan:-nan 20573 (22) sec
[671] Ep10000: Max 6725 (550) steps (0.0002 hrs) -nan:-nan 20590 (17) sec
[672] Ep10000: Max 6725 (2348) steps (0.0007 hrs) -nan:-nan 20639 (49) sec
[673] Ep10000: Max 6725 (1168) steps (0.0003 hrs) -nan:-nan 20658 (19) sec
[674] Ep10000: Max 6725 (227) steps (0.0001 hrs) -nan:-nan 20675 (17) sec
[675] Ep10000: Max 6725 (2909) steps (0.0008 hrs) -nan:-nan 20724 (49) sec
[676] Ep10000: Max 6725 (879) steps (0.0002 hrs) -nan:-nan 20742 (18) sec
[677] Ep10000: Max 6725 (392) steps (0.0001 hrs) -nan:-nan 20760 (18) sec
[678] Ep10000: Max 6725 (1765) steps (0.0005 hrs) -nan:-nan 20791 (31) sec
[679] Ep10000: Max 6725 (2284) steps (0.0006 hrs) -nan:-nan 20837 (46) sec
[680] Ep10000: Max 6725 (2222) steps (0.0006 hrs) -nan:-nan 20886 (49) sec
[681] Ep10000: Max 6725 (1873) steps (0.0005 hrs) -nan:-nan 20933 (47) sec
[682] Ep10000: Max 6725 (2755) steps (0.0008 hrs) -nan:-nan 20978 (45) sec
[683] Ep10000: Max 6725 (2097) steps (0.0006 hrs) -nan:-nan 21022 (44) sec
[684] Ep10000: Max 6725 (2344) steps (0.0007 hrs) -nan:-nan 21071 (49) sec
[685] Ep10000: Max 6725 (1287) steps (0.0004 hrs) -nan:-nan 21089 (18) sec
[686] Ep10000: Max 6725 (429) steps (0.0001 hrs) -nan:-nan 21106 (17) sec
[687] Ep10000: Max 6725 (483) steps (0.0001 hrs) -nan:-nan 21122 (16) sec
[688] Ep10000: Max 6725 (2369) steps (0.0007 hrs) -nan:-nan 21164 (42) sec
[689] Ep10000: Max 6725 (2412) steps (0.0007 hrs) -nan:-nan 21202 (38) sec
[690] Ep10000: Max 6725 (1559) steps (0.0004 hrs) -nan:-nan 21224 (22) sec
[691] Ep10000: Max 6725 (2394) steps (0.0007 hrs) -nan:-nan 21269 (45) sec
[692] Ep10000: Max 6725 (2430) steps (0.0007 hrs) -nan:-nan 21309 (40) sec
[693] Ep10000: Max 6725 (2038) steps (0.0006 hrs) -nan:-nan 21344 (35) sec
[694] Ep10000: Max 6725 (1784) steps (0.0005 hrs) -nan:-nan 21384 (40) sec
[695] Ep10000: Max 6725 (1251) steps (0.0003 hrs) -nan:-nan 21402 (18) sec
[696] Ep10000: Max 6725 (1468) steps (0.0004 hrs) -nan:-nan 21423 (21) sec
[697] Ep10000: Max 6725 (871) steps (0.0002 hrs) -nan:-nan 21440 (17) sec
[698] Ep10000: Max 6725 (374) steps (0.0001 hrs) -nan:-nan 21458 (18) sec
[699] Ep10000: Max 6725 (1653) steps (0.0005 hrs) -nan:-nan 21478 (20) sec
[700] Ep10000: Max 6725 (2118) steps (0.0006 hrs) -nan:-nan 21525 (47) sec
[701] Ep10000: Max 6725 (489) steps (0.0001 hrs) -nan:-nan 21543 (18) sec
[702] Ep10000: Max 6725 (614) steps (0.0002 hrs) -nan:-nan 21560 (17) sec
[703] Ep10000: Max 6725 (456) steps (0.0001 hrs) -nan:-nan 21577 (17) sec
[704] Ep10000: Max 6725 (476) steps (0.0001 hrs) -nan:-nan 21596 (19) sec
[705] Ep10000: Max 6725 (1040) steps (0.0003 hrs) -nan:-nan 21614 (18) sec
[706] Ep10000: Max 6725 (2454) steps (0.0007 hrs) -nan:-nan 21663 (49) sec
[707] Ep10000: Max 6725 (229) steps (0.0001 hrs) -nan:-nan 21684 (21) sec
[708] Ep10000: Max 6725 (3321) steps (0.0009 hrs) -nan:-nan 21730 (46) sec
[709] Ep10000: Max 6725 (1078) steps (0.0003 hrs) -nan:-nan 21754 (24) sec
[710] Ep10000: Max 6725 (2596) steps (0.0007 hrs) -nan:-nan 21802 (48) sec
[711] Ep10000: Max 6725 (1216) steps (0.0003 hrs) -nan:-nan 21826 (24) sec
[712] Ep10000: Max 6725 (2707) steps (0.0008 hrs) -nan:-nan 21864 (38) sec
[713] Ep10000: Max 6725 (1246) steps (0.0003 hrs) -nan:-nan 21890 (26) sec
[714] Ep10000: Max 6725 (1300) steps (0.0004 hrs) -nan:-nan 21915 (25) sec
[715] Ep10000: Max 6725 (690) steps (0.0002 hrs) -nan:-nan 21939 (24) sec
[716] Ep10000: Max 6725 (1342) steps (0.0004 hrs) -nan:-nan 21968 (29) sec
[717] Ep10000: Max 6725 (1947) steps (0.0005 hrs) -nan:-nan 22030 (62) sec
[718] Ep10000: Max 6725 (639) steps (0.0002 hrs) -nan:-nan 22052 (22) sec
[719] Ep10000: Max 6725 (2206) steps (0.0006 hrs) -nan:-nan 22112 (60) sec
[720] Ep10000: Max 6725 (2110) steps (0.0006 hrs) -nan:-nan 22136 (24) sec
[721] Ep10000: Max 6725 (789) steps (0.0002 hrs) -nan:-nan 22159 (23) sec
[722] Ep10000: Max 6725 (1415) steps (0.0004 hrs) -nan:-nan 22183 (24) sec
[723] Ep10000: Max 6725 (2447) steps (0.0007 hrs) -nan:-nan 22237 (54) sec
[724] Ep10000: Max 6725 (613) steps (0.0002 hrs) -nan:-nan 22258 (21) sec
[725] Ep10000: Max 6725 (377) steps (0.0001 hrs) -nan:-nan 22283 (25) sec
[726] Ep10000: Max 6725 (2396) steps (0.0007 hrs) -nan:-nan 22318 (35) sec
[727] Ep10000: Max 6725 (3085) steps (0.0009 hrs) -nan:-nan 22382 (64) sec
[728] Ep10000: Max 6725 (2463) steps (0.0007 hrs) -nan:-nan 22440 (58) sec
[729] Ep10000: Max 6725 (298) steps (0.0001 hrs) -nan:-nan 22461 (21) sec
[730] Ep10000: Max 6725 (2259) steps (0.0006 hrs) -nan:-nan 22519 (58) sec
[731] Ep10000: Max 6725 (2324) steps (0.0006 hrs) -nan:-nan 22584 (65) sec
[732] Ep10000: Max 6725 (442) steps (0.0001 hrs) -nan:-nan 22614 (30) sec
[733] Ep10000: Max 6725 (2630) steps (0.0007 hrs) -nan:-nan 22685 (71) sec
[734] Ep10000: Max 6725 (2199) steps (0.0006 hrs) -nan:-nan 22757 (72) sec
[735] Ep10000: Max 6725 (1301) steps (0.0004 hrs) -nan:-nan 22782 (25) sec
[736] Ep10000: Max 6725 (2185) steps (0.0006 hrs) -nan:-nan 22846 (64) sec
[737] Ep10000: Max 6725 (2235) steps (0.0006 hrs) -nan:-nan 22901 (55) sec
[738] Ep10000: Max 6725 (1568) steps (0.0004 hrs) -nan:-nan 22928 (27) sec
[739] Ep10000: Max 6725 (2368) steps (0.0007 hrs) -nan:-nan 22990 (62) sec
[740] Ep10000: Max 6725 (2614) steps (0.0007 hrs) -nan:-nan 23049 (59) sec
[741] Ep10000: Max 6725 (1842) steps (0.0005 hrs) -nan:-nan 23104 (55) sec
[742] Ep10000: Max 6725 (502) steps (0.0001 hrs) -nan:-nan 23131 (27) sec
[743] Ep10000: Max 6725 (257) steps (0.0001 hrs) -nan:-nan 23158 (27) sec
[744] Ep10000: Max 6725 (2087) steps (0.0006 hrs) -nan:-nan 23226 (68) sec
[745] Ep10000: Max 6725 (2376) steps (0.0007 hrs) -nan:-nan 23301 (75) sec
[746] Ep10000: Max 6725 (804) steps (0.0002 hrs) -nan:-nan 23331 (30) sec
[747] Ep10000: Max 6725 (1742) steps (0.0005 hrs) -nan:-nan 23360 (29) sec
[748] Ep10000: Max 6725 (2129) steps (0.0006 hrs) -nan:-nan 23387 (27) sec
[749] Ep10000: Max 6725 (2795) steps (0.0008 hrs) -nan:-nan 23452 (65) sec
[750] Ep10000: Max 6725 (2021) steps (0.0006 hrs) -nan:-nan 23519 (67) sec
[751] Ep10000: Max 6725 (663) steps (0.0002 hrs) -nan:-nan 23544 (25) sec
[752] Ep10000: Max 6725 (616) steps (0.0002 hrs) -nan:-nan 23569 (25) sec
[753] Ep10000: Max 6725 (2638) steps (0.0007 hrs) -nan:-nan 23627 (58) sec
[754] Ep10000: Max 6725 (1834) steps (0.0005 hrs) -nan:-nan 23662 (35) sec
[755] Ep10000: Max 6725 (1246) steps (0.0003 hrs) -nan:-nan 23689 (27) sec
[756] Ep10000: Max 6725 (400) steps (0.0001 hrs) -nan:-nan 23713 (24) sec
[757] Ep10000: Max 6725 (312) steps (0.0001 hrs) -nan:-nan 23736 (23) sec
[758] Ep10000: Max 6725 (2952) steps (0.0008 hrs) -nan:-nan 23777 (41) sec
[759] Ep10000: Max 6725 (835) steps (0.0002 hrs) -nan:-nan 23795 (18) sec
[760] Ep10000: Max 6725 (2585) steps (0.0007 hrs) -nan:-nan 23832 (37) sec
[761] Ep10000: Max 6725 (2118) steps (0.0006 hrs) -nan:-nan 23874 (42) sec
[762] Ep10000: Max 6725 (157) steps (0.0000 hrs) -nan:-nan 23892 (18) sec
[763] Ep10000: Max 6725 (193) steps (0.0001 hrs) -nan:-nan 23911 (19) sec
[764] Ep10000: Max 6725 (2342) steps (0.0007 hrs) -nan:-nan 23956 (45) sec
[765] Ep10000: Max 6725 (1117) steps (0.0003 hrs) -nan:-nan 23974 (18) sec
[766] Ep10000: Max 6725 (1549) steps (0.0004 hrs) -nan:-nan 23998 (24) sec
[767] Ep10000: Max 6725 (1614) steps (0.0004 hrs) -nan:-nan 24017 (19) sec
[768] Ep10000: Max 6725 (2057) steps (0.0006 hrs) -nan:-nan 24058 (41) sec
[769] Ep10000: Max 6725 (1955) steps (0.0005 hrs) -nan:-nan 24104 (46) sec
[770] Ep10000: Max 6725 (2401) steps (0.0007 hrs) -nan:-nan 24152 (48) sec
[771] Ep10000: Max 6725 (626) steps (0.0002 hrs) -nan:-nan 24169 (17) sec
[772] Ep10000: Max 6725 (1132) steps (0.0003 hrs) -nan:-nan 24188 (19) sec
[773] Ep10000: Max 6725 (1198) steps (0.0003 hrs) -nan:-nan 24206 (18) sec
[774] Ep10000: Max 6725 (1376) steps (0.0004 hrs) -nan:-nan 24225 (19) sec
[775] Ep10000: Max 6725 (1877) steps (0.0005 hrs) -nan:-nan 24256 (31) sec
[776] Ep10000: Max 6725 (1899) steps (0.0005 hrs) -nan:-nan 24303 (47) sec
[777] Ep10000: Max 6725 (1577) steps (0.0004 hrs) -nan:-nan 24322 (19) sec
[778] Ep10000: Max 6725 (1589) steps (0.0004 hrs) -nan:-nan 24342 (20) sec
[779] Ep10000: Max 6725 (1841) steps (0.0005 hrs) -nan:-nan 24388 (46) sec
[780] Ep10000: Max 6725 (2278) steps (0.0006 hrs) -nan:-nan 24436 (48) sec
[781] Ep10000: Max 6725 (3629) steps (0.0010 hrs) -nan:-nan 24479 (43) sec
[782] Ep10000: Max 6725 (1944) steps (0.0005 hrs) -nan:-nan 24524 (45) sec
[783] Ep10000: Max 6725 (2191) steps (0.0006 hrs) -nan:-nan 24570 (46) sec
[784] Ep10000: Max 6725 (2214) steps (0.0006 hrs) -nan:-nan 24616 (46) sec
[785] Ep10000: Max 6725 (2302) steps (0.0006 hrs) -nan:-nan 24640 (24) sec
[786] Ep10000: Max 6725 (483) steps (0.0001 hrs) -nan:-nan 24657 (17) sec
[787] Ep10000: Max 6725 (2179) steps (0.0006 hrs) -nan:-nan 24698 (41) sec
[788] Ep10000: Max 6725 (1234) steps (0.0003 hrs) -nan:-nan 24721 (23) sec
[789] Ep10000: Max 6725 (2387) steps (0.0007 hrs) -nan:-nan 24768 (47) sec
[790] Ep10000: Max 6725 (2334) steps (0.0006 hrs) -nan:-nan 24809 (41) sec
[791] Ep10000: Max 6725 (1285) steps (0.0004 hrs) -nan:-nan 24827 (18) sec
[792] Ep10000: Max 6725 (1637) steps (0.0005 hrs) -nan:-nan 24850 (23) sec
[793] Ep10000: Max 6725 (1859) steps (0.0005 hrs) -nan:-nan 24871 (21) sec
[794] Ep10000: Max 6725 (356) steps (0.0001 hrs) -nan:-nan 24890 (19) sec
[795] Ep10000: Max 6725 (1509) steps (0.0004 hrs) -nan:-nan 24907 (17) sec
[796] Ep10000: Max 6725 (2111) steps (0.0006 hrs) -nan:-nan 24953 (46) sec
[797] Ep10000: Max 6725 (2851) steps (0.0008 hrs) -nan:-nan 25004 (51) sec
[798] Ep10000: Max 6725 (646) steps (0.0002 hrs) -nan:-nan 25023 (19) sec
[799] Ep10000: Max 6725 (1173) steps (0.0003 hrs) -nan:-nan 25042 (19) sec
[800] Ep10000: Max 6725 (133) steps (0.0000 hrs) -nan:-nan 25061 (19) sec
[801] Ep10000: Max 6725 (942) steps (0.0003 hrs) -nan:-nan 25082 (21) sec
[802] Ep10000: Max 6725 (2035) steps (0.0006 hrs) -nan:-nan 25101 (19) sec
[803] Ep10000: Max 6725 (1027) steps (0.0003 hrs) -nan:-nan 25121 (20) sec
[804] Ep10000: Max 6725 (1686) steps (0.0005 hrs) -nan:-nan 25143 (22) sec
[805] Ep10000: Max 6725 (2451) steps (0.0007 hrs) -nan:-nan 25187 (44) sec
[806] Ep10000: Max 6725 (2193) steps (0.0006 hrs) -nan:-nan 25238 (51) sec
[807] Ep10000: Max 6725 (2171) steps (0.0006 hrs) -nan:-nan 25290 (52) sec
[808] Ep10000: Max 6725 (793) steps (0.0002 hrs) -nan:-nan 25310 (20) sec
[809] Ep10000: Max 6725 (1423) steps (0.0004 hrs) -nan:-nan 25329 (19) sec
[810] Ep10000: Max 6725 (3000) steps (0.0008 hrs) -nan:-nan 25379 (50) sec
[811] Ep10000: Max 6725 (2011) steps (0.0006 hrs) -nan:-nan 25398 (19) sec
[812] Ep10000: Max 6725 (1735) steps (0.0005 hrs) -nan:-nan 25427 (29) sec
[813] Ep10000: Max 6725 (574) steps (0.0002 hrs) -nan:-nan 25445 (18) sec
[814] Ep10000: Max 6725 (2475) steps (0.0007 hrs) -nan:-nan 25488 (43) sec
[815] Ep10000: Max 6725 (2382) steps (0.0007 hrs) -nan:-nan 25538 (50) sec
[816] Ep10000: Max 6725 (1527) steps (0.0004 hrs) -nan:-nan 25563 (25) sec
[817] Ep10000: Max 6725 (502) steps (0.0001 hrs) -nan:-nan 25580 (17) sec
[818] Ep10000: Max 6725 (1974) steps (0.0005 hrs) -nan:-nan 25606 (26) sec
[819] Ep10000: Max 6725 (2381) steps (0.0007 hrs) -nan:-nan 25657 (51) sec
[820] Ep10000: Max 6725 (2276) steps (0.0006 hrs) -nan:-nan 25700 (43) sec
[821] Ep10000: Max 6725 (2476) steps (0.0007 hrs) -nan:-nan 25746 (46) sec
[822] Ep10000: Max 6725 (1795) steps (0.0005 hrs) -nan:-nan 25770 (24) sec
[823] Ep10000: Max 6725 (881) steps (0.0002 hrs) -nan:-nan 25789 (19) sec
[824] Ep10000: Max 6725 (2622) steps (0.0007 hrs) -nan:-nan 25815 (26) sec
[825] Ep10000: Max 6725 (425) steps (0.0001 hrs) -nan:-nan 25832 (17) sec
[826] Ep10000: Max 6725 (2489) steps (0.0007 hrs) -nan:-nan 25857 (25) sec
[827] Ep10000: Max 6725 (2374) steps (0.0007 hrs) -nan:-nan 25905 (48) sec
[828] Ep10000: Max 6725 (2014) steps (0.0006 hrs) -nan:-nan 25936 (31) sec
[829] Ep10000: Max 6725 (358) steps (0.0001 hrs) -nan:-nan 25954 (18) sec
[830] Ep10000: Max 6725 (2806) steps (0.0008 hrs) -nan:-nan 25972 (18) sec
[831] Ep10000: Max 6725 (2210) steps (0.0006 hrs) -nan:-nan 26019 (47) sec
[832] Ep10000: Max 6725 (2441) steps (0.0007 hrs) -nan:-nan 26040 (21) sec
[833] Ep10000: Max 6725 (892) steps (0.0002 hrs) -nan:-nan 26058 (18) sec
[834] Ep10000: Max 6725 (1745) steps (0.0005 hrs) -nan:-nan 26079 (21) sec
[835] Ep10000: Max 6725 (1237) steps (0.0003 hrs) -nan:-nan 26096 (17) sec
[836] Ep10000: Max 6725 (2222) steps (0.0006 hrs) -nan:-nan 26136 (40) sec
[837] Ep10000: Max 6725 (2194) steps (0.0006 hrs) -nan:-nan 26187 (51) sec
[838] Ep10000: Max 6725 (2239) steps (0.0006 hrs) -nan:-nan 26238 (51) sec
[839] Ep10000: Max 6725 (2252) steps (0.0006 hrs) -nan:-nan 26287 (49) sec
[840] Ep10000: Max 6725 (761) steps (0.0002 hrs) -nan:-nan 26306 (19) sec
[841] Ep10000: Max 6725 (1809) steps (0.0005 hrs) -nan:-nan 26353 (47) sec
[842] Ep10000: Max 6725 (1157) steps (0.0003 hrs) -nan:-nan 26372 (19) sec
[843] Ep10000: Max 6725 (2133) steps (0.0006 hrs) -nan:-nan 26421 (49) sec
[844] Ep10000: Max 6725 (1215) steps (0.0003 hrs) -nan:-nan 26439 (18) sec
[845] Ep10000: Max 6725 (2162) steps (0.0006 hrs) -nan:-nan 26479 (40) sec
[846] Ep10000: Max 6725 (222) steps (0.0001 hrs) -nan:-nan 26497 (18) sec
[847] Ep10000: Max 6725 (485) steps (0.0001 hrs) -nan:-nan 26516 (19) sec
[848] Ep10000: Max 6725 (2064) steps (0.0006 hrs) -nan:-nan 26563 (47) sec
[849] Ep10000: Max 6725 (2062) steps (0.0006 hrs) -nan:-nan 26590 (27) sec
[850] Ep10000: Max 6725 (533) steps (0.0001 hrs) -nan:-nan 26608 (18) sec
[851] Ep10000: Max 6725 (342) steps (0.0001 hrs) -nan:-nan 26627 (19) sec
[852] Ep10000: Max 6725 (368) steps (0.0001 hrs) -nan:-nan 26645 (18) sec
[853] Ep10000: Max 6725 (149) steps (0.0000 hrs) -nan:-nan 26663 (18) sec
[854] Ep10000: Max 6725 (959) steps (0.0003 hrs) -nan:-nan 26682 (19) sec
[855] Ep10000: Max 6725 (2590) steps (0.0007 hrs) -nan:-nan 26713 (31) sec
[856] Ep10000: Max 6725 (2207) steps (0.0006 hrs) -nan:-nan 26780 (67) sec
[857] Ep10000: Max 6725 (2289) steps (0.0006 hrs) -nan:-nan 26842 (62) sec
[858] Ep10000: Max 6725 (987) steps (0.0003 hrs) -nan:-nan 26870 (28) sec
[859] Ep10000: Max 6725 (2233) steps (0.0006 hrs) -nan:-nan 26933 (63) sec
[860] Ep10000: Max 6725 (285) steps (0.0001 hrs) -nan:-nan 26957 (24) sec
[861] Ep10000: Max 6725 (852) steps (0.0002 hrs) -nan:-nan 26982 (25) sec
[862] Ep10000: Max 6725 (1799) steps (0.0005 hrs) -nan:-nan 27009 (27) sec
[863] Ep10000: Max 6725 (874) steps (0.0002 hrs) -nan:-nan 27038 (29) sec
[864] Ep10000: Max 6725 (2204) steps (0.0006 hrs) -nan:-nan 27078 (40) sec
[865] Ep10000: Max 6725 (447) steps (0.0001 hrs) -nan:-nan 27101 (23) sec
[866] Ep10000: Max 6725 (1955) steps (0.0005 hrs) -nan:-nan 27148 (47) sec
[867] Ep10000: Max 6725 (153) steps (0.0000 hrs) -nan:-nan 27170 (22) sec
[868] Ep10000: Max 6725 (1074) steps (0.0003 hrs) -nan:-nan 27194 (24) sec
[869] Ep10000: Max 6725 (2019) steps (0.0006 hrs) -nan:-nan 27251 (57) sec
[870] Ep10000: Max 6725 (1673) steps (0.0005 hrs) -nan:-nan 27275 (24) sec
[871] Ep10000: Max 6725 (1293) steps (0.0004 hrs) -nan:-nan 27297 (22) sec
[872] Ep10000: Max 6725 (635) steps (0.0002 hrs) -nan:-nan 27320 (23) sec
[873] Ep10000: Max 6725 (2355) steps (0.0007 hrs) -nan:-nan 27367 (47) sec
[874] Ep10000: Max 6725 (1541) steps (0.0004 hrs) -nan:-nan 27390 (23) sec
[875] Ep10000: Max 6725 (378) steps (0.0001 hrs) -nan:-nan 27412 (22) sec
[876] Ep10000: Max 6725 (1152) steps (0.0003 hrs) -nan:-nan 27432 (20) sec
[877] Ep10000: Max 6725 (2545) steps (0.0007 hrs) -nan:-nan 27464 (32) sec
[878] Ep10000: Max 6725 (2760) steps (0.0008 hrs) -nan:-nan 27505 (41) sec
[879] Ep10000: Max 6725 (904) steps (0.0003 hrs) -nan:-nan 27527 (22) sec
[880] Ep10000: Max 10776 (10776) steps (0.0030 hrs) -nan:-nan 27560 (33) sec
[881] Ep10000: Max 10776 (696) steps (0.0002 hrs) -nan:-nan 27581 (21) sec
[882] Ep10000: Max 10776 (2434) steps (0.0007 hrs) -nan:-nan 27627 (46) sec
[883] Ep10000: Max 10776 (446) steps (0.0001 hrs) -nan:-nan 27646 (19) sec
[884] Ep10000: Max 10776 (2404) steps (0.0007 hrs) -nan:-nan 27687 (41) sec
[885] Ep10000: Max 10776 (1277) steps (0.0004 hrs) -nan:-nan 27707 (20) sec
[886] Ep10000: Max 10776 (563) steps (0.0002 hrs) -nan:-nan 27727 (20) sec
[887] Ep10000: Max 10776 (986) steps (0.0003 hrs) -nan:-nan 27746 (19) sec
[888] Ep10000: Max 10776 (146) steps (0.0000 hrs) -nan:-nan 27763 (17) sec
[889] Ep10000: Max 10776 (2618) steps (0.0007 hrs) -nan:-nan 27816 (53) sec
[890] Ep10000: Max 10776 (223) steps (0.0001 hrs) -nan:-nan 27835 (19) sec
[891] Ep10000: Max 10776 (2159) steps (0.0006 hrs) -nan:-nan 27890 (55) sec
[892] Ep10000: Max 10776 (2547) steps (0.0007 hrs) -nan:-nan 27946 (56) sec
[893] Ep10000: Max 10776 (2431) steps (0.0007 hrs) -nan:-nan 28004 (58) sec
[894] Ep10000: Max 10776 (1690) steps (0.0005 hrs) -nan:-nan 28041 (37) sec
[895] Ep10000: Max 10776 (679) steps (0.0002 hrs) -nan:-nan 28065 (24) sec
[896] Ep10000: Max 10776 (2107) steps (0.0006 hrs) -nan:-nan 28097 (32) sec
[897] Ep10000: Max 10776 (2141) steps (0.0006 hrs) -nan:-nan 28125 (28) sec
[898] Ep10000: Max 10776 (167) steps (0.0000 hrs) -nan:-nan 28144 (19) sec
[899] Ep10000: Max 10776 (127) steps (0.0000 hrs) -nan:-nan 28164 (20) sec
[900] Ep10000: Max 10776 (356) steps (0.0001 hrs) -nan:-nan 28183 (19) sec
[901] Ep10000: Max 10776 (1050) steps (0.0003 hrs) -nan:-nan 28201 (18) sec
[902] Ep10000: Max 10776 (2184) steps (0.0006 hrs) -nan:-nan 28250 (49) sec
[903] Ep10000: Max 10776 (3241) steps (0.0009 hrs) -nan:-nan 28288 (38) sec
[904] Ep10000: Max 10776 (2269) steps (0.0006 hrs) -nan:-nan 28337 (49) sec
[905] Ep10000: Max 10776 (1936) steps (0.0005 hrs) -nan:-nan 28390 (53) sec
[906] Ep10000: Max 10776 (3256) steps (0.0009 hrs) -nan:-nan 28442 (52) sec
[907] Ep10000: Max 10776 (1947) steps (0.0005 hrs) -nan:-nan 28481 (39) sec
[908] Ep10000: Max 10776 (2069) steps (0.0006 hrs) -nan:-nan 28518 (37) sec
[909] Ep10000: Max 10776 (2059) steps (0.0006 hrs) -nan:-nan 28574 (56) sec
[910] Ep10000: Max 10776 (3623) steps (0.0010 hrs) -nan:-nan 28596 (22) sec
[911] Ep10000: Max 10776 (231) steps (0.0001 hrs) -nan:-nan 28616 (20) sec
[912] Ep10000: Max 10776 (2949) steps (0.0008 hrs) -nan:-nan 28666 (50) sec
[913] Ep10000: Max 10776 (132) steps (0.0000 hrs) -nan:-nan 28685 (19) sec
[914] Ep10000: Max 10776 (2163) steps (0.0006 hrs) -nan:-nan 28737 (52) sec
[915] Ep10000: Max 10776 (2703) steps (0.0008 hrs) -nan:-nan 28786 (49) sec
[916] Ep10000: Max 10776 (208) steps (0.0001 hrs) -nan:-nan 28805 (19) sec
[917] Ep10000: Max 10776 (2080) steps (0.0006 hrs) -nan:-nan 28823 (18) sec
[918] Ep10000: Max 10776 (384) steps (0.0001 hrs) -nan:-nan 28841 (18) sec
[919] Ep10000: Max 10776 (893) steps (0.0002 hrs) -nan:-nan 28861 (20) sec
[920] Ep10000: Max 10776 (2128) steps (0.0006 hrs) -nan:-nan 28912 (51) sec
[921] Ep10000: Max 10776 (2848) steps (0.0008 hrs) -nan:-nan 28933 (21) sec
[922] Ep10000: Max 10776 (2128) steps (0.0006 hrs) -nan:-nan 28981 (48) sec
[923] Ep10000: Max 10776 (2083) steps (0.0006 hrs) -nan:-nan 29023 (42) sec
[924] Ep10000: Max 10776 (2111) steps (0.0006 hrs) -nan:-nan 29070 (47) sec
[925] Ep10000: Max 10776 (1054) steps (0.0003 hrs) -nan:-nan 29095 (25) sec
[926] Ep10000: Max 10776 (2622) steps (0.0007 hrs) -nan:-nan 29164 (69) sec
[927] Ep10000: Max 10776 (2308) steps (0.0006 hrs) -nan:-nan 29222 (58) sec
[928] Ep10000: Max 10776 (469) steps (0.0001 hrs) -nan:-nan 29246 (24) sec
[929] Ep10000: Max 10776 (3682) steps (0.0010 hrs) -nan:-nan 29319 (73) sec
[930] Ep10000: Max 10776 (1923) steps (0.0005 hrs) -nan:-nan 29374 (55) sec
[931] Ep10000: Max 10776 (2300) steps (0.0006 hrs) -nan:-nan 29436 (62) sec
[932] Ep10000: Max 10776 (2496) steps (0.0007 hrs) -nan:-nan 29491 (55) sec
[933] Ep10000: Max 10776 (2345) steps (0.0007 hrs) -nan:-nan 29515 (24) sec
[934] Ep10000: Max 10776 (561) steps (0.0002 hrs) -nan:-nan 29537 (22) sec
[935] Ep10000: Max 10776 (2077) steps (0.0006 hrs) -nan:-nan 29576 (39) sec
[936] Ep10000: Max 10776 (1029) steps (0.0003 hrs) -nan:-nan 29601 (25) sec
[937] Ep10000: Max 10776 (910) steps (0.0003 hrs) -nan:-nan 29624 (23) sec
[938] Ep10000: Max 10776 (1687) steps (0.0005 hrs) -nan:-nan 29659 (35) sec
[939] Ep10000: Max 10776 (823) steps (0.0002 hrs) -nan:-nan 29681 (22) sec
[940] Ep10000: Max 10776 (1417) steps (0.0004 hrs) -nan:-nan 29704 (23) sec
[941] Ep10000: Max 10776 (2313) steps (0.0006 hrs) -nan:-nan 29764 (60) sec
[942] Ep10000: Max 10776 (2722) steps (0.0008 hrs) -nan:-nan 29838 (74) sec
[943] Ep10000: Max 10776 (1968) steps (0.0005 hrs) -nan:-nan 29894 (56) sec
[944] Ep10000: Max 10776 (1857) steps (0.0005 hrs) -nan:-nan 29933 (39) sec
[945] Ep10000: Max 10776 (1386) steps (0.0004 hrs) -nan:-nan 29956 (23) sec
[946] Ep10000: Max 10776 (2440) steps (0.0007 hrs) -nan:-nan 30018 (62) sec
[947] Ep10000: Max 10776 (1506) steps (0.0004 hrs) -nan:-nan 30043 (25) sec
[948] Ep10000: Max 10776 (4208) steps (0.0012 hrs) -nan:-nan 30071 (28) sec
[949] Ep10000: Max 10776 (2529) steps (0.0007 hrs) -nan:-nan 30124 (53) sec
[950] Ep10000: Max 10776 (2044) steps (0.0006 hrs) -nan:-nan 30186 (62) sec
[951] Ep10000: Max 10776 (1069) steps (0.0003 hrs) -nan:-nan 30210 (24) sec
[952] Ep10000: Max 10776 (1805) steps (0.0005 hrs) -nan:-nan 30241 (31) sec
[953] Ep10000: Max 10776 (2322) steps (0.0006 hrs) -nan:-nan 30271 (30) sec
[954] Ep10000: Max 10776 (2737) steps (0.0008 hrs) -nan:-nan 30314 (43) sec
[955] Ep10000: Max 10776 (309) steps (0.0001 hrs) -nan:-nan 30339 (25) sec
[956] Ep10000: Max 10776 (2377) steps (0.0007 hrs) -nan:-nan 30364 (25) sec
[957] Ep10000: Max 10776 (1806) steps (0.0005 hrs) -nan:-nan 30410 (46) sec
[958] Ep10000: Max 10776 (1213) steps (0.0003 hrs) -nan:-nan 30440 (30) sec
[959] Ep10000: Max 10776 (2447) steps (0.0007 hrs) -nan:-nan 30495 (55) sec
[960] Ep10000: Max 10776 (3146) steps (0.0009 hrs) -nan:-nan 30546 (51) sec
[961] Ep10000: Max 10776 (942) steps (0.0003 hrs) -nan:-nan 30563 (17) sec
[962] Ep10000: Max 10776 (238) steps (0.0001 hrs) -nan:-nan 30580 (17) sec
[963] Ep10000: Max 10776 (2991) steps (0.0008 hrs) -nan:-nan 30626 (46) sec
[964] Ep10000: Max 10776 (833) steps (0.0002 hrs) -nan:-nan 30642 (16) sec
[965] Ep10000: Max 10776 (2452) steps (0.0007 hrs) -nan:-nan 30686 (44) sec
[966] Ep10000: Max 10776 (2807) steps (0.0008 hrs) -nan:-nan 30730 (44) sec
[967] Ep10000: Max 10776 (1771) steps (0.0005 hrs) -nan:-nan 30747 (17) sec
[968] Ep10000: Max 10776 (2173) steps (0.0006 hrs) -nan:-nan 30792 (45) sec
[969] Ep10000: Max 10776 (1298) steps (0.0004 hrs) -nan:-nan 30809 (17) sec
[970] Ep10000: Max 10776 (812) steps (0.0002 hrs) -nan:-nan 30825 (16) sec
[971] Ep10000: Max 10776 (1450) steps (0.0004 hrs) -nan:-nan 30841 (16) sec
[972] Ep10000: Max 10776 (2285) steps (0.0006 hrs) -nan:-nan 30886 (45) sec
[973] Ep10000: Max 10776 (2369) steps (0.0007 hrs) -nan:-nan 30931 (45) sec
[974] Ep10000: Max 10776 (1374) steps (0.0004 hrs) -nan:-nan 30949 (18) sec
[975] Ep10000: Max 10776 (1578) steps (0.0004 hrs) -nan:-nan 30979 (30) sec
[976] Ep10000: Max 10776 (448) steps (0.0001 hrs) -nan:-nan 30995 (16) sec
[977] Ep10000: Max 10776 (400) steps (0.0001 hrs) -nan:-nan 31010 (15) sec
[978] Ep10000: Max 10776 (227) steps (0.0001 hrs) -nan:-nan 31026 (16) sec
[979] Ep10000: Max 10776 (2155) steps (0.0006 hrs) -nan:-nan 31069 (43) sec
[980] Ep10000: Max 10776 (1402) steps (0.0004 hrs) -nan:-nan 31091 (22) sec
[981] Ep10000: Max 10776 (423) steps (0.0001 hrs) -nan:-nan 31107 (16) sec
[982] Ep10000: Max 10776 (2652) steps (0.0007 hrs) -nan:-nan 31149 (42) sec
[983] Ep10000: Max 10776 (491) steps (0.0001 hrs) -nan:-nan 31166 (17) sec
[984] Ep10000: Max 10776 (378) steps (0.0001 hrs) -nan:-nan 31182 (16) sec
[985] Ep10000: Max 10776 (1604) steps (0.0004 hrs) -nan:-nan 31198 (16) sec
[986] Ep10000: Max 10776 (2018) steps (0.0006 hrs) -nan:-nan 31230 (32) sec
[987] Ep10000: Max 10776 (1140) steps (0.0003 hrs) -nan:-nan 31246 (16) sec
[988] Ep10000: Max 10776 (2277) steps (0.0006 hrs) -nan:-nan 31288 (42) sec
[989] Ep10000: Max 10776 (340) steps (0.0001 hrs) -nan:-nan 31304 (16) sec
[990] Ep10000: Max 10776 (1304) steps (0.0004 hrs) -nan:-nan 31320 (16) sec
[991] Ep10000: Max 10776 (1942) steps (0.0005 hrs) -nan:-nan 31357 (37) sec
[992] Ep10000: Max 10776 (2516) steps (0.0007 hrs) -nan:-nan 31393 (36) sec
[993] Ep10000: Max 10776 (2744) steps (0.0008 hrs) -nan:-nan 31453 (60) sec
[994] Ep10000: Max 10776 (2489) steps (0.0007 hrs) -nan:-nan 31500 (47) sec
[995] Ep10000: Max 10776 (2037) steps (0.0006 hrs) -nan:-nan 31547 (47) sec
[996] Ep10000: Max 10776 (146) steps (0.0000 hrs) -nan:-nan 31564 (17) sec
[997] Ep10000: Max 10776 (198) steps (0.0001 hrs) -nan:-nan 31585 (21) sec
[998] Ep10000: Max 10776 (598) steps (0.0002 hrs) -nan:-nan 31602 (17) sec
[999] Ep10000: Max 10776 (199) steps (0.0001 hrs) -nan:-nan 31622 (20) sec
[1000] Ep10000: Max 10776 (2692) steps (0.0007 hrs) -nan:-nan 31668 (46) sec
Total Elapsed time: 31668 seconds
Wrote current data to latest.train
