balanced 0 test_flag 0
[1] Max 1491 (1491) steps (0.0004 hrs) 0.00:-8017.10 29 (29) sec
[2] Max 1491 (847) steps (0.0002 hrs) 0.00:-8016.61 55 (26) sec
[3] Max 1491 (1345) steps (0.0004 hrs) 0.00:-8016.61 81 (26) sec
[4] Max 1777 (1777) steps (0.0005 hrs) 0.00:-8016.61 109 (28) sec
[5] Max 2346 (2346) steps (0.0007 hrs) 0.00:-8016.61 164 (55) sec
[6] Max 2346 (422) steps (0.0001 hrs) 0.00:-8016.61 191 (27) sec
[7] Max 2346 (587) steps (0.0002 hrs) 0.00:-8016.61 218 (27) sec
[8] Max 2346 (884) steps (0.0002 hrs) 0.00:-8016.61 245 (27) sec
[9] Max 2346 (1947) steps (0.0005 hrs) 0.00:-8016.61 281 (36) sec
[10] Max 2464 (2464) steps (0.0007 hrs) 0.00:-8016.61 311 (30) sec
[11] Max 2464 (970) steps (0.0003 hrs) 0.00:-8016.61 337 (26) sec
[12] Max 2464 (391) steps (0.0001 hrs) 0.00:-8016.61 364 (27) sec
[13] Max 2464 (364) steps (0.0001 hrs) 0.00:-8016.61 391 (27) sec
[14] Max 2464 (1239) steps (0.0003 hrs) 0.00:-8016.61 419 (28) sec
[15] Max 2464 (1605) steps (0.0004 hrs) 0.00:-8016.61 448 (29) sec
[16] Max 2464 (1969) steps (0.0005 hrs) 0.00:-8016.61 502 (54) sec
[17] Max 2464 (752) steps (0.0002 hrs) 0.00:-8016.61 528 (26) sec
[18] Max 2945 (2945) steps (0.0008 hrs) 0.00:-8016.61 562 (34) sec
[19] Max 2945 (975) steps (0.0003 hrs) 0.00:-8016.61 589 (27) sec
[20] Max 2945 (1079) steps (0.0003 hrs) 0.00:-8016.61 616 (27) sec
[21] Max 2945 (1476) steps (0.0004 hrs) 0.00:-8016.61 643 (27) sec
[22] Max 2945 (267) steps (0.0001 hrs) 0.00:-8016.61 669 (26) sec
[23] Max 2945 (2129) steps (0.0006 hrs) 0.00:-8016.61 724 (55) sec
[24] Max 2945 (1095) steps (0.0003 hrs) 0.00:-8016.61 752 (28) sec
[25] Max 2945 (2362) steps (0.0007 hrs) 0.00:-8016.61 783 (31) sec
[26] Max 2945 (2370) steps (0.0007 hrs) 0.00:-8016.61 836 (53) sec
[27] Max 2945 (1681) steps (0.0005 hrs) 0.00:-8016.61 863 (27) sec
[28] Max 2945 (1935) steps (0.0005 hrs) 0.00:-8016.61 919 (56) sec
[29] Max 2945 (1481) steps (0.0004 hrs) 0.00:-8016.61 946 (27) sec
[30] Max 2945 (2620) steps (0.0007 hrs) 0.00:-8016.61 987 (41) sec
[31] Max 2945 (1903) steps (0.0005 hrs) 0.00:-8016.61 1039 (52) sec
[32] Max 2945 (1310) steps (0.0004 hrs) 0.00:-8016.61 1066 (27) sec
[33] Max 2945 (425) steps (0.0001 hrs) 0.00:-8016.61 1093 (27) sec
[34] Max 2945 (428) steps (0.0001 hrs) 0.00:-8016.61 1121 (28) sec
[35] Max 2945 (2199) steps (0.0006 hrs) 0.00:-8016.61 1177 (56) sec
[36] Max 2945 (573) steps (0.0002 hrs) 0.00:-8016.61 1204 (27) sec
[37] Max 2945 (2022) steps (0.0006 hrs) 0.00:-8016.61 1242 (38) sec
[38] Max 2945 (2589) steps (0.0007 hrs) 0.00:-8016.61 1292 (50) sec
[39] Max 2945 (362) steps (0.0001 hrs) 0.00:-8016.61 1319 (27) sec
[40] Max 2945 (374) steps (0.0001 hrs) 0.00:-8016.61 1345 (26) sec
[41] Max 2945 (2291) steps (0.0006 hrs) 0.00:-8016.61 1401 (56) sec
[42] Max 2945 (1759) steps (0.0005 hrs) 0.00:-8016.61 1428 (27) sec
[43] Max 2945 (696) steps (0.0002 hrs) 0.00:-8016.61 1455 (27) sec
[44] Max 2945 (1353) steps (0.0004 hrs) 0.00:-8016.61 1482 (27) sec
[45] Max 4853 (4853) steps (0.0013 hrs) 0.00:-8016.61 1510 (28) sec
[46] Max 4853 (2022) steps (0.0006 hrs) 0.00:-8016.61 1549 (39) sec
[47] Max 4853 (788) steps (0.0002 hrs) 0.00:-8016.61 1575 (26) sec
[48] Max 4853 (1263) steps (0.0004 hrs) 0.00:-8016.61 1602 (27) sec
[49] Max 4853 (1947) steps (0.0005 hrs) 0.00:-8016.61 1660 (58) sec
[50] Max 4853 (3528) steps (0.0010 hrs) 0.00:-8016.61 1720 (60) sec
[51] Max 4853 (1120) steps (0.0003 hrs) 0.00:-8016.61 1750 (30) sec
[52] Max 4853 (2100) steps (0.0006 hrs) 0.00:-8016.61 1801 (51) sec
[53] Max 4853 (2683) steps (0.0007 hrs) 0.00:-8016.61 1856 (55) sec
[54] Max 4853 (2313) steps (0.0006 hrs) 0.00:-8016.61 1903 (47) sec
[55] Max 4853 (2164) steps (0.0006 hrs) 0.00:-8016.61 1936 (33) sec
[56] Max 4853 (1907) steps (0.0005 hrs) 0.00:-8016.61 1991 (55) sec
[57] Max 4853 (842) steps (0.0002 hrs) 0.00:-8016.61 2018 (27) sec
[58] Max 4853 (791) steps (0.0002 hrs) 0.00:-8016.61 2045 (27) sec
[59] Max 4853 (2219) steps (0.0006 hrs) 0.00:-8016.61 2081 (36) sec
[60] Max 4853 (865) steps (0.0002 hrs) 0.00:-8016.61 2108 (27) sec
[61] Max 4853 (784) steps (0.0002 hrs) 0.00:-8016.61 2135 (27) sec
[62] Max 4853 (363) steps (0.0001 hrs) 0.00:-8016.61 2162 (27) sec
[63] Max 4853 (2282) steps (0.0006 hrs) 0.00:-8016.61 2189 (27) sec
[64] Max 4853 (2213) steps (0.0006 hrs) 0.00:-8016.61 2245 (56) sec
[65] Max 4853 (2515) steps (0.0007 hrs) 0.00:-8016.61 2273 (28) sec
[66] Max 4853 (203) steps (0.0001 hrs) 0.00:-8016.61 2299 (26) sec
[67] Max 4853 (1063) steps (0.0003 hrs) 0.00:-8016.61 2326 (27) sec
[68] Max 4853 (920) steps (0.0003 hrs) 0.00:-8016.61 2352 (26) sec
[69] Max 4853 (2236) steps (0.0006 hrs) 0.00:-8016.61 2403 (51) sec
[70] Max 4853 (336) steps (0.0001 hrs) 0.00:-8016.61 2430 (27) sec
[71] Max 4853 (1380) steps (0.0004 hrs) 0.00:-8016.61 2457 (27) sec
[72] Max 4853 (2143) steps (0.0006 hrs) 0.00:-8016.61 2502 (45) sec
[73] Max 4853 (1902) steps (0.0005 hrs) 0.00:-8016.61 2555 (53) sec
[74] Max 4853 (2243) steps (0.0006 hrs) 0.00:-8016.61 2597 (42) sec
[75] Max 4853 (1470) steps (0.0004 hrs) 0.00:-8016.61 2623 (26) sec
[76] Max 4853 (1882) steps (0.0005 hrs) 0.00:-8016.61 2677 (54) sec
[77] Max 4853 (2403) steps (0.0007 hrs) 0.00:-8016.61 2709 (32) sec
[78] Max 4853 (2190) steps (0.0006 hrs) 0.00:-8016.61 2739 (30) sec
[79] Max 4853 (272) steps (0.0001 hrs) 0.00:-8016.61 2766 (27) sec
[80] Max 4853 (2171) steps (0.0006 hrs) 0.00:-8016.61 2804 (38) sec
[81] Max 4853 (660) steps (0.0002 hrs) 0.00:-8016.61 2832 (28) sec
[82] Max 4853 (1894) steps (0.0005 hrs) 0.00:-8016.61 2887 (55) sec
[83] Max 4853 (1886) steps (0.0005 hrs) 0.00:-8016.61 2916 (29) sec
[84] Max 4853 (1882) steps (0.0005 hrs) 0.00:-8016.61 2958 (42) sec
[85] Max 4853 (2377) steps (0.0007 hrs) 0.00:-8016.61 2985 (27) sec
[86] Max 4853 (604) steps (0.0002 hrs) 0.00:-8016.61 3011 (26) sec
[87] Max 4853 (2413) steps (0.0007 hrs) 0.00:-8016.61 3064 (53) sec
[88] Max 4853 (2125) steps (0.0006 hrs) 0.00:-8016.61 3120 (56) sec
[89] Max 4853 (899) steps (0.0002 hrs) 0.00:-8016.61 3148 (28) sec
[90] Max 4853 (2367) steps (0.0007 hrs) 0.00:-8016.61 3201 (53) sec
[91] Max 4853 (2343) steps (0.0007 hrs) 0.00:-8016.61 3256 (55) sec
[92] Max 4853 (2562) steps (0.0007 hrs) 0.00:-8016.61 3317 (61) sec
[93] Max 4853 (2115) steps (0.0006 hrs) 0.00:-8016.61 3372 (55) sec
[94] Max 4853 (937) steps (0.0003 hrs) 0.00:-8016.61 3399 (27) sec
[95] Max 4853 (436) steps (0.0001 hrs) 0.00:-8016.61 3426 (27) sec
[96] Max 4853 (204) steps (0.0001 hrs) 0.00:-8016.61 3452 (26) sec
[97] Max 4853 (1779) steps (0.0005 hrs) 0.00:-8016.61 3497 (45) sec
[98] Max 4853 (2130) steps (0.0006 hrs) 0.00:-8016.61 3547 (50) sec
[99] Max 4853 (308) steps (0.0001 hrs) 0.00:-8016.61 3574 (27) sec
[100] Max 4853 (233) steps (0.0001 hrs) 0.00:-8016.61 3601 (27) sec
[101] Max 4853 (2351) steps (0.0007 hrs) 0.00:-8016.61 3637 (36) sec
[102] Max 4853 (382) steps (0.0001 hrs) 0.00:-8016.61 3664 (27) sec
[103] Max 4853 (2472) steps (0.0007 hrs) 0.00:-8016.61 3719 (55) sec
[104] Max 4853 (1741) steps (0.0005 hrs) 0.00:-8016.61 3751 (32) sec
[105] Max 4853 (2194) steps (0.0006 hrs) 0.00:-8016.61 3803 (52) sec
[106] Max 4853 (1433) steps (0.0004 hrs) 0.00:-8016.61 3830 (27) sec
[107] Max 4853 (204) steps (0.0001 hrs) 0.00:-8016.61 3856 (26) sec
[108] Max 4853 (1878) steps (0.0005 hrs) 0.00:-8016.61 3883 (27) sec
[109] Max 4853 (1715) steps (0.0005 hrs) 0.00:-8016.61 3923 (40) sec
[110] Max 4853 (2514) steps (0.0007 hrs) 0.00:-8016.61 3969 (46) sec
[111] Max 4853 (282) steps (0.0001 hrs) 0.00:-8016.61 3995 (26) sec
[112] Max 4853 (849) steps (0.0002 hrs) 0.00:-8016.61 4021 (26) sec
[113] Max 4853 (207) steps (0.0001 hrs) 0.00:-8016.61 4047 (26) sec
[114] Max 4853 (2147) steps (0.0006 hrs) 0.00:-8016.61 4076 (29) sec
[115] Max 4853 (1459) steps (0.0004 hrs) 0.00:-8016.61 4104 (28) sec
[116] Max 4853 (1611) steps (0.0004 hrs) 0.00:-8016.61 4132 (28) sec
[117] Max 4853 (2393) steps (0.0007 hrs) 0.00:-8016.61 4177 (45) sec
[118] Max 4853 (866) steps (0.0002 hrs) 0.00:-8016.61 4204 (27) sec
[119] Max 4853 (2192) steps (0.0006 hrs) 0.00:-8016.61 4258 (54) sec
[120] Max 4853 (203) steps (0.0001 hrs) 0.00:-8016.61 4285 (27) sec
[121] Max 4853 (1943) steps (0.0005 hrs) 0.00:-8016.61 4329 (44) sec
[122] Max 4853 (2051) steps (0.0006 hrs) 0.00:-8016.61 4386 (57) sec
[123] Max 4853 (1222) steps (0.0003 hrs) 0.00:-8016.61 4413 (27) sec
[124] Max 4853 (1522) steps (0.0004 hrs) 0.00:-8016.61 4441 (28) sec
[125] Max 4853 (2966) steps (0.0008 hrs) 0.00:-8016.61 4497 (56) sec
[126] Max 4853 (893) steps (0.0002 hrs) 0.00:-8016.61 4525 (28) sec
[127] Max 4853 (1413) steps (0.0004 hrs) 0.00:-8016.61 4552 (27) sec
[128] Max 4853 (2011) steps (0.0006 hrs) 0.00:-8016.61 4608 (56) sec
[129] Max 4853 (2367) steps (0.0007 hrs) 0.00:-8016.61 4660 (52) sec
[130] Max 4853 (2292) steps (0.0006 hrs) 0.00:-8016.61 4715 (55) sec
[131] Max 4853 (2063) steps (0.0006 hrs) 0.00:-8016.61 4743 (28) sec
[132] Max 4853 (1890) steps (0.0005 hrs) 0.00:-8016.61 4770 (27) sec
[133] Max 4853 (1559) steps (0.0004 hrs) 0.00:-8016.61 4797 (27) sec
[134] Max 4853 (1935) steps (0.0005 hrs) 0.00:-8016.61 4850 (53) sec
[135] Max 4853 (1679) steps (0.0005 hrs) 0.00:-8016.61 4885 (35) sec
[136] Max 4853 (878) steps (0.0002 hrs) 0.00:-8016.61 4911 (26) sec
[137] Max 4853 (892) steps (0.0002 hrs) 0.00:-8016.61 4938 (27) sec
[138] Max 4853 (2603) steps (0.0007 hrs) 0.00:-8016.61 4995 (57) sec
[139] Max 4853 (2250) steps (0.0006 hrs) 0.00:-8016.61 5052 (57) sec
[140] Max 4853 (1346) steps (0.0004 hrs) 0.00:-8016.61 5079 (27) sec
[141] Max 4853 (2313) steps (0.0006 hrs) 0.00:-8016.61 5136 (57) sec
[142] Max 4853 (1704) steps (0.0005 hrs) 0.00:-8016.61 5164 (28) sec
[143] Max 4853 (1150) steps (0.0003 hrs) 0.00:-8016.61 5191 (27) sec
[144] Max 4853 (549) steps (0.0002 hrs) 0.00:-8016.61 5218 (27) sec
[145] Max 4853 (2335) steps (0.0006 hrs) 0.00:-8016.61 5268 (50) sec
[146] Max 4853 (1888) steps (0.0005 hrs) 0.00:-8016.61 5298 (30) sec
[147] Max 4853 (1886) steps (0.0005 hrs) 0.00:-8016.61 5327 (29) sec
[148] Max 4853 (1705) steps (0.0005 hrs) 0.00:-8016.61 5358 (31) sec
[149] Max 4853 (2404) steps (0.0007 hrs) 0.00:-8016.61 5385 (27) sec
[150] Max 4853 (1093) steps (0.0003 hrs) 0.00:-8016.61 5412 (27) sec
[151] Max 4853 (1293) steps (0.0004 hrs) 0.00:-8016.61 5439 (27) sec
[152] Max 4853 (1692) steps (0.0005 hrs) 0.00:-8016.61 5466 (27) sec
[153] Max 4853 (405) steps (0.0001 hrs) 0.00:-8016.61 5492 (26) sec
[154] Max 4853 (1542) steps (0.0004 hrs) 0.00:-8016.61 5520 (28) sec
[155] Max 4853 (1689) steps (0.0005 hrs) 0.00:-8016.61 5554 (34) sec
[156] Max 4853 (431) steps (0.0001 hrs) 0.00:-8016.61 5581 (27) sec
[157] Max 4853 (1456) steps (0.0004 hrs) 0.00:-8016.61 5608 (27) sec
[158] Max 4853 (868) steps (0.0002 hrs) 0.00:-8016.61 5635 (27) sec
[159] Max 4853 (2188) steps (0.0006 hrs) 0.00:-8016.61 5687 (52) sec
[160] Max 4853 (546) steps (0.0002 hrs) 0.00:-8016.61 5714 (27) sec
[161] Max 4853 (1507) steps (0.0004 hrs) 0.00:-8016.61 5741 (27) sec
[162] Max 4853 (1826) steps (0.0005 hrs) 0.00:-8016.61 5796 (55) sec
[163] Max 4853 (2275) steps (0.0006 hrs) 0.00:-8016.61 5850 (54) sec
[164] Max 4853 (643) steps (0.0002 hrs) 0.00:-8016.61 5876 (26) sec
[165] Max 4853 (992) steps (0.0003 hrs) 0.00:-8016.61 5903 (27) sec
[166] Max 4853 (1531) steps (0.0004 hrs) 0.00:-8016.61 5932 (29) sec
[167] Max 4853 (2798) steps (0.0008 hrs) 0.00:-8016.61 5985 (53) sec
[168] Max 4853 (2008) steps (0.0006 hrs) 0.00:-8016.61 6015 (30) sec
[169] Max 4853 (1230) steps (0.0003 hrs) 0.00:-8016.61 6043 (28) sec
[170] Max 4853 (2554) steps (0.0007 hrs) 0.00:-8016.61 6078 (35) sec
[171] Max 4853 (2728) steps (0.0008 hrs) 0.00:-8016.61 6133 (55) sec
[172] Max 4853 (2059) steps (0.0006 hrs) 0.00:-8016.61 6190 (57) sec
[173] Max 4853 (880) steps (0.0002 hrs) 0.00:-8016.61 6217 (27) sec
[174] Max 4853 (2602) steps (0.0007 hrs) 0.00:-8016.61 6243 (26) sec
[175] Max 4853 (1185) steps (0.0003 hrs) 0.00:-8016.61 6270 (27) sec
[176] Max 4853 (1102) steps (0.0003 hrs) 0.00:-8016.61 6297 (27) sec
[177] Max 4853 (1806) steps (0.0005 hrs) 0.00:-8016.61 6346 (49) sec
[178] Max 4853 (1310) steps (0.0004 hrs) 0.00:-8016.61 6373 (27) sec
[179] Max 4853 (246) steps (0.0001 hrs) 0.00:-8016.61 6399 (26) sec
[180] Max 4853 (412) steps (0.0001 hrs) 0.00:-8016.61 6427 (28) sec
[181] Max 4853 (2374) steps (0.0007 hrs) 0.00:-8016.61 6482 (55) sec
[182] Max 4853 (258) steps (0.0001 hrs) 0.00:-8016.61 6509 (27) sec
[183] Max 4853 (705) steps (0.0002 hrs) 0.00:-8016.61 6535 (26) sec
[184] Max 4853 (399) steps (0.0001 hrs) 0.00:-8016.61 6562 (27) sec
[185] Max 4853 (1180) steps (0.0003 hrs) 0.00:-8016.61 6589 (27) sec
[186] Max 4853 (1959) steps (0.0005 hrs) 0.00:-8016.61 6637 (48) sec
[187] Max 4853 (2449) steps (0.0007 hrs) 0.00:-8016.61 6675 (38) sec
[188] Max 4853 (1797) steps (0.0005 hrs) 0.00:-8016.61 6707 (32) sec
[189] Max 4853 (829) steps (0.0002 hrs) 0.00:-8016.61 6736 (29) sec
[190] Max 4853 (2447) steps (0.0007 hrs) 0.00:-8016.61 6791 (55) sec
[191] Max 4853 (912) steps (0.0003 hrs) 0.00:-8016.61 6818 (27) sec
[192] Max 4853 (204) steps (0.0001 hrs) 0.00:-8016.61 6844 (26) sec
[193] Max 4853 (403) steps (0.0001 hrs) 0.00:-8016.61 6871 (27) sec
[194] Max 4853 (417) steps (0.0001 hrs) 0.00:-8016.61 6897 (26) sec
[195] Max 4853 (1981) steps (0.0006 hrs) 0.00:-8016.61 6926 (29) sec
[196] Max 4853 (831) steps (0.0002 hrs) 0.00:-8016.61 6953 (27) sec
[197] Max 4853 (2149) steps (0.0006 hrs) 0.00:-8016.61 6989 (36) sec
[198] Max 4853 (1996) steps (0.0006 hrs) 0.00:-8016.61 7044 (55) sec
[199] Max 4853 (2054) steps (0.0006 hrs) 0.00:-8016.61 7093 (49) sec
[200] Max 4853 (2408) steps (0.0007 hrs) 0.00:-8016.61 7148 (55) sec
[201] Max 4853 (1295) steps (0.0004 hrs) 0.00:-8016.61 7177 (29) sec
[202] Max 4853 (2274) steps (0.0006 hrs) 0.00:-8016.61 7233 (56) sec
[203] Max 4853 (4584) steps (0.0013 hrs) 0.00:-8016.61 7295 (62) sec
[204] Max 4853 (235) steps (0.0001 hrs) 0.00:-8016.61 7322 (27) sec
[205] Max 4853 (581) steps (0.0002 hrs) 0.00:-8016.61 7349 (27) sec
[206] Max 4853 (1972) steps (0.0005 hrs) 0.00:-8016.61 7382 (33) sec
[207] Max 4853 (876) steps (0.0002 hrs) 0.00:-8016.61 7408 (26) sec
[208] Max 4853 (783) steps (0.0002 hrs) 0.00:-8016.61 7435 (27) sec
[209] Max 4853 (1668) steps (0.0005 hrs) 0.00:-8016.61 7463 (28) sec
[210] Max 4853 (814) steps (0.0002 hrs) 0.00:-8016.61 7490 (27) sec
[211] Max 4853 (498) steps (0.0001 hrs) 0.00:-8016.61 7517 (27) sec
[212] Max 4853 (882) steps (0.0002 hrs) 0.00:-8016.61 7544 (27) sec
[213] Max 4853 (1534) steps (0.0004 hrs) 0.00:-8016.61 7572 (28) sec
[214] Max 4853 (290) steps (0.0001 hrs) 0.00:-8016.61 7598 (26) sec
[215] Max 4853 (1995) steps (0.0006 hrs) 0.00:-8016.61 7629 (31) sec
[216] Max 4853 (1386) steps (0.0004 hrs) 0.00:-8016.61 7656 (27) sec
[217] Max 4853 (2650) steps (0.0007 hrs) 0.00:-8016.61 7711 (55) sec
[218] Max 4853 (313) steps (0.0001 hrs) 0.00:-8016.61 7738 (27) sec
[219] Max 4853 (2735) steps (0.0008 hrs) 0.00:-8016.61 7764 (26) sec
[220] Max 4853 (2353) steps (0.0007 hrs) 0.00:-8016.61 7820 (56) sec
[221] Max 4853 (1514) steps (0.0004 hrs) 0.00:-8016.61 7846 (26) sec
[222] Max 4853 (1964) steps (0.0005 hrs) 0.00:-8016.61 7883 (37) sec
[223] Max 4853 (1216) steps (0.0003 hrs) 0.00:-8016.61 7911 (28) sec
[224] Max 4853 (1586) steps (0.0004 hrs) 0.00:-8016.61 7938 (27) sec
[225] Max 4853 (2958) steps (0.0008 hrs) 0.00:-8016.61 7987 (49) sec
[226] Max 4853 (2487) steps (0.0007 hrs) 0.00:-8016.61 8042 (55) sec
[227] Max 4853 (2381) steps (0.0007 hrs) 0.00:-8016.61 8095 (53) sec
[228] Max 4853 (2043) steps (0.0006 hrs) 0.00:-8016.61 8125 (30) sec
[229] Max 4853 (1001) steps (0.0003 hrs) 0.00:-8016.61 8151 (26) sec
[230] Max 4853 (1072) steps (0.0003 hrs) 0.00:-8016.61 8178 (27) sec
[231] Max 4853 (1982) steps (0.0006 hrs) 0.00:-8016.61 8211 (33) sec
[232] Max 4853 (645) steps (0.0002 hrs) 0.00:-8016.61 8238 (27) sec
[233] Max 4853 (687) steps (0.0002 hrs) 0.00:-8016.61 8265 (27) sec
[234] Max 4853 (482) steps (0.0001 hrs) 0.00:-8016.61 8292 (27) sec
[235] Max 4853 (2000) steps (0.0006 hrs) 0.00:-8016.61 8322 (30) sec
[236] Max 4853 (1435) steps (0.0004 hrs) 0.00:-8016.61 8351 (29) sec
[237] Max 4853 (203) steps (0.0001 hrs) 0.00:-8016.61 8377 (26) sec
[238] Max 4853 (1237) steps (0.0003 hrs) 0.00:-8016.61 8406 (29) sec
[239] Max 4853 (1658) steps (0.0005 hrs) 0.00:-8016.61 8436 (30) sec
[240] Max 4853 (1304) steps (0.0004 hrs) 0.00:-8016.61 8463 (27) sec
[241] Max 4853 (2664) steps (0.0007 hrs) 0.00:-8016.61 8519 (56) sec
[242] Max 4853 (2952) steps (0.0008 hrs) 0.00:-8016.61 8564 (45) sec
[243] Max 4853 (427) steps (0.0001 hrs) 0.00:-8016.61 8590 (26) sec
[244] Max 4853 (2403) steps (0.0007 hrs) 0.00:-8016.61 8644 (54) sec
[245] Max 4853 (677) steps (0.0002 hrs) 0.00:-8016.61 8670 (26) sec
[246] Max 4853 (2121) steps (0.0006 hrs) 0.00:-8016.61 8723 (53) sec
[247] Max 4853 (738) steps (0.0002 hrs) 0.00:-8016.61 8750 (27) sec
[248] Max 4853 (901) steps (0.0003 hrs) 0.00:-8016.61 8777 (27) sec
[249] Max 4853 (1048) steps (0.0003 hrs) 0.00:-8016.61 8804 (27) sec
[250] Max 4853 (646) steps (0.0002 hrs) 0.00:-8016.61 8831 (27) sec
[251] Max 4853 (1935) steps (0.0005 hrs) 0.00:-8016.61 8867 (36) sec
[252] Max 4853 (2022) steps (0.0006 hrs) 0.00:-8016.61 8924 (57) sec
[253] Max 4853 (953) steps (0.0003 hrs) 0.00:-8016.61 8951 (27) sec
[254] Max 4853 (1492) steps (0.0004 hrs) 0.00:-8016.61 8980 (29) sec
[255] Max 4853 (907) steps (0.0003 hrs) 0.00:-8016.61 9007 (27) sec
[256] Max 4853 (2144) steps (0.0006 hrs) 0.00:-8016.61 9063 (56) sec
[257] Max 4853 (1324) steps (0.0004 hrs) 0.00:-8016.61 9090 (27) sec
[258] Max 4853 (1957) steps (0.0005 hrs) 0.00:-8016.61 9135 (45) sec
[259] Max 4853 (422) steps (0.0001 hrs) 0.00:-8016.61 9162 (27) sec
[260] Max 4853 (1579) steps (0.0004 hrs) 0.00:-8016.61 9191 (29) sec
[261] Max 4853 (670) steps (0.0002 hrs) 0.00:-8016.61 9218 (27) sec
[262] Max 4853 (2558) steps (0.0007 hrs) 0.00:-8016.61 9276 (58) sec
[263] Max 4853 (309) steps (0.0001 hrs) 0.00:-8016.61 9303 (27) sec
[264] Max 4853 (1133) steps (0.0003 hrs) 0.00:-8016.61 9331 (28) sec
[265] Max 4853 (948) steps (0.0003 hrs) 0.00:-8016.61 9358 (27) sec
[266] Max 4853 (1984) steps (0.0006 hrs) 0.00:-8016.61 9411 (53) sec
[267] Max 4853 (1199) steps (0.0003 hrs) 0.00:-8016.61 9439 (28) sec
[268] Max 4853 (1760) steps (0.0005 hrs) 0.00:-8016.61 9466 (27) sec
[269] Max 4853 (1635) steps (0.0005 hrs) 0.00:-8016.61 9494 (28) sec
[270] Max 4853 (2178) steps (0.0006 hrs) 0.00:-8016.61 9549 (55) sec
[271] Max 4853 (1774) steps (0.0005 hrs) 0.00:-8016.61 9576 (27) sec
[272] Max 4853 (1460) steps (0.0004 hrs) 0.00:-8016.61 9604 (28) sec
[273] Max 4853 (2452) steps (0.0007 hrs) 0.00:-8016.61 9659 (55) sec
[274] Max 4853 (1010) steps (0.0003 hrs) 0.00:-8016.61 9686 (27) sec
[275] Max 4853 (1117) steps (0.0003 hrs) 0.00:-8016.61 9713 (27) sec
[276] Max 4853 (850) steps (0.0002 hrs) 0.00:-8016.61 9740 (27) sec
[277] Max 4853 (1098) steps (0.0003 hrs) 0.00:-8016.61 9768 (28) sec
[278] Max 4853 (676) steps (0.0002 hrs) 0.00:-8016.61 9795 (27) sec
[279] Max 4853 (2026) steps (0.0006 hrs) 0.00:-8016.61 9850 (55) sec
[280] Max 4853 (376) steps (0.0001 hrs) 0.00:-8016.61 9877 (27) sec
[281] Max 4853 (1265) steps (0.0004 hrs) 0.00:-8016.61 9904 (27) sec
[282] Max 4853 (1418) steps (0.0004 hrs) 0.00:-8016.61 9931 (27) sec
[283] Max 4853 (1052) steps (0.0003 hrs) 0.00:-8016.61 9958 (27) sec
[284] Max 4853 (1571) steps (0.0004 hrs) 0.00:-8016.61 9988 (30) sec
[285] Max 4853 (829) steps (0.0002 hrs) 0.00:-8016.61 10017 (29) sec
[286] Max 4853 (1456) steps (0.0004 hrs) 0.00:-8016.61 10047 (30) sec
[287] Max 4853 (873) steps (0.0002 hrs) 0.00:-8016.61 10073 (26) sec
[288] Max 4853 (2463) steps (0.0007 hrs) 0.00:-8016.61 10104 (31) sec
[289] Max 4853 (650) steps (0.0002 hrs) 0.00:-8016.61 10131 (27) sec
[290] Max 4853 (805) steps (0.0002 hrs) 0.00:-8016.61 10158 (27) sec
[291] Max 4853 (2206) steps (0.0006 hrs) 0.00:-8016.61 10214 (56) sec
[292] Max 4853 (919) steps (0.0003 hrs) 0.00:-8016.61 10241 (27) sec
[293] Max 4853 (1308) steps (0.0004 hrs) 0.00:-8016.61 10268 (27) sec
[294] Max 4853 (775) steps (0.0002 hrs) 0.00:-8016.61 10295 (27) sec
[295] Max 4853 (238) steps (0.0001 hrs) 0.00:-8016.61 10322 (27) sec
[296] Max 4853 (2873) steps (0.0008 hrs) 0.00:-8016.61 10378 (56) sec
[297] Max 4853 (1504) steps (0.0004 hrs) 0.00:-8016.61 10406 (28) sec
[298] Max 4853 (1635) steps (0.0005 hrs) 0.00:-8016.61 10449 (43) sec
[299] Max 4853 (283) steps (0.0001 hrs) 0.00:-8016.61 10476 (27) sec
[300] Max 4853 (1836) steps (0.0005 hrs) 0.00:-8016.61 10504 (28) sec
[301] Max 4853 (2753) steps (0.0008 hrs) 0.00:-8016.61 10558 (54) sec
[302] Max 4853 (2285) steps (0.0006 hrs) 0.00:-8016.61 10615 (57) sec
[303] Max 4853 (521) steps (0.0001 hrs) 0.00:-8016.61 10641 (26) sec
[304] Max 4853 (659) steps (0.0002 hrs) 0.00:-8016.61 10668 (27) sec
[305] Max 4853 (1384) steps (0.0004 hrs) 0.00:-8016.61 10695 (27) sec
[306] Max 4853 (2203) steps (0.0006 hrs) 0.00:-8016.61 10750 (55) sec
[307] Max 4853 (297) steps (0.0001 hrs) 0.00:-8016.61 10776 (26) sec
[308] Max 4853 (1694) steps (0.0005 hrs) 0.00:-8016.61 10811 (35) sec
[309] Max 4853 (1956) steps (0.0005 hrs) 0.00:-8016.61 10865 (54) sec
[310] Max 4853 (2180) steps (0.0006 hrs) 0.00:-8016.61 10923 (58) sec
[311] Max 4853 (2011) steps (0.0006 hrs) 0.00:-8016.61 10979 (56) sec
[312] Max 4853 (2030) steps (0.0006 hrs) 0.00:-8016.61 11031 (52) sec
[313] Max 4853 (1732) steps (0.0005 hrs) 0.00:-8016.61 11059 (28) sec
[314] Max 4853 (795) steps (0.0002 hrs) 0.00:-8016.61 11086 (27) sec
[315] Max 4853 (610) steps (0.0002 hrs) 0.00:-8016.61 11112 (26) sec
[316] Max 4853 (2528) steps (0.0007 hrs) 0.00:-8016.61 11167 (55) sec
[317] Max 4853 (2616) steps (0.0007 hrs) 0.00:-8016.61 11221 (54) sec
[318] Max 4853 (1644) steps (0.0005 hrs) 0.00:-8016.61 11260 (39) sec
[319] Max 4853 (2075) steps (0.0006 hrs) 0.00:-8016.61 11316 (56) sec
[320] Max 4853 (1747) steps (0.0005 hrs) 0.00:-8016.61 11359 (43) sec
[321] Max 4853 (679) steps (0.0002 hrs) 0.00:-8016.61 11387 (28) sec
[322] Max 4853 (1761) steps (0.0005 hrs) 0.00:-8016.61 11416 (29) sec
[323] Max 4853 (1818) steps (0.0005 hrs) 0.00:-8016.61 11460 (44) sec
[324] Max 4853 (376) steps (0.0001 hrs) 0.00:-8016.61 11487 (27) sec
[325] Max 4853 (264) steps (0.0001 hrs) 0.00:-8016.61 11513 (26) sec
[326] Max 4853 (2080) steps (0.0006 hrs) 0.00:-8016.61 11570 (57) sec
[327] Max 4853 (2160) steps (0.0006 hrs) 0.00:-8016.61 11618 (48) sec
[328] Max 4853 (2766) steps (0.0008 hrs) 0.00:-8016.61 11666 (48) sec
[329] Max 4853 (2552) steps (0.0007 hrs) 0.00:-8016.61 11695 (29) sec
[330] Max 4853 (2083) steps (0.0006 hrs) 0.00:-8016.61 11750 (55) sec
[331] Max 4853 (308) steps (0.0001 hrs) 0.00:-8016.61 11777 (27) sec
[332] Max 4853 (1460) steps (0.0004 hrs) 0.00:-8016.61 11805 (28) sec
[333] Max 4853 (2007) steps (0.0006 hrs) 0.00:-8016.61 11840 (35) sec
[334] Max 4853 (933) steps (0.0003 hrs) 0.00:-8016.61 11867 (27) sec
[335] Max 4853 (1356) steps (0.0004 hrs) 0.00:-8016.61 11894 (27) sec
[336] Max 4853 (877) steps (0.0002 hrs) 0.00:-8016.61 11921 (27) sec
[337] Max 4853 (930) steps (0.0003 hrs) 0.00:-8016.61 11949 (28) sec
[338] Max 4853 (1547) steps (0.0004 hrs) 0.00:-8016.61 11976 (27) sec
[339] Max 4853 (2717) steps (0.0008 hrs) 0.00:-8016.61 12003 (27) sec
[340] Max 4853 (1214) steps (0.0003 hrs) 0.00:-8016.61 12030 (27) sec
[341] Max 4853 (1320) steps (0.0004 hrs) 0.00:-8016.61 12058 (28) sec
[342] Max 4853 (573) steps (0.0002 hrs) 0.00:-8016.61 12085 (27) sec
[343] Max 4853 (1019) steps (0.0003 hrs) 0.00:-8016.61 12112 (27) sec
[344] Max 4853 (337) steps (0.0001 hrs) 0.00:-8016.61 12139 (27) sec
[345] Max 4853 (301) steps (0.0001 hrs) 0.00:-8016.61 12166 (27) sec
[346] Max 4853 (1081) steps (0.0003 hrs) 0.00:-8016.61 12194 (28) sec
[347] Max 4853 (2138) steps (0.0006 hrs) 0.00:-8016.61 12238 (44) sec
[348] Max 4853 (3002) steps (0.0008 hrs) 0.00:-8016.61 12292 (54) sec
[349] Max 4853 (2417) steps (0.0007 hrs) 0.00:-8016.61 12347 (55) sec
[350] Max 4853 (651) steps (0.0002 hrs) 0.00:-8016.61 12374 (27) sec
[351] Max 4853 (2094) steps (0.0006 hrs) 0.00:-8016.61 12407 (33) sec
[352] Max 4853 (730) steps (0.0002 hrs) 0.00:-8016.61 12434 (27) sec
[353] Max 4853 (2624) steps (0.0007 hrs) 0.00:-8016.61 12472 (38) sec
[354] Max 4853 (2506) steps (0.0007 hrs) 0.00:-8016.61 12527 (55) sec
[355] Max 4853 (744) steps (0.0002 hrs) 0.00:-8016.61 12553 (26) sec
[356] Max 4853 (1815) steps (0.0005 hrs) 0.00:-8016.61 12591 (38) sec
[357] Max 5790 (5790) steps (0.0016 hrs) 0.00:-8016.61 12641 (50) sec
[358] Max 5790 (1031) steps (0.0003 hrs) 0.00:-8016.61 12668 (27) sec
[359] Max 5790 (874) steps (0.0002 hrs) 0.00:-8016.61 12695 (27) sec
[360] Max 5790 (903) steps (0.0003 hrs) 0.00:-8016.61 12723 (28) sec
[361] Max 5790 (1997) steps (0.0006 hrs) 0.00:-8016.61 12778 (55) sec
[362] Max 5790 (2003) steps (0.0006 hrs) 0.00:-8016.61 12834 (56) sec
[363] Max 5790 (935) steps (0.0003 hrs) 0.00:-8016.61 12861 (27) sec
[364] Max 5790 (2416) steps (0.0007 hrs) 0.00:-8016.61 12919 (58) sec
[365] Max 5790 (2119) steps (0.0006 hrs) 0.00:-8016.61 12975 (56) sec
[366] Max 5790 (2415) steps (0.0007 hrs) 0.00:-8016.61 13017 (42) sec
[367] Max 5790 (2194) steps (0.0006 hrs) 0.00:-8016.61 13051 (34) sec
[368] Max 5790 (2528) steps (0.0007 hrs) 0.00:-8016.61 13105 (54) sec
[369] Max 5790 (1545) steps (0.0004 hrs) 0.00:-8016.61 13134 (29) sec
[370] Max 5790 (1081) steps (0.0003 hrs) 0.00:-8016.61 13162 (28) sec
[371] Max 5790 (292) steps (0.0001 hrs) 0.00:-8016.61 13188 (26) sec
[372] Max 5790 (1714) steps (0.0005 hrs) 0.00:-8016.61 13216 (28) sec
[373] Max 5790 (2289) steps (0.0006 hrs) 0.00:-8016.61 13271 (55) sec
[374] Max 5790 (1555) steps (0.0004 hrs) 0.00:-8016.61 13303 (32) sec
[375] Max 5790 (2373) steps (0.0007 hrs) 0.00:-8016.61 13352 (49) sec
[376] Max 5790 (460) steps (0.0001 hrs) 0.00:-8016.61 13379 (27) sec
[377] Max 5790 (1037) steps (0.0003 hrs) 0.00:-8016.61 13406 (27) sec
[378] Max 5790 (621) steps (0.0002 hrs) 0.00:-8016.61 13433 (27) sec
[379] Max 5790 (2350) steps (0.0007 hrs) 0.00:-8016.61 13469 (36) sec
[380] Max 5790 (2117) steps (0.0006 hrs) 0.00:-8016.61 13522 (53) sec
[381] Max 5790 (1183) steps (0.0003 hrs) 0.00:-8016.61 13550 (28) sec
[382] Max 5790 (1620) steps (0.0005 hrs) 0.00:-8016.61 13580 (30) sec
[383] Max 5790 (2198) steps (0.0006 hrs) 0.00:-8016.61 13637 (57) sec
[384] Max 5790 (2232) steps (0.0006 hrs) 0.00:-8016.61 13685 (48) sec
[385] Max 5790 (2601) steps (0.0007 hrs) 0.00:-8016.61 13741 (56) sec
[386] Max 5790 (3170) steps (0.0009 hrs) 0.00:-8016.61 13797 (56) sec
[387] Max 5790 (1544) steps (0.0004 hrs) 0.00:-8016.61 13825 (28) sec
[388] Max 5790 (2336) steps (0.0006 hrs) 0.00:-8016.61 13881 (56) sec
[389] Max 5790 (1556) steps (0.0004 hrs) 0.00:-8016.61 13907 (26) sec
[390] Max 5790 (1099) steps (0.0003 hrs) 0.00:-8016.61 13934 (27) sec
[391] Max 5790 (515) steps (0.0001 hrs) 0.00:-8016.61 13962 (28) sec
[392] Max 5790 (2500) steps (0.0007 hrs) 0.00:-8016.61 14004 (42) sec
[393] Max 5790 (3003) steps (0.0008 hrs) 0.00:-8016.61 14060 (56) sec
[394] Max 5790 (558) steps (0.0002 hrs) 0.00:-8016.61 14086 (26) sec
[395] Max 5790 (2033) steps (0.0006 hrs) 0.00:-8016.61 14138 (52) sec
[396] Max 5790 (3252) steps (0.0009 hrs) 0.00:-8016.61 14191 (53) sec
[397] Max 5790 (272) steps (0.0001 hrs) 0.00:-8016.61 14218 (27) sec
[398] Max 5790 (2270) steps (0.0006 hrs) 0.00:-8016.61 14273 (55) sec
[399] Max 5790 (1651) steps (0.0005 hrs) 0.00:-8016.61 14300 (27) sec
[400] Max 5790 (1408) steps (0.0004 hrs) 0.00:-8016.61 14327 (27) sec
[401] Max 5790 (1516) steps (0.0004 hrs) 0.00:-8016.61 14355 (28) sec
[402] Max 5790 (2412) steps (0.0007 hrs) 0.00:-8016.61 14410 (55) sec
[403] Max 5790 (1905) steps (0.0005 hrs) 0.00:-8016.61 14442 (32) sec
[404] Max 5790 (2815) steps (0.0008 hrs) 0.00:-8016.61 14499 (57) sec
[405] Max 5790 (1318) steps (0.0004 hrs) 0.00:-8016.61 14526 (27) sec
[406] Max 5790 (535) steps (0.0001 hrs) 0.00:-8016.61 14553 (27) sec
[407] Max 5790 (1990) steps (0.0006 hrs) 0.00:-8016.61 14609 (56) sec
[408] Max 5790 (1596) steps (0.0004 hrs) 0.00:-8016.61 14637 (28) sec
[409] Max 5790 (994) steps (0.0003 hrs) 0.00:-8016.61 14663 (26) sec
[410] Max 5790 (544) steps (0.0002 hrs) 0.00:-8016.61 14690 (27) sec
[411] Max 5790 (783) steps (0.0002 hrs) 0.00:-8016.61 14717 (27) sec
[412] Max 5790 (2402) steps (0.0007 hrs) 0.00:-8016.61 14766 (49) sec
[413] Max 5790 (1836) steps (0.0005 hrs) 0.00:-8016.61 14794 (28) sec
[414] Max 5790 (580) steps (0.0002 hrs) 0.00:-8016.61 14821 (27) sec
[415] Max 5790 (1257) steps (0.0003 hrs) 0.00:-8016.61 14848 (27) sec
[416] Max 5790 (1870) steps (0.0005 hrs) 0.00:-8016.61 14877 (29) sec
[417] Max 5790 (2662) steps (0.0007 hrs) 0.00:-8016.61 14932 (55) sec
[418] Max 5790 (1799) steps (0.0005 hrs) 0.00:-8016.61 14958 (26) sec
[419] Max 5790 (2383) steps (0.0007 hrs) 0.00:-8016.61 15013 (55) sec
[420] Max 5790 (3626) steps (0.0010 hrs) 0.00:-8016.61 15066 (53) sec
[421] Max 5790 (281) steps (0.0001 hrs) 0.00:-8016.61 15092 (26) sec
[422] Max 5790 (2147) steps (0.0006 hrs) 0.00:-8016.61 15138 (46) sec
[423] Max 5790 (233) steps (0.0001 hrs) 0.00:-8016.61 15166 (28) sec
[424] Max 5790 (352) steps (0.0001 hrs) 0.00:-8016.61 15192 (26) sec
[425] Max 5790 (421) steps (0.0001 hrs) 0.00:-8016.61 15219 (27) sec
[426] Max 5790 (1601) steps (0.0004 hrs) 0.00:-8016.61 15246 (27) sec
[427] Max 5790 (654) steps (0.0002 hrs) 0.00:-8016.61 15273 (27) sec
[428] Max 5790 (1767) steps (0.0005 hrs) 0.00:-8016.61 15327 (54) sec
[429] Max 5790 (707) steps (0.0002 hrs) 0.00:-8016.61 15354 (27) sec
[430] Max 5790 (2744) steps (0.0008 hrs) 0.00:-8016.61 15410 (56) sec
[431] Max 5790 (2794) steps (0.0008 hrs) 0.00:-8016.61 15466 (56) sec
[432] Max 5790 (974) steps (0.0003 hrs) 0.00:-8016.61 15493 (27) sec
[433] Max 5790 (1829) steps (0.0005 hrs) 0.00:-8016.61 15544 (51) sec
[434] Max 5790 (1097) steps (0.0003 hrs) 0.00:-8016.61 15572 (28) sec
[435] Max 5790 (348) steps (0.0001 hrs) 0.00:-8016.61 15599 (27) sec
[436] Max 5790 (2692) steps (0.0007 hrs) 0.00:-8016.61 15656 (57) sec
[437] Max 5790 (1319) steps (0.0004 hrs) 0.00:-8016.61 15683 (27) sec
[438] Max 5790 (1481) steps (0.0004 hrs) 0.00:-8016.61 15711 (28) sec
[439] Max 5790 (939) steps (0.0003 hrs) 0.00:-8016.61 15737 (26) sec
[440] Max 5790 (1639) steps (0.0005 hrs) 0.00:-8016.61 15781 (44) sec
[441] Max 5790 (2370) steps (0.0007 hrs) 0.00:-8016.61 15825 (44) sec
[442] Max 5790 (1043) steps (0.0003 hrs) 0.00:-8016.61 15853 (28) sec
[443] Max 5790 (687) steps (0.0002 hrs) 0.00:-8016.61 15880 (27) sec
[444] Max 5790 (2283) steps (0.0006 hrs) 0.00:-8016.61 15937 (57) sec
[445] Max 5790 (1828) steps (0.0005 hrs) 0.00:-8016.61 15973 (36) sec
[446] Max 5790 (2263) steps (0.0006 hrs) 0.00:-8016.61 16003 (30) sec
[447] Max 5790 (206) steps (0.0001 hrs) 0.00:-8016.61 16029 (26) sec
[448] Max 5790 (565) steps (0.0002 hrs) 0.00:-8016.61 16056 (27) sec
[449] Max 5790 (1579) steps (0.0004 hrs) 0.00:-8016.61 16084 (28) sec
[450] Max 5790 (1115) steps (0.0003 hrs) 0.00:-8016.61 16111 (27) sec
[451] Max 5790 (1431) steps (0.0004 hrs) 0.00:-8016.61 16138 (27) sec
[452] Max 5790 (268) steps (0.0001 hrs) 0.00:-8016.61 16165 (27) sec
[453] Max 5790 (1742) steps (0.0005 hrs) 0.00:-8016.61 16191 (26) sec
[454] Max 5790 (2209) steps (0.0006 hrs) 0.00:-8016.61 16246 (55) sec
[455] Max 5790 (926) steps (0.0003 hrs) 0.00:-8016.61 16272 (26) sec
[456] Max 5790 (1855) steps (0.0005 hrs) 0.00:-8016.61 16299 (27) sec
[457] Max 5790 (2413) steps (0.0007 hrs) 0.00:-8016.61 16355 (56) sec
[458] Max 5790 (1961) steps (0.0005 hrs) 0.00:-8016.61 16383 (28) sec
[459] Max 5790 (639) steps (0.0002 hrs) 0.00:-8016.61 16409 (26) sec
[460] Max 5790 (2613) steps (0.0007 hrs) 0.00:-8016.61 16460 (51) sec
[461] Max 5790 (2231) steps (0.0006 hrs) 0.00:-8016.61 16518 (58) sec
[462] Max 5790 (1029) steps (0.0003 hrs) 0.00:-8016.61 16544 (26) sec
[463] Max 5790 (2404) steps (0.0007 hrs) 0.00:-8016.61 16600 (56) sec
[464] Max 5790 (913) steps (0.0003 hrs) 0.00:-8016.61 16626 (26) sec
[465] Max 5790 (464) steps (0.0001 hrs) 0.00:-8016.61 16653 (27) sec
[466] Max 5790 (2133) steps (0.0006 hrs) 0.00:-8016.61 16693 (40) sec
[467] Max 5790 (1422) steps (0.0004 hrs) 0.00:-8016.61 16721 (28) sec
[468] Max 5790 (519) steps (0.0001 hrs) 0.00:-8016.61 16747 (26) sec
[469] Max 5790 (759) steps (0.0002 hrs) 0.00:-8016.61 16773 (26) sec
[470] Max 5790 (2088) steps (0.0006 hrs) 0.00:-8016.61 16829 (56) sec
[471] Max 5790 (2986) steps (0.0008 hrs) 0.00:-8016.61 16878 (49) sec
[472] Max 5790 (203) steps (0.0001 hrs) 0.00:-8016.61 16900 (22) sec
[473] Max 5790 (1999) steps (0.0006 hrs) 0.00:-8016.61 16946 (46) sec
[474] Max 5790 (294) steps (0.0001 hrs) 0.00:-8016.61 16968 (22) sec
[475] Max 5790 (2643) steps (0.0007 hrs) 0.00:-8016.61 17014 (46) sec
[476] Max 5790 (1245) steps (0.0003 hrs) 0.00:-8016.61 17036 (22) sec
[477] Max 5790 (286) steps (0.0001 hrs) 0.00:-8016.61 17058 (22) sec
[478] Max 5790 (2114) steps (0.0006 hrs) 0.00:-8016.61 17092 (34) sec
[479] Max 5790 (1702) steps (0.0005 hrs) 0.00:-8016.61 17116 (24) sec
[480] Max 5790 (633) steps (0.0002 hrs) 0.00:-8016.61 17138 (22) sec
[481] Max 5790 (539) steps (0.0001 hrs) 0.00:-8016.61 17160 (22) sec
[482] Max 5790 (2055) steps (0.0006 hrs) 0.00:-8016.61 17207 (47) sec
[483] Max 5790 (350) steps (0.0001 hrs) 0.00:-8016.61 17230 (23) sec
[484] Max 5790 (1910) steps (0.0005 hrs) 0.00:-8016.61 17276 (46) sec
[485] Max 5790 (2361) steps (0.0007 hrs) 0.00:-8016.61 17322 (46) sec
[486] Max 5790 (655) steps (0.0002 hrs) 0.00:-8016.61 17343 (21) sec
[487] Max 5790 (540) steps (0.0002 hrs) 0.00:-8016.61 17365 (22) sec
[488] Max 5790 (2232) steps (0.0006 hrs) 0.00:-8016.61 17409 (44) sec
[489] Max 5790 (2034) steps (0.0006 hrs) 0.00:-8016.61 17456 (47) sec
[490] Max 5790 (2126) steps (0.0006 hrs) 0.00:-8016.61 17501 (45) sec
[491] Max 5790 (1408) steps (0.0004 hrs) 0.00:-8016.61 17523 (22) sec
[492] Max 5790 (1427) steps (0.0004 hrs) 0.00:-8016.61 17550 (27) sec
[493] Max 5790 (940) steps (0.0003 hrs) 0.00:-8016.61 17572 (22) sec
[494] Max 5790 (532) steps (0.0001 hrs) 0.00:-8016.61 17593 (21) sec
[495] Max 5790 (591) steps (0.0002 hrs) 0.00:-8016.61 17615 (22) sec
[496] Max 5790 (274) steps (0.0001 hrs) 0.00:-8016.61 17637 (22) sec
[497] Max 5790 (2595) steps (0.0007 hrs) 0.00:-8016.61 17684 (47) sec
[498] Max 5790 (440) steps (0.0001 hrs) 0.00:-8016.61 17706 (22) sec
[499] Max 5790 (432) steps (0.0001 hrs) 0.00:-8016.61 17727 (21) sec
[500] Max 5790 (1442) steps (0.0004 hrs) 0.00:-8016.61 17749 (22) sec
[501] Max 5790 (2987) steps (0.0008 hrs) 0.00:-8016.61 17795 (46) sec
[502] Max 5790 (657) steps (0.0002 hrs) 0.00:-8016.61 17817 (22) sec
[503] Max 5790 (310) steps (0.0001 hrs) 0.00:-8016.61 17838 (21) sec
[504] Max 5790 (463) steps (0.0001 hrs) 0.00:-8016.61 17860 (22) sec
[505] Max 5790 (1462) steps (0.0004 hrs) 0.00:-8016.61 17882 (22) sec
[506] Max 5790 (1695) steps (0.0005 hrs) 0.00:-8016.61 17909 (27) sec
[507] Max 5790 (2152) steps (0.0006 hrs) 0.00:-8016.61 17953 (44) sec
[508] Max 5790 (815) steps (0.0002 hrs) 0.00:-8016.61 17975 (22) sec
[509] Max 5790 (3038) steps (0.0008 hrs) 0.00:-8016.61 18020 (45) sec
[510] Max 5790 (1706) steps (0.0005 hrs) 0.00:-8016.61 18043 (23) sec
[511] Max 5790 (929) steps (0.0003 hrs) 0.00:-8016.61 18065 (22) sec
[512] Max 5790 (2215) steps (0.0006 hrs) 0.00:-8016.61 18110 (45) sec
[513] Max 5790 (2844) steps (0.0008 hrs) 0.00:-8016.61 18156 (46) sec
[514] Max 5790 (893) steps (0.0002 hrs) 0.00:-8016.61 18177 (21) sec
[515] Max 5790 (2105) steps (0.0006 hrs) 0.00:-8016.61 18200 (23) sec
[516] Max 5790 (2323) steps (0.0006 hrs) 0.00:-8016.61 18246 (46) sec
[517] Max 5790 (5162) steps (0.0014 hrs) 0.00:-8016.61 18294 (48) sec
[518] Max 5790 (2026) steps (0.0006 hrs) 0.00:-8016.61 18340 (46) sec
[519] Max 5790 (2190) steps (0.0006 hrs) 0.00:-8016.61 18386 (46) sec
[520] Max 5790 (2355) steps (0.0007 hrs) 0.00:-8016.61 18432 (46) sec
[521] Max 5790 (1874) steps (0.0005 hrs) 0.00:-8016.61 18456 (24) sec
[522] Max 5790 (1891) steps (0.0005 hrs) 0.00:-8016.61 18479 (23) sec
[523] Max 5790 (2524) steps (0.0007 hrs) 0.00:-8016.61 18525 (46) sec
[524] Max 5790 (2108) steps (0.0006 hrs) 0.00:-8016.61 18553 (28) sec
[525] Max 5790 (1288) steps (0.0004 hrs) 0.00:-8016.61 18575 (22) sec
[526] Max 5790 (596) steps (0.0002 hrs) 0.00:-8016.61 18596 (21) sec
[527] Max 5790 (2199) steps (0.0006 hrs) 0.00:-8016.61 18641 (45) sec
[528] Max 5790 (238) steps (0.0001 hrs) 0.00:-8016.61 18663 (22) sec
[529] Max 5790 (1573) steps (0.0004 hrs) 0.00:-8016.61 18686 (23) sec
[530] Max 5790 (2522) steps (0.0007 hrs) 0.00:-8016.61 18733 (47) sec
[531] Max 5790 (2110) steps (0.0006 hrs) 0.00:-8016.61 18779 (46) sec
[532] Max 5790 (233) steps (0.0001 hrs) 0.00:-8016.61 18800 (21) sec
[533] Max 5790 (1946) steps (0.0005 hrs) 0.00:-8016.61 18846 (46) sec
[534] Max 5790 (292) steps (0.0001 hrs) 0.00:-8016.61 18867 (21) sec
[535] Max 5790 (2120) steps (0.0006 hrs) 0.00:-8016.61 18912 (45) sec
[536] Max 5790 (689) steps (0.0002 hrs) 0.00:-8016.61 18933 (21) sec
[537] Max 5790 (306) steps (0.0001 hrs) 0.00:-8016.61 18954 (21) sec
[538] Max 5790 (389) steps (0.0001 hrs) 0.00:-8016.61 18976 (22) sec
[539] Max 5790 (231) steps (0.0001 hrs) 0.00:-8016.61 18997 (21) sec
[540] Max 5790 (2646) steps (0.0007 hrs) 0.00:-8016.61 19043 (46) sec
[541] Max 5790 (2299) steps (0.0006 hrs) 0.00:-8016.61 19089 (46) sec
[542] Max 5790 (1675) steps (0.0005 hrs) 0.00:-8016.61 19114 (25) sec
[543] Max 5790 (2231) steps (0.0006 hrs) 0.00:-8016.61 19160 (46) sec
[544] Max 5790 (324) steps (0.0001 hrs) 0.00:-8016.61 19181 (21) sec
[545] Max 5790 (554) steps (0.0002 hrs) 0.00:-8016.61 19202 (21) sec
[546] Max 5790 (2537) steps (0.0007 hrs) 0.00:-8016.61 19250 (48) sec
[547] Max 5790 (954) steps (0.0003 hrs) 0.00:-8016.61 19272 (22) sec
[548] Max 5790 (260) steps (0.0001 hrs) 0.00:-8016.61 19293 (21) sec
[549] Max 5790 (1974) steps (0.0005 hrs) 0.00:-8016.61 19339 (46) sec
[550] Max 5790 (969) steps (0.0003 hrs) 0.00:-8016.61 19360 (21) sec
[551] Max 5790 (2425) steps (0.0007 hrs) 0.00:-8016.61 19407 (47) sec
[552] Max 5790 (2070) steps (0.0006 hrs) 0.00:-8016.61 19453 (46) sec
[553] Max 5790 (2378) steps (0.0007 hrs) 0.00:-8016.61 19498 (45) sec
[554] Max 5790 (2188) steps (0.0006 hrs) 0.00:-8016.61 19543 (45) sec
[555] Max 5790 (1950) steps (0.0005 hrs) 0.00:-8016.61 19569 (26) sec
[556] Max 5790 (299) steps (0.0001 hrs) 0.00:-8016.61 19590 (21) sec
[557] Max 5790 (1384) steps (0.0004 hrs) 0.00:-8016.61 19613 (23) sec
[558] Max 5790 (2225) steps (0.0006 hrs) 0.00:-8016.61 19637 (24) sec
[559] Max 5790 (462) steps (0.0001 hrs) 0.00:-8016.61 19659 (22) sec
[560] Max 5790 (688) steps (0.0002 hrs) 0.00:-8016.61 19680 (21) sec
[561] Max 5790 (2574) steps (0.0007 hrs) 0.00:-8016.61 19726 (46) sec
[562] Max 5790 (1881) steps (0.0005 hrs) 0.00:-8016.61 19771 (45) sec
[563] Max 5790 (2181) steps (0.0006 hrs) 0.00:-8016.61 19818 (47) sec
[564] Max 5790 (642) steps (0.0002 hrs) 0.00:-8016.61 19839 (21) sec
[565] Max 5790 (2355) steps (0.0007 hrs) 0.00:-8016.61 19885 (46) sec
[566] Max 5790 (742) steps (0.0002 hrs) 0.00:-8016.61 19907 (22) sec
[567] Max 5790 (1781) steps (0.0005 hrs) 0.00:-8016.61 19928 (21) sec
[568] Max 5790 (1886) steps (0.0005 hrs) 0.00:-8016.61 19974 (46) sec
[569] Max 5790 (2199) steps (0.0006 hrs) 0.00:-8016.61 20014 (40) sec
[570] Max 5790 (2275) steps (0.0006 hrs) 0.00:-8016.61 20035 (21) sec
[571] Max 5790 (314) steps (0.0001 hrs) 0.00:-8016.61 20056 (21) sec
[572] Max 5790 (892) steps (0.0002 hrs) 0.00:-8016.61 20078 (22) sec
[573] Max 5790 (2133) steps (0.0006 hrs) 0.00:-8016.61 20124 (46) sec
[574] Max 5790 (766) steps (0.0002 hrs) 0.00:-8016.61 20145 (21) sec
[575] Max 5790 (2367) steps (0.0007 hrs) 0.00:-8016.61 20186 (41) sec
[576] Max 5790 (2647) steps (0.0007 hrs) 0.00:-8016.61 20231 (45) sec
[577] Max 5790 (1496) steps (0.0004 hrs) 0.00:-8016.61 20253 (22) sec
[578] Max 5790 (956) steps (0.0003 hrs) 0.00:-8016.61 20275 (22) sec
[579] Max 5790 (519) steps (0.0001 hrs) 0.00:-8016.61 20296 (21) sec
[580] Max 5790 (1459) steps (0.0004 hrs) 0.00:-8016.61 20317 (21) sec
[581] Max 5790 (1160) steps (0.0003 hrs) 0.00:-8016.61 20340 (23) sec
[582] Max 5790 (955) steps (0.0003 hrs) 0.00:-8016.61 20361 (21) sec
[583] Max 5790 (278) steps (0.0001 hrs) 0.00:-8016.61 20383 (22) sec
[584] Max 5790 (2173) steps (0.0006 hrs) 0.00:-8016.61 20429 (46) sec
[585] Max 5790 (1982) steps (0.0006 hrs) 0.00:-8016.61 20454 (25) sec
[586] Max 5790 (896) steps (0.0002 hrs) 0.00:-8016.61 20476 (22) sec
[587] Max 5790 (710) steps (0.0002 hrs) 0.00:-8016.61 20497 (21) sec
[588] Max 5790 (1449) steps (0.0004 hrs) 0.00:-8016.61 20519 (22) sec
[589] Max 5790 (571) steps (0.0002 hrs) 0.00:-8016.61 20541 (22) sec
[590] Max 5790 (1946) steps (0.0005 hrs) 0.00:-8016.61 20569 (28) sec
[591] Max 5790 (1103) steps (0.0003 hrs) 0.00:-8016.61 20591 (22) sec
[592] Max 5790 (2936) steps (0.0008 hrs) 0.00:-8016.61 20637 (46) sec
[593] Max 5790 (560) steps (0.0002 hrs) 0.00:-8016.61 20658 (21) sec
[594] Max 5790 (2299) steps (0.0006 hrs) 0.00:-8016.61 20704 (46) sec
[595] Max 5790 (1337) steps (0.0004 hrs) 0.00:-8016.61 20725 (21) sec
[596] Max 5790 (1967) steps (0.0005 hrs) 0.00:-8016.61 20769 (44) sec
[597] Max 5790 (2078) steps (0.0006 hrs) 0.00:-8016.61 20815 (46) sec
[598] Max 5790 (2345) steps (0.0007 hrs) 0.00:-8016.61 20861 (46) sec
[599] Max 5790 (1281) steps (0.0004 hrs) 0.00:-8016.61 20883 (22) sec
[600] Max 5790 (2349) steps (0.0007 hrs) 0.00:-8016.61 20928 (45) sec
[601] Max 5790 (1989) steps (0.0006 hrs) 0.00:-8016.61 20959 (31) sec
[602] Max 5790 (471) steps (0.0001 hrs) 0.00:-8016.61 20981 (22) sec
[603] Max 5790 (576) steps (0.0002 hrs) 0.00:-8016.61 21002 (21) sec
[604] Max 5790 (2634) steps (0.0007 hrs) 0.00:-8016.61 21025 (23) sec
[605] Max 5790 (2370) steps (0.0007 hrs) 0.00:-8016.61 21072 (47) sec
[606] Max 5790 (2478) steps (0.0007 hrs) 0.00:-8016.61 21111 (39) sec
[607] Max 5790 (2098) steps (0.0006 hrs) 0.00:-8016.61 21157 (46) sec
[608] Max 5790 (2365) steps (0.0007 hrs) 0.00:-8016.61 21203 (46) sec
[609] Max 5790 (946) steps (0.0003 hrs) 0.00:-8016.61 21224 (21) sec
[610] Max 5790 (2821) steps (0.0008 hrs) 0.00:-8016.61 21270 (46) sec
[611] Max 5790 (2009) steps (0.0006 hrs) 0.00:-8016.61 21300 (30) sec
[612] Max 5790 (917) steps (0.0003 hrs) 0.00:-8016.61 21321 (21) sec
[613] Max 5790 (1852) steps (0.0005 hrs) 0.00:-8016.61 21345 (24) sec
[614] Max 5790 (556) steps (0.0002 hrs) 0.00:-8016.61 21367 (22) sec
[615] Max 5790 (1731) steps (0.0005 hrs) 0.00:-8016.61 21391 (24) sec
[616] Max 5790 (1566) steps (0.0004 hrs) 0.00:-8016.61 21420 (29) sec
[617] Max 5790 (409) steps (0.0001 hrs) 0.00:-8016.61 21442 (22) sec
[618] Max 5790 (1220) steps (0.0003 hrs) 0.00:-8016.61 21464 (22) sec
[619] Max 5790 (2378) steps (0.0007 hrs) 0.00:-8016.61 21509 (45) sec
[620] Max 5790 (1726) steps (0.0005 hrs) 0.00:-8016.61 21533 (24) sec
[621] Max 5790 (2322) steps (0.0006 hrs) 0.00:-8016.61 21574 (41) sec
[622] Max 5790 (2238) steps (0.0006 hrs) 0.00:-8016.61 21620 (46) sec
[623] Max 5790 (1705) steps (0.0005 hrs) 0.00:-8016.61 21642 (22) sec
[624] Max 5790 (353) steps (0.0001 hrs) 0.00:-8016.61 21664 (22) sec
[625] Max 5790 (1782) steps (0.0005 hrs) 0.00:-8016.61 21686 (22) sec
[626] Max 5790 (662) steps (0.0002 hrs) 0.00:-8016.61 21708 (22) sec
[627] Max 5790 (310) steps (0.0001 hrs) 0.00:-8016.61 21729 (21) sec
[628] Max 5790 (2169) steps (0.0006 hrs) 0.00:-8016.61 21770 (41) sec
[629] Max 5790 (2153) steps (0.0006 hrs) 0.00:-8016.61 21792 (22) sec
[630] Max 5790 (260) steps (0.0001 hrs) 0.00:-8016.61 21813 (21) sec
[631] Max 5790 (1020) steps (0.0003 hrs) 0.00:-8016.61 21835 (22) sec
[632] Max 5790 (2069) steps (0.0006 hrs) 0.00:-8016.61 21859 (24) sec
[633] Max 5790 (364) steps (0.0001 hrs) 0.00:-8016.61 21880 (21) sec
[634] Max 5790 (1659) steps (0.0005 hrs) 0.00:-8016.61 21903 (23) sec
[635] Max 5790 (2691) steps (0.0007 hrs) 0.00:-8016.61 21948 (45) sec
[636] Max 5790 (1614) steps (0.0004 hrs) 0.00:-8016.61 21971 (23) sec
[637] Max 5790 (534) steps (0.0001 hrs) 0.00:-8016.61 21992 (21) sec
[638] Max 5790 (2370) steps (0.0007 hrs) 0.00:-8016.61 22038 (46) sec
[639] Max 5790 (2429) steps (0.0007 hrs) 0.00:-8016.61 22062 (24) sec
[640] Max 5790 (1771) steps (0.0005 hrs) 0.00:-8016.61 22084 (22) sec
[641] Max 5790 (2303) steps (0.0006 hrs) 0.00:-8016.61 22130 (46) sec
[642] Max 5790 (751) steps (0.0002 hrs) 0.00:-8016.61 22151 (21) sec
[643] Max 5790 (2297) steps (0.0006 hrs) 0.00:-8016.61 22197 (46) sec
[644] Max 5790 (1167) steps (0.0003 hrs) 0.00:-8016.61 22218 (21) sec
[645] Max 5790 (1725) steps (0.0005 hrs) 0.00:-8016.61 22245 (27) sec
[646] Max 5790 (541) steps (0.0002 hrs) 0.00:-8016.61 22267 (22) sec
[647] Max 5790 (2610) steps (0.0007 hrs) 0.00:-8016.61 22290 (23) sec
[648] Max 5790 (3121) steps (0.0009 hrs) 0.00:-8016.61 22335 (45) sec
[649] Max 5790 (1328) steps (0.0004 hrs) 0.00:-8016.61 22357 (22) sec
[650] Max 5790 (1650) steps (0.0005 hrs) 0.00:-8016.61 22381 (24) sec
[651] Max 5790 (1376) steps (0.0004 hrs) 0.00:-8016.61 22403 (22) sec
[652] Max 5790 (2368) steps (0.0007 hrs) 0.00:-8016.61 22449 (46) sec
[653] Max 5790 (524) steps (0.0001 hrs) 0.00:-8016.61 22470 (21) sec
[654] Max 5790 (931) steps (0.0003 hrs) 0.00:-8016.61 22492 (22) sec
[655] Max 5790 (2207) steps (0.0006 hrs) 0.00:-8016.61 22514 (22) sec
[656] Max 5790 (1480) steps (0.0004 hrs) 0.00:-8016.61 22536 (22) sec
[657] Max 5790 (545) steps (0.0002 hrs) 0.00:-8016.61 22557 (21) sec
[658] Max 5790 (878) steps (0.0002 hrs) 0.00:-8016.61 22579 (22) sec
[659] Max 5790 (434) steps (0.0001 hrs) 0.00:-8016.61 22600 (21) sec
[660] Max 5790 (1537) steps (0.0004 hrs) 0.00:-8016.61 22626 (26) sec
[661] Max 5790 (581) steps (0.0002 hrs) 0.00:-8016.61 22647 (21) sec
[662] Max 5790 (772) steps (0.0002 hrs) 0.00:-8016.61 22669 (22) sec
[663] Max 5790 (476) steps (0.0001 hrs) 0.00:-8016.61 22691 (22) sec
[664] Max 5790 (497) steps (0.0001 hrs) 0.00:-8016.61 22713 (22) sec
[665] Max 5790 (1187) steps (0.0003 hrs) 0.00:-8016.61 22734 (21) sec
[666] Max 5790 (1158) steps (0.0003 hrs) 0.00:-8016.61 22757 (23) sec
[667] Max 5790 (269) steps (0.0001 hrs) 0.00:-8016.61 22778 (21) sec
[668] Max 5790 (1232) steps (0.0003 hrs) 0.00:-8016.61 22800 (22) sec
[669] Max 5790 (2102) steps (0.0006 hrs) 0.00:-8016.61 22846 (46) sec
[670] Max 5790 (2210) steps (0.0006 hrs) 0.00:-8016.61 22887 (41) sec
[671] Max 5790 (1554) steps (0.0004 hrs) 0.00:-8016.61 22909 (22) sec
[672] Max 5790 (1233) steps (0.0003 hrs) 0.00:-8016.61 22932 (23) sec
[673] Max 5790 (1874) steps (0.0005 hrs) 0.00:-8016.61 22963 (31) sec
[674] Max 5790 (2540) steps (0.0007 hrs) 0.00:-8016.61 23006 (43) sec
[675] Max 5790 (1162) steps (0.0003 hrs) 0.00:-8016.61 23027 (21) sec
[676] Max 5790 (2269) steps (0.0006 hrs) 0.00:-8016.61 23074 (47) sec
[677] Max 5790 (2580) steps (0.0007 hrs) 0.00:-8016.61 23096 (22) sec
[678] Max 5790 (1230) steps (0.0003 hrs) 0.00:-8016.61 23118 (22) sec
[679] Max 5790 (724) steps (0.0002 hrs) 0.00:-8016.61 23139 (21) sec
[680] Max 5790 (326) steps (0.0001 hrs) 0.00:-8016.61 23161 (22) sec
[681] Max 5790 (548) steps (0.0002 hrs) 0.00:-8016.61 23183 (22) sec
[682] Max 5790 (2526) steps (0.0007 hrs) 0.00:-8016.61 23227 (44) sec
[683] Max 5790 (429) steps (0.0001 hrs) 0.00:-8016.61 23249 (22) sec
[684] Max 5790 (727) steps (0.0002 hrs) 0.00:-8016.61 23270 (21) sec
[685] Max 5790 (2257) steps (0.0006 hrs) 0.00:-8016.61 23317 (47) sec
[686] Max 5790 (224) steps (0.0001 hrs) 0.00:-8016.61 23339 (22) sec
[687] Max 5790 (2514) steps (0.0007 hrs) 0.00:-8016.61 23382 (43) sec
[688] Max 5790 (2070) steps (0.0006 hrs) 0.00:-8016.61 23419 (37) sec
[689] Max 5790 (1807) steps (0.0005 hrs) 0.00:-8016.61 23440 (21) sec
[690] Max 5790 (3176) steps (0.0009 hrs) 0.00:-8016.61 23487 (47) sec
[691] Max 5790 (2283) steps (0.0006 hrs) 0.00:-8016.61 23525 (38) sec
[692] Max 5790 (1445) steps (0.0004 hrs) 0.00:-8016.61 23548 (23) sec
[693] Max 5790 (1841) steps (0.0005 hrs) 0.00:-8016.61 23570 (22) sec
[694] Max 5790 (465) steps (0.0001 hrs) 0.00:-8016.61 23591 (21) sec
[695] Max 5790 (2011) steps (0.0006 hrs) 0.00:-8016.61 23627 (36) sec
[696] Max 5790 (1723) steps (0.0005 hrs) 0.00:-8016.61 23649 (22) sec
[697] Max 5790 (339) steps (0.0001 hrs) 0.00:-8016.61 23670 (21) sec
[698] Max 5790 (1710) steps (0.0005 hrs) 0.00:-8016.61 23692 (22) sec
[699] Max 5790 (2170) steps (0.0006 hrs) 0.00:-8016.61 23735 (43) sec
[700] Max 5790 (2399) steps (0.0007 hrs) 0.00:-8016.61 23780 (45) sec
[701] Max 5790 (1109) steps (0.0003 hrs) 0.00:-8016.61 23802 (22) sec
[702] Max 5790 (1617) steps (0.0004 hrs) 0.00:-8016.61 23823 (21) sec
[703] Max 5790 (299) steps (0.0001 hrs) 0.00:-8016.61 23844 (21) sec
[704] Max 5790 (1569) steps (0.0004 hrs) 0.00:-8016.61 23871 (27) sec
[705] Max 5790 (266) steps (0.0001 hrs) 0.00:-8016.61 23892 (21) sec
[706] Max 5790 (1249) steps (0.0003 hrs) 0.00:-8016.61 23914 (22) sec
[707] Max 5790 (1869) steps (0.0005 hrs) 0.00:-8016.61 23960 (46) sec
[708] Max 5790 (1462) steps (0.0004 hrs) 0.00:-8016.61 23982 (22) sec
[709] Max 5790 (606) steps (0.0002 hrs) 0.00:-8016.61 24004 (22) sec
[710] Max 5790 (1811) steps (0.0005 hrs) 0.00:-8016.61 24047 (43) sec
[711] Max 5790 (3184) steps (0.0009 hrs) 0.00:-8016.61 24093 (46) sec
[712] Max 5790 (2440) steps (0.0007 hrs) 0.00:-8016.61 24138 (45) sec
[713] Max 5790 (969) steps (0.0003 hrs) 0.00:-8016.61 24160 (22) sec
[714] Max 5790 (1510) steps (0.0004 hrs) 0.00:-8016.61 24182 (22) sec
[715] Max 5790 (2423) steps (0.0007 hrs) 0.00:-8016.61 24228 (46) sec
[716] Max 5790 (1702) steps (0.0005 hrs) 0.00:-8016.61 24249 (21) sec
[717] Max 5790 (2197) steps (0.0006 hrs) 0.00:-8016.61 24295 (46) sec
[718] Max 5790 (1675) steps (0.0005 hrs) 0.00:-8016.61 24318 (23) sec
[719] Max 5790 (2119) steps (0.0006 hrs) 0.00:-8016.61 24363 (45) sec
[720] Max 5790 (2615) steps (0.0007 hrs) 0.00:-8016.61 24404 (41) sec
[721] Max 5790 (1259) steps (0.0003 hrs) 0.00:-8016.61 24425 (21) sec
[722] Max 5790 (899) steps (0.0002 hrs) 0.00:-8016.61 24448 (23) sec
[723] Max 5790 (2169) steps (0.0006 hrs) 0.00:-8016.61 24491 (43) sec
[724] Max 5790 (1997) steps (0.0006 hrs) 0.00:-8016.61 24537 (46) sec
[725] Max 5790 (2066) steps (0.0006 hrs) 0.00:-8016.61 24582 (45) sec
[726] Max 5790 (1292) steps (0.0004 hrs) 0.00:-8016.61 24605 (23) sec
[727] Max 5790 (1213) steps (0.0003 hrs) 0.00:-8016.61 24627 (22) sec
[728] Max 5790 (2251) steps (0.0006 hrs) 0.00:-8016.61 24673 (46) sec
[729] Max 5790 (1260) steps (0.0004 hrs) 0.00:-8016.61 24695 (22) sec
[730] Max 5790 (1963) steps (0.0005 hrs) 0.00:-8016.61 24740 (45) sec
[731] Max 5790 (1001) steps (0.0003 hrs) 0.00:-8016.61 24762 (22) sec
[732] Max 5790 (1058) steps (0.0003 hrs) 0.00:-8016.61 24784 (22) sec
[733] Max 5790 (218) steps (0.0001 hrs) 0.00:-8016.61 24805 (21) sec
[734] Max 5790 (2681) steps (0.0007 hrs) 0.00:-8016.61 24840 (35) sec
[735] Max 5790 (303) steps (0.0001 hrs) 0.00:-8016.61 24862 (22) sec
[736] Max 5790 (1343) steps (0.0004 hrs) 0.00:-8016.61 24884 (22) sec
[737] Max 5790 (2387) steps (0.0007 hrs) 0.00:-8016.61 24931 (47) sec
[738] Max 5790 (535) steps (0.0001 hrs) 0.00:-8016.61 24952 (21) sec
[739] Max 5790 (2154) steps (0.0006 hrs) 0.00:-8016.61 24988 (36) sec
[740] Max 5790 (328) steps (0.0001 hrs) 0.00:-8016.61 25009 (21) sec
[741] Max 5790 (536) steps (0.0001 hrs) 0.00:-8016.61 25031 (22) sec
[742] Max 5790 (2309) steps (0.0006 hrs) 0.00:-8016.61 25077 (46) sec
[743] Max 5790 (3357) steps (0.0009 hrs) 0.00:-8016.61 25111 (34) sec
[744] Max 5790 (1266) steps (0.0004 hrs) 0.00:-8016.61 25132 (21) sec
[745] Max 5790 (1639) steps (0.0005 hrs) 0.00:-8016.61 25162 (30) sec
[746] Max 5790 (1254) steps (0.0003 hrs) 0.00:-8016.61 25183 (21) sec
[747] Max 5790 (1920) steps (0.0005 hrs) 0.00:-8016.61 25229 (46) sec
[748] Max 5790 (1566) steps (0.0004 hrs) 0.00:-8016.61 25250 (21) sec
[749] Max 5790 (1215) steps (0.0003 hrs) 0.00:-8016.61 25272 (22) sec
[750] Max 5790 (2507) steps (0.0007 hrs) 0.00:-8016.61 25318 (46) sec
[751] Max 5790 (1161) steps (0.0003 hrs) 0.00:-8016.61 25340 (22) sec
[752] Max 5790 (345) steps (0.0001 hrs) 0.00:-8016.61 25361 (21) sec
[753] Max 5790 (1804) steps (0.0005 hrs) 0.00:-8016.61 25403 (42) sec
[754] Max 5790 (630) steps (0.0002 hrs) 0.00:-8016.61 25424 (21) sec
[755] Max 5790 (495) steps (0.0001 hrs) 0.00:-8016.61 25445 (21) sec
[756] Max 5790 (995) steps (0.0003 hrs) 0.00:-8016.61 25467 (22) sec
[757] Max 5790 (772) steps (0.0002 hrs) 0.00:-8016.61 25488 (21) sec
[758] Max 5790 (658) steps (0.0002 hrs) 0.00:-8016.61 25510 (22) sec
[759] Max 5790 (1931) steps (0.0005 hrs) 0.00:-8016.61 25555 (45) sec
[760] Max 5790 (1449) steps (0.0004 hrs) 0.00:-8016.61 25578 (23) sec
[761] Max 5790 (206) steps (0.0001 hrs) 0.00:-8016.61 25599 (21) sec
[762] Max 5790 (3565) steps (0.0010 hrs) 0.00:-8016.61 25640 (41) sec
[763] Max 5790 (228) steps (0.0001 hrs) 0.00:-8016.61 25662 (22) sec
[764] Max 5790 (409) steps (0.0001 hrs) 0.00:-8016.61 25683 (21) sec
[765] Max 5790 (317) steps (0.0001 hrs) 0.00:-8016.61 25705 (22) sec
[766] Max 5790 (251) steps (0.0001 hrs) 0.00:-8016.61 25726 (21) sec
[767] Max 5790 (483) steps (0.0001 hrs) 0.00:-8016.61 25748 (22) sec
[768] Max 5790 (1540) steps (0.0004 hrs) 0.00:-8016.61 25769 (21) sec
[769] Max 5790 (2189) steps (0.0006 hrs) 0.00:-8016.61 25815 (46) sec
[770] Max 5790 (307) steps (0.0001 hrs) 0.00:-8016.61 25837 (22) sec
[771] Max 5790 (1071) steps (0.0003 hrs) 0.00:-8016.61 25859 (22) sec
[772] Max 5790 (1038) steps (0.0003 hrs) 0.00:-8016.61 25880 (21) sec
[773] Max 5790 (523) steps (0.0001 hrs) 0.00:-8016.61 25901 (21) sec
[774] Max 5790 (3144) steps (0.0009 hrs) 0.00:-8016.61 25951 (50) sec
[775] Max 5790 (2175) steps (0.0006 hrs) 0.00:-8016.61 25995 (44) sec
[776] Max 5790 (3201) steps (0.0009 hrs) 0.00:-8016.61 26041 (46) sec
[777] Max 5790 (2365) steps (0.0007 hrs) 0.00:-8016.61 26085 (44) sec
[778] Max 5790 (2646) steps (0.0007 hrs) 0.00:-8016.61 26127 (42) sec
[779] Max 5790 (997) steps (0.0003 hrs) 0.00:-8016.61 26149 (22) sec
[780] Max 5790 (2412) steps (0.0007 hrs) 0.00:-8016.61 26195 (46) sec
[781] Max 5790 (2234) steps (0.0006 hrs) 0.00:-8016.61 26241 (46) sec
[782] Max 5790 (2091) steps (0.0006 hrs) 0.00:-8016.61 26286 (45) sec
[783] Max 5790 (611) steps (0.0002 hrs) 0.00:-8016.61 26308 (22) sec
[784] Max 5790 (2390) steps (0.0007 hrs) 0.00:-8016.61 26340 (32) sec
[785] Max 5790 (2392) steps (0.0007 hrs) 0.00:-8016.61 26363 (23) sec
[786] Max 5790 (294) steps (0.0001 hrs) 0.00:-8016.61 26385 (22) sec
[787] Max 5790 (2146) steps (0.0006 hrs) 0.00:-8016.61 26425 (40) sec
[788] Max 5790 (1350) steps (0.0004 hrs) 0.00:-8016.61 26447 (22) sec
[789] Max 5790 (386) steps (0.0001 hrs) 0.00:-8016.61 26468 (21) sec
[790] Max 5790 (1622) steps (0.0005 hrs) 0.00:-8016.61 26492 (24) sec
[791] Max 5790 (581) steps (0.0002 hrs) 0.00:-8016.61 26514 (22) sec
[792] Max 5790 (2237) steps (0.0006 hrs) 0.00:-8016.61 26546 (32) sec
[793] Max 5790 (2062) steps (0.0006 hrs) 0.00:-8016.61 26591 (45) sec
[794] Max 5790 (276) steps (0.0001 hrs) 0.00:-8016.61 26612 (21) sec
[795] Max 5790 (687) steps (0.0002 hrs) 0.00:-8016.61 26633 (21) sec
[796] Max 5790 (211) steps (0.0001 hrs) 0.00:-8016.61 26654 (21) sec
[797] Max 5790 (1479) steps (0.0004 hrs) 0.00:-8016.61 26678 (24) sec
[798] Max 5790 (2195) steps (0.0006 hrs) 0.00:-8016.61 26724 (46) sec
[799] Max 5790 (2324) steps (0.0006 hrs) 0.00:-8016.61 26771 (47) sec
[800] Max 5790 (387) steps (0.0001 hrs) 0.00:-8016.61 26792 (21) sec
[801] Max 5790 (3693) steps (0.0010 hrs) 0.00:-8016.61 26841 (49) sec
[802] Max 5790 (1314) steps (0.0004 hrs) 0.00:-8016.61 26864 (23) sec
[803] Max 5790 (2393) steps (0.0007 hrs) 0.00:-8016.61 26887 (23) sec
[804] Max 5790 (1376) steps (0.0004 hrs) 0.00:-8016.61 26910 (23) sec
[805] Max 5790 (881) steps (0.0002 hrs) 0.00:-8016.61 26932 (22) sec
[806] Max 5790 (758) steps (0.0002 hrs) 0.00:-8016.61 26953 (21) sec
[807] Max 5790 (548) steps (0.0002 hrs) 0.00:-8016.61 26975 (22) sec
[808] Max 5790 (2029) steps (0.0006 hrs) 0.00:-8016.61 27008 (33) sec
[809] Max 5790 (2110) steps (0.0006 hrs) 0.00:-8016.61 27046 (38) sec
[810] Max 5790 (851) steps (0.0002 hrs) 0.00:-8016.61 27068 (22) sec
[811] Max 5790 (2188) steps (0.0006 hrs) 0.00:-8016.61 27092 (24) sec
[812] Max 5790 (2297) steps (0.0006 hrs) 0.00:-8016.61 27113 (21) sec
[813] Max 5790 (706) steps (0.0002 hrs) 0.00:-8016.61 27135 (22) sec
[814] Max 5790 (1767) steps (0.0005 hrs) 0.00:-8016.61 27165 (30) sec
[815] Max 5790 (538) steps (0.0001 hrs) 0.00:-8016.61 27186 (21) sec
[816] Max 5790 (1860) steps (0.0005 hrs) 0.00:-8016.61 27207 (21) sec
[817] Max 5790 (365) steps (0.0001 hrs) 0.00:-8016.61 27228 (21) sec
[818] Max 5790 (2521) steps (0.0007 hrs) 0.00:-8016.61 27272 (44) sec
[819] Max 5790 (1638) steps (0.0005 hrs) 0.00:-8016.61 27295 (23) sec
[820] Max 5790 (1888) steps (0.0005 hrs) 0.00:-8016.61 27318 (23) sec
[821] Max 5790 (2221) steps (0.0006 hrs) 0.00:-8016.61 27364 (46) sec
[822] Max 5790 (2190) steps (0.0006 hrs) 0.00:-8016.61 27409 (45) sec
[823] Max 5790 (883) steps (0.0002 hrs) 0.00:-8016.61 27431 (22) sec
[824] Max 5790 (222) steps (0.0001 hrs) 0.00:-8016.61 27453 (22) sec
[825] Max 5790 (497) steps (0.0001 hrs) 0.00:-8016.61 27474 (21) sec
[826] Max 5790 (3358) steps (0.0009 hrs) 0.00:-8016.61 27506 (32) sec
[827] Max 5790 (973) steps (0.0003 hrs) 0.00:-8016.61 27528 (22) sec
[828] Max 5790 (2073) steps (0.0006 hrs) 0.00:-8016.61 27556 (28) sec
[829] Max 5790 (310) steps (0.0001 hrs) 0.00:-8016.61 27577 (21) sec
[830] Max 5790 (602) steps (0.0002 hrs) 0.00:-8016.61 27599 (22) sec
[831] Max 5790 (1767) steps (0.0005 hrs) 0.00:-8016.61 27623 (24) sec
[832] Max 5790 (265) steps (0.0001 hrs) 0.00:-8016.61 27644 (21) sec
[833] Max 5790 (756) steps (0.0002 hrs) 0.00:-8016.61 27666 (22) sec
[834] Max 5790 (2213) steps (0.0006 hrs) 0.00:-8016.61 27712 (46) sec
[835] Max 5790 (324) steps (0.0001 hrs) 0.00:-8016.61 27733 (21) sec
[836] Max 5790 (1023) steps (0.0003 hrs) 0.00:-8016.61 27754 (21) sec
[837] Max 5790 (1953) steps (0.0005 hrs) 0.00:-8016.61 27799 (45) sec
[838] Max 5790 (1320) steps (0.0004 hrs) 0.00:-8016.61 27821 (22) sec
[839] Max 5790 (1084) steps (0.0003 hrs) 0.00:-8016.61 27845 (24) sec
[840] Max 5790 (1554) steps (0.0004 hrs) 0.00:-8016.61 27868 (23) sec
[841] Max 5790 (489) steps (0.0001 hrs) 0.00:-8016.61 27889 (21) sec
[842] Max 5790 (3084) steps (0.0009 hrs) 0.00:-8016.61 27943 (54) sec
[843] Max 5790 (1868) steps (0.0005 hrs) 0.00:-8016.61 27976 (33) sec
[844] Max 5790 (1057) steps (0.0003 hrs) 0.00:-8016.61 28000 (24) sec
[845] Max 5790 (1178) steps (0.0003 hrs) 0.00:-8016.61 28023 (23) sec
[846] Max 5790 (274) steps (0.0001 hrs) 0.00:-8016.61 28049 (26) sec
[847] Max 5790 (540) steps (0.0002 hrs) 0.00:-8016.61 28074 (25) sec
[848] Max 5790 (566) steps (0.0002 hrs) 0.00:-8016.61 28101 (27) sec
[849] Max 5790 (562) steps (0.0002 hrs) 0.00:-8016.61 28126 (25) sec
[850] Max 5790 (2294) steps (0.0006 hrs) 0.00:-8016.61 28372 (246) sec
[851] Max 5790 (2418) steps (0.0007 hrs) 0.00:-8016.61 28562 (190) sec
[852] Max 5790 (2289) steps (0.0006 hrs) 0.00:-8016.61 28702 (140) sec
[853] Max 5790 (740) steps (0.0002 hrs) 0.00:-8016.61 28777 (75) sec
[854] Max 5790 (2267) steps (0.0006 hrs) 0.00:-8016.61 28890 (113) sec
[855] Max 5790 (535) steps (0.0001 hrs) 0.00:-8016.61 28993 (103) sec
[856] Max 5790 (2157) steps (0.0006 hrs) 0.00:-8016.61 29170 (177) sec
[857] Max 5790 (2095) steps (0.0006 hrs) 0.00:-8016.61 29216 (46) sec
[858] Max 5790 (1950) steps (0.0005 hrs) 0.00:-8016.61 29244 (28) sec
[859] Max 5790 (2322) steps (0.0006 hrs) 0.00:-8016.61 29289 (45) sec
[860] Max 5790 (1309) steps (0.0004 hrs) 0.00:-8016.61 29312 (23) sec
[861] Max 5790 (2197) steps (0.0006 hrs) 0.00:-8016.61 29355 (43) sec
[862] Max 5790 (645) steps (0.0002 hrs) 0.00:-8016.61 29376 (21) sec
[863] Max 5790 (1117) steps (0.0003 hrs) 0.00:-8016.61 29398 (22) sec
[864] Max 5790 (2759) steps (0.0008 hrs) 0.00:-8016.61 29445 (47) sec
[865] Max 5790 (931) steps (0.0003 hrs) 0.00:-8016.61 29467 (22) sec
[866] Max 5790 (292) steps (0.0001 hrs) 0.00:-8016.61 29489 (22) sec
[867] Max 5790 (1339) steps (0.0004 hrs) 0.00:-8016.61 29510 (21) sec
[868] Max 5790 (2169) steps (0.0006 hrs) 0.00:-8016.61 29545 (35) sec
[869] Max 5790 (2485) steps (0.0007 hrs) 0.00:-8016.61 29571 (26) sec
[870] Max 5790 (1692) steps (0.0005 hrs) 0.00:-8016.61 29593 (22) sec
[871] Max 5790 (584) steps (0.0002 hrs) 0.00:-8016.61 29614 (21) sec
[872] Max 5790 (2572) steps (0.0007 hrs) 0.00:-8016.61 29660 (46) sec
[873] Max 5790 (915) steps (0.0003 hrs) 0.00:-8016.61 29682 (22) sec
[874] Max 5790 (2172) steps (0.0006 hrs) 0.00:-8016.61 29719 (37) sec
[875] Max 5790 (1863) steps (0.0005 hrs) 0.00:-8016.61 29741 (22) sec
[876] Max 5790 (2072) steps (0.0006 hrs) 0.00:-8016.61 29787 (46) sec
[877] Max 5790 (2103) steps (0.0006 hrs) 0.00:-8016.61 29812 (25) sec
[878] Max 5790 (2154) steps (0.0006 hrs) 0.00:-8016.61 29844 (32) sec
[879] Max 5790 (447) steps (0.0001 hrs) 0.00:-8016.61 29865 (21) sec
[880] Max 5790 (1667) steps (0.0005 hrs) 0.00:-8016.61 29888 (23) sec
[881] Max 5790 (1023) steps (0.0003 hrs) 0.00:-8016.61 29910 (22) sec
[882] Max 5790 (387) steps (0.0001 hrs) 0.00:-8016.61 29931 (21) sec
[883] Max 5790 (368) steps (0.0001 hrs) 0.00:-8016.61 29952 (21) sec
[884] Max 5790 (2780) steps (0.0008 hrs) 0.00:-8016.61 29999 (47) sec
[885] Max 5790 (911) steps (0.0003 hrs) 0.00:-8016.61 30020 (21) sec
[886] Max 5790 (1518) steps (0.0004 hrs) 0.00:-8016.61 30042 (22) sec
[887] Max 5790 (2525) steps (0.0007 hrs) 0.00:-8016.61 30086 (44) sec
[888] Max 5790 (2575) steps (0.0007 hrs) 0.00:-8016.61 30131 (45) sec
[889] Max 5790 (2040) steps (0.0006 hrs) 0.00:-8016.61 30177 (46) sec
[890] Max 5790 (905) steps (0.0003 hrs) 0.00:-8016.61 30199 (22) sec
[891] Max 5790 (694) steps (0.0002 hrs) 0.00:-8016.61 30220 (21) sec
[892] Max 5790 (1943) steps (0.0005 hrs) 0.00:-8016.61 30254 (34) sec
[893] Max 5790 (1166) steps (0.0003 hrs) 0.00:-8016.61 30276 (22) sec
[894] Max 5790 (1112) steps (0.0003 hrs) 0.00:-8016.61 30297 (21) sec
[895] Max 5790 (2378) steps (0.0007 hrs) 0.00:-8016.61 30343 (46) sec
[896] Max 5790 (1889) steps (0.0005 hrs) 0.00:-8016.61 30389 (46) sec
[897] Max 5790 (707) steps (0.0002 hrs) 0.00:-8016.61 30410 (21) sec
[898] Max 5790 (1966) steps (0.0005 hrs) 0.00:-8016.61 30455 (45) sec
[899] Max 5790 (2528) steps (0.0007 hrs) 0.00:-8016.61 30500 (45) sec
[900] Max 5790 (1546) steps (0.0004 hrs) 0.00:-8016.61 30524 (24) sec
[901] Max 5790 (2177) steps (0.0006 hrs) 0.00:-8016.61 30546 (22) sec
[902] Max 5790 (264) steps (0.0001 hrs) 0.00:-8016.61 30567 (21) sec
[903] Max 5790 (1158) steps (0.0003 hrs) 0.00:-8016.61 30590 (23) sec
[904] Max 5790 (1938) steps (0.0005 hrs) 0.00:-8016.61 30636 (46) sec
[905] Max 5790 (3560) steps (0.0010 hrs) 0.00:-8016.61 30670 (34) sec
[906] Max 5790 (489) steps (0.0001 hrs) 0.00:-8016.61 30691 (21) sec
[907] Max 5790 (381) steps (0.0001 hrs) 0.00:-8016.61 30712 (21) sec
[908] Max 5790 (2719) steps (0.0008 hrs) 0.00:-8016.61 30750 (38) sec
[909] Max 5790 (255) steps (0.0001 hrs) 0.00:-8016.61 30771 (21) sec
[910] Max 5790 (772) steps (0.0002 hrs) 0.00:-8016.61 30793 (22) sec
[911] Max 5790 (1220) steps (0.0003 hrs) 0.00:-8016.61 30814 (21) sec
[912] Max 5790 (353) steps (0.0001 hrs) 0.00:-8016.61 30835 (21) sec
[913] Max 5790 (413) steps (0.0001 hrs) 0.00:-8016.61 30857 (22) sec
[914] Max 5790 (620) steps (0.0002 hrs) 0.00:-8016.61 30878 (21) sec
[915] Max 5790 (827) steps (0.0002 hrs) 0.00:-8016.61 30900 (22) sec
[916] Max 5790 (332) steps (0.0001 hrs) 0.00:-8016.61 30921 (21) sec
[917] Max 5790 (909) steps (0.0003 hrs) 0.00:-8016.61 30943 (22) sec
[918] Max 5790 (2104) steps (0.0006 hrs) 0.00:-8016.61 30989 (46) sec
[919] Max 5790 (1095) steps (0.0003 hrs) 0.00:-8016.61 31011 (22) sec
[920] Max 5790 (2088) steps (0.0006 hrs) 0.00:-8016.61 31057 (46) sec
[921] Max 5790 (1921) steps (0.0005 hrs) 0.00:-8016.61 31080 (23) sec
[922] Max 5790 (2338) steps (0.0006 hrs) 0.00:-8016.61 31127 (47) sec
[923] Max 5790 (2365) steps (0.0007 hrs) 0.00:-8016.61 31173 (46) sec
[924] Max 5790 (234) steps (0.0001 hrs) 0.00:-8016.61 31195 (22) sec
[925] Max 5790 (1486) steps (0.0004 hrs) 0.00:-8016.61 31216 (21) sec
[926] Max 5790 (2287) steps (0.0006 hrs) 0.00:-8016.61 31261 (45) sec
[927] Max 5790 (483) steps (0.0001 hrs) 0.00:-8016.61 31282 (21) sec
[928] Max 5790 (498) steps (0.0001 hrs) 0.00:-8016.61 31303 (21) sec
[929] Max 5790 (1361) steps (0.0004 hrs) 0.00:-8016.61 31326 (23) sec
[930] Max 5790 (2361) steps (0.0007 hrs) 0.00:-8016.61 31374 (48) sec
[931] Max 5790 (2511) steps (0.0007 hrs) 0.00:-8016.61 31402 (28) sec
[932] Max 5790 (2631) steps (0.0007 hrs) 0.00:-8016.61 31447 (45) sec
[933] Max 5790 (784) steps (0.0002 hrs) 0.00:-8016.61 31468 (21) sec
[934] Max 5790 (1199) steps (0.0003 hrs) 0.00:-8016.61 31489 (21) sec
[935] Max 5790 (581) steps (0.0002 hrs) 0.00:-8016.61 31510 (21) sec
[936] Max 5790 (1830) steps (0.0005 hrs) 0.00:-8016.61 31533 (23) sec
[937] Max 5790 (2275) steps (0.0006 hrs) 0.00:-8016.61 31573 (40) sec
[938] Max 5790 (1906) steps (0.0005 hrs) 0.00:-8016.61 31594 (21) sec
[939] Max 5790 (1337) steps (0.0004 hrs) 0.00:-8016.61 31617 (23) sec
[940] Max 5790 (1597) steps (0.0004 hrs) 0.00:-8016.61 31643 (26) sec
[941] Max 5790 (1093) steps (0.0003 hrs) 0.00:-8016.61 31664 (21) sec
[942] Max 5790 (1581) steps (0.0004 hrs) 0.00:-8016.61 31687 (23) sec
[943] Max 5790 (2266) steps (0.0006 hrs) 0.00:-8016.61 31732 (45) sec
[944] Max 5790 (603) steps (0.0002 hrs) 0.00:-8016.61 31753 (21) sec
[945] Max 5790 (874) steps (0.0002 hrs) 0.00:-8016.61 31774 (21) sec
[946] Max 5790 (3453) steps (0.0010 hrs) 0.00:-8016.61 31814 (40) sec
[947] Max 5790 (3139) steps (0.0009 hrs) 0.00:-8016.61 31845 (31) sec
[948] Max 5790 (1926) steps (0.0005 hrs) 0.00:-8016.61 31890 (45) sec
[949] Max 5790 (2136) steps (0.0006 hrs) 0.00:-8016.61 31915 (25) sec
[950] Max 5790 (1047) steps (0.0003 hrs) 0.00:-8016.61 31937 (22) sec
[951] Max 5790 (875) steps (0.0002 hrs) 0.00:-8016.61 31958 (21) sec
[952] Max 5790 (1953) steps (0.0005 hrs) 0.00:-8016.61 31991 (33) sec
[953] Max 5790 (1001) steps (0.0003 hrs) 0.00:-8016.61 32012 (21) sec
[954] Max 5790 (2877) steps (0.0008 hrs) 0.00:-8016.61 32033 (21) sec
[955] Max 5790 (2137) steps (0.0006 hrs) 0.00:-8016.61 32067 (34) sec
[956] Max 5790 (746) steps (0.0002 hrs) 0.00:-8016.61 32088 (21) sec
[957] Max 5790 (2425) steps (0.0007 hrs) 0.00:-8016.61 32133 (45) sec
[958] Max 5790 (1407) steps (0.0004 hrs) 0.00:-8016.61 32155 (22) sec
[959] Max 5790 (609) steps (0.0002 hrs) 0.00:-8016.61 32176 (21) sec
[960] Max 5790 (1142) steps (0.0003 hrs) 0.00:-8016.61 32198 (22) sec
[961] Max 5790 (538) steps (0.0001 hrs) 0.00:-8016.61 32219 (21) sec
[962] Max 5790 (910) steps (0.0003 hrs) 0.00:-8016.61 32240 (21) sec
[963] Max 5790 (2992) steps (0.0008 hrs) 0.00:-8016.61 32266 (26) sec
[964] Max 5790 (1706) steps (0.0005 hrs) 0.00:-8016.61 32294 (28) sec
[965] Max 5790 (255) steps (0.0001 hrs) 0.00:-8016.61 32315 (21) sec
[966] Max 5790 (2480) steps (0.0007 hrs) 0.00:-8016.61 32337 (22) sec
[967] Max 5790 (760) steps (0.0002 hrs) 0.00:-8016.61 32359 (22) sec
[968] Max 5790 (1655) steps (0.0005 hrs) 0.00:-8016.61 32381 (22) sec
[969] Max 5790 (2452) steps (0.0007 hrs) 0.00:-8016.61 32403 (22) sec
[970] Max 5790 (990) steps (0.0003 hrs) 0.00:-8016.61 32424 (21) sec
[971] Max 5790 (4109) steps (0.0011 hrs) 0.00:-8016.61 32445 (21) sec
[972] Max 5790 (487) steps (0.0001 hrs) 0.00:-8016.61 32466 (21) sec
[973] Max 5790 (1644) steps (0.0005 hrs) 0.00:-8016.61 32488 (22) sec
[974] Max 5790 (1318) steps (0.0004 hrs) 0.00:-8016.61 32510 (22) sec
[975] Max 5790 (690) steps (0.0002 hrs) 0.00:-8016.61 32532 (22) sec
[976] Max 5790 (992) steps (0.0003 hrs) 0.00:-8016.61 32553 (21) sec
[977] Max 5790 (1668) steps (0.0005 hrs) 0.00:-8016.61 32575 (22) sec
[978] Max 5790 (1824) steps (0.0005 hrs) 0.00:-8016.61 32602 (27) sec
[979] Max 5790 (320) steps (0.0001 hrs) 0.00:-8016.61 32623 (21) sec
[980] Max 5790 (1579) steps (0.0004 hrs) 0.00:-8016.61 32649 (26) sec
[981] Max 5790 (2116) steps (0.0006 hrs) 0.00:-8016.61 32694 (45) sec
[982] Max 5790 (2188) steps (0.0006 hrs) 0.00:-8016.61 32715 (21) sec
[983] Max 5790 (550) steps (0.0002 hrs) 0.00:-8016.61 32736 (21) sec
[984] Max 5790 (2396) steps (0.0007 hrs) 0.00:-8016.61 32782 (46) sec
[985] Max 5790 (1732) steps (0.0005 hrs) 0.00:-8016.61 32803 (21) sec
[986] Max 5790 (2666) steps (0.0007 hrs) 0.00:-8016.61 32848 (45) sec
[987] Max 5790 (1774) steps (0.0005 hrs) 0.00:-8016.61 32869 (21) sec
[988] Max 5790 (1089) steps (0.0003 hrs) 0.00:-8016.61 32891 (22) sec
[989] Max 5790 (2014) steps (0.0006 hrs) 0.00:-8016.61 32927 (36) sec
[990] Max 5790 (511) steps (0.0001 hrs) 0.00:-8016.61 32948 (21) sec
[991] Max 5790 (1054) steps (0.0003 hrs) 0.00:-8016.61 32969 (21) sec
[992] Max 5790 (2820) steps (0.0008 hrs) 0.00:-8016.61 33015 (46) sec
[993] Max 5790 (2513) steps (0.0007 hrs) 0.00:-8016.61 33055 (40) sec
[994] Max 5790 (1831) steps (0.0005 hrs) 0.00:-8016.61 33080 (25) sec
[995] Max 5790 (887) steps (0.0002 hrs) 0.00:-8016.61 33101 (21) sec
[996] Max 5790 (2002) steps (0.0006 hrs) 0.00:-8016.61 33130 (29) sec
[997] Max 5790 (652) steps (0.0002 hrs) 0.00:-8016.61 33151 (21) sec
[998] Max 5790 (2546) steps (0.0007 hrs) 0.00:-8016.61 33193 (42) sec
[999] Max 5790 (2171) steps (0.0006 hrs) 0.00:-8016.61 33229 (36) sec
[1000] Max 5790 (1075) steps (0.0003 hrs) 0.00:-8016.61 33250 (21) sec
Total Elapsed time: 33250 seconds
Wrote current data to latest.train
