balanced 0 test_flag 0
[1] Max 2621 (2621) steps (0.0007 hrs) 0.00:-8001.47 56 (56) sec
[2] Max 2621 (1354) steps (0.0004 hrs) 0.00:-8000.98 85 (29) sec
[3] Max 2621 (2198) steps (0.0006 hrs) 0.00:-8000.98 119 (34) sec
[4] Max 3536 (3536) steps (0.0010 hrs) 0.00:-8000.98 148 (29) sec
[5] Max 3536 (2653) steps (0.0007 hrs) 0.00:-8000.98 206 (58) sec
[6] Max 3536 (2188) steps (0.0006 hrs) 0.00:-8000.98 262 (56) sec
[7] Max 3536 (2163) steps (0.0006 hrs) 0.00:-8000.98 320 (58) sec
[8] Max 3536 (2102) steps (0.0006 hrs) 0.00:-8000.98 378 (58) sec
[9] Max 3536 (899) steps (0.0002 hrs) 0.00:-8000.98 406 (28) sec
[10] Max 3536 (2029) steps (0.0006 hrs) 0.00:-8000.98 464 (58) sec
[11] Max 3536 (1312) steps (0.0004 hrs) 0.00:-8000.98 496 (32) sec
[12] Max 3536 (204) steps (0.0001 hrs) 0.00:-8000.98 524 (28) sec
[13] Max 3536 (2386) steps (0.0007 hrs) 0.00:-8000.98 581 (57) sec
[14] Max 3536 (980) steps (0.0003 hrs) 0.00:-8000.98 610 (29) sec
[15] Max 3536 (2263) steps (0.0006 hrs) 0.00:-8000.98 653 (43) sec
[16] Max 3536 (1367) steps (0.0004 hrs) 0.00:-8000.98 681 (28) sec
[17] Max 3536 (1385) steps (0.0004 hrs) 0.00:-8000.98 710 (29) sec
[18] Max 3536 (2060) steps (0.0006 hrs) 0.00:-8000.98 753 (43) sec
[19] Max 3536 (2010) steps (0.0006 hrs) 0.00:-8000.98 813 (60) sec
[20] Max 3536 (585) steps (0.0002 hrs) 0.00:-8000.98 841 (28) sec
[21] Max 3536 (1050) steps (0.0003 hrs) 0.00:-8000.98 870 (29) sec
[22] Max 3536 (876) steps (0.0002 hrs) 0.00:-8000.98 899 (29) sec
[23] Max 3536 (861) steps (0.0002 hrs) 0.00:-8000.98 928 (29) sec
[24] Max 3536 (1849) steps (0.0005 hrs) 0.00:-8000.98 973 (45) sec
[25] Max 3536 (204) steps (0.0001 hrs) 0.00:-8000.98 1000 (27) sec
[26] Max 3536 (266) steps (0.0001 hrs) 0.00:-8000.98 1028 (28) sec
[27] Max 3536 (2208) steps (0.0006 hrs) 0.00:-8000.98 1064 (36) sec
[28] Max 3536 (2066) steps (0.0006 hrs) 0.00:-8000.98 1093 (29) sec
[29] Max 3536 (1932) steps (0.0005 hrs) 0.00:-8000.98 1135 (42) sec
[30] Max 3536 (1387) steps (0.0004 hrs) 0.00:-8000.98 1164 (29) sec
[31] Max 3536 (1642) steps (0.0005 hrs) 0.00:-8000.98 1199 (35) sec
[32] Max 3536 (2066) steps (0.0006 hrs) 0.00:-8000.98 1230 (31) sec
[33] Max 3536 (640) steps (0.0002 hrs) 0.00:-8000.98 1258 (28) sec
[34] Max 3536 (288) steps (0.0001 hrs) 0.00:-8000.98 1286 (28) sec
[35] Max 3536 (1885) steps (0.0005 hrs) 0.00:-8000.98 1320 (34) sec
[36] Max 3536 (2908) steps (0.0008 hrs) 0.00:-8000.98 1370 (50) sec
[37] Max 3536 (775) steps (0.0002 hrs) 0.00:-8000.98 1398 (28) sec
[38] Max 3536 (2352) steps (0.0007 hrs) 0.00:-8000.98 1454 (56) sec
[39] Max 4343 (4343) steps (0.0012 hrs) 0.00:-8000.98 1516 (62) sec
[40] Max 4343 (690) steps (0.0002 hrs) 0.00:-8000.98 1545 (29) sec
[41] Max 4343 (1053) steps (0.0003 hrs) 0.00:-8000.98 1574 (29) sec
[42] Max 4343 (2932) steps (0.0008 hrs) 0.00:-8000.98 1632 (58) sec
[43] Max 4343 (600) steps (0.0002 hrs) 0.00:-8000.98 1660 (28) sec
[44] Max 4343 (227) steps (0.0001 hrs) 0.00:-8000.98 1688 (28) sec
[45] Max 4343 (2020) steps (0.0006 hrs) 0.00:-8000.98 1721 (33) sec
[46] Max 4343 (2879) steps (0.0008 hrs) 0.00:-8000.98 1776 (55) sec
[47] Max 4343 (221) steps (0.0001 hrs) 0.00:-8000.98 1804 (28) sec
[48] Max 4343 (619) steps (0.0002 hrs) 0.00:-8000.98 1832 (28) sec
[49] Max 4343 (1491) steps (0.0004 hrs) 0.00:-8000.98 1861 (29) sec
[50] Max 4343 (3016) steps (0.0008 hrs) 0.00:-8000.98 1918 (57) sec
[51] Max 4343 (1022) steps (0.0003 hrs) 0.00:-8000.98 1946 (28) sec
[52] Max 4343 (2207) steps (0.0006 hrs) 0.00:-8000.98 1995 (49) sec
[53] Max 4343 (1614) steps (0.0004 hrs) 0.00:-8000.98 2023 (28) sec
[54] Max 4343 (1297) steps (0.0004 hrs) 0.00:-8000.98 2052 (29) sec
[55] Max 4343 (2043) steps (0.0006 hrs) 0.00:-8000.98 2098 (46) sec
[56] Max 4343 (871) steps (0.0002 hrs) 0.00:-8000.98 2126 (28) sec
[57] Max 4343 (670) steps (0.0002 hrs) 0.00:-8000.98 2154 (28) sec
[58] Max 4343 (1983) steps (0.0006 hrs) 0.00:-8000.98 2190 (36) sec
[59] Max 4343 (1158) steps (0.0003 hrs) 0.00:-8000.98 2219 (29) sec
[60] Max 4343 (1915) steps (0.0005 hrs) 0.00:-8000.98 2258 (39) sec
[61] Max 4343 (848) steps (0.0002 hrs) 0.00:-8000.98 2287 (29) sec
[62] Max 4343 (3143) steps (0.0009 hrs) 0.00:-8000.98 2341 (54) sec
[63] Max 4343 (328) steps (0.0001 hrs) 0.00:-8000.98 2372 (31) sec
[64] Max 4343 (1861) steps (0.0005 hrs) 0.00:-8000.98 2403 (31) sec
[65] Max 4343 (786) steps (0.0002 hrs) 0.00:-8000.98 2432 (29) sec
[66] Max 4343 (870) steps (0.0002 hrs) 0.00:-8000.98 2460 (28) sec
[67] Max 4343 (2549) steps (0.0007 hrs) 0.00:-8000.98 2517 (57) sec
[68] Max 4343 (1988) steps (0.0006 hrs) 0.00:-8000.98 2556 (39) sec
[69] Max 4343 (561) steps (0.0002 hrs) 0.00:-8000.98 2585 (29) sec
[70] Max 4343 (1942) steps (0.0005 hrs) 0.00:-8000.98 2616 (31) sec
[71] Max 4343 (372) steps (0.0001 hrs) 0.00:-8000.98 2644 (28) sec
[72] Max 4343 (261) steps (0.0001 hrs) 0.00:-8000.98 2672 (28) sec
[73] Max 4343 (561) steps (0.0002 hrs) 0.00:-8000.98 2700 (28) sec
[74] Max 4343 (1238) steps (0.0003 hrs) 0.00:-8000.98 2728 (28) sec
[75] Max 4343 (2138) steps (0.0006 hrs) 0.00:-8000.98 2781 (53) sec
[76] Max 4343 (3941) steps (0.0011 hrs) 0.00:-8000.98 2838 (57) sec
[77] Max 4343 (1177) steps (0.0003 hrs) 0.00:-8000.98 2867 (29) sec
[78] Max 4343 (1265) steps (0.0004 hrs) 0.00:-8000.98 2895 (28) sec
[79] Max 4343 (1001) steps (0.0003 hrs) 0.00:-8000.98 2924 (29) sec
[80] Max 4343 (1645) steps (0.0005 hrs) 0.00:-8000.98 2959 (35) sec
[81] Max 4343 (2572) steps (0.0007 hrs) 0.00:-8000.98 3013 (54) sec
[82] Max 4343 (2704) steps (0.0008 hrs) 0.00:-8000.98 3068 (55) sec
[83] Max 4343 (1347) steps (0.0004 hrs) 0.00:-8000.98 3096 (28) sec
[84] Max 4343 (1947) steps (0.0005 hrs) 0.00:-8000.98 3126 (30) sec
[85] Max 4343 (1998) steps (0.0006 hrs) 0.00:-8000.98 3181 (55) sec
[86] Max 4343 (1931) steps (0.0005 hrs) 0.00:-8000.98 3221 (40) sec
[87] Max 4343 (865) steps (0.0002 hrs) 0.00:-8000.98 3249 (28) sec
[88] Max 4343 (2175) steps (0.0006 hrs) 0.00:-8000.98 3308 (59) sec
[89] Max 4343 (2276) steps (0.0006 hrs) 0.00:-8000.98 3348 (40) sec
[90] Max 4343 (1153) steps (0.0003 hrs) 0.00:-8000.98 3377 (29) sec
[91] Max 4343 (2465) steps (0.0007 hrs) 0.00:-8000.98 3432 (55) sec
[92] Max 4343 (543) steps (0.0002 hrs) 0.00:-8000.98 3460 (28) sec
[93] Max 4343 (609) steps (0.0002 hrs) 0.00:-8000.98 3488 (28) sec
[94] Max 4343 (959) steps (0.0003 hrs) 0.00:-8000.98 3515 (27) sec
[95] Max 4343 (977) steps (0.0003 hrs) 0.00:-8000.98 3544 (29) sec
[96] Max 4343 (2738) steps (0.0008 hrs) 0.00:-8000.98 3600 (56) sec
[97] Max 4343 (2415) steps (0.0007 hrs) 0.00:-8000.98 3646 (46) sec
[98] Max 4343 (1988) steps (0.0006 hrs) 0.00:-8000.98 3679 (33) sec
[99] Max 4343 (1615) steps (0.0004 hrs) 0.00:-8000.98 3708 (29) sec
[100] Max 4343 (2407) steps (0.0007 hrs) 0.00:-8000.98 3748 (40) sec
[101] Max 4343 (288) steps (0.0001 hrs) 0.00:-8000.98 3777 (29) sec
[102] Max 4343 (2196) steps (0.0006 hrs) 0.00:-8000.98 3836 (59) sec
[103] Max 4343 (1530) steps (0.0004 hrs) 0.00:-8000.98 3865 (29) sec
[104] Max 4343 (668) steps (0.0002 hrs) 0.00:-8000.98 3893 (28) sec
[105] Max 4343 (2305) steps (0.0006 hrs) 0.00:-8000.98 3947 (54) sec
[106] Max 4343 (2660) steps (0.0007 hrs) 0.00:-8000.98 4005 (58) sec
[107] Max 4343 (669) steps (0.0002 hrs) 0.00:-8000.98 4033 (28) sec
[108] Max 4343 (940) steps (0.0003 hrs) 0.00:-8000.98 4064 (31) sec
[109] Max 4343 (2479) steps (0.0007 hrs) 0.00:-8000.98 4121 (57) sec
[110] Max 4343 (593) steps (0.0002 hrs) 0.00:-8000.98 4150 (29) sec
[111] Max 4343 (2296) steps (0.0006 hrs) 0.00:-8000.98 4207 (57) sec
[112] Max 4343 (1713) steps (0.0005 hrs) 0.00:-8000.98 4236 (29) sec
[113] Max 4343 (2405) steps (0.0007 hrs) 0.00:-8000.98 4293 (57) sec
[114] Max 4343 (875) steps (0.0002 hrs) 0.00:-8000.98 4321 (28) sec
[115] Max 4343 (1701) steps (0.0005 hrs) 0.00:-8000.98 4350 (29) sec
[116] Max 4343 (2379) steps (0.0007 hrs) 0.00:-8000.98 4407 (57) sec
[117] Max 4343 (2339) steps (0.0006 hrs) 0.00:-8000.98 4465 (58) sec
[118] Max 4343 (1998) steps (0.0006 hrs) 0.00:-8000.98 4520 (55) sec
[119] Max 4343 (2145) steps (0.0006 hrs) 0.00:-8000.98 4577 (57) sec
[120] Max 4343 (2217) steps (0.0006 hrs) 0.00:-8000.98 4621 (44) sec
[121] Max 4343 (498) steps (0.0001 hrs) 0.00:-8000.98 4649 (28) sec
[122] Max 4343 (2063) steps (0.0006 hrs) 0.00:-8000.98 4704 (55) sec
[123] Max 28454 (28454) steps (0.0079 hrs) 0.00:-8000.98 4783 (79) sec
[124] Max 28454 (697) steps (0.0002 hrs) 0.00:-8000.98 4811 (28) sec
[125] Max 28454 (491) steps (0.0001 hrs) 0.00:-8000.98 4840 (29) sec
[126] Max 28454 (3502) steps (0.0010 hrs) 0.00:-8000.98 4897 (57) sec
[127] Max 28454 (2337) steps (0.0006 hrs) 0.00:-8000.98 4955 (58) sec
[128] Max 28454 (450) steps (0.0001 hrs) 0.00:-8000.98 4983 (28) sec
[129] Max 28454 (964) steps (0.0003 hrs) 0.00:-8000.98 5012 (29) sec
[130] Max 28454 (2521) steps (0.0007 hrs) 0.00:-8000.98 5063 (51) sec
[131] Max 28454 (402) steps (0.0001 hrs) 0.00:-8000.98 5091 (28) sec
[132] Max 28454 (2364) steps (0.0007 hrs) 0.00:-8000.98 5147 (56) sec
[133] Max 28454 (667) steps (0.0002 hrs) 0.00:-8000.98 5176 (29) sec
[134] Max 28454 (2153) steps (0.0006 hrs) 0.00:-8000.98 5232 (56) sec
[135] Max 28454 (309) steps (0.0001 hrs) 0.00:-8000.98 5260 (28) sec
[136] Max 28454 (2533) steps (0.0007 hrs) 0.00:-8000.98 5317 (57) sec
[137] Max 28454 (2368) steps (0.0007 hrs) 0.00:-8000.98 5374 (57) sec
[138] Max 28454 (204) steps (0.0001 hrs) 0.00:-8000.98 5401 (27) sec
[139] Max 28454 (1773) steps (0.0005 hrs) 0.00:-8000.98 5457 (56) sec
[140] Max 28454 (1310) steps (0.0004 hrs) 0.00:-8000.98 5486 (29) sec
[141] Max 28454 (2329) steps (0.0006 hrs) 0.00:-8000.98 5542 (56) sec
[142] Max 28454 (2670) steps (0.0007 hrs) 0.00:-8000.98 5599 (57) sec
[143] Max 28454 (400) steps (0.0001 hrs) 0.00:-8000.98 5627 (28) sec
[144] Max 28454 (834) steps (0.0002 hrs) 0.00:-8000.98 5655 (28) sec
[145] Max 28454 (1509) steps (0.0004 hrs) 0.00:-8000.98 5687 (32) sec
[146] Max 28454 (1723) steps (0.0005 hrs) 0.00:-8000.98 5717 (30) sec
[147] Max 28454 (2687) steps (0.0007 hrs) 0.00:-8000.98 5772 (55) sec
[148] Max 28454 (359) steps (0.0001 hrs) 0.00:-8000.98 5800 (28) sec
[149] Max 28454 (2040) steps (0.0006 hrs) 0.00:-8000.98 5837 (37) sec
[150] Max 28454 (2363) steps (0.0007 hrs) 0.00:-8000.98 5892 (55) sec
[151] Max 28454 (353) steps (0.0001 hrs) 0.00:-8000.98 5920 (28) sec
[152] Max 28454 (212) steps (0.0001 hrs) 0.00:-8000.98 5949 (29) sec
[153] Max 28454 (1459) steps (0.0004 hrs) 0.00:-8000.98 5979 (30) sec
[154] Max 28454 (416) steps (0.0001 hrs) 0.00:-8000.98 6007 (28) sec
[155] Max 28454 (416) steps (0.0001 hrs) 0.00:-8000.98 6035 (28) sec
[156] Max 28454 (2781) steps (0.0008 hrs) 0.00:-8000.98 6084 (49) sec
[157] Max 28454 (2169) steps (0.0006 hrs) 0.00:-8000.98 6142 (58) sec
[158] Max 28454 (2758) steps (0.0008 hrs) 0.00:-8000.98 6200 (58) sec
[159] Max 28454 (596) steps (0.0002 hrs) 0.00:-8000.98 6228 (28) sec
[160] Max 28454 (1273) steps (0.0004 hrs) 0.00:-8000.98 6257 (29) sec
[161] Max 28454 (590) steps (0.0002 hrs) 0.00:-8000.98 6286 (29) sec
[162] Max 28454 (297) steps (0.0001 hrs) 0.00:-8000.98 6316 (30) sec
[163] Max 28454 (2825) steps (0.0008 hrs) 0.00:-8000.98 6355 (39) sec
[164] Max 28454 (1248) steps (0.0003 hrs) 0.00:-8000.98 6383 (28) sec
[165] Max 28454 (395) steps (0.0001 hrs) 0.00:-8000.98 6412 (29) sec
[166] Max 28454 (2773) steps (0.0008 hrs) 0.00:-8000.98 6469 (57) sec
[167] Max 28454 (2439) steps (0.0007 hrs) 0.00:-8000.98 6522 (53) sec
[168] Max 28454 (2930) steps (0.0008 hrs) 0.00:-8000.98 6579 (57) sec
[169] Max 28454 (2497) steps (0.0007 hrs) 0.00:-8000.98 6635 (56) sec
[170] Max 28454 (402) steps (0.0001 hrs) 0.00:-8000.98 6663 (28) sec
[171] Max 28454 (2359) steps (0.0007 hrs) 0.00:-8000.98 6720 (57) sec
[172] Max 28454 (2418) steps (0.0007 hrs) 0.00:-8000.98 6777 (57) sec
[173] Max 28454 (2066) steps (0.0006 hrs) 0.00:-8000.98 6806 (29) sec
[174] Max 28454 (854) steps (0.0002 hrs) 0.00:-8000.98 6835 (29) sec
[175] Max 28454 (547) steps (0.0002 hrs) 0.00:-8000.98 6863 (28) sec
[176] Max 28454 (1437) steps (0.0004 hrs) 0.00:-8000.98 6892 (29) sec
[177] Max 28454 (1912) steps (0.0005 hrs) 0.00:-8000.98 6946 (54) sec
[178] Max 28454 (2023) steps (0.0006 hrs) 0.00:-8000.98 6996 (50) sec
[179] Max 28454 (205) steps (0.0001 hrs) 0.00:-8000.98 7024 (28) sec
[180] Max 28454 (1997) steps (0.0006 hrs) 0.00:-8000.98 7081 (57) sec
[181] Max 28454 (3066) steps (0.0009 hrs) 0.00:-8000.98 7138 (57) sec
[182] Max 28454 (215) steps (0.0001 hrs) 0.00:-8000.98 7166 (28) sec
[183] Max 28454 (1688) steps (0.0005 hrs) 0.00:-8000.98 7195 (29) sec
[184] Max 28454 (960) steps (0.0003 hrs) 0.00:-8000.98 7223 (28) sec
[185] Max 28454 (2544) steps (0.0007 hrs) 0.00:-8000.98 7253 (30) sec
[186] Max 28454 (771) steps (0.0002 hrs) 0.00:-8000.98 7281 (28) sec
[187] Max 28454 (699) steps (0.0002 hrs) 0.00:-8000.98 7310 (29) sec
[188] Max 28454 (922) steps (0.0003 hrs) 0.00:-8000.98 7338 (28) sec
[189] Max 28454 (2648) steps (0.0007 hrs) 0.00:-8000.98 7396 (58) sec
[190] Max 28454 (1849) steps (0.0005 hrs) 0.00:-8000.98 7424 (28) sec
[191] Max 28454 (1858) steps (0.0005 hrs) 0.00:-8000.98 7482 (58) sec
[192] Max 28454 (2591) steps (0.0007 hrs) 0.00:-8000.98 7539 (57) sec
[193] Max 28454 (699) steps (0.0002 hrs) 0.00:-8000.98 7567 (28) sec
[194] Max 28454 (209) steps (0.0001 hrs) 0.00:-8000.98 7595 (28) sec
[195] Max 28454 (2304) steps (0.0006 hrs) 0.00:-8000.98 7650 (55) sec
[196] Max 28454 (886) steps (0.0002 hrs) 0.00:-8000.98 7681 (31) sec
[197] Max 28454 (507) steps (0.0001 hrs) 0.00:-8000.98 7709 (28) sec
[198] Max 28454 (445) steps (0.0001 hrs) 0.00:-8000.98 7737 (28) sec
[199] Max 28454 (1044) steps (0.0003 hrs) 0.00:-8000.98 7766 (29) sec
[200] Max 28454 (1059) steps (0.0003 hrs) 0.00:-8000.98 7793 (27) sec
[201] Max 28454 (1903) steps (0.0005 hrs) 0.00:-8000.98 7838 (45) sec
[202] Max 28454 (2563) steps (0.0007 hrs) 0.00:-8000.98 7896 (58) sec
[203] Max 28454 (1406) steps (0.0004 hrs) 0.00:-8000.98 7924 (28) sec
[204] Max 28454 (941) steps (0.0003 hrs) 0.00:-8000.98 7953 (29) sec
[205] Max 28454 (813) steps (0.0002 hrs) 0.00:-8000.98 7983 (30) sec
[206] Max 28454 (2141) steps (0.0006 hrs) 0.00:-8000.98 8031 (48) sec
[207] Max 28454 (2050) steps (0.0006 hrs) 0.00:-8000.98 8088 (57) sec
[208] Max 28454 (2229) steps (0.0006 hrs) 0.00:-8000.98 8144 (56) sec
[209] Max 28454 (761) steps (0.0002 hrs) 0.00:-8000.98 8172 (28) sec
[210] Max 28454 (1213) steps (0.0003 hrs) 0.00:-8000.98 8201 (29) sec
[211] Max 28454 (2854) steps (0.0008 hrs) 0.00:-8000.98 8257 (56) sec
[212] Max 28454 (2136) steps (0.0006 hrs) 0.00:-8000.98 8313 (56) sec
[213] Max 28454 (2261) steps (0.0006 hrs) 0.00:-8000.98 8369 (56) sec
[214] Max 28454 (2706) steps (0.0008 hrs) 0.00:-8000.98 8426 (57) sec
[215] Max 28454 (2882) steps (0.0008 hrs) 0.00:-8000.98 8483 (57) sec
[216] Max 28454 (1941) steps (0.0005 hrs) 0.00:-8000.98 8515 (32) sec
[217] Max 28454 (1918) steps (0.0005 hrs) 0.00:-8000.98 8572 (57) sec
[218] Max 28454 (1697) steps (0.0005 hrs) 0.00:-8000.98 8603 (31) sec
[219] Max 28454 (644) steps (0.0002 hrs) 0.00:-8000.98 8632 (29) sec
[220] Max 28454 (209) steps (0.0001 hrs) 0.00:-8000.98 8660 (28) sec
[221] Max 28454 (2255) steps (0.0006 hrs) 0.00:-8000.98 8716 (56) sec
[222] Max 28454 (2719) steps (0.0008 hrs) 0.00:-8000.98 8774 (58) sec
[223] Max 28454 (1183) steps (0.0003 hrs) 0.00:-8000.98 8802 (28) sec
[224] Max 28454 (205) steps (0.0001 hrs) 0.00:-8000.98 8830 (28) sec
[225] Max 28454 (1850) steps (0.0005 hrs) 0.00:-8000.98 8861 (31) sec
[226] Max 28454 (2037) steps (0.0006 hrs) 0.00:-8000.98 8918 (57) sec
[227] Max 28454 (2322) steps (0.0006 hrs) 0.00:-8000.98 8976 (58) sec
[228] Max 28454 (1990) steps (0.0006 hrs) 0.00:-8000.98 9033 (57) sec
[229] Max 28454 (1647) steps (0.0005 hrs) 0.00:-8000.98 9063 (30) sec
[230] Max 28454 (11132) steps (0.0031 hrs) 0.00:-8000.98 9127 (64) sec
[231] Max 28454 (713) steps (0.0002 hrs) 0.00:-8000.98 9155 (28) sec
[232] Max 28454 (2145) steps (0.0006 hrs) 0.00:-8000.98 9197 (42) sec
[233] Max 28454 (1522) steps (0.0004 hrs) 0.00:-8000.98 9227 (30) sec
[234] Max 28454 (500) steps (0.0001 hrs) 0.00:-8000.98 9255 (28) sec
[235] Max 28454 (2548) steps (0.0007 hrs) 0.00:-8000.98 9310 (55) sec
[236] Max 28454 (703) steps (0.0002 hrs) 0.00:-8000.98 9339 (29) sec
[237] Max 28454 (306) steps (0.0001 hrs) 0.00:-8000.98 9366 (27) sec
[238] Max 28454 (657) steps (0.0002 hrs) 0.00:-8000.98 9394 (28) sec
[239] Max 28454 (1587) steps (0.0004 hrs) 0.00:-8000.98 9424 (30) sec
[240] Max 28454 (740) steps (0.0002 hrs) 0.00:-8000.98 9452 (28) sec
[241] Max 28454 (267) steps (0.0001 hrs) 0.00:-8000.98 9481 (29) sec
[242] Max 28454 (739) steps (0.0002 hrs) 0.00:-8000.98 9510 (29) sec
[243] Max 28454 (1380) steps (0.0004 hrs) 0.00:-8000.98 9539 (29) sec
[244] Max 28454 (697) steps (0.0002 hrs) 0.00:-8000.98 9569 (30) sec
[245] Max 28454 (1920) steps (0.0005 hrs) 0.00:-8000.98 9627 (58) sec
[246] Max 28454 (2113) steps (0.0006 hrs) 0.00:-8000.98 9683 (56) sec
[247] Max 28454 (520) steps (0.0001 hrs) 0.00:-8000.98 9711 (28) sec
[248] Max 28454 (929) steps (0.0003 hrs) 0.00:-8000.98 9739 (28) sec
[249] Max 28454 (2302) steps (0.0006 hrs) 0.00:-8000.98 9797 (58) sec
[250] Max 28454 (2270) steps (0.0006 hrs) 0.00:-8000.98 9825 (28) sec
[251] Max 28454 (2337) steps (0.0006 hrs) 0.00:-8000.98 9883 (58) sec
[252] Max 28454 (612) steps (0.0002 hrs) 0.00:-8000.98 9912 (29) sec
[253] Max 28454 (1984) steps (0.0006 hrs) 0.00:-8000.98 9943 (31) sec
[254] Max 28454 (2209) steps (0.0006 hrs) 0.00:-8000.98 9973 (30) sec
[255] Max 28454 (2071) steps (0.0006 hrs) 0.00:-8000.98 10021 (48) sec
[256] Max 28454 (654) steps (0.0002 hrs) 0.00:-8000.98 10049 (28) sec
[257] Max 28454 (1495) steps (0.0004 hrs) 0.00:-8000.98 10079 (30) sec
[258] Max 28454 (1823) steps (0.0005 hrs) 0.00:-8000.98 10110 (31) sec
[259] Max 28454 (2330) steps (0.0006 hrs) 0.00:-8000.98 10139 (29) sec
[260] Max 28454 (227) steps (0.0001 hrs) 0.00:-8000.98 10167 (28) sec
[261] Max 28454 (1814) steps (0.0005 hrs) 0.00:-8000.98 10220 (53) sec
[262] Max 28454 (2089) steps (0.0006 hrs) 0.00:-8000.98 10276 (56) sec
[263] Max 28454 (745) steps (0.0002 hrs) 0.00:-8000.98 10305 (29) sec
[264] Max 28454 (1966) steps (0.0005 hrs) 0.00:-8000.98 10335 (30) sec
[265] Max 28454 (1854) steps (0.0005 hrs) 0.00:-8000.98 10379 (44) sec
[266] Max 28454 (1195) steps (0.0003 hrs) 0.00:-8000.98 10408 (29) sec
[267] Max 28454 (564) steps (0.0002 hrs) 0.00:-8000.98 10436 (28) sec
[268] Max 28454 (2189) steps (0.0006 hrs) 0.00:-8000.98 10486 (50) sec
[269] Max 28454 (379) steps (0.0001 hrs) 0.00:-8000.98 10517 (31) sec
[270] Max 28454 (1524) steps (0.0004 hrs) 0.00:-8000.98 10545 (28) sec
[271] Max 28454 (921) steps (0.0003 hrs) 0.00:-8000.98 10574 (29) sec
[272] Max 28454 (2253) steps (0.0006 hrs) 0.00:-8000.98 10629 (55) sec
[273] Max 28454 (3079) steps (0.0009 hrs) 0.00:-8000.98 10658 (29) sec
[274] Max 28454 (2216) steps (0.0006 hrs) 0.00:-8000.98 10714 (56) sec
[275] Max 28454 (1838) steps (0.0005 hrs) 0.00:-8000.98 10746 (32) sec
[276] Max 28454 (3361) steps (0.0009 hrs) 0.00:-8000.98 10803 (57) sec
[277] Max 28454 (1725) steps (0.0005 hrs) 0.00:-8000.98 10847 (44) sec
[278] Max 28454 (1779) steps (0.0005 hrs) 0.00:-8000.98 10876 (29) sec
[279] Max 28454 (2453) steps (0.0007 hrs) 0.00:-8000.98 10934 (58) sec
[280] Max 28454 (215) steps (0.0001 hrs) 0.00:-8000.98 10962 (28) sec
[281] Max 28454 (1292) steps (0.0004 hrs) 0.00:-8000.98 10992 (30) sec
[282] Max 28454 (248) steps (0.0001 hrs) 0.00:-8000.98 11020 (28) sec
[283] Max 28454 (638) steps (0.0002 hrs) 0.00:-8000.98 11048 (28) sec
[284] Max 28454 (521) steps (0.0001 hrs) 0.00:-8000.98 11076 (28) sec
[285] Max 28454 (389) steps (0.0001 hrs) 0.00:-8000.98 11104 (28) sec
[286] Max 28454 (294) steps (0.0001 hrs) 0.00:-8000.98 11132 (28) sec
[287] Max 28454 (2307) steps (0.0006 hrs) 0.00:-8000.98 11180 (48) sec
[288] Max 28454 (229) steps (0.0001 hrs) 0.00:-8000.98 11208 (28) sec
[289] Max 28454 (1856) steps (0.0005 hrs) 0.00:-8000.98 11268 (60) sec
[290] Max 28454 (1808) steps (0.0005 hrs) 0.00:-8000.98 11300 (32) sec
[291] Max 28454 (896) steps (0.0002 hrs) 0.00:-8000.98 11329 (29) sec
[292] Max 28454 (1650) steps (0.0005 hrs) 0.00:-8000.98 11357 (28) sec
[293] Max 28454 (2379) steps (0.0007 hrs) 0.00:-8000.98 11393 (36) sec
[294] Max 28454 (540) steps (0.0002 hrs) 0.00:-8000.98 11421 (28) sec
[295] Max 28454 (2790) steps (0.0008 hrs) 0.00:-8000.98 11467 (46) sec
[296] Max 28454 (2154) steps (0.0006 hrs) 0.00:-8000.98 11523 (56) sec
[297] Max 28454 (1065) steps (0.0003 hrs) 0.00:-8000.98 11551 (28) sec
[298] Max 28454 (3122) steps (0.0009 hrs) 0.00:-8000.98 11613 (62) sec
[299] Max 28454 (678) steps (0.0002 hrs) 0.00:-8000.98 11642 (29) sec
[300] Max 28454 (1901) steps (0.0005 hrs) 0.00:-8000.98 11698 (56) sec
[301] Max 28454 (508) steps (0.0001 hrs) 0.00:-8000.98 11726 (28) sec
[302] Max 28454 (328) steps (0.0001 hrs) 0.00:-8000.98 11754 (28) sec
[303] Max 28454 (2138) steps (0.0006 hrs) 0.00:-8000.98 11810 (56) sec
[304] Max 28454 (3233) steps (0.0009 hrs) 0.00:-8000.98 11840 (30) sec
[305] Max 28454 (1913) steps (0.0005 hrs) 0.00:-8000.98 11896 (56) sec
[306] Max 28454 (1535) steps (0.0004 hrs) 0.00:-8000.98 11930 (34) sec
[307] Max 28454 (3047) steps (0.0008 hrs) 0.00:-8000.98 11985 (55) sec
[308] Max 28454 (1988) steps (0.0006 hrs) 0.00:-8000.98 12018 (33) sec
[309] Max 28454 (554) steps (0.0002 hrs) 0.00:-8000.98 12046 (28) sec
[310] Max 28454 (1046) steps (0.0003 hrs) 0.00:-8000.98 12074 (28) sec
[311] Max 28454 (2375) steps (0.0007 hrs) 0.00:-8000.98 12130 (56) sec
[312] Max 28454 (2056) steps (0.0006 hrs) 0.00:-8000.98 12186 (56) sec
[313] Max 28454 (421) steps (0.0001 hrs) 0.00:-8000.98 12214 (28) sec
[314] Max 28454 (1328) steps (0.0004 hrs) 0.00:-8000.98 12244 (30) sec
[315] Max 28454 (781) steps (0.0002 hrs) 0.00:-8000.98 12273 (29) sec
[316] Max 28454 (2138) steps (0.0006 hrs) 0.00:-8000.98 12328 (55) sec
[317] Max 28454 (1469) steps (0.0004 hrs) 0.00:-8000.98 12356 (28) sec
[318] Max 28454 (626) steps (0.0002 hrs) 0.00:-8000.98 12384 (28) sec
[319] Max 28454 (2272) steps (0.0006 hrs) 0.00:-8000.98 12412 (28) sec
[320] Max 28454 (2086) steps (0.0006 hrs) 0.00:-8000.98 12440 (28) sec
[321] Max 28454 (2527) steps (0.0007 hrs) 0.00:-8000.98 12497 (57) sec
[322] Max 28454 (1930) steps (0.0005 hrs) 0.00:-8000.98 12526 (29) sec
[323] Max 28454 (228) steps (0.0001 hrs) 0.00:-8000.98 12554 (28) sec
[324] Max 28454 (2075) steps (0.0006 hrs) 0.00:-8000.98 12588 (34) sec
[325] Max 28454 (2088) steps (0.0006 hrs) 0.00:-8000.98 12645 (57) sec
[326] Max 77555 (77555) steps (0.0215 hrs) 0.00:-8000.98 12704 (59) sec
[327] Max 77555 (2198) steps (0.0006 hrs) 0.00:-8000.98 12733 (29) sec
[328] Max 77555 (1676) steps (0.0005 hrs) 0.00:-8000.98 12771 (38) sec
[329] Max 77555 (1650) steps (0.0005 hrs) 0.00:-8000.98 12803 (32) sec
[330] Max 77555 (788) steps (0.0002 hrs) 0.00:-8000.98 12831 (28) sec
[331] Max 77555 (2331) steps (0.0006 hrs) 0.00:-8000.98 12887 (56) sec
[332] Max 77555 (1449) steps (0.0004 hrs) 0.00:-8000.98 12916 (29) sec
[333] Max 77555 (2193) steps (0.0006 hrs) 0.00:-8000.98 12944 (28) sec
[334] Max 77555 (760) steps (0.0002 hrs) 0.00:-8000.98 12973 (29) sec
[335] Max 77555 (796) steps (0.0002 hrs) 0.00:-8000.98 13001 (28) sec
[336] Max 77555 (2011) steps (0.0006 hrs) 0.00:-8000.98 13057 (56) sec
[337] Max 77555 (1555) steps (0.0004 hrs) 0.00:-8000.98 13091 (34) sec
[338] Max 77555 (694) steps (0.0002 hrs) 0.00:-8000.98 13119 (28) sec
[339] Max 77555 (2353) steps (0.0007 hrs) 0.00:-8000.98 13156 (37) sec
[340] Max 77555 (2003) steps (0.0006 hrs) 0.00:-8000.98 13214 (58) sec
[341] Max 77555 (1331) steps (0.0004 hrs) 0.00:-8000.98 13243 (29) sec
[342] Max 77555 (1794) steps (0.0005 hrs) 0.00:-8000.98 13272 (29) sec
[343] Max 77555 (598) steps (0.0002 hrs) 0.00:-8000.98 13300 (28) sec
[344] Max 77555 (408) steps (0.0001 hrs) 0.00:-8000.98 13328 (28) sec
[345] Max 77555 (2807) steps (0.0008 hrs) 0.00:-8000.98 13386 (58) sec
[346] Max 77555 (1566) steps (0.0004 hrs) 0.00:-8000.98 13415 (29) sec
[347] Max 77555 (608) steps (0.0002 hrs) 0.00:-8000.98 13443 (28) sec
[348] Max 77555 (1546) steps (0.0004 hrs) 0.00:-8000.98 13471 (28) sec
[349] Max 77555 (649) steps (0.0002 hrs) 0.00:-8000.98 13499 (28) sec
[350] Max 77555 (1770) steps (0.0005 hrs) 0.00:-8000.98 13529 (30) sec
[351] Max 77555 (2118) steps (0.0006 hrs) 0.00:-8000.98 13586 (57) sec
[352] Max 77555 (2057) steps (0.0006 hrs) 0.00:-8000.98 13643 (57) sec
[353] Max 77555 (2074) steps (0.0006 hrs) 0.00:-8000.98 13699 (56) sec
[354] Max 77555 (299) steps (0.0001 hrs) 0.00:-8000.98 13727 (28) sec
[355] Max 77555 (815) steps (0.0002 hrs) 0.00:-8000.98 13755 (28) sec
[356] Max 77555 (1962) steps (0.0005 hrs) 0.00:-8000.98 13803 (48) sec
[357] Max 77555 (2746) steps (0.0008 hrs) 0.00:-8000.98 13859 (56) sec
[358] Max 77555 (459) steps (0.0001 hrs) 0.00:-8000.98 13887 (28) sec
[359] Max 77555 (818) steps (0.0002 hrs) 0.00:-8000.98 13915 (28) sec
[360] Max 77555 (1242) steps (0.0003 hrs) 0.00:-8000.98 13943 (28) sec
[361] Max 77555 (449) steps (0.0001 hrs) 0.00:-8000.98 13971 (28) sec
[362] Max 77555 (1744) steps (0.0005 hrs) 0.00:-8000.98 14000 (29) sec
[363] Max 77555 (427) steps (0.0001 hrs) 0.00:-8000.98 14029 (29) sec
[364] Max 77555 (1602) steps (0.0004 hrs) 0.00:-8000.98 14057 (28) sec
[365] Max 77555 (817) steps (0.0002 hrs) 0.00:-8000.98 14085 (28) sec
[366] Max 77555 (1967) steps (0.0005 hrs) 0.00:-8000.98 14143 (58) sec
[367] Max 77555 (1201) steps (0.0003 hrs) 0.00:-8000.98 14171 (28) sec
[368] Max 77555 (790) steps (0.0002 hrs) 0.00:-8000.98 14199 (28) sec
[369] Max 77555 (2323) steps (0.0006 hrs) 0.00:-8000.98 14256 (57) sec
[370] Max 77555 (1909) steps (0.0005 hrs) 0.00:-8000.98 14311 (55) sec
[371] Max 77555 (542) steps (0.0002 hrs) 0.00:-8000.98 14339 (28) sec
[372] Max 77555 (2212) steps (0.0006 hrs) 0.00:-8000.98 14396 (57) sec
[373] Max 77555 (2604) steps (0.0007 hrs) 0.00:-8000.98 14448 (52) sec
[374] Max 77555 (679) steps (0.0002 hrs) 0.00:-8000.98 14476 (28) sec
[375] Max 77555 (532) steps (0.0001 hrs) 0.00:-8000.98 14505 (29) sec
[376] Max 77555 (6816) steps (0.0019 hrs) 0.00:-8000.98 14561 (56) sec
[377] Max 77555 (6445) steps (0.0018 hrs) 0.00:-8000.98 14589 (28) sec
[378] Max 77555 (2427) steps (0.0007 hrs) 0.00:-8000.98 14646 (57) sec
[379] Max 77555 (1213) steps (0.0003 hrs) 0.00:-8000.98 14674 (28) sec
[380] Max 77555 (689) steps (0.0002 hrs) 0.00:-8000.98 14702 (28) sec
[381] Max 77555 (968) steps (0.0003 hrs) 0.00:-8000.98 14730 (28) sec
[382] Max 77555 (1398) steps (0.0004 hrs) 0.00:-8000.98 14760 (30) sec
[383] Max 77555 (323) steps (0.0001 hrs) 0.00:-8000.98 14788 (28) sec
[384] Max 77555 (558) steps (0.0002 hrs) 0.00:-8000.98 14816 (28) sec
[385] Max 77555 (1316) steps (0.0004 hrs) 0.00:-8000.98 14846 (30) sec
[386] Max 77555 (2348) steps (0.0007 hrs) 0.00:-8000.98 14905 (59) sec
[387] Max 77555 (2335) steps (0.0006 hrs) 0.00:-8000.98 14962 (57) sec
[388] Max 77555 (737) steps (0.0002 hrs) 0.00:-8000.98 14990 (28) sec
[389] Max 77555 (672) steps (0.0002 hrs) 0.00:-8000.98 15019 (29) sec
[390] Max 77555 (1925) steps (0.0005 hrs) 0.00:-8000.98 15048 (29) sec
[391] Max 77555 (1323) steps (0.0004 hrs) 0.00:-8000.98 15076 (28) sec
[392] Max 77555 (1689) steps (0.0005 hrs) 0.00:-8000.98 15104 (28) sec
[393] Max 77555 (735) steps (0.0002 hrs) 0.00:-8000.98 15132 (28) sec
[394] Max 77555 (668) steps (0.0002 hrs) 0.00:-8000.98 15160 (28) sec
[395] Max 77555 (1270) steps (0.0004 hrs) 0.00:-8000.98 15191 (31) sec
[396] Max 77555 (611) steps (0.0002 hrs) 0.00:-8000.98 15219 (28) sec
[397] Max 77555 (504) steps (0.0001 hrs) 0.00:-8000.98 15248 (29) sec
[398] Max 77555 (802) steps (0.0002 hrs) 0.00:-8000.98 15276 (28) sec
[399] Max 77555 (2274) steps (0.0006 hrs) 0.00:-8000.98 15305 (29) sec
[400] Max 77555 (600) steps (0.0002 hrs) 0.00:-8000.98 15333 (28) sec
[401] Max 77555 (1219) steps (0.0003 hrs) 0.00:-8000.98 15362 (29) sec
[402] Max 77555 (2111) steps (0.0006 hrs) 0.00:-8000.98 15392 (30) sec
[403] Max 77555 (2219) steps (0.0006 hrs) 0.00:-8000.98 15443 (51) sec
[404] Max 77555 (1988) steps (0.0006 hrs) 0.00:-8000.98 15496 (53) sec
[405] Max 77555 (3214) steps (0.0009 hrs) 0.00:-8000.98 15554 (58) sec
[406] Max 77555 (2600) steps (0.0007 hrs) 0.00:-8000.98 15609 (55) sec
[407] Max 77555 (1712) steps (0.0005 hrs) 0.00:-8000.98 15639 (30) sec
[408] Max 77555 (365) steps (0.0001 hrs) 0.00:-8000.98 15667 (28) sec
[409] Max 77555 (970) steps (0.0003 hrs) 0.00:-8000.98 15695 (28) sec
[410] Max 77555 (1378) steps (0.0004 hrs) 0.00:-8000.98 15724 (29) sec
[411] Max 77555 (971) steps (0.0003 hrs) 0.00:-8000.98 15752 (28) sec
[412] Max 77555 (4332) steps (0.0012 hrs) 0.00:-8000.98 15810 (58) sec
[413] Max 77555 (1308) steps (0.0004 hrs) 0.00:-8000.98 15838 (28) sec
[414] Max 77555 (747) steps (0.0002 hrs) 0.00:-8000.98 15866 (28) sec
[415] Max 77555 (298) steps (0.0001 hrs) 0.00:-8000.98 15895 (29) sec
[416] Max 77555 (1194) steps (0.0003 hrs) 0.00:-8000.98 15923 (28) sec
[417] Max 77555 (1259) steps (0.0003 hrs) 0.00:-8000.98 15951 (28) sec
[418] Max 77555 (1072) steps (0.0003 hrs) 0.00:-8000.98 15980 (29) sec
[419] Max 77555 (995) steps (0.0003 hrs) 0.00:-8000.98 16009 (29) sec
[420] Max 77555 (1793) steps (0.0005 hrs) 0.00:-8000.98 16057 (48) sec
[421] Max 77555 (517) steps (0.0001 hrs) 0.00:-8000.98 16085 (28) sec
[422] Max 77555 (358) steps (0.0001 hrs) 0.00:-8000.98 16114 (29) sec
[423] Max 77555 (2780) steps (0.0008 hrs) 0.00:-8000.98 16159 (45) sec
[424] Max 77555 (2411) steps (0.0007 hrs) 0.00:-8000.98 16187 (28) sec
[425] Max 77555 (1638) steps (0.0005 hrs) 0.00:-8000.98 16220 (33) sec
[426] Max 77555 (1558) steps (0.0004 hrs) 0.00:-8000.98 16250 (30) sec
[427] Max 77555 (2703) steps (0.0008 hrs) 0.00:-8000.98 16303 (53) sec
[428] Max 77555 (270) steps (0.0001 hrs) 0.00:-8000.98 16331 (28) sec
[429] Max 77555 (565) steps (0.0002 hrs) 0.00:-8000.98 16359 (28) sec
[430] Max 77555 (2054) steps (0.0006 hrs) 0.00:-8000.98 16387 (28) sec
[431] Max 77555 (1758) steps (0.0005 hrs) 0.00:-8000.98 16419 (32) sec
[432] Max 77555 (2556) steps (0.0007 hrs) 0.00:-8000.98 16476 (57) sec
[433] Max 77555 (2227) steps (0.0006 hrs) 0.00:-8000.98 16517 (41) sec
[434] Max 77555 (2474) steps (0.0007 hrs) 0.00:-8000.98 16573 (56) sec
[435] Max 77555 (2796) steps (0.0008 hrs) 0.00:-8000.98 16629 (56) sec
[436] Max 77555 (2219) steps (0.0006 hrs) 0.00:-8000.98 16686 (57) sec
[437] Max 77555 (228) steps (0.0001 hrs) 0.00:-8000.98 16714 (28) sec
[438] Max 77555 (1232) steps (0.0003 hrs) 0.00:-8000.98 16745 (31) sec
[439] Max 77555 (2628) steps (0.0007 hrs) 0.00:-8000.98 16804 (59) sec
[440] Max 77555 (1570) steps (0.0004 hrs) 0.00:-8000.98 16832 (28) sec
[441] Max 77555 (326) steps (0.0001 hrs) 0.00:-8000.98 16860 (28) sec
[442] Max 77555 (217) steps (0.0001 hrs) 0.00:-8000.98 16889 (29) sec
[443] Max 77555 (444) steps (0.0001 hrs) 0.00:-8000.98 16917 (28) sec
[444] Max 77555 (287) steps (0.0001 hrs) 0.00:-8000.98 16945 (28) sec
[445] Max 77555 (2530) steps (0.0007 hrs) 0.00:-8000.98 17002 (57) sec
[446] Max 77555 (1273) steps (0.0004 hrs) 0.00:-8000.98 17030 (28) sec
[447] Max 77555 (2245) steps (0.0006 hrs) 0.00:-8000.98 17085 (55) sec
[448] Max 77555 (561) steps (0.0002 hrs) 0.00:-8000.98 17113 (28) sec
[449] Max 77555 (2544) steps (0.0007 hrs) 0.00:-8000.98 17172 (59) sec
[450] Max 77555 (453) steps (0.0001 hrs) 0.00:-8000.98 17200 (28) sec
[451] Max 77555 (1372) steps (0.0004 hrs) 0.00:-8000.98 17231 (31) sec
[452] Max 77555 (774) steps (0.0002 hrs) 0.00:-8000.98 17258 (27) sec
[453] Max 77555 (1472) steps (0.0004 hrs) 0.00:-8000.98 17287 (29) sec
[454] Max 77555 (1359) steps (0.0004 hrs) 0.00:-8000.98 17316 (29) sec
[455] Max 77555 (1999) steps (0.0006 hrs) 0.00:-8000.98 17373 (57) sec
[456] Max 77555 (2223) steps (0.0006 hrs) 0.00:-8000.98 17416 (43) sec
[457] Max 77555 (385) steps (0.0001 hrs) 0.00:-8000.98 17444 (28) sec
[458] Max 77555 (426) steps (0.0001 hrs) 0.00:-8000.98 17472 (28) sec
[459] Max 77555 (1236) steps (0.0003 hrs) 0.00:-8000.98 17502 (30) sec
[460] Max 77555 (584) steps (0.0002 hrs) 0.00:-8000.98 17529 (27) sec
[461] Max 77555 (1854) steps (0.0005 hrs) 0.00:-8000.98 17585 (56) sec
[462] Max 77555 (722) steps (0.0002 hrs) 0.00:-8000.98 17613 (28) sec
[463] Max 77555 (2276) steps (0.0006 hrs) 0.00:-8000.98 17668 (55) sec
[464] Max 77555 (484) steps (0.0001 hrs) 0.00:-8000.98 17696 (28) sec
[465] Max 77555 (1534) steps (0.0004 hrs) 0.00:-8000.98 17726 (30) sec
[466] Max 77555 (2124) steps (0.0006 hrs) 0.00:-8000.98 17780 (54) sec
[467] Max 77555 (1609) steps (0.0004 hrs) 0.00:-8000.98 17809 (29) sec
[468] Max 77555 (338) steps (0.0001 hrs) 0.00:-8000.98 17837 (28) sec
[469] Max 77555 (611) steps (0.0002 hrs) 0.00:-8000.98 17866 (29) sec
[470] Max 77555 (2329) steps (0.0006 hrs) 0.00:-8000.98 17923 (57) sec
[471] Max 77555 (2238) steps (0.0006 hrs) 0.00:-8000.98 17979 (56) sec
[472] Max 77555 (1055) steps (0.0003 hrs) 0.00:-8000.98 18007 (28) sec
[473] Max 77555 (899) steps (0.0002 hrs) 0.00:-8000.98 18036 (29) sec
[474] Max 77555 (2805) steps (0.0008 hrs) 0.00:-8000.98 18093 (57) sec
[475] Max 77555 (2112) steps (0.0006 hrs) 0.00:-8000.98 18130 (37) sec
[476] Max 77555 (380) steps (0.0001 hrs) 0.00:-8000.98 18159 (29) sec
[477] Max 77555 (2214) steps (0.0006 hrs) 0.00:-8000.98 18216 (57) sec
[478] Max 77555 (2424) steps (0.0007 hrs) 0.00:-8000.98 18272 (56) sec
[479] Max 77555 (2216) steps (0.0006 hrs) 0.00:-8000.98 18330 (58) sec
[480] Max 77555 (329) steps (0.0001 hrs) 0.00:-8000.98 18358 (28) sec
[481] Max 77555 (2465) steps (0.0007 hrs) 0.00:-8000.98 18415 (57) sec
[482] Max 77555 (2303) steps (0.0006 hrs) 0.00:-8000.98 18476 (61) sec
[483] Max 77555 (2497) steps (0.0007 hrs) 0.00:-8000.98 18530 (54) sec
[484] Max 77555 (1132) steps (0.0003 hrs) 0.00:-8000.98 18558 (28) sec
[485] Max 77555 (1900) steps (0.0005 hrs) 0.00:-8000.98 18615 (57) sec
[486] Max 77555 (2053) steps (0.0006 hrs) 0.00:-8000.98 18668 (53) sec
[487] Max 77555 (2343) steps (0.0007 hrs) 0.00:-8000.98 18724 (56) sec
[488] Max 77555 (2065) steps (0.0006 hrs) 0.00:-8000.98 18764 (40) sec
[489] Max 77555 (356) steps (0.0001 hrs) 0.00:-8000.98 18794 (30) sec
[490] Max 77555 (708) steps (0.0002 hrs) 0.00:-8000.98 18822 (28) sec
[491] Max 77555 (2376) steps (0.0007 hrs) 0.00:-8000.98 18852 (30) sec
[492] Max 77555 (1375) steps (0.0004 hrs) 0.00:-8000.98 18880 (28) sec
[493] Max 77555 (2095) steps (0.0006 hrs) 0.00:-8000.98 18936 (56) sec
[494] Max 77555 (1352) steps (0.0004 hrs) 0.00:-8000.98 18965 (29) sec
[495] Max 77555 (2307) steps (0.0006 hrs) 0.00:-8000.98 19022 (57) sec
[496] Max 77555 (316) steps (0.0001 hrs) 0.00:-8000.98 19050 (28) sec
[497] Max 77555 (1019) steps (0.0003 hrs) 0.00:-8000.98 19079 (29) sec
[498] Max 77555 (1272) steps (0.0004 hrs) 0.00:-8000.98 19108 (29) sec
[499] Max 77555 (2071) steps (0.0006 hrs) 0.00:-8000.98 19160 (52) sec
[500] Max 77555 (426) steps (0.0001 hrs) 0.00:-8000.98 19188 (28) sec
[501] Max 77555 (220) steps (0.0001 hrs) 0.00:-8000.98 19216 (28) sec
[502] Max 77555 (375) steps (0.0001 hrs) 0.00:-8000.98 19244 (28) sec
[503] Max 77555 (2861) steps (0.0008 hrs) 0.00:-8000.98 19301 (57) sec
[504] Max 77555 (604) steps (0.0002 hrs) 0.00:-8000.98 19329 (28) sec
[505] Max 77555 (2060) steps (0.0006 hrs) 0.00:-8000.98 19386 (57) sec
[506] Max 77555 (724) steps (0.0002 hrs) 0.00:-8000.98 19414 (28) sec
[507] Max 77555 (2434) steps (0.0007 hrs) 0.00:-8000.98 19471 (57) sec
[508] Max 77555 (1289) steps (0.0004 hrs) 0.00:-8000.98 19500 (29) sec
[509] Max 77555 (3195) steps (0.0009 hrs) 0.00:-8000.98 19558 (58) sec
[510] Max 77555 (1478) steps (0.0004 hrs) 0.00:-8000.98 19587 (29) sec
[511] Max 77555 (1926) steps (0.0005 hrs) 0.00:-8000.98 19632 (45) sec
[512] Max 77555 (1707) steps (0.0005 hrs) 0.00:-8000.98 19671 (39) sec
[513] Max 77555 (1585) steps (0.0004 hrs) 0.00:-8000.98 19700 (29) sec
[514] Max 77555 (2381) steps (0.0007 hrs) 0.00:-8000.98 19761 (61) sec
[515] Max 77555 (1900) steps (0.0005 hrs) 0.00:-8000.98 19797 (36) sec
[516] Max 77555 (606) steps (0.0002 hrs) 0.00:-8000.98 19825 (28) sec
[517] Max 77555 (2529) steps (0.0007 hrs) 0.00:-8000.98 19883 (58) sec
[518] Max 77555 (500) steps (0.0001 hrs) 0.00:-8000.98 19911 (28) sec
[519] Max 77555 (257) steps (0.0001 hrs) 0.00:-8000.98 19939 (28) sec
[520] Max 77555 (841) steps (0.0002 hrs) 0.00:-8000.98 19968 (29) sec
[521] Max 77555 (2263) steps (0.0006 hrs) 0.00:-8000.98 20024 (56) sec
[522] Max 77555 (2217) steps (0.0006 hrs) 0.00:-8000.98 20071 (47) sec
[523] Max 77555 (2735) steps (0.0008 hrs) 0.00:-8000.98 20129 (58) sec
[524] Max 77555 (1349) steps (0.0004 hrs) 0.00:-8000.98 20158 (29) sec
[525] Max 77555 (1088) steps (0.0003 hrs) 0.00:-8000.98 20186 (28) sec
[526] Max 77555 (1946) steps (0.0005 hrs) 0.00:-8000.98 20243 (57) sec
[527] Max 77555 (2160) steps (0.0006 hrs) 0.00:-8000.98 20301 (58) sec
[528] Max 77555 (1658) steps (0.0005 hrs) 0.00:-8000.98 20333 (32) sec
[529] Max 77555 (2618) steps (0.0007 hrs) 0.00:-8000.98 20390 (57) sec
[530] Max 77555 (1837) steps (0.0005 hrs) 0.00:-8000.98 20421 (31) sec
[531] Max 77555 (903) steps (0.0003 hrs) 0.00:-8000.98 20449 (28) sec
[532] Max 77555 (1460) steps (0.0004 hrs) 0.00:-8000.98 20477 (28) sec
[533] Max 77555 (702) steps (0.0002 hrs) 0.00:-8000.98 20505 (28) sec
[534] Max 77555 (998) steps (0.0003 hrs) 0.00:-8000.98 20533 (28) sec
[535] Max 77555 (352) steps (0.0001 hrs) 0.00:-8000.98 20561 (28) sec
[536] Max 77555 (486) steps (0.0001 hrs) 0.00:-8000.98 20589 (28) sec
[537] Max 77555 (644) steps (0.0002 hrs) 0.00:-8000.98 20617 (28) sec
[538] Max 77555 (1879) steps (0.0005 hrs) 0.00:-8000.98 20664 (47) sec
[539] Max 77555 (1946) steps (0.0005 hrs) 0.00:-8000.98 20705 (41) sec
[540] Max 77555 (2383) steps (0.0007 hrs) 0.00:-8000.98 20763 (58) sec
[541] Max 77555 (2407) steps (0.0007 hrs) 0.00:-8000.98 20811 (48) sec
[542] Max 77555 (798) steps (0.0002 hrs) 0.00:-8000.98 20839 (28) sec
[543] Max 77555 (1948) steps (0.0005 hrs) 0.00:-8000.98 20885 (46) sec
[544] Max 77555 (303) steps (0.0001 hrs) 0.00:-8000.98 20914 (29) sec
[545] Max 77555 (804) steps (0.0002 hrs) 0.00:-8000.98 20942 (28) sec
[546] Max 77555 (1814) steps (0.0005 hrs) 0.00:-8000.98 20972 (30) sec
[547] Max 77555 (1890) steps (0.0005 hrs) 0.00:-8000.98 21005 (33) sec
[548] Max 77555 (1608) steps (0.0004 hrs) 0.00:-8000.98 21039 (34) sec
[549] Max 77555 (1873) steps (0.0005 hrs) 0.00:-8000.98 21087 (48) sec
[550] Max 77555 (1996) steps (0.0006 hrs) 0.00:-8000.98 21122 (35) sec
[551] Max 77555 (555) steps (0.0002 hrs) 0.00:-8000.98 21151 (29) sec
[552] Max 77555 (1891) steps (0.0005 hrs) 0.00:-8000.98 21181 (30) sec
[553] Max 77555 (702) steps (0.0002 hrs) 0.00:-8000.98 21209 (28) sec
[554] Max 77555 (1904) steps (0.0005 hrs) 0.00:-8000.98 21266 (57) sec
[555] Max 77555 (2092) steps (0.0006 hrs) 0.00:-8000.98 21321 (55) sec
[556] Max 77555 (753) steps (0.0002 hrs) 0.00:-8000.98 21350 (29) sec
[557] Max 77555 (1556) steps (0.0004 hrs) 0.00:-8000.98 21382 (32) sec
[558] Max 77555 (3780) steps (0.0011 hrs) 0.00:-8000.98 21419 (37) sec
[559] Max 77555 (1931) steps (0.0005 hrs) 0.00:-8000.98 21472 (53) sec
[560] Max 77555 (1054) steps (0.0003 hrs) 0.00:-8000.98 21501 (29) sec
[561] Max 77555 (305) steps (0.0001 hrs) 0.00:-8000.98 21529 (28) sec
[562] Max 77555 (764) steps (0.0002 hrs) 0.00:-8000.98 21557 (28) sec
[563] Max 77555 (998) steps (0.0003 hrs) 0.00:-8000.98 21585 (28) sec
[564] Max 77555 (1819) steps (0.0005 hrs) 0.00:-8000.98 21616 (31) sec
[565] Max 77555 (2164) steps (0.0006 hrs) 0.00:-8000.98 21644 (28) sec
[566] Max 77555 (1409) steps (0.0004 hrs) 0.00:-8000.98 21672 (28) sec
[567] Max 77555 (2349) steps (0.0007 hrs) 0.00:-8000.98 21723 (51) sec
[568] Max 77555 (742) steps (0.0002 hrs) 0.00:-8000.98 21751 (28) sec
[569] Max 77555 (1973) steps (0.0005 hrs) 0.00:-8000.98 21782 (31) sec
[570] Max 77555 (2230) steps (0.0006 hrs) 0.00:-8000.98 21840 (58) sec
[571] Max 77555 (7988) steps (0.0022 hrs) 0.00:-8000.98 21899 (59) sec
[572] Max 77555 (2682) steps (0.0007 hrs) 0.00:-8000.98 21955 (56) sec
[573] Max 77555 (748) steps (0.0002 hrs) 0.00:-8000.98 21984 (29) sec
[574] Max 77555 (2190) steps (0.0006 hrs) 0.00:-8000.98 22018 (34) sec
[575] Max 77555 (1009) steps (0.0003 hrs) 0.00:-8000.98 22046 (28) sec
[576] Max 77555 (1468) steps (0.0004 hrs) 0.00:-8000.98 22077 (31) sec
[577] Max 77555 (2719) steps (0.0008 hrs) 0.00:-8000.98 22133 (56) sec
[578] Max 77555 (2693) steps (0.0007 hrs) 0.00:-8000.98 22189 (56) sec
[579] Max 77555 (2178) steps (0.0006 hrs) 0.00:-8000.98 22240 (51) sec
[580] Max 77555 (1551) steps (0.0004 hrs) 0.00:-8000.98 22268 (28) sec
[581] Max 77555 (1629) steps (0.0005 hrs) 0.00:-8000.98 22297 (29) sec
[582] Max 77555 (274) steps (0.0001 hrs) 0.00:-8000.98 22326 (29) sec
[583] Max 77555 (579) steps (0.0002 hrs) 0.00:-8000.98 22354 (28) sec
[584] Max 77555 (1648) steps (0.0005 hrs) 0.00:-8000.98 22386 (32) sec
[585] Max 77555 (955) steps (0.0003 hrs) 0.00:-8000.98 22414 (28) sec
[586] Max 77555 (2398) steps (0.0007 hrs) 0.00:-8000.98 22472 (58) sec
[587] Max 77555 (2170) steps (0.0006 hrs) 0.00:-8000.98 22529 (57) sec
[588] Max 77555 (1786) steps (0.0005 hrs) 0.00:-8000.98 22559 (30) sec
[589] Max 77555 (2315) steps (0.0006 hrs) 0.00:-8000.98 22617 (58) sec
[590] Max 77555 (2460) steps (0.0007 hrs) 0.00:-8000.98 22665 (48) sec
[591] Max 77555 (1978) steps (0.0005 hrs) 0.00:-8000.98 22722 (57) sec
[592] Max 77555 (1378) steps (0.0004 hrs) 0.00:-8000.98 22751 (29) sec
[593] Max 77555 (2045) steps (0.0006 hrs) 0.00:-8000.98 22808 (57) sec
[594] Max 77555 (290) steps (0.0001 hrs) 0.00:-8000.98 22836 (28) sec
[595] Max 77555 (1133) steps (0.0003 hrs) 0.00:-8000.98 22864 (28) sec
[596] Max 77555 (697) steps (0.0002 hrs) 0.00:-8000.98 22893 (29) sec
[597] Max 77555 (3013) steps (0.0008 hrs) 0.00:-8000.98 22950 (57) sec
[598] Max 77555 (1984) steps (0.0006 hrs) 0.00:-8000.98 23009 (59) sec
[599] Max 77555 (3489) steps (0.0010 hrs) 0.00:-8000.98 23067 (58) sec
[600] Max 77555 (1675) steps (0.0005 hrs) 0.00:-8000.98 23097 (30) sec
[601] Max 77555 (2042) steps (0.0006 hrs) 0.00:-8000.98 23155 (58) sec
[602] Max 77555 (208) steps (0.0001 hrs) 0.00:-8000.98 23183 (28) sec
[603] Max 77555 (2543) steps (0.0007 hrs) 0.00:-8000.98 23239 (56) sec
[604] Max 77555 (2259) steps (0.0006 hrs) 0.00:-8000.98 23289 (50) sec
[605] Max 77555 (2840) steps (0.0008 hrs) 0.00:-8000.98 23321 (32) sec
[606] Max 77555 (2239) steps (0.0006 hrs) 0.00:-8000.98 23377 (56) sec
[607] Max 77555 (1972) steps (0.0005 hrs) 0.00:-8000.98 23435 (58) sec
[608] Max 77555 (356) steps (0.0001 hrs) 0.00:-8000.98 23463 (28) sec
[609] Max 77555 (2090) steps (0.0006 hrs) 0.00:-8000.98 23501 (38) sec
[610] Max 77555 (245) steps (0.0001 hrs) 0.00:-8000.98 23529 (28) sec
[611] Max 77555 (1811) steps (0.0005 hrs) 0.00:-8000.98 23586 (57) sec
[612] Max 77555 (2263) steps (0.0006 hrs) 0.00:-8000.98 23642 (56) sec
[613] Max 77555 (821) steps (0.0002 hrs) 0.00:-8000.98 23670 (28) sec
[614] Max 77555 (2142) steps (0.0006 hrs) 0.00:-8000.98 23706 (36) sec
[615] Max 77555 (1390) steps (0.0004 hrs) 0.00:-8000.98 23734 (28) sec
[616] Max 77555 (950) steps (0.0003 hrs) 0.00:-8000.98 23763 (29) sec
[617] Max 77555 (1947) steps (0.0005 hrs) 0.00:-8000.98 23820 (57) sec
[618] Max 77555 (2051) steps (0.0006 hrs) 0.00:-8000.98 23877 (57) sec
[619] Max 77555 (840) steps (0.0002 hrs) 0.00:-8000.98 23905 (28) sec
[620] Max 77555 (1540) steps (0.0004 hrs) 0.00:-8000.98 23936 (31) sec
[621] Max 77555 (281) steps (0.0001 hrs) 0.00:-8000.98 23963 (27) sec
[622] Max 77555 (1746) steps (0.0005 hrs) 0.00:-8000.98 23998 (35) sec
[623] Max 77555 (1104) steps (0.0003 hrs) 0.00:-8000.98 24025 (27) sec
[624] Max 77555 (2432) steps (0.0007 hrs) 0.00:-8000.98 24063 (38) sec
[625] Max 77555 (294) steps (0.0001 hrs) 0.00:-8000.98 24091 (28) sec
[626] Max 77555 (2111) steps (0.0006 hrs) 0.00:-8000.98 24148 (57) sec
[627] Max 77555 (666) steps (0.0002 hrs) 0.00:-8000.98 24176 (28) sec
[628] Max 77555 (1902) steps (0.0005 hrs) 0.00:-8000.98 24225 (49) sec
[629] Max 77555 (2465) steps (0.0007 hrs) 0.00:-8000.98 24282 (57) sec
[630] Max 77555 (1108) steps (0.0003 hrs) 0.00:-8000.98 24310 (28) sec
[631] Max 77555 (446) steps (0.0001 hrs) 0.00:-8000.98 24338 (28) sec
[632] Max 77555 (790) steps (0.0002 hrs) 0.00:-8000.98 24366 (28) sec
[633] Max 77555 (2050) steps (0.0006 hrs) 0.00:-8000.98 24397 (31) sec
[634] Max 77555 (535) steps (0.0001 hrs) 0.00:-8000.98 24425 (28) sec
[635] Max 77555 (1420) steps (0.0004 hrs) 0.00:-8000.98 24456 (31) sec
[636] Max 77555 (2127) steps (0.0006 hrs) 0.00:-8000.98 24513 (57) sec
[637] Max 77555 (1208) steps (0.0003 hrs) 0.00:-8000.98 24541 (28) sec
[638] Max 77555 (1463) steps (0.0004 hrs) 0.00:-8000.98 24570 (29) sec
[639] Max 77555 (239) steps (0.0001 hrs) 0.00:-8000.98 24599 (29) sec
[640] Max 77555 (295) steps (0.0001 hrs) 0.00:-8000.98 24627 (28) sec
[641] Max 77555 (2245) steps (0.0006 hrs) 0.00:-8000.98 24684 (57) sec
[642] Max 77555 (925) steps (0.0003 hrs) 0.00:-8000.98 24712 (28) sec
[643] Max 77555 (2282) steps (0.0006 hrs) 0.00:-8000.98 24769 (57) sec
[644] Max 77555 (2215) steps (0.0006 hrs) 0.00:-8000.98 24827 (58) sec
[645] Max 77555 (2420) steps (0.0007 hrs) 0.00:-8000.98 24883 (56) sec
[646] Max 77555 (2340) steps (0.0007 hrs) 0.00:-8000.98 24919 (36) sec
[647] Max 77555 (2393) steps (0.0007 hrs) 0.00:-8000.98 24975 (56) sec
[648] Max 77555 (1267) steps (0.0004 hrs) 0.00:-8000.98 25004 (29) sec
[649] Max 77555 (415) steps (0.0001 hrs) 0.00:-8000.98 25031 (27) sec
[650] Max 77555 (2001) steps (0.0006 hrs) 0.00:-8000.98 25060 (29) sec
[651] Max 77555 (1313) steps (0.0004 hrs) 0.00:-8000.98 25092 (32) sec
[652] Max 77555 (749) steps (0.0002 hrs) 0.00:-8000.98 25120 (28) sec
[653] Max 77555 (1104) steps (0.0003 hrs) 0.00:-8000.98 25149 (29) sec
[654] Max 77555 (1039) steps (0.0003 hrs) 0.00:-8000.98 25178 (29) sec
[655] Max 77555 (235) steps (0.0001 hrs) 0.00:-8000.98 25206 (28) sec
[656] Max 77555 (2356) steps (0.0007 hrs) 0.00:-8000.98 25262 (56) sec
[657] Max 77555 (1785) steps (0.0005 hrs) 0.00:-8000.98 25297 (35) sec
[658] Max 77555 (3076) steps (0.0009 hrs) 0.00:-8000.98 25326 (29) sec
[659] Max 77555 (1283) steps (0.0004 hrs) 0.00:-8000.98 25356 (30) sec
[660] Max 77555 (2115) steps (0.0006 hrs) 0.00:-8000.98 25400 (44) sec
[661] Max 77555 (1517) steps (0.0004 hrs) 0.00:-8000.98 25429 (29) sec
[662] Max 77555 (2181) steps (0.0006 hrs) 0.00:-8000.98 25472 (43) sec
[663] Max 77555 (967) steps (0.0003 hrs) 0.00:-8000.98 25500 (28) sec
[664] Max 77555 (2140) steps (0.0006 hrs) 0.00:-8000.98 25558 (58) sec
[665] Max 77555 (2208) steps (0.0006 hrs) 0.00:-8000.98 25614 (56) sec
[666] Max 77555 (1766) steps (0.0005 hrs) 0.00:-8000.98 25645 (31) sec
[667] Max 77555 (2936) steps (0.0008 hrs) 0.00:-8000.98 25693 (48) sec
[668] Max 77555 (2306) steps (0.0006 hrs) 0.00:-8000.98 25749 (56) sec
[669] Max 77555 (1766) steps (0.0005 hrs) 0.00:-8000.98 25790 (41) sec
[670] Max 77555 (832) steps (0.0002 hrs) 0.00:-8000.98 25818 (28) sec
[671] Max 77555 (2358) steps (0.0007 hrs) 0.00:-8000.98 25875 (57) sec
[672] Max 77555 (1774) steps (0.0005 hrs) 0.00:-8000.98 25905 (30) sec
[673] Max 77555 (1065) steps (0.0003 hrs) 0.00:-8000.98 25934 (29) sec
[674] Max 77555 (434) steps (0.0001 hrs) 0.00:-8000.98 25962 (28) sec
[675] Max 77555 (2211) steps (0.0006 hrs) 0.00:-8000.98 26021 (59) sec
[676] Max 77555 (2705) steps (0.0008 hrs) 0.00:-8000.98 26078 (57) sec
[677] Max 77555 (1655) steps (0.0005 hrs) 0.00:-8000.98 26111 (33) sec
[678] Max 77555 (303) steps (0.0001 hrs) 0.00:-8000.98 26139 (28) sec
[679] Max 77555 (2274) steps (0.0006 hrs) 0.00:-8000.98 26195 (56) sec
[680] Max 77555 (2048) steps (0.0006 hrs) 0.00:-8000.98 26254 (59) sec
[681] Max 77555 (203) steps (0.0001 hrs) 0.00:-8000.98 26281 (27) sec
[682] Max 77555 (2044) steps (0.0006 hrs) 0.00:-8000.98 26338 (57) sec
[683] Max 77555 (598) steps (0.0002 hrs) 0.00:-8000.98 26366 (28) sec
[684] Max 77555 (2095) steps (0.0006 hrs) 0.00:-8000.98 26411 (45) sec
[685] Max 77555 (706) steps (0.0002 hrs) 0.00:-8000.98 26439 (28) sec
[686] Max 77555 (1698) steps (0.0005 hrs) 0.00:-8000.98 26469 (30) sec
[687] Max 77555 (1426) steps (0.0004 hrs) 0.00:-8000.98 26498 (29) sec
[688] Max 77555 (724) steps (0.0002 hrs) 0.00:-8000.98 26526 (28) sec
[689] Max 77555 (2208) steps (0.0006 hrs) 0.00:-8000.98 26585 (59) sec
[690] Max 77555 (1322) steps (0.0004 hrs) 0.00:-8000.98 26615 (30) sec
[691] Max 77555 (2454) steps (0.0007 hrs) 0.00:-8000.98 26671 (56) sec
[692] Max 77555 (2609) steps (0.0007 hrs) 0.00:-8000.98 26721 (50) sec
[693] Max 77555 (2541) steps (0.0007 hrs) 0.00:-8000.98 26761 (40) sec
[694] Max 77555 (1505) steps (0.0004 hrs) 0.00:-8000.98 26791 (30) sec
[695] Max 77555 (5821) steps (0.0016 hrs) 0.00:-8000.98 26837 (46) sec
[696] Max 77555 (2724) steps (0.0008 hrs) 0.00:-8000.98 26894 (57) sec
[697] Max 77555 (340) steps (0.0001 hrs) 0.00:-8000.98 26922 (28) sec
[698] Max 77555 (945) steps (0.0003 hrs) 0.00:-8000.98 26951 (29) sec
[699] Max 77555 (342) steps (0.0001 hrs) 0.00:-8000.98 26979 (28) sec
[700] Max 77555 (794) steps (0.0002 hrs) 0.00:-8000.98 27007 (28) sec
[701] Max 77555 (262) steps (0.0001 hrs) 0.00:-8000.98 27035 (28) sec
[702] Max 77555 (2023) steps (0.0006 hrs) 0.00:-8000.98 27063 (28) sec
[703] Max 77555 (1118) steps (0.0003 hrs) 0.00:-8000.98 27092 (29) sec
[704] Max 77555 (1964) steps (0.0005 hrs) 0.00:-8000.98 27149 (57) sec
[705] Max 77555 (2626) steps (0.0007 hrs) 0.00:-8000.98 27207 (58) sec
[706] Max 77555 (276) steps (0.0001 hrs) 0.00:-8000.98 27235 (28) sec
[707] Max 77555 (614) steps (0.0002 hrs) 0.00:-8000.98 27263 (28) sec
[708] Max 77555 (320) steps (0.0001 hrs) 0.00:-8000.98 27291 (28) sec
[709] Max 77555 (305) steps (0.0001 hrs) 0.00:-8000.98 27319 (28) sec
[710] Max 77555 (1054) steps (0.0003 hrs) 0.00:-8000.98 27348 (29) sec
[711] Max 77555 (867) steps (0.0002 hrs) 0.00:-8000.98 27376 (28) sec
[712] Max 77555 (816) steps (0.0002 hrs) 0.00:-8000.98 27405 (29) sec
[713] Max 77555 (495) steps (0.0001 hrs) 0.00:-8000.98 27433 (28) sec
[714] Max 77555 (2220) steps (0.0006 hrs) 0.00:-8000.98 27472 (39) sec
[715] Max 77555 (1294) steps (0.0004 hrs) 0.00:-8000.98 27502 (30) sec
[716] Max 77555 (2528) steps (0.0007 hrs) 0.00:-8000.98 27558 (56) sec
[717] Max 77555 (940) steps (0.0003 hrs) 0.00:-8000.98 27589 (31) sec
[718] Max 77555 (1910) steps (0.0005 hrs) 0.00:-8000.98 27640 (51) sec
[719] Max 77555 (1923) steps (0.0005 hrs) 0.00:-8000.98 27670 (30) sec
[720] Max 77555 (268) steps (0.0001 hrs) 0.00:-8000.98 27698 (28) sec
[721] Max 77555 (2215) steps (0.0006 hrs) 0.00:-8000.98 27754 (56) sec
[722] Max 77555 (2529) steps (0.0007 hrs) 0.00:-8000.98 27810 (56) sec
[723] Max 77555 (747) steps (0.0002 hrs) 0.00:-8000.98 27839 (29) sec
[724] Max 77555 (1384) steps (0.0004 hrs) 0.00:-8000.98 27868 (29) sec
[725] Max 77555 (2334) steps (0.0006 hrs) 0.00:-8000.98 27927 (59) sec
[726] Max 77555 (2559) steps (0.0007 hrs) 0.00:-8000.98 27979 (52) sec
[727] Max 77555 (1109) steps (0.0003 hrs) 0.00:-8000.98 28008 (29) sec
[728] Max 77555 (1356) steps (0.0004 hrs) 0.00:-8000.98 28037 (29) sec
[729] Max 77555 (646) steps (0.0002 hrs) 0.00:-8000.98 28065 (28) sec
[730] Max 77555 (2459) steps (0.0007 hrs) 0.00:-8000.98 28122 (57) sec
[731] Max 77555 (1072) steps (0.0003 hrs) 0.00:-8000.98 28151 (29) sec
[732] Max 77555 (2628) steps (0.0007 hrs) 0.00:-8000.98 28207 (56) sec
[733] Max 77555 (2316) steps (0.0006 hrs) 0.00:-8000.98 28264 (57) sec
[734] Max 77555 (2552) steps (0.0007 hrs) 0.00:-8000.98 28321 (57) sec
[735] Max 77555 (400) steps (0.0001 hrs) 0.00:-8000.98 28350 (29) sec
[736] Max 77555 (2134) steps (0.0006 hrs) 0.00:-8000.98 28406 (56) sec
[737] Max 77555 (345) steps (0.0001 hrs) 0.00:-8000.98 28434 (28) sec
[738] Max 77555 (2133) steps (0.0006 hrs) 0.00:-8000.98 28489 (55) sec
[739] Max 77555 (1804) steps (0.0005 hrs) 0.00:-8000.98 28523 (34) sec
[740] Max 77555 (2603) steps (0.0007 hrs) 0.00:-8000.98 28551 (28) sec
[741] Max 77555 (1695) steps (0.0005 hrs) 0.00:-8000.98 28590 (39) sec
[742] Max 77555 (2307) steps (0.0006 hrs) 0.00:-8000.98 28645 (55) sec
[743] Max 77555 (1567) steps (0.0004 hrs) 0.00:-8000.98 28676 (31) sec
[744] Max 77555 (1239) steps (0.0003 hrs) 0.00:-8000.98 28705 (29) sec
[745] Max 77555 (983) steps (0.0003 hrs) 0.00:-8000.98 28733 (28) sec
[746] Max 77555 (1125) steps (0.0003 hrs) 0.00:-8000.98 28762 (29) sec
[747] Max 77555 (3479) steps (0.0010 hrs) 0.00:-8000.98 28820 (58) sec
[748] Max 77555 (961) steps (0.0003 hrs) 0.00:-8000.98 28849 (29) sec
[749] Max 77555 (513) steps (0.0001 hrs) 0.00:-8000.98 28877 (28) sec
[750] Max 77555 (1825) steps (0.0005 hrs) 0.00:-8000.98 28914 (37) sec
[751] Max 77555 (2084) steps (0.0006 hrs) 0.00:-8000.98 28973 (59) sec
[752] Max 77555 (572) steps (0.0002 hrs) 0.00:-8000.98 29001 (28) sec
[753] Max 77555 (1973) steps (0.0005 hrs) 0.00:-8000.98 29032 (31) sec
[754] Max 77555 (1012) steps (0.0003 hrs) 0.00:-8000.98 29061 (29) sec
[755] Max 77555 (2316) steps (0.0006 hrs) 0.00:-8000.98 29112 (51) sec
[756] Max 77555 (1930) steps (0.0005 hrs) 0.00:-8000.98 29164 (52) sec
[757] Max 77555 (1735) steps (0.0005 hrs) 0.00:-8000.98 29193 (29) sec
[758] Max 77555 (3700) steps (0.0010 hrs) 0.00:-8000.98 29221 (28) sec
[759] Max 77555 (783) steps (0.0002 hrs) 0.00:-8000.98 29249 (28) sec
[760] Max 77555 (2364) steps (0.0007 hrs) 0.00:-8000.98 29309 (60) sec
[761] Max 77555 (262) steps (0.0001 hrs) 0.00:-8000.98 29337 (28) sec
[762] Max 77555 (2326) steps (0.0006 hrs) 0.00:-8000.98 29389 (52) sec
[763] Max 77555 (203) steps (0.0001 hrs) 0.00:-8000.98 29417 (28) sec
[764] Max 77555 (508) steps (0.0001 hrs) 0.00:-8000.98 29446 (29) sec
[765] Max 77555 (1005) steps (0.0003 hrs) 0.00:-8000.98 29475 (29) sec
[766] Max 77555 (343) steps (0.0001 hrs) 0.00:-8000.98 29503 (28) sec
[767] Max 77555 (608) steps (0.0002 hrs) 0.00:-8000.98 29531 (28) sec
[768] Max 77555 (495) steps (0.0001 hrs) 0.00:-8000.98 29559 (28) sec
[769] Max 77555 (1524) steps (0.0004 hrs) 0.00:-8000.98 29593 (34) sec
[770] Max 77555 (651) steps (0.0002 hrs) 0.00:-8000.98 29621 (28) sec
[771] Max 77555 (1264) steps (0.0004 hrs) 0.00:-8000.98 29649 (28) sec
[772] Max 77555 (1992) steps (0.0006 hrs) 0.00:-8000.98 29706 (57) sec
[773] Max 77555 (360) steps (0.0001 hrs) 0.00:-8000.98 29733 (27) sec
[774] Max 77555 (2613) steps (0.0007 hrs) 0.00:-8000.98 29787 (54) sec
[775] Max 77555 (2130) steps (0.0006 hrs) 0.00:-8000.98 29843 (56) sec
[776] Max 77555 (1035) steps (0.0003 hrs) 0.00:-8000.98 29872 (29) sec
[777] Max 77555 (2302) steps (0.0006 hrs) 0.00:-8000.98 29928 (56) sec
[778] Max 77555 (776) steps (0.0002 hrs) 0.00:-8000.98 29957 (29) sec
[779] Max 77555 (2209) steps (0.0006 hrs) 0.00:-8000.98 30009 (52) sec
[780] Max 77555 (2171) steps (0.0006 hrs) 0.00:-8000.98 30037 (28) sec
[781] Max 77555 (1166) steps (0.0003 hrs) 0.00:-8000.98 30065 (28) sec
[782] Max 77555 (2160) steps (0.0006 hrs) 0.00:-8000.98 30115 (50) sec
[783] Max 77555 (2428) steps (0.0007 hrs) 0.00:-8000.98 30171 (56) sec
[784] Max 77555 (1132) steps (0.0003 hrs) 0.00:-8000.98 30200 (29) sec
[785] Max 77555 (1490) steps (0.0004 hrs) 0.00:-8000.98 30228 (28) sec
[786] Max 77555 (2359) steps (0.0007 hrs) 0.00:-8000.98 30258 (30) sec
[787] Max 77555 (339) steps (0.0001 hrs) 0.00:-8000.98 30286 (28) sec
[788] Max 77555 (2277) steps (0.0006 hrs) 0.00:-8000.98 30322 (36) sec
[789] Max 77555 (1283) steps (0.0004 hrs) 0.00:-8000.98 30351 (29) sec
[790] Max 77555 (704) steps (0.0002 hrs) 0.00:-8000.98 30379 (28) sec
[791] Max 77555 (3418) steps (0.0009 hrs) 0.00:-8000.98 30435 (56) sec
[792] Max 77555 (643) steps (0.0002 hrs) 0.00:-8000.98 30464 (29) sec
[793] Max 77555 (2474) steps (0.0007 hrs) 0.00:-8000.98 30503 (39) sec
[794] Max 77555 (1789) steps (0.0005 hrs) 0.00:-8000.98 30559 (56) sec
[795] Max 77555 (2429) steps (0.0007 hrs) 0.00:-8000.98 30615 (56) sec
[796] Max 77555 (2441) steps (0.0007 hrs) 0.00:-8000.98 30644 (29) sec
[797] Max 77555 (511) steps (0.0001 hrs) 0.00:-8000.98 30672 (28) sec
[798] Max 77555 (1767) steps (0.0005 hrs) 0.00:-8000.98 30716 (44) sec
[799] Max 77555 (2659) steps (0.0007 hrs) 0.00:-8000.98 30745 (29) sec
[800] Max 77555 (2019) steps (0.0006 hrs) 0.00:-8000.98 30776 (31) sec
[801] Max 77555 (1394) steps (0.0004 hrs) 0.00:-8000.98 30805 (29) sec
[802] Max 77555 (2137) steps (0.0006 hrs) 0.00:-8000.98 30834 (29) sec
[803] Max 77555 (795) steps (0.0002 hrs) 0.00:-8000.98 30863 (29) sec
[804] Max 77555 (2317) steps (0.0006 hrs) 0.00:-8000.98 30896 (33) sec
[805] Max 77555 (614) steps (0.0002 hrs) 0.00:-8000.98 30924 (28) sec
[806] Max 77555 (1389) steps (0.0004 hrs) 0.00:-8000.98 30954 (30) sec
[807] Max 77555 (292) steps (0.0001 hrs) 0.00:-8000.98 30982 (28) sec
[808] Max 77555 (2251) steps (0.0006 hrs) 0.00:-8000.98 31011 (29) sec
[809] Max 77555 (1265) steps (0.0004 hrs) 0.00:-8000.98 31040 (29) sec
[810] Max 77555 (707) steps (0.0002 hrs) 0.00:-8000.98 31068 (28) sec
[811] Max 77555 (288) steps (0.0001 hrs) 0.00:-8000.98 31096 (28) sec
[812] Max 77555 (2264) steps (0.0006 hrs) 0.00:-8000.98 31151 (55) sec
[813] Max 77555 (1218) steps (0.0003 hrs) 0.00:-8000.98 31181 (30) sec
[814] Max 77555 (2502) steps (0.0007 hrs) 0.00:-8000.98 31235 (54) sec
[815] Max 77555 (950) steps (0.0003 hrs) 0.00:-8000.98 31263 (28) sec
[816] Max 77555 (248) steps (0.0001 hrs) 0.00:-8000.98 31291 (28) sec
[817] Max 77555 (386) steps (0.0001 hrs) 0.00:-8000.98 31319 (28) sec
[818] Max 77555 (517) steps (0.0001 hrs) 0.00:-8000.98 31347 (28) sec
[819] Max 77555 (2709) steps (0.0008 hrs) 0.00:-8000.98 31403 (56) sec
[820] Max 77555 (2463) steps (0.0007 hrs) 0.00:-8000.98 31432 (29) sec
[821] Max 77555 (585) steps (0.0002 hrs) 0.00:-8000.98 31460 (28) sec
[822] Max 77555 (777) steps (0.0002 hrs) 0.00:-8000.98 31489 (29) sec
[823] Max 77555 (2329) steps (0.0006 hrs) 0.00:-8000.98 31541 (52) sec
[824] Max 77555 (2592) steps (0.0007 hrs) 0.00:-8000.98 31574 (33) sec
[825] Max 77555 (1556) steps (0.0004 hrs) 0.00:-8000.98 31604 (30) sec
[826] Max 77555 (933) steps (0.0003 hrs) 0.00:-8000.98 31633 (29) sec
[827] Max 77555 (2557) steps (0.0007 hrs) 0.00:-8000.98 31690 (57) sec
[828] Max 77555 (2087) steps (0.0006 hrs) 0.00:-8000.98 31748 (58) sec
[829] Max 77555 (1087) steps (0.0003 hrs) 0.00:-8000.98 31777 (29) sec
[830] Max 77555 (1821) steps (0.0005 hrs) 0.00:-8000.98 31833 (56) sec
[831] Max 77555 (2266) steps (0.0006 hrs) 0.00:-8000.98 31890 (57) sec
[832] Max 77555 (391) steps (0.0001 hrs) 0.00:-8000.98 31918 (28) sec
[833] Max 77555 (868) steps (0.0002 hrs) 0.00:-8000.98 31947 (29) sec
[834] Max 77555 (2169) steps (0.0006 hrs) 0.00:-8000.98 32006 (59) sec
[835] Max 77555 (2324) steps (0.0006 hrs) 0.00:-8000.98 32062 (56) sec
[836] Max 77555 (1187) steps (0.0003 hrs) 0.00:-8000.98 32092 (30) sec
[837] Max 77555 (1372) steps (0.0004 hrs) 0.00:-8000.98 32121 (29) sec
[838] Max 77555 (382) steps (0.0001 hrs) 0.00:-8000.98 32151 (30) sec
[839] Max 77555 (1329) steps (0.0004 hrs) 0.00:-8000.98 32182 (31) sec
[840] Max 77555 (1289) steps (0.0004 hrs) 0.00:-8000.98 32210 (28) sec
[841] Max 77555 (2390) steps (0.0007 hrs) 0.00:-8000.98 32268 (58) sec
[842] Max 77555 (5078) steps (0.0014 hrs) 0.00:-8000.98 32332 (64) sec
[843] Max 77555 (786) steps (0.0002 hrs) 0.00:-8000.98 32360 (28) sec
[844] Max 77555 (384) steps (0.0001 hrs) 0.00:-8000.98 32388 (28) sec
[845] Max 77555 (369) steps (0.0001 hrs) 0.00:-8000.98 32416 (28) sec
[846] Max 77555 (2032) steps (0.0006 hrs) 0.00:-8000.98 32467 (51) sec
[847] Max 77555 (1317) steps (0.0004 hrs) 0.00:-8000.98 32497 (30) sec
[848] Max 77555 (299) steps (0.0001 hrs) 0.00:-8000.98 32525 (28) sec
[849] Max 77555 (437) steps (0.0001 hrs) 0.00:-8000.98 32553 (28) sec
[850] Max 77555 (2733) steps (0.0008 hrs) 0.00:-8000.98 32609 (56) sec
[851] Max 77555 (1486) steps (0.0004 hrs) 0.00:-8000.98 32638 (29) sec
[852] Max 77555 (305) steps (0.0001 hrs) 0.00:-8000.98 32666 (28) sec
[853] Max 77555 (1864) steps (0.0005 hrs) 0.00:-8000.98 32695 (29) sec
[854] Max 77555 (1159) steps (0.0003 hrs) 0.00:-8000.98 32723 (28) sec
[855] Max 77555 (712) steps (0.0002 hrs) 0.00:-8000.98 32751 (28) sec
[856] Max 77555 (2128) steps (0.0006 hrs) 0.00:-8000.98 32803 (52) sec
[857] Max 77555 (331) steps (0.0001 hrs) 0.00:-8000.98 32831 (28) sec
[858] Max 77555 (1474) steps (0.0004 hrs) 0.00:-8000.98 32860 (29) sec
[859] Max 77555 (436) steps (0.0001 hrs) 0.00:-8000.98 32890 (30) sec
[860] Max 77555 (2340) steps (0.0007 hrs) 0.00:-8000.98 32947 (57) sec
[861] Max 77555 (417) steps (0.0001 hrs) 0.00:-8000.98 32975 (28) sec
[862] Max 77555 (330) steps (0.0001 hrs) 0.00:-8000.98 33003 (28) sec
[863] Max 77555 (436) steps (0.0001 hrs) 0.00:-8000.98 33032 (29) sec
[864] Max 77555 (1008) steps (0.0003 hrs) 0.00:-8000.98 33060 (28) sec
[865] Max 77555 (238) steps (0.0001 hrs) 0.00:-8000.98 33088 (28) sec
[866] Max 77555 (2403) steps (0.0007 hrs) 0.00:-8000.98 33145 (57) sec
[867] Max 77555 (377) steps (0.0001 hrs) 0.00:-8000.98 33173 (28) sec
[868] Max 77555 (1501) steps (0.0004 hrs) 0.00:-8000.98 33204 (31) sec
[869] Max 77555 (2341) steps (0.0007 hrs) 0.00:-8000.98 33260 (56) sec
[870] Max 77555 (257) steps (0.0001 hrs) 0.00:-8000.98 33288 (28) sec
[871] Max 77555 (2302) steps (0.0006 hrs) 0.00:-8000.98 33345 (57) sec
[872] Max 77555 (1297) steps (0.0004 hrs) 0.00:-8000.98 33377 (32) sec
[873] Max 77555 (1339) steps (0.0004 hrs) 0.00:-8000.98 33407 (30) sec
[874] Max 77555 (2096) steps (0.0006 hrs) 0.00:-8000.98 33463 (56) sec
[875] Max 77555 (1551) steps (0.0004 hrs) 0.00:-8000.98 33491 (28) sec
[876] Max 77555 (1380) steps (0.0004 hrs) 0.00:-8000.98 33522 (31) sec
[877] Max 77555 (2995) steps (0.0008 hrs) 0.00:-8000.98 33579 (57) sec
[878] Max 77555 (2046) steps (0.0006 hrs) 0.00:-8000.98 33636 (57) sec
[879] Max 77555 (749) steps (0.0002 hrs) 0.00:-8000.98 33664 (28) sec
[880] Max 77555 (2441) steps (0.0007 hrs) 0.00:-8000.98 33717 (53) sec
[881] Max 77555 (405) steps (0.0001 hrs) 0.00:-8000.98 33745 (28) sec
[882] Max 77555 (2001) steps (0.0006 hrs) 0.00:-8000.98 33796 (51) sec
[883] Max 77555 (1179) steps (0.0003 hrs) 0.00:-8000.98 33826 (30) sec
[884] Max 77555 (1734) steps (0.0005 hrs) 0.00:-8000.98 33861 (35) sec
[885] Max 77555 (2170) steps (0.0006 hrs) 0.00:-8000.98 33900 (39) sec
[886] Max 77555 (2024) steps (0.0006 hrs) 0.00:-8000.98 33956 (56) sec
[887] Max 77555 (2726) steps (0.0008 hrs) 0.00:-8000.98 34013 (57) sec
[888] Max 77555 (2208) steps (0.0006 hrs) 0.00:-8000.98 34070 (57) sec
[889] Max 77555 (2194) steps (0.0006 hrs) 0.00:-8000.98 34128 (58) sec
[890] Max 77555 (1834) steps (0.0005 hrs) 0.00:-8000.98 34157 (29) sec
[891] Max 77555 (1616) steps (0.0004 hrs) 0.00:-8000.98 34185 (28) sec
[892] Max 77555 (364) steps (0.0001 hrs) 0.00:-8000.98 34213 (28) sec
[893] Max 77555 (267) steps (0.0001 hrs) 0.00:-8000.98 34242 (29) sec
[894] Max 77555 (2258) steps (0.0006 hrs) 0.00:-8000.98 34299 (57) sec
[895] Max 77555 (2327) steps (0.0006 hrs) 0.00:-8000.98 34356 (57) sec
[896] Max 77555 (1499) steps (0.0004 hrs) 0.00:-8000.98 34387 (31) sec
[897] Max 77555 (2080) steps (0.0006 hrs) 0.00:-8000.98 34440 (53) sec
[898] Max 77555 (1351) steps (0.0004 hrs) 0.00:-8000.98 34469 (29) sec
[899] Max 77555 (2621) steps (0.0007 hrs) 0.00:-8000.98 34522 (53) sec
[900] Max 77555 (739) steps (0.0002 hrs) 0.00:-8000.98 34550 (28) sec
[901] Max 77555 (2470) steps (0.0007 hrs) 0.00:-8000.98 34602 (52) sec
[902] Max 77555 (1940) steps (0.0005 hrs) 0.00:-8000.98 34644 (42) sec
[903] Max 77555 (838) steps (0.0002 hrs) 0.00:-8000.98 34671 (27) sec
[904] Max 77555 (485) steps (0.0001 hrs) 0.00:-8000.98 34699 (28) sec
[905] Max 77555 (2181) steps (0.0006 hrs) 0.00:-8000.98 34739 (40) sec
[906] Max 77555 (1638) steps (0.0005 hrs) 0.00:-8000.98 34767 (28) sec
[907] Max 77555 (566) steps (0.0002 hrs) 0.00:-8000.98 34798 (31) sec
[908] Max 77555 (1975) steps (0.0005 hrs) 0.00:-8000.98 34854 (56) sec
[909] Max 77555 (1140) steps (0.0003 hrs) 0.00:-8000.98 34884 (30) sec
[910] Max 77555 (1948) steps (0.0005 hrs) 0.00:-8000.98 34939 (55) sec
[911] Max 77555 (2194) steps (0.0006 hrs) 0.00:-8000.98 34989 (50) sec
[912] Max 77555 (2841) steps (0.0008 hrs) 0.00:-8000.98 35037 (48) sec
[913] Max 77555 (311) steps (0.0001 hrs) 0.00:-8000.98 35064 (27) sec
[914] Max 77555 (2334) steps (0.0006 hrs) 0.00:-8000.98 35121 (57) sec
[915] Max 77555 (2071) steps (0.0006 hrs) 0.00:-8000.98 35164 (43) sec
[916] Max 77555 (399) steps (0.0001 hrs) 0.00:-8000.98 35193 (29) sec
[917] Max 77555 (542) steps (0.0002 hrs) 0.00:-8000.98 35221 (28) sec
[918] Max 77555 (1384) steps (0.0004 hrs) 0.00:-8000.98 35250 (29) sec
[919] Max 77555 (710) steps (0.0002 hrs) 0.00:-8000.98 35279 (29) sec
[920] Max 77555 (315) steps (0.0001 hrs) 0.00:-8000.98 35307 (28) sec
[921] Max 77555 (3039) steps (0.0008 hrs) 0.00:-8000.98 35373 (66) sec
[922] Max 77555 (2318) steps (0.0006 hrs) 0.00:-8000.98 35419 (46) sec
[923] Max 77555 (1749) steps (0.0005 hrs) 0.00:-8000.98 35447 (28) sec
[924] Max 77555 (308) steps (0.0001 hrs) 0.00:-8000.98 35475 (28) sec
[925] Max 77555 (1259) steps (0.0003 hrs) 0.00:-8000.98 35504 (29) sec
[926] Max 77555 (2387) steps (0.0007 hrs) 0.00:-8000.98 35561 (57) sec
[927] Max 77555 (1551) steps (0.0004 hrs) 0.00:-8000.98 35589 (28) sec
[928] Max 77555 (1358) steps (0.0004 hrs) 0.00:-8000.98 35622 (33) sec
[929] Max 77555 (1656) steps (0.0005 hrs) 0.00:-8000.98 35650 (28) sec
[930] Max 77555 (2331) steps (0.0006 hrs) 0.00:-8000.98 35706 (56) sec
[931] Max 77555 (515) steps (0.0001 hrs) 0.00:-8000.98 35735 (29) sec
[932] Max 77555 (2048) steps (0.0006 hrs) 0.00:-8000.98 35765 (30) sec
[933] Max 77555 (2302) steps (0.0006 hrs) 0.00:-8000.98 35803 (38) sec
[934] Max 77555 (1120) steps (0.0003 hrs) 0.00:-8000.98 35831 (28) sec
[935] Max 77555 (385) steps (0.0001 hrs) 0.00:-8000.98 35860 (29) sec
[936] Max 77555 (545) steps (0.0002 hrs) 0.00:-8000.98 35888 (28) sec
[937] Max 77555 (813) steps (0.0002 hrs) 0.00:-8000.98 35916 (28) sec
[938] Max 77555 (1622) steps (0.0005 hrs) 0.00:-8000.98 35946 (30) sec
[939] Max 77555 (1398) steps (0.0004 hrs) 0.00:-8000.98 35976 (30) sec
[940] Max 77555 (3142) steps (0.0009 hrs) 0.00:-8000.98 36031 (55) sec
[941] Max 77555 (728) steps (0.0002 hrs) 0.00:-8000.98 36059 (28) sec
[942] Max 77555 (1155) steps (0.0003 hrs) 0.00:-8000.98 36087 (28) sec
[943] Max 77555 (456) steps (0.0001 hrs) 0.00:-8000.98 36115 (28) sec
[944] Max 77555 (720) steps (0.0002 hrs) 0.00:-8000.98 36143 (28) sec
[945] Max 77555 (2201) steps (0.0006 hrs) 0.00:-8000.98 36173 (30) sec
[946] Max 77555 (396) steps (0.0001 hrs) 0.00:-8000.98 36201 (28) sec
[947] Max 77555 (2283) steps (0.0006 hrs) 0.00:-8000.98 36258 (57) sec
[948] Max 77555 (629) steps (0.0002 hrs) 0.00:-8000.98 36286 (28) sec
[949] Max 77555 (1246) steps (0.0003 hrs) 0.00:-8000.98 36314 (28) sec
[950] Max 77555 (1909) steps (0.0005 hrs) 0.00:-8000.98 36343 (29) sec
[951] Max 77555 (2707) steps (0.0008 hrs) 0.00:-8000.98 36402 (59) sec
[952] Max 77555 (2408) steps (0.0007 hrs) 0.00:-8000.98 36458 (56) sec
[953] Max 77555 (2515) steps (0.0007 hrs) 0.00:-8000.98 36517 (59) sec
[954] Max 77555 (1163) steps (0.0003 hrs) 0.00:-8000.98 36545 (28) sec
[955] Max 77555 (204) steps (0.0001 hrs) 0.00:-8000.98 36574 (29) sec
[956] Max 77555 (287) steps (0.0001 hrs) 0.00:-8000.98 36602 (28) sec
[957] Max 77555 (1783) steps (0.0005 hrs) 0.00:-8000.98 36638 (36) sec
[958] Max 77555 (2084) steps (0.0006 hrs) 0.00:-8000.98 36693 (55) sec
[959] Max 77555 (1577) steps (0.0004 hrs) 0.00:-8000.98 36721 (28) sec
[960] Max 77555 (1701) steps (0.0005 hrs) 0.00:-8000.98 36760 (39) sec
[961] Max 77555 (1144) steps (0.0003 hrs) 0.00:-8000.98 36788 (28) sec
[962] Max 77555 (2141) steps (0.0006 hrs) 0.00:-8000.98 36846 (58) sec
[963] Max 77555 (961) steps (0.0003 hrs) 0.00:-8000.98 36874 (28) sec
[964] Max 77555 (2455) steps (0.0007 hrs) 0.00:-8000.98 36909 (35) sec
[965] Max 77555 (501) steps (0.0001 hrs) 0.00:-8000.98 36937 (28) sec
[966] Max 77555 (603) steps (0.0002 hrs) 0.00:-8000.98 36965 (28) sec
[967] Max 77555 (935) steps (0.0003 hrs) 0.00:-8000.98 36993 (28) sec
[968] Max 77555 (606) steps (0.0002 hrs) 0.00:-8000.98 37021 (28) sec
[969] Max 77555 (2521) steps (0.0007 hrs) 0.00:-8000.98 37049 (28) sec
[970] Max 77555 (2397) steps (0.0007 hrs) 0.00:-8000.98 37077 (28) sec
[971] Max 77555 (2015) steps (0.0006 hrs) 0.00:-8000.98 37130 (53) sec
[972] Max 77555 (1870) steps (0.0005 hrs) 0.00:-8000.98 37161 (31) sec
[973] Max 77555 (1843) steps (0.0005 hrs) 0.00:-8000.98 37217 (56) sec
[974] Max 77555 (1370) steps (0.0004 hrs) 0.00:-8000.98 37246 (29) sec
[975] Max 77555 (2018) steps (0.0006 hrs) 0.00:-8000.98 37304 (58) sec
[976] Max 77555 (411) steps (0.0001 hrs) 0.00:-8000.98 37332 (28) sec
[977] Max 77555 (362) steps (0.0001 hrs) 0.00:-8000.98 37360 (28) sec
[978] Max 77555 (1124) steps (0.0003 hrs) 0.00:-8000.98 37388 (28) sec
[979] Max 77555 (1234) steps (0.0003 hrs) 0.00:-8000.98 37417 (29) sec
[980] Max 77555 (2306) steps (0.0006 hrs) 0.00:-8000.98 37447 (30) sec
[981] Max 77555 (1121) steps (0.0003 hrs) 0.00:-8000.98 37476 (29) sec
[982] Max 77555 (2556) steps (0.0007 hrs) 0.00:-8000.98 37528 (52) sec
[983] Max 77555 (940) steps (0.0003 hrs) 0.00:-8000.98 37557 (29) sec
[984] Max 77555 (1011) steps (0.0003 hrs) 0.00:-8000.98 37585 (28) sec
[985] Max 77555 (2353) steps (0.0007 hrs) 0.00:-8000.98 37616 (31) sec
[986] Max 77555 (256) steps (0.0001 hrs) 0.00:-8000.98 37643 (27) sec
[987] Max 77555 (871) steps (0.0002 hrs) 0.00:-8000.98 37671 (28) sec
[988] Max 77555 (1963) steps (0.0005 hrs) 0.00:-8000.98 37729 (58) sec
[989] Max 77555 (994) steps (0.0003 hrs) 0.00:-8000.98 37757 (28) sec
[990] Max 77555 (1263) steps (0.0004 hrs) 0.00:-8000.98 37785 (28) sec
[991] Max 77555 (2106) steps (0.0006 hrs) 0.00:-8000.98 37843 (58) sec
[992] Max 77555 (301) steps (0.0001 hrs) 0.00:-8000.98 37871 (28) sec
[993] Max 77555 (1261) steps (0.0004 hrs) 0.00:-8000.98 37900 (29) sec
[994] Max 77555 (296) steps (0.0001 hrs) 0.00:-8000.98 37928 (28) sec
[995] Max 77555 (2985) steps (0.0008 hrs) 0.00:-8000.98 37984 (56) sec
[996] Max 77555 (6008) steps (0.0017 hrs) 0.00:-8000.98 38041 (57) sec
[997] Max 77555 (2480) steps (0.0007 hrs) 0.00:-8000.98 38097 (56) sec
[998] Max 77555 (1916) steps (0.0005 hrs) 0.00:-8000.98 38153 (56) sec
[999] Max 77555 (335) steps (0.0001 hrs) 0.00:-8000.98 38181 (28) sec
[1000] Max 77555 (429) steps (0.0001 hrs) 0.00:-8000.98 38209 (28) sec
Total Elapsed time: 38209 seconds
Wrote current data to latest.train
