balanced 0 test_flag 0
[1] Max 2454 (2454) steps (0.0007 hrs) 0.00:-8043.15 55 (55) sec
[2] Max 2454 (2344) steps (0.0007 hrs) 0.00:-8042.66 110 (55) sec
[3] Max 2454 (1210) steps (0.0003 hrs) 0.00:-8042.66 164 (54) sec
[4] Max 2454 (1005) steps (0.0003 hrs) 0.00:-8042.66 217 (53) sec
[5] Max 2454 (1018) steps (0.0003 hrs) 0.00:-8042.66 341 (124) sec
[6] Max 2454 (1640) steps (0.0005 hrs) 0.00:-8042.66 463 (122) sec
[7] Max 2454 (997) steps (0.0003 hrs) 0.00:-8042.66 607 (144) sec
[8] Max 2454 (2320) steps (0.0006 hrs) 0.00:-8042.66 726 (119) sec
[9] Max 3545 (3545) steps (0.0010 hrs) 0.00:-8042.66 868 (142) sec
[10] Max 3545 (1022) steps (0.0003 hrs) 0.00:-8042.66 998 (130) sec
[11] Max 3545 (2321) steps (0.0006 hrs) 0.00:-8042.66 1160 (162) sec
[12] Max 3545 (1427) steps (0.0004 hrs) 0.00:-8042.66 1288 (128) sec
[13] Max 3545 (1021) steps (0.0003 hrs) 0.00:-8042.66 1461 (173) sec
[14] Max 3545 (3396) steps (0.0009 hrs) 0.00:-8042.66 1599 (138) sec
[15] Max 3545 (2093) steps (0.0006 hrs) 0.00:-8042.66 1727 (128) sec
[16] Max 3545 (1000) steps (0.0003 hrs) 0.00:-8042.66 1894 (167) sec
[17] Max 3545 (2081) steps (0.0006 hrs) 0.00:-8042.66 2072 (178) sec
[18] Max 3545 (2167) steps (0.0006 hrs) 0.00:-8042.66 2232 (160) sec
[19] Max 3545 (2664) steps (0.0007 hrs) 0.00:-8042.66 2324 (92) sec
[20] Max 3545 (2551) steps (0.0007 hrs) 0.00:-8042.66 2380 (56) sec
[21] Max 3545 (2036) steps (0.0006 hrs) 0.00:-8042.66 2434 (54) sec
[22] Max 3545 (2251) steps (0.0006 hrs) 0.00:-8042.66 2490 (56) sec
[23] Max 3545 (2611) steps (0.0007 hrs) 0.00:-8042.66 2544 (54) sec
[24] Max 3545 (2296) steps (0.0006 hrs) 0.00:-8042.66 2600 (56) sec
[25] Max 3545 (2005) steps (0.0006 hrs) 0.00:-8042.66 2657 (57) sec
[26] Max 3545 (1977) steps (0.0005 hrs) 0.00:-8042.66 2712 (55) sec
[27] Max 3545 (2313) steps (0.0006 hrs) 0.00:-8042.66 2767 (55) sec
[28] Max 3545 (1352) steps (0.0004 hrs) 0.00:-8042.66 2819 (52) sec
[29] Max 3545 (1015) steps (0.0003 hrs) 0.00:-8042.66 2872 (53) sec
[30] Max 3545 (1025) steps (0.0003 hrs) 0.00:-8042.66 2924 (52) sec
[31] Max 3545 (3397) steps (0.0009 hrs) 0.00:-8042.66 2978 (54) sec
[32] Max 3545 (1840) steps (0.0005 hrs) 0.00:-8042.66 3030 (52) sec
[33] Max 3545 (1027) steps (0.0003 hrs) 0.00:-8042.66 3083 (53) sec
[34] Max 3545 (1542) steps (0.0004 hrs) 0.00:-8042.66 3137 (54) sec
[35] Max 3545 (1013) steps (0.0003 hrs) 0.00:-8042.66 3190 (53) sec
[36] Max 3545 (2060) steps (0.0006 hrs) 0.00:-8042.66 3242 (52) sec
[37] Max 3545 (1025) steps (0.0003 hrs) 0.00:-8042.66 3290 (48) sec
[38] Max 3545 (998) steps (0.0003 hrs) 0.00:-8042.66 3338 (48) sec
[39] Max 3545 (1027) steps (0.0003 hrs) 0.00:-8042.66 3385 (47) sec
[40] Max 3545 (2497) steps (0.0007 hrs) 0.00:-8042.66 3436 (51) sec
[41] Max 3545 (2784) steps (0.0008 hrs) 0.00:-8042.66 3490 (54) sec
[42] Max 3545 (2049) steps (0.0006 hrs) 0.00:-8042.66 3544 (54) sec
[43] Max 3545 (1007) steps (0.0003 hrs) 0.00:-8042.66 3599 (55) sec
[44] Max 3545 (1574) steps (0.0004 hrs) 0.00:-8042.66 3651 (52) sec
[45] Max 3545 (1000) steps (0.0003 hrs) 0.00:-8042.66 3703 (52) sec
[46] Max 3545 (1725) steps (0.0005 hrs) 0.00:-8042.66 3757 (54) sec
[47] Max 3545 (2063) steps (0.0006 hrs) 0.00:-8042.66 3812 (55) sec
[48] Max 3545 (1030) steps (0.0003 hrs) 0.00:-8042.66 3865 (53) sec
[49] Max 3545 (995) steps (0.0003 hrs) 0.00:-8042.66 3917 (52) sec
[50] Max 3545 (2089) steps (0.0006 hrs) 0.00:-8042.66 3968 (51) sec
[51] Max 3545 (2372) steps (0.0007 hrs) 0.00:-8042.66 4026 (58) sec
[52] Max 3545 (1068) steps (0.0003 hrs) 0.00:-8042.66 4084 (58) sec
[53] Max 3545 (2992) steps (0.0008 hrs) 0.00:-8042.66 4139 (55) sec
[54] Max 3545 (1295) steps (0.0004 hrs) 0.00:-8042.66 4186 (47) sec
[55] Max 3545 (1005) steps (0.0003 hrs) 0.00:-8042.66 4235 (49) sec
[56] Max 3545 (2051) steps (0.0006 hrs) 0.00:-8042.66 4285 (50) sec
[57] Max 3545 (1015) steps (0.0003 hrs) 0.00:-8042.66 4335 (50) sec
[58] Max 3545 (1358) steps (0.0004 hrs) 0.00:-8042.66 4388 (53) sec
[59] Max 3545 (1674) steps (0.0005 hrs) 0.00:-8042.66 4441 (53) sec
[60] Max 3545 (1097) steps (0.0003 hrs) 0.00:-8042.66 4493 (52) sec
[61] Max 3545 (2466) steps (0.0007 hrs) 0.00:-8042.66 4549 (56) sec
[62] Max 3545 (992) steps (0.0003 hrs) 0.00:-8042.66 4601 (52) sec
[63] Max 3545 (1430) steps (0.0004 hrs) 0.00:-8042.66 4653 (52) sec
[64] Max 3545 (1109) steps (0.0003 hrs) 0.00:-8042.66 4706 (53) sec
[65] Max 3545 (1000) steps (0.0003 hrs) 0.00:-8042.66 4759 (53) sec
[66] Max 3545 (2197) steps (0.0006 hrs) 0.00:-8042.66 4820 (61) sec
[67] Max 3545 (1477) steps (0.0004 hrs) 0.00:-8042.66 4872 (52) sec
[68] Max 3545 (1618) steps (0.0004 hrs) 0.00:-8042.66 4925 (53) sec
[69] Max 3545 (2976) steps (0.0008 hrs) 0.00:-8042.66 4981 (56) sec
[70] Max 3545 (1499) steps (0.0004 hrs) 0.00:-8042.66 5033 (52) sec
[71] Max 3545 (2056) steps (0.0006 hrs) 0.00:-8042.66 5089 (56) sec
[72] Max 3545 (991) steps (0.0003 hrs) 0.00:-8042.66 5144 (55) sec
[73] Max 3545 (1016) steps (0.0003 hrs) 0.00:-8042.66 5198 (54) sec
[74] Max 3563 (3563) steps (0.0010 hrs) 0.00:-8042.66 5263 (65) sec
[75] Max 3563 (1010) steps (0.0003 hrs) 0.00:-8042.66 5317 (54) sec
[76] Max 3563 (1105) steps (0.0003 hrs) 0.00:-8042.66 5370 (53) sec
[77] Max 3563 (1003) steps (0.0003 hrs) 0.00:-8042.66 5423 (53) sec
[78] Max 3563 (2774) steps (0.0008 hrs) 0.00:-8042.66 5478 (55) sec
[79] Max 3563 (2128) steps (0.0006 hrs) 0.00:-8042.66 5534 (56) sec
[80] Max 3563 (1326) steps (0.0004 hrs) 0.00:-8042.66 5587 (53) sec
[81] Max 3563 (2039) steps (0.0006 hrs) 0.00:-8042.66 5640 (53) sec
[82] Max 3563 (1076) steps (0.0003 hrs) 0.00:-8042.66 5692 (52) sec
[83] Max 3563 (1028) steps (0.0003 hrs) 0.00:-8042.66 5746 (54) sec
[84] Max 3563 (2148) steps (0.0006 hrs) 0.00:-8042.66 5802 (56) sec
[85] Max 3563 (2245) steps (0.0006 hrs) 0.00:-8042.66 5857 (55) sec
[86] Max 3563 (2292) steps (0.0006 hrs) 0.00:-8042.66 5913 (56) sec
[87] Max 3563 (1026) steps (0.0003 hrs) 0.00:-8042.66 5966 (53) sec
[88] Max 3563 (1012) steps (0.0003 hrs) 0.00:-8042.66 6019 (53) sec
[89] Max 3563 (2132) steps (0.0006 hrs) 0.00:-8042.66 6075 (56) sec
[90] Max 3563 (2291) steps (0.0006 hrs) 0.00:-8042.66 6129 (54) sec
[91] Max 3563 (2273) steps (0.0006 hrs) 0.00:-8042.66 6181 (52) sec
[92] Max 3563 (2180) steps (0.0006 hrs) 0.00:-8042.66 6233 (52) sec
[93] Max 3563 (1420) steps (0.0004 hrs) 0.00:-8042.66 6287 (54) sec
[94] Max 3563 (1020) steps (0.0003 hrs) 0.00:-8042.66 6339 (52) sec
[95] Max 3563 (2352) steps (0.0007 hrs) 0.00:-8042.66 6394 (55) sec
[96] Max 3563 (1011) steps (0.0003 hrs) 0.00:-8042.66 6447 (53) sec
[97] Max 3563 (1031) steps (0.0003 hrs) 0.00:-8042.66 6500 (53) sec
[98] Max 3563 (1071) steps (0.0003 hrs) 0.00:-8042.66 6552 (52) sec
[99] Max 3563 (1797) steps (0.0005 hrs) 0.00:-8042.66 6605 (53) sec
[100] Max 3563 (1112) steps (0.0003 hrs) 0.00:-8042.66 6662 (57) sec
[101] Max 3563 (1419) steps (0.0004 hrs) 0.00:-8042.66 6715 (53) sec
[102] Max 3563 (1019) steps (0.0003 hrs) 0.00:-8042.66 6771 (56) sec
[103] Max 3563 (2094) steps (0.0006 hrs) 0.00:-8042.66 6827 (56) sec
[104] Max 3563 (1035) steps (0.0003 hrs) 0.00:-8042.66 6877 (50) sec
[105] Max 3563 (1031) steps (0.0003 hrs) 0.00:-8042.66 6933 (56) sec
[106] Max 3563 (1757) steps (0.0005 hrs) 0.00:-8042.66 6986 (53) sec
[107] Max 3563 (2024) steps (0.0006 hrs) 0.00:-8042.66 7046 (60) sec
[108] Max 3563 (2162) steps (0.0006 hrs) 0.00:-8042.66 7099 (53) sec
[109] Max 3563 (1007) steps (0.0003 hrs) 0.00:-8042.66 7146 (47) sec
[110] Max 3563 (2429) steps (0.0007 hrs) 0.00:-8042.66 7198 (52) sec
[111] Max 3563 (2295) steps (0.0006 hrs) 0.00:-8042.66 7247 (49) sec
[112] Max 3563 (1007) steps (0.0003 hrs) 0.00:-8042.66 7295 (48) sec
[113] Max 3563 (972) steps (0.0003 hrs) 0.00:-8042.66 7343 (48) sec
[114] Max 3563 (1076) steps (0.0003 hrs) 0.00:-8042.66 7391 (48) sec
[115] Max 3563 (1779) steps (0.0005 hrs) 0.00:-8042.66 7442 (51) sec
[116] Max 3563 (2221) steps (0.0006 hrs) 0.00:-8042.66 7492 (50) sec
[117] Max 3563 (1880) steps (0.0005 hrs) 0.00:-8042.66 7548 (56) sec
[118] Max 3563 (2231) steps (0.0006 hrs) 0.00:-8042.66 7604 (56) sec
[119] Max 3563 (2060) steps (0.0006 hrs) 0.00:-8042.66 7659 (55) sec
[120] Max 3563 (2537) steps (0.0007 hrs) 0.00:-8042.66 7714 (55) sec
[121] Max 3563 (1234) steps (0.0003 hrs) 0.00:-8042.66 7769 (55) sec
[122] Max 3563 (2107) steps (0.0006 hrs) 0.00:-8042.66 7825 (56) sec
[123] Max 3563 (1816) steps (0.0005 hrs) 0.00:-8042.66 7878 (53) sec
[124] Max 3563 (1525) steps (0.0004 hrs) 0.00:-8042.66 7931 (53) sec
[125] Max 3563 (1019) steps (0.0003 hrs) 0.00:-8042.66 7984 (53) sec
[126] Max 3563 (1004) steps (0.0003 hrs) 0.00:-8042.66 8039 (55) sec
[127] Max 3563 (2515) steps (0.0007 hrs) 0.00:-8042.66 8100 (61) sec
[128] Max 3563 (1266) steps (0.0004 hrs) 0.00:-8042.66 8156 (56) sec
[129] Max 3563 (2974) steps (0.0008 hrs) 0.00:-8042.66 8236 (80) sec
[130] Max 3563 (1224) steps (0.0003 hrs) 0.00:-8042.66 8295 (59) sec
[131] Max 3563 (1752) steps (0.0005 hrs) 0.00:-8042.66 8356 (61) sec
[132] Max 3563 (1028) steps (0.0003 hrs) 0.00:-8042.66 8413 (57) sec
[133] Max 3563 (2625) steps (0.0007 hrs) 0.00:-8042.66 8525 (112) sec
[134] Max 3563 (2234) steps (0.0006 hrs) 0.00:-8042.66 8642 (117) sec
[135] Max 3563 (1020) steps (0.0003 hrs) 0.00:-8042.66 8717 (75) sec
[136] Max 3563 (1721) steps (0.0005 hrs) 0.00:-8042.66 8794 (77) sec
[137] Max 3563 (1311) steps (0.0004 hrs) 0.00:-8042.66 8881 (87) sec
[138] Max 3563 (984) steps (0.0003 hrs) 0.00:-8042.66 8960 (79) sec
[139] Max 3563 (1959) steps (0.0005 hrs) 0.00:-8042.66 9036 (76) sec
[140] Max 3563 (1094) steps (0.0003 hrs) 0.00:-8042.66 9108 (72) sec
[141] Max 3563 (1990) steps (0.0006 hrs) 0.00:-8042.66 9194 (86) sec
[142] Max 3563 (1286) steps (0.0004 hrs) 0.00:-8042.66 9246 (52) sec
[143] Max 3563 (1795) steps (0.0005 hrs) 0.00:-8042.66 9299 (53) sec
[144] Max 3563 (2247) steps (0.0006 hrs) 0.00:-8042.66 9356 (57) sec
[145] Max 3563 (1972) steps (0.0005 hrs) 0.00:-8042.66 9409 (53) sec
[146] Max 3563 (1267) steps (0.0004 hrs) 0.00:-8042.66 9468 (59) sec
[147] Max 3563 (1014) steps (0.0003 hrs) 0.00:-8042.66 9520 (52) sec
[148] Max 3563 (1103) steps (0.0003 hrs) 0.00:-8042.66 9572 (52) sec
[149] Max 3563 (2422) steps (0.0007 hrs) 0.00:-8042.66 9628 (56) sec
[150] Max 3563 (1966) steps (0.0005 hrs) 0.00:-8042.66 9687 (59) sec
[151] Max 3563 (991) steps (0.0003 hrs) 0.00:-8042.66 9743 (56) sec
[152] Max 3563 (1016) steps (0.0003 hrs) 0.00:-8042.66 9816 (73) sec
[153] Max 3563 (2193) steps (0.0006 hrs) 0.00:-8042.66 9892 (76) sec
[154] Max 3563 (2492) steps (0.0007 hrs) 0.00:-8042.66 9952 (60) sec
[155] Max 3563 (1728) steps (0.0005 hrs) 0.00:-8042.66 10005 (53) sec
[156] Max 3563 (2066) steps (0.0006 hrs) 0.00:-8042.66 10058 (53) sec
[157] Max 3563 (1208) steps (0.0003 hrs) 0.00:-8042.66 10111 (53) sec
[158] Max 3563 (985) steps (0.0003 hrs) 0.00:-8042.66 10164 (53) sec
[159] Max 3563 (1327) steps (0.0004 hrs) 0.00:-8042.66 10217 (53) sec
[160] Max 3563 (1916) steps (0.0005 hrs) 0.00:-8042.66 10271 (54) sec
[161] Max 3563 (2135) steps (0.0006 hrs) 0.00:-8042.66 10328 (57) sec
[162] Max 3563 (1900) steps (0.0005 hrs) 0.00:-8042.66 10384 (56) sec
[163] Max 3563 (1295) steps (0.0004 hrs) 0.00:-8042.66 10437 (53) sec
[164] Max 3563 (1193) steps (0.0003 hrs) 0.00:-8042.66 10488 (51) sec
[165] Max 3563 (2045) steps (0.0006 hrs) 0.00:-8042.66 10544 (56) sec
[166] Max 3563 (1073) steps (0.0003 hrs) 0.00:-8042.66 10596 (52) sec
[167] Max 3563 (1958) steps (0.0005 hrs) 0.00:-8042.66 10649 (53) sec
[168] Max 3563 (1994) steps (0.0006 hrs) 0.00:-8042.66 10704 (55) sec
[169] Max 3563 (1005) steps (0.0003 hrs) 0.00:-8042.66 10757 (53) sec
[170] Max 3563 (1033) steps (0.0003 hrs) 0.00:-8042.66 10808 (51) sec
[171] Max 3563 (2444) steps (0.0007 hrs) 0.00:-8042.66 10863 (55) sec
[172] Max 3563 (1422) steps (0.0004 hrs) 0.00:-8042.66 10915 (52) sec
[173] Max 3563 (2196) steps (0.0006 hrs) 0.00:-8042.66 10971 (56) sec
[174] Max 3563 (1787) steps (0.0005 hrs) 0.00:-8042.66 11025 (54) sec
[175] Max 3563 (1438) steps (0.0004 hrs) 0.00:-8042.66 11078 (53) sec
[176] Max 3563 (994) steps (0.0003 hrs) 0.00:-8042.66 11130 (52) sec
[177] Max 3563 (2482) steps (0.0007 hrs) 0.00:-8042.66 11186 (56) sec
[178] Max 3563 (2145) steps (0.0006 hrs) 0.00:-8042.66 11241 (55) sec
[179] Max 3563 (1015) steps (0.0003 hrs) 0.00:-8042.66 11295 (54) sec
[180] Max 3563 (1041) steps (0.0003 hrs) 0.00:-8042.66 11347 (52) sec
[181] Max 3563 (1026) steps (0.0003 hrs) 0.00:-8042.66 11399 (52) sec
[182] Max 3563 (1015) steps (0.0003 hrs) 0.00:-8042.66 11451 (52) sec
[183] Max 3563 (2437) steps (0.0007 hrs) 0.00:-8042.66 11506 (55) sec
[184] Max 3563 (2588) steps (0.0007 hrs) 0.00:-8042.66 11561 (55) sec
[185] Max 3563 (2197) steps (0.0006 hrs) 0.00:-8042.66 11616 (55) sec
[186] Max 3563 (1001) steps (0.0003 hrs) 0.00:-8042.66 11668 (52) sec
[187] Max 3563 (998) steps (0.0003 hrs) 0.00:-8042.66 11720 (52) sec
[188] Max 3563 (1000) steps (0.0003 hrs) 0.00:-8042.66 11772 (52) sec
[189] Max 3563 (1441) steps (0.0004 hrs) 0.00:-8042.66 11824 (52) sec
[190] Max 3563 (1120) steps (0.0003 hrs) 0.00:-8042.66 11876 (52) sec
[191] Max 3563 (1309) steps (0.0004 hrs) 0.00:-8042.66 11928 (52) sec
[192] Max 3563 (1772) steps (0.0005 hrs) 0.00:-8042.66 11980 (52) sec
[193] Max 3563 (998) steps (0.0003 hrs) 0.00:-8042.66 12034 (54) sec
[194] Max 3563 (1012) steps (0.0003 hrs) 0.00:-8042.66 12086 (52) sec
[195] Max 3563 (1958) steps (0.0005 hrs) 0.00:-8042.66 12139 (53) sec
[196] Max 3563 (2349) steps (0.0007 hrs) 0.00:-8042.66 12195 (56) sec
[197] Max 3563 (3206) steps (0.0009 hrs) 0.00:-8042.66 12250 (55) sec
[198] Max 3563 (2081) steps (0.0006 hrs) 0.00:-8042.66 12306 (56) sec
[199] Max 3563 (1247) steps (0.0003 hrs) 0.00:-8042.66 12360 (54) sec
[200] Max 3563 (3057) steps (0.0008 hrs) 0.00:-8042.66 12415 (55) sec
[201] Max 3563 (1884) steps (0.0005 hrs) 0.00:-8042.66 12467 (52) sec
[202] Max 3563 (1014) steps (0.0003 hrs) 0.00:-8042.66 12520 (53) sec
[203] Max 3563 (2242) steps (0.0006 hrs) 0.00:-8042.66 12576 (56) sec
[204] Max 3563 (2301) steps (0.0006 hrs) 0.00:-8042.66 12632 (56) sec
[205] Max 3563 (2658) steps (0.0007 hrs) 0.00:-8042.66 12687 (55) sec
[206] Max 3563 (1886) steps (0.0005 hrs) 0.00:-8042.66 12743 (56) sec
[207] Max 3563 (1852) steps (0.0005 hrs) 0.00:-8042.66 12799 (56) sec
[208] Max 3563 (1008) steps (0.0003 hrs) 0.00:-8042.66 12851 (52) sec
[209] Max 3563 (1845) steps (0.0005 hrs) 0.00:-8042.66 12903 (52) sec
[210] Max 3563 (1916) steps (0.0005 hrs) 0.00:-8042.66 12958 (55) sec
[211] Max 3563 (1592) steps (0.0004 hrs) 0.00:-8042.66 13010 (52) sec
[212] Max 3563 (1025) steps (0.0003 hrs) 0.00:-8042.66 13061 (51) sec
[213] Max 3563 (1015) steps (0.0003 hrs) 0.00:-8042.66 13114 (53) sec
[214] Max 3563 (979) steps (0.0003 hrs) 0.00:-8042.66 13166 (52) sec
[215] Max 3563 (1008) steps (0.0003 hrs) 0.00:-8042.66 13219 (53) sec
[216] Max 3563 (1896) steps (0.0005 hrs) 0.00:-8042.66 13271 (52) sec
[217] Max 3563 (1015) steps (0.0003 hrs) 0.00:-8042.66 13323 (52) sec
[218] Max 3563 (1022) steps (0.0003 hrs) 0.00:-8042.66 13375 (52) sec
[219] Max 3563 (1002) steps (0.0003 hrs) 0.00:-8042.66 13427 (52) sec
[220] Max 3563 (2246) steps (0.0006 hrs) 0.00:-8042.66 13482 (55) sec
[221] Max 3563 (1899) steps (0.0005 hrs) 0.00:-8042.66 13536 (54) sec
[222] Max 3563 (2076) steps (0.0006 hrs) 0.00:-8042.66 13592 (56) sec
[223] Max 3563 (1120) steps (0.0003 hrs) 0.00:-8042.66 13644 (52) sec
[224] Max 3563 (1014) steps (0.0003 hrs) 0.00:-8042.66 13696 (52) sec
[225] Max 3563 (2102) steps (0.0006 hrs) 0.00:-8042.66 13750 (54) sec
[226] Max 3563 (2008) steps (0.0006 hrs) 0.00:-8042.66 13802 (52) sec
[227] Max 3563 (1940) steps (0.0005 hrs) 0.00:-8042.66 13857 (55) sec
[228] Max 3563 (2089) steps (0.0006 hrs) 0.00:-8042.66 13906 (49) sec
[229] Max 3563 (2022) steps (0.0006 hrs) 0.00:-8042.66 13957 (51) sec
[230] Max 3563 (2224) steps (0.0006 hrs) 0.00:-8042.66 14009 (52) sec
[231] Max 3563 (2377) steps (0.0007 hrs) 0.00:-8042.66 14059 (50) sec
[232] Max 3563 (2128) steps (0.0006 hrs) 0.00:-8042.66 14109 (50) sec
[233] Max 3563 (1208) steps (0.0003 hrs) 0.00:-8042.66 14158 (49) sec
[234] Max 3563 (2376) steps (0.0007 hrs) 0.00:-8042.66 14210 (52) sec
[235] Max 3563 (1818) steps (0.0005 hrs) 0.00:-8042.66 14260 (50) sec
[236] Max 3563 (1988) steps (0.0006 hrs) 0.00:-8042.66 14315 (55) sec
[237] Max 3563 (2049) steps (0.0006 hrs) 0.00:-8042.66 14370 (55) sec
[238] Max 3563 (1007) steps (0.0003 hrs) 0.00:-8042.66 14422 (52) sec
[239] Max 3563 (2198) steps (0.0006 hrs) 0.00:-8042.66 14477 (55) sec
[240] Max 3563 (1023) steps (0.0003 hrs) 0.00:-8042.66 14530 (53) sec
[241] Max 3563 (1933) steps (0.0005 hrs) 0.00:-8042.66 14582 (52) sec
[242] Max 3563 (1006) steps (0.0003 hrs) 0.00:-8042.66 14635 (53) sec
[243] Max 3563 (2250) steps (0.0006 hrs) 0.00:-8042.66 14692 (57) sec
[244] Max 3563 (2175) steps (0.0006 hrs) 0.00:-8042.66 14745 (53) sec
[245] Max 3563 (2437) steps (0.0007 hrs) 0.00:-8042.66 14800 (55) sec
[246] Max 3563 (2036) steps (0.0006 hrs) 0.00:-8042.66 14856 (56) sec
[247] Max 3563 (1019) steps (0.0003 hrs) 0.00:-8042.66 14908 (52) sec
[248] Max 3563 (1029) steps (0.0003 hrs) 0.00:-8042.66 14960 (52) sec
[249] Max 3563 (977) steps (0.0003 hrs) 0.00:-8042.66 15012 (52) sec
[250] Max 3563 (2348) steps (0.0007 hrs) 0.00:-8042.66 15059 (47) sec
[251] Max 3563 (2838) steps (0.0008 hrs) 0.00:-8042.66 15105 (46) sec
[252] Max 3563 (1642) steps (0.0005 hrs) 0.00:-8042.66 15147 (42) sec
[253] Max 3563 (1067) steps (0.0003 hrs) 0.00:-8042.66 15190 (43) sec
[254] Max 3563 (1294) steps (0.0004 hrs) 0.00:-8042.66 15234 (44) sec
[255] Max 3563 (976) steps (0.0003 hrs) 0.00:-8042.66 15278 (44) sec
[256] Max 3563 (1028) steps (0.0003 hrs) 0.00:-8042.66 15321 (43) sec
[257] Max 3563 (2719) steps (0.0008 hrs) 0.00:-8042.66 15366 (45) sec
[258] Max 3563 (2131) steps (0.0006 hrs) 0.00:-8042.66 15413 (47) sec
[259] Max 3563 (2082) steps (0.0006 hrs) 0.00:-8042.66 15459 (46) sec
[260] Max 3563 (1371) steps (0.0004 hrs) 0.00:-8042.66 15503 (44) sec
[261] Max 3563 (1144) steps (0.0003 hrs) 0.00:-8042.66 15546 (43) sec
[262] Max 3563 (1988) steps (0.0006 hrs) 0.00:-8042.66 15592 (46) sec
[263] Max 3563 (1677) steps (0.0005 hrs) 0.00:-8042.66 15637 (45) sec
[264] Max 3563 (1121) steps (0.0003 hrs) 0.00:-8042.66 15680 (43) sec
[265] Max 3563 (1008) steps (0.0003 hrs) 0.00:-8042.66 15723 (43) sec
[266] Max 3563 (2523) steps (0.0007 hrs) 0.00:-8042.66 15769 (46) sec
[267] Max 3563 (1522) steps (0.0004 hrs) 0.00:-8042.66 15812 (43) sec
[268] Max 3563 (1020) steps (0.0003 hrs) 0.00:-8042.66 15855 (43) sec
[269] Max 3563 (2202) steps (0.0006 hrs) 0.00:-8042.66 15901 (46) sec
[270] Max 3563 (1366) steps (0.0004 hrs) 0.00:-8042.66 15945 (44) sec
[271] Max 3563 (1016) steps (0.0003 hrs) 0.00:-8042.66 15988 (43) sec
[272] Max 3563 (2408) steps (0.0007 hrs) 0.00:-8042.66 16035 (47) sec
[273] Max 3563 (1019) steps (0.0003 hrs) 0.00:-8042.66 16078 (43) sec
[274] Max 3563 (1837) steps (0.0005 hrs) 0.00:-8042.66 16122 (44) sec
[275] Max 3563 (1020) steps (0.0003 hrs) 0.00:-8042.66 16166 (44) sec
[276] Max 3563 (1072) steps (0.0003 hrs) 0.00:-8042.66 16210 (44) sec
[277] Max 3563 (2559) steps (0.0007 hrs) 0.00:-8042.66 16256 (46) sec
[278] Max 3563 (2257) steps (0.0006 hrs) 0.00:-8042.66 16301 (45) sec
[279] Max 3563 (991) steps (0.0003 hrs) 0.00:-8042.66 16345 (44) sec
[280] Max 3563 (2560) steps (0.0007 hrs) 0.00:-8042.66 16392 (47) sec
[281] Max 3563 (1104) steps (0.0003 hrs) 0.00:-8042.66 16436 (44) sec
[282] Max 3563 (1025) steps (0.0003 hrs) 0.00:-8042.66 16479 (43) sec
[283] Max 3563 (2288) steps (0.0006 hrs) 0.00:-8042.66 16525 (46) sec
[284] Max 3563 (1020) steps (0.0003 hrs) 0.00:-8042.66 16569 (44) sec
[285] Max 3563 (2224) steps (0.0006 hrs) 0.00:-8042.66 16616 (47) sec
[286] Max 3563 (1622) steps (0.0005 hrs) 0.00:-8042.66 16659 (43) sec
[287] Max 3563 (982) steps (0.0003 hrs) 0.00:-8042.66 16703 (44) sec
[288] Max 3563 (1419) steps (0.0004 hrs) 0.00:-8042.66 16745 (42) sec
[289] Max 3563 (1497) steps (0.0004 hrs) 0.00:-8042.66 16789 (44) sec
[290] Max 3563 (2101) steps (0.0006 hrs) 0.00:-8042.66 16835 (46) sec
[291] Max 3563 (2777) steps (0.0008 hrs) 0.00:-8042.66 16882 (47) sec
[292] Max 3563 (2359) steps (0.0007 hrs) 0.00:-8042.66 16929 (47) sec
[293] Max 3563 (2187) steps (0.0006 hrs) 0.00:-8042.66 16976 (47) sec
[294] Max 3563 (2484) steps (0.0007 hrs) 0.00:-8042.66 17023 (47) sec
[295] Max 3563 (2255) steps (0.0006 hrs) 0.00:-8042.66 17073 (50) sec
[296] Max 3563 (2132) steps (0.0006 hrs) 0.00:-8042.66 17127 (54) sec
[297] Max 3563 (1097) steps (0.0003 hrs) 0.00:-8042.66 17179 (52) sec
[298] Max 3563 (2756) steps (0.0008 hrs) 0.00:-8042.66 17235 (56) sec
[299] Max 3563 (1128) steps (0.0003 hrs) 0.00:-8042.66 17286 (51) sec
[300] Max 3563 (2665) steps (0.0007 hrs) 0.00:-8042.66 17342 (56) sec
[301] Max 3563 (1137) steps (0.0003 hrs) 0.00:-8042.66 17395 (53) sec
[302] Max 3563 (2392) steps (0.0007 hrs) 0.00:-8042.66 17449 (54) sec
[303] Max 3563 (2354) steps (0.0007 hrs) 0.00:-8042.66 17505 (56) sec
[304] Max 3563 (1910) steps (0.0005 hrs) 0.00:-8042.66 17561 (56) sec
[305] Max 3563 (2062) steps (0.0006 hrs) 0.00:-8042.66 17617 (56) sec
[306] Max 3563 (1230) steps (0.0003 hrs) 0.00:-8042.66 17668 (51) sec
[307] Max 3563 (1027) steps (0.0003 hrs) 0.00:-8042.66 17720 (52) sec
[308] Max 3563 (1030) steps (0.0003 hrs) 0.00:-8042.66 17772 (52) sec
[309] Max 3563 (1000) steps (0.0003 hrs) 0.00:-8042.66 17825 (53) sec
[310] Max 3563 (2274) steps (0.0006 hrs) 0.00:-8042.66 17881 (56) sec
[311] Max 3563 (1677) steps (0.0005 hrs) 0.00:-8042.66 17934 (53) sec
[312] Max 3563 (1031) steps (0.0003 hrs) 0.00:-8042.66 17987 (53) sec
[313] Max 3563 (1262) steps (0.0004 hrs) 0.00:-8042.66 18039 (52) sec
[314] Max 3563 (1015) steps (0.0003 hrs) 0.00:-8042.66 18090 (51) sec
[315] Max 3563 (3508) steps (0.0010 hrs) 0.00:-8042.66 18144 (54) sec
[316] Max 3563 (1941) steps (0.0005 hrs) 0.00:-8042.66 18199 (55) sec
[317] Max 3563 (1085) steps (0.0003 hrs) 0.00:-8042.66 18251 (52) sec
[318] Max 3563 (1295) steps (0.0004 hrs) 0.00:-8042.66 18303 (52) sec
[319] Max 3563 (994) steps (0.0003 hrs) 0.00:-8042.66 18355 (52) sec
[320] Max 3563 (1005) steps (0.0003 hrs) 0.00:-8042.66 18406 (51) sec
[321] Max 3563 (1408) steps (0.0004 hrs) 0.00:-8042.66 18461 (55) sec
[322] Max 3563 (1147) steps (0.0003 hrs) 0.00:-8042.66 18513 (52) sec
[323] Max 3563 (1516) steps (0.0004 hrs) 0.00:-8042.66 18565 (52) sec
[324] Max 3563 (2295) steps (0.0006 hrs) 0.00:-8042.66 18620 (55) sec
[325] Max 3563 (1898) steps (0.0005 hrs) 0.00:-8042.66 18675 (55) sec
[326] Max 3563 (2398) steps (0.0007 hrs) 0.00:-8042.66 18730 (55) sec
[327] Max 3563 (2547) steps (0.0007 hrs) 0.00:-8042.66 18785 (55) sec
[328] Max 3563 (1023) steps (0.0003 hrs) 0.00:-8042.66 18837 (52) sec
[329] Max 3563 (2493) steps (0.0007 hrs) 0.00:-8042.66 18890 (53) sec
[330] Max 3563 (1293) steps (0.0004 hrs) 0.00:-8042.66 18942 (52) sec
[331] Max 3563 (1205) steps (0.0003 hrs) 0.00:-8042.66 18994 (52) sec
[332] Max 3563 (1499) steps (0.0004 hrs) 0.00:-8042.66 19047 (53) sec
[333] Max 3563 (2305) steps (0.0006 hrs) 0.00:-8042.66 19102 (55) sec
[334] Max 3563 (2054) steps (0.0006 hrs) 0.00:-8042.66 19155 (53) sec
[335] Max 3563 (1801) steps (0.0005 hrs) 0.00:-8042.66 19210 (55) sec
[336] Max 3563 (2622) steps (0.0007 hrs) 0.00:-8042.66 19266 (56) sec
[337] Max 3563 (2300) steps (0.0006 hrs) 0.00:-8042.66 19321 (55) sec
[338] Max 3563 (1535) steps (0.0004 hrs) 0.00:-8042.66 19373 (52) sec
[339] Max 3563 (1296) steps (0.0004 hrs) 0.00:-8042.66 19425 (52) sec
[340] Max 3563 (1007) steps (0.0003 hrs) 0.00:-8042.66 19477 (52) sec
[341] Max 3563 (2364) steps (0.0007 hrs) 0.00:-8042.66 19532 (55) sec
[342] Max 3563 (2239) steps (0.0006 hrs) 0.00:-8042.66 19585 (53) sec
[343] Max 3563 (1441) steps (0.0004 hrs) 0.00:-8042.66 19636 (51) sec
[344] Max 3563 (985) steps (0.0003 hrs) 0.00:-8042.66 19688 (52) sec
[345] Max 3563 (2183) steps (0.0006 hrs) 0.00:-8042.66 19744 (56) sec
[346] Max 3563 (1842) steps (0.0005 hrs) 0.00:-8042.66 19797 (53) sec
[347] Max 3563 (2249) steps (0.0006 hrs) 0.00:-8042.66 19851 (54) sec
[348] Max 3563 (1008) steps (0.0003 hrs) 0.00:-8042.66 19902 (51) sec
[349] Max 3563 (1792) steps (0.0005 hrs) 0.00:-8042.66 19955 (53) sec
[350] Max 3563 (1207) steps (0.0003 hrs) 0.00:-8042.66 20007 (52) sec
[351] Max 3563 (1979) steps (0.0005 hrs) 0.00:-8042.66 20061 (54) sec
[352] Max 3563 (2221) steps (0.0006 hrs) 0.00:-8042.66 20116 (55) sec
[353] Max 3563 (1014) steps (0.0003 hrs) 0.00:-8042.66 20167 (51) sec
[354] Max 3563 (2440) steps (0.0007 hrs) 0.00:-8042.66 20222 (55) sec
[355] Max 3563 (1017) steps (0.0003 hrs) 0.00:-8042.66 20274 (52) sec
[356] Max 3563 (2361) steps (0.0007 hrs) 0.00:-8042.66 20329 (55) sec
[357] Max 3563 (2158) steps (0.0006 hrs) 0.00:-8042.66 20384 (55) sec
[358] Max 3563 (2340) steps (0.0007 hrs) 0.00:-8042.66 20440 (56) sec
[359] Max 3563 (1023) steps (0.0003 hrs) 0.00:-8042.66 20491 (51) sec
[360] Max 3563 (2173) steps (0.0006 hrs) 0.00:-8042.66 20545 (54) sec
[361] Max 3563 (2075) steps (0.0006 hrs) 0.00:-8042.66 20601 (56) sec
[362] Max 3563 (1208) steps (0.0003 hrs) 0.00:-8042.66 20653 (52) sec
[363] Max 3563 (1471) steps (0.0004 hrs) 0.00:-8042.66 20704 (51) sec
[364] Max 3563 (2147) steps (0.0006 hrs) 0.00:-8042.66 20758 (54) sec
[365] Max 3563 (2973) steps (0.0008 hrs) 0.00:-8042.66 20814 (56) sec
[366] Max 3563 (1420) steps (0.0004 hrs) 0.00:-8042.66 20865 (51) sec
[367] Max 3563 (1241) steps (0.0003 hrs) 0.00:-8042.66 20918 (53) sec
[368] Max 3563 (2454) steps (0.0007 hrs) 0.00:-8042.66 20973 (55) sec
[369] Max 3563 (2277) steps (0.0006 hrs) 0.00:-8042.66 21030 (57) sec
[370] Max 3563 (1200) steps (0.0003 hrs) 0.00:-8042.66 21082 (52) sec
[371] Max 3563 (2636) steps (0.0007 hrs) 0.00:-8042.66 21137 (55) sec
[372] Max 3563 (2281) steps (0.0006 hrs) 0.00:-8042.66 21192 (55) sec
[373] Max 3563 (990) steps (0.0003 hrs) 0.00:-8042.66 21245 (53) sec
[374] Max 3563 (1027) steps (0.0003 hrs) 0.00:-8042.66 21297 (52) sec
[375] Max 4078 (4078) steps (0.0011 hrs) 0.00:-8042.66 21349 (52) sec
[376] Max 4078 (2719) steps (0.0008 hrs) 0.00:-8042.66 21405 (56) sec
[377] Max 4078 (2347) steps (0.0007 hrs) 0.00:-8042.66 21460 (55) sec
[378] Max 4078 (999) steps (0.0003 hrs) 0.00:-8042.66 21513 (53) sec
[379] Max 4078 (1014) steps (0.0003 hrs) 0.00:-8042.66 21565 (52) sec
[380] Max 4078 (995) steps (0.0003 hrs) 0.00:-8042.66 21616 (51) sec
[381] Max 4078 (1577) steps (0.0004 hrs) 0.00:-8042.66 21667 (51) sec
[382] Max 4078 (1487) steps (0.0004 hrs) 0.00:-8042.66 21719 (52) sec
[383] Max 4078 (2104) steps (0.0006 hrs) 0.00:-8042.66 21776 (57) sec
[384] Max 4078 (2004) steps (0.0006 hrs) 0.00:-8042.66 21830 (54) sec
[385] Max 4078 (1007) steps (0.0003 hrs) 0.00:-8042.66 21882 (52) sec
[386] Max 4078 (1171) steps (0.0003 hrs) 0.00:-8042.66 21934 (52) sec
[387] Max 4078 (1879) steps (0.0005 hrs) 0.00:-8042.66 21986 (52) sec
[388] Max 4078 (1938) steps (0.0005 hrs) 0.00:-8042.66 22040 (54) sec
[389] Max 4078 (2380) steps (0.0007 hrs) 0.00:-8042.66 22096 (56) sec
[390] Max 4078 (2159) steps (0.0006 hrs) 0.00:-8042.66 22152 (56) sec
[391] Max 4078 (2239) steps (0.0006 hrs) 0.00:-8042.66 22210 (58) sec
[392] Max 4078 (1980) steps (0.0006 hrs) 0.00:-8042.66 22265 (55) sec
[393] Max 4078 (2739) steps (0.0008 hrs) 0.00:-8042.66 22320 (55) sec
[394] Max 4078 (1737) steps (0.0005 hrs) 0.00:-8042.66 22374 (54) sec
[395] Max 4078 (1780) steps (0.0005 hrs) 0.00:-8042.66 22427 (53) sec
[396] Max 4078 (2012) steps (0.0006 hrs) 0.00:-8042.66 22482 (55) sec
[397] Max 4078 (2434) steps (0.0007 hrs) 0.00:-8042.66 22538 (56) sec
[398] Max 4078 (2241) steps (0.0006 hrs) 0.00:-8042.66 22594 (56) sec
[399] Max 4078 (2261) steps (0.0006 hrs) 0.00:-8042.66 22649 (55) sec
[400] Max 4078 (1334) steps (0.0004 hrs) 0.00:-8042.66 22702 (53) sec
[401] Max 4078 (2084) steps (0.0006 hrs) 0.00:-8042.66 22757 (55) sec
[402] Max 4078 (2556) steps (0.0007 hrs) 0.00:-8042.66 22812 (55) sec
[403] Max 4078 (1021) steps (0.0003 hrs) 0.00:-8042.66 22866 (54) sec
[404] Max 4078 (1011) steps (0.0003 hrs) 0.00:-8042.66 22918 (52) sec
[405] Max 4078 (2472) steps (0.0007 hrs) 0.00:-8042.66 22973 (55) sec
[406] Max 4078 (1033) steps (0.0003 hrs) 0.00:-8042.66 23026 (53) sec
[407] Max 4078 (1108) steps (0.0003 hrs) 0.00:-8042.66 23079 (53) sec
[408] Max 4078 (2023) steps (0.0006 hrs) 0.00:-8042.66 23134 (55) sec
[409] Max 4078 (994) steps (0.0003 hrs) 0.00:-8042.66 23186 (52) sec
[410] Max 4078 (2165) steps (0.0006 hrs) 0.00:-8042.66 23237 (51) sec
[411] Max 4078 (1682) steps (0.0005 hrs) 0.00:-8042.66 23290 (53) sec
[412] Max 4078 (1021) steps (0.0003 hrs) 0.00:-8042.66 23343 (53) sec
[413] Max 4078 (2262) steps (0.0006 hrs) 0.00:-8042.66 23399 (56) sec
[414] Max 4078 (1031) steps (0.0003 hrs) 0.00:-8042.66 23451 (52) sec
[415] Max 4078 (1010) steps (0.0003 hrs) 0.00:-8042.66 23502 (51) sec
[416] Max 4078 (2452) steps (0.0007 hrs) 0.00:-8042.66 23558 (56) sec
[417] Max 4078 (1976) steps (0.0005 hrs) 0.00:-8042.66 23612 (54) sec
[418] Max 4078 (1024) steps (0.0003 hrs) 0.00:-8042.66 23664 (52) sec
[419] Max 4078 (2184) steps (0.0006 hrs) 0.00:-8042.66 23719 (55) sec
[420] Max 4078 (1835) steps (0.0005 hrs) 0.00:-8042.66 23773 (54) sec
[421] Max 4078 (1012) steps (0.0003 hrs) 0.00:-8042.66 23824 (51) sec
[422] Max 4078 (2105) steps (0.0006 hrs) 0.00:-8042.66 23878 (54) sec
[423] Max 4078 (1002) steps (0.0003 hrs) 0.00:-8042.66 23931 (53) sec
[424] Max 4078 (990) steps (0.0003 hrs) 0.00:-8042.66 23983 (52) sec
[425] Max 4078 (2008) steps (0.0006 hrs) 0.00:-8042.66 24038 (55) sec
[426] Max 4078 (996) steps (0.0003 hrs) 0.00:-8042.66 24090 (52) sec
[427] Max 4078 (1131) steps (0.0003 hrs) 0.00:-8042.66 24143 (53) sec
[428] Max 4078 (2545) steps (0.0007 hrs) 0.00:-8042.66 24197 (54) sec
[429] Max 4078 (1942) steps (0.0005 hrs) 0.00:-8042.66 24251 (54) sec
[430] Max 4078 (997) steps (0.0003 hrs) 0.00:-8042.66 24303 (52) sec
[431] Max 4078 (1026) steps (0.0003 hrs) 0.00:-8042.66 24355 (52) sec
[432] Max 4078 (1000) steps (0.0003 hrs) 0.00:-8042.66 24406 (51) sec
[433] Max 4078 (1021) steps (0.0003 hrs) 0.00:-8042.66 24459 (53) sec
[434] Max 4078 (1013) steps (0.0003 hrs) 0.00:-8042.66 24511 (52) sec
[435] Max 4078 (1944) steps (0.0005 hrs) 0.00:-8042.66 24567 (56) sec
[436] Max 4078 (2269) steps (0.0006 hrs) 0.00:-8042.66 24621 (54) sec
[437] Max 4078 (1559) steps (0.0004 hrs) 0.00:-8042.66 24674 (53) sec
[438] Max 4078 (2393) steps (0.0007 hrs) 0.00:-8042.66 24729 (55) sec
[439] Max 4078 (1303) steps (0.0004 hrs) 0.00:-8042.66 24781 (52) sec
[440] Max 4078 (1451) steps (0.0004 hrs) 0.00:-8042.66 24831 (50) sec
[441] Max 4078 (1067) steps (0.0003 hrs) 0.00:-8042.66 24883 (52) sec
[442] Max 4078 (1190) steps (0.0003 hrs) 0.00:-8042.66 24937 (54) sec
[443] Max 4078 (2261) steps (0.0006 hrs) 0.00:-8042.66 24992 (55) sec
[444] Max 4078 (1176) steps (0.0003 hrs) 0.00:-8042.66 25043 (51) sec
[445] Max 4078 (1875) steps (0.0005 hrs) 0.00:-8042.66 25099 (56) sec
[446] Max 4078 (1927) steps (0.0005 hrs) 0.00:-8042.66 25155 (56) sec
[447] Max 4078 (2369) steps (0.0007 hrs) 0.00:-8042.66 25210 (55) sec
[448] Max 4078 (1024) steps (0.0003 hrs) 0.00:-8042.66 25262 (52) sec
[449] Max 4078 (1226) steps (0.0003 hrs) 0.00:-8042.66 25315 (53) sec
[450] Max 4078 (2773) steps (0.0008 hrs) 0.00:-8042.66 25369 (54) sec
[451] Max 4078 (1144) steps (0.0003 hrs) 0.00:-8042.66 25421 (52) sec
[452] Max 4078 (2886) steps (0.0008 hrs) 0.00:-8042.66 25477 (56) sec
[453] Max 4078 (2190) steps (0.0006 hrs) 0.00:-8042.66 25533 (56) sec
[454] Max 4078 (2055) steps (0.0006 hrs) 0.00:-8042.66 25587 (54) sec
[455] Max 4078 (1422) steps (0.0004 hrs) 0.00:-8042.66 25640 (53) sec
[456] Max 4078 (2443) steps (0.0007 hrs) 0.00:-8042.66 25697 (57) sec
[457] Max 4078 (2405) steps (0.0007 hrs) 0.00:-8042.66 25753 (56) sec
[458] Max 4078 (1693) steps (0.0005 hrs) 0.00:-8042.66 25805 (52) sec
[459] Max 4078 (1973) steps (0.0005 hrs) 0.00:-8042.66 25856 (51) sec
[460] Max 4078 (1271) steps (0.0004 hrs) 0.00:-8042.66 25908 (52) sec
[461] Max 4078 (2993) steps (0.0008 hrs) 0.00:-8042.66 25964 (56) sec
[462] Max 4078 (2035) steps (0.0006 hrs) 0.00:-8042.66 26017 (53) sec
[463] Max 4078 (2284) steps (0.0006 hrs) 0.00:-8042.66 26072 (55) sec
[464] Max 4078 (2108) steps (0.0006 hrs) 0.00:-8042.66 26124 (52) sec
[465] Max 4078 (1019) steps (0.0003 hrs) 0.00:-8042.66 26176 (52) sec
[466] Max 4078 (1019) steps (0.0003 hrs) 0.00:-8042.66 26228 (52) sec
[467] Max 4078 (1014) steps (0.0003 hrs) 0.00:-8042.66 26280 (52) sec
[468] Max 4078 (1028) steps (0.0003 hrs) 0.00:-8042.66 26332 (52) sec
[469] Max 4078 (1027) steps (0.0003 hrs) 0.00:-8042.66 26385 (53) sec
[470] Max 4078 (2733) steps (0.0008 hrs) 0.00:-8042.66 26441 (56) sec
[471] Max 4078 (2374) steps (0.0007 hrs) 0.00:-8042.66 26495 (54) sec
[472] Max 4078 (2482) steps (0.0007 hrs) 0.00:-8042.66 26552 (57) sec
[473] Max 4078 (1985) steps (0.0006 hrs) 0.00:-8042.66 26606 (54) sec
[474] Max 4078 (1021) steps (0.0003 hrs) 0.00:-8042.66 26660 (54) sec
[475] Max 4078 (1005) steps (0.0003 hrs) 0.00:-8042.66 26713 (53) sec
[476] Max 4078 (1002) steps (0.0003 hrs) 0.00:-8042.66 26768 (55) sec
[477] Max 4078 (2487) steps (0.0007 hrs) 0.00:-8042.66 26823 (55) sec
[478] Max 4078 (1014) steps (0.0003 hrs) 0.00:-8042.66 26876 (53) sec
[479] Max 4078 (2970) steps (0.0008 hrs) 0.00:-8042.66 26931 (55) sec
[480] Max 4078 (1306) steps (0.0004 hrs) 0.00:-8042.66 26982 (51) sec
[481] Max 4078 (1961) steps (0.0005 hrs) 0.00:-8042.66 27038 (56) sec
[482] Max 4078 (1035) steps (0.0003 hrs) 0.00:-8042.66 27091 (53) sec
[483] Max 4078 (2006) steps (0.0006 hrs) 0.00:-8042.66 27145 (54) sec
[484] Max 4078 (2342) steps (0.0007 hrs) 0.00:-8042.66 27201 (56) sec
[485] Max 4078 (1005) steps (0.0003 hrs) 0.00:-8042.66 27253 (52) sec
[486] Max 4078 (1870) steps (0.0005 hrs) 0.00:-8042.66 27304 (51) sec
[487] Max 4078 (1935) steps (0.0005 hrs) 0.00:-8042.66 27356 (52) sec
[488] Max 4078 (1515) steps (0.0004 hrs) 0.00:-8042.66 27407 (51) sec
[489] Max 4078 (990) steps (0.0003 hrs) 0.00:-8042.66 27458 (51) sec
[490] Max 4078 (2584) steps (0.0007 hrs) 0.00:-8042.66 27514 (56) sec
[491] Max 4078 (2952) steps (0.0008 hrs) 0.00:-8042.66 27568 (54) sec
[492] Max 4078 (1071) steps (0.0003 hrs) 0.00:-8042.66 27620 (52) sec
[493] Max 4078 (1025) steps (0.0003 hrs) 0.00:-8042.66 27673 (53) sec
[494] Max 4078 (985) steps (0.0003 hrs) 0.00:-8042.66 27724 (51) sec
[495] Max 4078 (1466) steps (0.0004 hrs) 0.00:-8042.66 27777 (53) sec
[496] Max 4078 (2216) steps (0.0006 hrs) 0.00:-8042.66 27832 (55) sec
[497] Max 4078 (1374) steps (0.0004 hrs) 0.00:-8042.66 27885 (53) sec
[498] Max 4078 (1519) steps (0.0004 hrs) 0.00:-8042.66 27937 (52) sec
[499] Max 4078 (2138) steps (0.0006 hrs) 0.00:-8042.66 27991 (54) sec
[500] Max 4078 (2257) steps (0.0006 hrs) 0.00:-8042.66 28046 (55) sec
[501] Max 4078 (3521) steps (0.0010 hrs) 0.00:-8042.66 28100 (54) sec
[502] Max 4078 (1027) steps (0.0003 hrs) 0.00:-8042.66 28151 (51) sec
[503] Max 4078 (2058) steps (0.0006 hrs) 0.00:-8042.66 28206 (55) sec
[504] Max 4078 (2205) steps (0.0006 hrs) 0.00:-8042.66 28261 (55) sec
[505] Max 4078 (1003) steps (0.0003 hrs) 0.00:-8042.66 28311 (50) sec
[506] Max 4078 (1017) steps (0.0003 hrs) 0.00:-8042.66 28363 (52) sec
[507] Max 4078 (2683) steps (0.0007 hrs) 0.00:-8042.66 28418 (55) sec
[508] Max 4078 (1007) steps (0.0003 hrs) 0.00:-8042.66 28470 (52) sec
[509] Max 4078 (1988) steps (0.0006 hrs) 0.00:-8042.66 28524 (54) sec
[510] Max 4078 (2304) steps (0.0006 hrs) 0.00:-8042.66 28579 (55) sec
[511] Max 4078 (1181) steps (0.0003 hrs) 0.00:-8042.66 28632 (53) sec
[512] Max 4078 (2027) steps (0.0006 hrs) 0.00:-8042.66 28687 (55) sec
[513] Max 4078 (2273) steps (0.0006 hrs) 0.00:-8042.66 28742 (55) sec
[514] Max 4078 (2862) steps (0.0008 hrs) 0.00:-8042.66 28798 (56) sec
[515] Max 4078 (2333) steps (0.0006 hrs) 0.00:-8042.66 28854 (56) sec
[516] Max 4078 (980) steps (0.0003 hrs) 0.00:-8042.66 28905 (51) sec
[517] Max 4078 (2123) steps (0.0006 hrs) 0.00:-8042.66 28961 (56) sec
[518] Max 4078 (1013) steps (0.0003 hrs) 0.00:-8042.66 29013 (52) sec
[519] Max 4078 (1023) steps (0.0003 hrs) 0.00:-8042.66 29063 (50) sec
[520] Max 4078 (2945) steps (0.0008 hrs) 0.00:-8042.66 29118 (55) sec
[521] Max 4078 (2129) steps (0.0006 hrs) 0.00:-8042.66 29174 (56) sec
[522] Max 4078 (2385) steps (0.0007 hrs) 0.00:-8042.66 29230 (56) sec
[523] Max 4078 (1008) steps (0.0003 hrs) 0.00:-8042.66 29283 (53) sec
[524] Max 4078 (1009) steps (0.0003 hrs) 0.00:-8042.66 29333 (50) sec
[525] Max 4078 (1025) steps (0.0003 hrs) 0.00:-8042.66 29385 (52) sec
[526] Max 4078 (2117) steps (0.0006 hrs) 0.00:-8042.66 29438 (53) sec
[527] Max 4078 (2412) steps (0.0007 hrs) 0.00:-8042.66 29493 (55) sec
[528] Max 4078 (2035) steps (0.0006 hrs) 0.00:-8042.66 29547 (54) sec
[529] Max 4078 (1030) steps (0.0003 hrs) 0.00:-8042.66 29598 (51) sec
[530] Max 4078 (1000) steps (0.0003 hrs) 0.00:-8042.66 29651 (53) sec
[531] Max 4078 (2520) steps (0.0007 hrs) 0.00:-8042.66 29704 (53) sec
[532] Max 4078 (2007) steps (0.0006 hrs) 0.00:-8042.66 29759 (55) sec
[533] Max 4078 (2113) steps (0.0006 hrs) 0.00:-8042.66 29813 (54) sec
[534] Max 4078 (1822) steps (0.0005 hrs) 0.00:-8042.66 29866 (53) sec
[535] Max 4078 (1172) steps (0.0003 hrs) 0.00:-8042.66 29917 (51) sec
[536] Max 4078 (1118) steps (0.0003 hrs) 0.00:-8042.66 29970 (53) sec
[537] Max 4078 (2104) steps (0.0006 hrs) 0.00:-8042.66 30026 (56) sec
[538] Max 4078 (2290) steps (0.0006 hrs) 0.00:-8042.66 30082 (56) sec
[539] Max 4078 (1268) steps (0.0004 hrs) 0.00:-8042.66 30134 (52) sec
[540] Max 4078 (1995) steps (0.0006 hrs) 0.00:-8042.66 30185 (51) sec
[541] Max 4078 (2245) steps (0.0006 hrs) 0.00:-8042.66 30242 (57) sec
[542] Max 4078 (1267) steps (0.0004 hrs) 0.00:-8042.66 30293 (51) sec
[543] Max 4078 (2137) steps (0.0006 hrs) 0.00:-8042.66 30347 (54) sec
[544] Max 4078 (1671) steps (0.0005 hrs) 0.00:-8042.66 30403 (56) sec
[545] Max 4078 (2076) steps (0.0006 hrs) 0.00:-8042.66 30459 (56) sec
[546] Max 4078 (2133) steps (0.0006 hrs) 0.00:-8042.66 30515 (56) sec
[547] Max 4078 (1516) steps (0.0004 hrs) 0.00:-8042.66 30567 (52) sec
[548] Max 4078 (1004) steps (0.0003 hrs) 0.00:-8042.66 30619 (52) sec
[549] Max 4078 (983) steps (0.0003 hrs) 0.00:-8042.66 30671 (52) sec
[550] Max 4078 (1185) steps (0.0003 hrs) 0.00:-8042.66 30723 (52) sec
[551] Max 4078 (2542) steps (0.0007 hrs) 0.00:-8042.66 30779 (56) sec
[552] Max 4078 (1630) steps (0.0005 hrs) 0.00:-8042.66 30836 (57) sec
[553] Max 4078 (2469) steps (0.0007 hrs) 0.00:-8042.66 30899 (63) sec
[554] Max 4078 (1023) steps (0.0003 hrs) 0.00:-8042.66 30957 (58) sec
[555] Max 4078 (1223) steps (0.0003 hrs) 0.00:-8042.66 31017 (60) sec
[556] Max 4078 (2024) steps (0.0006 hrs) 0.00:-8042.66 31080 (63) sec
[557] Max 4078 (1959) steps (0.0005 hrs) 0.00:-8042.66 31140 (60) sec
[558] Max 4078 (1744) steps (0.0005 hrs) 0.00:-8042.66 31200 (60) sec
[559] Max 4078 (2478) steps (0.0007 hrs) 0.00:-8042.66 31264 (64) sec
[560] Max 4078 (2315) steps (0.0006 hrs) 0.00:-8042.66 31326 (62) sec
[561] Max 4078 (994) steps (0.0003 hrs) 0.00:-8042.66 31385 (59) sec
[562] Max 4078 (2490) steps (0.0007 hrs) 0.00:-8042.66 31449 (64) sec
[563] Max 4078 (2218) steps (0.0006 hrs) 0.00:-8042.66 31511 (62) sec
[564] Max 4078 (1396) steps (0.0004 hrs) 0.00:-8042.66 31571 (60) sec
[565] Max 4078 (1610) steps (0.0004 hrs) 0.00:-8042.66 31631 (60) sec
[566] Max 4078 (1935) steps (0.0005 hrs) 0.00:-8042.66 31694 (63) sec
[567] Max 4078 (990) steps (0.0003 hrs) 0.00:-8042.66 31752 (58) sec
[568] Max 4078 (2119) steps (0.0006 hrs) 0.00:-8042.66 31814 (62) sec
[569] Max 4078 (2442) steps (0.0007 hrs) 0.00:-8042.66 31876 (62) sec
[570] Max 4078 (2032) steps (0.0006 hrs) 0.00:-8042.66 31940 (64) sec
[571] Max 4078 (1027) steps (0.0003 hrs) 0.00:-8042.66 32001 (61) sec
[572] Max 4078 (1520) steps (0.0004 hrs) 0.00:-8042.66 32062 (61) sec
[573] Max 4078 (1000) steps (0.0003 hrs) 0.00:-8042.66 32121 (59) sec
[574] Max 4078 (1896) steps (0.0005 hrs) 0.00:-8042.66 32182 (61) sec
[575] Max 4078 (1020) steps (0.0003 hrs) 0.00:-8042.66 32240 (58) sec
[576] Max 4078 (2239) steps (0.0006 hrs) 0.00:-8042.66 32303 (63) sec
[577] Max 4078 (2614) steps (0.0007 hrs) 0.00:-8042.66 32364 (61) sec
[578] Max 4078 (1031) steps (0.0003 hrs) 0.00:-8042.66 32423 (59) sec
[579] Max 4078 (990) steps (0.0003 hrs) 0.00:-8042.66 32482 (59) sec
[580] Max 4078 (2052) steps (0.0006 hrs) 0.00:-8042.66 32545 (63) sec
[581] Max 4078 (1012) steps (0.0003 hrs) 0.00:-8042.66 32605 (60) sec
[582] Max 4078 (1058) steps (0.0003 hrs) 0.00:-8042.66 32665 (60) sec
[583] Max 4078 (2102) steps (0.0006 hrs) 0.00:-8042.66 32729 (64) sec
[584] Max 4078 (1954) steps (0.0005 hrs) 0.00:-8042.66 32790 (61) sec
[585] Max 4078 (999) steps (0.0003 hrs) 0.00:-8042.66 32849 (59) sec
[586] Max 4078 (2157) steps (0.0006 hrs) 0.00:-8042.66 32914 (65) sec
[587] Max 4078 (2419) steps (0.0007 hrs) 0.00:-8042.66 32977 (63) sec
[588] Max 4078 (2268) steps (0.0006 hrs) 0.00:-8042.66 33041 (64) sec
[589] Max 4078 (2303) steps (0.0006 hrs) 0.00:-8042.66 33103 (62) sec
[590] Max 4078 (2195) steps (0.0006 hrs) 0.00:-8042.66 33165 (62) sec
[591] Max 4078 (1520) steps (0.0004 hrs) 0.00:-8042.66 33224 (59) sec
[592] Max 4078 (1033) steps (0.0003 hrs) 0.00:-8042.66 33282 (58) sec
[593] Max 4078 (1879) steps (0.0005 hrs) 0.00:-8042.66 33342 (60) sec
[594] Max 4078 (1949) steps (0.0005 hrs) 0.00:-8042.66 33403 (61) sec
[595] Max 4078 (1019) steps (0.0003 hrs) 0.00:-8042.66 33461 (58) sec
[596] Max 4078 (1002) steps (0.0003 hrs) 0.00:-8042.66 33520 (59) sec
[597] Max 4078 (1304) steps (0.0004 hrs) 0.00:-8042.66 33579 (59) sec
[598] Max 4078 (2009) steps (0.0006 hrs) 0.00:-8042.66 33642 (63) sec
[599] Max 4078 (2450) steps (0.0007 hrs) 0.00:-8042.66 33705 (63) sec
[600] Max 4078 (1015) steps (0.0003 hrs) 0.00:-8042.66 33765 (60) sec
[601] Max 4078 (1837) steps (0.0005 hrs) 0.00:-8042.66 33825 (60) sec
[602] Max 4078 (2869) steps (0.0008 hrs) 0.00:-8042.66 33887 (62) sec
[603] Max 4078 (1009) steps (0.0003 hrs) 0.00:-8042.66 33946 (59) sec
[604] Max 4078 (1378) steps (0.0004 hrs) 0.00:-8042.66 34007 (61) sec
[605] Max 4078 (2272) steps (0.0006 hrs) 0.00:-8042.66 34070 (63) sec
[606] Max 4078 (1029) steps (0.0003 hrs) 0.00:-8042.66 34130 (60) sec
[607] Max 4078 (1021) steps (0.0003 hrs) 0.00:-8042.66 34189 (59) sec
[608] Max 4078 (1000) steps (0.0003 hrs) 0.00:-8042.66 34248 (59) sec
[609] Max 4078 (2003) steps (0.0006 hrs) 0.00:-8042.66 34311 (63) sec
[610] Max 4078 (1053) steps (0.0003 hrs) 0.00:-8042.66 34369 (58) sec
[611] Max 4078 (2481) steps (0.0007 hrs) 0.00:-8042.66 34432 (63) sec
[612] Max 4078 (2189) steps (0.0006 hrs) 0.00:-8042.66 34494 (62) sec
[613] Max 4078 (2604) steps (0.0007 hrs) 0.00:-8042.66 34558 (64) sec
[614] Max 4078 (1392) steps (0.0004 hrs) 0.00:-8042.66 34616 (58) sec
[615] Max 4078 (1536) steps (0.0004 hrs) 0.00:-8042.66 34674 (58) sec
[616] Max 4078 (1120) steps (0.0003 hrs) 0.00:-8042.66 34732 (58) sec
[617] Max 4078 (1180) steps (0.0003 hrs) 0.00:-8042.66 34790 (58) sec
[618] Max 4078 (994) steps (0.0003 hrs) 0.00:-8042.66 34849 (59) sec
[619] Max 4078 (2158) steps (0.0006 hrs) 0.00:-8042.66 34912 (63) sec
[620] Max 4078 (2095) steps (0.0006 hrs) 0.00:-8042.66 34971 (59) sec
[621] Max 4078 (1934) steps (0.0005 hrs) 0.00:-8042.66 35034 (63) sec
[622] Max 4078 (1016) steps (0.0003 hrs) 0.00:-8042.66 35094 (60) sec
[623] Max 4078 (2849) steps (0.0008 hrs) 0.00:-8042.66 35157 (63) sec
[624] Max 4078 (1711) steps (0.0005 hrs) 0.00:-8042.66 35217 (60) sec
[625] Max 4078 (2947) steps (0.0008 hrs) 0.00:-8042.66 35281 (64) sec
[626] Max 4078 (2126) steps (0.0006 hrs) 0.00:-8042.66 35344 (63) sec
[627] Max 4078 (1227) steps (0.0003 hrs) 0.00:-8042.66 35404 (60) sec
[628] Max 4078 (2799) steps (0.0008 hrs) 0.00:-8042.66 35468 (64) sec
[629] Max 4078 (1569) steps (0.0004 hrs) 0.00:-8042.66 35528 (60) sec
[630] Max 4078 (1035) steps (0.0003 hrs) 0.00:-8042.66 35589 (61) sec
[631] Max 4078 (2149) steps (0.0006 hrs) 0.00:-8042.66 35649 (60) sec
[632] Max 4078 (1242) steps (0.0003 hrs) 0.00:-8042.66 35708 (59) sec
[633] Max 4078 (1122) steps (0.0003 hrs) 0.00:-8042.66 35768 (60) sec
[634] Max 4078 (2612) steps (0.0007 hrs) 0.00:-8042.66 35829 (61) sec
[635] Max 4078 (2399) steps (0.0007 hrs) 0.00:-8042.66 35892 (63) sec
[636] Max 4078 (1361) steps (0.0004 hrs) 0.00:-8042.66 35951 (59) sec
[637] Max 4078 (1415) steps (0.0004 hrs) 0.00:-8042.66 36011 (60) sec
[638] Max 4078 (2852) steps (0.0008 hrs) 0.00:-8042.66 36074 (63) sec
[639] Max 4078 (2022) steps (0.0006 hrs) 0.00:-8042.66 36137 (63) sec
[640] Max 4078 (1943) steps (0.0005 hrs) 0.00:-8042.66 36200 (63) sec
[641] Max 4078 (2015) steps (0.0006 hrs) 0.00:-8042.66 36261 (61) sec
[642] Max 4078 (2383) steps (0.0007 hrs) 0.00:-8042.66 36323 (62) sec
[643] Max 4078 (2276) steps (0.0006 hrs) 0.00:-8042.66 36385 (62) sec
[644] Max 4078 (1282) steps (0.0004 hrs) 0.00:-8042.66 36444 (59) sec
[645] Max 4078 (2466) steps (0.0007 hrs) 0.00:-8042.66 36508 (64) sec
[646] Max 4078 (2035) steps (0.0006 hrs) 0.00:-8042.66 36571 (63) sec
[647] Max 4078 (1986) steps (0.0006 hrs) 0.00:-8042.66 36634 (63) sec
[648] Max 4078 (3046) steps (0.0008 hrs) 0.00:-8042.66 36697 (63) sec
[649] Max 4078 (1295) steps (0.0004 hrs) 0.00:-8042.66 36757 (60) sec
[650] Max 4078 (1010) steps (0.0003 hrs) 0.00:-8042.66 36816 (59) sec
[651] Max 4078 (1067) steps (0.0003 hrs) 0.00:-8042.66 36875 (59) sec
[652] Max 4078 (2321) steps (0.0006 hrs) 0.00:-8042.66 36938 (63) sec
[653] Max 4078 (1015) steps (0.0003 hrs) 0.00:-8042.66 36998 (60) sec
[654] Max 4078 (2772) steps (0.0008 hrs) 0.00:-8042.66 37059 (61) sec
[655] Max 4078 (2423) steps (0.0007 hrs) 0.00:-8042.66 37122 (63) sec
[656] Max 4078 (2510) steps (0.0007 hrs) 0.00:-8042.66 37185 (63) sec
[657] Max 4078 (997) steps (0.0003 hrs) 0.00:-8042.66 37244 (59) sec
[658] Max 4078 (2529) steps (0.0007 hrs) 0.00:-8042.66 37309 (65) sec
[659] Max 4078 (1022) steps (0.0003 hrs) 0.00:-8042.66 37369 (60) sec
[660] Max 4078 (1765) steps (0.0005 hrs) 0.00:-8042.66 37428 (59) sec
[661] Max 4078 (1970) steps (0.0005 hrs) 0.00:-8042.66 37489 (61) sec
[662] Max 4078 (1005) steps (0.0003 hrs) 0.00:-8042.66 37548 (59) sec
[663] Max 4078 (2520) steps (0.0007 hrs) 0.00:-8042.66 37610 (62) sec
[664] Max 4078 (2365) steps (0.0007 hrs) 0.00:-8042.66 37673 (63) sec
[665] Max 4078 (1417) steps (0.0004 hrs) 0.00:-8042.66 37733 (60) sec
[666] Max 4078 (2039) steps (0.0006 hrs) 0.00:-8042.66 37794 (61) sec
[667] Max 4078 (1097) steps (0.0003 hrs) 0.00:-8042.66 37854 (60) sec
[668] Max 4078 (1807) steps (0.0005 hrs) 0.00:-8042.66 37914 (60) sec
[669] Max 4078 (2210) steps (0.0006 hrs) 0.00:-8042.66 37977 (63) sec
[670] Max 4078 (1014) steps (0.0003 hrs) 0.00:-8042.66 38038 (60) sec
[671] Max 4078 (1001) steps (0.0003 hrs) 0.00:-8042.66 38099 (61) sec
[672] Max 4078 (1846) steps (0.0005 hrs) 0.00:-8042.66 38157 (58) sec
[673] Max 4078 (2361) steps (0.0007 hrs) 0.00:-8042.66 38220 (63) sec
[674] Max 4078 (2156) steps (0.0006 hrs) 0.00:-8042.66 38282 (62) sec
[675] Max 4078 (1026) steps (0.0003 hrs) 0.00:-8042.66 38340 (58) sec
[676] Max 4078 (1006) steps (0.0003 hrs) 0.00:-8042.66 38399 (59) sec
[677] Max 4078 (2140) steps (0.0006 hrs) 0.00:-8042.66 38460 (61) sec
[678] Max 4078 (2845) steps (0.0008 hrs) 0.00:-8042.66 38522 (62) sec
[679] Max 4078 (1018) steps (0.0003 hrs) 0.00:-8042.66 38581 (59) sec
[680] Max 4078 (2332) steps (0.0006 hrs) 0.00:-8042.66 38643 (62) sec
[681] Max 4078 (2049) steps (0.0006 hrs) 0.00:-8042.66 38704 (61) sec
[682] Max 4078 (1861) steps (0.0005 hrs) 0.00:-8042.66 38765 (61) sec
[683] Max 4078 (2403) steps (0.0007 hrs) 0.00:-8042.66 38826 (61) sec
[684] Max 4078 (2179) steps (0.0006 hrs) 0.00:-8042.66 38887 (61) sec
[685] Max 4078 (1024) steps (0.0003 hrs) 0.00:-8042.66 38947 (60) sec
[686] Max 4078 (1013) steps (0.0003 hrs) 0.00:-8042.66 39006 (59) sec
[687] Max 4078 (1001) steps (0.0003 hrs) 0.00:-8042.66 39065 (59) sec
[688] Max 4078 (1011) steps (0.0003 hrs) 0.00:-8042.66 39124 (59) sec
[689] Max 4078 (1018) steps (0.0003 hrs) 0.00:-8042.66 39184 (60) sec
[690] Max 4078 (2152) steps (0.0006 hrs) 0.00:-8042.66 39246 (62) sec
[691] Max 4078 (1030) steps (0.0003 hrs) 0.00:-8042.66 39305 (59) sec
[692] Max 4078 (2014) steps (0.0006 hrs) 0.00:-8042.66 39365 (60) sec
[693] Max 4078 (1005) steps (0.0003 hrs) 0.00:-8042.66 39424 (59) sec
[694] Max 4078 (2159) steps (0.0006 hrs) 0.00:-8042.66 39486 (62) sec
[695] Max 4078 (1663) steps (0.0005 hrs) 0.00:-8042.66 39546 (60) sec
[696] Max 4078 (1022) steps (0.0003 hrs) 0.00:-8042.66 39605 (59) sec
[697] Max 4078 (2258) steps (0.0006 hrs) 0.00:-8042.66 39665 (60) sec
[698] Max 4078 (1214) steps (0.0003 hrs) 0.00:-8042.66 39723 (58) sec
[699] Max 4078 (1021) steps (0.0003 hrs) 0.00:-8042.66 39784 (61) sec
[700] Max 4078 (1188) steps (0.0003 hrs) 0.00:-8042.66 39844 (60) sec
[701] Max 4078 (1468) steps (0.0004 hrs) 0.00:-8042.66 39904 (60) sec
[702] Max 4078 (2247) steps (0.0006 hrs) 0.00:-8042.66 39965 (61) sec
[703] Max 4078 (2314) steps (0.0006 hrs) 0.00:-8042.66 40026 (61) sec
[704] Max 4078 (2071) steps (0.0006 hrs) 0.00:-8042.66 40090 (64) sec
[705] Max 4078 (1820) steps (0.0005 hrs) 0.00:-8042.66 40150 (60) sec
[706] Max 4078 (967) steps (0.0003 hrs) 0.00:-8042.66 40209 (59) sec
[707] Max 4078 (1654) steps (0.0005 hrs) 0.00:-8042.66 40270 (61) sec
[708] Max 4078 (1942) steps (0.0005 hrs) 0.00:-8042.66 40333 (63) sec
[709] Max 4078 (1139) steps (0.0003 hrs) 0.00:-8042.66 40393 (60) sec
[710] Max 4078 (2653) steps (0.0007 hrs) 0.00:-8042.66 40457 (64) sec
[711] Max 4078 (1020) steps (0.0003 hrs) 0.00:-8042.66 40515 (58) sec
[712] Max 4078 (2299) steps (0.0006 hrs) 0.00:-8042.66 40577 (62) sec
[713] Max 4078 (1170) steps (0.0003 hrs) 0.00:-8042.66 40636 (59) sec
[714] Max 4078 (2986) steps (0.0008 hrs) 0.00:-8042.66 40700 (64) sec
[715] Max 4078 (2384) steps (0.0007 hrs) 0.00:-8042.66 40763 (63) sec
[716] Max 4078 (2163) steps (0.0006 hrs) 0.00:-8042.66 40826 (63) sec
[717] Max 4078 (1445) steps (0.0004 hrs) 0.00:-8042.66 40886 (60) sec
[718] Max 4078 (1007) steps (0.0003 hrs) 0.00:-8042.66 40944 (58) sec
[719] Max 4078 (2035) steps (0.0006 hrs) 0.00:-8042.66 41008 (64) sec
[720] Max 4078 (2040) steps (0.0006 hrs) 0.00:-8042.66 41072 (64) sec
[721] Max 4078 (1672) steps (0.0005 hrs) 0.00:-8042.66 41132 (60) sec
[722] Max 4078 (2237) steps (0.0006 hrs) 0.00:-8042.66 41197 (65) sec
[723] Max 4078 (2307) steps (0.0006 hrs) 0.00:-8042.66 41260 (63) sec
[724] Max 4078 (2099) steps (0.0006 hrs) 0.00:-8042.66 41321 (61) sec
[725] Max 4078 (995) steps (0.0003 hrs) 0.00:-8042.66 41380 (59) sec
[726] Max 4078 (2102) steps (0.0006 hrs) 0.00:-8042.66 41443 (63) sec
[727] Max 4078 (2106) steps (0.0006 hrs) 0.00:-8042.66 41506 (63) sec
[728] Max 4078 (1629) steps (0.0005 hrs) 0.00:-8042.66 41566 (60) sec
[729] Max 4078 (1958) steps (0.0005 hrs) 0.00:-8042.66 41628 (62) sec
[730] Max 4078 (1016) steps (0.0003 hrs) 0.00:-8042.66 41688 (60) sec
[731] Max 4078 (1062) steps (0.0003 hrs) 0.00:-8042.66 41748 (60) sec
[732] Max 4078 (2190) steps (0.0006 hrs) 0.00:-8042.66 41811 (63) sec
[733] Max 4078 (2219) steps (0.0006 hrs) 0.00:-8042.66 41873 (62) sec
[734] Max 4078 (1227) steps (0.0003 hrs) 0.00:-8042.66 41933 (60) sec
[735] Max 4078 (1007) steps (0.0003 hrs) 0.00:-8042.66 41992 (59) sec
[736] Max 4078 (2230) steps (0.0006 hrs) 0.00:-8042.66 42055 (63) sec
[737] Max 4078 (2180) steps (0.0006 hrs) 0.00:-8042.66 42118 (63) sec
[738] Max 4078 (2050) steps (0.0006 hrs) 0.00:-8042.66 42180 (62) sec
[739] Max 4078 (1166) steps (0.0003 hrs) 0.00:-8042.66 42240 (60) sec
[740] Max 4078 (1021) steps (0.0003 hrs) 0.00:-8042.66 42299 (59) sec
[741] Max 4078 (1012) steps (0.0003 hrs) 0.00:-8042.66 42359 (60) sec
[742] Max 4078 (1029) steps (0.0003 hrs) 0.00:-8042.66 42419 (60) sec
[743] Max 4078 (2139) steps (0.0006 hrs) 0.00:-8042.66 42482 (63) sec
[744] Max 4078 (2403) steps (0.0007 hrs) 0.00:-8042.66 42547 (65) sec
[745] Max 4078 (2308) steps (0.0006 hrs) 0.00:-8042.66 42609 (62) sec
[746] Max 4078 (1929) steps (0.0005 hrs) 0.00:-8042.66 42669 (60) sec
[747] Max 4078 (2562) steps (0.0007 hrs) 0.00:-8042.66 42731 (62) sec
[748] Max 4078 (1564) steps (0.0004 hrs) 0.00:-8042.66 42793 (62) sec
[749] Max 4078 (1774) steps (0.0005 hrs) 0.00:-8042.66 42855 (62) sec
[750] Max 4078 (1011) steps (0.0003 hrs) 0.00:-8042.66 42915 (60) sec
[751] Max 4078 (1014) steps (0.0003 hrs) 0.00:-8042.66 42974 (59) sec
[752] Max 4078 (1013) steps (0.0003 hrs) 0.00:-8042.66 43034 (60) sec
[753] Max 4078 (1998) steps (0.0006 hrs) 0.00:-8042.66 43095 (61) sec
[754] Max 4078 (2488) steps (0.0007 hrs) 0.00:-8042.66 43159 (64) sec
[755] Max 4078 (2008) steps (0.0006 hrs) 0.00:-8042.66 43222 (63) sec
[756] Max 4078 (3020) steps (0.0008 hrs) 0.00:-8042.66 43286 (64) sec
[757] Max 4078 (2000) steps (0.0006 hrs) 0.00:-8042.66 43345 (59) sec
[758] Max 4078 (1018) steps (0.0003 hrs) 0.00:-8042.66 43404 (59) sec
[759] Max 4078 (1939) steps (0.0005 hrs) 0.00:-8042.66 43467 (63) sec
[760] Max 4078 (990) steps (0.0003 hrs) 0.00:-8042.66 43526 (59) sec
[761] Max 4078 (1962) steps (0.0005 hrs) 0.00:-8042.66 43584 (58) sec
[762] Max 4078 (1578) steps (0.0004 hrs) 0.00:-8042.66 43642 (58) sec
[763] Max 4078 (1015) steps (0.0003 hrs) 0.00:-8042.66 43702 (60) sec
[764] Max 4078 (2627) steps (0.0007 hrs) 0.00:-8042.66 43764 (62) sec
[765] Max 4078 (2787) steps (0.0008 hrs) 0.00:-8042.66 43827 (63) sec
[766] Max 4078 (2507) steps (0.0007 hrs) 0.00:-8042.66 43890 (63) sec
[767] Max 4078 (1017) steps (0.0003 hrs) 0.00:-8042.66 43949 (59) sec
[768] Max 4078 (2073) steps (0.0006 hrs) 0.00:-8042.66 44011 (62) sec
[769] Max 4078 (1016) steps (0.0003 hrs) 0.00:-8042.66 44071 (60) sec
[770] Max 4078 (1351) steps (0.0004 hrs) 0.00:-8042.66 44131 (60) sec
[771] Max 4078 (2003) steps (0.0006 hrs) 0.00:-8042.66 44193 (62) sec
[772] Max 4078 (995) steps (0.0003 hrs) 0.00:-8042.66 44251 (58) sec
[773] Max 4078 (2294) steps (0.0006 hrs) 0.00:-8042.66 44314 (63) sec
[774] Max 4078 (2620) steps (0.0007 hrs) 0.00:-8042.66 44386 (72) sec
[775] Max 4078 (1029) steps (0.0003 hrs) 0.00:-8042.66 44445 (59) sec
[776] Max 4078 (2003) steps (0.0006 hrs) 0.00:-8042.66 44510 (65) sec
[777] Max 4078 (994) steps (0.0003 hrs) 0.00:-8042.66 44569 (59) sec
[778] Max 4078 (1193) steps (0.0003 hrs) 0.00:-8042.66 44627 (58) sec
[779] Max 4078 (1377) steps (0.0004 hrs) 0.00:-8042.66 44687 (60) sec
[780] Max 4078 (1068) steps (0.0003 hrs) 0.00:-8042.66 44747 (60) sec
[781] Max 4078 (1227) steps (0.0003 hrs) 0.00:-8042.66 44808 (61) sec
[782] Max 4078 (996) steps (0.0003 hrs) 0.00:-8042.66 44867 (59) sec
[783] Max 4078 (2138) steps (0.0006 hrs) 0.00:-8042.66 44930 (63) sec
[784] Max 4078 (1009) steps (0.0003 hrs) 0.00:-8042.66 44990 (60) sec
[785] Max 4078 (1336) steps (0.0004 hrs) 0.00:-8042.66 45048 (58) sec
[786] Max 4078 (1400) steps (0.0004 hrs) 0.00:-8042.66 45107 (59) sec
[787] Max 4078 (2175) steps (0.0006 hrs) 0.00:-8042.66 45171 (64) sec
[788] Max 4078 (2172) steps (0.0006 hrs) 0.00:-8042.66 45234 (63) sec
[789] Max 4078 (1553) steps (0.0004 hrs) 0.00:-8042.66 45294 (60) sec
[790] Max 4078 (1030) steps (0.0003 hrs) 0.00:-8042.66 45354 (60) sec
[791] Max 4078 (2395) steps (0.0007 hrs) 0.00:-8042.66 45416 (62) sec
[792] Max 4078 (1964) steps (0.0005 hrs) 0.00:-8042.66 45477 (61) sec
[793] Max 4078 (1471) steps (0.0004 hrs) 0.00:-8042.66 45535 (58) sec
[794] Max 4078 (1010) steps (0.0003 hrs) 0.00:-8042.66 45595 (60) sec
[795] Max 4078 (1615) steps (0.0004 hrs) 0.00:-8042.66 45655 (60) sec
[796] Max 4078 (1067) steps (0.0003 hrs) 0.00:-8042.66 45712 (57) sec
[797] Max 4078 (2118) steps (0.0006 hrs) 0.00:-8042.66 45774 (62) sec
[798] Max 4078 (995) steps (0.0003 hrs) 0.00:-8042.66 45835 (61) sec
[799] Max 4078 (2621) steps (0.0007 hrs) 0.00:-8042.66 45898 (63) sec
[800] Max 4078 (1052) steps (0.0003 hrs) 0.00:-8042.66 45958 (60) sec
[801] Max 4078 (983) steps (0.0003 hrs) 0.00:-8042.66 46017 (59) sec
[802] Max 4078 (1266) steps (0.0004 hrs) 0.00:-8042.66 46077 (60) sec
[803] Max 4078 (2055) steps (0.0006 hrs) 0.00:-8042.66 46139 (62) sec
[804] Max 4078 (1466) steps (0.0004 hrs) 0.00:-8042.66 46199 (60) sec
[805] Max 4078 (2153) steps (0.0006 hrs) 0.00:-8042.66 46258 (59) sec
[806] Max 4078 (1430) steps (0.0004 hrs) 0.00:-8042.66 46319 (61) sec
[807] Max 4078 (1063) steps (0.0003 hrs) 0.00:-8042.66 46379 (60) sec
[808] Max 4078 (2215) steps (0.0006 hrs) 0.00:-8042.66 46443 (64) sec
[809] Max 4078 (996) steps (0.0003 hrs) 0.00:-8042.66 46502 (59) sec
[810] Max 4078 (1332) steps (0.0004 hrs) 0.00:-8042.66 46561 (59) sec
[811] Max 4078 (968) steps (0.0003 hrs) 0.00:-8042.66 46619 (58) sec
[812] Max 4078 (1027) steps (0.0003 hrs) 0.00:-8042.66 46678 (59) sec
[813] Max 4078 (2389) steps (0.0007 hrs) 0.00:-8042.66 46740 (62) sec
[814] Max 4078 (2396) steps (0.0007 hrs) 0.00:-8042.66 46801 (61) sec
[815] Max 4078 (2344) steps (0.0007 hrs) 0.00:-8042.66 46863 (62) sec
[816] Max 4078 (3949) steps (0.0011 hrs) 0.00:-8042.66 46932 (69) sec
[817] Max 4078 (1011) steps (0.0003 hrs) 0.00:-8042.66 46991 (59) sec
[818] Max 4078 (1819) steps (0.0005 hrs) 0.00:-8042.66 47050 (59) sec
[819] Max 4078 (2522) steps (0.0007 hrs) 0.00:-8042.66 47113 (63) sec
[820] Max 4078 (2187) steps (0.0006 hrs) 0.00:-8042.66 47176 (63) sec
[821] Max 4078 (1885) steps (0.0005 hrs) 0.00:-8042.66 47240 (64) sec
[822] Max 4078 (1017) steps (0.0003 hrs) 0.00:-8042.66 47301 (61) sec
[823] Max 4078 (2096) steps (0.0006 hrs) 0.00:-8042.66 47364 (63) sec
[824] Max 4078 (1065) steps (0.0003 hrs) 0.00:-8042.66 47423 (59) sec
[825] Max 4078 (1030) steps (0.0003 hrs) 0.00:-8042.66 47482 (59) sec
[826] Max 4078 (2592) steps (0.0007 hrs) 0.00:-8042.66 47544 (62) sec
[827] Max 4078 (1031) steps (0.0003 hrs) 0.00:-8042.66 47604 (60) sec
[828] Max 4078 (1029) steps (0.0003 hrs) 0.00:-8042.66 47663 (59) sec
[829] Max 4078 (1873) steps (0.0005 hrs) 0.00:-8042.66 47721 (58) sec
[830] Max 4078 (2611) steps (0.0007 hrs) 0.00:-8042.66 47783 (62) sec
[831] Max 4078 (1010) steps (0.0003 hrs) 0.00:-8042.66 47843 (60) sec
[832] Max 4078 (1975) steps (0.0005 hrs) 0.00:-8042.66 47903 (60) sec
[833] Max 4078 (1026) steps (0.0003 hrs) 0.00:-8042.66 47963 (60) sec
[834] Max 4078 (1900) steps (0.0005 hrs) 0.00:-8042.66 48023 (60) sec
[835] Max 4078 (2016) steps (0.0006 hrs) 0.00:-8042.66 48087 (64) sec
[836] Max 4078 (2848) steps (0.0008 hrs) 0.00:-8042.66 48149 (62) sec
[837] Max 4078 (2931) steps (0.0008 hrs) 0.00:-8042.66 48211 (62) sec
[838] Max 4078 (2339) steps (0.0006 hrs) 0.00:-8042.66 48269 (58) sec
[839] Max 4078 (2326) steps (0.0006 hrs) 0.00:-8042.66 48330 (61) sec
[840] Max 4078 (1012) steps (0.0003 hrs) 0.00:-8042.66 48391 (61) sec
[841] Max 4078 (1018) steps (0.0003 hrs) 0.00:-8042.66 48450 (59) sec
[842] Max 4078 (1953) steps (0.0005 hrs) 0.00:-8042.66 48511 (61) sec
[843] Max 4078 (1862) steps (0.0005 hrs) 0.00:-8042.66 48574 (63) sec
[844] Max 4078 (2403) steps (0.0007 hrs) 0.00:-8042.66 48636 (62) sec
[845] Max 4078 (2348) steps (0.0007 hrs) 0.00:-8042.66 48697 (61) sec
[846] Max 4078 (2037) steps (0.0006 hrs) 0.00:-8042.66 48760 (63) sec
[847] Max 4078 (2337) steps (0.0006 hrs) 0.00:-8042.66 48821 (61) sec
[848] Max 4078 (1974) steps (0.0005 hrs) 0.00:-8042.66 48881 (60) sec
[849] Max 4078 (2777) steps (0.0008 hrs) 0.00:-8042.66 48944 (63) sec
[850] Max 4078 (1442) steps (0.0004 hrs) 0.00:-8042.66 49004 (60) sec
[851] Max 4078 (2372) steps (0.0007 hrs) 0.00:-8042.66 49067 (63) sec
[852] Max 4078 (1417) steps (0.0004 hrs) 0.00:-8042.66 49127 (60) sec
[853] Max 4078 (2542) steps (0.0007 hrs) 0.00:-8042.66 49189 (62) sec
[854] Max 4078 (2378) steps (0.0007 hrs) 0.00:-8042.66 49251 (62) sec
[855] Max 4078 (2528) steps (0.0007 hrs) 0.00:-8042.66 49315 (64) sec
[856] Max 4078 (2407) steps (0.0007 hrs) 0.00:-8042.66 49376 (61) sec
[857] Max 4078 (1002) steps (0.0003 hrs) 0.00:-8042.66 49436 (60) sec
[858] Max 4078 (2194) steps (0.0006 hrs) 0.00:-8042.66 49497 (61) sec
[859] Max 4078 (1009) steps (0.0003 hrs) 0.00:-8042.66 49555 (58) sec
[860] Max 4078 (3348) steps (0.0009 hrs) 0.00:-8042.66 49623 (68) sec
[861] Max 4078 (2288) steps (0.0006 hrs) 0.00:-8042.66 49686 (63) sec
[862] Max 4078 (2604) steps (0.0007 hrs) 0.00:-8042.66 49748 (62) sec
[863] Max 4078 (2440) steps (0.0007 hrs) 0.00:-8042.66 49811 (63) sec
[864] Max 4078 (3549) steps (0.0010 hrs) 0.00:-8042.66 49871 (60) sec
[865] Max 4078 (992) steps (0.0003 hrs) 0.00:-8042.66 49930 (59) sec
[866] Max 4078 (1007) steps (0.0003 hrs) 0.00:-8042.66 49990 (60) sec
[867] Max 4078 (2063) steps (0.0006 hrs) 0.00:-8042.66 50052 (62) sec
[868] Max 4078 (2465) steps (0.0007 hrs) 0.00:-8042.66 50115 (63) sec
[869] Max 4078 (2546) steps (0.0007 hrs) 0.00:-8042.66 50178 (63) sec
[870] Max 4078 (2503) steps (0.0007 hrs) 0.00:-8042.66 50240 (62) sec
[871] Max 4078 (1024) steps (0.0003 hrs) 0.00:-8042.66 50299 (59) sec
[872] Max 4078 (2399) steps (0.0007 hrs) 0.00:-8042.66 50363 (64) sec
[873] Max 4078 (1007) steps (0.0003 hrs) 0.00:-8042.66 50422 (59) sec
[874] Max 4078 (1793) steps (0.0005 hrs) 0.00:-8042.66 50483 (61) sec
[875] Max 4078 (2132) steps (0.0006 hrs) 0.00:-8042.66 50544 (61) sec
[876] Max 4078 (1930) steps (0.0005 hrs) 0.00:-8042.66 50607 (63) sec
[877] Max 4078 (2741) steps (0.0008 hrs) 0.00:-8042.66 50670 (63) sec
[878] Max 4078 (2385) steps (0.0007 hrs) 0.00:-8042.66 50732 (62) sec
[879] Max 4078 (1985) steps (0.0006 hrs) 0.00:-8042.66 50795 (63) sec
[880] Max 4078 (2429) steps (0.0007 hrs) 0.00:-8042.66 50857 (62) sec
[881] Max 4078 (1095) steps (0.0003 hrs) 0.00:-8042.66 50918 (61) sec
[882] Max 4078 (1009) steps (0.0003 hrs) 0.00:-8042.66 50976 (58) sec
[883] Max 4078 (1014) steps (0.0003 hrs) 0.00:-8042.66 51035 (59) sec
[884] Max 4078 (3067) steps (0.0009 hrs) 0.00:-8042.66 51098 (63) sec
[885] Max 4078 (3753) steps (0.0010 hrs) 0.00:-8042.66 51159 (61) sec
[886] Max 4078 (2141) steps (0.0006 hrs) 0.00:-8042.66 51219 (60) sec
[887] Max 4078 (1516) steps (0.0004 hrs) 0.00:-8042.66 51280 (61) sec
[888] Max 4078 (1894) steps (0.0005 hrs) 0.00:-8042.66 51341 (61) sec
[889] Max 4078 (2708) steps (0.0008 hrs) 0.00:-8042.66 51403 (62) sec
[890] Max 4078 (1012) steps (0.0003 hrs) 0.00:-8042.66 51463 (60) sec
[891] Max 4078 (2315) steps (0.0006 hrs) 0.00:-8042.66 51524 (61) sec
[892] Max 4078 (1563) steps (0.0004 hrs) 0.00:-8042.66 51582 (58) sec
[893] Max 4078 (2088) steps (0.0006 hrs) 0.00:-8042.66 51644 (62) sec
[894] Max 4078 (1010) steps (0.0003 hrs) 0.00:-8042.66 51704 (60) sec
[895] Max 4078 (1017) steps (0.0003 hrs) 0.00:-8042.66 51764 (60) sec
[896] Max 4078 (1250) steps (0.0003 hrs) 0.00:-8042.66 51823 (59) sec
[897] Max 4078 (1457) steps (0.0004 hrs) 0.00:-8042.66 51883 (60) sec
[898] Max 4078 (2120) steps (0.0006 hrs) 0.00:-8042.66 51940 (57) sec
[899] Max 4078 (1447) steps (0.0004 hrs) 0.00:-8042.66 52001 (61) sec
[900] Max 4078 (2187) steps (0.0006 hrs) 0.00:-8042.66 52065 (64) sec
[901] Max 4078 (2921) steps (0.0008 hrs) 0.00:-8042.66 52126 (61) sec
[902] Max 4078 (1025) steps (0.0003 hrs) 0.00:-8042.66 52185 (59) sec
[903] Max 4078 (1212) steps (0.0003 hrs) 0.00:-8042.66 52244 (59) sec
[904] Max 4078 (988) steps (0.0003 hrs) 0.00:-8042.66 52303 (59) sec
[905] Max 4078 (1770) steps (0.0005 hrs) 0.00:-8042.66 52362 (59) sec
[906] Max 4078 (1019) steps (0.0003 hrs) 0.00:-8042.66 52421 (59) sec
[907] Max 4078 (2661) steps (0.0007 hrs) 0.00:-8042.66 52483 (62) sec
[908] Max 4078 (977) steps (0.0003 hrs) 0.00:-8042.66 52542 (59) sec
[909] Max 4078 (1031) steps (0.0003 hrs) 0.00:-8042.66 52600 (58) sec
[910] Max 4078 (2564) steps (0.0007 hrs) 0.00:-8042.66 52660 (60) sec
[911] Max 4078 (1977) steps (0.0005 hrs) 0.00:-8042.66 52722 (62) sec
[912] Max 4078 (988) steps (0.0003 hrs) 0.00:-8042.66 52782 (60) sec
[913] Max 4078 (1007) steps (0.0003 hrs) 0.00:-8042.66 52845 (63) sec
[914] Max 4078 (1755) steps (0.0005 hrs) 0.00:-8042.66 52906 (61) sec
[915] Max 4078 (1105) steps (0.0003 hrs) 0.00:-8042.66 52967 (61) sec
[916] Max 4078 (1099) steps (0.0003 hrs) 0.00:-8042.66 53026 (59) sec
[917] Max 4078 (2654) steps (0.0007 hrs) 0.00:-8042.66 53087 (61) sec
[918] Max 4078 (2425) steps (0.0007 hrs) 0.00:-8042.66 53149 (62) sec
[919] Max 4078 (2294) steps (0.0006 hrs) 0.00:-8042.66 53211 (62) sec
[920] Max 4078 (2162) steps (0.0006 hrs) 0.00:-8042.66 53276 (65) sec
[921] Max 4078 (1021) steps (0.0003 hrs) 0.00:-8042.66 53336 (60) sec
[922] Max 4078 (1948) steps (0.0005 hrs) 0.00:-8042.66 53400 (64) sec
[923] Max 4078 (1005) steps (0.0003 hrs) 0.00:-8042.66 53459 (59) sec
[924] Max 4078 (2088) steps (0.0006 hrs) 0.00:-8042.66 53524 (65) sec
[925] Max 4078 (2453) steps (0.0007 hrs) 0.00:-8042.66 53584 (60) sec
[926] Max 4078 (996) steps (0.0003 hrs) 0.00:-8042.66 53646 (62) sec
[927] Max 4078 (1876) steps (0.0005 hrs) 0.00:-8042.66 53711 (65) sec
[928] Max 4078 (1967) steps (0.0005 hrs) 0.00:-8042.66 53770 (59) sec
[929] Max 4078 (2304) steps (0.0006 hrs) 0.00:-8042.66 53834 (64) sec
[930] Max 4078 (2212) steps (0.0006 hrs) 0.00:-8042.66 53894 (60) sec
[931] Max 4078 (2125) steps (0.0006 hrs) 0.00:-8042.66 53958 (64) sec
[932] Max 4078 (2752) steps (0.0008 hrs) 0.00:-8042.66 54024 (66) sec
[933] Max 4078 (1591) steps (0.0004 hrs) 0.00:-8042.66 54091 (67) sec
[934] Max 4078 (1007) steps (0.0003 hrs) 0.00:-8042.66 54242 (151) sec
[935] Max 4078 (2263) steps (0.0006 hrs) 0.00:-8042.66 54304 (62) sec
[936] Max 4078 (2295) steps (0.0006 hrs) 0.00:-8042.66 54367 (63) sec
[937] Max 4078 (2308) steps (0.0006 hrs) 0.00:-8042.66 54430 (63) sec
[938] Max 4078 (1010) steps (0.0003 hrs) 0.00:-8042.66 54489 (59) sec
[939] Max 4078 (2390) steps (0.0007 hrs) 0.00:-8042.66 54551 (62) sec
[940] Max 4078 (992) steps (0.0003 hrs) 0.00:-8042.66 54610 (59) sec
[941] Max 4078 (1218) steps (0.0003 hrs) 0.00:-8042.66 54669 (59) sec
[942] Max 4078 (3443) steps (0.0010 hrs) 0.00:-8042.66 54731 (62) sec
[943] Max 4078 (1018) steps (0.0003 hrs) 0.00:-8042.66 54788 (57) sec
[944] Max 4078 (2501) steps (0.0007 hrs) 0.00:-8042.66 54849 (61) sec
[945] Max 4078 (2149) steps (0.0006 hrs) 0.00:-8042.66 54906 (57) sec
[946] Max 4078 (1177) steps (0.0003 hrs) 0.00:-8042.66 54964 (58) sec
[947] Max 4078 (1815) steps (0.0005 hrs) 0.00:-8042.66 55026 (62) sec
[948] Max 4078 (2041) steps (0.0006 hrs) 0.00:-8042.66 55086 (60) sec
[949] Max 4078 (2032) steps (0.0006 hrs) 0.00:-8042.66 55147 (61) sec
[950] Max 4078 (2896) steps (0.0008 hrs) 0.00:-8042.66 55207 (60) sec
[951] Max 4078 (2015) steps (0.0006 hrs) 0.00:-8042.66 55264 (57) sec
[952] Max 4078 (1686) steps (0.0005 hrs) 0.00:-8042.66 55322 (58) sec
[953] Max 4078 (1065) steps (0.0003 hrs) 0.00:-8042.66 55381 (59) sec
[954] Max 4078 (2249) steps (0.0006 hrs) 0.00:-8042.66 55444 (63) sec
[955] Max 4078 (2268) steps (0.0006 hrs) 0.00:-8042.66 55503 (59) sec
[956] Max 4078 (2450) steps (0.0007 hrs) 0.00:-8042.66 55564 (61) sec
[957] Max 4078 (2125) steps (0.0006 hrs) 0.00:-8042.66 55629 (65) sec
[958] Max 4078 (2181) steps (0.0006 hrs) 0.00:-8042.66 55690 (61) sec
[959] Max 4078 (1022) steps (0.0003 hrs) 0.00:-8042.66 55747 (57) sec
[960] Max 4078 (2133) steps (0.0006 hrs) 0.00:-8042.66 55809 (62) sec
[961] Max 4078 (2062) steps (0.0006 hrs) 0.00:-8042.66 55868 (59) sec
[962] Max 4078 (2430) steps (0.0007 hrs) 0.00:-8042.66 55935 (67) sec
[963] Max 4078 (999) steps (0.0003 hrs) 0.00:-8042.66 55991 (56) sec
[964] Max 4078 (1029) steps (0.0003 hrs) 0.00:-8042.66 56048 (57) sec
[965] Max 4078 (1025) steps (0.0003 hrs) 0.00:-8042.66 56106 (58) sec
[966] Max 4078 (2179) steps (0.0006 hrs) 0.00:-8042.66 56168 (62) sec
[967] Max 4078 (2144) steps (0.0006 hrs) 0.00:-8042.66 56229 (61) sec
[968] Max 4078 (995) steps (0.0003 hrs) 0.00:-8042.66 56287 (58) sec
[969] Max 4078 (1450) steps (0.0004 hrs) 0.00:-8042.66 56346 (59) sec
[970] Max 4078 (2227) steps (0.0006 hrs) 0.00:-8042.66 56405 (59) sec
[971] Max 4078 (1016) steps (0.0003 hrs) 0.00:-8042.66 56463 (58) sec
[972] Max 4078 (1813) steps (0.0005 hrs) 0.00:-8042.66 56522 (59) sec
[973] Max 4078 (1033) steps (0.0003 hrs) 0.00:-8042.66 56581 (59) sec
[974] Max 4078 (1017) steps (0.0003 hrs) 0.00:-8042.66 56637 (56) sec
[975] Max 4078 (2504) steps (0.0007 hrs) 0.00:-8042.66 56698 (61) sec
[976] Max 4078 (3353) steps (0.0009 hrs) 0.00:-8042.66 56759 (61) sec
[977] Max 4078 (1454) steps (0.0004 hrs) 0.00:-8042.66 56811 (52) sec
[978] Max 4078 (2853) steps (0.0008 hrs) 0.00:-8042.66 56865 (54) sec
[979] Max 4078 (2411) steps (0.0007 hrs) 0.00:-8042.66 56921 (56) sec
[980] Max 4078 (1765) steps (0.0005 hrs) 0.00:-8042.66 56974 (53) sec
[981] Max 4078 (2459) steps (0.0007 hrs) 0.00:-8042.66 57027 (53) sec
[982] Max 4078 (2130) steps (0.0006 hrs) 0.00:-8042.66 57084 (57) sec
[983] Max 4078 (2677) steps (0.0007 hrs) 0.00:-8042.66 57138 (54) sec
[984] Max 4078 (1521) steps (0.0004 hrs) 0.00:-8042.66 57189 (51) sec
[985] Max 4078 (2481) steps (0.0007 hrs) 0.00:-8042.66 57240 (51) sec
[986] Max 4078 (2211) steps (0.0006 hrs) 0.00:-8042.66 57296 (56) sec
[987] Max 4078 (2048) steps (0.0006 hrs) 0.00:-8042.66 57349 (53) sec
[988] Max 4078 (1582) steps (0.0004 hrs) 0.00:-8042.66 57402 (53) sec
[989] Max 4078 (3001) steps (0.0008 hrs) 0.00:-8042.66 57453 (51) sec
[990] Max 4078 (1877) steps (0.0005 hrs) 0.00:-8042.66 57505 (52) sec
[991] Max 4078 (1875) steps (0.0005 hrs) 0.00:-8042.66 57559 (54) sec
[992] Max 4078 (1884) steps (0.0005 hrs) 0.00:-8042.66 57614 (55) sec
[993] Max 4078 (1796) steps (0.0005 hrs) 0.00:-8042.66 57670 (56) sec
[994] Max 4078 (1566) steps (0.0004 hrs) 0.00:-8042.66 57723 (53) sec
[995] Max 4078 (2293) steps (0.0006 hrs) 0.00:-8042.66 57778 (55) sec
[996] Max 4078 (1727) steps (0.0005 hrs) 0.00:-8042.66 57828 (50) sec
[997] Max 4078 (1985) steps (0.0006 hrs) 0.00:-8042.66 57881 (53) sec
[998] Max 4078 (2636) steps (0.0007 hrs) 0.00:-8042.66 57936 (55) sec
[999] Max 4078 (1312) steps (0.0004 hrs) 0.00:-8042.66 57988 (52) sec
[1000] Max 4078 (1959) steps (0.0005 hrs) 0.00:-8042.66 58040 (52) sec
Total Elapsed time: 58040 seconds
Wrote current data to latest.train
