balanced 0 test_flag 0
[1] Max 702 (702) steps (0.0002 hrs) 0.00:-7988.39 27 (27) sec
[2] Max 1552 (1552) steps (0.0004 hrs) 0.00:-7987.91 59 (32) sec
[3] Max 1876 (1876) steps (0.0005 hrs) 0.00:-7987.91 114 (55) sec
[4] Max 1876 (454) steps (0.0001 hrs) 0.00:-7987.91 141 (27) sec
[5] Max 1876 (641) steps (0.0002 hrs) 0.00:-7987.91 170 (29) sec
[6] Max 1876 (265) steps (0.0001 hrs) 0.00:-7987.91 197 (27) sec
[7] Max 1876 (1510) steps (0.0004 hrs) 0.00:-7987.91 231 (34) sec
[8] Max 1876 (230) steps (0.0001 hrs) 0.00:-7987.91 259 (28) sec
[9] Max 1876 (1677) steps (0.0005 hrs) 0.00:-7987.91 288 (29) sec
[10] Max 1876 (321) steps (0.0001 hrs) 0.00:-7987.91 315 (27) sec
[11] Max 1876 (688) steps (0.0002 hrs) 0.00:-7987.91 344 (29) sec
[12] Max 1876 (1544) steps (0.0004 hrs) 0.00:-7987.91 373 (29) sec
[13] Max 1876 (375) steps (0.0001 hrs) 0.00:-7987.91 401 (28) sec
[14] Max 1876 (772) steps (0.0002 hrs) 0.00:-7987.91 429 (28) sec
[15] Max 1876 (402) steps (0.0001 hrs) 0.00:-7987.91 457 (28) sec
[16] Max 1876 (1367) steps (0.0004 hrs) 0.00:-7987.91 486 (29) sec
[17] Max 1876 (329) steps (0.0001 hrs) 0.00:-7987.91 517 (31) sec
[18] Max 2536 (2536) steps (0.0007 hrs) 0.00:-7987.91 546 (29) sec
[19] Max 2536 (1738) steps (0.0005 hrs) 0.00:-7987.91 575 (29) sec
[20] Max 2536 (730) steps (0.0002 hrs) 0.00:-7987.91 603 (28) sec
[21] Max 2536 (2510) steps (0.0007 hrs) 0.00:-7987.91 632 (29) sec
[22] Max 2536 (2095) steps (0.0006 hrs) 0.00:-7987.91 689 (57) sec
[23] Max 2536 (2044) steps (0.0006 hrs) 0.00:-7987.91 743 (54) sec
[24] Max 2536 (2226) steps (0.0006 hrs) 0.00:-7987.91 787 (44) sec
[25] Max 2536 (539) steps (0.0001 hrs) 0.00:-7987.91 817 (30) sec
[26] Max 2536 (1916) steps (0.0005 hrs) 0.00:-7987.91 869 (52) sec
[27] Max 2536 (324) steps (0.0001 hrs) 0.00:-7987.91 897 (28) sec
[28] Max 2536 (2347) steps (0.0007 hrs) 0.00:-7987.91 954 (57) sec
[29] Max 2536 (544) steps (0.0002 hrs) 0.00:-7987.91 982 (28) sec
[30] Max 2536 (750) steps (0.0002 hrs) 0.00:-7987.91 1010 (28) sec
[31] Max 2536 (247) steps (0.0001 hrs) 0.00:-7987.91 1038 (28) sec
[32] Max 2536 (1672) steps (0.0005 hrs) 0.00:-7987.91 1085 (47) sec
[33] Max 2536 (706) steps (0.0002 hrs) 0.00:-7987.91 1115 (30) sec
[34] Max 2536 (2403) steps (0.0007 hrs) 0.00:-7987.91 1171 (56) sec
[35] Max 2536 (1302) steps (0.0004 hrs) 0.00:-7987.91 1199 (28) sec
[36] Max 2536 (1107) steps (0.0003 hrs) 0.00:-7987.91 1229 (30) sec
[37] Max 2536 (563) steps (0.0002 hrs) 0.00:-7987.91 1257 (28) sec
[38] Max 2536 (2301) steps (0.0006 hrs) 0.00:-7987.91 1315 (58) sec
[39] Max 2536 (2314) steps (0.0006 hrs) 0.00:-7987.91 1372 (57) sec
[40] Max 2536 (2125) steps (0.0006 hrs) 0.00:-7987.91 1426 (54) sec
[41] Max 2536 (2246) steps (0.0006 hrs) 0.00:-7987.91 1483 (57) sec
[42] Max 2536 (1570) steps (0.0004 hrs) 0.00:-7987.91 1514 (31) sec
[43] Max 2536 (1734) steps (0.0005 hrs) 0.00:-7987.91 1543 (29) sec
[44] Max 2536 (1317) steps (0.0004 hrs) 0.00:-7987.91 1572 (29) sec
[45] Max 2536 (1066) steps (0.0003 hrs) 0.00:-7987.91 1601 (29) sec
[46] Max 2536 (2038) steps (0.0006 hrs) 0.00:-7987.91 1650 (49) sec
[47] Max 2536 (587) steps (0.0002 hrs) 0.00:-7987.91 1679 (29) sec
[48] Max 2536 (2178) steps (0.0006 hrs) 0.00:-7987.91 1737 (58) sec
[49] Max 2536 (881) steps (0.0002 hrs) 0.00:-7987.91 1765 (28) sec
[50] Max 2536 (2509) steps (0.0007 hrs) 0.00:-7987.91 1822 (57) sec
[51] Max 2536 (525) steps (0.0001 hrs) 0.00:-7987.91 1851 (29) sec
[52] Max 2536 (606) steps (0.0002 hrs) 0.00:-7987.91 1879 (28) sec
[53] Max 2705 (2705) steps (0.0008 hrs) 0.00:-7987.91 1937 (58) sec
[54] Max 2705 (2393) steps (0.0007 hrs) 0.00:-7987.91 1987 (50) sec
[55] Max 2705 (407) steps (0.0001 hrs) 0.00:-7987.91 2015 (28) sec
[56] Max 2705 (751) steps (0.0002 hrs) 0.00:-7987.91 2043 (28) sec
[57] Max 2705 (2300) steps (0.0006 hrs) 0.00:-7987.91 2071 (28) sec
[58] Max 2705 (1753) steps (0.0005 hrs) 0.00:-7987.91 2100 (29) sec
[59] Max 2705 (1856) steps (0.0005 hrs) 0.00:-7987.91 2130 (30) sec
[60] Max 2705 (2331) steps (0.0006 hrs) 0.00:-7987.91 2184 (54) sec
[61] Max 2705 (1888) steps (0.0005 hrs) 0.00:-7987.91 2214 (30) sec
[62] Max 2705 (676) steps (0.0002 hrs) 0.00:-7987.91 2242 (28) sec
[63] Max 2705 (1405) steps (0.0004 hrs) 0.00:-7987.91 2270 (28) sec
[64] Max 2705 (1175) steps (0.0003 hrs) 0.00:-7987.91 2298 (28) sec
[65] Max 2705 (2301) steps (0.0006 hrs) 0.00:-7987.91 2350 (52) sec
[66] Max 2705 (572) steps (0.0002 hrs) 0.00:-7987.91 2378 (28) sec
[67] Max 2705 (2415) steps (0.0007 hrs) 0.00:-7987.91 2429 (51) sec
[68] Max 2705 (491) steps (0.0001 hrs) 0.00:-7987.91 2458 (29) sec
[69] Max 2705 (2193) steps (0.0006 hrs) 0.00:-7987.91 2516 (58) sec
[70] Max 2705 (611) steps (0.0002 hrs) 0.00:-7987.91 2544 (28) sec
[71] Max 2705 (2087) steps (0.0006 hrs) 0.00:-7987.91 2602 (58) sec
[72] Max 2705 (1737) steps (0.0005 hrs) 0.00:-7987.91 2631 (29) sec
[73] Max 2705 (922) steps (0.0003 hrs) 0.00:-7987.91 2660 (29) sec
[74] Max 2705 (2523) steps (0.0007 hrs) 0.00:-7987.91 2720 (60) sec
[75] Max 2705 (2056) steps (0.0006 hrs) 0.00:-7987.91 2756 (36) sec
[76] Max 2705 (2453) steps (0.0007 hrs) 0.00:-7987.91 2813 (57) sec
[77] Max 2705 (1113) steps (0.0003 hrs) 0.00:-7987.91 2844 (31) sec
[78] Max 2705 (2327) steps (0.0006 hrs) 0.00:-7987.91 2901 (57) sec
[79] Max 2705 (968) steps (0.0003 hrs) 0.00:-7987.91 2930 (29) sec
[80] Max 2705 (1283) steps (0.0004 hrs) 0.00:-7987.91 2959 (29) sec
[81] Max 2705 (1225) steps (0.0003 hrs) 0.00:-7987.91 2988 (29) sec
[82] Max 2705 (1564) steps (0.0004 hrs) 0.00:-7987.91 3017 (29) sec
[83] Max 3704 (3704) steps (0.0010 hrs) 0.00:-7987.91 3073 (56) sec
[84] Max 3704 (1399) steps (0.0004 hrs) 0.00:-7987.91 3101 (28) sec
[85] Max 3704 (203) steps (0.0001 hrs) 0.00:-7987.91 3129 (28) sec
[86] Max 3704 (1311) steps (0.0004 hrs) 0.00:-7987.91 3158 (29) sec
[87] Max 3704 (1630) steps (0.0005 hrs) 0.00:-7987.91 3191 (33) sec
[88] Max 3704 (692) steps (0.0002 hrs) 0.00:-7987.91 3219 (28) sec
[89] Max 3704 (351) steps (0.0001 hrs) 0.00:-7987.91 3247 (28) sec
[90] Max 3704 (2446) steps (0.0007 hrs) 0.00:-7987.91 3303 (56) sec
[91] Max 3704 (2495) steps (0.0007 hrs) 0.00:-7987.91 3355 (52) sec
[92] Max 3704 (2651) steps (0.0007 hrs) 0.00:-7987.91 3413 (58) sec
[93] Max 3704 (2207) steps (0.0006 hrs) 0.00:-7987.91 3470 (57) sec
[94] Max 3704 (452) steps (0.0001 hrs) 0.00:-7987.91 3498 (28) sec
[95] Max 3704 (1782) steps (0.0005 hrs) 0.00:-7987.91 3539 (41) sec
[96] Max 3704 (831) steps (0.0002 hrs) 0.00:-7987.91 3568 (29) sec
[97] Max 3704 (502) steps (0.0001 hrs) 0.00:-7987.91 3597 (29) sec
[98] Max 3704 (1205) steps (0.0003 hrs) 0.00:-7987.91 3626 (29) sec
[99] Max 3704 (2077) steps (0.0006 hrs) 0.00:-7987.91 3670 (44) sec
[100] Max 3704 (1293) steps (0.0004 hrs) 0.00:-7987.91 3699 (29) sec
[101] Max 3704 (954) steps (0.0003 hrs) 0.00:-7987.91 3727 (28) sec
[102] Max 3704 (1331) steps (0.0004 hrs) 0.00:-7987.91 3755 (28) sec
[103] Max 3704 (2825) steps (0.0008 hrs) 0.00:-7987.91 3812 (57) sec
[104] Max 3704 (2178) steps (0.0006 hrs) 0.00:-7987.91 3869 (57) sec
[105] Max 3704 (2246) steps (0.0006 hrs) 0.00:-7987.91 3926 (57) sec
[106] Max 3704 (231) steps (0.0001 hrs) 0.00:-7987.91 3954 (28) sec
[107] Max 3704 (2647) steps (0.0007 hrs) 0.00:-7987.91 4011 (57) sec
[108] Max 3704 (1614) steps (0.0004 hrs) 0.00:-7987.91 4042 (31) sec
[109] Max 3704 (318) steps (0.0001 hrs) 0.00:-7987.91 4070 (28) sec
[110] Max 3704 (251) steps (0.0001 hrs) 0.00:-7987.91 4098 (28) sec
[111] Max 3704 (2288) steps (0.0006 hrs) 0.00:-7987.91 4156 (58) sec
[112] Max 3704 (1366) steps (0.0004 hrs) 0.00:-7987.91 4188 (32) sec
[113] Max 3704 (2740) steps (0.0008 hrs) 0.00:-7987.91 4245 (57) sec
[114] Max 3704 (2048) steps (0.0006 hrs) 0.00:-7987.91 4303 (58) sec
[115] Max 3704 (351) steps (0.0001 hrs) 0.00:-7987.91 4332 (29) sec
[116] Max 3704 (2300) steps (0.0006 hrs) 0.00:-7987.91 4390 (58) sec
[117] Max 3704 (2456) steps (0.0007 hrs) 0.00:-7987.91 4435 (45) sec
[118] Max 3704 (2091) steps (0.0006 hrs) 0.00:-7987.91 4465 (30) sec
[119] Max 3704 (766) steps (0.0002 hrs) 0.00:-7987.91 4494 (29) sec
[120] Max 3704 (2135) steps (0.0006 hrs) 0.00:-7987.91 4550 (56) sec
[121] Max 3704 (1619) steps (0.0004 hrs) 0.00:-7987.91 4579 (29) sec
[122] Max 3704 (656) steps (0.0002 hrs) 0.00:-7987.91 4608 (29) sec
[123] Max 3704 (2558) steps (0.0007 hrs) 0.00:-7987.91 4665 (57) sec
[124] Max 3704 (1794) steps (0.0005 hrs) 0.00:-7987.91 4694 (29) sec
[125] Max 3704 (2051) steps (0.0006 hrs) 0.00:-7987.91 4754 (60) sec
[126] Max 3704 (2033) steps (0.0006 hrs) 0.00:-7987.91 4788 (34) sec
[127] Max 3704 (1526) steps (0.0004 hrs) 0.00:-7987.91 4818 (30) sec
[128] Max 3704 (2020) steps (0.0006 hrs) 0.00:-7987.91 4846 (28) sec
[129] Max 3704 (820) steps (0.0002 hrs) 0.00:-7987.91 4875 (29) sec
[130] Max 3704 (1326) steps (0.0004 hrs) 0.00:-7987.91 4905 (30) sec
[131] Max 3704 (1063) steps (0.0003 hrs) 0.00:-7987.91 4934 (29) sec
[132] Max 3704 (1032) steps (0.0003 hrs) 0.00:-7987.91 4963 (29) sec
[133] Max 6434 (6434) steps (0.0018 hrs) 0.00:-7987.91 5020 (57) sec
[134] Max 6434 (2313) steps (0.0006 hrs) 0.00:-7987.91 5077 (57) sec
[135] Max 6434 (226) steps (0.0001 hrs) 0.00:-7987.91 5106 (29) sec
[136] Max 6434 (334) steps (0.0001 hrs) 0.00:-7987.91 5135 (29) sec
[137] Max 6434 (409) steps (0.0001 hrs) 0.00:-7987.91 5164 (29) sec
[138] Max 6434 (1780) steps (0.0005 hrs) 0.00:-7987.91 5193 (29) sec
[139] Max 6434 (2137) steps (0.0006 hrs) 0.00:-7987.91 5250 (57) sec
[140] Max 6434 (415) steps (0.0001 hrs) 0.00:-7987.91 5278 (28) sec
[141] Max 6434 (655) steps (0.0002 hrs) 0.00:-7987.91 5306 (28) sec
[142] Max 6434 (2006) steps (0.0006 hrs) 0.00:-7987.91 5363 (57) sec
[143] Max 6434 (2196) steps (0.0006 hrs) 0.00:-7987.91 5419 (56) sec
[144] Max 6434 (2306) steps (0.0006 hrs) 0.00:-7987.91 5448 (29) sec
[145] Max 9614 (9614) steps (0.0027 hrs) 0.00:-7987.91 5509 (61) sec
[146] Max 9614 (248) steps (0.0001 hrs) 0.00:-7987.91 5537 (28) sec
[147] Max 9614 (256) steps (0.0001 hrs) 0.00:-7987.91 5565 (28) sec
[148] Max 9614 (1366) steps (0.0004 hrs) 0.00:-7987.91 5599 (34) sec
[149] Max 9614 (2089) steps (0.0006 hrs) 0.00:-7987.91 5656 (57) sec
[150] Max 9614 (2717) steps (0.0008 hrs) 0.00:-7987.91 5713 (57) sec
[151] Max 9614 (1058) steps (0.0003 hrs) 0.00:-7987.91 5740 (27) sec
[152] Max 9614 (3376) steps (0.0009 hrs) 0.00:-7987.91 5798 (58) sec
[153] Max 9614 (2613) steps (0.0007 hrs) 0.00:-7987.91 5851 (53) sec
[154] Max 9614 (1252) steps (0.0003 hrs) 0.00:-7987.91 5880 (29) sec
[155] Max 9614 (1524) steps (0.0004 hrs) 0.00:-7987.91 5909 (29) sec
[156] Max 9614 (2319) steps (0.0006 hrs) 0.00:-7987.91 5962 (53) sec
[157] Max 9614 (2196) steps (0.0006 hrs) 0.00:-7987.91 6007 (45) sec
[158] Max 9614 (304) steps (0.0001 hrs) 0.00:-7987.91 6035 (28) sec
[159] Max 9614 (1542) steps (0.0004 hrs) 0.00:-7987.91 6065 (30) sec
[160] Max 9614 (3302) steps (0.0009 hrs) 0.00:-7987.91 6113 (48) sec
[161] Max 9614 (386) steps (0.0001 hrs) 0.00:-7987.91 6141 (28) sec
[162] Max 9614 (1862) steps (0.0005 hrs) 0.00:-7987.91 6169 (28) sec
[163] Max 9614 (802) steps (0.0002 hrs) 0.00:-7987.91 6197 (28) sec
[164] Max 9614 (2090) steps (0.0006 hrs) 0.00:-7987.91 6229 (32) sec
[165] Max 9614 (1618) steps (0.0004 hrs) 0.00:-7987.91 6264 (35) sec
[166] Max 9614 (2748) steps (0.0008 hrs) 0.00:-7987.91 6323 (59) sec
[167] Max 9614 (611) steps (0.0002 hrs) 0.00:-7987.91 6351 (28) sec
[168] Max 9614 (2019) steps (0.0006 hrs) 0.00:-7987.91 6408 (57) sec
[169] Max 9614 (1708) steps (0.0005 hrs) 0.00:-7987.91 6441 (33) sec
[170] Max 9614 (2326) steps (0.0006 hrs) 0.00:-7987.91 6499 (58) sec
[171] Max 9614 (1441) steps (0.0004 hrs) 0.00:-7987.91 6528 (29) sec
[172] Max 9614 (3476) steps (0.0010 hrs) 0.00:-7987.91 6594 (66) sec
[173] Max 9614 (2745) steps (0.0008 hrs) 0.00:-7987.91 6659 (65) sec
[174] Max 9614 (236) steps (0.0001 hrs) 0.00:-7987.91 6687 (28) sec
[175] Max 9614 (1830) steps (0.0005 hrs) 0.00:-7987.91 6717 (30) sec
[176] Max 9614 (531) steps (0.0001 hrs) 0.00:-7987.91 6746 (29) sec
[177] Max 9614 (593) steps (0.0002 hrs) 0.00:-7987.91 6774 (28) sec
[178] Max 9614 (996) steps (0.0003 hrs) 0.00:-7987.91 6801 (27) sec
[179] Max 9614 (2173) steps (0.0006 hrs) 0.00:-7987.91 6855 (54) sec
[180] Max 9614 (2291) steps (0.0006 hrs) 0.00:-7987.91 6911 (56) sec
[181] Max 9614 (888) steps (0.0002 hrs) 0.00:-7987.91 6939 (28) sec
[182] Max 9614 (688) steps (0.0002 hrs) 0.00:-7987.91 6968 (29) sec
[183] Max 9614 (1391) steps (0.0004 hrs) 0.00:-7987.91 6997 (29) sec
[184] Max 9614 (490) steps (0.0001 hrs) 0.00:-7987.91 7025 (28) sec
[185] Max 9614 (2321) steps (0.0006 hrs) 0.00:-7987.91 7059 (34) sec
[186] Max 9614 (409) steps (0.0001 hrs) 0.00:-7987.91 7087 (28) sec
[187] Max 9614 (659) steps (0.0002 hrs) 0.00:-7987.91 7114 (27) sec
[188] Max 9614 (2058) steps (0.0006 hrs) 0.00:-7987.91 7144 (30) sec
[189] Max 9614 (784) steps (0.0002 hrs) 0.00:-7987.91 7173 (29) sec
[190] Max 9614 (2463) steps (0.0007 hrs) 0.00:-7987.91 7225 (52) sec
[191] Max 9614 (2352) steps (0.0007 hrs) 0.00:-7987.91 7282 (57) sec
[192] Max 9614 (2793) steps (0.0008 hrs) 0.00:-7987.91 7341 (59) sec
[193] Max 9614 (514) steps (0.0001 hrs) 0.00:-7987.91 7369 (28) sec
[194] Max 9614 (366) steps (0.0001 hrs) 0.00:-7987.91 7398 (29) sec
[195] Max 9614 (1183) steps (0.0003 hrs) 0.00:-7987.91 7426 (28) sec
[196] Max 9614 (836) steps (0.0002 hrs) 0.00:-7987.91 7455 (29) sec
[197] Max 9614 (2503) steps (0.0007 hrs) 0.00:-7987.91 7513 (58) sec
[198] Max 9614 (1048) steps (0.0003 hrs) 0.00:-7987.91 7542 (29) sec
[199] Max 9614 (1574) steps (0.0004 hrs) 0.00:-7987.91 7572 (30) sec
[200] Max 9614 (853) steps (0.0002 hrs) 0.00:-7987.91 7601 (29) sec
[201] Max 9614 (1347) steps (0.0004 hrs) 0.00:-7987.91 7630 (29) sec
[202] Max 9614 (2704) steps (0.0008 hrs) 0.00:-7987.91 7688 (58) sec
[203] Max 9614 (2155) steps (0.0006 hrs) 0.00:-7987.91 7745 (57) sec
[204] Max 9614 (1862) steps (0.0005 hrs) 0.00:-7987.91 7781 (36) sec
[205] Max 9614 (854) steps (0.0002 hrs) 0.00:-7987.91 7810 (29) sec
[206] Max 9614 (613) steps (0.0002 hrs) 0.00:-7987.91 7837 (27) sec
[207] Max 9614 (252) steps (0.0001 hrs) 0.00:-7987.91 7866 (29) sec
[208] Max 9614 (2324) steps (0.0006 hrs) 0.00:-7987.91 7923 (57) sec
[209] Max 9614 (1438) steps (0.0004 hrs) 0.00:-7987.91 7952 (29) sec
[210] Max 9614 (710) steps (0.0002 hrs) 0.00:-7987.91 7980 (28) sec
[211] Max 9614 (407) steps (0.0001 hrs) 0.00:-7987.91 8010 (30) sec
[212] Max 9614 (1478) steps (0.0004 hrs) 0.00:-7987.91 8040 (30) sec
[213] Max 9614 (1779) steps (0.0005 hrs) 0.00:-7987.91 8071 (31) sec
[214] Max 9614 (1944) steps (0.0005 hrs) 0.00:-7987.91 8127 (56) sec
[215] Max 9614 (287) steps (0.0001 hrs) 0.00:-7987.91 8156 (29) sec
[216] Max 9614 (1550) steps (0.0004 hrs) 0.00:-7987.91 8184 (28) sec
[217] Max 9614 (1211) steps (0.0003 hrs) 0.00:-7987.91 8214 (30) sec
[218] Max 9614 (671) steps (0.0002 hrs) 0.00:-7987.91 8241 (27) sec
[219] Max 9614 (811) steps (0.0002 hrs) 0.00:-7987.91 8270 (29) sec
[220] Max 9614 (1420) steps (0.0004 hrs) 0.00:-7987.91 8299 (29) sec
[221] Max 9614 (1076) steps (0.0003 hrs) 0.00:-7987.91 8330 (31) sec
[222] Max 9614 (489) steps (0.0001 hrs) 0.00:-7987.91 8357 (27) sec
[223] Max 9614 (1690) steps (0.0005 hrs) 0.00:-7987.91 8386 (29) sec
[224] Max 9614 (1355) steps (0.0004 hrs) 0.00:-7987.91 8415 (29) sec
[225] Max 9614 (792) steps (0.0002 hrs) 0.00:-7987.91 8443 (28) sec
[226] Max 9614 (827) steps (0.0002 hrs) 0.00:-7987.91 8471 (28) sec
[227] Max 9614 (320) steps (0.0001 hrs) 0.00:-7987.91 8499 (28) sec
[228] Max 9614 (1859) steps (0.0005 hrs) 0.00:-7987.91 8556 (57) sec
[229] Max 9614 (2278) steps (0.0006 hrs) 0.00:-7987.91 8608 (52) sec
[230] Max 9614 (1782) steps (0.0005 hrs) 0.00:-7987.91 8647 (39) sec
[231] Max 9614 (1222) steps (0.0003 hrs) 0.00:-7987.91 8676 (29) sec
[232] Max 9614 (1747) steps (0.0005 hrs) 0.00:-7987.91 8707 (31) sec
[233] Max 9614 (1612) steps (0.0004 hrs) 0.00:-7987.91 8736 (29) sec
[234] Max 9614 (1677) steps (0.0005 hrs) 0.00:-7987.91 8765 (29) sec
[235] Max 9614 (2735) steps (0.0008 hrs) 0.00:-7987.91 8822 (57) sec
[236] Max 9614 (1834) steps (0.0005 hrs) 0.00:-7987.91 8860 (38) sec
[237] Max 9614 (2538) steps (0.0007 hrs) 0.00:-7987.91 8912 (52) sec
[238] Max 9614 (2355) steps (0.0007 hrs) 0.00:-7987.91 8941 (29) sec
[239] Max 9614 (1998) steps (0.0006 hrs) 0.00:-7987.91 8974 (33) sec
[240] Max 9614 (463) steps (0.0001 hrs) 0.00:-7987.91 9003 (29) sec
[241] Max 9614 (235) steps (0.0001 hrs) 0.00:-7987.91 9031 (28) sec
[242] Max 9614 (2931) steps (0.0008 hrs) 0.00:-7987.91 9086 (55) sec
[243] Max 9614 (3966) steps (0.0011 hrs) 0.00:-7987.91 9150 (64) sec
[244] Max 9614 (2058) steps (0.0006 hrs) 0.00:-7987.91 9207 (57) sec
[245] Max 9614 (791) steps (0.0002 hrs) 0.00:-7987.91 9235 (28) sec
[246] Max 9614 (2643) steps (0.0007 hrs) 0.00:-7987.91 9273 (38) sec
[247] Max 9614 (1764) steps (0.0005 hrs) 0.00:-7987.91 9303 (30) sec
[248] Max 9614 (2204) steps (0.0006 hrs) 0.00:-7987.91 9351 (48) sec
[249] Max 9614 (1773) steps (0.0005 hrs) 0.00:-7987.91 9385 (34) sec
[250] Max 9614 (2060) steps (0.0006 hrs) 0.00:-7987.91 9443 (58) sec
[251] Max 9614 (2035) steps (0.0006 hrs) 0.00:-7987.91 9497 (54) sec
[252] Max 9614 (2071) steps (0.0006 hrs) 0.00:-7987.91 9541 (44) sec
[253] Max 9614 (745) steps (0.0002 hrs) 0.00:-7987.91 9569 (28) sec
[254] Max 9614 (811) steps (0.0002 hrs) 0.00:-7987.91 9597 (28) sec
[255] Max 9614 (2188) steps (0.0006 hrs) 0.00:-7987.91 9641 (44) sec
[256] Max 9614 (471) steps (0.0001 hrs) 0.00:-7987.91 9669 (28) sec
[257] Max 9614 (391) steps (0.0001 hrs) 0.00:-7987.91 9697 (28) sec
[258] Max 9614 (2605) steps (0.0007 hrs) 0.00:-7987.91 9754 (57) sec
[259] Max 9614 (1832) steps (0.0005 hrs) 0.00:-7987.91 9785 (31) sec
[260] Max 9614 (6739) steps (0.0019 hrs) 0.00:-7987.91 9851 (66) sec
[261] Max 9614 (2351) steps (0.0007 hrs) 0.00:-7987.91 9911 (60) sec
[262] Max 9614 (1183) steps (0.0003 hrs) 0.00:-7987.91 9941 (30) sec
[263] Max 9614 (799) steps (0.0002 hrs) 0.00:-7987.91 9970 (29) sec
[264] Max 9614 (2629) steps (0.0007 hrs) 0.00:-7987.91 10017 (47) sec
[265] Max 9614 (1557) steps (0.0004 hrs) 0.00:-7987.91 10046 (29) sec
[266] Max 9614 (442) steps (0.0001 hrs) 0.00:-7987.91 10074 (28) sec
[267] Max 9614 (855) steps (0.0002 hrs) 0.00:-7987.91 10103 (29) sec
[268] Max 9614 (648) steps (0.0002 hrs) 0.00:-7987.91 10131 (28) sec
[269] Max 9614 (2361) steps (0.0007 hrs) 0.00:-7987.91 10160 (29) sec
[270] Max 9614 (1899) steps (0.0005 hrs) 0.00:-7987.91 10192 (32) sec
[271] Max 9614 (1092) steps (0.0003 hrs) 0.00:-7987.91 10221 (29) sec
[272] Max 9614 (655) steps (0.0002 hrs) 0.00:-7987.91 10249 (28) sec
[273] Max 9614 (1211) steps (0.0003 hrs) 0.00:-7987.91 10278 (29) sec
[274] Max 9614 (657) steps (0.0002 hrs) 0.00:-7987.91 10307 (29) sec
[275] Max 9614 (1512) steps (0.0004 hrs) 0.00:-7987.91 10337 (30) sec
[276] Max 9614 (807) steps (0.0002 hrs) 0.00:-7987.91 10365 (28) sec
[277] Max 9614 (1991) steps (0.0006 hrs) 0.00:-7987.91 10410 (45) sec
[278] Max 9614 (259) steps (0.0001 hrs) 0.00:-7987.91 10439 (29) sec
[279] Max 9614 (1985) steps (0.0006 hrs) 0.00:-7987.91 10498 (59) sec
[280] Max 9614 (1169) steps (0.0003 hrs) 0.00:-7987.91 10526 (28) sec
[281] Max 9614 (2141) steps (0.0006 hrs) 0.00:-7987.91 10571 (45) sec
[282] Max 9614 (2559) steps (0.0007 hrs) 0.00:-7987.91 10627 (56) sec
[283] Max 9614 (384) steps (0.0001 hrs) 0.00:-7987.91 10655 (28) sec
[284] Max 9614 (2071) steps (0.0006 hrs) 0.00:-7987.91 10713 (58) sec
[285] Max 9614 (1173) steps (0.0003 hrs) 0.00:-7987.91 10741 (28) sec
[286] Max 9614 (1948) steps (0.0005 hrs) 0.00:-7987.91 10794 (53) sec
[287] Max 9614 (2071) steps (0.0006 hrs) 0.00:-7987.91 10831 (37) sec
[288] Max 9614 (1093) steps (0.0003 hrs) 0.00:-7987.91 10862 (31) sec
[289] Max 9614 (400) steps (0.0001 hrs) 0.00:-7987.91 10891 (29) sec
[290] Max 9614 (1829) steps (0.0005 hrs) 0.00:-7987.91 10936 (45) sec
[291] Max 9614 (334) steps (0.0001 hrs) 0.00:-7987.91 10964 (28) sec
[292] Max 9614 (2355) steps (0.0007 hrs) 0.00:-7987.91 11005 (41) sec
[293] Max 9614 (2235) steps (0.0006 hrs) 0.00:-7987.91 11055 (50) sec
[294] Max 9614 (1610) steps (0.0004 hrs) 0.00:-7987.91 11086 (31) sec
[295] Max 9614 (483) steps (0.0001 hrs) 0.00:-7987.91 11114 (28) sec
[296] Max 9614 (1767) steps (0.0005 hrs) 0.00:-7987.91 11143 (29) sec
[297] Max 9614 (798) steps (0.0002 hrs) 0.00:-7987.91 11172 (29) sec
[298] Max 9614 (1246) steps (0.0003 hrs) 0.00:-7987.91 11200 (28) sec
[299] Max 9614 (519) steps (0.0001 hrs) 0.00:-7987.91 11229 (29) sec
[300] Max 9614 (1395) steps (0.0004 hrs) 0.00:-7987.91 11259 (30) sec
[301] Max 9614 (1021) steps (0.0003 hrs) 0.00:-7987.91 11289 (30) sec
[302] Max 9614 (241) steps (0.0001 hrs) 0.00:-7987.91 11318 (29) sec
[303] Max 9614 (2462) steps (0.0007 hrs) 0.00:-7987.91 11373 (55) sec
[304] Max 9614 (1738) steps (0.0005 hrs) 0.00:-7987.91 11404 (31) sec
[305] Max 9614 (388) steps (0.0001 hrs) 0.00:-7987.91 11432 (28) sec
[306] Max 9614 (546) steps (0.0002 hrs) 0.00:-7987.91 11460 (28) sec
[307] Max 9614 (547) steps (0.0002 hrs) 0.00:-7987.91 11488 (28) sec
[308] Max 9614 (609) steps (0.0002 hrs) 0.00:-7987.91 11516 (28) sec
[309] Max 9614 (720) steps (0.0002 hrs) 0.00:-7987.91 11544 (28) sec
[310] Max 9614 (276) steps (0.0001 hrs) 0.00:-7987.91 11572 (28) sec
[311] Max 9614 (1233) steps (0.0003 hrs) 0.00:-7987.91 11603 (31) sec
[312] Max 9614 (913) steps (0.0003 hrs) 0.00:-7987.91 11632 (29) sec
[313] Max 9614 (2169) steps (0.0006 hrs) 0.00:-7987.91 11674 (42) sec
[314] Max 9614 (551) steps (0.0002 hrs) 0.00:-7987.91 11702 (28) sec
[315] Max 9614 (774) steps (0.0002 hrs) 0.00:-7987.91 11731 (29) sec
[316] Max 9614 (336) steps (0.0001 hrs) 0.00:-7987.91 11759 (28) sec
[317] Max 9614 (2342) steps (0.0007 hrs) 0.00:-7987.91 11806 (47) sec
[318] Max 9614 (3335) steps (0.0009 hrs) 0.00:-7987.91 11842 (36) sec
[319] Max 9614 (301) steps (0.0001 hrs) 0.00:-7987.91 11870 (28) sec
[320] Max 9614 (1900) steps (0.0005 hrs) 0.00:-7987.91 11905 (35) sec
[321] Max 9614 (2007) steps (0.0006 hrs) 0.00:-7987.91 11964 (59) sec
[322] Max 9614 (2145) steps (0.0006 hrs) 0.00:-7987.91 12016 (52) sec
[323] Max 9614 (596) steps (0.0002 hrs) 0.00:-7987.91 12045 (29) sec
[324] Max 9614 (2063) steps (0.0006 hrs) 0.00:-7987.91 12075 (30) sec
[325] Max 9614 (1524) steps (0.0004 hrs) 0.00:-7987.91 12108 (33) sec
[326] Max 9614 (2501) steps (0.0007 hrs) 0.00:-7987.91 12165 (57) sec
[327] Max 9614 (566) steps (0.0002 hrs) 0.00:-7987.91 12193 (28) sec
[328] Max 9614 (1793) steps (0.0005 hrs) 0.00:-7987.91 12238 (45) sec
[329] Max 9614 (1891) steps (0.0005 hrs) 0.00:-7987.91 12281 (43) sec
[330] Max 9614 (352) steps (0.0001 hrs) 0.00:-7987.91 12310 (29) sec
[331] Max 9614 (302) steps (0.0001 hrs) 0.00:-7987.91 12338 (28) sec
[332] Max 9614 (2147) steps (0.0006 hrs) 0.00:-7987.91 12368 (30) sec
[333] Max 9614 (1699) steps (0.0005 hrs) 0.00:-7987.91 12403 (35) sec
[334] Max 9614 (1332) steps (0.0004 hrs) 0.00:-7987.91 12432 (29) sec
[335] Max 9614 (2305) steps (0.0006 hrs) 0.00:-7987.91 12479 (47) sec
[336] Max 9614 (2934) steps (0.0008 hrs) 0.00:-7987.91 12537 (58) sec
[337] Max 9614 (730) steps (0.0002 hrs) 0.00:-7987.91 12566 (29) sec
[338] Max 9614 (485) steps (0.0001 hrs) 0.00:-7987.91 12594 (28) sec
[339] Max 9614 (1039) steps (0.0003 hrs) 0.00:-7987.91 12623 (29) sec
[340] Max 9614 (1588) steps (0.0004 hrs) 0.00:-7987.91 12662 (39) sec
[341] Max 9614 (634) steps (0.0002 hrs) 0.00:-7987.91 12691 (29) sec
[342] Max 9614 (2558) steps (0.0007 hrs) 0.00:-7987.91 12748 (57) sec
[343] Max 9614 (1806) steps (0.0005 hrs) 0.00:-7987.91 12783 (35) sec
[344] Max 9614 (489) steps (0.0001 hrs) 0.00:-7987.91 12811 (28) sec
[345] Max 9614 (1556) steps (0.0004 hrs) 0.00:-7987.91 12844 (33) sec
[346] Max 9614 (2497) steps (0.0007 hrs) 0.00:-7987.91 12902 (58) sec
[347] Max 9614 (1927) steps (0.0005 hrs) 0.00:-7987.91 12939 (37) sec
[348] Max 9614 (493) steps (0.0001 hrs) 0.00:-7987.91 12968 (29) sec
[349] Max 9614 (2217) steps (0.0006 hrs) 0.00:-7987.91 13025 (57) sec
[350] Max 9614 (2145) steps (0.0006 hrs) 0.00:-7987.91 13082 (57) sec
[351] Max 9614 (741) steps (0.0002 hrs) 0.00:-7987.91 13112 (30) sec
[352] Max 9614 (2992) steps (0.0008 hrs) 0.00:-7987.91 13169 (57) sec
[353] Max 9614 (2037) steps (0.0006 hrs) 0.00:-7987.91 13225 (56) sec
[354] Max 9614 (391) steps (0.0001 hrs) 0.00:-7987.91 13253 (28) sec
[355] Max 9614 (2459) steps (0.0007 hrs) 0.00:-7987.91 13309 (56) sec
[356] Max 9614 (1211) steps (0.0003 hrs) 0.00:-7987.91 13338 (29) sec
[357] Max 9614 (1223) steps (0.0003 hrs) 0.00:-7987.91 13367 (29) sec
[358] Max 9614 (2273) steps (0.0006 hrs) 0.00:-7987.91 13410 (43) sec
[359] Max 9614 (2525) steps (0.0007 hrs) 0.00:-7987.91 13467 (57) sec
[360] Max 9614 (2108) steps (0.0006 hrs) 0.00:-7987.91 13522 (55) sec
[361] Max 9614 (969) steps (0.0003 hrs) 0.00:-7987.91 13550 (28) sec
[362] Max 9614 (1552) steps (0.0004 hrs) 0.00:-7987.91 13580 (30) sec
[363] Max 9614 (451) steps (0.0001 hrs) 0.00:-7987.91 13608 (28) sec
[364] Max 9614 (2628) steps (0.0007 hrs) 0.00:-7987.91 13667 (59) sec
[365] Max 9614 (438) steps (0.0001 hrs) 0.00:-7987.91 13695 (28) sec
[366] Max 9614 (1585) steps (0.0004 hrs) 0.00:-7987.91 13725 (30) sec
[367] Max 9614 (270) steps (0.0001 hrs) 0.00:-7987.91 13753 (28) sec
[368] Max 9614 (2208) steps (0.0006 hrs) 0.00:-7987.91 13807 (54) sec
[369] Max 9614 (3292) steps (0.0009 hrs) 0.00:-7987.91 13866 (59) sec
[370] Max 9614 (1861) steps (0.0005 hrs) 0.00:-7987.91 13911 (45) sec
[371] Max 9614 (1245) steps (0.0003 hrs) 0.00:-7987.91 13939 (28) sec
[372] Max 9614 (705) steps (0.0002 hrs) 0.00:-7987.91 13967 (28) sec
[373] Max 9614 (322) steps (0.0001 hrs) 0.00:-7987.91 13996 (29) sec
[374] Max 9614 (1434) steps (0.0004 hrs) 0.00:-7987.91 14025 (29) sec
[375] Max 9614 (2250) steps (0.0006 hrs) 0.00:-7987.91 14082 (57) sec
[376] Max 9614 (2654) steps (0.0007 hrs) 0.00:-7987.91 14138 (56) sec
[377] Max 9614 (5066) steps (0.0014 hrs) 0.00:-7987.91 14198 (60) sec
[378] Max 9614 (812) steps (0.0002 hrs) 0.00:-7987.91 14227 (29) sec
[379] Max 9614 (264) steps (0.0001 hrs) 0.00:-7987.91 14255 (28) sec
[380] Max 9614 (2243) steps (0.0006 hrs) 0.00:-7987.91 14292 (37) sec
[381] Max 9614 (2276) steps (0.0006 hrs) 0.00:-7987.91 14322 (30) sec
[382] Max 9614 (463) steps (0.0001 hrs) 0.00:-7987.91 14351 (29) sec
[383] Max 9614 (2159) steps (0.0006 hrs) 0.00:-7987.91 14407 (56) sec
[384] Max 9614 (2482) steps (0.0007 hrs) 0.00:-7987.91 14465 (58) sec
[385] Max 9614 (2082) steps (0.0006 hrs) 0.00:-7987.91 14521 (56) sec
[386] Max 9614 (1312) steps (0.0004 hrs) 0.00:-7987.91 14550 (29) sec
[387] Max 9614 (405) steps (0.0001 hrs) 0.00:-7987.91 14578 (28) sec
[388] Max 9614 (532) steps (0.0001 hrs) 0.00:-7987.91 14606 (28) sec
[389] Max 9614 (1669) steps (0.0005 hrs) 0.00:-7987.91 14639 (33) sec
[390] Max 9614 (766) steps (0.0002 hrs) 0.00:-7987.91 14668 (29) sec
[391] Max 9614 (1173) steps (0.0003 hrs) 0.00:-7987.91 14696 (28) sec
[392] Max 9614 (310) steps (0.0001 hrs) 0.00:-7987.91 14724 (28) sec
[393] Max 9614 (2046) steps (0.0006 hrs) 0.00:-7987.91 14768 (44) sec
[394] Max 9614 (1911) steps (0.0005 hrs) 0.00:-7987.91 14819 (51) sec
[395] Max 9614 (283) steps (0.0001 hrs) 0.00:-7987.91 14848 (29) sec
[396] Max 9614 (1017) steps (0.0003 hrs) 0.00:-7987.91 14876 (28) sec
[397] Max 9614 (1250) steps (0.0003 hrs) 0.00:-7987.91 14907 (31) sec
[398] Max 9614 (1843) steps (0.0005 hrs) 0.00:-7987.91 14936 (29) sec
[399] Max 9614 (881) steps (0.0002 hrs) 0.00:-7987.91 14964 (28) sec
[400] Max 9614 (2922) steps (0.0008 hrs) 0.00:-7987.91 15022 (58) sec
[401] Max 9614 (768) steps (0.0002 hrs) 0.00:-7987.91 15049 (27) sec
[402] Max 9614 (2235) steps (0.0006 hrs) 0.00:-7987.91 15107 (58) sec
[403] Max 9614 (1949) steps (0.0005 hrs) 0.00:-7987.91 15164 (57) sec
[404] Max 9614 (578) steps (0.0002 hrs) 0.00:-7987.91 15192 (28) sec
[405] Max 9614 (2699) steps (0.0007 hrs) 0.00:-7987.91 15247 (55) sec
[406] Max 9614 (1744) steps (0.0005 hrs) 0.00:-7987.91 15280 (33) sec
[407] Max 9614 (2316) steps (0.0006 hrs) 0.00:-7987.91 15338 (58) sec
[408] Max 9614 (1111) steps (0.0003 hrs) 0.00:-7987.91 15366 (28) sec
[409] Max 9614 (2615) steps (0.0007 hrs) 0.00:-7987.91 15422 (56) sec
[410] Max 9614 (2483) steps (0.0007 hrs) 0.00:-7987.91 15479 (57) sec
[411] Max 9614 (620) steps (0.0002 hrs) 0.00:-7987.91 15507 (28) sec
[412] Max 9614 (2355) steps (0.0007 hrs) 0.00:-7987.91 15551 (44) sec
[413] Max 9614 (3124) steps (0.0009 hrs) 0.00:-7987.91 15596 (45) sec
[414] Max 9614 (204) steps (0.0001 hrs) 0.00:-7987.91 15624 (28) sec
[415] Max 9614 (3433) steps (0.0010 hrs) 0.00:-7987.91 15656 (32) sec
[416] Max 9614 (2438) steps (0.0007 hrs) 0.00:-7987.91 15715 (59) sec
[417] Max 9614 (1917) steps (0.0005 hrs) 0.00:-7987.91 15743 (28) sec
[418] Max 9614 (2238) steps (0.0006 hrs) 0.00:-7987.91 15796 (53) sec
[419] Max 9614 (2960) steps (0.0008 hrs) 0.00:-7987.91 15853 (57) sec
[420] Max 9614 (2211) steps (0.0006 hrs) 0.00:-7987.91 15911 (58) sec
[421] Max 9614 (1863) steps (0.0005 hrs) 0.00:-7987.91 15957 (46) sec
[422] Max 9614 (1217) steps (0.0003 hrs) 0.00:-7987.91 15985 (28) sec
[423] Max 9614 (2223) steps (0.0006 hrs) 0.00:-7987.91 16038 (53) sec
[424] Max 9614 (2754) steps (0.0008 hrs) 0.00:-7987.91 16095 (57) sec
[425] Max 9614 (2183) steps (0.0006 hrs) 0.00:-7987.91 16131 (36) sec
[426] Max 9614 (1767) steps (0.0005 hrs) 0.00:-7987.91 16161 (30) sec
[427] Max 9614 (245) steps (0.0001 hrs) 0.00:-7987.91 16189 (28) sec
[428] Max 9614 (338) steps (0.0001 hrs) 0.00:-7987.91 16217 (28) sec
[429] Max 9614 (2014) steps (0.0006 hrs) 0.00:-7987.91 16275 (58) sec
[430] Max 9614 (236) steps (0.0001 hrs) 0.00:-7987.91 16303 (28) sec
[431] Max 9614 (2465) steps (0.0007 hrs) 0.00:-7987.91 16361 (58) sec
[432] Max 9614 (2284) steps (0.0006 hrs) 0.00:-7987.91 16418 (57) sec
[433] Max 9614 (1170) steps (0.0003 hrs) 0.00:-7987.91 16447 (29) sec
[434] Max 9614 (494) steps (0.0001 hrs) 0.00:-7987.91 16475 (28) sec
[435] Max 9614 (913) steps (0.0003 hrs) 0.00:-7987.91 16504 (29) sec
[436] Max 9614 (341) steps (0.0001 hrs) 0.00:-7987.91 16533 (29) sec
[437] Max 9614 (627) steps (0.0002 hrs) 0.00:-7987.91 16562 (29) sec
[438] Max 9614 (2624) steps (0.0007 hrs) 0.00:-7987.91 16590 (28) sec
[439] Max 9614 (2561) steps (0.0007 hrs) 0.00:-7987.91 16638 (48) sec
[440] Max 9614 (243) steps (0.0001 hrs) 0.00:-7987.91 16666 (28) sec
[441] Max 9614 (1661) steps (0.0005 hrs) 0.00:-7987.91 16713 (47) sec
[442] Max 9614 (295) steps (0.0001 hrs) 0.00:-7987.91 16741 (28) sec
[443] Max 9614 (2219) steps (0.0006 hrs) 0.00:-7987.91 16800 (59) sec
[444] Max 9614 (721) steps (0.0002 hrs) 0.00:-7987.91 16828 (28) sec
[445] Max 9614 (3326) steps (0.0009 hrs) 0.00:-7987.91 16883 (55) sec
[446] Max 9614 (1669) steps (0.0005 hrs) 0.00:-7987.91 16912 (29) sec
[447] Max 9614 (2299) steps (0.0006 hrs) 0.00:-7987.91 16969 (57) sec
[448] Max 9614 (2224) steps (0.0006 hrs) 0.00:-7987.91 17006 (37) sec
[449] Max 9614 (1101) steps (0.0003 hrs) 0.00:-7987.91 17035 (29) sec
[450] Max 9614 (1836) steps (0.0005 hrs) 0.00:-7987.91 17070 (35) sec
[451] Max 9614 (1844) steps (0.0005 hrs) 0.00:-7987.91 17104 (34) sec
[452] Max 9614 (850) steps (0.0002 hrs) 0.00:-7987.91 17133 (29) sec
[453] Max 9614 (1941) steps (0.0005 hrs) 0.00:-7987.91 17181 (48) sec
[454] Max 9614 (1203) steps (0.0003 hrs) 0.00:-7987.91 17210 (29) sec
[455] Max 9614 (1167) steps (0.0003 hrs) 0.00:-7987.91 17238 (28) sec
[456] Max 9614 (1931) steps (0.0005 hrs) 0.00:-7987.91 17269 (31) sec
[457] Max 9614 (669) steps (0.0002 hrs) 0.00:-7987.91 17297 (28) sec
[458] Max 9614 (1984) steps (0.0006 hrs) 0.00:-7987.91 17353 (56) sec
[459] Max 9614 (2360) steps (0.0007 hrs) 0.00:-7987.91 17410 (57) sec
[460] Max 9614 (416) steps (0.0001 hrs) 0.00:-7987.91 17438 (28) sec
[461] Max 9614 (1642) steps (0.0005 hrs) 0.00:-7987.91 17473 (35) sec
[462] Max 9614 (1454) steps (0.0004 hrs) 0.00:-7987.91 17502 (29) sec
[463] Max 9614 (1954) steps (0.0005 hrs) 0.00:-7987.91 17534 (32) sec
[464] Max 9614 (2740) steps (0.0008 hrs) 0.00:-7987.91 17592 (58) sec
[465] Max 9614 (2630) steps (0.0007 hrs) 0.00:-7987.91 17649 (57) sec
[466] Max 9614 (1249) steps (0.0003 hrs) 0.00:-7987.91 17678 (29) sec
[467] Max 9614 (349) steps (0.0001 hrs) 0.00:-7987.91 17706 (28) sec
[468] Max 9614 (1895) steps (0.0005 hrs) 0.00:-7987.91 17736 (30) sec
[469] Max 9614 (1482) steps (0.0004 hrs) 0.00:-7987.91 17765 (29) sec
[470] Max 9614 (771) steps (0.0002 hrs) 0.00:-7987.91 17793 (28) sec
[471] Max 9614 (1722) steps (0.0005 hrs) 0.00:-7987.91 17827 (34) sec
[472] Max 9614 (1356) steps (0.0004 hrs) 0.00:-7987.91 17854 (27) sec
[473] Max 9614 (1129) steps (0.0003 hrs) 0.00:-7987.91 17882 (28) sec
[474] Max 9614 (2063) steps (0.0006 hrs) 0.00:-7987.91 17937 (55) sec
[475] Max 9614 (894) steps (0.0002 hrs) 0.00:-7987.91 17965 (28) sec
[476] Max 9614 (1852) steps (0.0005 hrs) 0.00:-7987.91 17994 (29) sec
[477] Max 9614 (1787) steps (0.0005 hrs) 0.00:-7987.91 18033 (39) sec
[478] Max 9614 (2146) steps (0.0006 hrs) 0.00:-7987.91 18093 (60) sec
[479] Max 9614 (819) steps (0.0002 hrs) 0.00:-7987.91 18122 (29) sec
[480] Max 9614 (375) steps (0.0001 hrs) 0.00:-7987.91 18150 (28) sec
[481] Max 9614 (218) steps (0.0001 hrs) 0.00:-7987.91 18178 (28) sec
[482] Max 9614 (1594) steps (0.0004 hrs) 0.00:-7987.91 18208 (30) sec
[483] Max 9614 (262) steps (0.0001 hrs) 0.00:-7987.91 18236 (28) sec
[484] Max 9614 (344) steps (0.0001 hrs) 0.00:-7987.91 18265 (29) sec
[485] Max 9614 (2208) steps (0.0006 hrs) 0.00:-7987.91 18323 (58) sec
[486] Max 9614 (1408) steps (0.0004 hrs) 0.00:-7987.91 18354 (31) sec
[487] Max 9614 (2015) steps (0.0006 hrs) 0.00:-7987.91 18400 (46) sec
[488] Max 9614 (705) steps (0.0002 hrs) 0.00:-7987.91 18429 (29) sec
[489] Max 9614 (2352) steps (0.0007 hrs) 0.00:-7987.91 18485 (56) sec
[490] Max 9614 (2398) steps (0.0007 hrs) 0.00:-7987.91 18542 (57) sec
[491] Max 9614 (1679) steps (0.0005 hrs) 0.00:-7987.91 18575 (33) sec
[492] Max 9614 (1299) steps (0.0004 hrs) 0.00:-7987.91 18604 (29) sec
[493] Max 9614 (2026) steps (0.0006 hrs) 0.00:-7987.91 18651 (47) sec
[494] Max 9614 (1040) steps (0.0003 hrs) 0.00:-7987.91 18679 (28) sec
[495] Max 9614 (450) steps (0.0001 hrs) 0.00:-7987.91 18707 (28) sec
[496] Max 9614 (1938) steps (0.0005 hrs) 0.00:-7987.91 18766 (59) sec
[497] Max 9614 (1469) steps (0.0004 hrs) 0.00:-7987.91 18796 (30) sec
[498] Max 9614 (1702) steps (0.0005 hrs) 0.00:-7987.91 18828 (32) sec
[499] Max 9614 (1340) steps (0.0004 hrs) 0.00:-7987.91 18857 (29) sec
[500] Max 9614 (870) steps (0.0002 hrs) 0.00:-7987.91 18886 (29) sec
[501] Max 9614 (427) steps (0.0001 hrs) 0.00:-7987.91 18914 (28) sec
[502] Max 9614 (848) steps (0.0002 hrs) 0.00:-7987.91 18943 (29) sec
[503] Max 9614 (246) steps (0.0001 hrs) 0.00:-7987.91 18971 (28) sec
[504] Max 9614 (429) steps (0.0001 hrs) 0.00:-7987.91 18999 (28) sec
[505] Max 9614 (1766) steps (0.0005 hrs) 0.00:-7987.91 19029 (30) sec
[506] Max 9614 (3665) steps (0.0010 hrs) 0.00:-7987.91 19090 (61) sec
[507] Max 9614 (258) steps (0.0001 hrs) 0.00:-7987.91 19119 (29) sec
[508] Max 9614 (1013) steps (0.0003 hrs) 0.00:-7987.91 19147 (28) sec
[509] Max 9614 (1584) steps (0.0004 hrs) 0.00:-7987.91 19176 (29) sec
[510] Max 9614 (780) steps (0.0002 hrs) 0.00:-7987.91 19204 (28) sec
[511] Max 9614 (2256) steps (0.0006 hrs) 0.00:-7987.91 19261 (57) sec
[512] Max 9614 (1202) steps (0.0003 hrs) 0.00:-7987.91 19290 (29) sec
[513] Max 9614 (880) steps (0.0002 hrs) 0.00:-7987.91 19318 (28) sec
[514] Max 9614 (1694) steps (0.0005 hrs) 0.00:-7987.91 19357 (39) sec
[515] Max 9614 (1789) steps (0.0005 hrs) 0.00:-7987.91 19388 (31) sec
[516] Max 9614 (1415) steps (0.0004 hrs) 0.00:-7987.91 19417 (29) sec
[517] Max 9614 (1786) steps (0.0005 hrs) 0.00:-7987.91 19472 (55) sec
[518] Max 9614 (3100) steps (0.0009 hrs) 0.00:-7987.91 19521 (49) sec
[519] Max 9614 (2053) steps (0.0006 hrs) 0.00:-7987.91 19552 (31) sec
[520] Max 9614 (827) steps (0.0002 hrs) 0.00:-7987.91 19580 (28) sec
[521] Max 9614 (493) steps (0.0001 hrs) 0.00:-7987.91 19608 (28) sec
[522] Max 9614 (640) steps (0.0002 hrs) 0.00:-7987.91 19637 (29) sec
[523] Max 9614 (705) steps (0.0002 hrs) 0.00:-7987.91 19665 (28) sec
[524] Max 9614 (958) steps (0.0003 hrs) 0.00:-7987.91 19693 (28) sec
[525] Max 9614 (1056) steps (0.0003 hrs) 0.00:-7987.91 19721 (28) sec
[526] Max 9614 (886) steps (0.0002 hrs) 0.00:-7987.91 19749 (28) sec
[527] Max 9614 (1595) steps (0.0004 hrs) 0.00:-7987.91 19779 (30) sec
[528] Max 9614 (680) steps (0.0002 hrs) 0.00:-7987.91 19807 (28) sec
[529] Max 9614 (1187) steps (0.0003 hrs) 0.00:-7987.91 19835 (28) sec
[530] Max 9614 (2139) steps (0.0006 hrs) 0.00:-7987.91 19882 (47) sec
[531] Max 9614 (341) steps (0.0001 hrs) 0.00:-7987.91 19911 (29) sec
[532] Max 9614 (1868) steps (0.0005 hrs) 0.00:-7987.91 19939 (28) sec
[533] Max 9614 (1910) steps (0.0005 hrs) 0.00:-7987.91 19997 (58) sec
[534] Max 9614 (2217) steps (0.0006 hrs) 0.00:-7987.91 20026 (29) sec
[535] Max 9614 (1641) steps (0.0005 hrs) 0.00:-7987.91 20056 (30) sec
[536] Max 9614 (501) steps (0.0001 hrs) 0.00:-7987.91 20085 (29) sec
[537] Max 9614 (214) steps (0.0001 hrs) 0.00:-7987.91 20113 (28) sec
[538] Max 9614 (1398) steps (0.0004 hrs) 0.00:-7987.91 20143 (30) sec
[539] Max 9614 (1743) steps (0.0005 hrs) 0.00:-7987.91 20173 (30) sec
[540] Max 9614 (607) steps (0.0002 hrs) 0.00:-7987.91 20202 (29) sec
[541] Max 9614 (247) steps (0.0001 hrs) 0.00:-7987.91 20230 (28) sec
[542] Max 9614 (2949) steps (0.0008 hrs) 0.00:-7987.91 20260 (30) sec
[543] Max 9614 (2732) steps (0.0008 hrs) 0.00:-7987.91 20319 (59) sec
[544] Max 9614 (1883) steps (0.0005 hrs) 0.00:-7987.91 20376 (57) sec
[545] Max 9614 (1940) steps (0.0005 hrs) 0.00:-7987.91 20406 (30) sec
[546] Max 9614 (408) steps (0.0001 hrs) 0.00:-7987.91 20434 (28) sec
[547] Max 9614 (417) steps (0.0001 hrs) 0.00:-7987.91 20462 (28) sec
[548] Max 9614 (782) steps (0.0002 hrs) 0.00:-7987.91 20491 (29) sec
[549] Max 9614 (775) steps (0.0002 hrs) 0.00:-7987.91 20519 (28) sec
[550] Max 9614 (403) steps (0.0001 hrs) 0.00:-7987.91 20547 (28) sec
[551] Max 9614 (1767) steps (0.0005 hrs) 0.00:-7987.91 20574 (27) sec
[552] Max 9614 (849) steps (0.0002 hrs) 0.00:-7987.91 20603 (29) sec
[553] Max 9614 (469) steps (0.0001 hrs) 0.00:-7987.91 20631 (28) sec
[554] Max 9614 (910) steps (0.0003 hrs) 0.00:-7987.91 20660 (29) sec
[555] Max 9614 (322) steps (0.0001 hrs) 0.00:-7987.91 20689 (29) sec
[556] Max 9614 (850) steps (0.0002 hrs) 0.00:-7987.91 20719 (30) sec
[557] Max 9614 (1383) steps (0.0004 hrs) 0.00:-7987.91 20749 (30) sec
[558] Max 9614 (1262) steps (0.0004 hrs) 0.00:-7987.91 20778 (29) sec
[559] Max 9614 (2595) steps (0.0007 hrs) 0.00:-7987.91 20841 (63) sec
[560] Max 9614 (2178) steps (0.0006 hrs) 0.00:-7987.91 20898 (57) sec
[561] Max 9614 (2102) steps (0.0006 hrs) 0.00:-7987.91 20956 (58) sec
[562] Max 9614 (2041) steps (0.0006 hrs) 0.00:-7987.91 21013 (57) sec
[563] Max 9614 (1785) steps (0.0005 hrs) 0.00:-7987.91 21071 (58) sec
[564] Max 9614 (920) steps (0.0003 hrs) 0.00:-7987.91 21100 (29) sec
[565] Max 9614 (2308) steps (0.0006 hrs) 0.00:-7987.91 21157 (57) sec
[566] Max 9614 (246) steps (0.0001 hrs) 0.00:-7987.91 21185 (28) sec
[567] Max 9614 (2160) steps (0.0006 hrs) 0.00:-7987.91 21244 (59) sec
[568] Max 9614 (352) steps (0.0001 hrs) 0.00:-7987.91 21272 (28) sec
[569] Max 9614 (1252) steps (0.0003 hrs) 0.00:-7987.91 21301 (29) sec
[570] Max 9614 (1380) steps (0.0004 hrs) 0.00:-7987.91 21330 (29) sec
[571] Max 9614 (235) steps (0.0001 hrs) 0.00:-7987.91 21358 (28) sec
[572] Max 9614 (593) steps (0.0002 hrs) 0.00:-7987.91 21387 (29) sec
[573] Max 9614 (297) steps (0.0001 hrs) 0.00:-7987.91 21415 (28) sec
[574] Max 9614 (1774) steps (0.0005 hrs) 0.00:-7987.91 21444 (29) sec
[575] Max 9614 (2113) steps (0.0006 hrs) 0.00:-7987.91 21502 (58) sec
[576] Max 9614 (752) steps (0.0002 hrs) 0.00:-7987.91 21531 (29) sec
[577] Max 9614 (2489) steps (0.0007 hrs) 0.00:-7987.91 21586 (55) sec
[578] Max 9614 (624) steps (0.0002 hrs) 0.00:-7987.91 21615 (29) sec
[579] Max 9614 (1958) steps (0.0005 hrs) 0.00:-7987.91 21673 (58) sec
[580] Max 9614 (799) steps (0.0002 hrs) 0.00:-7987.91 21701 (28) sec
[581] Max 9614 (689) steps (0.0002 hrs) 0.00:-7987.91 21729 (28) sec
[582] Max 9614 (380) steps (0.0001 hrs) 0.00:-7987.91 21757 (28) sec
[583] Max 9614 (2224) steps (0.0006 hrs) 0.00:-7987.91 21814 (57) sec
[584] Max 9614 (204) steps (0.0001 hrs) 0.00:-7987.91 21842 (28) sec
[585] Max 9614 (2231) steps (0.0006 hrs) 0.00:-7987.91 21894 (52) sec
[586] Max 9614 (1217) steps (0.0003 hrs) 0.00:-7987.91 21921 (27) sec
[587] Max 9614 (446) steps (0.0001 hrs) 0.00:-7987.91 21950 (29) sec
[588] Max 9614 (2271) steps (0.0006 hrs) 0.00:-7987.91 22007 (57) sec
[589] Max 9614 (1103) steps (0.0003 hrs) 0.00:-7987.91 22036 (29) sec
[590] Max 9614 (2160) steps (0.0006 hrs) 0.00:-7987.91 22092 (56) sec
[591] Max 9614 (2309) steps (0.0006 hrs) 0.00:-7987.91 22148 (56) sec
[592] Max 9614 (980) steps (0.0003 hrs) 0.00:-7987.91 22177 (29) sec
[593] Max 9614 (1826) steps (0.0005 hrs) 0.00:-7987.91 22226 (49) sec
[594] Max 9614 (610) steps (0.0002 hrs) 0.00:-7987.91 22254 (28) sec
[595] Max 9614 (4133) steps (0.0011 hrs) 0.00:-7987.91 22314 (60) sec
[596] Max 9614 (1111) steps (0.0003 hrs) 0.00:-7987.91 22343 (29) sec
[597] Max 9614 (1350) steps (0.0004 hrs) 0.00:-7987.91 22372 (29) sec
[598] Max 9614 (2218) steps (0.0006 hrs) 0.00:-7987.91 22402 (30) sec
[599] Max 9614 (2121) steps (0.0006 hrs) 0.00:-7987.91 22462 (60) sec
[600] Max 9614 (730) steps (0.0002 hrs) 0.00:-7987.91 22490 (28) sec
[601] Max 9614 (459) steps (0.0001 hrs) 0.00:-7987.91 22518 (28) sec
[602] Max 9614 (1094) steps (0.0003 hrs) 0.00:-7987.91 22546 (28) sec
[603] Max 9614 (377) steps (0.0001 hrs) 0.00:-7987.91 22574 (28) sec
[604] Max 9614 (2312) steps (0.0006 hrs) 0.00:-7987.91 22630 (56) sec
[605] Max 9614 (330) steps (0.0001 hrs) 0.00:-7987.91 22658 (28) sec
[606] Max 9614 (672) steps (0.0002 hrs) 0.00:-7987.91 22686 (28) sec
[607] Max 9614 (3149) steps (0.0009 hrs) 0.00:-7987.91 22745 (59) sec
[608] Max 9614 (1673) steps (0.0005 hrs) 0.00:-7987.91 22773 (28) sec
[609] Max 9614 (2373) steps (0.0007 hrs) 0.00:-7987.91 22831 (58) sec
[610] Max 9614 (1309) steps (0.0004 hrs) 0.00:-7987.91 22861 (30) sec
[611] Max 9614 (1898) steps (0.0005 hrs) 0.00:-7987.91 22893 (32) sec
[612] Max 9614 (1494) steps (0.0004 hrs) 0.00:-7987.91 22922 (29) sec
[613] Max 9614 (1064) steps (0.0003 hrs) 0.00:-7987.91 22951 (29) sec
[614] Max 9614 (2441) steps (0.0007 hrs) 0.00:-7987.91 23008 (57) sec
[615] Max 9614 (595) steps (0.0002 hrs) 0.00:-7987.91 23036 (28) sec
[616] Max 9614 (646) steps (0.0002 hrs) 0.00:-7987.91 23064 (28) sec
[617] Max 9614 (1677) steps (0.0005 hrs) 0.00:-7987.91 23094 (30) sec
[618] Max 9614 (415) steps (0.0001 hrs) 0.00:-7987.91 23122 (28) sec
[619] Max 9614 (1978) steps (0.0005 hrs) 0.00:-7987.91 23175 (53) sec
[620] Max 9614 (2703) steps (0.0008 hrs) 0.00:-7987.91 23226 (51) sec
[621] Max 9614 (211) steps (0.0001 hrs) 0.00:-7987.91 23254 (28) sec
[622] Max 9614 (2044) steps (0.0006 hrs) 0.00:-7987.91 23314 (60) sec
[623] Max 9614 (928) steps (0.0003 hrs) 0.00:-7987.91 23343 (29) sec
[624] Max 9614 (1740) steps (0.0005 hrs) 0.00:-7987.91 23372 (29) sec
[625] Max 9614 (2820) steps (0.0008 hrs) 0.00:-7987.91 23428 (56) sec
[626] Max 9614 (1624) steps (0.0005 hrs) 0.00:-7987.91 23457 (29) sec
[627] Max 9614 (1845) steps (0.0005 hrs) 0.00:-7987.91 23489 (32) sec
[628] Max 9614 (288) steps (0.0001 hrs) 0.00:-7987.91 23517 (28) sec
[629] Max 9614 (1165) steps (0.0003 hrs) 0.00:-7987.91 23545 (28) sec
[630] Max 9614 (1646) steps (0.0005 hrs) 0.00:-7987.91 23583 (38) sec
[631] Max 9614 (211) steps (0.0001 hrs) 0.00:-7987.91 23611 (28) sec
[632] Max 9614 (344) steps (0.0001 hrs) 0.00:-7987.91 23640 (29) sec
[633] Max 9614 (1964) steps (0.0005 hrs) 0.00:-7987.91 23684 (44) sec
[634] Max 9614 (632) steps (0.0002 hrs) 0.00:-7987.91 23712 (28) sec
[635] Max 9614 (2046) steps (0.0006 hrs) 0.00:-7987.91 23771 (59) sec
[636] Max 9614 (486) steps (0.0001 hrs) 0.00:-7987.91 23799 (28) sec
[637] Max 9614 (1778) steps (0.0005 hrs) 0.00:-7987.91 23852 (53) sec
[638] Max 9614 (498) steps (0.0001 hrs) 0.00:-7987.91 23881 (29) sec
[639] Max 9614 (1845) steps (0.0005 hrs) 0.00:-7987.91 23931 (50) sec
[640] Max 9614 (1679) steps (0.0005 hrs) 0.00:-7987.91 23960 (29) sec
[641] Max 9614 (481) steps (0.0001 hrs) 0.00:-7987.91 23989 (29) sec
[642] Max 9614 (2852) steps (0.0008 hrs) 0.00:-7987.91 24024 (35) sec
[643] Max 9614 (249) steps (0.0001 hrs) 0.00:-7987.91 24053 (29) sec
[644] Max 9614 (2100) steps (0.0006 hrs) 0.00:-7987.91 24086 (33) sec
[645] Max 9614 (2258) steps (0.0006 hrs) 0.00:-7987.91 24121 (35) sec
[646] Max 9614 (2475) steps (0.0007 hrs) 0.00:-7987.91 24179 (58) sec
[647] Max 9614 (2313) steps (0.0006 hrs) 0.00:-7987.91 24236 (57) sec
[648] Max 9614 (3231) steps (0.0009 hrs) 0.00:-7987.91 24264 (28) sec
[649] Max 9614 (902) steps (0.0003 hrs) 0.00:-7987.91 24292 (28) sec
[650] Max 9614 (231) steps (0.0001 hrs) 0.00:-7987.91 24322 (30) sec
[651] Max 9614 (2031) steps (0.0006 hrs) 0.00:-7987.91 24356 (34) sec
[652] Max 9614 (1889) steps (0.0005 hrs) 0.00:-7987.91 24402 (46) sec
[653] Max 9614 (391) steps (0.0001 hrs) 0.00:-7987.91 24430 (28) sec
[654] Max 9614 (1034) steps (0.0003 hrs) 0.00:-7987.91 24458 (28) sec
[655] Max 9614 (564) steps (0.0002 hrs) 0.00:-7987.91 24487 (29) sec
[656] Max 9614 (354) steps (0.0001 hrs) 0.00:-7987.91 24515 (28) sec
[657] Max 9614 (635) steps (0.0002 hrs) 0.00:-7987.91 24543 (28) sec
[658] Max 9614 (1207) steps (0.0003 hrs) 0.00:-7987.91 24571 (28) sec
[659] Max 9614 (1394) steps (0.0004 hrs) 0.00:-7987.91 24601 (30) sec
[660] Max 9614 (557) steps (0.0002 hrs) 0.00:-7987.91 24629 (28) sec
[661] Max 9614 (2318) steps (0.0006 hrs) 0.00:-7987.91 24677 (48) sec
[662] Max 9614 (1571) steps (0.0004 hrs) 0.00:-7987.91 24708 (31) sec
[663] Max 9614 (240) steps (0.0001 hrs) 0.00:-7987.91 24736 (28) sec
[664] Max 9614 (923) steps (0.0003 hrs) 0.00:-7987.91 24765 (29) sec
[665] Max 9614 (294) steps (0.0001 hrs) 0.00:-7987.91 24793 (28) sec
[666] Max 9614 (2258) steps (0.0006 hrs) 0.00:-7987.91 24848 (55) sec
[667] Max 9614 (203) steps (0.0001 hrs) 0.00:-7987.91 24876 (28) sec
[668] Max 9614 (444) steps (0.0001 hrs) 0.00:-7987.91 24904 (28) sec
[669] Max 9614 (2175) steps (0.0006 hrs) 0.00:-7987.91 24940 (36) sec
[670] Max 9614 (2412) steps (0.0007 hrs) 0.00:-7987.91 24997 (57) sec
[671] Max 9614 (205) steps (0.0001 hrs) 0.00:-7987.91 25025 (28) sec
[672] Max 9614 (3437) steps (0.0010 hrs) 0.00:-7987.91 25056 (31) sec
[673] Max 9614 (2119) steps (0.0006 hrs) 0.00:-7987.91 25085 (29) sec
[674] Max 9614 (2286) steps (0.0006 hrs) 0.00:-7987.91 25142 (57) sec
[675] Max 9614 (2262) steps (0.0006 hrs) 0.00:-7987.91 25200 (58) sec
[676] Max 9614 (1844) steps (0.0005 hrs) 0.00:-7987.91 25248 (48) sec
[677] Max 9614 (1895) steps (0.0005 hrs) 0.00:-7987.91 25289 (41) sec
[678] Max 9614 (337) steps (0.0001 hrs) 0.00:-7987.91 25317 (28) sec
[679] Max 9614 (2028) steps (0.0006 hrs) 0.00:-7987.91 25362 (45) sec
[680] Max 9614 (318) steps (0.0001 hrs) 0.00:-7987.91 25390 (28) sec
[681] Max 9614 (427) steps (0.0001 hrs) 0.00:-7987.91 25418 (28) sec
[682] Max 9614 (2619) steps (0.0007 hrs) 0.00:-7987.91 25477 (59) sec
[683] Max 9614 (2040) steps (0.0006 hrs) 0.00:-7987.91 25529 (52) sec
[684] Max 9614 (1161) steps (0.0003 hrs) 0.00:-7987.91 25558 (29) sec
[685] Max 9614 (2346) steps (0.0007 hrs) 0.00:-7987.91 25590 (32) sec
[686] Max 9614 (1431) steps (0.0004 hrs) 0.00:-7987.91 25623 (33) sec
[687] Max 9614 (2468) steps (0.0007 hrs) 0.00:-7987.91 25678 (55) sec
[688] Max 9614 (2176) steps (0.0006 hrs) 0.00:-7987.91 25731 (53) sec
[689] Max 9614 (1591) steps (0.0004 hrs) 0.00:-7987.91 25762 (31) sec
[690] Max 9614 (2588) steps (0.0007 hrs) 0.00:-7987.91 25819 (57) sec
[691] Max 9614 (2104) steps (0.0006 hrs) 0.00:-7987.91 25874 (55) sec
[692] Max 9614 (2217) steps (0.0006 hrs) 0.00:-7987.91 25926 (52) sec
[693] Max 9614 (2005) steps (0.0006 hrs) 0.00:-7987.91 25984 (58) sec
[694] Max 9614 (2323) steps (0.0006 hrs) 0.00:-7987.91 26043 (59) sec
[695] Max 9614 (576) steps (0.0002 hrs) 0.00:-7987.91 26071 (28) sec
[696] Max 9614 (511) steps (0.0001 hrs) 0.00:-7987.91 26099 (28) sec
[697] Max 9614 (1842) steps (0.0005 hrs) 0.00:-7987.91 26156 (57) sec
[698] Max 9614 (1282) steps (0.0004 hrs) 0.00:-7987.91 26185 (29) sec
[699] Max 9614 (460) steps (0.0001 hrs) 0.00:-7987.91 26213 (28) sec
[700] Max 9614 (2373) steps (0.0007 hrs) 0.00:-7987.91 26270 (57) sec
[701] Max 9614 (267) steps (0.0001 hrs) 0.00:-7987.91 26298 (28) sec
[702] Max 9614 (2134) steps (0.0006 hrs) 0.00:-7987.91 26354 (56) sec
[703] Max 9614 (517) steps (0.0001 hrs) 0.00:-7987.91 26382 (28) sec
[704] Max 9614 (1703) steps (0.0005 hrs) 0.00:-7987.91 26417 (35) sec
[705] Max 9614 (1105) steps (0.0003 hrs) 0.00:-7987.91 26445 (28) sec
[706] Max 9614 (2042) steps (0.0006 hrs) 0.00:-7987.91 26499 (54) sec
[707] Max 9614 (1982) steps (0.0006 hrs) 0.00:-7987.91 26557 (58) sec
[708] Max 9614 (792) steps (0.0002 hrs) 0.00:-7987.91 26586 (29) sec
[709] Max 9614 (1522) steps (0.0004 hrs) 0.00:-7987.91 26615 (29) sec
[710] Max 9614 (2338) steps (0.0006 hrs) 0.00:-7987.91 26663 (48) sec
[711] Max 9614 (2183) steps (0.0006 hrs) 0.00:-7987.91 26719 (56) sec
[712] Max 9614 (2234) steps (0.0006 hrs) 0.00:-7987.91 26777 (58) sec
[713] Max 9614 (1620) steps (0.0005 hrs) 0.00:-7987.91 26807 (30) sec
[714] Max 9614 (2298) steps (0.0006 hrs) 0.00:-7987.91 26861 (54) sec
[715] Max 9614 (2654) steps (0.0007 hrs) 0.00:-7987.91 26920 (59) sec
[716] Max 9614 (550) steps (0.0002 hrs) 0.00:-7987.91 26948 (28) sec
[717] Max 9614 (209) steps (0.0001 hrs) 0.00:-7987.91 26977 (29) sec
[718] Max 9614 (250) steps (0.0001 hrs) 0.00:-7987.91 27005 (28) sec
[719] Max 9614 (363) steps (0.0001 hrs) 0.00:-7987.91 27033 (28) sec
[720] Max 9614 (1268) steps (0.0004 hrs) 0.00:-7987.91 27062 (29) sec
[721] Max 9614 (2145) steps (0.0006 hrs) 0.00:-7987.91 27119 (57) sec
[722] Max 9614 (1935) steps (0.0005 hrs) 0.00:-7987.91 27176 (57) sec
[723] Max 9614 (1785) steps (0.0005 hrs) 0.00:-7987.91 27233 (57) sec
[724] Max 9614 (241) steps (0.0001 hrs) 0.00:-7987.91 27261 (28) sec
[725] Max 9614 (348) steps (0.0001 hrs) 0.00:-7987.91 27290 (29) sec
[726] Max 9614 (1168) steps (0.0003 hrs) 0.00:-7987.91 27319 (29) sec
[727] Max 9614 (1387) steps (0.0004 hrs) 0.00:-7987.91 27348 (29) sec
[728] Max 9614 (204) steps (0.0001 hrs) 0.00:-7987.91 27376 (28) sec
[729] Max 9614 (646) steps (0.0002 hrs) 0.00:-7987.91 27404 (28) sec
[730] Max 9614 (2392) steps (0.0007 hrs) 0.00:-7987.91 27461 (57) sec
[731] Max 9614 (1165) steps (0.0003 hrs) 0.00:-7987.91 27491 (30) sec
[732] Max 9614 (1820) steps (0.0005 hrs) 0.00:-7987.91 27548 (57) sec
[733] Max 9614 (1458) steps (0.0004 hrs) 0.00:-7987.91 27577 (29) sec
[734] Max 9614 (1805) steps (0.0005 hrs) 0.00:-7987.91 27623 (46) sec
[735] Max 9614 (550) steps (0.0002 hrs) 0.00:-7987.91 27652 (29) sec
[736] Max 9614 (1297) steps (0.0004 hrs) 0.00:-7987.91 27680 (28) sec
[737] Max 9614 (2456) steps (0.0007 hrs) 0.00:-7987.91 27713 (33) sec
[738] Max 9614 (442) steps (0.0001 hrs) 0.00:-7987.91 27741 (28) sec
[739] Max 9614 (2147) steps (0.0006 hrs) 0.00:-7987.91 27792 (51) sec
[740] Max 9614 (209) steps (0.0001 hrs) 0.00:-7987.91 27819 (27) sec
[741] Max 9614 (1595) steps (0.0004 hrs) 0.00:-7987.91 27850 (31) sec
[742] Max 9614 (695) steps (0.0002 hrs) 0.00:-7987.91 27879 (29) sec
[743] Max 9614 (417) steps (0.0001 hrs) 0.00:-7987.91 27910 (31) sec
[744] Max 9614 (295) steps (0.0001 hrs) 0.00:-7987.91 27938 (28) sec
[745] Max 9614 (1078) steps (0.0003 hrs) 0.00:-7987.91 27967 (29) sec
[746] Max 9614 (2268) steps (0.0006 hrs) 0.00:-7987.91 28024 (57) sec
[747] Max 9614 (4871) steps (0.0014 hrs) 0.00:-7987.91 28073 (49) sec
[748] Max 9614 (1430) steps (0.0004 hrs) 0.00:-7987.91 28101 (28) sec
[749] Max 9614 (652) steps (0.0002 hrs) 0.00:-7987.91 28129 (28) sec
[750] Max 9614 (2667) steps (0.0007 hrs) 0.00:-7987.91 28187 (58) sec
[751] Max 9614 (1309) steps (0.0004 hrs) 0.00:-7987.91 28216 (29) sec
[752] Max 9614 (2160) steps (0.0006 hrs) 0.00:-7987.91 28268 (52) sec
[753] Max 9614 (1774) steps (0.0005 hrs) 0.00:-7987.91 28298 (30) sec
[754] Max 9614 (1090) steps (0.0003 hrs) 0.00:-7987.91 28327 (29) sec
[755] Max 9614 (541) steps (0.0002 hrs) 0.00:-7987.91 28356 (29) sec
[756] Max 9614 (2530) steps (0.0007 hrs) 0.00:-7987.91 28413 (57) sec
[757] Max 9614 (2788) steps (0.0008 hrs) 0.00:-7987.91 28469 (56) sec
[758] Max 9614 (1620) steps (0.0005 hrs) 0.00:-7987.91 28498 (29) sec
[759] Max 9614 (369) steps (0.0001 hrs) 0.00:-7987.91 28525 (27) sec
[760] Max 9614 (1289) steps (0.0004 hrs) 0.00:-7987.91 28553 (28) sec
[761] Max 9614 (434) steps (0.0001 hrs) 0.00:-7987.91 28581 (28) sec
[762] Max 9614 (378) steps (0.0001 hrs) 0.00:-7987.91 28610 (29) sec
[763] Max 9614 (2193) steps (0.0006 hrs) 0.00:-7987.91 28666 (56) sec
[764] Max 9614 (533) steps (0.0001 hrs) 0.00:-7987.91 28694 (28) sec
[765] Max 9614 (1370) steps (0.0004 hrs) 0.00:-7987.91 28723 (29) sec
[766] Max 9614 (3143) steps (0.0009 hrs) 0.00:-7987.91 28780 (57) sec
[767] Max 9614 (805) steps (0.0002 hrs) 0.00:-7987.91 28809 (29) sec
[768] Max 9614 (1377) steps (0.0004 hrs) 0.00:-7987.91 28839 (30) sec
[769] Max 9614 (483) steps (0.0001 hrs) 0.00:-7987.91 28869 (30) sec
[770] Max 9614 (618) steps (0.0002 hrs) 0.00:-7987.91 28897 (28) sec
[771] Max 9614 (694) steps (0.0002 hrs) 0.00:-7987.91 28925 (28) sec
[772] Max 9614 (403) steps (0.0001 hrs) 0.00:-7987.91 28953 (28) sec
[773] Max 9614 (767) steps (0.0002 hrs) 0.00:-7987.91 28981 (28) sec
[774] Max 9614 (3959) steps (0.0011 hrs) 0.00:-7987.91 29010 (29) sec
[775] Max 9614 (303) steps (0.0001 hrs) 0.00:-7987.91 29038 (28) sec
[776] Max 9614 (1350) steps (0.0004 hrs) 0.00:-7987.91 29068 (30) sec
[777] Max 9614 (2446) steps (0.0007 hrs) 0.00:-7987.91 29104 (36) sec
[778] Max 9614 (2669) steps (0.0007 hrs) 0.00:-7987.91 29159 (55) sec
[779] Max 9614 (2142) steps (0.0006 hrs) 0.00:-7987.91 29208 (49) sec
[780] Max 9614 (2078) steps (0.0006 hrs) 0.00:-7987.91 29242 (34) sec
[781] Max 9614 (1747) steps (0.0005 hrs) 0.00:-7987.91 29284 (42) sec
[782] Max 9614 (1461) steps (0.0004 hrs) 0.00:-7987.91 29317 (33) sec
[783] Max 9614 (3082) steps (0.0009 hrs) 0.00:-7987.91 29373 (56) sec
[784] Max 9614 (1719) steps (0.0005 hrs) 0.00:-7987.91 29418 (45) sec
[785] Max 9614 (2559) steps (0.0007 hrs) 0.00:-7987.91 29480 (62) sec
[786] Max 9614 (1139) steps (0.0003 hrs) 0.00:-7987.91 29509 (29) sec
[787] Max 9614 (1946) steps (0.0005 hrs) 0.00:-7987.91 29540 (31) sec
[788] Max 9614 (406) steps (0.0001 hrs) 0.00:-7987.91 29568 (28) sec
[789] Max 9614 (2198) steps (0.0006 hrs) 0.00:-7987.91 29601 (33) sec
[790] Max 9614 (1006) steps (0.0003 hrs) 0.00:-7987.91 29631 (30) sec
[791] Max 9614 (2206) steps (0.0006 hrs) 0.00:-7987.91 29688 (57) sec
[792] Max 9614 (910) steps (0.0003 hrs) 0.00:-7987.91 29716 (28) sec
[793] Max 9614 (1490) steps (0.0004 hrs) 0.00:-7987.91 29745 (29) sec
[794] Max 9614 (278) steps (0.0001 hrs) 0.00:-7987.91 29774 (29) sec
[795] Max 9614 (2052) steps (0.0006 hrs) 0.00:-7987.91 29831 (57) sec
[796] Max 9614 (3123) steps (0.0009 hrs) 0.00:-7987.91 29890 (59) sec
[797] Max 9614 (2215) steps (0.0006 hrs) 0.00:-7987.91 29950 (60) sec
[798] Max 9614 (1080) steps (0.0003 hrs) 0.00:-7987.91 29978 (28) sec
[799] Max 9614 (2354) steps (0.0007 hrs) 0.00:-7987.91 30036 (58) sec
[800] Max 9614 (1317) steps (0.0004 hrs) 0.00:-7987.91 30064 (28) sec
[801] Max 9614 (2102) steps (0.0006 hrs) 0.00:-7987.91 30098 (34) sec
[802] Max 9614 (1428) steps (0.0004 hrs) 0.00:-7987.91 30126 (28) sec
[803] Max 9614 (1470) steps (0.0004 hrs) 0.00:-7987.91 30161 (35) sec
[804] Max 9614 (210) steps (0.0001 hrs) 0.00:-7987.91 30190 (29) sec
[805] Max 9614 (423) steps (0.0001 hrs) 0.00:-7987.91 30218 (28) sec
[806] Max 9614 (2820) steps (0.0008 hrs) 0.00:-7987.91 30276 (58) sec
[807] Max 9614 (421) steps (0.0001 hrs) 0.00:-7987.91 30305 (29) sec
[808] Max 9614 (744) steps (0.0002 hrs) 0.00:-7987.91 30333 (28) sec
[809] Max 9614 (2511) steps (0.0007 hrs) 0.00:-7987.91 30376 (43) sec
[810] Max 9614 (784) steps (0.0002 hrs) 0.00:-7987.91 30404 (28) sec
[811] Max 9614 (3651) steps (0.0010 hrs) 0.00:-7987.91 30435 (31) sec
[812] Max 9614 (919) steps (0.0003 hrs) 0.00:-7987.91 30463 (28) sec
[813] Max 9614 (2396) steps (0.0007 hrs) 0.00:-7987.91 30521 (58) sec
[814] Max 9614 (1060) steps (0.0003 hrs) 0.00:-7987.91 30550 (29) sec
[815] Max 9614 (2184) steps (0.0006 hrs) 0.00:-7987.91 30606 (56) sec
[816] Max 9614 (936) steps (0.0003 hrs) 0.00:-7987.91 30635 (29) sec
[817] Max 9614 (308) steps (0.0001 hrs) 0.00:-7987.91 30664 (29) sec
[818] Max 9614 (476) steps (0.0001 hrs) 0.00:-7987.91 30692 (28) sec
[819] Max 9614 (1961) steps (0.0005 hrs) 0.00:-7987.91 30725 (33) sec
[820] Max 9614 (2374) steps (0.0007 hrs) 0.00:-7987.91 30776 (51) sec
[821] Max 9614 (1198) steps (0.0003 hrs) 0.00:-7987.91 30805 (29) sec
[822] Max 9614 (1995) steps (0.0006 hrs) 0.00:-7987.91 30848 (43) sec
[823] Max 9614 (1706) steps (0.0005 hrs) 0.00:-7987.91 30879 (31) sec
[824] Max 9614 (1962) steps (0.0005 hrs) 0.00:-7987.91 30917 (38) sec
[825] Max 9614 (1890) steps (0.0005 hrs) 0.00:-7987.91 30974 (57) sec
[826] Max 9614 (689) steps (0.0002 hrs) 0.00:-7987.91 31002 (28) sec
[827] Max 9614 (2274) steps (0.0006 hrs) 0.00:-7987.91 31060 (58) sec
[828] Max 9614 (1348) steps (0.0004 hrs) 0.00:-7987.91 31089 (29) sec
[829] Max 9614 (1688) steps (0.0005 hrs) 0.00:-7987.91 31117 (28) sec
[830] Max 9614 (1228) steps (0.0003 hrs) 0.00:-7987.91 31146 (29) sec
[831] Max 9614 (331) steps (0.0001 hrs) 0.00:-7987.91 31174 (28) sec
[832] Max 9614 (1355) steps (0.0004 hrs) 0.00:-7987.91 31203 (29) sec
[833] Max 9614 (1650) steps (0.0005 hrs) 0.00:-7987.91 31232 (29) sec
[834] Max 9614 (1914) steps (0.0005 hrs) 0.00:-7987.91 31263 (31) sec
[835] Max 9614 (1714) steps (0.0005 hrs) 0.00:-7987.91 31302 (39) sec
[836] Max 9614 (2004) steps (0.0006 hrs) 0.00:-7987.91 31360 (58) sec
[837] Max 9614 (1456) steps (0.0004 hrs) 0.00:-7987.91 31390 (30) sec
[838] Max 9614 (270) steps (0.0001 hrs) 0.00:-7987.91 31418 (28) sec
[839] Max 9614 (1935) steps (0.0005 hrs) 0.00:-7987.91 31474 (56) sec
[840] Max 9614 (256) steps (0.0001 hrs) 0.00:-7987.91 31502 (28) sec
[841] Max 9614 (672) steps (0.0002 hrs) 0.00:-7987.91 31532 (30) sec
[842] Max 9614 (2527) steps (0.0007 hrs) 0.00:-7987.91 31588 (56) sec
[843] Max 9614 (2401) steps (0.0007 hrs) 0.00:-7987.91 31644 (56) sec
[844] Max 9614 (2153) steps (0.0006 hrs) 0.00:-7987.91 31699 (55) sec
[845] Max 9614 (2481) steps (0.0007 hrs) 0.00:-7987.91 31753 (54) sec
[846] Max 9614 (1024) steps (0.0003 hrs) 0.00:-7987.91 31781 (28) sec
[847] Max 9614 (687) steps (0.0002 hrs) 0.00:-7987.91 31810 (29) sec
[848] Max 9614 (501) steps (0.0001 hrs) 0.00:-7987.91 31838 (28) sec
[849] Max 9614 (830) steps (0.0002 hrs) 0.00:-7987.91 31866 (28) sec
[850] Max 9614 (707) steps (0.0002 hrs) 0.00:-7987.91 31894 (28) sec
[851] Max 9614 (761) steps (0.0002 hrs) 0.00:-7987.91 31922 (28) sec
[852] Max 9614 (520) steps (0.0001 hrs) 0.00:-7987.91 31951 (29) sec
[853] Max 9614 (2182) steps (0.0006 hrs) 0.00:-7987.91 32007 (56) sec
[854] Max 9614 (2324) steps (0.0006 hrs) 0.00:-7987.91 32064 (57) sec
[855] Max 9614 (1345) steps (0.0004 hrs) 0.00:-7987.91 32093 (29) sec
[856] Max 9614 (1013) steps (0.0003 hrs) 0.00:-7987.91 32122 (29) sec
[857] Max 9614 (1866) steps (0.0005 hrs) 0.00:-7987.91 32168 (46) sec
[858] Max 9614 (1679) steps (0.0005 hrs) 0.00:-7987.91 32200 (32) sec
[859] Max 9614 (1015) steps (0.0003 hrs) 0.00:-7987.91 32229 (29) sec
[860] Max 9614 (2182) steps (0.0006 hrs) 0.00:-7987.91 32284 (55) sec
[861] Max 9614 (1270) steps (0.0004 hrs) 0.00:-7987.91 32312 (28) sec
[862] Max 9614 (1821) steps (0.0005 hrs) 0.00:-7987.91 32344 (32) sec
[863] Max 9614 (1532) steps (0.0004 hrs) 0.00:-7987.91 32372 (28) sec
[864] Max 9614 (1415) steps (0.0004 hrs) 0.00:-7987.91 32401 (29) sec
[865] Max 9614 (220) steps (0.0001 hrs) 0.00:-7987.91 32429 (28) sec
[866] Max 9614 (1930) steps (0.0005 hrs) 0.00:-7987.91 32469 (40) sec
[867] Max 9614 (496) steps (0.0001 hrs) 0.00:-7987.91 32498 (29) sec
[868] Max 9614 (935) steps (0.0003 hrs) 0.00:-7987.91 32526 (28) sec
[869] Max 9614 (2097) steps (0.0006 hrs) 0.00:-7987.91 32581 (55) sec
[870] Max 9614 (2458) steps (0.0007 hrs) 0.00:-7987.91 32639 (58) sec
[871] Max 9614 (2238) steps (0.0006 hrs) 0.00:-7987.91 32681 (42) sec
[872] Max 9614 (2751) steps (0.0008 hrs) 0.00:-7987.91 32738 (57) sec
[873] Max 9614 (3072) steps (0.0009 hrs) 0.00:-7987.91 32792 (54) sec
[874] Max 9614 (786) steps (0.0002 hrs) 0.00:-7987.91 32820 (28) sec
[875] Max 9614 (2624) steps (0.0007 hrs) 0.00:-7987.91 32878 (58) sec
[876] Max 9614 (2001) steps (0.0006 hrs) 0.00:-7987.91 32920 (42) sec
[877] Max 9614 (423) steps (0.0001 hrs) 0.00:-7987.91 32949 (29) sec
[878] Max 9614 (2232) steps (0.0006 hrs) 0.00:-7987.91 32991 (42) sec
[879] Max 9614 (2647) steps (0.0007 hrs) 0.00:-7987.91 33047 (56) sec
[880] Max 9614 (207) steps (0.0001 hrs) 0.00:-7987.91 33076 (29) sec
[881] Max 9614 (533) steps (0.0001 hrs) 0.00:-7987.91 33103 (27) sec
[882] Max 9614 (356) steps (0.0001 hrs) 0.00:-7987.91 33131 (28) sec
[883] Max 9614 (1273) steps (0.0004 hrs) 0.00:-7987.91 33160 (29) sec
[884] Max 9614 (2451) steps (0.0007 hrs) 0.00:-7987.91 33220 (60) sec
[885] Max 9614 (2793) steps (0.0008 hrs) 0.00:-7987.91 33271 (51) sec
[886] Max 9614 (1684) steps (0.0005 hrs) 0.00:-7987.91 33304 (33) sec
[887] Max 9614 (1579) steps (0.0004 hrs) 0.00:-7987.91 33334 (30) sec
[888] Max 9614 (1984) steps (0.0006 hrs) 0.00:-7987.91 33389 (55) sec
[889] Max 9614 (2779) steps (0.0008 hrs) 0.00:-7987.91 33420 (31) sec
[890] Max 9614 (1937) steps (0.0005 hrs) 0.00:-7987.91 33477 (57) sec
[891] Max 9614 (424) steps (0.0001 hrs) 0.00:-7987.91 33506 (29) sec
[892] Max 9614 (2560) steps (0.0007 hrs) 0.00:-7987.91 33561 (55) sec
[893] Max 9614 (930) steps (0.0003 hrs) 0.00:-7987.91 33590 (29) sec
[894] Max 9614 (2197) steps (0.0006 hrs) 0.00:-7987.91 33647 (57) sec
[895] Max 9614 (1777) steps (0.0005 hrs) 0.00:-7987.91 33703 (56) sec
[896] Max 9614 (286) steps (0.0001 hrs) 0.00:-7987.91 33732 (29) sec
[897] Max 9614 (1059) steps (0.0003 hrs) 0.00:-7987.91 33759 (27) sec
[898] Max 9614 (2204) steps (0.0006 hrs) 0.00:-7987.91 33804 (45) sec
[899] Max 9614 (2329) steps (0.0006 hrs) 0.00:-7987.91 33856 (52) sec
[900] Max 9614 (698) steps (0.0002 hrs) 0.00:-7987.91 33884 (28) sec
[901] Max 9614 (2505) steps (0.0007 hrs) 0.00:-7987.91 33934 (50) sec
[902] Max 9614 (848) steps (0.0002 hrs) 0.00:-7987.91 33962 (28) sec
[903] Max 9614 (2465) steps (0.0007 hrs) 0.00:-7987.91 34012 (50) sec
[904] Max 9614 (838) steps (0.0002 hrs) 0.00:-7987.91 34041 (29) sec
[905] Max 9614 (1622) steps (0.0005 hrs) 0.00:-7987.91 34069 (28) sec
[906] Max 9614 (233) steps (0.0001 hrs) 0.00:-7987.91 34097 (28) sec
[907] Max 9614 (465) steps (0.0001 hrs) 0.00:-7987.91 34125 (28) sec
[908] Max 9614 (545) steps (0.0002 hrs) 0.00:-7987.91 34154 (29) sec
[909] Max 9614 (2010) steps (0.0006 hrs) 0.00:-7987.91 34184 (30) sec
[910] Max 9614 (2906) steps (0.0008 hrs) 0.00:-7987.91 34240 (56) sec
[911] Max 9614 (246) steps (0.0001 hrs) 0.00:-7987.91 34268 (28) sec
[912] Max 9614 (205) steps (0.0001 hrs) 0.00:-7987.91 34296 (28) sec
[913] Max 9614 (2113) steps (0.0006 hrs) 0.00:-7987.91 34353 (57) sec
[914] Max 9614 (890) steps (0.0002 hrs) 0.00:-7987.91 34381 (28) sec
[915] Max 9614 (2373) steps (0.0007 hrs) 0.00:-7987.91 34438 (57) sec
[916] Max 9614 (881) steps (0.0002 hrs) 0.00:-7987.91 34467 (29) sec
[917] Max 9614 (2577) steps (0.0007 hrs) 0.00:-7987.91 34523 (56) sec
[918] Max 9614 (1233) steps (0.0003 hrs) 0.00:-7987.91 34553 (30) sec
[919] Max 9614 (2060) steps (0.0006 hrs) 0.00:-7987.91 34582 (29) sec
[920] Max 9614 (220) steps (0.0001 hrs) 0.00:-7987.91 34610 (28) sec
[921] Max 9614 (1794) steps (0.0005 hrs) 0.00:-7987.91 34646 (36) sec
[922] Max 9614 (369) steps (0.0001 hrs) 0.00:-7987.91 34674 (28) sec
[923] Max 9614 (2440) steps (0.0007 hrs) 0.00:-7987.91 34730 (56) sec
[924] Max 9614 (2018) steps (0.0006 hrs) 0.00:-7987.91 34760 (30) sec
[925] Max 9614 (1709) steps (0.0005 hrs) 0.00:-7987.91 34789 (29) sec
[926] Max 9614 (488) steps (0.0001 hrs) 0.00:-7987.91 34818 (29) sec
[927] Max 9614 (437) steps (0.0001 hrs) 0.00:-7987.91 34846 (28) sec
[928] Max 9614 (272) steps (0.0001 hrs) 0.00:-7987.91 34875 (29) sec
[929] Max 9614 (4745) steps (0.0013 hrs) 0.00:-7987.91 34904 (29) sec
[930] Max 9614 (2041) steps (0.0006 hrs) 0.00:-7987.91 34961 (57) sec
[931] Max 9614 (1284) steps (0.0004 hrs) 0.00:-7987.91 34991 (30) sec
[932] Max 9614 (915) steps (0.0003 hrs) 0.00:-7987.91 35020 (29) sec
[933] Max 9614 (2307) steps (0.0006 hrs) 0.00:-7987.91 35050 (30) sec
[934] Max 9614 (2082) steps (0.0006 hrs) 0.00:-7987.91 35105 (55) sec
[935] Max 9614 (411) steps (0.0001 hrs) 0.00:-7987.91 35136 (31) sec
[936] Max 9614 (1165) steps (0.0003 hrs) 0.00:-7987.91 35165 (29) sec
[937] Max 9614 (313) steps (0.0001 hrs) 0.00:-7987.91 35193 (28) sec
[938] Max 9614 (417) steps (0.0001 hrs) 0.00:-7987.91 35221 (28) sec
[939] Max 9614 (2409) steps (0.0007 hrs) 0.00:-7987.91 35266 (45) sec
[940] Max 9614 (2423) steps (0.0007 hrs) 0.00:-7987.91 35324 (58) sec
[941] Max 9614 (381) steps (0.0001 hrs) 0.00:-7987.91 35352 (28) sec
[942] Max 9614 (619) steps (0.0002 hrs) 0.00:-7987.91 35380 (28) sec
[943] Max 9614 (1054) steps (0.0003 hrs) 0.00:-7987.91 35408 (28) sec
[944] Max 9614 (2250) steps (0.0006 hrs) 0.00:-7987.91 35440 (32) sec
[945] Max 9614 (1680) steps (0.0005 hrs) 0.00:-7987.91 35469 (29) sec
[946] Max 9614 (1060) steps (0.0003 hrs) 0.00:-7987.91 35497 (28) sec
[947] Max 9614 (251) steps (0.0001 hrs) 0.00:-7987.91 35525 (28) sec
[948] Max 9614 (3347) steps (0.0009 hrs) 0.00:-7987.91 35582 (57) sec
[949] Max 9614 (311) steps (0.0001 hrs) 0.00:-7987.91 35611 (29) sec
[950] Max 9614 (482) steps (0.0001 hrs) 0.00:-7987.91 35639 (28) sec
[951] Max 9614 (1649) steps (0.0005 hrs) 0.00:-7987.91 35672 (33) sec
[952] Max 9614 (1508) steps (0.0004 hrs) 0.00:-7987.91 35701 (29) sec
[953] Max 9614 (620) steps (0.0002 hrs) 0.00:-7987.91 35729 (28) sec
[954] Max 9614 (475) steps (0.0001 hrs) 0.00:-7987.91 35757 (28) sec
[955] Max 9614 (1373) steps (0.0004 hrs) 0.00:-7987.91 35787 (30) sec
[956] Max 9614 (2262) steps (0.0006 hrs) 0.00:-7987.91 35816 (29) sec
[957] Max 9614 (2374) steps (0.0007 hrs) 0.00:-7987.91 35873 (57) sec
[958] Max 9614 (2050) steps (0.0006 hrs) 0.00:-7987.91 35928 (55) sec
[959] Max 9614 (3000) steps (0.0008 hrs) 0.00:-7987.91 35959 (31) sec
[960] Max 9614 (1586) steps (0.0004 hrs) 0.00:-7987.91 35990 (31) sec
[961] Max 9614 (2592) steps (0.0007 hrs) 0.00:-7987.91 36047 (57) sec
[962] Max 9614 (3007) steps (0.0008 hrs) 0.00:-7987.91 36102 (55) sec
[963] Max 9614 (1197) steps (0.0003 hrs) 0.00:-7987.91 36130 (28) sec
[964] Max 9614 (403) steps (0.0001 hrs) 0.00:-7987.91 36159 (29) sec
[965] Max 9614 (1244) steps (0.0003 hrs) 0.00:-7987.91 36191 (32) sec
[966] Max 9614 (1435) steps (0.0004 hrs) 0.00:-7987.91 36223 (32) sec
[967] Max 9614 (2158) steps (0.0006 hrs) 0.00:-7987.91 36268 (45) sec
[968] Max 9614 (2564) steps (0.0007 hrs) 0.00:-7987.91 36325 (57) sec
[969] Max 9614 (2789) steps (0.0008 hrs) 0.00:-7987.91 36378 (53) sec
[970] Max 9614 (2183) steps (0.0006 hrs) 0.00:-7987.91 36435 (57) sec
[971] Max 9614 (1120) steps (0.0003 hrs) 0.00:-7987.91 36463 (28) sec
[972] Max 9614 (1668) steps (0.0005 hrs) 0.00:-7987.91 36501 (38) sec
[973] Max 9614 (900) steps (0.0003 hrs) 0.00:-7987.91 36530 (29) sec
[974] Max 9614 (2316) steps (0.0006 hrs) 0.00:-7987.91 36586 (56) sec
[975] Max 9614 (2289) steps (0.0006 hrs) 0.00:-7987.91 36642 (56) sec
[976] Max 9614 (960) steps (0.0003 hrs) 0.00:-7987.91 36670 (28) sec
[977] Max 9614 (3215) steps (0.0009 hrs) 0.00:-7987.91 36727 (57) sec
[978] Max 9614 (203) steps (0.0001 hrs) 0.00:-7987.91 36756 (29) sec
[979] Max 9614 (888) steps (0.0002 hrs) 0.00:-7987.91 36783 (27) sec
[980] Max 9614 (1990) steps (0.0006 hrs) 0.00:-7987.91 36843 (60) sec
[981] Max 9614 (1155) steps (0.0003 hrs) 0.00:-7987.91 36872 (29) sec
[982] Max 9614 (2362) steps (0.0007 hrs) 0.00:-7987.91 36931 (59) sec
[983] Max 9614 (3429) steps (0.0010 hrs) 0.00:-7987.91 36988 (57) sec
[984] Max 9614 (4311) steps (0.0012 hrs) 0.00:-7987.91 37045 (57) sec
[985] Max 9614 (1843) steps (0.0005 hrs) 0.00:-7987.91 37095 (50) sec
[986] Max 9614 (455) steps (0.0001 hrs) 0.00:-7987.91 37125 (30) sec
[987] Max 9614 (2601) steps (0.0007 hrs) 0.00:-7987.91 37182 (57) sec
[988] Max 9614 (2262) steps (0.0006 hrs) 0.00:-7987.91 37240 (58) sec
[989] Max 9614 (1868) steps (0.0005 hrs) 0.00:-7987.91 37272 (32) sec
[990] Max 9614 (642) steps (0.0002 hrs) 0.00:-7987.91 37301 (29) sec
[991] Max 9614 (2041) steps (0.0006 hrs) 0.00:-7987.91 37358 (57) sec
[992] Max 9614 (2224) steps (0.0006 hrs) 0.00:-7987.91 37407 (49) sec
[993] Max 9614 (2439) steps (0.0007 hrs) 0.00:-7987.91 37445 (38) sec
[994] Max 9614 (1279) steps (0.0004 hrs) 0.00:-7987.91 37476 (31) sec
[995] Max 9614 (2067) steps (0.0006 hrs) 0.00:-7987.91 37533 (57) sec
[996] Max 9614 (2279) steps (0.0006 hrs) 0.00:-7987.91 37593 (60) sec
[997] Max 9614 (1386) steps (0.0004 hrs) 0.00:-7987.91 37622 (29) sec
[998] Max 9614 (412) steps (0.0001 hrs) 0.00:-7987.91 37651 (29) sec
[999] Max 9614 (771) steps (0.0002 hrs) 0.00:-7987.91 37680 (29) sec
[1000] Max 9614 (2061) steps (0.0006 hrs) 0.00:-7987.91 37737 (57) sec
Total Elapsed time: 37737 seconds
Wrote current data to latest.train
