balanced 0 test_flag 0
[1] Max 410 (410) steps (0.0001 hrs) 0.00:-8005.29 27 (27) sec
[2] Max 724 (724) steps (0.0002 hrs) 0.00:-8004.81 55 (28) sec
[3] Max 2789 (2789) steps (0.0008 hrs) 0.00:-8004.81 111 (56) sec
[4] Max 2789 (2109) steps (0.0006 hrs) 0.00:-8004.81 157 (46) sec
[5] Max 2789 (2172) steps (0.0006 hrs) 0.00:-8004.81 211 (54) sec
[6] Max 2789 (976) steps (0.0003 hrs) 0.00:-8004.81 239 (28) sec
[7] Max 2789 (2068) steps (0.0006 hrs) 0.00:-8004.81 272 (33) sec
[8] Max 2789 (259) steps (0.0001 hrs) 0.00:-8004.81 300 (28) sec
[9] Max 2789 (607) steps (0.0002 hrs) 0.00:-8004.81 328 (28) sec
[10] Max 2789 (1614) steps (0.0004 hrs) 0.00:-8004.81 364 (36) sec
[11] Max 2789 (2355) steps (0.0007 hrs) 0.00:-8004.81 421 (57) sec
[12] Max 2789 (1099) steps (0.0003 hrs) 0.00:-8004.81 449 (28) sec
[13] Max 2789 (1810) steps (0.0005 hrs) 0.00:-8004.81 482 (33) sec
[14] Max 2789 (2220) steps (0.0006 hrs) 0.00:-8004.81 539 (57) sec
[15] Max 2852 (2852) steps (0.0008 hrs) 0.00:-8004.81 596 (57) sec
[16] Max 2852 (2408) steps (0.0007 hrs) 0.00:-8004.81 649 (53) sec
[17] Max 2852 (1845) steps (0.0005 hrs) 0.00:-8004.81 704 (55) sec
[18] Max 2852 (914) steps (0.0003 hrs) 0.00:-8004.81 733 (29) sec
[19] Max 2852 (2440) steps (0.0007 hrs) 0.00:-8004.81 783 (50) sec
[20] Max 2852 (2645) steps (0.0007 hrs) 0.00:-8004.81 837 (54) sec
[21] Max 2852 (853) steps (0.0002 hrs) 0.00:-8004.81 864 (27) sec
[22] Max 2852 (2256) steps (0.0006 hrs) 0.00:-8004.81 917 (53) sec
[23] Max 2852 (2326) steps (0.0006 hrs) 0.00:-8004.81 974 (57) sec
[24] Max 2852 (1094) steps (0.0003 hrs) 0.00:-8004.81 1002 (28) sec
[25] Max 2852 (2033) steps (0.0006 hrs) 0.00:-8004.81 1060 (58) sec
[26] Max 2852 (1979) steps (0.0005 hrs) 0.00:-8004.81 1116 (56) sec
[27] Max 2852 (1008) steps (0.0003 hrs) 0.00:-8004.81 1143 (27) sec
[28] Max 2852 (806) steps (0.0002 hrs) 0.00:-8004.81 1172 (29) sec
[29] Max 2852 (2336) steps (0.0006 hrs) 0.00:-8004.81 1223 (51) sec
[30] Max 2852 (889) steps (0.0002 hrs) 0.00:-8004.81 1251 (28) sec
[31] Max 2852 (1752) steps (0.0005 hrs) 0.00:-8004.81 1278 (27) sec
[32] Max 2852 (2202) steps (0.0006 hrs) 0.00:-8004.81 1334 (56) sec
[33] Max 2852 (2013) steps (0.0006 hrs) 0.00:-8004.81 1391 (57) sec
[34] Max 2852 (2499) steps (0.0007 hrs) 0.00:-8004.81 1442 (51) sec
[35] Max 2852 (2073) steps (0.0006 hrs) 0.00:-8004.81 1499 (57) sec
[36] Max 2852 (2098) steps (0.0006 hrs) 0.00:-8004.81 1555 (56) sec
[37] Max 2852 (559) steps (0.0002 hrs) 0.00:-8004.81 1583 (28) sec
[38] Max 2852 (1886) steps (0.0005 hrs) 0.00:-8004.81 1639 (56) sec
[39] Max 2852 (2195) steps (0.0006 hrs) 0.00:-8004.81 1696 (57) sec
[40] Max 2852 (1209) steps (0.0003 hrs) 0.00:-8004.81 1725 (29) sec
[41] Max 2852 (1616) steps (0.0004 hrs) 0.00:-8004.81 1753 (28) sec
[42] Max 2852 (1704) steps (0.0005 hrs) 0.00:-8004.81 1781 (28) sec
[43] Max 2852 (859) steps (0.0002 hrs) 0.00:-8004.81 1809 (28) sec
[44] Max 2852 (362) steps (0.0001 hrs) 0.00:-8004.81 1837 (28) sec
[45] Max 2852 (615) steps (0.0002 hrs) 0.00:-8004.81 1865 (28) sec
[46] Max 3115 (3115) steps (0.0009 hrs) 0.00:-8004.81 1921 (56) sec
[47] Max 3115 (2010) steps (0.0006 hrs) 0.00:-8004.81 1956 (35) sec
[48] Max 3115 (1335) steps (0.0004 hrs) 0.00:-8004.81 1985 (29) sec
[49] Max 3115 (898) steps (0.0002 hrs) 0.00:-8004.81 2013 (28) sec
[50] Max 3115 (2235) steps (0.0006 hrs) 0.00:-8004.81 2068 (55) sec
[51] Max 3115 (2087) steps (0.0006 hrs) 0.00:-8004.81 2125 (57) sec
[52] Max 3115 (2575) steps (0.0007 hrs) 0.00:-8004.81 2180 (55) sec
[53] Max 3115 (2246) steps (0.0006 hrs) 0.00:-8004.81 2228 (48) sec
[54] Max 3115 (1333) steps (0.0004 hrs) 0.00:-8004.81 2256 (28) sec
[55] Max 3115 (2134) steps (0.0006 hrs) 0.00:-8004.81 2310 (54) sec
[56] Max 3115 (2077) steps (0.0006 hrs) 0.00:-8004.81 2367 (57) sec
[57] Max 3115 (720) steps (0.0002 hrs) 0.00:-8004.81 2394 (27) sec
[58] Max 3115 (2205) steps (0.0006 hrs) 0.00:-8004.81 2452 (58) sec
[59] Max 3115 (347) steps (0.0001 hrs) 0.00:-8004.81 2480 (28) sec
[60] Max 3115 (2385) steps (0.0007 hrs) 0.00:-8004.81 2535 (55) sec
[61] Max 3318 (3318) steps (0.0009 hrs) 0.00:-8004.81 2587 (52) sec
[62] Max 3318 (744) steps (0.0002 hrs) 0.00:-8004.81 2616 (29) sec
[63] Max 3318 (2205) steps (0.0006 hrs) 0.00:-8004.81 2674 (58) sec
[64] Max 3318 (218) steps (0.0001 hrs) 0.00:-8004.81 2702 (28) sec
[65] Max 3318 (2058) steps (0.0006 hrs) 0.00:-8004.81 2761 (59) sec
[66] Max 3318 (2190) steps (0.0006 hrs) 0.00:-8004.81 2814 (53) sec
[67] Max 3318 (686) steps (0.0002 hrs) 0.00:-8004.81 2842 (28) sec
[68] Max 3318 (2129) steps (0.0006 hrs) 0.00:-8004.81 2898 (56) sec
[69] Max 3318 (2140) steps (0.0006 hrs) 0.00:-8004.81 2955 (57) sec
[70] Max 3318 (2287) steps (0.0006 hrs) 0.00:-8004.81 3010 (55) sec
[71] Max 3318 (2228) steps (0.0006 hrs) 0.00:-8004.81 3065 (55) sec
[72] Max 3318 (1596) steps (0.0004 hrs) 0.00:-8004.81 3095 (30) sec
[73] Max 3318 (2200) steps (0.0006 hrs) 0.00:-8004.81 3138 (43) sec
[74] Max 3318 (1250) steps (0.0003 hrs) 0.00:-8004.81 3166 (28) sec
[75] Max 3318 (844) steps (0.0002 hrs) 0.00:-8004.81 3194 (28) sec
[76] Max 3318 (2016) steps (0.0006 hrs) 0.00:-8004.81 3251 (57) sec
[77] Max 3318 (2272) steps (0.0006 hrs) 0.00:-8004.81 3306 (55) sec
[78] Max 3318 (633) steps (0.0002 hrs) 0.00:-8004.81 3334 (28) sec
[79] Max 3318 (2814) steps (0.0008 hrs) 0.00:-8004.81 3390 (56) sec
[80] Max 3318 (595) steps (0.0002 hrs) 0.00:-8004.81 3418 (28) sec
[81] Max 3318 (988) steps (0.0003 hrs) 0.00:-8004.81 3447 (29) sec
[82] Max 3318 (1162) steps (0.0003 hrs) 0.00:-8004.81 3475 (28) sec
[83] Max 3318 (1209) steps (0.0003 hrs) 0.00:-8004.81 3503 (28) sec
[84] Max 3318 (802) steps (0.0002 hrs) 0.00:-8004.81 3530 (27) sec
[85] Max 3318 (1206) steps (0.0003 hrs) 0.00:-8004.81 3558 (28) sec
[86] Max 3318 (1450) steps (0.0004 hrs) 0.00:-8004.81 3587 (29) sec
[87] Max 3318 (602) steps (0.0002 hrs) 0.00:-8004.81 3614 (27) sec
[88] Max 3318 (2238) steps (0.0006 hrs) 0.00:-8004.81 3669 (55) sec
[89] Max 3318 (1292) steps (0.0004 hrs) 0.00:-8004.81 3697 (28) sec
[90] Max 3318 (788) steps (0.0002 hrs) 0.00:-8004.81 3725 (28) sec
[91] Max 3318 (1759) steps (0.0005 hrs) 0.00:-8004.81 3758 (33) sec
[92] Max 3318 (2281) steps (0.0006 hrs) 0.00:-8004.81 3814 (56) sec
[93] Max 3318 (411) steps (0.0001 hrs) 0.00:-8004.81 3842 (28) sec
[94] Max 3318 (664) steps (0.0002 hrs) 0.00:-8004.81 3869 (27) sec
[95] Max 3318 (926) steps (0.0003 hrs) 0.00:-8004.81 3897 (28) sec
[96] Max 3318 (328) steps (0.0001 hrs) 0.00:-8004.81 3925 (28) sec
[97] Max 3318 (1327) steps (0.0004 hrs) 0.00:-8004.81 3952 (27) sec
[98] Max 3318 (1591) steps (0.0004 hrs) 0.00:-8004.81 3983 (31) sec
[99] Max 3318 (407) steps (0.0001 hrs) 0.00:-8004.81 4010 (27) sec
[100] Max 3318 (881) steps (0.0002 hrs) 0.00:-8004.81 4037 (27) sec
[101] Max 3318 (1111) steps (0.0003 hrs) 0.00:-8004.81 4065 (28) sec
[102] Max 3318 (1090) steps (0.0003 hrs) 0.00:-8004.81 4094 (29) sec
[103] Max 3318 (1328) steps (0.0004 hrs) 0.00:-8004.81 4122 (28) sec
[104] Max 3318 (650) steps (0.0002 hrs) 0.00:-8004.81 4149 (27) sec
[105] Max 3318 (542) steps (0.0002 hrs) 0.00:-8004.81 4177 (28) sec
[106] Max 3318 (1832) steps (0.0005 hrs) 0.00:-8004.81 4212 (35) sec
[107] Max 3318 (2224) steps (0.0006 hrs) 0.00:-8004.81 4269 (57) sec
[108] Max 3318 (3031) steps (0.0008 hrs) 0.00:-8004.81 4332 (63) sec
[109] Max 3562 (3562) steps (0.0010 hrs) 0.00:-8004.81 4370 (38) sec
[110] Max 3562 (651) steps (0.0002 hrs) 0.00:-8004.81 4398 (28) sec
[111] Max 3562 (276) steps (0.0001 hrs) 0.00:-8004.81 4425 (27) sec
[112] Max 3562 (2507) steps (0.0007 hrs) 0.00:-8004.81 4481 (56) sec
[113] Max 3562 (2136) steps (0.0006 hrs) 0.00:-8004.81 4530 (49) sec
[114] Max 3562 (2000) steps (0.0006 hrs) 0.00:-8004.81 4585 (55) sec
[115] Max 3562 (1515) steps (0.0004 hrs) 0.00:-8004.81 4613 (28) sec
[116] Max 3562 (849) steps (0.0002 hrs) 0.00:-8004.81 4642 (29) sec
[117] Max 3562 (2149) steps (0.0006 hrs) 0.00:-8004.81 4680 (38) sec
[118] Max 3562 (2261) steps (0.0006 hrs) 0.00:-8004.81 4737 (57) sec
[119] Max 3562 (724) steps (0.0002 hrs) 0.00:-8004.81 4765 (28) sec
[120] Max 3562 (2419) steps (0.0007 hrs) 0.00:-8004.81 4820 (55) sec
[121] Max 3562 (1132) steps (0.0003 hrs) 0.00:-8004.81 4848 (28) sec
[122] Max 3562 (1708) steps (0.0005 hrs) 0.00:-8004.81 4882 (34) sec
[123] Max 3562 (2298) steps (0.0006 hrs) 0.00:-8004.81 4921 (39) sec
[124] Max 3562 (2177) steps (0.0006 hrs) 0.00:-8004.81 4972 (51) sec
[125] Max 3562 (2303) steps (0.0006 hrs) 0.00:-8004.81 5000 (28) sec
[126] Max 3562 (1924) steps (0.0005 hrs) 0.00:-8004.81 5058 (58) sec
[127] Max 3562 (1242) steps (0.0003 hrs) 0.00:-8004.81 5087 (29) sec
[128] Max 3562 (709) steps (0.0002 hrs) 0.00:-8004.81 5115 (28) sec
[129] Max 3562 (1495) steps (0.0004 hrs) 0.00:-8004.81 5144 (29) sec
[130] Max 3562 (2849) steps (0.0008 hrs) 0.00:-8004.81 5197 (53) sec
[131] Max 3562 (2042) steps (0.0006 hrs) 0.00:-8004.81 5251 (54) sec
[132] Max 3562 (1229) steps (0.0003 hrs) 0.00:-8004.81 5279 (28) sec
[133] Max 3562 (1350) steps (0.0004 hrs) 0.00:-8004.81 5307 (28) sec
[134] Max 3562 (2160) steps (0.0006 hrs) 0.00:-8004.81 5361 (54) sec
[135] Max 3562 (2345) steps (0.0007 hrs) 0.00:-8004.81 5414 (53) sec
[136] Max 3562 (612) steps (0.0002 hrs) 0.00:-8004.81 5443 (29) sec
[137] Max 3562 (1002) steps (0.0003 hrs) 0.00:-8004.81 5470 (27) sec
[138] Max 3562 (1253) steps (0.0003 hrs) 0.00:-8004.81 5498 (28) sec
[139] Max 3562 (2091) steps (0.0006 hrs) 0.00:-8004.81 5550 (52) sec
[140] Max 3562 (446) steps (0.0001 hrs) 0.00:-8004.81 5579 (29) sec
[141] Max 3562 (319) steps (0.0001 hrs) 0.00:-8004.81 5606 (27) sec
[142] Max 3562 (2140) steps (0.0006 hrs) 0.00:-8004.81 5660 (54) sec
[143] Max 3562 (728) steps (0.0002 hrs) 0.00:-8004.81 5687 (27) sec
[144] Max 3562 (255) steps (0.0001 hrs) 0.00:-8004.81 5714 (27) sec
[145] Max 3562 (1982) steps (0.0006 hrs) 0.00:-8004.81 5747 (33) sec
[146] Max 3562 (2381) steps (0.0007 hrs) 0.00:-8004.81 5794 (47) sec
[147] Max 3562 (2558) steps (0.0007 hrs) 0.00:-8004.81 5847 (53) sec
[148] Max 3562 (1883) steps (0.0005 hrs) 0.00:-8004.81 5876 (29) sec
[149] Max 3562 (2547) steps (0.0007 hrs) 0.00:-8004.81 5930 (54) sec
[150] Max 3562 (203) steps (0.0001 hrs) 0.00:-8004.81 5958 (28) sec
[151] Max 3562 (2169) steps (0.0006 hrs) 0.00:-8004.81 6012 (54) sec
[152] Max 3562 (2188) steps (0.0006 hrs) 0.00:-8004.81 6039 (27) sec
[153] Max 3562 (1561) steps (0.0004 hrs) 0.00:-8004.81 6069 (30) sec
[154] Max 3562 (1630) steps (0.0005 hrs) 0.00:-8004.81 6097 (28) sec
[155] Max 3562 (1936) steps (0.0005 hrs) 0.00:-8004.81 6146 (49) sec
[156] Max 3562 (314) steps (0.0001 hrs) 0.00:-8004.81 6174 (28) sec
[157] Max 3562 (2199) steps (0.0006 hrs) 0.00:-8004.81 6227 (53) sec
[158] Max 3562 (1931) steps (0.0005 hrs) 0.00:-8004.81 6263 (36) sec
[159] Max 3562 (1445) steps (0.0004 hrs) 0.00:-8004.81 6291 (28) sec
[160] Max 3562 (248) steps (0.0001 hrs) 0.00:-8004.81 6321 (30) sec
[161] Max 3562 (1162) steps (0.0003 hrs) 0.00:-8004.81 6351 (30) sec
[162] Max 3562 (2192) steps (0.0006 hrs) 0.00:-8004.81 6405 (54) sec
[163] Max 3562 (208) steps (0.0001 hrs) 0.00:-8004.81 6432 (27) sec
[164] Max 3562 (1536) steps (0.0004 hrs) 0.00:-8004.81 6460 (28) sec
[165] Max 3562 (2098) steps (0.0006 hrs) 0.00:-8004.81 6512 (52) sec
[166] Max 3562 (2475) steps (0.0007 hrs) 0.00:-8004.81 6540 (28) sec
[167] Max 3562 (1822) steps (0.0005 hrs) 0.00:-8004.81 6595 (55) sec
[168] Max 3562 (2361) steps (0.0007 hrs) 0.00:-8004.81 6646 (51) sec
[169] Max 3562 (204) steps (0.0001 hrs) 0.00:-8004.81 6673 (27) sec
[170] Max 3562 (1302) steps (0.0004 hrs) 0.00:-8004.81 6701 (28) sec
[171] Max 3562 (2659) steps (0.0007 hrs) 0.00:-8004.81 6753 (52) sec
[172] Max 3562 (1557) steps (0.0004 hrs) 0.00:-8004.81 6782 (29) sec
[173] Max 3562 (1104) steps (0.0003 hrs) 0.00:-8004.81 6809 (27) sec
[174] Max 3562 (1191) steps (0.0003 hrs) 0.00:-8004.81 6837 (28) sec
[175] Max 3562 (2734) steps (0.0008 hrs) 0.00:-8004.81 6891 (54) sec
[176] Max 3562 (994) steps (0.0003 hrs) 0.00:-8004.81 6918 (27) sec
[177] Max 3562 (276) steps (0.0001 hrs) 0.00:-8004.81 6946 (28) sec
[178] Max 3562 (3236) steps (0.0009 hrs) 0.00:-8004.81 6999 (53) sec
[179] Max 3562 (364) steps (0.0001 hrs) 0.00:-8004.81 7026 (27) sec
[180] Max 3562 (1928) steps (0.0005 hrs) 0.00:-8004.81 7054 (28) sec
[181] Max 3562 (1893) steps (0.0005 hrs) 0.00:-8004.81 7107 (53) sec
[182] Max 3562 (2532) steps (0.0007 hrs) 0.00:-8004.81 7138 (31) sec
[183] Max 3562 (2759) steps (0.0008 hrs) 0.00:-8004.81 7193 (55) sec
[184] Max 3562 (1887) steps (0.0005 hrs) 0.00:-8004.81 7224 (31) sec
[185] Max 3562 (1817) steps (0.0005 hrs) 0.00:-8004.81 7259 (35) sec
[186] Max 3562 (1927) steps (0.0005 hrs) 0.00:-8004.81 7298 (39) sec
[187] Max 3562 (2688) steps (0.0007 hrs) 0.00:-8004.81 7351 (53) sec
[188] Max 3562 (2564) steps (0.0007 hrs) 0.00:-8004.81 7407 (56) sec
[189] Max 3562 (446) steps (0.0001 hrs) 0.00:-8004.81 7435 (28) sec
[190] Max 3562 (2819) steps (0.0008 hrs) 0.00:-8004.81 7489 (54) sec
[191] Max 3562 (1326) steps (0.0004 hrs) 0.00:-8004.81 7517 (28) sec
[192] Max 3562 (723) steps (0.0002 hrs) 0.00:-8004.81 7544 (27) sec
[193] Max 3562 (2805) steps (0.0008 hrs) 0.00:-8004.81 7599 (55) sec
[194] Max 3562 (742) steps (0.0002 hrs) 0.00:-8004.81 7626 (27) sec
[195] Max 3562 (2054) steps (0.0006 hrs) 0.00:-8004.81 7678 (52) sec
[196] Max 3562 (1476) steps (0.0004 hrs) 0.00:-8004.81 7705 (27) sec
[197] Max 3562 (368) steps (0.0001 hrs) 0.00:-8004.81 7732 (27) sec
[198] Max 3562 (3420) steps (0.0010 hrs) 0.00:-8004.81 7772 (40) sec
[199] Max 3562 (989) steps (0.0003 hrs) 0.00:-8004.81 7799 (27) sec
[200] Max 3562 (2026) steps (0.0006 hrs) 0.00:-8004.81 7848 (49) sec
[201] Max 3562 (1714) steps (0.0005 hrs) 0.00:-8004.81 7888 (40) sec
[202] Max 3562 (839) steps (0.0002 hrs) 0.00:-8004.81 7915 (27) sec
[203] Max 3562 (994) steps (0.0003 hrs) 0.00:-8004.81 7942 (27) sec
[204] Max 3562 (2053) steps (0.0006 hrs) 0.00:-8004.81 7995 (53) sec
[205] Max 3562 (216) steps (0.0001 hrs) 0.00:-8004.81 8022 (27) sec
[206] Max 3562 (2575) steps (0.0007 hrs) 0.00:-8004.81 8062 (40) sec
[207] Max 3562 (1814) steps (0.0005 hrs) 0.00:-8004.81 8104 (42) sec
[208] Max 3562 (1876) steps (0.0005 hrs) 0.00:-8004.81 8133 (29) sec
[209] Max 3562 (830) steps (0.0002 hrs) 0.00:-8004.81 8161 (28) sec
[210] Max 3562 (331) steps (0.0001 hrs) 0.00:-8004.81 8188 (27) sec
[211] Max 3562 (1947) steps (0.0005 hrs) 0.00:-8004.81 8243 (55) sec
[212] Max 3562 (1948) steps (0.0005 hrs) 0.00:-8004.81 8276 (33) sec
[213] Max 3562 (2368) steps (0.0007 hrs) 0.00:-8004.81 8331 (55) sec
[214] Max 3562 (203) steps (0.0001 hrs) 0.00:-8004.81 8358 (27) sec
[215] Max 3562 (3167) steps (0.0009 hrs) 0.00:-8004.81 8409 (51) sec
[216] Max 3562 (2017) steps (0.0006 hrs) 0.00:-8004.81 8441 (32) sec
[217] Max 3562 (228) steps (0.0001 hrs) 0.00:-8004.81 8468 (27) sec
[218] Max 3562 (407) steps (0.0001 hrs) 0.00:-8004.81 8496 (28) sec
[219] Max 3562 (2047) steps (0.0006 hrs) 0.00:-8004.81 8525 (29) sec
[220] Max 3562 (2132) steps (0.0006 hrs) 0.00:-8004.81 8564 (39) sec
[221] Max 3562 (742) steps (0.0002 hrs) 0.00:-8004.81 8592 (28) sec
[222] Max 3562 (354) steps (0.0001 hrs) 0.00:-8004.81 8619 (27) sec
[223] Max 3562 (1865) steps (0.0005 hrs) 0.00:-8004.81 8647 (28) sec
[224] Max 3562 (642) steps (0.0002 hrs) 0.00:-8004.81 8674 (27) sec
[225] Max 3562 (2830) steps (0.0008 hrs) 0.00:-8004.81 8718 (44) sec
[226] Max 3562 (1034) steps (0.0003 hrs) 0.00:-8004.81 8746 (28) sec
[227] Max 3562 (974) steps (0.0003 hrs) 0.00:-8004.81 8773 (27) sec
[228] Max 3562 (715) steps (0.0002 hrs) 0.00:-8004.81 8801 (28) sec
[229] Max 3562 (3024) steps (0.0008 hrs) 0.00:-8004.81 8830 (29) sec
[230] Max 3562 (2230) steps (0.0006 hrs) 0.00:-8004.81 8883 (53) sec
[231] Max 3562 (2263) steps (0.0006 hrs) 0.00:-8004.81 8935 (52) sec
[232] Max 3562 (502) steps (0.0001 hrs) 0.00:-8004.81 8963 (28) sec
[233] Max 3562 (1835) steps (0.0005 hrs) 0.00:-8004.81 8996 (33) sec
[234] Max 3562 (3242) steps (0.0009 hrs) 0.00:-8004.81 9050 (54) sec
[235] Max 3562 (496) steps (0.0001 hrs) 0.00:-8004.81 9077 (27) sec
[236] Max 3562 (404) steps (0.0001 hrs) 0.00:-8004.81 9105 (28) sec
[237] Max 3562 (1723) steps (0.0005 hrs) 0.00:-8004.81 9134 (29) sec
[238] Max 3562 (1267) steps (0.0004 hrs) 0.00:-8004.81 9161 (27) sec
[239] Max 3562 (2288) steps (0.0006 hrs) 0.00:-8004.81 9218 (57) sec
[240] Max 3562 (525) steps (0.0001 hrs) 0.00:-8004.81 9245 (27) sec
[241] Max 3562 (465) steps (0.0001 hrs) 0.00:-8004.81 9273 (28) sec
[242] Max 3562 (2507) steps (0.0007 hrs) 0.00:-8004.81 9327 (54) sec
[243] Max 3562 (2081) steps (0.0006 hrs) 0.00:-8004.81 9376 (49) sec
[244] Max 3562 (408) steps (0.0001 hrs) 0.00:-8004.81 9403 (27) sec
[245] Max 3562 (1246) steps (0.0003 hrs) 0.00:-8004.81 9430 (27) sec
[246] Max 3562 (1337) steps (0.0004 hrs) 0.00:-8004.81 9460 (30) sec
[247] Max 3562 (1922) steps (0.0005 hrs) 0.00:-8004.81 9512 (52) sec
[248] Max 3562 (2520) steps (0.0007 hrs) 0.00:-8004.81 9562 (50) sec
[249] Max 3562 (2268) steps (0.0006 hrs) 0.00:-8004.81 9616 (54) sec
[250] Max 3562 (1110) steps (0.0003 hrs) 0.00:-8004.81 9644 (28) sec
[251] Max 3562 (397) steps (0.0001 hrs) 0.00:-8004.81 9672 (28) sec
[252] Max 3562 (325) steps (0.0001 hrs) 0.00:-8004.81 9699 (27) sec
[253] Max 3562 (2175) steps (0.0006 hrs) 0.00:-8004.81 9753 (54) sec
[254] Max 3562 (363) steps (0.0001 hrs) 0.00:-8004.81 9781 (28) sec
[255] Max 3562 (409) steps (0.0001 hrs) 0.00:-8004.81 9808 (27) sec
[256] Max 3562 (1635) steps (0.0005 hrs) 0.00:-8004.81 9836 (28) sec
[257] Max 3562 (2661) steps (0.0007 hrs) 0.00:-8004.81 9890 (54) sec
[258] Max 3562 (1590) steps (0.0004 hrs) 0.00:-8004.81 9921 (31) sec
[259] Max 3562 (203) steps (0.0001 hrs) 0.00:-8004.81 9948 (27) sec
[260] Max 3562 (1574) steps (0.0004 hrs) 0.00:-8004.81 9976 (28) sec
[261] Max 3562 (1046) steps (0.0003 hrs) 0.00:-8004.81 10004 (28) sec
[262] Max 3562 (2143) steps (0.0006 hrs) 0.00:-8004.81 10056 (52) sec
[263] Max 3562 (453) steps (0.0001 hrs) 0.00:-8004.81 10083 (27) sec
[264] Max 3562 (2342) steps (0.0007 hrs) 0.00:-8004.81 10137 (54) sec
[265] Max 3562 (2283) steps (0.0006 hrs) 0.00:-8004.81 10191 (54) sec
[266] Max 3562 (1361) steps (0.0004 hrs) 0.00:-8004.81 10219 (28) sec
[267] Max 3562 (2200) steps (0.0006 hrs) 0.00:-8004.81 10273 (54) sec
[268] Max 3562 (1772) steps (0.0005 hrs) 0.00:-8004.81 10304 (31) sec
[269] Max 3562 (632) steps (0.0002 hrs) 0.00:-8004.81 10332 (28) sec
[270] Max 3562 (883) steps (0.0002 hrs) 0.00:-8004.81 10359 (27) sec
[271] Max 3562 (1243) steps (0.0003 hrs) 0.00:-8004.81 10387 (28) sec
[272] Max 3562 (2597) steps (0.0007 hrs) 0.00:-8004.81 10441 (54) sec
[273] Max 3562 (814) steps (0.0002 hrs) 0.00:-8004.81 10468 (27) sec
[274] Max 3562 (608) steps (0.0002 hrs) 0.00:-8004.81 10496 (28) sec
[275] Max 3562 (929) steps (0.0003 hrs) 0.00:-8004.81 10524 (28) sec
[276] Max 3562 (1623) steps (0.0005 hrs) 0.00:-8004.81 10559 (35) sec
[277] Max 3562 (519) steps (0.0001 hrs) 0.00:-8004.81 10587 (28) sec
[278] Max 3562 (2956) steps (0.0008 hrs) 0.00:-8004.81 10630 (43) sec
[279] Max 3562 (974) steps (0.0003 hrs) 0.00:-8004.81 10658 (28) sec
[280] Max 3562 (425) steps (0.0001 hrs) 0.00:-8004.81 10685 (27) sec
[281] Max 3562 (1559) steps (0.0004 hrs) 0.00:-8004.81 10718 (33) sec
[282] Max 3562 (1873) steps (0.0005 hrs) 0.00:-8004.81 10751 (33) sec
[283] Max 3562 (1832) steps (0.0005 hrs) 0.00:-8004.81 10780 (29) sec
[284] Max 3562 (1458) steps (0.0004 hrs) 0.00:-8004.81 10808 (28) sec
[285] Max 3562 (511) steps (0.0001 hrs) 0.00:-8004.81 10836 (28) sec
[286] Max 3562 (652) steps (0.0002 hrs) 0.00:-8004.81 10864 (28) sec
[287] Max 3562 (3460) steps (0.0010 hrs) 0.00:-8004.81 10893 (29) sec
[288] Max 3562 (568) steps (0.0002 hrs) 0.00:-8004.81 10920 (27) sec
[289] Max 3562 (2359) steps (0.0007 hrs) 0.00:-8004.81 10966 (46) sec
[290] Max 3562 (2124) steps (0.0006 hrs) 0.00:-8004.81 11021 (55) sec
[291] Max 3562 (1286) steps (0.0004 hrs) 0.00:-8004.81 11049 (28) sec
[292] Max 3562 (1240) steps (0.0003 hrs) 0.00:-8004.81 11076 (27) sec
[293] Max 3562 (2183) steps (0.0006 hrs) 0.00:-8004.81 11129 (53) sec
[294] Max 3562 (2133) steps (0.0006 hrs) 0.00:-8004.81 11163 (34) sec
[295] Max 3562 (1798) steps (0.0005 hrs) 0.00:-8004.81 11192 (29) sec
[296] Max 3562 (2323) steps (0.0006 hrs) 0.00:-8004.81 11244 (52) sec
[297] Max 3562 (467) steps (0.0001 hrs) 0.00:-8004.81 11271 (27) sec
[298] Max 3562 (343) steps (0.0001 hrs) 0.00:-8004.81 11299 (28) sec
[299] Max 3562 (1085) steps (0.0003 hrs) 0.00:-8004.81 11327 (28) sec
[300] Max 3562 (1342) steps (0.0004 hrs) 0.00:-8004.81 11355 (28) sec
[301] Max 3562 (1528) steps (0.0004 hrs) 0.00:-8004.81 11383 (28) sec
[302] Max 3562 (995) steps (0.0003 hrs) 0.00:-8004.81 11410 (27) sec
[303] Max 3562 (1267) steps (0.0004 hrs) 0.00:-8004.81 11438 (28) sec
[304] Max 3562 (474) steps (0.0001 hrs) 0.00:-8004.81 11466 (28) sec
[305] Max 3562 (2114) steps (0.0006 hrs) 0.00:-8004.81 11520 (54) sec
[306] Max 3562 (1848) steps (0.0005 hrs) 0.00:-8004.81 11573 (53) sec
[307] Max 3562 (1934) steps (0.0005 hrs) 0.00:-8004.81 11626 (53) sec
[308] Max 3562 (297) steps (0.0001 hrs) 0.00:-8004.81 11654 (28) sec
[309] Max 3562 (1241) steps (0.0003 hrs) 0.00:-8004.81 11682 (28) sec
[310] Max 3562 (1595) steps (0.0004 hrs) 0.00:-8004.81 11711 (29) sec
[311] Max 3562 (2604) steps (0.0007 hrs) 0.00:-8004.81 11766 (55) sec
[312] Max 3562 (924) steps (0.0003 hrs) 0.00:-8004.81 11793 (27) sec
[313] Max 3562 (632) steps (0.0002 hrs) 0.00:-8004.81 11820 (27) sec
[314] Max 3562 (2011) steps (0.0006 hrs) 0.00:-8004.81 11874 (54) sec
[315] Max 3562 (2676) steps (0.0007 hrs) 0.00:-8004.81 11910 (36) sec
[316] Max 3562 (2366) steps (0.0007 hrs) 0.00:-8004.81 11952 (42) sec
[317] Max 3562 (268) steps (0.0001 hrs) 0.00:-8004.81 11979 (27) sec
[318] Max 3562 (608) steps (0.0002 hrs) 0.00:-8004.81 12006 (27) sec
[319] Max 3562 (2347) steps (0.0007 hrs) 0.00:-8004.81 12061 (55) sec
[320] Max 3562 (2148) steps (0.0006 hrs) 0.00:-8004.81 12116 (55) sec
[321] Max 3562 (1987) steps (0.0006 hrs) 0.00:-8004.81 12157 (41) sec
[322] Max 3562 (896) steps (0.0002 hrs) 0.00:-8004.81 12185 (28) sec
[323] Max 3562 (2802) steps (0.0008 hrs) 0.00:-8004.81 12238 (53) sec
[324] Max 3562 (992) steps (0.0003 hrs) 0.00:-8004.81 12265 (27) sec
[325] Max 3562 (596) steps (0.0002 hrs) 0.00:-8004.81 12293 (28) sec
[326] Max 3562 (301) steps (0.0001 hrs) 0.00:-8004.81 12321 (28) sec
[327] Max 3562 (2234) steps (0.0006 hrs) 0.00:-8004.81 12359 (38) sec
[328] Max 3562 (571) steps (0.0002 hrs) 0.00:-8004.81 12387 (28) sec
[329] Max 3562 (2063) steps (0.0006 hrs) 0.00:-8004.81 12439 (52) sec
[330] Max 3562 (2297) steps (0.0006 hrs) 0.00:-8004.81 12489 (50) sec
[331] Max 3562 (2984) steps (0.0008 hrs) 0.00:-8004.81 12540 (51) sec
[332] Max 3562 (976) steps (0.0003 hrs) 0.00:-8004.81 12568 (28) sec
[333] Max 3562 (302) steps (0.0001 hrs) 0.00:-8004.81 12595 (27) sec
[334] Max 3562 (805) steps (0.0002 hrs) 0.00:-8004.81 12622 (27) sec
[335] Max 3562 (2246) steps (0.0006 hrs) 0.00:-8004.81 12664 (42) sec
[336] Max 3562 (968) steps (0.0003 hrs) 0.00:-8004.81 12691 (27) sec
[337] Max 3562 (2020) steps (0.0006 hrs) 0.00:-8004.81 12743 (52) sec
[338] Max 3562 (2455) steps (0.0007 hrs) 0.00:-8004.81 12799 (56) sec
[339] Max 3562 (2125) steps (0.0006 hrs) 0.00:-8004.81 12854 (55) sec
[340] Max 3562 (1308) steps (0.0004 hrs) 0.00:-8004.81 12881 (27) sec
[341] Max 3562 (1486) steps (0.0004 hrs) 0.00:-8004.81 12912 (31) sec
[342] Max 3562 (1957) steps (0.0005 hrs) 0.00:-8004.81 12966 (54) sec
[343] Max 3562 (1063) steps (0.0003 hrs) 0.00:-8004.81 12993 (27) sec
[344] Max 3562 (1550) steps (0.0004 hrs) 0.00:-8004.81 13022 (29) sec
[345] Max 3562 (621) steps (0.0002 hrs) 0.00:-8004.81 13050 (28) sec
[346] Max 3562 (1051) steps (0.0003 hrs) 0.00:-8004.81 13078 (28) sec
[347] Max 3562 (2406) steps (0.0007 hrs) 0.00:-8004.81 13128 (50) sec
[348] Max 3562 (1591) steps (0.0004 hrs) 0.00:-8004.81 13155 (27) sec
[349] Max 3562 (659) steps (0.0002 hrs) 0.00:-8004.81 13182 (27) sec
[350] Max 3562 (2049) steps (0.0006 hrs) 0.00:-8004.81 13224 (42) sec
[351] Max 3562 (1883) steps (0.0005 hrs) 0.00:-8004.81 13261 (37) sec
[352] Max 3562 (1361) steps (0.0004 hrs) 0.00:-8004.81 13288 (27) sec
[353] Max 3562 (2590) steps (0.0007 hrs) 0.00:-8004.81 13335 (47) sec
[354] Max 3562 (2001) steps (0.0006 hrs) 0.00:-8004.81 13388 (53) sec
[355] Max 3562 (1356) steps (0.0004 hrs) 0.00:-8004.81 13416 (28) sec
[356] Max 3562 (2219) steps (0.0006 hrs) 0.00:-8004.81 13469 (53) sec
[357] Max 3562 (2279) steps (0.0006 hrs) 0.00:-8004.81 13523 (54) sec
[358] Max 3562 (995) steps (0.0003 hrs) 0.00:-8004.81 13550 (27) sec
[359] Max 3562 (860) steps (0.0002 hrs) 0.00:-8004.81 13577 (27) sec
[360] Max 3562 (3011) steps (0.0008 hrs) 0.00:-8004.81 13631 (54) sec
[361] Max 3562 (1978) steps (0.0005 hrs) 0.00:-8004.81 13682 (51) sec
[362] Max 3562 (2209) steps (0.0006 hrs) 0.00:-8004.81 13736 (54) sec
[363] Max 3562 (381) steps (0.0001 hrs) 0.00:-8004.81 13763 (27) sec
[364] Max 3562 (2133) steps (0.0006 hrs) 0.00:-8004.81 13814 (51) sec
[365] Max 3562 (2434) steps (0.0007 hrs) 0.00:-8004.81 13869 (55) sec
[366] Max 3562 (883) steps (0.0002 hrs) 0.00:-8004.81 13897 (28) sec
[367] Max 3562 (493) steps (0.0001 hrs) 0.00:-8004.81 13924 (27) sec
[368] Max 3562 (2696) steps (0.0007 hrs) 0.00:-8004.81 13978 (54) sec
[369] Max 3562 (2452) steps (0.0007 hrs) 0.00:-8004.81 14015 (37) sec
[370] Max 3562 (855) steps (0.0002 hrs) 0.00:-8004.81 14042 (27) sec
[371] Max 3562 (1302) steps (0.0004 hrs) 0.00:-8004.81 14070 (28) sec
[372] Max 3562 (1201) steps (0.0003 hrs) 0.00:-8004.81 14097 (27) sec
[373] Max 3562 (500) steps (0.0001 hrs) 0.00:-8004.81 14125 (28) sec
[374] Max 3562 (1640) steps (0.0005 hrs) 0.00:-8004.81 14156 (31) sec
[375] Max 3562 (1861) steps (0.0005 hrs) 0.00:-8004.81 14192 (36) sec
[376] Max 3562 (266) steps (0.0001 hrs) 0.00:-8004.81 14219 (27) sec
[377] Max 3562 (702) steps (0.0002 hrs) 0.00:-8004.81 14247 (28) sec
[378] Max 3562 (2289) steps (0.0006 hrs) 0.00:-8004.81 14277 (30) sec
[379] Max 3562 (1329) steps (0.0004 hrs) 0.00:-8004.81 14305 (28) sec
[380] Max 3562 (269) steps (0.0001 hrs) 0.00:-8004.81 14332 (27) sec
[381] Max 3562 (2059) steps (0.0006 hrs) 0.00:-8004.81 14377 (45) sec
[382] Max 3562 (3220) steps (0.0009 hrs) 0.00:-8004.81 14414 (37) sec
[383] Max 3562 (1727) steps (0.0005 hrs) 0.00:-8004.81 14444 (30) sec
[384] Max 3562 (2152) steps (0.0006 hrs) 0.00:-8004.81 14499 (55) sec
[385] Max 3562 (2306) steps (0.0006 hrs) 0.00:-8004.81 14552 (53) sec
[386] Max 3562 (1617) steps (0.0004 hrs) 0.00:-8004.81 14579 (27) sec
[387] Max 3562 (2034) steps (0.0006 hrs) 0.00:-8004.81 14608 (29) sec
[388] Max 3562 (3202) steps (0.0009 hrs) 0.00:-8004.81 14652 (44) sec
[389] Max 3562 (2544) steps (0.0007 hrs) 0.00:-8004.81 14680 (28) sec
[390] Max 3562 (320) steps (0.0001 hrs) 0.00:-8004.81 14708 (28) sec
[391] Max 3562 (908) steps (0.0003 hrs) 0.00:-8004.81 14735 (27) sec
[392] Max 3562 (2320) steps (0.0006 hrs) 0.00:-8004.81 14786 (51) sec
[393] Max 3562 (2161) steps (0.0006 hrs) 0.00:-8004.81 14840 (54) sec
[394] Max 3562 (423) steps (0.0001 hrs) 0.00:-8004.81 14867 (27) sec
[395] Max 3562 (764) steps (0.0002 hrs) 0.00:-8004.81 14895 (28) sec
[396] Max 3562 (208) steps (0.0001 hrs) 0.00:-8004.81 14922 (27) sec
[397] Max 3562 (1052) steps (0.0003 hrs) 0.00:-8004.81 14950 (28) sec
[398] Max 3562 (1048) steps (0.0003 hrs) 0.00:-8004.81 14977 (27) sec
[399] Max 3562 (2089) steps (0.0006 hrs) 0.00:-8004.81 15006 (29) sec
[400] Max 3562 (643) steps (0.0002 hrs) 0.00:-8004.81 15034 (28) sec
[401] Max 3562 (445) steps (0.0001 hrs) 0.00:-8004.81 15061 (27) sec
[402] Max 3562 (1261) steps (0.0004 hrs) 0.00:-8004.81 15090 (29) sec
[403] Max 3562 (2345) steps (0.0007 hrs) 0.00:-8004.81 15119 (29) sec
[404] Max 3562 (829) steps (0.0002 hrs) 0.00:-8004.81 15146 (27) sec
[405] Max 3562 (2412) steps (0.0007 hrs) 0.00:-8004.81 15200 (54) sec
[406] Max 3562 (457) steps (0.0001 hrs) 0.00:-8004.81 15227 (27) sec
[407] Max 3562 (986) steps (0.0003 hrs) 0.00:-8004.81 15255 (28) sec
[408] Max 3562 (1417) steps (0.0004 hrs) 0.00:-8004.81 15284 (29) sec
[409] Max 3562 (2511) steps (0.0007 hrs) 0.00:-8004.81 15338 (54) sec
[410] Max 3562 (2986) steps (0.0008 hrs) 0.00:-8004.81 15392 (54) sec
[411] Max 3562 (1864) steps (0.0005 hrs) 0.00:-8004.81 15425 (33) sec
[412] Max 3562 (1414) steps (0.0004 hrs) 0.00:-8004.81 15454 (29) sec
[413] Max 3562 (671) steps (0.0002 hrs) 0.00:-8004.81 15482 (28) sec
[414] Max 3562 (412) steps (0.0001 hrs) 0.00:-8004.81 15509 (27) sec
[415] Max 3562 (423) steps (0.0001 hrs) 0.00:-8004.81 15536 (27) sec
[416] Max 3562 (2943) steps (0.0008 hrs) 0.00:-8004.81 15566 (30) sec
[417] Max 3562 (513) steps (0.0001 hrs) 0.00:-8004.81 15594 (28) sec
[418] Max 3562 (1273) steps (0.0004 hrs) 0.00:-8004.81 15622 (28) sec
[419] Max 3562 (583) steps (0.0002 hrs) 0.00:-8004.81 15649 (27) sec
[420] Max 3562 (1842) steps (0.0005 hrs) 0.00:-8004.81 15690 (41) sec
[421] Max 3562 (1589) steps (0.0004 hrs) 0.00:-8004.81 15719 (29) sec
[422] Max 3562 (557) steps (0.0002 hrs) 0.00:-8004.81 15747 (28) sec
[423] Max 3562 (1300) steps (0.0004 hrs) 0.00:-8004.81 15775 (28) sec
[424] Max 3562 (1111) steps (0.0003 hrs) 0.00:-8004.81 15802 (27) sec
[425] Max 3562 (771) steps (0.0002 hrs) 0.00:-8004.81 15830 (28) sec
[426] Max 3562 (381) steps (0.0001 hrs) 0.00:-8004.81 15857 (27) sec
[427] Max 3562 (360) steps (0.0001 hrs) 0.00:-8004.81 15884 (27) sec
[428] Max 3562 (503) steps (0.0001 hrs) 0.00:-8004.81 15912 (28) sec
[429] Max 3562 (1297) steps (0.0004 hrs) 0.00:-8004.81 15939 (27) sec
[430] Max 3562 (1059) steps (0.0003 hrs) 0.00:-8004.81 15967 (28) sec
[431] Max 3562 (704) steps (0.0002 hrs) 0.00:-8004.81 15995 (28) sec
[432] Max 3562 (234) steps (0.0001 hrs) 0.00:-8004.81 16022 (27) sec
[433] Max 3562 (567) steps (0.0002 hrs) 0.00:-8004.81 16050 (28) sec
[434] Max 3562 (203) steps (0.0001 hrs) 0.00:-8004.81 16077 (27) sec
[435] Max 3562 (1933) steps (0.0005 hrs) 0.00:-8004.81 16131 (54) sec
[436] Max 3562 (2521) steps (0.0007 hrs) 0.00:-8004.81 16184 (53) sec
[437] Max 3562 (1656) steps (0.0005 hrs) 0.00:-8004.81 16212 (28) sec
[438] Max 3562 (1878) steps (0.0005 hrs) 0.00:-8004.81 16266 (54) sec
[439] Max 3562 (1493) steps (0.0004 hrs) 0.00:-8004.81 16294 (28) sec
[440] Max 5455 (5455) steps (0.0015 hrs) 0.00:-8004.81 16349 (55) sec
[441] Max 5455 (2284) steps (0.0006 hrs) 0.00:-8004.81 16397 (48) sec
[442] Max 5455 (2073) steps (0.0006 hrs) 0.00:-8004.81 16450 (53) sec
[443] Max 5455 (918) steps (0.0003 hrs) 0.00:-8004.81 16477 (27) sec
[444] Max 5455 (659) steps (0.0002 hrs) 0.00:-8004.81 16505 (28) sec
[445] Max 5455 (1169) steps (0.0003 hrs) 0.00:-8004.81 16532 (27) sec
[446] Max 5455 (1275) steps (0.0004 hrs) 0.00:-8004.81 16559 (27) sec
[447] Max 5455 (1004) steps (0.0003 hrs) 0.00:-8004.81 16587 (28) sec
[448] Max 5455 (2215) steps (0.0006 hrs) 0.00:-8004.81 16633 (46) sec
[449] Max 5455 (2074) steps (0.0006 hrs) 0.00:-8004.81 16687 (54) sec
[450] Max 5455 (895) steps (0.0002 hrs) 0.00:-8004.81 16714 (27) sec
[451] Max 5455 (1697) steps (0.0005 hrs) 0.00:-8004.81 16741 (27) sec
[452] Max 5455 (2284) steps (0.0006 hrs) 0.00:-8004.81 16795 (54) sec
[453] Max 5455 (1708) steps (0.0005 hrs) 0.00:-8004.81 16824 (29) sec
[454] Max 5455 (1138) steps (0.0003 hrs) 0.00:-8004.81 16852 (28) sec
[455] Max 5455 (2931) steps (0.0008 hrs) 0.00:-8004.81 16905 (53) sec
[456] Max 5455 (218) steps (0.0001 hrs) 0.00:-8004.81 16932 (27) sec
[457] Max 5455 (1853) steps (0.0005 hrs) 0.00:-8004.81 16964 (32) sec
[458] Max 5455 (598) steps (0.0002 hrs) 0.00:-8004.81 16991 (27) sec
[459] Max 5455 (352) steps (0.0001 hrs) 0.00:-8004.81 17017 (26) sec
[460] Max 5455 (714) steps (0.0002 hrs) 0.00:-8004.81 17044 (27) sec
[461] Max 5455 (2330) steps (0.0006 hrs) 0.00:-8004.81 17098 (54) sec
[462] Max 5455 (2411) steps (0.0007 hrs) 0.00:-8004.81 17150 (52) sec
[463] Max 5455 (1850) steps (0.0005 hrs) 0.00:-8004.81 17178 (28) sec
[464] Max 5455 (2424) steps (0.0007 hrs) 0.00:-8004.81 17231 (53) sec
[465] Max 5455 (474) steps (0.0001 hrs) 0.00:-8004.81 17258 (27) sec
[466] Max 5455 (1261) steps (0.0004 hrs) 0.00:-8004.81 17285 (27) sec
[467] Max 5455 (1700) steps (0.0005 hrs) 0.00:-8004.81 17316 (31) sec
[468] Max 5455 (1937) steps (0.0005 hrs) 0.00:-8004.81 17342 (26) sec
[469] Max 5455 (757) steps (0.0002 hrs) 0.00:-8004.81 17369 (27) sec
[470] Max 5455 (457) steps (0.0001 hrs) 0.00:-8004.81 17395 (26) sec
[471] Max 5455 (389) steps (0.0001 hrs) 0.00:-8004.81 17422 (27) sec
[472] Max 5455 (1108) steps (0.0003 hrs) 0.00:-8004.81 17450 (28) sec
[473] Max 5455 (1983) steps (0.0006 hrs) 0.00:-8004.81 17503 (53) sec
[474] Max 5455 (211) steps (0.0001 hrs) 0.00:-8004.81 17529 (26) sec
[475] Max 5455 (2447) steps (0.0007 hrs) 0.00:-8004.81 17582 (53) sec
[476] Max 5455 (1886) steps (0.0005 hrs) 0.00:-8004.81 17635 (53) sec
[477] Max 5455 (2167) steps (0.0006 hrs) 0.00:-8004.81 17685 (50) sec
[478] Max 5455 (1826) steps (0.0005 hrs) 0.00:-8004.81 17730 (45) sec
[479] Max 5455 (1977) steps (0.0005 hrs) 0.00:-8004.81 17783 (53) sec
[480] Max 5455 (1577) steps (0.0004 hrs) 0.00:-8004.81 17809 (26) sec
[481] Max 5455 (304) steps (0.0001 hrs) 0.00:-8004.81 17836 (27) sec
[482] Max 5455 (2320) steps (0.0006 hrs) 0.00:-8004.81 17889 (53) sec
[483] Max 5455 (4529) steps (0.0013 hrs) 0.00:-8004.81 17937 (48) sec
[484] Max 5455 (2232) steps (0.0006 hrs) 0.00:-8004.81 17990 (53) sec
[485] Max 5455 (1430) steps (0.0004 hrs) 0.00:-8004.81 18018 (28) sec
[486] Max 5455 (2475) steps (0.0007 hrs) 0.00:-8004.81 18070 (52) sec
[487] Max 5455 (2159) steps (0.0006 hrs) 0.00:-8004.81 18122 (52) sec
[488] Max 5455 (2037) steps (0.0006 hrs) 0.00:-8004.81 18152 (30) sec
[489] Max 5455 (2111) steps (0.0006 hrs) 0.00:-8004.81 18180 (28) sec
[490] Max 5455 (2114) steps (0.0006 hrs) 0.00:-8004.81 18209 (29) sec
[491] Max 5455 (2123) steps (0.0006 hrs) 0.00:-8004.81 18235 (26) sec
[492] Max 5455 (3248) steps (0.0009 hrs) 0.00:-8004.81 18289 (54) sec
[493] Max 5455 (319) steps (0.0001 hrs) 0.00:-8004.81 18316 (27) sec
[494] Max 5455 (2457) steps (0.0007 hrs) 0.00:-8004.81 18357 (41) sec
[495] Max 5455 (414) steps (0.0001 hrs) 0.00:-8004.81 18384 (27) sec
[496] Max 5455 (1141) steps (0.0003 hrs) 0.00:-8004.81 18411 (27) sec
[497] Max 5455 (610) steps (0.0002 hrs) 0.00:-8004.81 18437 (26) sec
[498] Max 5455 (2073) steps (0.0006 hrs) 0.00:-8004.81 18490 (53) sec
[499] Max 5455 (1406) steps (0.0004 hrs) 0.00:-8004.81 18520 (30) sec
[500] Max 5455 (2074) steps (0.0006 hrs) 0.00:-8004.81 18573 (53) sec
[501] Max 5455 (602) steps (0.0002 hrs) 0.00:-8004.81 18600 (27) sec
[502] Max 5455 (706) steps (0.0002 hrs) 0.00:-8004.81 18627 (27) sec
[503] Max 5455 (1362) steps (0.0004 hrs) 0.00:-8004.81 18651 (24) sec
[504] Max 5455 (2633) steps (0.0007 hrs) 0.00:-8004.81 18695 (44) sec
[505] Max 5455 (1883) steps (0.0005 hrs) 0.00:-8004.81 18723 (28) sec
[506] Max 5455 (1011) steps (0.0003 hrs) 0.00:-8004.81 18746 (23) sec
[507] Max 5455 (2962) steps (0.0008 hrs) 0.00:-8004.81 18788 (42) sec
[508] Max 5455 (2300) steps (0.0006 hrs) 0.00:-8004.81 18811 (23) sec
[509] Max 5455 (787) steps (0.0002 hrs) 0.00:-8004.81 18833 (22) sec
[510] Max 10071 (10071) steps (0.0028 hrs) 0.00:-8004.81 18880 (47) sec
[511] Max 10071 (2298) steps (0.0006 hrs) 0.00:-8004.81 18925 (45) sec
[512] Max 10071 (1345) steps (0.0004 hrs) 0.00:-8004.81 18948 (23) sec
[513] Max 10071 (2034) steps (0.0006 hrs) 0.00:-8004.81 18974 (26) sec
[514] Max 10071 (672) steps (0.0002 hrs) 0.00:-8004.81 18996 (22) sec
[515] Max 10071 (205) steps (0.0001 hrs) 0.00:-8004.81 19019 (23) sec
[516] Max 10071 (1190) steps (0.0003 hrs) 0.00:-8004.81 19043 (24) sec
[517] Max 10071 (2716) steps (0.0008 hrs) 0.00:-8004.81 19084 (41) sec
[518] Max 10071 (2132) steps (0.0006 hrs) 0.00:-8004.81 19128 (44) sec
[519] Max 10071 (291) steps (0.0001 hrs) 0.00:-8004.81 19151 (23) sec
[520] Max 10071 (2655) steps (0.0007 hrs) 0.00:-8004.81 19194 (43) sec
[521] Max 10071 (2125) steps (0.0006 hrs) 0.00:-8004.81 19239 (45) sec
[522] Max 10071 (2362) steps (0.0007 hrs) 0.00:-8004.81 19283 (44) sec
[523] Max 10071 (1187) steps (0.0003 hrs) 0.00:-8004.81 19306 (23) sec
[524] Max 10071 (1015) steps (0.0003 hrs) 0.00:-8004.81 19329 (23) sec
[525] Max 10071 (794) steps (0.0002 hrs) 0.00:-8004.81 19351 (22) sec
[526] Max 10071 (2309) steps (0.0006 hrs) 0.00:-8004.81 19383 (32) sec
[527] Max 10071 (6900) steps (0.0019 hrs) 0.00:-8004.81 19421 (38) sec
[528] Max 10071 (1933) steps (0.0005 hrs) 0.00:-8004.81 19467 (46) sec
[529] Max 10071 (1499) steps (0.0004 hrs) 0.00:-8004.81 19492 (25) sec
[530] Max 10071 (1799) steps (0.0005 hrs) 0.00:-8004.81 19516 (24) sec
[531] Max 10071 (895) steps (0.0002 hrs) 0.00:-8004.81 19539 (23) sec
[532] Max 10071 (527) steps (0.0001 hrs) 0.00:-8004.81 19562 (23) sec
[533] Max 10071 (2329) steps (0.0006 hrs) 0.00:-8004.81 19607 (45) sec
[534] Max 10071 (1837) steps (0.0005 hrs) 0.00:-8004.81 19652 (45) sec
[535] Max 10071 (1535) steps (0.0004 hrs) 0.00:-8004.81 19676 (24) sec
[536] Max 10071 (2092) steps (0.0006 hrs) 0.00:-8004.81 19700 (24) sec
[537] Max 10071 (377) steps (0.0001 hrs) 0.00:-8004.81 19722 (22) sec
[538] Max 10071 (441) steps (0.0001 hrs) 0.00:-8004.81 19745 (23) sec
[539] Max 10071 (2138) steps (0.0006 hrs) 0.00:-8004.81 19788 (43) sec
[540] Max 10071 (2050) steps (0.0006 hrs) 0.00:-8004.81 19829 (41) sec
[541] Max 10071 (1281) steps (0.0004 hrs) 0.00:-8004.81 19852 (23) sec
[542] Max 10071 (917) steps (0.0003 hrs) 0.00:-8004.81 19875 (23) sec
[543] Max 10071 (2254) steps (0.0006 hrs) 0.00:-8004.81 19920 (45) sec
[544] Max 10071 (2788) steps (0.0008 hrs) 0.00:-8004.81 19965 (45) sec
[545] Max 10071 (2210) steps (0.0006 hrs) 0.00:-8004.81 20011 (46) sec
[546] Max 10071 (2909) steps (0.0008 hrs) 0.00:-8004.81 20055 (44) sec
[547] Max 10071 (1670) steps (0.0005 hrs) 0.00:-8004.81 20082 (27) sec
[548] Max 10071 (272) steps (0.0001 hrs) 0.00:-8004.81 20105 (23) sec
[549] Max 10071 (1157) steps (0.0003 hrs) 0.00:-8004.81 20128 (23) sec
[550] Max 10071 (2434) steps (0.0007 hrs) 0.00:-8004.81 20173 (45) sec
[551] Max 10071 (1289) steps (0.0004 hrs) 0.00:-8004.81 20197 (24) sec
[552] Max 10071 (291) steps (0.0001 hrs) 0.00:-8004.81 20220 (23) sec
[553] Max 10071 (1500) steps (0.0004 hrs) 0.00:-8004.81 20243 (23) sec
[554] Max 10071 (1178) steps (0.0003 hrs) 0.00:-8004.81 20265 (22) sec
[555] Max 10071 (257) steps (0.0001 hrs) 0.00:-8004.81 20288 (23) sec
[556] Max 10071 (477) steps (0.0001 hrs) 0.00:-8004.81 20310 (22) sec
[557] Max 10071 (2354) steps (0.0007 hrs) 0.00:-8004.81 20356 (46) sec
[558] Max 10071 (2274) steps (0.0006 hrs) 0.00:-8004.81 20401 (45) sec
[559] Max 10071 (234) steps (0.0001 hrs) 0.00:-8004.81 20424 (23) sec
[560] Max 10071 (852) steps (0.0002 hrs) 0.00:-8004.81 20447 (23) sec
[561] Max 10071 (1211) steps (0.0003 hrs) 0.00:-8004.81 20469 (22) sec
[562] Max 10071 (282) steps (0.0001 hrs) 0.00:-8004.81 20492 (23) sec
[563] Max 10071 (1168) steps (0.0003 hrs) 0.00:-8004.81 20515 (23) sec
[564] Max 10071 (2144) steps (0.0006 hrs) 0.00:-8004.81 20541 (26) sec
[565] Max 10071 (241) steps (0.0001 hrs) 0.00:-8004.81 20563 (22) sec
[566] Max 10071 (406) steps (0.0001 hrs) 0.00:-8004.81 20586 (23) sec
[567] Max 10071 (645) steps (0.0002 hrs) 0.00:-8004.81 20608 (22) sec
[568] Max 10071 (1746) steps (0.0005 hrs) 0.00:-8004.81 20631 (23) sec
[569] Max 10071 (622) steps (0.0002 hrs) 0.00:-8004.81 20654 (23) sec
[570] Max 10071 (1386) steps (0.0004 hrs) 0.00:-8004.81 20677 (23) sec
[571] Max 10071 (729) steps (0.0002 hrs) 0.00:-8004.81 20700 (23) sec
[572] Max 10071 (300) steps (0.0001 hrs) 0.00:-8004.81 20723 (23) sec
[573] Max 10071 (1105) steps (0.0003 hrs) 0.00:-8004.81 20746 (23) sec
[574] Max 10071 (2267) steps (0.0006 hrs) 0.00:-8004.81 20791 (45) sec
[575] Max 10071 (956) steps (0.0003 hrs) 0.00:-8004.81 20813 (22) sec
[576] Max 10071 (588) steps (0.0002 hrs) 0.00:-8004.81 20836 (23) sec
[577] Max 10071 (1932) steps (0.0005 hrs) 0.00:-8004.81 20871 (35) sec
[578] Max 10071 (2438) steps (0.0007 hrs) 0.00:-8004.81 20898 (27) sec
[579] Max 10071 (3012) steps (0.0008 hrs) 0.00:-8004.81 20943 (45) sec
[580] Max 10071 (1127) steps (0.0003 hrs) 0.00:-8004.81 20966 (23) sec
[581] Max 10071 (2104) steps (0.0006 hrs) 0.00:-8004.81 21007 (41) sec
[582] Max 10071 (964) steps (0.0003 hrs) 0.00:-8004.81 21030 (23) sec
[583] Max 10071 (278) steps (0.0001 hrs) 0.00:-8004.81 21052 (22) sec
[584] Max 10071 (2230) steps (0.0006 hrs) 0.00:-8004.81 21095 (43) sec
[585] Max 10071 (1025) steps (0.0003 hrs) 0.00:-8004.81 21117 (22) sec
[586] Max 10071 (2680) steps (0.0007 hrs) 0.00:-8004.81 21162 (45) sec
[587] Max 10071 (1346) steps (0.0004 hrs) 0.00:-8004.81 21185 (23) sec
[588] Max 10071 (2224) steps (0.0006 hrs) 0.00:-8004.81 21229 (44) sec
[589] Max 10071 (679) steps (0.0002 hrs) 0.00:-8004.81 21252 (23) sec
[590] Max 10071 (1995) steps (0.0006 hrs) 0.00:-8004.81 21278 (26) sec
[591] Max 10071 (2248) steps (0.0006 hrs) 0.00:-8004.81 21311 (33) sec
[592] Max 10071 (817) steps (0.0002 hrs) 0.00:-8004.81 21334 (23) sec
[593] Max 10071 (1269) steps (0.0004 hrs) 0.00:-8004.81 21356 (22) sec
[594] Max 10071 (1224) steps (0.0003 hrs) 0.00:-8004.81 21379 (23) sec
[595] Max 10071 (345) steps (0.0001 hrs) 0.00:-8004.81 21402 (23) sec
[596] Max 10071 (2068) steps (0.0006 hrs) 0.00:-8004.81 21434 (32) sec
[597] Max 10071 (308) steps (0.0001 hrs) 0.00:-8004.81 21456 (22) sec
[598] Max 10071 (599) steps (0.0002 hrs) 0.00:-8004.81 21479 (23) sec
[599] Max 10071 (1311) steps (0.0004 hrs) 0.00:-8004.81 21501 (22) sec
[600] Max 10071 (2226) steps (0.0006 hrs) 0.00:-8004.81 21546 (45) sec
[601] Max 10071 (719) steps (0.0002 hrs) 0.00:-8004.81 21568 (22) sec
[602] Max 10071 (228) steps (0.0001 hrs) 0.00:-8004.81 21591 (23) sec
[603] Max 10071 (1176) steps (0.0003 hrs) 0.00:-8004.81 21614 (23) sec
[604] Max 10071 (587) steps (0.0002 hrs) 0.00:-8004.81 21637 (23) sec
[605] Max 10071 (259) steps (0.0001 hrs) 0.00:-8004.81 21659 (22) sec
[606] Max 10071 (204) steps (0.0001 hrs) 0.00:-8004.81 21682 (23) sec
[607] Max 10071 (1362) steps (0.0004 hrs) 0.00:-8004.81 21705 (23) sec
[608] Max 10071 (476) steps (0.0001 hrs) 0.00:-8004.81 21728 (23) sec
[609] Max 10071 (2200) steps (0.0006 hrs) 0.00:-8004.81 21763 (35) sec
[610] Max 10071 (2383) steps (0.0007 hrs) 0.00:-8004.81 21809 (46) sec
[611] Max 10071 (1233) steps (0.0003 hrs) 0.00:-8004.81 21831 (22) sec
[612] Max 10071 (510) steps (0.0001 hrs) 0.00:-8004.81 21854 (23) sec
[613] Max 10071 (1329) steps (0.0004 hrs) 0.00:-8004.81 21878 (24) sec
[614] Max 10071 (1935) steps (0.0005 hrs) 0.00:-8004.81 21921 (43) sec
[615] Max 10071 (1417) steps (0.0004 hrs) 0.00:-8004.81 21944 (23) sec
[616] Max 10071 (1846) steps (0.0005 hrs) 0.00:-8004.81 21976 (32) sec
[617] Max 10071 (881) steps (0.0002 hrs) 0.00:-8004.81 21999 (23) sec
[618] Max 10071 (2632) steps (0.0007 hrs) 0.00:-8004.81 22044 (45) sec
[619] Max 10071 (1182) steps (0.0003 hrs) 0.00:-8004.81 22068 (24) sec
[620] Max 10071 (2334) steps (0.0006 hrs) 0.00:-8004.81 22113 (45) sec
[621] Max 10071 (480) steps (0.0001 hrs) 0.00:-8004.81 22135 (22) sec
[622] Max 10071 (225) steps (0.0001 hrs) 0.00:-8004.81 22157 (22) sec
[623] Max 10071 (2330) steps (0.0006 hrs) 0.00:-8004.81 22202 (45) sec
[624] Max 10071 (2401) steps (0.0007 hrs) 0.00:-8004.81 22239 (37) sec
[625] Max 10071 (967) steps (0.0003 hrs) 0.00:-8004.81 22262 (23) sec
[626] Max 10071 (916) steps (0.0003 hrs) 0.00:-8004.81 22284 (22) sec
[627] Max 10071 (1928) steps (0.0005 hrs) 0.00:-8004.81 22318 (34) sec
[628] Max 10071 (1200) steps (0.0003 hrs) 0.00:-8004.81 22341 (23) sec
[629] Max 10071 (2181) steps (0.0006 hrs) 0.00:-8004.81 22385 (44) sec
[630] Max 10071 (2192) steps (0.0006 hrs) 0.00:-8004.81 22432 (47) sec
[631] Max 10071 (957) steps (0.0003 hrs) 0.00:-8004.81 22454 (22) sec
[632] Max 10071 (787) steps (0.0002 hrs) 0.00:-8004.81 22477 (23) sec
[633] Max 10071 (2393) steps (0.0007 hrs) 0.00:-8004.81 22522 (45) sec
[634] Max 10071 (2220) steps (0.0006 hrs) 0.00:-8004.81 22567 (45) sec
[635] Max 10071 (1657) steps (0.0005 hrs) 0.00:-8004.81 22591 (24) sec
[636] Max 10071 (2493) steps (0.0007 hrs) 0.00:-8004.81 22616 (25) sec
[637] Max 10071 (2340) steps (0.0007 hrs) 0.00:-8004.81 22661 (45) sec
[638] Max 10071 (223) steps (0.0001 hrs) 0.00:-8004.81 22684 (23) sec
[639] Max 10071 (2729) steps (0.0008 hrs) 0.00:-8004.81 22711 (27) sec
[640] Max 10071 (2357) steps (0.0007 hrs) 0.00:-8004.81 22754 (43) sec
[641] Max 10071 (1157) steps (0.0003 hrs) 0.00:-8004.81 22776 (22) sec
[642] Max 10071 (2396) steps (0.0007 hrs) 0.00:-8004.81 22821 (45) sec
[643] Max 10071 (2070) steps (0.0006 hrs) 0.00:-8004.81 22850 (29) sec
[644] Max 10071 (1113) steps (0.0003 hrs) 0.00:-8004.81 22872 (22) sec
[645] Max 10071 (2352) steps (0.0007 hrs) 0.00:-8004.81 22917 (45) sec
[646] Max 10071 (1359) steps (0.0004 hrs) 0.00:-8004.81 22940 (23) sec
[647] Max 10071 (506) steps (0.0001 hrs) 0.00:-8004.81 22962 (22) sec
[648] Max 10071 (909) steps (0.0003 hrs) 0.00:-8004.81 22985 (23) sec
[649] Max 10071 (1881) steps (0.0005 hrs) 0.00:-8004.81 23011 (26) sec
[650] Max 10071 (259) steps (0.0001 hrs) 0.00:-8004.81 23034 (23) sec
[651] Max 10071 (2873) steps (0.0008 hrs) 0.00:-8004.81 23079 (45) sec
[652] Max 10071 (2110) steps (0.0006 hrs) 0.00:-8004.81 23124 (45) sec
[653] Max 10071 (1737) steps (0.0005 hrs) 0.00:-8004.81 23146 (22) sec
[654] Max 10071 (1459) steps (0.0004 hrs) 0.00:-8004.81 23169 (23) sec
[655] Max 10071 (457) steps (0.0001 hrs) 0.00:-8004.81 23192 (23) sec
[656] Max 10071 (671) steps (0.0002 hrs) 0.00:-8004.81 23214 (22) sec
[657] Max 10071 (530) steps (0.0001 hrs) 0.00:-8004.81 23237 (23) sec
[658] Max 10071 (2007) steps (0.0006 hrs) 0.00:-8004.81 23267 (30) sec
[659] Max 10071 (1857) steps (0.0005 hrs) 0.00:-8004.81 23290 (23) sec
[660] Max 10071 (1114) steps (0.0003 hrs) 0.00:-8004.81 23313 (23) sec
[661] Max 10071 (1400) steps (0.0004 hrs) 0.00:-8004.81 23335 (22) sec
[662] Max 10071 (260) steps (0.0001 hrs) 0.00:-8004.81 23358 (23) sec
[663] Max 10071 (1792) steps (0.0005 hrs) 0.00:-8004.81 23382 (24) sec
[664] Max 10071 (455) steps (0.0001 hrs) 0.00:-8004.81 23405 (23) sec
[665] Max 10071 (737) steps (0.0002 hrs) 0.00:-8004.81 23428 (23) sec
[666] Max 10071 (2616) steps (0.0007 hrs) 0.00:-8004.81 23452 (24) sec
[667] Max 10071 (1460) steps (0.0004 hrs) 0.00:-8004.81 23475 (23) sec
[668] Max 10071 (2165) steps (0.0006 hrs) 0.00:-8004.81 23521 (46) sec
[669] Max 10071 (1731) steps (0.0005 hrs) 0.00:-8004.81 23551 (30) sec
[670] Max 10071 (1993) steps (0.0006 hrs) 0.00:-8004.81 23597 (46) sec
[671] Max 10071 (511) steps (0.0001 hrs) 0.00:-8004.81 23619 (22) sec
[672] Max 10071 (2275) steps (0.0006 hrs) 0.00:-8004.81 23653 (34) sec
[673] Max 10071 (2351) steps (0.0007 hrs) 0.00:-8004.81 23696 (43) sec
[674] Max 10071 (2580) steps (0.0007 hrs) 0.00:-8004.81 23740 (44) sec
[675] Max 10071 (464) steps (0.0001 hrs) 0.00:-8004.81 23763 (23) sec
[676] Max 10071 (1835) steps (0.0005 hrs) 0.00:-8004.81 23807 (44) sec
[677] Max 10071 (378) steps (0.0001 hrs) 0.00:-8004.81 23829 (22) sec
[678] Max 10071 (1192) steps (0.0003 hrs) 0.00:-8004.81 23852 (23) sec
[679] Max 10071 (1163) steps (0.0003 hrs) 0.00:-8004.81 23875 (23) sec
[680] Max 10071 (1280) steps (0.0004 hrs) 0.00:-8004.81 23897 (22) sec
[681] Max 10071 (2064) steps (0.0006 hrs) 0.00:-8004.81 23937 (40) sec
[682] Max 10071 (2048) steps (0.0006 hrs) 0.00:-8004.81 23982 (45) sec
[683] Max 10071 (1806) steps (0.0005 hrs) 0.00:-8004.81 24016 (34) sec
[684] Max 10071 (562) steps (0.0002 hrs) 0.00:-8004.81 24039 (23) sec
[685] Max 10071 (345) steps (0.0001 hrs) 0.00:-8004.81 24061 (22) sec
[686] Max 10071 (2022) steps (0.0006 hrs) 0.00:-8004.81 24085 (24) sec
[687] Max 10071 (436) steps (0.0001 hrs) 0.00:-8004.81 24108 (23) sec
[688] Max 10071 (1094) steps (0.0003 hrs) 0.00:-8004.81 24130 (22) sec
[689] Max 10071 (1419) steps (0.0004 hrs) 0.00:-8004.81 24153 (23) sec
[690] Max 10071 (2169) steps (0.0006 hrs) 0.00:-8004.81 24196 (43) sec
[691] Max 10071 (842) steps (0.0002 hrs) 0.00:-8004.81 24219 (23) sec
[692] Max 10071 (2196) steps (0.0006 hrs) 0.00:-8004.81 24264 (45) sec
[693] Max 10071 (1414) steps (0.0004 hrs) 0.00:-8004.81 24287 (23) sec
[694] Max 10071 (1516) steps (0.0004 hrs) 0.00:-8004.81 24310 (23) sec
[695] Max 10071 (2117) steps (0.0006 hrs) 0.00:-8004.81 24355 (45) sec
[696] Max 10071 (799) steps (0.0002 hrs) 0.00:-8004.81 24378 (23) sec
[697] Max 10071 (2617) steps (0.0007 hrs) 0.00:-8004.81 24408 (30) sec
[698] Max 10071 (303) steps (0.0001 hrs) 0.00:-8004.81 24430 (22) sec
[699] Max 10071 (1064) steps (0.0003 hrs) 0.00:-8004.81 24453 (23) sec
[700] Max 10071 (1416) steps (0.0004 hrs) 0.00:-8004.81 24476 (23) sec
[701] Max 10071 (2586) steps (0.0007 hrs) 0.00:-8004.81 24521 (45) sec
[702] Max 10071 (1350) steps (0.0004 hrs) 0.00:-8004.81 24545 (24) sec
[703] Max 10071 (2230) steps (0.0006 hrs) 0.00:-8004.81 24589 (44) sec
[704] Max 10071 (903) steps (0.0003 hrs) 0.00:-8004.81 24611 (22) sec
[705] Max 10071 (1005) steps (0.0003 hrs) 0.00:-8004.81 24634 (23) sec
[706] Max 10071 (1702) steps (0.0005 hrs) 0.00:-8004.81 24666 (32) sec
[707] Max 10071 (673) steps (0.0002 hrs) 0.00:-8004.81 24689 (23) sec
[708] Max 10071 (2207) steps (0.0006 hrs) 0.00:-8004.81 24734 (45) sec
[709] Max 10071 (1660) steps (0.0005 hrs) 0.00:-8004.81 24758 (24) sec
[710] Max 10071 (838) steps (0.0002 hrs) 0.00:-8004.81 24781 (23) sec
[711] Max 10071 (558) steps (0.0002 hrs) 0.00:-8004.81 24803 (22) sec
[712] Max 10071 (1019) steps (0.0003 hrs) 0.00:-8004.81 24826 (23) sec
[713] Max 10071 (601) steps (0.0002 hrs) 0.00:-8004.81 24848 (22) sec
[714] Max 10071 (1431) steps (0.0004 hrs) 0.00:-8004.81 24874 (26) sec
[715] Max 10071 (1909) steps (0.0005 hrs) 0.00:-8004.81 24907 (33) sec
[716] Max 10071 (1510) steps (0.0004 hrs) 0.00:-8004.81 24930 (23) sec
[717] Max 10071 (783) steps (0.0002 hrs) 0.00:-8004.81 24952 (22) sec
[718] Max 10071 (944) steps (0.0003 hrs) 0.00:-8004.81 24975 (23) sec
[719] Max 10071 (284) steps (0.0001 hrs) 0.00:-8004.81 24998 (23) sec
[720] Max 10071 (998) steps (0.0003 hrs) 0.00:-8004.81 25021 (23) sec
[721] Max 10071 (1543) steps (0.0004 hrs) 0.00:-8004.81 25045 (24) sec
[722] Max 10071 (544) steps (0.0002 hrs) 0.00:-8004.81 25067 (22) sec
[723] Max 10071 (2462) steps (0.0007 hrs) 0.00:-8004.81 25111 (44) sec
[724] Max 10071 (1912) steps (0.0005 hrs) 0.00:-8004.81 25136 (25) sec
[725] Max 10071 (2291) steps (0.0006 hrs) 0.00:-8004.81 25182 (46) sec
[726] Max 10071 (2378) steps (0.0007 hrs) 0.00:-8004.81 25226 (44) sec
[727] Max 10071 (1462) steps (0.0004 hrs) 0.00:-8004.81 25250 (24) sec
[728] Max 10071 (261) steps (0.0001 hrs) 0.00:-8004.81 25272 (22) sec
[729] Max 10071 (1962) steps (0.0005 hrs) 0.00:-8004.81 25302 (30) sec
[730] Max 10071 (1828) steps (0.0005 hrs) 0.00:-8004.81 25347 (45) sec
[731] Max 10071 (2218) steps (0.0006 hrs) 0.00:-8004.81 25378 (31) sec
[732] Max 10071 (2117) steps (0.0006 hrs) 0.00:-8004.81 25406 (28) sec
[733] Max 10071 (1849) steps (0.0005 hrs) 0.00:-8004.81 25445 (39) sec
[734] Max 10071 (2292) steps (0.0006 hrs) 0.00:-8004.81 25489 (44) sec
[735] Max 10071 (437) steps (0.0001 hrs) 0.00:-8004.81 25512 (23) sec
[736] Max 10071 (2032) steps (0.0006 hrs) 0.00:-8004.81 25555 (43) sec
[737] Max 10071 (2420) steps (0.0007 hrs) 0.00:-8004.81 25601 (46) sec
[738] Max 10071 (1380) steps (0.0004 hrs) 0.00:-8004.81 25624 (23) sec
[739] Max 10071 (616) steps (0.0002 hrs) 0.00:-8004.81 25647 (23) sec
[740] Max 10071 (375) steps (0.0001 hrs) 0.00:-8004.81 25669 (22) sec
[741] Max 10071 (2634) steps (0.0007 hrs) 0.00:-8004.81 25710 (41) sec
[742] Max 10071 (839) steps (0.0002 hrs) 0.00:-8004.81 25733 (23) sec
[743] Max 10071 (1057) steps (0.0003 hrs) 0.00:-8004.81 25757 (24) sec
[744] Max 10071 (213) steps (0.0001 hrs) 0.00:-8004.81 25780 (23) sec
[745] Max 10071 (1111) steps (0.0003 hrs) 0.00:-8004.81 25803 (23) sec
[746] Max 10071 (367) steps (0.0001 hrs) 0.00:-8004.81 25825 (22) sec
[747] Max 10071 (1649) steps (0.0005 hrs) 0.00:-8004.81 25849 (24) sec
[748] Max 10071 (1198) steps (0.0003 hrs) 0.00:-8004.81 25871 (22) sec
[749] Max 10071 (1129) steps (0.0003 hrs) 0.00:-8004.81 25894 (23) sec
[750] Max 10071 (1987) steps (0.0006 hrs) 0.00:-8004.81 25919 (25) sec
[751] Max 10071 (413) steps (0.0001 hrs) 0.00:-8004.81 25941 (22) sec
[752] Max 10071 (2231) steps (0.0006 hrs) 0.00:-8004.81 25979 (38) sec
[753] Max 10071 (2458) steps (0.0007 hrs) 0.00:-8004.81 26023 (44) sec
[754] Max 10071 (1563) steps (0.0004 hrs) 0.00:-8004.81 26048 (25) sec
[755] Max 10071 (2494) steps (0.0007 hrs) 0.00:-8004.81 26090 (42) sec
[756] Max 10071 (1518) steps (0.0004 hrs) 0.00:-8004.81 26112 (22) sec
[757] Max 10071 (449) steps (0.0001 hrs) 0.00:-8004.81 26134 (22) sec
[758] Max 10071 (2663) steps (0.0007 hrs) 0.00:-8004.81 26180 (46) sec
[759] Max 10071 (1881) steps (0.0005 hrs) 0.00:-8004.81 26217 (37) sec
[760] Max 10071 (233) steps (0.0001 hrs) 0.00:-8004.81 26240 (23) sec
[761] Max 10071 (1697) steps (0.0005 hrs) 0.00:-8004.81 26264 (24) sec
[762] Max 10071 (2125) steps (0.0006 hrs) 0.00:-8004.81 26309 (45) sec
[763] Max 10071 (1771) steps (0.0005 hrs) 0.00:-8004.81 26333 (24) sec
[764] Max 10071 (2101) steps (0.0006 hrs) 0.00:-8004.81 26378 (45) sec
[765] Max 10071 (926) steps (0.0003 hrs) 0.00:-8004.81 26401 (23) sec
[766] Max 10071 (481) steps (0.0001 hrs) 0.00:-8004.81 26423 (22) sec
[767] Max 10071 (1026) steps (0.0003 hrs) 0.00:-8004.81 26446 (23) sec
[768] Max 10071 (694) steps (0.0002 hrs) 0.00:-8004.81 26469 (23) sec
[769] Max 10071 (2142) steps (0.0006 hrs) 0.00:-8004.81 26513 (44) sec
[770] Max 10071 (2038) steps (0.0006 hrs) 0.00:-8004.81 26558 (45) sec
[771] Max 10071 (684) steps (0.0002 hrs) 0.00:-8004.81 26581 (23) sec
[772] Max 10071 (305) steps (0.0001 hrs) 0.00:-8004.81 26603 (22) sec
[773] Max 10071 (2038) steps (0.0006 hrs) 0.00:-8004.81 26647 (44) sec
[774] Max 10071 (2097) steps (0.0006 hrs) 0.00:-8004.81 26690 (43) sec
[775] Max 10071 (263) steps (0.0001 hrs) 0.00:-8004.81 26712 (22) sec
[776] Max 10071 (460) steps (0.0001 hrs) 0.00:-8004.81 26735 (23) sec
[777] Max 10071 (1398) steps (0.0004 hrs) 0.00:-8004.81 26758 (23) sec
[778] Max 10071 (243) steps (0.0001 hrs) 0.00:-8004.81 26780 (22) sec
[779] Max 10071 (1880) steps (0.0005 hrs) 0.00:-8004.81 26808 (28) sec
[780] Max 10071 (635) steps (0.0002 hrs) 0.00:-8004.81 26830 (22) sec
[781] Max 10071 (2793) steps (0.0008 hrs) 0.00:-8004.81 26869 (39) sec
[782] Max 10071 (2214) steps (0.0006 hrs) 0.00:-8004.81 26904 (35) sec
[783] Max 10071 (2229) steps (0.0006 hrs) 0.00:-8004.81 26937 (33) sec
[784] Max 10071 (2059) steps (0.0006 hrs) 0.00:-8004.81 26974 (37) sec
[785] Max 10071 (1408) steps (0.0004 hrs) 0.00:-8004.81 26997 (23) sec
[786] Max 10071 (356) steps (0.0001 hrs) 0.00:-8004.81 27020 (23) sec
[787] Max 10071 (1580) steps (0.0004 hrs) 0.00:-8004.81 27048 (28) sec
[788] Max 10071 (2422) steps (0.0007 hrs) 0.00:-8004.81 27093 (45) sec
[789] Max 10071 (2136) steps (0.0006 hrs) 0.00:-8004.81 27138 (45) sec
[790] Max 10071 (1895) steps (0.0005 hrs) 0.00:-8004.81 27183 (45) sec
[791] Max 10071 (395) steps (0.0001 hrs) 0.00:-8004.81 27206 (23) sec
[792] Max 10071 (1777) steps (0.0005 hrs) 0.00:-8004.81 27232 (26) sec
[793] Max 10071 (1954) steps (0.0005 hrs) 0.00:-8004.81 27275 (43) sec
[794] Max 10071 (2005) steps (0.0006 hrs) 0.00:-8004.81 27319 (44) sec
[795] Max 10071 (1223) steps (0.0003 hrs) 0.00:-8004.81 27342 (23) sec
[796] Max 10071 (430) steps (0.0001 hrs) 0.00:-8004.81 27365 (23) sec
[797] Max 10071 (1543) steps (0.0004 hrs) 0.00:-8004.81 27390 (25) sec
[798] Max 10071 (2690) steps (0.0007 hrs) 0.00:-8004.81 27435 (45) sec
[799] Max 10071 (2816) steps (0.0008 hrs) 0.00:-8004.81 27477 (42) sec
[800] Max 10071 (1145) steps (0.0003 hrs) 0.00:-8004.81 27500 (23) sec
[801] Max 10071 (819) steps (0.0002 hrs) 0.00:-8004.81 27522 (22) sec
[802] Max 10071 (2686) steps (0.0007 hrs) 0.00:-8004.81 27568 (46) sec
[803] Max 10071 (496) steps (0.0001 hrs) 0.00:-8004.81 27590 (22) sec
[804] Max 10071 (343) steps (0.0001 hrs) 0.00:-8004.81 27613 (23) sec
[805] Max 10071 (1330) steps (0.0004 hrs) 0.00:-8004.81 27636 (23) sec
[806] Max 10071 (2065) steps (0.0006 hrs) 0.00:-8004.81 27663 (27) sec
[807] Max 10071 (350) steps (0.0001 hrs) 0.00:-8004.81 27685 (22) sec
[808] Max 10071 (2014) steps (0.0006 hrs) 0.00:-8004.81 27709 (24) sec
[809] Max 10071 (562) steps (0.0002 hrs) 0.00:-8004.81 27731 (22) sec
[810] Max 10071 (421) steps (0.0001 hrs) 0.00:-8004.81 27754 (23) sec
[811] Max 10071 (2086) steps (0.0006 hrs) 0.00:-8004.81 27776 (22) sec
[812] Max 10071 (463) steps (0.0001 hrs) 0.00:-8004.81 27799 (23) sec
[813] Max 10071 (256) steps (0.0001 hrs) 0.00:-8004.81 27823 (24) sec
[814] Max 10071 (2425) steps (0.0007 hrs) 0.00:-8004.81 27873 (50) sec
[815] Max 10071 (2474) steps (0.0007 hrs) 0.00:-8004.81 27921 (48) sec
[816] Max 10071 (2524) steps (0.0007 hrs) 0.00:-8004.81 27974 (53) sec
[817] Max 10071 (303) steps (0.0001 hrs) 0.00:-8004.81 28002 (28) sec
[818] Max 10071 (2040) steps (0.0006 hrs) 0.00:-8004.81 28062 (60) sec
[819] Max 10071 (2360) steps (0.0007 hrs) 0.00:-8004.81 28404 (342) sec
[820] Max 10071 (1582) steps (0.0004 hrs) 0.00:-8004.81 28475 (71) sec
[821] Max 10071 (910) steps (0.0003 hrs) 0.00:-8004.81 28575 (100) sec
[822] Max 10071 (1512) steps (0.0004 hrs) 0.00:-8004.81 28654 (79) sec
[823] Max 10071 (284) steps (0.0001 hrs) 0.00:-8004.81 28720 (66) sec
[824] Max 10071 (1855) steps (0.0005 hrs) 0.00:-8004.81 28807 (87) sec
[825] Max 10071 (1090) steps (0.0003 hrs) 0.00:-8004.81 28945 (138) sec
[826] Max 10071 (1876) steps (0.0005 hrs) 0.00:-8004.81 29059 (114) sec
[827] Max 10071 (2379) steps (0.0007 hrs) 0.00:-8004.81 29114 (55) sec
[828] Max 10071 (2521) steps (0.0007 hrs) 0.00:-8004.81 29160 (46) sec
[829] Max 10071 (2164) steps (0.0006 hrs) 0.00:-8004.81 29205 (45) sec
[830] Max 10071 (2393) steps (0.0007 hrs) 0.00:-8004.81 29229 (24) sec
[831] Max 10071 (1954) steps (0.0005 hrs) 0.00:-8004.81 29275 (46) sec
[832] Max 10071 (503) steps (0.0001 hrs) 0.00:-8004.81 29298 (23) sec
[833] Max 10071 (786) steps (0.0002 hrs) 0.00:-8004.81 29321 (23) sec
[834] Max 10071 (1496) steps (0.0004 hrs) 0.00:-8004.81 29346 (25) sec
[835] Max 10071 (214) steps (0.0001 hrs) 0.00:-8004.81 29368 (22) sec
[836] Max 10071 (1332) steps (0.0004 hrs) 0.00:-8004.81 29393 (25) sec
[837] Max 10071 (2524) steps (0.0007 hrs) 0.00:-8004.81 29434 (41) sec
[838] Max 10071 (325) steps (0.0001 hrs) 0.00:-8004.81 29457 (23) sec
[839] Max 10071 (1112) steps (0.0003 hrs) 0.00:-8004.81 29480 (23) sec
[840] Max 10071 (238) steps (0.0001 hrs) 0.00:-8004.81 29502 (22) sec
[841] Max 10071 (1373) steps (0.0004 hrs) 0.00:-8004.81 29525 (23) sec
[842] Max 10071 (5284) steps (0.0015 hrs) 0.00:-8004.81 29548 (23) sec
[843] Max 10071 (359) steps (0.0001 hrs) 0.00:-8004.81 29571 (23) sec
[844] Max 10071 (723) steps (0.0002 hrs) 0.00:-8004.81 29594 (23) sec
[845] Max 10071 (615) steps (0.0002 hrs) 0.00:-8004.81 29616 (22) sec
[846] Max 10071 (581) steps (0.0002 hrs) 0.00:-8004.81 29639 (23) sec
[847] Max 10071 (405) steps (0.0001 hrs) 0.00:-8004.81 29662 (23) sec
[848] Max 10071 (508) steps (0.0001 hrs) 0.00:-8004.81 29684 (22) sec
[849] Max 10071 (1176) steps (0.0003 hrs) 0.00:-8004.81 29707 (23) sec
[850] Max 10071 (203) steps (0.0001 hrs) 0.00:-8004.81 29730 (23) sec
[851] Max 10071 (723) steps (0.0002 hrs) 0.00:-8004.81 29752 (22) sec
[852] Max 10071 (1849) steps (0.0005 hrs) 0.00:-8004.81 29795 (43) sec
[853] Max 10071 (1279) steps (0.0004 hrs) 0.00:-8004.81 29817 (22) sec
[854] Max 10071 (1368) steps (0.0004 hrs) 0.00:-8004.81 29842 (25) sec
[855] Max 10071 (1016) steps (0.0003 hrs) 0.00:-8004.81 29865 (23) sec
[856] Max 10071 (1200) steps (0.0003 hrs) 0.00:-8004.81 29888 (23) sec
[857] Max 10071 (2820) steps (0.0008 hrs) 0.00:-8004.81 29932 (44) sec
[858] Max 10071 (341) steps (0.0001 hrs) 0.00:-8004.81 29955 (23) sec
[859] Max 10071 (2149) steps (0.0006 hrs) 0.00:-8004.81 29996 (41) sec
[860] Max 10071 (3703) steps (0.0010 hrs) 0.00:-8004.81 30047 (51) sec
[861] Max 10071 (2482) steps (0.0007 hrs) 0.00:-8004.81 30081 (34) sec
[862] Max 10071 (2012) steps (0.0006 hrs) 0.00:-8004.81 30106 (25) sec
[863] Max 10071 (620) steps (0.0002 hrs) 0.00:-8004.81 30129 (23) sec
[864] Max 10071 (600) steps (0.0002 hrs) 0.00:-8004.81 30152 (23) sec
[865] Max 10071 (2473) steps (0.0007 hrs) 0.00:-8004.81 30198 (46) sec
[866] Max 10071 (617) steps (0.0002 hrs) 0.00:-8004.81 30220 (22) sec
[867] Max 10071 (2581) steps (0.0007 hrs) 0.00:-8004.81 30258 (38) sec
[868] Max 10071 (1913) steps (0.0005 hrs) 0.00:-8004.81 30302 (44) sec
[869] Max 10071 (2142) steps (0.0006 hrs) 0.00:-8004.81 30347 (45) sec
[870] Max 10071 (1000) steps (0.0003 hrs) 0.00:-8004.81 30370 (23) sec
[871] Max 10071 (521) steps (0.0001 hrs) 0.00:-8004.81 30392 (22) sec
[872] Max 10071 (706) steps (0.0002 hrs) 0.00:-8004.81 30415 (23) sec
[873] Max 10071 (792) steps (0.0002 hrs) 0.00:-8004.81 30438 (23) sec
[874] Max 10071 (1273) steps (0.0004 hrs) 0.00:-8004.81 30460 (22) sec
[875] Max 10071 (523) steps (0.0001 hrs) 0.00:-8004.81 30483 (23) sec
[876] Max 10071 (2875) steps (0.0008 hrs) 0.00:-8004.81 30529 (46) sec
[877] Max 10071 (2169) steps (0.0006 hrs) 0.00:-8004.81 30573 (44) sec
[878] Max 10071 (2091) steps (0.0006 hrs) 0.00:-8004.81 30600 (27) sec
[879] Max 10071 (444) steps (0.0001 hrs) 0.00:-8004.81 30622 (22) sec
[880] Max 10071 (2240) steps (0.0006 hrs) 0.00:-8004.81 30667 (45) sec
[881] Max 10071 (2050) steps (0.0006 hrs) 0.00:-8004.81 30712 (45) sec
[882] Max 10071 (2125) steps (0.0006 hrs) 0.00:-8004.81 30736 (24) sec
[883] Max 10071 (202) steps (0.0001 hrs) 0.00:-8004.81 30758 (22) sec
[884] Max 10071 (2231) steps (0.0006 hrs) 0.00:-8004.81 30802 (44) sec
[885] Max 10071 (2686) steps (0.0007 hrs) 0.00:-8004.81 30846 (44) sec
[886] Max 10071 (850) steps (0.0002 hrs) 0.00:-8004.81 30869 (23) sec
[887] Max 10071 (1399) steps (0.0004 hrs) 0.00:-8004.81 30892 (23) sec
[888] Max 10071 (323) steps (0.0001 hrs) 0.00:-8004.81 30915 (23) sec
[889] Max 10071 (2342) steps (0.0007 hrs) 0.00:-8004.81 30956 (41) sec
[890] Max 10071 (602) steps (0.0002 hrs) 0.00:-8004.81 30978 (22) sec
[891] Max 10071 (637) steps (0.0002 hrs) 0.00:-8004.81 31000 (22) sec
[892] Max 10071 (1967) steps (0.0005 hrs) 0.00:-8004.81 31032 (32) sec
[893] Max 10071 (1264) steps (0.0004 hrs) 0.00:-8004.81 31054 (22) sec
[894] Max 10071 (2435) steps (0.0007 hrs) 0.00:-8004.81 31077 (23) sec
[895] Max 10071 (515) steps (0.0001 hrs) 0.00:-8004.81 31100 (23) sec
[896] Max 10071 (307) steps (0.0001 hrs) 0.00:-8004.81 31122 (22) sec
[897] Max 10071 (2083) steps (0.0006 hrs) 0.00:-8004.81 31166 (44) sec
[898] Max 10071 (530) steps (0.0001 hrs) 0.00:-8004.81 31189 (23) sec
[899] Max 10071 (2376) steps (0.0007 hrs) 0.00:-8004.81 31234 (45) sec
[900] Max 10071 (378) steps (0.0001 hrs) 0.00:-8004.81 31256 (22) sec
[901] Max 10071 (535) steps (0.0001 hrs) 0.00:-8004.81 31279 (23) sec
[902] Max 10071 (297) steps (0.0001 hrs) 0.00:-8004.81 31304 (25) sec
[903] Max 10071 (1757) steps (0.0005 hrs) 0.00:-8004.81 31339 (35) sec
[904] Max 10071 (1885) steps (0.0005 hrs) 0.00:-8004.81 31384 (45) sec
[905] Max 10071 (1963) steps (0.0005 hrs) 0.00:-8004.81 31418 (34) sec
[906] Max 10071 (2600) steps (0.0007 hrs) 0.00:-8004.81 31462 (44) sec
[907] Max 10071 (950) steps (0.0003 hrs) 0.00:-8004.81 31484 (22) sec
[908] Max 10071 (2346) steps (0.0007 hrs) 0.00:-8004.81 31530 (46) sec
[909] Max 10071 (754) steps (0.0002 hrs) 0.00:-8004.81 31552 (22) sec
[910] Max 10071 (601) steps (0.0002 hrs) 0.00:-8004.81 31575 (23) sec
[911] Max 10071 (1997) steps (0.0006 hrs) 0.00:-8004.81 31620 (45) sec
[912] Max 10071 (2224) steps (0.0006 hrs) 0.00:-8004.81 31643 (23) sec
[913] Max 10071 (1798) steps (0.0005 hrs) 0.00:-8004.81 31668 (25) sec
[914] Max 10071 (2138) steps (0.0006 hrs) 0.00:-8004.81 31695 (27) sec
[915] Max 10071 (217) steps (0.0001 hrs) 0.00:-8004.81 31717 (22) sec
[916] Max 10071 (948) steps (0.0003 hrs) 0.00:-8004.81 31739 (22) sec
[917] Max 10071 (1921) steps (0.0005 hrs) 0.00:-8004.81 31762 (23) sec
[918] Max 10071 (266) steps (0.0001 hrs) 0.00:-8004.81 31784 (22) sec
[919] Max 10071 (533) steps (0.0001 hrs) 0.00:-8004.81 31806 (22) sec
[920] Max 10071 (1446) steps (0.0004 hrs) 0.00:-8004.81 31830 (24) sec
[921] Max 10071 (604) steps (0.0002 hrs) 0.00:-8004.81 31853 (23) sec
[922] Max 10071 (2091) steps (0.0006 hrs) 0.00:-8004.81 31883 (30) sec
[923] Max 10071 (2590) steps (0.0007 hrs) 0.00:-8004.81 31924 (41) sec
[924] Max 10071 (314) steps (0.0001 hrs) 0.00:-8004.81 31946 (22) sec
[925] Max 10071 (2304) steps (0.0006 hrs) 0.00:-8004.81 31991 (45) sec
[926] Max 10071 (1754) steps (0.0005 hrs) 0.00:-8004.81 32020 (29) sec
[927] Max 10071 (3615) steps (0.0010 hrs) 0.00:-8004.81 32069 (49) sec
[928] Max 10071 (1595) steps (0.0004 hrs) 0.00:-8004.81 32092 (23) sec
[929] Max 10071 (493) steps (0.0001 hrs) 0.00:-8004.81 32114 (22) sec
[930] Max 10071 (721) steps (0.0002 hrs) 0.00:-8004.81 32136 (22) sec
[931] Max 10071 (2538) steps (0.0007 hrs) 0.00:-8004.81 32160 (24) sec
[932] Max 10071 (1910) steps (0.0005 hrs) 0.00:-8004.81 32185 (25) sec
[933] Max 10071 (572) steps (0.0002 hrs) 0.00:-8004.81 32208 (23) sec
[934] Max 10071 (674) steps (0.0002 hrs) 0.00:-8004.81 32231 (23) sec
[935] Max 10071 (2032) steps (0.0006 hrs) 0.00:-8004.81 32269 (38) sec
[936] Max 10071 (2220) steps (0.0006 hrs) 0.00:-8004.81 32314 (45) sec
[937] Max 10071 (1353) steps (0.0004 hrs) 0.00:-8004.81 32337 (23) sec
[938] Max 10071 (2384) steps (0.0007 hrs) 0.00:-8004.81 32383 (46) sec
[939] Max 10071 (1740) steps (0.0005 hrs) 0.00:-8004.81 32406 (23) sec
[940] Max 10071 (3001) steps (0.0008 hrs) 0.00:-8004.81 32441 (35) sec
[941] Max 10071 (986) steps (0.0003 hrs) 0.00:-8004.81 32464 (23) sec
[942] Max 10071 (1905) steps (0.0005 hrs) 0.00:-8004.81 32490 (26) sec
[943] Max 10071 (2450) steps (0.0007 hrs) 0.00:-8004.81 32527 (37) sec
[944] Max 10071 (2108) steps (0.0006 hrs) 0.00:-8004.81 32555 (28) sec
[945] Max 10071 (250) steps (0.0001 hrs) 0.00:-8004.81 32578 (23) sec
[946] Max 10071 (1122) steps (0.0003 hrs) 0.00:-8004.81 32600 (22) sec
[947] Max 10071 (3545) steps (0.0010 hrs) 0.00:-8004.81 32645 (45) sec
[948] Max 10071 (2306) steps (0.0006 hrs) 0.00:-8004.81 32677 (32) sec
[949] Max 10071 (2612) steps (0.0007 hrs) 0.00:-8004.81 32721 (44) sec
[950] Max 10071 (2276) steps (0.0006 hrs) 0.00:-8004.81 32766 (45) sec
[951] Max 10071 (2242) steps (0.0006 hrs) 0.00:-8004.81 32810 (44) sec
[952] Max 10071 (2196) steps (0.0006 hrs) 0.00:-8004.81 32855 (45) sec
[953] Max 10071 (2256) steps (0.0006 hrs) 0.00:-8004.81 32900 (45) sec
[954] Max 10071 (2088) steps (0.0006 hrs) 0.00:-8004.81 32931 (31) sec
[955] Max 10071 (802) steps (0.0002 hrs) 0.00:-8004.81 32953 (22) sec
[956] Max 10071 (946) steps (0.0003 hrs) 0.00:-8004.81 32976 (23) sec
[957] Max 10071 (330) steps (0.0001 hrs) 0.00:-8004.81 32998 (22) sec
[958] Max 10071 (1771) steps (0.0005 hrs) 0.00:-8004.81 33021 (23) sec
[959] Max 10071 (315) steps (0.0001 hrs) 0.00:-8004.81 33043 (22) sec
[960] Max 10071 (2281) steps (0.0006 hrs) 0.00:-8004.81 33079 (36) sec
[961] Max 10071 (2408) steps (0.0007 hrs) 0.00:-8004.81 33117 (38) sec
[962] Max 10071 (1782) steps (0.0005 hrs) 0.00:-8004.81 33140 (23) sec
[963] Max 10071 (2247) steps (0.0006 hrs) 0.00:-8004.81 33185 (45) sec
[964] Max 10071 (1965) steps (0.0005 hrs) 0.00:-8004.81 33229 (44) sec
[965] Max 10071 (411) steps (0.0001 hrs) 0.00:-8004.81 33252 (23) sec
[966] Max 10071 (2819) steps (0.0008 hrs) 0.00:-8004.81 33296 (44) sec
[967] Max 10071 (2372) steps (0.0007 hrs) 0.00:-8004.81 33340 (44) sec
[968] Max 10071 (931) steps (0.0003 hrs) 0.00:-8004.81 33363 (23) sec
[969] Max 10071 (1946) steps (0.0005 hrs) 0.00:-8004.81 33405 (42) sec
[970] Max 10071 (385) steps (0.0001 hrs) 0.00:-8004.81 33427 (22) sec
[971] Max 10071 (300) steps (0.0001 hrs) 0.00:-8004.81 33450 (23) sec
[972] Max 10071 (1279) steps (0.0004 hrs) 0.00:-8004.81 33475 (25) sec
[973] Max 10071 (1798) steps (0.0005 hrs) 0.00:-8004.81 33497 (22) sec
[974] Max 10071 (826) steps (0.0002 hrs) 0.00:-8004.81 33520 (23) sec
[975] Max 10071 (948) steps (0.0003 hrs) 0.00:-8004.81 33542 (22) sec
[976] Max 10071 (234) steps (0.0001 hrs) 0.00:-8004.81 33564 (22) sec
[977] Max 10071 (3238) steps (0.0009 hrs) 0.00:-8004.81 33608 (44) sec
[978] Max 10071 (624) steps (0.0002 hrs) 0.00:-8004.81 33630 (22) sec
[979] Max 10071 (1208) steps (0.0003 hrs) 0.00:-8004.81 33653 (23) sec
[980] Max 10071 (2387) steps (0.0007 hrs) 0.00:-8004.81 33678 (25) sec
[981] Max 10071 (346) steps (0.0001 hrs) 0.00:-8004.81 33700 (22) sec
[982] Max 10071 (1736) steps (0.0005 hrs) 0.00:-8004.81 33723 (23) sec
[983] Max 10071 (2315) steps (0.0006 hrs) 0.00:-8004.81 33758 (35) sec
[984] Max 10071 (2974) steps (0.0008 hrs) 0.00:-8004.81 33801 (43) sec
[985] Max 10071 (2097) steps (0.0006 hrs) 0.00:-8004.81 33844 (43) sec
[986] Max 10071 (295) steps (0.0001 hrs) 0.00:-8004.81 33867 (23) sec
[987] Max 10071 (535) steps (0.0001 hrs) 0.00:-8004.81 33890 (23) sec
[988] Max 10071 (679) steps (0.0002 hrs) 0.00:-8004.81 33912 (22) sec
[989] Max 10071 (1795) steps (0.0005 hrs) 0.00:-8004.81 33957 (45) sec
[990] Max 10071 (741) steps (0.0002 hrs) 0.00:-8004.81 33979 (22) sec
[991] Max 10071 (2329) steps (0.0006 hrs) 0.00:-8004.81 34025 (46) sec
[992] Max 10071 (304) steps (0.0001 hrs) 0.00:-8004.81 34047 (22) sec
[993] Max 10071 (1195) steps (0.0003 hrs) 0.00:-8004.81 34071 (24) sec
[994] Max 10071 (314) steps (0.0001 hrs) 0.00:-8004.81 34093 (22) sec
[995] Max 10071 (2108) steps (0.0006 hrs) 0.00:-8004.81 34137 (44) sec
[996] Max 10071 (2286) steps (0.0006 hrs) 0.00:-8004.81 34171 (34) sec
[997] Max 10071 (212) steps (0.0001 hrs) 0.00:-8004.81 34193 (22) sec
[998] Max 10071 (1188) steps (0.0003 hrs) 0.00:-8004.81 34216 (23) sec
[999] Max 10071 (2026) steps (0.0006 hrs) 0.00:-8004.81 34245 (29) sec
[1000] Max 10071 (568) steps (0.0002 hrs) 0.00:-8004.81 34267 (22) sec
Total Elapsed time: 34267 seconds
Wrote current data to latest.train
