balanced 0 test_flag 0
[1] Max 1682 (1682) steps (0.0005 hrs) 0.00:-8040.90 37 (37) sec
[2] Max 2279 (2279) steps (0.0006 hrs) 0.00:-8040.41 88 (51) sec
[3] Max 2356 (2356) steps (0.0007 hrs) 0.00:-8040.41 142 (54) sec
[4] Max 2839 (2839) steps (0.0008 hrs) 0.00:-8040.41 195 (53) sec
[5] Max 2839 (2459) steps (0.0007 hrs) 0.00:-8040.41 249 (54) sec
[6] Max 2839 (2566) steps (0.0007 hrs) 0.00:-8040.41 300 (51) sec
[7] Max 2839 (2200) steps (0.0006 hrs) 0.00:-8040.41 355 (55) sec
[8] Max 2839 (2399) steps (0.0007 hrs) 0.00:-8040.41 408 (53) sec
[9] Max 2839 (2007) steps (0.0006 hrs) 0.00:-8040.41 450 (42) sec
[10] Max 2839 (2630) steps (0.0007 hrs) 0.00:-8040.41 503 (53) sec
[11] Max 2839 (1109) steps (0.0003 hrs) 0.00:-8040.41 536 (33) sec
[12] Max 2839 (857) steps (0.0002 hrs) 0.00:-8040.41 570 (34) sec
[13] Max 2839 (541) steps (0.0002 hrs) 0.00:-8040.41 604 (34) sec
[14] Max 2839 (1759) steps (0.0005 hrs) 0.00:-8040.41 645 (41) sec
[15] Max 3205 (3205) steps (0.0009 hrs) 0.00:-8040.41 682 (37) sec
[16] Max 3205 (2236) steps (0.0006 hrs) 0.00:-8040.41 733 (51) sec
[17] Max 3205 (653) steps (0.0002 hrs) 0.00:-8040.41 766 (33) sec
[18] Max 3205 (372) steps (0.0001 hrs) 0.00:-8040.41 800 (34) sec
[19] Max 3205 (609) steps (0.0002 hrs) 0.00:-8040.41 833 (33) sec
[20] Max 3205 (1074) steps (0.0003 hrs) 0.00:-8040.41 867 (34) sec
[21] Max 3205 (964) steps (0.0003 hrs) 0.00:-8040.41 899 (32) sec
[22] Max 3205 (1857) steps (0.0005 hrs) 0.00:-8040.41 933 (34) sec
[23] Max 3205 (2194) steps (0.0006 hrs) 0.00:-8040.41 988 (55) sec
[24] Max 3205 (1131) steps (0.0003 hrs) 0.00:-8040.41 1022 (34) sec
[25] Max 3205 (315) steps (0.0001 hrs) 0.00:-8040.41 1055 (33) sec
[26] Max 3205 (634) steps (0.0002 hrs) 0.00:-8040.41 1089 (34) sec
[27] Max 3205 (1614) steps (0.0004 hrs) 0.00:-8040.41 1123 (34) sec
[28] Max 3205 (535) steps (0.0001 hrs) 0.00:-8040.41 1156 (33) sec
[29] Max 3205 (1922) steps (0.0005 hrs) 0.00:-8040.41 1208 (52) sec
[30] Max 3205 (764) steps (0.0002 hrs) 0.00:-8040.41 1242 (34) sec
[31] Max 3205 (439) steps (0.0001 hrs) 0.00:-8040.41 1275 (33) sec
[32] Max 3205 (2043) steps (0.0006 hrs) 0.00:-8040.41 1309 (34) sec
[33] Max 3205 (1047) steps (0.0003 hrs) 0.00:-8040.41 1343 (34) sec
[34] Max 3205 (634) steps (0.0002 hrs) 0.00:-8040.41 1376 (33) sec
[35] Max 3205 (1775) steps (0.0005 hrs) 0.00:-8040.41 1413 (37) sec
[36] Max 3205 (1025) steps (0.0003 hrs) 0.00:-8040.41 1446 (33) sec
[37] Max 3205 (368) steps (0.0001 hrs) 0.00:-8040.41 1480 (34) sec
[38] Max 3205 (786) steps (0.0002 hrs) 0.00:-8040.41 1514 (34) sec
[39] Max 3205 (959) steps (0.0003 hrs) 0.00:-8040.41 1547 (33) sec
[40] Max 3205 (1513) steps (0.0004 hrs) 0.00:-8040.41 1581 (34) sec
[41] Max 3205 (1384) steps (0.0004 hrs) 0.00:-8040.41 1615 (34) sec
[42] Max 3205 (1887) steps (0.0005 hrs) 0.00:-8040.41 1653 (38) sec
[43] Max 3205 (1658) steps (0.0005 hrs) 0.00:-8040.41 1688 (35) sec
[44] Max 3205 (902) steps (0.0003 hrs) 0.00:-8040.41 1721 (33) sec
[45] Max 3205 (858) steps (0.0002 hrs) 0.00:-8040.41 1754 (33) sec
[46] Max 3205 (630) steps (0.0002 hrs) 0.00:-8040.41 1787 (33) sec
[47] Max 3205 (1042) steps (0.0003 hrs) 0.00:-8040.41 1821 (34) sec
[48] Max 3205 (843) steps (0.0002 hrs) 0.00:-8040.41 1854 (33) sec
[49] Max 3205 (869) steps (0.0002 hrs) 0.00:-8040.41 1888 (34) sec
[50] Max 3205 (955) steps (0.0003 hrs) 0.00:-8040.41 1922 (34) sec
[51] Max 3205 (727) steps (0.0002 hrs) 0.00:-8040.41 1955 (33) sec
[52] Max 3205 (2331) steps (0.0006 hrs) 0.00:-8040.41 2008 (53) sec
[53] Max 3205 (871) steps (0.0002 hrs) 0.00:-8040.41 2041 (33) sec
[54] Max 3205 (780) steps (0.0002 hrs) 0.00:-8040.41 2075 (34) sec
[55] Max 3205 (2251) steps (0.0006 hrs) 0.00:-8040.41 2125 (50) sec
[56] Max 3205 (312) steps (0.0001 hrs) 0.00:-8040.41 2158 (33) sec
[57] Max 3205 (774) steps (0.0002 hrs) 0.00:-8040.41 2191 (33) sec
[58] Max 3205 (573) steps (0.0002 hrs) 0.00:-8040.41 2224 (33) sec
[59] Max 3205 (658) steps (0.0002 hrs) 0.00:-8040.41 2258 (34) sec
[60] Max 3205 (780) steps (0.0002 hrs) 0.00:-8040.41 2291 (33) sec
[61] Max 3205 (1464) steps (0.0004 hrs) 0.00:-8040.41 2325 (34) sec
[62] Max 3205 (547) steps (0.0002 hrs) 0.00:-8040.41 2358 (33) sec
[63] Max 3205 (1060) steps (0.0003 hrs) 0.00:-8040.41 2392 (34) sec
[64] Max 3205 (1781) steps (0.0005 hrs) 0.00:-8040.41 2427 (35) sec
[65] Max 3205 (439) steps (0.0001 hrs) 0.00:-8040.41 2460 (33) sec
[66] Max 3205 (581) steps (0.0002 hrs) 0.00:-8040.41 2494 (34) sec
[67] Max 3205 (2763) steps (0.0008 hrs) 0.00:-8040.41 2545 (51) sec
[68] Max 3205 (2622) steps (0.0007 hrs) 0.00:-8040.41 2597 (52) sec
[69] Max 3205 (2080) steps (0.0006 hrs) 0.00:-8040.41 2641 (44) sec
[70] Max 3205 (1966) steps (0.0005 hrs) 0.00:-8040.41 2694 (53) sec
[71] Max 3205 (495) steps (0.0001 hrs) 0.00:-8040.41 2727 (33) sec
[72] Max 3205 (736) steps (0.0002 hrs) 0.00:-8040.41 2761 (34) sec
[73] Max 3205 (300) steps (0.0001 hrs) 0.00:-8040.41 2794 (33) sec
[74] Max 3205 (3169) steps (0.0009 hrs) 0.00:-8040.41 2830 (36) sec
[75] Max 3205 (602) steps (0.0002 hrs) 0.00:-8040.41 2863 (33) sec
[76] Max 3205 (2060) steps (0.0006 hrs) 0.00:-8040.41 2917 (54) sec
[77] Max 3205 (2006) steps (0.0006 hrs) 0.00:-8040.41 2970 (53) sec
[78] Max 3205 (2448) steps (0.0007 hrs) 0.00:-8040.41 3008 (38) sec
[79] Max 3205 (506) steps (0.0001 hrs) 0.00:-8040.41 3042 (34) sec
[80] Max 3205 (2153) steps (0.0006 hrs) 0.00:-8040.41 3095 (53) sec
[81] Max 3205 (533) steps (0.0001 hrs) 0.00:-8040.41 3128 (33) sec
[82] Max 3205 (1099) steps (0.0003 hrs) 0.00:-8040.41 3161 (33) sec
[83] Max 3205 (1750) steps (0.0005 hrs) 0.00:-8040.41 3208 (47) sec
[84] Max 3205 (2354) steps (0.0007 hrs) 0.00:-8040.41 3262 (54) sec
[85] Max 3205 (389) steps (0.0001 hrs) 0.00:-8040.41 3295 (33) sec
[86] Max 3205 (629) steps (0.0002 hrs) 0.00:-8040.41 3329 (34) sec
[87] Max 3205 (631) steps (0.0002 hrs) 0.00:-8040.41 3362 (33) sec
[88] Max 3205 (920) steps (0.0003 hrs) 0.00:-8040.41 3397 (35) sec
[89] Max 3205 (575) steps (0.0002 hrs) 0.00:-8040.41 3430 (33) sec
[90] Max 3205 (832) steps (0.0002 hrs) 0.00:-8040.41 3464 (34) sec
[91] Max 3205 (1893) steps (0.0005 hrs) 0.00:-8040.41 3517 (53) sec
[92] Max 3205 (485) steps (0.0001 hrs) 0.00:-8040.41 3550 (33) sec
[93] Max 3205 (2273) steps (0.0006 hrs) 0.00:-8040.41 3599 (49) sec
[94] Max 3205 (2020) steps (0.0006 hrs) 0.00:-8040.41 3643 (44) sec
[95] Max 3205 (2166) steps (0.0006 hrs) 0.00:-8040.41 3695 (52) sec
[96] Max 3205 (593) steps (0.0002 hrs) 0.00:-8040.41 3728 (33) sec
[97] Max 3205 (2669) steps (0.0007 hrs) 0.00:-8040.41 3781 (53) sec
[98] Max 3205 (783) steps (0.0002 hrs) 0.00:-8040.41 3814 (33) sec
[99] Max 3205 (518) steps (0.0001 hrs) 0.00:-8040.41 3848 (34) sec
[100] Max 3518 (3518) steps (0.0010 hrs) 0.00:-8040.41 3898 (50) sec
[101] Max 3518 (2128) steps (0.0006 hrs) 0.00:-8040.41 3953 (55) sec
[102] Max 3518 (1111) steps (0.0003 hrs) 0.00:-8040.41 3987 (34) sec
[103] Max 3518 (885) steps (0.0002 hrs) 0.00:-8040.41 4019 (32) sec
[104] Max 3518 (1954) steps (0.0005 hrs) 0.00:-8040.41 4056 (37) sec
[105] Max 3518 (1161) steps (0.0003 hrs) 0.00:-8040.41 4090 (34) sec
[106] Max 3518 (2638) steps (0.0007 hrs) 0.00:-8040.41 4143 (53) sec
[107] Max 3518 (712) steps (0.0002 hrs) 0.00:-8040.41 4177 (34) sec
[108] Max 3518 (3120) steps (0.0009 hrs) 0.00:-8040.41 4231 (54) sec
[109] Max 3518 (1332) steps (0.0004 hrs) 0.00:-8040.41 4266 (35) sec
[110] Max 3518 (309) steps (0.0001 hrs) 0.00:-8040.41 4300 (34) sec
[111] Max 3518 (1622) steps (0.0005 hrs) 0.00:-8040.41 4336 (36) sec
[112] Max 3518 (475) steps (0.0001 hrs) 0.00:-8040.41 4369 (33) sec
[113] Max 3518 (945) steps (0.0003 hrs) 0.00:-8040.41 4402 (33) sec
[114] Max 3518 (3507) steps (0.0010 hrs) 0.00:-8040.41 4454 (52) sec
[115] Max 3518 (896) steps (0.0002 hrs) 0.00:-8040.41 4487 (33) sec
[116] Max 3518 (756) steps (0.0002 hrs) 0.00:-8040.41 4520 (33) sec
[117] Max 3518 (2341) steps (0.0007 hrs) 0.00:-8040.41 4567 (47) sec
[118] Max 3518 (1876) steps (0.0005 hrs) 0.00:-8040.41 4620 (53) sec
[119] Max 3518 (1152) steps (0.0003 hrs) 0.00:-8040.41 4654 (34) sec
[120] Max 3518 (2250) steps (0.0006 hrs) 0.00:-8040.41 4697 (43) sec
[121] Max 3518 (300) steps (0.0001 hrs) 0.00:-8040.41 4730 (33) sec
[122] Max 3518 (2131) steps (0.0006 hrs) 0.00:-8040.41 4782 (52) sec
[123] Max 3518 (2042) steps (0.0006 hrs) 0.00:-8040.41 4836 (54) sec
[124] Max 3518 (790) steps (0.0002 hrs) 0.00:-8040.41 4869 (33) sec
[125] Max 3518 (1427) steps (0.0004 hrs) 0.00:-8040.41 4904 (35) sec
[126] Max 3518 (1485) steps (0.0004 hrs) 0.00:-8040.41 4938 (34) sec
[127] Max 3518 (947) steps (0.0003 hrs) 0.00:-8040.41 4971 (33) sec
[128] Max 3518 (632) steps (0.0002 hrs) 0.00:-8040.41 5005 (34) sec
[129] Max 3567 (3567) steps (0.0010 hrs) 0.00:-8040.41 5059 (54) sec
[130] Max 3567 (2092) steps (0.0006 hrs) 0.00:-8040.41 5109 (50) sec
[131] Max 3567 (2667) steps (0.0007 hrs) 0.00:-8040.41 5146 (37) sec
[132] Max 3567 (383) steps (0.0001 hrs) 0.00:-8040.41 5180 (34) sec
[133] Max 3567 (2606) steps (0.0007 hrs) 0.00:-8040.41 5233 (53) sec
[134] Max 3567 (1312) steps (0.0004 hrs) 0.00:-8040.41 5267 (34) sec
[135] Max 3567 (2087) steps (0.0006 hrs) 0.00:-8040.41 5301 (34) sec
[136] Max 3567 (959) steps (0.0003 hrs) 0.00:-8040.41 5335 (34) sec
[137] Max 3567 (1929) steps (0.0005 hrs) 0.00:-8040.41 5371 (36) sec
[138] Max 3567 (1167) steps (0.0003 hrs) 0.00:-8040.41 5405 (34) sec
[139] Max 3567 (689) steps (0.0002 hrs) 0.00:-8040.41 5438 (33) sec
[140] Max 3567 (1663) steps (0.0005 hrs) 0.00:-8040.41 5472 (34) sec
[141] Max 3567 (1938) steps (0.0005 hrs) 0.00:-8040.41 5526 (54) sec
[142] Max 3567 (2302) steps (0.0006 hrs) 0.00:-8040.41 5577 (51) sec
[143] Max 3567 (2628) steps (0.0007 hrs) 0.00:-8040.41 5610 (33) sec
[144] Max 3567 (1067) steps (0.0003 hrs) 0.00:-8040.41 5644 (34) sec
[145] Max 3567 (590) steps (0.0002 hrs) 0.00:-8040.41 5677 (33) sec
[146] Max 3567 (902) steps (0.0003 hrs) 0.00:-8040.41 5710 (33) sec
[147] Max 3567 (1576) steps (0.0004 hrs) 0.00:-8040.41 5745 (35) sec
[148] Max 3567 (782) steps (0.0002 hrs) 0.00:-8040.41 5778 (33) sec
[149] Max 3567 (1730) steps (0.0005 hrs) 0.00:-8040.41 5812 (34) sec
[150] Max 3567 (634) steps (0.0002 hrs) 0.00:-8040.41 5847 (35) sec
[151] Max 3567 (1755) steps (0.0005 hrs) 0.00:-8040.41 5886 (39) sec
[152] Max 3567 (1844) steps (0.0005 hrs) 0.00:-8040.41 5920 (34) sec
[153] Max 3567 (605) steps (0.0002 hrs) 0.00:-8040.41 5953 (33) sec
[154] Max 3567 (1494) steps (0.0004 hrs) 0.00:-8040.41 5987 (34) sec
[155] Max 3567 (2492) steps (0.0007 hrs) 0.00:-8040.41 6040 (53) sec
[156] Max 3951 (3951) steps (0.0011 hrs) 0.00:-8040.41 6112 (72) sec
[157] Max 3951 (1529) steps (0.0004 hrs) 0.00:-8040.41 6146 (34) sec
[158] Max 3951 (1127) steps (0.0003 hrs) 0.00:-8040.41 6179 (33) sec
[159] Max 3951 (2785) steps (0.0008 hrs) 0.00:-8040.41 6215 (36) sec
[160] Max 3951 (2017) steps (0.0006 hrs) 0.00:-8040.41 6258 (43) sec
[161] Max 3951 (3150) steps (0.0009 hrs) 0.00:-8040.41 6297 (39) sec
[162] Max 3951 (989) steps (0.0003 hrs) 0.00:-8040.41 6331 (34) sec
[163] Max 3951 (2417) steps (0.0007 hrs) 0.00:-8040.41 6382 (51) sec
[164] Max 3951 (2026) steps (0.0006 hrs) 0.00:-8040.41 6420 (38) sec
[165] Max 3951 (2323) steps (0.0006 hrs) 0.00:-8040.41 6471 (51) sec
[166] Max 3951 (1382) steps (0.0004 hrs) 0.00:-8040.41 6504 (33) sec
[167] Max 3951 (1966) steps (0.0005 hrs) 0.00:-8040.41 6556 (52) sec
[168] Max 3951 (2273) steps (0.0006 hrs) 0.00:-8040.41 6609 (53) sec
[169] Max 3951 (303) steps (0.0001 hrs) 0.00:-8040.41 6643 (34) sec
[170] Max 3951 (1812) steps (0.0005 hrs) 0.00:-8040.41 6695 (52) sec
[171] Max 3951 (2684) steps (0.0007 hrs) 0.00:-8040.41 6739 (44) sec
[172] Max 3951 (1423) steps (0.0004 hrs) 0.00:-8040.41 6777 (38) sec
[173] Max 3951 (2256) steps (0.0006 hrs) 0.00:-8040.41 6831 (54) sec
[174] Max 3951 (1866) steps (0.0005 hrs) 0.00:-8040.41 6865 (34) sec
[175] Max 3951 (2479) steps (0.0007 hrs) 0.00:-8040.41 6918 (53) sec
[176] Max 3951 (412) steps (0.0001 hrs) 0.00:-8040.41 6951 (33) sec
[177] Max 3951 (450) steps (0.0001 hrs) 0.00:-8040.41 6985 (34) sec
[178] Max 3951 (2029) steps (0.0006 hrs) 0.00:-8040.41 7037 (52) sec
[179] Max 3951 (2035) steps (0.0006 hrs) 0.00:-8040.41 7090 (53) sec
[180] Max 3951 (1747) steps (0.0005 hrs) 0.00:-8040.41 7123 (33) sec
[181] Max 3951 (753) steps (0.0002 hrs) 0.00:-8040.41 7157 (34) sec
[182] Max 3951 (1060) steps (0.0003 hrs) 0.00:-8040.41 7190 (33) sec
[183] Max 3951 (433) steps (0.0001 hrs) 0.00:-8040.41 7224 (34) sec
[184] Max 3951 (1079) steps (0.0003 hrs) 0.00:-8040.41 7257 (33) sec
[185] Max 3951 (370) steps (0.0001 hrs) 0.00:-8040.41 7291 (34) sec
[186] Max 3951 (2768) steps (0.0008 hrs) 0.00:-8040.41 7345 (54) sec
[187] Max 3951 (2249) steps (0.0006 hrs) 0.00:-8040.41 7397 (52) sec
[188] Max 3951 (1634) steps (0.0005 hrs) 0.00:-8040.41 7433 (36) sec
[189] Max 3951 (394) steps (0.0001 hrs) 0.00:-8040.41 7466 (33) sec
[190] Max 3951 (636) steps (0.0002 hrs) 0.00:-8040.41 7500 (34) sec
[191] Max 3951 (2207) steps (0.0006 hrs) 0.00:-8040.41 7554 (54) sec
[192] Max 3951 (2225) steps (0.0006 hrs) 0.00:-8040.41 7603 (49) sec
[193] Max 3951 (537) steps (0.0001 hrs) 0.00:-8040.41 7636 (33) sec
[194] Max 3951 (1435) steps (0.0004 hrs) 0.00:-8040.41 7669 (33) sec
[195] Max 3951 (1979) steps (0.0005 hrs) 0.00:-8040.41 7720 (51) sec
[196] Max 3951 (1493) steps (0.0004 hrs) 0.00:-8040.41 7753 (33) sec
[197] Max 3951 (626) steps (0.0002 hrs) 0.00:-8040.41 7786 (33) sec
[198] Max 3951 (306) steps (0.0001 hrs) 0.00:-8040.41 7819 (33) sec
[199] Max 3951 (1422) steps (0.0004 hrs) 0.00:-8040.41 7855 (36) sec
[200] Max 3951 (312) steps (0.0001 hrs) 0.00:-8040.41 7888 (33) sec
[201] Max 3951 (433) steps (0.0001 hrs) 0.00:-8040.41 7921 (33) sec
[202] Max 3951 (1639) steps (0.0005 hrs) 0.00:-8040.41 7955 (34) sec
[203] Max 3951 (2746) steps (0.0008 hrs) 0.00:-8040.41 8009 (54) sec
[204] Max 3951 (953) steps (0.0003 hrs) 0.00:-8040.41 8043 (34) sec
[205] Max 3951 (843) steps (0.0002 hrs) 0.00:-8040.41 8076 (33) sec
[206] Max 3951 (882) steps (0.0002 hrs) 0.00:-8040.41 8109 (33) sec
[207] Max 3951 (1730) steps (0.0005 hrs) 0.00:-8040.41 8144 (35) sec
[208] Max 3951 (1038) steps (0.0003 hrs) 0.00:-8040.41 8177 (33) sec
[209] Max 3951 (562) steps (0.0002 hrs) 0.00:-8040.41 8210 (33) sec
[210] Max 3951 (1327) steps (0.0004 hrs) 0.00:-8040.41 8244 (34) sec
[211] Max 3951 (520) steps (0.0001 hrs) 0.00:-8040.41 8277 (33) sec
[212] Max 3951 (2127) steps (0.0006 hrs) 0.00:-8040.41 8331 (54) sec
[213] Max 3951 (370) steps (0.0001 hrs) 0.00:-8040.41 8364 (33) sec
[214] Max 3951 (985) steps (0.0003 hrs) 0.00:-8040.41 8397 (33) sec
[215] Max 3951 (2298) steps (0.0006 hrs) 0.00:-8040.41 8435 (38) sec
[216] Max 3951 (568) steps (0.0002 hrs) 0.00:-8040.41 8468 (33) sec
[217] Max 3951 (3022) steps (0.0008 hrs) 0.00:-8040.41 8522 (54) sec
[218] Max 3951 (845) steps (0.0002 hrs) 0.00:-8040.41 8556 (34) sec
[219] Max 3951 (603) steps (0.0002 hrs) 0.00:-8040.41 8589 (33) sec
[220] Max 3951 (823) steps (0.0002 hrs) 0.00:-8040.41 8623 (34) sec
[221] Max 3951 (2467) steps (0.0007 hrs) 0.00:-8040.41 8676 (53) sec
[222] Max 3951 (1871) steps (0.0005 hrs) 0.00:-8040.41 8713 (37) sec
[223] Max 3951 (2267) steps (0.0006 hrs) 0.00:-8040.41 8767 (54) sec
[224] Max 3951 (568) steps (0.0002 hrs) 0.00:-8040.41 8800 (33) sec
[225] Max 3951 (2301) steps (0.0006 hrs) 0.00:-8040.41 8853 (53) sec
[226] Max 3951 (322) steps (0.0001 hrs) 0.00:-8040.41 8886 (33) sec
[227] Max 3951 (1488) steps (0.0004 hrs) 0.00:-8040.41 8920 (34) sec
[228] Max 3951 (364) steps (0.0001 hrs) 0.00:-8040.41 8952 (32) sec
[229] Max 3951 (1327) steps (0.0004 hrs) 0.00:-8040.41 8989 (37) sec
[230] Max 3951 (2436) steps (0.0007 hrs) 0.00:-8040.41 9023 (34) sec
[231] Max 3951 (2211) steps (0.0006 hrs) 0.00:-8040.41 9077 (54) sec
[232] Max 3951 (2449) steps (0.0007 hrs) 0.00:-8040.41 9130 (53) sec
[233] Max 3951 (304) steps (0.0001 hrs) 0.00:-8040.41 9163 (33) sec
[234] Max 3951 (1208) steps (0.0003 hrs) 0.00:-8040.41 9197 (34) sec
[235] Max 3951 (397) steps (0.0001 hrs) 0.00:-8040.41 9230 (33) sec
[236] Max 3951 (1358) steps (0.0004 hrs) 0.00:-8040.41 9264 (34) sec
[237] Max 3951 (2401) steps (0.0007 hrs) 0.00:-8040.41 9316 (52) sec
[238] Max 3951 (878) steps (0.0002 hrs) 0.00:-8040.41 9350 (34) sec
[239] Max 3951 (2356) steps (0.0007 hrs) 0.00:-8040.41 9403 (53) sec
[240] Max 3951 (1208) steps (0.0003 hrs) 0.00:-8040.41 9436 (33) sec
[241] Max 3951 (1091) steps (0.0003 hrs) 0.00:-8040.41 9472 (36) sec
[242] Max 3951 (1311) steps (0.0004 hrs) 0.00:-8040.41 9505 (33) sec
[243] Max 3951 (1694) steps (0.0005 hrs) 0.00:-8040.41 9545 (40) sec
[244] Max 3951 (449) steps (0.0001 hrs) 0.00:-8040.41 9578 (33) sec
[245] Max 3951 (514) steps (0.0001 hrs) 0.00:-8040.41 9611 (33) sec
[246] Max 3951 (1139) steps (0.0003 hrs) 0.00:-8040.41 9645 (34) sec
[247] Max 3951 (3050) steps (0.0008 hrs) 0.00:-8040.41 9685 (40) sec
[248] Max 3951 (667) steps (0.0002 hrs) 0.00:-8040.41 9718 (33) sec
[249] Max 3951 (2865) steps (0.0008 hrs) 0.00:-8040.41 9766 (48) sec
[250] Max 3951 (2248) steps (0.0006 hrs) 0.00:-8040.41 9819 (53) sec
[251] Max 3951 (1978) steps (0.0005 hrs) 0.00:-8040.41 9873 (54) sec
[252] Max 3951 (1691) steps (0.0005 hrs) 0.00:-8040.41 9907 (34) sec
[253] Max 3951 (798) steps (0.0002 hrs) 0.00:-8040.41 9940 (33) sec
[254] Max 3951 (2193) steps (0.0006 hrs) 0.00:-8040.41 9975 (35) sec
[255] Max 3951 (2365) steps (0.0007 hrs) 0.00:-8040.41 10009 (34) sec
[256] Max 3951 (699) steps (0.0002 hrs) 0.00:-8040.41 10043 (34) sec
[257] Max 3951 (2027) steps (0.0006 hrs) 0.00:-8040.41 10078 (35) sec
[258] Max 3951 (2220) steps (0.0006 hrs) 0.00:-8040.41 10132 (54) sec
[259] Max 3951 (2326) steps (0.0006 hrs) 0.00:-8040.41 10185 (53) sec
[260] Max 3951 (1726) steps (0.0005 hrs) 0.00:-8040.41 10219 (34) sec
[261] Max 3951 (693) steps (0.0002 hrs) 0.00:-8040.41 10252 (33) sec
[262] Max 3951 (2025) steps (0.0006 hrs) 0.00:-8040.41 10304 (52) sec
[263] Max 3951 (1558) steps (0.0004 hrs) 0.00:-8040.41 10338 (34) sec
[264] Max 3951 (2163) steps (0.0006 hrs) 0.00:-8040.41 10393 (55) sec
[265] Max 3951 (1704) steps (0.0005 hrs) 0.00:-8040.41 10430 (37) sec
[266] Max 3951 (1125) steps (0.0003 hrs) 0.00:-8040.41 10464 (34) sec
[267] Max 3951 (1490) steps (0.0004 hrs) 0.00:-8040.41 10497 (33) sec
[268] Max 3951 (2201) steps (0.0006 hrs) 0.00:-8040.41 10553 (56) sec
[269] Max 3951 (606) steps (0.0002 hrs) 0.00:-8040.41 10586 (33) sec
[270] Max 3951 (876) steps (0.0002 hrs) 0.00:-8040.41 10619 (33) sec
[271] Max 3951 (1753) steps (0.0005 hrs) 0.00:-8040.41 10653 (34) sec
[272] Max 3951 (1779) steps (0.0005 hrs) 0.00:-8040.41 10687 (34) sec
[273] Max 3951 (1935) steps (0.0005 hrs) 0.00:-8040.41 10740 (53) sec
[274] Max 3951 (800) steps (0.0002 hrs) 0.00:-8040.41 10773 (33) sec
[275] Max 3951 (672) steps (0.0002 hrs) 0.00:-8040.41 10806 (33) sec
[276] Max 3951 (410) steps (0.0001 hrs) 0.00:-8040.41 10840 (34) sec
[277] Max 3951 (2474) steps (0.0007 hrs) 0.00:-8040.41 10893 (53) sec
[278] Max 3951 (2493) steps (0.0007 hrs) 0.00:-8040.41 10945 (52) sec
[279] Max 3951 (1909) steps (0.0005 hrs) 0.00:-8040.41 10985 (40) sec
[280] Max 3951 (635) steps (0.0002 hrs) 0.00:-8040.41 11017 (32) sec
[281] Max 3951 (2104) steps (0.0006 hrs) 0.00:-8040.41 11071 (54) sec
[282] Max 3951 (1096) steps (0.0003 hrs) 0.00:-8040.41 11104 (33) sec
[283] Max 3951 (1263) steps (0.0004 hrs) 0.00:-8040.41 11139 (35) sec
[284] Max 3951 (2026) steps (0.0006 hrs) 0.00:-8040.41 11192 (53) sec
[285] Max 3951 (1059) steps (0.0003 hrs) 0.00:-8040.41 11226 (34) sec
[286] Max 3951 (1219) steps (0.0003 hrs) 0.00:-8040.41 11260 (34) sec
[287] Max 3951 (1753) steps (0.0005 hrs) 0.00:-8040.41 11299 (39) sec
[288] Max 3951 (2369) steps (0.0007 hrs) 0.00:-8040.41 11351 (52) sec
[289] Max 3951 (1306) steps (0.0004 hrs) 0.00:-8040.41 11384 (33) sec
[290] Max 3951 (345) steps (0.0001 hrs) 0.00:-8040.41 11418 (34) sec
[291] Max 3951 (2440) steps (0.0007 hrs) 0.00:-8040.41 11452 (34) sec
[292] Max 3951 (1834) steps (0.0005 hrs) 0.00:-8040.41 11487 (35) sec
[293] Max 3951 (892) steps (0.0002 hrs) 0.00:-8040.41 11521 (34) sec
[294] Max 3951 (2141) steps (0.0006 hrs) 0.00:-8040.41 11574 (53) sec
[295] Max 3951 (1228) steps (0.0003 hrs) 0.00:-8040.41 11609 (35) sec
[296] Max 3951 (364) steps (0.0001 hrs) 0.00:-8040.41 11642 (33) sec
[297] Max 3951 (1852) steps (0.0005 hrs) 0.00:-8040.41 11686 (44) sec
[298] Max 3951 (1347) steps (0.0004 hrs) 0.00:-8040.41 11721 (35) sec
[299] Max 3951 (2462) steps (0.0007 hrs) 0.00:-8040.41 11770 (49) sec
[300] Max 3951 (2359) steps (0.0007 hrs) 0.00:-8040.41 11826 (56) sec
[301] Max 3951 (3624) steps (0.0010 hrs) 0.00:-8040.41 11879 (53) sec
[302] Max 3951 (431) steps (0.0001 hrs) 0.00:-8040.41 11913 (34) sec
[303] Max 3951 (2269) steps (0.0006 hrs) 0.00:-8040.41 11963 (50) sec
[304] Max 3951 (1961) steps (0.0005 hrs) 0.00:-8040.41 12003 (40) sec
[305] Max 3951 (1536) steps (0.0004 hrs) 0.00:-8040.41 12037 (34) sec
[306] Max 3951 (606) steps (0.0002 hrs) 0.00:-8040.41 12070 (33) sec
[307] Max 3951 (338) steps (0.0001 hrs) 0.00:-8040.41 12104 (34) sec
[308] Max 3951 (325) steps (0.0001 hrs) 0.00:-8040.41 12137 (33) sec
[309] Max 3951 (1982) steps (0.0006 hrs) 0.00:-8040.41 12190 (53) sec
[310] Max 3951 (735) steps (0.0002 hrs) 0.00:-8040.41 12223 (33) sec
[311] Max 3951 (2402) steps (0.0007 hrs) 0.00:-8040.41 12277 (54) sec
[312] Max 3951 (412) steps (0.0001 hrs) 0.00:-8040.41 12310 (33) sec
[313] Max 4199 (4199) steps (0.0012 hrs) 0.00:-8040.41 12363 (53) sec
[314] Max 4199 (608) steps (0.0002 hrs) 0.00:-8040.41 12396 (33) sec
[315] Max 4199 (1224) steps (0.0003 hrs) 0.00:-8040.41 12431 (35) sec
[316] Max 4199 (1419) steps (0.0004 hrs) 0.00:-8040.41 12464 (33) sec
[317] Max 4199 (1069) steps (0.0003 hrs) 0.00:-8040.41 12498 (34) sec
[318] Max 4199 (2214) steps (0.0006 hrs) 0.00:-8040.41 12551 (53) sec
[319] Max 4199 (525) steps (0.0001 hrs) 0.00:-8040.41 12585 (34) sec
[320] Max 4199 (416) steps (0.0001 hrs) 0.00:-8040.41 12618 (33) sec
[321] Max 4199 (1946) steps (0.0005 hrs) 0.00:-8040.41 12652 (34) sec
[322] Max 4199 (2638) steps (0.0007 hrs) 0.00:-8040.41 12706 (54) sec
[323] Max 4199 (2564) steps (0.0007 hrs) 0.00:-8040.41 12761 (55) sec
[324] Max 4199 (970) steps (0.0003 hrs) 0.00:-8040.41 12795 (34) sec
[325] Max 4199 (2156) steps (0.0006 hrs) 0.00:-8040.41 12848 (53) sec
[326] Max 4199 (2280) steps (0.0006 hrs) 0.00:-8040.41 12898 (50) sec
[327] Max 4199 (1832) steps (0.0005 hrs) 0.00:-8040.41 12932 (34) sec
[328] Max 4199 (2389) steps (0.0007 hrs) 0.00:-8040.41 12971 (39) sec
[329] Max 4199 (3240) steps (0.0009 hrs) 0.00:-8040.41 13025 (54) sec
[330] Max 4199 (306) steps (0.0001 hrs) 0.00:-8040.41 13060 (35) sec
[331] Max 4199 (1727) steps (0.0005 hrs) 0.00:-8040.41 13099 (39) sec
[332] Max 4199 (2161) steps (0.0006 hrs) 0.00:-8040.41 13151 (52) sec
[333] Max 4199 (891) steps (0.0002 hrs) 0.00:-8040.41 13184 (33) sec
[334] Max 4199 (791) steps (0.0002 hrs) 0.00:-8040.41 13218 (34) sec
[335] Max 4199 (1035) steps (0.0003 hrs) 0.00:-8040.41 13251 (33) sec
[336] Max 4199 (2493) steps (0.0007 hrs) 0.00:-8040.41 13303 (52) sec
[337] Max 4199 (1239) steps (0.0003 hrs) 0.00:-8040.41 13337 (34) sec
[338] Max 4199 (2784) steps (0.0008 hrs) 0.00:-8040.41 13389 (52) sec
[339] Max 4199 (965) steps (0.0003 hrs) 0.00:-8040.41 13422 (33) sec
[340] Max 4199 (305) steps (0.0001 hrs) 0.00:-8040.41 13456 (34) sec
[341] Max 4199 (1940) steps (0.0005 hrs) 0.00:-8040.41 13508 (52) sec
[342] Max 4199 (2724) steps (0.0008 hrs) 0.00:-8040.41 13560 (52) sec
[343] Max 4199 (2630) steps (0.0007 hrs) 0.00:-8040.41 13613 (53) sec
[344] Max 4199 (994) steps (0.0003 hrs) 0.00:-8040.41 13646 (33) sec
[345] Max 4199 (1658) steps (0.0005 hrs) 0.00:-8040.41 13680 (34) sec
[346] Max 4199 (599) steps (0.0002 hrs) 0.00:-8040.41 13713 (33) sec
[347] Max 4199 (1150) steps (0.0003 hrs) 0.00:-8040.41 13747 (34) sec
[348] Max 4199 (1203) steps (0.0003 hrs) 0.00:-8040.41 13781 (34) sec
[349] Max 4199 (1706) steps (0.0005 hrs) 0.00:-8040.41 13815 (34) sec
[350] Max 4199 (353) steps (0.0001 hrs) 0.00:-8040.41 13848 (33) sec
[351] Max 4199 (418) steps (0.0001 hrs) 0.00:-8040.41 13881 (33) sec
[352] Max 4199 (1386) steps (0.0004 hrs) 0.00:-8040.41 13915 (34) sec
[353] Max 4199 (1987) steps (0.0006 hrs) 0.00:-8040.41 13969 (54) sec
[354] Max 4199 (952) steps (0.0003 hrs) 0.00:-8040.41 14005 (36) sec
[355] Max 4199 (1461) steps (0.0004 hrs) 0.00:-8040.41 14038 (33) sec
[356] Max 4199 (1298) steps (0.0004 hrs) 0.00:-8040.41 14073 (35) sec
[357] Max 4199 (1769) steps (0.0005 hrs) 0.00:-8040.41 14110 (37) sec
[358] Max 4199 (909) steps (0.0003 hrs) 0.00:-8040.41 14143 (33) sec
[359] Max 4199 (1427) steps (0.0004 hrs) 0.00:-8040.41 14176 (33) sec
[360] Max 4199 (2204) steps (0.0006 hrs) 0.00:-8040.41 14229 (53) sec
[361] Max 4199 (1080) steps (0.0003 hrs) 0.00:-8040.41 14262 (33) sec
[362] Max 4199 (391) steps (0.0001 hrs) 0.00:-8040.41 14296 (34) sec
[363] Max 4199 (690) steps (0.0002 hrs) 0.00:-8040.41 14329 (33) sec
[364] Max 4199 (1148) steps (0.0003 hrs) 0.00:-8040.41 14363 (34) sec
[365] Max 4199 (783) steps (0.0002 hrs) 0.00:-8040.41 14396 (33) sec
[366] Max 4199 (318) steps (0.0001 hrs) 0.00:-8040.41 14430 (34) sec
[367] Max 4199 (785) steps (0.0002 hrs) 0.00:-8040.41 14463 (33) sec
[368] Max 4199 (302) steps (0.0001 hrs) 0.00:-8040.41 14496 (33) sec
[369] Max 4199 (336) steps (0.0001 hrs) 0.00:-8040.41 14529 (33) sec
[370] Max 4199 (2481) steps (0.0007 hrs) 0.00:-8040.41 14584 (55) sec
[371] Max 4199 (428) steps (0.0001 hrs) 0.00:-8040.41 14618 (34) sec
[372] Max 4199 (501) steps (0.0001 hrs) 0.00:-8040.41 14651 (33) sec
[373] Max 4199 (471) steps (0.0001 hrs) 0.00:-8040.41 14684 (33) sec
[374] Max 4199 (2430) steps (0.0007 hrs) 0.00:-8040.41 14738 (54) sec
[375] Max 4199 (510) steps (0.0001 hrs) 0.00:-8040.41 14773 (35) sec
[376] Max 4199 (2037) steps (0.0006 hrs) 0.00:-8040.41 14824 (51) sec
[377] Max 4199 (2173) steps (0.0006 hrs) 0.00:-8040.41 14869 (45) sec
[378] Max 4199 (2268) steps (0.0006 hrs) 0.00:-8040.41 14923 (54) sec
[379] Max 4199 (1388) steps (0.0004 hrs) 0.00:-8040.41 14956 (33) sec
[380] Max 4199 (1477) steps (0.0004 hrs) 0.00:-8040.41 14991 (35) sec
[381] Max 4199 (2000) steps (0.0006 hrs) 0.00:-8040.41 15026 (35) sec
[382] Max 4199 (877) steps (0.0002 hrs) 0.00:-8040.41 15060 (34) sec
[383] Max 4199 (2326) steps (0.0006 hrs) 0.00:-8040.41 15115 (55) sec
[384] Max 4199 (1094) steps (0.0003 hrs) 0.00:-8040.41 15148 (33) sec
[385] Max 4199 (1029) steps (0.0003 hrs) 0.00:-8040.41 15182 (34) sec
[386] Max 4199 (2816) steps (0.0008 hrs) 0.00:-8040.41 15236 (54) sec
[387] Max 4199 (2136) steps (0.0006 hrs) 0.00:-8040.41 15279 (43) sec
[388] Max 4199 (949) steps (0.0003 hrs) 0.00:-8040.41 15312 (33) sec
[389] Max 4199 (1255) steps (0.0003 hrs) 0.00:-8040.41 15346 (34) sec
[390] Max 4199 (837) steps (0.0002 hrs) 0.00:-8040.41 15380 (34) sec
[391] Max 4624 (4624) steps (0.0013 hrs) 0.00:-8040.41 15441 (61) sec
[392] Max 4624 (2447) steps (0.0007 hrs) 0.00:-8040.41 15489 (48) sec
[393] Max 4624 (1148) steps (0.0003 hrs) 0.00:-8040.41 15523 (34) sec
[394] Max 4624 (2537) steps (0.0007 hrs) 0.00:-8040.41 15574 (51) sec
[395] Max 4624 (329) steps (0.0001 hrs) 0.00:-8040.41 15608 (34) sec
[396] Max 4624 (1352) steps (0.0004 hrs) 0.00:-8040.41 15643 (35) sec
[397] Max 4624 (2093) steps (0.0006 hrs) 0.00:-8040.41 15697 (54) sec
[398] Max 4624 (1994) steps (0.0006 hrs) 0.00:-8040.41 15745 (48) sec
[399] Max 4624 (1754) steps (0.0005 hrs) 0.00:-8040.41 15791 (46) sec
[400] Max 4624 (1197) steps (0.0003 hrs) 0.00:-8040.41 15825 (34) sec
[401] Max 4624 (2245) steps (0.0006 hrs) 0.00:-8040.41 15877 (52) sec
[402] Max 4624 (1787) steps (0.0005 hrs) 0.00:-8040.41 15915 (38) sec
[403] Max 4624 (790) steps (0.0002 hrs) 0.00:-8040.41 15948 (33) sec
[404] Max 4624 (2370) steps (0.0007 hrs) 0.00:-8040.41 15985 (37) sec
[405] Max 4624 (320) steps (0.0001 hrs) 0.00:-8040.41 16019 (34) sec
[406] Max 4624 (631) steps (0.0002 hrs) 0.00:-8040.41 16053 (34) sec
[407] Max 4624 (1458) steps (0.0004 hrs) 0.00:-8040.41 16086 (33) sec
[408] Max 4624 (1887) steps (0.0005 hrs) 0.00:-8040.41 16120 (34) sec
[409] Max 4624 (891) steps (0.0002 hrs) 0.00:-8040.41 16153 (33) sec
[410] Max 4624 (717) steps (0.0002 hrs) 0.00:-8040.41 16186 (33) sec
[411] Max 4624 (772) steps (0.0002 hrs) 0.00:-8040.41 16220 (34) sec
[412] Max 4624 (313) steps (0.0001 hrs) 0.00:-8040.41 16253 (33) sec
[413] Max 4624 (1829) steps (0.0005 hrs) 0.00:-8040.41 16286 (33) sec
[414] Max 4624 (445) steps (0.0001 hrs) 0.00:-8040.41 16319 (33) sec
[415] Max 4624 (1897) steps (0.0005 hrs) 0.00:-8040.41 16366 (47) sec
[416] Max 4624 (2024) steps (0.0006 hrs) 0.00:-8040.41 16403 (37) sec
[417] Max 4624 (529) steps (0.0001 hrs) 0.00:-8040.41 16436 (33) sec
[418] Max 4624 (2242) steps (0.0006 hrs) 0.00:-8040.41 16490 (54) sec
[419] Max 4624 (1067) steps (0.0003 hrs) 0.00:-8040.41 16524 (34) sec
[420] Max 4624 (1874) steps (0.0005 hrs) 0.00:-8040.41 16561 (37) sec
[421] Max 4624 (1895) steps (0.0005 hrs) 0.00:-8040.41 16597 (36) sec
[422] Max 4624 (1316) steps (0.0004 hrs) 0.00:-8040.41 16631 (34) sec
[423] Max 4624 (303) steps (0.0001 hrs) 0.00:-8040.41 16666 (35) sec
[424] Max 4624 (531) steps (0.0001 hrs) 0.00:-8040.41 16699 (33) sec
[425] Max 4624 (2535) steps (0.0007 hrs) 0.00:-8040.41 16756 (57) sec
[426] Max 4624 (596) steps (0.0002 hrs) 0.00:-8040.41 16789 (33) sec
[427] Max 4624 (2777) steps (0.0008 hrs) 0.00:-8040.41 16833 (44) sec
[428] Max 4624 (445) steps (0.0001 hrs) 0.00:-8040.41 16867 (34) sec
[429] Max 4624 (771) steps (0.0002 hrs) 0.00:-8040.41 16900 (33) sec
[430] Max 4624 (1970) steps (0.0005 hrs) 0.00:-8040.41 16941 (41) sec
[431] Max 4624 (2402) steps (0.0007 hrs) 0.00:-8040.41 16995 (54) sec
[432] Max 4891 (4891) steps (0.0014 hrs) 0.00:-8040.41 17053 (58) sec
[433] Max 4891 (2329) steps (0.0006 hrs) 0.00:-8040.41 17105 (52) sec
[434] Max 4891 (1590) steps (0.0004 hrs) 0.00:-8040.41 17140 (35) sec
[435] Max 4983 (4983) steps (0.0014 hrs) 0.00:-8040.41 17194 (54) sec
[436] Max 4983 (2511) steps (0.0007 hrs) 0.00:-8040.41 17248 (54) sec
[437] Max 4983 (1507) steps (0.0004 hrs) 0.00:-8040.41 17286 (38) sec
[438] Max 4983 (556) steps (0.0002 hrs) 0.00:-8040.41 17319 (33) sec
[439] Max 4983 (1920) steps (0.0005 hrs) 0.00:-8040.41 17354 (35) sec
[440] Max 13224 (13224) steps (0.0037 hrs) 0.00:-8040.41 17415 (61) sec
[441] Max 13224 (2622) steps (0.0007 hrs) 0.00:-8040.41 17471 (56) sec
[442] Max 13224 (1689) steps (0.0005 hrs) 0.00:-8040.41 17505 (34) sec
[443] Max 13224 (448) steps (0.0001 hrs) 0.00:-8040.41 17539 (34) sec
[444] Max 13224 (368) steps (0.0001 hrs) 0.00:-8040.41 17572 (33) sec
[445] Max 13224 (1239) steps (0.0003 hrs) 0.00:-8040.41 17607 (35) sec
[446] Max 13224 (675) steps (0.0002 hrs) 0.00:-8040.41 17641 (34) sec
[447] Max 13224 (2132) steps (0.0006 hrs) 0.00:-8040.41 17681 (40) sec
[448] Max 13224 (957) steps (0.0003 hrs) 0.00:-8040.41 17714 (33) sec
[449] Max 13224 (2193) steps (0.0006 hrs) 0.00:-8040.41 17763 (49) sec
[450] Max 13224 (1023) steps (0.0003 hrs) 0.00:-8040.41 17797 (34) sec
[451] Max 13224 (2370) steps (0.0007 hrs) 0.00:-8040.41 17850 (53) sec
[452] Max 13224 (531) steps (0.0001 hrs) 0.00:-8040.41 17884 (34) sec
[453] Max 13224 (320) steps (0.0001 hrs) 0.00:-8040.41 17917 (33) sec
[454] Max 13224 (2166) steps (0.0006 hrs) 0.00:-8040.41 17970 (53) sec
[455] Max 13224 (1185) steps (0.0003 hrs) 0.00:-8040.41 18004 (34) sec
[456] Max 13224 (2363) steps (0.0007 hrs) 0.00:-8040.41 18058 (54) sec
[457] Max 13224 (894) steps (0.0002 hrs) 0.00:-8040.41 18091 (33) sec
[458] Max 13224 (2563) steps (0.0007 hrs) 0.00:-8040.41 18146 (55) sec
[459] Max 13224 (438) steps (0.0001 hrs) 0.00:-8040.41 18179 (33) sec
[460] Max 13224 (1339) steps (0.0004 hrs) 0.00:-8040.41 18213 (34) sec
[461] Max 13224 (3114) steps (0.0009 hrs) 0.00:-8040.41 18265 (52) sec
[462] Max 13224 (2348) steps (0.0007 hrs) 0.00:-8040.41 18315 (50) sec
[463] Max 13224 (2326) steps (0.0006 hrs) 0.00:-8040.41 18356 (41) sec
[464] Max 13224 (1077) steps (0.0003 hrs) 0.00:-8040.41 18390 (34) sec
[465] Max 13224 (2272) steps (0.0006 hrs) 0.00:-8040.41 18434 (44) sec
[466] Max 13224 (737) steps (0.0002 hrs) 0.00:-8040.41 18467 (33) sec
[467] Max 13224 (1975) steps (0.0005 hrs) 0.00:-8040.41 18502 (35) sec
[468] Max 13224 (842) steps (0.0002 hrs) 0.00:-8040.41 18535 (33) sec
[469] Max 13224 (1041) steps (0.0003 hrs) 0.00:-8040.41 18569 (34) sec
[470] Max 13224 (2286) steps (0.0006 hrs) 0.00:-8040.41 18621 (52) sec
[471] Max 13224 (797) steps (0.0002 hrs) 0.00:-8040.41 18654 (33) sec
[472] Max 13224 (2185) steps (0.0006 hrs) 0.00:-8040.41 18704 (50) sec
[473] Max 13224 (2924) steps (0.0008 hrs) 0.00:-8040.41 18759 (55) sec
[474] Max 13224 (2330) steps (0.0006 hrs) 0.00:-8040.41 18812 (53) sec
[475] Max 13224 (2224) steps (0.0006 hrs) 0.00:-8040.41 18866 (54) sec
[476] Max 13224 (916) steps (0.0003 hrs) 0.00:-8040.41 18899 (33) sec
[477] Max 13224 (602) steps (0.0002 hrs) 0.00:-8040.41 18933 (34) sec
[478] Max 13224 (1290) steps (0.0004 hrs) 0.00:-8040.41 18966 (33) sec
[479] Max 13224 (2434) steps (0.0007 hrs) 0.00:-8040.41 19019 (53) sec
[480] Max 13224 (381) steps (0.0001 hrs) 0.00:-8040.41 19052 (33) sec
[481] Max 13224 (2732) steps (0.0008 hrs) 0.00:-8040.41 19106 (54) sec
[482] Max 13224 (805) steps (0.0002 hrs) 0.00:-8040.41 19140 (34) sec
[483] Max 13224 (649) steps (0.0002 hrs) 0.00:-8040.41 19173 (33) sec
[484] Max 13224 (381) steps (0.0001 hrs) 0.00:-8040.41 19207 (34) sec
[485] Max 13224 (476) steps (0.0001 hrs) 0.00:-8040.41 19240 (33) sec
[486] Max 13224 (1561) steps (0.0004 hrs) 0.00:-8040.41 19274 (34) sec
[487] Max 13224 (748) steps (0.0002 hrs) 0.00:-8040.41 19307 (33) sec
[488] Max 13224 (1393) steps (0.0004 hrs) 0.00:-8040.41 19341 (34) sec
[489] Max 13224 (1099) steps (0.0003 hrs) 0.00:-8040.41 19374 (33) sec
[490] Max 13224 (810) steps (0.0002 hrs) 0.00:-8040.41 19407 (33) sec
[491] Max 13224 (874) steps (0.0002 hrs) 0.00:-8040.41 19440 (33) sec
[492] Max 13224 (398) steps (0.0001 hrs) 0.00:-8040.41 19473 (33) sec
[493] Max 13224 (793) steps (0.0002 hrs) 0.00:-8040.41 19506 (33) sec
[494] Max 13224 (2682) steps (0.0007 hrs) 0.00:-8040.41 19540 (34) sec
[495] Max 13224 (2287) steps (0.0006 hrs) 0.00:-8040.41 19591 (51) sec
[496] Max 13224 (700) steps (0.0002 hrs) 0.00:-8040.41 19624 (33) sec
[497] Max 13224 (2132) steps (0.0006 hrs) 0.00:-8040.41 19678 (54) sec
[498] Max 13224 (2318) steps (0.0006 hrs) 0.00:-8040.41 19719 (41) sec
[499] Max 13224 (2859) steps (0.0008 hrs) 0.00:-8040.41 19753 (34) sec
[500] Max 13224 (479) steps (0.0001 hrs) 0.00:-8040.41 19786 (33) sec
[501] Max 13224 (1024) steps (0.0003 hrs) 0.00:-8040.41 19820 (34) sec
[502] Max 13224 (301) steps (0.0001 hrs) 0.00:-8040.41 19853 (33) sec
[503] Max 13224 (1866) steps (0.0005 hrs) 0.00:-8040.41 19888 (35) sec
[504] Max 13224 (485) steps (0.0001 hrs) 0.00:-8040.41 19922 (34) sec
[505] Max 13224 (3547) steps (0.0010 hrs) 0.00:-8040.41 19957 (35) sec
[506] Max 13224 (2591) steps (0.0007 hrs) 0.00:-8040.41 20010 (53) sec
[507] Max 13224 (11686) steps (0.0032 hrs) 0.00:-8040.41 20086 (76) sec
[508] Max 13224 (1443) steps (0.0004 hrs) 0.00:-8040.41 20120 (34) sec
[509] Max 13224 (984) steps (0.0003 hrs) 0.00:-8040.41 20153 (33) sec
[510] Max 13224 (362) steps (0.0001 hrs) 0.00:-8040.41 20187 (34) sec
[511] Max 13224 (1947) steps (0.0005 hrs) 0.00:-8040.41 20237 (50) sec
[512] Max 13224 (1881) steps (0.0005 hrs) 0.00:-8040.41 20283 (46) sec
[513] Max 13224 (2569) steps (0.0007 hrs) 0.00:-8040.41 20325 (42) sec
[514] Max 13224 (2162) steps (0.0006 hrs) 0.00:-8040.41 20378 (53) sec
[515] Max 13224 (2183) steps (0.0006 hrs) 0.00:-8040.41 20431 (53) sec
[516] Max 13224 (472) steps (0.0001 hrs) 0.00:-8040.41 20464 (33) sec
[517] Max 13224 (2406) steps (0.0007 hrs) 0.00:-8040.41 20518 (54) sec
[518] Max 13224 (1943) steps (0.0005 hrs) 0.00:-8040.41 20569 (51) sec
[519] Max 13224 (465) steps (0.0001 hrs) 0.00:-8040.41 20603 (34) sec
[520] Max 13224 (2496) steps (0.0007 hrs) 0.00:-8040.41 20657 (54) sec
[521] Max 13224 (669) steps (0.0002 hrs) 0.00:-8040.41 20690 (33) sec
[522] Max 13224 (485) steps (0.0001 hrs) 0.00:-8040.41 20723 (33) sec
[523] Max 13224 (2783) steps (0.0008 hrs) 0.00:-8040.41 20757 (34) sec
[524] Max 13224 (745) steps (0.0002 hrs) 0.00:-8040.41 20791 (34) sec
[525] Max 13224 (2642) steps (0.0007 hrs) 0.00:-8040.41 20842 (51) sec
[526] Max 13224 (504) steps (0.0001 hrs) 0.00:-8040.41 20875 (33) sec
[527] Max 13224 (1328) steps (0.0004 hrs) 0.00:-8040.41 20908 (33) sec
[528] Max 13224 (613) steps (0.0002 hrs) 0.00:-8040.41 20942 (34) sec
[529] Max 13224 (546) steps (0.0002 hrs) 0.00:-8040.41 20975 (33) sec
[530] Max 13224 (856) steps (0.0002 hrs) 0.00:-8040.41 21008 (33) sec
[531] Max 13224 (1101) steps (0.0003 hrs) 0.00:-8040.41 21041 (33) sec
[532] Max 13224 (1313) steps (0.0004 hrs) 0.00:-8040.41 21074 (33) sec
[533] Max 13224 (2613) steps (0.0007 hrs) 0.00:-8040.41 21126 (52) sec
[534] Max 13224 (753) steps (0.0002 hrs) 0.00:-8040.41 21160 (34) sec
[535] Max 13224 (2681) steps (0.0007 hrs) 0.00:-8040.41 21213 (53) sec
[536] Max 13224 (2679) steps (0.0007 hrs) 0.00:-8040.41 21267 (54) sec
[537] Max 13224 (484) steps (0.0001 hrs) 0.00:-8040.41 21300 (33) sec
[538] Max 13224 (2470) steps (0.0007 hrs) 0.00:-8040.41 21354 (54) sec
[539] Max 13224 (2589) steps (0.0007 hrs) 0.00:-8040.41 21402 (48) sec
[540] Max 13224 (2043) steps (0.0006 hrs) 0.00:-8040.41 21455 (53) sec
[541] Max 13224 (336) steps (0.0001 hrs) 0.00:-8040.41 21488 (33) sec
[542] Max 13224 (1072) steps (0.0003 hrs) 0.00:-8040.41 21522 (34) sec
[543] Max 13224 (483) steps (0.0001 hrs) 0.00:-8040.41 21555 (33) sec
[544] Max 13224 (701) steps (0.0002 hrs) 0.00:-8040.41 21588 (33) sec
[545] Max 13224 (2848) steps (0.0008 hrs) 0.00:-8040.41 21641 (53) sec
[546] Max 13224 (1186) steps (0.0003 hrs) 0.00:-8040.41 21674 (33) sec
[547] Max 13224 (406) steps (0.0001 hrs) 0.00:-8040.41 21708 (34) sec
[548] Max 13224 (362) steps (0.0001 hrs) 0.00:-8040.41 21741 (33) sec
[549] Max 13224 (2292) steps (0.0006 hrs) 0.00:-8040.41 21794 (53) sec
[550] Max 13224 (2134) steps (0.0006 hrs) 0.00:-8040.41 21848 (54) sec
[551] Max 13224 (2067) steps (0.0006 hrs) 0.00:-8040.41 21882 (34) sec
[552] Max 13224 (371) steps (0.0001 hrs) 0.00:-8040.41 21915 (33) sec
[553] Max 13224 (355) steps (0.0001 hrs) 0.00:-8040.41 21950 (35) sec
[554] Max 13224 (1270) steps (0.0004 hrs) 0.00:-8040.41 21984 (34) sec
[555] Max 13224 (338) steps (0.0001 hrs) 0.00:-8040.41 22017 (33) sec
[556] Max 13224 (2264) steps (0.0006 hrs) 0.00:-8040.41 22071 (54) sec
[557] Max 13224 (2193) steps (0.0006 hrs) 0.00:-8040.41 22108 (37) sec
[558] Max 13224 (1208) steps (0.0003 hrs) 0.00:-8040.41 22142 (34) sec
[559] Max 13224 (1299) steps (0.0004 hrs) 0.00:-8040.41 22175 (33) sec
[560] Max 13224 (1553) steps (0.0004 hrs) 0.00:-8040.41 22209 (34) sec
[561] Max 13224 (2217) steps (0.0006 hrs) 0.00:-8040.41 22264 (55) sec
[562] Max 13224 (1830) steps (0.0005 hrs) 0.00:-8040.41 22302 (38) sec
[563] Max 13224 (467) steps (0.0001 hrs) 0.00:-8040.41 22335 (33) sec
[564] Max 13224 (805) steps (0.0002 hrs) 0.00:-8040.41 22368 (33) sec
[565] Max 13224 (477) steps (0.0001 hrs) 0.00:-8040.41 22400 (32) sec
[566] Max 13224 (1420) steps (0.0004 hrs) 0.00:-8040.41 22433 (33) sec
[567] Max 13224 (1395) steps (0.0004 hrs) 0.00:-8040.41 22467 (34) sec
[568] Max 13224 (542) steps (0.0002 hrs) 0.00:-8040.41 22500 (33) sec
[569] Max 13224 (304) steps (0.0001 hrs) 0.00:-8040.41 22534 (34) sec
[570] Max 13224 (2691) steps (0.0007 hrs) 0.00:-8040.41 22588 (54) sec
[571] Max 13224 (777) steps (0.0002 hrs) 0.00:-8040.41 22622 (34) sec
[572] Max 13224 (721) steps (0.0002 hrs) 0.00:-8040.41 22655 (33) sec
[573] Max 13224 (2423) steps (0.0007 hrs) 0.00:-8040.41 22709 (54) sec
[574] Max 13224 (1901) steps (0.0005 hrs) 0.00:-8040.41 22750 (41) sec
[575] Max 13224 (1129) steps (0.0003 hrs) 0.00:-8040.41 22784 (34) sec
[576] Max 13224 (1588) steps (0.0004 hrs) 0.00:-8040.41 22818 (34) sec
[577] Max 13224 (2166) steps (0.0006 hrs) 0.00:-8040.41 22872 (54) sec
[578] Max 13224 (506) steps (0.0001 hrs) 0.00:-8040.41 22906 (34) sec
[579] Max 13224 (1834) steps (0.0005 hrs) 0.00:-8040.41 22939 (33) sec
[580] Max 13224 (956) steps (0.0003 hrs) 0.00:-8040.41 22972 (33) sec
[581] Max 13224 (1447) steps (0.0004 hrs) 0.00:-8040.41 23006 (34) sec
[582] Max 13224 (783) steps (0.0002 hrs) 0.00:-8040.41 23039 (33) sec
[583] Max 13224 (2221) steps (0.0006 hrs) 0.00:-8040.41 23091 (52) sec
[584] Max 13224 (1526) steps (0.0004 hrs) 0.00:-8040.41 23125 (34) sec
[585] Max 13224 (2583) steps (0.0007 hrs) 0.00:-8040.41 23178 (53) sec
[586] Max 13224 (976) steps (0.0003 hrs) 0.00:-8040.41 23212 (34) sec
[587] Max 13224 (2090) steps (0.0006 hrs) 0.00:-8040.41 23265 (53) sec
[588] Max 13224 (825) steps (0.0002 hrs) 0.00:-8040.41 23298 (33) sec
[589] Max 13224 (812) steps (0.0002 hrs) 0.00:-8040.41 23331 (33) sec
[590] Max 13224 (363) steps (0.0001 hrs) 0.00:-8040.41 23365 (34) sec
[591] Max 13224 (2711) steps (0.0008 hrs) 0.00:-8040.41 23419 (54) sec
[592] Max 13224 (2355) steps (0.0007 hrs) 0.00:-8040.41 23472 (53) sec
[593] Max 13224 (2408) steps (0.0007 hrs) 0.00:-8040.41 23524 (52) sec
[594] Max 13224 (612) steps (0.0002 hrs) 0.00:-8040.41 23557 (33) sec
[595] Max 13224 (475) steps (0.0001 hrs) 0.00:-8040.41 23591 (34) sec
[596] Max 13224 (1258) steps (0.0003 hrs) 0.00:-8040.41 23625 (34) sec
[597] Max 13224 (538) steps (0.0001 hrs) 0.00:-8040.41 23658 (33) sec
[598] Max 13224 (435) steps (0.0001 hrs) 0.00:-8040.41 23692 (34) sec
[599] Max 13224 (788) steps (0.0002 hrs) 0.00:-8040.41 23726 (34) sec
[600] Max 13224 (488) steps (0.0001 hrs) 0.00:-8040.41 23759 (33) sec
[601] Max 13224 (1864) steps (0.0005 hrs) 0.00:-8040.41 23812 (53) sec
[602] Max 13224 (2350) steps (0.0007 hrs) 0.00:-8040.41 23868 (56) sec
[603] Max 13224 (1870) steps (0.0005 hrs) 0.00:-8040.41 23904 (36) sec
[604] Max 13224 (1517) steps (0.0004 hrs) 0.00:-8040.41 23937 (33) sec
[605] Max 13224 (1237) steps (0.0003 hrs) 0.00:-8040.41 23972 (35) sec
[606] Max 13224 (770) steps (0.0002 hrs) 0.00:-8040.41 24006 (34) sec
[607] Max 13224 (410) steps (0.0001 hrs) 0.00:-8040.41 24039 (33) sec
[608] Max 13224 (718) steps (0.0002 hrs) 0.00:-8040.41 24072 (33) sec
[609] Max 13224 (1627) steps (0.0005 hrs) 0.00:-8040.41 24106 (34) sec
[610] Max 13224 (1798) steps (0.0005 hrs) 0.00:-8040.41 24149 (43) sec
[611] Max 13224 (2079) steps (0.0006 hrs) 0.00:-8040.41 24189 (40) sec
[612] Max 13224 (753) steps (0.0002 hrs) 0.00:-8040.41 24222 (33) sec
[613] Max 13224 (2317) steps (0.0006 hrs) 0.00:-8040.41 24274 (52) sec
[614] Max 13224 (1198) steps (0.0003 hrs) 0.00:-8040.41 24308 (34) sec
[615] Max 13224 (540) steps (0.0002 hrs) 0.00:-8040.41 24341 (33) sec
[616] Max 13224 (961) steps (0.0003 hrs) 0.00:-8040.41 24374 (33) sec
[617] Max 13224 (967) steps (0.0003 hrs) 0.00:-8040.41 24408 (34) sec
[618] Max 13224 (2146) steps (0.0006 hrs) 0.00:-8040.41 24461 (53) sec
[619] Max 13224 (2057) steps (0.0006 hrs) 0.00:-8040.41 24510 (49) sec
[620] Max 13224 (368) steps (0.0001 hrs) 0.00:-8040.41 24543 (33) sec
[621] Max 13224 (1346) steps (0.0004 hrs) 0.00:-8040.41 24580 (37) sec
[622] Max 13224 (1661) steps (0.0005 hrs) 0.00:-8040.41 24616 (36) sec
[623] Max 13224 (2085) steps (0.0006 hrs) 0.00:-8040.41 24668 (52) sec
[624] Max 13224 (1846) steps (0.0005 hrs) 0.00:-8040.41 24702 (34) sec
[625] Max 13224 (1307) steps (0.0004 hrs) 0.00:-8040.41 24735 (33) sec
[626] Max 13224 (2859) steps (0.0008 hrs) 0.00:-8040.41 24788 (53) sec
[627] Max 13224 (1714) steps (0.0005 hrs) 0.00:-8040.41 24827 (39) sec
[628] Max 13224 (1957) steps (0.0005 hrs) 0.00:-8040.41 24875 (48) sec
[629] Max 13224 (1050) steps (0.0003 hrs) 0.00:-8040.41 24909 (34) sec
[630] Max 13224 (2544) steps (0.0007 hrs) 0.00:-8040.41 24962 (53) sec
[631] Max 13224 (729) steps (0.0002 hrs) 0.00:-8040.41 24995 (33) sec
[632] Max 13224 (2757) steps (0.0008 hrs) 0.00:-8040.41 25037 (42) sec
[633] Max 13224 (1319) steps (0.0004 hrs) 0.00:-8040.41 25071 (34) sec
[634] Max 13224 (1858) steps (0.0005 hrs) 0.00:-8040.41 25124 (53) sec
[635] Max 13224 (1855) steps (0.0005 hrs) 0.00:-8040.41 25162 (38) sec
[636] Max 13224 (1348) steps (0.0004 hrs) 0.00:-8040.41 25195 (33) sec
[637] Max 13224 (340) steps (0.0001 hrs) 0.00:-8040.41 25228 (33) sec
[638] Max 13224 (391) steps (0.0001 hrs) 0.00:-8040.41 25262 (34) sec
[639] Max 13224 (505) steps (0.0001 hrs) 0.00:-8040.41 25295 (33) sec
[640] Max 13224 (2408) steps (0.0007 hrs) 0.00:-8040.41 25348 (53) sec
[641] Max 13224 (819) steps (0.0002 hrs) 0.00:-8040.41 25381 (33) sec
[642] Max 13224 (382) steps (0.0001 hrs) 0.00:-8040.41 25415 (34) sec
[643] Max 13224 (2455) steps (0.0007 hrs) 0.00:-8040.41 25455 (40) sec
[644] Max 13224 (1006) steps (0.0003 hrs) 0.00:-8040.41 25489 (34) sec
[645] Max 13224 (2077) steps (0.0006 hrs) 0.00:-8040.41 25534 (45) sec
[646] Max 13224 (1152) steps (0.0003 hrs) 0.00:-8040.41 25569 (35) sec
[647] Max 13224 (905) steps (0.0003 hrs) 0.00:-8040.41 25603 (34) sec
[648] Max 13224 (1052) steps (0.0003 hrs) 0.00:-8040.41 25636 (33) sec
[649] Max 13224 (2080) steps (0.0006 hrs) 0.00:-8040.41 25672 (36) sec
[650] Max 13224 (1644) steps (0.0005 hrs) 0.00:-8040.41 25705 (33) sec
[651] Max 13224 (884) steps (0.0002 hrs) 0.00:-8040.41 25739 (34) sec
[652] Max 13224 (1402) steps (0.0004 hrs) 0.00:-8040.41 25772 (33) sec
[653] Max 13224 (661) steps (0.0002 hrs) 0.00:-8040.41 25806 (34) sec
[654] Max 13224 (863) steps (0.0002 hrs) 0.00:-8040.41 25839 (33) sec
[655] Max 13224 (651) steps (0.0002 hrs) 0.00:-8040.41 25874 (35) sec
[656] Max 13224 (2132) steps (0.0006 hrs) 0.00:-8040.41 25928 (54) sec
[657] Max 13224 (2120) steps (0.0006 hrs) 0.00:-8040.41 25982 (54) sec
[658] Max 13224 (1973) steps (0.0005 hrs) 0.00:-8040.41 26025 (43) sec
[659] Max 13224 (828) steps (0.0002 hrs) 0.00:-8040.41 26058 (33) sec
[660] Max 13224 (631) steps (0.0002 hrs) 0.00:-8040.41 26091 (33) sec
[661] Max 13224 (2625) steps (0.0007 hrs) 0.00:-8040.41 26144 (53) sec
[662] Max 13224 (1805) steps (0.0005 hrs) 0.00:-8040.41 26179 (35) sec
[663] Max 13224 (687) steps (0.0002 hrs) 0.00:-8040.41 26212 (33) sec
[664] Max 13224 (491) steps (0.0001 hrs) 0.00:-8040.41 26245 (33) sec
[665] Max 13224 (1002) steps (0.0003 hrs) 0.00:-8040.41 26279 (34) sec
[666] Max 13224 (1170) steps (0.0003 hrs) 0.00:-8040.41 26313 (34) sec
[667] Max 13224 (2702) steps (0.0008 hrs) 0.00:-8040.41 26366 (53) sec
[668] Max 13224 (2210) steps (0.0006 hrs) 0.00:-8040.41 26418 (52) sec
[669] Max 13224 (2279) steps (0.0006 hrs) 0.00:-8040.41 26453 (35) sec
[670] Max 13224 (2029) steps (0.0006 hrs) 0.00:-8040.41 26506 (53) sec
[671] Max 13224 (430) steps (0.0001 hrs) 0.00:-8040.41 26540 (34) sec
[672] Max 13224 (1301) steps (0.0004 hrs) 0.00:-8040.41 26574 (34) sec
[673] Max 13224 (623) steps (0.0002 hrs) 0.00:-8040.41 26607 (33) sec
[674] Max 13224 (791) steps (0.0002 hrs) 0.00:-8040.41 26640 (33) sec
[675] Max 13224 (583) steps (0.0002 hrs) 0.00:-8040.41 26674 (34) sec
[676] Max 13224 (4390) steps (0.0012 hrs) 0.00:-8040.41 26709 (35) sec
[677] Max 13224 (304) steps (0.0001 hrs) 0.00:-8040.41 26743 (34) sec
[678] Max 13224 (689) steps (0.0002 hrs) 0.00:-8040.41 26776 (33) sec
[679] Max 13224 (358) steps (0.0001 hrs) 0.00:-8040.41 26810 (34) sec
[680] Max 13224 (745) steps (0.0002 hrs) 0.00:-8040.41 26843 (33) sec
[681] Max 13224 (1041) steps (0.0003 hrs) 0.00:-8040.41 26877 (34) sec
[682] Max 13224 (547) steps (0.0002 hrs) 0.00:-8040.41 26910 (33) sec
[683] Max 13224 (1301) steps (0.0004 hrs) 0.00:-8040.41 26944 (34) sec
[684] Max 13224 (738) steps (0.0002 hrs) 0.00:-8040.41 26977 (33) sec
[685] Max 13224 (323) steps (0.0001 hrs) 0.00:-8040.41 27010 (33) sec
[686] Max 13224 (345) steps (0.0001 hrs) 0.00:-8040.41 27043 (33) sec
[687] Max 13224 (1029) steps (0.0003 hrs) 0.00:-8040.41 27077 (34) sec
[688] Max 13224 (508) steps (0.0001 hrs) 0.00:-8040.41 27110 (33) sec
[689] Max 13224 (1047) steps (0.0003 hrs) 0.00:-8040.41 27144 (34) sec
[690] Max 13224 (406) steps (0.0001 hrs) 0.00:-8040.41 27177 (33) sec
[691] Max 13224 (790) steps (0.0002 hrs) 0.00:-8040.41 27211 (34) sec
[692] Max 13224 (457) steps (0.0001 hrs) 0.00:-8040.41 27244 (33) sec
[693] Max 13224 (2014) steps (0.0006 hrs) 0.00:-8040.41 27293 (49) sec
[694] Max 13224 (1264) steps (0.0004 hrs) 0.00:-8040.41 27327 (34) sec
[695] Max 13224 (2145) steps (0.0006 hrs) 0.00:-8040.41 27365 (38) sec
[696] Max 13224 (1979) steps (0.0005 hrs) 0.00:-8040.41 27418 (53) sec
[697] Max 13224 (339) steps (0.0001 hrs) 0.00:-8040.41 27451 (33) sec
[698] Max 13224 (1839) steps (0.0005 hrs) 0.00:-8040.41 27508 (57) sec
[699] Max 13224 (1902) steps (0.0005 hrs) 0.00:-8040.41 27541 (33) sec
[700] Max 13224 (345) steps (0.0001 hrs) 0.00:-8040.41 27575 (34) sec
[701] Max 13224 (4222) steps (0.0012 hrs) 0.00:-8040.41 27628 (53) sec
[702] Max 13224 (402) steps (0.0001 hrs) 0.00:-8040.41 27661 (33) sec
[703] Max 13224 (488) steps (0.0001 hrs) 0.00:-8040.41 27695 (34) sec
[704] Max 13224 (752) steps (0.0002 hrs) 0.00:-8040.41 27728 (33) sec
[705] Max 13224 (1255) steps (0.0003 hrs) 0.00:-8040.41 27762 (34) sec
[706] Max 13224 (2105) steps (0.0006 hrs) 0.00:-8040.41 27816 (54) sec
[707] Max 13224 (419) steps (0.0001 hrs) 0.00:-8040.41 27849 (33) sec
[708] Max 13224 (2992) steps (0.0008 hrs) 0.00:-8040.41 27887 (38) sec
[709] Max 13224 (2363) steps (0.0007 hrs) 0.00:-8040.41 27940 (53) sec
[710] Max 13224 (1798) steps (0.0005 hrs) 0.00:-8040.41 27980 (40) sec
[711] Max 13224 (1089) steps (0.0003 hrs) 0.00:-8040.41 28014 (34) sec
[712] Max 13224 (2105) steps (0.0006 hrs) 0.00:-8040.41 28067 (53) sec
[713] Max 13224 (2220) steps (0.0006 hrs) 0.00:-8040.41 28121 (54) sec
[714] Max 13224 (1584) steps (0.0004 hrs) 0.00:-8040.41 28161 (40) sec
[715] Max 13224 (1788) steps (0.0005 hrs) 0.00:-8040.41 28194 (33) sec
[716] Max 13224 (553) steps (0.0002 hrs) 0.00:-8040.41 28227 (33) sec
[717] Max 13224 (1225) steps (0.0003 hrs) 0.00:-8040.41 28261 (34) sec
[718] Max 13224 (2595) steps (0.0007 hrs) 0.00:-8040.41 28310 (49) sec
[719] Max 13224 (2009) steps (0.0006 hrs) 0.00:-8040.41 28356 (46) sec
[720] Max 13224 (1826) steps (0.0005 hrs) 0.00:-8040.41 28391 (35) sec
[721] Max 13224 (1771) steps (0.0005 hrs) 0.00:-8040.41 28425 (34) sec
[722] Max 13224 (902) steps (0.0003 hrs) 0.00:-8040.41 28458 (33) sec
[723] Max 13224 (2488) steps (0.0007 hrs) 0.00:-8040.41 28513 (55) sec
[724] Max 13224 (1938) steps (0.0005 hrs) 0.00:-8040.41 28551 (38) sec
[725] Max 13224 (775) steps (0.0002 hrs) 0.00:-8040.41 28585 (34) sec
[726] Max 13224 (848) steps (0.0002 hrs) 0.00:-8040.41 28618 (33) sec
[727] Max 13224 (740) steps (0.0002 hrs) 0.00:-8040.41 28651 (33) sec
[728] Max 13224 (1979) steps (0.0005 hrs) 0.00:-8040.41 28700 (49) sec
[729] Max 13224 (905) steps (0.0003 hrs) 0.00:-8040.41 28734 (34) sec
[730] Max 13224 (2246) steps (0.0006 hrs) 0.00:-8040.41 28770 (36) sec
[731] Max 13224 (1675) steps (0.0005 hrs) 0.00:-8040.41 28803 (33) sec
[732] Max 13224 (2073) steps (0.0006 hrs) 0.00:-8040.41 28853 (50) sec
[733] Max 13224 (3152) steps (0.0009 hrs) 0.00:-8040.41 28900 (47) sec
[734] Max 13224 (530) steps (0.0001 hrs) 0.00:-8040.41 28933 (33) sec
[735] Max 13224 (2184) steps (0.0006 hrs) 0.00:-8040.41 28987 (54) sec
[736] Max 13224 (2080) steps (0.0006 hrs) 0.00:-8040.41 29028 (41) sec
[737] Max 13224 (1601) steps (0.0004 hrs) 0.00:-8040.41 29061 (33) sec
[738] Max 13224 (2158) steps (0.0006 hrs) 0.00:-8040.41 29109 (48) sec
[739] Max 13224 (1001) steps (0.0003 hrs) 0.00:-8040.41 29143 (34) sec
[740] Max 13224 (1658) steps (0.0005 hrs) 0.00:-8040.41 29178 (35) sec
[741] Max 13224 (893) steps (0.0002 hrs) 0.00:-8040.41 29211 (33) sec
[742] Max 13224 (1003) steps (0.0003 hrs) 0.00:-8040.41 29245 (34) sec
[743] Max 13224 (721) steps (0.0002 hrs) 0.00:-8040.41 29278 (33) sec
[744] Max 13224 (1274) steps (0.0004 hrs) 0.00:-8040.41 29305 (27) sec
[745] Max 13224 (2312) steps (0.0006 hrs) 0.00:-8040.41 29347 (42) sec
[746] Max 13224 (1992) steps (0.0006 hrs) 0.00:-8040.41 29397 (50) sec
[747] Max 13224 (870) steps (0.0002 hrs) 0.00:-8040.41 29430 (33) sec
[748] Max 13224 (422) steps (0.0001 hrs) 0.00:-8040.41 29463 (33) sec
[749] Max 13224 (1978) steps (0.0005 hrs) 0.00:-8040.41 29517 (54) sec
[750] Max 13224 (1648) steps (0.0005 hrs) 0.00:-8040.41 29553 (36) sec
[751] Max 13224 (2849) steps (0.0008 hrs) 0.00:-8040.41 29604 (51) sec
[752] Max 13224 (1624) steps (0.0005 hrs) 0.00:-8040.41 29639 (35) sec
[753] Max 13224 (499) steps (0.0001 hrs) 0.00:-8040.41 29671 (32) sec
[754] Max 13224 (1956) steps (0.0005 hrs) 0.00:-8040.41 29713 (42) sec
[755] Max 13224 (2098) steps (0.0006 hrs) 0.00:-8040.41 29756 (43) sec
[756] Max 13224 (2095) steps (0.0006 hrs) 0.00:-8040.41 29806 (50) sec
[757] Max 13224 (1208) steps (0.0003 hrs) 0.00:-8040.41 29839 (33) sec
[758] Max 13224 (631) steps (0.0002 hrs) 0.00:-8040.41 29872 (33) sec
[759] Max 13224 (1904) steps (0.0005 hrs) 0.00:-8040.41 29913 (41) sec
[760] Max 13224 (2283) steps (0.0006 hrs) 0.00:-8040.41 29967 (54) sec
[761] Max 13224 (2163) steps (0.0006 hrs) 0.00:-8040.41 30002 (35) sec
[762] Max 13224 (1206) steps (0.0003 hrs) 0.00:-8040.41 30035 (33) sec
[763] Max 13224 (389) steps (0.0001 hrs) 0.00:-8040.41 30068 (33) sec
[764] Max 13224 (1003) steps (0.0003 hrs) 0.00:-8040.41 30101 (33) sec
[765] Max 13224 (2493) steps (0.0007 hrs) 0.00:-8040.41 30155 (54) sec
[766] Max 13224 (2217) steps (0.0006 hrs) 0.00:-8040.41 30208 (53) sec
[767] Max 13224 (595) steps (0.0002 hrs) 0.00:-8040.41 30242 (34) sec
[768] Max 13224 (2446) steps (0.0007 hrs) 0.00:-8040.41 30287 (45) sec
[769] Max 13224 (1386) steps (0.0004 hrs) 0.00:-8040.41 30321 (34) sec
[770] Max 13224 (2240) steps (0.0006 hrs) 0.00:-8040.41 30356 (35) sec
[771] Max 13224 (320) steps (0.0001 hrs) 0.00:-8040.41 30389 (33) sec
[772] Max 13224 (1033) steps (0.0003 hrs) 0.00:-8040.41 30423 (34) sec
[773] Max 13224 (2032) steps (0.0006 hrs) 0.00:-8040.41 30458 (35) sec
[774] Max 13224 (321) steps (0.0001 hrs) 0.00:-8040.41 30492 (34) sec
[775] Max 13224 (2646) steps (0.0007 hrs) 0.00:-8040.41 30546 (54) sec
[776] Max 13224 (1926) steps (0.0005 hrs) 0.00:-8040.41 30579 (33) sec
[777] Max 13224 (3368) steps (0.0009 hrs) 0.00:-8040.41 30637 (58) sec
[778] Max 13224 (607) steps (0.0002 hrs) 0.00:-8040.41 30671 (34) sec
[779] Max 13224 (1995) steps (0.0006 hrs) 0.00:-8040.41 30726 (55) sec
[780] Max 13224 (1094) steps (0.0003 hrs) 0.00:-8040.41 30759 (33) sec
[781] Max 13224 (719) steps (0.0002 hrs) 0.00:-8040.41 30793 (34) sec
[782] Max 13224 (2032) steps (0.0006 hrs) 0.00:-8040.41 30827 (34) sec
[783] Max 13224 (2035) steps (0.0006 hrs) 0.00:-8040.41 30866 (39) sec
[784] Max 13224 (733) steps (0.0002 hrs) 0.00:-8040.41 30900 (34) sec
[785] Max 13224 (322) steps (0.0001 hrs) 0.00:-8040.41 30933 (33) sec
[786] Max 13224 (916) steps (0.0003 hrs) 0.00:-8040.41 30966 (33) sec
[787] Max 13224 (1349) steps (0.0004 hrs) 0.00:-8040.41 31000 (34) sec
[788] Max 13224 (2204) steps (0.0006 hrs) 0.00:-8040.41 31052 (52) sec
[789] Max 13224 (372) steps (0.0001 hrs) 0.00:-8040.41 31088 (36) sec
[790] Max 13224 (1268) steps (0.0004 hrs) 0.00:-8040.41 31122 (34) sec
[791] Max 13224 (1408) steps (0.0004 hrs) 0.00:-8040.41 31156 (34) sec
[792] Max 13224 (892) steps (0.0002 hrs) 0.00:-8040.41 31190 (34) sec
[793] Max 13224 (1968) steps (0.0005 hrs) 0.00:-8040.41 31243 (53) sec
[794] Max 13224 (2803) steps (0.0008 hrs) 0.00:-8040.41 31277 (34) sec
[795] Max 13224 (2001) steps (0.0006 hrs) 0.00:-8040.41 31312 (35) sec
[796] Max 13224 (595) steps (0.0002 hrs) 0.00:-8040.41 31345 (33) sec
[797] Max 13224 (1099) steps (0.0003 hrs) 0.00:-8040.41 31378 (33) sec
[798] Max 13224 (917) steps (0.0003 hrs) 0.00:-8040.41 31412 (34) sec
[799] Max 13224 (637) steps (0.0002 hrs) 0.00:-8040.41 31445 (33) sec
[800] Max 13224 (2060) steps (0.0006 hrs) 0.00:-8040.41 31482 (37) sec
[801] Max 13224 (2329) steps (0.0006 hrs) 0.00:-8040.41 31519 (37) sec
[802] Max 13224 (1976) steps (0.0005 hrs) 0.00:-8040.41 31573 (54) sec
[803] Max 13224 (2286) steps (0.0006 hrs) 0.00:-8040.41 31627 (54) sec
[804] Max 13224 (1756) steps (0.0005 hrs) 0.00:-8040.41 31666 (39) sec
[805] Max 13224 (2722) steps (0.0008 hrs) 0.00:-8040.41 31719 (53) sec
[806] Max 13224 (2107) steps (0.0006 hrs) 0.00:-8040.41 31772 (53) sec
[807] Max 13224 (2750) steps (0.0008 hrs) 0.00:-8040.41 31829 (57) sec
[808] Max 13224 (557) steps (0.0002 hrs) 0.00:-8040.41 31862 (33) sec
[809] Max 13224 (887) steps (0.0002 hrs) 0.00:-8040.41 31896 (34) sec
[810] Max 13224 (810) steps (0.0002 hrs) 0.00:-8040.41 31929 (33) sec
[811] Max 13224 (301) steps (0.0001 hrs) 0.00:-8040.41 31963 (34) sec
[812] Max 13224 (2695) steps (0.0007 hrs) 0.00:-8040.41 32017 (54) sec
[813] Max 13224 (779) steps (0.0002 hrs) 0.00:-8040.41 32050 (33) sec
[814] Max 13224 (446) steps (0.0001 hrs) 0.00:-8040.41 32083 (33) sec
[815] Max 13224 (2698) steps (0.0007 hrs) 0.00:-8040.41 32136 (53) sec
[816] Max 13224 (651) steps (0.0002 hrs) 0.00:-8040.41 32169 (33) sec
[817] Max 13224 (2428) steps (0.0007 hrs) 0.00:-8040.41 32222 (53) sec
[818] Max 13224 (421) steps (0.0001 hrs) 0.00:-8040.41 32255 (33) sec
[819] Max 13224 (2404) steps (0.0007 hrs) 0.00:-8040.41 32308 (53) sec
[820] Max 13224 (1543) steps (0.0004 hrs) 0.00:-8040.41 32343 (35) sec
[821] Max 13224 (1193) steps (0.0003 hrs) 0.00:-8040.41 32376 (33) sec
[822] Max 13224 (506) steps (0.0001 hrs) 0.00:-8040.41 32409 (33) sec
[823] Max 13224 (2033) steps (0.0006 hrs) 0.00:-8040.41 32464 (55) sec
[824] Max 13224 (744) steps (0.0002 hrs) 0.00:-8040.41 32498 (34) sec
[825] Max 13224 (1286) steps (0.0004 hrs) 0.00:-8040.41 32531 (33) sec
[826] Max 13224 (1237) steps (0.0003 hrs) 0.00:-8040.41 32564 (33) sec
[827] Max 13224 (2400) steps (0.0007 hrs) 0.00:-8040.41 32619 (55) sec
[828] Max 13224 (641) steps (0.0002 hrs) 0.00:-8040.41 32652 (33) sec
[829] Max 13224 (1399) steps (0.0004 hrs) 0.00:-8040.41 32687 (35) sec
[830] Max 13224 (2052) steps (0.0006 hrs) 0.00:-8040.41 32741 (54) sec
[831] Max 13224 (2260) steps (0.0006 hrs) 0.00:-8040.41 32781 (40) sec
[832] Max 13224 (1601) steps (0.0004 hrs) 0.00:-8040.41 32814 (33) sec
[833] Max 13224 (655) steps (0.0002 hrs) 0.00:-8040.41 32848 (34) sec
[834] Max 13224 (2858) steps (0.0008 hrs) 0.00:-8040.41 32901 (53) sec
[835] Max 13224 (2744) steps (0.0008 hrs) 0.00:-8040.41 32941 (40) sec
[836] Max 13224 (590) steps (0.0002 hrs) 0.00:-8040.41 32974 (33) sec
[837] Max 13224 (2403) steps (0.0007 hrs) 0.00:-8040.41 33021 (47) sec
[838] Max 13224 (1704) steps (0.0005 hrs) 0.00:-8040.41 33055 (34) sec
[839] Max 13224 (2107) steps (0.0006 hrs) 0.00:-8040.41 33111 (56) sec
[840] Max 13224 (1647) steps (0.0005 hrs) 0.00:-8040.41 33145 (34) sec
[841] Max 13224 (357) steps (0.0001 hrs) 0.00:-8040.41 33178 (33) sec
[842] Max 13224 (403) steps (0.0001 hrs) 0.00:-8040.41 33212 (34) sec
[843] Max 13224 (340) steps (0.0001 hrs) 0.00:-8040.41 33246 (34) sec
[844] Max 13224 (873) steps (0.0002 hrs) 0.00:-8040.41 33279 (33) sec
[845] Max 13224 (2182) steps (0.0006 hrs) 0.00:-8040.41 33315 (36) sec
[846] Max 13224 (331) steps (0.0001 hrs) 0.00:-8040.41 33348 (33) sec
[847] Max 13224 (2156) steps (0.0006 hrs) 0.00:-8040.41 33384 (36) sec
[848] Max 13224 (803) steps (0.0002 hrs) 0.00:-8040.41 33418 (34) sec
[849] Max 13224 (2558) steps (0.0007 hrs) 0.00:-8040.41 33470 (52) sec
[850] Max 13224 (946) steps (0.0003 hrs) 0.00:-8040.41 33504 (34) sec
[851] Max 13224 (1550) steps (0.0004 hrs) 0.00:-8040.41 33540 (36) sec
[852] Max 13224 (2474) steps (0.0007 hrs) 0.00:-8040.41 33594 (54) sec
[853] Max 13224 (516) steps (0.0001 hrs) 0.00:-8040.41 33628 (34) sec
[854] Max 13224 (358) steps (0.0001 hrs) 0.00:-8040.41 33661 (33) sec
[855] Max 13224 (343) steps (0.0001 hrs) 0.00:-8040.41 33695 (34) sec
[856] Max 13224 (965) steps (0.0003 hrs) 0.00:-8040.41 33728 (33) sec
[857] Max 13224 (1292) steps (0.0004 hrs) 0.00:-8040.41 33761 (33) sec
[858] Max 13224 (860) steps (0.0002 hrs) 0.00:-8040.41 33795 (34) sec
[859] Max 13224 (2162) steps (0.0006 hrs) 0.00:-8040.41 33848 (53) sec
[860] Max 13224 (1924) steps (0.0005 hrs) 0.00:-8040.41 33902 (54) sec
[861] Max 13224 (1174) steps (0.0003 hrs) 0.00:-8040.41 33931 (29) sec
[862] Max 13224 (1951) steps (0.0005 hrs) 0.00:-8040.41 33968 (37) sec
[863] Max 13224 (1245) steps (0.0003 hrs) 0.00:-8040.41 33996 (28) sec
[864] Max 13224 (1889) steps (0.0005 hrs) 0.00:-8040.41 34026 (30) sec
[865] Max 13224 (1743) steps (0.0005 hrs) 0.00:-8040.41 34060 (34) sec
[866] Max 13224 (313) steps (0.0001 hrs) 0.00:-8040.41 34093 (33) sec
[867] Max 13224 (2199) steps (0.0006 hrs) 0.00:-8040.41 34147 (54) sec
[868] Max 13224 (1062) steps (0.0003 hrs) 0.00:-8040.41 34180 (33) sec
[869] Max 13224 (2266) steps (0.0006 hrs) 0.00:-8040.41 34233 (53) sec
[870] Max 13224 (364) steps (0.0001 hrs) 0.00:-8040.41 34266 (33) sec
[871] Max 13224 (413) steps (0.0001 hrs) 0.00:-8040.41 34300 (34) sec
[872] Max 13224 (1115) steps (0.0003 hrs) 0.00:-8040.41 34333 (33) sec
[873] Max 13224 (2150) steps (0.0006 hrs) 0.00:-8040.41 34387 (54) sec
[874] Max 13224 (510) steps (0.0001 hrs) 0.00:-8040.41 34421 (34) sec
[875] Max 13224 (424) steps (0.0001 hrs) 0.00:-8040.41 34454 (33) sec
[876] Max 13224 (1434) steps (0.0004 hrs) 0.00:-8040.41 34488 (34) sec
[877] Max 13224 (1803) steps (0.0005 hrs) 0.00:-8040.41 34525 (37) sec
[878] Max 13224 (2200) steps (0.0006 hrs) 0.00:-8040.41 34562 (37) sec
[879] Max 13224 (697) steps (0.0002 hrs) 0.00:-8040.41 34595 (33) sec
[880] Max 13224 (456) steps (0.0001 hrs) 0.00:-8040.41 34629 (34) sec
[881] Max 13224 (2253) steps (0.0006 hrs) 0.00:-8040.41 34684 (55) sec
[882] Max 13224 (5028) steps (0.0014 hrs) 0.00:-8040.41 34734 (50) sec
[883] Max 13224 (2099) steps (0.0006 hrs) 0.00:-8040.41 34788 (54) sec
[884] Max 13224 (1704) steps (0.0005 hrs) 0.00:-8040.41 34826 (38) sec
[885] Max 13224 (2514) steps (0.0007 hrs) 0.00:-8040.41 34881 (55) sec
[886] Max 13224 (991) steps (0.0003 hrs) 0.00:-8040.41 34915 (34) sec
[887] Max 13224 (391) steps (0.0001 hrs) 0.00:-8040.41 34948 (33) sec
[888] Max 13224 (891) steps (0.0002 hrs) 0.00:-8040.41 34982 (34) sec
[889] Max 13224 (811) steps (0.0002 hrs) 0.00:-8040.41 35015 (33) sec
[890] Max 13224 (421) steps (0.0001 hrs) 0.00:-8040.41 35048 (33) sec
[891] Max 13224 (1997) steps (0.0006 hrs) 0.00:-8040.41 35102 (54) sec
[892] Max 13224 (1015) steps (0.0003 hrs) 0.00:-8040.41 35135 (33) sec
[893] Max 13224 (2434) steps (0.0007 hrs) 0.00:-8040.41 35190 (55) sec
[894] Max 13224 (1952) steps (0.0005 hrs) 0.00:-8040.41 35226 (36) sec
[895] Max 13224 (1363) steps (0.0004 hrs) 0.00:-8040.41 35259 (33) sec
[896] Max 13224 (758) steps (0.0002 hrs) 0.00:-8040.41 35292 (33) sec
[897] Max 13224 (1733) steps (0.0005 hrs) 0.00:-8040.41 35332 (40) sec
[898] Max 13224 (2548) steps (0.0007 hrs) 0.00:-8040.41 35387 (55) sec
[899] Max 13224 (2002) steps (0.0006 hrs) 0.00:-8040.41 35431 (44) sec
[900] Max 13224 (2083) steps (0.0006 hrs) 0.00:-8040.41 35466 (35) sec
[901] Max 13224 (1302) steps (0.0004 hrs) 0.00:-8040.41 35500 (34) sec
[902] Max 13224 (1871) steps (0.0005 hrs) 0.00:-8040.41 35535 (35) sec
[903] Max 13224 (895) steps (0.0002 hrs) 0.00:-8040.41 35569 (34) sec
[904] Max 13224 (2581) steps (0.0007 hrs) 0.00:-8040.41 35626 (57) sec
[905] Max 13224 (2113) steps (0.0006 hrs) 0.00:-8040.41 35662 (36) sec
[906] Max 13224 (2160) steps (0.0006 hrs) 0.00:-8040.41 35709 (47) sec
[907] Max 13224 (1349) steps (0.0004 hrs) 0.00:-8040.41 35744 (35) sec
[908] Max 13224 (1587) steps (0.0004 hrs) 0.00:-8040.41 35780 (36) sec
[909] Max 13224 (2081) steps (0.0006 hrs) 0.00:-8040.41 35821 (41) sec
[910] Max 13224 (552) steps (0.0002 hrs) 0.00:-8040.41 35854 (33) sec
[911] Max 13224 (573) steps (0.0002 hrs) 0.00:-8040.41 35887 (33) sec
[912] Max 13224 (467) steps (0.0001 hrs) 0.00:-8040.41 35920 (33) sec
[913] Max 13224 (498) steps (0.0001 hrs) 0.00:-8040.41 35953 (33) sec
[914] Max 13224 (592) steps (0.0002 hrs) 0.00:-8040.41 35987 (34) sec
[915] Max 13224 (1456) steps (0.0004 hrs) 0.00:-8040.41 36021 (34) sec
[916] Max 13224 (2066) steps (0.0006 hrs) 0.00:-8040.41 36076 (55) sec
[917] Max 13224 (2643) steps (0.0007 hrs) 0.00:-8040.41 36127 (51) sec
[918] Max 13224 (2921) steps (0.0008 hrs) 0.00:-8040.41 36160 (33) sec
[919] Max 13224 (1800) steps (0.0005 hrs) 0.00:-8040.41 36199 (39) sec
[920] Max 13224 (2319) steps (0.0006 hrs) 0.00:-8040.41 36250 (51) sec
[921] Max 13224 (2891) steps (0.0008 hrs) 0.00:-8040.41 36304 (54) sec
[922] Max 13224 (2509) steps (0.0007 hrs) 0.00:-8040.41 36357 (53) sec
[923] Max 13224 (301) steps (0.0001 hrs) 0.00:-8040.41 36392 (35) sec
[924] Max 13224 (2063) steps (0.0006 hrs) 0.00:-8040.41 36442 (50) sec
[925] Max 13224 (2235) steps (0.0006 hrs) 0.00:-8040.41 36494 (52) sec
[926] Max 13224 (619) steps (0.0002 hrs) 0.00:-8040.41 36528 (34) sec
[927] Max 13224 (395) steps (0.0001 hrs) 0.00:-8040.41 36562 (34) sec
[928] Max 13224 (1129) steps (0.0003 hrs) 0.00:-8040.41 36595 (33) sec
[929] Max 13224 (1904) steps (0.0005 hrs) 0.00:-8040.41 36649 (54) sec
[930] Max 13224 (1357) steps (0.0004 hrs) 0.00:-8040.41 36685 (36) sec
[931] Max 13224 (1543) steps (0.0004 hrs) 0.00:-8040.41 36721 (36) sec
[932] Max 13224 (2198) steps (0.0006 hrs) 0.00:-8040.41 36775 (54) sec
[933] Max 13224 (378) steps (0.0001 hrs) 0.00:-8040.41 36808 (33) sec
[934] Max 13224 (1876) steps (0.0005 hrs) 0.00:-8040.41 36853 (45) sec
[935] Max 13224 (1598) steps (0.0004 hrs) 0.00:-8040.41 36886 (33) sec
[936] Max 13224 (669) steps (0.0002 hrs) 0.00:-8040.41 36920 (34) sec
[937] Max 13224 (2012) steps (0.0006 hrs) 0.00:-8040.41 36973 (53) sec
[938] Max 13224 (1276) steps (0.0004 hrs) 0.00:-8040.41 37007 (34) sec
[939] Max 13224 (1415) steps (0.0004 hrs) 0.00:-8040.41 37040 (33) sec
[940] Max 13224 (805) steps (0.0002 hrs) 0.00:-8040.41 37074 (34) sec
[941] Max 13224 (1072) steps (0.0003 hrs) 0.00:-8040.41 37107 (33) sec
[942] Max 13224 (2175) steps (0.0006 hrs) 0.00:-8040.41 37161 (54) sec
[943] Max 13224 (1630) steps (0.0005 hrs) 0.00:-8040.41 37195 (34) sec
[944] Max 13224 (1061) steps (0.0003 hrs) 0.00:-8040.41 37229 (34) sec
[945] Max 13224 (2450) steps (0.0007 hrs) 0.00:-8040.41 37283 (54) sec
[946] Max 13224 (1906) steps (0.0005 hrs) 0.00:-8040.41 37329 (46) sec
[947] Max 13224 (823) steps (0.0002 hrs) 0.00:-8040.41 37363 (34) sec
[948] Max 13224 (2192) steps (0.0006 hrs) 0.00:-8040.41 37415 (52) sec
[949] Max 13224 (1247) steps (0.0003 hrs) 0.00:-8040.41 37448 (33) sec
[950] Max 13224 (2591) steps (0.0007 hrs) 0.00:-8040.41 37503 (55) sec
[951] Max 13224 (304) steps (0.0001 hrs) 0.00:-8040.41 37536 (33) sec
[952] Max 13224 (925) steps (0.0003 hrs) 0.00:-8040.41 37570 (34) sec
[953] Max 13224 (650) steps (0.0002 hrs) 0.00:-8040.41 37604 (34) sec
[954] Max 13224 (368) steps (0.0001 hrs) 0.00:-8040.41 37637 (33) sec
[955] Max 13224 (1330) steps (0.0004 hrs) 0.00:-8040.41 37672 (35) sec
[956] Max 13224 (698) steps (0.0002 hrs) 0.00:-8040.41 37705 (33) sec
[957] Max 13224 (2098) steps (0.0006 hrs) 0.00:-8040.41 37757 (52) sec
[958] Max 13224 (371) steps (0.0001 hrs) 0.00:-8040.41 37791 (34) sec
[959] Max 13224 (1474) steps (0.0004 hrs) 0.00:-8040.41 37825 (34) sec
[960] Max 13224 (2429) steps (0.0007 hrs) 0.00:-8040.41 37878 (53) sec
[961] Max 13224 (2322) steps (0.0006 hrs) 0.00:-8040.41 37931 (53) sec
[962] Max 13224 (2765) steps (0.0008 hrs) 0.00:-8040.41 37984 (53) sec
[963] Max 13224 (514) steps (0.0001 hrs) 0.00:-8040.41 38017 (33) sec
[964] Max 13224 (1911) steps (0.0005 hrs) 0.00:-8040.41 38058 (41) sec
[965] Max 13224 (2071) steps (0.0006 hrs) 0.00:-8040.41 38112 (54) sec
[966] Max 13224 (2110) steps (0.0006 hrs) 0.00:-8040.41 38147 (35) sec
[967] Max 13224 (305) steps (0.0001 hrs) 0.00:-8040.41 38180 (33) sec
[968] Max 13224 (1561) steps (0.0004 hrs) 0.00:-8040.41 38214 (34) sec
[969] Max 13224 (515) steps (0.0001 hrs) 0.00:-8040.41 38248 (34) sec
[970] Max 13224 (2269) steps (0.0006 hrs) 0.00:-8040.41 38294 (46) sec
[971] Max 13224 (862) steps (0.0002 hrs) 0.00:-8040.41 38327 (33) sec
[972] Max 13224 (1571) steps (0.0004 hrs) 0.00:-8040.41 38363 (36) sec
[973] Max 13224 (3086) steps (0.0009 hrs) 0.00:-8040.41 38401 (38) sec
[974] Max 13224 (1516) steps (0.0004 hrs) 0.00:-8040.41 38436 (35) sec
[975] Max 13224 (555) steps (0.0002 hrs) 0.00:-8040.41 38470 (34) sec
[976] Max 13224 (647) steps (0.0002 hrs) 0.00:-8040.41 38504 (34) sec
[977] Max 13224 (2203) steps (0.0006 hrs) 0.00:-8040.41 38546 (42) sec
[978] Max 13224 (2239) steps (0.0006 hrs) 0.00:-8040.41 38598 (52) sec
[979] Max 13224 (356) steps (0.0001 hrs) 0.00:-8040.41 38632 (34) sec
[980] Max 13224 (2071) steps (0.0006 hrs) 0.00:-8040.41 38686 (54) sec
[981] Max 13224 (1039) steps (0.0003 hrs) 0.00:-8040.41 38719 (33) sec
[982] Max 13224 (1979) steps (0.0005 hrs) 0.00:-8040.41 38763 (44) sec
[983] Max 13224 (1814) steps (0.0005 hrs) 0.00:-8040.41 38806 (43) sec
[984] Max 13224 (2326) steps (0.0006 hrs) 0.00:-8040.41 38861 (55) sec
[985] Max 13224 (3203) steps (0.0009 hrs) 0.00:-8040.41 38914 (53) sec
[986] Max 13224 (426) steps (0.0001 hrs) 0.00:-8040.41 38948 (34) sec
[987] Max 13224 (2205) steps (0.0006 hrs) 0.00:-8040.41 39002 (54) sec
[988] Max 13224 (319) steps (0.0001 hrs) 0.00:-8040.41 39035 (33) sec
[989] Max 13224 (882) steps (0.0002 hrs) 0.00:-8040.41 39069 (34) sec
[990] Max 13224 (1446) steps (0.0004 hrs) 0.00:-8040.41 39102 (33) sec
[991] Max 13224 (2030) steps (0.0006 hrs) 0.00:-8040.41 39147 (45) sec
[992] Max 13224 (2250) steps (0.0006 hrs) 0.00:-8040.41 39200 (53) sec
[993] Max 13224 (2252) steps (0.0006 hrs) 0.00:-8040.41 39255 (55) sec
[994] Max 13224 (690) steps (0.0002 hrs) 0.00:-8040.41 39289 (34) sec
[995] Max 13224 (3163) steps (0.0009 hrs) 0.00:-8040.41 39338 (49) sec
[996] Max 13224 (2117) steps (0.0006 hrs) 0.00:-8040.41 39392 (54) sec
[997] Max 13224 (937) steps (0.0003 hrs) 0.00:-8040.41 39426 (34) sec
[998] Max 13224 (2478) steps (0.0007 hrs) 0.00:-8040.41 39480 (54) sec
[999] Max 13224 (2261) steps (0.0006 hrs) 0.00:-8040.41 39533 (53) sec
[1000] Max 13224 (1589) steps (0.0004 hrs) 0.00:-8040.41 39568 (35) sec
Total Elapsed time: 39568 seconds
Wrote current data to latest.train
