balanced 0 test_flag 0
[1] Max 3363 (3363) steps (0.0009 hrs) 93.96:98.42 95 (95) sec
[2] Max 3363 (1388) steps (0.0004 hrs) 500.00:445.97 149 (54) sec
[3] Max 3363 (1825) steps (0.0005 hrs) 60.27:18.08 219 (70) sec
[4] Max 3363 (1853) steps (0.0005 hrs) 160.28:218.02 287 (68) sec
[5] Max 5101 (5101) steps (0.0014 hrs) 547.74:549.50 368 (81) sec
[6] Max 5101 (4684) steps (0.0013 hrs) 666.10:662.25 441 (73) sec
[7] Max 5101 (2084) steps (0.0006 hrs) 929.94:890.12 505 (64) sec
[8] Max 5101 (1874) steps (0.0005 hrs) 97.65:85.38 594 (89) sec
[9] Max 5101 (3534) steps (0.0010 hrs) 5.38:20.94 697 (103) sec
[10] Max 5101 (3488) steps (0.0010 hrs) 807.63:798.17 785 (88) sec
[11] Max 6992 (6992) steps (0.0019 hrs) 633.87:634.58 931 (146) sec
[12] Max 6992 (950) steps (0.0003 hrs) 176.84:93.68 989 (58) sec
[13] Max 6992 (1911) steps (0.0005 hrs) 261.12:265.83 1051 (62) sec
[14] Max 6992 (3716) steps (0.0010 hrs) 314.32:293.60 1124 (73) sec
[15] Max 6992 (2231) steps (0.0006 hrs) 26.89:7.62 1208 (84) sec
[16] Max 6992 (5534) steps (0.0015 hrs) 597.04:584.93 1304 (96) sec
[17] Max 6992 (1507) steps (0.0004 hrs) 479.76:481.09 1355 (51) sec
[18] Max 6992 (1400) steps (0.0004 hrs) 299.29:316.43 1415 (60) sec
[19] Max 6992 (2281) steps (0.0006 hrs) 946.51:975.45 1491 (76) sec
[20] Max 6992 (1984) steps (0.0006 hrs) 927.42:960.18 1576 (85) sec
[21] Max 6992 (3802) steps (0.0011 hrs) 470.02:471.86 1630 (54) sec
[22] Max 6992 (2667) steps (0.0007 hrs) 906.64:932.88 1720 (90) sec
[23] Max 6992 (3158) steps (0.0009 hrs) 46.87:57.31 1807 (87) sec
[24] Max 6992 (770) steps (0.0002 hrs) 415.58:497.40 1859 (52) sec
[25] Max 6992 (2388) steps (0.0007 hrs) 300.67:283.50 1922 (63) sec
[26] Max 6992 (1747) steps (0.0005 hrs) 591.30:601.60 1972 (50) sec
[27] Max 6992 (2849) steps (0.0008 hrs) 680.59:669.71 2046 (74) sec
[28] Max 6992 (6591) steps (0.0018 hrs) 919.59:916.86 2138 (92) sec
[29] Max 6992 (1714) steps (0.0005 hrs) 586.93:647.02 2191 (53) sec
[30] Max 6992 (4205) steps (0.0012 hrs) 869.44:871.82 2259 (68) sec
[31] Max 6992 (2104) steps (0.0006 hrs) 925.86:914.92 2321 (62) sec
[32] Max 6992 (1615) steps (0.0004 hrs) 85.45:123.22 2397 (76) sec
[33] Max 6992 (2152) steps (0.0006 hrs) 881.97:886.62 2491 (94) sec
[34] Max 6992 (4089) steps (0.0011 hrs) 767.42:766.94 2556 (65) sec
[35] Max 6992 (1577) steps (0.0004 hrs) 17.12:36.14 2630 (74) sec
[36] Max 6992 (1697) steps (0.0005 hrs) 979.96:949.91 2701 (71) sec
[37] Max 6992 (2477) steps (0.0007 hrs) 953.57:987.89 2788 (87) sec
[38] Max 6992 (2116) steps (0.0006 hrs) 794.42:785.92 2843 (55) sec
[39] Max 6992 (1414) steps (0.0004 hrs) 111.74:178.22 2897 (54) sec
[40] Max 6992 (3757) steps (0.0010 hrs) 603.41:601.54 2977 (80) sec
[41] Max 6992 (5309) steps (0.0015 hrs) 956.49:960.26 3077 (100) sec
[42] Max 6992 (867) steps (0.0002 hrs) 433.68:374.86 3128 (51) sec
[43] Max 6992 (3453) steps (0.0010 hrs) 138.14:133.51 3201 (73) sec
[44] Max 6992 (1523) steps (0.0004 hrs) 424.82:478.00 3256 (55) sec
[45] Max 6992 (1090) steps (0.0003 hrs) 546.79:576.15 3310 (54) sec
[46] Max 6992 (2175) steps (0.0006 hrs) 963.22:989.43 3394 (84) sec
[47] Max 6992 (1591) steps (0.0004 hrs) 607.17:593.34 3464 (70) sec
[48] Max 6992 (2638) steps (0.0007 hrs) 74.30:86.43 3547 (83) sec
[49] Max 6992 (1614) steps (0.0004 hrs) 708.18:718.71 3596 (49) sec
[50] Max 6992 (1313) steps (0.0004 hrs) 137.09:188.88 3651 (55) sec
[51] Max 6992 (570) steps (0.0002 hrs) 98.25:277.19 3703 (52) sec
[52] Max 6992 (1831) steps (0.0005 hrs) 38.78:62.26 3778 (75) sec
[53] Max 6992 (3467) steps (0.0010 hrs) 133.54:129.51 3847 (69) sec
[54] Max 6992 (1766) steps (0.0005 hrs) 52.66:31.71 3907 (60) sec
[55] Max 6992 (1571) steps (0.0004 hrs) 38.83:64.29 3978 (71) sec
[56] Max 6992 (2662) steps (0.0007 hrs) 407.96:413.97 4033 (55) sec
[57] Max 6992 (3997) steps (0.0011 hrs) 948.46:952.21 4140 (107) sec
[58] Max 9539 (9539) steps (0.0026 hrs) 35.96:40.78 4284 (144) sec
[59] Max 9539 (4286) steps (0.0012 hrs) 655.39:643.26 4368 (84) sec
[60] Max 9539 (2386) steps (0.0007 hrs) 9.64:12.15 4454 (86) sec
[61] Max 9539 (1174) steps (0.0003 hrs) 458.26:415.67 4508 (54) sec
[62] Max 9539 (833) steps (0.0002 hrs) 489.80:563.03 4556 (48) sec
[63] Max 9539 (1216) steps (0.0003 hrs) 465.46:448.19 4610 (54) sec
[64] Max 9539 (2550) steps (0.0007 hrs) 980.39:993.73 4696 (86) sec
[65] Max 9539 (1961) steps (0.0005 hrs) 921.47:961.75 4769 (73) sec
[66] Max 9539 (1401) steps (0.0004 hrs) 540.33:546.75 4823 (54) sec
[67] Max 9539 (1961) steps (0.0005 hrs) 254.97:267.72 4879 (56) sec
[68] Max 9539 (2253) steps (0.0006 hrs) 5.77:23.08 4965 (86) sec
[69] Max 9539 (2321) steps (0.0006 hrs) 994.40:990.09 5051 (86) sec
[70] Max 9539 (2442) steps (0.0007 hrs) 988.94:993.86 5139 (88) sec
[71] Max 9539 (3836) steps (0.0011 hrs) 408.24:410.58 5202 (63) sec
[72] Max 9539 (1332) steps (0.0004 hrs) 442.19:438.44 5254 (52) sec
[73] Max 9539 (1453) steps (0.0004 hrs) 492.09:497.59 5309 (55) sec
[74] Max 9539 (4557) steps (0.0013 hrs) 57.27:57.93 5408 (99) sec
[75] Max 9539 (1904) steps (0.0005 hrs) 58.30:18.91 5482 (74) sec
[76] Max 9539 (2597) steps (0.0007 hrs) 188.29:185.60 5538 (56) sec
[77] Max 9539 (881) steps (0.0002 hrs) 121.45:102.16 5593 (55) sec
[78] Max 9539 (1111) steps (0.0003 hrs) 607.56:556.26 5651 (58) sec
[79] Max 9539 (2286) steps (0.0006 hrs) 725.72:738.85 5709 (58) sec
[80] Max 9539 (4298) steps (0.0012 hrs) 254.77:258.03 5768 (59) sec
[81] Max 9539 (2497) steps (0.0007 hrs) 419.70:419.70 5840 (72) sec
[82] Max 9539 (3002) steps (0.0008 hrs) 869.42:853.10 5928 (88) sec
[83] Max 9539 (1027) steps (0.0003 hrs) 446.93:444.01 5976 (48) sec
[84] Max 9539 (2847) steps (0.0008 hrs) 676.85:684.93 6034 (58) sec
[85] Max 9539 (1797) steps (0.0005 hrs) 944.91:948.25 6099 (65) sec
[86] Max 9539 (3533) steps (0.0010 hrs) 52.93:48.68 6200 (101) sec
[87] Max 9539 (658) steps (0.0002 hrs) 574.47:705.17 6252 (52) sec
[88] Max 9539 (827) steps (0.0002 hrs) 587.67:656.59 6302 (50) sec
[89] Max 9539 (1408) steps (0.0004 hrs) 181.82:220.17 6361 (59) sec
[90] Max 9539 (890) steps (0.0002 hrs) 475.28:593.26 6419 (58) sec
[91] Max 9539 (2845) steps (0.0008 hrs) 41.83:70.65 6508 (89) sec
[92] Max 9539 (1684) steps (0.0005 hrs) 880.05:919.83 6584 (76) sec
[93] Max 9539 (3369) steps (0.0009 hrs) 336.00:327.69 6647 (63) sec
[94] Max 9539 (5744) steps (0.0016 hrs) 442.90:445.16 6730 (83) sec
[95] Max 9539 (2701) steps (0.0008 hrs) 848.20:859.68 6789 (59) sec
[96] Max 9539 (3801) steps (0.0011 hrs) 212.84:214.68 6848 (59) sec
[97] Max 9539 (1142) steps (0.0003 hrs) 388.79:309.11 6899 (51) sec
[98] Max 9539 (4546) steps (0.0013 hrs) 836.78:830.18 6969 (70) sec
[99] Max 9539 (2663) steps (0.0007 hrs) 971.46:983.10 7051 (82) sec
[100] Max 9539 (3757) steps (0.0010 hrs) 346.82:339.10 7108 (57) sec
[101] Max 9539 (873) steps (0.0002 hrs) 467.35:501.72 7157 (49) sec
[102] Max 9539 (2964) steps (0.0008 hrs) 635.63:622.13 7217 (60) sec
[103] Max 9539 (1427) steps (0.0004 hrs) 418.36:445.69 7270 (53) sec
[104] Max 9539 (3225) steps (0.0009 hrs) 876.28:880.62 7357 (87) sec
[105] Max 9539 (1381) steps (0.0004 hrs) 98.48:55.03 7423 (66) sec
[106] Max 9539 (1571) steps (0.0004 hrs) 56.65:6.37 7486 (63) sec
[107] Max 9539 (1516) steps (0.0004 hrs) 794.20:839.05 7544 (58) sec
[108] Max 9539 (936) steps (0.0003 hrs) 532.05:474.36 7595 (51) sec
[109] Max 9539 (1818) steps (0.0005 hrs) 61.06:86.91 7665 (70) sec
[110] Max 9539 (3237) steps (0.0009 hrs) 638.86:622.18 7718 (53) sec
[111] Max 9539 (2231) steps (0.0006 hrs) 906.32:945.32 7792 (74) sec
[112] Max 9539 (1454) steps (0.0004 hrs) 826.00:876.20 7851 (59) sec
[113] Max 9539 (5033) steps (0.0014 hrs) 128.95:129.54 7978 (127) sec
[114] Max 9539 (4011) steps (0.0011 hrs) 320.87:306.91 8046 (68) sec
[115] Max 9539 (2509) steps (0.0007 hrs) 901.95:934.64 8118 (72) sec
[116] Max 9539 (3852) steps (0.0011 hrs) 204.05:206.39 8197 (79) sec
[117] Max 9539 (1611) steps (0.0004 hrs) 10.55:30.42 8266 (69) sec
[118] Max 9539 (1288) steps (0.0004 hrs) 482.92:438.66 8321 (55) sec
[119] Max 9539 (2285) steps (0.0006 hrs) 976.81:981.62 8390 (69) sec
[120] Max 9539 (4257) steps (0.0012 hrs) 415.32:420.72 8470 (80) sec
[121] Max 9539 (2167) steps (0.0006 hrs) 42.92:38.30 8559 (89) sec
[122] Max 9539 (2734) steps (0.0008 hrs) 791.15:785.66 8641 (82) sec
[123] Max 9539 (1438) steps (0.0004 hrs) 534.08:504.87 8690 (49) sec
[124] Max 9539 (2604) steps (0.0007 hrs) 570.28:572.20 8753 (63) sec
[125] Max 9539 (1797) steps (0.0005 hrs) 803.00:838.06 8828 (75) sec
[126] Max 9539 (4160) steps (0.0012 hrs) 55.05:50.24 8918 (90) sec
[127] Max 9539 (3337) steps (0.0009 hrs) 862.15:853.76 8999 (81) sec
[128] Max 9539 (3922) steps (0.0011 hrs) 675.42:683.07 9070 (71) sec
[129] Max 9539 (3262) steps (0.0009 hrs) 654.51:645.62 9126 (56) sec
[130] Max 9539 (4149) steps (0.0012 hrs) 665.94:681.61 9199 (73) sec
[131] Max 9539 (2902) steps (0.0008 hrs) 8.96:41.70 9283 (84) sec
[132] Max 9539 (1084) steps (0.0003 hrs) 500.92:480.63 9341 (58) sec
[133] Max 9539 (2063) steps (0.0006 hrs) 993.21:990.79 9426 (85) sec
[134] Max 9539 (4924) steps (0.0014 hrs) 575.35:586.11 9520 (94) sec
[135] Max 9539 (2594) steps (0.0007 hrs) 27.76:36.24 9593 (73) sec
[136] Max 9539 (2065) steps (0.0006 hrs) 544.31:562.23 9674 (81) sec
[137] Max 9539 (1065) steps (0.0003 hrs) 467.61:540.85 9726 (52) sec
[138] Max 9539 (2212) steps (0.0006 hrs) 992.31:991.86 9816 (90) sec
[139] Max 9539 (2316) steps (0.0006 hrs) 148.10:155.87 9875 (59) sec
[140] Max 9539 (3276) steps (0.0009 hrs) 337.30:336.69 9931 (56) sec
[141] Max 9539 (5695) steps (0.0016 hrs) 278.14:281.65 10043 (112) sec
[142] Max 9539 (2470) steps (0.0007 hrs) 227.13:236.84 10113 (70) sec
[143] Max 9539 (777) steps (0.0002 hrs) 557.27:471.04 10163 (50) sec
[144] Max 9539 (1883) steps (0.0005 hrs) 961.76:984.07 10238 (75) sec
[145] Max 9539 (1713) steps (0.0005 hrs) 269.70:246.35 10296 (58) sec
[146] Max 9539 (813) steps (0.0002 hrs) 441.57:376.38 10347 (51) sec
[147] Max 9539 (5195) steps (0.0014 hrs) 754.38:751.88 10438 (91) sec
[148] Max 9539 (3593) steps (0.0010 hrs) 118.84:120.79 10513 (75) sec
[149] Max 9539 (1011) steps (0.0003 hrs) 437.19:466.86 10569 (56) sec
[150] Max 9539 (2108) steps (0.0006 hrs) 990.99:971.06 10644 (75) sec
[151] Max 9539 (4802) steps (0.0013 hrs) 863.18:868.39 10726 (82) sec
[152] Max 9539 (3606) steps (0.0010 hrs) 381.86:376.87 10804 (78) sec
[153] Max 9539 (1826) steps (0.0005 hrs) 920.59:953.45 10864 (60) sec
[154] Max 9539 (2677) steps (0.0007 hrs) 71.72:80.31 10934 (70) sec
[155] Max 9539 (2994) steps (0.0008 hrs) 57.78:58.12 11017 (83) sec
[156] Max 9539 (976) steps (0.0003 hrs) 886.27:810.45 11068 (51) sec
[157] Max 9539 (4875) steps (0.0014 hrs) 58.67:64.82 11157 (89) sec
[158] Max 9539 (619) steps (0.0002 hrs) 476.58:536.35 11221 (64) sec
[159] Max 9539 (709) steps (0.0002 hrs) 543.02:693.94 11281 (60) sec
[160] Max 9539 (5475) steps (0.0015 hrs) 59.54:59.18 11389 (108) sec
[161] Max 9539 (1763) steps (0.0005 hrs) 363.02:359.05 11456 (67) sec
[162] Max 9539 (3946) steps (0.0011 hrs) 727.57:702.74 11533 (77) sec
[163] Max 9539 (2193) steps (0.0006 hrs) 624.26:614.23 11598 (65) sec
[164] Max 9539 (1797) steps (0.0005 hrs) 987.76:991.10 11687 (89) sec
[165] Max 9539 (2420) steps (0.0007 hrs) 816.53:831.82 11782 (95) sec
[166] Max 9539 (2175) steps (0.0006 hrs) 904.37:942.99 11852 (70) sec
[167] Max 9539 (1873) steps (0.0005 hrs) 243.99:233.85 11923 (71) sec
[168] Max 9539 (6089) steps (0.0017 hrs) 103.96:108.39 12033 (110) sec
[169] Max 9539 (3755) steps (0.0010 hrs) 778.96:781.89 12122 (89) sec
[170] Max 9539 (1381) steps (0.0004 hrs) 7.24:5.79 12206 (84) sec
[171] Max 9539 (4745) steps (0.0013 hrs) 83.03:88.51 12326 (120) sec
[172] Max 9539 (2081) steps (0.0006 hrs) 11.53:54.78 12421 (95) sec
[173] Max 9539 (4189) steps (0.0012 hrs) 931.01:926.71 12511 (90) sec
[174] Max 9539 (689) steps (0.0002 hrs) 568.94:721.34 12568 (57) sec
[175] Max 9539 (1631) steps (0.0005 hrs) 955.86:939.30 12644 (76) sec
[176] Max 9539 (1431) steps (0.0004 hrs) 864.43:846.26 12704 (60) sec
[177] Max 9539 (1859) steps (0.0005 hrs) 920.39:953.74 12784 (80) sec
[178] Max 9539 (2975) steps (0.0008 hrs) 93.78:84.37 12858 (74) sec
[179] Max 9539 (1728) steps (0.0005 hrs) 23.73:74.07 12948 (90) sec
[180] Max 9539 (2006) steps (0.0006 hrs) 142.07:148.06 13003 (55) sec
[181] Max 9539 (1195) steps (0.0003 hrs) 968.20:962.34 13081 (78) sec
[182] Max 9539 (6628) steps (0.0018 hrs) 326.64:318.80 13153 (72) sec
[183] Max 9539 (2682) steps (0.0007 hrs) 264.73:255.78 13231 (78) sec
[184] Max 9840 (9840) steps (0.0027 hrs) 937.30:944.41 13382 (151) sec
[185] Max 9840 (1781) steps (0.0005 hrs) 311.06:268.39 13471 (89) sec
[186] Max 9840 (5927) steps (0.0016 hrs) 32.73:29.36 13591 (120) sec
[187] Max 9840 (1151) steps (0.0003 hrs) 957.43:860.12 13660 (69) sec
[188] Max 9840 (1376) steps (0.0004 hrs) 842.30:907.70 13725 (65) sec
[189] Max 9840 (4493) steps (0.0012 hrs) 811.48:805.92 13820 (95) sec
[190] Max 9840 (9361) steps (0.0026 hrs) 498.66:494.61 13923 (103) sec
[191] Max 9840 (2681) steps (0.0007 hrs) 571.80:577.02 13997 (74) sec
[192] Max 9840 (2046) steps (0.0006 hrs) 511.24:489.74 14058 (61) sec
[193] Max 9840 (2161) steps (0.0006 hrs) 14.35:65.25 14151 (93) sec
[194] Max 9840 (2177) steps (0.0006 hrs) 11.48:31.24 14247 (96) sec
[195] Max 9840 (3424) steps (0.0010 hrs) 883.47:889.60 14327 (80) sec
[196] Max 9840 (2444) steps (0.0007 hrs) 45.83:45.83 14422 (95) sec
[197] Max 9840 (1908) steps (0.0005 hrs) 26.21:46.12 14511 (89) sec
[198] Max 9840 (5262) steps (0.0015 hrs) 749.90:736.79 14621 (110) sec
[199] Max 9840 (4257) steps (0.0012 hrs) 618.98:621.56 14726 (105) sec
[200] Max 9840 (2904) steps (0.0008 hrs) 674.24:670.45 14831 (105) sec
[201] Max 9840 (1959) steps (0.0005 hrs) 863.71:841.25 14911 (80) sec
[202] Max 9840 (696) steps (0.0002 hrs) 530.17:433.91 14970 (59) sec
[203] Max 9840 (1778) steps (0.0005 hrs) 434.76:438.70 15035 (65) sec
[204] Max 9840 (3881) steps (0.0011 hrs) 902.34:916.00 15147 (112) sec
[205] Max 9840 (1607) steps (0.0004 hrs) 136.28:148.10 15222 (75) sec
[206] Max 9840 (1819) steps (0.0005 hrs) 192.41:212.20 15300 (78) sec
[207] Max 9840 (634) steps (0.0002 hrs) 493.69:623.03 15360 (60) sec
[208] Max 9840 (2165) steps (0.0006 hrs) 36.95:8.31 15454 (94) sec
[209] Max 9840 (1194) steps (0.0003 hrs) 203.52:272.19 15519 (65) sec
[210] Max 9840 (4387) steps (0.0012 hrs) 443.58:449.51 15587 (68) sec
[211] Max 9840 (5927) steps (0.0016 hrs) 139.36:133.79 15713 (126) sec
[212] Max 9840 (3248) steps (0.0009 hrs) 932.88:922.41 15810 (97) sec
[213] Max 9840 (1950) steps (0.0005 hrs) 875.90:900.51 15891 (81) sec
[214] Max 9840 (3129) steps (0.0009 hrs) 925.85:911.79 15988 (97) sec
[215] Max 9840 (6049) steps (0.0017 hrs) 100.68:107.95 16111 (123) sec
[216] Max 9840 (2506) steps (0.0007 hrs) 781.72:784.12 16189 (78) sec
[217] Max 9840 (3296) steps (0.0009 hrs) 333.43:310.38 16279 (90) sec
[218] Max 9840 (978) steps (0.0003 hrs) 455.01:533.74 16335 (56) sec
[219] Max 9840 (1892) steps (0.0005 hrs) 728.33:757.93 16392 (57) sec
[220] Max 9840 (2952) steps (0.0008 hrs) 507.79:515.24 16467 (75) sec
[221] Max 9840 (6458) steps (0.0018 hrs) 813.72:817.75 16569 (102) sec
[222] Max 9840 (5882) steps (0.0016 hrs) 158.79:153.86 16685 (116) sec
[223] Max 9840 (1175) steps (0.0003 hrs) 297.87:211.91 16743 (58) sec
[224] Max 9840 (6456) steps (0.0018 hrs) 543.06:535.16 16818 (75) sec
[225] Max 9840 (2949) steps (0.0008 hrs) 480.84:485.25 16903 (85) sec
[226] Max 9840 (7969) steps (0.0022 hrs) 826.70:823.44 17012 (109) sec
[227] Max 9840 (1077) steps (0.0003 hrs) 490.25:445.68 17064 (52) sec
[228] Max 9840 (4096) steps (0.0011 hrs) 914.79:909.42 17144 (80) sec
[229] Max 9840 (3173) steps (0.0009 hrs) 798.61:782.22 17221 (77) sec
[230] Max 9840 (4625) steps (0.0013 hrs) 946.16:953.30 17317 (96) sec
[231] Max 9840 (3815) steps (0.0011 hrs) 277.59:271.56 17413 (96) sec
[232] Max 9840 (9602) steps (0.0027 hrs) 290.36:298.90 17498 (85) sec
[233] Max 9840 (963) steps (0.0003 hrs) 366.56:289.72 17552 (54) sec
[234] Max 9840 (968) steps (0.0003 hrs) 446.28:435.95 17604 (52) sec
[235] Max 9840 (2135) steps (0.0006 hrs) 423.42:441.69 17663 (59) sec
[236] Max 9840 (1999) steps (0.0006 hrs) 589.29:570.79 17722 (59) sec
[237] Max 9840 (2080) steps (0.0006 hrs) 115.38:123.56 17783 (61) sec
[238] Max 9840 (1212) steps (0.0003 hrs) 104.79:23.93 17848 (65) sec
[239] Max 9840 (6339) steps (0.0018 hrs) 322.29:319.92 17933 (85) sec
[240] Max 9840 (1485) steps (0.0004 hrs) 104.38:154.88 17988 (55) sec
[241] Max 9840 (893) steps (0.0002 hrs) 403.14:466.97 18035 (47) sec
[242] Max 9840 (4505) steps (0.0013 hrs) 144.73:144.28 18121 (86) sec
[243] Max 9840 (1235) steps (0.0003 hrs) 936.84:983.00 18176 (55) sec
[244] Max 9840 (1843) steps (0.0005 hrs) 583.29:601.74 18236 (60) sec
[245] Max 9840 (1631) steps (0.0005 hrs) 135.50:138.57 18294 (58) sec
[246] Max 9840 (1231) steps (0.0003 hrs) 455.73:449.23 18350 (56) sec
[247] Max 9840 (917) steps (0.0003 hrs) 124.32:208.29 18409 (59) sec
[248] Max 9840 (1801) steps (0.0005 hrs) 920.04:934.48 18475 (66) sec
[249] Max 9840 (4800) steps (0.0013 hrs) 419.17:424.79 18544 (69) sec
[250] Max 9840 (2762) steps (0.0008 hrs) 985.52:967.05 18612 (68) sec
[251] Max 9840 (2643) steps (0.0007 hrs) 60.16:72.64 18708 (96) sec
[252] Max 9840 (2393) steps (0.0007 hrs) 980.36:976.60 18782 (74) sec
[253] Max 9840 (3372) steps (0.0009 hrs) 289.44:295.67 18840 (58) sec
[254] Max 9840 (3156) steps (0.0009 hrs) 955.64:944.55 18933 (93) sec
[255] Max 9840 (1578) steps (0.0004 hrs) 806.08:856.15 18991 (58) sec
[256] Max 9840 (2453) steps (0.0007 hrs) 289.44:300.86 19045 (54) sec
[257] Max 9840 (1007) steps (0.0003 hrs) 465.74:449.85 19093 (48) sec
[258] Max 9840 (2713) steps (0.0008 hrs) 32.81:22.85 19187 (94) sec
[259] Max 9840 (5489) steps (0.0015 hrs) 227.00:229.00 19259 (72) sec
[260] Max 9840 (1074) steps (0.0003 hrs) 322.16:370.58 19315 (56) sec
[261] Max 9840 (1031) steps (0.0003 hrs) 209.51:200.78 19370 (55) sec
[262] Max 9840 (991) steps (0.0003 hrs) 542.89:494.45 19418 (48) sec
[263] Max 9840 (1307) steps (0.0004 hrs) 518.75:514.92 19484 (66) sec
[264] Max 9840 (1119) steps (0.0003 hrs) 80.43:43.79 19542 (58) sec
[265] Max 9840 (2523) steps (0.0007 hrs) 41.62:68.57 19625 (83) sec
[266] Max 9840 (1132) steps (0.0003 hrs) 891.34:960.25 19682 (57) sec
[267] Max 9840 (7432) steps (0.0021 hrs) 190.12:191.60 19769 (87) sec
[268] Max 9840 (1549) steps (0.0004 hrs) 923.18:859.91 19833 (64) sec
[269] Max 9840 (2818) steps (0.0008 hrs) 509.58:516.68 19916 (83) sec
[270] Max 9840 (3411) steps (0.0009 hrs) 628.55:641.75 19999 (83) sec
[271] Max 9840 (4474) steps (0.0012 hrs) 823.65:827.89 20075 (76) sec
[272] Max 9840 (6007) steps (0.0017 hrs) 70.42:65.09 20212 (137) sec
[273] Max 9840 (1978) steps (0.0005 hrs) 622.35:616.78 20267 (55) sec
[274] Max 9840 (1091) steps (0.0003 hrs) 494.04:562.79 20316 (49) sec
[275] Max 9840 (2259) steps (0.0006 hrs) 162.46:180.61 20376 (60) sec
[276] Max 9840 (4417) steps (0.0012 hrs) 303.15:315.15 20449 (73) sec
[277] Max 9840 (1019) steps (0.0003 hrs) 576.05:565.26 20501 (52) sec
[278] Max 9840 (1680) steps (0.0005 hrs) 607.14:583.33 20554 (53) sec
[279] Max 9840 (4688) steps (0.0013 hrs) 106.87:126.28 20635 (81) sec
[280] Max 9840 (897) steps (0.0002 hrs) 491.64:571.91 20686 (51) sec
[281] Max 9840 (2187) steps (0.0006 hrs) 108.82:107.45 20766 (80) sec
[282] Max 9840 (3524) steps (0.0010 hrs) 768.44:777.81 20818 (52) sec
[283] Max 9840 (1457) steps (0.0004 hrs) 126.29:104.32 20885 (67) sec
[284] Max 9840 (1032) steps (0.0003 hrs) 438.95:349.81 20937 (52) sec
[285] Max 9840 (2587) steps (0.0007 hrs) 906.46:919.98 21025 (88) sec
[286] Max 9840 (5347) steps (0.0015 hrs) 470.54:461.75 21082 (57) sec
[287] Max 9840 (3871) steps (0.0011 hrs) 432.45:422.37 21158 (76) sec
[288] Max 9840 (2290) steps (0.0006 hrs) 652.84:650.65 21216 (58) sec
[289] Max 9840 (963) steps (0.0003 hrs) 504.67:464.17 21269 (53) sec
[290] Max 9840 (1166) steps (0.0003 hrs) 963.12:881.65 21326 (57) sec
[291] Max 9840 (2225) steps (0.0006 hrs) 576.63:574.38 21411 (85) sec
[292] Max 9840 (3234) steps (0.0009 hrs) 986.39:987.94 21504 (93) sec
[293] Max 9840 (2150) steps (0.0006 hrs) 12.09:9.77 21586 (82) sec
[294] Max 9840 (2006) steps (0.0006 hrs) 515.45:543.37 21645 (59) sec
[295] Max 9840 (875) steps (0.0002 hrs) 475.43:427.43 21695 (50) sec
[296] Max 9840 (1096) steps (0.0003 hrs) 484.49:484.49 21743 (48) sec
[297] Max 9840 (1762) steps (0.0005 hrs) 966.52:921.11 21810 (67) sec
[298] Max 9840 (6245) steps (0.0017 hrs) 332.27:337.71 21893 (83) sec
[299] Max 9840 (1888) steps (0.0005 hrs) 935.38:921.08 21967 (74) sec
[300] Max 9840 (4986) steps (0.0014 hrs) 250.50:241.07 22040 (73) sec
[301] Max 9840 (7638) steps (0.0021 hrs) 869.86:875.36 22159 (119) sec
[302] Max 9840 (6214) steps (0.0017 hrs) 815.90:814.29 22241 (82) sec
[303] Max 9840 (2653) steps (0.0007 hrs) 543.54:557.11 22291 (50) sec
[304] Max 9840 (4202) steps (0.0012 hrs) 77.11:69.49 22401 (110) sec
[305] Max 11207 (11207) steps (0.0031 hrs) 93.87:99.22 22504 (103) sec
[306] Max 11207 (3905) steps (0.0011 hrs) 625.61:621.77 22565 (61) sec
[307] Max 11207 (3075) steps (0.0009 hrs) 773.98:771.38 22634 (69) sec
[308] Max 11207 (3350) steps (0.0009 hrs) 11.94:44.18 22735 (101) sec
[309] Max 11207 (2069) steps (0.0006 hrs) 987.43:964.23 22806 (71) sec
[310] Max 11207 (1717) steps (0.0005 hrs) 870.70:880.61 22882 (76) sec
[311] Max 11207 (1880) steps (0.0005 hrs) 531.38:525.53 22950 (68) sec
[312] Max 11207 (1662) steps (0.0005 hrs) 74.01:57.76 23018 (68) sec
[313] Max 11207 (1076) steps (0.0003 hrs) 621.75:529.74 23067 (49) sec
[314] Max 11207 (1402) steps (0.0004 hrs) 531.38:550.64 23118 (51) sec
[315] Max 11207 (4493) steps (0.0012 hrs) 827.29:832.41 23213 (95) sec
[316] Max 11207 (3213) steps (0.0009 hrs) 221.60:205.73 23280 (67) sec
[317] Max 11207 (2130) steps (0.0006 hrs) 65.73:16.90 23354 (74) sec
[318] Max 11207 (1654) steps (0.0005 hrs) 58.65:25.39 23413 (59) sec
[319] Max 11207 (2073) steps (0.0006 hrs) 541.24:549.45 23465 (52) sec
[320] Max 11207 (1866) steps (0.0005 hrs) 25.19:63.24 23525 (60) sec
[321] Max 11207 (1416) steps (0.0004 hrs) 994.35:957.63 23595 (70) sec
[322] Max 11207 (1495) steps (0.0004 hrs) 551.17:596.66 23645 (50) sec
[323] Max 11207 (3141) steps (0.0009 hrs) 681.95:682.27 23737 (92) sec
[324] Max 11207 (2669) steps (0.0007 hrs) 40.09:16.86 23832 (95) sec
[325] Max 11207 (1584) steps (0.0004 hrs) 731.69:760.10 23881 (49) sec
[326] Max 11207 (1003) steps (0.0003 hrs) 477.57:483.55 23931 (50) sec
[327] Max 11207 (699) steps (0.0002 hrs) 246.07:309.01 23982 (51) sec
[328] Max 11207 (8660) steps (0.0024 hrs) 118.59:118.24 24059 (77) sec
[329] Max 11207 (5368) steps (0.0015 hrs) 766.95:767.88 24151 (92) sec
[330] Max 11207 (4780) steps (0.0013 hrs) 780.13:775.52 24230 (79) sec
[331] Max 11207 (816) steps (0.0002 hrs) 457.11:454.66 24279 (49) sec
[332] Max 11207 (1726) steps (0.0005 hrs) 659.33:662.80 24340 (61) sec
[333] Max 11207 (2635) steps (0.0007 hrs) 369.64:367.74 24405 (65) sec
[334] Max 11207 (2563) steps (0.0007 hrs) 403.82:415.92 24459 (54) sec
[335] Max 11207 (1303) steps (0.0004 hrs) 871.83:856.48 24523 (64) sec
[336] Max 11207 (6960) steps (0.0019 hrs) 958.91:956.90 24641 (118) sec
[337] Max 11207 (2949) steps (0.0008 hrs) 364.53:370.29 24706 (65) sec
[338] Max 11207 (1018) steps (0.0003 hrs) 461.69:488.21 24757 (51) sec
[339] Max 11207 (1314) steps (0.0004 hrs) 625.57:572.30 24813 (56) sec
[340] Max 11207 (3607) steps (0.0010 hrs) 372.61:376.21 24882 (69) sec
[341] Max 11207 (2039) steps (0.0006 hrs) 79.45:123.10 24964 (82) sec
[342] Max 11207 (1546) steps (0.0004 hrs) 827.30:857.70 25023 (59) sec
[343] Max 11207 (3150) steps (0.0009 hrs) 966.03:996.51 25100 (77) sec
[344] Max 11207 (1204) steps (0.0003 hrs) 828.07:895.35 25166 (66) sec
[345] Max 11207 (2416) steps (0.0007 hrs) 968.96:976.41 25252 (86) sec
[346] Max 11207 (2233) steps (0.0006 hrs) 440.21:460.82 25301 (49) sec
[347] Max 11207 (9205) steps (0.0026 hrs) 77.13:79.52 25399 (98) sec
[348] Max 11207 (1006) steps (0.0003 hrs) 474.16:515.90 25454 (55) sec
[349] Max 11207 (1130) steps (0.0003 hrs) 538.05:516.81 25503 (49) sec
[350] Max 11207 (3805) steps (0.0011 hrs) 543.76:535.87 25586 (83) sec
[351] Max 11207 (6814) steps (0.0019 hrs) 160.41:167.45 25665 (79) sec
[352] Max 11207 (2353) steps (0.0007 hrs) 901.83:888.65 25735 (70) sec
[353] Max 11207 (2307) steps (0.0006 hrs) 764.20:767.23 25795 (60) sec
[354] Max 11207 (2393) steps (0.0007 hrs) 944.42:972.84 25867 (72) sec
[355] Max 11207 (1923) steps (0.0005 hrs) 710.87:699.43 25933 (66) sec
[356] Max 11207 (2666) steps (0.0007 hrs) 18.38:38.63 26018 (85) sec
[357] Max 11207 (3324) steps (0.0009 hrs) 915.76:923.59 26115 (97) sec
[358] Max 11207 (4017) steps (0.0011 hrs) 325.37:310.43 26173 (58) sec
[359] Max 11207 (5946) steps (0.0017 hrs) 614.19:604.44 26258 (85) sec
[360] Max 11207 (1117) steps (0.0003 hrs) 805.73:834.38 26316 (58) sec
[361] Max 11207 (2852) steps (0.0008 hrs) 660.59:670.76 26374 (58) sec
[362] Max 11207 (1860) steps (0.0005 hrs) 874.73:909.14 26445 (71) sec
[363] Max 11207 (1599) steps (0.0004 hrs) 923.70:971.86 26501 (56) sec
[364] Max 11207 (1588) steps (0.0004 hrs) 680.10:670.65 26551 (50) sec
[365] Max 11207 (5886) steps (0.0016 hrs) 765.21:774.04 26657 (106) sec
[366] Max 11207 (2339) steps (0.0006 hrs) 958.10:996.15 26724 (67) sec
[367] Max 11207 (3978) steps (0.0011 hrs) 940.67:928.86 26826 (102) sec
[368] Max 11207 (1640) steps (0.0005 hrs) 286.59:273.78 26886 (60) sec
[369] Max 11207 (2729) steps (0.0008 hrs) 652.62:634.30 26974 (88) sec
[370] Max 11207 (1480) steps (0.0004 hrs) 408.11:429.05 27024 (50) sec
[371] Max 11207 (2981) steps (0.0008 hrs) 226.10:237.17 27085 (61) sec
[372] Max 11207 (5038) steps (0.0014 hrs) 127.23:122.07 27215 (130) sec
[373] Max 11207 (1569) steps (0.0004 hrs) 844.49:879.54 27282 (67) sec
[374] Max 11207 (2385) steps (0.0007 hrs) 348.85:316.98 27337 (55) sec
[375] Max 11207 (9022) steps (0.0025 hrs) 410.33:411.66 27423 (86) sec
[376] Max 11207 (1158) steps (0.0003 hrs) 986.18:925.73 27479 (56) sec
[377] Max 11207 (5873) steps (0.0016 hrs) 889.83:892.90 27565 (86) sec
[378] Max 11207 (3573) steps (0.0010 hrs) 201.79:209.91 27667 (102) sec
[379] Max 11207 (3841) steps (0.0011 hrs) 853.42:866.18 27732 (65) sec
[380] Max 11207 (4457) steps (0.0012 hrs) 295.27:295.71 27824 (92) sec
[381] Max 11207 (3330) steps (0.0009 hrs) 40.24:42.34 27918 (94) sec
[382] Max 11207 (2321) steps (0.0006 hrs) 908.23:916.42 27987 (69) sec
[383] Max 11207 (2011) steps (0.0006 hrs) 907.51:954.25 28053 (66) sec
[384] Max 11207 (2574) steps (0.0007 hrs) 392.00:412.59 28122 (69) sec
[385] Max 11207 (758) steps (0.0002 hrs) 534.30:486.81 28172 (50) sec
[386] Max 11207 (1684) steps (0.0005 hrs) 942.40:947.74 28238 (66) sec
[387] Max 11207 (5515) steps (0.0015 hrs) 944.70:944.15 28323 (85) sec
[388] Max 11207 (2443) steps (0.0007 hrs) 87.60:87.60 28411 (88) sec
[389] Max 11207 (1388) steps (0.0004 hrs) 837.90:889.77 28480 (69) sec
[390] Max 11207 (3250) steps (0.0009 hrs) 76.31:90.46 28579 (99) sec
[391] Max 11207 (5046) steps (0.0014 hrs) 906.66:910.23 28665 (86) sec
[392] Max 11207 (1705) steps (0.0005 hrs) 180.65:165.40 28718 (53) sec
[393] Max 11207 (1818) steps (0.0005 hrs) 20.35:32.45 28795 (77) sec
[394] Max 11207 (2108) steps (0.0006 hrs) 959.20:984.35 28871 (76) sec
[395] Max 11207 (3725) steps (0.0010 hrs) 388.19:403.49 28952 (81) sec
[396] Max 11207 (4266) steps (0.0012 hrs) 460.15:476.09 29013 (61) sec
[397] Max 11207 (1443) steps (0.0004 hrs) 32.57:110.19 29075 (62) sec
[398] Max 11207 (4135) steps (0.0011 hrs) 655.86:668.92 29133 (58) sec
[399] Max 11207 (1868) steps (0.0005 hrs) 315.85:306.21 29193 (60) sec
[400] Max 11207 (2409) steps (0.0007 hrs) 607.31:588.63 29256 (63) sec
[401] Max 11207 (3294) steps (0.0009 hrs) 49.18:63.45 29349 (93) sec
[402] Max 11207 (2234) steps (0.0006 hrs) 116.38:112.80 29434 (85) sec
[403] Max 11207 (2564) steps (0.0007 hrs) 950.86:944.23 29503 (69) sec
[404] Max 11207 (3925) steps (0.0011 hrs) 984.20:980.89 29589 (86) sec
[405] Max 11207 (3436) steps (0.0010 hrs) 256.98:267.17 29648 (59) sec
[406] Max 11207 (1624) steps (0.0005 hrs) 573.28:553.57 29695 (47) sec
[407] Max 11207 (3287) steps (0.0009 hrs) 160.94:175.54 29761 (66) sec
[408] Max 11207 (4657) steps (0.0013 hrs) 315.87:309.43 29819 (58) sec
[409] Max 11207 (1508) steps (0.0004 hrs) 314.32:298.41 29876 (57) sec
[410] Max 11207 (4327) steps (0.0012 hrs) 263.00:275.25 29962 (86) sec
[411] Max 11207 (3915) steps (0.0011 hrs) 157.60:177.52 30061 (99) sec
[412] Max 11207 (1760) steps (0.0005 hrs) 865.91:835.80 30124 (63) sec
[413] Max 11207 (1138) steps (0.0003 hrs) 538.66:572.06 30177 (53) sec
[414] Max 11207 (945) steps (0.0003 hrs) 705.82:759.79 30230 (53) sec
[415] Max 11207 (701) steps (0.0002 hrs) 273.89:188.30 30283 (53) sec
[416] Max 11207 (3094) steps (0.0009 hrs) 52.36:70.14 30355 (72) sec
[417] Max 11207 (2126) steps (0.0006 hrs) 517.40:514.58 30416 (61) sec
[418] Max 11207 (1433) steps (0.0004 hrs) 436.85:489.18 30471 (55) sec
[419] Max 11207 (1812) steps (0.0005 hrs) 534.22:567.88 30528 (57) sec
[420] Max 11207 (1328) steps (0.0004 hrs) 84.34:33.13 30603 (75) sec
[421] Max 11207 (1417) steps (0.0004 hrs) 733.24:666.90 30659 (56) sec
[422] Max 11207 (2297) steps (0.0006 hrs) 155.86:189.38 30725 (66) sec
[423] Max 11207 (2355) steps (0.0007 hrs) 43.31:52.23 30814 (89) sec
[424] Max 11207 (2809) steps (0.0008 hrs) 234.25:224.99 30889 (75) sec
[425] Max 11207 (1743) steps (0.0005 hrs) 771.08:768.22 30949 (60) sec
[426] Max 11207 (2196) steps (0.0006 hrs) 638.43:588.80 31013 (64) sec
[427] Max 11207 (1765) steps (0.0005 hrs) 452.69:443.06 31064 (51) sec
[428] Max 11207 (787) steps (0.0002 hrs) 433.29:359.59 31120 (56) sec
[429] Max 11207 (3284) steps (0.0009 hrs) 139.16:142.20 31192 (72) sec
[430] Max 11207 (1625) steps (0.0005 hrs) 398.15:407.38 31248 (56) sec
[431] Max 11207 (1602) steps (0.0004 hrs) 154.81:153.56 31304 (56) sec
[432] Max 11207 (3870) steps (0.0011 hrs) 725.32:734.37 31363 (59) sec
[433] Max 11207 (4823) steps (0.0013 hrs) 54.12:53.29 31444 (81) sec
[434] Max 11207 (5486) steps (0.0015 hrs) 117.94:116.48 31526 (82) sec
[435] Max 11207 (1142) steps (0.0003 hrs) 427.32:458.84 31577 (51) sec
[436] Max 11207 (918) steps (0.0003 hrs) 301.74:286.49 31634 (57) sec
[437] Max 11207 (2893) steps (0.0008 hrs) 11.75:8.99 31712 (78) sec
[438] Max 11207 (1336) steps (0.0004 hrs) 83.83:79.34 31768 (56) sec
[439] Max 11207 (2141) steps (0.0006 hrs) 455.39:462.40 31831 (63) sec
[440] Max 11207 (3820) steps (0.0011 hrs) 357.85:347.38 31893 (62) sec
[441] Max 11207 (3827) steps (0.0011 hrs) 524.69:526.78 31968 (75) sec
[442] Max 11207 (1488) steps (0.0004 hrs) 632.39:607.53 32029 (61) sec
[443] Max 11207 (2530) steps (0.0007 hrs) 30.04:31.62 32105 (76) sec
[444] Max 11207 (4453) steps (0.0012 hrs) 357.29:360.21 32166 (61) sec
[445] Max 11207 (3527) steps (0.0010 hrs) 732.63:740.29 32236 (70) sec
[446] Max 11207 (1214) steps (0.0003 hrs) 474.46:481.88 32284 (48) sec
[447] Max 11207 (2085) steps (0.0006 hrs) 996.16:952.52 32363 (79) sec
[448] Max 11207 (3582) steps (0.0010 hrs) 480.74:477.95 32443 (80) sec
[449] Max 11207 (1126) steps (0.0003 hrs) 929.84:937.83 32505 (62) sec
[450] Max 11207 (1867) steps (0.0005 hrs) 995.18:974.29 32581 (76) sec
[451] Max 11207 (3802) steps (0.0011 hrs) 975.28:985.01 32673 (92) sec
[452] Max 11207 (1252) steps (0.0003 hrs) 518.37:482.43 32726 (53) sec
[453] Max 11207 (1128) steps (0.0003 hrs) 805.85:883.87 32782 (56) sec
[454] Max 11207 (2876) steps (0.0008 hrs) 836.93:838.66 32844 (62) sec
[455] Max 11207 (1381) steps (0.0004 hrs) 103.55:47.79 32912 (68) sec
[456] Max 11207 (2202) steps (0.0006 hrs) 966.39:948.23 32987 (75) sec
[457] Max 11207 (2693) steps (0.0007 hrs) 183.44:185.67 33052 (65) sec
[458] Max 11207 (1158) steps (0.0003 hrs) 801.38:813.47 33105 (53) sec
[459] Max 11207 (2241) steps (0.0006 hrs) 85.68:34.36 33180 (75) sec
[460] Max 11207 (6556) steps (0.0018 hrs) 88.32:96.25 33289 (109) sec
[461] Max 11207 (842) steps (0.0002 hrs) 458.43:431.12 33335 (46) sec
[462] Max 11207 (1080) steps (0.0003 hrs) 615.74:666.67 33388 (53) sec
[463] Max 11207 (2004) steps (0.0006 hrs) 197.60:206.59 33452 (64) sec
[464] Max 11207 (3257) steps (0.0009 hrs) 1.54:32.55 33554 (102) sec
[465] Max 11207 (1658) steps (0.0005 hrs) 957.78:969.24 33625 (71) sec
[466] Max 11207 (1231) steps (0.0003 hrs) 315.19:319.25 33679 (54) sec
[467] Max 11207 (2202) steps (0.0006 hrs) 920.07:966.85 33755 (76) sec
[468] Max 11207 (1137) steps (0.0003 hrs) 582.23:536.50 33810 (55) sec
[469] Max 11207 (4204) steps (0.0012 hrs) 458.61:450.05 33871 (61) sec
[470] Max 11207 (3266) steps (0.0009 hrs) 646.97:650.95 33932 (61) sec
[471] Max 11207 (1915) steps (0.0005 hrs) 475.72:474.67 34002 (70) sec
[472] Max 11207 (4467) steps (0.0012 hrs) 457.80:468.10 34103 (101) sec
[473] Max 11207 (3780) steps (0.0011 hrs) 378.04:373.02 34197 (94) sec
[474] Max 11207 (1632) steps (0.0005 hrs) 918.50:963.85 34254 (57) sec
[475] Max 11207 (706) steps (0.0002 hrs) 454.67:539.66 34305 (51) sec
[476] Max 11207 (766) steps (0.0002 hrs) 480.42:539.16 34356 (51) sec
[477] Max 11207 (1983) steps (0.0006 hrs) 885.53:894.60 34414 (58) sec
[478] Max 11207 (2769) steps (0.0008 hrs) 196.46:204.04 34474 (60) sec
[479] Max 11207 (6760) steps (0.0019 hrs) 799.70:806.66 34610 (136) sec
[480] Max 11207 (2343) steps (0.0007 hrs) 207.85:253.09 34668 (58) sec
[481] Max 11207 (1506) steps (0.0004 hrs) 377.82:417.66 34727 (59) sec
[482] Max 11207 (2227) steps (0.0006 hrs) 403.23:437.36 34789 (62) sec
[483] Max 11207 (2228) steps (0.0006 hrs) 48.47:10.77 34867 (78) sec
[484] Max 11207 (1044) steps (0.0003 hrs) 571.84:557.47 34916 (49) sec
[485] Max 11207 (5434) steps (0.0015 hrs) 276.41:269.78 34987 (71) sec
[486] Max 11207 (3963) steps (0.0011 hrs) 141.81:142.32 35051 (64) sec
[487] Max 11207 (3880) steps (0.0011 hrs) 44.59:53.87 35150 (99) sec
[488] Max 11207 (902) steps (0.0003 hrs) 422.39:414.63 35200 (50) sec
[489] Max 11207 (1274) steps (0.0004 hrs) 423.86:473.31 35249 (49) sec
[490] Max 11207 (1498) steps (0.0004 hrs) 852.47:822.43 35319 (70) sec
[491] Max 11207 (2521) steps (0.0007 hrs) 973.03:972.23 35403 (84) sec
[492] Max 11207 (3154) steps (0.0009 hrs) 11.10:13.32 35494 (91) sec
[493] Max 11207 (2654) steps (0.0007 hrs) 100.60:76.11 35558 (64) sec
[494] Max 11207 (3545) steps (0.0010 hrs) 332.86:324.96 35620 (62) sec
[495] Max 11207 (860) steps (0.0002 hrs) 165.12:208.14 35674 (54) sec
[496] Max 11207 (3706) steps (0.0010 hrs) 257.15:254.45 35747 (73) sec
[497] Max 11207 (1442) steps (0.0004 hrs) 977.12:943.83 35807 (60) sec
[498] Max 11207 (3276) steps (0.0009 hrs) 957.26:965.20 35896 (89) sec
[499] Max 11207 (1230) steps (0.0003 hrs) 340.65:306.50 35947 (51) sec
[500] Max 11207 (2601) steps (0.0007 hrs) 35.76:49.60 36035 (88) sec
[501] Max 11207 (4114) steps (0.0011 hrs) 408.60:401.80 36116 (81) sec
[502] Max 11207 (3071) steps (0.0009 hrs) 754.48:739.17 36182 (66) sec
[503] Max 11207 (2939) steps (0.0008 hrs) 362.03:373.60 36273 (91) sec
[504] Max 11207 (2837) steps (0.0008 hrs) 587.94:584.77 36336 (63) sec
[505] Max 11207 (4683) steps (0.0013 hrs) 274.82:264.36 36401 (65) sec
[506] Max 11207 (1198) steps (0.0003 hrs) 717.86:722.87 36460 (59) sec
[507] Max 11207 (3062) steps (0.0009 hrs) 418.03:422.93 36520 (60) sec
[508] Max 11207 (1687) steps (0.0005 hrs) 201.54:160.64 36578 (58) sec
[509] Max 11207 (4739) steps (0.0013 hrs) 619.75:628.61 36645 (67) sec
[510] Max 11207 (1192) steps (0.0003 hrs) 703.02:768.46 36702 (57) sec
[511] Max 11207 (2047) steps (0.0006 hrs) 610.65:612.12 36756 (54) sec
[512] Max 11207 (2071) steps (0.0006 hrs) 16.42:8.69 36829 (73) sec
[513] Max 11207 (2420) steps (0.0007 hrs) 845.87:845.04 36884 (55) sec
[514] Max 11207 (5861) steps (0.0016 hrs) 275.04:282.03 36954 (70) sec
[515] Max 11207 (4523) steps (0.0013 hrs) 371.21:380.94 37021 (67) sec
[516] Max 11207 (910) steps (0.0003 hrs) 417.58:503.30 37076 (55) sec
[517] Max 11207 (2158) steps (0.0006 hrs) 499.07:509.73 37126 (50) sec
[518] Max 11207 (1740) steps (0.0005 hrs) 195.98:185.06 37182 (56) sec
[519] Max 11207 (1498) steps (0.0004 hrs) 453.27:458.61 37232 (50) sec
[520] Max 11207 (4676) steps (0.0013 hrs) 947.82:946.54 37307 (75) sec
[521] Max 11207 (847) steps (0.0002 hrs) 974.03:876.03 37362 (55) sec
[522] Max 11207 (1713) steps (0.0005 hrs) 15.76:26.85 37445 (83) sec
[523] Max 11207 (2829) steps (0.0008 hrs) 626.37:629.55 37523 (78) sec
[524] Max 11207 (4929) steps (0.0014 hrs) 327.45:335.97 37621 (98) sec
[525] Max 11207 (1033) steps (0.0003 hrs) 426.91:410.45 37670 (49) sec
[526] Max 11207 (1053) steps (0.0003 hrs) 396.96:402.66 37720 (50) sec
[527] Max 11207 (3398) steps (0.0009 hrs) 71.22:75.93 37825 (105) sec
[528] Max 11207 (762) steps (0.0002 hrs) 570.87:528.87 37876 (51) sec
[529] Max 11207 (923) steps (0.0003 hrs) 549.30:508.13 37930 (54) sec
[530] Max 11207 (3090) steps (0.0009 hrs) 692.56:689.32 37989 (59) sec
[531] Max 11207 (5118) steps (0.0014 hrs) 339.98:330.40 38052 (63) sec
[532] Max 11207 (5521) steps (0.0015 hrs) 432.35:445.21 38130 (78) sec
[533] Max 11207 (2881) steps (0.0008 hrs) 846.58:854.91 38219 (89) sec
[534] Max 11207 (3677) steps (0.0010 hrs) 429.15:436.50 38280 (61) sec
[535] Max 11207 (924) steps (0.0003 hrs) 484.85:502.16 38330 (50) sec
[536] Max 11207 (1609) steps (0.0004 hrs) 695.46:696.71 38385 (55) sec
[537] Max 11207 (2925) steps (0.0008 hrs) 995.56:981.20 38472 (87) sec
[538] Max 11207 (1703) steps (0.0005 hrs) 123.31:156.19 38529 (57) sec
[539] Max 11207 (2196) steps (0.0006 hrs) 966.76:923.95 38597 (68) sec
[540] Max 11207 (1625) steps (0.0005 hrs) 945.23:972.92 38656 (59) sec
[541] Max 11207 (2446) steps (0.0007 hrs) 467.29:472.61 38714 (58) sec
[542] Max 11207 (1483) steps (0.0004 hrs) 877.28:933.92 38765 (51) sec
[543] Max 11207 (2715) steps (0.0008 hrs) 223.20:230.94 38828 (63) sec
[544] Max 11207 (4612) steps (0.0013 hrs) 756.94:758.46 38894 (66) sec
[545] Max 11207 (3753) steps (0.0010 hrs) 845.72:839.06 38958 (64) sec
[546] Max 11207 (1880) steps (0.0005 hrs) 55.32:102.13 39029 (71) sec
[547] Max 11207 (2343) steps (0.0007 hrs) 49.51:55.06 39106 (77) sec
[548] Max 11207 (1667) steps (0.0005 hrs) 438.51:459.51 39160 (54) sec
[549] Max 11207 (5442) steps (0.0015 hrs) 936.97:950.94 39279 (119) sec
[550] Max 11207 (2271) steps (0.0006 hrs) 24.22:70.45 39363 (84) sec
[551] Max 11207 (1547) steps (0.0004 hrs) 485.46:486.75 39413 (50) sec
[552] Max 11207 (3872) steps (0.0011 hrs) 259.30:266.79 39513 (100) sec
[553] Max 11207 (4345) steps (0.0012 hrs) 444.42:443.96 39577 (64) sec
[554] Max 11207 (2216) steps (0.0006 hrs) 278.43:256.77 39646 (69) sec
[555] Max 11207 (1563) steps (0.0004 hrs) 916.83:948.18 39712 (66) sec
[556] Max 11207 (1383) steps (0.0004 hrs) 169.20:229.21 39778 (66) sec
[557] Max 11207 (1367) steps (0.0004 hrs) 156.55:101.68 39840 (62) sec
[558] Max 11207 (786) steps (0.0002 hrs) 479.64:474.55 39886 (46) sec
[559] Max 11207 (2574) steps (0.0007 hrs) 818.96:829.45 39949 (63) sec
[560] Max 11207 (1174) steps (0.0003 hrs) 594.55:530.66 40001 (52) sec
[561] Max 11207 (2290) steps (0.0006 hrs) 401.31:397.38 40056 (55) sec
[562] Max 11207 (3613) steps (0.0010 hrs) 391.92:400.22 40116 (60) sec
[563] Max 11207 (1695) steps (0.0005 hrs) 985.84:975.22 40196 (80) sec
[564] Max 11207 (2993) steps (0.0008 hrs) 887.07:887.07 40271 (75) sec
[565] Max 11207 (4428) steps (0.0012 hrs) 759.94:766.94 40349 (78) sec
[566] Max 11207 (1401) steps (0.0004 hrs) 770.16:745.90 40420 (71) sec
[567] Max 11207 (2332) steps (0.0006 hrs) 946.40:949.40 40479 (59) sec
[568] Max 11207 (1069) steps (0.0003 hrs) 399.44:460.24 40533 (54) sec
[569] Max 11207 (4577) steps (0.0013 hrs) 766.44:760.10 40618 (85) sec
[570] Max 11207 (1770) steps (0.0005 hrs) 13.56:12.99 40693 (75) sec
[571] Max 11207 (1544) steps (0.0004 hrs) 652.85:625.00 40739 (46) sec
[572] Max 11207 (2510) steps (0.0007 hrs) 272.11:273.71 40803 (64) sec
[573] Max 11207 (2191) steps (0.0006 hrs) 120.04:128.25 40882 (79) sec
[574] Max 11207 (1840) steps (0.0005 hrs) 40.76:69.57 40967 (85) sec
[575] Max 11207 (3579) steps (0.0010 hrs) 734.56:727.58 41065 (98) sec
[576] Max 11207 (3723) steps (0.0010 hrs) 949.77:959.17 41180 (115) sec
[577] Max 11207 (6360) steps (0.0018 hrs) 738.21:725.63 41247 (67) sec
[578] Max 11207 (1851) steps (0.0005 hrs) 867.64:890.87 41316 (69) sec
[579] Max 11207 (5219) steps (0.0014 hrs) 454.68:452.77 41369 (53) sec
[580] Max 11207 (2293) steps (0.0006 hrs) 491.06:482.34 41435 (66) sec
[581] Max 11207 (663) steps (0.0002 hrs) 327.30:363.50 41484 (49) sec
[582] Max 11207 (2367) steps (0.0007 hrs) 739.75:735.53 41554 (70) sec
[583] Max 11207 (4375) steps (0.0012 hrs) 27.20:40.00 41651 (97) sec
[584] Max 11207 (1164) steps (0.0003 hrs) 688.14:691.58 41705 (54) sec
[585] Max 11207 (2139) steps (0.0006 hrs) 198.22:210.85 41781 (76) sec
[586] Max 11207 (1999) steps (0.0006 hrs) 824.41:863.43 41858 (77) sec
[587] Max 11207 (2632) steps (0.0007 hrs) 937.31:927.43 41937 (79) sec
[588] Max 11207 (1831) steps (0.0005 hrs) 428.73:468.05 41992 (55) sec
[589] Max 11207 (5432) steps (0.0015 hrs) 263.99:259.57 42083 (91) sec
[590] Max 11207 (1307) steps (0.0004 hrs) 986.23:963.27 42140 (57) sec
[591] Max 11207 (7666) steps (0.0021 hrs) 112.31:123.27 42222 (82) sec
[592] Max 11207 (3825) steps (0.0011 hrs) 490.98:482.35 42290 (68) sec
[593] Max 11207 (2821) steps (0.0008 hrs) 734.85:730.24 42350 (60) sec
[594] Max 11207 (917) steps (0.0003 hrs) 501.64:485.28 42401 (51) sec
[595] Max 11207 (1701) steps (0.0005 hrs) 7.05:15.87 42482 (81) sec
[596] Max 11207 (1216) steps (0.0003 hrs) 622.53:582.24 42538 (56) sec
[597] Max 11207 (1175) steps (0.0003 hrs) 502.13:492.77 42590 (52) sec
[598] Max 11207 (872) steps (0.0002 hrs) 682.34:610.09 42639 (49) sec
[599] Max 11207 (4837) steps (0.0013 hrs) 924.54:919.37 42734 (95) sec
[600] Max 11207 (808) steps (0.0002 hrs) 420.79:509.90 42786 (52) sec
[601] Max 11207 (4009) steps (0.0011 hrs) 441.51:432.28 42841 (55) sec
[602] Max 11207 (2415) steps (0.0007 hrs) 9.11:14.49 42920 (79) sec
[603] Max 11207 (1776) steps (0.0005 hrs) 492.68:454.39 42971 (51) sec
[604] Max 11207 (4535) steps (0.0013 hrs) 742.23:754.13 43045 (74) sec
[605] Max 11207 (1637) steps (0.0005 hrs) 453.88:450.21 43102 (57) sec
[606] Max 11207 (5533) steps (0.0015 hrs) 128.50:126.88 43200 (98) sec
[607] Max 11207 (1414) steps (0.0004 hrs) 446.25:444.84 43252 (52) sec
[608] Max 11207 (1387) steps (0.0004 hrs) 310.02:237.20 43311 (59) sec
[609] Max 11207 (2741) steps (0.0008 hrs) 734.40:723.82 43401 (90) sec
[610] Max 11207 (5977) steps (0.0017 hrs) 118.62:127.32 43520 (119) sec
[611] Max 11207 (1180) steps (0.0003 hrs) 529.66:527.97 43570 (50) sec
[612] Max 11207 (4253) steps (0.0012 hrs) 93.58:106.75 43674 (104) sec
[613] Max 11207 (2618) steps (0.0007 hrs) 38.20:8.40 43759 (85) sec
[614] Max 11207 (3576) steps (0.0010 hrs) 829.14:817.39 43818 (59) sec
[615] Max 11207 (2864) steps (0.0008 hrs) 940.99:972.07 43909 (91) sec
[616] Max 11207 (2290) steps (0.0006 hrs) 750.22:756.33 43971 (62) sec
[617] Max 11207 (967) steps (0.0003 hrs) 633.92:573.94 44024 (53) sec
[618] Max 11207 (3390) steps (0.0009 hrs) 872.57:889.38 44096 (72) sec
[619] Max 11207 (2538) steps (0.0007 hrs) 793.93:799.84 44168 (72) sec
[620] Max 11207 (4590) steps (0.0013 hrs) 269.93:275.82 44246 (78) sec
[621] Max 11207 (1794) steps (0.0005 hrs) 55.74:24.53 44321 (75) sec
[622] Max 11207 (4375) steps (0.0012 hrs) 670.63:680.69 44393 (72) sec
[623] Max 11207 (1962) steps (0.0005 hrs) 991.85:996.43 44483 (90) sec
[624] Max 11207 (3456) steps (0.0010 hrs) 37.33:60.47 44577 (94) sec
[625] Max 11207 (2101) steps (0.0006 hrs) 29.03:78.06 44658 (81) sec
[626] Max 11207 (1488) steps (0.0004 hrs) 584.01:606.18 44712 (54) sec
[627] Max 11207 (3513) steps (0.0010 hrs) 577.57:568.74 44769 (57) sec
[628] Max 11207 (4242) steps (0.0012 hrs) 957.57:965.11 44862 (93) sec
[629] Max 11207 (1776) steps (0.0005 hrs) 965.65:940.88 44931 (69) sec
[630] Max 11207 (2459) steps (0.0007 hrs) 962.59:989.43 45023 (92) sec
[631] Max 11207 (2793) steps (0.0008 hrs) 809.88:822.41 45108 (85) sec
[632] Max 11207 (3403) steps (0.0009 hrs) 190.71:178.96 45183 (75) sec
[633] Max 11207 (4672) steps (0.0013 hrs) 875.86:868.79 45286 (103) sec
[634] Max 11207 (1470) steps (0.0004 hrs) 589.12:597.96 45340 (54) sec
[635] Max 11207 (6559) steps (0.0018 hrs) 783.66:770.39 45401 (61) sec
[636] Max 11207 (1435) steps (0.0004 hrs) 421.60:381.18 45460 (59) sec
[637] Max 11207 (3072) steps (0.0009 hrs) 433.27:427.73 45516 (56) sec
[638] Max 11207 (4443) steps (0.0012 hrs) 668.02:665.09 45586 (70) sec
[639] Max 11207 (1191) steps (0.0003 hrs) 258.61:286.31 45641 (55) sec
[640] Max 11207 (1302) steps (0.0004 hrs) 486.94:484.64 45696 (55) sec
[641] Max 11207 (2315) steps (0.0006 hrs) 11.23:17.71 45780 (84) sec
[642] Max 11207 (2504) steps (0.0007 hrs) 332.67:324.68 45851 (71) sec
[643] Max 11207 (1576) steps (0.0004 hrs) 258.88:298.22 45911 (60) sec
[644] Max 11207 (1566) steps (0.0004 hrs) 52.36:11.49 45981 (70) sec
[645] Max 11207 (4462) steps (0.0012 hrs) 82.92:77.32 46064 (83) sec
[646] Max 11207 (3658) steps (0.0010 hrs) 426.46:437.40 46147 (83) sec
[647] Max 11207 (1028) steps (0.0003 hrs) 459.14:495.14 46205 (58) sec
[648] Max 11207 (2815) steps (0.0008 hrs) 991.47:977.62 46288 (83) sec
[649] Max 11207 (2377) steps (0.0007 hrs) 21.46:67.31 46376 (88) sec
[650] Max 11207 (2589) steps (0.0007 hrs) 45.58:59.87 46452 (76) sec
[651] Max 11207 (888) steps (0.0002 hrs) 427.93:501.13 46500 (48) sec
[652] Max 11207 (2780) steps (0.0008 hrs) 565.47:562.59 46562 (62) sec
[653] Max 11207 (771) steps (0.0002 hrs) 121.92:12.97 46615 (53) sec
[654] Max 11207 (1297) steps (0.0004 hrs) 481.88:521.97 46669 (54) sec
[655] Max 11207 (3200) steps (0.0009 hrs) 32.81:44.37 46755 (86) sec
[656] Max 11207 (1525) steps (0.0004 hrs) 398.69:388.20 46810 (55) sec
[657] Max 11207 (2177) steps (0.0006 hrs) 988.98:993.11 46900 (90) sec
[658] Max 11207 (2335) steps (0.0006 hrs) 791.86:769.59 46958 (58) sec
[659] Max 11207 (2316) steps (0.0006 hrs) 218.48:234.02 47036 (78) sec
[660] Max 11207 (1485) steps (0.0004 hrs) 603.37:597.31 47096 (60) sec
[661] Max 11207 (3551) steps (0.0010 hrs) 207.83:206.42 47173 (77) sec
[662] Max 11207 (6484) steps (0.0018 hrs) 827.27:834.36 47266 (93) sec
[663] Max 11207 (10027) steps (0.0028 hrs) 177.32:181.81 47405 (139) sec
[664] Max 11207 (1165) steps (0.0003 hrs) 732.19:739.91 47464 (59) sec
[665] Max 11207 (5849) steps (0.0016 hrs) 68.39:75.91 47577 (113) sec
[666] Max 11207 (2192) steps (0.0006 hrs) 953.92:991.33 47660 (83) sec
[667] Max 11207 (6173) steps (0.0017 hrs) 269.88:257.57 47764 (104) sec
[668] Max 11207 (1500) steps (0.0004 hrs) 574.00:562.00 47813 (49) sec
[669] Max 11207 (1104) steps (0.0003 hrs) 570.65:650.36 47880 (67) sec
[670] Max 11207 (3840) steps (0.0011 hrs) 753.12:760.42 47976 (96) sec
[671] Max 11207 (2465) steps (0.0007 hrs) 880.32:876.27 48040 (64) sec
[672] Max 11207 (3575) steps (0.0010 hrs) 798.04:781.26 48103 (63) sec
[673] Max 11207 (1543) steps (0.0004 hrs) 338.95:387.56 48156 (53) sec
[674] Max 11207 (3479) steps (0.0010 hrs) 248.35:245.76 48260 (104) sec
[675] Max 11207 (991) steps (0.0003 hrs) 56.51:79.72 48320 (60) sec
[676] Max 11207 (1160) steps (0.0003 hrs) 517.24:533.62 48374 (54) sec
[677] Max 11207 (1305) steps (0.0004 hrs) 312.64:318.01 48433 (59) sec
[678] Max 11207 (1657) steps (0.0005 hrs) 832.23:831.02 48495 (62) sec
[679] Max 11207 (901) steps (0.0003 hrs) 816.87:891.23 48552 (57) sec
[680] Max 11207 (1581) steps (0.0004 hrs) 956.99:927.89 48622 (70) sec
[681] Max 11207 (2482) steps (0.0007 hrs) 304.59:317.89 48688 (66) sec
[682] Max 11207 (5276) steps (0.0015 hrs) 674.18:664.90 48762 (74) sec
[683] Max 11207 (2675) steps (0.0007 hrs) 277.01:283.74 48821 (59) sec
[684] Max 11207 (2259) steps (0.0006 hrs) 926.96:965.91 48907 (86) sec
[685] Max 11207 (970) steps (0.0003 hrs) 520.62:463.92 48958 (51) sec
[686] Max 11207 (2055) steps (0.0006 hrs) 43.31:13.63 49039 (81) sec
[687] Max 11207 (1270) steps (0.0004 hrs) 537.01:499.21 49093 (54) sec
[688] Max 11207 (2169) steps (0.0006 hrs) 992.62:975.10 49159 (66) sec
[689] Max 11207 (1768) steps (0.0005 hrs) 85.97:36.20 49218 (59) sec
[690] Max 11207 (1448) steps (0.0004 hrs) 83.56:107.04 49288 (70) sec
[691] Max 11207 (3072) steps (0.0009 hrs) 616.86:610.03 49353 (65) sec
[692] Max 11207 (1745) steps (0.0005 hrs) 38.97:22.35 49433 (80) sec
[693] Max 11207 (2124) steps (0.0006 hrs) 975.05:979.28 49508 (75) sec
[694] Max 11207 (3029) steps (0.0008 hrs) 160.78:151.87 49579 (71) sec
[695] Max 11207 (990) steps (0.0003 hrs) 535.35:497.98 49632 (53) sec
[696] Max 11207 (3348) steps (0.0009 hrs) 639.19:622.76 49699 (67) sec
[697] Max 11207 (1960) steps (0.0005 hrs) 178.57:173.98 49759 (60) sec
[698] Max 11207 (2373) steps (0.0007 hrs) 135.27:125.58 49821 (62) sec
[699] Max 11207 (1239) steps (0.0003 hrs) 924.13:859.56 49878 (57) sec
[700] Max 11207 (3906) steps (0.0011 hrs) 667.95:669.48 49943 (65) sec
[701] Max 11207 (4740) steps (0.0013 hrs) 884.39:883.97 50031 (88) sec
[702] Max 11207 (2167) steps (0.0006 hrs) 778.96:766.50 50085 (54) sec
[703] Max 11207 (8817) steps (0.0024 hrs) 177.16:181.92 50175 (90) sec
[704] Max 11207 (1088) steps (0.0003 hrs) 511.03:563.42 50229 (54) sec
[705] Max 11207 (1966) steps (0.0005 hrs) 171.92:158.19 50301 (72) sec
[706] Max 11207 (1127) steps (0.0003 hrs) 136.65:131.32 50357 (56) sec
[707] Max 11207 (1242) steps (0.0003 hrs) 421.90:496.78 50410 (53) sec
[708] Max 11207 (2177) steps (0.0006 hrs) 990.81:961.87 50492 (82) sec
[709] Max 11207 (3230) steps (0.0009 hrs) 440.25:438.08 50553 (61) sec
[710] Max 11207 (2878) steps (0.0008 hrs) 896.46:903.41 50635 (82) sec
[711] Max 11207 (1710) steps (0.0005 hrs) 418.13:377.78 50705 (70) sec
[712] Max 11207 (1047) steps (0.0003 hrs) 515.76:456.54 50761 (56) sec
[713] Max 11207 (2936) steps (0.0008 hrs) 719.35:714.58 50823 (62) sec
[714] Max 11207 (1686) steps (0.0005 hrs) 454.92:488.14 50876 (53) sec
[715] Max 11207 (7149) steps (0.0020 hrs) 546.65:535.74 50965 (89) sec
[716] Max 11207 (1534) steps (0.0004 hrs) 972.62:990.22 51026 (61) sec
[717] Max 11207 (1425) steps (0.0004 hrs) 131.23:172.63 51083 (57) sec
[718] Max 11207 (2961) steps (0.0008 hrs) 947.32:956.43 51183 (100) sec
[719] Max 11207 (2776) steps (0.0008 hrs) 628.96:633.29 51243 (60) sec
[720] Max 11207 (1658) steps (0.0005 hrs) 62.73:112.18 51324 (81) sec
[721] Max 11207 (3841) steps (0.0011 hrs) 413.95:415.26 51394 (70) sec
[722] Max 11207 (2120) steps (0.0006 hrs) 994.34:939.62 51479 (85) sec
[723] Max 11207 (4364) steps (0.0012 hrs) 953.48:948.90 51574 (95) sec
[724] Max 11207 (1200) steps (0.0003 hrs) 397.50:395.00 51628 (54) sec
[725] Max 11207 (3432) steps (0.0010 hrs) 413.75:409.67 51709 (81) sec
[726] Max 11207 (2370) steps (0.0007 hrs) 427.43:437.55 51764 (55) sec
[727] Max 11207 (3910) steps (0.0011 hrs) 475.45:473.91 51861 (97) sec
[728] Max 11207 (1379) steps (0.0004 hrs) 388.69:401.02 51911 (50) sec
[729] Max 11207 (3223) steps (0.0009 hrs) 898.85:897.30 52004 (93) sec
[730] Max 11207 (1301) steps (0.0004 hrs) 933.90:895.46 52065 (61) sec
[731] Max 11207 (2316) steps (0.0006 hrs) 51.38:53.54 52150 (85) sec
[732] Max 11207 (2362) steps (0.0007 hrs) 575.78:560.12 52200 (50) sec
[733] Max 11207 (1985) steps (0.0006 hrs) 313.35:319.40 52256 (56) sec
[734] Max 11207 (2247) steps (0.0006 hrs) 853.14:916.33 52325 (69) sec
[735] Max 11207 (5999) steps (0.0017 hrs) 221.04:217.37 52406 (81) sec
[736] Max 11207 (2291) steps (0.0006 hrs) 3.93:13.53 52494 (88) sec
[737] Max 11207 (3716) steps (0.0010 hrs) 473.36:489.50 52553 (59) sec
[738] Max 11207 (3264) steps (0.0009 hrs) 322.92:318.32 52630 (77) sec
[739] Max 11207 (2360) steps (0.0007 hrs) 562.71:567.80 52679 (49) sec
[740] Max 11207 (1634) steps (0.0005 hrs) 348.23:367.20 52729 (50) sec
[741] Max 11207 (1584) steps (0.0004 hrs) 501.89:477.27 52793 (64) sec
[742] Max 11207 (1195) steps (0.0003 hrs) 49.37:121.34 52861 (68) sec
[743] Max 11207 (2303) steps (0.0006 hrs) 40.82:45.16 52939 (78) sec
[744] Max 11207 (4229) steps (0.0012 hrs) 859.07:856.23 53018 (79) sec
[745] Max 11207 (1207) steps (0.0003 hrs) 536.87:522.78 53075 (57) sec
[746] Max 11207 (5795) steps (0.0016 hrs) 820.71:816.22 53155 (80) sec
[747] Max 11207 (6104) steps (0.0017 hrs) 68.48:72.41 53254 (99) sec
[748] Max 11207 (728) steps (0.0002 hrs) 468.41:552.20 53306 (52) sec
[749] Max 11207 (1469) steps (0.0004 hrs) 328.80:375.09 53361 (55) sec
[750] Max 11207 (2754) steps (0.0008 hrs) 8.71:50.84 53444 (83) sec
[751] Max 11207 (9796) steps (0.0027 hrs) 293.69:303.49 53585 (141) sec
[752] Max 11207 (5847) steps (0.0016 hrs) 118.01:107.92 53685 (100) sec
[753] Max 11207 (2637) steps (0.0007 hrs) 294.27:309.82 53751 (66) sec
[754] Max 11207 (1480) steps (0.0004 hrs) 866.89:915.54 53826 (75) sec
[755] Max 11207 (1164) steps (0.0003 hrs) 428.69:442.44 53877 (51) sec
[756] Max 11207 (3499) steps (0.0010 hrs) 723.64:733.92 53934 (57) sec
[757] Max 11207 (2750) steps (0.0008 hrs) 72.36:68.36 54033 (99) sec
[758] Max 11207 (2327) steps (0.0006 hrs) 698.32:703.91 54095 (62) sec
[759] Max 11207 (3405) steps (0.0009 hrs) 819.09:820.26 54168 (73) sec
[760] Max 11207 (3979) steps (0.0011 hrs) 300.83:307.36 54243 (75) sec
[761] Max 11207 (2492) steps (0.0007 hrs) 741.57:707.06 54305 (62) sec
[762] Max 11207 (866) steps (0.0002 hrs) 233.26:266.74 54364 (59) sec
[763] Max 11207 (1439) steps (0.0004 hrs) 967.34:929.81 54431 (67) sec
[764] Max 11207 (2634) steps (0.0007 hrs) 131.74:144.27 54514 (83) sec
[765] Max 11207 (1219) steps (0.0003 hrs) 27.07:7.38 54583 (69) sec
[766] Max 11207 (2882) steps (0.0008 hrs) 912.91:909.78 54668 (85) sec
[767] Max 11207 (3810) steps (0.0011 hrs) 781.89:783.99 54749 (81) sec
[768] Max 11207 (4201) steps (0.0012 hrs) 342.78:347.06 54808 (59) sec
[769] Max 11207 (4096) steps (0.0011 hrs) 76.42:68.36 54914 (106) sec
[770] Max 11207 (6588) steps (0.0018 hrs) 906.50:910.14 54981 (67) sec
[771] Max 11207 (4527) steps (0.0013 hrs) 321.18:319.64 55034 (53) sec
[772] Max 11207 (1266) steps (0.0004 hrs) 105.06:62.40 55096 (62) sec
[773] Max 11207 (798) steps (0.0002 hrs) 520.05:468.67 55145 (49) sec
[774] Max 11207 (1560) steps (0.0004 hrs) 431.41:444.87 55209 (64) sec
[775] Max 11207 (1242) steps (0.0003 hrs) 498.39:514.49 55261 (52) sec
[776] Max 11207 (2293) steps (0.0006 hrs) 796.77:814.65 55324 (63) sec
[777] Max 11207 (4121) steps (0.0011 hrs) 846.40:847.37 55407 (83) sec
[778] Max 11207 (2752) steps (0.0008 hrs) 614.83:617.73 55496 (89) sec
[779] Max 11207 (1841) steps (0.0005 hrs) 366.65:366.11 55553 (57) sec
[780] Max 11207 (2141) steps (0.0006 hrs) 24.75:66.32 55633 (80) sec
[781] Max 11207 (1668) steps (0.0005 hrs) 808.15:836.93 55712 (79) sec
[782] Max 11207 (684) steps (0.0002 hrs) 644.74:535.09 55766 (54) sec
[783] Max 11207 (6754) steps (0.0019 hrs) 409.68:412.79 55876 (110) sec
[784] Max 11207 (2642) steps (0.0007 hrs) 17.41:18.93 55964 (88) sec
[785] Max 11207 (991) steps (0.0003 hrs) 875.88:833.50 56018 (54) sec
[786] Max 11207 (4536) steps (0.0013 hrs) 778.66:771.83 56087 (69) sec
[787] Max 11516 (11516) steps (0.0032 hrs) 868.01:865.23 56185 (98) sec
[788] Max 11516 (1859) steps (0.0005 hrs) 926.30:955.35 56245 (60) sec
[789] Max 11516 (5980) steps (0.0017 hrs) 308.03:323.24 56329 (84) sec
[790] Max 11516 (1287) steps (0.0004 hrs) 435.90:410.26 56377 (48) sec
[791] Max 11516 (1723) steps (0.0005 hrs) 80.09:15.67 56445 (68) sec
[792] Max 11516 (1727) steps (0.0005 hrs) 995.37:973.36 56517 (72) sec
[793] Max 11516 (1089) steps (0.0003 hrs) 473.83:404.96 56568 (51) sec
[794] Max 11516 (1686) steps (0.0005 hrs) 992.88:938.91 56634 (66) sec
[795] Max 11516 (1171) steps (0.0003 hrs) 382.58:391.97 56686 (52) sec
[796] Max 11516 (4573) steps (0.0013 hrs) 317.52:318.61 56769 (83) sec
[797] Max 11516 (2751) steps (0.0008 hrs) 962.56:989.09 56861 (92) sec
[798] Max 11516 (1176) steps (0.0003 hrs) 503.40:521.26 56911 (50) sec
[799] Max 11516 (881) steps (0.0002 hrs) 881.95:980.70 56967 (56) sec
[800] Max 11516 (2646) steps (0.0007 hrs) 491.69:486.02 57029 (62) sec
[801] Max 11516 (1023) steps (0.0003 hrs) 722.39:701.86 57089 (60) sec
[802] Max 11516 (1271) steps (0.0004 hrs) 514.56:575.92 57158 (69) sec
[803] Max 11516 (1237) steps (0.0003 hrs) 405.01:394.50 57208 (50) sec
[804] Max 11516 (5919) steps (0.0016 hrs) 794.90:780.20 57319 (111) sec
[805] Max 11516 (3563) steps (0.0010 hrs) 452.15:432.50 57389 (70) sec
[806] Max 11516 (4700) steps (0.0013 hrs) 558.30:555.53 57461 (72) sec
[807] Max 11516 (2364) steps (0.0007 hrs) 17.77:33.84 57539 (78) sec
[808] Max 11516 (1981) steps (0.0006 hrs) 569.91:551.24 57592 (53) sec
[809] Max 11516 (815) steps (0.0002 hrs) 173.01:136.20 57650 (58) sec
[810] Max 11516 (1269) steps (0.0004 hrs) 743.10:821.91 57719 (69) sec
[811] Max 11516 (2384) steps (0.0007 hrs) 956.38:980.70 57805 (86) sec
[812] Max 11516 (1165) steps (0.0003 hrs) 496.14:473.82 57855 (50) sec
[813] Max 11516 (2265) steps (0.0006 hrs) 531.57:534.66 57927 (72) sec
[814] Max 11516 (1593) steps (0.0004 hrs) 986.82:959.20 57995 (68) sec
[815] Max 11516 (1393) steps (0.0004 hrs) 475.95:460.88 58050 (55) sec
[816] Max 11516 (3532) steps (0.0010 hrs) 465.18:446.49 58143 (93) sec
[817] Max 11516 (7097) steps (0.0020 hrs) 931.66:936.17 58230 (87) sec
[818] Max 11516 (3112) steps (0.0009 hrs) 239.07:242.29 58306 (76) sec
[819] Max 11516 (1778) steps (0.0005 hrs) 268.84:300.90 58355 (49) sec
[820] Max 11516 (2648) steps (0.0007 hrs) 206.19:226.59 58517 (162) sec
[821] Max 11516 (2660) steps (0.0007 hrs) 4.51:4.89 58788 (271) sec
[822] Max 11516 (3611) steps (0.0010 hrs) 910.83:895.87 59105 (317) sec
[823] Max 11516 (2689) steps (0.0007 hrs) 904.80:958.72 59327 (222) sec
[824] Max 11516 (5628) steps (0.0016 hrs) 64.50:62.01 59625 (298) sec
[825] Max 11516 (868) steps (0.0002 hrs) 417.05:471.20 59817 (192) sec
[826] Max 11516 (6553) steps (0.0018 hrs) 834.58:843.74 59961 (144) sec
[827] Max 11516 (1076) steps (0.0003 hrs) 394.98:316.91 60014 (53) sec
[828] Max 11516 (3973) steps (0.0011 hrs) 852.25:844.20 60103 (89) sec
[829] Max 11516 (1441) steps (0.0004 hrs) 987.51:938.24 60162 (59) sec
[830] Max 11516 (7084) steps (0.0020 hrs) 389.89:383.68 60246 (84) sec
[831] Max 11516 (2496) steps (0.0007 hrs) 994.39:996.79 60335 (89) sec
[832] Max 11516 (1178) steps (0.0003 hrs) 499.15:451.61 60387 (52) sec
[833] Max 11516 (2805) steps (0.0008 hrs) 848.84:841.35 60447 (60) sec
[834] Max 11516 (2227) steps (0.0006 hrs) 943.87:970.81 60534 (87) sec
[835] Max 11516 (3427) steps (0.0010 hrs) 369.13:365.92 60604 (70) sec
[836] Max 11516 (895) steps (0.0002 hrs) 534.08:525.14 60658 (54) sec
[837] Max 11516 (1918) steps (0.0005 hrs) 697.08:694.47 60719 (61) sec
[838] Max 11516 (6322) steps (0.0018 hrs) 778.71:774.75 60823 (104) sec
[839] Max 11516 (1532) steps (0.0004 hrs) 492.82:492.82 60877 (54) sec
[840] Max 11516 (1474) steps (0.0004 hrs) 501.36:481.68 60932 (55) sec
[841] Max 11516 (1222) steps (0.0003 hrs) 229.95:290.51 60988 (56) sec
[842] Max 11516 (841) steps (0.0002 hrs) 516.05:449.46 61042 (54) sec
[843] Max 11516 (874) steps (0.0002 hrs) 516.02:469.11 61094 (52) sec
[844] Max 11516 (2210) steps (0.0006 hrs) 50.68:61.99 61161 (67) sec
[845] Max 11516 (4226) steps (0.0012 hrs) 926.64:927.59 61262 (101) sec
[846] Max 11516 (3969) steps (0.0011 hrs) 688.84:686.82 61339 (77) sec
[847] Max 11516 (1782) steps (0.0005 hrs) 607.18:598.20 61394 (55) sec
[848] Max 11516 (4385) steps (0.0012 hrs) 792.70:796.58 61482 (88) sec
[849] Max 11516 (2175) steps (0.0006 hrs) 894.71:906.21 61558 (76) sec
[850] Max 11516 (6384) steps (0.0018 hrs) 817.20:809.84 61641 (83) sec
[851] Max 11516 (1711) steps (0.0005 hrs) 466.98:448.86 61696 (55) sec
[852] Max 11516 (2686) steps (0.0007 hrs) 890.54:890.17 61791 (95) sec
[853] Max 11516 (3874) steps (0.0011 hrs) 504.65:510.07 61865 (74) sec
[854] Max 11516 (3798) steps (0.0011 hrs) 943.92:941.02 61962 (97) sec
[855] Max 11516 (1137) steps (0.0003 hrs) 443.27:409.85 62017 (55) sec
[856] Max 11516 (2884) steps (0.0008 hrs) 993.07:975.73 62093 (76) sec
[857] Max 11516 (1965) steps (0.0005 hrs) 501.78:513.49 62155 (62) sec
[858] Max 11516 (1568) steps (0.0004 hrs) 639.03:690.05 62225 (70) sec
[859] Max 11516 (2461) steps (0.0007 hrs) 946.36:987.40 62301 (76) sec
[860] Max 11516 (1596) steps (0.0004 hrs) 559.52:533.21 62366 (65) sec
[861] Max 11516 (2605) steps (0.0007 hrs) 128.60:135.51 62439 (73) sec
[862] Max 11516 (5063) steps (0.0014 hrs) 230.30:223.58 62514 (75) sec
[863] Max 11516 (2637) steps (0.0007 hrs) 456.58:455.82 62564 (50) sec
[864] Max 11516 (2669) steps (0.0007 hrs) 478.08:471.71 62630 (66) sec
[865] Max 11516 (2714) steps (0.0008 hrs) 5.53:3.68 62725 (95) sec
[866] Max 11516 (4606) steps (0.0013 hrs) 8.68:15.20 62835 (110) sec
[867] Max 11516 (2638) steps (0.0007 hrs) 13.27:45.11 62925 (90) sec
[868] Max 11516 (2195) steps (0.0006 hrs) 570.39:571.75 62994 (69) sec
[869] Max 11516 (1389) steps (0.0004 hrs) 485.24:473.72 63042 (48) sec
[870] Max 11516 (1834) steps (0.0005 hrs) 110.69:108.51 63117 (75) sec
[871] Max 11516 (4327) steps (0.0012 hrs) 527.16:536.17 63172 (55) sec
[872] Max 11516 (3185) steps (0.0009 hrs) 200.00:193.72 63240 (68) sec
[873] Max 11516 (5169) steps (0.0014 hrs) 553.30:546.72 63326 (86) sec
[874] Max 11516 (1179) steps (0.0003 hrs) 205.26:193.38 63384 (58) sec
[875] Max 11516 (1934) steps (0.0005 hrs) 506.72:471.56 63443 (59) sec
[876] Max 11516 (2016) steps (0.0006 hrs) 534.72:535.71 63508 (65) sec
[877] Max 11516 (621) steps (0.0002 hrs) 349.44:227.05 63558 (50) sec
[878] Max 11516 (1021) steps (0.0003 hrs) 468.17:485.80 63608 (50) sec
[879] Max 11516 (1334) steps (0.0004 hrs) 335.83:351.57 63657 (49) sec
[880] Max 11516 (1870) steps (0.0005 hrs) 14.97:16.04 63732 (75) sec
[881] Max 11516 (3828) steps (0.0011 hrs) 796.76:781.61 63798 (66) sec
[882] Max 11516 (1667) steps (0.0005 hrs) 618.48:674.86 63852 (54) sec
[883] Max 11516 (1615) steps (0.0004 hrs) 362.85:334.37 63912 (60) sec
[884] Max 11516 (1230) steps (0.0003 hrs) 402.44:353.66 63966 (54) sec
[885] Max 11516 (2655) steps (0.0007 hrs) 25.99:38.04 64058 (92) sec
[886] Max 11516 (1029) steps (0.0003 hrs) 549.08:486.88 64104 (46) sec
[887] Max 11516 (3128) steps (0.0009 hrs) 409.85:390.35 64165 (61) sec
[888] Max 11516 (2411) steps (0.0007 hrs) 35.26:8.71 64237 (72) sec
[889] Max 11516 (1542) steps (0.0004 hrs) 400.78:424.77 64289 (52) sec
[890] Max 11516 (901) steps (0.0003 hrs) 584.91:509.43 64347 (58) sec
[891] Max 11516 (2282) steps (0.0006 hrs) 65.73:60.04 64423 (76) sec
[892] Max 11516 (3174) steps (0.0009 hrs) 919.66:901.70 64500 (77) sec
[893] Max 11516 (1019) steps (0.0003 hrs) 470.07:495.58 64558 (58) sec
[894] Max 11516 (1746) steps (0.0005 hrs) 367.12:327.03 64629 (71) sec
[895] Max 11516 (5320) steps (0.0015 hrs) 105.83:106.02 64728 (99) sec
[896] Max 11516 (1701) steps (0.0005 hrs) 989.42:984.13 64809 (81) sec
[897] Max 11516 (821) steps (0.0002 hrs) 410.48:330.09 64863 (54) sec
[898] Max 11516 (2503) steps (0.0007 hrs) 445.07:457.45 64934 (71) sec
[899] Max 11516 (2315) steps (0.0006 hrs) 608.21:640.17 65019 (85) sec
[900] Max 11516 (1195) steps (0.0003 hrs) 107.95:26.78 65089 (70) sec
[901] Max 11516 (3252) steps (0.0009 hrs) 128.54:129.15 65183 (94) sec
[902] Max 11516 (997) steps (0.0003 hrs) 563.69:529.59 65240 (57) sec
[903] Max 11516 (1437) steps (0.0004 hrs) 421.02:394.57 65294 (54) sec
[904] Max 11516 (3543) steps (0.0010 hrs) 640.42:623.48 65389 (95) sec
[905] Max 11516 (4489) steps (0.0012 hrs) 834.04:829.36 65463 (74) sec
[906] Max 11516 (2585) steps (0.0007 hrs) 64.99:89.75 65541 (78) sec
[907] Max 11516 (2398) steps (0.0007 hrs) 975.81:964.97 65618 (77) sec
[908] Max 11516 (927) steps (0.0003 hrs) 625.67:573.89 65672 (54) sec
[909] Max 11516 (2755) steps (0.0008 hrs) 4.72:14.88 65759 (87) sec
[910] Max 11516 (1700) steps (0.0005 hrs) 858.82:833.53 65821 (62) sec
[911] Max 11516 (4797) steps (0.0013 hrs) 777.57:769.44 65922 (101) sec
[912] Max 11516 (2715) steps (0.0008 hrs) 112.71:124.49 66000 (78) sec
[913] Max 11516 (1219) steps (0.0003 hrs) 410.17:465.96 66058 (58) sec
[914] Max 11516 (3456) steps (0.0010 hrs) 334.20:328.70 66143 (85) sec
[915] Max 11516 (3549) steps (0.0010 hrs) 650.32:647.22 66200 (57) sec
[916] Max 11516 (1191) steps (0.0003 hrs) 539.04:522.25 66252 (52) sec
[917] Max 11516 (2624) steps (0.0007 hrs) 670.35:662.35 66307 (55) sec
[918] Max 11516 (4982) steps (0.0014 hrs) 940.59:936.97 66395 (88) sec
[919] Max 11516 (1213) steps (0.0003 hrs) 89.86:126.13 66453 (58) sec
[920] Max 11516 (1862) steps (0.0005 hrs) 847.48:844.25 66534 (81) sec
[921] Max 11516 (4129) steps (0.0011 hrs) 114.56:116.25 66624 (90) sec
[922] Max 11516 (947) steps (0.0003 hrs) 507.92:479.41 66676 (52) sec
[923] Max 11516 (2620) steps (0.0007 hrs) 925.19:943.13 66755 (79) sec
[924] Max 11516 (2632) steps (0.0007 hrs) 399.70:403.50 66822 (67) sec
[925] Max 11516 (2950) steps (0.0008 hrs) 857.63:865.42 66922 (100) sec
[926] Max 11516 (3608) steps (0.0010 hrs) 947.34:952.05 66996 (74) sec
[927] Max 11516 (2148) steps (0.0006 hrs) 992.55:995.81 67077 (81) sec
[928] Max 11516 (3520) steps (0.0010 hrs) 887.78:898.01 67159 (82) sec
[929] Max 11516 (2288) steps (0.0006 hrs) 739.95:737.76 67227 (68) sec
[930] Max 11516 (2613) steps (0.0007 hrs) 148.11:134.71 67313 (86) sec
[931] Max 11516 (2291) steps (0.0006 hrs) 965.95:965.95 67395 (82) sec
[932] Max 11516 (2601) steps (0.0007 hrs) 10.00:36.14 67492 (97) sec
[933] Max 11516 (2187) steps (0.0006 hrs) 235.03:246.46 67545 (53) sec
[934] Max 11516 (2916) steps (0.0008 hrs) 945.47:958.50 67626 (81) sec
[935] Max 11516 (2715) steps (0.0008 hrs) 647.51:665.19 67690 (64) sec
[936] Max 11516 (1521) steps (0.0004 hrs) 488.49:479.29 67741 (51) sec
[937] Max 11516 (3813) steps (0.0011 hrs) 813.79:807.50 67807 (66) sec
[938] Max 11516 (1184) steps (0.0003 hrs) 240.71:251.69 67860 (53) sec
[939] Max 11516 (940) steps (0.0003 hrs) 46.81:174.47 67918 (58) sec
[940] Max 11516 (2349) steps (0.0007 hrs) 747.55:740.74 67973 (55) sec
[941] Max 11516 (1566) steps (0.0004 hrs) 475.73:435.50 68036 (63) sec
[942] Max 11516 (2659) steps (0.0007 hrs) 971.42:955.25 68112 (76) sec
[943] Max 11516 (2410) steps (0.0007 hrs) 225.31:221.99 68189 (77) sec
[944] Max 11516 (1865) steps (0.0005 hrs) 578.02:605.36 68245 (56) sec
[945] Max 11516 (3747) steps (0.0010 hrs) 982.12:988.52 68328 (83) sec
[946] Max 11516 (1236) steps (0.0003 hrs) 896.44:832.52 68388 (60) sec
[947] Max 11516 (5999) steps (0.0017 hrs) 196.70:199.87 68513 (125) sec
[948] Max 11516 (2075) steps (0.0006 hrs) 912.77:954.22 68577 (64) sec
[949] Max 11516 (1361) steps (0.0004 hrs) 69.07:13.23 68654 (77) sec
[950] Max 11516 (3378) steps (0.0009 hrs) 990.23:995.26 68755 (101) sec
[951] Max 11516 (6563) steps (0.0018 hrs) 264.36:264.51 68849 (94) sec
[952] Max 11516 (1555) steps (0.0004 hrs) 561.41:522.83 68902 (53) sec
[953] Max 11516 (2070) steps (0.0006 hrs) 617.87:656.52 68986 (84) sec
[954] Max 11516 (1496) steps (0.0004 hrs) 411.10:433.82 69036 (50) sec
[955] Max 11516 (1219) steps (0.0003 hrs) 570.96:495.49 69095 (59) sec
[956] Max 11516 (1634) steps (0.0005 hrs) 744.19:752.75 69155 (60) sec
[957] Max 11516 (3592) steps (0.0010 hrs) 449.89:455.46 69207 (52) sec
[958] Max 11516 (2457) steps (0.0007 hrs) 56.17:106.63 69289 (82) sec
[959] Max 11516 (2110) steps (0.0006 hrs) 314.69:323.22 69346 (57) sec
[960] Max 11516 (2437) steps (0.0007 hrs) 13.13:28.72 69434 (88) sec
[961] Max 11516 (3658) steps (0.0010 hrs) 26.79:44.01 69538 (104) sec
[962] Max 11516 (2595) steps (0.0007 hrs) 93.64:106.36 69637 (99) sec
[963] Max 11516 (1975) steps (0.0005 hrs) 23.29:52.15 69705 (68) sec
[964] Max 11516 (2227) steps (0.0006 hrs) 450.83:458.91 69762 (57) sec
[965] Max 11516 (5704) steps (0.0016 hrs) 773.32:779.98 69856 (94) sec
[966] Max 11516 (1660) steps (0.0005 hrs) 543.37:480.12 69924 (68) sec
[967] Max 11516 (6009) steps (0.0017 hrs) 725.41:733.40 70031 (107) sec
[968] Max 11516 (2311) steps (0.0006 hrs) 718.74:737.34 70089 (58) sec
[969] Max 11516 (2477) steps (0.0007 hrs) 464.27:458.62 70144 (55) sec
[970] Max 11516 (1664) steps (0.0005 hrs) 584.13:535.46 70202 (58) sec
[971] Max 11516 (2551) steps (0.0007 hrs) 16.07:23.52 70288 (86) sec
[972] Max 11516 (4171) steps (0.0012 hrs) 421.96:432.27 70353 (65) sec
[973] Max 11516 (1150) steps (0.0003 hrs) 481.74:419.13 70411 (58) sec
[974] Max 11516 (1207) steps (0.0003 hrs) 512.84:563.38 70464 (53) sec
[975] Max 11516 (2105) steps (0.0006 hrs) 514.96:495.96 70530 (66) sec
[976] Max 11516 (893) steps (0.0002 hrs) 606.94:596.86 70583 (53) sec
[977] Max 11516 (1358) steps (0.0004 hrs) 445.51:448.45 70639 (56) sec
[978] Max 11516 (3659) steps (0.0010 hrs) 473.35:477.18 70730 (91) sec
[979] Max 11516 (986) steps (0.0003 hrs) 382.35:464.50 70783 (53) sec
[980] Max 11516 (2658) steps (0.0007 hrs) 278.78:291.57 70860 (77) sec
[981] Max 11516 (4511) steps (0.0013 hrs) 814.68:803.37 70918 (58) sec
[982] Max 11516 (829) steps (0.0002 hrs) 564.54:501.81 70974 (56) sec
[983] Max 11516 (1805) steps (0.0005 hrs) 414.40:394.46 71028 (54) sec
[984] Max 11516 (1859) steps (0.0005 hrs) 667.56:677.78 71096 (68) sec
[985] Max 11516 (3634) steps (0.0010 hrs) 459.27:458.45 71167 (71) sec
[986] Max 11516 (5467) steps (0.0015 hrs) 109.93:104.81 71279 (112) sec
[987] Max 11516 (1223) steps (0.0003 hrs) 353.23:358.95 71331 (52) sec
[988] Max 11516 (2081) steps (0.0006 hrs) 938.97:951.95 71410 (79) sec
[989] Max 11516 (3412) steps (0.0009 hrs) 421.16:415.30 71493 (83) sec
[990] Max 11516 (1522) steps (0.0004 hrs) 383.71:360.71 71542 (49) sec
[991] Max 11516 (2518) steps (0.0007 hrs) 166.40:191.02 71604 (62) sec
[992] Max 11516 (2415) steps (0.0007 hrs) 975.98:962.73 71691 (87) sec
[993] Max 11516 (1564) steps (0.0004 hrs) 180.31:138.11 71769 (78) sec
[994] Max 11516 (2895) steps (0.0008 hrs) 8.98:25.22 71867 (98) sec
[995] Max 11516 (2215) steps (0.0006 hrs) 10.84:65.01 71952 (85) sec
[996] Max 11516 (2554) steps (0.0007 hrs) 45.42:49.73 72042 (90) sec
[997] Max 11516 (1757) steps (0.0005 hrs) 504.27:523.05 72111 (69) sec
[998] Max 11516 (7042) steps (0.0020 hrs) 605.37:617.44 72200 (89) sec
[999] Max 11516 (4578) steps (0.0013 hrs) 856.71:852.56 72283 (83) sec
[1000] Max 11516 (1628) steps (0.0005 hrs) 259.21:229.73 72339 (56) sec
Total Elapsed time: 72339 seconds
Wrote current data to latest.train
