balanced 0 test_flag 0
[1] Ep10000: Max 2951 (2951) steps (0.0008 hrs) -nan:-nan 97 (97) sec
[2] Ep10000: Max 2951 (2488) steps (0.0007 hrs) -nan:-nan 174 (77) sec
[3] Ep10000: Max 2951 (2426) steps (0.0007 hrs) -nan:-nan 248 (74) sec
[4] Ep10000: Max 2951 (2296) steps (0.0006 hrs) -nan:-nan 318 (70) sec
[5] Ep10000: Max 2951 (2147) steps (0.0006 hrs) -nan:-nan 389 (71) sec
[6] Ep10000: Max 2951 (2370) steps (0.0007 hrs) -nan:-nan 454 (65) sec
[7] Ep10000: Max 2951 (2378) steps (0.0007 hrs) -nan:-nan 489 (35) sec
[8] Ep10000: Max 2951 (2129) steps (0.0006 hrs) -nan:-nan 515 (26) sec
[9] Ep10000: Max 2951 (2117) steps (0.0006 hrs) -nan:-nan 551 (36) sec
[10] Ep10000: Max 2951 (2524) steps (0.0007 hrs) -nan:-nan 581 (30) sec
[11] Ep10000: Max 2951 (2419) steps (0.0007 hrs) -nan:-nan 607 (26) sec
[12] Ep10000: Max 2951 (2424) steps (0.0007 hrs) -nan:-nan 632 (25) sec
[13] Ep10000: Max 2951 (2050) steps (0.0006 hrs) -nan:-nan 658 (26) sec
[14] Ep10000: Max 2951 (2814) steps (0.0008 hrs) -nan:-nan 690 (32) sec
[15] Ep10000: Max 3254 (3254) steps (0.0009 hrs) -nan:-nan 724 (34) sec
[16] Ep10000: Max 3254 (2744) steps (0.0008 hrs) -nan:-nan 758 (34) sec
[17] Ep10000: Max 3254 (2212) steps (0.0006 hrs) -nan:-nan 785 (27) sec
[18] Ep10000: Max 3254 (2002) steps (0.0006 hrs) -nan:-nan 813 (28) sec
[19] Ep10000: Max 3254 (2366) steps (0.0007 hrs) -nan:-nan 838 (25) sec
[20] Ep10000: Max 3254 (2143) steps (0.0006 hrs) -nan:-nan 885 (47) sec
[21] Ep10000: Max 3254 (2210) steps (0.0006 hrs) -nan:-nan 934 (49) sec
[22] Ep10000: Max 3254 (2326) steps (0.0006 hrs) -nan:-nan 1031 (97) sec
[23] Ep10000: Max 3254 (2326) steps (0.0006 hrs) -nan:-nan 1087 (56) sec
[24] Ep10000: Max 3254 (2090) steps (0.0006 hrs) -nan:-nan 1115 (28) sec
[25] Ep10000: Max 3254 (2424) steps (0.0007 hrs) -nan:-nan 1143 (28) sec
[26] Ep10000: Max 3254 (2275) steps (0.0006 hrs) -nan:-nan 1170 (27) sec
[27] Ep10000: Max 3254 (2338) steps (0.0006 hrs) -nan:-nan 1198 (28) sec
[28] Ep10000: Max 3254 (2709) steps (0.0008 hrs) -nan:-nan 1225 (27) sec
[29] Ep10000: Max 3254 (2507) steps (0.0007 hrs) -nan:-nan 1253 (28) sec
[30] Ep10000: Max 3254 (2002) steps (0.0006 hrs) -nan:-nan 1280 (27) sec
[31] Ep10000: Max 3254 (2112) steps (0.0006 hrs) -nan:-nan 1308 (28) sec
[32] Ep10000: Max 3254 (2001) steps (0.0006 hrs) -nan:-nan 1336 (28) sec
[33] Ep10000: Max 3254 (1968) steps (0.0005 hrs) -nan:-nan 1365 (29) sec
[34] Ep10000: Max 3254 (1973) steps (0.0005 hrs) -nan:-nan 1393 (28) sec
[35] Ep10000: Max 3254 (1817) steps (0.0005 hrs) -nan:-nan 1420 (27) sec
[36] Ep10000: Max 3254 (2404) steps (0.0007 hrs) -nan:-nan 1449 (29) sec
[37] Ep10000: Max 3254 (2025) steps (0.0006 hrs) -nan:-nan 1476 (27) sec
[38] Ep10000: Max 3254 (2235) steps (0.0006 hrs) -nan:-nan 1503 (27) sec
[39] Ep10000: Max 3254 (2129) steps (0.0006 hrs) -nan:-nan 1529 (26) sec
[40] Ep10000: Max 3254 (1974) steps (0.0005 hrs) -nan:-nan 1557 (28) sec
[41] Ep10000: Max 3254 (2830) steps (0.0008 hrs) -nan:-nan 1583 (26) sec
[42] Ep10000: Max 3254 (2297) steps (0.0006 hrs) -nan:-nan 1611 (28) sec
[43] Ep10000: Max 3254 (2045) steps (0.0006 hrs) -nan:-nan 1638 (27) sec
[44] Ep10000: Max 3254 (1945) steps (0.0005 hrs) -nan:-nan 1665 (27) sec
[45] Ep10000: Max 3254 (2293) steps (0.0006 hrs) -nan:-nan 1692 (27) sec
[46] Ep10000: Max 3254 (1929) steps (0.0005 hrs) -nan:-nan 1719 (27) sec
[47] Ep10000: Max 3254 (2118) steps (0.0006 hrs) -nan:-nan 1746 (27) sec
[48] Ep10000: Max 3254 (2212) steps (0.0006 hrs) -nan:-nan 1773 (27) sec
[49] Ep10000: Max 3254 (2454) steps (0.0007 hrs) -nan:-nan 1799 (26) sec
[50] Ep10000: Max 3254 (2541) steps (0.0007 hrs) -nan:-nan 1827 (28) sec
[51] Ep10000: Max 3254 (2874) steps (0.0008 hrs) -nan:-nan 1857 (30) sec
[52] Ep10000: Max 3254 (2416) steps (0.0007 hrs) -nan:-nan 1885 (28) sec
[53] Ep10000: Max 3254 (2645) steps (0.0007 hrs) -nan:-nan 1913 (28) sec
[54] Ep10000: Max 3254 (2022) steps (0.0006 hrs) -nan:-nan 1941 (28) sec
[55] Ep10000: Max 3254 (2642) steps (0.0007 hrs) -nan:-nan 1969 (28) sec
[56] Ep10000: Max 3254 (2128) steps (0.0006 hrs) -nan:-nan 1998 (29) sec
[57] Ep10000: Max 3254 (1982) steps (0.0006 hrs) -nan:-nan 2026 (28) sec
[58] Ep10000: Max 3254 (1930) steps (0.0005 hrs) -nan:-nan 2053 (27) sec
[59] Ep10000: Max 3254 (2510) steps (0.0007 hrs) -nan:-nan 2081 (28) sec
[60] Ep10000: Max 3254 (2178) steps (0.0006 hrs) -nan:-nan 2109 (28) sec
[61] Ep10000: Max 3254 (2375) steps (0.0007 hrs) -nan:-nan 2136 (27) sec
[62] Ep10000: Max 3254 (2070) steps (0.0006 hrs) -nan:-nan 2163 (27) sec
[63] Ep10000: Max 3254 (2746) steps (0.0008 hrs) -nan:-nan 2191 (28) sec
[64] Ep10000: Max 3254 (2740) steps (0.0008 hrs) -nan:-nan 2219 (28) sec
[65] Ep10000: Max 3254 (2212) steps (0.0006 hrs) -nan:-nan 2247 (28) sec
[66] Ep10000: Max 3254 (2236) steps (0.0006 hrs) -nan:-nan 2275 (28) sec
[67] Ep10000: Max 3254 (2298) steps (0.0006 hrs) -nan:-nan 2303 (28) sec
[68] Ep10000: Max 3254 (2535) steps (0.0007 hrs) -nan:-nan 2331 (28) sec
[69] Ep10000: Max 3254 (2227) steps (0.0006 hrs) -nan:-nan 2358 (27) sec
[70] Ep10000: Max 3254 (2278) steps (0.0006 hrs) -nan:-nan 2386 (28) sec
[71] Ep10000: Max 3254 (2157) steps (0.0006 hrs) -nan:-nan 2412 (26) sec
[72] Ep10000: Max 3254 (2476) steps (0.0007 hrs) -nan:-nan 2440 (28) sec
[73] Ep10000: Max 3254 (2548) steps (0.0007 hrs) -nan:-nan 2471 (31) sec
[74] Ep10000: Max 3254 (2305) steps (0.0006 hrs) -nan:-nan 2499 (28) sec
[75] Ep10000: Max 3254 (2738) steps (0.0008 hrs) -nan:-nan 2527 (28) sec
[76] Ep10000: Max 3254 (2441) steps (0.0007 hrs) -nan:-nan 2554 (27) sec
[77] Ep10000: Max 3254 (1983) steps (0.0006 hrs) -nan:-nan 2583 (29) sec
[78] Ep10000: Max 3254 (2788) steps (0.0008 hrs) -nan:-nan 2612 (29) sec
[79] Ep10000: Max 3254 (2125) steps (0.0006 hrs) -nan:-nan 2640 (28) sec
[80] Ep10000: Max 3254 (2316) steps (0.0006 hrs) -nan:-nan 2668 (28) sec
[81] Ep10000: Max 3254 (1998) steps (0.0006 hrs) -nan:-nan 2697 (29) sec
[82] Ep10000: Max 3254 (2406) steps (0.0007 hrs) -nan:-nan 2726 (29) sec
[83] Ep10000: Max 3254 (2142) steps (0.0006 hrs) -nan:-nan 2755 (29) sec
[84] Ep10000: Max 3254 (2257) steps (0.0006 hrs) -nan:-nan 2784 (29) sec
[85] Ep10000: Max 3254 (2448) steps (0.0007 hrs) -nan:-nan 2813 (29) sec
[86] Ep10000: Max 3254 (2025) steps (0.0006 hrs) -nan:-nan 2842 (29) sec
[87] Ep10000: Max 3254 (2333) steps (0.0006 hrs) -nan:-nan 2870 (28) sec
[88] Ep10000: Max 3254 (1994) steps (0.0006 hrs) -nan:-nan 2899 (29) sec
[89] Ep10000: Max 3254 (2177) steps (0.0006 hrs) -nan:-nan 2928 (29) sec
[90] Ep10000: Max 3254 (2443) steps (0.0007 hrs) -nan:-nan 2957 (29) sec
[91] Ep10000: Max 3254 (2068) steps (0.0006 hrs) -nan:-nan 2988 (31) sec
[92] Ep10000: Max 3254 (2126) steps (0.0006 hrs) -nan:-nan 3016 (28) sec
[93] Ep10000: Max 3254 (1935) steps (0.0005 hrs) -nan:-nan 3044 (28) sec
[94] Ep10000: Max 3254 (1879) steps (0.0005 hrs) -nan:-nan 3072 (28) sec
[95] Ep10000: Max 3254 (2333) steps (0.0006 hrs) -nan:-nan 3100 (28) sec
[96] Ep10000: Max 3254 (2166) steps (0.0006 hrs) -nan:-nan 3127 (27) sec
[97] Ep10000: Max 3254 (2245) steps (0.0006 hrs) -nan:-nan 3154 (27) sec
[98] Ep10000: Max 3254 (2563) steps (0.0007 hrs) -nan:-nan 3182 (28) sec
[99] Ep10000: Max 3254 (2446) steps (0.0007 hrs) -nan:-nan 3210 (28) sec
[100] Ep10000: Max 3254 (2572) steps (0.0007 hrs) -nan:-nan 3238 (28) sec
[101] Ep10000: Max 3254 (2124) steps (0.0006 hrs) -nan:-nan 3267 (29) sec
[102] Ep10000: Max 3254 (2079) steps (0.0006 hrs) -nan:-nan 3297 (30) sec
[103] Ep10000: Max 3254 (2587) steps (0.0007 hrs) -nan:-nan 3325 (28) sec
[104] Ep10000: Max 3254 (2608) steps (0.0007 hrs) -nan:-nan 3352 (27) sec
[105] Ep10000: Max 3254 (2747) steps (0.0008 hrs) -nan:-nan 3380 (28) sec
[106] Ep10000: Max 3254 (2435) steps (0.0007 hrs) -nan:-nan 3408 (28) sec
[107] Ep10000: Max 3254 (2349) steps (0.0007 hrs) -nan:-nan 3436 (28) sec
[108] Ep10000: Max 3254 (2129) steps (0.0006 hrs) -nan:-nan 3464 (28) sec
[109] Ep10000: Max 3254 (3004) steps (0.0008 hrs) -nan:-nan 3490 (26) sec
[110] Ep10000: Max 3254 (2699) steps (0.0007 hrs) -nan:-nan 3519 (29) sec
[111] Ep10000: Max 3254 (2318) steps (0.0006 hrs) -nan:-nan 3548 (29) sec
[112] Ep10000: Max 3254 (2209) steps (0.0006 hrs) -nan:-nan 3576 (28) sec
[113] Ep10000: Max 3254 (2263) steps (0.0006 hrs) -nan:-nan 3603 (27) sec
[114] Ep10000: Max 3254 (2138) steps (0.0006 hrs) -nan:-nan 3640 (37) sec
[115] Ep10000: Max 3254 (2334) steps (0.0006 hrs) -nan:-nan 3678 (38) sec
[116] Ep10000: Max 3254 (2038) steps (0.0006 hrs) -nan:-nan 3705 (27) sec
[117] Ep10000: Max 3254 (2118) steps (0.0006 hrs) -nan:-nan 3733 (28) sec
[118] Ep10000: Max 3254 (2199) steps (0.0006 hrs) -nan:-nan 3762 (29) sec
[119] Ep10000: Max 3254 (2352) steps (0.0007 hrs) -nan:-nan 3791 (29) sec
[120] Ep10000: Max 3254 (2478) steps (0.0007 hrs) -nan:-nan 3820 (29) sec
[121] Ep10000: Max 3254 (2393) steps (0.0007 hrs) -nan:-nan 3851 (31) sec
[122] Ep10000: Max 3254 (2351) steps (0.0007 hrs) -nan:-nan 3881 (30) sec
[123] Ep10000: Max 3254 (1902) steps (0.0005 hrs) -nan:-nan 3915 (34) sec
[124] Ep10000: Max 3254 (2521) steps (0.0007 hrs) -nan:-nan 3952 (37) sec
[125] Ep10000: Max 3254 (2436) steps (0.0007 hrs) -nan:-nan 3986 (34) sec
[126] Ep10000: Max 3254 (2124) steps (0.0006 hrs) -nan:-nan 4017 (31) sec
[127] Ep10000: Max 3254 (2417) steps (0.0007 hrs) -nan:-nan 4045 (28) sec
[128] Ep10000: Max 3254 (1944) steps (0.0005 hrs) -nan:-nan 4072 (27) sec
[129] Ep10000: Max 3254 (2523) steps (0.0007 hrs) -nan:-nan 4100 (28) sec
[130] Ep10000: Max 3254 (2085) steps (0.0006 hrs) -nan:-nan 4134 (34) sec
[131] Ep10000: Max 3254 (2164) steps (0.0006 hrs) -nan:-nan 4167 (33) sec
[132] Ep10000: Max 3254 (2206) steps (0.0006 hrs) -nan:-nan 4201 (34) sec
[133] Ep10000: Max 3254 (2573) steps (0.0007 hrs) -nan:-nan 4237 (36) sec
[134] Ep10000: Max 3254 (2241) steps (0.0006 hrs) -nan:-nan 4270 (33) sec
[135] Ep10000: Max 3254 (2760) steps (0.0008 hrs) -nan:-nan 4305 (35) sec
[136] Ep10000: Max 3254 (2340) steps (0.0007 hrs) -nan:-nan 4338 (33) sec
[137] Ep10000: Max 3254 (2418) steps (0.0007 hrs) -nan:-nan 4374 (36) sec
[138] Ep10000: Max 3254 (2155) steps (0.0006 hrs) -nan:-nan 4408 (34) sec
[139] Ep10000: Max 3254 (1955) steps (0.0005 hrs) -nan:-nan 4442 (34) sec
[140] Ep10000: Max 3254 (2815) steps (0.0008 hrs) -nan:-nan 4475 (33) sec
[141] Ep10000: Max 3254 (2315) steps (0.0006 hrs) -nan:-nan 4509 (34) sec
[142] Ep10000: Max 3254 (2410) steps (0.0007 hrs) -nan:-nan 4543 (34) sec
[143] Ep10000: Max 3254 (2739) steps (0.0008 hrs) -nan:-nan 4576 (33) sec
[144] Ep10000: Max 3254 (2048) steps (0.0006 hrs) -nan:-nan 4610 (34) sec
[145] Ep10000: Max 3254 (2153) steps (0.0006 hrs) -nan:-nan 4641 (31) sec
[146] Ep10000: Max 3254 (2033) steps (0.0006 hrs) -nan:-nan 4666 (25) sec
[147] Ep10000: Max 3254 (2817) steps (0.0008 hrs) -nan:-nan 4692 (26) sec
[148] Ep10000: Max 3254 (2394) steps (0.0007 hrs) -nan:-nan 4717 (25) sec
[149] Ep10000: Max 3254 (2264) steps (0.0006 hrs) -nan:-nan 4743 (26) sec
[150] Ep10000: Max 3254 (2225) steps (0.0006 hrs) -nan:-nan 4768 (25) sec
[151] Ep10000: Max 3254 (2291) steps (0.0006 hrs) -nan:-nan 4794 (26) sec
[152] Ep10000: Max 3254 (2936) steps (0.0008 hrs) -nan:-nan 4821 (27) sec
[153] Ep10000: Max 3254 (2265) steps (0.0006 hrs) -nan:-nan 4848 (27) sec
[154] Ep10000: Max 3254 (2820) steps (0.0008 hrs) -nan:-nan 4873 (25) sec
[155] Ep10000: Max 3254 (2769) steps (0.0008 hrs) -nan:-nan 4898 (25) sec
[156] Ep10000: Max 3254 (2220) steps (0.0006 hrs) -nan:-nan 4924 (26) sec
[157] Ep10000: Max 3254 (2541) steps (0.0007 hrs) -nan:-nan 4950 (26) sec
[158] Ep10000: Max 3254 (2412) steps (0.0007 hrs) -nan:-nan 4977 (27) sec
[159] Ep10000: Max 3254 (2712) steps (0.0008 hrs) -nan:-nan 5003 (26) sec
[160] Ep10000: Max 3254 (2829) steps (0.0008 hrs) -nan:-nan 5031 (28) sec
[161] Ep10000: Max 3254 (2625) steps (0.0007 hrs) -nan:-nan 5061 (30) sec
[162] Ep10000: Max 3254 (2094) steps (0.0006 hrs) -nan:-nan 5091 (30) sec
[163] Ep10000: Max 3254 (2373) steps (0.0007 hrs) -nan:-nan 5121 (30) sec
[164] Ep10000: Max 3254 (2421) steps (0.0007 hrs) -nan:-nan 5151 (30) sec
[165] Ep10000: Max 3254 (2535) steps (0.0007 hrs) -nan:-nan 5185 (34) sec
[166] Ep10000: Max 3254 (2729) steps (0.0008 hrs) -nan:-nan 5216 (31) sec
[167] Ep10000: Max 3254 (2168) steps (0.0006 hrs) -nan:-nan 5248 (32) sec
[168] Ep10000: Max 3254 (2269) steps (0.0006 hrs) -nan:-nan 5279 (31) sec
[169] Ep10000: Max 3254 (2149) steps (0.0006 hrs) -nan:-nan 5311 (32) sec
[170] Ep10000: Max 3254 (1978) steps (0.0005 hrs) -nan:-nan 5346 (35) sec
[171] Ep10000: Max 3254 (2569) steps (0.0007 hrs) -nan:-nan 5382 (36) sec
[172] Ep10000: Max 3254 (2013) steps (0.0006 hrs) -nan:-nan 5418 (36) sec
[173] Ep10000: Max 3254 (2240) steps (0.0006 hrs) -nan:-nan 5453 (35) sec
[174] Ep10000: Max 3254 (2843) steps (0.0008 hrs) -nan:-nan 5491 (38) sec
[175] Ep10000: Max 3254 (2540) steps (0.0007 hrs) -nan:-nan 5527 (36) sec
[176] Ep10000: Max 3254 (2611) steps (0.0007 hrs) -nan:-nan 5563 (36) sec
[177] Ep10000: Max 3254 (2269) steps (0.0006 hrs) -nan:-nan 5599 (36) sec
[178] Ep10000: Max 3404 (3404) steps (0.0009 hrs) -nan:-nan 5636 (37) sec
[179] Ep10000: Max 3404 (2256) steps (0.0006 hrs) -nan:-nan 5671 (35) sec
[180] Ep10000: Max 3404 (2129) steps (0.0006 hrs) -nan:-nan 5706 (35) sec
[181] Ep10000: Max 3404 (2652) steps (0.0007 hrs) -nan:-nan 5734 (28) sec
[182] Ep10000: Max 3404 (2042) steps (0.0006 hrs) -nan:-nan 5763 (29) sec
[183] Ep10000: Max 3404 (2468) steps (0.0007 hrs) -nan:-nan 5794 (31) sec
[184] Ep10000: Max 3404 (1984) steps (0.0006 hrs) -nan:-nan 5822 (28) sec
[185] Ep10000: Max 3404 (2253) steps (0.0006 hrs) -nan:-nan 5850 (28) sec
[186] Ep10000: Max 3404 (2096) steps (0.0006 hrs) -nan:-nan 5879 (29) sec
[187] Ep10000: Max 3404 (3095) steps (0.0009 hrs) -nan:-nan 5910 (31) sec
[188] Ep10000: Max 3404 (2244) steps (0.0006 hrs) -nan:-nan 5940 (30) sec
[189] Ep10000: Max 3404 (3249) steps (0.0009 hrs) -nan:-nan 5973 (33) sec
[190] Ep10000: Max 3404 (2298) steps (0.0006 hrs) -nan:-nan 6002 (29) sec
[191] Ep10000: Max 3404 (2743) steps (0.0008 hrs) -nan:-nan 6035 (33) sec
[192] Ep10000: Max 3404 (2559) steps (0.0007 hrs) -nan:-nan 6069 (34) sec
[193] Ep10000: Max 3404 (2124) steps (0.0006 hrs) -nan:-nan 6099 (30) sec
[194] Ep10000: Max 3404 (2134) steps (0.0006 hrs) -nan:-nan 6124 (25) sec
[195] Ep10000: Max 3404 (2974) steps (0.0008 hrs) -nan:-nan 6154 (30) sec
[196] Ep10000: Max 3404 (2121) steps (0.0006 hrs) -nan:-nan 6187 (33) sec
[197] Ep10000: Max 3404 (2134) steps (0.0006 hrs) -nan:-nan 6217 (30) sec
[198] Ep10000: Max 3404 (1893) steps (0.0005 hrs) -nan:-nan 6247 (30) sec
[199] Ep10000: Max 3404 (2329) steps (0.0006 hrs) -nan:-nan 6278 (31) sec
[200] Ep10000: Max 3404 (2526) steps (0.0007 hrs) -nan:-nan 6310 (32) sec
[201] Ep10000: Max 3404 (2587) steps (0.0007 hrs) -nan:-nan 6345 (35) sec
[202] Ep10000: Max 3404 (2139) steps (0.0006 hrs) -nan:-nan 6379 (34) sec
[203] Ep10000: Max 3404 (2434) steps (0.0007 hrs) -nan:-nan 6413 (34) sec
[204] Ep10000: Max 3404 (2301) steps (0.0006 hrs) -nan:-nan 6449 (36) sec
[205] Ep10000: Max 3404 (2190) steps (0.0006 hrs) -nan:-nan 6483 (34) sec
[206] Ep10000: Max 3404 (2265) steps (0.0006 hrs) -nan:-nan 6518 (35) sec
[207] Ep10000: Max 3404 (1990) steps (0.0006 hrs) -nan:-nan 6553 (35) sec
[208] Ep10000: Max 3404 (2368) steps (0.0007 hrs) -nan:-nan 6590 (37) sec
[209] Ep10000: Max 3404 (1960) steps (0.0005 hrs) -nan:-nan 6623 (33) sec
[210] Ep10000: Max 3404 (2178) steps (0.0006 hrs) -nan:-nan 6655 (32) sec
[211] Ep10000: Max 3404 (2408) steps (0.0007 hrs) -nan:-nan 6686 (31) sec
[212] Ep10000: Max 3404 (2167) steps (0.0006 hrs) -nan:-nan 6713 (27) sec
[213] Ep10000: Max 3404 (2606) steps (0.0007 hrs) -nan:-nan 6740 (27) sec
[214] Ep10000: Max 3404 (2493) steps (0.0007 hrs) -nan:-nan 6766 (26) sec
[215] Ep10000: Max 3697 (3697) steps (0.0010 hrs) -nan:-nan 6797 (31) sec
[216] Ep10000: Max 3697 (2256) steps (0.0006 hrs) -nan:-nan 6830 (33) sec
[217] Ep10000: Max 3697 (2076) steps (0.0006 hrs) -nan:-nan 6862 (32) sec
[218] Ep10000: Max 3697 (1964) steps (0.0005 hrs) -nan:-nan 6897 (35) sec
[219] Ep10000: Max 3697 (2347) steps (0.0007 hrs) -nan:-nan 6931 (34) sec
[220] Ep10000: Max 3697 (2221) steps (0.0006 hrs) -nan:-nan 6966 (35) sec
[221] Ep10000: Max 3697 (2720) steps (0.0008 hrs) -nan:-nan 6996 (30) sec
[222] Ep10000: Max 3697 (1871) steps (0.0005 hrs) -nan:-nan 7024 (28) sec
[223] Ep10000: Max 3697 (2231) steps (0.0006 hrs) -nan:-nan 7052 (28) sec
[224] Ep10000: Max 3697 (2047) steps (0.0006 hrs) -nan:-nan 7078 (26) sec
[225] Ep10000: Max 3697 (2862) steps (0.0008 hrs) -nan:-nan 7105 (27) sec
[226] Ep10000: Max 3697 (2069) steps (0.0006 hrs) -nan:-nan 7134 (29) sec
[227] Ep10000: Max 3697 (2183) steps (0.0006 hrs) -nan:-nan 7161 (27) sec
[228] Ep10000: Max 3697 (2010) steps (0.0006 hrs) -nan:-nan 7186 (25) sec
[229] Ep10000: Max 3697 (1938) steps (0.0005 hrs) -nan:-nan 7215 (29) sec
[230] Ep10000: Max 3697 (2235) steps (0.0006 hrs) -nan:-nan 7241 (26) sec
[231] Ep10000: Max 3697 (2482) steps (0.0007 hrs) -nan:-nan 7267 (26) sec
[232] Ep10000: Max 3697 (2081) steps (0.0006 hrs) -nan:-nan 7296 (29) sec
[233] Ep10000: Max 3697 (2142) steps (0.0006 hrs) -nan:-nan 7324 (28) sec
[234] Ep10000: Max 3697 (2242) steps (0.0006 hrs) -nan:-nan 7350 (26) sec
[235] Ep10000: Max 3697 (2634) steps (0.0007 hrs) -nan:-nan 7377 (27) sec
[236] Ep10000: Max 3697 (2209) steps (0.0006 hrs) -nan:-nan 7404 (27) sec
[237] Ep10000: Max 3697 (1910) steps (0.0005 hrs) -nan:-nan 7430 (26) sec
[238] Ep10000: Max 3697 (2853) steps (0.0008 hrs) -nan:-nan 7459 (29) sec
[239] Ep10000: Max 3697 (2456) steps (0.0007 hrs) -nan:-nan 7488 (29) sec
[240] Ep10000: Max 3697 (2781) steps (0.0008 hrs) -nan:-nan 7514 (26) sec
[241] Ep10000: Max 3697 (1967) steps (0.0005 hrs) -nan:-nan 7539 (25) sec
[242] Ep10000: Max 3697 (2389) steps (0.0007 hrs) -nan:-nan 7568 (29) sec
[243] Ep10000: Max 3697 (1845) steps (0.0005 hrs) -nan:-nan 7595 (27) sec
[244] Ep10000: Max 3697 (2032) steps (0.0006 hrs) -nan:-nan 7621 (26) sec
[245] Ep10000: Max 3697 (2146) steps (0.0006 hrs) -nan:-nan 7648 (27) sec
[246] Ep10000: Max 3697 (1924) steps (0.0005 hrs) -nan:-nan 7676 (28) sec
[247] Ep10000: Max 3697 (2452) steps (0.0007 hrs) -nan:-nan 7703 (27) sec
[248] Ep10000: Max 3697 (2186) steps (0.0006 hrs) -nan:-nan 7728 (25) sec
[249] Ep10000: Max 3697 (2208) steps (0.0006 hrs) -nan:-nan 7758 (30) sec
[250] Ep10000: Max 3697 (2438) steps (0.0007 hrs) -nan:-nan 7784 (26) sec
[251] Ep10000: Max 3697 (2100) steps (0.0006 hrs) -nan:-nan 7809 (25) sec
[252] Ep10000: Max 3697 (2397) steps (0.0007 hrs) -nan:-nan 7838 (29) sec
[253] Ep10000: Max 3697 (2168) steps (0.0006 hrs) -nan:-nan 7865 (27) sec
[254] Ep10000: Max 3697 (2027) steps (0.0006 hrs) -nan:-nan 7891 (26) sec
[255] Ep10000: Max 3697 (2109) steps (0.0006 hrs) -nan:-nan 7917 (26) sec
[256] Ep10000: Max 3697 (1972) steps (0.0005 hrs) -nan:-nan 7947 (30) sec
[257] Ep10000: Max 3697 (2545) steps (0.0007 hrs) -nan:-nan 7973 (26) sec
[258] Ep10000: Max 3697 (2333) steps (0.0006 hrs) -nan:-nan 7999 (26) sec
[259] Ep10000: Max 3697 (2287) steps (0.0006 hrs) -nan:-nan 8030 (31) sec
[260] Ep10000: Max 3697 (2513) steps (0.0007 hrs) -nan:-nan 8056 (26) sec
[261] Ep10000: Max 3697 (3057) steps (0.0008 hrs) -nan:-nan 8082 (26) sec
[262] Ep10000: Max 3697 (2235) steps (0.0006 hrs) -nan:-nan 8112 (30) sec
[263] Ep10000: Max 3697 (2238) steps (0.0006 hrs) -nan:-nan 8140 (28) sec
[264] Ep10000: Max 3697 (1910) steps (0.0005 hrs) -nan:-nan 8166 (26) sec
[265] Ep10000: Max 3697 (2673) steps (0.0007 hrs) -nan:-nan 8194 (28) sec
[266] Ep10000: Max 3697 (2963) steps (0.0008 hrs) -nan:-nan 8224 (30) sec
[267] Ep10000: Max 3697 (2499) steps (0.0007 hrs) -nan:-nan 8250 (26) sec
[268] Ep10000: Max 3697 (2127) steps (0.0006 hrs) -nan:-nan 8277 (27) sec
[269] Ep10000: Max 3697 (1958) steps (0.0005 hrs) -nan:-nan 8305 (28) sec
[270] Ep10000: Max 3697 (2209) steps (0.0006 hrs) -nan:-nan 8331 (26) sec
[271] Ep10000: Max 3697 (2111) steps (0.0006 hrs) -nan:-nan 8358 (27) sec
[272] Ep10000: Max 3697 (2232) steps (0.0006 hrs) -nan:-nan 8388 (30) sec
[273] Ep10000: Max 3697 (3122) steps (0.0009 hrs) -nan:-nan 8415 (27) sec
[274] Ep10000: Max 3697 (2593) steps (0.0007 hrs) -nan:-nan 8440 (25) sec
[275] Ep10000: Max 3697 (3198) steps (0.0009 hrs) -nan:-nan 8469 (29) sec
[276] Ep10000: Max 3697 (2344) steps (0.0007 hrs) -nan:-nan 8496 (27) sec
[277] Ep10000: Max 3697 (2028) steps (0.0006 hrs) -nan:-nan 8522 (26) sec
[278] Ep10000: Max 3697 (2135) steps (0.0006 hrs) -nan:-nan 8549 (27) sec
[279] Ep10000: Max 3697 (2458) steps (0.0007 hrs) -nan:-nan 8580 (31) sec
[280] Ep10000: Max 3697 (2473) steps (0.0007 hrs) -nan:-nan 8607 (27) sec
[281] Ep10000: Max 3697 (2302) steps (0.0006 hrs) -nan:-nan 8633 (26) sec
[282] Ep10000: Max 3697 (1754) steps (0.0005 hrs) -nan:-nan 8661 (28) sec
[283] Ep10000: Max 3697 (2303) steps (0.0006 hrs) -nan:-nan 8688 (27) sec
[284] Ep10000: Max 3697 (2130) steps (0.0006 hrs) -nan:-nan 8714 (26) sec
[285] Ep10000: Max 3697 (2220) steps (0.0006 hrs) -nan:-nan 8743 (29) sec
[286] Ep10000: Max 3697 (2173) steps (0.0006 hrs) -nan:-nan 8770 (27) sec
[287] Ep10000: Max 3697 (2458) steps (0.0007 hrs) -nan:-nan 8796 (26) sec
[288] Ep10000: Max 3697 (2497) steps (0.0007 hrs) -nan:-nan 8824 (28) sec
[289] Ep10000: Max 3697 (2548) steps (0.0007 hrs) -nan:-nan 8852 (28) sec
[290] Ep10000: Max 3697 (1817) steps (0.0005 hrs) -nan:-nan 8878 (26) sec
[291] Ep10000: Max 3697 (2605) steps (0.0007 hrs) -nan:-nan 8904 (26) sec
[292] Ep10000: Max 3697 (2330) steps (0.0006 hrs) -nan:-nan 8934 (30) sec
[293] Ep10000: Max 3697 (2624) steps (0.0007 hrs) -nan:-nan 8960 (26) sec
[294] Ep10000: Max 3697 (2105) steps (0.0006 hrs) -nan:-nan 8987 (27) sec
[295] Ep10000: Max 3697 (2542) steps (0.0007 hrs) -nan:-nan 9015 (28) sec
[296] Ep10000: Max 3697 (1993) steps (0.0006 hrs) -nan:-nan 9042 (27) sec
[297] Ep10000: Max 3697 (2932) steps (0.0008 hrs) -nan:-nan 9068 (26) sec
[298] Ep10000: Max 3697 (2015) steps (0.0006 hrs) -nan:-nan 9096 (28) sec
[299] Ep10000: Max 3697 (2388) steps (0.0007 hrs) -nan:-nan 9123 (27) sec
[300] Ep10000: Max 3697 (2300) steps (0.0006 hrs) -nan:-nan 9150 (27) sec
[301] Ep10000: Max 3697 (2357) steps (0.0007 hrs) -nan:-nan 9177 (27) sec
[302] Ep10000: Max 3697 (2472) steps (0.0007 hrs) -nan:-nan 9206 (29) sec
[303] Ep10000: Max 3697 (2111) steps (0.0006 hrs) -nan:-nan 9231 (25) sec
[304] Ep10000: Max 3697 (2557) steps (0.0007 hrs) -nan:-nan 9257 (26) sec
[305] Ep10000: Max 3697 (2797) steps (0.0008 hrs) -nan:-nan 9288 (31) sec
[306] Ep10000: Max 3697 (2180) steps (0.0006 hrs) -nan:-nan 9313 (25) sec
[307] Ep10000: Max 3697 (2244) steps (0.0006 hrs) -nan:-nan 9340 (27) sec
[308] Ep10000: Max 3697 (2061) steps (0.0006 hrs) -nan:-nan 9369 (29) sec
[309] Ep10000: Max 3697 (1986) steps (0.0006 hrs) -nan:-nan 9395 (26) sec
[310] Ep10000: Max 3697 (2847) steps (0.0008 hrs) -nan:-nan 9421 (26) sec
[311] Ep10000: Max 3697 (2420) steps (0.0007 hrs) -nan:-nan 9449 (28) sec
[312] Ep10000: Max 3697 (2019) steps (0.0006 hrs) -nan:-nan 9478 (29) sec
[313] Ep10000: Max 3697 (2005) steps (0.0006 hrs) -nan:-nan 9504 (26) sec
[314] Ep10000: Max 3697 (2660) steps (0.0007 hrs) -nan:-nan 9531 (27) sec
[315] Ep10000: Max 3697 (2583) steps (0.0007 hrs) -nan:-nan 9560 (29) sec
[316] Ep10000: Max 3697 (2026) steps (0.0006 hrs) -nan:-nan 9586 (26) sec
[317] Ep10000: Max 3697 (2105) steps (0.0006 hrs) -nan:-nan 9613 (27) sec
[318] Ep10000: Max 3697 (2265) steps (0.0006 hrs) -nan:-nan 9642 (29) sec
[319] Ep10000: Max 3697 (2268) steps (0.0006 hrs) -nan:-nan 9668 (26) sec
[320] Ep10000: Max 3697 (2863) steps (0.0008 hrs) -nan:-nan 9694 (26) sec
[321] Ep10000: Max 3697 (2203) steps (0.0006 hrs) -nan:-nan 9723 (29) sec
[322] Ep10000: Max 3697 (2423) steps (0.0007 hrs) -nan:-nan 9749 (26) sec
[323] Ep10000: Max 3697 (2120) steps (0.0006 hrs) -nan:-nan 9775 (26) sec
[324] Ep10000: Max 3697 (2133) steps (0.0006 hrs) -nan:-nan 9803 (28) sec
[325] Ep10000: Max 3697 (2106) steps (0.0006 hrs) -nan:-nan 9831 (28) sec
[326] Ep10000: Max 3697 (2084) steps (0.0006 hrs) -nan:-nan 9857 (26) sec
[327] Ep10000: Max 3697 (3622) steps (0.0010 hrs) -nan:-nan 9885 (28) sec
[328] Ep10000: Max 3697 (2538) steps (0.0007 hrs) -nan:-nan 9913 (28) sec
[329] Ep10000: Max 3697 (2034) steps (0.0006 hrs) -nan:-nan 9939 (26) sec
[330] Ep10000: Max 3697 (1970) steps (0.0005 hrs) -nan:-nan 9964 (25) sec
[331] Ep10000: Max 3697 (2258) steps (0.0006 hrs) -nan:-nan 9993 (29) sec
[332] Ep10000: Max 3697 (2999) steps (0.0008 hrs) -nan:-nan 10019 (26) sec
[333] Ep10000: Max 3697 (2298) steps (0.0006 hrs) -nan:-nan 10046 (27) sec
[334] Ep10000: Max 3697 (2355) steps (0.0007 hrs) -nan:-nan 10075 (29) sec
[335] Ep10000: Max 3697 (2175) steps (0.0006 hrs) -nan:-nan 10101 (26) sec
[336] Ep10000: Max 3697 (2153) steps (0.0006 hrs) -nan:-nan 10128 (27) sec
[337] Ep10000: Max 3697 (2788) steps (0.0008 hrs) -nan:-nan 10155 (27) sec
[338] Ep10000: Max 3697 (2450) steps (0.0007 hrs) -nan:-nan 10183 (28) sec
[339] Ep10000: Max 3697 (2904) steps (0.0008 hrs) -nan:-nan 10211 (28) sec
[340] Ep10000: Max 3697 (2036) steps (0.0006 hrs) -nan:-nan 10238 (27) sec
[341] Ep10000: Max 3697 (2584) steps (0.0007 hrs) -nan:-nan 10266 (28) sec
[342] Ep10000: Max 3697 (2657) steps (0.0007 hrs) -nan:-nan 10293 (27) sec
[343] Ep10000: Max 3697 (2444) steps (0.0007 hrs) -nan:-nan 10320 (27) sec
[344] Ep10000: Max 3697 (2463) steps (0.0007 hrs) -nan:-nan 10347 (27) sec
[345] Ep10000: Max 3697 (2172) steps (0.0006 hrs) -nan:-nan 10376 (29) sec
[346] Ep10000: Max 3697 (2306) steps (0.0006 hrs) -nan:-nan 10401 (25) sec
[347] Ep10000: Max 3697 (2150) steps (0.0006 hrs) -nan:-nan 10427 (26) sec
[348] Ep10000: Max 3697 (2242) steps (0.0006 hrs) -nan:-nan 10457 (30) sec
[349] Ep10000: Max 3697 (2176) steps (0.0006 hrs) -nan:-nan 10484 (27) sec
[350] Ep10000: Max 3697 (2730) steps (0.0008 hrs) -nan:-nan 10510 (26) sec
[351] Ep10000: Max 3697 (1830) steps (0.0005 hrs) -nan:-nan 10539 (29) sec
[352] Ep10000: Max 3697 (2000) steps (0.0006 hrs) -nan:-nan 10566 (27) sec
[353] Ep10000: Max 3697 (2052) steps (0.0006 hrs) -nan:-nan 10592 (26) sec
[354] Ep10000: Max 3697 (1945) steps (0.0005 hrs) -nan:-nan 10618 (26) sec
[355] Ep10000: Max 3697 (2232) steps (0.0006 hrs) -nan:-nan 10646 (28) sec
[356] Ep10000: Max 3697 (2275) steps (0.0006 hrs) -nan:-nan 10673 (27) sec
[357] Ep10000: Max 3697 (2304) steps (0.0006 hrs) -nan:-nan 10699 (26) sec
[358] Ep10000: Max 3697 (2168) steps (0.0006 hrs) -nan:-nan 10728 (29) sec
[359] Ep10000: Max 3697 (2619) steps (0.0007 hrs) -nan:-nan 10755 (27) sec
[360] Ep10000: Max 3697 (2315) steps (0.0006 hrs) -nan:-nan 10780 (25) sec
[361] Ep10000: Max 3697 (2260) steps (0.0006 hrs) -nan:-nan 10808 (28) sec
[362] Ep10000: Max 3697 (2480) steps (0.0007 hrs) -nan:-nan 10836 (28) sec
[363] Ep10000: Max 3697 (2553) steps (0.0007 hrs) -nan:-nan 10861 (25) sec
[364] Ep10000: Max 3697 (2550) steps (0.0007 hrs) -nan:-nan 10888 (27) sec
[365] Ep10000: Max 3697 (2264) steps (0.0006 hrs) -nan:-nan 10916 (28) sec
[366] Ep10000: Max 3697 (2340) steps (0.0007 hrs) -nan:-nan 10943 (27) sec
[367] Ep10000: Max 3697 (2264) steps (0.0006 hrs) -nan:-nan 10969 (26) sec
[368] Ep10000: Max 3697 (1995) steps (0.0006 hrs) -nan:-nan 10998 (29) sec
[369] Ep10000: Max 3697 (2139) steps (0.0006 hrs) -nan:-nan 11024 (26) sec
[370] Ep10000: Max 3697 (1978) steps (0.0005 hrs) -nan:-nan 11050 (26) sec
[371] Ep10000: Max 3697 (2055) steps (0.0006 hrs) -nan:-nan 11079 (29) sec
[372] Ep10000: Max 3697 (2186) steps (0.0006 hrs) -nan:-nan 11106 (27) sec
[373] Ep10000: Max 3697 (1994) steps (0.0006 hrs) -nan:-nan 11132 (26) sec
[374] Ep10000: Max 3697 (1943) steps (0.0005 hrs) -nan:-nan 11159 (27) sec
[375] Ep10000: Max 3697 (2055) steps (0.0006 hrs) -nan:-nan 11188 (29) sec
[376] Ep10000: Max 3697 (2085) steps (0.0006 hrs) -nan:-nan 11213 (25) sec
[377] Ep10000: Max 3697 (2038) steps (0.0006 hrs) -nan:-nan 11240 (27) sec
[378] Ep10000: Max 3697 (2049) steps (0.0006 hrs) -nan:-nan 11270 (30) sec
[379] Ep10000: Max 3697 (2469) steps (0.0007 hrs) -nan:-nan 11296 (26) sec
[380] Ep10000: Max 3697 (2001) steps (0.0006 hrs) -nan:-nan 11322 (26) sec
[381] Ep10000: Max 3697 (2820) steps (0.0008 hrs) -nan:-nan 11352 (30) sec
[382] Ep10000: Max 3697 (2285) steps (0.0006 hrs) -nan:-nan 11379 (27) sec
[383] Ep10000: Max 3697 (2535) steps (0.0007 hrs) -nan:-nan 11405 (26) sec
[384] Ep10000: Max 3697 (2584) steps (0.0007 hrs) -nan:-nan 11432 (27) sec
[385] Ep10000: Max 3697 (2456) steps (0.0007 hrs) -nan:-nan 11460 (28) sec
[386] Ep10000: Max 3697 (2144) steps (0.0006 hrs) -nan:-nan 11486 (26) sec
[387] Ep10000: Max 3697 (2004) steps (0.0006 hrs) -nan:-nan 11513 (27) sec
[388] Ep10000: Max 3697 (1932) steps (0.0005 hrs) -nan:-nan 11542 (29) sec
[389] Ep10000: Max 3697 (2080) steps (0.0006 hrs) -nan:-nan 11570 (28) sec
[390] Ep10000: Max 3697 (2421) steps (0.0007 hrs) -nan:-nan 11600 (30) sec
[391] Ep10000: Max 3697 (2239) steps (0.0006 hrs) -nan:-nan 11626 (26) sec
[392] Ep10000: Max 3697 (2491) steps (0.0007 hrs) -nan:-nan 11655 (29) sec
[393] Ep10000: Max 3697 (1966) steps (0.0005 hrs) -nan:-nan 11684 (29) sec
[394] Ep10000: Max 3697 (2176) steps (0.0006 hrs) -nan:-nan 11712 (28) sec
[395] Ep10000: Max 3697 (2425) steps (0.0007 hrs) -nan:-nan 11738 (26) sec
[396] Ep10000: Max 3697 (2204) steps (0.0006 hrs) -nan:-nan 11768 (30) sec
[397] Ep10000: Max 3697 (2349) steps (0.0007 hrs) -nan:-nan 11797 (29) sec
[398] Ep10000: Max 3697 (2413) steps (0.0007 hrs) -nan:-nan 11825 (28) sec
[399] Ep10000: Max 3697 (2202) steps (0.0006 hrs) -nan:-nan 11855 (30) sec
[400] Ep10000: Max 3697 (2487) steps (0.0007 hrs) -nan:-nan 11884 (29) sec
[401] Ep10000: Max 3697 (2804) steps (0.0008 hrs) -nan:-nan 11912 (28) sec
[402] Ep10000: Max 3697 (2191) steps (0.0006 hrs) -nan:-nan 11940 (28) sec
[403] Ep10000: Max 3697 (1974) steps (0.0005 hrs) -nan:-nan 11969 (29) sec
[404] Ep10000: Max 3697 (2230) steps (0.0006 hrs) -nan:-nan 11998 (29) sec
[405] Ep10000: Max 3697 (2469) steps (0.0007 hrs) -nan:-nan 12023 (25) sec
[406] Ep10000: Max 3697 (2513) steps (0.0007 hrs) -nan:-nan 12053 (30) sec
[407] Ep10000: Max 3697 (2356) steps (0.0007 hrs) -nan:-nan 12081 (28) sec
[408] Ep10000: Max 3697 (2418) steps (0.0007 hrs) -nan:-nan 12108 (27) sec
[409] Ep10000: Max 3697 (2525) steps (0.0007 hrs) -nan:-nan 12137 (29) sec
[410] Ep10000: Max 3697 (1971) steps (0.0005 hrs) -nan:-nan 12170 (33) sec
[411] Ep10000: Max 3697 (2217) steps (0.0006 hrs) -nan:-nan 12199 (29) sec
[412] Ep10000: Max 3697 (1768) steps (0.0005 hrs) -nan:-nan 12228 (29) sec
[413] Ep10000: Max 3697 (2505) steps (0.0007 hrs) -nan:-nan 12260 (32) sec
[414] Ep10000: Max 3697 (1971) steps (0.0005 hrs) -nan:-nan 12289 (29) sec
[415] Ep10000: Max 3697 (2119) steps (0.0006 hrs) -nan:-nan 12318 (29) sec
[416] Ep10000: Max 3697 (2162) steps (0.0006 hrs) -nan:-nan 12349 (31) sec
[417] Ep10000: Max 3697 (2464) steps (0.0007 hrs) -nan:-nan 12376 (27) sec
[418] Ep10000: Max 3697 (2652) steps (0.0007 hrs) -nan:-nan 12403 (27) sec
[419] Ep10000: Max 3697 (2146) steps (0.0006 hrs) -nan:-nan 12435 (32) sec
[420] Ep10000: Max 3697 (2104) steps (0.0006 hrs) -nan:-nan 12466 (31) sec
[421] Ep10000: Max 3697 (2617) steps (0.0007 hrs) -nan:-nan 12493 (27) sec
[422] Ep10000: Max 3697 (2647) steps (0.0007 hrs) -nan:-nan 12525 (32) sec
[423] Ep10000: Max 3697 (2462) steps (0.0007 hrs) -nan:-nan 12556 (31) sec
[424] Ep10000: Max 3697 (1994) steps (0.0006 hrs) -nan:-nan 12582 (26) sec
[425] Ep10000: Max 3697 (2594) steps (0.0007 hrs) -nan:-nan 12613 (31) sec
[426] Ep10000: Max 3697 (2404) steps (0.0007 hrs) -nan:-nan 12644 (31) sec
[427] Ep10000: Max 3697 (1824) steps (0.0005 hrs) -nan:-nan 12670 (26) sec
[428] Ep10000: Max 3697 (1934) steps (0.0005 hrs) -nan:-nan 12699 (29) sec
[429] Ep10000: Max 3697 (2131) steps (0.0006 hrs) -nan:-nan 12730 (31) sec
[430] Ep10000: Max 3697 (2934) steps (0.0008 hrs) -nan:-nan 12761 (31) sec
[431] Ep10000: Max 3697 (2077) steps (0.0006 hrs) -nan:-nan 12787 (26) sec
[432] Ep10000: Max 3697 (2211) steps (0.0006 hrs) -nan:-nan 12819 (32) sec
[433] Ep10000: Max 3697 (2505) steps (0.0007 hrs) -nan:-nan 12849 (30) sec
[434] Ep10000: Max 3697 (2327) steps (0.0006 hrs) -nan:-nan 12874 (25) sec
[435] Ep10000: Max 3697 (2057) steps (0.0006 hrs) -nan:-nan 12902 (28) sec
[436] Ep10000: Max 3697 (2225) steps (0.0006 hrs) -nan:-nan 12931 (29) sec
[437] Ep10000: Max 3697 (2851) steps (0.0008 hrs) -nan:-nan 12961 (30) sec
[438] Ep10000: Max 3697 (2274) steps (0.0006 hrs) -nan:-nan 12987 (26) sec
[439] Ep10000: Max 3697 (2076) steps (0.0006 hrs) -nan:-nan 13015 (28) sec
[440] Ep10000: Max 3697 (3025) steps (0.0008 hrs) -nan:-nan 13046 (31) sec
[441] Ep10000: Max 3697 (2674) steps (0.0007 hrs) -nan:-nan 13075 (29) sec
[442] Ep10000: Max 3697 (2245) steps (0.0006 hrs) -nan:-nan 13103 (28) sec
[443] Ep10000: Max 3697 (2405) steps (0.0007 hrs) -nan:-nan 13135 (32) sec
[444] Ep10000: Max 3697 (1958) steps (0.0005 hrs) -nan:-nan 13165 (30) sec
[445] Ep10000: Max 3697 (2734) steps (0.0008 hrs) -nan:-nan 13192 (27) sec
[446] Ep10000: Max 3697 (1995) steps (0.0006 hrs) -nan:-nan 13222 (30) sec
[447] Ep10000: Max 3697 (2222) steps (0.0006 hrs) -nan:-nan 13251 (29) sec
[448] Ep10000: Max 3697 (2620) steps (0.0007 hrs) -nan:-nan 13277 (26) sec
[449] Ep10000: Max 3697 (2153) steps (0.0006 hrs) -nan:-nan 13306 (29) sec
[450] Ep10000: Max 3697 (2128) steps (0.0006 hrs) -nan:-nan 13335 (29) sec
[451] Ep10000: Max 3697 (2759) steps (0.0008 hrs) -nan:-nan 13362 (27) sec
[452] Ep10000: Max 3697 (2145) steps (0.0006 hrs) -nan:-nan 13389 (27) sec
[453] Ep10000: Max 3697 (2617) steps (0.0007 hrs) -nan:-nan 13419 (30) sec
[454] Ep10000: Max 3697 (2171) steps (0.0006 hrs) -nan:-nan 13449 (30) sec
[455] Ep10000: Max 3697 (2290) steps (0.0006 hrs) -nan:-nan 13475 (26) sec
[456] Ep10000: Max 3697 (2258) steps (0.0006 hrs) -nan:-nan 13505 (30) sec
[457] Ep10000: Max 3697 (2335) steps (0.0006 hrs) -nan:-nan 13536 (31) sec
[458] Ep10000: Max 3697 (2236) steps (0.0006 hrs) -nan:-nan 13564 (28) sec
[459] Ep10000: Max 3697 (2818) steps (0.0008 hrs) -nan:-nan 13592 (28) sec
[460] Ep10000: Max 3697 (1919) steps (0.0005 hrs) -nan:-nan 13624 (32) sec
[461] Ep10000: Max 3697 (2539) steps (0.0007 hrs) -nan:-nan 13653 (29) sec
[462] Ep10000: Max 3697 (2081) steps (0.0006 hrs) -nan:-nan 13680 (27) sec
[463] Ep10000: Max 3697 (1870) steps (0.0005 hrs) -nan:-nan 13711 (31) sec
[464] Ep10000: Max 3697 (2422) steps (0.0007 hrs) -nan:-nan 13742 (31) sec
[465] Ep10000: Max 3697 (3298) steps (0.0009 hrs) -nan:-nan 13768 (26) sec
[466] Ep10000: Max 3697 (2172) steps (0.0006 hrs) -nan:-nan 13801 (33) sec
[467] Ep10000: Max 3697 (2692) steps (0.0007 hrs) -nan:-nan 13830 (29) sec
[468] Ep10000: Max 3697 (1911) steps (0.0005 hrs) -nan:-nan 13855 (25) sec
[469] Ep10000: Max 3697 (2044) steps (0.0006 hrs) -nan:-nan 13884 (29) sec
[470] Ep10000: Max 3697 (2129) steps (0.0006 hrs) -nan:-nan 13912 (28) sec
[471] Ep10000: Max 3697 (1997) steps (0.0006 hrs) -nan:-nan 13939 (27) sec
[472] Ep10000: Max 3697 (1912) steps (0.0005 hrs) -nan:-nan 13966 (27) sec
[473] Ep10000: Max 3697 (1935) steps (0.0005 hrs) -nan:-nan 13997 (31) sec
[474] Ep10000: Max 3697 (2075) steps (0.0006 hrs) -nan:-nan 14025 (28) sec
[475] Ep10000: Max 3697 (2309) steps (0.0006 hrs) -nan:-nan 14052 (27) sec
[476] Ep10000: Max 3697 (2192) steps (0.0006 hrs) -nan:-nan 14083 (31) sec
[477] Ep10000: Max 3697 (1943) steps (0.0005 hrs) -nan:-nan 14113 (30) sec
[478] Ep10000: Max 3697 (3020) steps (0.0008 hrs) -nan:-nan 14140 (27) sec
[479] Ep10000: Max 3697 (2439) steps (0.0007 hrs) -nan:-nan 14170 (30) sec
[480] Ep10000: Max 3697 (2457) steps (0.0007 hrs) -nan:-nan 14201 (31) sec
[481] Ep10000: Max 3697 (1706) steps (0.0005 hrs) -nan:-nan 14228 (27) sec
[482] Ep10000: Max 3697 (2531) steps (0.0007 hrs) -nan:-nan 14256 (28) sec
[483] Ep10000: Max 3697 (2431) steps (0.0007 hrs) -nan:-nan 14288 (32) sec
[484] Ep10000: Max 3697 (2265) steps (0.0006 hrs) -nan:-nan 14317 (29) sec
[485] Ep10000: Max 3697 (2076) steps (0.0006 hrs) -nan:-nan 14344 (27) sec
[486] Ep10000: Max 3697 (3170) steps (0.0009 hrs) -nan:-nan 14376 (32) sec
[487] Ep10000: Max 3697 (2106) steps (0.0006 hrs) -nan:-nan 14407 (31) sec
[488] Ep10000: Max 3697 (1970) steps (0.0005 hrs) -nan:-nan 14434 (27) sec
[489] Ep10000: Max 3697 (2097) steps (0.0006 hrs) -nan:-nan 14465 (31) sec
[490] Ep10000: Max 3697 (2327) steps (0.0006 hrs) -nan:-nan 14496 (31) sec
[491] Ep10000: Max 3697 (2019) steps (0.0006 hrs) -nan:-nan 14522 (26) sec
[492] Ep10000: Max 3697 (2210) steps (0.0006 hrs) -nan:-nan 14552 (30) sec
[493] Ep10000: Max 3697 (2489) steps (0.0007 hrs) -nan:-nan 14581 (29) sec
[494] Ep10000: Max 3697 (2161) steps (0.0006 hrs) -nan:-nan 14608 (27) sec
[495] Ep10000: Max 3697 (2376) steps (0.0007 hrs) -nan:-nan 14635 (27) sec
[496] Ep10000: Max 3697 (1910) steps (0.0005 hrs) -nan:-nan 14669 (34) sec
[497] Ep10000: Max 3697 (2710) steps (0.0008 hrs) -nan:-nan 14697 (28) sec
[498] Ep10000: Max 3697 (2522) steps (0.0007 hrs) -nan:-nan 14724 (27) sec
[499] Ep10000: Max 3697 (1968) steps (0.0005 hrs) -nan:-nan 14755 (31) sec
[500] Ep10000: Max 3697 (1933) steps (0.0005 hrs) -nan:-nan 14786 (31) sec
[501] Ep10000: Max 3697 (3134) steps (0.0009 hrs) -nan:-nan 14813 (27) sec
[502] Ep10000: Max 3697 (2142) steps (0.0006 hrs) -nan:-nan 14843 (30) sec
[503] Ep10000: Max 3697 (2833) steps (0.0008 hrs) -nan:-nan 14874 (31) sec
[504] Ep10000: Max 3697 (2017) steps (0.0006 hrs) -nan:-nan 14903 (29) sec
[505] Ep10000: Max 3697 (2248) steps (0.0006 hrs) -nan:-nan 14930 (27) sec
[506] Ep10000: Max 3697 (2333) steps (0.0006 hrs) -nan:-nan 14959 (29) sec
[507] Ep10000: Max 3697 (2206) steps (0.0006 hrs) -nan:-nan 14988 (29) sec
[508] Ep10000: Max 3697 (2070) steps (0.0006 hrs) -nan:-nan 15014 (26) sec
[509] Ep10000: Max 3697 (2549) steps (0.0007 hrs) -nan:-nan 15044 (30) sec
[510] Ep10000: Max 3697 (2038) steps (0.0006 hrs) -nan:-nan 15074 (30) sec
[511] Ep10000: Max 3697 (2279) steps (0.0006 hrs) -nan:-nan 15101 (27) sec
[512] Ep10000: Max 3697 (1930) steps (0.0005 hrs) -nan:-nan 15131 (30) sec
[513] Ep10000: Max 3697 (2136) steps (0.0006 hrs) -nan:-nan 15161 (30) sec
[514] Ep10000: Max 3697 (1834) steps (0.0005 hrs) -nan:-nan 15189 (28) sec
[515] Ep10000: Max 3697 (2447) steps (0.0007 hrs) -nan:-nan 15217 (28) sec
[516] Ep10000: Max 3697 (2956) steps (0.0008 hrs) -nan:-nan 15248 (31) sec
[517] Ep10000: Max 3697 (1781) steps (0.0005 hrs) -nan:-nan 15278 (30) sec
[518] Ep10000: Max 3697 (2363) steps (0.0007 hrs) -nan:-nan 15304 (26) sec
[519] Ep10000: Max 3697 (2183) steps (0.0006 hrs) -nan:-nan 15334 (30) sec
[520] Ep10000: Max 3697 (2696) steps (0.0007 hrs) -nan:-nan 15366 (32) sec
[521] Ep10000: Max 3697 (1968) steps (0.0005 hrs) -nan:-nan 15394 (28) sec
[522] Ep10000: Max 3697 (3058) steps (0.0008 hrs) -nan:-nan 15426 (32) sec
[523] Ep10000: Max 3697 (2526) steps (0.0007 hrs) -nan:-nan 15456 (30) sec
[524] Ep10000: Max 3697 (2169) steps (0.0006 hrs) -nan:-nan 15484 (28) sec
[525] Ep10000: Max 3697 (2258) steps (0.0006 hrs) -nan:-nan 15511 (27) sec
[526] Ep10000: Max 3697 (2207) steps (0.0006 hrs) -nan:-nan 15543 (32) sec
[527] Ep10000: Max 3697 (1915) steps (0.0005 hrs) -nan:-nan 15572 (29) sec
[528] Ep10000: Max 3697 (1947) steps (0.0005 hrs) -nan:-nan 15599 (27) sec
[529] Ep10000: Max 3697 (2190) steps (0.0006 hrs) -nan:-nan 15631 (32) sec
[530] Ep10000: Max 3697 (3614) steps (0.0010 hrs) -nan:-nan 15662 (31) sec
[531] Ep10000: Max 3697 (2272) steps (0.0006 hrs) -nan:-nan 15689 (27) sec
[532] Ep10000: Max 3697 (2201) steps (0.0006 hrs) -nan:-nan 15721 (32) sec
[533] Ep10000: Max 3697 (2048) steps (0.0006 hrs) -nan:-nan 15753 (32) sec
[534] Ep10000: Max 3697 (2228) steps (0.0006 hrs) -nan:-nan 15799 (46) sec
[535] Ep10000: Max 3697 (2464) steps (0.0007 hrs) -nan:-nan 15832 (33) sec
[536] Ep10000: Max 3697 (2168) steps (0.0006 hrs) -nan:-nan 15859 (27) sec
[537] Ep10000: Max 3697 (2501) steps (0.0007 hrs) -nan:-nan 15887 (28) sec
[538] Ep10000: Max 3697 (2035) steps (0.0006 hrs) -nan:-nan 15917 (30) sec
[539] Ep10000: Max 3697 (2329) steps (0.0006 hrs) -nan:-nan 15945 (28) sec
[540] Ep10000: Max 3697 (2457) steps (0.0007 hrs) -nan:-nan 15972 (27) sec
[541] Ep10000: Max 3697 (2300) steps (0.0006 hrs) -nan:-nan 16002 (30) sec
[542] Ep10000: Max 3697 (2386) steps (0.0007 hrs) -nan:-nan 16031 (29) sec
[543] Ep10000: Max 3697 (2355) steps (0.0007 hrs) -nan:-nan 16058 (27) sec
[544] Ep10000: Max 3697 (1714) steps (0.0005 hrs) -nan:-nan 16087 (29) sec
[545] Ep10000: Max 3697 (2003) steps (0.0006 hrs) -nan:-nan 16116 (29) sec
[546] Ep10000: Max 3697 (2413) steps (0.0007 hrs) -nan:-nan 16142 (26) sec
[547] Ep10000: Max 3697 (2415) steps (0.0007 hrs) -nan:-nan 16171 (29) sec
[548] Ep10000: Max 3697 (3112) steps (0.0009 hrs) -nan:-nan 16200 (29) sec
[549] Ep10000: Max 3697 (2461) steps (0.0007 hrs) -nan:-nan 16227 (27) sec
[550] Ep10000: Max 3697 (2186) steps (0.0006 hrs) -nan:-nan 16254 (27) sec
[551] Ep10000: Max 3697 (2197) steps (0.0006 hrs) -nan:-nan 16283 (29) sec
[552] Ep10000: Max 3697 (2485) steps (0.0007 hrs) -nan:-nan 16310 (27) sec
[553] Ep10000: Max 3697 (2757) steps (0.0008 hrs) -nan:-nan 16336 (26) sec
[554] Ep10000: Max 3697 (2130) steps (0.0006 hrs) -nan:-nan 16366 (30) sec
[555] Ep10000: Max 3697 (2603) steps (0.0007 hrs) -nan:-nan 16393 (27) sec
[556] Ep10000: Max 3697 (2417) steps (0.0007 hrs) -nan:-nan 16421 (28) sec
[557] Ep10000: Max 3697 (2424) steps (0.0007 hrs) -nan:-nan 16454 (33) sec
[558] Ep10000: Max 3697 (2013) steps (0.0006 hrs) -nan:-nan 16486 (32) sec
[559] Ep10000: Max 3697 (2326) steps (0.0006 hrs) -nan:-nan 16515 (29) sec
[560] Ep10000: Max 3697 (2137) steps (0.0006 hrs) -nan:-nan 16544 (29) sec
[561] Ep10000: Max 3697 (2474) steps (0.0007 hrs) -nan:-nan 16573 (29) sec
[562] Ep10000: Max 3697 (1960) steps (0.0005 hrs) -nan:-nan 16601 (28) sec
[563] Ep10000: Max 3697 (2411) steps (0.0007 hrs) -nan:-nan 16631 (30) sec
[564] Ep10000: Max 3697 (2691) steps (0.0007 hrs) -nan:-nan 16660 (29) sec
[565] Ep10000: Max 3697 (2255) steps (0.0006 hrs) -nan:-nan 16688 (28) sec
[566] Ep10000: Max 3697 (1802) steps (0.0005 hrs) -nan:-nan 16715 (27) sec
[567] Ep10000: Max 3697 (2481) steps (0.0007 hrs) -nan:-nan 16744 (29) sec
[568] Ep10000: Max 3697 (2234) steps (0.0006 hrs) -nan:-nan 16773 (29) sec
[569] Ep10000: Max 3697 (3259) steps (0.0009 hrs) -nan:-nan 16801 (28) sec
[570] Ep10000: Max 3697 (2534) steps (0.0007 hrs) -nan:-nan 16828 (27) sec
[571] Ep10000: Max 3697 (2338) steps (0.0006 hrs) -nan:-nan 16857 (29) sec
[572] Ep10000: Max 3697 (1973) steps (0.0005 hrs) -nan:-nan 16885 (28) sec
[573] Ep10000: Max 3697 (1948) steps (0.0005 hrs) -nan:-nan 16913 (28) sec
[574] Ep10000: Max 3697 (2469) steps (0.0007 hrs) -nan:-nan 16942 (29) sec
[575] Ep10000: Max 3697 (1969) steps (0.0005 hrs) -nan:-nan 16969 (27) sec
[576] Ep10000: Max 3697 (2101) steps (0.0006 hrs) -nan:-nan 16998 (29) sec
[577] Ep10000: Max 3697 (2408) steps (0.0007 hrs) -nan:-nan 17025 (27) sec
[578] Ep10000: Max 3697 (2698) steps (0.0007 hrs) -nan:-nan 17054 (29) sec
[579] Ep10000: Max 3697 (2194) steps (0.0006 hrs) -nan:-nan 17083 (29) sec
[580] Ep10000: Max 3697 (2657) steps (0.0007 hrs) -nan:-nan 17111 (28) sec
[581] Ep10000: Max 3697 (2876) steps (0.0008 hrs) -nan:-nan 17141 (30) sec
[582] Ep10000: Max 3697 (2034) steps (0.0006 hrs) -nan:-nan 17170 (29) sec
[583] Ep10000: Max 3697 (2184) steps (0.0006 hrs) -nan:-nan 17198 (28) sec
[584] Ep10000: Max 3697 (1971) steps (0.0005 hrs) -nan:-nan 17227 (29) sec
[585] Ep10000: Max 3697 (2636) steps (0.0007 hrs) -nan:-nan 17256 (29) sec
[586] Ep10000: Max 3697 (3285) steps (0.0009 hrs) -nan:-nan 17285 (29) sec
[587] Ep10000: Max 3697 (2664) steps (0.0007 hrs) -nan:-nan 17314 (29) sec
[588] Ep10000: Max 3697 (2930) steps (0.0008 hrs) -nan:-nan 17343 (29) sec
[589] Ep10000: Max 3697 (2769) steps (0.0008 hrs) -nan:-nan 17372 (29) sec
[590] Ep10000: Max 3697 (2863) steps (0.0008 hrs) -nan:-nan 17403 (31) sec
[591] Ep10000: Max 3697 (2325) steps (0.0006 hrs) -nan:-nan 17431 (28) sec
[592] Ep10000: Max 3697 (2599) steps (0.0007 hrs) -nan:-nan 17459 (28) sec
[593] Ep10000: Max 3697 (2364) steps (0.0007 hrs) -nan:-nan 17489 (30) sec
[594] Ep10000: Max 3697 (2521) steps (0.0007 hrs) -nan:-nan 17516 (27) sec
[595] Ep10000: Max 3697 (2812) steps (0.0008 hrs) -nan:-nan 17544 (28) sec
[596] Ep10000: Max 3697 (1996) steps (0.0006 hrs) -nan:-nan 17572 (28) sec
[597] Ep10000: Max 3697 (1789) steps (0.0005 hrs) -nan:-nan 17600 (28) sec
[598] Ep10000: Max 3697 (2879) steps (0.0008 hrs) -nan:-nan 17629 (29) sec
[599] Ep10000: Max 3697 (2181) steps (0.0006 hrs) -nan:-nan 17657 (28) sec
[600] Ep10000: Max 3697 (2115) steps (0.0006 hrs) -nan:-nan 17685 (28) sec
[601] Ep10000: Max 3697 (2605) steps (0.0007 hrs) -nan:-nan 17712 (27) sec
[602] Ep10000: Max 3697 (2182) steps (0.0006 hrs) -nan:-nan 17740 (28) sec
[603] Ep10000: Max 3697 (2508) steps (0.0007 hrs) -nan:-nan 17769 (29) sec
[604] Ep10000: Max 3697 (2639) steps (0.0007 hrs) -nan:-nan 17797 (28) sec
[605] Ep10000: Max 3697 (2148) steps (0.0006 hrs) -nan:-nan 17826 (29) sec
[606] Ep10000: Max 3697 (2310) steps (0.0006 hrs) -nan:-nan 17853 (27) sec
[607] Ep10000: Max 3697 (1926) steps (0.0005 hrs) -nan:-nan 17880 (27) sec
[608] Ep10000: Max 3697 (1850) steps (0.0005 hrs) -nan:-nan 17907 (27) sec
[609] Ep10000: Max 3697 (2573) steps (0.0007 hrs) -nan:-nan 17936 (29) sec
[610] Ep10000: Max 3697 (2020) steps (0.0006 hrs) -nan:-nan 17964 (28) sec
[611] Ep10000: Max 3697 (3200) steps (0.0009 hrs) -nan:-nan 17992 (28) sec
[612] Ep10000: Max 3697 (2448) steps (0.0007 hrs) -nan:-nan 18019 (27) sec
[613] Ep10000: Max 3697 (2113) steps (0.0006 hrs) -nan:-nan 18047 (28) sec
[614] Ep10000: Max 3697 (2102) steps (0.0006 hrs) -nan:-nan 18075 (28) sec
[615] Ep10000: Max 3697 (2508) steps (0.0007 hrs) -nan:-nan 18103 (28) sec
[616] Ep10000: Max 3697 (2043) steps (0.0006 hrs) -nan:-nan 18129 (26) sec
[617] Ep10000: Max 3697 (2218) steps (0.0006 hrs) -nan:-nan 18157 (28) sec
[618] Ep10000: Max 3697 (2248) steps (0.0006 hrs) -nan:-nan 18186 (29) sec
[619] Ep10000: Max 3697 (2665) steps (0.0007 hrs) -nan:-nan 18214 (28) sec
[620] Ep10000: Max 3697 (2233) steps (0.0006 hrs) -nan:-nan 18243 (29) sec
[621] Ep10000: Max 3697 (2338) steps (0.0006 hrs) -nan:-nan 18274 (31) sec
[622] Ep10000: Max 3697 (2425) steps (0.0007 hrs) -nan:-nan 18302 (28) sec
[623] Ep10000: Max 3697 (2763) steps (0.0008 hrs) -nan:-nan 18330 (28) sec
[624] Ep10000: Max 3697 (2660) steps (0.0007 hrs) -nan:-nan 18359 (29) sec
[625] Ep10000: Max 3697 (2394) steps (0.0007 hrs) -nan:-nan 18387 (28) sec
[626] Ep10000: Max 3697 (1903) steps (0.0005 hrs) -nan:-nan 18416 (29) sec
[627] Ep10000: Max 3697 (2083) steps (0.0006 hrs) -nan:-nan 18443 (27) sec
[628] Ep10000: Max 3697 (2540) steps (0.0007 hrs) -nan:-nan 18471 (28) sec
[629] Ep10000: Max 3697 (2527) steps (0.0007 hrs) -nan:-nan 18499 (28) sec
[630] Ep10000: Max 3697 (2178) steps (0.0006 hrs) -nan:-nan 18528 (29) sec
[631] Ep10000: Max 3697 (1947) steps (0.0005 hrs) -nan:-nan 18555 (27) sec
[632] Ep10000: Max 3697 (2272) steps (0.0006 hrs) -nan:-nan 18583 (28) sec
[633] Ep10000: Max 3697 (2087) steps (0.0006 hrs) -nan:-nan 18611 (28) sec
[634] Ep10000: Max 3697 (2136) steps (0.0006 hrs) -nan:-nan 18639 (28) sec
[635] Ep10000: Max 3697 (2129) steps (0.0006 hrs) -nan:-nan 18668 (29) sec
[636] Ep10000: Max 3697 (2258) steps (0.0006 hrs) -nan:-nan 18696 (28) sec
[637] Ep10000: Max 3697 (2046) steps (0.0006 hrs) -nan:-nan 18724 (28) sec
[638] Ep10000: Max 3697 (2073) steps (0.0006 hrs) -nan:-nan 18752 (28) sec
[639] Ep10000: Max 3697 (2381) steps (0.0007 hrs) -nan:-nan 18780 (28) sec
[640] Ep10000: Max 3697 (1969) steps (0.0005 hrs) -nan:-nan 18809 (29) sec
[641] Ep10000: Max 3697 (2625) steps (0.0007 hrs) -nan:-nan 18837 (28) sec
[642] Ep10000: Max 3697 (3261) steps (0.0009 hrs) -nan:-nan 18865 (28) sec
[643] Ep10000: Max 3697 (1989) steps (0.0006 hrs) -nan:-nan 18894 (29) sec
[644] Ep10000: Max 3697 (2479) steps (0.0007 hrs) -nan:-nan 18921 (27) sec
[645] Ep10000: Max 3697 (3278) steps (0.0009 hrs) -nan:-nan 18948 (27) sec
[646] Ep10000: Max 3697 (1964) steps (0.0005 hrs) -nan:-nan 18977 (29) sec
[647] Ep10000: Max 3697 (2515) steps (0.0007 hrs) -nan:-nan 19007 (30) sec
[648] Ep10000: Max 3697 (2136) steps (0.0006 hrs) -nan:-nan 19034 (27) sec
[649] Ep10000: Max 3697 (2085) steps (0.0006 hrs) -nan:-nan 19062 (28) sec
[650] Ep10000: Max 3697 (1924) steps (0.0005 hrs) -nan:-nan 19090 (28) sec
[651] Ep10000: Max 3697 (2652) steps (0.0007 hrs) -nan:-nan 19118 (28) sec
[652] Ep10000: Max 3697 (2305) steps (0.0006 hrs) -nan:-nan 19146 (28) sec
[653] Ep10000: Max 3697 (2155) steps (0.0006 hrs) -nan:-nan 19175 (29) sec
[654] Ep10000: Max 3697 (2287) steps (0.0006 hrs) -nan:-nan 19202 (27) sec
[655] Ep10000: Max 3697 (2467) steps (0.0007 hrs) -nan:-nan 19229 (27) sec
[656] Ep10000: Max 3697 (2575) steps (0.0007 hrs) -nan:-nan 19258 (29) sec
[657] Ep10000: Max 3697 (3422) steps (0.0010 hrs) -nan:-nan 19287 (29) sec
[658] Ep10000: Max 3697 (2572) steps (0.0007 hrs) -nan:-nan 19315 (28) sec
[659] Ep10000: Max 3697 (2119) steps (0.0006 hrs) -nan:-nan 19343 (28) sec
[660] Ep10000: Max 3697 (2207) steps (0.0006 hrs) -nan:-nan 19371 (28) sec
[661] Ep10000: Max 3697 (2138) steps (0.0006 hrs) -nan:-nan 19402 (31) sec
[662] Ep10000: Max 3697 (2035) steps (0.0006 hrs) -nan:-nan 19430 (28) sec
[663] Ep10000: Max 3697 (2227) steps (0.0006 hrs) -nan:-nan 19457 (27) sec
[664] Ep10000: Max 3697 (2712) steps (0.0008 hrs) -nan:-nan 19485 (28) sec
[665] Ep10000: Max 3697 (1992) steps (0.0006 hrs) -nan:-nan 19512 (27) sec
[666] Ep10000: Max 3697 (1995) steps (0.0006 hrs) -nan:-nan 19540 (28) sec
[667] Ep10000: Max 3697 (2471) steps (0.0007 hrs) -nan:-nan 19567 (27) sec
[668] Ep10000: Max 3697 (1836) steps (0.0005 hrs) -nan:-nan 19595 (28) sec
[669] Ep10000: Max 3697 (2205) steps (0.0006 hrs) -nan:-nan 19622 (27) sec
[670] Ep10000: Max 4610 (4610) steps (0.0013 hrs) -nan:-nan 19653 (31) sec
[671] Ep10000: Max 4610 (2094) steps (0.0006 hrs) -nan:-nan 19680 (27) sec
[672] Ep10000: Max 4610 (1799) steps (0.0005 hrs) -nan:-nan 19708 (28) sec
[673] Ep10000: Max 4610 (2050) steps (0.0006 hrs) -nan:-nan 19736 (28) sec
[674] Ep10000: Max 4610 (1995) steps (0.0006 hrs) -nan:-nan 19764 (28) sec
[675] Ep10000: Max 4610 (2190) steps (0.0006 hrs) -nan:-nan 19791 (27) sec
[676] Ep10000: Max 4610 (1996) steps (0.0006 hrs) -nan:-nan 19818 (27) sec
[677] Ep10000: Max 4610 (2101) steps (0.0006 hrs) -nan:-nan 19847 (29) sec
[678] Ep10000: Max 4610 (2521) steps (0.0007 hrs) -nan:-nan 19875 (28) sec
[679] Ep10000: Max 4610 (2052) steps (0.0006 hrs) -nan:-nan 19902 (27) sec
[680] Ep10000: Max 4610 (2870) steps (0.0008 hrs) -nan:-nan 19930 (28) sec
[681] Ep10000: Max 4610 (2014) steps (0.0006 hrs) -nan:-nan 19958 (28) sec
[682] Ep10000: Max 4610 (2625) steps (0.0007 hrs) -nan:-nan 19986 (28) sec
[683] Ep10000: Max 4610 (2278) steps (0.0006 hrs) -nan:-nan 20014 (28) sec
[684] Ep10000: Max 4610 (2761) steps (0.0008 hrs) -nan:-nan 20045 (31) sec
[685] Ep10000: Max 4610 (2358) steps (0.0007 hrs) -nan:-nan 20074 (29) sec
[686] Ep10000: Max 4610 (2458) steps (0.0007 hrs) -nan:-nan 20102 (28) sec
[687] Ep10000: Max 4610 (2709) steps (0.0008 hrs) -nan:-nan 20131 (29) sec
[688] Ep10000: Max 4610 (2221) steps (0.0006 hrs) -nan:-nan 20159 (28) sec
[689] Ep10000: Max 4610 (2125) steps (0.0006 hrs) -nan:-nan 20187 (28) sec
[690] Ep10000: Max 4610 (3291) steps (0.0009 hrs) -nan:-nan 20214 (27) sec
[691] Ep10000: Max 4610 (2025) steps (0.0006 hrs) -nan:-nan 20242 (28) sec
[692] Ep10000: Max 4610 (2493) steps (0.0007 hrs) -nan:-nan 20271 (29) sec
[693] Ep10000: Max 4610 (2166) steps (0.0006 hrs) -nan:-nan 20298 (27) sec
[694] Ep10000: Max 4610 (1989) steps (0.0006 hrs) -nan:-nan 20327 (29) sec
[695] Ep10000: Max 4610 (2068) steps (0.0006 hrs) -nan:-nan 20355 (28) sec
[696] Ep10000: Max 4610 (2064) steps (0.0006 hrs) -nan:-nan 20383 (28) sec
[697] Ep10000: Max 4610 (2037) steps (0.0006 hrs) -nan:-nan 20412 (29) sec
[698] Ep10000: Max 4610 (2231) steps (0.0006 hrs) -nan:-nan 20440 (28) sec
[699] Ep10000: Max 4610 (2743) steps (0.0008 hrs) -nan:-nan 20469 (29) sec
[700] Ep10000: Max 4610 (2428) steps (0.0007 hrs) -nan:-nan 20497 (28) sec
[701] Ep10000: Max 4610 (2049) steps (0.0006 hrs) -nan:-nan 20525 (28) sec
[702] Ep10000: Max 4610 (3874) steps (0.0011 hrs) -nan:-nan 20554 (29) sec
[703] Ep10000: Max 4610 (2488) steps (0.0007 hrs) -nan:-nan 20583 (29) sec
[704] Ep10000: Max 4610 (2310) steps (0.0006 hrs) -nan:-nan 20612 (29) sec
[705] Ep10000: Max 4610 (2498) steps (0.0007 hrs) -nan:-nan 20640 (28) sec
[706] Ep10000: Max 4610 (2655) steps (0.0007 hrs) -nan:-nan 20668 (28) sec
[707] Ep10000: Max 4610 (2077) steps (0.0006 hrs) -nan:-nan 20697 (29) sec
[708] Ep10000: Max 4610 (2352) steps (0.0007 hrs) -nan:-nan 20725 (28) sec
[709] Ep10000: Max 4610 (2076) steps (0.0006 hrs) -nan:-nan 20754 (29) sec
[710] Ep10000: Max 4610 (2478) steps (0.0007 hrs) -nan:-nan 20782 (28) sec
[711] Ep10000: Max 4610 (1995) steps (0.0006 hrs) -nan:-nan 20810 (28) sec
[712] Ep10000: Max 4610 (2071) steps (0.0006 hrs) -nan:-nan 20837 (27) sec
[713] Ep10000: Max 4610 (1971) steps (0.0005 hrs) -nan:-nan 20866 (29) sec
[714] Ep10000: Max 4610 (2066) steps (0.0006 hrs) -nan:-nan 20895 (29) sec
[715] Ep10000: Max 4610 (2107) steps (0.0006 hrs) -nan:-nan 20923 (28) sec
[716] Ep10000: Max 4610 (3142) steps (0.0009 hrs) -nan:-nan 20950 (27) sec
[717] Ep10000: Max 4610 (1941) steps (0.0005 hrs) -nan:-nan 20979 (29) sec
[718] Ep10000: Max 4610 (2209) steps (0.0006 hrs) -nan:-nan 21008 (29) sec
[719] Ep10000: Max 4610 (3752) steps (0.0010 hrs) -nan:-nan 21037 (29) sec
[720] Ep10000: Max 4610 (3017) steps (0.0008 hrs) -nan:-nan 21065 (28) sec
[721] Ep10000: Max 4610 (1852) steps (0.0005 hrs) -nan:-nan 21096 (31) sec
[722] Ep10000: Max 4610 (2438) steps (0.0007 hrs) -nan:-nan 21127 (31) sec
[723] Ep10000: Max 4610 (2346) steps (0.0007 hrs) -nan:-nan 21156 (29) sec
[724] Ep10000: Max 4610 (2389) steps (0.0007 hrs) -nan:-nan 21186 (30) sec
[725] Ep10000: Max 4610 (1948) steps (0.0005 hrs) -nan:-nan 21216 (30) sec
[726] Ep10000: Max 4610 (2771) steps (0.0008 hrs) -nan:-nan 21246 (30) sec
[727] Ep10000: Max 4610 (2198) steps (0.0006 hrs) -nan:-nan 21274 (28) sec
[728] Ep10000: Max 4610 (2377) steps (0.0007 hrs) -nan:-nan 21303 (29) sec
[729] Ep10000: Max 4610 (3473) steps (0.0010 hrs) -nan:-nan 21332 (29) sec
[730] Ep10000: Max 4610 (2240) steps (0.0006 hrs) -nan:-nan 21360 (28) sec
[731] Ep10000: Max 4610 (2158) steps (0.0006 hrs) -nan:-nan 21388 (28) sec
[732] Ep10000: Max 4610 (2591) steps (0.0007 hrs) -nan:-nan 21416 (28) sec
[733] Ep10000: Max 4610 (2534) steps (0.0007 hrs) -nan:-nan 21445 (29) sec
[734] Ep10000: Max 4610 (2189) steps (0.0006 hrs) -nan:-nan 21473 (28) sec
[735] Ep10000: Max 4610 (2165) steps (0.0006 hrs) -nan:-nan 21501 (28) sec
[736] Ep10000: Max 4610 (1815) steps (0.0005 hrs) -nan:-nan 21530 (29) sec
[737] Ep10000: Max 4610 (2245) steps (0.0006 hrs) -nan:-nan 21558 (28) sec
[738] Ep10000: Max 4610 (2776) steps (0.0008 hrs) -nan:-nan 21585 (27) sec
[739] Ep10000: Max 4610 (2104) steps (0.0006 hrs) -nan:-nan 21618 (33) sec
[740] Ep10000: Max 4610 (3098) steps (0.0009 hrs) -nan:-nan 21652 (34) sec
[741] Ep10000: Max 4610 (2068) steps (0.0006 hrs) -nan:-nan 21687 (35) sec
[742] Ep10000: Max 4610 (2028) steps (0.0006 hrs) -nan:-nan 21722 (35) sec
[743] Ep10000: Max 4610 (2208) steps (0.0006 hrs) -nan:-nan 21760 (38) sec
[744] Ep10000: Max 4610 (2302) steps (0.0006 hrs) -nan:-nan 21799 (39) sec
[745] Ep10000: Max 4610 (3194) steps (0.0009 hrs) -nan:-nan 21837 (38) sec
[746] Ep10000: Max 4610 (2135) steps (0.0006 hrs) -nan:-nan 21878 (41) sec
[747] Ep10000: Max 4610 (2312) steps (0.0006 hrs) -nan:-nan 21912 (34) sec
[748] Ep10000: Max 4610 (2284) steps (0.0006 hrs) -nan:-nan 21946 (34) sec
[749] Ep10000: Max 4610 (2005) steps (0.0006 hrs) -nan:-nan 21975 (29) sec
[750] Ep10000: Max 4610 (2912) steps (0.0008 hrs) -nan:-nan 22009 (34) sec
[751] Ep10000: Max 4610 (1998) steps (0.0006 hrs) -nan:-nan 22040 (31) sec
[752] Ep10000: Max 4610 (2262) steps (0.0006 hrs) -nan:-nan 22071 (31) sec
[753] Ep10000: Max 4610 (2287) steps (0.0006 hrs) -nan:-nan 22108 (37) sec
[754] Ep10000: Max 4610 (2089) steps (0.0006 hrs) -nan:-nan 22142 (34) sec
[755] Ep10000: Max 4610 (1862) steps (0.0005 hrs) -nan:-nan 22176 (34) sec
[756] Ep10000: Max 4610 (2275) steps (0.0006 hrs) -nan:-nan 22209 (33) sec
[757] Ep10000: Max 4610 (1806) steps (0.0005 hrs) -nan:-nan 22243 (34) sec
[758] Ep10000: Max 4610 (2299) steps (0.0006 hrs) -nan:-nan 22277 (34) sec
[759] Ep10000: Max 4610 (2280) steps (0.0006 hrs) -nan:-nan 22310 (33) sec
[760] Ep10000: Max 4610 (2341) steps (0.0007 hrs) -nan:-nan 22344 (34) sec
[761] Ep10000: Max 4610 (2410) steps (0.0007 hrs) -nan:-nan 22375 (31) sec
[762] Ep10000: Max 4610 (2003) steps (0.0006 hrs) -nan:-nan 22407 (32) sec
[763] Ep10000: Max 4610 (2227) steps (0.0006 hrs) -nan:-nan 22443 (36) sec
[764] Ep10000: Max 4610 (2078) steps (0.0006 hrs) -nan:-nan 22480 (37) sec
[765] Ep10000: Max 4610 (2534) steps (0.0007 hrs) -nan:-nan 22514 (34) sec
[766] Ep10000: Max 4610 (2621) steps (0.0007 hrs) -nan:-nan 22547 (33) sec
[767] Ep10000: Max 4610 (2091) steps (0.0006 hrs) -nan:-nan 22582 (35) sec
[768] Ep10000: Max 4610 (2598) steps (0.0007 hrs) -nan:-nan 22617 (35) sec
[769] Ep10000: Max 4610 (2611) steps (0.0007 hrs) -nan:-nan 22653 (36) sec
[770] Ep10000: Max 4610 (2459) steps (0.0007 hrs) -nan:-nan 22685 (32) sec
[771] Ep10000: Max 4610 (2557) steps (0.0007 hrs) -nan:-nan 22719 (34) sec
[772] Ep10000: Max 4610 (1831) steps (0.0005 hrs) -nan:-nan 22748 (29) sec
[773] Ep10000: Max 4610 (2497) steps (0.0007 hrs) -nan:-nan 22776 (28) sec
[774] Ep10000: Max 4610 (2468) steps (0.0007 hrs) -nan:-nan 22806 (30) sec
[775] Ep10000: Max 4610 (2084) steps (0.0006 hrs) -nan:-nan 22836 (30) sec
[776] Ep10000: Max 4610 (2048) steps (0.0006 hrs) -nan:-nan 22870 (34) sec
[777] Ep10000: Max 4610 (2130) steps (0.0006 hrs) -nan:-nan 22902 (32) sec
[778] Ep10000: Max 4610 (2218) steps (0.0006 hrs) -nan:-nan 22934 (32) sec
[779] Ep10000: Max 4610 (2731) steps (0.0008 hrs) -nan:-nan 22966 (32) sec
[780] Ep10000: Max 4610 (2358) steps (0.0007 hrs) -nan:-nan 23000 (34) sec
[781] Ep10000: Max 4610 (2153) steps (0.0006 hrs) -nan:-nan 23031 (31) sec
[782] Ep10000: Max 4610 (2254) steps (0.0006 hrs) -nan:-nan 23062 (31) sec
[783] Ep10000: Max 4610 (2300) steps (0.0006 hrs) -nan:-nan 23096 (34) sec
[784] Ep10000: Max 4610 (2194) steps (0.0006 hrs) -nan:-nan 23127 (31) sec
[785] Ep10000: Max 4610 (2106) steps (0.0006 hrs) -nan:-nan 23155 (28) sec
[786] Ep10000: Max 4610 (2491) steps (0.0007 hrs) -nan:-nan 23187 (32) sec
[787] Ep10000: Max 4610 (2169) steps (0.0006 hrs) -nan:-nan 23219 (32) sec
[788] Ep10000: Max 4610 (1875) steps (0.0005 hrs) -nan:-nan 23250 (31) sec
[789] Ep10000: Max 4610 (2303) steps (0.0006 hrs) -nan:-nan 23282 (32) sec
[790] Ep10000: Max 4610 (2643) steps (0.0007 hrs) -nan:-nan 23311 (29) sec
[791] Ep10000: Max 4610 (2430) steps (0.0007 hrs) -nan:-nan 23336 (25) sec
[792] Ep10000: Max 4610 (2383) steps (0.0007 hrs) -nan:-nan 23362 (26) sec
[793] Ep10000: Max 4610 (2627) steps (0.0007 hrs) -nan:-nan 23386 (24) sec
[794] Ep10000: Max 4610 (2596) steps (0.0007 hrs) -nan:-nan 23412 (26) sec
[795] Ep10000: Max 4610 (2450) steps (0.0007 hrs) -nan:-nan 23437 (25) sec
[796] Ep10000: Max 4610 (2427) steps (0.0007 hrs) -nan:-nan 23466 (29) sec
[797] Ep10000: Max 4610 (2328) steps (0.0006 hrs) -nan:-nan 23498 (32) sec
[798] Ep10000: Max 4610 (2237) steps (0.0006 hrs) -nan:-nan 23529 (31) sec
[799] Ep10000: Max 4610 (1906) steps (0.0005 hrs) -nan:-nan 23559 (30) sec
[800] Ep10000: Max 4610 (2048) steps (0.0006 hrs) -nan:-nan 23590 (31) sec
[801] Ep10000: Max 4610 (2133) steps (0.0006 hrs) -nan:-nan 23622 (32) sec
[802] Ep10000: Max 4610 (2816) steps (0.0008 hrs) -nan:-nan 23654 (32) sec
[803] Ep10000: Max 4610 (2099) steps (0.0006 hrs) -nan:-nan 23682 (28) sec
[804] Ep10000: Max 4610 (2253) steps (0.0006 hrs) -nan:-nan 23711 (29) sec
[805] Ep10000: Max 4610 (1982) steps (0.0006 hrs) -nan:-nan 23740 (29) sec
[806] Ep10000: Max 4610 (2335) steps (0.0006 hrs) -nan:-nan 23769 (29) sec
[807] Ep10000: Max 4610 (1895) steps (0.0005 hrs) -nan:-nan 23799 (30) sec
[808] Ep10000: Max 4610 (2550) steps (0.0007 hrs) -nan:-nan 23826 (27) sec
[809] Ep10000: Max 4610 (2546) steps (0.0007 hrs) -nan:-nan 23852 (26) sec
[810] Ep10000: Max 4610 (2356) steps (0.0007 hrs) -nan:-nan 23877 (25) sec
[811] Ep10000: Max 4610 (1953) steps (0.0005 hrs) -nan:-nan 23904 (27) sec
[812] Ep10000: Max 4610 (2250) steps (0.0006 hrs) -nan:-nan 23939 (35) sec
[813] Ep10000: Max 4610 (1917) steps (0.0005 hrs) -nan:-nan 23972 (33) sec
[814] Ep10000: Max 4610 (2310) steps (0.0006 hrs) -nan:-nan 24006 (34) sec
[815] Ep10000: Max 4610 (2224) steps (0.0006 hrs) -nan:-nan 24041 (35) sec
[816] Ep10000: Max 4610 (2304) steps (0.0006 hrs) -nan:-nan 24078 (37) sec
[817] Ep10000: Max 4610 (2672) steps (0.0007 hrs) -nan:-nan 24112 (34) sec
[818] Ep10000: Max 4610 (2267) steps (0.0006 hrs) -nan:-nan 24145 (33) sec
[819] Ep10000: Max 4610 (2049) steps (0.0006 hrs) -nan:-nan 24176 (31) sec
[820] Ep10000: Max 4610 (2293) steps (0.0006 hrs) -nan:-nan 24216 (40) sec
[821] Ep10000: Max 4610 (2378) steps (0.0007 hrs) -nan:-nan 24266 (50) sec
[822] Ep10000: Max 4610 (2309) steps (0.0006 hrs) -nan:-nan 24319 (53) sec
[823] Ep10000: Max 4610 (2573) steps (0.0007 hrs) -nan:-nan 24367 (48) sec
[824] Ep10000: Max 4610 (2168) steps (0.0006 hrs) -nan:-nan 24411 (44) sec
[825] Ep10000: Max 4610 (2007) steps (0.0006 hrs) -nan:-nan 24458 (47) sec
[826] Ep10000: Max 4610 (1916) steps (0.0005 hrs) -nan:-nan 24520 (62) sec
[827] Ep10000: Max 4610 (2446) steps (0.0007 hrs) -nan:-nan 24582 (62) sec
[828] Ep10000: Max 4610 (1833) steps (0.0005 hrs) -nan:-nan 24646 (64) sec
[829] Ep10000: Max 4610 (2299) steps (0.0006 hrs) -nan:-nan 24705 (59) sec
[830] Ep10000: Max 4610 (2297) steps (0.0006 hrs) -nan:-nan 24761 (56) sec
[831] Ep10000: Max 4610 (2035) steps (0.0006 hrs) -nan:-nan 24822 (61) sec
[832] Ep10000: Max 4610 (2202) steps (0.0006 hrs) -nan:-nan 24879 (57) sec
[833] Ep10000: Max 4610 (2206) steps (0.0006 hrs) -nan:-nan 24942 (63) sec
[834] Ep10000: Max 4610 (2149) steps (0.0006 hrs) -nan:-nan 24994 (52) sec
[835] Ep10000: Max 4610 (2098) steps (0.0006 hrs) -nan:-nan 25050 (56) sec
[836] Ep10000: Max 4610 (2085) steps (0.0006 hrs) -nan:-nan 25110 (60) sec
[837] Ep10000: Max 4610 (2439) steps (0.0007 hrs) -nan:-nan 25170 (60) sec
[838] Ep10000: Max 4610 (2198) steps (0.0006 hrs) -nan:-nan 25208 (38) sec
[839] Ep10000: Max 4610 (2095) steps (0.0006 hrs) -nan:-nan 25239 (31) sec
[840] Ep10000: Max 4610 (2492) steps (0.0007 hrs) -nan:-nan 25271 (32) sec
[841] Ep10000: Max 4610 (2104) steps (0.0006 hrs) -nan:-nan 25300 (29) sec
[842] Ep10000: Max 4610 (3252) steps (0.0009 hrs) -nan:-nan 25328 (28) sec
[843] Ep10000: Max 4610 (2151) steps (0.0006 hrs) -nan:-nan 25363 (35) sec
[844] Ep10000: Max 4610 (2638) steps (0.0007 hrs) -nan:-nan 25402 (39) sec
[845] Ep10000: Max 4610 (2085) steps (0.0006 hrs) -nan:-nan 25440 (38) sec
[846] Ep10000: Max 4610 (2835) steps (0.0008 hrs) -nan:-nan 25471 (31) sec
[847] Ep10000: Max 4610 (2175) steps (0.0006 hrs) -nan:-nan 25501 (30) sec
[848] Ep10000: Max 4610 (2381) steps (0.0007 hrs) -nan:-nan 25530 (29) sec
[849] Ep10000: Max 4610 (2540) steps (0.0007 hrs) -nan:-nan 25564 (34) sec
[850] Ep10000: Max 4610 (2314) steps (0.0006 hrs) -nan:-nan 25596 (32) sec
[851] Ep10000: Max 4610 (1975) steps (0.0005 hrs) -nan:-nan 25634 (38) sec
[852] Ep10000: Max 4610 (2484) steps (0.0007 hrs) -nan:-nan 25674 (40) sec
[853] Ep10000: Max 4610 (2396) steps (0.0007 hrs) -nan:-nan 25734 (60) sec
[854] Ep10000: Max 4610 (2452) steps (0.0007 hrs) -nan:-nan 25784 (50) sec
[855] Ep10000: Max 4610 (2257) steps (0.0006 hrs) -nan:-nan 25832 (48) sec
[856] Ep10000: Max 4610 (2883) steps (0.0008 hrs) -nan:-nan 25892 (60) sec
[857] Ep10000: Max 4610 (2358) steps (0.0007 hrs) -nan:-nan 25962 (70) sec
[858] Ep10000: Max 4610 (2768) steps (0.0008 hrs) -nan:-nan 26026 (64) sec
[859] Ep10000: Max 4610 (2067) steps (0.0006 hrs) -nan:-nan 26085 (59) sec
[860] Ep10000: Max 4610 (1986) steps (0.0006 hrs) -nan:-nan 26142 (57) sec
[861] Ep10000: Max 4610 (2263) steps (0.0006 hrs) -nan:-nan 26199 (57) sec
[862] Ep10000: Max 4610 (2138) steps (0.0006 hrs) -nan:-nan 26256 (57) sec
[863] Ep10000: Max 4610 (2183) steps (0.0006 hrs) -nan:-nan 26316 (60) sec
[864] Ep10000: Max 4610 (2124) steps (0.0006 hrs) -nan:-nan 26373 (57) sec
[865] Ep10000: Max 4610 (2382) steps (0.0007 hrs) -nan:-nan 26427 (54) sec
[866] Ep10000: Max 4610 (2642) steps (0.0007 hrs) -nan:-nan 26484 (57) sec
[867] Ep10000: Max 4610 (2034) steps (0.0006 hrs) -nan:-nan 26540 (56) sec
[868] Ep10000: Max 4610 (2206) steps (0.0006 hrs) -nan:-nan 26597 (57) sec
[869] Ep10000: Max 4610 (2293) steps (0.0006 hrs) -nan:-nan 26656 (59) sec
[870] Ep10000: Max 4610 (2566) steps (0.0007 hrs) -nan:-nan 26710 (54) sec
[871] Ep10000: Max 4610 (2318) steps (0.0006 hrs) -nan:-nan 26763 (53) sec
[872] Ep10000: Max 4610 (2529) steps (0.0007 hrs) -nan:-nan 26814 (51) sec
[873] Ep10000: Max 4610 (2141) steps (0.0006 hrs) -nan:-nan 26860 (46) sec
[874] Ep10000: Max 4610 (2056) steps (0.0006 hrs) -nan:-nan 26898 (38) sec
[875] Ep10000: Max 4610 (2560) steps (0.0007 hrs) -nan:-nan 26937 (39) sec
[876] Ep10000: Max 4610 (2023) steps (0.0006 hrs) -nan:-nan 26975 (38) sec
[877] Ep10000: Max 4610 (2153) steps (0.0006 hrs) -nan:-nan 27029 (54) sec
[878] Ep10000: Max 4610 (2379) steps (0.0007 hrs) -nan:-nan 27072 (43) sec
[879] Ep10000: Max 4610 (2430) steps (0.0007 hrs) -nan:-nan 27115 (43) sec
[880] Ep10000: Max 4610 (2463) steps (0.0007 hrs) -nan:-nan 27156 (41) sec
[881] Ep10000: Max 4610 (2141) steps (0.0006 hrs) -nan:-nan 27199 (43) sec
[882] Ep10000: Max 4610 (2094) steps (0.0006 hrs) -nan:-nan 27244 (45) sec
[883] Ep10000: Max 4610 (2125) steps (0.0006 hrs) -nan:-nan 27293 (49) sec
[884] Ep10000: Max 4610 (2025) steps (0.0006 hrs) -nan:-nan 27345 (52) sec
[885] Ep10000: Max 4610 (2326) steps (0.0006 hrs) -nan:-nan 27397 (52) sec
[886] Ep10000: Max 4610 (2614) steps (0.0007 hrs) -nan:-nan 27455 (58) sec
[887] Ep10000: Max 4610 (2179) steps (0.0006 hrs) -nan:-nan 27494 (39) sec
[888] Ep10000: Max 4610 (1992) steps (0.0006 hrs) -nan:-nan 27547 (53) sec
[889] Ep10000: Max 4610 (2179) steps (0.0006 hrs) -nan:-nan 27605 (58) sec
[890] Ep10000: Max 4610 (2260) steps (0.0006 hrs) -nan:-nan 27669 (64) sec
[891] Ep10000: Max 4610 (2451) steps (0.0007 hrs) -nan:-nan 27722 (53) sec
[892] Ep10000: Max 4610 (3445) steps (0.0010 hrs) -nan:-nan 27777 (55) sec
[893] Ep10000: Max 4610 (1889) steps (0.0005 hrs) -nan:-nan 27819 (42) sec
[894] Ep10000: Max 4610 (2533) steps (0.0007 hrs) -nan:-nan 27873 (54) sec
[895] Ep10000: Max 4610 (2263) steps (0.0006 hrs) -nan:-nan 27949 (76) sec
[896] Ep10000: Max 4610 (2950) steps (0.0008 hrs) -nan:-nan 28021 (72) sec
[897] Ep10000: Max 4610 (1908) steps (0.0005 hrs) -nan:-nan 28096 (75) sec
[898] Ep10000: Max 4610 (2504) steps (0.0007 hrs) -nan:-nan 28146 (50) sec
[899] Ep10000: Max 4610 (2418) steps (0.0007 hrs) -nan:-nan 28197 (51) sec
[900] Ep10000: Max 4610 (2452) steps (0.0007 hrs) -nan:-nan 28266 (69) sec
[901] Ep10000: Max 4610 (1961) steps (0.0005 hrs) -nan:-nan 28335 (69) sec
[902] Ep10000: Max 4610 (2250) steps (0.0006 hrs) -nan:-nan 28393 (58) sec
[903] Ep10000: Max 4610 (2242) steps (0.0006 hrs) -nan:-nan 28440 (47) sec
[904] Ep10000: Max 4610 (2332) steps (0.0006 hrs) -nan:-nan 28479 (39) sec
[905] Ep10000: Max 4610 (3013) steps (0.0008 hrs) -nan:-nan 28533 (54) sec
[906] Ep10000: Max 4610 (2593) steps (0.0007 hrs) -nan:-nan 28584 (51) sec
[907] Ep10000: Max 4610 (2760) steps (0.0008 hrs) -nan:-nan 28633 (49) sec
[908] Ep10000: Max 4610 (3106) steps (0.0009 hrs) -nan:-nan 28676 (43) sec
[909] Ep10000: Max 4610 (2119) steps (0.0006 hrs) -nan:-nan 28727 (51) sec
[910] Ep10000: Max 4610 (2687) steps (0.0007 hrs) -nan:-nan 28776 (49) sec
[911] Ep10000: Max 4610 (2510) steps (0.0007 hrs) -nan:-nan 28819 (43) sec
[912] Ep10000: Max 4610 (2528) steps (0.0007 hrs) -nan:-nan 28859 (40) sec
[913] Ep10000: Max 4610 (2343) steps (0.0007 hrs) -nan:-nan 28906 (47) sec
[914] Ep10000: Max 4610 (2474) steps (0.0007 hrs) -nan:-nan 28955 (49) sec
[915] Ep10000: Max 4610 (2673) steps (0.0007 hrs) -nan:-nan 28999 (44) sec
[916] Ep10000: Max 4610 (2476) steps (0.0007 hrs) -nan:-nan 29052 (53) sec
[917] Ep10000: Max 4610 (2361) steps (0.0007 hrs) -nan:-nan 29109 (57) sec
[918] Ep10000: Max 4610 (2200) steps (0.0006 hrs) -nan:-nan 29157 (48) sec
[919] Ep10000: Max 4610 (2251) steps (0.0006 hrs) -nan:-nan 29213 (56) sec
[920] Ep10000: Max 4610 (2113) steps (0.0006 hrs) -nan:-nan 29269 (56) sec
[921] Ep10000: Max 4610 (3168) steps (0.0009 hrs) -nan:-nan 29327 (58) sec
[922] Ep10000: Max 4610 (2222) steps (0.0006 hrs) -nan:-nan 29400 (73) sec
[923] Ep10000: Max 4610 (2109) steps (0.0006 hrs) -nan:-nan 29452 (52) sec
[924] Ep10000: Max 4610 (2507) steps (0.0007 hrs) -nan:-nan 29507 (55) sec
[925] Ep10000: Max 4610 (1909) steps (0.0005 hrs) -nan:-nan 29567 (60) sec
[926] Ep10000: Max 4610 (2636) steps (0.0007 hrs) -nan:-nan 29623 (56) sec
[927] Ep10000: Max 4610 (2223) steps (0.0006 hrs) -nan:-nan 29674 (51) sec
[928] Ep10000: Max 4610 (2218) steps (0.0006 hrs) -nan:-nan 29720 (46) sec
[929] Ep10000: Max 4610 (2239) steps (0.0006 hrs) -nan:-nan 29758 (38) sec
[930] Ep10000: Max 4610 (2208) steps (0.0006 hrs) -nan:-nan 29811 (53) sec
[931] Ep10000: Max 4610 (3020) steps (0.0008 hrs) -nan:-nan 29867 (56) sec
[932] Ep10000: Max 4610 (2018) steps (0.0006 hrs) -nan:-nan 29928 (61) sec
[933] Ep10000: Max 4610 (2150) steps (0.0006 hrs) -nan:-nan 29980 (52) sec
[934] Ep10000: Max 4610 (1917) steps (0.0005 hrs) -nan:-nan 30026 (46) sec
[935] Ep10000: Max 4610 (2207) steps (0.0006 hrs) -nan:-nan 30054 (28) sec
[936] Ep10000: Max 4610 (2384) steps (0.0007 hrs) -nan:-nan 30083 (29) sec
[937] Ep10000: Max 4610 (2202) steps (0.0006 hrs) -nan:-nan 30148 (65) sec
[938] Ep10000: Max 4610 (2004) steps (0.0006 hrs) -nan:-nan 30207 (59) sec
[939] Ep10000: Max 4610 (2425) steps (0.0007 hrs) -nan:-nan 30264 (57) sec
[940] Ep10000: Max 4610 (1915) steps (0.0005 hrs) -nan:-nan 30311 (47) sec
[941] Ep10000: Max 4610 (2217) steps (0.0006 hrs) -nan:-nan 30352 (41) sec
[942] Ep10000: Max 4610 (2016) steps (0.0006 hrs) -nan:-nan 30386 (34) sec
[943] Ep10000: Max 4610 (2958) steps (0.0008 hrs) -nan:-nan 30420 (34) sec
[944] Ep10000: Max 4610 (2459) steps (0.0007 hrs) -nan:-nan 30471 (51) sec
[945] Ep10000: Max 4610 (3370) steps (0.0009 hrs) -nan:-nan 30527 (56) sec
[946] Ep10000: Max 4610 (2444) steps (0.0007 hrs) -nan:-nan 30570 (43) sec
[947] Ep10000: Max 4610 (2640) steps (0.0007 hrs) -nan:-nan 30616 (46) sec
[948] Ep10000: Max 4610 (2654) steps (0.0007 hrs) -nan:-nan 30663 (47) sec
[949] Ep10000: Max 4610 (2260) steps (0.0006 hrs) -nan:-nan 30714 (51) sec
[950] Ep10000: Max 4610 (2436) steps (0.0007 hrs) -nan:-nan 30774 (60) sec
[951] Ep10000: Max 4610 (2925) steps (0.0008 hrs) -nan:-nan 30844 (70) sec
[952] Ep10000: Max 4610 (1970) steps (0.0005 hrs) -nan:-nan 30906 (62) sec
[953] Ep10000: Max 4610 (2559) steps (0.0007 hrs) -nan:-nan 30970 (64) sec
[954] Ep10000: Max 4610 (2361) steps (0.0007 hrs) -nan:-nan 31034 (64) sec
[955] Ep10000: Max 4610 (2190) steps (0.0006 hrs) -nan:-nan 31096 (62) sec
[956] Ep10000: Max 4610 (2517) steps (0.0007 hrs) -nan:-nan 31149 (53) sec
[957] Ep10000: Max 4610 (1967) steps (0.0005 hrs) -nan:-nan 31205 (56) sec
[958] Ep10000: Max 4610 (1949) steps (0.0005 hrs) -nan:-nan 31259 (54) sec
[959] Ep10000: Max 4610 (2347) steps (0.0007 hrs) -nan:-nan 31313 (54) sec
[960] Ep10000: Max 4610 (2134) steps (0.0006 hrs) -nan:-nan 31375 (62) sec
[961] Ep10000: Max 4610 (2114) steps (0.0006 hrs) -nan:-nan 31439 (64) sec
[962] Ep10000: Max 4610 (2294) steps (0.0006 hrs) -nan:-nan 31501 (62) sec
[963] Ep10000: Max 4610 (2531) steps (0.0007 hrs) -nan:-nan 31565 (64) sec
[964] Ep10000: Max 4610 (2340) steps (0.0007 hrs) -nan:-nan 31616 (51) sec
[965] Ep10000: Max 4610 (2120) steps (0.0006 hrs) -nan:-nan 31664 (48) sec
[966] Ep10000: Max 4610 (2248) steps (0.0006 hrs) -nan:-nan 31712 (48) sec
[967] Ep10000: Max 4610 (2793) steps (0.0008 hrs) -nan:-nan 31760 (48) sec
[968] Ep10000: Max 4610 (2355) steps (0.0007 hrs) -nan:-nan 31790 (30) sec
[969] Ep10000: Max 4610 (1988) steps (0.0006 hrs) -nan:-nan 31823 (33) sec
[970] Ep10000: Max 4610 (2102) steps (0.0006 hrs) -nan:-nan 31857 (34) sec
[971] Ep10000: Max 4610 (2862) steps (0.0008 hrs) -nan:-nan 31898 (41) sec
[972] Ep10000: Max 4610 (1955) steps (0.0005 hrs) -nan:-nan 31933 (35) sec
[973] Ep10000: Max 4610 (2192) steps (0.0006 hrs) -nan:-nan 31969 (36) sec
[974] Ep10000: Max 4610 (2217) steps (0.0006 hrs) -nan:-nan 32017 (48) sec
[975] Ep10000: Max 4610 (1891) steps (0.0005 hrs) -nan:-nan 32066 (49) sec
[976] Ep10000: Max 4610 (2251) steps (0.0006 hrs) -nan:-nan 32115 (49) sec
[977] Ep10000: Max 4610 (2779) steps (0.0008 hrs) -nan:-nan 32150 (35) sec
[978] Ep10000: Max 4610 (1960) steps (0.0005 hrs) -nan:-nan 32180 (30) sec
[979] Ep10000: Max 4610 (2122) steps (0.0006 hrs) -nan:-nan 32209 (29) sec
[980] Ep10000: Max 4610 (2218) steps (0.0006 hrs) -nan:-nan 32238 (29) sec
[981] Ep10000: Max 4610 (2570) steps (0.0007 hrs) -nan:-nan 32267 (29) sec
[982] Ep10000: Max 4610 (2091) steps (0.0006 hrs) -nan:-nan 32298 (31) sec
[983] Ep10000: Max 4610 (1977) steps (0.0005 hrs) -nan:-nan 32327 (29) sec
[984] Ep10000: Max 4610 (1940) steps (0.0005 hrs) -nan:-nan 32359 (32) sec
[985] Ep10000: Max 4610 (2233) steps (0.0006 hrs) -nan:-nan 32389 (30) sec
[986] Ep10000: Max 4610 (2933) steps (0.0008 hrs) -nan:-nan 32418 (29) sec
[987] Ep10000: Max 4610 (1901) steps (0.0005 hrs) -nan:-nan 32445 (27) sec
[988] Ep10000: Max 4610 (2607) steps (0.0007 hrs) -nan:-nan 32472 (27) sec
[989] Ep10000: Max 4610 (1984) steps (0.0006 hrs) -nan:-nan 32500 (28) sec
[990] Ep10000: Max 4610 (2899) steps (0.0008 hrs) -nan:-nan 32527 (27) sec
[991] Ep10000: Max 4610 (2206) steps (0.0006 hrs) -nan:-nan 32554 (27) sec
[992] Ep10000: Max 4610 (2121) steps (0.0006 hrs) -nan:-nan 32581 (27) sec
[993] Ep10000: Max 4610 (1973) steps (0.0005 hrs) -nan:-nan 32607 (26) sec
[994] Ep10000: Max 4610 (2427) steps (0.0007 hrs) -nan:-nan 32634 (27) sec
[995] Ep10000: Max 4610 (2062) steps (0.0006 hrs) -nan:-nan 32660 (26) sec
[996] Ep10000: Max 4610 (2213) steps (0.0006 hrs) -nan:-nan 32688 (28) sec
[997] Ep10000: Max 4610 (2201) steps (0.0006 hrs) -nan:-nan 32715 (27) sec
[998] Ep10000: Max 4610 (2287) steps (0.0006 hrs) -nan:-nan 32743 (28) sec
[999] Ep10000: Max 4610 (2082) steps (0.0006 hrs) -nan:-nan 32771 (28) sec
[1000] Ep10000: Max 4610 (2553) steps (0.0007 hrs) -nan:-nan 32798 (27) sec
Total Elapsed time: 32798 seconds
Wrote current data to latest.train
