balanced 0 test_flag 0
[1] Max 2041 (2041) steps (0.0006 hrs) 0.00:0.00 76 (76) sec
[2] Max 2492 (2492) steps (0.0007 hrs) 0.00:0.00 151 (75) sec
[3] Max 2492 (2010) steps (0.0006 hrs) 0.00:0.00 228 (77) sec
[4] Max 2492 (2045) steps (0.0006 hrs) 0.00:0.00 302 (74) sec
[5] Max 2492 (1902) steps (0.0005 hrs) 0.00:0.00 376 (74) sec
[6] Max 2492 (1873) steps (0.0005 hrs) 0.00:0.00 452 (76) sec
[7] Max 2654 (2654) steps (0.0007 hrs) 0.00:0.00 529 (77) sec
[8] Max 2654 (2254) steps (0.0006 hrs) 0.00:0.00 605 (76) sec
[9] Max 2654 (2201) steps (0.0006 hrs) 0.00:0.00 681 (76) sec
[10] Max 2654 (2174) steps (0.0006 hrs) 0.00:0.00 758 (77) sec
[11] Max 2654 (2627) steps (0.0007 hrs) 0.00:0.00 832 (74) sec
[12] Max 2785 (2785) steps (0.0008 hrs) 0.00:0.00 907 (75) sec
[13] Max 2785 (2392) steps (0.0007 hrs) 0.00:0.00 984 (77) sec
[14] Max 2785 (2050) steps (0.0006 hrs) 0.00:0.00 1061 (77) sec
[15] Max 2785 (2218) steps (0.0006 hrs) 0.00:0.00 1137 (76) sec
[16] Max 2785 (2195) steps (0.0006 hrs) 0.00:0.00 1215 (78) sec
[17] Max 2811 (2811) steps (0.0008 hrs) 0.00:0.00 1289 (74) sec
[18] Max 2811 (1930) steps (0.0005 hrs) 0.00:0.00 1362 (73) sec
[19] Max 2811 (2278) steps (0.0006 hrs) 0.00:0.00 1440 (78) sec
[20] Max 2811 (2661) steps (0.0007 hrs) 0.00:0.00 1515 (75) sec
[21] Max 2811 (2279) steps (0.0006 hrs) 0.00:0.00 1592 (77) sec
[22] Max 2811 (2384) steps (0.0007 hrs) 0.00:0.00 1670 (78) sec
[23] Max 2811 (1809) steps (0.0005 hrs) 0.00:0.00 1746 (76) sec
[24] Max 2811 (1777) steps (0.0005 hrs) 0.00:0.00 1820 (74) sec
[25] Max 2811 (1827) steps (0.0005 hrs) 0.00:0.00 1896 (76) sec
[26] Max 2811 (2089) steps (0.0006 hrs) 0.00:0.00 1970 (74) sec
[27] Max 2811 (2603) steps (0.0007 hrs) 0.00:0.00 2046 (76) sec
[28] Max 2811 (1856) steps (0.0005 hrs) 0.00:0.00 2123 (77) sec
[29] Max 2811 (2049) steps (0.0006 hrs) 0.00:0.00 2197 (74) sec
[30] Max 2981 (2981) steps (0.0008 hrs) 0.00:0.00 2274 (77) sec
[31] Max 2981 (2072) steps (0.0006 hrs) 0.00:0.00 2350 (76) sec
[32] Max 2981 (2332) steps (0.0006 hrs) 0.00:0.00 2426 (76) sec
[33] Max 2981 (2836) steps (0.0008 hrs) 0.00:0.00 2501 (75) sec
[34] Max 2981 (2631) steps (0.0007 hrs) 0.00:0.00 2577 (76) sec
[35] Max 2981 (1864) steps (0.0005 hrs) 0.00:0.00 2652 (75) sec
[36] Max 2981 (2683) steps (0.0007 hrs) 0.00:0.00 2729 (77) sec
[37] Max 2981 (1846) steps (0.0005 hrs) 0.00:0.00 2804 (75) sec
[38] Max 2981 (1917) steps (0.0005 hrs) 0.00:0.00 2882 (78) sec
[39] Max 2981 (2229) steps (0.0006 hrs) 0.00:0.00 2957 (75) sec
[40] Max 2981 (2104) steps (0.0006 hrs) 0.00:0.00 3032 (75) sec
[41] Max 3042 (3042) steps (0.0008 hrs) 0.00:0.00 3110 (78) sec
[42] Max 3042 (2911) steps (0.0008 hrs) 0.00:0.00 3185 (75) sec
[43] Max 3042 (2357) steps (0.0007 hrs) 0.00:0.00 3262 (77) sec
[44] Max 3042 (2198) steps (0.0006 hrs) 0.00:0.00 3337 (75) sec
[45] Max 3042 (2743) steps (0.0008 hrs) 0.00:0.00 3413 (76) sec
[46] Max 3042 (2186) steps (0.0006 hrs) 0.00:0.00 3490 (77) sec
[47] Max 3042 (2372) steps (0.0007 hrs) 0.00:0.00 3566 (76) sec
[48] Max 3042 (2399) steps (0.0007 hrs) 0.00:0.00 3640 (74) sec
[49] Max 3042 (2289) steps (0.0006 hrs) 0.00:0.00 3715 (75) sec
[50] Max 3042 (2204) steps (0.0006 hrs) 0.00:0.00 3791 (76) sec
[51] Max 3042 (2268) steps (0.0006 hrs) 0.00:0.00 3866 (75) sec
[52] Max 3042 (2361) steps (0.0007 hrs) 0.00:0.00 3942 (76) sec
[53] Max 3042 (1950) steps (0.0005 hrs) 0.00:0.00 4020 (78) sec
[54] Max 3042 (2707) steps (0.0008 hrs) 0.00:0.00 4098 (78) sec
[55] Max 3042 (2944) steps (0.0008 hrs) 0.00:0.00 4175 (77) sec
[56] Max 3042 (2218) steps (0.0006 hrs) 0.00:0.00 4251 (76) sec
[57] Max 3042 (2376) steps (0.0007 hrs) 0.00:0.00 4327 (76) sec
[58] Max 3042 (2474) steps (0.0007 hrs) 0.00:0.00 4405 (78) sec
[59] Max 3042 (2194) steps (0.0006 hrs) 0.00:0.00 4482 (77) sec
[60] Max 3042 (2707) steps (0.0008 hrs) 0.00:0.00 4557 (75) sec
[61] Max 3042 (2067) steps (0.0006 hrs) 0.00:0.00 4634 (77) sec
[62] Max 3042 (2759) steps (0.0008 hrs) 0.00:0.00 4711 (77) sec
[63] Max 3042 (2416) steps (0.0007 hrs) 0.00:0.00 4786 (75) sec
[64] Max 3042 (1870) steps (0.0005 hrs) 0.00:0.00 4859 (73) sec
[65] Max 3042 (2397) steps (0.0007 hrs) 0.00:0.00 4937 (78) sec
[66] Max 3042 (1985) steps (0.0006 hrs) 0.00:0.00 5010 (73) sec
[67] Max 3042 (2173) steps (0.0006 hrs) 0.00:0.00 5084 (74) sec
[68] Max 3042 (2554) steps (0.0007 hrs) 0.00:0.00 5160 (76) sec
[69] Max 3042 (2933) steps (0.0008 hrs) 0.00:0.00 5237 (77) sec
[70] Max 3042 (2339) steps (0.0006 hrs) 0.00:0.00 5313 (76) sec
[71] Max 3042 (2211) steps (0.0006 hrs) 0.00:0.00 5389 (76) sec
[72] Max 3042 (2312) steps (0.0006 hrs) 0.00:0.00 5465 (76) sec
[73] Max 3042 (2802) steps (0.0008 hrs) 0.00:0.00 5540 (75) sec
[74] Max 3042 (2298) steps (0.0006 hrs) 0.00:0.00 5613 (73) sec
[75] Max 3042 (1824) steps (0.0005 hrs) 0.00:0.00 5690 (77) sec
[76] Max 3042 (1971) steps (0.0005 hrs) 0.00:0.00 5766 (76) sec
[77] Max 3042 (2040) steps (0.0006 hrs) 0.00:0.00 5841 (75) sec
[78] Max 3042 (1951) steps (0.0005 hrs) 0.00:0.00 5915 (74) sec
[79] Max 3042 (2973) steps (0.0008 hrs) 0.00:0.00 5988 (73) sec
[80] Max 3042 (2244) steps (0.0006 hrs) 0.00:0.00 6064 (76) sec
[81] Max 3042 (2256) steps (0.0006 hrs) 0.00:0.00 6140 (76) sec
[82] Max 3042 (2146) steps (0.0006 hrs) 0.00:0.00 6215 (75) sec
[83] Max 3042 (1908) steps (0.0005 hrs) 0.00:0.00 6292 (77) sec
[84] Max 3042 (2095) steps (0.0006 hrs) 0.00:0.00 6368 (76) sec
[85] Max 3042 (2381) steps (0.0007 hrs) 0.00:0.00 6442 (74) sec
[86] Max 3042 (2348) steps (0.0007 hrs) 0.00:0.00 6519 (77) sec
[87] Max 3042 (1953) steps (0.0005 hrs) 0.00:0.00 6596 (77) sec
[88] Max 3042 (2330) steps (0.0006 hrs) 0.00:0.00 6671 (75) sec
[89] Max 3042 (2176) steps (0.0006 hrs) 0.00:0.00 6746 (75) sec
[90] Max 3042 (2259) steps (0.0006 hrs) 0.00:0.00 6822 (76) sec
[91] Max 3042 (2685) steps (0.0007 hrs) 0.00:0.00 6898 (76) sec
[92] Max 3042 (1933) steps (0.0005 hrs) 0.00:0.00 6971 (73) sec
[93] Max 3042 (2501) steps (0.0007 hrs) 0.00:0.00 7046 (75) sec
[94] Max 3042 (2770) steps (0.0008 hrs) 0.00:0.00 7123 (77) sec
[95] Max 3042 (2857) steps (0.0008 hrs) 0.00:0.00 7199 (76) sec
[96] Max 3042 (2187) steps (0.0006 hrs) 0.00:0.00 7273 (74) sec
[97] Max 3042 (2316) steps (0.0006 hrs) 0.00:0.00 7351 (78) sec
[98] Max 3042 (2109) steps (0.0006 hrs) 0.00:0.00 7428 (77) sec
[99] Max 3042 (2085) steps (0.0006 hrs) 0.00:0.00 7502 (74) sec
[100] Max 3042 (2167) steps (0.0006 hrs) 0.00:0.00 7577 (75) sec
[101] Max 3042 (2303) steps (0.0006 hrs) 0.00:0.00 7654 (77) sec
[102] Max 3042 (2137) steps (0.0006 hrs) 0.00:0.00 7728 (74) sec
[103] Max 3042 (2240) steps (0.0006 hrs) 0.00:0.00 7799 (71) sec
[104] Max 3042 (2720) steps (0.0008 hrs) 0.00:0.00 7874 (75) sec
[105] Max 3042 (1868) steps (0.0005 hrs) 0.00:0.00 7950 (76) sec
[106] Max 3042 (2789) steps (0.0008 hrs) 0.00:0.00 8026 (76) sec
[107] Max 3042 (2562) steps (0.0007 hrs) 0.00:0.00 8104 (78) sec
[108] Max 3042 (2576) steps (0.0007 hrs) 0.00:0.00 8177 (73) sec
[109] Max 3042 (2487) steps (0.0007 hrs) 0.00:0.00 8253 (76) sec
[110] Max 3042 (2291) steps (0.0006 hrs) 0.00:0.00 8330 (77) sec
[111] Max 3042 (2202) steps (0.0006 hrs) 0.00:0.00 8407 (77) sec
[112] Max 3042 (1975) steps (0.0005 hrs) 0.00:0.00 8483 (76) sec
[113] Max 3042 (1934) steps (0.0005 hrs) 0.00:0.00 8559 (76) sec
[114] Max 3120 (3120) steps (0.0009 hrs) 0.00:0.00 8637 (78) sec
[115] Max 3120 (1830) steps (0.0005 hrs) 0.00:0.00 8713 (76) sec
[116] Max 3120 (2367) steps (0.0007 hrs) 0.00:0.00 8788 (75) sec
[117] Max 3120 (2461) steps (0.0007 hrs) 0.00:0.00 8863 (75) sec
[118] Max 3120 (2582) steps (0.0007 hrs) 0.00:0.00 8941 (78) sec
[119] Max 3137 (3137) steps (0.0009 hrs) 0.00:0.00 9017 (76) sec
[120] Max 3137 (2236) steps (0.0006 hrs) 0.00:0.00 9092 (75) sec
[121] Max 3137 (2817) steps (0.0008 hrs) 0.00:0.00 9169 (77) sec
[122] Max 3137 (2468) steps (0.0007 hrs) 0.00:0.00 9244 (75) sec
[123] Max 3137 (1871) steps (0.0005 hrs) 0.00:0.00 9318 (74) sec
[124] Max 3137 (2307) steps (0.0006 hrs) 0.00:0.00 9394 (76) sec
[125] Max 3137 (2292) steps (0.0006 hrs) 0.00:0.00 9471 (77) sec
[126] Max 3137 (2294) steps (0.0006 hrs) 0.00:0.00 9547 (76) sec
[127] Max 3137 (2144) steps (0.0006 hrs) 0.00:0.00 9625 (78) sec
[128] Max 3137 (2010) steps (0.0006 hrs) 0.00:0.00 9702 (77) sec
[129] Max 3137 (2323) steps (0.0006 hrs) 0.00:0.00 9777 (75) sec
[130] Max 3137 (2212) steps (0.0006 hrs) 0.00:0.00 9853 (76) sec
[131] Max 3137 (2255) steps (0.0006 hrs) 0.00:0.00 9930 (77) sec
[132] Max 3137 (2683) steps (0.0007 hrs) 0.00:0.00 10004 (74) sec
[133] Max 3137 (2257) steps (0.0006 hrs) 0.00:0.00 10079 (75) sec
[134] Max 3137 (2781) steps (0.0008 hrs) 0.00:0.00 10156 (77) sec
[135] Max 3137 (2793) steps (0.0008 hrs) 0.00:0.00 10233 (77) sec
[136] Max 3137 (2352) steps (0.0007 hrs) 0.00:0.00 10310 (77) sec
[137] Max 3137 (1802) steps (0.0005 hrs) 0.00:0.00 10384 (74) sec
[138] Max 3137 (3011) steps (0.0008 hrs) 0.00:0.00 10460 (76) sec
[139] Max 3137 (2269) steps (0.0006 hrs) 0.00:0.00 10536 (76) sec
[140] Max 3137 (2088) steps (0.0006 hrs) 0.00:0.00 10610 (74) sec
[141] Max 3137 (2845) steps (0.0008 hrs) 0.00:0.00 10687 (77) sec
[142] Max 3137 (2293) steps (0.0006 hrs) 0.00:0.00 10762 (75) sec
[143] Max 3137 (2135) steps (0.0006 hrs) 0.00:0.00 10838 (76) sec
[144] Max 3137 (2754) steps (0.0008 hrs) 0.00:0.00 10915 (77) sec
[145] Max 3137 (2223) steps (0.0006 hrs) 0.00:0.00 10990 (75) sec
[146] Max 3137 (2079) steps (0.0006 hrs) 0.00:0.00 11065 (75) sec
[147] Max 3137 (1894) steps (0.0005 hrs) 0.00:0.00 11141 (76) sec
[148] Max 3137 (2548) steps (0.0007 hrs) 0.00:0.00 11217 (76) sec
[149] Max 3137 (2825) steps (0.0008 hrs) 0.00:0.00 11294 (77) sec
[150] Max 3137 (2444) steps (0.0007 hrs) 0.00:0.00 11368 (74) sec
[151] Max 3137 (2339) steps (0.0006 hrs) 0.00:0.00 11445 (77) sec
[152] Max 3137 (1949) steps (0.0005 hrs) 0.00:0.00 11520 (75) sec
[153] Max 3137 (2033) steps (0.0006 hrs) 0.00:0.00 11596 (76) sec
[154] Max 3591 (3591) steps (0.0010 hrs) 0.00:0.00 11669 (73) sec
[155] Max 3591 (1929) steps (0.0005 hrs) 0.00:0.00 11745 (76) sec
[156] Max 3591 (1959) steps (0.0005 hrs) 0.00:0.00 11819 (74) sec
[157] Max 3591 (1925) steps (0.0005 hrs) 0.00:0.00 11895 (76) sec
[158] Max 3591 (2104) steps (0.0006 hrs) 0.00:0.00 11972 (77) sec
[159] Max 3591 (2078) steps (0.0006 hrs) 0.00:0.00 12049 (77) sec
[160] Max 3591 (1999) steps (0.0006 hrs) 0.00:0.00 12124 (75) sec
[161] Max 3591 (2068) steps (0.0006 hrs) 0.00:0.00 12200 (76) sec
[162] Max 3591 (2745) steps (0.0008 hrs) 0.00:0.00 12279 (79) sec
[163] Max 3591 (1958) steps (0.0005 hrs) 0.00:0.00 12357 (78) sec
[164] Max 3591 (2300) steps (0.0006 hrs) 0.00:0.00 12434 (77) sec
[165] Max 3591 (2636) steps (0.0007 hrs) 0.00:0.00 12511 (77) sec
[166] Max 3591 (2229) steps (0.0006 hrs) 0.00:0.00 12587 (76) sec
[167] Max 3591 (2435) steps (0.0007 hrs) 0.00:0.00 12664 (77) sec
[168] Max 3591 (1808) steps (0.0005 hrs) 0.00:0.00 12737 (73) sec
[169] Max 3591 (2254) steps (0.0006 hrs) 0.00:0.00 12813 (76) sec
[170] Max 3591 (2434) steps (0.0007 hrs) 0.00:0.00 12889 (76) sec
[171] Max 3591 (2607) steps (0.0007 hrs) 0.00:0.00 12964 (75) sec
[172] Max 3591 (2021) steps (0.0006 hrs) 0.00:0.00 13041 (77) sec
[173] Max 3591 (2148) steps (0.0006 hrs) 0.00:0.00 13118 (77) sec
[174] Max 3591 (2108) steps (0.0006 hrs) 0.00:0.00 13192 (74) sec
[175] Max 3591 (1865) steps (0.0005 hrs) 0.00:0.00 13263 (71) sec
[176] Max 3591 (2960) steps (0.0008 hrs) 0.00:0.00 13337 (74) sec
[177] Max 3591 (2109) steps (0.0006 hrs) 0.00:0.00 13412 (75) sec
[178] Max 3591 (2504) steps (0.0007 hrs) 0.00:0.00 13490 (78) sec
[179] Max 3591 (1954) steps (0.0005 hrs) 0.00:0.00 13566 (76) sec
[180] Max 3591 (2435) steps (0.0007 hrs) 0.00:0.00 13642 (76) sec
[181] Max 3591 (2429) steps (0.0007 hrs) 0.00:0.00 13718 (76) sec
[182] Max 3591 (2620) steps (0.0007 hrs) 0.00:0.00 13794 (76) sec
[183] Max 3591 (2423) steps (0.0007 hrs) 0.00:0.00 13871 (77) sec
[184] Max 3591 (1996) steps (0.0006 hrs) 0.00:0.00 13947 (76) sec
[185] Max 3591 (2064) steps (0.0006 hrs) 0.00:0.00 14023 (76) sec
[186] Max 3591 (2136) steps (0.0006 hrs) 0.00:0.00 14100 (77) sec
[187] Max 3591 (3555) steps (0.0010 hrs) 0.00:0.00 14177 (77) sec
[188] Max 3591 (3023) steps (0.0008 hrs) 0.00:0.00 14251 (74) sec
[189] Max 3591 (2248) steps (0.0006 hrs) 0.00:0.00 14328 (77) sec
[190] Max 3591 (2370) steps (0.0007 hrs) 0.00:0.00 14404 (76) sec
[191] Max 3591 (1978) steps (0.0005 hrs) 0.00:0.00 14480 (76) sec
[192] Max 3591 (2117) steps (0.0006 hrs) 0.00:0.00 14557 (77) sec
[193] Max 3591 (2571) steps (0.0007 hrs) 0.00:0.00 14633 (76) sec
[194] Max 3591 (2297) steps (0.0006 hrs) 0.00:0.00 14710 (77) sec
[195] Max 3591 (2178) steps (0.0006 hrs) 0.00:0.00 14787 (77) sec
[196] Max 3591 (2135) steps (0.0006 hrs) 0.00:0.00 14864 (77) sec
[197] Max 3591 (2235) steps (0.0006 hrs) 0.00:0.00 14938 (74) sec
[198] Max 3591 (2232) steps (0.0006 hrs) 0.00:0.00 15014 (76) sec
[199] Max 3591 (1854) steps (0.0005 hrs) 0.00:0.00 15090 (76) sec
[200] Max 3591 (2074) steps (0.0006 hrs) 0.00:0.00 15163 (73) sec
[201] Max 3591 (2001) steps (0.0006 hrs) 0.00:0.00 15239 (76) sec
[202] Max 3591 (2089) steps (0.0006 hrs) 0.00:0.00 15317 (78) sec
[203] Max 3591 (2179) steps (0.0006 hrs) 0.00:0.00 15394 (77) sec
[204] Max 3591 (1924) steps (0.0005 hrs) 0.00:0.00 15469 (75) sec
[205] Max 3591 (2692) steps (0.0007 hrs) 0.00:0.00 15576 (107) sec
[206] Max 3591 (2481) steps (0.0007 hrs) 0.00:0.00 15697 (121) sec
[207] Max 3591 (3321) steps (0.0009 hrs) 0.00:0.00 15821 (124) sec
[208] Max 3591 (2254) steps (0.0006 hrs) 0.00:0.00 15936 (115) sec
[209] Max 3591 (2485) steps (0.0007 hrs) 0.00:0.00 16059 (123) sec
[210] Max 3591 (2467) steps (0.0007 hrs) 0.00:0.00 16178 (119) sec
[211] Max 3591 (2335) steps (0.0006 hrs) 0.00:0.00 16285 (107) sec
[212] Max 3591 (1899) steps (0.0005 hrs) 0.00:0.00 16404 (119) sec
[213] Max 3591 (2774) steps (0.0008 hrs) 0.00:0.00 16514 (110) sec
[214] Max 3591 (2207) steps (0.0006 hrs) 0.00:0.00 16617 (103) sec
[215] Max 3591 (2188) steps (0.0006 hrs) 0.00:0.00 16733 (116) sec
[216] Max 3591 (2033) steps (0.0006 hrs) 0.00:0.00 16850 (117) sec
[217] Max 3591 (2106) steps (0.0006 hrs) 0.00:0.00 16963 (113) sec
[218] Max 3591 (2408) steps (0.0007 hrs) 0.00:0.00 17044 (81) sec
[219] Max 3591 (2601) steps (0.0007 hrs) 0.00:0.00 17119 (75) sec
[220] Max 3591 (2953) steps (0.0008 hrs) 0.00:0.00 17196 (77) sec
[221] Max 3591 (2885) steps (0.0008 hrs) 0.00:0.00 17272 (76) sec
[222] Max 3591 (2294) steps (0.0006 hrs) 0.00:0.00 17350 (78) sec
[223] Max 3591 (2022) steps (0.0006 hrs) 0.00:0.00 17425 (75) sec
[224] Max 3591 (1985) steps (0.0006 hrs) 0.00:0.00 17502 (77) sec
[225] Max 3591 (2159) steps (0.0006 hrs) 0.00:0.00 17578 (76) sec
[226] Max 3591 (2149) steps (0.0006 hrs) 0.00:0.00 17654 (76) sec
[227] Max 3591 (2425) steps (0.0007 hrs) 0.00:0.00 17731 (77) sec
[228] Max 3591 (2068) steps (0.0006 hrs) 0.00:0.00 17807 (76) sec
[229] Max 3591 (2360) steps (0.0007 hrs) 0.00:0.00 17883 (76) sec
[230] Max 3591 (2123) steps (0.0006 hrs) 0.00:0.00 17959 (76) sec
[231] Max 3591 (2355) steps (0.0007 hrs) 0.00:0.00 18033 (74) sec
[232] Max 3591 (2518) steps (0.0007 hrs) 0.00:0.00 18108 (75) sec
[233] Max 3591 (2208) steps (0.0006 hrs) 0.00:0.00 18185 (77) sec
[234] Max 3591 (2420) steps (0.0007 hrs) 0.00:0.00 18263 (78) sec
[235] Max 3591 (2014) steps (0.0006 hrs) 0.00:0.00 18338 (75) sec
[236] Max 3591 (2707) steps (0.0008 hrs) 0.00:0.00 18414 (76) sec
[237] Max 3591 (2544) steps (0.0007 hrs) 0.00:0.00 18489 (75) sec
[238] Max 3591 (2261) steps (0.0006 hrs) 0.00:0.00 18566 (77) sec
[239] Max 3733 (3733) steps (0.0010 hrs) 0.00:0.00 18641 (75) sec
[240] Max 3733 (2103) steps (0.0006 hrs) 0.00:0.00 18716 (75) sec
[241] Max 3733 (2868) steps (0.0008 hrs) 0.00:0.00 18794 (78) sec
[242] Max 3733 (2087) steps (0.0006 hrs) 0.00:0.00 18869 (75) sec
[243] Max 3733 (2217) steps (0.0006 hrs) 0.00:0.00 18943 (74) sec
[244] Max 3733 (2343) steps (0.0007 hrs) 0.00:0.00 19018 (75) sec
[245] Max 3733 (2533) steps (0.0007 hrs) 0.00:0.00 19095 (77) sec
[246] Max 3733 (2447) steps (0.0007 hrs) 0.00:0.00 19170 (75) sec
[247] Max 3733 (2197) steps (0.0006 hrs) 0.00:0.00 19244 (74) sec
[248] Max 3733 (2503) steps (0.0007 hrs) 0.00:0.00 19320 (76) sec
[249] Max 3733 (2138) steps (0.0006 hrs) 0.00:0.00 19396 (76) sec
[250] Max 3733 (2172) steps (0.0006 hrs) 0.00:0.00 19473 (77) sec
[251] Max 3733 (1871) steps (0.0005 hrs) 0.00:0.00 19549 (76) sec
[252] Max 3733 (2911) steps (0.0008 hrs) 0.00:0.00 19624 (75) sec
[253] Max 3733 (2654) steps (0.0007 hrs) 0.00:0.00 19701 (77) sec
[254] Max 3733 (2350) steps (0.0007 hrs) 0.00:0.00 19776 (75) sec
[255] Max 3733 (1986) steps (0.0006 hrs) 0.00:0.00 19852 (76) sec
[256] Max 3733 (2178) steps (0.0006 hrs) 0.00:0.00 19928 (76) sec
[257] Max 3733 (1901) steps (0.0005 hrs) 0.00:0.00 20004 (76) sec
[258] Max 3733 (1882) steps (0.0005 hrs) 0.00:0.00 20080 (76) sec
[259] Max 3733 (1908) steps (0.0005 hrs) 0.00:0.00 20154 (74) sec
[260] Max 3733 (2170) steps (0.0006 hrs) 0.00:0.00 20229 (75) sec
[261] Max 3733 (1742) steps (0.0005 hrs) 0.00:0.00 20302 (73) sec
[262] Max 3733 (2882) steps (0.0008 hrs) 0.00:0.00 20377 (75) sec
[263] Max 3733 (2392) steps (0.0007 hrs) 0.00:0.00 20453 (76) sec
[264] Max 3733 (2288) steps (0.0006 hrs) 0.00:0.00 20528 (75) sec
[265] Max 3733 (1994) steps (0.0006 hrs) 0.00:0.00 20600 (72) sec
[266] Max 3733 (1921) steps (0.0005 hrs) 0.00:0.00 20676 (76) sec
[267] Max 3733 (1815) steps (0.0005 hrs) 0.00:0.00 20753 (77) sec
[268] Max 3733 (2194) steps (0.0006 hrs) 0.00:0.00 20827 (74) sec
[269] Max 3733 (2643) steps (0.0007 hrs) 0.00:0.00 20902 (75) sec
[270] Max 3733 (2084) steps (0.0006 hrs) 0.00:0.00 20977 (75) sec
[271] Max 3733 (2295) steps (0.0006 hrs) 0.00:0.00 21053 (76) sec
[272] Max 3733 (2271) steps (0.0006 hrs) 0.00:0.00 21128 (75) sec
[273] Max 3733 (2490) steps (0.0007 hrs) 0.00:0.00 21205 (77) sec
[274] Max 3733 (2842) steps (0.0008 hrs) 0.00:0.00 21280 (75) sec
[275] Max 3733 (1870) steps (0.0005 hrs) 0.00:0.00 21359 (79) sec
[276] Max 3733 (2249) steps (0.0006 hrs) 0.00:0.00 21436 (77) sec
[277] Max 3733 (2180) steps (0.0006 hrs) 0.00:0.00 21513 (77) sec
[278] Max 3733 (2035) steps (0.0006 hrs) 0.00:0.00 21588 (75) sec
[279] Max 3733 (2246) steps (0.0006 hrs) 0.00:0.00 21665 (77) sec
[280] Max 3733 (2025) steps (0.0006 hrs) 0.00:0.00 21741 (76) sec
[281] Max 3733 (2018) steps (0.0006 hrs) 0.00:0.00 21816 (75) sec
[282] Max 3733 (2053) steps (0.0006 hrs) 0.00:0.00 21892 (76) sec
[283] Max 3733 (2106) steps (0.0006 hrs) 0.00:0.00 21967 (75) sec
[284] Max 3733 (2569) steps (0.0007 hrs) 0.00:0.00 22039 (72) sec
[285] Max 3733 (1824) steps (0.0005 hrs) 0.00:0.00 22115 (76) sec
[286] Max 3733 (2556) steps (0.0007 hrs) 0.00:0.00 22188 (73) sec
[287] Max 3733 (2165) steps (0.0006 hrs) 0.00:0.00 22264 (76) sec
[288] Max 3733 (2397) steps (0.0007 hrs) 0.00:0.00 22340 (76) sec
[289] Max 3733 (2286) steps (0.0006 hrs) 0.00:0.00 22417 (77) sec
[290] Max 3733 (2748) steps (0.0008 hrs) 0.00:0.00 22495 (78) sec
[291] Max 3733 (2664) steps (0.0007 hrs) 0.00:0.00 22571 (76) sec
[292] Max 3733 (2454) steps (0.0007 hrs) 0.00:0.00 22646 (75) sec
[293] Max 3733 (1881) steps (0.0005 hrs) 0.00:0.00 22719 (73) sec
[294] Max 3733 (2358) steps (0.0007 hrs) 0.00:0.00 22795 (76) sec
[295] Max 3733 (2982) steps (0.0008 hrs) 0.00:0.00 22869 (74) sec
[296] Max 3733 (2190) steps (0.0006 hrs) 0.00:0.00 22943 (74) sec
[297] Max 3733 (2080) steps (0.0006 hrs) 0.00:0.00 23015 (72) sec
[298] Max 3733 (1888) steps (0.0005 hrs) 0.00:0.00 23090 (75) sec
[299] Max 3733 (2104) steps (0.0006 hrs) 0.00:0.00 23170 (80) sec
[300] Max 3760 (3760) steps (0.0010 hrs) 0.00:0.00 23246 (76) sec
[301] Max 3760 (2144) steps (0.0006 hrs) 0.00:0.00 23323 (77) sec
[302] Max 3760 (3373) steps (0.0009 hrs) 0.00:0.00 23397 (74) sec
[303] Max 3760 (3672) steps (0.0010 hrs) 0.00:0.00 23476 (79) sec
[304] Max 3760 (2446) steps (0.0007 hrs) 0.00:0.00 23552 (76) sec
[305] Max 3760 (2465) steps (0.0007 hrs) 0.00:0.00 23629 (77) sec
[306] Max 3760 (2072) steps (0.0006 hrs) 0.00:0.00 23702 (73) sec
[307] Max 3760 (2019) steps (0.0006 hrs) 0.00:0.00 23779 (77) sec
[308] Max 3760 (2527) steps (0.0007 hrs) 0.00:0.00 23856 (77) sec
[309] Max 3760 (1954) steps (0.0005 hrs) 0.00:0.00 23932 (76) sec
[310] Max 3760 (2700) steps (0.0008 hrs) 0.00:0.00 24007 (75) sec
[311] Max 3760 (2509) steps (0.0007 hrs) 0.00:0.00 24085 (78) sec
[312] Max 3760 (2254) steps (0.0006 hrs) 0.00:0.00 24160 (75) sec
[313] Max 3760 (2795) steps (0.0008 hrs) 0.00:0.00 24237 (77) sec
[314] Max 3760 (3194) steps (0.0009 hrs) 0.00:0.00 24313 (76) sec
[315] Max 3760 (2058) steps (0.0006 hrs) 0.00:0.00 24389 (76) sec
[316] Max 3760 (2604) steps (0.0007 hrs) 0.00:0.00 24463 (74) sec
[317] Max 3760 (1924) steps (0.0005 hrs) 0.00:0.00 24541 (78) sec
[318] Max 3760 (2068) steps (0.0006 hrs) 0.00:0.00 24616 (75) sec
[319] Max 3760 (2045) steps (0.0006 hrs) 0.00:0.00 24691 (75) sec
[320] Max 3760 (2130) steps (0.0006 hrs) 0.00:0.00 24767 (76) sec
[321] Max 3760 (2343) steps (0.0007 hrs) 0.00:0.00 24841 (74) sec
[322] Max 3760 (3484) steps (0.0010 hrs) 0.00:0.00 24917 (76) sec
[323] Max 3760 (2817) steps (0.0008 hrs) 0.00:0.00 24995 (78) sec
[324] Max 3760 (2112) steps (0.0006 hrs) 0.00:0.00 25071 (76) sec
[325] Max 3760 (3410) steps (0.0009 hrs) 0.00:0.00 25149 (78) sec
[326] Max 3760 (2548) steps (0.0007 hrs) 0.00:0.00 25225 (76) sec
[327] Max 3760 (2682) steps (0.0007 hrs) 0.00:0.00 25300 (75) sec
[328] Max 3760 (2880) steps (0.0008 hrs) 0.00:0.00 25376 (76) sec
[329] Max 3760 (1797) steps (0.0005 hrs) 0.00:0.00 25449 (73) sec
[330] Max 3760 (2690) steps (0.0007 hrs) 0.00:0.00 25526 (77) sec
[331] Max 3760 (2225) steps (0.0006 hrs) 0.00:0.00 25604 (78) sec
[332] Max 3760 (1962) steps (0.0005 hrs) 0.00:0.00 25679 (75) sec
[333] Max 3760 (2162) steps (0.0006 hrs) 0.00:0.00 25752 (73) sec
[334] Max 3760 (2229) steps (0.0006 hrs) 0.00:0.00 25827 (75) sec
[335] Max 3760 (2098) steps (0.0006 hrs) 0.00:0.00 25904 (77) sec
[336] Max 3760 (1916) steps (0.0005 hrs) 0.00:0.00 25979 (75) sec
[337] Max 3760 (1942) steps (0.0005 hrs) 0.00:0.00 26054 (75) sec
[338] Max 3760 (1828) steps (0.0005 hrs) 0.00:0.00 26127 (73) sec
[339] Max 3760 (2582) steps (0.0007 hrs) 0.00:0.00 26200 (73) sec
[340] Max 3760 (2466) steps (0.0007 hrs) 0.00:0.00 26276 (76) sec
[341] Max 3760 (2360) steps (0.0007 hrs) 0.00:0.00 26352 (76) sec
[342] Max 3760 (2145) steps (0.0006 hrs) 0.00:0.00 26427 (75) sec
[343] Max 3760 (3230) steps (0.0009 hrs) 0.00:0.00 26504 (77) sec
[344] Max 3760 (2089) steps (0.0006 hrs) 0.00:0.00 26580 (76) sec
[345] Max 3760 (2588) steps (0.0007 hrs) 0.00:0.00 26655 (75) sec
[346] Max 3760 (3587) steps (0.0010 hrs) 0.00:0.00 26729 (74) sec
[347] Max 3760 (1921) steps (0.0005 hrs) 0.00:0.00 26804 (75) sec
[348] Max 3760 (2399) steps (0.0007 hrs) 0.00:0.00 26880 (76) sec
[349] Max 3760 (2843) steps (0.0008 hrs) 0.00:0.00 26954 (74) sec
[350] Max 3760 (2406) steps (0.0007 hrs) 0.00:0.00 27031 (77) sec
[351] Max 5130 (5130) steps (0.0014 hrs) 0.00:0.00 27108 (77) sec
[352] Max 5130 (1863) steps (0.0005 hrs) 0.00:0.00 27185 (77) sec
[353] Max 5130 (1795) steps (0.0005 hrs) 0.00:0.00 27259 (74) sec
[354] Max 5130 (1859) steps (0.0005 hrs) 0.00:0.00 27333 (74) sec
[355] Max 5130 (1975) steps (0.0005 hrs) 0.00:0.00 27406 (73) sec
[356] Max 5130 (2436) steps (0.0007 hrs) 0.00:0.00 27483 (77) sec
[357] Max 5130 (2767) steps (0.0008 hrs) 0.00:0.00 27558 (75) sec
[358] Max 5130 (2214) steps (0.0006 hrs) 0.00:0.00 27634 (76) sec
[359] Max 5130 (2496) steps (0.0007 hrs) 0.00:0.00 27709 (75) sec
[360] Max 5130 (1873) steps (0.0005 hrs) 0.00:0.00 27783 (74) sec
[361] Max 5130 (1864) steps (0.0005 hrs) 0.00:0.00 27856 (73) sec
[362] Max 5130 (2066) steps (0.0006 hrs) 0.00:0.00 27931 (75) sec
[363] Max 5130 (2097) steps (0.0006 hrs) 0.00:0.00 28007 (76) sec
[364] Max 5130 (1954) steps (0.0005 hrs) 0.00:0.00 28080 (73) sec
[365] Max 5130 (2485) steps (0.0007 hrs) 0.00:0.00 28157 (77) sec
[366] Max 5130 (2002) steps (0.0006 hrs) 0.00:0.00 28231 (74) sec
[367] Max 5130 (1917) steps (0.0005 hrs) 0.00:0.00 28306 (75) sec
[368] Max 5130 (1794) steps (0.0005 hrs) 0.00:0.00 28383 (77) sec
[369] Max 5130 (2022) steps (0.0006 hrs) 0.00:0.00 28458 (75) sec
[370] Max 5130 (2014) steps (0.0006 hrs) 0.00:0.00 28535 (77) sec
[371] Max 5130 (2062) steps (0.0006 hrs) 0.00:0.00 28610 (75) sec
[372] Max 5130 (2897) steps (0.0008 hrs) 0.00:0.00 28687 (77) sec
[373] Max 5130 (2377) steps (0.0007 hrs) 0.00:0.00 28764 (77) sec
[374] Max 5130 (1970) steps (0.0005 hrs) 0.00:0.00 28840 (76) sec
[375] Max 5130 (2333) steps (0.0006 hrs) 0.00:0.00 28915 (75) sec
[376] Max 5130 (2236) steps (0.0006 hrs) 0.00:0.00 28989 (74) sec
[377] Max 5130 (2182) steps (0.0006 hrs) 0.00:0.00 29062 (73) sec
[378] Max 5130 (2204) steps (0.0006 hrs) 0.00:0.00 29139 (77) sec
[379] Max 5130 (2515) steps (0.0007 hrs) 0.00:0.00 29213 (74) sec
[380] Max 5130 (2110) steps (0.0006 hrs) 0.00:0.00 29291 (78) sec
[381] Max 5130 (2259) steps (0.0006 hrs) 0.00:0.00 29366 (75) sec
[382] Max 5130 (2512) steps (0.0007 hrs) 0.00:0.00 29440 (74) sec
[383] Max 5130 (2028) steps (0.0006 hrs) 0.00:0.00 29516 (76) sec
[384] Max 5130 (2465) steps (0.0007 hrs) 0.00:0.00 29591 (75) sec
[385] Max 5130 (2459) steps (0.0007 hrs) 0.00:0.00 29667 (76) sec
[386] Max 5130 (1921) steps (0.0005 hrs) 0.00:0.00 29742 (75) sec
[387] Max 5130 (2403) steps (0.0007 hrs) 0.00:0.00 29821 (79) sec
[388] Max 5130 (2484) steps (0.0007 hrs) 0.00:0.00 29899 (78) sec
[389] Max 5130 (2107) steps (0.0006 hrs) 0.00:0.00 29975 (76) sec
[390] Max 5130 (2332) steps (0.0006 hrs) 0.00:0.00 30051 (76) sec
[391] Max 5130 (2628) steps (0.0007 hrs) 0.00:0.00 30127 (76) sec
[392] Max 5130 (1913) steps (0.0005 hrs) 0.00:0.00 30203 (76) sec
[393] Max 5130 (1955) steps (0.0005 hrs) 0.00:0.00 30278 (75) sec
[394] Max 5130 (1997) steps (0.0006 hrs) 0.00:0.00 30354 (76) sec
[395] Max 5130 (2126) steps (0.0006 hrs) 0.00:0.00 30431 (77) sec
[396] Max 5130 (3052) steps (0.0008 hrs) 0.00:0.00 30506 (75) sec
[397] Max 5130 (2936) steps (0.0008 hrs) 0.00:0.00 30584 (78) sec
[398] Max 5130 (2279) steps (0.0006 hrs) 0.00:0.00 30660 (76) sec
[399] Max 5130 (2620) steps (0.0007 hrs) 0.00:0.00 30735 (75) sec
[400] Max 5130 (2202) steps (0.0006 hrs) 0.00:0.00 30811 (76) sec
[401] Max 5130 (2204) steps (0.0006 hrs) 0.00:0.00 30886 (75) sec
[402] Max 5130 (2119) steps (0.0006 hrs) 0.00:0.00 30962 (76) sec
[403] Max 5130 (2656) steps (0.0007 hrs) 0.00:0.00 31038 (76) sec
[404] Max 5130 (2162) steps (0.0006 hrs) 0.00:0.00 31113 (75) sec
[405] Max 5130 (2044) steps (0.0006 hrs) 0.00:0.00 31187 (74) sec
[406] Max 5130 (2057) steps (0.0006 hrs) 0.00:0.00 31263 (76) sec
[407] Max 5130 (2041) steps (0.0006 hrs) 0.00:0.00 31336 (73) sec
[408] Max 5130 (2020) steps (0.0006 hrs) 0.00:0.00 31413 (77) sec
[409] Max 5130 (2308) steps (0.0006 hrs) 0.00:0.00 31487 (74) sec
[410] Max 5130 (2771) steps (0.0008 hrs) 0.00:0.00 31563 (76) sec
[411] Max 5130 (1912) steps (0.0005 hrs) 0.00:0.00 31640 (77) sec
[412] Max 5130 (2253) steps (0.0006 hrs) 0.00:0.00 31716 (76) sec
[413] Max 5130 (2621) steps (0.0007 hrs) 0.00:0.00 31792 (76) sec
[414] Max 5130 (2248) steps (0.0006 hrs) 0.00:0.00 31865 (73) sec
[415] Max 5130 (2262) steps (0.0006 hrs) 0.00:0.00 31942 (77) sec
[416] Max 5130 (2052) steps (0.0006 hrs) 0.00:0.00 32016 (74) sec
[417] Max 5130 (1872) steps (0.0005 hrs) 0.00:0.00 32092 (76) sec
[418] Max 5130 (2410) steps (0.0007 hrs) 0.00:0.00 32168 (76) sec
[419] Max 5130 (2661) steps (0.0007 hrs) 0.00:0.00 32245 (77) sec
[420] Max 5130 (2773) steps (0.0008 hrs) 0.00:0.00 32321 (76) sec
[421] Max 5130 (1934) steps (0.0005 hrs) 0.00:0.00 32401 (80) sec
[422] Max 5130 (2220) steps (0.0006 hrs) 0.00:0.00 32478 (77) sec
[423] Max 5130 (1990) steps (0.0006 hrs) 0.00:0.00 32556 (78) sec
[424] Max 5130 (1763) steps (0.0005 hrs) 0.00:0.00 32631 (75) sec
[425] Max 5130 (2048) steps (0.0006 hrs) 0.00:0.00 32708 (77) sec
[426] Max 5130 (2127) steps (0.0006 hrs) 0.00:0.00 32786 (78) sec
[427] Max 5130 (2052) steps (0.0006 hrs) 0.00:0.00 32862 (76) sec
[428] Max 5130 (2069) steps (0.0006 hrs) 0.00:0.00 32938 (76) sec
[429] Max 5130 (2427) steps (0.0007 hrs) 0.00:0.00 33014 (76) sec
[430] Max 5130 (2200) steps (0.0006 hrs) 0.00:0.00 33089 (75) sec
[431] Max 5130 (2728) steps (0.0008 hrs) 0.00:0.00 33166 (77) sec
[432] Max 5130 (1944) steps (0.0005 hrs) 0.00:0.00 33242 (76) sec
[433] Max 5130 (2134) steps (0.0006 hrs) 0.00:0.00 33318 (76) sec
[434] Max 5130 (2100) steps (0.0006 hrs) 0.00:0.00 33395 (77) sec
[435] Max 5130 (2826) steps (0.0008 hrs) 0.00:0.00 33468 (73) sec
[436] Max 5130 (2635) steps (0.0007 hrs) 0.00:0.00 33546 (78) sec
[437] Max 5130 (2542) steps (0.0007 hrs) 0.00:0.00 33621 (75) sec
[438] Max 5130 (2232) steps (0.0006 hrs) 0.00:0.00 33698 (77) sec
[439] Max 5130 (2044) steps (0.0006 hrs) 0.00:0.00 33772 (74) sec
[440] Max 5130 (1999) steps (0.0006 hrs) 0.00:0.00 33848 (76) sec
[441] Max 5130 (2121) steps (0.0006 hrs) 0.00:0.00 33924 (76) sec
[442] Max 5130 (2339) steps (0.0006 hrs) 0.00:0.00 33998 (74) sec
[443] Max 5130 (1906) steps (0.0005 hrs) 0.00:0.00 34071 (73) sec
[444] Max 5130 (3230) steps (0.0009 hrs) 0.00:0.00 34146 (75) sec
[445] Max 5130 (1906) steps (0.0005 hrs) 0.00:0.00 34221 (75) sec
[446] Max 5130 (2511) steps (0.0007 hrs) 0.00:0.00 34298 (77) sec
[447] Max 5130 (2082) steps (0.0006 hrs) 0.00:0.00 34374 (76) sec
[448] Max 5130 (2355) steps (0.0007 hrs) 0.00:0.00 34449 (75) sec
[449] Max 5130 (2527) steps (0.0007 hrs) 0.00:0.00 34525 (76) sec
[450] Max 5130 (2160) steps (0.0006 hrs) 0.00:0.00 34601 (76) sec
[451] Max 5130 (2256) steps (0.0006 hrs) 0.00:0.00 34677 (76) sec
[452] Max 5130 (2424) steps (0.0007 hrs) 0.00:0.00 34754 (77) sec
[453] Max 5130 (2055) steps (0.0006 hrs) 0.00:0.00 34832 (78) sec
[454] Max 5130 (2134) steps (0.0006 hrs) 0.00:0.00 34907 (75) sec
[455] Max 5130 (2015) steps (0.0006 hrs) 0.00:0.00 34984 (77) sec
[456] Max 5130 (1916) steps (0.0005 hrs) 0.00:0.00 35060 (76) sec
[457] Max 5130 (2075) steps (0.0006 hrs) 0.00:0.00 35135 (75) sec
[458] Max 5130 (2045) steps (0.0006 hrs) 0.00:0.00 35213 (78) sec
[459] Max 5130 (2629) steps (0.0007 hrs) 0.00:0.00 35288 (75) sec
[460] Max 5130 (2328) steps (0.0006 hrs) 0.00:0.00 35363 (75) sec
[461] Max 5130 (1905) steps (0.0005 hrs) 0.00:0.00 35439 (76) sec
[462] Max 5130 (2269) steps (0.0006 hrs) 0.00:0.00 35510 (71) sec
[463] Max 5130 (2392) steps (0.0007 hrs) 0.00:0.00 35585 (75) sec
[464] Max 5130 (1985) steps (0.0006 hrs) 0.00:0.00 35662 (77) sec
[465] Max 5130 (2170) steps (0.0006 hrs) 0.00:0.00 35738 (76) sec
[466] Max 5130 (2217) steps (0.0006 hrs) 0.00:0.00 35817 (79) sec
[467] Max 5130 (1931) steps (0.0005 hrs) 0.00:0.00 35891 (74) sec
[468] Max 5130 (2577) steps (0.0007 hrs) 0.00:0.00 35968 (77) sec
[469] Max 5130 (2818) steps (0.0008 hrs) 0.00:0.00 36044 (76) sec
[470] Max 5130 (2010) steps (0.0006 hrs) 0.00:0.00 36119 (75) sec
[471] Max 5130 (2070) steps (0.0006 hrs) 0.00:0.00 36196 (77) sec
[472] Max 5130 (2420) steps (0.0007 hrs) 0.00:0.00 36273 (77) sec
[473] Max 5130 (2419) steps (0.0007 hrs) 0.00:0.00 36349 (76) sec
[474] Max 5130 (2207) steps (0.0006 hrs) 0.00:0.00 36426 (77) sec
[475] Max 5130 (1780) steps (0.0005 hrs) 0.00:0.00 36501 (75) sec
[476] Max 5130 (1953) steps (0.0005 hrs) 0.00:0.00 36573 (72) sec
[477] Max 5130 (2607) steps (0.0007 hrs) 0.00:0.00 36649 (76) sec
[478] Max 5130 (2727) steps (0.0008 hrs) 0.00:0.00 36726 (77) sec
[479] Max 5130 (2169) steps (0.0006 hrs) 0.00:0.00 36801 (75) sec
[480] Max 5130 (2498) steps (0.0007 hrs) 0.00:0.00 36877 (76) sec
[481] Max 5130 (2032) steps (0.0006 hrs) 0.00:0.00 36953 (76) sec
[482] Max 5130 (2209) steps (0.0006 hrs) 0.00:0.00 37028 (75) sec
[483] Max 5130 (2335) steps (0.0006 hrs) 0.00:0.00 37105 (77) sec
[484] Max 5130 (2474) steps (0.0007 hrs) 0.00:0.00 37179 (74) sec
[485] Max 5130 (2326) steps (0.0006 hrs) 0.00:0.00 37255 (76) sec
[486] Max 5130 (2765) steps (0.0008 hrs) 0.00:0.00 37330 (75) sec
[487] Max 5130 (3176) steps (0.0009 hrs) 0.00:0.00 37405 (75) sec
[488] Max 5130 (2109) steps (0.0006 hrs) 0.00:0.00 37481 (76) sec
[489] Max 5130 (2312) steps (0.0006 hrs) 0.00:0.00 37557 (76) sec
[490] Max 5130 (2319) steps (0.0006 hrs) 0.00:0.00 37633 (76) sec
[491] Max 5130 (1906) steps (0.0005 hrs) 0.00:0.00 37709 (76) sec
[492] Max 5130 (2032) steps (0.0006 hrs) 0.00:0.00 37787 (78) sec
[493] Max 5130 (2160) steps (0.0006 hrs) 0.00:0.00 37861 (74) sec
[494] Max 5130 (2150) steps (0.0006 hrs) 0.00:0.00 37937 (76) sec
[495] Max 5130 (1914) steps (0.0005 hrs) 0.00:0.00 38012 (75) sec
[496] Max 5130 (2409) steps (0.0007 hrs) 0.00:0.00 38089 (77) sec
[497] Max 5130 (2347) steps (0.0007 hrs) 0.00:0.00 38164 (75) sec
[498] Max 5130 (2138) steps (0.0006 hrs) 0.00:0.00 38239 (75) sec
[499] Max 5130 (2051) steps (0.0006 hrs) 0.00:0.00 38317 (78) sec
[500] Max 5130 (2351) steps (0.0007 hrs) 0.00:0.00 38393 (76) sec
[501] Max 5130 (2788) steps (0.0008 hrs) 0.00:0.00 38470 (77) sec
[502] Max 5130 (2370) steps (0.0007 hrs) 0.00:0.00 38546 (76) sec
[503] Max 5130 (2448) steps (0.0007 hrs) 0.00:0.00 38621 (75) sec
[504] Max 5130 (2312) steps (0.0006 hrs) 0.00:0.00 38696 (75) sec
[505] Max 5130 (1919) steps (0.0005 hrs) 0.00:0.00 38770 (74) sec
[506] Max 5130 (2316) steps (0.0006 hrs) 0.00:0.00 38843 (73) sec
[507] Max 5130 (2868) steps (0.0008 hrs) 0.00:0.00 38919 (76) sec
[508] Max 5130 (2025) steps (0.0006 hrs) 0.00:0.00 38991 (72) sec
[509] Max 5130 (2670) steps (0.0007 hrs) 0.00:0.00 39068 (77) sec
[510] Max 5130 (2111) steps (0.0006 hrs) 0.00:0.00 39142 (74) sec
[511] Max 5130 (3080) steps (0.0009 hrs) 0.00:0.00 39220 (78) sec
[512] Max 5130 (2367) steps (0.0007 hrs) 0.00:0.00 39296 (76) sec
[513] Max 5130 (2146) steps (0.0006 hrs) 0.00:0.00 39373 (77) sec
[514] Max 5130 (2117) steps (0.0006 hrs) 0.00:0.00 39448 (75) sec
[515] Max 5130 (1937) steps (0.0005 hrs) 0.00:0.00 39523 (75) sec
[516] Max 5130 (2525) steps (0.0007 hrs) 0.00:0.00 39602 (79) sec
[517] Max 5130 (2468) steps (0.0007 hrs) 0.00:0.00 39675 (73) sec
[518] Max 5130 (2160) steps (0.0006 hrs) 0.00:0.00 39749 (74) sec
[519] Max 5130 (1956) steps (0.0005 hrs) 0.00:0.00 39823 (74) sec
[520] Max 5130 (2847) steps (0.0008 hrs) 0.00:0.00 39898 (75) sec
[521] Max 5130 (2533) steps (0.0007 hrs) 0.00:0.00 39972 (74) sec
[522] Max 5130 (2156) steps (0.0006 hrs) 0.00:0.00 40048 (76) sec
[523] Max 5130 (2398) steps (0.0007 hrs) 0.00:0.00 40126 (78) sec
[524] Max 5130 (2069) steps (0.0006 hrs) 0.00:0.00 40202 (76) sec
[525] Max 5130 (2017) steps (0.0006 hrs) 0.00:0.00 40280 (78) sec
[526] Max 5130 (2459) steps (0.0007 hrs) 0.00:0.00 40357 (77) sec
[527] Max 5130 (2416) steps (0.0007 hrs) 0.00:0.00 40430 (73) sec
[528] Max 5130 (2373) steps (0.0007 hrs) 0.00:0.00 40507 (77) sec
[529] Max 5130 (1967) steps (0.0005 hrs) 0.00:0.00 40583 (76) sec
[530] Max 5130 (2546) steps (0.0007 hrs) 0.00:0.00 40659 (76) sec
[531] Max 5130 (2225) steps (0.0006 hrs) 0.00:0.00 40735 (76) sec
[532] Max 5130 (2457) steps (0.0007 hrs) 0.00:0.00 40809 (74) sec
[533] Max 5130 (2536) steps (0.0007 hrs) 0.00:0.00 40885 (76) sec
[534] Max 5130 (2486) steps (0.0007 hrs) 0.00:0.00 40962 (77) sec
[535] Max 5130 (2092) steps (0.0006 hrs) 0.00:0.00 41039 (77) sec
[536] Max 5130 (2587) steps (0.0007 hrs) 0.00:0.00 41113 (74) sec
[537] Max 5130 (2232) steps (0.0006 hrs) 0.00:0.00 41190 (77) sec
[538] Max 5130 (2160) steps (0.0006 hrs) 0.00:0.00 41266 (76) sec
[539] Max 5130 (2229) steps (0.0006 hrs) 0.00:0.00 41343 (77) sec
[540] Max 5130 (2110) steps (0.0006 hrs) 0.00:0.00 41419 (76) sec
[541] Max 5130 (1953) steps (0.0005 hrs) 0.00:0.00 41497 (78) sec
[542] Max 5130 (1953) steps (0.0005 hrs) 0.00:0.00 41573 (76) sec
[543] Max 5130 (1999) steps (0.0006 hrs) 0.00:0.00 41645 (72) sec
[544] Max 5130 (2475) steps (0.0007 hrs) 0.00:0.00 41723 (78) sec
[545] Max 5130 (1987) steps (0.0006 hrs) 0.00:0.00 41797 (74) sec
[546] Max 5130 (2219) steps (0.0006 hrs) 0.00:0.00 41872 (75) sec
[547] Max 5130 (2176) steps (0.0006 hrs) 0.00:0.00 41948 (76) sec
[548] Max 5130 (2271) steps (0.0006 hrs) 0.00:0.00 42025 (77) sec
[549] Max 5130 (2701) steps (0.0008 hrs) 0.00:0.00 42102 (77) sec
[550] Max 5130 (2219) steps (0.0006 hrs) 0.00:0.00 42178 (76) sec
[551] Max 5130 (2427) steps (0.0007 hrs) 0.00:0.00 42254 (76) sec
[552] Max 5130 (2099) steps (0.0006 hrs) 0.00:0.00 42329 (75) sec
[553] Max 5130 (1931) steps (0.0005 hrs) 0.00:0.00 42405 (76) sec
[554] Max 5130 (3745) steps (0.0010 hrs) 0.00:0.00 42482 (77) sec
[555] Max 5130 (2366) steps (0.0007 hrs) 0.00:0.00 42557 (75) sec
[556] Max 5130 (2946) steps (0.0008 hrs) 0.00:0.00 42632 (75) sec
[557] Max 5130 (2191) steps (0.0006 hrs) 0.00:0.00 42708 (76) sec
[558] Max 5130 (2163) steps (0.0006 hrs) 0.00:0.00 42785 (77) sec
[559] Max 5130 (2207) steps (0.0006 hrs) 0.00:0.00 42861 (76) sec
[560] Max 5130 (1767) steps (0.0005 hrs) 0.00:0.00 42935 (74) sec
[561] Max 5130 (4263) steps (0.0012 hrs) 0.00:0.00 43012 (77) sec
[562] Max 5130 (2036) steps (0.0006 hrs) 0.00:0.00 43089 (77) sec
[563] Max 5130 (1919) steps (0.0005 hrs) 0.00:0.00 43166 (77) sec
[564] Max 5130 (2062) steps (0.0006 hrs) 0.00:0.00 43242 (76) sec
[565] Max 5130 (4289) steps (0.0012 hrs) 0.00:0.00 43321 (79) sec
[566] Max 5130 (2238) steps (0.0006 hrs) 0.00:0.00 43396 (75) sec
[567] Max 5130 (2057) steps (0.0006 hrs) 0.00:0.00 43469 (73) sec
[568] Max 5130 (2942) steps (0.0008 hrs) 0.00:0.00 43548 (79) sec
[569] Max 5130 (2115) steps (0.0006 hrs) 0.00:0.00 43622 (74) sec
[570] Max 5130 (2206) steps (0.0006 hrs) 0.00:0.00 43698 (76) sec
[571] Max 5130 (1931) steps (0.0005 hrs) 0.00:0.00 43775 (77) sec
[572] Max 5130 (2373) steps (0.0007 hrs) 0.00:0.00 43851 (76) sec
[573] Max 5130 (2610) steps (0.0007 hrs) 0.00:0.00 43926 (75) sec
[574] Max 5130 (2357) steps (0.0007 hrs) 0.00:0.00 44000 (74) sec
[575] Max 5130 (2118) steps (0.0006 hrs) 0.00:0.00 44074 (74) sec
[576] Max 5130 (1982) steps (0.0006 hrs) 0.00:0.00 44151 (77) sec
[577] Max 5130 (2208) steps (0.0006 hrs) 0.00:0.00 44227 (76) sec
[578] Max 5130 (2243) steps (0.0006 hrs) 0.00:0.00 44303 (76) sec
[579] Max 5130 (1954) steps (0.0005 hrs) 0.00:0.00 44378 (75) sec
[580] Max 5130 (2467) steps (0.0007 hrs) 0.00:0.00 44455 (77) sec
[581] Max 5130 (2047) steps (0.0006 hrs) 0.00:0.00 44529 (74) sec
[582] Max 5130 (2312) steps (0.0006 hrs) 0.00:0.00 44606 (77) sec
[583] Max 5130 (2102) steps (0.0006 hrs) 0.00:0.00 44681 (75) sec
[584] Max 5130 (2517) steps (0.0007 hrs) 0.00:0.00 44755 (74) sec
[585] Max 5130 (2209) steps (0.0006 hrs) 0.00:0.00 44831 (76) sec
[586] Max 5130 (2644) steps (0.0007 hrs) 0.00:0.00 44908 (77) sec
[587] Max 5130 (2433) steps (0.0007 hrs) 0.00:0.00 44984 (76) sec
[588] Max 5130 (3209) steps (0.0009 hrs) 0.00:0.00 45058 (74) sec
[589] Max 5130 (2312) steps (0.0006 hrs) 0.00:0.00 45135 (77) sec
[590] Max 5130 (2329) steps (0.0006 hrs) 0.00:0.00 45213 (78) sec
[591] Max 5130 (2326) steps (0.0006 hrs) 0.00:0.00 45288 (75) sec
[592] Max 5130 (1869) steps (0.0005 hrs) 0.00:0.00 45362 (74) sec
[593] Max 5130 (2339) steps (0.0006 hrs) 0.00:0.00 45438 (76) sec
[594] Max 5130 (3240) steps (0.0009 hrs) 0.00:0.00 45515 (77) sec
[595] Max 5130 (2052) steps (0.0006 hrs) 0.00:0.00 45590 (75) sec
[596] Max 5130 (2419) steps (0.0007 hrs) 0.00:0.00 45665 (75) sec
[597] Max 5130 (1945) steps (0.0005 hrs) 0.00:0.00 45739 (74) sec
[598] Max 5130 (3582) steps (0.0010 hrs) 0.00:0.00 45815 (76) sec
[599] Max 5130 (2045) steps (0.0006 hrs) 0.00:0.00 45888 (73) sec
[600] Max 5130 (2246) steps (0.0006 hrs) 0.00:0.00 45965 (77) sec
[601] Max 5130 (2312) steps (0.0006 hrs) 0.00:0.00 46041 (76) sec
[602] Max 5130 (2896) steps (0.0008 hrs) 0.00:0.00 46116 (75) sec
[603] Max 5130 (2549) steps (0.0007 hrs) 0.00:0.00 46192 (76) sec
[604] Max 5130 (2259) steps (0.0006 hrs) 0.00:0.00 46268 (76) sec
[605] Max 5130 (2066) steps (0.0006 hrs) 0.00:0.00 46344 (76) sec
[606] Max 5130 (3436) steps (0.0010 hrs) 0.00:0.00 46417 (73) sec
[607] Max 5130 (3457) steps (0.0010 hrs) 0.00:0.00 46493 (76) sec
[608] Max 5130 (2428) steps (0.0007 hrs) 0.00:0.00 46569 (76) sec
[609] Max 5130 (2599) steps (0.0007 hrs) 0.00:0.00 46644 (75) sec
[610] Max 5130 (2007) steps (0.0006 hrs) 0.00:0.00 46717 (73) sec
[611] Max 5130 (2842) steps (0.0008 hrs) 0.00:0.00 46794 (77) sec
[612] Max 5130 (2265) steps (0.0006 hrs) 0.00:0.00 46871 (77) sec
[613] Max 5130 (2441) steps (0.0007 hrs) 0.00:0.00 46948 (77) sec
[614] Max 5130 (1944) steps (0.0005 hrs) 0.00:0.00 47020 (72) sec
[615] Max 5130 (2557) steps (0.0007 hrs) 0.00:0.00 47097 (77) sec
[616] Max 5130 (2140) steps (0.0006 hrs) 0.00:0.00 47171 (74) sec
[617] Max 5130 (3049) steps (0.0008 hrs) 0.00:0.00 47247 (76) sec
[618] Max 5130 (2314) steps (0.0006 hrs) 0.00:0.00 47323 (76) sec
[619] Max 5130 (2014) steps (0.0006 hrs) 0.00:0.00 47400 (77) sec
[620] Max 5130 (2483) steps (0.0007 hrs) 0.00:0.00 47477 (77) sec
[621] Max 5130 (2320) steps (0.0006 hrs) 0.00:0.00 47552 (75) sec
[622] Max 5130 (2451) steps (0.0007 hrs) 0.00:0.00 47627 (75) sec
[623] Max 5130 (2100) steps (0.0006 hrs) 0.00:0.00 47702 (75) sec
[624] Max 5130 (2113) steps (0.0006 hrs) 0.00:0.00 47777 (75) sec
[625] Max 5130 (1961) steps (0.0005 hrs) 0.00:0.00 47853 (76) sec
[626] Max 5130 (1816) steps (0.0005 hrs) 0.00:0.00 47925 (72) sec
[627] Max 5130 (1865) steps (0.0005 hrs) 0.00:0.00 48001 (76) sec
[628] Max 5130 (2825) steps (0.0008 hrs) 0.00:0.00 48077 (76) sec
[629] Max 5130 (2238) steps (0.0006 hrs) 0.00:0.00 48154 (77) sec
[630] Max 5130 (2376) steps (0.0007 hrs) 0.00:0.00 48230 (76) sec
[631] Max 5130 (2260) steps (0.0006 hrs) 0.00:0.00 48307 (77) sec
[632] Max 5130 (2205) steps (0.0006 hrs) 0.00:0.00 48383 (76) sec
[633] Max 5130 (1873) steps (0.0005 hrs) 0.00:0.00 48459 (76) sec
[634] Max 5130 (1906) steps (0.0005 hrs) 0.00:0.00 48536 (77) sec
[635] Max 5130 (1915) steps (0.0005 hrs) 0.00:0.00 48610 (74) sec
[636] Max 5130 (2318) steps (0.0006 hrs) 0.00:0.00 48685 (75) sec
[637] Max 5130 (2144) steps (0.0006 hrs) 0.00:0.00 48762 (77) sec
[638] Max 5130 (2062) steps (0.0006 hrs) 0.00:0.00 48839 (77) sec
[639] Max 5130 (2067) steps (0.0006 hrs) 0.00:0.00 48915 (76) sec
[640] Max 5130 (2365) steps (0.0007 hrs) 0.00:0.00 48989 (74) sec
[641] Max 5130 (2552) steps (0.0007 hrs) 0.00:0.00 49065 (76) sec
[642] Max 5130 (2087) steps (0.0006 hrs) 0.00:0.00 49143 (78) sec
[643] Max 5130 (2181) steps (0.0006 hrs) 0.00:0.00 49220 (77) sec
[644] Max 5130 (2790) steps (0.0008 hrs) 0.00:0.00 49293 (73) sec
[645] Max 5130 (2804) steps (0.0008 hrs) 0.00:0.00 49370 (77) sec
[646] Max 5130 (2030) steps (0.0006 hrs) 0.00:0.00 49451 (81) sec
[647] Max 5130 (2124) steps (0.0006 hrs) 0.00:0.00 49540 (89) sec
[648] Max 5130 (2344) steps (0.0007 hrs) 0.00:0.00 49635 (95) sec
[649] Max 5130 (2156) steps (0.0006 hrs) 0.00:0.00 49723 (88) sec
[650] Max 5130 (2189) steps (0.0006 hrs) 0.00:0.00 49799 (76) sec
[651] Max 5130 (2021) steps (0.0006 hrs) 0.00:0.00 49876 (77) sec
[652] Max 5130 (2176) steps (0.0006 hrs) 0.00:0.00 49952 (76) sec
[653] Max 5130 (2095) steps (0.0006 hrs) 0.00:0.00 50028 (76) sec
[654] Max 5130 (2273) steps (0.0006 hrs) 0.00:0.00 50102 (74) sec
[655] Max 5130 (1953) steps (0.0005 hrs) 0.00:0.00 50178 (76) sec
[656] Max 5130 (2516) steps (0.0007 hrs) 0.00:0.00 50254 (76) sec
[657] Max 5130 (1874) steps (0.0005 hrs) 0.00:0.00 50330 (76) sec
[658] Max 5130 (2277) steps (0.0006 hrs) 0.00:0.00 50406 (76) sec
[659] Max 5130 (2273) steps (0.0006 hrs) 0.00:0.00 50481 (75) sec
[660] Max 5130 (2029) steps (0.0006 hrs) 0.00:0.00 50557 (76) sec
[661] Max 5130 (2334) steps (0.0006 hrs) 0.00:0.00 50634 (77) sec
[662] Max 5130 (1872) steps (0.0005 hrs) 0.00:0.00 50711 (77) sec
[663] Max 5130 (2758) steps (0.0008 hrs) 0.00:0.00 50786 (75) sec
[664] Max 5130 (2135) steps (0.0006 hrs) 0.00:0.00 50863 (77) sec
[665] Max 5130 (2419) steps (0.0007 hrs) 0.00:0.00 50939 (76) sec
[666] Max 5130 (2087) steps (0.0006 hrs) 0.00:0.00 51015 (76) sec
[667] Max 5130 (2181) steps (0.0006 hrs) 0.00:0.00 51091 (76) sec
[668] Max 5130 (3167) steps (0.0009 hrs) 0.00:0.00 51169 (78) sec
[669] Max 5130 (2368) steps (0.0007 hrs) 0.00:0.00 51245 (76) sec
[670] Max 5130 (2255) steps (0.0006 hrs) 0.00:0.00 51318 (73) sec
[671] Max 5130 (2145) steps (0.0006 hrs) 0.00:0.00 51392 (74) sec
[672] Max 5130 (2284) steps (0.0006 hrs) 0.00:0.00 51469 (77) sec
[673] Max 5130 (2248) steps (0.0006 hrs) 0.00:0.00 51544 (75) sec
[674] Max 5130 (1937) steps (0.0005 hrs) 0.00:0.00 51620 (76) sec
[675] Max 5130 (1967) steps (0.0005 hrs) 0.00:0.00 51694 (74) sec
[676] Max 5130 (1900) steps (0.0005 hrs) 0.00:0.00 51769 (75) sec
[677] Max 5130 (3080) steps (0.0009 hrs) 0.00:0.00 51845 (76) sec
[678] Max 5130 (2006) steps (0.0006 hrs) 0.00:0.00 51920 (75) sec
[679] Max 5130 (2168) steps (0.0006 hrs) 0.00:0.00 51997 (77) sec
[680] Max 5130 (2240) steps (0.0006 hrs) 0.00:0.00 52073 (76) sec
[681] Max 5130 (2321) steps (0.0006 hrs) 0.00:0.00 52148 (75) sec
[682] Max 5130 (2181) steps (0.0006 hrs) 0.00:0.00 52223 (75) sec
[683] Max 5130 (2746) steps (0.0008 hrs) 0.00:0.00 52295 (72) sec
[684] Max 5130 (3058) steps (0.0008 hrs) 0.00:0.00 52373 (78) sec
[685] Max 5130 (2190) steps (0.0006 hrs) 0.00:0.00 52452 (79) sec
[686] Max 5130 (2170) steps (0.0006 hrs) 0.00:0.00 52531 (79) sec
[687] Max 5130 (2472) steps (0.0007 hrs) 0.00:0.00 52606 (75) sec
[688] Max 5130 (2461) steps (0.0007 hrs) 0.00:0.00 52681 (75) sec
[689] Max 5130 (1801) steps (0.0005 hrs) 0.00:0.00 52757 (76) sec
[690] Max 5130 (1814) steps (0.0005 hrs) 0.00:0.00 52832 (75) sec
[691] Max 5130 (2807) steps (0.0008 hrs) 0.00:0.00 52909 (77) sec
[692] Max 5130 (2388) steps (0.0007 hrs) 0.00:0.00 52986 (77) sec
[693] Max 5130 (1971) steps (0.0005 hrs) 0.00:0.00 53062 (76) sec
[694] Max 5130 (1881) steps (0.0005 hrs) 0.00:0.00 53136 (74) sec
[695] Max 5130 (2339) steps (0.0006 hrs) 0.00:0.00 53211 (75) sec
[696] Max 5130 (2720) steps (0.0008 hrs) 0.00:0.00 53285 (74) sec
[697] Max 5130 (1918) steps (0.0005 hrs) 0.00:0.00 53363 (78) sec
[698] Max 5130 (2017) steps (0.0006 hrs) 0.00:0.00 53440 (77) sec
[699] Max 5130 (2071) steps (0.0006 hrs) 0.00:0.00 53517 (77) sec
[700] Max 5130 (1902) steps (0.0005 hrs) 0.00:0.00 53591 (74) sec
[701] Max 5130 (3135) steps (0.0009 hrs) 0.00:0.00 53666 (75) sec
[702] Max 5130 (2753) steps (0.0008 hrs) 0.00:0.00 53743 (77) sec
[703] Max 5130 (3121) steps (0.0009 hrs) 0.00:0.00 53817 (74) sec
[704] Max 5130 (2094) steps (0.0006 hrs) 0.00:0.00 53893 (76) sec
[705] Max 5130 (2512) steps (0.0007 hrs) 0.00:0.00 53969 (76) sec
[706] Max 5130 (2318) steps (0.0006 hrs) 0.00:0.00 54043 (74) sec
[707] Max 5130 (2209) steps (0.0006 hrs) 0.00:0.00 54118 (75) sec
[708] Max 5130 (2477) steps (0.0007 hrs) 0.00:0.00 54194 (76) sec
[709] Max 5130 (1936) steps (0.0005 hrs) 0.00:0.00 54269 (75) sec
[710] Max 5130 (2426) steps (0.0007 hrs) 0.00:0.00 54347 (78) sec
[711] Max 5130 (2968) steps (0.0008 hrs) 0.00:0.00 54421 (74) sec
[712] Max 5130 (2003) steps (0.0006 hrs) 0.00:0.00 54499 (78) sec
[713] Max 5130 (2169) steps (0.0006 hrs) 0.00:0.00 54573 (74) sec
[714] Max 5130 (1909) steps (0.0005 hrs) 0.00:0.00 54648 (75) sec
[715] Max 5130 (2100) steps (0.0006 hrs) 0.00:0.00 54724 (76) sec
[716] Max 5130 (2370) steps (0.0007 hrs) 0.00:0.00 54799 (75) sec
[717] Max 5130 (2359) steps (0.0007 hrs) 0.00:0.00 54875 (76) sec
[718] Max 5130 (2276) steps (0.0006 hrs) 0.00:0.00 54951 (76) sec
[719] Max 5130 (2852) steps (0.0008 hrs) 0.00:0.00 55025 (74) sec
[720] Max 5130 (2068) steps (0.0006 hrs) 0.00:0.00 55100 (75) sec
[721] Max 5130 (2037) steps (0.0006 hrs) 0.00:0.00 55179 (79) sec
[722] Max 5130 (2719) steps (0.0008 hrs) 0.00:0.00 55255 (76) sec
[723] Max 5130 (1996) steps (0.0006 hrs) 0.00:0.00 55330 (75) sec
[724] Max 5130 (1990) steps (0.0006 hrs) 0.00:0.00 55406 (76) sec
[725] Max 5130 (2272) steps (0.0006 hrs) 0.00:0.00 55480 (74) sec
[726] Max 5130 (1845) steps (0.0005 hrs) 0.00:0.00 55554 (74) sec
[727] Max 5130 (2349) steps (0.0007 hrs) 0.00:0.00 55628 (74) sec
[728] Max 5130 (2026) steps (0.0006 hrs) 0.00:0.00 55706 (78) sec
[729] Max 5130 (1928) steps (0.0005 hrs) 0.00:0.00 55783 (77) sec
[730] Max 5130 (1920) steps (0.0005 hrs) 0.00:0.00 55858 (75) sec
[731] Max 5130 (2287) steps (0.0006 hrs) 0.00:0.00 55935 (77) sec
[732] Max 5130 (2718) steps (0.0008 hrs) 0.00:0.00 56012 (77) sec
[733] Max 5130 (2206) steps (0.0006 hrs) 0.00:0.00 56088 (76) sec
[734] Max 5130 (2357) steps (0.0007 hrs) 0.00:0.00 56164 (76) sec
[735] Max 5130 (2161) steps (0.0006 hrs) 0.00:0.00 56238 (74) sec
[736] Max 5130 (2164) steps (0.0006 hrs) 0.00:0.00 56313 (75) sec
[737] Max 5130 (2192) steps (0.0006 hrs) 0.00:0.00 56388 (75) sec
[738] Max 5130 (2245) steps (0.0006 hrs) 0.00:0.00 56465 (77) sec
[739] Max 5130 (2857) steps (0.0008 hrs) 0.00:0.00 56541 (76) sec
[740] Max 5130 (2105) steps (0.0006 hrs) 0.00:0.00 56614 (73) sec
[741] Max 5130 (1964) steps (0.0005 hrs) 0.00:0.00 56690 (76) sec
[742] Max 5130 (2473) steps (0.0007 hrs) 0.00:0.00 56766 (76) sec
[743] Max 5130 (2254) steps (0.0006 hrs) 0.00:0.00 56843 (77) sec
[744] Max 5130 (3322) steps (0.0009 hrs) 0.00:0.00 56920 (77) sec
[745] Max 5130 (1986) steps (0.0006 hrs) 0.00:0.00 56996 (76) sec
[746] Max 5130 (2108) steps (0.0006 hrs) 0.00:0.00 57071 (75) sec
[747] Max 5130 (2642) steps (0.0007 hrs) 0.00:0.00 57147 (76) sec
[748] Max 5130 (2077) steps (0.0006 hrs) 0.00:0.00 57224 (77) sec
[749] Max 5130 (1923) steps (0.0005 hrs) 0.00:0.00 57300 (76) sec
[750] Max 5130 (2000) steps (0.0006 hrs) 0.00:0.00 57375 (75) sec
[751] Max 5130 (2055) steps (0.0006 hrs) 0.00:0.00 57453 (78) sec
[752] Max 5130 (1755) steps (0.0005 hrs) 0.00:0.00 57529 (76) sec
[753] Max 5130 (1929) steps (0.0005 hrs) 0.00:0.00 57606 (77) sec
[754] Max 5130 (2242) steps (0.0006 hrs) 0.00:0.00 57685 (79) sec
[755] Max 5130 (2395) steps (0.0007 hrs) 0.00:0.00 57761 (76) sec
[756] Max 5130 (2168) steps (0.0006 hrs) 0.00:0.00 57835 (74) sec
[757] Max 5130 (2220) steps (0.0006 hrs) 0.00:0.00 57910 (75) sec
[758] Max 5130 (2656) steps (0.0007 hrs) 0.00:0.00 57987 (77) sec
[759] Max 5130 (2299) steps (0.0006 hrs) 0.00:0.00 58061 (74) sec
[760] Max 5130 (2161) steps (0.0006 hrs) 0.00:0.00 58134 (73) sec
[761] Max 5130 (2085) steps (0.0006 hrs) 0.00:0.00 58208 (74) sec
[762] Max 5130 (2219) steps (0.0006 hrs) 0.00:0.00 58285 (77) sec
[763] Max 5130 (2570) steps (0.0007 hrs) 0.00:0.00 58362 (77) sec
[764] Max 5130 (2070) steps (0.0006 hrs) 0.00:0.00 58438 (76) sec
[765] Max 5130 (2182) steps (0.0006 hrs) 0.00:0.00 58513 (75) sec
[766] Max 5130 (2115) steps (0.0006 hrs) 0.00:0.00 58588 (75) sec
[767] Max 5130 (2187) steps (0.0006 hrs) 0.00:0.00 58663 (75) sec
[768] Max 5130 (2148) steps (0.0006 hrs) 0.00:0.00 58741 (78) sec
[769] Max 5130 (2346) steps (0.0007 hrs) 0.00:0.00 58816 (75) sec
[770] Max 5130 (2098) steps (0.0006 hrs) 0.00:0.00 58892 (76) sec
[771] Max 5130 (1973) steps (0.0005 hrs) 0.00:0.00 58965 (73) sec
[772] Max 5130 (2130) steps (0.0006 hrs) 0.00:0.00 59039 (74) sec
[773] Max 5130 (2836) steps (0.0008 hrs) 0.00:0.00 59116 (77) sec
[774] Max 5130 (2214) steps (0.0006 hrs) 0.00:0.00 59192 (76) sec
[775] Max 5130 (2232) steps (0.0006 hrs) 0.00:0.00 59267 (75) sec
[776] Max 5130 (2031) steps (0.0006 hrs) 0.00:0.00 59342 (75) sec
[777] Max 5130 (2307) steps (0.0006 hrs) 0.00:0.00 59417 (75) sec
[778] Max 5130 (2549) steps (0.0007 hrs) 0.00:0.00 59491 (74) sec
[779] Max 5130 (2248) steps (0.0006 hrs) 0.00:0.00 59568 (77) sec
[780] Max 5130 (2200) steps (0.0006 hrs) 0.00:0.00 59644 (76) sec
[781] Max 5130 (2402) steps (0.0007 hrs) 0.00:0.00 59718 (74) sec
[782] Max 5130 (2015) steps (0.0006 hrs) 0.00:0.00 59793 (75) sec
[783] Max 5130 (2193) steps (0.0006 hrs) 0.00:0.00 59869 (76) sec
[784] Max 5130 (1961) steps (0.0005 hrs) 0.00:0.00 59942 (73) sec
[785] Max 5130 (1988) steps (0.0006 hrs) 0.00:0.00 60016 (74) sec
[786] Max 5130 (2047) steps (0.0006 hrs) 0.00:0.00 60089 (73) sec
[787] Max 5130 (2159) steps (0.0006 hrs) 0.00:0.00 60164 (75) sec
[788] Max 5130 (2112) steps (0.0006 hrs) 0.00:0.00 60241 (77) sec
[789] Max 5130 (2446) steps (0.0007 hrs) 0.00:0.00 60318 (77) sec
[790] Max 5130 (2290) steps (0.0006 hrs) 0.00:0.00 60393 (75) sec
[791] Max 5130 (2136) steps (0.0006 hrs) 0.00:0.00 60467 (74) sec
[792] Max 5130 (2039) steps (0.0006 hrs) 0.00:0.00 60543 (76) sec
[793] Max 5130 (2101) steps (0.0006 hrs) 0.00:0.00 60620 (77) sec
[794] Max 5130 (2710) steps (0.0008 hrs) 0.00:0.00 60696 (76) sec
[795] Max 5130 (2750) steps (0.0008 hrs) 0.00:0.00 60772 (76) sec
[796] Max 5130 (2287) steps (0.0006 hrs) 0.00:0.00 60847 (75) sec
[797] Max 5130 (2044) steps (0.0006 hrs) 0.00:0.00 60925 (78) sec
[798] Max 5130 (1873) steps (0.0005 hrs) 0.00:0.00 61002 (77) sec
[799] Max 5130 (1982) steps (0.0006 hrs) 0.00:0.00 61077 (75) sec
[800] Max 5130 (1997) steps (0.0006 hrs) 0.00:0.00 61150 (73) sec
[801] Max 5130 (1849) steps (0.0005 hrs) 0.00:0.00 61223 (73) sec
[802] Max 5130 (2280) steps (0.0006 hrs) 0.00:0.00 61298 (75) sec
[803] Max 5130 (2419) steps (0.0007 hrs) 0.00:0.00 61374 (76) sec
[804] Max 5130 (2543) steps (0.0007 hrs) 0.00:0.00 61448 (74) sec
[805] Max 5130 (2576) steps (0.0007 hrs) 0.00:0.00 61524 (76) sec
[806] Max 5130 (1882) steps (0.0005 hrs) 0.00:0.00 61598 (74) sec
[807] Max 5130 (2084) steps (0.0006 hrs) 0.00:0.00 61672 (74) sec
[808] Max 5130 (2451) steps (0.0007 hrs) 0.00:0.00 61748 (76) sec
[809] Max 5130 (2482) steps (0.0007 hrs) 0.00:0.00 61821 (73) sec
[810] Max 5130 (2135) steps (0.0006 hrs) 0.00:0.00 61894 (73) sec
[811] Max 5130 (2159) steps (0.0006 hrs) 0.00:0.00 61969 (75) sec
[812] Max 5130 (2285) steps (0.0006 hrs) 0.00:0.00 62046 (77) sec
[813] Max 5130 (2896) steps (0.0008 hrs) 0.00:0.00 62123 (77) sec
[814] Max 5130 (1793) steps (0.0005 hrs) 0.00:0.00 62198 (75) sec
[815] Max 5130 (2470) steps (0.0007 hrs) 0.00:0.00 62275 (77) sec
[816] Max 5130 (2988) steps (0.0008 hrs) 0.00:0.00 62350 (75) sec
[817] Max 5130 (2357) steps (0.0007 hrs) 0.00:0.00 62427 (77) sec
[818] Max 5130 (2076) steps (0.0006 hrs) 0.00:0.00 62502 (75) sec
[819] Max 5130 (2455) steps (0.0007 hrs) 0.00:0.00 62577 (75) sec
[820] Max 5130 (2447) steps (0.0007 hrs) 0.00:0.00 62653 (76) sec
[821] Max 5130 (2304) steps (0.0006 hrs) 0.00:0.00 62728 (75) sec
[822] Max 5130 (2039) steps (0.0006 hrs) 0.00:0.00 62803 (75) sec
[823] Max 5130 (4376) steps (0.0012 hrs) 0.00:0.00 62879 (76) sec
[824] Max 5130 (3811) steps (0.0011 hrs) 0.00:0.00 62953 (74) sec
[825] Max 5130 (2306) steps (0.0006 hrs) 0.00:0.00 63029 (76) sec
[826] Max 5130 (2182) steps (0.0006 hrs) 0.00:0.00 63104 (75) sec
[827] Max 5130 (2677) steps (0.0007 hrs) 0.00:0.00 63178 (74) sec
[828] Max 5130 (2544) steps (0.0007 hrs) 0.00:0.00 63255 (77) sec
[829] Max 5130 (2070) steps (0.0006 hrs) 0.00:0.00 63331 (76) sec
[830] Max 5130 (3235) steps (0.0009 hrs) 0.00:0.00 63407 (76) sec
[831] Max 5130 (2457) steps (0.0007 hrs) 0.00:0.00 63482 (75) sec
[832] Max 5130 (1975) steps (0.0005 hrs) 0.00:0.00 63558 (76) sec
[833] Max 5130 (2062) steps (0.0006 hrs) 0.00:0.00 63634 (76) sec
[834] Max 5130 (2524) steps (0.0007 hrs) 0.00:0.00 63710 (76) sec
[835] Max 5130 (2040) steps (0.0006 hrs) 0.00:0.00 63786 (76) sec
[836] Max 5130 (2498) steps (0.0007 hrs) 0.00:0.00 63861 (75) sec
[837] Max 5130 (2424) steps (0.0007 hrs) 0.00:0.00 63936 (75) sec
[838] Max 5130 (2610) steps (0.0007 hrs) 0.00:0.00 64011 (75) sec
[839] Max 5130 (1915) steps (0.0005 hrs) 0.00:0.00 64086 (75) sec
[840] Max 5130 (2340) steps (0.0007 hrs) 0.00:0.00 64160 (74) sec
[841] Max 5130 (2507) steps (0.0007 hrs) 0.00:0.00 64236 (76) sec
[842] Max 5130 (2060) steps (0.0006 hrs) 0.00:0.00 64309 (73) sec
[843] Max 5130 (1972) steps (0.0005 hrs) 0.00:0.00 64386 (77) sec
[844] Max 5130 (4139) steps (0.0011 hrs) 0.00:0.00 64460 (74) sec
[845] Max 5130 (2321) steps (0.0006 hrs) 0.00:0.00 64536 (76) sec
[846] Max 5130 (2288) steps (0.0006 hrs) 0.00:0.00 64612 (76) sec
[847] Max 5130 (2411) steps (0.0007 hrs) 0.00:0.00 64688 (76) sec
[848] Max 5130 (1924) steps (0.0005 hrs) 0.00:0.00 64764 (76) sec
[849] Max 5130 (2183) steps (0.0006 hrs) 0.00:0.00 64841 (77) sec
[850] Max 5130 (2089) steps (0.0006 hrs) 0.00:0.00 64917 (76) sec
[851] Max 5130 (1926) steps (0.0005 hrs) 0.00:0.00 64993 (76) sec
[852] Max 5130 (2511) steps (0.0007 hrs) 0.00:0.00 65071 (78) sec
[853] Max 5130 (2158) steps (0.0006 hrs) 0.00:0.00 65147 (76) sec
[854] Max 5130 (2476) steps (0.0007 hrs) 0.00:0.00 65225 (78) sec
[855] Max 5130 (2213) steps (0.0006 hrs) 0.00:0.00 65300 (75) sec
[856] Max 5130 (2041) steps (0.0006 hrs) 0.00:0.00 65374 (74) sec
[857] Max 5130 (2177) steps (0.0006 hrs) 0.00:0.00 65451 (77) sec
[858] Max 5130 (2052) steps (0.0006 hrs) 0.00:0.00 65526 (75) sec
[859] Max 5130 (2497) steps (0.0007 hrs) 0.00:0.00 65603 (77) sec
[860] Max 5130 (2297) steps (0.0006 hrs) 0.00:0.00 65678 (75) sec
[861] Max 5130 (2669) steps (0.0007 hrs) 0.00:0.00 65755 (77) sec
[862] Max 5130 (2507) steps (0.0007 hrs) 0.00:0.00 65832 (77) sec
[863] Max 5130 (2291) steps (0.0006 hrs) 0.00:0.00 65909 (77) sec
[864] Max 5130 (2685) steps (0.0007 hrs) 0.00:0.00 65987 (78) sec
[865] Max 5130 (2778) steps (0.0008 hrs) 0.00:0.00 66062 (75) sec
[866] Max 5130 (2354) steps (0.0007 hrs) 0.00:0.00 66138 (76) sec
[867] Max 5130 (2119) steps (0.0006 hrs) 0.00:0.00 66210 (72) sec
[868] Max 5130 (2292) steps (0.0006 hrs) 0.00:0.00 66286 (76) sec
[869] Max 5130 (2304) steps (0.0006 hrs) 0.00:0.00 66362 (76) sec
[870] Max 5130 (2276) steps (0.0006 hrs) 0.00:0.00 66438 (76) sec
[871] Max 5130 (1950) steps (0.0005 hrs) 0.00:0.00 66516 (78) sec
[872] Max 5130 (2991) steps (0.0008 hrs) 0.00:0.00 66593 (77) sec
[873] Max 5130 (2652) steps (0.0007 hrs) 0.00:0.00 66667 (74) sec
[874] Max 5130 (2535) steps (0.0007 hrs) 0.00:0.00 66743 (76) sec
[875] Max 5130 (2509) steps (0.0007 hrs) 0.00:0.00 66821 (78) sec
[876] Max 5130 (2223) steps (0.0006 hrs) 0.00:0.00 66897 (76) sec
[877] Max 5130 (1941) steps (0.0005 hrs) 0.00:0.00 66973 (76) sec
[878] Max 5130 (3415) steps (0.0009 hrs) 0.00:0.00 67049 (76) sec
[879] Max 5130 (2744) steps (0.0008 hrs) 0.00:0.00 67126 (77) sec
[880] Max 5130 (2387) steps (0.0007 hrs) 0.00:0.00 67203 (77) sec
[881] Max 5130 (1787) steps (0.0005 hrs) 0.00:0.00 67276 (73) sec
[882] Max 5130 (2300) steps (0.0006 hrs) 0.00:0.00 67353 (77) sec
[883] Max 5130 (1896) steps (0.0005 hrs) 0.00:0.00 67428 (75) sec
[884] Max 5130 (1973) steps (0.0005 hrs) 0.00:0.00 67504 (76) sec
[885] Max 5130 (1997) steps (0.0006 hrs) 0.00:0.00 67583 (79) sec
[886] Max 5130 (2235) steps (0.0006 hrs) 0.00:0.00 67661 (78) sec
[887] Max 5130 (2500) steps (0.0007 hrs) 0.00:0.00 67735 (74) sec
[888] Max 5130 (2431) steps (0.0007 hrs) 0.00:0.00 67811 (76) sec
[889] Max 5130 (2348) steps (0.0007 hrs) 0.00:0.00 67888 (77) sec
[890] Max 5130 (2542) steps (0.0007 hrs) 0.00:0.00 67965 (77) sec
[891] Max 5130 (2042) steps (0.0006 hrs) 0.00:0.00 68040 (75) sec
[892] Max 5130 (2223) steps (0.0006 hrs) 0.00:0.00 68113 (73) sec
[893] Max 5130 (2297) steps (0.0006 hrs) 0.00:0.00 68190 (77) sec
[894] Max 5130 (2067) steps (0.0006 hrs) 0.00:0.00 68265 (75) sec
[895] Max 5130 (2125) steps (0.0006 hrs) 0.00:0.00 68341 (76) sec
[896] Max 5130 (2347) steps (0.0007 hrs) 0.00:0.00 68418 (77) sec
[897] Max 5130 (2178) steps (0.0006 hrs) 0.00:0.00 68495 (77) sec
[898] Max 5130 (2317) steps (0.0006 hrs) 0.00:0.00 68569 (74) sec
[899] Max 5130 (2276) steps (0.0006 hrs) 0.00:0.00 68646 (77) sec
[900] Max 5130 (2309) steps (0.0006 hrs) 0.00:0.00 68723 (77) sec
[901] Max 5130 (2803) steps (0.0008 hrs) 0.00:0.00 68799 (76) sec
[902] Max 5130 (2282) steps (0.0006 hrs) 0.00:0.00 68875 (76) sec
[903] Max 5130 (2601) steps (0.0007 hrs) 0.00:0.00 68950 (75) sec
[904] Max 5130 (2342) steps (0.0007 hrs) 0.00:0.00 69025 (75) sec
[905] Max 5130 (2138) steps (0.0006 hrs) 0.00:0.00 69099 (74) sec
[906] Max 5130 (2238) steps (0.0006 hrs) 0.00:0.00 69176 (77) sec
[907] Max 5130 (2175) steps (0.0006 hrs) 0.00:0.00 69250 (74) sec
[908] Max 5130 (2418) steps (0.0007 hrs) 0.00:0.00 69328 (78) sec
[909] Max 5130 (1875) steps (0.0005 hrs) 0.00:0.00 69403 (75) sec
[910] Max 5130 (2207) steps (0.0006 hrs) 0.00:0.00 69480 (77) sec
[911] Max 5130 (1906) steps (0.0005 hrs) 0.00:0.00 69554 (74) sec
[912] Max 5130 (2310) steps (0.0006 hrs) 0.00:0.00 69632 (78) sec
[913] Max 5130 (2302) steps (0.0006 hrs) 0.00:0.00 69708 (76) sec
[914] Max 5130 (2449) steps (0.0007 hrs) 0.00:0.00 69783 (75) sec
[915] Max 5130 (1932) steps (0.0005 hrs) 0.00:0.00 69857 (74) sec
[916] Max 5130 (2054) steps (0.0006 hrs) 0.00:0.00 69930 (73) sec
[917] Max 5130 (1912) steps (0.0005 hrs) 0.00:0.00 70006 (76) sec
[918] Max 5130 (2554) steps (0.0007 hrs) 0.00:0.00 70083 (77) sec
[919] Max 5130 (2583) steps (0.0007 hrs) 0.00:0.00 70158 (75) sec
[920] Max 5130 (2532) steps (0.0007 hrs) 0.00:0.00 70236 (78) sec
[921] Max 5130 (2448) steps (0.0007 hrs) 0.00:0.00 70311 (75) sec
[922] Max 5130 (2492) steps (0.0007 hrs) 0.00:0.00 70388 (77) sec
[923] Max 5130 (2337) steps (0.0006 hrs) 0.00:0.00 70464 (76) sec
[924] Max 5130 (2141) steps (0.0006 hrs) 0.00:0.00 70541 (77) sec
[925] Max 5130 (2153) steps (0.0006 hrs) 0.00:0.00 70615 (74) sec
[926] Max 5130 (1975) steps (0.0005 hrs) 0.00:0.00 70689 (74) sec
[927] Max 5130 (2293) steps (0.0006 hrs) 0.00:0.00 70766 (77) sec
[928] Max 5130 (2713) steps (0.0008 hrs) 0.00:0.00 70841 (75) sec
[929] Max 5130 (2291) steps (0.0006 hrs) 0.00:0.00 70917 (76) sec
[930] Max 5130 (2252) steps (0.0006 hrs) 0.00:0.00 70992 (75) sec
[931] Max 5130 (1880) steps (0.0005 hrs) 0.00:0.00 71064 (72) sec
[932] Max 5130 (2231) steps (0.0006 hrs) 0.00:0.00 71138 (74) sec
[933] Max 5130 (2836) steps (0.0008 hrs) 0.00:0.00 71215 (77) sec
[934] Max 5130 (2225) steps (0.0006 hrs) 0.00:0.00 71292 (77) sec
[935] Max 5130 (2388) steps (0.0007 hrs) 0.00:0.00 71368 (76) sec
[936] Max 5130 (2029) steps (0.0006 hrs) 0.00:0.00 71443 (75) sec
[937] Max 5130 (1901) steps (0.0005 hrs) 0.00:0.00 71518 (75) sec
[938] Max 5130 (2085) steps (0.0006 hrs) 0.00:0.00 71593 (75) sec
[939] Max 5130 (2047) steps (0.0006 hrs) 0.00:0.00 71670 (77) sec
[940] Max 5130 (2339) steps (0.0006 hrs) 0.00:0.00 71746 (76) sec
[941] Max 5130 (3093) steps (0.0009 hrs) 0.00:0.00 71822 (76) sec
[942] Max 5130 (2004) steps (0.0006 hrs) 0.00:0.00 71899 (77) sec
[943] Max 5130 (2249) steps (0.0006 hrs) 0.00:0.00 71975 (76) sec
[944] Max 5130 (2718) steps (0.0008 hrs) 0.00:0.00 72051 (76) sec
[945] Max 5130 (3473) steps (0.0010 hrs) 0.00:0.00 72126 (75) sec
[946] Max 5130 (2015) steps (0.0006 hrs) 0.00:0.00 72200 (74) sec
[947] Max 5130 (2224) steps (0.0006 hrs) 0.00:0.00 72277 (77) sec
[948] Max 5130 (2259) steps (0.0006 hrs) 0.00:0.00 72352 (75) sec
[949] Max 5130 (2022) steps (0.0006 hrs) 0.00:0.00 72427 (75) sec
[950] Max 5130 (2293) steps (0.0006 hrs) 0.00:0.00 72503 (76) sec
[951] Max 5130 (2899) steps (0.0008 hrs) 0.00:0.00 72581 (78) sec
[952] Max 5130 (1950) steps (0.0005 hrs) 0.00:0.00 72657 (76) sec
[953] Max 5130 (2532) steps (0.0007 hrs) 0.00:0.00 72731 (74) sec
[954] Max 5130 (2263) steps (0.0006 hrs) 0.00:0.00 72809 (78) sec
[955] Max 5130 (2100) steps (0.0006 hrs) 0.00:0.00 72883 (74) sec
[956] Max 5130 (2094) steps (0.0006 hrs) 0.00:0.00 72960 (77) sec
[957] Max 5130 (2365) steps (0.0007 hrs) 0.00:0.00 73036 (76) sec
[958] Max 5130 (2137) steps (0.0006 hrs) 0.00:0.00 73112 (76) sec
[959] Max 5130 (2272) steps (0.0006 hrs) 0.00:0.00 73188 (76) sec
[960] Max 5130 (2175) steps (0.0006 hrs) 0.00:0.00 73263 (75) sec
[961] Max 5130 (2481) steps (0.0007 hrs) 0.00:0.00 73338 (75) sec
[962] Max 5130 (2134) steps (0.0006 hrs) 0.00:0.00 73413 (75) sec
[963] Max 5130 (1965) steps (0.0005 hrs) 0.00:0.00 73490 (77) sec
[964] Max 5130 (2155) steps (0.0006 hrs) 0.00:0.00 73566 (76) sec
[965] Max 5130 (2389) steps (0.0007 hrs) 0.00:0.00 73642 (76) sec
[966] Max 5130 (2526) steps (0.0007 hrs) 0.00:0.00 73714 (72) sec
[967] Max 5130 (2137) steps (0.0006 hrs) 0.00:0.00 73790 (76) sec
[968] Max 5130 (2056) steps (0.0006 hrs) 0.00:0.00 73865 (75) sec
[969] Max 5130 (1953) steps (0.0005 hrs) 0.00:0.00 73940 (75) sec
[970] Max 5130 (2216) steps (0.0006 hrs) 0.00:0.00 74012 (72) sec
[971] Max 5130 (2505) steps (0.0007 hrs) 0.00:0.00 74088 (76) sec
[972] Max 5130 (2145) steps (0.0006 hrs) 0.00:0.00 74166 (78) sec
[973] Max 5130 (1909) steps (0.0005 hrs) 0.00:0.00 74240 (74) sec
[974] Max 5130 (2103) steps (0.0006 hrs) 0.00:0.00 74316 (76) sec
[975] Max 5130 (2069) steps (0.0006 hrs) 0.00:0.00 74393 (77) sec
[976] Max 5130 (1972) steps (0.0005 hrs) 0.00:0.00 74468 (75) sec
[977] Max 5130 (2554) steps (0.0007 hrs) 0.00:0.00 74546 (78) sec
[978] Max 5130 (2335) steps (0.0006 hrs) 0.00:0.00 74621 (75) sec
[979] Max 5130 (2472) steps (0.0007 hrs) 0.00:0.00 74697 (76) sec
[980] Max 5130 (2638) steps (0.0007 hrs) 0.00:0.00 74772 (75) sec
[981] Max 5130 (2107) steps (0.0006 hrs) 0.00:0.00 74847 (75) sec
[982] Max 5130 (3059) steps (0.0008 hrs) 0.00:0.00 74924 (77) sec
[983] Max 5130 (2318) steps (0.0006 hrs) 0.00:0.00 74999 (75) sec
[984] Max 5130 (2228) steps (0.0006 hrs) 0.00:0.00 75077 (78) sec
[985] Max 5130 (2665) steps (0.0007 hrs) 0.00:0.00 75154 (77) sec
[986] Max 5130 (2123) steps (0.0006 hrs) 0.00:0.00 75230 (76) sec
[987] Max 5130 (2320) steps (0.0006 hrs) 0.00:0.00 75306 (76) sec
[988] Max 5130 (2220) steps (0.0006 hrs) 0.00:0.00 75381 (75) sec
[989] Max 5130 (1935) steps (0.0005 hrs) 0.00:0.00 75455 (74) sec
[990] Max 5130 (2320) steps (0.0006 hrs) 0.00:0.00 75533 (78) sec
[991] Max 5130 (2073) steps (0.0006 hrs) 0.00:0.00 75608 (75) sec
[992] Max 5130 (2383) steps (0.0007 hrs) 0.00:0.00 75684 (76) sec
[993] Max 5130 (2521) steps (0.0007 hrs) 0.00:0.00 75762 (78) sec
[994] Max 5130 (1916) steps (0.0005 hrs) 0.00:0.00 75837 (75) sec
[995] Max 5130 (2777) steps (0.0008 hrs) 0.00:0.00 75913 (76) sec
[996] Max 6520 (6520) steps (0.0018 hrs) 0.00:0.00 76000 (87) sec
[997] Max 6520 (1826) steps (0.0005 hrs) 0.00:0.00 76074 (74) sec
[998] Max 6520 (2107) steps (0.0006 hrs) 0.00:0.00 76150 (76) sec
[999] Max 6520 (2331) steps (0.0006 hrs) 0.00:0.00 76226 (76) sec
[1000] Max 6520 (2157) steps (0.0006 hrs) 0.00:0.00 76301 (75) sec
Total Elapsed time: 76301 seconds
Wrote current data to latest.train
