balanced 0 test_flag 0
[1] Ep10000: Max 2256 (2256) steps (0.0006 hrs) -nan:-nan 161 (161) sec
[2] Ep10000: Max 2256 (2071) steps (0.0006 hrs) -nan:-nan 339 (178) sec
[3] Ep10000: Max 2256 (696) steps (0.0002 hrs) -nan:-nan 388 (49) sec
[4] Ep10000: Max 2256 (1998) steps (0.0006 hrs) -nan:-nan 556 (168) sec
[5] Ep10000: Max 2256 (1992) steps (0.0006 hrs) -nan:-nan 713 (157) sec
[6] Ep10000: Max 2256 (2187) steps (0.0006 hrs) -nan:-nan 898 (185) sec
[7] Ep10000: Max 2256 (1984) steps (0.0006 hrs) -nan:-nan 1074 (176) sec
[8] Ep10000: Max 2256 (938) steps (0.0003 hrs) -nan:-nan 1187 (113) sec
[9] Ep10000: Max 2256 (2083) steps (0.0006 hrs) -nan:-nan 1359 (172) sec
[10] Ep10000: Max 2928 (2928) steps (0.0008 hrs) -nan:-nan 1514 (155) sec
[11] Ep10000: Max 2928 (2287) steps (0.0006 hrs) -nan:-nan 1687 (173) sec
[12] Ep10000: Max 2928 (967) steps (0.0003 hrs) -nan:-nan 1807 (120) sec
[13] Ep10000: Max 2928 (2417) steps (0.0007 hrs) -nan:-nan 2026 (219) sec
[14] Ep10000: Max 2928 (2928) steps (0.0008 hrs) -nan:-nan 2152 (126) sec
[15] Ep10000: Max 2928 (2411) steps (0.0007 hrs) -nan:-nan 2339 (187) sec
[16] Ep10000: Max 2928 (2405) steps (0.0007 hrs) -nan:-nan 2490 (151) sec
[17] Ep10000: Max 2928 (2437) steps (0.0007 hrs) -nan:-nan 2560 (70) sec
[18] Ep10000: Max 2928 (2443) steps (0.0007 hrs) -nan:-nan 2614 (54) sec
[19] Ep10000: Max 2928 (2158) steps (0.0006 hrs) -nan:-nan 2671 (57) sec
[20] Ep10000: Max 2928 (2075) steps (0.0006 hrs) -nan:-nan 2738 (67) sec
[21] Ep10000: Max 2928 (2619) steps (0.0007 hrs) -nan:-nan 2804 (66) sec
[22] Ep10000: Max 3343 (3343) steps (0.0009 hrs) -nan:-nan 2868 (64) sec
[23] Ep10000: Max 3343 (2150) steps (0.0006 hrs) -nan:-nan 2932 (64) sec
[24] Ep10000: Max 3343 (2140) steps (0.0006 hrs) -nan:-nan 2992 (60) sec
[25] Ep10000: Max 3343 (2318) steps (0.0006 hrs) -nan:-nan 3056 (64) sec
[26] Ep10000: Max 3343 (1919) steps (0.0005 hrs) -nan:-nan 3118 (62) sec
[27] Ep10000: Max 3343 (2093) steps (0.0006 hrs) -nan:-nan 3183 (65) sec
[28] Ep10000: Max 3343 (1990) steps (0.0006 hrs) -nan:-nan 3251 (68) sec
[29] Ep10000: Max 3343 (2210) steps (0.0006 hrs) -nan:-nan 3313 (62) sec
[30] Ep10000: Max 3343 (2811) steps (0.0008 hrs) -nan:-nan 3382 (69) sec
[31] Ep10000: Max 3343 (1783) steps (0.0005 hrs) -nan:-nan 3446 (64) sec
[32] Ep10000: Max 3343 (2048) steps (0.0006 hrs) -nan:-nan 3514 (68) sec
[33] Ep10000: Max 3343 (2698) steps (0.0007 hrs) -nan:-nan 3580 (66) sec
[34] Ep10000: Max 3343 (2724) steps (0.0008 hrs) -nan:-nan 3625 (45) sec
[35] Ep10000: Max 3343 (2321) steps (0.0006 hrs) -nan:-nan 3673 (48) sec
[36] Ep10000: Max 3343 (2412) steps (0.0007 hrs) -nan:-nan 3742 (69) sec
[37] Ep10000: Max 3343 (2222) steps (0.0006 hrs) -nan:-nan 3812 (70) sec
[38] Ep10000: Max 3343 (2399) steps (0.0007 hrs) -nan:-nan 3868 (56) sec
[39] Ep10000: Max 3343 (1207) steps (0.0003 hrs) -nan:-nan 3921 (53) sec
[40] Ep10000: Max 3343 (2064) steps (0.0006 hrs) -nan:-nan 3979 (58) sec
[41] Ep10000: Max 3343 (2571) steps (0.0007 hrs) -nan:-nan 4059 (80) sec
[42] Ep10000: Max 3343 (1988) steps (0.0006 hrs) -nan:-nan 4119 (60) sec
[43] Ep10000: Max 3343 (2452) steps (0.0007 hrs) -nan:-nan 4186 (67) sec
[44] Ep10000: Max 3343 (3153) steps (0.0009 hrs) -nan:-nan 4248 (62) sec
[45] Ep10000: Max 3343 (1865) steps (0.0005 hrs) -nan:-nan 4316 (68) sec
[46] Ep10000: Max 3343 (2015) steps (0.0006 hrs) -nan:-nan 4406 (90) sec
[47] Ep10000: Max 3343 (1784) steps (0.0005 hrs) -nan:-nan 4489 (83) sec
[48] Ep10000: Max 3343 (2103) steps (0.0006 hrs) -nan:-nan 4562 (73) sec
[49] Ep10000: Max 3343 (1908) steps (0.0005 hrs) -nan:-nan 4646 (84) sec
[50] Ep10000: Max 3343 (2405) steps (0.0007 hrs) -nan:-nan 4709 (63) sec
[51] Ep10000: Max 3343 (2384) steps (0.0007 hrs) -nan:-nan 4772 (63) sec
[52] Ep10000: Max 3343 (676) steps (0.0002 hrs) -nan:-nan 4786 (14) sec
[53] Ep10000: Max 3343 (2391) steps (0.0007 hrs) -nan:-nan 4856 (70) sec
[54] Ep10000: Max 3343 (2143) steps (0.0006 hrs) -nan:-nan 4925 (69) sec
[55] Ep10000: Max 3343 (2093) steps (0.0006 hrs) -nan:-nan 4980 (55) sec
[56] Ep10000: Max 3343 (2204) steps (0.0006 hrs) -nan:-nan 5033 (53) sec
[57] Ep10000: Max 3343 (2058) steps (0.0006 hrs) -nan:-nan 5102 (69) sec
[58] Ep10000: Max 3343 (2464) steps (0.0007 hrs) -nan:-nan 5171 (69) sec
[59] Ep10000: Max 3343 (2115) steps (0.0006 hrs) -nan:-nan 5230 (59) sec
[60] Ep10000: Max 3343 (1821) steps (0.0005 hrs) -nan:-nan 5289 (59) sec
[61] Ep10000: Max 3343 (1507) steps (0.0004 hrs) -nan:-nan 5346 (57) sec
[62] Ep10000: Max 3343 (2380) steps (0.0007 hrs) -nan:-nan 5418 (72) sec
[63] Ep10000: Max 3343 (1843) steps (0.0005 hrs) -nan:-nan 5484 (66) sec
[64] Ep10000: Max 3343 (2278) steps (0.0006 hrs) -nan:-nan 5554 (70) sec
[65] Ep10000: Max 3343 (2010) steps (0.0006 hrs) -nan:-nan 5620 (66) sec
[66] Ep10000: Max 3343 (2401) steps (0.0007 hrs) -nan:-nan 5683 (63) sec
[67] Ep10000: Max 3343 (2092) steps (0.0006 hrs) -nan:-nan 5740 (57) sec
[68] Ep10000: Max 3343 (2615) steps (0.0007 hrs) -nan:-nan 5795 (55) sec
[69] Ep10000: Max 3343 (1980) steps (0.0006 hrs) -nan:-nan 5859 (64) sec
[70] Ep10000: Max 3343 (2157) steps (0.0006 hrs) -nan:-nan 5933 (74) sec
[71] Ep10000: Max 3343 (2050) steps (0.0006 hrs) -nan:-nan 5995 (62) sec
[72] Ep10000: Max 3343 (2510) steps (0.0007 hrs) -nan:-nan 6067 (72) sec
[73] Ep10000: Max 3343 (2227) steps (0.0006 hrs) -nan:-nan 6130 (63) sec
[74] Ep10000: Max 3343 (2497) steps (0.0007 hrs) -nan:-nan 6196 (66) sec
[75] Ep10000: Max 3343 (2455) steps (0.0007 hrs) -nan:-nan 6250 (54) sec
[76] Ep10000: Max 3343 (2961) steps (0.0008 hrs) -nan:-nan 6314 (64) sec
[77] Ep10000: Max 3343 (2163) steps (0.0006 hrs) -nan:-nan 6386 (72) sec
[78] Ep10000: Max 3343 (2398) steps (0.0007 hrs) -nan:-nan 6500 (114) sec
[79] Ep10000: Max 3343 (2207) steps (0.0006 hrs) -nan:-nan 6560 (60) sec
[80] Ep10000: Max 3343 (1914) steps (0.0005 hrs) -nan:-nan 6650 (90) sec
[81] Ep10000: Max 3343 (2269) steps (0.0006 hrs) -nan:-nan 6764 (114) sec
[82] Ep10000: Max 3343 (1993) steps (0.0006 hrs) -nan:-nan 6838 (74) sec
[83] Ep10000: Max 3343 (1695) steps (0.0005 hrs) -nan:-nan 6903 (65) sec
[84] Ep10000: Max 3343 (2240) steps (0.0006 hrs) -nan:-nan 6970 (67) sec
[85] Ep10000: Max 3343 (2977) steps (0.0008 hrs) -nan:-nan 7018 (48) sec
[86] Ep10000: Max 3343 (2149) steps (0.0006 hrs) -nan:-nan 7086 (68) sec
[87] Ep10000: Max 3343 (2150) steps (0.0006 hrs) -nan:-nan 7157 (71) sec
[88] Ep10000: Max 3343 (2189) steps (0.0006 hrs) -nan:-nan 7234 (77) sec
[89] Ep10000: Max 3343 (2352) steps (0.0007 hrs) -nan:-nan 7361 (127) sec
[90] Ep10000: Max 3343 (2156) steps (0.0006 hrs) -nan:-nan 7494 (133) sec
[91] Ep10000: Max 3343 (1864) steps (0.0005 hrs) -nan:-nan 7637 (143) sec
[92] Ep10000: Max 3343 (733) steps (0.0002 hrs) -nan:-nan 7668 (31) sec
[93] Ep10000: Max 3343 (1062) steps (0.0003 hrs) -nan:-nan 7702 (34) sec
[94] Ep10000: Max 3343 (2249) steps (0.0006 hrs) -nan:-nan 7822 (120) sec
[95] Ep10000: Max 3343 (2000) steps (0.0006 hrs) -nan:-nan 7914 (92) sec
[96] Ep10000: Max 3343 (2231) steps (0.0006 hrs) -nan:-nan 7984 (70) sec
[97] Ep10000: Max 3343 (2423) steps (0.0007 hrs) -nan:-nan 8054 (70) sec
[98] Ep10000: Max 3343 (2796) steps (0.0008 hrs) -nan:-nan 8120 (66) sec
[99] Ep10000: Max 3343 (3049) steps (0.0008 hrs) -nan:-nan 8193 (73) sec
[100] Ep10000: Max 3343 (2298) steps (0.0006 hrs) -nan:-nan 8263 (70) sec
[101] Ep10000: Max 3343 (1985) steps (0.0006 hrs) -nan:-nan 8327 (64) sec
[102] Ep10000: Max 3343 (2041) steps (0.0006 hrs) -nan:-nan 8390 (63) sec
[103] Ep10000: Max 3343 (2218) steps (0.0006 hrs) -nan:-nan 8461 (71) sec
[104] Ep10000: Max 3343 (2812) steps (0.0008 hrs) -nan:-nan 8522 (61) sec
[105] Ep10000: Max 3343 (2929) steps (0.0008 hrs) -nan:-nan 8586 (64) sec
[106] Ep10000: Max 3343 (2057) steps (0.0006 hrs) -nan:-nan 8645 (59) sec
[107] Ep10000: Max 3343 (2915) steps (0.0008 hrs) -nan:-nan 8683 (38) sec
[108] Ep10000: Max 3343 (2049) steps (0.0006 hrs) -nan:-nan 8742 (59) sec
[109] Ep10000: Max 3343 (2169) steps (0.0006 hrs) -nan:-nan 8803 (61) sec
[110] Ep10000: Max 3343 (1984) steps (0.0006 hrs) -nan:-nan 8861 (58) sec
[111] Ep10000: Max 3343 (2307) steps (0.0006 hrs) -nan:-nan 8925 (64) sec
[112] Ep10000: Max 3343 (2005) steps (0.0006 hrs) -nan:-nan 8984 (59) sec
[113] Ep10000: Max 3343 (2033) steps (0.0006 hrs) -nan:-nan 9047 (63) sec
[114] Ep10000: Max 3343 (2266) steps (0.0006 hrs) -nan:-nan 9108 (61) sec
[115] Ep10000: Max 3343 (2416) steps (0.0007 hrs) -nan:-nan 9168 (60) sec
[116] Ep10000: Max 3343 (2328) steps (0.0006 hrs) -nan:-nan 9227 (59) sec
[117] Ep10000: Max 3343 (2110) steps (0.0006 hrs) -nan:-nan 9287 (60) sec
[118] Ep10000: Max 3343 (2894) steps (0.0008 hrs) -nan:-nan 9328 (41) sec
[119] Ep10000: Max 3343 (2309) steps (0.0006 hrs) -nan:-nan 9387 (59) sec
[120] Ep10000: Max 3343 (2196) steps (0.0006 hrs) -nan:-nan 9448 (61) sec
[121] Ep10000: Max 3343 (2420) steps (0.0007 hrs) -nan:-nan 9507 (59) sec
[122] Ep10000: Max 3343 (2035) steps (0.0006 hrs) -nan:-nan 9565 (58) sec
[123] Ep10000: Max 3343 (2213) steps (0.0006 hrs) -nan:-nan 9622 (57) sec
[124] Ep10000: Max 3343 (2183) steps (0.0006 hrs) -nan:-nan 9678 (56) sec
[125] Ep10000: Max 3343 (956) steps (0.0003 hrs) -nan:-nan 9722 (44) sec
[126] Ep10000: Max 3343 (1139) steps (0.0003 hrs) -nan:-nan 9766 (44) sec
[127] Ep10000: Max 3343 (2123) steps (0.0006 hrs) -nan:-nan 9825 (59) sec
[128] Ep10000: Max 3343 (1947) steps (0.0005 hrs) -nan:-nan 9885 (60) sec
[129] Ep10000: Max 3343 (2463) steps (0.0007 hrs) -nan:-nan 9947 (62) sec
[130] Ep10000: Max 3343 (1972) steps (0.0005 hrs) -nan:-nan 10008 (61) sec
[131] Ep10000: Max 3343 (2139) steps (0.0006 hrs) -nan:-nan 10067 (59) sec
[132] Ep10000: Max 3343 (2478) steps (0.0007 hrs) -nan:-nan 10129 (62) sec
[133] Ep10000: Max 3343 (2852) steps (0.0008 hrs) -nan:-nan 10188 (59) sec
[134] Ep10000: Max 3343 (2145) steps (0.0006 hrs) -nan:-nan 10250 (62) sec
[135] Ep10000: Max 3343 (2173) steps (0.0006 hrs) -nan:-nan 10308 (58) sec
[136] Ep10000: Max 3343 (2144) steps (0.0006 hrs) -nan:-nan 10367 (59) sec
[137] Ep10000: Max 3343 (2526) steps (0.0007 hrs) -nan:-nan 10422 (55) sec
[138] Ep10000: Max 3343 (3068) steps (0.0009 hrs) -nan:-nan 10480 (58) sec
[139] Ep10000: Max 3343 (2498) steps (0.0007 hrs) -nan:-nan 10540 (60) sec
[140] Ep10000: Max 3343 (762) steps (0.0002 hrs) -nan:-nan 10556 (16) sec
[141] Ep10000: Max 3343 (2244) steps (0.0006 hrs) -nan:-nan 10617 (61) sec
[142] Ep10000: Max 3343 (1985) steps (0.0006 hrs) -nan:-nan 10678 (61) sec
[143] Ep10000: Max 3343 (2197) steps (0.0006 hrs) -nan:-nan 10740 (62) sec
[144] Ep10000: Max 3343 (2417) steps (0.0007 hrs) -nan:-nan 10794 (54) sec
[145] Ep10000: Max 3343 (1861) steps (0.0005 hrs) -nan:-nan 10851 (57) sec
[146] Ep10000: Max 3343 (773) steps (0.0002 hrs) -nan:-nan 10867 (16) sec
[147] Ep10000: Max 3343 (1894) steps (0.0005 hrs) -nan:-nan 10929 (62) sec
[148] Ep10000: Max 3343 (2832) steps (0.0008 hrs) -nan:-nan 10991 (62) sec
[149] Ep10000: Max 3343 (2641) steps (0.0007 hrs) -nan:-nan 11051 (60) sec
[150] Ep10000: Max 3343 (2282) steps (0.0006 hrs) -nan:-nan 11113 (62) sec
[151] Ep10000: Max 3343 (2197) steps (0.0006 hrs) -nan:-nan 11172 (59) sec
[152] Ep10000: Max 3343 (2121) steps (0.0006 hrs) -nan:-nan 11234 (62) sec
[153] Ep10000: Max 3343 (1778) steps (0.0005 hrs) -nan:-nan 11295 (61) sec
[154] Ep10000: Max 3343 (2499) steps (0.0007 hrs) -nan:-nan 11356 (61) sec
[155] Ep10000: Max 3672 (3672) steps (0.0010 hrs) -nan:-nan 11419 (63) sec
[156] Ep10000: Max 3672 (1897) steps (0.0005 hrs) -nan:-nan 11477 (58) sec
[157] Ep10000: Max 3672 (3333) steps (0.0009 hrs) -nan:-nan 11545 (68) sec
[158] Ep10000: Max 3672 (610) steps (0.0002 hrs) -nan:-nan 11560 (15) sec
[159] Ep10000: Max 3672 (2302) steps (0.0006 hrs) -nan:-nan 11620 (60) sec
[160] Ep10000: Max 3672 (2388) steps (0.0007 hrs) -nan:-nan 11682 (62) sec
[161] Ep10000: Max 3672 (2463) steps (0.0007 hrs) -nan:-nan 11742 (60) sec
[162] Ep10000: Max 3672 (2366) steps (0.0007 hrs) -nan:-nan 11805 (63) sec
[163] Ep10000: Max 3672 (3037) steps (0.0008 hrs) -nan:-nan 11868 (63) sec
[164] Ep10000: Max 3672 (2086) steps (0.0006 hrs) -nan:-nan 11926 (58) sec
[165] Ep10000: Max 3672 (2219) steps (0.0006 hrs) -nan:-nan 11989 (63) sec
[166] Ep10000: Max 3672 (2255) steps (0.0006 hrs) -nan:-nan 12039 (50) sec
[167] Ep10000: Max 3672 (2103) steps (0.0006 hrs) -nan:-nan 12097 (58) sec
[168] Ep10000: Max 3672 (2056) steps (0.0006 hrs) -nan:-nan 12156 (59) sec
[169] Ep10000: Max 3672 (1882) steps (0.0005 hrs) -nan:-nan 12214 (58) sec
[170] Ep10000: Max 3672 (2463) steps (0.0007 hrs) -nan:-nan 12273 (59) sec
[171] Ep10000: Max 3672 (2277) steps (0.0006 hrs) -nan:-nan 12336 (63) sec
[172] Ep10000: Max 3672 (2171) steps (0.0006 hrs) -nan:-nan 12396 (60) sec
[173] Ep10000: Max 3672 (2036) steps (0.0006 hrs) -nan:-nan 12436 (40) sec
[174] Ep10000: Max 3672 (2145) steps (0.0006 hrs) -nan:-nan 12491 (55) sec
[175] Ep10000: Max 3672 (2397) steps (0.0007 hrs) -nan:-nan 12553 (62) sec
[176] Ep10000: Max 3672 (1917) steps (0.0005 hrs) -nan:-nan 12612 (59) sec
[177] Ep10000: Max 3763 (3763) steps (0.0010 hrs) -nan:-nan 12675 (63) sec
[178] Ep10000: Max 3763 (2172) steps (0.0006 hrs) -nan:-nan 12735 (60) sec
[179] Ep10000: Max 3763 (2424) steps (0.0007 hrs) -nan:-nan 12798 (63) sec
[180] Ep10000: Max 3763 (1487) steps (0.0004 hrs) -nan:-nan 12853 (55) sec
[181] Ep10000: Max 3763 (2253) steps (0.0006 hrs) -nan:-nan 12911 (58) sec
[182] Ep10000: Max 3763 (2117) steps (0.0006 hrs) -nan:-nan 12972 (61) sec
[183] Ep10000: Max 3763 (1987) steps (0.0006 hrs) -nan:-nan 13032 (60) sec
[184] Ep10000: Max 3763 (3075) steps (0.0009 hrs) -nan:-nan 13085 (53) sec
[185] Ep10000: Max 3763 (1956) steps (0.0005 hrs) -nan:-nan 13129 (44) sec
[186] Ep10000: Max 3763 (2181) steps (0.0006 hrs) -nan:-nan 13189 (60) sec
[187] Ep10000: Max 3763 (2303) steps (0.0006 hrs) -nan:-nan 13256 (67) sec
[188] Ep10000: Max 3763 (1327) steps (0.0004 hrs) -nan:-nan 13295 (39) sec
[189] Ep10000: Max 3763 (3049) steps (0.0008 hrs) -nan:-nan 13367 (72) sec
[190] Ep10000: Max 3763 (2209) steps (0.0006 hrs) -nan:-nan 13437 (70) sec
[191] Ep10000: Max 3763 (2207) steps (0.0006 hrs) -nan:-nan 13516 (79) sec
[192] Ep10000: Max 3763 (2038) steps (0.0006 hrs) -nan:-nan 13591 (75) sec
[193] Ep10000: Max 3763 (2219) steps (0.0006 hrs) -nan:-nan 13674 (83) sec
[194] Ep10000: Max 3763 (2104) steps (0.0006 hrs) -nan:-nan 13752 (78) sec
[195] Ep10000: Max 3763 (2327) steps (0.0006 hrs) -nan:-nan 13833 (81) sec
[196] Ep10000: Max 3763 (2368) steps (0.0007 hrs) -nan:-nan 13914 (81) sec
[197] Ep10000: Max 3763 (2106) steps (0.0006 hrs) -nan:-nan 13999 (85) sec
[198] Ep10000: Max 3763 (2308) steps (0.0006 hrs) -nan:-nan 14074 (75) sec
[199] Ep10000: Max 3763 (1998) steps (0.0006 hrs) -nan:-nan 14157 (83) sec
[200] Ep10000: Max 3763 (1448) steps (0.0004 hrs) -nan:-nan 14228 (71) sec
[201] Ep10000: Max 3763 (2706) steps (0.0008 hrs) -nan:-nan 14301 (73) sec
[202] Ep10000: Max 3763 (2203) steps (0.0006 hrs) -nan:-nan 14370 (69) sec
[203] Ep10000: Max 3763 (2412) steps (0.0007 hrs) -nan:-nan 14437 (67) sec
[204] Ep10000: Max 3763 (1743) steps (0.0005 hrs) -nan:-nan 14501 (64) sec
[205] Ep10000: Max 3763 (2495) steps (0.0007 hrs) -nan:-nan 14577 (76) sec
[206] Ep10000: Max 3763 (634) steps (0.0002 hrs) -nan:-nan 14596 (19) sec
[207] Ep10000: Max 3763 (2462) steps (0.0007 hrs) -nan:-nan 14673 (77) sec
[208] Ep10000: Max 3763 (1065) steps (0.0003 hrs) -nan:-nan 14692 (19) sec
[209] Ep10000: Max 3763 (2276) steps (0.0006 hrs) -nan:-nan 14762 (70) sec
[210] Ep10000: Max 3763 (2230) steps (0.0006 hrs) -nan:-nan 14827 (65) sec
[211] Ep10000: Max 3763 (2060) steps (0.0006 hrs) -nan:-nan 14895 (68) sec
[212] Ep10000: Max 3763 (2345) steps (0.0007 hrs) -nan:-nan 14963 (68) sec
[213] Ep10000: Max 3763 (2309) steps (0.0006 hrs) -nan:-nan 15036 (73) sec
[214] Ep10000: Max 3763 (1481) steps (0.0004 hrs) -nan:-nan 15064 (28) sec
[215] Ep10000: Max 3763 (2364) steps (0.0007 hrs) -nan:-nan 15142 (78) sec
[216] Ep10000: Max 3763 (2172) steps (0.0006 hrs) -nan:-nan 15210 (68) sec
[217] Ep10000: Max 3763 (2281) steps (0.0006 hrs) -nan:-nan 15283 (73) sec
[218] Ep10000: Max 3763 (2439) steps (0.0007 hrs) -nan:-nan 15353 (70) sec
[219] Ep10000: Max 3763 (2243) steps (0.0006 hrs) -nan:-nan 15417 (64) sec
[220] Ep10000: Max 3763 (1861) steps (0.0005 hrs) -nan:-nan 15485 (68) sec
[221] Ep10000: Max 3763 (2047) steps (0.0006 hrs) -nan:-nan 15551 (66) sec
[222] Ep10000: Max 3763 (2380) steps (0.0007 hrs) -nan:-nan 15621 (70) sec
[223] Ep10000: Max 3763 (2383) steps (0.0007 hrs) -nan:-nan 15689 (68) sec
[224] Ep10000: Max 3763 (2187) steps (0.0006 hrs) -nan:-nan 15752 (63) sec
[225] Ep10000: Max 3763 (924) steps (0.0003 hrs) -nan:-nan 15798 (46) sec
[226] Ep10000: Max 3763 (1656) steps (0.0005 hrs) -nan:-nan 15843 (45) sec
[227] Ep10000: Max 3763 (2056) steps (0.0006 hrs) -nan:-nan 15909 (66) sec
[228] Ep10000: Max 3763 (2083) steps (0.0006 hrs) -nan:-nan 15980 (71) sec
[229] Ep10000: Max 3763 (2873) steps (0.0008 hrs) -nan:-nan 16049 (69) sec
[230] Ep10000: Max 3763 (2875) steps (0.0008 hrs) -nan:-nan 16119 (70) sec
[231] Ep10000: Max 3763 (2096) steps (0.0006 hrs) -nan:-nan 16179 (60) sec
[232] Ep10000: Max 3763 (650) steps (0.0002 hrs) -nan:-nan 16197 (18) sec
[233] Ep10000: Max 3763 (2434) steps (0.0007 hrs) -nan:-nan 16261 (64) sec
[234] Ep10000: Max 3763 (2201) steps (0.0006 hrs) -nan:-nan 16323 (62) sec
[235] Ep10000: Max 3763 (2008) steps (0.0006 hrs) -nan:-nan 16357 (34) sec
[236] Ep10000: Max 3763 (2206) steps (0.0006 hrs) -nan:-nan 16433 (76) sec
[237] Ep10000: Max 3763 (2482) steps (0.0007 hrs) -nan:-nan 16516 (83) sec
[238] Ep10000: Max 3763 (2814) steps (0.0008 hrs) -nan:-nan 16586 (70) sec
[239] Ep10000: Max 3763 (2636) steps (0.0007 hrs) -nan:-nan 16654 (68) sec
[240] Ep10000: Max 3763 (2138) steps (0.0006 hrs) -nan:-nan 16718 (64) sec
[241] Ep10000: Max 3763 (2261) steps (0.0006 hrs) -nan:-nan 16773 (55) sec
[242] Ep10000: Max 3763 (2270) steps (0.0006 hrs) -nan:-nan 16843 (70) sec
[243] Ep10000: Max 3763 (2673) steps (0.0007 hrs) -nan:-nan 16925 (82) sec
[244] Ep10000: Max 3763 (732) steps (0.0002 hrs) -nan:-nan 16945 (20) sec
[245] Ep10000: Max 3763 (2400) steps (0.0007 hrs) -nan:-nan 17028 (83) sec
[246] Ep10000: Max 3763 (2104) steps (0.0006 hrs) -nan:-nan 17093 (65) sec
[247] Ep10000: Max 3763 (2279) steps (0.0006 hrs) -nan:-nan 17166 (73) sec
[248] Ep10000: Max 3763 (2345) steps (0.0007 hrs) -nan:-nan 17243 (77) sec
[249] Ep10000: Max 3763 (2474) steps (0.0007 hrs) -nan:-nan 17299 (56) sec
[250] Ep10000: Max 3763 (2273) steps (0.0006 hrs) -nan:-nan 17354 (55) sec
[251] Ep10000: Max 3763 (1982) steps (0.0006 hrs) -nan:-nan 17408 (54) sec
[252] Ep10000: Max 3763 (2471) steps (0.0007 hrs) -nan:-nan 17482 (74) sec
[253] Ep10000: Max 3763 (2347) steps (0.0007 hrs) -nan:-nan 17563 (81) sec
[254] Ep10000: Max 3763 (2274) steps (0.0006 hrs) -nan:-nan 17651 (88) sec
[255] Ep10000: Max 3763 (2105) steps (0.0006 hrs) -nan:-nan 17735 (84) sec
[256] Ep10000: Max 3763 (2023) steps (0.0006 hrs) -nan:-nan 17838 (103) sec
[257] Ep10000: Max 3763 (1872) steps (0.0005 hrs) -nan:-nan 17961 (123) sec
[258] Ep10000: Max 3763 (2604) steps (0.0007 hrs) -nan:-nan 18101 (140) sec
[259] Ep10000: Max 3763 (2212) steps (0.0006 hrs) -nan:-nan 18253 (152) sec
[260] Ep10000: Max 3763 (2026) steps (0.0006 hrs) -nan:-nan 18371 (118) sec
[261] Ep10000: Max 3763 (2421) steps (0.0007 hrs) -nan:-nan 18521 (150) sec
[262] Ep10000: Max 3763 (945) steps (0.0003 hrs) -nan:-nan 18574 (53) sec
[263] Ep10000: Max 3763 (2134) steps (0.0006 hrs) -nan:-nan 18811 (237) sec
[264] Ep10000: Max 3763 (1957) steps (0.0005 hrs) -nan:-nan 18939 (128) sec
[265] Ep10000: Max 3763 (1989) steps (0.0006 hrs) -nan:-nan 19045 (106) sec
[266] Ep10000: Max 3763 (1960) steps (0.0005 hrs) -nan:-nan 19130 (85) sec
[267] Ep10000: Max 3763 (2292) steps (0.0006 hrs) -nan:-nan 19291 (161) sec
[268] Ep10000: Max 3763 (2892) steps (0.0008 hrs) -nan:-nan 19429 (138) sec
[269] Ep10000: Max 3763 (2170) steps (0.0006 hrs) -nan:-nan 19506 (77) sec
[270] Ep10000: Max 3763 (1867) steps (0.0005 hrs) -nan:-nan 19580 (74) sec
[271] Ep10000: Max 3763 (2532) steps (0.0007 hrs) -nan:-nan 19656 (76) sec
[272] Ep10000: Max 3763 (2254) steps (0.0006 hrs) -nan:-nan 19733 (77) sec
[273] Ep10000: Max 3763 (1749) steps (0.0005 hrs) -nan:-nan 19795 (62) sec
[274] Ep10000: Max 3763 (2269) steps (0.0006 hrs) -nan:-nan 19855 (60) sec
[275] Ep10000: Max 3763 (1018) steps (0.0003 hrs) -nan:-nan 19873 (18) sec
[276] Ep10000: Max 3763 (1166) steps (0.0003 hrs) -nan:-nan 19919 (46) sec
[277] Ep10000: Max 3763 (1820) steps (0.0005 hrs) -nan:-nan 19977 (58) sec
[278] Ep10000: Max 3763 (2045) steps (0.0006 hrs) -nan:-nan 20039 (62) sec
[279] Ep10000: Max 3763 (2615) steps (0.0007 hrs) -nan:-nan 20098 (59) sec
[280] Ep10000: Max 3763 (1947) steps (0.0005 hrs) -nan:-nan 20153 (55) sec
[281] Ep10000: Max 3763 (2149) steps (0.0006 hrs) -nan:-nan 20209 (56) sec
[282] Ep10000: Max 3763 (2180) steps (0.0006 hrs) -nan:-nan 20272 (63) sec
[283] Ep10000: Max 3763 (2144) steps (0.0006 hrs) -nan:-nan 20333 (61) sec
[284] Ep10000: Max 3763 (2170) steps (0.0006 hrs) -nan:-nan 20391 (58) sec
[285] Ep10000: Max 3763 (1509) steps (0.0004 hrs) -nan:-nan 20436 (45) sec
[286] Ep10000: Max 3763 (3013) steps (0.0008 hrs) -nan:-nan 20497 (61) sec
[287] Ep10000: Max 3763 (2065) steps (0.0006 hrs) -nan:-nan 20553 (56) sec
[288] Ep10000: Max 3763 (2134) steps (0.0006 hrs) -nan:-nan 20616 (63) sec
[289] Ep10000: Max 3763 (2417) steps (0.0007 hrs) -nan:-nan 20675 (59) sec
[290] Ep10000: Max 3763 (2049) steps (0.0006 hrs) -nan:-nan 20733 (58) sec
[291] Ep10000: Max 3763 (2034) steps (0.0006 hrs) -nan:-nan 20795 (62) sec
[292] Ep10000: Max 3763 (1956) steps (0.0005 hrs) -nan:-nan 20854 (59) sec
[293] Ep10000: Max 3763 (2033) steps (0.0006 hrs) -nan:-nan 20914 (60) sec
[294] Ep10000: Max 3763 (2273) steps (0.0006 hrs) -nan:-nan 20976 (62) sec
[295] Ep10000: Max 3763 (1424) steps (0.0004 hrs) -nan:-nan 20993 (17) sec
[296] Ep10000: Max 3763 (2379) steps (0.0007 hrs) -nan:-nan 21054 (61) sec
[297] Ep10000: Max 3763 (2344) steps (0.0007 hrs) -nan:-nan 21112 (58) sec
[298] Ep10000: Max 3763 (1879) steps (0.0005 hrs) -nan:-nan 21169 (57) sec
[299] Ep10000: Max 3763 (2191) steps (0.0006 hrs) -nan:-nan 21230 (61) sec
[300] Ep10000: Max 3763 (3247) steps (0.0009 hrs) -nan:-nan 21292 (62) sec
[301] Ep10000: Max 3763 (1914) steps (0.0005 hrs) -nan:-nan 21351 (59) sec
[302] Ep10000: Max 3763 (3030) steps (0.0008 hrs) -nan:-nan 21411 (60) sec
[303] Ep10000: Max 3763 (2616) steps (0.0007 hrs) -nan:-nan 21471 (60) sec
[304] Ep10000: Max 3763 (2061) steps (0.0006 hrs) -nan:-nan 21533 (62) sec
[305] Ep10000: Max 3763 (1865) steps (0.0005 hrs) -nan:-nan 21583 (50) sec
[306] Ep10000: Max 3763 (2164) steps (0.0006 hrs) -nan:-nan 21639 (56) sec
[307] Ep10000: Max 3763 (2160) steps (0.0006 hrs) -nan:-nan 21698 (59) sec
[308] Ep10000: Max 3763 (2135) steps (0.0006 hrs) -nan:-nan 21755 (57) sec
[309] Ep10000: Max 3763 (1835) steps (0.0005 hrs) -nan:-nan 21814 (59) sec
[310] Ep10000: Max 3763 (2244) steps (0.0006 hrs) -nan:-nan 21872 (58) sec
[311] Ep10000: Max 3763 (2392) steps (0.0007 hrs) -nan:-nan 21931 (59) sec
[312] Ep10000: Max 3763 (2336) steps (0.0006 hrs) -nan:-nan 21993 (62) sec
[313] Ep10000: Max 3763 (1359) steps (0.0004 hrs) -nan:-nan 22037 (44) sec
[314] Ep10000: Max 3763 (2173) steps (0.0006 hrs) -nan:-nan 22095 (58) sec
[315] Ep10000: Max 3763 (2362) steps (0.0007 hrs) -nan:-nan 22156 (61) sec
[316] Ep10000: Max 3763 (2061) steps (0.0006 hrs) -nan:-nan 22215 (59) sec
[317] Ep10000: Max 3763 (1230) steps (0.0003 hrs) -nan:-nan 22258 (43) sec
[318] Ep10000: Max 3763 (3292) steps (0.0009 hrs) -nan:-nan 22321 (63) sec
[319] Ep10000: Max 3763 (2222) steps (0.0006 hrs) -nan:-nan 22382 (61) sec
[320] Ep10000: Max 3763 (1947) steps (0.0005 hrs) -nan:-nan 22441 (59) sec
[321] Ep10000: Max 3763 (2252) steps (0.0006 hrs) -nan:-nan 22503 (62) sec
[322] Ep10000: Max 3763 (2231) steps (0.0006 hrs) -nan:-nan 22559 (56) sec
[323] Ep10000: Max 3763 (2627) steps (0.0007 hrs) -nan:-nan 22620 (61) sec
[324] Ep10000: Max 3763 (2665) steps (0.0007 hrs) -nan:-nan 22681 (61) sec
[325] Ep10000: Max 3763 (2049) steps (0.0006 hrs) -nan:-nan 22743 (62) sec
[326] Ep10000: Max 3763 (2724) steps (0.0008 hrs) -nan:-nan 22804 (61) sec
[327] Ep10000: Max 3763 (2216) steps (0.0006 hrs) -nan:-nan 22864 (60) sec
[328] Ep10000: Max 3763 (2044) steps (0.0006 hrs) -nan:-nan 22924 (60) sec
[329] Ep10000: Max 3763 (2125) steps (0.0006 hrs) -nan:-nan 22970 (46) sec
[330] Ep10000: Max 3763 (2516) steps (0.0007 hrs) -nan:-nan 23031 (61) sec
[331] Ep10000: Max 3763 (1985) steps (0.0006 hrs) -nan:-nan 23089 (58) sec
[332] Ep10000: Max 3763 (2536) steps (0.0007 hrs) -nan:-nan 23152 (63) sec
[333] Ep10000: Max 3763 (2098) steps (0.0006 hrs) -nan:-nan 23210 (58) sec
[334] Ep10000: Max 3763 (2035) steps (0.0006 hrs) -nan:-nan 23269 (59) sec
[335] Ep10000: Max 3763 (2036) steps (0.0006 hrs) -nan:-nan 23326 (57) sec
[336] Ep10000: Max 3763 (2889) steps (0.0008 hrs) -nan:-nan 23385 (59) sec
[337] Ep10000: Max 3763 (2131) steps (0.0006 hrs) -nan:-nan 23447 (62) sec
[338] Ep10000: Max 3763 (2422) steps (0.0007 hrs) -nan:-nan 23505 (58) sec
[339] Ep10000: Max 3763 (2123) steps (0.0006 hrs) -nan:-nan 23563 (58) sec
[340] Ep10000: Max 3763 (2705) steps (0.0008 hrs) -nan:-nan 23626 (63) sec
[341] Ep10000: Max 3763 (2398) steps (0.0007 hrs) -nan:-nan 23685 (59) sec
[342] Ep10000: Max 3763 (1591) steps (0.0004 hrs) -nan:-nan 23707 (22) sec
[343] Ep10000: Max 3763 (2675) steps (0.0007 hrs) -nan:-nan 23768 (61) sec
[344] Ep10000: Max 3763 (2837) steps (0.0008 hrs) -nan:-nan 23827 (59) sec
[345] Ep10000: Max 3763 (3068) steps (0.0009 hrs) -nan:-nan 23893 (66) sec
[346] Ep10000: Max 3763 (2037) steps (0.0006 hrs) -nan:-nan 23967 (74) sec
[347] Ep10000: Max 3763 (2194) steps (0.0006 hrs) -nan:-nan 24037 (70) sec
[348] Ep10000: Max 3763 (2171) steps (0.0006 hrs) -nan:-nan 24094 (57) sec
[349] Ep10000: Max 3763 (2601) steps (0.0007 hrs) -nan:-nan 24159 (65) sec
[350] Ep10000: Max 3763 (2188) steps (0.0006 hrs) -nan:-nan 24222 (63) sec
[351] Ep10000: Max 3763 (3435) steps (0.0010 hrs) -nan:-nan 24278 (56) sec
[352] Ep10000: Max 3763 (2477) steps (0.0007 hrs) -nan:-nan 24343 (65) sec
[353] Ep10000: Max 3763 (2136) steps (0.0006 hrs) -nan:-nan 24413 (70) sec
[354] Ep10000: Max 3763 (987) steps (0.0003 hrs) -nan:-nan 24458 (45) sec
[355] Ep10000: Max 3763 (2676) steps (0.0007 hrs) -nan:-nan 24528 (70) sec
[356] Ep10000: Max 3763 (2744) steps (0.0008 hrs) -nan:-nan 24597 (69) sec
[357] Ep10000: Max 3763 (2316) steps (0.0006 hrs) -nan:-nan 24668 (71) sec
[358] Ep10000: Max 3763 (1867) steps (0.0005 hrs) -nan:-nan 24736 (68) sec
[359] Ep10000: Max 3763 (2644) steps (0.0007 hrs) -nan:-nan 24824 (88) sec
[360] Ep10000: Max 3763 (2138) steps (0.0006 hrs) -nan:-nan 24919 (95) sec
[361] Ep10000: Max 3763 (1888) steps (0.0005 hrs) -nan:-nan 24993 (74) sec
[362] Ep10000: Max 3763 (2211) steps (0.0006 hrs) -nan:-nan 25053 (60) sec
[363] Ep10000: Max 3763 (2056) steps (0.0006 hrs) -nan:-nan 25118 (65) sec
[364] Ep10000: Max 3763 (2064) steps (0.0006 hrs) -nan:-nan 25187 (69) sec
[365] Ep10000: Max 3763 (2655) steps (0.0007 hrs) -nan:-nan 25242 (55) sec
[366] Ep10000: Max 3763 (2304) steps (0.0006 hrs) -nan:-nan 25296 (54) sec
[367] Ep10000: Max 3763 (2154) steps (0.0006 hrs) -nan:-nan 25350 (54) sec
[368] Ep10000: Max 3763 (2157) steps (0.0006 hrs) -nan:-nan 25414 (64) sec
[369] Ep10000: Max 3763 (3050) steps (0.0008 hrs) -nan:-nan 25500 (86) sec
[370] Ep10000: Max 3763 (1834) steps (0.0005 hrs) -nan:-nan 25575 (75) sec
[371] Ep10000: Max 3763 (2193) steps (0.0006 hrs) -nan:-nan 25647 (72) sec
[372] Ep10000: Max 3763 (2115) steps (0.0006 hrs) -nan:-nan 25710 (63) sec
[373] Ep10000: Max 3763 (1889) steps (0.0005 hrs) -nan:-nan 25779 (69) sec
[374] Ep10000: Max 3763 (2338) steps (0.0006 hrs) -nan:-nan 25880 (101) sec
[375] Ep10000: Max 3763 (2457) steps (0.0007 hrs) -nan:-nan 25967 (87) sec
[376] Ep10000: Max 3763 (3118) steps (0.0009 hrs) -nan:-nan 26054 (87) sec
[377] Ep10000: Max 3763 (2660) steps (0.0007 hrs) -nan:-nan 26192 (138) sec
[378] Ep10000: Max 3763 (2623) steps (0.0007 hrs) -nan:-nan 26346 (154) sec
[379] Ep10000: Max 3763 (1998) steps (0.0006 hrs) -nan:-nan 26478 (132) sec
[380] Ep10000: Max 3763 (1808) steps (0.0005 hrs) -nan:-nan 26606 (128) sec
[381] Ep10000: Max 3763 (2225) steps (0.0006 hrs) -nan:-nan 26775 (169) sec
[382] Ep10000: Max 3763 (2205) steps (0.0006 hrs) -nan:-nan 26933 (158) sec
[383] Ep10000: Max 3763 (2054) steps (0.0006 hrs) -nan:-nan 27082 (149) sec
[384] Ep10000: Max 3763 (1409) steps (0.0004 hrs) -nan:-nan 27139 (57) sec
[385] Ep10000: Max 3763 (2373) steps (0.0007 hrs) -nan:-nan 27259 (120) sec
[386] Ep10000: Max 3763 (1900) steps (0.0005 hrs) -nan:-nan 27400 (141) sec
[387] Ep10000: Max 3763 (1853) steps (0.0005 hrs) -nan:-nan 27534 (134) sec
[388] Ep10000: Max 3763 (2225) steps (0.0006 hrs) -nan:-nan 27633 (99) sec
[389] Ep10000: Max 3763 (1992) steps (0.0006 hrs) -nan:-nan 27765 (132) sec
[390] Ep10000: Max 3763 (1631) steps (0.0005 hrs) -nan:-nan 27806 (41) sec
[391] Ep10000: Max 3763 (2114) steps (0.0006 hrs) -nan:-nan 27936 (130) sec
[392] Ep10000: Max 3763 (2093) steps (0.0006 hrs) -nan:-nan 28080 (144) sec
[393] Ep10000: Max 3763 (1807) steps (0.0005 hrs) -nan:-nan 28175 (95) sec
[394] Ep10000: Max 3763 (2166) steps (0.0006 hrs) -nan:-nan 28280 (105) sec
[395] Ep10000: Max 3763 (2121) steps (0.0006 hrs) -nan:-nan 28370 (90) sec
[396] Ep10000: Max 3763 (2028) steps (0.0006 hrs) -nan:-nan 28480 (110) sec
[397] Ep10000: Max 3763 (2524) steps (0.0007 hrs) -nan:-nan 28586 (106) sec
[398] Ep10000: Max 3763 (2041) steps (0.0006 hrs) -nan:-nan 28671 (85) sec
[399] Ep10000: Max 3763 (2300) steps (0.0006 hrs) -nan:-nan 28767 (96) sec
[400] Ep10000: Max 3763 (2133) steps (0.0006 hrs) -nan:-nan 28867 (100) sec
[401] Ep10000: Max 3763 (2396) steps (0.0007 hrs) -nan:-nan 28980 (113) sec
[402] Ep10000: Max 3763 (2566) steps (0.0007 hrs) -nan:-nan 29115 (135) sec
[403] Ep10000: Max 3763 (2571) steps (0.0007 hrs) -nan:-nan 29217 (102) sec
[404] Ep10000: Max 3763 (2703) steps (0.0008 hrs) -nan:-nan 29317 (100) sec
[405] Ep10000: Max 3763 (600) steps (0.0002 hrs) -nan:-nan 29341 (24) sec
[406] Ep10000: Max 3763 (2058) steps (0.0006 hrs) -nan:-nan 29454 (113) sec
[407] Ep10000: Max 3763 (2174) steps (0.0006 hrs) -nan:-nan 29562 (108) sec
[408] Ep10000: Max 3763 (512) steps (0.0001 hrs) -nan:-nan 29643 (81) sec
[409] Ep10000: Max 3763 (2663) steps (0.0007 hrs) -nan:-nan 29742 (99) sec
[410] Ep10000: Max 3763 (2265) steps (0.0006 hrs) -nan:-nan 29826 (84) sec
[411] Ep10000: Max 3763 (2168) steps (0.0006 hrs) -nan:-nan 29924 (98) sec
[412] Ep10000: Max 3763 (734) steps (0.0002 hrs) -nan:-nan 29994 (70) sec
[413] Ep10000: Max 3763 (2100) steps (0.0006 hrs) -nan:-nan 30092 (98) sec
[414] Ep10000: Max 3763 (2474) steps (0.0007 hrs) -nan:-nan 30195 (103) sec
[415] Ep10000: Max 3763 (2519) steps (0.0007 hrs) -nan:-nan 30277 (82) sec
[416] Ep10000: Max 3763 (2202) steps (0.0006 hrs) -nan:-nan 30347 (70) sec
[417] Ep10000: Max 3763 (1408) steps (0.0004 hrs) -nan:-nan 30404 (57) sec
[418] Ep10000: Max 3763 (666) steps (0.0002 hrs) -nan:-nan 30427 (23) sec
[419] Ep10000: Max 3763 (2209) steps (0.0006 hrs) -nan:-nan 30513 (86) sec
[420] Ep10000: Max 3763 (2376) steps (0.0007 hrs) -nan:-nan 30598 (85) sec
[421] Ep10000: Max 3763 (2337) steps (0.0006 hrs) -nan:-nan 30691 (93) sec
[422] Ep10000: Max 3763 (2365) steps (0.0007 hrs) -nan:-nan 30756 (65) sec
[423] Ep10000: Max 3763 (2295) steps (0.0006 hrs) -nan:-nan 30819 (63) sec
[424] Ep10000: Max 3763 (1985) steps (0.0006 hrs) -nan:-nan 30881 (62) sec
[425] Ep10000: Max 3763 (1437) steps (0.0004 hrs) -nan:-nan 30907 (26) sec
[426] Ep10000: Max 3763 (2212) steps (0.0006 hrs) -nan:-nan 30967 (60) sec
[427] Ep10000: Max 3763 (2071) steps (0.0006 hrs) -nan:-nan 31027 (60) sec
[428] Ep10000: Max 3763 (2978) steps (0.0008 hrs) -nan:-nan 31084 (57) sec
[429] Ep10000: Max 5497 (5497) steps (0.0015 hrs) -nan:-nan 31130 (46) sec
[430] Ep10000: Max 5497 (2509) steps (0.0007 hrs) -nan:-nan 31192 (62) sec
[431] Ep10000: Max 5497 (1884) steps (0.0005 hrs) -nan:-nan 31247 (55) sec
[432] Ep10000: Max 5497 (2148) steps (0.0006 hrs) -nan:-nan 31312 (65) sec
[433] Ep10000: Max 5497 (2188) steps (0.0006 hrs) -nan:-nan 31372 (60) sec
[434] Ep10000: Max 5497 (2051) steps (0.0006 hrs) -nan:-nan 31434 (62) sec
[435] Ep10000: Max 5497 (2463) steps (0.0007 hrs) -nan:-nan 31494 (60) sec
[436] Ep10000: Max 5497 (2754) steps (0.0008 hrs) -nan:-nan 31555 (61) sec
[437] Ep10000: Max 5497 (2418) steps (0.0007 hrs) -nan:-nan 31618 (63) sec
[438] Ep10000: Max 5497 (2386) steps (0.0007 hrs) -nan:-nan 31678 (60) sec
[439] Ep10000: Max 5497 (1988) steps (0.0006 hrs) -nan:-nan 31743 (65) sec
[440] Ep10000: Max 5497 (2290) steps (0.0006 hrs) -nan:-nan 31804 (61) sec
[441] Ep10000: Max 5497 (1391) steps (0.0004 hrs) -nan:-nan 31849 (45) sec
[442] Ep10000: Max 5497 (2114) steps (0.0006 hrs) -nan:-nan 31910 (61) sec
[443] Ep10000: Max 5497 (2036) steps (0.0006 hrs) -nan:-nan 31972 (62) sec
[444] Ep10000: Max 5497 (2287) steps (0.0006 hrs) -nan:-nan 32032 (60) sec
[445] Ep10000: Max 5497 (2663) steps (0.0007 hrs) -nan:-nan 32094 (62) sec
[446] Ep10000: Max 5497 (500) steps (0.0001 hrs) -nan:-nan 32140 (46) sec
[447] Ep10000: Max 5497 (2451) steps (0.0007 hrs) -nan:-nan 32205 (65) sec
[448] Ep10000: Max 5497 (1041) steps (0.0003 hrs) -nan:-nan 32251 (46) sec
[449] Ep10000: Max 5497 (2055) steps (0.0006 hrs) -nan:-nan 32314 (63) sec
[450] Ep10000: Max 5497 (2050) steps (0.0006 hrs) -nan:-nan 32373 (59) sec
[451] Ep10000: Max 5497 (3955) steps (0.0011 hrs) -nan:-nan 32418 (45) sec
[452] Ep10000: Max 5497 (1988) steps (0.0006 hrs) -nan:-nan 32480 (62) sec
[453] Ep10000: Max 5497 (2228) steps (0.0006 hrs) -nan:-nan 32545 (65) sec
[454] Ep10000: Max 5497 (2626) steps (0.0007 hrs) -nan:-nan 32607 (62) sec
[455] Ep10000: Max 5497 (2646) steps (0.0007 hrs) -nan:-nan 32667 (60) sec
[456] Ep10000: Max 5497 (2520) steps (0.0007 hrs) -nan:-nan 32731 (64) sec
[457] Ep10000: Max 5497 (2064) steps (0.0006 hrs) -nan:-nan 32793 (62) sec
[458] Ep10000: Max 5497 (2710) steps (0.0008 hrs) -nan:-nan 32849 (56) sec
[459] Ep10000: Max 5497 (1754) steps (0.0005 hrs) -nan:-nan 32905 (56) sec
[460] Ep10000: Max 5497 (2732) steps (0.0008 hrs) -nan:-nan 32968 (63) sec
[461] Ep10000: Max 5497 (2150) steps (0.0006 hrs) -nan:-nan 33029 (61) sec
[462] Ep10000: Max 5497 (2143) steps (0.0006 hrs) -nan:-nan 33088 (59) sec
[463] Ep10000: Max 5497 (2007) steps (0.0006 hrs) -nan:-nan 33149 (61) sec
[464] Ep10000: Max 5497 (2523) steps (0.0007 hrs) -nan:-nan 33209 (60) sec
[465] Ep10000: Max 5497 (2038) steps (0.0006 hrs) -nan:-nan 33272 (63) sec
[466] Ep10000: Max 5497 (1881) steps (0.0005 hrs) -nan:-nan 33322 (50) sec
[467] Ep10000: Max 5497 (2692) steps (0.0007 hrs) -nan:-nan 33391 (69) sec
[468] Ep10000: Max 5497 (2377) steps (0.0007 hrs) -nan:-nan 33453 (62) sec
[469] Ep10000: Max 5497 (2222) steps (0.0006 hrs) -nan:-nan 33518 (65) sec
[470] Ep10000: Max 5497 (2023) steps (0.0006 hrs) -nan:-nan 33581 (63) sec
[471] Ep10000: Max 5497 (2538) steps (0.0007 hrs) -nan:-nan 33644 (63) sec
[472] Ep10000: Max 5497 (2061) steps (0.0006 hrs) -nan:-nan 33711 (67) sec
[473] Ep10000: Max 5497 (2290) steps (0.0006 hrs) -nan:-nan 33772 (61) sec
[474] Ep10000: Max 5497 (1875) steps (0.0005 hrs) -nan:-nan 33798 (26) sec
[475] Ep10000: Max 5497 (2319) steps (0.0006 hrs) -nan:-nan 33856 (58) sec
[476] Ep10000: Max 5497 (2065) steps (0.0006 hrs) -nan:-nan 33920 (64) sec
[477] Ep10000: Max 5497 (2420) steps (0.0007 hrs) -nan:-nan 33991 (71) sec
[478] Ep10000: Max 5497 (2304) steps (0.0006 hrs) -nan:-nan 34062 (71) sec
[479] Ep10000: Max 5497 (2167) steps (0.0006 hrs) -nan:-nan 34132 (70) sec
[480] Ep10000: Max 5497 (1975) steps (0.0005 hrs) -nan:-nan 34205 (73) sec
[481] Ep10000: Max 5497 (2467) steps (0.0007 hrs) -nan:-nan 34273 (68) sec
[482] Ep10000: Max 5497 (1942) steps (0.0005 hrs) -nan:-nan 34342 (69) sec
[483] Ep10000: Max 5497 (1828) steps (0.0005 hrs) -nan:-nan 34407 (65) sec
[484] Ep10000: Max 5497 (2110) steps (0.0006 hrs) -nan:-nan 34474 (67) sec
[485] Ep10000: Max 5497 (1951) steps (0.0005 hrs) -nan:-nan 34544 (70) sec
[486] Ep10000: Max 5497 (1847) steps (0.0005 hrs) -nan:-nan 34583 (39) sec
[487] Ep10000: Max 5497 (2093) steps (0.0006 hrs) -nan:-nan 34651 (68) sec
[488] Ep10000: Max 5497 (2222) steps (0.0006 hrs) -nan:-nan 34718 (67) sec
[489] Ep10000: Max 5497 (2310) steps (0.0006 hrs) -nan:-nan 34786 (68) sec
[490] Ep10000: Max 5497 (2249) steps (0.0006 hrs) -nan:-nan 34856 (70) sec
[491] Ep10000: Max 5497 (1901) steps (0.0005 hrs) -nan:-nan 34922 (66) sec
[492] Ep10000: Max 5497 (1655) steps (0.0005 hrs) -nan:-nan 34978 (56) sec
[493] Ep10000: Max 5497 (2058) steps (0.0006 hrs) -nan:-nan 35044 (66) sec
[494] Ep10000: Max 5497 (2083) steps (0.0006 hrs) -nan:-nan 35112 (68) sec
[495] Ep10000: Max 5497 (2380) steps (0.0007 hrs) -nan:-nan 35180 (68) sec
[496] Ep10000: Max 5497 (3062) steps (0.0009 hrs) -nan:-nan 35248 (68) sec
[497] Ep10000: Max 5497 (2464) steps (0.0007 hrs) -nan:-nan 35313 (65) sec
[498] Ep10000: Max 5497 (2378) steps (0.0007 hrs) -nan:-nan 35385 (72) sec
[499] Ep10000: Max 5497 (541) steps (0.0002 hrs) -nan:-nan 35407 (22) sec
[500] Ep10000: Max 5497 (2722) steps (0.0008 hrs) -nan:-nan 35473 (66) sec
[501] Ep10000: Max 5497 (3355) steps (0.0009 hrs) -nan:-nan 35547 (74) sec
[502] Ep10000: Max 5497 (1355) steps (0.0004 hrs) -nan:-nan 35591 (44) sec
[503] Ep10000: Max 5497 (741) steps (0.0002 hrs) -nan:-nan 35616 (25) sec
[504] Ep10000: Max 5497 (2337) steps (0.0006 hrs) -nan:-nan 35692 (76) sec
[505] Ep10000: Max 5497 (2055) steps (0.0006 hrs) -nan:-nan 35768 (76) sec
[506] Ep10000: Max 5497 (2332) steps (0.0006 hrs) -nan:-nan 35847 (79) sec
[507] Ep10000: Max 5497 (2064) steps (0.0006 hrs) -nan:-nan 35890 (43) sec
[508] Ep10000: Max 5497 (586) steps (0.0002 hrs) -nan:-nan 35952 (62) sec
[509] Ep10000: Max 5497 (740) steps (0.0002 hrs) -nan:-nan 35978 (26) sec
[510] Ep10000: Max 5497 (2140) steps (0.0006 hrs) -nan:-nan 36058 (80) sec
[511] Ep10000: Max 5497 (2380) steps (0.0007 hrs) -nan:-nan 36142 (84) sec
[512] Ep10000: Max 5497 (2396) steps (0.0007 hrs) -nan:-nan 36213 (71) sec
[513] Ep10000: Max 5497 (2371) steps (0.0007 hrs) -nan:-nan 36292 (79) sec
[514] Ep10000: Max 5497 (2041) steps (0.0006 hrs) -nan:-nan 36372 (80) sec
[515] Ep10000: Max 5497 (2052) steps (0.0006 hrs) -nan:-nan 36445 (73) sec
[516] Ep10000: Max 5497 (2180) steps (0.0006 hrs) -nan:-nan 36522 (77) sec
[517] Ep10000: Max 5497 (2669) steps (0.0007 hrs) -nan:-nan 36600 (78) sec
[518] Ep10000: Max 5497 (1899) steps (0.0005 hrs) -nan:-nan 36652 (52) sec
[519] Ep10000: Max 5497 (1721) steps (0.0005 hrs) -nan:-nan 36704 (52) sec
[520] Ep10000: Max 5497 (564) steps (0.0002 hrs) -nan:-nan 36763 (59) sec
[521] Ep10000: Max 5497 (1939) steps (0.0005 hrs) -nan:-nan 36845 (82) sec
[522] Ep10000: Max 5497 (2134) steps (0.0006 hrs) -nan:-nan 36885 (40) sec
[523] Ep10000: Max 5497 (2118) steps (0.0006 hrs) -nan:-nan 36963 (78) sec
[524] Ep10000: Max 5497 (1538) steps (0.0004 hrs) -nan:-nan 36992 (29) sec
[525] Ep10000: Max 5497 (2148) steps (0.0006 hrs) -nan:-nan 37070 (78) sec
[526] Ep10000: Max 5497 (1931) steps (0.0005 hrs) -nan:-nan 37146 (76) sec
[527] Ep10000: Max 5497 (2052) steps (0.0006 hrs) -nan:-nan 37225 (79) sec
[528] Ep10000: Max 5497 (2155) steps (0.0006 hrs) -nan:-nan 37299 (74) sec
[529] Ep10000: Max 5497 (2161) steps (0.0006 hrs) -nan:-nan 37377 (78) sec
[530] Ep10000: Max 5497 (2477) steps (0.0007 hrs) -nan:-nan 37455 (78) sec
[531] Ep10000: Max 5497 (2329) steps (0.0006 hrs) -nan:-nan 37525 (70) sec
[532] Ep10000: Max 5497 (2408) steps (0.0007 hrs) -nan:-nan 37599 (74) sec
[533] Ep10000: Max 5497 (1836) steps (0.0005 hrs) -nan:-nan 37676 (77) sec
[534] Ep10000: Max 5497 (2055) steps (0.0006 hrs) -nan:-nan 37751 (75) sec
[535] Ep10000: Max 5497 (2394) steps (0.0007 hrs) -nan:-nan 37833 (82) sec
[536] Ep10000: Max 5497 (2070) steps (0.0006 hrs) -nan:-nan 37907 (74) sec
[537] Ep10000: Max 5497 (773) steps (0.0002 hrs) -nan:-nan 37934 (27) sec
[538] Ep10000: Max 5497 (3015) steps (0.0008 hrs) -nan:-nan 38012 (78) sec
[539] Ep10000: Max 5497 (2072) steps (0.0006 hrs) -nan:-nan 38085 (73) sec
[540] Ep10000: Max 5497 (2204) steps (0.0006 hrs) -nan:-nan 38148 (63) sec
[541] Ep10000: Max 5497 (1846) steps (0.0005 hrs) -nan:-nan 38222 (74) sec
[542] Ep10000: Max 5497 (2346) steps (0.0007 hrs) -nan:-nan 38296 (74) sec
[543] Ep10000: Max 5497 (1419) steps (0.0004 hrs) -nan:-nan 38364 (68) sec
[544] Ep10000: Max 5497 (2212) steps (0.0006 hrs) -nan:-nan 38442 (78) sec
[545] Ep10000: Max 5497 (2537) steps (0.0007 hrs) -nan:-nan 38521 (79) sec
[546] Ep10000: Max 5497 (1950) steps (0.0005 hrs) -nan:-nan 38576 (55) sec
[547] Ep10000: Max 5497 (2250) steps (0.0006 hrs) -nan:-nan 38656 (80) sec
[548] Ep10000: Max 5497 (2320) steps (0.0006 hrs) -nan:-nan 38733 (77) sec
[549] Ep10000: Max 5497 (2554) steps (0.0007 hrs) -nan:-nan 38807 (74) sec
[550] Ep10000: Max 5497 (2041) steps (0.0006 hrs) -nan:-nan 38882 (75) sec
[551] Ep10000: Max 5497 (2341) steps (0.0007 hrs) -nan:-nan 38959 (77) sec
[552] Ep10000: Max 5497 (2076) steps (0.0006 hrs) -nan:-nan 39032 (73) sec
[553] Ep10000: Max 5497 (2353) steps (0.0007 hrs) -nan:-nan 39107 (75) sec
[554] Ep10000: Max 5497 (2305) steps (0.0006 hrs) -nan:-nan 39183 (76) sec
[555] Ep10000: Max 5497 (1800) steps (0.0005 hrs) -nan:-nan 39253 (70) sec
[556] Ep10000: Max 5497 (2137) steps (0.0006 hrs) -nan:-nan 39323 (70) sec
[557] Ep10000: Max 5497 (2742) steps (0.0008 hrs) -nan:-nan 39393 (70) sec
[558] Ep10000: Max 5497 (2488) steps (0.0007 hrs) -nan:-nan 39445 (52) sec
[559] Ep10000: Max 5497 (912) steps (0.0003 hrs) -nan:-nan 39474 (29) sec
[560] Ep10000: Max 5497 (2238) steps (0.0006 hrs) -nan:-nan 39550 (76) sec
[561] Ep10000: Max 5497 (2433) steps (0.0007 hrs) -nan:-nan 39622 (72) sec
[562] Ep10000: Max 5497 (2319) steps (0.0006 hrs) -nan:-nan 39695 (73) sec
[563] Ep10000: Max 5497 (2013) steps (0.0006 hrs) -nan:-nan 39768 (73) sec
[564] Ep10000: Max 5497 (1849) steps (0.0005 hrs) -nan:-nan 39847 (79) sec
[565] Ep10000: Max 5497 (1324) steps (0.0004 hrs) -nan:-nan 39873 (26) sec
[566] Ep10000: Max 5497 (2634) steps (0.0007 hrs) -nan:-nan 39954 (81) sec
[567] Ep10000: Max 5497 (2213) steps (0.0006 hrs) -nan:-nan 40031 (77) sec
[568] Ep10000: Max 5497 (2239) steps (0.0006 hrs) -nan:-nan 40104 (73) sec
[569] Ep10000: Max 5497 (2002) steps (0.0006 hrs) -nan:-nan 40175 (71) sec
[570] Ep10000: Max 5497 (1961) steps (0.0005 hrs) -nan:-nan 40250 (75) sec
[571] Ep10000: Max 5497 (2720) steps (0.0008 hrs) -nan:-nan 40326 (76) sec
[572] Ep10000: Max 5497 (2152) steps (0.0006 hrs) -nan:-nan 40402 (76) sec
[573] Ep10000: Max 5497 (2816) steps (0.0008 hrs) -nan:-nan 40472 (70) sec
[574] Ep10000: Max 5497 (2128) steps (0.0006 hrs) -nan:-nan 40550 (78) sec
[575] Ep10000: Max 5497 (2264) steps (0.0006 hrs) -nan:-nan 40636 (86) sec
[576] Ep10000: Max 5497 (2478) steps (0.0007 hrs) -nan:-nan 40717 (81) sec
[577] Ep10000: Max 5497 (1991) steps (0.0006 hrs) -nan:-nan 40792 (75) sec
[578] Ep10000: Max 5497 (2511) steps (0.0007 hrs) -nan:-nan 40865 (73) sec
[579] Ep10000: Max 5497 (1288) steps (0.0004 hrs) -nan:-nan 40889 (24) sec
[580] Ep10000: Max 5497 (3165) steps (0.0009 hrs) -nan:-nan 40965 (76) sec
[581] Ep10000: Max 5497 (2712) steps (0.0008 hrs) -nan:-nan 41032 (67) sec
[582] Ep10000: Max 5497 (2353) steps (0.0007 hrs) -nan:-nan 41109 (77) sec
[583] Ep10000: Max 5497 (2701) steps (0.0008 hrs) -nan:-nan 41183 (74) sec
[584] Ep10000: Max 5497 (2549) steps (0.0007 hrs) -nan:-nan 41256 (73) sec
[585] Ep10000: Max 5497 (2096) steps (0.0006 hrs) -nan:-nan 41330 (74) sec
[586] Ep10000: Max 5497 (1943) steps (0.0005 hrs) -nan:-nan 41405 (75) sec
[587] Ep10000: Max 5497 (2114) steps (0.0006 hrs) -nan:-nan 41485 (80) sec
[588] Ep10000: Max 5497 (2171) steps (0.0006 hrs) -nan:-nan 41565 (80) sec
[589] Ep10000: Max 5497 (2313) steps (0.0006 hrs) -nan:-nan 41622 (57) sec
[590] Ep10000: Max 5497 (2172) steps (0.0006 hrs) -nan:-nan 41692 (70) sec
[591] Ep10000: Max 5497 (1959) steps (0.0005 hrs) -nan:-nan 41768 (76) sec
[592] Ep10000: Max 5497 (1916) steps (0.0005 hrs) -nan:-nan 41847 (79) sec
[593] Ep10000: Max 5497 (2398) steps (0.0007 hrs) -nan:-nan 41929 (82) sec
[594] Ep10000: Max 5497 (2373) steps (0.0007 hrs) -nan:-nan 42005 (76) sec
[595] Ep10000: Max 5497 (2302) steps (0.0006 hrs) -nan:-nan 42081 (76) sec
[596] Ep10000: Max 5497 (2135) steps (0.0006 hrs) -nan:-nan 42141 (60) sec
[597] Ep10000: Max 5497 (735) steps (0.0002 hrs) -nan:-nan 42168 (27) sec
[598] Ep10000: Max 5497 (3511) steps (0.0010 hrs) -nan:-nan 42241 (73) sec
[599] Ep10000: Max 5497 (2020) steps (0.0006 hrs) -nan:-nan 42317 (76) sec
[600] Ep10000: Max 5497 (1925) steps (0.0005 hrs) -nan:-nan 42391 (74) sec
[601] Ep10000: Max 5497 (2230) steps (0.0006 hrs) -nan:-nan 42467 (76) sec
[602] Ep10000: Max 5497 (2839) steps (0.0008 hrs) -nan:-nan 42538 (71) sec
[603] Ep10000: Max 5497 (2038) steps (0.0006 hrs) -nan:-nan 42614 (76) sec
[604] Ep10000: Max 5497 (2339) steps (0.0006 hrs) -nan:-nan 42692 (78) sec
[605] Ep10000: Max 5497 (2025) steps (0.0006 hrs) -nan:-nan 42748 (56) sec
[606] Ep10000: Max 5497 (2361) steps (0.0007 hrs) -nan:-nan 42827 (79) sec
[607] Ep10000: Max 5497 (2063) steps (0.0006 hrs) -nan:-nan 42909 (82) sec
[608] Ep10000: Max 5497 (1144) steps (0.0003 hrs) -nan:-nan 42970 (61) sec
[609] Ep10000: Max 5497 (2185) steps (0.0006 hrs) -nan:-nan 43045 (75) sec
[610] Ep10000: Max 5497 (2297) steps (0.0006 hrs) -nan:-nan 43123 (78) sec
[611] Ep10000: Max 5497 (2754) steps (0.0008 hrs) -nan:-nan 43195 (72) sec
[612] Ep10000: Max 5497 (1080) steps (0.0003 hrs) -nan:-nan 43218 (23) sec
[613] Ep10000: Max 5497 (2052) steps (0.0006 hrs) -nan:-nan 43289 (71) sec
[614] Ep10000: Max 5497 (2801) steps (0.0008 hrs) -nan:-nan 43362 (73) sec
[615] Ep10000: Max 5497 (2279) steps (0.0006 hrs) -nan:-nan 43434 (72) sec
[616] Ep10000: Max 5497 (2268) steps (0.0006 hrs) -nan:-nan 43507 (73) sec
[617] Ep10000: Max 5497 (2476) steps (0.0007 hrs) -nan:-nan 43578 (71) sec
[618] Ep10000: Max 5497 (2172) steps (0.0006 hrs) -nan:-nan 43653 (75) sec
[619] Ep10000: Max 5497 (1929) steps (0.0005 hrs) -nan:-nan 43721 (68) sec
[620] Ep10000: Max 5497 (755) steps (0.0002 hrs) -nan:-nan 43743 (22) sec
[621] Ep10000: Max 5497 (2166) steps (0.0006 hrs) -nan:-nan 43808 (65) sec
[622] Ep10000: Max 5497 (1960) steps (0.0005 hrs) -nan:-nan 43882 (74) sec
[623] Ep10000: Max 5497 (2384) steps (0.0007 hrs) -nan:-nan 43952 (70) sec
[624] Ep10000: Max 5497 (2195) steps (0.0006 hrs) -nan:-nan 44030 (78) sec
[625] Ep10000: Max 5497 (2188) steps (0.0006 hrs) -nan:-nan 44110 (80) sec
[626] Ep10000: Max 5497 (2321) steps (0.0006 hrs) -nan:-nan 44181 (71) sec
[627] Ep10000: Max 5497 (1986) steps (0.0006 hrs) -nan:-nan 44252 (71) sec
[628] Ep10000: Max 5497 (2580) steps (0.0007 hrs) -nan:-nan 44328 (76) sec
[629] Ep10000: Max 5497 (2520) steps (0.0007 hrs) -nan:-nan 44405 (77) sec
[630] Ep10000: Max 5497 (2332) steps (0.0006 hrs) -nan:-nan 44480 (75) sec
[631] Ep10000: Max 5497 (2249) steps (0.0006 hrs) -nan:-nan 44557 (77) sec
[632] Ep10000: Max 5497 (2021) steps (0.0006 hrs) -nan:-nan 44630 (73) sec
[633] Ep10000: Max 5497 (1315) steps (0.0004 hrs) -nan:-nan 44688 (58) sec
[634] Ep10000: Max 5497 (2175) steps (0.0006 hrs) -nan:-nan 44750 (62) sec
[635] Ep10000: Max 5497 (2252) steps (0.0006 hrs) -nan:-nan 44823 (73) sec
[636] Ep10000: Max 5497 (2575) steps (0.0007 hrs) -nan:-nan 44899 (76) sec
[637] Ep10000: Max 5497 (2213) steps (0.0006 hrs) -nan:-nan 44964 (65) sec
[638] Ep10000: Max 5497 (2254) steps (0.0006 hrs) -nan:-nan 45035 (71) sec
[639] Ep10000: Max 5497 (2553) steps (0.0007 hrs) -nan:-nan 45109 (74) sec
[640] Ep10000: Max 5497 (2746) steps (0.0008 hrs) -nan:-nan 45178 (69) sec
[641] Ep10000: Max 5497 (2618) steps (0.0007 hrs) -nan:-nan 45252 (74) sec
[642] Ep10000: Max 5497 (2483) steps (0.0007 hrs) -nan:-nan 45321 (69) sec
[643] Ep10000: Max 5497 (2148) steps (0.0006 hrs) -nan:-nan 45388 (67) sec
[644] Ep10000: Max 5497 (2214) steps (0.0006 hrs) -nan:-nan 45457 (69) sec
[645] Ep10000: Max 5497 (1942) steps (0.0005 hrs) -nan:-nan 45526 (69) sec
[646] Ep10000: Max 5497 (2351) steps (0.0007 hrs) -nan:-nan 45598 (72) sec
[647] Ep10000: Max 5497 (3032) steps (0.0008 hrs) -nan:-nan 45672 (74) sec
[648] Ep10000: Max 5497 (1890) steps (0.0005 hrs) -nan:-nan 45745 (73) sec
[649] Ep10000: Max 5497 (1698) steps (0.0005 hrs) -nan:-nan 45816 (71) sec
[650] Ep10000: Max 5497 (2271) steps (0.0006 hrs) -nan:-nan 45889 (73) sec
[651] Ep10000: Max 5497 (2119) steps (0.0006 hrs) -nan:-nan 45957 (68) sec
[652] Ep10000: Max 5497 (2287) steps (0.0006 hrs) -nan:-nan 46028 (71) sec
[653] Ep10000: Max 5497 (2177) steps (0.0006 hrs) -nan:-nan 46071 (43) sec
[654] Ep10000: Max 5497 (2045) steps (0.0006 hrs) -nan:-nan 46143 (72) sec
[655] Ep10000: Max 5497 (2063) steps (0.0006 hrs) -nan:-nan 46212 (69) sec
[656] Ep10000: Max 5497 (1985) steps (0.0006 hrs) -nan:-nan 46288 (76) sec
[657] Ep10000: Max 5497 (2326) steps (0.0006 hrs) -nan:-nan 46361 (73) sec
[658] Ep10000: Max 5497 (2316) steps (0.0006 hrs) -nan:-nan 46440 (79) sec
[659] Ep10000: Max 5497 (2602) steps (0.0007 hrs) -nan:-nan 46513 (73) sec
[660] Ep10000: Max 5497 (2381) steps (0.0007 hrs) -nan:-nan 46589 (76) sec
[661] Ep10000: Max 5497 (2477) steps (0.0007 hrs) -nan:-nan 46656 (67) sec
[662] Ep10000: Max 5497 (2029) steps (0.0006 hrs) -nan:-nan 46725 (69) sec
[663] Ep10000: Max 5497 (2321) steps (0.0006 hrs) -nan:-nan 46786 (61) sec
[664] Ep10000: Max 5497 (1958) steps (0.0005 hrs) -nan:-nan 46862 (76) sec
[665] Ep10000: Max 5497 (2333) steps (0.0006 hrs) -nan:-nan 46934 (72) sec
[666] Ep10000: Max 5497 (2623) steps (0.0007 hrs) -nan:-nan 47007 (73) sec
[667] Ep10000: Max 5497 (1594) steps (0.0004 hrs) -nan:-nan 47063 (56) sec
[668] Ep10000: Max 5497 (2379) steps (0.0007 hrs) -nan:-nan 47136 (73) sec
[669] Ep10000: Max 5497 (2426) steps (0.0007 hrs) -nan:-nan 47202 (66) sec
[670] Ep10000: Max 5497 (2172) steps (0.0006 hrs) -nan:-nan 47267 (65) sec
[671] Ep10000: Max 5497 (2356) steps (0.0007 hrs) -nan:-nan 47340 (73) sec
[672] Ep10000: Max 5497 (2357) steps (0.0007 hrs) -nan:-nan 47409 (69) sec
[673] Ep10000: Max 5497 (2706) steps (0.0008 hrs) -nan:-nan 47481 (72) sec
[674] Ep10000: Max 5497 (3073) steps (0.0009 hrs) -nan:-nan 47545 (64) sec
[675] Ep10000: Max 5497 (2487) steps (0.0007 hrs) -nan:-nan 47619 (74) sec
[676] Ep10000: Max 5497 (2122) steps (0.0006 hrs) -nan:-nan 47690 (71) sec
[677] Ep10000: Max 5497 (2270) steps (0.0006 hrs) -nan:-nan 47760 (70) sec
[678] Ep10000: Max 5497 (2172) steps (0.0006 hrs) -nan:-nan 47820 (60) sec
[679] Ep10000: Max 5497 (2747) steps (0.0008 hrs) -nan:-nan 47897 (77) sec
[680] Ep10000: Max 5497 (1870) steps (0.0005 hrs) -nan:-nan 47953 (56) sec
[681] Ep10000: Max 5497 (698) steps (0.0002 hrs) -nan:-nan 47978 (25) sec
[682] Ep10000: Max 5497 (2032) steps (0.0006 hrs) -nan:-nan 48047 (69) sec
[683] Ep10000: Max 5497 (2315) steps (0.0006 hrs) -nan:-nan 48116 (69) sec
[684] Ep10000: Max 5497 (2090) steps (0.0006 hrs) -nan:-nan 48182 (66) sec
[685] Ep10000: Max 5497 (2197) steps (0.0006 hrs) -nan:-nan 48252 (70) sec
[686] Ep10000: Max 5497 (2208) steps (0.0006 hrs) -nan:-nan 48303 (51) sec
[687] Ep10000: Max 5497 (1451) steps (0.0004 hrs) -nan:-nan 48341 (38) sec
[688] Ep10000: Max 5497 (1542) steps (0.0004 hrs) -nan:-nan 48396 (55) sec
[689] Ep10000: Max 5497 (1877) steps (0.0005 hrs) -nan:-nan 48465 (69) sec
[690] Ep10000: Max 5497 (2059) steps (0.0006 hrs) -nan:-nan 48525 (60) sec
[691] Ep10000: Max 5497 (2181) steps (0.0006 hrs) -nan:-nan 48599 (74) sec
[692] Ep10000: Max 5497 (2307) steps (0.0006 hrs) -nan:-nan 48685 (86) sec
[693] Ep10000: Max 5497 (2288) steps (0.0006 hrs) -nan:-nan 48767 (82) sec
[694] Ep10000: Max 5497 (2252) steps (0.0006 hrs) -nan:-nan 48841 (74) sec
[695] Ep10000: Max 5497 (2318) steps (0.0006 hrs) -nan:-nan 48914 (73) sec
[696] Ep10000: Max 5497 (2856) steps (0.0008 hrs) -nan:-nan 48985 (71) sec
[697] Ep10000: Max 5497 (2250) steps (0.0006 hrs) -nan:-nan 49044 (59) sec
[698] Ep10000: Max 5497 (2283) steps (0.0006 hrs) -nan:-nan 49117 (73) sec
[699] Ep10000: Max 5497 (2353) steps (0.0007 hrs) -nan:-nan 49197 (80) sec
[700] Ep10000: Max 5955 (5955) steps (0.0017 hrs) -nan:-nan 49252 (55) sec
[701] Ep10000: Max 5955 (2581) steps (0.0007 hrs) -nan:-nan 49321 (69) sec
[702] Ep10000: Max 5955 (1999) steps (0.0006 hrs) -nan:-nan 49383 (62) sec
[703] Ep10000: Max 5955 (2424) steps (0.0007 hrs) -nan:-nan 49459 (76) sec
[704] Ep10000: Max 5955 (1876) steps (0.0005 hrs) -nan:-nan 49534 (75) sec
[705] Ep10000: Max 5955 (2088) steps (0.0006 hrs) -nan:-nan 49609 (75) sec
[706] Ep10000: Max 5955 (1988) steps (0.0006 hrs) -nan:-nan 49683 (74) sec
[707] Ep10000: Max 5955 (2197) steps (0.0006 hrs) -nan:-nan 49747 (64) sec
[708] Ep10000: Max 5955 (2105) steps (0.0006 hrs) -nan:-nan 49806 (59) sec
[709] Ep10000: Max 5955 (2155) steps (0.0006 hrs) -nan:-nan 49869 (63) sec
[710] Ep10000: Max 5955 (2063) steps (0.0006 hrs) -nan:-nan 49932 (63) sec
[711] Ep10000: Max 5955 (2245) steps (0.0006 hrs) -nan:-nan 49991 (59) sec
[712] Ep10000: Max 5955 (2458) steps (0.0007 hrs) -nan:-nan 50058 (67) sec
[713] Ep10000: Max 5955 (1283) steps (0.0004 hrs) -nan:-nan 50085 (27) sec
[714] Ep10000: Max 5955 (1983) steps (0.0006 hrs) -nan:-nan 50159 (74) sec
[715] Ep10000: Max 5955 (2109) steps (0.0006 hrs) -nan:-nan 50224 (65) sec
[716] Ep10000: Max 5955 (2136) steps (0.0006 hrs) -nan:-nan 50284 (60) sec
[717] Ep10000: Max 5955 (2853) steps (0.0008 hrs) -nan:-nan 50345 (61) sec
[718] Ep10000: Max 5955 (2798) steps (0.0008 hrs) -nan:-nan 50406 (61) sec
[719] Ep10000: Max 5955 (2010) steps (0.0006 hrs) -nan:-nan 50468 (62) sec
[720] Ep10000: Max 5955 (2246) steps (0.0006 hrs) -nan:-nan 50530 (62) sec
[721] Ep10000: Max 5955 (2713) steps (0.0008 hrs) -nan:-nan 50601 (71) sec
[722] Ep10000: Max 5955 (2236) steps (0.0006 hrs) -nan:-nan 50666 (65) sec
[723] Ep10000: Max 5955 (2109) steps (0.0006 hrs) -nan:-nan 50728 (62) sec
[724] Ep10000: Max 5955 (2183) steps (0.0006 hrs) -nan:-nan 50804 (76) sec
[725] Ep10000: Max 5955 (2480) steps (0.0007 hrs) -nan:-nan 50891 (87) sec
[726] Ep10000: Max 5955 (1872) steps (0.0005 hrs) -nan:-nan 50967 (76) sec
[727] Ep10000: Max 5955 (2536) steps (0.0007 hrs) -nan:-nan 51051 (84) sec
[728] Ep10000: Max 5955 (2278) steps (0.0006 hrs) -nan:-nan 51141 (90) sec
[729] Ep10000: Max 5955 (2743) steps (0.0008 hrs) -nan:-nan 51241 (100) sec
[730] Ep10000: Max 5955 (2789) steps (0.0008 hrs) -nan:-nan 51326 (85) sec
[731] Ep10000: Max 5955 (2310) steps (0.0006 hrs) -nan:-nan 51413 (87) sec
[732] Ep10000: Max 5955 (2831) steps (0.0008 hrs) -nan:-nan 51511 (98) sec
[733] Ep10000: Max 5955 (2256) steps (0.0006 hrs) -nan:-nan 51607 (96) sec
[734] Ep10000: Max 5955 (2156) steps (0.0006 hrs) -nan:-nan 51695 (88) sec
[735] Ep10000: Max 5955 (2172) steps (0.0006 hrs) -nan:-nan 51774 (79) sec
[736] Ep10000: Max 5955 (2483) steps (0.0007 hrs) -nan:-nan 51851 (77) sec
[737] Ep10000: Max 5955 (2244) steps (0.0006 hrs) -nan:-nan 51921 (70) sec
[738] Ep10000: Max 5955 (2039) steps (0.0006 hrs) -nan:-nan 51962 (41) sec
[739] Ep10000: Max 5955 (2256) steps (0.0006 hrs) -nan:-nan 52039 (77) sec
[740] Ep10000: Max 5955 (2391) steps (0.0007 hrs) -nan:-nan 52139 (100) sec
[741] Ep10000: Max 5955 (2461) steps (0.0007 hrs) -nan:-nan 52220 (81) sec
[742] Ep10000: Max 5955 (2132) steps (0.0006 hrs) -nan:-nan 52289 (69) sec
[743] Ep10000: Max 5955 (2230) steps (0.0006 hrs) -nan:-nan 52357 (68) sec
[744] Ep10000: Max 5955 (2268) steps (0.0006 hrs) -nan:-nan 52429 (72) sec
[745] Ep10000: Max 5955 (858) steps (0.0002 hrs) -nan:-nan 52452 (23) sec
[746] Ep10000: Max 5955 (2176) steps (0.0006 hrs) -nan:-nan 52514 (62) sec
[747] Ep10000: Max 5955 (1823) steps (0.0005 hrs) -nan:-nan 52565 (51) sec
[748] Ep10000: Max 5955 (2433) steps (0.0007 hrs) -nan:-nan 52638 (73) sec
[749] Ep10000: Max 5955 (2063) steps (0.0006 hrs) -nan:-nan 52725 (87) sec
[750] Ep10000: Max 5955 (2103) steps (0.0006 hrs) -nan:-nan 52838 (113) sec
[751] Ep10000: Max 5955 (2121) steps (0.0006 hrs) -nan:-nan 52927 (89) sec
[752] Ep10000: Max 5955 (1860) steps (0.0005 hrs) -nan:-nan 53012 (85) sec
[753] Ep10000: Max 5955 (1560) steps (0.0004 hrs) -nan:-nan 53057 (45) sec
[754] Ep10000: Max 5955 (1998) steps (0.0006 hrs) -nan:-nan 53158 (101) sec
[755] Ep10000: Max 5955 (2336) steps (0.0006 hrs) -nan:-nan 53269 (111) sec
[756] Ep10000: Max 5955 (2183) steps (0.0006 hrs) -nan:-nan 53365 (96) sec
[757] Ep10000: Max 5955 (2728) steps (0.0008 hrs) -nan:-nan 53446 (81) sec
[758] Ep10000: Max 5955 (2165) steps (0.0006 hrs) -nan:-nan 53500 (54) sec
[759] Ep10000: Max 5955 (1950) steps (0.0005 hrs) -nan:-nan 53570 (70) sec
[760] Ep10000: Max 5955 (2143) steps (0.0006 hrs) -nan:-nan 53629 (59) sec
[761] Ep10000: Max 5955 (2425) steps (0.0007 hrs) -nan:-nan 53695 (66) sec
[762] Ep10000: Max 5955 (2410) steps (0.0007 hrs) -nan:-nan 53773 (78) sec
[763] Ep10000: Max 5955 (2021) steps (0.0006 hrs) -nan:-nan 53858 (85) sec
[764] Ep10000: Max 5955 (2222) steps (0.0006 hrs) -nan:-nan 53935 (77) sec
[765] Ep10000: Max 5955 (2384) steps (0.0007 hrs) -nan:-nan 54007 (72) sec
[766] Ep10000: Max 5955 (2054) steps (0.0006 hrs) -nan:-nan 54050 (43) sec
[767] Ep10000: Max 5955 (2440) steps (0.0007 hrs) -nan:-nan 54126 (76) sec
[768] Ep10000: Max 5955 (2153) steps (0.0006 hrs) -nan:-nan 54219 (93) sec
[769] Ep10000: Max 5955 (2262) steps (0.0006 hrs) -nan:-nan 54313 (94) sec
[770] Ep10000: Max 5955 (2083) steps (0.0006 hrs) -nan:-nan 54396 (83) sec
[771] Ep10000: Max 5955 (1971) steps (0.0005 hrs) -nan:-nan 54487 (91) sec
[772] Ep10000: Max 5955 (2375) steps (0.0007 hrs) -nan:-nan 54576 (89) sec
[773] Ep10000: Max 5955 (2221) steps (0.0006 hrs) -nan:-nan 54663 (87) sec
[774] Ep10000: Max 5955 (1909) steps (0.0005 hrs) -nan:-nan 54736 (73) sec
[775] Ep10000: Max 5955 (2785) steps (0.0008 hrs) -nan:-nan 54817 (81) sec
[776] Ep10000: Max 5955 (2174) steps (0.0006 hrs) -nan:-nan 54900 (83) sec
[777] Ep10000: Max 5955 (2000) steps (0.0006 hrs) -nan:-nan 54949 (49) sec
[778] Ep10000: Max 5955 (2456) steps (0.0007 hrs) -nan:-nan 55028 (79) sec
[779] Ep10000: Max 5955 (1991) steps (0.0006 hrs) -nan:-nan 55100 (72) sec
[780] Ep10000: Max 5955 (2631) steps (0.0007 hrs) -nan:-nan 55163 (63) sec
[781] Ep10000: Max 5955 (2499) steps (0.0007 hrs) -nan:-nan 55251 (88) sec
[782] Ep10000: Max 5955 (2364) steps (0.0007 hrs) -nan:-nan 55357 (106) sec
[783] Ep10000: Max 5955 (2259) steps (0.0006 hrs) -nan:-nan 55452 (95) sec
[784] Ep10000: Max 5955 (1866) steps (0.0005 hrs) -nan:-nan 55552 (100) sec
[785] Ep10000: Max 5955 (1915) steps (0.0005 hrs) -nan:-nan 55612 (60) sec
[786] Ep10000: Max 5955 (1812) steps (0.0005 hrs) -nan:-nan 55678 (66) sec
[787] Ep10000: Max 5955 (2130) steps (0.0006 hrs) -nan:-nan 55780 (102) sec
[788] Ep10000: Max 5955 (1964) steps (0.0005 hrs) -nan:-nan 55892 (112) sec
[789] Ep10000: Max 5955 (1793) steps (0.0005 hrs) -nan:-nan 55986 (94) sec
[790] Ep10000: Max 5955 (2212) steps (0.0006 hrs) -nan:-nan 56070 (84) sec
[791] Ep10000: Max 5955 (2788) steps (0.0008 hrs) -nan:-nan 56150 (80) sec
[792] Ep10000: Max 5955 (2035) steps (0.0006 hrs) -nan:-nan 56231 (81) sec
[793] Ep10000: Max 5955 (2319) steps (0.0006 hrs) -nan:-nan 56319 (88) sec
[794] Ep10000: Max 5955 (2891) steps (0.0008 hrs) -nan:-nan 56399 (80) sec
[795] Ep10000: Max 5955 (2004) steps (0.0006 hrs) -nan:-nan 56477 (78) sec
[796] Ep10000: Max 5955 (1919) steps (0.0005 hrs) -nan:-nan 56555 (78) sec
[797] Ep10000: Max 5955 (2230) steps (0.0006 hrs) -nan:-nan 56594 (39) sec
[798] Ep10000: Max 5955 (1897) steps (0.0005 hrs) -nan:-nan 56646 (52) sec
[799] Ep10000: Max 5955 (2356) steps (0.0007 hrs) -nan:-nan 56750 (104) sec
[800] Ep10000: Max 5955 (2316) steps (0.0006 hrs) -nan:-nan 56852 (102) sec
[801] Ep10000: Max 5955 (1959) steps (0.0005 hrs) -nan:-nan 56940 (88) sec
[802] Ep10000: Max 5955 (2678) steps (0.0007 hrs) -nan:-nan 57024 (84) sec
[803] Ep10000: Max 5955 (2037) steps (0.0006 hrs) -nan:-nan 57104 (80) sec
[804] Ep10000: Max 5955 (2514) steps (0.0007 hrs) -nan:-nan 57182 (78) sec
[805] Ep10000: Max 5955 (2207) steps (0.0006 hrs) -nan:-nan 57272 (90) sec
[806] Ep10000: Max 5955 (2044) steps (0.0006 hrs) -nan:-nan 57355 (83) sec
[807] Ep10000: Max 5955 (1990) steps (0.0006 hrs) -nan:-nan 57435 (80) sec
[808] Ep10000: Max 5955 (2058) steps (0.0006 hrs) -nan:-nan 57520 (85) sec
[809] Ep10000: Max 5955 (2131) steps (0.0006 hrs) -nan:-nan 57597 (77) sec
[810] Ep10000: Max 5955 (2211) steps (0.0006 hrs) -nan:-nan 57689 (92) sec
[811] Ep10000: Max 5955 (2067) steps (0.0006 hrs) -nan:-nan 57753 (64) sec
[812] Ep10000: Max 5955 (2094) steps (0.0006 hrs) -nan:-nan 57822 (69) sec
[813] Ep10000: Max 5955 (1942) steps (0.0005 hrs) -nan:-nan 57873 (51) sec
[814] Ep10000: Max 5955 (2147) steps (0.0006 hrs) -nan:-nan 57938 (65) sec
[815] Ep10000: Max 5955 (1946) steps (0.0005 hrs) -nan:-nan 58006 (68) sec
[816] Ep10000: Max 5955 (2269) steps (0.0006 hrs) -nan:-nan 58071 (65) sec
[817] Ep10000: Max 5955 (768) steps (0.0002 hrs) -nan:-nan 58092 (21) sec
[818] Ep10000: Max 5955 (2060) steps (0.0006 hrs) -nan:-nan 58156 (64) sec
[819] Ep10000: Max 5955 (1685) steps (0.0005 hrs) -nan:-nan 58198 (42) sec
[820] Ep10000: Max 5955 (2039) steps (0.0006 hrs) -nan:-nan 58257 (59) sec
[821] Ep10000: Max 5955 (2699) steps (0.0007 hrs) -nan:-nan 58320 (63) sec
[822] Ep10000: Max 5955 (2024) steps (0.0006 hrs) -nan:-nan 58380 (60) sec
[823] Ep10000: Max 5955 (2395) steps (0.0007 hrs) -nan:-nan 58442 (62) sec
[824] Ep10000: Max 5955 (2071) steps (0.0006 hrs) -nan:-nan 58504 (62) sec
[825] Ep10000: Max 5955 (2024) steps (0.0006 hrs) -nan:-nan 58565 (61) sec
[826] Ep10000: Max 5955 (2054) steps (0.0006 hrs) -nan:-nan 58627 (62) sec
[827] Ep10000: Max 5955 (1344) steps (0.0004 hrs) -nan:-nan 58672 (45) sec
[828] Ep10000: Max 5955 (2405) steps (0.0007 hrs) -nan:-nan 58731 (59) sec
[829] Ep10000: Max 5955 (2188) steps (0.0006 hrs) -nan:-nan 58792 (61) sec
[830] Ep10000: Max 5955 (2117) steps (0.0006 hrs) -nan:-nan 58857 (65) sec
[831] Ep10000: Max 5955 (2516) steps (0.0007 hrs) -nan:-nan 58918 (61) sec
[832] Ep10000: Max 5955 (2709) steps (0.0008 hrs) -nan:-nan 58983 (65) sec
[833] Ep10000: Max 5955 (2571) steps (0.0007 hrs) -nan:-nan 59028 (45) sec
[834] Ep10000: Max 5955 (2520) steps (0.0007 hrs) -nan:-nan 59096 (68) sec
[835] Ep10000: Max 5955 (2269) steps (0.0006 hrs) -nan:-nan 59170 (74) sec
[836] Ep10000: Max 5955 (1347) steps (0.0004 hrs) -nan:-nan 59213 (43) sec
[837] Ep10000: Max 5955 (2231) steps (0.0006 hrs) -nan:-nan 59282 (69) sec
[838] Ep10000: Max 5955 (2555) steps (0.0007 hrs) -nan:-nan 59347 (65) sec
[839] Ep10000: Max 5955 (2556) steps (0.0007 hrs) -nan:-nan 59415 (68) sec
[840] Ep10000: Max 5955 (2333) steps (0.0006 hrs) -nan:-nan 59492 (77) sec
[841] Ep10000: Max 5955 (2308) steps (0.0006 hrs) -nan:-nan 59586 (94) sec
[842] Ep10000: Max 5955 (2708) steps (0.0008 hrs) -nan:-nan 59664 (78) sec
[843] Ep10000: Max 5955 (2243) steps (0.0006 hrs) -nan:-nan 59736 (72) sec
[844] Ep10000: Max 5955 (2917) steps (0.0008 hrs) -nan:-nan 59809 (73) sec
[845] Ep10000: Max 5955 (2077) steps (0.0006 hrs) -nan:-nan 59869 (60) sec
[846] Ep10000: Max 5955 (2621) steps (0.0007 hrs) -nan:-nan 59952 (83) sec
[847] Ep10000: Max 5955 (2470) steps (0.0007 hrs) -nan:-nan 60039 (87) sec
[848] Ep10000: Max 5955 (2276) steps (0.0006 hrs) -nan:-nan 60112 (73) sec
[849] Ep10000: Max 5955 (2247) steps (0.0006 hrs) -nan:-nan 60188 (76) sec
[850] Ep10000: Max 5955 (2969) steps (0.0008 hrs) -nan:-nan 60260 (72) sec
[851] Ep10000: Max 5955 (1853) steps (0.0005 hrs) -nan:-nan 60331 (71) sec
[852] Ep10000: Max 5955 (2105) steps (0.0006 hrs) -nan:-nan 60403 (72) sec
[853] Ep10000: Max 5955 (2322) steps (0.0006 hrs) -nan:-nan 60473 (70) sec
[854] Ep10000: Max 5955 (787) steps (0.0002 hrs) -nan:-nan 60497 (24) sec
[855] Ep10000: Max 5955 (2497) steps (0.0007 hrs) -nan:-nan 60569 (72) sec
[856] Ep10000: Max 5955 (2138) steps (0.0006 hrs) -nan:-nan 60639 (70) sec
[857] Ep10000: Max 5955 (2603) steps (0.0007 hrs) -nan:-nan 60710 (71) sec
[858] Ep10000: Max 5955 (2679) steps (0.0007 hrs) -nan:-nan 60790 (80) sec
[859] Ep10000: Max 5955 (2154) steps (0.0006 hrs) -nan:-nan 60868 (78) sec
[860] Ep10000: Max 5955 (1405) steps (0.0004 hrs) -nan:-nan 60899 (31) sec
[861] Ep10000: Max 5955 (1118) steps (0.0003 hrs) -nan:-nan 60957 (58) sec
[862] Ep10000: Max 5955 (2393) steps (0.0007 hrs) -nan:-nan 61032 (75) sec
[863] Ep10000: Max 5955 (2761) steps (0.0008 hrs) -nan:-nan 61110 (78) sec
[864] Ep10000: Max 5955 (569) steps (0.0002 hrs) -nan:-nan 61137 (27) sec
[865] Ep10000: Max 5955 (2423) steps (0.0007 hrs) -nan:-nan 61213 (76) sec
[866] Ep10000: Max 5955 (2066) steps (0.0006 hrs) -nan:-nan 61288 (75) sec
[867] Ep10000: Max 5955 (2013) steps (0.0006 hrs) -nan:-nan 61369 (81) sec
[868] Ep10000: Max 5955 (2437) steps (0.0007 hrs) -nan:-nan 61450 (81) sec
[869] Ep10000: Max 5955 (1934) steps (0.0005 hrs) -nan:-nan 61528 (78) sec
[870] Ep10000: Max 5955 (2045) steps (0.0006 hrs) -nan:-nan 61600 (72) sec
[871] Ep10000: Max 5955 (2693) steps (0.0007 hrs) -nan:-nan 61670 (70) sec
[872] Ep10000: Max 5955 (2153) steps (0.0006 hrs) -nan:-nan 61740 (70) sec
[873] Ep10000: Max 5955 (2056) steps (0.0006 hrs) -nan:-nan 61812 (72) sec
[874] Ep10000: Max 5955 (2107) steps (0.0006 hrs) -nan:-nan 61881 (69) sec
[875] Ep10000: Max 5955 (2694) steps (0.0007 hrs) -nan:-nan 61953 (72) sec
[876] Ep10000: Max 5955 (2079) steps (0.0006 hrs) -nan:-nan 62010 (57) sec
[877] Ep10000: Max 5955 (1933) steps (0.0005 hrs) -nan:-nan 62068 (58) sec
[878] Ep10000: Max 5955 (2157) steps (0.0006 hrs) -nan:-nan 62100 (32) sec
[879] Ep10000: Max 5955 (2002) steps (0.0006 hrs) -nan:-nan 62157 (57) sec
[880] Ep10000: Max 5955 (2393) steps (0.0007 hrs) -nan:-nan 62221 (64) sec
[881] Ep10000: Max 5955 (2229) steps (0.0006 hrs) -nan:-nan 62282 (61) sec
[882] Ep10000: Max 5955 (2496) steps (0.0007 hrs) -nan:-nan 62344 (62) sec
[883] Ep10000: Max 5955 (2409) steps (0.0007 hrs) -nan:-nan 62405 (61) sec
[884] Ep10000: Max 5955 (1911) steps (0.0005 hrs) -nan:-nan 62468 (63) sec
[885] Ep10000: Max 5955 (2008) steps (0.0006 hrs) -nan:-nan 62527 (59) sec
[886] Ep10000: Max 5955 (2066) steps (0.0006 hrs) -nan:-nan 62587 (60) sec
[887] Ep10000: Max 5955 (2141) steps (0.0006 hrs) -nan:-nan 62649 (62) sec
[888] Ep10000: Max 5955 (2837) steps (0.0008 hrs) -nan:-nan 62714 (65) sec
[889] Ep10000: Max 5955 (2571) steps (0.0007 hrs) -nan:-nan 62773 (59) sec
[890] Ep10000: Max 5955 (2269) steps (0.0006 hrs) -nan:-nan 62833 (60) sec
[891] Ep10000: Max 5955 (2073) steps (0.0006 hrs) -nan:-nan 62894 (61) sec
[892] Ep10000: Max 5955 (2027) steps (0.0006 hrs) -nan:-nan 62957 (63) sec
[893] Ep10000: Max 5955 (2117) steps (0.0006 hrs) -nan:-nan 63019 (62) sec
[894] Ep10000: Max 5955 (1367) steps (0.0004 hrs) -nan:-nan 63054 (35) sec
[895] Ep10000: Max 5955 (3200) steps (0.0009 hrs) -nan:-nan 63119 (65) sec
[896] Ep10000: Max 5955 (601) steps (0.0002 hrs) -nan:-nan 63164 (45) sec
[897] Ep10000: Max 5955 (2162) steps (0.0006 hrs) -nan:-nan 63225 (61) sec
[898] Ep10000: Max 5955 (2084) steps (0.0006 hrs) -nan:-nan 63286 (61) sec
[899] Ep10000: Max 5955 (2140) steps (0.0006 hrs) -nan:-nan 63346 (60) sec
[900] Ep10000: Max 5955 (2857) steps (0.0008 hrs) -nan:-nan 63408 (62) sec
[901] Ep10000: Max 5955 (2249) steps (0.0006 hrs) -nan:-nan 63465 (57) sec
[902] Ep10000: Max 5955 (1526) steps (0.0004 hrs) -nan:-nan 63501 (36) sec
[903] Ep10000: Max 5955 (2109) steps (0.0006 hrs) -nan:-nan 63561 (60) sec
[904] Ep10000: Max 5955 (2492) steps (0.0007 hrs) -nan:-nan 63623 (62) sec
[905] Ep10000: Max 5955 (2263) steps (0.0006 hrs) -nan:-nan 63684 (61) sec
[906] Ep10000: Max 5955 (2385) steps (0.0007 hrs) -nan:-nan 63747 (63) sec
[907] Ep10000: Max 5955 (1981) steps (0.0006 hrs) -nan:-nan 63808 (61) sec
[908] Ep10000: Max 5955 (2496) steps (0.0007 hrs) -nan:-nan 63869 (61) sec
[909] Ep10000: Max 5955 (2275) steps (0.0006 hrs) -nan:-nan 63918 (49) sec
[910] Ep10000: Max 5955 (2708) steps (0.0008 hrs) -nan:-nan 63981 (63) sec
[911] Ep10000: Max 5955 (2841) steps (0.0008 hrs) -nan:-nan 64040 (59) sec
[912] Ep10000: Max 5955 (2465) steps (0.0007 hrs) -nan:-nan 64100 (60) sec
[913] Ep10000: Max 5955 (2527) steps (0.0007 hrs) -nan:-nan 64163 (63) sec
[914] Ep10000: Max 5955 (1612) steps (0.0004 hrs) -nan:-nan 64184 (21) sec
[915] Ep10000: Max 5955 (1905) steps (0.0005 hrs) -nan:-nan 64223 (39) sec
[916] Ep10000: Max 5955 (1953) steps (0.0005 hrs) -nan:-nan 64284 (61) sec
[917] Ep10000: Max 5955 (2340) steps (0.0007 hrs) -nan:-nan 64331 (47) sec
[918] Ep10000: Max 5955 (1752) steps (0.0005 hrs) -nan:-nan 64388 (57) sec
[919] Ep10000: Max 5955 (2490) steps (0.0007 hrs) -nan:-nan 64451 (63) sec
[920] Ep10000: Max 5955 (2024) steps (0.0006 hrs) -nan:-nan 64512 (61) sec
[921] Ep10000: Max 5955 (2741) steps (0.0008 hrs) -nan:-nan 64578 (66) sec
[922] Ep10000: Max 5955 (1005) steps (0.0003 hrs) -nan:-nan 64601 (23) sec
[923] Ep10000: Max 5955 (2023) steps (0.0006 hrs) -nan:-nan 64660 (59) sec
[924] Ep10000: Max 5955 (2096) steps (0.0006 hrs) -nan:-nan 64721 (61) sec
[925] Ep10000: Max 5955 (2567) steps (0.0007 hrs) -nan:-nan 64781 (60) sec
[926] Ep10000: Max 5955 (2172) steps (0.0006 hrs) -nan:-nan 64833 (52) sec
[927] Ep10000: Max 5955 (2665) steps (0.0007 hrs) -nan:-nan 64896 (63) sec
[928] Ep10000: Max 5955 (2339) steps (0.0006 hrs) -nan:-nan 64956 (60) sec
[929] Ep10000: Max 5955 (2542) steps (0.0007 hrs) -nan:-nan 65019 (63) sec
[930] Ep10000: Max 5955 (3342) steps (0.0009 hrs) -nan:-nan 65070 (51) sec
[931] Ep10000: Max 5955 (2036) steps (0.0006 hrs) -nan:-nan 65128 (58) sec
[932] Ep10000: Max 5955 (2184) steps (0.0006 hrs) -nan:-nan 65188 (60) sec
[933] Ep10000: Max 5955 (1880) steps (0.0005 hrs) -nan:-nan 65227 (39) sec
[934] Ep10000: Max 5955 (2174) steps (0.0006 hrs) -nan:-nan 65286 (59) sec
[935] Ep10000: Max 5955 (2052) steps (0.0006 hrs) -nan:-nan 65347 (61) sec
[936] Ep10000: Max 5955 (2205) steps (0.0006 hrs) -nan:-nan 65409 (62) sec
[937] Ep10000: Max 5955 (617) steps (0.0002 hrs) -nan:-nan 65432 (23) sec
[938] Ep10000: Max 5955 (2448) steps (0.0007 hrs) -nan:-nan 65494 (62) sec
[939] Ep10000: Max 5955 (2480) steps (0.0007 hrs) -nan:-nan 65554 (60) sec
[940] Ep10000: Max 5955 (1169) steps (0.0003 hrs) -nan:-nan 65576 (22) sec
[941] Ep10000: Max 5955 (2289) steps (0.0006 hrs) -nan:-nan 65635 (59) sec
[942] Ep10000: Max 5955 (2206) steps (0.0006 hrs) -nan:-nan 65693 (58) sec
[943] Ep10000: Max 5955 (2050) steps (0.0006 hrs) -nan:-nan 65751 (58) sec
[944] Ep10000: Max 5955 (2432) steps (0.0007 hrs) -nan:-nan 65798 (47) sec
[945] Ep10000: Max 5955 (2651) steps (0.0007 hrs) -nan:-nan 65859 (61) sec
[946] Ep10000: Max 5955 (2202) steps (0.0006 hrs) -nan:-nan 65920 (61) sec
[947] Ep10000: Max 5955 (1851) steps (0.0005 hrs) -nan:-nan 65981 (61) sec
[948] Ep10000: Max 5955 (1520) steps (0.0004 hrs) -nan:-nan 66005 (24) sec
[949] Ep10000: Max 5955 (2265) steps (0.0006 hrs) -nan:-nan 66068 (63) sec
[950] Ep10000: Max 5955 (2009) steps (0.0006 hrs) -nan:-nan 66120 (52) sec
[951] Ep10000: Max 5955 (2475) steps (0.0007 hrs) -nan:-nan 66182 (62) sec
[952] Ep10000: Max 5955 (1362) steps (0.0004 hrs) -nan:-nan 66236 (54) sec
[953] Ep10000: Max 5955 (2663) steps (0.0007 hrs) -nan:-nan 66302 (66) sec
[954] Ep10000: Max 5955 (2119) steps (0.0006 hrs) -nan:-nan 66364 (62) sec
[955] Ep10000: Max 5955 (2313) steps (0.0006 hrs) -nan:-nan 66419 (55) sec
[956] Ep10000: Max 5955 (2483) steps (0.0007 hrs) -nan:-nan 66463 (44) sec
[957] Ep10000: Max 5955 (1614) steps (0.0004 hrs) -nan:-nan 66519 (56) sec
[958] Ep10000: Max 5955 (1877) steps (0.0005 hrs) -nan:-nan 66579 (60) sec
[959] Ep10000: Max 5955 (2107) steps (0.0006 hrs) -nan:-nan 66642 (63) sec
[960] Ep10000: Max 5955 (2129) steps (0.0006 hrs) -nan:-nan 66705 (63) sec
[961] Ep10000: Max 5955 (2181) steps (0.0006 hrs) -nan:-nan 66768 (63) sec
[962] Ep10000: Max 5955 (2777) steps (0.0008 hrs) -nan:-nan 66820 (52) sec
[963] Ep10000: Max 5955 (2293) steps (0.0006 hrs) -nan:-nan 66879 (59) sec
[964] Ep10000: Max 5955 (2925) steps (0.0008 hrs) -nan:-nan 66940 (61) sec
[965] Ep10000: Max 5955 (2390) steps (0.0007 hrs) -nan:-nan 67000 (60) sec
[966] Ep10000: Max 5955 (512) steps (0.0001 hrs) -nan:-nan 67019 (19) sec
[967] Ep10000: Max 5955 (2413) steps (0.0007 hrs) -nan:-nan 67080 (61) sec
[968] Ep10000: Max 5955 (2052) steps (0.0006 hrs) -nan:-nan 67140 (60) sec
[969] Ep10000: Max 5955 (2192) steps (0.0006 hrs) -nan:-nan 67200 (60) sec
[970] Ep10000: Max 5955 (2133) steps (0.0006 hrs) -nan:-nan 67262 (62) sec
[971] Ep10000: Max 5955 (2160) steps (0.0006 hrs) -nan:-nan 67323 (61) sec
[972] Ep10000: Max 5955 (2769) steps (0.0008 hrs) -nan:-nan 67386 (63) sec
[973] Ep10000: Max 5955 (2374) steps (0.0007 hrs) -nan:-nan 67447 (61) sec
[974] Ep10000: Max 5955 (2245) steps (0.0006 hrs) -nan:-nan 67506 (59) sec
[975] Ep10000: Max 5955 (2300) steps (0.0006 hrs) -nan:-nan 67568 (62) sec
[976] Ep10000: Max 5955 (2242) steps (0.0006 hrs) -nan:-nan 67627 (59) sec
[977] Ep10000: Max 5955 (2003) steps (0.0006 hrs) -nan:-nan 67673 (46) sec
[978] Ep10000: Max 5955 (2237) steps (0.0006 hrs) -nan:-nan 67735 (62) sec
[979] Ep10000: Max 5955 (2235) steps (0.0006 hrs) -nan:-nan 67795 (60) sec
[980] Ep10000: Max 5955 (2272) steps (0.0006 hrs) -nan:-nan 67857 (62) sec
[981] Ep10000: Max 5955 (2687) steps (0.0007 hrs) -nan:-nan 67918 (61) sec
[982] Ep10000: Max 5955 (2581) steps (0.0007 hrs) -nan:-nan 67979 (61) sec
[983] Ep10000: Max 5955 (1733) steps (0.0005 hrs) -nan:-nan 68039 (60) sec
[984] Ep10000: Max 5955 (2093) steps (0.0006 hrs) -nan:-nan 68086 (47) sec
[985] Ep10000: Max 5955 (2709) steps (0.0008 hrs) -nan:-nan 68147 (61) sec
[986] Ep10000: Max 5955 (2225) steps (0.0006 hrs) -nan:-nan 68210 (63) sec
[987] Ep10000: Max 5955 (1879) steps (0.0005 hrs) -nan:-nan 68271 (61) sec
[988] Ep10000: Max 5955 (2456) steps (0.0007 hrs) -nan:-nan 68322 (51) sec
[989] Ep10000: Max 5955 (2487) steps (0.0007 hrs) -nan:-nan 68384 (62) sec
[990] Ep10000: Max 5955 (2307) steps (0.0006 hrs) -nan:-nan 68444 (60) sec
[991] Ep10000: Max 5955 (1872) steps (0.0005 hrs) -nan:-nan 68506 (62) sec
[992] Ep10000: Max 5955 (2014) steps (0.0006 hrs) -nan:-nan 68569 (63) sec
[993] Ep10000: Max 5955 (719) steps (0.0002 hrs) -nan:-nan 68588 (19) sec
[994] Ep10000: Max 5955 (2278) steps (0.0006 hrs) -nan:-nan 68651 (63) sec
[995] Ep10000: Max 5955 (2147) steps (0.0006 hrs) -nan:-nan 68712 (61) sec
[996] Ep10000: Max 5955 (2342) steps (0.0007 hrs) -nan:-nan 68772 (60) sec
[997] Ep10000: Max 5955 (2041) steps (0.0006 hrs) -nan:-nan 68836 (64) sec
[998] Ep10000: Max 5955 (1998) steps (0.0006 hrs) -nan:-nan 68897 (61) sec
[999] Ep10000: Max 5955 (1421) steps (0.0004 hrs) -nan:-nan 68944 (47) sec
[1000] Ep10000: Max 5955 (2277) steps (0.0006 hrs) -nan:-nan 69003 (59) sec
Total Elapsed time: 69003 seconds
Wrote current data to latest.train
