balanced 0 test_flag 0
[1] Ep10000: Max 2446 (2446) steps (0.0007 hrs) -nan:-nan 39 (39) sec
[2] Ep10000: Max 2446 (2161) steps (0.0006 hrs) -nan:-nan 88 (49) sec
[3] Ep10000: Max 2446 (1765) steps (0.0005 hrs) -nan:-nan 133 (45) sec
[4] Ep10000: Max 2446 (1894) steps (0.0005 hrs) -nan:-nan 176 (43) sec
[5] Ep10000: Max 2446 (1929) steps (0.0005 hrs) -nan:-nan 224 (48) sec
[6] Ep10000: Max 2446 (2336) steps (0.0006 hrs) -nan:-nan 269 (45) sec
[7] Ep10000: Max 2446 (662) steps (0.0002 hrs) -nan:-nan 286 (17) sec
[8] Ep10000: Max 2446 (1918) steps (0.0005 hrs) -nan:-nan 329 (43) sec
[9] Ep10000: Max 2446 (392) steps (0.0001 hrs) -nan:-nan 344 (15) sec
[10] Ep10000: Max 2446 (2079) steps (0.0006 hrs) -nan:-nan 384 (40) sec
[11] Ep10000: Max 2446 (2046) steps (0.0006 hrs) -nan:-nan 434 (50) sec
[12] Ep10000: Max 2446 (2394) steps (0.0007 hrs) -nan:-nan 484 (50) sec
[13] Ep10000: Max 2446 (2106) steps (0.0006 hrs) -nan:-nan 517 (33) sec
[14] Ep10000: Max 2967 (2967) steps (0.0008 hrs) -nan:-nan 556 (39) sec
[15] Ep10000: Max 2967 (2219) steps (0.0006 hrs) -nan:-nan 611 (55) sec
[16] Ep10000: Max 2967 (2342) steps (0.0007 hrs) -nan:-nan 652 (41) sec
[17] Ep10000: Max 2967 (2718) steps (0.0008 hrs) -nan:-nan 702 (50) sec
[18] Ep10000: Max 2967 (1842) steps (0.0005 hrs) -nan:-nan 745 (43) sec
[19] Ep10000: Max 2967 (1973) steps (0.0005 hrs) -nan:-nan 788 (43) sec
[20] Ep10000: Max 2967 (2007) steps (0.0006 hrs) -nan:-nan 830 (42) sec
[21] Ep10000: Max 2967 (1962) steps (0.0005 hrs) -nan:-nan 881 (51) sec
[22] Ep10000: Max 2967 (1922) steps (0.0005 hrs) -nan:-nan 923 (42) sec
[23] Ep10000: Max 2967 (2031) steps (0.0006 hrs) -nan:-nan 972 (49) sec
[24] Ep10000: Max 2967 (2178) steps (0.0006 hrs) -nan:-nan 1020 (48) sec
[25] Ep10000: Max 2967 (1338) steps (0.0004 hrs) -nan:-nan 1038 (18) sec
[26] Ep10000: Max 2967 (1403) steps (0.0004 hrs) -nan:-nan 1056 (18) sec
[27] Ep10000: Max 2967 (2170) steps (0.0006 hrs) -nan:-nan 1100 (44) sec
[28] Ep10000: Max 2967 (1862) steps (0.0005 hrs) -nan:-nan 1145 (45) sec
[29] Ep10000: Max 2967 (2353) steps (0.0007 hrs) -nan:-nan 1195 (50) sec
[30] Ep10000: Max 2967 (2304) steps (0.0006 hrs) -nan:-nan 1245 (50) sec
[31] Ep10000: Max 2967 (2286) steps (0.0006 hrs) -nan:-nan 1298 (53) sec
[32] Ep10000: Max 2967 (1760) steps (0.0005 hrs) -nan:-nan 1332 (34) sec
[33] Ep10000: Max 2967 (981) steps (0.0003 hrs) -nan:-nan 1349 (17) sec
[34] Ep10000: Max 2967 (2267) steps (0.0006 hrs) -nan:-nan 1386 (37) sec
[35] Ep10000: Max 2967 (1957) steps (0.0005 hrs) -nan:-nan 1425 (39) sec
[36] Ep10000: Max 2967 (2576) steps (0.0007 hrs) -nan:-nan 1476 (51) sec
[37] Ep10000: Max 2967 (325) steps (0.0001 hrs) -nan:-nan 1491 (15) sec
[38] Ep10000: Max 2967 (1731) steps (0.0005 hrs) -nan:-nan 1524 (33) sec
[39] Ep10000: Max 2967 (2331) steps (0.0006 hrs) -nan:-nan 1590 (66) sec
[40] Ep10000: Max 2967 (2289) steps (0.0006 hrs) -nan:-nan 1633 (43) sec
[41] Ep10000: Max 2967 (1627) steps (0.0005 hrs) -nan:-nan 1656 (23) sec
[42] Ep10000: Max 2967 (2015) steps (0.0006 hrs) -nan:-nan 1712 (56) sec
[43] Ep10000: Max 2967 (1972) steps (0.0005 hrs) -nan:-nan 1764 (52) sec
[44] Ep10000: Max 3016 (3016) steps (0.0008 hrs) -nan:-nan 1820 (56) sec
[45] Ep10000: Max 3016 (2263) steps (0.0006 hrs) -nan:-nan 1865 (45) sec
[46] Ep10000: Max 3016 (1811) steps (0.0005 hrs) -nan:-nan 1883 (18) sec
[47] Ep10000: Max 3016 (2157) steps (0.0006 hrs) -nan:-nan 1935 (52) sec
[48] Ep10000: Max 3140 (3140) steps (0.0009 hrs) -nan:-nan 1993 (58) sec
[49] Ep10000: Max 3140 (2229) steps (0.0006 hrs) -nan:-nan 2054 (61) sec
[50] Ep10000: Max 3140 (303) steps (0.0001 hrs) -nan:-nan 2073 (19) sec
[51] Ep10000: Max 3140 (2894) steps (0.0008 hrs) -nan:-nan 2141 (68) sec
[52] Ep10000: Max 3140 (2159) steps (0.0006 hrs) -nan:-nan 2189 (48) sec
[53] Ep10000: Max 3140 (2279) steps (0.0006 hrs) -nan:-nan 2234 (45) sec
[54] Ep10000: Max 3140 (2196) steps (0.0006 hrs) -nan:-nan 2289 (55) sec
[55] Ep10000: Max 3140 (2090) steps (0.0006 hrs) -nan:-nan 2328 (39) sec
[56] Ep10000: Max 3140 (2382) steps (0.0007 hrs) -nan:-nan 2392 (64) sec
[57] Ep10000: Max 3140 (572) steps (0.0002 hrs) -nan:-nan 2412 (20) sec
[58] Ep10000: Max 3140 (2589) steps (0.0007 hrs) -nan:-nan 2472 (60) sec
[59] Ep10000: Max 3140 (2195) steps (0.0006 hrs) -nan:-nan 2520 (48) sec
[60] Ep10000: Max 3140 (2090) steps (0.0006 hrs) -nan:-nan 2571 (51) sec
[61] Ep10000: Max 3140 (1678) steps (0.0005 hrs) -nan:-nan 2611 (40) sec
[62] Ep10000: Max 3140 (2228) steps (0.0006 hrs) -nan:-nan 2668 (57) sec
[63] Ep10000: Max 3140 (2414) steps (0.0007 hrs) -nan:-nan 2709 (41) sec
[64] Ep10000: Max 3140 (543) steps (0.0002 hrs) -nan:-nan 2726 (17) sec
[65] Ep10000: Max 3140 (993) steps (0.0003 hrs) -nan:-nan 2743 (17) sec
[66] Ep10000: Max 3140 (2458) steps (0.0007 hrs) -nan:-nan 2792 (49) sec
[67] Ep10000: Max 3140 (1830) steps (0.0005 hrs) -nan:-nan 2836 (44) sec
[68] Ep10000: Max 3140 (2060) steps (0.0006 hrs) -nan:-nan 2882 (46) sec
[69] Ep10000: Max 3140 (2057) steps (0.0006 hrs) -nan:-nan 2928 (46) sec
[70] Ep10000: Max 3140 (2174) steps (0.0006 hrs) -nan:-nan 2983 (55) sec
[71] Ep10000: Max 3140 (2450) steps (0.0007 hrs) -nan:-nan 3030 (47) sec
[72] Ep10000: Max 3140 (1683) steps (0.0005 hrs) -nan:-nan 3073 (43) sec
[73] Ep10000: Max 3140 (2378) steps (0.0007 hrs) -nan:-nan 3114 (41) sec
[74] Ep10000: Max 3140 (2486) steps (0.0007 hrs) -nan:-nan 3170 (56) sec
[75] Ep10000: Max 3140 (2175) steps (0.0006 hrs) -nan:-nan 3224 (54) sec
[76] Ep10000: Max 3140 (442) steps (0.0001 hrs) -nan:-nan 3238 (14) sec
[77] Ep10000: Max 3140 (2052) steps (0.0006 hrs) -nan:-nan 3282 (44) sec
[78] Ep10000: Max 3140 (2350) steps (0.0007 hrs) -nan:-nan 3329 (47) sec
[79] Ep10000: Max 3140 (2125) steps (0.0006 hrs) -nan:-nan 3375 (46) sec
[80] Ep10000: Max 3140 (1104) steps (0.0003 hrs) -nan:-nan 3394 (19) sec
[81] Ep10000: Max 3140 (470) steps (0.0001 hrs) -nan:-nan 3411 (17) sec
[82] Ep10000: Max 3140 (2412) steps (0.0007 hrs) -nan:-nan 3464 (53) sec
[83] Ep10000: Max 3140 (2367) steps (0.0007 hrs) -nan:-nan 3510 (46) sec
[84] Ep10000: Max 3140 (2061) steps (0.0006 hrs) -nan:-nan 3557 (47) sec
[85] Ep10000: Max 3140 (551) steps (0.0002 hrs) -nan:-nan 3574 (17) sec
[86] Ep10000: Max 3140 (1876) steps (0.0005 hrs) -nan:-nan 3597 (23) sec
[87] Ep10000: Max 3140 (2153) steps (0.0006 hrs) -nan:-nan 3648 (51) sec
[88] Ep10000: Max 3140 (2097) steps (0.0006 hrs) -nan:-nan 3700 (52) sec
[89] Ep10000: Max 3140 (2031) steps (0.0006 hrs) -nan:-nan 3740 (40) sec
[90] Ep10000: Max 3140 (796) steps (0.0002 hrs) -nan:-nan 3754 (14) sec
[91] Ep10000: Max 3140 (2027) steps (0.0006 hrs) -nan:-nan 3799 (45) sec
[92] Ep10000: Max 3140 (1728) steps (0.0005 hrs) -nan:-nan 3840 (41) sec
[93] Ep10000: Max 3140 (2215) steps (0.0006 hrs) -nan:-nan 3897 (57) sec
[94] Ep10000: Max 3140 (2671) steps (0.0007 hrs) -nan:-nan 3946 (49) sec
[95] Ep10000: Max 3140 (710) steps (0.0002 hrs) -nan:-nan 3969 (23) sec
[96] Ep10000: Max 3140 (2652) steps (0.0007 hrs) -nan:-nan 4030 (61) sec
[97] Ep10000: Max 3140 (2260) steps (0.0006 hrs) -nan:-nan 4075 (45) sec
[98] Ep10000: Max 3140 (2181) steps (0.0006 hrs) -nan:-nan 4119 (44) sec
[99] Ep10000: Max 3140 (1988) steps (0.0006 hrs) -nan:-nan 4192 (73) sec
[100] Ep10000: Max 3140 (1918) steps (0.0005 hrs) -nan:-nan 4265 (73) sec
[101] Ep10000: Max 3140 (2951) steps (0.0008 hrs) -nan:-nan 4342 (77) sec
[102] Ep10000: Max 3140 (2810) steps (0.0008 hrs) -nan:-nan 4441 (99) sec
[103] Ep10000: Max 3140 (2375) steps (0.0007 hrs) -nan:-nan 4548 (107) sec
[104] Ep10000: Max 3140 (2210) steps (0.0006 hrs) -nan:-nan 4650 (102) sec
[105] Ep10000: Max 3140 (2257) steps (0.0006 hrs) -nan:-nan 4732 (82) sec
[106] Ep10000: Max 3140 (570) steps (0.0002 hrs) -nan:-nan 4763 (31) sec
[107] Ep10000: Max 3140 (2130) steps (0.0006 hrs) -nan:-nan 4869 (106) sec
[108] Ep10000: Max 3140 (2174) steps (0.0006 hrs) -nan:-nan 4968 (99) sec
[109] Ep10000: Max 3140 (2278) steps (0.0006 hrs) -nan:-nan 5049 (81) sec
[110] Ep10000: Max 3140 (2051) steps (0.0006 hrs) -nan:-nan 5121 (72) sec
[111] Ep10000: Max 3140 (2341) steps (0.0007 hrs) -nan:-nan 5175 (54) sec
[112] Ep10000: Max 3140 (1974) steps (0.0005 hrs) -nan:-nan 5213 (38) sec
[113] Ep10000: Max 3140 (2124) steps (0.0006 hrs) -nan:-nan 5252 (39) sec
[114] Ep10000: Max 3140 (571) steps (0.0002 hrs) -nan:-nan 5274 (22) sec
[115] Ep10000: Max 3140 (2049) steps (0.0006 hrs) -nan:-nan 5323 (49) sec
[116] Ep10000: Max 3140 (2499) steps (0.0007 hrs) -nan:-nan 5368 (45) sec
[117] Ep10000: Max 3140 (271) steps (0.0001 hrs) -nan:-nan 5386 (18) sec
[118] Ep10000: Max 3140 (2517) steps (0.0007 hrs) -nan:-nan 5426 (40) sec
[119] Ep10000: Max 3140 (494) steps (0.0001 hrs) -nan:-nan 5443 (17) sec
[120] Ep10000: Max 3140 (2137) steps (0.0006 hrs) -nan:-nan 5485 (42) sec
[121] Ep10000: Max 3140 (1998) steps (0.0006 hrs) -nan:-nan 5547 (62) sec
[122] Ep10000: Max 3140 (711) steps (0.0002 hrs) -nan:-nan 5567 (20) sec
[123] Ep10000: Max 3140 (1565) steps (0.0004 hrs) -nan:-nan 5600 (33) sec
[124] Ep10000: Max 3140 (825) steps (0.0002 hrs) -nan:-nan 5636 (36) sec
[125] Ep10000: Max 3140 (1949) steps (0.0005 hrs) -nan:-nan 5702 (66) sec
[126] Ep10000: Max 3540 (3540) steps (0.0010 hrs) -nan:-nan 5773 (71) sec
[127] Ep10000: Max 3540 (2378) steps (0.0007 hrs) -nan:-nan 5888 (115) sec
[128] Ep10000: Max 3540 (1907) steps (0.0005 hrs) -nan:-nan 5976 (88) sec
[129] Ep10000: Max 3540 (825) steps (0.0002 hrs) -nan:-nan 6006 (30) sec
[130] Ep10000: Max 3540 (2717) steps (0.0008 hrs) -nan:-nan 6127 (121) sec
[131] Ep10000: Max 3540 (2137) steps (0.0006 hrs) -nan:-nan 6224 (97) sec
[132] Ep10000: Max 3540 (2416) steps (0.0007 hrs) -nan:-nan 6302 (78) sec
[133] Ep10000: Max 3540 (1581) steps (0.0004 hrs) -nan:-nan 6359 (57) sec
[134] Ep10000: Max 3540 (2699) steps (0.0007 hrs) -nan:-nan 6441 (82) sec
[135] Ep10000: Max 3540 (1947) steps (0.0005 hrs) -nan:-nan 6515 (74) sec
[136] Ep10000: Max 3540 (2212) steps (0.0006 hrs) -nan:-nan 6601 (86) sec
[137] Ep10000: Max 3540 (2074) steps (0.0006 hrs) -nan:-nan 6649 (48) sec
[138] Ep10000: Max 3540 (3443) steps (0.0010 hrs) -nan:-nan 6734 (85) sec
[139] Ep10000: Max 3540 (943) steps (0.0003 hrs) -nan:-nan 6761 (27) sec
[140] Ep10000: Max 3540 (2011) steps (0.0006 hrs) -nan:-nan 6823 (62) sec
[141] Ep10000: Max 3540 (1844) steps (0.0005 hrs) -nan:-nan 6873 (50) sec
[142] Ep10000: Max 3540 (2580) steps (0.0007 hrs) -nan:-nan 6940 (67) sec
[143] Ep10000: Max 3540 (304) steps (0.0001 hrs) -nan:-nan 6966 (26) sec
[144] Ep10000: Max 3540 (2128) steps (0.0006 hrs) -nan:-nan 7032 (66) sec
[145] Ep10000: Max 3540 (844) steps (0.0002 hrs) -nan:-nan 7057 (25) sec
[146] Ep10000: Max 3540 (667) steps (0.0002 hrs) -nan:-nan 7084 (27) sec
[147] Ep10000: Max 3540 (2122) steps (0.0006 hrs) -nan:-nan 7154 (70) sec
[148] Ep10000: Max 3540 (2285) steps (0.0006 hrs) -nan:-nan 7244 (90) sec
[149] Ep10000: Max 3540 (2595) steps (0.0007 hrs) -nan:-nan 7337 (93) sec
[150] Ep10000: Max 3540 (997) steps (0.0003 hrs) -nan:-nan 7371 (34) sec
[151] Ep10000: Max 3540 (2135) steps (0.0006 hrs) -nan:-nan 7447 (76) sec
[152] Ep10000: Max 3540 (2156) steps (0.0006 hrs) -nan:-nan 7541 (94) sec
[153] Ep10000: Max 3540 (578) steps (0.0002 hrs) -nan:-nan 7578 (37) sec
[154] Ep10000: Max 3540 (2507) steps (0.0007 hrs) -nan:-nan 7669 (91) sec
[155] Ep10000: Max 3540 (2219) steps (0.0006 hrs) -nan:-nan 7746 (77) sec
[156] Ep10000: Max 3540 (2131) steps (0.0006 hrs) -nan:-nan 7833 (87) sec
[157] Ep10000: Max 3540 (847) steps (0.0002 hrs) -nan:-nan 7878 (45) sec
[158] Ep10000: Max 3540 (656) steps (0.0002 hrs) -nan:-nan 7921 (43) sec
[159] Ep10000: Max 3540 (557) steps (0.0002 hrs) -nan:-nan 7965 (44) sec
[160] Ep10000: Max 3540 (2099) steps (0.0006 hrs) -nan:-nan 8058 (93) sec
[161] Ep10000: Max 3540 (1966) steps (0.0005 hrs) -nan:-nan 8146 (88) sec
[162] Ep10000: Max 3540 (2176) steps (0.0006 hrs) -nan:-nan 8213 (67) sec
[163] Ep10000: Max 3540 (2093) steps (0.0006 hrs) -nan:-nan 8312 (99) sec
[164] Ep10000: Max 3540 (1763) steps (0.0005 hrs) -nan:-nan 8349 (37) sec
[165] Ep10000: Max 3540 (1649) steps (0.0005 hrs) -nan:-nan 8381 (32) sec
[166] Ep10000: Max 3540 (632) steps (0.0002 hrs) -nan:-nan 8409 (28) sec
[167] Ep10000: Max 3540 (1944) steps (0.0005 hrs) -nan:-nan 8484 (75) sec
[168] Ep10000: Max 3540 (3063) steps (0.0009 hrs) -nan:-nan 8535 (51) sec
[169] Ep10000: Max 3540 (2392) steps (0.0007 hrs) -nan:-nan 8618 (83) sec
[170] Ep10000: Max 3540 (1724) steps (0.0005 hrs) -nan:-nan 8657 (39) sec
[171] Ep10000: Max 3540 (3048) steps (0.0008 hrs) -nan:-nan 8719 (62) sec
[172] Ep10000: Max 3540 (1998) steps (0.0006 hrs) -nan:-nan 8771 (52) sec
[173] Ep10000: Max 3540 (767) steps (0.0002 hrs) -nan:-nan 8800 (29) sec
[174] Ep10000: Max 3540 (1830) steps (0.0005 hrs) -nan:-nan 8883 (83) sec
[175] Ep10000: Max 3540 (1859) steps (0.0005 hrs) -nan:-nan 8950 (67) sec
[176] Ep10000: Max 3540 (2034) steps (0.0006 hrs) -nan:-nan 9042 (92) sec
[177] Ep10000: Max 3540 (303) steps (0.0001 hrs) -nan:-nan 9068 (26) sec
[178] Ep10000: Max 3540 (2860) steps (0.0008 hrs) -nan:-nan 9162 (94) sec
[179] Ep10000: Max 3540 (2406) steps (0.0007 hrs) -nan:-nan 9245 (83) sec
[180] Ep10000: Max 3540 (2154) steps (0.0006 hrs) -nan:-nan 9345 (100) sec
[181] Ep10000: Max 3540 (815) steps (0.0002 hrs) -nan:-nan 9374 (29) sec
[182] Ep10000: Max 3540 (2109) steps (0.0006 hrs) -nan:-nan 9460 (86) sec
[183] Ep10000: Max 3540 (712) steps (0.0002 hrs) -nan:-nan 9495 (35) sec
[184] Ep10000: Max 3540 (2242) steps (0.0006 hrs) -nan:-nan 9585 (90) sec
[185] Ep10000: Max 3540 (1595) steps (0.0004 hrs) -nan:-nan 9634 (49) sec
[186] Ep10000: Max 3540 (1733) steps (0.0005 hrs) -nan:-nan 9695 (61) sec
[187] Ep10000: Max 3540 (1875) steps (0.0005 hrs) -nan:-nan 9780 (85) sec
[188] Ep10000: Max 3540 (2548) steps (0.0007 hrs) -nan:-nan 9879 (99) sec
[189] Ep10000: Max 3540 (1413) steps (0.0004 hrs) -nan:-nan 9908 (29) sec
[190] Ep10000: Max 3540 (2458) steps (0.0007 hrs) -nan:-nan 9965 (57) sec
[191] Ep10000: Max 3540 (2640) steps (0.0007 hrs) -nan:-nan 10042 (77) sec
[192] Ep10000: Max 3540 (2755) steps (0.0008 hrs) -nan:-nan 10125 (83) sec
[193] Ep10000: Max 3540 (2388) steps (0.0007 hrs) -nan:-nan 10194 (69) sec
[194] Ep10000: Max 3540 (962) steps (0.0003 hrs) -nan:-nan 10218 (24) sec
[195] Ep10000: Max 3540 (2895) steps (0.0008 hrs) -nan:-nan 10284 (66) sec
[196] Ep10000: Max 3540 (2691) steps (0.0007 hrs) -nan:-nan 10334 (50) sec
[197] Ep10000: Max 3540 (2225) steps (0.0006 hrs) -nan:-nan 10414 (80) sec
[198] Ep10000: Max 3540 (2090) steps (0.0006 hrs) -nan:-nan 10469 (55) sec
[199] Ep10000: Max 3540 (2362) steps (0.0007 hrs) -nan:-nan 10520 (51) sec
[200] Ep10000: Max 3540 (2525) steps (0.0007 hrs) -nan:-nan 10564 (44) sec
[201] Ep10000: Max 3540 (2506) steps (0.0007 hrs) -nan:-nan 10638 (74) sec
[202] Ep10000: Max 3540 (2588) steps (0.0007 hrs) -nan:-nan 10751 (113) sec
[203] Ep10000: Max 3540 (2339) steps (0.0006 hrs) -nan:-nan 10859 (108) sec
[204] Ep10000: Max 3540 (1989) steps (0.0006 hrs) -nan:-nan 10940 (81) sec
[205] Ep10000: Max 4161 (4161) steps (0.0012 hrs) -nan:-nan 11043 (103) sec
[206] Ep10000: Max 4161 (2027) steps (0.0006 hrs) -nan:-nan 11118 (75) sec
[207] Ep10000: Max 4161 (2520) steps (0.0007 hrs) -nan:-nan 11193 (75) sec
[208] Ep10000: Max 4161 (2421) steps (0.0007 hrs) -nan:-nan 11308 (115) sec
[209] Ep10000: Max 4161 (2055) steps (0.0006 hrs) -nan:-nan 11421 (113) sec
[210] Ep10000: Max 4161 (2291) steps (0.0006 hrs) -nan:-nan 11509 (88) sec
[211] Ep10000: Max 4161 (2206) steps (0.0006 hrs) -nan:-nan 11588 (79) sec
[212] Ep10000: Max 4161 (2481) steps (0.0007 hrs) -nan:-nan 11658 (70) sec
[213] Ep10000: Max 4161 (1814) steps (0.0005 hrs) -nan:-nan 11717 (59) sec
[214] Ep10000: Max 4161 (651) steps (0.0002 hrs) -nan:-nan 11735 (18) sec
[215] Ep10000: Max 4161 (2153) steps (0.0006 hrs) -nan:-nan 11781 (46) sec
[216] Ep10000: Max 4161 (2243) steps (0.0006 hrs) -nan:-nan 11834 (53) sec
[217] Ep10000: Max 4161 (2391) steps (0.0007 hrs) -nan:-nan 11903 (69) sec
[218] Ep10000: Max 4161 (2439) steps (0.0007 hrs) -nan:-nan 11970 (67) sec
[219] Ep10000: Max 4161 (1724) steps (0.0005 hrs) -nan:-nan 12045 (75) sec
[220] Ep10000: Max 4161 (2028) steps (0.0006 hrs) -nan:-nan 12090 (45) sec
[221] Ep10000: Max 4161 (1875) steps (0.0005 hrs) -nan:-nan 12130 (40) sec
[222] Ep10000: Max 4161 (3366) steps (0.0009 hrs) -nan:-nan 12172 (42) sec
[223] Ep10000: Max 4161 (723) steps (0.0002 hrs) -nan:-nan 12189 (17) sec
[224] Ep10000: Max 4161 (1849) steps (0.0005 hrs) -nan:-nan 12232 (43) sec
[225] Ep10000: Max 4161 (2267) steps (0.0006 hrs) -nan:-nan 12294 (62) sec
[226] Ep10000: Max 4161 (1744) steps (0.0005 hrs) -nan:-nan 12329 (35) sec
[227] Ep10000: Max 4161 (2004) steps (0.0006 hrs) -nan:-nan 12372 (43) sec
[228] Ep10000: Max 4161 (542) steps (0.0002 hrs) -nan:-nan 12387 (15) sec
[229] Ep10000: Max 4161 (2228) steps (0.0006 hrs) -nan:-nan 12411 (24) sec
[230] Ep10000: Max 4161 (2298) steps (0.0006 hrs) -nan:-nan 12456 (45) sec
[231] Ep10000: Max 4161 (2407) steps (0.0007 hrs) -nan:-nan 12494 (38) sec
[232] Ep10000: Max 4161 (1967) steps (0.0005 hrs) -nan:-nan 12533 (39) sec
[233] Ep10000: Max 4161 (1866) steps (0.0005 hrs) -nan:-nan 12573 (40) sec
[234] Ep10000: Max 4161 (1625) steps (0.0005 hrs) -nan:-nan 12596 (23) sec
[235] Ep10000: Max 4161 (2620) steps (0.0007 hrs) -nan:-nan 12631 (35) sec
[236] Ep10000: Max 4161 (2228) steps (0.0006 hrs) -nan:-nan 12671 (40) sec
[237] Ep10000: Max 4161 (1984) steps (0.0006 hrs) -nan:-nan 12709 (38) sec
[238] Ep10000: Max 4161 (2549) steps (0.0007 hrs) -nan:-nan 12746 (37) sec
[239] Ep10000: Max 4161 (441) steps (0.0001 hrs) -nan:-nan 12761 (15) sec
[240] Ep10000: Max 4161 (1847) steps (0.0005 hrs) -nan:-nan 12800 (39) sec
[241] Ep10000: Max 4161 (2205) steps (0.0006 hrs) -nan:-nan 12848 (48) sec
[242] Ep10000: Max 4161 (2068) steps (0.0006 hrs) -nan:-nan 12887 (39) sec
[243] Ep10000: Max 4161 (2039) steps (0.0006 hrs) -nan:-nan 12933 (46) sec
[244] Ep10000: Max 4161 (2369) steps (0.0007 hrs) -nan:-nan 12983 (50) sec
[245] Ep10000: Max 4161 (1855) steps (0.0005 hrs) -nan:-nan 13021 (38) sec
[246] Ep10000: Max 4161 (2220) steps (0.0006 hrs) -nan:-nan 13068 (47) sec
[247] Ep10000: Max 4161 (1683) steps (0.0005 hrs) -nan:-nan 13085 (17) sec
[248] Ep10000: Max 4161 (2344) steps (0.0007 hrs) -nan:-nan 13122 (37) sec
[249] Ep10000: Max 4161 (1425) steps (0.0004 hrs) -nan:-nan 13138 (16) sec
[250] Ep10000: Max 4161 (2297) steps (0.0006 hrs) -nan:-nan 13185 (47) sec
[251] Ep10000: Max 4161 (769) steps (0.0002 hrs) -nan:-nan 13201 (16) sec
[252] Ep10000: Max 4161 (2218) steps (0.0006 hrs) -nan:-nan 13242 (41) sec
[253] Ep10000: Max 4161 (1847) steps (0.0005 hrs) -nan:-nan 13289 (47) sec
[254] Ep10000: Max 4161 (1937) steps (0.0005 hrs) -nan:-nan 13327 (38) sec
[255] Ep10000: Max 4161 (1921) steps (0.0005 hrs) -nan:-nan 13368 (41) sec
[256] Ep10000: Max 4161 (2167) steps (0.0006 hrs) -nan:-nan 13406 (38) sec
[257] Ep10000: Max 4161 (2197) steps (0.0006 hrs) -nan:-nan 13444 (38) sec
[258] Ep10000: Max 4161 (2216) steps (0.0006 hrs) -nan:-nan 13460 (16) sec
[259] Ep10000: Max 4161 (2098) steps (0.0006 hrs) -nan:-nan 13497 (37) sec
[260] Ep10000: Max 4161 (1983) steps (0.0006 hrs) -nan:-nan 13535 (38) sec
[261] Ep10000: Max 4161 (2227) steps (0.0006 hrs) -nan:-nan 13571 (36) sec
[262] Ep10000: Max 4161 (2629) steps (0.0007 hrs) -nan:-nan 13616 (45) sec
[263] Ep10000: Max 4161 (2542) steps (0.0007 hrs) -nan:-nan 13663 (47) sec
[264] Ep10000: Max 4161 (766) steps (0.0002 hrs) -nan:-nan 13679 (16) sec
[265] Ep10000: Max 4161 (2065) steps (0.0006 hrs) -nan:-nan 13711 (32) sec
[266] Ep10000: Max 4161 (2082) steps (0.0006 hrs) -nan:-nan 13759 (48) sec
[267] Ep10000: Max 4161 (2803) steps (0.0008 hrs) -nan:-nan 13795 (36) sec
[268] Ep10000: Max 4161 (2355) steps (0.0007 hrs) -nan:-nan 13840 (45) sec
[269] Ep10000: Max 4161 (1673) steps (0.0005 hrs) -nan:-nan 13879 (39) sec
[270] Ep10000: Max 4161 (2477) steps (0.0007 hrs) -nan:-nan 13920 (41) sec
[271] Ep10000: Max 4161 (670) steps (0.0002 hrs) -nan:-nan 13936 (16) sec
[272] Ep10000: Max 4161 (1880) steps (0.0005 hrs) -nan:-nan 13976 (40) sec
[273] Ep10000: Max 4161 (3397) steps (0.0009 hrs) -nan:-nan 14001 (25) sec
[274] Ep10000: Max 4161 (2068) steps (0.0006 hrs) -nan:-nan 14034 (33) sec
[275] Ep10000: Max 4161 (2215) steps (0.0006 hrs) -nan:-nan 14082 (48) sec
[276] Ep10000: Max 4161 (453) steps (0.0001 hrs) -nan:-nan 14097 (15) sec
[277] Ep10000: Max 4161 (792) steps (0.0002 hrs) -nan:-nan 14112 (15) sec
[278] Ep10000: Max 4161 (1842) steps (0.0005 hrs) -nan:-nan 14151 (39) sec
[279] Ep10000: Max 4161 (2020) steps (0.0006 hrs) -nan:-nan 14197 (46) sec
[280] Ep10000: Max 4161 (2567) steps (0.0007 hrs) -nan:-nan 14246 (49) sec
[281] Ep10000: Max 4161 (3323) steps (0.0009 hrs) -nan:-nan 14286 (40) sec
[282] Ep10000: Max 4161 (761) steps (0.0002 hrs) -nan:-nan 14302 (16) sec
[283] Ep10000: Max 4161 (3233) steps (0.0009 hrs) -nan:-nan 14349 (47) sec
[284] Ep10000: Max 4161 (1659) steps (0.0005 hrs) -nan:-nan 14367 (18) sec
[285] Ep10000: Max 4161 (808) steps (0.0002 hrs) -nan:-nan 14382 (15) sec
[286] Ep10000: Max 4161 (2604) steps (0.0007 hrs) -nan:-nan 14431 (49) sec
[287] Ep10000: Max 4161 (2333) steps (0.0006 hrs) -nan:-nan 14474 (43) sec
[288] Ep10000: Max 4161 (2481) steps (0.0007 hrs) -nan:-nan 14520 (46) sec
[289] Ep10000: Max 4161 (1848) steps (0.0005 hrs) -nan:-nan 14557 (37) sec
[290] Ep10000: Max 4161 (2088) steps (0.0006 hrs) -nan:-nan 14599 (42) sec
[291] Ep10000: Max 4161 (2134) steps (0.0006 hrs) -nan:-nan 14633 (34) sec
[292] Ep10000: Max 4161 (2073) steps (0.0006 hrs) -nan:-nan 14681 (48) sec
[293] Ep10000: Max 4161 (1994) steps (0.0006 hrs) -nan:-nan 14724 (43) sec
[294] Ep10000: Max 4161 (780) steps (0.0002 hrs) -nan:-nan 14739 (15) sec
[295] Ep10000: Max 4161 (1407) steps (0.0004 hrs) -nan:-nan 14756 (17) sec
[296] Ep10000: Max 4161 (2007) steps (0.0006 hrs) -nan:-nan 14800 (44) sec
[297] Ep10000: Max 4161 (2325) steps (0.0006 hrs) -nan:-nan 14843 (43) sec
[298] Ep10000: Max 4161 (2491) steps (0.0007 hrs) -nan:-nan 14892 (49) sec
[299] Ep10000: Max 4161 (2732) steps (0.0008 hrs) -nan:-nan 14939 (47) sec
[300] Ep10000: Max 4161 (2347) steps (0.0007 hrs) -nan:-nan 14987 (48) sec
[301] Ep10000: Max 4161 (2170) steps (0.0006 hrs) -nan:-nan 15033 (46) sec
[302] Ep10000: Max 4161 (1362) steps (0.0004 hrs) -nan:-nan 15049 (16) sec
[303] Ep10000: Max 4161 (633) steps (0.0002 hrs) -nan:-nan 15064 (15) sec
[304] Ep10000: Max 4161 (2610) steps (0.0007 hrs) -nan:-nan 15111 (47) sec
[305] Ep10000: Max 4161 (2097) steps (0.0006 hrs) -nan:-nan 15136 (25) sec
[306] Ep10000: Max 4161 (2445) steps (0.0007 hrs) -nan:-nan 15175 (39) sec
[307] Ep10000: Max 4161 (2014) steps (0.0006 hrs) -nan:-nan 15212 (37) sec
[308] Ep10000: Max 4161 (2142) steps (0.0006 hrs) -nan:-nan 15261 (49) sec
[309] Ep10000: Max 4161 (2375) steps (0.0007 hrs) -nan:-nan 15299 (38) sec
[310] Ep10000: Max 4161 (2146) steps (0.0006 hrs) -nan:-nan 15339 (40) sec
[311] Ep10000: Max 4161 (2301) steps (0.0006 hrs) -nan:-nan 15387 (48) sec
[312] Ep10000: Max 4161 (962) steps (0.0003 hrs) -nan:-nan 15402 (15) sec
[313] Ep10000: Max 4161 (2057) steps (0.0006 hrs) -nan:-nan 15444 (42) sec
[314] Ep10000: Max 4161 (1858) steps (0.0005 hrs) -nan:-nan 15473 (29) sec
[315] Ep10000: Max 4161 (1891) steps (0.0005 hrs) -nan:-nan 15491 (18) sec
[316] Ep10000: Max 4161 (2702) steps (0.0008 hrs) -nan:-nan 15529 (38) sec
[317] Ep10000: Max 4161 (2241) steps (0.0006 hrs) -nan:-nan 15580 (51) sec
[318] Ep10000: Max 4161 (1651) steps (0.0005 hrs) -nan:-nan 15606 (26) sec
[319] Ep10000: Max 4161 (646) steps (0.0002 hrs) -nan:-nan 15622 (16) sec
[320] Ep10000: Max 4161 (1710) steps (0.0005 hrs) -nan:-nan 15642 (20) sec
[321] Ep10000: Max 4161 (2545) steps (0.0007 hrs) -nan:-nan 15679 (37) sec
[322] Ep10000: Max 4161 (2533) steps (0.0007 hrs) -nan:-nan 15728 (49) sec
[323] Ep10000: Max 4161 (1796) steps (0.0005 hrs) -nan:-nan 15774 (46) sec
[324] Ep10000: Max 4161 (2355) steps (0.0007 hrs) -nan:-nan 15819 (45) sec
[325] Ep10000: Max 4161 (2394) steps (0.0007 hrs) -nan:-nan 15857 (38) sec
[326] Ep10000: Max 4161 (2228) steps (0.0006 hrs) -nan:-nan 15892 (35) sec
[327] Ep10000: Max 4161 (2275) steps (0.0006 hrs) -nan:-nan 15936 (44) sec
[328] Ep10000: Max 4161 (2202) steps (0.0006 hrs) -nan:-nan 15975 (39) sec
[329] Ep10000: Max 4161 (334) steps (0.0001 hrs) -nan:-nan 15990 (15) sec
[330] Ep10000: Max 4161 (1939) steps (0.0005 hrs) -nan:-nan 16035 (45) sec
[331] Ep10000: Max 4161 (2611) steps (0.0007 hrs) -nan:-nan 16084 (49) sec
[332] Ep10000: Max 4161 (925) steps (0.0003 hrs) -nan:-nan 16099 (15) sec
[333] Ep10000: Max 4161 (2301) steps (0.0006 hrs) -nan:-nan 16137 (38) sec
[334] Ep10000: Max 4161 (2820) steps (0.0008 hrs) -nan:-nan 16186 (49) sec
[335] Ep10000: Max 4161 (1723) steps (0.0005 hrs) -nan:-nan 16221 (35) sec
[336] Ep10000: Max 4161 (493) steps (0.0001 hrs) -nan:-nan 16237 (16) sec
[337] Ep10000: Max 4161 (2110) steps (0.0006 hrs) -nan:-nan 16283 (46) sec
[338] Ep10000: Max 4161 (1663) steps (0.0005 hrs) -nan:-nan 16299 (16) sec
[339] Ep10000: Max 4161 (2525) steps (0.0007 hrs) -nan:-nan 16350 (51) sec
[340] Ep10000: Max 4161 (3357) steps (0.0009 hrs) -nan:-nan 16403 (53) sec
[341] Ep10000: Max 4161 (991) steps (0.0003 hrs) -nan:-nan 16419 (16) sec
[342] Ep10000: Max 4161 (2610) steps (0.0007 hrs) -nan:-nan 16471 (52) sec
[343] Ep10000: Max 4161 (1974) steps (0.0005 hrs) -nan:-nan 16508 (37) sec
[344] Ep10000: Max 4161 (801) steps (0.0002 hrs) -nan:-nan 16526 (18) sec
[345] Ep10000: Max 4161 (2359) steps (0.0007 hrs) -nan:-nan 16565 (39) sec
[346] Ep10000: Max 4161 (2467) steps (0.0007 hrs) -nan:-nan 16614 (49) sec
[347] Ep10000: Max 4161 (1758) steps (0.0005 hrs) -nan:-nan 16654 (40) sec
[348] Ep10000: Max 4161 (2108) steps (0.0006 hrs) -nan:-nan 16701 (47) sec
[349] Ep10000: Max 4161 (1230) steps (0.0003 hrs) -nan:-nan 16717 (16) sec
[350] Ep10000: Max 4161 (1958) steps (0.0005 hrs) -nan:-nan 16760 (43) sec
[351] Ep10000: Max 4161 (1576) steps (0.0004 hrs) -nan:-nan 16775 (15) sec
[352] Ep10000: Max 4161 (2054) steps (0.0006 hrs) -nan:-nan 16823 (48) sec
[353] Ep10000: Max 4161 (1982) steps (0.0006 hrs) -nan:-nan 16869 (46) sec
[354] Ep10000: Max 4161 (1047) steps (0.0003 hrs) -nan:-nan 16885 (16) sec
[355] Ep10000: Max 4161 (1432) steps (0.0004 hrs) -nan:-nan 16902 (17) sec
[356] Ep10000: Max 4161 (483) steps (0.0001 hrs) -nan:-nan 16918 (16) sec
[357] Ep10000: Max 4161 (2160) steps (0.0006 hrs) -nan:-nan 16957 (39) sec
[358] Ep10000: Max 4161 (2094) steps (0.0006 hrs) -nan:-nan 17001 (44) sec
[359] Ep10000: Max 4161 (2121) steps (0.0006 hrs) -nan:-nan 17050 (49) sec
[360] Ep10000: Max 4161 (1520) steps (0.0004 hrs) -nan:-nan 17071 (21) sec
[361] Ep10000: Max 4161 (2490) steps (0.0007 hrs) -nan:-nan 17110 (39) sec
[362] Ep10000: Max 4161 (2364) steps (0.0007 hrs) -nan:-nan 17145 (35) sec
[363] Ep10000: Max 4161 (2322) steps (0.0006 hrs) -nan:-nan 17197 (52) sec
[364] Ep10000: Max 4161 (2526) steps (0.0007 hrs) -nan:-nan 17242 (45) sec
[365] Ep10000: Max 4161 (2606) steps (0.0007 hrs) -nan:-nan 17277 (35) sec
[366] Ep10000: Max 4161 (1998) steps (0.0006 hrs) -nan:-nan 17329 (52) sec
[367] Ep10000: Max 4161 (603) steps (0.0002 hrs) -nan:-nan 17346 (17) sec
[368] Ep10000: Max 4161 (803) steps (0.0002 hrs) -nan:-nan 17361 (15) sec
[369] Ep10000: Max 4161 (2660) steps (0.0007 hrs) -nan:-nan 17405 (44) sec
[370] Ep10000: Max 4161 (1554) steps (0.0004 hrs) -nan:-nan 17419 (14) sec
[371] Ep10000: Max 4161 (860) steps (0.0002 hrs) -nan:-nan 17435 (16) sec
[372] Ep10000: Max 4161 (2042) steps (0.0006 hrs) -nan:-nan 17481 (46) sec
[373] Ep10000: Max 4161 (2183) steps (0.0006 hrs) -nan:-nan 17520 (39) sec
[374] Ep10000: Max 4161 (1932) steps (0.0005 hrs) -nan:-nan 17556 (36) sec
[375] Ep10000: Max 4161 (2091) steps (0.0006 hrs) -nan:-nan 17605 (49) sec
[376] Ep10000: Max 4161 (2380) steps (0.0007 hrs) -nan:-nan 17646 (41) sec
[377] Ep10000: Max 4161 (1836) steps (0.0005 hrs) -nan:-nan 17681 (35) sec
[378] Ep10000: Max 4161 (818) steps (0.0002 hrs) -nan:-nan 17696 (15) sec
[379] Ep10000: Max 4161 (3349) steps (0.0009 hrs) -nan:-nan 17744 (48) sec
[380] Ep10000: Max 4161 (1855) steps (0.0005 hrs) -nan:-nan 17761 (17) sec
[381] Ep10000: Max 4161 (2164) steps (0.0006 hrs) -nan:-nan 17800 (39) sec
[382] Ep10000: Max 4161 (2171) steps (0.0006 hrs) -nan:-nan 17839 (39) sec
[383] Ep10000: Max 4161 (697) steps (0.0002 hrs) -nan:-nan 17855 (16) sec
[384] Ep10000: Max 4161 (2047) steps (0.0006 hrs) -nan:-nan 17894 (39) sec
[385] Ep10000: Max 4161 (1843) steps (0.0005 hrs) -nan:-nan 17935 (41) sec
[386] Ep10000: Max 4161 (2046) steps (0.0006 hrs) -nan:-nan 17973 (38) sec
[387] Ep10000: Max 4161 (555) steps (0.0002 hrs) -nan:-nan 17989 (16) sec
[388] Ep10000: Max 4161 (2133) steps (0.0006 hrs) -nan:-nan 18035 (46) sec
[389] Ep10000: Max 4161 (2254) steps (0.0006 hrs) -nan:-nan 18080 (45) sec
[390] Ep10000: Max 4161 (1652) steps (0.0005 hrs) -nan:-nan 18101 (21) sec
[391] Ep10000: Max 4161 (1834) steps (0.0005 hrs) -nan:-nan 18141 (40) sec
[392] Ep10000: Max 4161 (237) steps (0.0001 hrs) -nan:-nan 18156 (15) sec
[393] Ep10000: Max 4161 (636) steps (0.0002 hrs) -nan:-nan 18171 (15) sec
[394] Ep10000: Max 4161 (775) steps (0.0002 hrs) -nan:-nan 18185 (14) sec
[395] Ep10000: Max 4161 (478) steps (0.0001 hrs) -nan:-nan 18200 (15) sec
[396] Ep10000: Max 4161 (2193) steps (0.0006 hrs) -nan:-nan 18237 (37) sec
[397] Ep10000: Max 4161 (812) steps (0.0002 hrs) -nan:-nan 18252 (15) sec
[398] Ep10000: Max 4161 (1785) steps (0.0005 hrs) -nan:-nan 18289 (37) sec
[399] Ep10000: Max 4161 (2248) steps (0.0006 hrs) -nan:-nan 18328 (39) sec
[400] Ep10000: Max 4161 (893) steps (0.0002 hrs) -nan:-nan 18342 (14) sec
[401] Ep10000: Max 4161 (480) steps (0.0001 hrs) -nan:-nan 18358 (16) sec
[402] Ep10000: Max 4161 (1758) steps (0.0005 hrs) -nan:-nan 18393 (35) sec
[403] Ep10000: Max 4161 (1880) steps (0.0005 hrs) -nan:-nan 18417 (24) sec
[404] Ep10000: Max 4161 (2265) steps (0.0006 hrs) -nan:-nan 18463 (46) sec
[405] Ep10000: Max 4161 (2502) steps (0.0007 hrs) -nan:-nan 18499 (36) sec
[406] Ep10000: Max 4161 (691) steps (0.0002 hrs) -nan:-nan 18515 (16) sec
[407] Ep10000: Max 4161 (1860) steps (0.0005 hrs) -nan:-nan 18562 (47) sec
[408] Ep10000: Max 4161 (1831) steps (0.0005 hrs) -nan:-nan 18588 (26) sec
[409] Ep10000: Max 4161 (2061) steps (0.0006 hrs) -nan:-nan 18622 (34) sec
[410] Ep10000: Max 4161 (1990) steps (0.0006 hrs) -nan:-nan 18660 (38) sec
[411] Ep10000: Max 4161 (2058) steps (0.0006 hrs) -nan:-nan 18696 (36) sec
[412] Ep10000: Max 4161 (2566) steps (0.0007 hrs) -nan:-nan 18733 (37) sec
[413] Ep10000: Max 4161 (1874) steps (0.0005 hrs) -nan:-nan 18776 (43) sec
[414] Ep10000: Max 4161 (3145) steps (0.0009 hrs) -nan:-nan 18824 (48) sec
[415] Ep10000: Max 4161 (2029) steps (0.0006 hrs) -nan:-nan 18858 (34) sec
[416] Ep10000: Max 4161 (533) steps (0.0001 hrs) -nan:-nan 18873 (15) sec
[417] Ep10000: Max 4161 (2404) steps (0.0007 hrs) -nan:-nan 18920 (47) sec
[418] Ep10000: Max 4161 (1842) steps (0.0005 hrs) -nan:-nan 18964 (44) sec
[419] Ep10000: Max 4161 (2202) steps (0.0006 hrs) -nan:-nan 19003 (39) sec
[420] Ep10000: Max 4161 (2340) steps (0.0007 hrs) -nan:-nan 19048 (45) sec
[421] Ep10000: Max 4161 (2013) steps (0.0006 hrs) -nan:-nan 19083 (35) sec
[422] Ep10000: Max 4161 (2440) steps (0.0007 hrs) -nan:-nan 19132 (49) sec
[423] Ep10000: Max 4161 (2589) steps (0.0007 hrs) -nan:-nan 19183 (51) sec
[424] Ep10000: Max 4161 (2011) steps (0.0006 hrs) -nan:-nan 19212 (29) sec
[425] Ep10000: Max 4161 (2890) steps (0.0008 hrs) -nan:-nan 19261 (49) sec
[426] Ep10000: Max 4161 (2166) steps (0.0006 hrs) -nan:-nan 19301 (40) sec
[427] Ep10000: Max 4161 (2033) steps (0.0006 hrs) -nan:-nan 19333 (32) sec
[428] Ep10000: Max 4161 (505) steps (0.0001 hrs) -nan:-nan 19347 (14) sec
[429] Ep10000: Max 4161 (1763) steps (0.0005 hrs) -nan:-nan 19385 (38) sec
[430] Ep10000: Max 4161 (2218) steps (0.0006 hrs) -nan:-nan 19428 (43) sec
[431] Ep10000: Max 4161 (2474) steps (0.0007 hrs) -nan:-nan 19469 (41) sec
[432] Ep10000: Max 4161 (1476) steps (0.0004 hrs) -nan:-nan 19486 (17) sec
[433] Ep10000: Max 4161 (2735) steps (0.0008 hrs) -nan:-nan 19534 (48) sec
[434] Ep10000: Max 4161 (967) steps (0.0003 hrs) -nan:-nan 19550 (16) sec
[435] Ep10000: Max 4161 (914) steps (0.0003 hrs) -nan:-nan 19565 (15) sec
[436] Ep10000: Max 4161 (1055) steps (0.0003 hrs) -nan:-nan 19582 (17) sec
[437] Ep10000: Max 4161 (2517) steps (0.0007 hrs) -nan:-nan 19622 (40) sec
[438] Ep10000: Max 4161 (1917) steps (0.0005 hrs) -nan:-nan 19673 (51) sec
[439] Ep10000: Max 4161 (2784) steps (0.0008 hrs) -nan:-nan 19722 (49) sec
[440] Ep10000: Max 4161 (2202) steps (0.0006 hrs) -nan:-nan 19760 (38) sec
[441] Ep10000: Max 4161 (604) steps (0.0002 hrs) -nan:-nan 19778 (18) sec
[442] Ep10000: Max 4161 (2632) steps (0.0007 hrs) -nan:-nan 19823 (45) sec
[443] Ep10000: Max 4161 (1093) steps (0.0003 hrs) -nan:-nan 19839 (16) sec
[444] Ep10000: Max 4161 (3185) steps (0.0009 hrs) -nan:-nan 19877 (38) sec
[445] Ep10000: Max 4161 (554) steps (0.0002 hrs) -nan:-nan 19892 (15) sec
[446] Ep10000: Max 4161 (2387) steps (0.0007 hrs) -nan:-nan 19917 (25) sec
[447] Ep10000: Max 4161 (1845) steps (0.0005 hrs) -nan:-nan 19964 (47) sec
[448] Ep10000: Max 4161 (2326) steps (0.0006 hrs) -nan:-nan 20011 (47) sec
[449] Ep10000: Max 4161 (2414) steps (0.0007 hrs) -nan:-nan 20049 (38) sec
[450] Ep10000: Max 4161 (1240) steps (0.0003 hrs) -nan:-nan 20065 (16) sec
[451] Ep10000: Max 4161 (533) steps (0.0001 hrs) -nan:-nan 20080 (15) sec
[452] Ep10000: Max 4161 (1855) steps (0.0005 hrs) -nan:-nan 20115 (35) sec
[453] Ep10000: Max 4161 (2283) steps (0.0006 hrs) -nan:-nan 20165 (50) sec
[454] Ep10000: Max 4161 (2209) steps (0.0006 hrs) -nan:-nan 20208 (43) sec
[455] Ep10000: Max 4161 (2595) steps (0.0007 hrs) -nan:-nan 20248 (40) sec
[456] Ep10000: Max 4161 (2831) steps (0.0008 hrs) -nan:-nan 20291 (43) sec
[457] Ep10000: Max 4161 (2660) steps (0.0007 hrs) -nan:-nan 20331 (40) sec
[458] Ep10000: Max 4161 (2006) steps (0.0006 hrs) -nan:-nan 20369 (38) sec
[459] Ep10000: Max 4161 (546) steps (0.0002 hrs) -nan:-nan 20384 (15) sec
[460] Ep10000: Max 4161 (1834) steps (0.0005 hrs) -nan:-nan 20419 (35) sec
[461] Ep10000: Max 4161 (2225) steps (0.0006 hrs) -nan:-nan 20465 (46) sec
[462] Ep10000: Max 4161 (493) steps (0.0001 hrs) -nan:-nan 20481 (16) sec
[463] Ep10000: Max 4161 (1238) steps (0.0003 hrs) -nan:-nan 20497 (16) sec
[464] Ep10000: Max 4161 (495) steps (0.0001 hrs) -nan:-nan 20513 (16) sec
[465] Ep10000: Max 4161 (326) steps (0.0001 hrs) -nan:-nan 20527 (14) sec
[466] Ep10000: Max 4161 (2598) steps (0.0007 hrs) -nan:-nan 20563 (36) sec
[467] Ep10000: Max 4161 (1349) steps (0.0004 hrs) -nan:-nan 20588 (25) sec
[468] Ep10000: Max 4161 (2059) steps (0.0006 hrs) -nan:-nan 20627 (39) sec
[469] Ep10000: Max 4161 (2302) steps (0.0006 hrs) -nan:-nan 20666 (39) sec
[470] Ep10000: Max 4161 (2208) steps (0.0006 hrs) -nan:-nan 20703 (37) sec
[471] Ep10000: Max 4161 (1922) steps (0.0005 hrs) -nan:-nan 20722 (19) sec
[472] Ep10000: Max 4161 (594) steps (0.0002 hrs) -nan:-nan 20737 (15) sec
[473] Ep10000: Max 4161 (348) steps (0.0001 hrs) -nan:-nan 20752 (15) sec
[474] Ep10000: Max 4161 (2423) steps (0.0007 hrs) -nan:-nan 20795 (43) sec
[475] Ep10000: Max 4161 (2003) steps (0.0006 hrs) -nan:-nan 20831 (36) sec
[476] Ep10000: Max 4161 (535) steps (0.0001 hrs) -nan:-nan 20846 (15) sec
[477] Ep10000: Max 4161 (1998) steps (0.0006 hrs) -nan:-nan 20884 (38) sec
[478] Ep10000: Max 4161 (922) steps (0.0003 hrs) -nan:-nan 20900 (16) sec
[479] Ep10000: Max 4161 (440) steps (0.0001 hrs) -nan:-nan 20914 (14) sec
[480] Ep10000: Max 4161 (564) steps (0.0002 hrs) -nan:-nan 20928 (14) sec
[481] Ep10000: Max 4161 (2190) steps (0.0006 hrs) -nan:-nan 20965 (37) sec
[482] Ep10000: Max 4161 (1251) steps (0.0003 hrs) -nan:-nan 20982 (17) sec
[483] Ep10000: Max 4161 (1190) steps (0.0003 hrs) -nan:-nan 21000 (18) sec
[484] Ep10000: Max 4161 (2398) steps (0.0007 hrs) -nan:-nan 21044 (44) sec
[485] Ep10000: Max 4161 (2485) steps (0.0007 hrs) -nan:-nan 21079 (35) sec
[486] Ep10000: Max 4161 (1466) steps (0.0004 hrs) -nan:-nan 21095 (16) sec
[487] Ep10000: Max 4161 (2233) steps (0.0006 hrs) -nan:-nan 21133 (38) sec
[488] Ep10000: Max 4161 (2161) steps (0.0006 hrs) -nan:-nan 21176 (43) sec
[489] Ep10000: Max 4161 (2304) steps (0.0006 hrs) -nan:-nan 21213 (37) sec
[490] Ep10000: Max 4161 (2195) steps (0.0006 hrs) -nan:-nan 21251 (38) sec
[491] Ep10000: Max 4161 (2596) steps (0.0007 hrs) -nan:-nan 21290 (39) sec
[492] Ep10000: Max 4161 (923) steps (0.0003 hrs) -nan:-nan 21305 (15) sec
[493] Ep10000: Max 4161 (2239) steps (0.0006 hrs) -nan:-nan 21336 (31) sec
[494] Ep10000: Max 4161 (582) steps (0.0002 hrs) -nan:-nan 21352 (16) sec
[495] Ep10000: Max 4161 (1874) steps (0.0005 hrs) -nan:-nan 21392 (40) sec
[496] Ep10000: Max 4161 (3109) steps (0.0009 hrs) -nan:-nan 21437 (45) sec
[497] Ep10000: Max 4161 (2042) steps (0.0006 hrs) -nan:-nan 21468 (31) sec
[498] Ep10000: Max 4161 (2415) steps (0.0007 hrs) -nan:-nan 21515 (47) sec
[499] Ep10000: Max 4161 (3197) steps (0.0009 hrs) -nan:-nan 21565 (50) sec
[500] Ep10000: Max 4161 (2446) steps (0.0007 hrs) -nan:-nan 21612 (47) sec
[501] Ep10000: Max 4161 (2570) steps (0.0007 hrs) -nan:-nan 21657 (45) sec
[502] Ep10000: Max 4161 (2274) steps (0.0006 hrs) -nan:-nan 21705 (48) sec
[503] Ep10000: Max 4161 (480) steps (0.0001 hrs) -nan:-nan 21721 (16) sec
[504] Ep10000: Max 4161 (2072) steps (0.0006 hrs) -nan:-nan 21766 (45) sec
[505] Ep10000: Max 4161 (2252) steps (0.0006 hrs) -nan:-nan 21804 (38) sec
[506] Ep10000: Max 4161 (2515) steps (0.0007 hrs) -nan:-nan 21852 (48) sec
[507] Ep10000: Max 4161 (761) steps (0.0002 hrs) -nan:-nan 21867 (15) sec
[508] Ep10000: Max 4161 (2284) steps (0.0006 hrs) -nan:-nan 21914 (47) sec
[509] Ep10000: Max 4161 (1599) steps (0.0004 hrs) -nan:-nan 21930 (16) sec
[510] Ep10000: Max 4161 (2684) steps (0.0007 hrs) -nan:-nan 21980 (50) sec
[511] Ep10000: Max 4161 (2167) steps (0.0006 hrs) -nan:-nan 22019 (39) sec
[512] Ep10000: Max 4161 (1166) steps (0.0003 hrs) -nan:-nan 22037 (18) sec
[513] Ep10000: Max 4161 (1454) steps (0.0004 hrs) -nan:-nan 22055 (18) sec
[514] Ep10000: Max 4161 (2273) steps (0.0006 hrs) -nan:-nan 22095 (40) sec
[515] Ep10000: Max 4161 (2779) steps (0.0008 hrs) -nan:-nan 22140 (45) sec
[516] Ep10000: Max 4161 (2342) steps (0.0007 hrs) -nan:-nan 22189 (49) sec
[517] Ep10000: Max 4161 (2389) steps (0.0007 hrs) -nan:-nan 22237 (48) sec
[518] Ep10000: Max 4161 (2506) steps (0.0007 hrs) -nan:-nan 22279 (42) sec
[519] Ep10000: Max 4161 (2117) steps (0.0006 hrs) -nan:-nan 22330 (51) sec
[520] Ep10000: Max 4161 (2187) steps (0.0006 hrs) -nan:-nan 22367 (37) sec
[521] Ep10000: Max 4161 (1661) steps (0.0005 hrs) -nan:-nan 22393 (26) sec
[522] Ep10000: Max 4161 (2580) steps (0.0007 hrs) -nan:-nan 22442 (49) sec
[523] Ep10000: Max 4161 (901) steps (0.0003 hrs) -nan:-nan 22457 (15) sec
[524] Ep10000: Max 4161 (2595) steps (0.0007 hrs) -nan:-nan 22497 (40) sec
[525] Ep10000: Max 4161 (1893) steps (0.0005 hrs) -nan:-nan 22548 (51) sec
[526] Ep10000: Max 4161 (2467) steps (0.0007 hrs) -nan:-nan 22590 (42) sec
[527] Ep10000: Max 4161 (1860) steps (0.0005 hrs) -nan:-nan 22629 (39) sec
[528] Ep10000: Max 4161 (1742) steps (0.0005 hrs) -nan:-nan 22647 (18) sec
[529] Ep10000: Max 4161 (2146) steps (0.0006 hrs) -nan:-nan 22690 (43) sec
[530] Ep10000: Max 4161 (1490) steps (0.0004 hrs) -nan:-nan 22712 (22) sec
[531] Ep10000: Max 4161 (3115) steps (0.0009 hrs) -nan:-nan 22751 (39) sec
[532] Ep10000: Max 4161 (1836) steps (0.0005 hrs) -nan:-nan 22796 (45) sec
[533] Ep10000: Max 4161 (1727) steps (0.0005 hrs) -nan:-nan 22833 (37) sec
[534] Ep10000: Max 4161 (1962) steps (0.0005 hrs) -nan:-nan 22874 (41) sec
[535] Ep10000: Max 4161 (413) steps (0.0001 hrs) -nan:-nan 22889 (15) sec
[536] Ep10000: Max 4161 (2189) steps (0.0006 hrs) -nan:-nan 22929 (40) sec
[537] Ep10000: Max 4161 (2551) steps (0.0007 hrs) -nan:-nan 22966 (37) sec
[538] Ep10000: Max 4161 (1900) steps (0.0005 hrs) -nan:-nan 23002 (36) sec
[539] Ep10000: Max 4161 (2029) steps (0.0006 hrs) -nan:-nan 23025 (23) sec
[540] Ep10000: Max 4161 (2217) steps (0.0006 hrs) -nan:-nan 23075 (50) sec
[541] Ep10000: Max 4161 (2074) steps (0.0006 hrs) -nan:-nan 23122 (47) sec
[542] Ep10000: Max 4161 (2103) steps (0.0006 hrs) -nan:-nan 23160 (38) sec
[543] Ep10000: Max 4161 (1976) steps (0.0005 hrs) -nan:-nan 23209 (49) sec
[544] Ep10000: Max 4161 (841) steps (0.0002 hrs) -nan:-nan 23225 (16) sec
[545] Ep10000: Max 4161 (2053) steps (0.0006 hrs) -nan:-nan 23262 (37) sec
[546] Ep10000: Max 4161 (2369) steps (0.0007 hrs) -nan:-nan 23303 (41) sec
[547] Ep10000: Max 4161 (2307) steps (0.0006 hrs) -nan:-nan 23341 (38) sec
[548] Ep10000: Max 4161 (1012) steps (0.0003 hrs) -nan:-nan 23357 (16) sec
[549] Ep10000: Max 4161 (2255) steps (0.0006 hrs) -nan:-nan 23406 (49) sec
[550] Ep10000: Max 4161 (1846) steps (0.0005 hrs) -nan:-nan 23451 (45) sec
[551] Ep10000: Max 4161 (2265) steps (0.0006 hrs) -nan:-nan 23499 (48) sec
[552] Ep10000: Max 4161 (1169) steps (0.0003 hrs) -nan:-nan 23516 (17) sec
[553] Ep10000: Max 4161 (1790) steps (0.0005 hrs) -nan:-nan 23531 (15) sec
[554] Ep10000: Max 4161 (590) steps (0.0002 hrs) -nan:-nan 23546 (15) sec
[555] Ep10000: Max 4161 (1453) steps (0.0004 hrs) -nan:-nan 23562 (16) sec
[556] Ep10000: Max 4161 (1484) steps (0.0004 hrs) -nan:-nan 23577 (15) sec
[557] Ep10000: Max 4161 (1698) steps (0.0005 hrs) -nan:-nan 23609 (32) sec
[558] Ep10000: Max 4161 (1116) steps (0.0003 hrs) -nan:-nan 23624 (15) sec
[559] Ep10000: Max 4161 (2361) steps (0.0007 hrs) -nan:-nan 23672 (48) sec
[560] Ep10000: Max 4161 (1883) steps (0.0005 hrs) -nan:-nan 23689 (17) sec
[561] Ep10000: Max 4161 (2190) steps (0.0006 hrs) -nan:-nan 23740 (51) sec
[562] Ep10000: Max 4161 (2270) steps (0.0006 hrs) -nan:-nan 23784 (44) sec
[563] Ep10000: Max 4161 (843) steps (0.0002 hrs) -nan:-nan 23800 (16) sec
[564] Ep10000: Max 4161 (2130) steps (0.0006 hrs) -nan:-nan 23852 (52) sec
[565] Ep10000: Max 4161 (2214) steps (0.0006 hrs) -nan:-nan 23892 (40) sec
[566] Ep10000: Max 4161 (1180) steps (0.0003 hrs) -nan:-nan 23908 (16) sec
[567] Ep10000: Max 4161 (2086) steps (0.0006 hrs) -nan:-nan 23958 (50) sec
[568] Ep10000: Max 4161 (2254) steps (0.0006 hrs) -nan:-nan 23992 (34) sec
[569] Ep10000: Max 4161 (2431) steps (0.0007 hrs) -nan:-nan 24040 (48) sec
[570] Ep10000: Max 4161 (498) steps (0.0001 hrs) -nan:-nan 24056 (16) sec
[571] Ep10000: Max 4161 (2889) steps (0.0008 hrs) -nan:-nan 24104 (48) sec
[572] Ep10000: Max 4161 (1536) steps (0.0004 hrs) -nan:-nan 24124 (20) sec
[573] Ep10000: Max 4161 (2352) steps (0.0007 hrs) -nan:-nan 24164 (40) sec
[574] Ep10000: Max 4161 (1387) steps (0.0004 hrs) -nan:-nan 24182 (18) sec
[575] Ep10000: Max 4161 (2210) steps (0.0006 hrs) -nan:-nan 24232 (50) sec
[576] Ep10000: Max 4161 (989) steps (0.0003 hrs) -nan:-nan 24248 (16) sec
[577] Ep10000: Max 4161 (2590) steps (0.0007 hrs) -nan:-nan 24296 (48) sec
[578] Ep10000: Max 4161 (2153) steps (0.0006 hrs) -nan:-nan 24345 (49) sec
[579] Ep10000: Max 4161 (2410) steps (0.0007 hrs) -nan:-nan 24392 (47) sec
[580] Ep10000: Max 4161 (2225) steps (0.0006 hrs) -nan:-nan 24428 (36) sec
[581] Ep10000: Max 4161 (2240) steps (0.0006 hrs) -nan:-nan 24474 (46) sec
[582] Ep10000: Max 4161 (628) steps (0.0002 hrs) -nan:-nan 24489 (15) sec
[583] Ep10000: Max 4161 (2158) steps (0.0006 hrs) -nan:-nan 24535 (46) sec
[584] Ep10000: Max 4161 (1979) steps (0.0005 hrs) -nan:-nan 24571 (36) sec
[585] Ep10000: Max 4161 (2330) steps (0.0006 hrs) -nan:-nan 24609 (38) sec
[586] Ep10000: Max 4161 (2316) steps (0.0006 hrs) -nan:-nan 24653 (44) sec
[587] Ep10000: Max 4161 (474) steps (0.0001 hrs) -nan:-nan 24669 (16) sec
[588] Ep10000: Max 4161 (2471) steps (0.0007 hrs) -nan:-nan 24715 (46) sec
[589] Ep10000: Max 4161 (2248) steps (0.0006 hrs) -nan:-nan 24742 (27) sec
[590] Ep10000: Max 4161 (461) steps (0.0001 hrs) -nan:-nan 24757 (15) sec
[591] Ep10000: Max 4161 (1923) steps (0.0005 hrs) -nan:-nan 24807 (50) sec
[592] Ep10000: Max 4161 (922) steps (0.0003 hrs) -nan:-nan 24822 (15) sec
[593] Ep10000: Max 4161 (762) steps (0.0002 hrs) -nan:-nan 24838 (16) sec
[594] Ep10000: Max 4161 (2257) steps (0.0006 hrs) -nan:-nan 24890 (52) sec
[595] Ep10000: Max 4161 (771) steps (0.0002 hrs) -nan:-nan 24905 (15) sec
[596] Ep10000: Max 4161 (498) steps (0.0001 hrs) -nan:-nan 24920 (15) sec
[597] Ep10000: Max 4161 (2278) steps (0.0006 hrs) -nan:-nan 24966 (46) sec
[598] Ep10000: Max 4161 (2151) steps (0.0006 hrs) -nan:-nan 25002 (36) sec
[599] Ep10000: Max 4161 (2266) steps (0.0006 hrs) -nan:-nan 25045 (43) sec
[600] Ep10000: Max 4161 (1364) steps (0.0004 hrs) -nan:-nan 25063 (18) sec
[601] Ep10000: Max 4161 (2120) steps (0.0006 hrs) -nan:-nan 25103 (40) sec
[602] Ep10000: Max 4161 (2661) steps (0.0007 hrs) -nan:-nan 25151 (48) sec
[603] Ep10000: Max 4161 (2414) steps (0.0007 hrs) -nan:-nan 25198 (47) sec
[604] Ep10000: Max 4161 (2696) steps (0.0007 hrs) -nan:-nan 25244 (46) sec
[605] Ep10000: Max 4161 (1744) steps (0.0005 hrs) -nan:-nan 25261 (17) sec
[606] Ep10000: Max 4161 (2653) steps (0.0007 hrs) -nan:-nan 25297 (36) sec
[607] Ep10000: Max 4161 (2166) steps (0.0006 hrs) -nan:-nan 25337 (40) sec
[608] Ep10000: Max 4161 (1410) steps (0.0004 hrs) -nan:-nan 25354 (17) sec
[609] Ep10000: Max 4161 (1698) steps (0.0005 hrs) -nan:-nan 25374 (20) sec
[610] Ep10000: Max 4161 (3103) steps (0.0009 hrs) -nan:-nan 25419 (45) sec
[611] Ep10000: Max 4161 (2031) steps (0.0006 hrs) -nan:-nan 25474 (55) sec
[612] Ep10000: Max 4161 (1924) steps (0.0005 hrs) -nan:-nan 25514 (40) sec
[613] Ep10000: Max 4161 (1955) steps (0.0005 hrs) -nan:-nan 25549 (35) sec
[614] Ep10000: Max 4161 (2524) steps (0.0007 hrs) -nan:-nan 25602 (53) sec
[615] Ep10000: Max 4161 (2175) steps (0.0006 hrs) -nan:-nan 25653 (51) sec
[616] Ep10000: Max 4161 (1687) steps (0.0005 hrs) -nan:-nan 25687 (34) sec
[617] Ep10000: Max 4161 (2771) steps (0.0008 hrs) -nan:-nan 25725 (38) sec
[618] Ep10000: Max 4161 (2429) steps (0.0007 hrs) -nan:-nan 25773 (48) sec
[619] Ep10000: Max 4161 (2676) steps (0.0007 hrs) -nan:-nan 25821 (48) sec
[620] Ep10000: Max 4161 (2382) steps (0.0007 hrs) -nan:-nan 25868 (47) sec
[621] Ep10000: Max 4161 (853) steps (0.0002 hrs) -nan:-nan 25883 (15) sec
[622] Ep10000: Max 4161 (2128) steps (0.0006 hrs) -nan:-nan 25915 (32) sec
[623] Ep10000: Max 4161 (2005) steps (0.0006 hrs) -nan:-nan 25962 (47) sec
[624] Ep10000: Max 4161 (3628) steps (0.0010 hrs) -nan:-nan 26010 (48) sec
[625] Ep10000: Max 4161 (2115) steps (0.0006 hrs) -nan:-nan 26046 (36) sec
[626] Ep10000: Max 4161 (1111) steps (0.0003 hrs) -nan:-nan 26061 (15) sec
[627] Ep10000: Max 4161 (1637) steps (0.0005 hrs) -nan:-nan 26098 (37) sec
[628] Ep10000: Max 4161 (2654) steps (0.0007 hrs) -nan:-nan 26147 (49) sec
[629] Ep10000: Max 4161 (411) steps (0.0001 hrs) -nan:-nan 26163 (16) sec
[630] Ep10000: Max 4161 (2140) steps (0.0006 hrs) -nan:-nan 26212 (49) sec
[631] Ep10000: Max 4161 (1776) steps (0.0005 hrs) -nan:-nan 26233 (21) sec
[632] Ep10000: Max 4161 (2047) steps (0.0006 hrs) -nan:-nan 26271 (38) sec
[633] Ep10000: Max 4161 (863) steps (0.0002 hrs) -nan:-nan 26287 (16) sec
[634] Ep10000: Max 4161 (2434) steps (0.0007 hrs) -nan:-nan 26328 (41) sec
[635] Ep10000: Max 4161 (1969) steps (0.0005 hrs) -nan:-nan 26373 (45) sec
[636] Ep10000: Max 4161 (2703) steps (0.0008 hrs) -nan:-nan 26423 (50) sec
[637] Ep10000: Max 4161 (2060) steps (0.0006 hrs) -nan:-nan 26458 (35) sec
[638] Ep10000: Max 4161 (2516) steps (0.0007 hrs) -nan:-nan 26506 (48) sec
[639] Ep10000: Max 4161 (3105) steps (0.0009 hrs) -nan:-nan 26554 (48) sec
[640] Ep10000: Max 4161 (2101) steps (0.0006 hrs) -nan:-nan 26582 (28) sec
[641] Ep10000: Max 4161 (473) steps (0.0001 hrs) -nan:-nan 26598 (16) sec
[642] Ep10000: Max 4161 (2010) steps (0.0006 hrs) -nan:-nan 26646 (48) sec
[643] Ep10000: Max 4161 (1997) steps (0.0006 hrs) -nan:-nan 26694 (48) sec
[644] Ep10000: Max 4161 (2670) steps (0.0007 hrs) -nan:-nan 26743 (49) sec
[645] Ep10000: Max 4161 (2071) steps (0.0006 hrs) -nan:-nan 26778 (35) sec
[646] Ep10000: Max 4161 (2618) steps (0.0007 hrs) -nan:-nan 26827 (49) sec
[647] Ep10000: Max 4161 (2322) steps (0.0006 hrs) -nan:-nan 26874 (47) sec
[648] Ep10000: Max 4161 (1916) steps (0.0005 hrs) -nan:-nan 26913 (39) sec
[649] Ep10000: Max 4161 (2003) steps (0.0006 hrs) -nan:-nan 26957 (44) sec
[650] Ep10000: Max 4161 (2232) steps (0.0006 hrs) -nan:-nan 27006 (49) sec
[651] Ep10000: Max 4161 (1763) steps (0.0005 hrs) -nan:-nan 27042 (36) sec
[652] Ep10000: Max 4161 (2363) steps (0.0007 hrs) -nan:-nan 27088 (46) sec
[653] Ep10000: Max 4161 (2483) steps (0.0007 hrs) -nan:-nan 27135 (47) sec
[654] Ep10000: Max 4161 (635) steps (0.0002 hrs) -nan:-nan 27150 (15) sec
[655] Ep10000: Max 4161 (1872) steps (0.0005 hrs) -nan:-nan 27196 (46) sec
[656] Ep10000: Max 4161 (2726) steps (0.0008 hrs) -nan:-nan 27243 (47) sec
[657] Ep10000: Max 4161 (2026) steps (0.0006 hrs) -nan:-nan 27288 (45) sec
[658] Ep10000: Max 4161 (2301) steps (0.0006 hrs) -nan:-nan 27323 (35) sec
[659] Ep10000: Max 4161 (2228) steps (0.0006 hrs) -nan:-nan 27358 (35) sec
[660] Ep10000: Max 4161 (1827) steps (0.0005 hrs) -nan:-nan 27376 (18) sec
[661] Ep10000: Max 4161 (503) steps (0.0001 hrs) -nan:-nan 27391 (15) sec
[662] Ep10000: Max 4161 (2306) steps (0.0006 hrs) -nan:-nan 27413 (22) sec
[663] Ep10000: Max 4161 (2369) steps (0.0007 hrs) -nan:-nan 27457 (44) sec
[664] Ep10000: Max 4161 (1254) steps (0.0003 hrs) -nan:-nan 27472 (15) sec
[665] Ep10000: Max 4161 (933) steps (0.0003 hrs) -nan:-nan 27488 (16) sec
[666] Ep10000: Max 4161 (3314) steps (0.0009 hrs) -nan:-nan 27522 (34) sec
[667] Ep10000: Max 4161 (988) steps (0.0003 hrs) -nan:-nan 27537 (15) sec
[668] Ep10000: Max 4161 (954) steps (0.0003 hrs) -nan:-nan 27552 (15) sec
[669] Ep10000: Max 4161 (2559) steps (0.0007 hrs) -nan:-nan 27599 (47) sec
[670] Ep10000: Max 4161 (995) steps (0.0003 hrs) -nan:-nan 27614 (15) sec
[671] Ep10000: Max 4161 (2180) steps (0.0006 hrs) -nan:-nan 27652 (38) sec
[672] Ep10000: Max 4161 (1948) steps (0.0005 hrs) -nan:-nan 27690 (38) sec
[673] Ep10000: Max 4161 (2919) steps (0.0008 hrs) -nan:-nan 27740 (50) sec
[674] Ep10000: Max 4161 (2095) steps (0.0006 hrs) -nan:-nan 27790 (50) sec
[675] Ep10000: Max 4161 (2454) steps (0.0007 hrs) -nan:-nan 27840 (50) sec
[676] Ep10000: Max 4161 (1895) steps (0.0005 hrs) -nan:-nan 27886 (46) sec
[677] Ep10000: Max 4161 (3090) steps (0.0009 hrs) -nan:-nan 27906 (20) sec
[678] Ep10000: Max 4161 (1501) steps (0.0004 hrs) -nan:-nan 27928 (22) sec
[679] Ep10000: Max 4161 (2054) steps (0.0006 hrs) -nan:-nan 27976 (48) sec
[680] Ep10000: Max 4161 (1878) steps (0.0005 hrs) -nan:-nan 28013 (37) sec
[681] Ep10000: Max 4161 (1132) steps (0.0003 hrs) -nan:-nan 28028 (15) sec
[682] Ep10000: Max 4161 (2321) steps (0.0006 hrs) -nan:-nan 28066 (38) sec
[683] Ep10000: Max 4161 (2045) steps (0.0006 hrs) -nan:-nan 28120 (54) sec
[684] Ep10000: Max 4161 (2854) steps (0.0008 hrs) -nan:-nan 28165 (45) sec
[685] Ep10000: Max 4161 (2572) steps (0.0007 hrs) -nan:-nan 28202 (37) sec
[686] Ep10000: Max 4161 (2318) steps (0.0006 hrs) -nan:-nan 28248 (46) sec
[687] Ep10000: Max 4161 (1962) steps (0.0005 hrs) -nan:-nan 28279 (31) sec
[688] Ep10000: Max 4161 (473) steps (0.0001 hrs) -nan:-nan 28295 (16) sec
[689] Ep10000: Max 4161 (1999) steps (0.0006 hrs) -nan:-nan 28336 (41) sec
[690] Ep10000: Max 4161 (1796) steps (0.0005 hrs) -nan:-nan 28371 (35) sec
[691] Ep10000: Max 4161 (2009) steps (0.0006 hrs) -nan:-nan 28408 (37) sec
[692] Ep10000: Max 4161 (2187) steps (0.0006 hrs) -nan:-nan 28455 (47) sec
[693] Ep10000: Max 4161 (909) steps (0.0003 hrs) -nan:-nan 28470 (15) sec
[694] Ep10000: Max 4161 (1972) steps (0.0005 hrs) -nan:-nan 28505 (35) sec
[695] Ep10000: Max 4161 (3297) steps (0.0009 hrs) -nan:-nan 28555 (50) sec
[696] Ep10000: Max 4161 (2389) steps (0.0007 hrs) -nan:-nan 28606 (51) sec
[697] Ep10000: Max 4161 (2308) steps (0.0006 hrs) -nan:-nan 28656 (50) sec
[698] Ep10000: Max 4161 (2448) steps (0.0007 hrs) -nan:-nan 28706 (50) sec
[699] Ep10000: Max 4161 (2262) steps (0.0006 hrs) -nan:-nan 28745 (39) sec
[700] Ep10000: Max 4161 (1963) steps (0.0005 hrs) -nan:-nan 28787 (42) sec
[701] Ep10000: Max 4161 (1786) steps (0.0005 hrs) -nan:-nan 28809 (22) sec
[702] Ep10000: Max 4161 (807) steps (0.0002 hrs) -nan:-nan 28827 (18) sec
[703] Ep10000: Max 4161 (2455) steps (0.0007 hrs) -nan:-nan 28871 (44) sec
[704] Ep10000: Max 4161 (2043) steps (0.0006 hrs) -nan:-nan 28922 (51) sec
[705] Ep10000: Max 4161 (2447) steps (0.0007 hrs) -nan:-nan 28973 (51) sec
[706] Ep10000: Max 4161 (2016) steps (0.0006 hrs) -nan:-nan 29012 (39) sec
[707] Ep10000: Max 4161 (2003) steps (0.0006 hrs) -nan:-nan 29053 (41) sec
[708] Ep10000: Max 4161 (2177) steps (0.0006 hrs) -nan:-nan 29108 (55) sec
[709] Ep10000: Max 4161 (2128) steps (0.0006 hrs) -nan:-nan 29165 (57) sec
[710] Ep10000: Max 4161 (1044) steps (0.0003 hrs) -nan:-nan 29180 (15) sec
[711] Ep10000: Max 4161 (720) steps (0.0002 hrs) -nan:-nan 29194 (14) sec
[712] Ep10000: Max 4161 (2136) steps (0.0006 hrs) -nan:-nan 29237 (43) sec
[713] Ep10000: Max 4161 (961) steps (0.0003 hrs) -nan:-nan 29255 (18) sec
[714] Ep10000: Max 4161 (2145) steps (0.0006 hrs) -nan:-nan 29309 (54) sec
[715] Ep10000: Max 4161 (2025) steps (0.0006 hrs) -nan:-nan 29356 (47) sec
[716] Ep10000: Max 4161 (1885) steps (0.0005 hrs) -nan:-nan 29408 (52) sec
[717] Ep10000: Max 4161 (2533) steps (0.0007 hrs) -nan:-nan 29468 (60) sec
[718] Ep10000: Max 4161 (2068) steps (0.0006 hrs) -nan:-nan 29539 (71) sec
[719] Ep10000: Max 4161 (577) steps (0.0002 hrs) -nan:-nan 29568 (29) sec
[720] Ep10000: Max 4161 (1473) steps (0.0004 hrs) -nan:-nan 29596 (28) sec
[721] Ep10000: Max 4161 (2109) steps (0.0006 hrs) -nan:-nan 29638 (42) sec
[722] Ep10000: Max 4161 (1984) steps (0.0006 hrs) -nan:-nan 29687 (49) sec
[723] Ep10000: Max 4161 (1749) steps (0.0005 hrs) -nan:-nan 29732 (45) sec
[724] Ep10000: Max 4161 (1993) steps (0.0006 hrs) -nan:-nan 29787 (55) sec
[725] Ep10000: Max 4161 (2356) steps (0.0007 hrs) -nan:-nan 29842 (55) sec
[726] Ep10000: Max 4161 (1168) steps (0.0003 hrs) -nan:-nan 29859 (17) sec
[727] Ep10000: Max 4161 (2393) steps (0.0007 hrs) -nan:-nan 29909 (50) sec
[728] Ep10000: Max 4161 (325) steps (0.0001 hrs) -nan:-nan 29925 (16) sec
[729] Ep10000: Max 4161 (2113) steps (0.0006 hrs) -nan:-nan 29967 (42) sec
[730] Ep10000: Max 4161 (1605) steps (0.0004 hrs) -nan:-nan 29995 (28) sec
[731] Ep10000: Max 4161 (2308) steps (0.0006 hrs) -nan:-nan 30048 (53) sec
[732] Ep10000: Max 4161 (2221) steps (0.0006 hrs) -nan:-nan 30099 (51) sec
[733] Ep10000: Max 4161 (2085) steps (0.0006 hrs) -nan:-nan 30134 (35) sec
[734] Ep10000: Max 4161 (389) steps (0.0001 hrs) -nan:-nan 30151 (17) sec
[735] Ep10000: Max 4161 (2095) steps (0.0006 hrs) -nan:-nan 30207 (56) sec
[736] Ep10000: Max 4161 (2344) steps (0.0007 hrs) -nan:-nan 30258 (51) sec
[737] Ep10000: Max 4161 (2419) steps (0.0007 hrs) -nan:-nan 30302 (44) sec
[738] Ep10000: Max 4161 (1251) steps (0.0003 hrs) -nan:-nan 30322 (20) sec
[739] Ep10000: Max 4161 (1802) steps (0.0005 hrs) -nan:-nan 30378 (56) sec
[740] Ep10000: Max 4161 (1687) steps (0.0005 hrs) -nan:-nan 30402 (24) sec
[741] Ep10000: Max 4161 (2088) steps (0.0006 hrs) -nan:-nan 30445 (43) sec
[742] Ep10000: Max 4161 (1785) steps (0.0005 hrs) -nan:-nan 30485 (40) sec
[743] Ep10000: Max 4161 (1816) steps (0.0005 hrs) -nan:-nan 30532 (47) sec
[744] Ep10000: Max 4161 (2352) steps (0.0007 hrs) -nan:-nan 30596 (64) sec
[745] Ep10000: Max 4161 (2041) steps (0.0006 hrs) -nan:-nan 30642 (46) sec
[746] Ep10000: Max 4161 (2454) steps (0.0007 hrs) -nan:-nan 30695 (53) sec
[747] Ep10000: Max 4161 (2496) steps (0.0007 hrs) -nan:-nan 30735 (40) sec
[748] Ep10000: Max 4161 (2613) steps (0.0007 hrs) -nan:-nan 30787 (52) sec
[749] Ep10000: Max 4161 (2806) steps (0.0008 hrs) -nan:-nan 30845 (58) sec
[750] Ep10000: Max 4161 (795) steps (0.0002 hrs) -nan:-nan 30866 (21) sec
[751] Ep10000: Max 4161 (1949) steps (0.0005 hrs) -nan:-nan 30912 (46) sec
[752] Ep10000: Max 4161 (2056) steps (0.0006 hrs) -nan:-nan 30947 (35) sec
[753] Ep10000: Max 4161 (2316) steps (0.0006 hrs) -nan:-nan 30995 (48) sec
[754] Ep10000: Max 4161 (1731) steps (0.0005 hrs) -nan:-nan 31036 (41) sec
[755] Ep10000: Max 4161 (2046) steps (0.0006 hrs) -nan:-nan 31089 (53) sec
[756] Ep10000: Max 4161 (2193) steps (0.0006 hrs) -nan:-nan 31151 (62) sec
[757] Ep10000: Max 4161 (1976) steps (0.0005 hrs) -nan:-nan 31199 (48) sec
[758] Ep10000: Max 4161 (2682) steps (0.0007 hrs) -nan:-nan 31247 (48) sec
[759] Ep10000: Max 4161 (2321) steps (0.0006 hrs) -nan:-nan 31304 (57) sec
[760] Ep10000: Max 4161 (2163) steps (0.0006 hrs) -nan:-nan 31344 (40) sec
[761] Ep10000: Max 4161 (1243) steps (0.0003 hrs) -nan:-nan 31364 (20) sec
[762] Ep10000: Max 4161 (2626) steps (0.0007 hrs) -nan:-nan 31401 (37) sec
[763] Ep10000: Max 4161 (2548) steps (0.0007 hrs) -nan:-nan 31437 (36) sec
[764] Ep10000: Max 4161 (546) steps (0.0002 hrs) -nan:-nan 31453 (16) sec
[765] Ep10000: Max 4161 (1983) steps (0.0006 hrs) -nan:-nan 31506 (53) sec
[766] Ep10000: Max 4161 (2288) steps (0.0006 hrs) -nan:-nan 31552 (46) sec
[767] Ep10000: Max 4161 (2272) steps (0.0006 hrs) -nan:-nan 31623 (71) sec
[768] Ep10000: Max 4161 (2230) steps (0.0006 hrs) -nan:-nan 31670 (47) sec
[769] Ep10000: Max 4161 (2064) steps (0.0006 hrs) -nan:-nan 31720 (50) sec
[770] Ep10000: Max 4161 (1974) steps (0.0005 hrs) -nan:-nan 31746 (26) sec
[771] Ep10000: Max 4161 (1992) steps (0.0006 hrs) -nan:-nan 31786 (40) sec
[772] Ep10000: Max 4161 (1963) steps (0.0005 hrs) -nan:-nan 31826 (40) sec
[773] Ep10000: Max 4161 (2287) steps (0.0006 hrs) -nan:-nan 31890 (64) sec
[774] Ep10000: Max 4161 (2156) steps (0.0006 hrs) -nan:-nan 31944 (54) sec
[775] Ep10000: Max 4161 (718) steps (0.0002 hrs) -nan:-nan 31970 (26) sec
[776] Ep10000: Max 4161 (2907) steps (0.0008 hrs) -nan:-nan 32037 (67) sec
[777] Ep10000: Max 4161 (2407) steps (0.0007 hrs) -nan:-nan 32108 (71) sec
[778] Ep10000: Max 4161 (2321) steps (0.0006 hrs) -nan:-nan 32170 (62) sec
[779] Ep10000: Max 4161 (2149) steps (0.0006 hrs) -nan:-nan 32260 (90) sec
[780] Ep10000: Max 4161 (870) steps (0.0002 hrs) -nan:-nan 32294 (34) sec
[781] Ep10000: Max 4161 (2113) steps (0.0006 hrs) -nan:-nan 32386 (92) sec
[782] Ep10000: Max 4161 (2620) steps (0.0007 hrs) -nan:-nan 32465 (79) sec
[783] Ep10000: Max 4161 (1928) steps (0.0005 hrs) -nan:-nan 32553 (88) sec
[784] Ep10000: Max 4161 (2588) steps (0.0007 hrs) -nan:-nan 32644 (91) sec
[785] Ep10000: Max 4161 (2012) steps (0.0006 hrs) -nan:-nan 32712 (68) sec
[786] Ep10000: Max 4161 (2238) steps (0.0006 hrs) -nan:-nan 32806 (94) sec
[787] Ep10000: Max 4161 (333) steps (0.0001 hrs) -nan:-nan 32833 (27) sec
[788] Ep10000: Max 4161 (2017) steps (0.0006 hrs) -nan:-nan 32915 (82) sec
[789] Ep10000: Max 4161 (932) steps (0.0003 hrs) -nan:-nan 32947 (32) sec
[790] Ep10000: Max 4161 (2044) steps (0.0006 hrs) -nan:-nan 33039 (92) sec
[791] Ep10000: Max 4161 (2830) steps (0.0008 hrs) -nan:-nan 33117 (78) sec
[792] Ep10000: Max 4161 (1934) steps (0.0005 hrs) -nan:-nan 33184 (67) sec
[793] Ep10000: Max 4161 (1231) steps (0.0003 hrs) -nan:-nan 33216 (32) sec
[794] Ep10000: Max 4161 (1613) steps (0.0004 hrs) -nan:-nan 33251 (35) sec
[795] Ep10000: Max 4161 (2381) steps (0.0007 hrs) -nan:-nan 33310 (59) sec
[796] Ep10000: Max 4161 (2582) steps (0.0007 hrs) -nan:-nan 33370 (60) sec
[797] Ep10000: Max 4161 (1980) steps (0.0006 hrs) -nan:-nan 33412 (42) sec
[798] Ep10000: Max 4161 (2252) steps (0.0006 hrs) -nan:-nan 33469 (57) sec
[799] Ep10000: Max 4161 (1911) steps (0.0005 hrs) -nan:-nan 33520 (51) sec
[800] Ep10000: Max 4161 (1994) steps (0.0006 hrs) -nan:-nan 33574 (54) sec
[801] Ep10000: Max 4161 (3099) steps (0.0009 hrs) -nan:-nan 33622 (48) sec
[802] Ep10000: Max 4161 (2221) steps (0.0006 hrs) -nan:-nan 33673 (51) sec
[803] Ep10000: Max 4161 (2506) steps (0.0007 hrs) -nan:-nan 33735 (62) sec
[804] Ep10000: Max 4161 (2459) steps (0.0007 hrs) -nan:-nan 33772 (37) sec
[805] Ep10000: Max 4161 (1357) steps (0.0004 hrs) -nan:-nan 33790 (18) sec
[806] Ep10000: Max 4161 (2265) steps (0.0006 hrs) -nan:-nan 33830 (40) sec
[807] Ep10000: Max 4161 (2073) steps (0.0006 hrs) -nan:-nan 33874 (44) sec
[808] Ep10000: Max 4161 (2314) steps (0.0006 hrs) -nan:-nan 33914 (40) sec
[809] Ep10000: Max 4161 (859) steps (0.0002 hrs) -nan:-nan 33930 (16) sec
[810] Ep10000: Max 4161 (3177) steps (0.0009 hrs) -nan:-nan 33973 (43) sec
[811] Ep10000: Max 4161 (363) steps (0.0001 hrs) -nan:-nan 33988 (15) sec
[812] Ep10000: Max 4161 (2706) steps (0.0008 hrs) -nan:-nan 34039 (51) sec
[813] Ep10000: Max 4161 (1320) steps (0.0004 hrs) -nan:-nan 34060 (21) sec
[814] Ep10000: Max 4161 (1979) steps (0.0005 hrs) -nan:-nan 34099 (39) sec
[815] Ep10000: Max 4161 (2159) steps (0.0006 hrs) -nan:-nan 34141 (42) sec
[816] Ep10000: Max 4161 (1993) steps (0.0006 hrs) -nan:-nan 34192 (51) sec
[817] Ep10000: Max 4161 (2642) steps (0.0007 hrs) -nan:-nan 34233 (41) sec
[818] Ep10000: Max 4161 (735) steps (0.0002 hrs) -nan:-nan 34249 (16) sec
[819] Ep10000: Max 4161 (1957) steps (0.0005 hrs) -nan:-nan 34291 (42) sec
[820] Ep10000: Max 4161 (2065) steps (0.0006 hrs) -nan:-nan 34339 (48) sec
[821] Ep10000: Max 4161 (1637) steps (0.0005 hrs) -nan:-nan 34361 (22) sec
[822] Ep10000: Max 4161 (2012) steps (0.0006 hrs) -nan:-nan 34390 (29) sec
[823] Ep10000: Max 4161 (813) steps (0.0002 hrs) -nan:-nan 34406 (16) sec
[824] Ep10000: Max 4161 (1273) steps (0.0004 hrs) -nan:-nan 34424 (18) sec
[825] Ep10000: Max 4161 (2149) steps (0.0006 hrs) -nan:-nan 34473 (49) sec
[826] Ep10000: Max 4161 (1979) steps (0.0005 hrs) -nan:-nan 34519 (46) sec
[827] Ep10000: Max 4161 (1505) steps (0.0004 hrs) -nan:-nan 34537 (18) sec
[828] Ep10000: Max 4161 (1923) steps (0.0005 hrs) -nan:-nan 34575 (38) sec
[829] Ep10000: Max 4161 (2309) steps (0.0006 hrs) -nan:-nan 34612 (37) sec
[830] Ep10000: Max 4161 (2149) steps (0.0006 hrs) -nan:-nan 34660 (48) sec
[831] Ep10000: Max 4161 (2097) steps (0.0006 hrs) -nan:-nan 34699 (39) sec
[832] Ep10000: Max 4161 (1061) steps (0.0003 hrs) -nan:-nan 34714 (15) sec
[833] Ep10000: Max 4161 (2197) steps (0.0006 hrs) -nan:-nan 34763 (49) sec
[834] Ep10000: Max 4161 (1709) steps (0.0005 hrs) -nan:-nan 34780 (17) sec
[835] Ep10000: Max 4161 (1956) steps (0.0005 hrs) -nan:-nan 34825 (45) sec
[836] Ep10000: Max 4161 (2259) steps (0.0006 hrs) -nan:-nan 34875 (50) sec
[837] Ep10000: Max 4161 (1949) steps (0.0005 hrs) -nan:-nan 34919 (44) sec
[838] Ep10000: Max 4161 (2051) steps (0.0006 hrs) -nan:-nan 34960 (41) sec
[839] Ep10000: Max 4161 (2616) steps (0.0007 hrs) -nan:-nan 35009 (49) sec
[840] Ep10000: Max 4161 (1993) steps (0.0006 hrs) -nan:-nan 35040 (31) sec
[841] Ep10000: Max 4161 (2370) steps (0.0007 hrs) -nan:-nan 35079 (39) sec
[842] Ep10000: Max 4161 (2210) steps (0.0006 hrs) -nan:-nan 35113 (34) sec
[843] Ep10000: Max 4161 (2118) steps (0.0006 hrs) -nan:-nan 35152 (39) sec
[844] Ep10000: Max 4161 (599) steps (0.0002 hrs) -nan:-nan 35167 (15) sec
[845] Ep10000: Max 4161 (2308) steps (0.0006 hrs) -nan:-nan 35216 (49) sec
[846] Ep10000: Max 4161 (2357) steps (0.0007 hrs) -nan:-nan 35260 (44) sec
[847] Ep10000: Max 4161 (2449) steps (0.0007 hrs) -nan:-nan 35310 (50) sec
[848] Ep10000: Max 4161 (840) steps (0.0002 hrs) -nan:-nan 35324 (14) sec
[849] Ep10000: Max 4161 (2180) steps (0.0006 hrs) -nan:-nan 35370 (46) sec
[850] Ep10000: Max 4161 (808) steps (0.0002 hrs) -nan:-nan 35386 (16) sec
[851] Ep10000: Max 4161 (699) steps (0.0002 hrs) -nan:-nan 35401 (15) sec
[852] Ep10000: Max 4161 (2036) steps (0.0006 hrs) -nan:-nan 35438 (37) sec
[853] Ep10000: Max 4161 (623) steps (0.0002 hrs) -nan:-nan 35454 (16) sec
[854] Ep10000: Max 4161 (1915) steps (0.0005 hrs) -nan:-nan 35491 (37) sec
[855] Ep10000: Max 4161 (1895) steps (0.0005 hrs) -nan:-nan 35524 (33) sec
[856] Ep10000: Max 4161 (2180) steps (0.0006 hrs) -nan:-nan 35563 (39) sec
[857] Ep10000: Max 4161 (2034) steps (0.0006 hrs) -nan:-nan 35607 (44) sec
[858] Ep10000: Max 4161 (2262) steps (0.0006 hrs) -nan:-nan 35654 (47) sec
[859] Ep10000: Max 4161 (2214) steps (0.0006 hrs) -nan:-nan 35682 (28) sec
[860] Ep10000: Max 4161 (936) steps (0.0003 hrs) -nan:-nan 35698 (16) sec
[861] Ep10000: Max 4161 (916) steps (0.0003 hrs) -nan:-nan 35713 (15) sec
[862] Ep10000: Max 4161 (2494) steps (0.0007 hrs) -nan:-nan 35762 (49) sec
[863] Ep10000: Max 4161 (2176) steps (0.0006 hrs) -nan:-nan 35803 (41) sec
[864] Ep10000: Max 4161 (1938) steps (0.0005 hrs) -nan:-nan 35842 (39) sec
[865] Ep10000: Max 4161 (2147) steps (0.0006 hrs) -nan:-nan 35892 (50) sec
[866] Ep10000: Max 4161 (2226) steps (0.0006 hrs) -nan:-nan 35934 (42) sec
[867] Ep10000: Max 4161 (2590) steps (0.0007 hrs) -nan:-nan 35981 (47) sec
[868] Ep10000: Max 4161 (1905) steps (0.0005 hrs) -nan:-nan 36027 (46) sec
[869] Ep10000: Max 4161 (2383) steps (0.0007 hrs) -nan:-nan 36076 (49) sec
[870] Ep10000: Max 4161 (1574) steps (0.0004 hrs) -nan:-nan 36091 (15) sec
[871] Ep10000: Max 4161 (2390) steps (0.0007 hrs) -nan:-nan 36140 (49) sec
[872] Ep10000: Max 4161 (2154) steps (0.0006 hrs) -nan:-nan 36180 (40) sec
[873] Ep10000: Max 4161 (996) steps (0.0003 hrs) -nan:-nan 36196 (16) sec
[874] Ep10000: Max 4161 (1808) steps (0.0005 hrs) -nan:-nan 36236 (40) sec
[875] Ep10000: Max 4161 (2064) steps (0.0006 hrs) -nan:-nan 36274 (38) sec
[876] Ep10000: Max 4161 (2089) steps (0.0006 hrs) -nan:-nan 36323 (49) sec
[877] Ep10000: Max 4161 (2087) steps (0.0006 hrs) -nan:-nan 36363 (40) sec
[878] Ep10000: Max 4161 (1984) steps (0.0006 hrs) -nan:-nan 36408 (45) sec
[879] Ep10000: Max 4161 (2061) steps (0.0006 hrs) -nan:-nan 36447 (39) sec
[880] Ep10000: Max 4161 (702) steps (0.0002 hrs) -nan:-nan 36463 (16) sec
[881] Ep10000: Max 4161 (2155) steps (0.0006 hrs) -nan:-nan 36511 (48) sec
[882] Ep10000: Max 4161 (1168) steps (0.0003 hrs) -nan:-nan 36527 (16) sec
[883] Ep10000: Max 4161 (1832) steps (0.0005 hrs) -nan:-nan 36577 (50) sec
[884] Ep10000: Max 4161 (2890) steps (0.0008 hrs) -nan:-nan 36620 (43) sec
[885] Ep10000: Max 4161 (496) steps (0.0001 hrs) -nan:-nan 36635 (15) sec
[886] Ep10000: Max 4161 (1040) steps (0.0003 hrs) -nan:-nan 36650 (15) sec
[887] Ep10000: Max 4161 (2285) steps (0.0006 hrs) -nan:-nan 36689 (39) sec
[888] Ep10000: Max 4161 (724) steps (0.0002 hrs) -nan:-nan 36704 (15) sec
[889] Ep10000: Max 4161 (1965) steps (0.0005 hrs) -nan:-nan 36743 (39) sec
[890] Ep10000: Max 4161 (2028) steps (0.0006 hrs) -nan:-nan 36760 (17) sec
[891] Ep10000: Max 4161 (2526) steps (0.0007 hrs) -nan:-nan 36807 (47) sec
[892] Ep10000: Max 4161 (831) steps (0.0002 hrs) -nan:-nan 36822 (15) sec
[893] Ep10000: Max 4161 (2451) steps (0.0007 hrs) -nan:-nan 36869 (47) sec
[894] Ep10000: Max 4161 (426) steps (0.0001 hrs) -nan:-nan 36884 (15) sec
[895] Ep10000: Max 4161 (1805) steps (0.0005 hrs) -nan:-nan 36899 (15) sec
[896] Ep10000: Max 4161 (2024) steps (0.0006 hrs) -nan:-nan 36949 (50) sec
[897] Ep10000: Max 4161 (2452) steps (0.0007 hrs) -nan:-nan 36996 (47) sec
[898] Ep10000: Max 4161 (2393) steps (0.0007 hrs) -nan:-nan 37034 (38) sec
[899] Ep10000: Max 4161 (1609) steps (0.0004 hrs) -nan:-nan 37050 (16) sec
[900] Ep10000: Max 4161 (2488) steps (0.0007 hrs) -nan:-nan 37099 (49) sec
[901] Ep10000: Max 4161 (1796) steps (0.0005 hrs) -nan:-nan 37137 (38) sec
[902] Ep10000: Max 4161 (1672) steps (0.0005 hrs) -nan:-nan 37175 (38) sec
[903] Ep10000: Max 4161 (1956) steps (0.0005 hrs) -nan:-nan 37200 (25) sec
[904] Ep10000: Max 4161 (2584) steps (0.0007 hrs) -nan:-nan 37248 (48) sec
[905] Ep10000: Max 4161 (2336) steps (0.0006 hrs) -nan:-nan 37296 (48) sec
[906] Ep10000: Max 4161 (2835) steps (0.0008 hrs) -nan:-nan 37345 (49) sec
[907] Ep10000: Max 4161 (2008) steps (0.0006 hrs) -nan:-nan 37381 (36) sec
[908] Ep10000: Max 4161 (2651) steps (0.0007 hrs) -nan:-nan 37422 (41) sec
[909] Ep10000: Max 4161 (3005) steps (0.0008 hrs) -nan:-nan 37469 (47) sec
[910] Ep10000: Max 4161 (1107) steps (0.0003 hrs) -nan:-nan 37484 (15) sec
[911] Ep10000: Max 4161 (2205) steps (0.0006 hrs) -nan:-nan 37530 (46) sec
[912] Ep10000: Max 4161 (2279) steps (0.0006 hrs) -nan:-nan 37570 (40) sec
[913] Ep10000: Max 4161 (2367) steps (0.0007 hrs) -nan:-nan 37616 (46) sec
[914] Ep10000: Max 4161 (2135) steps (0.0006 hrs) -nan:-nan 37656 (40) sec
[915] Ep10000: Max 4161 (1923) steps (0.0005 hrs) -nan:-nan 37695 (39) sec
[916] Ep10000: Max 4161 (2122) steps (0.0006 hrs) -nan:-nan 37731 (36) sec
[917] Ep10000: Max 4161 (2278) steps (0.0006 hrs) -nan:-nan 37783 (52) sec
[918] Ep10000: Max 4161 (1162) steps (0.0003 hrs) -nan:-nan 37802 (19) sec
[919] Ep10000: Max 4161 (2043) steps (0.0006 hrs) -nan:-nan 37840 (38) sec
[920] Ep10000: Max 4161 (3097) steps (0.0009 hrs) -nan:-nan 37887 (47) sec
[921] Ep10000: Max 4161 (2277) steps (0.0006 hrs) -nan:-nan 37935 (48) sec
[922] Ep10000: Max 4161 (3346) steps (0.0009 hrs) -nan:-nan 37969 (34) sec
[923] Ep10000: Max 4161 (411) steps (0.0001 hrs) -nan:-nan 37984 (15) sec
[924] Ep10000: Max 4161 (1898) steps (0.0005 hrs) -nan:-nan 38031 (47) sec
[925] Ep10000: Max 4161 (1910) steps (0.0005 hrs) -nan:-nan 38070 (39) sec
[926] Ep10000: Max 4161 (1472) steps (0.0004 hrs) -nan:-nan 38088 (18) sec
[927] Ep10000: Max 4161 (2218) steps (0.0006 hrs) -nan:-nan 38135 (47) sec
[928] Ep10000: Max 4161 (1270) steps (0.0004 hrs) -nan:-nan 38153 (18) sec
[929] Ep10000: Max 4161 (2129) steps (0.0006 hrs) -nan:-nan 38189 (36) sec
[930] Ep10000: Max 4161 (2164) steps (0.0006 hrs) -nan:-nan 38226 (37) sec
[931] Ep10000: Max 4161 (2171) steps (0.0006 hrs) -nan:-nan 38269 (43) sec
[932] Ep10000: Max 4161 (1698) steps (0.0005 hrs) -nan:-nan 38296 (27) sec
[933] Ep10000: Max 4161 (1913) steps (0.0005 hrs) -nan:-nan 38314 (18) sec
[934] Ep10000: Max 4161 (2624) steps (0.0007 hrs) -nan:-nan 38363 (49) sec
[935] Ep10000: Max 4161 (492) steps (0.0001 hrs) -nan:-nan 38378 (15) sec
[936] Ep10000: Max 4161 (1901) steps (0.0005 hrs) -nan:-nan 38418 (40) sec
[937] Ep10000: Max 4161 (2747) steps (0.0008 hrs) -nan:-nan 38465 (47) sec
[938] Ep10000: Max 4161 (660) steps (0.0002 hrs) -nan:-nan 38480 (15) sec
[939] Ep10000: Max 4161 (1293) steps (0.0004 hrs) -nan:-nan 38496 (16) sec
[940] Ep10000: Max 4161 (2154) steps (0.0006 hrs) -nan:-nan 38538 (42) sec
[941] Ep10000: Max 4161 (2198) steps (0.0006 hrs) -nan:-nan 38587 (49) sec
[942] Ep10000: Max 4161 (2215) steps (0.0006 hrs) -nan:-nan 38621 (34) sec
[943] Ep10000: Max 4161 (1768) steps (0.0005 hrs) -nan:-nan 38660 (39) sec
[944] Ep10000: Max 4161 (1575) steps (0.0004 hrs) -nan:-nan 38676 (16) sec
[945] Ep10000: Max 4161 (2063) steps (0.0006 hrs) -nan:-nan 38713 (37) sec
[946] Ep10000: Max 4161 (710) steps (0.0002 hrs) -nan:-nan 38728 (15) sec
[947] Ep10000: Max 4161 (2331) steps (0.0006 hrs) -nan:-nan 38776 (48) sec
[948] Ep10000: Max 4161 (707) steps (0.0002 hrs) -nan:-nan 38791 (15) sec
[949] Ep10000: Max 4161 (2525) steps (0.0007 hrs) -nan:-nan 38829 (38) sec
[950] Ep10000: Max 4161 (2260) steps (0.0006 hrs) -nan:-nan 38873 (44) sec
[951] Ep10000: Max 4161 (3071) steps (0.0009 hrs) -nan:-nan 38911 (38) sec
[952] Ep10000: Max 4161 (2040) steps (0.0006 hrs) -nan:-nan 38958 (47) sec
[953] Ep10000: Max 4161 (1876) steps (0.0005 hrs) -nan:-nan 39005 (47) sec
[954] Ep10000: Max 4161 (1960) steps (0.0005 hrs) -nan:-nan 39026 (21) sec
[955] Ep10000: Max 4161 (1730) steps (0.0005 hrs) -nan:-nan 39047 (21) sec
[956] Ep10000: Max 4161 (2364) steps (0.0007 hrs) -nan:-nan 39092 (45) sec
[957] Ep10000: Max 4161 (2064) steps (0.0006 hrs) -nan:-nan 39128 (36) sec
[958] Ep10000: Max 4161 (1822) steps (0.0005 hrs) -nan:-nan 39154 (26) sec
[959] Ep10000: Max 4161 (2049) steps (0.0006 hrs) -nan:-nan 39201 (47) sec
[960] Ep10000: Max 4161 (2504) steps (0.0007 hrs) -nan:-nan 39248 (47) sec
[961] Ep10000: Max 4161 (2280) steps (0.0006 hrs) -nan:-nan 39293 (45) sec
[962] Ep10000: Max 4161 (2429) steps (0.0007 hrs) -nan:-nan 39346 (53) sec
[963] Ep10000: Max 4161 (1978) steps (0.0005 hrs) -nan:-nan 39365 (19) sec
[964] Ep10000: Max 4161 (2282) steps (0.0006 hrs) -nan:-nan 39407 (42) sec
[965] Ep10000: Max 4161 (2233) steps (0.0006 hrs) -nan:-nan 39456 (49) sec
[966] Ep10000: Max 4161 (1858) steps (0.0005 hrs) -nan:-nan 39499 (43) sec
[967] Ep10000: Max 4161 (2682) steps (0.0007 hrs) -nan:-nan 39536 (37) sec
[968] Ep10000: Max 4161 (823) steps (0.0002 hrs) -nan:-nan 39553 (17) sec
[969] Ep10000: Max 4161 (1110) steps (0.0003 hrs) -nan:-nan 39568 (15) sec
[970] Ep10000: Max 4161 (2151) steps (0.0006 hrs) -nan:-nan 39606 (38) sec
[971] Ep10000: Max 4161 (2358) steps (0.0007 hrs) -nan:-nan 39648 (42) sec
[972] Ep10000: Max 4161 (1846) steps (0.0005 hrs) -nan:-nan 39685 (37) sec
[973] Ep10000: Max 4161 (1907) steps (0.0005 hrs) -nan:-nan 39729 (44) sec
[974] Ep10000: Max 4161 (2197) steps (0.0006 hrs) -nan:-nan 39785 (56) sec
[975] Ep10000: Max 4161 (2112) steps (0.0006 hrs) -nan:-nan 39827 (42) sec
[976] Ep10000: Max 4161 (2013) steps (0.0006 hrs) -nan:-nan 39881 (54) sec
[977] Ep10000: Max 4161 (1589) steps (0.0004 hrs) -nan:-nan 39899 (18) sec
[978] Ep10000: Max 4161 (929) steps (0.0003 hrs) -nan:-nan 39920 (21) sec
[979] Ep10000: Max 4161 (2507) steps (0.0007 hrs) -nan:-nan 39975 (55) sec
[980] Ep10000: Max 4161 (2157) steps (0.0006 hrs) -nan:-nan 40032 (57) sec
[981] Ep10000: Max 4161 (2481) steps (0.0007 hrs) -nan:-nan 40093 (61) sec
[982] Ep10000: Max 4161 (2091) steps (0.0006 hrs) -nan:-nan 40119 (26) sec
[983] Ep10000: Max 4161 (951) steps (0.0003 hrs) -nan:-nan 40151 (32) sec
[984] Ep10000: Max 4161 (671) steps (0.0002 hrs) -nan:-nan 40194 (43) sec
[985] Ep10000: Max 4161 (882) steps (0.0002 hrs) -nan:-nan 40233 (39) sec
[986] Ep10000: Max 4161 (2353) steps (0.0007 hrs) -nan:-nan 40321 (88) sec
[987] Ep10000: Max 4161 (2393) steps (0.0007 hrs) -nan:-nan 40390 (69) sec
[988] Ep10000: Max 4161 (2073) steps (0.0006 hrs) -nan:-nan 40456 (66) sec
[989] Ep10000: Max 4161 (442) steps (0.0001 hrs) -nan:-nan 40488 (32) sec
[990] Ep10000: Max 4161 (1930) steps (0.0005 hrs) -nan:-nan 40566 (78) sec
[991] Ep10000: Max 4161 (557) steps (0.0002 hrs) -nan:-nan 40582 (16) sec
[992] Ep10000: Max 4161 (1834) steps (0.0005 hrs) -nan:-nan 40632 (50) sec
[993] Ep10000: Max 4161 (2168) steps (0.0006 hrs) -nan:-nan 40714 (82) sec
[994] Ep10000: Max 4161 (2484) steps (0.0007 hrs) -nan:-nan 40780 (66) sec
[995] Ep10000: Max 4161 (1764) steps (0.0005 hrs) -nan:-nan 40829 (49) sec
[996] Ep10000: Max 4161 (2259) steps (0.0006 hrs) -nan:-nan 40926 (97) sec
[997] Ep10000: Max 4161 (624) steps (0.0002 hrs) -nan:-nan 40953 (27) sec
[998] Ep10000: Max 4161 (1915) steps (0.0005 hrs) -nan:-nan 41052 (99) sec
[999] Ep10000: Max 4161 (2213) steps (0.0006 hrs) -nan:-nan 41124 (72) sec
[1000] Ep10000: Max 4161 (2188) steps (0.0006 hrs) -nan:-nan 41213 (89) sec
Total Elapsed time: 41213 seconds
Wrote current data to latest.train
