balanced 0 test_flag 0
[1] Max 809 (809) steps (0.0002 hrs) 0.00:-8033.09 23 (23) sec
[2] Max 809 (662) steps (0.0002 hrs) 0.00:-8032.60 48 (25) sec
[3] Max 809 (789) steps (0.0002 hrs) 0.00:-8032.60 72 (24) sec
[4] Max 2005 (2005) steps (0.0006 hrs) 0.00:-8032.60 128 (56) sec
[5] Max 2140 (2140) steps (0.0006 hrs) 0.00:-8032.60 182 (54) sec
[6] Max 2140 (1986) steps (0.0006 hrs) 0.00:-8032.60 227 (45) sec
[7] Max 2495 (2495) steps (0.0007 hrs) 0.00:-8032.60 266 (39) sec
[8] Max 2495 (771) steps (0.0002 hrs) 0.00:-8032.60 290 (24) sec
[9] Max 2495 (398) steps (0.0001 hrs) 0.00:-8032.60 314 (24) sec
[10] Max 2495 (280) steps (0.0001 hrs) 0.00:-8032.60 337 (23) sec
[11] Max 2495 (2455) steps (0.0007 hrs) 0.00:-8032.60 391 (54) sec
[12] Max 2495 (1532) steps (0.0004 hrs) 0.00:-8032.60 415 (24) sec
[13] Max 2495 (315) steps (0.0001 hrs) 0.00:-8032.60 439 (24) sec
[14] Max 2495 (336) steps (0.0001 hrs) 0.00:-8032.60 462 (23) sec
[15] Max 2495 (979) steps (0.0003 hrs) 0.00:-8032.60 486 (24) sec
[16] Max 2495 (1697) steps (0.0005 hrs) 0.00:-8032.60 510 (24) sec
[17] Max 2495 (2341) steps (0.0007 hrs) 0.00:-8032.60 567 (57) sec
[18] Max 2495 (1872) steps (0.0005 hrs) 0.00:-8032.60 600 (33) sec
[19] Max 2495 (1330) steps (0.0004 hrs) 0.00:-8032.60 624 (24) sec
[20] Max 2495 (382) steps (0.0001 hrs) 0.00:-8032.60 648 (24) sec
[21] Max 2693 (2693) steps (0.0007 hrs) 0.00:-8032.60 688 (40) sec
[22] Max 2693 (1222) steps (0.0003 hrs) 0.00:-8032.60 712 (24) sec
[23] Max 2693 (2218) steps (0.0006 hrs) 0.00:-8032.60 766 (54) sec
[24] Max 2693 (456) steps (0.0001 hrs) 0.00:-8032.60 790 (24) sec
[25] Max 2693 (1901) steps (0.0005 hrs) 0.00:-8032.60 842 (52) sec
[26] Max 2693 (2233) steps (0.0006 hrs) 0.00:-8032.60 898 (56) sec
[27] Max 2693 (2530) steps (0.0007 hrs) 0.00:-8032.60 954 (56) sec
[28] Max 2693 (203) steps (0.0001 hrs) 0.00:-8032.60 977 (23) sec
[29] Max 2693 (2103) steps (0.0006 hrs) 0.00:-8032.60 1024 (47) sec
[30] Max 2693 (1104) steps (0.0003 hrs) 0.00:-8032.60 1048 (24) sec
[31] Max 2693 (293) steps (0.0001 hrs) 0.00:-8032.60 1071 (23) sec
[32] Max 2693 (597) steps (0.0002 hrs) 0.00:-8032.60 1094 (23) sec
[33] Max 2693 (2046) steps (0.0006 hrs) 0.00:-8032.60 1133 (39) sec
[34] Max 2693 (2079) steps (0.0006 hrs) 0.00:-8032.60 1187 (54) sec
[35] Max 2693 (2044) steps (0.0006 hrs) 0.00:-8032.60 1236 (49) sec
[36] Max 2693 (1851) steps (0.0005 hrs) 0.00:-8032.60 1291 (55) sec
[37] Max 2693 (620) steps (0.0002 hrs) 0.00:-8032.60 1314 (23) sec
[38] Max 2693 (1146) steps (0.0003 hrs) 0.00:-8032.60 1339 (25) sec
[39] Max 2693 (437) steps (0.0001 hrs) 0.00:-8032.60 1363 (24) sec
[40] Max 4802 (4802) steps (0.0013 hrs) 0.00:-8032.60 1386 (23) sec
[41] Max 4802 (861) steps (0.0002 hrs) 0.00:-8032.60 1410 (24) sec
[42] Max 4802 (2272) steps (0.0006 hrs) 0.00:-8032.60 1466 (56) sec
[43] Max 4802 (2338) steps (0.0006 hrs) 0.00:-8032.60 1504 (38) sec
[44] Max 4802 (2716) steps (0.0008 hrs) 0.00:-8032.60 1527 (23) sec
[45] Max 4802 (2347) steps (0.0007 hrs) 0.00:-8032.60 1582 (55) sec
[46] Max 4802 (1823) steps (0.0005 hrs) 0.00:-8032.60 1606 (24) sec
[47] Max 4802 (2438) steps (0.0007 hrs) 0.00:-8032.60 1662 (56) sec
[48] Max 4802 (240) steps (0.0001 hrs) 0.00:-8032.60 1685 (23) sec
[49] Max 4802 (2939) steps (0.0008 hrs) 0.00:-8032.60 1740 (55) sec
[50] Max 4802 (939) steps (0.0003 hrs) 0.00:-8032.60 1764 (24) sec
[51] Max 4802 (1969) steps (0.0005 hrs) 0.00:-8032.60 1789 (25) sec
[52] Max 4802 (229) steps (0.0001 hrs) 0.00:-8032.60 1813 (24) sec
[53] Max 4802 (238) steps (0.0001 hrs) 0.00:-8032.60 1837 (24) sec
[54] Max 4802 (729) steps (0.0002 hrs) 0.00:-8032.60 1860 (23) sec
[55] Max 4802 (1223) steps (0.0003 hrs) 0.00:-8032.60 1885 (25) sec
[56] Max 4802 (2237) steps (0.0006 hrs) 0.00:-8032.60 1940 (55) sec
[57] Max 4802 (2317) steps (0.0006 hrs) 0.00:-8032.60 1991 (51) sec
[58] Max 4802 (1776) steps (0.0005 hrs) 0.00:-8032.60 2046 (55) sec
[59] Max 4802 (2726) steps (0.0008 hrs) 0.00:-8032.60 2098 (52) sec
[60] Max 4802 (1683) steps (0.0005 hrs) 0.00:-8032.60 2123 (25) sec
[61] Max 4802 (2952) steps (0.0008 hrs) 0.00:-8032.60 2169 (46) sec
[62] Max 4802 (965) steps (0.0003 hrs) 0.00:-8032.60 2192 (23) sec
[63] Max 4802 (2526) steps (0.0007 hrs) 0.00:-8032.60 2242 (50) sec
[64] Max 4802 (237) steps (0.0001 hrs) 0.00:-8032.60 2265 (23) sec
[65] Max 4802 (2574) steps (0.0007 hrs) 0.00:-8032.60 2297 (32) sec
[66] Max 4802 (1767) steps (0.0005 hrs) 0.00:-8032.60 2330 (33) sec
[67] Max 4802 (2436) steps (0.0007 hrs) 0.00:-8032.60 2379 (49) sec
[68] Max 4802 (989) steps (0.0003 hrs) 0.00:-8032.60 2403 (24) sec
[69] Max 4802 (915) steps (0.0003 hrs) 0.00:-8032.60 2427 (24) sec
[70] Max 4802 (3438) steps (0.0010 hrs) 0.00:-8032.60 2481 (54) sec
[71] Max 4802 (2172) steps (0.0006 hrs) 0.00:-8032.60 2534 (53) sec
[72] Max 4802 (283) steps (0.0001 hrs) 0.00:-8032.60 2557 (23) sec
[73] Max 4802 (2724) steps (0.0008 hrs) 0.00:-8032.60 2587 (30) sec
[74] Max 4802 (1956) steps (0.0005 hrs) 0.00:-8032.60 2618 (31) sec
[75] Max 4802 (1418) steps (0.0004 hrs) 0.00:-8032.60 2642 (24) sec
[76] Max 4802 (1754) steps (0.0005 hrs) 0.00:-8032.60 2674 (32) sec
[77] Max 4802 (1831) steps (0.0005 hrs) 0.00:-8032.60 2711 (37) sec
[78] Max 4802 (223) steps (0.0001 hrs) 0.00:-8032.60 2735 (24) sec
[79] Max 4802 (1727) steps (0.0005 hrs) 0.00:-8032.60 2758 (23) sec
[80] Max 4802 (621) steps (0.0002 hrs) 0.00:-8032.60 2781 (23) sec
[81] Max 4802 (2243) steps (0.0006 hrs) 0.00:-8032.60 2811 (30) sec
[82] Max 4802 (272) steps (0.0001 hrs) 0.00:-8032.60 2834 (23) sec
[83] Max 4802 (2155) steps (0.0006 hrs) 0.00:-8032.60 2860 (26) sec
[84] Max 4802 (2169) steps (0.0006 hrs) 0.00:-8032.60 2914 (54) sec
[85] Max 4802 (438) steps (0.0001 hrs) 0.00:-8032.60 2937 (23) sec
[86] Max 4802 (2401) steps (0.0007 hrs) 0.00:-8032.60 2986 (49) sec
[87] Max 4802 (1073) steps (0.0003 hrs) 0.00:-8032.60 3010 (24) sec
[88] Max 4802 (1109) steps (0.0003 hrs) 0.00:-8032.60 3033 (23) sec
[89] Max 4802 (2113) steps (0.0006 hrs) 0.00:-8032.60 3088 (55) sec
[90] Max 4802 (520) steps (0.0001 hrs) 0.00:-8032.60 3112 (24) sec
[91] Max 4802 (1943) steps (0.0005 hrs) 0.00:-8032.60 3164 (52) sec
[92] Max 4802 (2229) steps (0.0006 hrs) 0.00:-8032.60 3218 (54) sec
[93] Max 4802 (255) steps (0.0001 hrs) 0.00:-8032.60 3242 (24) sec
[94] Max 4802 (453) steps (0.0001 hrs) 0.00:-8032.60 3265 (23) sec
[95] Max 4802 (517) steps (0.0001 hrs) 0.00:-8032.60 3289 (24) sec
[96] Max 4802 (358) steps (0.0001 hrs) 0.00:-8032.60 3312 (23) sec
[97] Max 4802 (974) steps (0.0003 hrs) 0.00:-8032.60 3338 (26) sec
[98] Max 4802 (216) steps (0.0001 hrs) 0.00:-8032.60 3361 (23) sec
[99] Max 4802 (2063) steps (0.0006 hrs) 0.00:-8032.60 3415 (54) sec
[100] Max 4802 (2599) steps (0.0007 hrs) 0.00:-8032.60 3469 (54) sec
[101] Max 4802 (2348) steps (0.0007 hrs) 0.00:-8032.60 3497 (28) sec
[102] Max 4802 (3081) steps (0.0009 hrs) 0.00:-8032.60 3521 (24) sec
[103] Max 4802 (2173) steps (0.0006 hrs) 0.00:-8032.60 3546 (25) sec
[104] Max 4802 (558) steps (0.0002 hrs) 0.00:-8032.60 3569 (23) sec
[105] Max 4802 (1830) steps (0.0005 hrs) 0.00:-8032.60 3593 (24) sec
[106] Max 4802 (1924) steps (0.0005 hrs) 0.00:-8032.60 3650 (57) sec
[107] Max 4802 (2404) steps (0.0007 hrs) 0.00:-8032.60 3692 (42) sec
[108] Max 4802 (1830) steps (0.0005 hrs) 0.00:-8032.60 3730 (38) sec
[109] Max 4802 (2786) steps (0.0008 hrs) 0.00:-8032.60 3781 (51) sec
[110] Max 4802 (1153) steps (0.0003 hrs) 0.00:-8032.60 3805 (24) sec
[111] Max 4802 (609) steps (0.0002 hrs) 0.00:-8032.60 3828 (23) sec
[112] Max 4802 (1973) steps (0.0005 hrs) 0.00:-8032.60 3884 (56) sec
[113] Max 4802 (552) steps (0.0002 hrs) 0.00:-8032.60 3908 (24) sec
[114] Max 4802 (2409) steps (0.0007 hrs) 0.00:-8032.60 3960 (52) sec
[115] Max 4802 (1192) steps (0.0003 hrs) 0.00:-8032.60 3984 (24) sec
[116] Max 4802 (542) steps (0.0002 hrs) 0.00:-8032.60 4008 (24) sec
[117] Max 4802 (363) steps (0.0001 hrs) 0.00:-8032.60 4031 (23) sec
[118] Max 4802 (324) steps (0.0001 hrs) 0.00:-8032.60 4055 (24) sec
[119] Max 4802 (2029) steps (0.0006 hrs) 0.00:-8032.60 4111 (56) sec
[120] Max 4802 (657) steps (0.0002 hrs) 0.00:-8032.60 4134 (23) sec
[121] Max 4802 (1224) steps (0.0003 hrs) 0.00:-8032.60 4160 (26) sec
[122] Max 4802 (2128) steps (0.0006 hrs) 0.00:-8032.60 4191 (31) sec
[123] Max 4802 (954) steps (0.0003 hrs) 0.00:-8032.60 4215 (24) sec
[124] Max 4802 (424) steps (0.0001 hrs) 0.00:-8032.60 4238 (23) sec
[125] Max 4802 (267) steps (0.0001 hrs) 0.00:-8032.60 4262 (24) sec
[126] Max 4802 (2320) steps (0.0006 hrs) 0.00:-8032.60 4317 (55) sec
[127] Max 4802 (1410) steps (0.0004 hrs) 0.00:-8032.60 4341 (24) sec
[128] Max 4802 (1332) steps (0.0004 hrs) 0.00:-8032.60 4364 (23) sec
[129] Max 4802 (2362) steps (0.0007 hrs) 0.00:-8032.60 4419 (55) sec
[130] Max 4802 (281) steps (0.0001 hrs) 0.00:-8032.60 4443 (24) sec
[131] Max 4802 (292) steps (0.0001 hrs) 0.00:-8032.60 4467 (24) sec
[132] Max 4802 (531) steps (0.0001 hrs) 0.00:-8032.60 4490 (23) sec
[133] Max 4802 (2012) steps (0.0006 hrs) 0.00:-8032.60 4532 (42) sec
[134] Max 4802 (2002) steps (0.0006 hrs) 0.00:-8032.60 4560 (28) sec
[135] Max 4802 (1760) steps (0.0005 hrs) 0.00:-8032.60 4584 (24) sec
[136] Max 4802 (700) steps (0.0002 hrs) 0.00:-8032.60 4608 (24) sec
[137] Max 4802 (367) steps (0.0001 hrs) 0.00:-8032.60 4631 (23) sec
[138] Max 4802 (2482) steps (0.0007 hrs) 0.00:-8032.60 4687 (56) sec
[139] Max 4802 (764) steps (0.0002 hrs) 0.00:-8032.60 4711 (24) sec
[140] Max 4802 (3000) steps (0.0008 hrs) 0.00:-8032.60 4772 (61) sec
[141] Max 4802 (1809) steps (0.0005 hrs) 0.00:-8032.60 4801 (29) sec
[142] Max 4802 (316) steps (0.0001 hrs) 0.00:-8032.60 4825 (24) sec
[143] Max 4802 (766) steps (0.0002 hrs) 0.00:-8032.60 4848 (23) sec
[144] Max 4802 (2408) steps (0.0007 hrs) 0.00:-8032.60 4903 (55) sec
[145] Max 4802 (1808) steps (0.0005 hrs) 0.00:-8032.60 4941 (38) sec
[146] Max 4802 (2052) steps (0.0006 hrs) 0.00:-8032.60 4990 (49) sec
[147] Max 4802 (262) steps (0.0001 hrs) 0.00:-8032.60 5014 (24) sec
[148] Max 4802 (298) steps (0.0001 hrs) 0.00:-8032.60 5037 (23) sec
[149] Max 4802 (953) steps (0.0003 hrs) 0.00:-8032.60 5062 (25) sec
[150] Max 4802 (401) steps (0.0001 hrs) 0.00:-8032.60 5085 (23) sec
[151] Max 4802 (1503) steps (0.0004 hrs) 0.00:-8032.60 5108 (23) sec
[152] Max 4802 (3154) steps (0.0009 hrs) 0.00:-8032.60 5164 (56) sec
[153] Max 4802 (739) steps (0.0002 hrs) 0.00:-8032.60 5188 (24) sec
[154] Max 4802 (2203) steps (0.0006 hrs) 0.00:-8032.60 5239 (51) sec
[155] Max 4802 (2330) steps (0.0006 hrs) 0.00:-8032.60 5294 (55) sec
[156] Max 4802 (1313) steps (0.0004 hrs) 0.00:-8032.60 5318 (24) sec
[157] Max 4802 (4787) steps (0.0013 hrs) 0.00:-8032.60 5374 (56) sec
[158] Max 4802 (1049) steps (0.0003 hrs) 0.00:-8032.60 5398 (24) sec
[159] Max 4802 (479) steps (0.0001 hrs) 0.00:-8032.60 5422 (24) sec
[160] Max 4802 (1235) steps (0.0003 hrs) 0.00:-8032.60 5446 (24) sec
[161] Max 4802 (2716) steps (0.0008 hrs) 0.00:-8032.60 5499 (53) sec
[162] Max 4802 (1761) steps (0.0005 hrs) 0.00:-8032.60 5524 (25) sec
[163] Max 4802 (1254) steps (0.0003 hrs) 0.00:-8032.60 5549 (25) sec
[164] Max 4802 (1247) steps (0.0003 hrs) 0.00:-8032.60 5574 (25) sec
[165] Max 4802 (3477) steps (0.0010 hrs) 0.00:-8032.60 5627 (53) sec
[166] Max 4802 (2068) steps (0.0006 hrs) 0.00:-8032.60 5656 (29) sec
[167] Max 4802 (911) steps (0.0003 hrs) 0.00:-8032.60 5679 (23) sec
[168] Max 4802 (2303) steps (0.0006 hrs) 0.00:-8032.60 5732 (53) sec
[169] Max 4802 (1815) steps (0.0005 hrs) 0.00:-8032.60 5756 (24) sec
[170] Max 4802 (1343) steps (0.0004 hrs) 0.00:-8032.60 5780 (24) sec
[171] Max 4802 (2853) steps (0.0008 hrs) 0.00:-8032.60 5833 (53) sec
[172] Max 4802 (1930) steps (0.0005 hrs) 0.00:-8032.60 5880 (47) sec
[173] Max 4802 (166) steps (0.0000 hrs) 0.00:-8032.60 5903 (23) sec
[174] Max 4802 (2051) steps (0.0006 hrs) 0.00:-8032.60 5934 (31) sec
[175] Max 4802 (773) steps (0.0002 hrs) 0.00:-8032.60 5957 (23) sec
[176] Max 4802 (1612) steps (0.0004 hrs) 0.00:-8032.60 5981 (24) sec
[177] Max 4802 (1922) steps (0.0005 hrs) 0.00:-8032.60 6006 (25) sec
[178] Max 4802 (3066) steps (0.0009 hrs) 0.00:-8032.60 6041 (35) sec
[179] Max 4802 (1501) steps (0.0004 hrs) 0.00:-8032.60 6068 (27) sec
[180] Max 4802 (1078) steps (0.0003 hrs) 0.00:-8032.60 6092 (24) sec
[181] Max 4802 (603) steps (0.0002 hrs) 0.00:-8032.60 6116 (24) sec
[182] Max 4802 (310) steps (0.0001 hrs) 0.00:-8032.60 6139 (23) sec
[183] Max 4802 (513) steps (0.0001 hrs) 0.00:-8032.60 6162 (23) sec
[184] Max 4802 (1431) steps (0.0004 hrs) 0.00:-8032.60 6188 (26) sec
[185] Max 4802 (1175) steps (0.0003 hrs) 0.00:-8032.60 6212 (24) sec
[186] Max 4802 (779) steps (0.0002 hrs) 0.00:-8032.60 6235 (23) sec
[187] Max 4802 (196) steps (0.0001 hrs) 0.00:-8032.60 6258 (23) sec
[188] Max 4802 (2453) steps (0.0007 hrs) 0.00:-8032.60 6297 (39) sec
[189] Max 4802 (2444) steps (0.0007 hrs) 0.00:-8032.60 6352 (55) sec
[190] Max 4802 (2164) steps (0.0006 hrs) 0.00:-8032.60 6391 (39) sec
[191] Max 4802 (413) steps (0.0001 hrs) 0.00:-8032.60 6414 (23) sec
[192] Max 4802 (948) steps (0.0003 hrs) 0.00:-8032.60 6437 (23) sec
[193] Max 4802 (1418) steps (0.0004 hrs) 0.00:-8032.60 6462 (25) sec
[194] Max 4802 (755) steps (0.0002 hrs) 0.00:-8032.60 6485 (23) sec
[195] Max 4802 (565) steps (0.0002 hrs) 0.00:-8032.60 6508 (23) sec
[196] Max 4802 (2408) steps (0.0007 hrs) 0.00:-8032.60 6564 (56) sec
[197] Max 4802 (1390) steps (0.0004 hrs) 0.00:-8032.60 6588 (24) sec
[198] Max 4802 (166) steps (0.0000 hrs) 0.00:-8032.60 6612 (24) sec
[199] Max 4802 (2224) steps (0.0006 hrs) 0.00:-8032.60 6636 (24) sec
[200] Max 4802 (2210) steps (0.0006 hrs) 0.00:-8032.60 6692 (56) sec
[201] Max 4802 (1323) steps (0.0004 hrs) 0.00:-8032.60 6718 (26) sec
[202] Max 4802 (2041) steps (0.0006 hrs) 0.00:-8032.60 6773 (55) sec
[203] Max 4802 (496) steps (0.0001 hrs) 0.00:-8032.60 6796 (23) sec
[204] Max 4802 (2230) steps (0.0006 hrs) 0.00:-8032.60 6852 (56) sec
[205] Max 4802 (2120) steps (0.0006 hrs) 0.00:-8032.60 6902 (50) sec
[206] Max 4802 (490) steps (0.0001 hrs) 0.00:-8032.60 6925 (23) sec
[207] Max 4802 (2153) steps (0.0006 hrs) 0.00:-8032.60 6982 (57) sec
[208] Max 4802 (240) steps (0.0001 hrs) 0.00:-8032.60 7005 (23) sec
[209] Max 4802 (599) steps (0.0002 hrs) 0.00:-8032.60 7028 (23) sec
[210] Max 4802 (849) steps (0.0002 hrs) 0.00:-8032.60 7051 (23) sec
[211] Max 4802 (654) steps (0.0002 hrs) 0.00:-8032.60 7074 (23) sec
[212] Max 4802 (2130) steps (0.0006 hrs) 0.00:-8032.60 7121 (47) sec
[213] Max 4802 (593) steps (0.0002 hrs) 0.00:-8032.60 7144 (23) sec
[214] Max 4802 (549) steps (0.0002 hrs) 0.00:-8032.60 7168 (24) sec
[215] Max 4802 (1506) steps (0.0004 hrs) 0.00:-8032.60 7192 (24) sec
[216] Max 4802 (2134) steps (0.0006 hrs) 0.00:-8032.60 7244 (52) sec
[217] Max 4802 (2064) steps (0.0006 hrs) 0.00:-8032.60 7297 (53) sec
[218] Max 4802 (1937) steps (0.0005 hrs) 0.00:-8032.60 7334 (37) sec
[219] Max 4802 (1037) steps (0.0003 hrs) 0.00:-8032.60 7358 (24) sec
[220] Max 4802 (2407) steps (0.0007 hrs) 0.00:-8032.60 7385 (27) sec
[221] Max 4802 (417) steps (0.0001 hrs) 0.00:-8032.60 7409 (24) sec
[222] Max 4802 (2263) steps (0.0006 hrs) 0.00:-8032.60 7440 (31) sec
[223] Max 4802 (292) steps (0.0001 hrs) 0.00:-8032.60 7463 (23) sec
[224] Max 4802 (691) steps (0.0002 hrs) 0.00:-8032.60 7485 (22) sec
[225] Max 4802 (1885) steps (0.0005 hrs) 0.00:-8032.60 7517 (32) sec
[226] Max 4802 (2290) steps (0.0006 hrs) 0.00:-8032.60 7571 (54) sec
[227] Max 4802 (1361) steps (0.0004 hrs) 0.00:-8032.60 7595 (24) sec
[228] Max 4802 (504) steps (0.0001 hrs) 0.00:-8032.60 7618 (23) sec
[229] Max 4802 (1355) steps (0.0004 hrs) 0.00:-8032.60 7642 (24) sec
[230] Max 4802 (821) steps (0.0002 hrs) 0.00:-8032.60 7665 (23) sec
[231] Max 4802 (410) steps (0.0001 hrs) 0.00:-8032.60 7688 (23) sec
[232] Max 4802 (1890) steps (0.0005 hrs) 0.00:-8032.60 7738 (50) sec
[233] Max 4802 (280) steps (0.0001 hrs) 0.00:-8032.60 7762 (24) sec
[234] Max 4802 (2758) steps (0.0008 hrs) 0.00:-8032.60 7816 (54) sec
[235] Max 4802 (349) steps (0.0001 hrs) 0.00:-8032.60 7838 (22) sec
[236] Max 4802 (1988) steps (0.0006 hrs) 0.00:-8032.60 7885 (47) sec
[237] Max 4802 (1946) steps (0.0005 hrs) 0.00:-8032.60 7909 (24) sec
[238] Max 4802 (1242) steps (0.0003 hrs) 0.00:-8032.60 7928 (19) sec
[239] Max 4802 (561) steps (0.0002 hrs) 0.00:-8032.60 7947 (19) sec
[240] Max 4802 (669) steps (0.0002 hrs) 0.00:-8032.60 7966 (19) sec
[241] Max 4802 (564) steps (0.0002 hrs) 0.00:-8032.60 7986 (20) sec
[242] Max 4802 (2570) steps (0.0007 hrs) 0.00:-8032.60 8030 (44) sec
[243] Max 4802 (542) steps (0.0002 hrs) 0.00:-8032.60 8050 (20) sec
[244] Max 4802 (560) steps (0.0002 hrs) 0.00:-8032.60 8069 (19) sec
[245] Max 4802 (2749) steps (0.0008 hrs) 0.00:-8032.60 8115 (46) sec
[246] Max 4802 (2975) steps (0.0008 hrs) 0.00:-8032.60 8160 (45) sec
[247] Max 4802 (250) steps (0.0001 hrs) 0.00:-8032.60 8179 (19) sec
[248] Max 4802 (772) steps (0.0002 hrs) 0.00:-8032.60 8198 (19) sec
[249] Max 4802 (2781) steps (0.0008 hrs) 0.00:-8032.60 8243 (45) sec
[250] Max 4802 (2309) steps (0.0006 hrs) 0.00:-8032.60 8289 (46) sec
[251] Max 4802 (881) steps (0.0002 hrs) 0.00:-8032.60 8308 (19) sec
[252] Max 4802 (1882) steps (0.0005 hrs) 0.00:-8032.60 8330 (22) sec
[253] Max 4802 (1648) steps (0.0005 hrs) 0.00:-8032.60 8352 (22) sec
[254] Max 4802 (1501) steps (0.0004 hrs) 0.00:-8032.60 8373 (21) sec
[255] Max 4802 (2163) steps (0.0006 hrs) 0.00:-8032.60 8419 (46) sec
[256] Max 4802 (1697) steps (0.0005 hrs) 0.00:-8032.60 8439 (20) sec
[257] Max 4802 (993) steps (0.0003 hrs) 0.00:-8032.60 8459 (20) sec
[258] Max 4802 (1542) steps (0.0004 hrs) 0.00:-8032.60 8480 (21) sec
[259] Max 4802 (2222) steps (0.0006 hrs) 0.00:-8032.60 8527 (47) sec
[260] Max 4802 (1071) steps (0.0003 hrs) 0.00:-8032.60 8546 (19) sec
[261] Max 4802 (250) steps (0.0001 hrs) 0.00:-8032.60 8566 (20) sec
[262] Max 4802 (179) steps (0.0000 hrs) 0.00:-8032.60 8585 (19) sec
[263] Max 4802 (324) steps (0.0001 hrs) 0.00:-8032.60 8604 (19) sec
[264] Max 4802 (2596) steps (0.0007 hrs) 0.00:-8032.60 8626 (22) sec
[265] Max 4802 (2062) steps (0.0006 hrs) 0.00:-8032.60 8648 (22) sec
[266] Max 4802 (301) steps (0.0001 hrs) 0.00:-8032.60 8667 (19) sec
[267] Max 4802 (256) steps (0.0001 hrs) 0.00:-8032.60 8686 (19) sec
[268] Max 4802 (1295) steps (0.0004 hrs) 0.00:-8032.60 8705 (19) sec
[269] Max 4802 (692) steps (0.0002 hrs) 0.00:-8032.60 8725 (20) sec
[270] Max 4802 (368) steps (0.0001 hrs) 0.00:-8032.60 8744 (19) sec
[271] Max 4802 (2083) steps (0.0006 hrs) 0.00:-8032.60 8788 (44) sec
[272] Max 4802 (3853) steps (0.0011 hrs) 0.00:-8032.60 8832 (44) sec
[273] Max 4802 (1137) steps (0.0003 hrs) 0.00:-8032.60 8852 (20) sec
[274] Max 4802 (3528) steps (0.0010 hrs) 0.00:-8032.60 8899 (47) sec
[275] Max 4802 (2034) steps (0.0006 hrs) 0.00:-8032.60 8945 (46) sec
[276] Max 4802 (1438) steps (0.0004 hrs) 0.00:-8032.60 8965 (20) sec
[277] Max 4802 (950) steps (0.0003 hrs) 0.00:-8032.60 8984 (19) sec
[278] Max 4802 (1022) steps (0.0003 hrs) 0.00:-8032.60 9004 (20) sec
[279] Max 4802 (635) steps (0.0002 hrs) 0.00:-8032.60 9023 (19) sec
[280] Max 4802 (2114) steps (0.0006 hrs) 0.00:-8032.60 9056 (33) sec
[281] Max 4802 (2194) steps (0.0006 hrs) 0.00:-8032.60 9101 (45) sec
[282] Max 4802 (166) steps (0.0000 hrs) 0.00:-8032.60 9120 (19) sec
[283] Max 4802 (760) steps (0.0002 hrs) 0.00:-8032.60 9139 (19) sec
[284] Max 4802 (2019) steps (0.0006 hrs) 0.00:-8032.60 9167 (28) sec
[285] Max 4802 (1460) steps (0.0004 hrs) 0.00:-8032.60 9190 (23) sec
[286] Max 4802 (2327) steps (0.0006 hrs) 0.00:-8032.60 9231 (41) sec
[287] Max 4802 (1052) steps (0.0003 hrs) 0.00:-8032.60 9251 (20) sec
[288] Max 4802 (2554) steps (0.0007 hrs) 0.00:-8032.60 9276 (25) sec
[289] Max 4802 (2045) steps (0.0006 hrs) 0.00:-8032.60 9298 (22) sec
[290] Max 4802 (2072) steps (0.0006 hrs) 0.00:-8032.60 9338 (40) sec
[291] Max 4802 (1683) steps (0.0005 hrs) 0.00:-8032.60 9359 (21) sec
[292] Max 4802 (722) steps (0.0002 hrs) 0.00:-8032.60 9378 (19) sec
[293] Max 4802 (2236) steps (0.0006 hrs) 0.00:-8032.60 9398 (20) sec
[294] Max 4802 (2125) steps (0.0006 hrs) 0.00:-8032.60 9437 (39) sec
[295] Max 4802 (881) steps (0.0002 hrs) 0.00:-8032.60 9456 (19) sec
[296] Max 4802 (1094) steps (0.0003 hrs) 0.00:-8032.60 9477 (21) sec
[297] Max 4802 (1087) steps (0.0003 hrs) 0.00:-8032.60 9497 (20) sec
[298] Max 4802 (631) steps (0.0002 hrs) 0.00:-8032.60 9516 (19) sec
[299] Max 4802 (2521) steps (0.0007 hrs) 0.00:-8032.60 9562 (46) sec
[300] Max 4802 (505) steps (0.0001 hrs) 0.00:-8032.60 9581 (19) sec
[301] Max 4802 (499) steps (0.0001 hrs) 0.00:-8032.60 9600 (19) sec
[302] Max 4802 (1805) steps (0.0005 hrs) 0.00:-8032.60 9621 (21) sec
[303] Max 4802 (2404) steps (0.0007 hrs) 0.00:-8032.60 9666 (45) sec
[304] Max 4802 (1897) steps (0.0005 hrs) 0.00:-8032.60 9693 (27) sec
[305] Max 4802 (2353) steps (0.0007 hrs) 0.00:-8032.60 9738 (45) sec
[306] Max 4802 (2149) steps (0.0006 hrs) 0.00:-8032.60 9783 (45) sec
[307] Max 4802 (812) steps (0.0002 hrs) 0.00:-8032.60 9802 (19) sec
[308] Max 4802 (447) steps (0.0001 hrs) 0.00:-8032.60 9821 (19) sec
[309] Max 4802 (3925) steps (0.0011 hrs) 0.00:-8032.60 9844 (23) sec
[310] Max 4802 (2393) steps (0.0007 hrs) 0.00:-8032.60 9888 (44) sec
[311] Max 4802 (2140) steps (0.0006 hrs) 0.00:-8032.60 9921 (33) sec
[312] Max 4802 (553) steps (0.0002 hrs) 0.00:-8032.60 9940 (19) sec
[313] Max 4802 (2177) steps (0.0006 hrs) 0.00:-8032.60 9982 (42) sec
[314] Max 4802 (1918) steps (0.0005 hrs) 0.00:-8032.60 10004 (22) sec
[315] Max 5272 (5272) steps (0.0015 hrs) 0.00:-8032.60 10050 (46) sec
[316] Max 5272 (3926) steps (0.0011 hrs) 0.00:-8032.60 10070 (20) sec
[317] Max 5272 (1186) steps (0.0003 hrs) 0.00:-8032.60 10090 (20) sec
[318] Max 5272 (2055) steps (0.0006 hrs) 0.00:-8032.60 10136 (46) sec
[319] Max 5272 (807) steps (0.0002 hrs) 0.00:-8032.60 10155 (19) sec
[320] Max 5272 (1595) steps (0.0004 hrs) 0.00:-8032.60 10179 (24) sec
[321] Max 5272 (1512) steps (0.0004 hrs) 0.00:-8032.60 10198 (19) sec
[322] Max 5272 (293) steps (0.0001 hrs) 0.00:-8032.60 10218 (20) sec
[323] Max 5272 (2241) steps (0.0006 hrs) 0.00:-8032.60 10264 (46) sec
[324] Max 5272 (835) steps (0.0002 hrs) 0.00:-8032.60 10283 (19) sec
[325] Max 5272 (1872) steps (0.0005 hrs) 0.00:-8032.60 10303 (20) sec
[326] Max 5272 (2289) steps (0.0006 hrs) 0.00:-8032.60 10325 (22) sec
[327] Max 5272 (1038) steps (0.0003 hrs) 0.00:-8032.60 10345 (20) sec
[328] Max 5272 (199) steps (0.0001 hrs) 0.00:-8032.60 10364 (19) sec
[329] Max 5272 (1214) steps (0.0003 hrs) 0.00:-8032.60 10383 (19) sec
[330] Max 5272 (2203) steps (0.0006 hrs) 0.00:-8032.60 10421 (38) sec
[331] Max 5272 (1300) steps (0.0004 hrs) 0.00:-8032.60 10440 (19) sec
[332] Max 5272 (2175) steps (0.0006 hrs) 0.00:-8032.60 10467 (27) sec
[333] Max 5272 (2968) steps (0.0008 hrs) 0.00:-8032.60 10513 (46) sec
[334] Max 5272 (2836) steps (0.0008 hrs) 0.00:-8032.60 10561 (48) sec
[335] Max 5272 (450) steps (0.0001 hrs) 0.00:-8032.60 10580 (19) sec
[336] Max 5272 (1690) steps (0.0005 hrs) 0.00:-8032.60 10615 (35) sec
[337] Max 5272 (924) steps (0.0003 hrs) 0.00:-8032.60 10634 (19) sec
[338] Max 5272 (1842) steps (0.0005 hrs) 0.00:-8032.60 10662 (28) sec
[339] Max 5272 (1590) steps (0.0004 hrs) 0.00:-8032.60 10683 (21) sec
[340] Max 5272 (208) steps (0.0001 hrs) 0.00:-8032.60 10702 (19) sec
[341] Max 5272 (3645) steps (0.0010 hrs) 0.00:-8032.60 10731 (29) sec
[342] Max 5272 (2707) steps (0.0008 hrs) 0.00:-8032.60 10778 (47) sec
[343] Max 5272 (1693) steps (0.0005 hrs) 0.00:-8032.60 10797 (19) sec
[344] Max 5272 (2494) steps (0.0007 hrs) 0.00:-8032.60 10843 (46) sec
[345] Max 5272 (2551) steps (0.0007 hrs) 0.00:-8032.60 10890 (47) sec
[346] Max 5272 (1248) steps (0.0003 hrs) 0.00:-8032.60 10911 (21) sec
[347] Max 5272 (2208) steps (0.0006 hrs) 0.00:-8032.60 10956 (45) sec
[348] Max 5272 (322) steps (0.0001 hrs) 0.00:-8032.60 10975 (19) sec
[349] Max 5272 (892) steps (0.0002 hrs) 0.00:-8032.60 10995 (20) sec
[350] Max 5272 (609) steps (0.0002 hrs) 0.00:-8032.60 11014 (19) sec
[351] Max 5272 (2357) steps (0.0007 hrs) 0.00:-8032.60 11060 (46) sec
[352] Max 5272 (2127) steps (0.0006 hrs) 0.00:-8032.60 11081 (21) sec
[353] Max 5272 (1096) steps (0.0003 hrs) 0.00:-8032.60 11101 (20) sec
[354] Max 5272 (252) steps (0.0001 hrs) 0.00:-8032.60 11120 (19) sec
[355] Max 5272 (494) steps (0.0001 hrs) 0.00:-8032.60 11139 (19) sec
[356] Max 5272 (2421) steps (0.0007 hrs) 0.00:-8032.60 11183 (44) sec
[357] Max 5272 (383) steps (0.0001 hrs) 0.00:-8032.60 11202 (19) sec
[358] Max 5272 (1498) steps (0.0004 hrs) 0.00:-8032.60 11228 (26) sec
[359] Max 5272 (2009) steps (0.0006 hrs) 0.00:-8032.60 11275 (47) sec
[360] Max 5272 (179) steps (0.0000 hrs) 0.00:-8032.60 11294 (19) sec
[361] Max 5272 (494) steps (0.0001 hrs) 0.00:-8032.60 11313 (19) sec
[362] Max 5272 (337) steps (0.0001 hrs) 0.00:-8032.60 11332 (19) sec
[363] Max 5272 (1524) steps (0.0004 hrs) 0.00:-8032.60 11354 (22) sec
[364] Max 5272 (836) steps (0.0002 hrs) 0.00:-8032.60 11374 (20) sec
[365] Max 5272 (1562) steps (0.0004 hrs) 0.00:-8032.60 11395 (21) sec
[366] Max 5272 (2193) steps (0.0006 hrs) 0.00:-8032.60 11414 (19) sec
[367] Max 5272 (2079) steps (0.0006 hrs) 0.00:-8032.60 11460 (46) sec
[368] Max 5272 (2392) steps (0.0007 hrs) 0.00:-8032.60 11494 (34) sec
[369] Max 5272 (952) steps (0.0003 hrs) 0.00:-8032.60 11514 (20) sec
[370] Max 5272 (803) steps (0.0002 hrs) 0.00:-8032.60 11533 (19) sec
[371] Max 5272 (2535) steps (0.0007 hrs) 0.00:-8032.60 11579 (46) sec
[372] Max 5272 (730) steps (0.0002 hrs) 0.00:-8032.60 11598 (19) sec
[373] Max 5272 (2190) steps (0.0006 hrs) 0.00:-8032.60 11643 (45) sec
[374] Max 5272 (1496) steps (0.0004 hrs) 0.00:-8032.60 11663 (20) sec
[375] Max 5272 (452) steps (0.0001 hrs) 0.00:-8032.60 11682 (19) sec
[376] Max 5272 (469) steps (0.0001 hrs) 0.00:-8032.60 11702 (20) sec
[377] Max 5272 (2136) steps (0.0006 hrs) 0.00:-8032.60 11748 (46) sec
[378] Max 5272 (1942) steps (0.0005 hrs) 0.00:-8032.60 11778 (30) sec
[379] Max 5272 (678) steps (0.0002 hrs) 0.00:-8032.60 11797 (19) sec
[380] Max 5272 (449) steps (0.0001 hrs) 0.00:-8032.60 11816 (19) sec
[381] Max 5272 (240) steps (0.0001 hrs) 0.00:-8032.60 11835 (19) sec
[382] Max 5272 (823) steps (0.0002 hrs) 0.00:-8032.60 11855 (20) sec
[383] Max 5272 (1381) steps (0.0004 hrs) 0.00:-8032.60 11874 (19) sec
[384] Max 5272 (1739) steps (0.0005 hrs) 0.00:-8032.60 11893 (19) sec
[385] Max 5272 (1614) steps (0.0004 hrs) 0.00:-8032.60 11921 (28) sec
[386] Max 5272 (1713) steps (0.0005 hrs) 0.00:-8032.60 11943 (22) sec
[387] Max 5272 (2512) steps (0.0007 hrs) 0.00:-8032.60 11962 (19) sec
[388] Max 5272 (1699) steps (0.0005 hrs) 0.00:-8032.60 11981 (19) sec
[389] Max 5272 (811) steps (0.0002 hrs) 0.00:-8032.60 12001 (20) sec
[390] Max 6570 (6570) steps (0.0018 hrs) 0.00:-8032.60 12020 (19) sec
[391] Max 6570 (2172) steps (0.0006 hrs) 0.00:-8032.60 12062 (42) sec
[392] Max 6570 (2147) steps (0.0006 hrs) 0.00:-8032.60 12088 (26) sec
[393] Max 6570 (523) steps (0.0001 hrs) 0.00:-8032.60 12107 (19) sec
[394] Max 6570 (1451) steps (0.0004 hrs) 0.00:-8032.60 12126 (19) sec
[395] Max 6570 (2135) steps (0.0006 hrs) 0.00:-8032.60 12171 (45) sec
[396] Max 6570 (415) steps (0.0001 hrs) 0.00:-8032.60 12190 (19) sec
[397] Max 6570 (1451) steps (0.0004 hrs) 0.00:-8032.60 12211 (21) sec
[398] Max 6570 (1993) steps (0.0006 hrs) 0.00:-8032.60 12231 (20) sec
[399] Max 6570 (2298) steps (0.0006 hrs) 0.00:-8032.60 12275 (44) sec
[400] Max 6570 (2309) steps (0.0006 hrs) 0.00:-8032.60 12313 (38) sec
[401] Max 6570 (2038) steps (0.0006 hrs) 0.00:-8032.60 12351 (38) sec
[402] Max 6570 (1802) steps (0.0005 hrs) 0.00:-8032.60 12379 (28) sec
[403] Max 6570 (2773) steps (0.0008 hrs) 0.00:-8032.60 12415 (36) sec
[404] Max 6570 (279) steps (0.0001 hrs) 0.00:-8032.60 12434 (19) sec
[405] Max 6570 (2895) steps (0.0008 hrs) 0.00:-8032.60 12456 (22) sec
[406] Max 6570 (2313) steps (0.0006 hrs) 0.00:-8032.60 12484 (28) sec
[407] Max 6570 (2505) steps (0.0007 hrs) 0.00:-8032.60 12521 (37) sec
[408] Max 6570 (446) steps (0.0001 hrs) 0.00:-8032.60 12540 (19) sec
[409] Max 6570 (201) steps (0.0001 hrs) 0.00:-8032.60 12560 (20) sec
[410] Max 6570 (2137) steps (0.0006 hrs) 0.00:-8032.60 12606 (46) sec
[411] Max 6570 (2179) steps (0.0006 hrs) 0.00:-8032.60 12653 (47) sec
[412] Max 6570 (2048) steps (0.0006 hrs) 0.00:-8032.60 12692 (39) sec
[413] Max 6570 (526) steps (0.0001 hrs) 0.00:-8032.60 12712 (20) sec
[414] Max 6570 (1680) steps (0.0005 hrs) 0.00:-8032.60 12733 (21) sec
[415] Max 6570 (260) steps (0.0001 hrs) 0.00:-8032.60 12752 (19) sec
[416] Max 6570 (2173) steps (0.0006 hrs) 0.00:-8032.60 12787 (35) sec
[417] Max 6570 (3559) steps (0.0010 hrs) 0.00:-8032.60 12825 (38) sec
[418] Max 6570 (2577) steps (0.0007 hrs) 0.00:-8032.60 12871 (46) sec
[419] Max 6570 (2128) steps (0.0006 hrs) 0.00:-8032.60 12917 (46) sec
[420] Max 6570 (2461) steps (0.0007 hrs) 0.00:-8032.60 12937 (20) sec
[421] Max 6570 (2286) steps (0.0006 hrs) 0.00:-8032.60 12960 (23) sec
[422] Max 6570 (1208) steps (0.0003 hrs) 0.00:-8032.60 12979 (19) sec
[423] Max 6570 (507) steps (0.0001 hrs) 0.00:-8032.60 12998 (19) sec
[424] Max 6570 (1845) steps (0.0005 hrs) 0.00:-8032.60 13044 (46) sec
[425] Max 6570 (191) steps (0.0001 hrs) 0.00:-8032.60 13063 (19) sec
[426] Max 6570 (410) steps (0.0001 hrs) 0.00:-8032.60 13082 (19) sec
[427] Max 6570 (1029) steps (0.0003 hrs) 0.00:-8032.60 13102 (20) sec
[428] Max 6570 (597) steps (0.0002 hrs) 0.00:-8032.60 13121 (19) sec
[429] Max 6570 (2444) steps (0.0007 hrs) 0.00:-8032.60 13163 (42) sec
[430] Max 6570 (350) steps (0.0001 hrs) 0.00:-8032.60 13182 (19) sec
[431] Max 6570 (186) steps (0.0001 hrs) 0.00:-8032.60 13201 (19) sec
[432] Max 6570 (1743) steps (0.0005 hrs) 0.00:-8032.60 13224 (23) sec
[433] Max 6570 (2142) steps (0.0006 hrs) 0.00:-8032.60 13245 (21) sec
[434] Max 6570 (1623) steps (0.0005 hrs) 0.00:-8032.60 13266 (21) sec
[435] Max 6570 (1378) steps (0.0004 hrs) 0.00:-8032.60 13286 (20) sec
[436] Max 6570 (2098) steps (0.0006 hrs) 0.00:-8032.60 13308 (22) sec
[437] Max 6570 (2364) steps (0.0007 hrs) 0.00:-8032.60 13327 (19) sec
[438] Max 6570 (1864) steps (0.0005 hrs) 0.00:-8032.60 13351 (24) sec
[439] Max 6570 (179) steps (0.0000 hrs) 0.00:-8032.60 13371 (20) sec
[440] Max 6570 (1010) steps (0.0003 hrs) 0.00:-8032.60 13391 (20) sec
[441] Max 6570 (275) steps (0.0001 hrs) 0.00:-8032.60 13411 (20) sec
[442] Max 6570 (322) steps (0.0001 hrs) 0.00:-8032.60 13430 (19) sec
[443] Max 6570 (2081) steps (0.0006 hrs) 0.00:-8032.60 13472 (42) sec
[444] Max 6570 (2736) steps (0.0008 hrs) 0.00:-8032.60 13517 (45) sec
[445] Max 6570 (1451) steps (0.0004 hrs) 0.00:-8032.60 13537 (20) sec
[446] Max 6570 (2128) steps (0.0006 hrs) 0.00:-8032.60 13581 (44) sec
[447] Max 6570 (508) steps (0.0001 hrs) 0.00:-8032.60 13600 (19) sec
[448] Max 6570 (2326) steps (0.0006 hrs) 0.00:-8032.60 13646 (46) sec
[449] Max 6570 (2209) steps (0.0006 hrs) 0.00:-8032.60 13689 (43) sec
[450] Max 6570 (2019) steps (0.0006 hrs) 0.00:-8032.60 13735 (46) sec
[451] Max 6570 (902) steps (0.0003 hrs) 0.00:-8032.60 13754 (19) sec
[452] Max 6570 (1935) steps (0.0005 hrs) 0.00:-8032.60 13793 (39) sec
[453] Max 6570 (843) steps (0.0002 hrs) 0.00:-8032.60 13812 (19) sec
[454] Max 6570 (2305) steps (0.0006 hrs) 0.00:-8032.60 13855 (43) sec
[455] Max 6570 (2389) steps (0.0007 hrs) 0.00:-8032.60 13901 (46) sec
[456] Max 6570 (1926) steps (0.0005 hrs) 0.00:-8032.60 13947 (46) sec
[457] Max 6570 (2097) steps (0.0006 hrs) 0.00:-8032.60 13992 (45) sec
[458] Max 6570 (655) steps (0.0002 hrs) 0.00:-8032.60 14011 (19) sec
[459] Max 6570 (1216) steps (0.0003 hrs) 0.00:-8032.60 14031 (20) sec
[460] Max 6570 (252) steps (0.0001 hrs) 0.00:-8032.60 14051 (20) sec
[461] Max 6570 (2730) steps (0.0008 hrs) 0.00:-8032.60 14097 (46) sec
[462] Max 6570 (1398) steps (0.0004 hrs) 0.00:-8032.60 14118 (21) sec
[463] Max 6570 (945) steps (0.0003 hrs) 0.00:-8032.60 14138 (20) sec
[464] Max 6570 (2346) steps (0.0007 hrs) 0.00:-8032.60 14184 (46) sec
[465] Max 6570 (2321) steps (0.0006 hrs) 0.00:-8032.60 14229 (45) sec
[466] Max 6570 (3253) steps (0.0009 hrs) 0.00:-8032.60 14248 (19) sec
[467] Max 6570 (2322) steps (0.0006 hrs) 0.00:-8032.60 14293 (45) sec
[468] Max 6570 (433) steps (0.0001 hrs) 0.00:-8032.60 14312 (19) sec
[469] Max 6570 (1566) steps (0.0004 hrs) 0.00:-8032.60 14333 (21) sec
[470] Max 6570 (336) steps (0.0001 hrs) 0.00:-8032.60 14353 (20) sec
[471] Max 6570 (1685) steps (0.0005 hrs) 0.00:-8032.60 14373 (20) sec
[472] Max 6570 (2077) steps (0.0006 hrs) 0.00:-8032.60 14397 (24) sec
[473] Max 6570 (3226) steps (0.0009 hrs) 0.00:-8032.60 14445 (48) sec
[474] Max 6570 (2524) steps (0.0007 hrs) 0.00:-8032.60 14489 (44) sec
[475] Max 6570 (2848) steps (0.0008 hrs) 0.00:-8032.60 14528 (39) sec
[476] Max 6570 (1133) steps (0.0003 hrs) 0.00:-8032.60 14548 (20) sec
[477] Max 6570 (2183) steps (0.0006 hrs) 0.00:-8032.60 14593 (45) sec
[478] Max 6570 (2066) steps (0.0006 hrs) 0.00:-8032.60 14639 (46) sec
[479] Max 6570 (2176) steps (0.0006 hrs) 0.00:-8032.60 14676 (37) sec
[480] Max 6570 (1435) steps (0.0004 hrs) 0.00:-8032.60 14696 (20) sec
[481] Max 6570 (2078) steps (0.0006 hrs) 0.00:-8032.60 14740 (44) sec
[482] Max 6570 (1111) steps (0.0003 hrs) 0.00:-8032.60 14760 (20) sec
[483] Max 6570 (848) steps (0.0002 hrs) 0.00:-8032.60 14779 (19) sec
[484] Max 6570 (1333) steps (0.0004 hrs) 0.00:-8032.60 14799 (20) sec
[485] Max 6570 (1107) steps (0.0003 hrs) 0.00:-8032.60 14819 (20) sec
[486] Max 6570 (2092) steps (0.0006 hrs) 0.00:-8032.60 14863 (44) sec
[487] Max 6570 (2415) steps (0.0007 hrs) 0.00:-8032.60 14909 (46) sec
[488] Max 6570 (1866) steps (0.0005 hrs) 0.00:-8032.60 14931 (22) sec
[489] Max 6570 (2246) steps (0.0006 hrs) 0.00:-8032.60 14976 (45) sec
[490] Max 6570 (612) steps (0.0002 hrs) 0.00:-8032.60 14996 (20) sec
[491] Max 6570 (1946) steps (0.0005 hrs) 0.00:-8032.60 15017 (21) sec
[492] Max 6570 (2533) steps (0.0007 hrs) 0.00:-8032.60 15050 (33) sec
[493] Max 6570 (1604) steps (0.0004 hrs) 0.00:-8032.60 15073 (23) sec
[494] Max 6570 (1085) steps (0.0003 hrs) 0.00:-8032.60 15097 (24) sec
[495] Max 6570 (2376) steps (0.0007 hrs) 0.00:-8032.60 15123 (26) sec
[496] Max 6570 (649) steps (0.0002 hrs) 0.00:-8032.60 15147 (24) sec
[497] Max 6570 (362) steps (0.0001 hrs) 0.00:-8032.60 15171 (24) sec
[498] Max 6570 (1036) steps (0.0003 hrs) 0.00:-8032.60 15196 (25) sec
[499] Max 6570 (305) steps (0.0001 hrs) 0.00:-8032.60 15219 (23) sec
[500] Max 6570 (2126) steps (0.0006 hrs) 0.00:-8032.60 15276 (57) sec
[501] Max 6570 (1770) steps (0.0005 hrs) 0.00:-8032.60 15304 (28) sec
[502] Max 6570 (607) steps (0.0002 hrs) 0.00:-8032.60 15328 (24) sec
[503] Max 6570 (1372) steps (0.0004 hrs) 0.00:-8032.60 15353 (25) sec
[504] Max 6570 (321) steps (0.0001 hrs) 0.00:-8032.60 15377 (24) sec
[505] Max 6570 (258) steps (0.0001 hrs) 0.00:-8032.60 15401 (24) sec
[506] Max 6570 (316) steps (0.0001 hrs) 0.00:-8032.60 15425 (24) sec
[507] Max 6570 (531) steps (0.0001 hrs) 0.00:-8032.60 15449 (24) sec
[508] Max 6570 (372) steps (0.0001 hrs) 0.00:-8032.60 15473 (24) sec
[509] Max 6570 (1898) steps (0.0005 hrs) 0.00:-8032.60 15509 (36) sec
[510] Max 6570 (311) steps (0.0001 hrs) 0.00:-8032.60 15534 (25) sec
[511] Max 6570 (2528) steps (0.0007 hrs) 0.00:-8032.60 15591 (57) sec
[512] Max 6570 (2609) steps (0.0007 hrs) 0.00:-8032.60 15647 (56) sec
[513] Max 6570 (2216) steps (0.0006 hrs) 0.00:-8032.60 15704 (57) sec
[514] Max 6570 (2237) steps (0.0006 hrs) 0.00:-8032.60 15754 (50) sec
[515] Max 6570 (3451) steps (0.0010 hrs) 0.00:-8032.60 15806 (52) sec
[516] Max 6570 (1711) steps (0.0005 hrs) 0.00:-8032.60 15835 (29) sec
[517] Max 6570 (2928) steps (0.0008 hrs) 0.00:-8032.60 15859 (24) sec
[518] Max 6570 (2068) steps (0.0006 hrs) 0.00:-8032.60 15884 (25) sec
[519] Max 6570 (2364) steps (0.0007 hrs) 0.00:-8032.60 15939 (55) sec
[520] Max 6570 (2187) steps (0.0006 hrs) 0.00:-8032.60 15964 (25) sec
[521] Max 6570 (883) steps (0.0002 hrs) 0.00:-8032.60 15988 (24) sec
[522] Max 6570 (2591) steps (0.0007 hrs) 0.00:-8032.60 16044 (56) sec
[523] Max 6570 (479) steps (0.0001 hrs) 0.00:-8032.60 16070 (26) sec
[524] Max 6570 (2675) steps (0.0007 hrs) 0.00:-8032.60 16096 (26) sec
[525] Max 6570 (2397) steps (0.0007 hrs) 0.00:-8032.60 16154 (58) sec
[526] Max 6570 (2349) steps (0.0007 hrs) 0.00:-8032.60 16208 (54) sec
[527] Max 6570 (1984) steps (0.0006 hrs) 0.00:-8032.60 16239 (31) sec
[528] Max 6570 (551) steps (0.0002 hrs) 0.00:-8032.60 16264 (25) sec
[529] Max 6570 (253) steps (0.0001 hrs) 0.00:-8032.60 16288 (24) sec
[530] Max 6570 (2327) steps (0.0006 hrs) 0.00:-8032.60 16312 (24) sec
[531] Max 6570 (290) steps (0.0001 hrs) 0.00:-8032.60 16337 (25) sec
[532] Max 6570 (657) steps (0.0002 hrs) 0.00:-8032.60 16361 (24) sec
[533] Max 6570 (2407) steps (0.0007 hrs) 0.00:-8032.60 16417 (56) sec
[534] Max 6570 (2351) steps (0.0007 hrs) 0.00:-8032.60 16474 (57) sec
[535] Max 6570 (1891) steps (0.0005 hrs) 0.00:-8032.60 16522 (48) sec
[536] Max 6570 (2441) steps (0.0007 hrs) 0.00:-8032.60 16577 (55) sec
[537] Max 6570 (1469) steps (0.0004 hrs) 0.00:-8032.60 16604 (27) sec
[538] Max 6570 (1284) steps (0.0004 hrs) 0.00:-8032.60 16628 (24) sec
[539] Max 6570 (263) steps (0.0001 hrs) 0.00:-8032.60 16651 (23) sec
[540] Max 6570 (363) steps (0.0001 hrs) 0.00:-8032.60 16675 (24) sec
[541] Max 6570 (1700) steps (0.0005 hrs) 0.00:-8032.60 16722 (47) sec
[542] Max 6570 (932) steps (0.0003 hrs) 0.00:-8032.60 16747 (25) sec
[543] Max 6570 (3343) steps (0.0009 hrs) 0.00:-8032.60 16804 (57) sec
[544] Max 6570 (1929) steps (0.0005 hrs) 0.00:-8032.60 16861 (57) sec
[545] Max 6570 (287) steps (0.0001 hrs) 0.00:-8032.60 16885 (24) sec
[546] Max 6570 (537) steps (0.0001 hrs) 0.00:-8032.60 16909 (24) sec
[547] Max 6570 (381) steps (0.0001 hrs) 0.00:-8032.60 16933 (24) sec
[548] Max 6570 (314) steps (0.0001 hrs) 0.00:-8032.60 16957 (24) sec
[549] Max 6570 (964) steps (0.0003 hrs) 0.00:-8032.60 16982 (25) sec
[550] Max 6570 (2634) steps (0.0007 hrs) 0.00:-8032.60 17041 (59) sec
[551] Max 6570 (2435) steps (0.0007 hrs) 0.00:-8032.60 17099 (58) sec
[552] Max 6570 (459) steps (0.0001 hrs) 0.00:-8032.60 17123 (24) sec
[553] Max 6570 (402) steps (0.0001 hrs) 0.00:-8032.60 17147 (24) sec
[554] Max 6570 (1004) steps (0.0003 hrs) 0.00:-8032.60 17171 (24) sec
[555] Max 6570 (1313) steps (0.0004 hrs) 0.00:-8032.60 17195 (24) sec
[556] Max 6570 (5064) steps (0.0014 hrs) 0.00:-8032.60 17219 (24) sec
[557] Max 6570 (1433) steps (0.0004 hrs) 0.00:-8032.60 17244 (25) sec
[558] Max 6570 (2099) steps (0.0006 hrs) 0.00:-8032.60 17292 (48) sec
[559] Max 6570 (2218) steps (0.0006 hrs) 0.00:-8032.60 17343 (51) sec
[560] Max 6570 (1077) steps (0.0003 hrs) 0.00:-8032.60 17368 (25) sec
[561] Max 6570 (2164) steps (0.0006 hrs) 0.00:-8032.60 17425 (57) sec
[562] Max 6570 (637) steps (0.0002 hrs) 0.00:-8032.60 17449 (24) sec
[563] Max 6570 (2288) steps (0.0006 hrs) 0.00:-8032.60 17479 (30) sec
[564] Max 6570 (437) steps (0.0001 hrs) 0.00:-8032.60 17503 (24) sec
[565] Max 6570 (361) steps (0.0001 hrs) 0.00:-8032.60 17527 (24) sec
[566] Max 6570 (916) steps (0.0003 hrs) 0.00:-8032.60 17551 (24) sec
[567] Max 6570 (1626) steps (0.0005 hrs) 0.00:-8032.60 17574 (23) sec
[568] Max 6570 (1897) steps (0.0005 hrs) 0.00:-8032.60 17625 (51) sec
[569] Max 6570 (1060) steps (0.0003 hrs) 0.00:-8032.60 17649 (24) sec
[570] Max 6570 (2223) steps (0.0006 hrs) 0.00:-8032.60 17705 (56) sec
[571] Max 6570 (586) steps (0.0002 hrs) 0.00:-8032.60 17729 (24) sec
[572] Max 6570 (2100) steps (0.0006 hrs) 0.00:-8032.60 17787 (58) sec
[573] Max 6570 (1349) steps (0.0004 hrs) 0.00:-8032.60 17811 (24) sec
[574] Max 6570 (1125) steps (0.0003 hrs) 0.00:-8032.60 17835 (24) sec
[575] Max 6570 (2053) steps (0.0006 hrs) 0.00:-8032.60 17882 (47) sec
[576] Max 6570 (2412) steps (0.0007 hrs) 0.00:-8032.60 17935 (53) sec
[577] Max 6570 (2011) steps (0.0006 hrs) 0.00:-8032.60 17960 (25) sec
[578] Max 6570 (1749) steps (0.0005 hrs) 0.00:-8032.60 17984 (24) sec
[579] Max 6570 (2837) steps (0.0008 hrs) 0.00:-8032.60 18040 (56) sec
[580] Max 6570 (2090) steps (0.0006 hrs) 0.00:-8032.60 18075 (35) sec
[581] Max 6570 (2938) steps (0.0008 hrs) 0.00:-8032.60 18123 (48) sec
[582] Max 6570 (581) steps (0.0002 hrs) 0.00:-8032.60 18147 (24) sec
[583] Max 6570 (2142) steps (0.0006 hrs) 0.00:-8032.60 18184 (37) sec
[584] Max 6570 (865) steps (0.0002 hrs) 0.00:-8032.60 18208 (24) sec
[585] Max 6570 (2266) steps (0.0006 hrs) 0.00:-8032.60 18264 (56) sec
[586] Max 6570 (2443) steps (0.0007 hrs) 0.00:-8032.60 18322 (58) sec
[587] Max 6570 (2388) steps (0.0007 hrs) 0.00:-8032.60 18378 (56) sec
[588] Max 6570 (2033) steps (0.0006 hrs) 0.00:-8032.60 18435 (57) sec
[589] Max 6570 (1250) steps (0.0003 hrs) 0.00:-8032.60 18459 (24) sec
[590] Max 6570 (2556) steps (0.0007 hrs) 0.00:-8032.60 18516 (57) sec
[591] Max 6570 (2195) steps (0.0006 hrs) 0.00:-8032.60 18565 (49) sec
[592] Max 6570 (1548) steps (0.0004 hrs) 0.00:-8032.60 18589 (24) sec
[593] Max 6570 (939) steps (0.0003 hrs) 0.00:-8032.60 18614 (25) sec
[594] Max 6570 (2013) steps (0.0006 hrs) 0.00:-8032.60 18638 (24) sec
[595] Max 6570 (2183) steps (0.0006 hrs) 0.00:-8032.60 18693 (55) sec
[596] Max 6570 (2320) steps (0.0006 hrs) 0.00:-8032.60 18751 (58) sec
[597] Max 6570 (1018) steps (0.0003 hrs) 0.00:-8032.60 18776 (25) sec
[598] Max 6570 (1065) steps (0.0003 hrs) 0.00:-8032.60 18802 (26) sec
[599] Max 6570 (815) steps (0.0002 hrs) 0.00:-8032.60 18826 (24) sec
[600] Max 6570 (2622) steps (0.0007 hrs) 0.00:-8032.60 18855 (29) sec
[601] Max 6570 (1081) steps (0.0003 hrs) 0.00:-8032.60 18879 (24) sec
[602] Max 6570 (1358) steps (0.0004 hrs) 0.00:-8032.60 18909 (30) sec
[603] Max 6570 (2616) steps (0.0007 hrs) 0.00:-8032.60 18965 (56) sec
[604] Max 6570 (1918) steps (0.0005 hrs) 0.00:-8032.60 18991 (26) sec
[605] Max 6570 (2044) steps (0.0006 hrs) 0.00:-8032.60 19030 (39) sec
[606] Max 6570 (633) steps (0.0002 hrs) 0.00:-8032.60 19054 (24) sec
[607] Max 6570 (1389) steps (0.0004 hrs) 0.00:-8032.60 19081 (27) sec
[608] Max 6570 (207) steps (0.0001 hrs) 0.00:-8032.60 19105 (24) sec
[609] Max 6570 (376) steps (0.0001 hrs) 0.00:-8032.60 19129 (24) sec
[610] Max 6570 (1653) steps (0.0005 hrs) 0.00:-8032.60 19157 (28) sec
[611] Max 6570 (1206) steps (0.0003 hrs) 0.00:-8032.60 19182 (25) sec
[612] Max 6570 (2471) steps (0.0007 hrs) 0.00:-8032.60 19237 (55) sec
[613] Max 6570 (1058) steps (0.0003 hrs) 0.00:-8032.60 19262 (25) sec
[614] Max 6570 (686) steps (0.0002 hrs) 0.00:-8032.60 19287 (25) sec
[615] Max 6570 (573) steps (0.0002 hrs) 0.00:-8032.60 19311 (24) sec
[616] Max 6570 (445) steps (0.0001 hrs) 0.00:-8032.60 19335 (24) sec
[617] Max 6570 (577) steps (0.0002 hrs) 0.00:-8032.60 19360 (25) sec
[618] Max 6570 (1135) steps (0.0003 hrs) 0.00:-8032.60 19384 (24) sec
[619] Max 6570 (801) steps (0.0002 hrs) 0.00:-8032.60 19408 (24) sec
[620] Max 6570 (3437) steps (0.0010 hrs) 0.00:-8032.60 19433 (25) sec
[621] Max 6570 (166) steps (0.0000 hrs) 0.00:-8032.60 19457 (24) sec
[622] Max 6570 (657) steps (0.0002 hrs) 0.00:-8032.60 19481 (24) sec
[623] Max 6570 (632) steps (0.0002 hrs) 0.00:-8032.60 19505 (24) sec
[624] Max 6570 (332) steps (0.0001 hrs) 0.00:-8032.60 19528 (23) sec
[625] Max 6570 (2190) steps (0.0006 hrs) 0.00:-8032.60 19583 (55) sec
[626] Max 6570 (2340) steps (0.0007 hrs) 0.00:-8032.60 19610 (27) sec
[627] Max 6570 (2555) steps (0.0007 hrs) 0.00:-8032.60 19666 (56) sec
[628] Max 6570 (1411) steps (0.0004 hrs) 0.00:-8032.60 19691 (25) sec
[629] Max 6570 (2403) steps (0.0007 hrs) 0.00:-8032.60 19715 (24) sec
[630] Max 6570 (614) steps (0.0002 hrs) 0.00:-8032.60 19739 (24) sec
[631] Max 6570 (1912) steps (0.0005 hrs) 0.00:-8032.60 19767 (28) sec
[632] Max 6570 (1079) steps (0.0003 hrs) 0.00:-8032.60 19792 (25) sec
[633] Max 6570 (565) steps (0.0002 hrs) 0.00:-8032.60 19816 (24) sec
[634] Max 6570 (2824) steps (0.0008 hrs) 0.00:-8032.60 19849 (33) sec
[635] Max 6570 (1928) steps (0.0005 hrs) 0.00:-8032.60 19883 (34) sec
[636] Max 6570 (800) steps (0.0002 hrs) 0.00:-8032.60 19907 (24) sec
[637] Max 6570 (2498) steps (0.0007 hrs) 0.00:-8032.60 19963 (56) sec
[638] Max 6570 (459) steps (0.0001 hrs) 0.00:-8032.60 19987 (24) sec
[639] Max 6570 (1108) steps (0.0003 hrs) 0.00:-8032.60 20011 (24) sec
[640] Max 6570 (2776) steps (0.0008 hrs) 0.00:-8032.60 20068 (57) sec
[641] Max 6570 (404) steps (0.0001 hrs) 0.00:-8032.60 20092 (24) sec
[642] Max 6570 (1587) steps (0.0004 hrs) 0.00:-8032.60 20117 (25) sec
[643] Max 6570 (597) steps (0.0002 hrs) 0.00:-8032.60 20141 (24) sec
[644] Max 6570 (650) steps (0.0002 hrs) 0.00:-8032.60 20166 (25) sec
[645] Max 6570 (1343) steps (0.0004 hrs) 0.00:-8032.60 20190 (24) sec
[646] Max 6570 (2268) steps (0.0006 hrs) 0.00:-8032.60 20214 (24) sec
[647] Max 6570 (324) steps (0.0001 hrs) 0.00:-8032.60 20238 (24) sec
[648] Max 6570 (2182) steps (0.0006 hrs) 0.00:-8032.60 20288 (50) sec
[649] Max 6570 (2639) steps (0.0007 hrs) 0.00:-8032.60 20339 (51) sec
[650] Max 6570 (763) steps (0.0002 hrs) 0.00:-8032.60 20363 (24) sec
[651] Max 6570 (3073) steps (0.0009 hrs) 0.00:-8032.60 20421 (58) sec
[652] Max 6570 (3725) steps (0.0010 hrs) 0.00:-8032.60 20446 (25) sec
[653] Max 6570 (175) steps (0.0000 hrs) 0.00:-8032.60 20470 (24) sec
[654] Max 6570 (2198) steps (0.0006 hrs) 0.00:-8032.60 20495 (25) sec
[655] Max 6570 (434) steps (0.0001 hrs) 0.00:-8032.60 20519 (24) sec
[656] Max 6570 (2428) steps (0.0007 hrs) 0.00:-8032.60 20550 (31) sec
[657] Max 6570 (2031) steps (0.0006 hrs) 0.00:-8032.60 20607 (57) sec
[658] Max 6570 (230) steps (0.0001 hrs) 0.00:-8032.60 20631 (24) sec
[659] Max 6570 (232) steps (0.0001 hrs) 0.00:-8032.60 20655 (24) sec
[660] Max 6570 (1599) steps (0.0004 hrs) 0.00:-8032.60 20682 (27) sec
[661] Max 6570 (2269) steps (0.0006 hrs) 0.00:-8032.60 20738 (56) sec
[662] Max 6570 (1426) steps (0.0004 hrs) 0.00:-8032.60 20762 (24) sec
[663] Max 6570 (952) steps (0.0003 hrs) 0.00:-8032.60 20787 (25) sec
[664] Max 6570 (385) steps (0.0001 hrs) 0.00:-8032.60 20810 (23) sec
[665] Max 6570 (1943) steps (0.0005 hrs) 0.00:-8032.60 20844 (34) sec
[666] Max 6570 (959) steps (0.0003 hrs) 0.00:-8032.60 20868 (24) sec
[667] Max 6570 (1984) steps (0.0006 hrs) 0.00:-8032.60 20893 (25) sec
[668] Max 6570 (1822) steps (0.0005 hrs) 0.00:-8032.60 20922 (29) sec
[669] Max 6570 (1279) steps (0.0004 hrs) 0.00:-8032.60 20947 (25) sec
[670] Max 6570 (1267) steps (0.0004 hrs) 0.00:-8032.60 20973 (26) sec
[671] Max 6570 (1936) steps (0.0005 hrs) 0.00:-8032.60 21028 (55) sec
[672] Max 6570 (2309) steps (0.0006 hrs) 0.00:-8032.60 21081 (53) sec
[673] Max 6570 (242) steps (0.0001 hrs) 0.00:-8032.60 21106 (25) sec
[674] Max 6570 (935) steps (0.0003 hrs) 0.00:-8032.60 21130 (24) sec
[675] Max 6570 (2016) steps (0.0006 hrs) 0.00:-8032.60 21160 (30) sec
[676] Max 6570 (2039) steps (0.0006 hrs) 0.00:-8032.60 21217 (57) sec
[677] Max 6570 (628) steps (0.0002 hrs) 0.00:-8032.60 21241 (24) sec
[678] Max 6570 (2228) steps (0.0006 hrs) 0.00:-8032.60 21273 (32) sec
[679] Max 6570 (1558) steps (0.0004 hrs) 0.00:-8032.60 21297 (24) sec
[680] Max 6570 (501) steps (0.0001 hrs) 0.00:-8032.60 21321 (24) sec
[681] Max 6570 (2258) steps (0.0006 hrs) 0.00:-8032.60 21348 (27) sec
[682] Max 6570 (2105) steps (0.0006 hrs) 0.00:-8032.60 21380 (32) sec
[683] Max 6570 (1459) steps (0.0004 hrs) 0.00:-8032.60 21406 (26) sec
[684] Max 6570 (399) steps (0.0001 hrs) 0.00:-8032.60 21430 (24) sec
[685] Max 6570 (2597) steps (0.0007 hrs) 0.00:-8032.60 21487 (57) sec
[686] Max 6570 (1036) steps (0.0003 hrs) 0.00:-8032.60 21511 (24) sec
[687] Max 6570 (2831) steps (0.0008 hrs) 0.00:-8032.60 21555 (44) sec
[688] Max 6570 (2173) steps (0.0006 hrs) 0.00:-8032.60 21593 (38) sec
[689] Max 6570 (2013) steps (0.0006 hrs) 0.00:-8032.60 21618 (25) sec
[690] Max 6570 (350) steps (0.0001 hrs) 0.00:-8032.60 21642 (24) sec
[691] Max 6570 (2621) steps (0.0007 hrs) 0.00:-8032.60 21700 (58) sec
[692] Max 6570 (2073) steps (0.0006 hrs) 0.00:-8032.60 21757 (57) sec
[693] Max 6570 (232) steps (0.0001 hrs) 0.00:-8032.60 21782 (25) sec
[694] Max 6570 (2352) steps (0.0007 hrs) 0.00:-8032.60 21837 (55) sec
[695] Max 6570 (282) steps (0.0001 hrs) 0.00:-8032.60 21862 (25) sec
[696] Max 6570 (822) steps (0.0002 hrs) 0.00:-8032.60 21886 (24) sec
[697] Max 6570 (440) steps (0.0001 hrs) 0.00:-8032.60 21910 (24) sec
[698] Max 6570 (1314) steps (0.0004 hrs) 0.00:-8032.60 21934 (24) sec
[699] Max 6570 (1710) steps (0.0005 hrs) 0.00:-8032.60 21958 (24) sec
[700] Max 6570 (2023) steps (0.0006 hrs) 0.00:-8032.60 22014 (56) sec
[701] Max 6570 (2128) steps (0.0006 hrs) 0.00:-8032.60 22064 (50) sec
[702] Max 6570 (2008) steps (0.0006 hrs) 0.00:-8032.60 22119 (55) sec
[703] Max 6570 (1478) steps (0.0004 hrs) 0.00:-8032.60 22146 (27) sec
[704] Max 6570 (336) steps (0.0001 hrs) 0.00:-8032.60 22169 (23) sec
[705] Max 6570 (217) steps (0.0001 hrs) 0.00:-8032.60 22193 (24) sec
[706] Max 6570 (2267) steps (0.0006 hrs) 0.00:-8032.60 22222 (29) sec
[707] Max 6570 (753) steps (0.0002 hrs) 0.00:-8032.60 22246 (24) sec
[708] Max 6570 (2919) steps (0.0008 hrs) 0.00:-8032.60 22295 (49) sec
[709] Max 6570 (1542) steps (0.0004 hrs) 0.00:-8032.60 22319 (24) sec
[710] Max 6570 (2494) steps (0.0007 hrs) 0.00:-8032.60 22376 (57) sec
[711] Max 6570 (2552) steps (0.0007 hrs) 0.00:-8032.60 22426 (50) sec
[712] Max 6570 (1200) steps (0.0003 hrs) 0.00:-8032.60 22451 (25) sec
[713] Max 6570 (1740) steps (0.0005 hrs) 0.00:-8032.60 22478 (27) sec
[714] Max 6570 (1966) steps (0.0005 hrs) 0.00:-8032.60 22534 (56) sec
[715] Max 6570 (1017) steps (0.0003 hrs) 0.00:-8032.60 22558 (24) sec
[716] Max 6570 (1254) steps (0.0003 hrs) 0.00:-8032.60 22582 (24) sec
[717] Max 6570 (2450) steps (0.0007 hrs) 0.00:-8032.60 22636 (54) sec
[718] Max 6570 (1391) steps (0.0004 hrs) 0.00:-8032.60 22661 (25) sec
[719] Max 6570 (2025) steps (0.0006 hrs) 0.00:-8032.60 22706 (45) sec
[720] Max 6570 (897) steps (0.0002 hrs) 0.00:-8032.60 22730 (24) sec
[721] Max 6570 (2235) steps (0.0006 hrs) 0.00:-8032.60 22773 (43) sec
[722] Max 6570 (1108) steps (0.0003 hrs) 0.00:-8032.60 22797 (24) sec
[723] Max 6570 (506) steps (0.0001 hrs) 0.00:-8032.60 22821 (24) sec
[724] Max 6570 (2070) steps (0.0006 hrs) 0.00:-8032.60 22879 (58) sec
[725] Max 6570 (2145) steps (0.0006 hrs) 0.00:-8032.60 22930 (51) sec
[726] Max 6570 (1397) steps (0.0004 hrs) 0.00:-8032.60 22955 (25) sec
[727] Max 6570 (1783) steps (0.0005 hrs) 0.00:-8032.60 23007 (52) sec
[728] Max 6570 (2119) steps (0.0006 hrs) 0.00:-8032.60 23062 (55) sec
[729] Max 6570 (443) steps (0.0001 hrs) 0.00:-8032.60 23086 (24) sec
[730] Max 6570 (1604) steps (0.0004 hrs) 0.00:-8032.60 23113 (27) sec
[731] Max 6570 (628) steps (0.0002 hrs) 0.00:-8032.60 23137 (24) sec
[732] Max 6570 (189) steps (0.0001 hrs) 0.00:-8032.60 23162 (25) sec
[733] Max 6570 (758) steps (0.0002 hrs) 0.00:-8032.60 23186 (24) sec
[734] Max 6570 (1876) steps (0.0005 hrs) 0.00:-8032.60 23211 (25) sec
[735] Max 6570 (2556) steps (0.0007 hrs) 0.00:-8032.60 23246 (35) sec
[736] Max 6570 (2478) steps (0.0007 hrs) 0.00:-8032.60 23302 (56) sec
[737] Max 6570 (260) steps (0.0001 hrs) 0.00:-8032.60 23325 (23) sec
[738] Max 6570 (2200) steps (0.0006 hrs) 0.00:-8032.60 23351 (26) sec
[739] Max 6570 (2190) steps (0.0006 hrs) 0.00:-8032.60 23408 (57) sec
[740] Max 6570 (794) steps (0.0002 hrs) 0.00:-8032.60 23432 (24) sec
[741] Max 6570 (2213) steps (0.0006 hrs) 0.00:-8032.60 23490 (58) sec
[742] Max 6570 (892) steps (0.0002 hrs) 0.00:-8032.60 23514 (24) sec
[743] Max 6570 (2536) steps (0.0007 hrs) 0.00:-8032.60 23569 (55) sec
[744] Max 6570 (642) steps (0.0002 hrs) 0.00:-8032.60 23594 (25) sec
[745] Max 6570 (344) steps (0.0001 hrs) 0.00:-8032.60 23618 (24) sec
[746] Max 6570 (384) steps (0.0001 hrs) 0.00:-8032.60 23642 (24) sec
[747] Max 6570 (1488) steps (0.0004 hrs) 0.00:-8032.60 23669 (27) sec
[748] Max 6570 (167) steps (0.0000 hrs) 0.00:-8032.60 23693 (24) sec
[749] Max 6570 (577) steps (0.0002 hrs) 0.00:-8032.60 23717 (24) sec
[750] Max 6570 (2158) steps (0.0006 hrs) 0.00:-8032.60 23775 (58) sec
[751] Max 6570 (1451) steps (0.0004 hrs) 0.00:-8032.60 23800 (25) sec
[752] Max 6570 (624) steps (0.0002 hrs) 0.00:-8032.60 23824 (24) sec
[753] Max 6570 (480) steps (0.0001 hrs) 0.00:-8032.60 23848 (24) sec
[754] Max 6570 (1829) steps (0.0005 hrs) 0.00:-8032.60 23906 (58) sec
[755] Max 6570 (2407) steps (0.0007 hrs) 0.00:-8032.60 23942 (36) sec
[756] Max 6570 (2021) steps (0.0006 hrs) 0.00:-8032.60 23997 (55) sec
[757] Max 6570 (883) steps (0.0002 hrs) 0.00:-8032.60 24021 (24) sec
[758] Max 6570 (359) steps (0.0001 hrs) 0.00:-8032.60 24045 (24) sec
[759] Max 6570 (463) steps (0.0001 hrs) 0.00:-8032.60 24070 (25) sec
[760] Max 6570 (2580) steps (0.0007 hrs) 0.00:-8032.60 24123 (53) sec
[761] Max 6570 (2472) steps (0.0007 hrs) 0.00:-8032.60 24162 (39) sec
[762] Max 6570 (270) steps (0.0001 hrs) 0.00:-8032.60 24186 (24) sec
[763] Max 6570 (316) steps (0.0001 hrs) 0.00:-8032.60 24212 (26) sec
[764] Max 6570 (809) steps (0.0002 hrs) 0.00:-8032.60 24236 (24) sec
[765] Max 6570 (1366) steps (0.0004 hrs) 0.00:-8032.60 24261 (25) sec
[766] Max 6570 (245) steps (0.0001 hrs) 0.00:-8032.60 24285 (24) sec
[767] Max 6570 (1485) steps (0.0004 hrs) 0.00:-8032.60 24311 (26) sec
[768] Max 6570 (2443) steps (0.0007 hrs) 0.00:-8032.60 24362 (51) sec
[769] Max 6570 (1357) steps (0.0004 hrs) 0.00:-8032.60 24392 (30) sec
[770] Max 6570 (2539) steps (0.0007 hrs) 0.00:-8032.60 24449 (57) sec
[771] Max 6570 (2543) steps (0.0007 hrs) 0.00:-8032.60 24477 (28) sec
[772] Max 6570 (1605) steps (0.0004 hrs) 0.00:-8032.60 24504 (27) sec
[773] Max 6570 (2732) steps (0.0008 hrs) 0.00:-8032.60 24531 (27) sec
[774] Max 6570 (3576) steps (0.0010 hrs) 0.00:-8032.60 24587 (56) sec
[775] Max 6570 (1599) steps (0.0004 hrs) 0.00:-8032.60 24612 (25) sec
[776] Max 6570 (950) steps (0.0003 hrs) 0.00:-8032.60 24636 (24) sec
[777] Max 6570 (2105) steps (0.0006 hrs) 0.00:-8032.60 24679 (43) sec
[778] Max 6570 (317) steps (0.0001 hrs) 0.00:-8032.60 24703 (24) sec
[779] Max 6570 (619) steps (0.0002 hrs) 0.00:-8032.60 24728 (25) sec
[780] Max 6570 (907) steps (0.0003 hrs) 0.00:-8032.60 24752 (24) sec
[781] Max 6570 (1977) steps (0.0005 hrs) 0.00:-8032.60 24778 (26) sec
[782] Max 6570 (1971) steps (0.0005 hrs) 0.00:-8032.60 24808 (30) sec
[783] Max 6570 (2606) steps (0.0007 hrs) 0.00:-8032.60 24866 (58) sec
[784] Max 6570 (2750) steps (0.0008 hrs) 0.00:-8032.60 24923 (57) sec
[785] Max 6570 (1548) steps (0.0004 hrs) 0.00:-8032.60 24949 (26) sec
[786] Max 6570 (2517) steps (0.0007 hrs) 0.00:-8032.60 25007 (58) sec
[787] Max 6570 (1193) steps (0.0003 hrs) 0.00:-8032.60 25032 (25) sec
[788] Max 6570 (1771) steps (0.0005 hrs) 0.00:-8032.60 25059 (27) sec
[789] Max 6570 (1772) steps (0.0005 hrs) 0.00:-8032.60 25091 (32) sec
[790] Max 6570 (1052) steps (0.0003 hrs) 0.00:-8032.60 25117 (26) sec
[791] Max 6570 (952) steps (0.0003 hrs) 0.00:-8032.60 25141 (24) sec
[792] Max 6570 (3013) steps (0.0008 hrs) 0.00:-8032.60 25202 (61) sec
[793] Max 6570 (626) steps (0.0002 hrs) 0.00:-8032.60 25227 (25) sec
[794] Max 6570 (457) steps (0.0001 hrs) 0.00:-8032.60 25251 (24) sec
[795] Max 6570 (2029) steps (0.0006 hrs) 0.00:-8032.60 25287 (36) sec
[796] Max 6570 (654) steps (0.0002 hrs) 0.00:-8032.60 25310 (23) sec
[797] Max 6570 (239) steps (0.0001 hrs) 0.00:-8032.60 25335 (25) sec
[798] Max 6570 (619) steps (0.0002 hrs) 0.00:-8032.60 25359 (24) sec
[799] Max 6570 (270) steps (0.0001 hrs) 0.00:-8032.60 25383 (24) sec
[800] Max 6570 (2483) steps (0.0007 hrs) 0.00:-8032.60 25408 (25) sec
[801] Max 6570 (889) steps (0.0002 hrs) 0.00:-8032.60 25432 (24) sec
[802] Max 6570 (2184) steps (0.0006 hrs) 0.00:-8032.60 25483 (51) sec
[803] Max 6570 (508) steps (0.0001 hrs) 0.00:-8032.60 25508 (25) sec
[804] Max 6570 (2412) steps (0.0007 hrs) 0.00:-8032.60 25543 (35) sec
[805] Max 6570 (2100) steps (0.0006 hrs) 0.00:-8032.60 25598 (55) sec
[806] Max 6570 (1596) steps (0.0004 hrs) 0.00:-8032.60 25623 (25) sec
[807] Max 6570 (784) steps (0.0002 hrs) 0.00:-8032.60 25647 (24) sec
[808] Max 6570 (380) steps (0.0001 hrs) 0.00:-8032.60 25672 (25) sec
[809] Max 6570 (2165) steps (0.0006 hrs) 0.00:-8032.60 25727 (55) sec
[810] Max 6570 (2530) steps (0.0007 hrs) 0.00:-8032.60 25784 (57) sec
[811] Max 6570 (467) steps (0.0001 hrs) 0.00:-8032.60 25808 (24) sec
[812] Max 6570 (946) steps (0.0003 hrs) 0.00:-8032.60 25833 (25) sec
[813] Max 6570 (2862) steps (0.0008 hrs) 0.00:-8032.60 25891 (58) sec
[814] Max 6570 (2061) steps (0.0006 hrs) 0.00:-8032.60 25949 (58) sec
[815] Max 6570 (2280) steps (0.0006 hrs) 0.00:-8032.60 26006 (57) sec
[816] Max 6570 (959) steps (0.0003 hrs) 0.00:-8032.60 26030 (24) sec
[817] Max 6570 (470) steps (0.0001 hrs) 0.00:-8032.60 26054 (24) sec
[818] Max 6570 (2059) steps (0.0006 hrs) 0.00:-8032.60 26111 (57) sec
[819] Max 6570 (3472) steps (0.0010 hrs) 0.00:-8032.60 26135 (24) sec
[820] Max 6570 (694) steps (0.0002 hrs) 0.00:-8032.60 26160 (25) sec
[821] Max 6570 (2472) steps (0.0007 hrs) 0.00:-8032.60 26217 (57) sec
[822] Max 6570 (503) steps (0.0001 hrs) 0.00:-8032.60 26241 (24) sec
[823] Max 6570 (3185) steps (0.0009 hrs) 0.00:-8032.60 26265 (24) sec
[824] Max 6570 (427) steps (0.0001 hrs) 0.00:-8032.60 26289 (24) sec
[825] Max 6570 (2386) steps (0.0007 hrs) 0.00:-8032.60 26346 (57) sec
[826] Max 6570 (1431) steps (0.0004 hrs) 0.00:-8032.60 26375 (29) sec
[827] Max 6570 (2392) steps (0.0007 hrs) 0.00:-8032.60 26432 (57) sec
[828] Max 6570 (252) steps (0.0001 hrs) 0.00:-8032.60 26456 (24) sec
[829] Max 6570 (2011) steps (0.0006 hrs) 0.00:-8032.60 26504 (48) sec
[830] Max 6570 (1968) steps (0.0005 hrs) 0.00:-8032.60 26560 (56) sec
[831] Max 6570 (225) steps (0.0001 hrs) 0.00:-8032.60 26584 (24) sec
[832] Max 6570 (963) steps (0.0003 hrs) 0.00:-8032.60 26608 (24) sec
[833] Max 6570 (576) steps (0.0002 hrs) 0.00:-8032.60 26632 (24) sec
[834] Max 6570 (811) steps (0.0002 hrs) 0.00:-8032.60 26656 (24) sec
[835] Max 6570 (298) steps (0.0001 hrs) 0.00:-8032.60 26680 (24) sec
[836] Max 6570 (2475) steps (0.0007 hrs) 0.00:-8032.60 26719 (39) sec
[837] Max 6570 (2164) steps (0.0006 hrs) 0.00:-8032.60 26771 (52) sec
[838] Max 6570 (1746) steps (0.0005 hrs) 0.00:-8032.60 26795 (24) sec
[839] Max 6570 (2329) steps (0.0006 hrs) 0.00:-8032.60 26823 (28) sec
[840] Max 6570 (1597) steps (0.0004 hrs) 0.00:-8032.60 26854 (31) sec
[841] Max 6570 (2224) steps (0.0006 hrs) 0.00:-8032.60 26911 (57) sec
[842] Max 6570 (657) steps (0.0002 hrs) 0.00:-8032.60 26935 (24) sec
[843] Max 6570 (794) steps (0.0002 hrs) 0.00:-8032.60 26959 (24) sec
[844] Max 6570 (1856) steps (0.0005 hrs) 0.00:-8032.60 26994 (35) sec
[845] Max 6570 (1954) steps (0.0005 hrs) 0.00:-8032.60 27028 (34) sec
[846] Max 6570 (274) steps (0.0001 hrs) 0.00:-8032.60 27052 (24) sec
[847] Max 6570 (1684) steps (0.0005 hrs) 0.00:-8032.60 27078 (26) sec
[848] Max 6570 (2113) steps (0.0006 hrs) 0.00:-8032.60 27136 (58) sec
[849] Max 6570 (551) steps (0.0002 hrs) 0.00:-8032.60 27160 (24) sec
[850] Max 6570 (1003) steps (0.0003 hrs) 0.00:-8032.60 27185 (25) sec
[851] Max 6570 (1626) steps (0.0005 hrs) 0.00:-8032.60 27217 (32) sec
[852] Max 6570 (1796) steps (0.0005 hrs) 0.00:-8032.60 27266 (49) sec
[853] Max 6570 (1644) steps (0.0005 hrs) 0.00:-8032.60 27291 (25) sec
[854] Max 6570 (1194) steps (0.0003 hrs) 0.00:-8032.60 27317 (26) sec
[855] Max 6570 (841) steps (0.0002 hrs) 0.00:-8032.60 27341 (24) sec
[856] Max 6570 (770) steps (0.0002 hrs) 0.00:-8032.60 27366 (25) sec
[857] Max 6570 (465) steps (0.0001 hrs) 0.00:-8032.60 27390 (24) sec
[858] Max 6570 (614) steps (0.0002 hrs) 0.00:-8032.60 27414 (24) sec
[859] Max 6570 (2352) steps (0.0007 hrs) 0.00:-8032.60 27447 (33) sec
[860] Max 6570 (2774) steps (0.0008 hrs) 0.00:-8032.60 27504 (57) sec
[861] Max 6570 (1301) steps (0.0004 hrs) 0.00:-8032.60 27528 (24) sec
[862] Max 6570 (207) steps (0.0001 hrs) 0.00:-8032.60 27552 (24) sec
[863] Max 6570 (463) steps (0.0001 hrs) 0.00:-8032.60 27575 (23) sec
[864] Max 6570 (2400) steps (0.0007 hrs) 0.00:-8032.60 27633 (58) sec
[865] Max 6570 (825) steps (0.0002 hrs) 0.00:-8032.60 27658 (25) sec
[866] Max 6570 (1323) steps (0.0004 hrs) 0.00:-8032.60 27682 (24) sec
[867] Max 6570 (2032) steps (0.0006 hrs) 0.00:-8032.60 27739 (57) sec
[868] Max 6570 (933) steps (0.0003 hrs) 0.00:-8032.60 27763 (24) sec
[869] Max 6570 (1977) steps (0.0005 hrs) 0.00:-8032.60 27822 (59) sec
[870] Max 6570 (1361) steps (0.0004 hrs) 0.00:-8032.60 27847 (25) sec
[871] Max 6570 (1414) steps (0.0004 hrs) 0.00:-8032.60 27871 (24) sec
[872] Max 6570 (1420) steps (0.0004 hrs) 0.00:-8032.60 27897 (26) sec
[873] Max 6570 (2385) steps (0.0007 hrs) 0.00:-8032.60 27951 (54) sec
[874] Max 6570 (662) steps (0.0002 hrs) 0.00:-8032.60 27975 (24) sec
[875] Max 6570 (2515) steps (0.0007 hrs) 0.00:-8032.60 28031 (56) sec
[876] Max 6570 (1482) steps (0.0004 hrs) 0.00:-8032.60 28056 (25) sec
[877] Max 6570 (2292) steps (0.0006 hrs) 0.00:-8032.60 28095 (39) sec
[878] Max 6570 (462) steps (0.0001 hrs) 0.00:-8032.60 28120 (25) sec
[879] Max 6570 (1162) steps (0.0003 hrs) 0.00:-8032.60 28144 (24) sec
[880] Max 6570 (346) steps (0.0001 hrs) 0.00:-8032.60 28168 (24) sec
[881] Max 6570 (1216) steps (0.0003 hrs) 0.00:-8032.60 28192 (24) sec
[882] Max 6570 (340) steps (0.0001 hrs) 0.00:-8032.60 28216 (24) sec
[883] Max 6570 (225) steps (0.0001 hrs) 0.00:-8032.60 28240 (24) sec
[884] Max 6570 (478) steps (0.0001 hrs) 0.00:-8032.60 28264 (24) sec
[885] Max 6570 (589) steps (0.0002 hrs) 0.00:-8032.60 28288 (24) sec
[886] Max 6570 (2284) steps (0.0006 hrs) 0.00:-8032.60 28345 (57) sec
[887] Max 6570 (3638) steps (0.0010 hrs) 0.00:-8032.60 28402 (57) sec
[888] Max 6570 (2252) steps (0.0006 hrs) 0.00:-8032.60 28449 (47) sec
[889] Max 6570 (554) steps (0.0002 hrs) 0.00:-8032.60 28473 (24) sec
[890] Max 6570 (862) steps (0.0002 hrs) 0.00:-8032.60 28497 (24) sec
[891] Max 6570 (2368) steps (0.0007 hrs) 0.00:-8032.60 28539 (42) sec
[892] Max 6570 (2032) steps (0.0006 hrs) 0.00:-8032.60 28597 (58) sec
[893] Max 6570 (1033) steps (0.0003 hrs) 0.00:-8032.60 28620 (23) sec
[894] Max 6570 (1635) steps (0.0005 hrs) 0.00:-8032.60 28655 (35) sec
[895] Max 6570 (354) steps (0.0001 hrs) 0.00:-8032.60 28679 (24) sec
[896] Max 6570 (525) steps (0.0001 hrs) 0.00:-8032.60 28703 (24) sec
[897] Max 6570 (1066) steps (0.0003 hrs) 0.00:-8032.60 28727 (24) sec
[898] Max 6570 (331) steps (0.0001 hrs) 0.00:-8032.60 28752 (25) sec
[899] Max 6570 (1410) steps (0.0004 hrs) 0.00:-8032.60 28776 (24) sec
[900] Max 6570 (2494) steps (0.0007 hrs) 0.00:-8032.60 28834 (58) sec
[901] Max 6570 (2134) steps (0.0006 hrs) 0.00:-8032.60 28891 (57) sec
[902] Max 6570 (2980) steps (0.0008 hrs) 0.00:-8032.60 28946 (55) sec
[903] Max 6570 (2141) steps (0.0006 hrs) 0.00:-8032.60 29002 (56) sec
[904] Max 6570 (1283) steps (0.0004 hrs) 0.00:-8032.60 29026 (24) sec
[905] Max 6570 (244) steps (0.0001 hrs) 0.00:-8032.60 29050 (24) sec
[906] Max 6570 (2239) steps (0.0006 hrs) 0.00:-8032.60 29108 (58) sec
[907] Max 6570 (2000) steps (0.0006 hrs) 0.00:-8032.60 29162 (54) sec
[908] Max 6570 (981) steps (0.0003 hrs) 0.00:-8032.60 29186 (24) sec
[909] Max 6570 (1785) steps (0.0005 hrs) 0.00:-8032.60 29211 (25) sec
[910] Max 6570 (481) steps (0.0001 hrs) 0.00:-8032.60 29235 (24) sec
[911] Max 6570 (2163) steps (0.0006 hrs) 0.00:-8032.60 29286 (51) sec
[912] Max 6570 (768) steps (0.0002 hrs) 0.00:-8032.60 29310 (24) sec
[913] Max 6570 (588) steps (0.0002 hrs) 0.00:-8032.60 29334 (24) sec
[914] Max 6570 (262) steps (0.0001 hrs) 0.00:-8032.60 29358 (24) sec
[915] Max 6570 (2288) steps (0.0006 hrs) 0.00:-8032.60 29416 (58) sec
[916] Max 6570 (847) steps (0.0002 hrs) 0.00:-8032.60 29440 (24) sec
[917] Max 6570 (2038) steps (0.0006 hrs) 0.00:-8032.60 29493 (53) sec
[918] Max 6570 (1388) steps (0.0004 hrs) 0.00:-8032.60 29517 (24) sec
[919] Max 6570 (196) steps (0.0001 hrs) 0.00:-8032.60 29541 (24) sec
[920] Max 6570 (2094) steps (0.0006 hrs) 0.00:-8032.60 29595 (54) sec
[921] Max 6570 (261) steps (0.0001 hrs) 0.00:-8032.60 29618 (23) sec
[922] Max 6570 (217) steps (0.0001 hrs) 0.00:-8032.60 29642 (24) sec
[923] Max 6570 (1915) steps (0.0005 hrs) 0.00:-8032.60 29697 (55) sec
[924] Max 6570 (674) steps (0.0002 hrs) 0.00:-8032.60 29721 (24) sec
[925] Max 6570 (2457) steps (0.0007 hrs) 0.00:-8032.60 29779 (58) sec
[926] Max 6570 (1707) steps (0.0005 hrs) 0.00:-8032.60 29806 (27) sec
[927] Max 6570 (1984) steps (0.0006 hrs) 0.00:-8032.60 29862 (56) sec
[928] Max 6570 (389) steps (0.0001 hrs) 0.00:-8032.60 29886 (24) sec
[929] Max 6570 (1862) steps (0.0005 hrs) 0.00:-8032.60 29910 (24) sec
[930] Max 6570 (1028) steps (0.0003 hrs) 0.00:-8032.60 29935 (25) sec
[931] Max 6570 (2464) steps (0.0007 hrs) 0.00:-8032.60 29964 (29) sec
[932] Max 6570 (959) steps (0.0003 hrs) 0.00:-8032.60 29989 (25) sec
[933] Max 6570 (1154) steps (0.0003 hrs) 0.00:-8032.60 30013 (24) sec
[934] Max 6570 (1092) steps (0.0003 hrs) 0.00:-8032.60 30038 (25) sec
[935] Max 6570 (1920) steps (0.0005 hrs) 0.00:-8032.60 30075 (37) sec
[936] Max 6570 (1330) steps (0.0004 hrs) 0.00:-8032.60 30100 (25) sec
[937] Max 6570 (378) steps (0.0001 hrs) 0.00:-8032.60 30125 (25) sec
[938] Max 6570 (517) steps (0.0001 hrs) 0.00:-8032.60 30149 (24) sec
[939] Max 6570 (510) steps (0.0001 hrs) 0.00:-8032.60 30173 (24) sec
[940] Max 6570 (330) steps (0.0001 hrs) 0.00:-8032.60 30197 (24) sec
[941] Max 6570 (1702) steps (0.0005 hrs) 0.00:-8032.60 30223 (26) sec
[942] Max 6570 (1934) steps (0.0005 hrs) 0.00:-8032.60 30281 (58) sec
[943] Max 6570 (3879) steps (0.0011 hrs) 0.00:-8032.60 30308 (27) sec
[944] Max 6570 (229) steps (0.0001 hrs) 0.00:-8032.60 30331 (23) sec
[945] Max 6570 (2142) steps (0.0006 hrs) 0.00:-8032.60 30387 (56) sec
[946] Max 6570 (582) steps (0.0002 hrs) 0.00:-8032.60 30411 (24) sec
[947] Max 6570 (965) steps (0.0003 hrs) 0.00:-8032.60 30435 (24) sec
[948] Max 6570 (1250) steps (0.0003 hrs) 0.00:-8032.60 30460 (25) sec
[949] Max 6570 (2061) steps (0.0006 hrs) 0.00:-8032.60 30498 (38) sec
[950] Max 6570 (1731) steps (0.0005 hrs) 0.00:-8032.60 30534 (36) sec
[951] Max 6570 (1859) steps (0.0005 hrs) 0.00:-8032.60 30588 (54) sec
[952] Max 6570 (1082) steps (0.0003 hrs) 0.00:-8032.60 30612 (24) sec
[953] Max 6570 (1047) steps (0.0003 hrs) 0.00:-8032.60 30636 (24) sec
[954] Max 6570 (1009) steps (0.0003 hrs) 0.00:-8032.60 30661 (25) sec
[955] Max 6570 (2323) steps (0.0006 hrs) 0.00:-8032.60 30717 (56) sec
[956] Max 6570 (935) steps (0.0003 hrs) 0.00:-8032.60 30742 (25) sec
[957] Max 6570 (1334) steps (0.0004 hrs) 0.00:-8032.60 30767 (25) sec
[958] Max 6570 (1362) steps (0.0004 hrs) 0.00:-8032.60 30791 (24) sec
[959] Max 6570 (2268) steps (0.0006 hrs) 0.00:-8032.60 30830 (39) sec
[960] Max 6570 (783) steps (0.0002 hrs) 0.00:-8032.60 30855 (25) sec
[961] Max 6570 (2258) steps (0.0006 hrs) 0.00:-8032.60 30910 (55) sec
[962] Max 6570 (961) steps (0.0003 hrs) 0.00:-8032.60 30934 (24) sec
[963] Max 6570 (2883) steps (0.0008 hrs) 0.00:-8032.60 30976 (42) sec
[964] Max 6570 (214) steps (0.0001 hrs) 0.00:-8032.60 31000 (24) sec
[965] Max 6570 (285) steps (0.0001 hrs) 0.00:-8032.60 31023 (23) sec
[966] Max 6570 (757) steps (0.0002 hrs) 0.00:-8032.60 31047 (24) sec
[967] Max 6570 (2250) steps (0.0006 hrs) 0.00:-8032.60 31103 (56) sec
[968] Max 6570 (2129) steps (0.0006 hrs) 0.00:-8032.60 31144 (41) sec
[969] Max 6570 (2284) steps (0.0006 hrs) 0.00:-8032.60 31180 (36) sec
[970] Max 6570 (612) steps (0.0002 hrs) 0.00:-8032.60 31204 (24) sec
[971] Max 6570 (2861) steps (0.0008 hrs) 0.00:-8032.60 31258 (54) sec
[972] Max 6570 (1626) steps (0.0005 hrs) 0.00:-8032.60 31284 (26) sec
[973] Max 6570 (412) steps (0.0001 hrs) 0.00:-8032.60 31309 (25) sec
[974] Max 6570 (911) steps (0.0003 hrs) 0.00:-8032.60 31332 (23) sec
[975] Max 6570 (1912) steps (0.0005 hrs) 0.00:-8032.60 31356 (24) sec
[976] Max 6570 (1830) steps (0.0005 hrs) 0.00:-8032.60 31385 (29) sec
[977] Max 6570 (191) steps (0.0001 hrs) 0.00:-8032.60 31410 (25) sec
[978] Max 6570 (640) steps (0.0002 hrs) 0.00:-8032.60 31434 (24) sec
[979] Max 6570 (2124) steps (0.0006 hrs) 0.00:-8032.60 31489 (55) sec
[980] Max 6570 (2143) steps (0.0006 hrs) 0.00:-8032.60 31514 (25) sec
[981] Max 6570 (1222) steps (0.0003 hrs) 0.00:-8032.60 31538 (24) sec
[982] Max 6570 (2115) steps (0.0006 hrs) 0.00:-8032.60 31593 (55) sec
[983] Max 6570 (2191) steps (0.0006 hrs) 0.00:-8032.60 31618 (25) sec
[984] Max 6570 (2262) steps (0.0006 hrs) 0.00:-8032.60 31652 (34) sec
[985] Max 6570 (383) steps (0.0001 hrs) 0.00:-8032.60 31676 (24) sec
[986] Max 6570 (1028) steps (0.0003 hrs) 0.00:-8032.60 31699 (23) sec
[987] Max 6570 (2250) steps (0.0006 hrs) 0.00:-8032.60 31755 (56) sec
[988] Max 6570 (1584) steps (0.0004 hrs) 0.00:-8032.60 31781 (26) sec
[989] Max 6570 (775) steps (0.0002 hrs) 0.00:-8032.60 31805 (24) sec
[990] Max 6570 (1978) steps (0.0005 hrs) 0.00:-8032.60 31863 (58) sec
[991] Max 6570 (2455) steps (0.0007 hrs) 0.00:-8032.60 31918 (55) sec
[992] Max 6570 (212) steps (0.0001 hrs) 0.00:-8032.60 31942 (24) sec
[993] Max 6570 (2305) steps (0.0006 hrs) 0.00:-8032.60 31997 (55) sec
[994] Max 6570 (2249) steps (0.0006 hrs) 0.00:-8032.60 32052 (55) sec
[995] Max 6570 (1150) steps (0.0003 hrs) 0.00:-8032.60 32077 (25) sec
[996] Max 6570 (341) steps (0.0001 hrs) 0.00:-8032.60 32100 (23) sec
[997] Max 6570 (947) steps (0.0003 hrs) 0.00:-8032.60 32123 (23) sec
[998] Max 6570 (2402) steps (0.0007 hrs) 0.00:-8032.60 32148 (25) sec
[999] Max 6570 (777) steps (0.0002 hrs) 0.00:-8032.60 32172 (24) sec
[1000] Max 6570 (437) steps (0.0001 hrs) 0.00:-8032.60 32195 (23) sec
Total Elapsed time: 32195 seconds
Wrote current data to latest.train
