balanced 0 test_flag 0
[1] Ep10000: Max 2242 (2242) steps (0.0006 hrs) 0.00:0.00 25 (25) sec
[2] Ep10000: Max 2242 (2039) steps (0.0006 hrs) 0.00:0.00 51 (26) sec
[3] Ep10000: Max 2242 (588) steps (0.0002 hrs) 0.00:11.24 58 (7) sec
[4] Ep10000: Max 2242 (406) steps (0.0001 hrs) 11.63:0.00 65 (7) sec
[5] Ep10000: Max 2312 (2312) steps (0.0006 hrs) 0.00:0.00 91 (26) sec
[6] Ep10000: Max 2757 (2757) steps (0.0008 hrs) 0.00:0.00 118 (27) sec
[7] Ep10000: Max 2757 (704) steps (0.0002 hrs) 15.38:0.00 125 (7) sec
[8] Ep10000: Max 2757 (1222) steps (0.0003 hrs) 16.81:0.00 133 (8) sec
[9] Ep10000: Max 2757 (310) steps (0.0001 hrs) 15.27:0.00 140 (7) sec
[10] Ep10000: Max 2757 (724) steps (0.0002 hrs) 10.87:0.00 148 (8) sec
[11] Ep10000: Max 2757 (440) steps (0.0001 hrs) 13.42:0.00 155 (7) sec
[12] Ep10000: Max 2757 (1131) steps (0.0003 hrs) 12.66:0.00 162 (7) sec
[13] Ep10000: Max 2757 (402) steps (0.0001 hrs) 0.00:13.51 169 (7) sec
[14] Ep10000: Max 2757 (315) steps (0.0001 hrs) 16.67:0.00 176 (7) sec
[15] Ep10000: Max 2757 (1876) steps (0.0005 hrs) 0.00:0.00 213 (37) sec
[16] Ep10000: Max 2757 (386) steps (0.0001 hrs) 16.13:0.00 220 (7) sec
[17] Ep10000: Max 2757 (636) steps (0.0002 hrs) 16.13:0.00 227 (7) sec
[18] Ep10000: Max 2757 (2053) steps (0.0006 hrs) 0.00:0.00 259 (32) sec
[19] Ep10000: Max 2757 (409) steps (0.0001 hrs) 14.08:0.00 266 (7) sec
[20] Ep10000: Max 2757 (481) steps (0.0001 hrs) 11.76:0.00 273 (7) sec
[21] Ep10000: Max 2757 (323) steps (0.0001 hrs) 18.18:0.00 280 (7) sec
[22] Ep10000: Max 2757 (618) steps (0.0002 hrs) 12.82:0.00 287 (7) sec
[23] Ep10000: Max 2757 (2062) steps (0.0006 hrs) 0.00:0.00 321 (34) sec
[24] Ep10000: Max 2757 (381) steps (0.0001 hrs) 14.60:0.00 329 (8) sec
[25] Ep10000: Max 2757 (494) steps (0.0001 hrs) 15.50:0.00 336 (7) sec
[26] Ep10000: Max 2757 (2088) steps (0.0006 hrs) 0.00:0.00 348 (12) sec
[27] Ep10000: Max 2757 (2643) steps (0.0007 hrs) 0.00:0.00 379 (31) sec
[28] Ep10000: Max 2757 (2231) steps (0.0006 hrs) 0.00:0.00 405 (26) sec
[29] Ep10000: Max 2757 (2295) steps (0.0006 hrs) 0.00:0.00 431 (26) sec
[30] Ep10000: Max 7012 (7012) steps (0.0019 hrs) 0.00:13.33 449 (18) sec
[31] Ep10000: Max 7012 (2114) steps (0.0006 hrs) 0.00:0.00 477 (28) sec
[32] Ep10000: Max 7012 (2120) steps (0.0006 hrs) 13.45:0.00 490 (13) sec
[33] Ep10000: Max 7012 (1004) steps (0.0003 hrs) 10.93:0.00 499 (9) sec
[34] Ep10000: Max 7012 (395) steps (0.0001 hrs) 12.27:0.00 508 (9) sec
[35] Ep10000: Max 7012 (2276) steps (0.0006 hrs) 0.00:0.00 571 (63) sec
[36] Ep10000: Max 7012 (362) steps (0.0001 hrs) 12.58:0.00 580 (9) sec
[37] Ep10000: Max 7012 (377) steps (0.0001 hrs) 10.58:0.00 588 (8) sec
[38] Ep10000: Max 7012 (1976) steps (0.0005 hrs) 0.00:0.00 618 (30) sec
[39] Ep10000: Max 7012 (893) steps (0.0002 hrs) 11.90:0.00 627 (9) sec
[40] Ep10000: Max 7012 (3135) steps (0.0009 hrs) 0.00:0.00 659 (32) sec
[41] Ep10000: Max 7012 (338) steps (0.0001 hrs) 0.00:10.64 668 (9) sec
[42] Ep10000: Max 7012 (2752) steps (0.0008 hrs) 0.00:5.05 700 (32) sec
[43] Ep10000: Max 7012 (2397) steps (0.0007 hrs) 0.00:0.00 734 (34) sec
[44] Ep10000: Max 7012 (1920) steps (0.0005 hrs) 0.00:0.00 763 (29) sec
[45] Ep10000: Max 7012 (2168) steps (0.0006 hrs) 0.00:0.00 793 (30) sec
[46] Ep10000: Max 7012 (3008) steps (0.0008 hrs) 0.00:0.00 826 (33) sec
[47] Ep10000: Max 7012 (406) steps (0.0001 hrs) 90.91:0.00 836 (10) sec
[48] Ep10000: Max 7012 (381) steps (0.0001 hrs) 15.87:0.00 845 (9) sec
[49] Ep10000: Max 7012 (361) steps (0.0001 hrs) 0.00:10.10 853 (8) sec
[50] Ep10000: Max 7012 (2052) steps (0.0006 hrs) 0.00:0.00 884 (31) sec
[51] Ep10000: Max 7012 (5301) steps (0.0015 hrs) 58.82:0.00 920 (36) sec
[52] Ep10000: Max 7012 (1839) steps (0.0005 hrs) 0.00:0.00 948 (28) sec
[53] Ep10000: Max 7012 (388) steps (0.0001 hrs) 0.00:13.79 956 (8) sec
[54] Ep10000: Max 7012 (386) steps (0.0001 hrs) 18.35:0.00 965 (9) sec
[55] Ep10000: Max 7012 (2223) steps (0.0006 hrs) 0.00:0.00 994 (29) sec
[56] Ep10000: Max 7012 (574) steps (0.0002 hrs) 11.36:0.00 1002 (8) sec
[57] Ep10000: Max 7012 (2006) steps (0.0006 hrs) 0.00:0.00 1048 (46) sec
[58] Ep10000: Max 7012 (908) steps (0.0003 hrs) 0.00:10.42 1058 (10) sec
[59] Ep10000: Max 7012 (320) steps (0.0001 hrs) 17.86:0.00 1066 (8) sec
[60] Ep10000: Max 7012 (1717) steps (0.0005 hrs) 0.00:0.00 1244 (178) sec
[61] Ep10000: Max 7012 (2497) steps (0.0007 hrs) 0.00:0.00 1273 (29) sec
[62] Ep10000: Max 7012 (2134) steps (0.0006 hrs) 0.00:0.00 1302 (29) sec
[63] Ep10000: Max 7012 (397) steps (0.0001 hrs) 0.00:31.25 1311 (9) sec
[64] Ep10000: Max 7012 (2170) steps (0.0006 hrs) 0.00:0.00 1339 (28) sec
[65] Ep10000: Max 7012 (751) steps (0.0002 hrs) 27.03:0.00 1348 (9) sec
[66] Ep10000: Max 7012 (2470) steps (0.0007 hrs) 0.00:0.00 1391 (43) sec
[67] Ep10000: Max 7012 (2143) steps (0.0006 hrs) 0.00:0.00 1430 (39) sec
[68] Ep10000: Max 7012 (2303) steps (0.0006 hrs) 0.00:4.98 1460 (30) sec
[69] Ep10000: Max 7012 (310) steps (0.0001 hrs) 12.99:0.00 1469 (9) sec
[70] Ep10000: Max 7012 (1885) steps (0.0005 hrs) 0.00:0.00 1500 (31) sec
[71] Ep10000: Max 7012 (2721) steps (0.0008 hrs) 0.00:2.93 1530 (30) sec
[72] Ep10000: Max 7012 (630) steps (0.0002 hrs) 15.27:0.00 1539 (9) sec
[73] Ep10000: Max 7012 (566) steps (0.0002 hrs) 0.00:40.00 1548 (9) sec
[74] Ep10000: Max 7012 (359) steps (0.0001 hrs) 18.18:0.00 1556 (8) sec
[75] Ep10000: Max 7012 (1921) steps (0.0005 hrs) 0.00:0.00 1588 (32) sec
[76] Ep10000: Max 7012 (2749) steps (0.0008 hrs) 0.00:0.00 1624 (36) sec
[77] Ep10000: Max 7012 (1886) steps (0.0005 hrs) 0.00:0.00 1644 (20) sec
[78] Ep10000: Max 7012 (403) steps (0.0001 hrs) 13.27:0.00 1652 (8) sec
[79] Ep10000: Max 7012 (552) steps (0.0002 hrs) 50.00:0.00 1660 (8) sec
[80] Ep10000: Max 7012 (2041) steps (0.0006 hrs) 0.00:0.00 1689 (29) sec
[81] Ep10000: Max 7012 (2114) steps (0.0006 hrs) 0.00:0.00 1718 (29) sec
[82] Ep10000: Max 7012 (378) steps (0.0001 hrs) 18.52:0.00 1726 (8) sec
[83] Ep10000: Max 7012 (2278) steps (0.0006 hrs) 0.00:0.00 1762 (36) sec
[84] Ep10000: Max 7012 (1888) steps (0.0005 hrs) 0.00:0.00 1791 (29) sec
[85] Ep10000: Max 7012 (307) steps (0.0001 hrs) 18.18:0.00 1799 (8) sec
[86] Ep10000: Max 7012 (4509) steps (0.0013 hrs) 0.00:0.00 1825 (26) sec
[87] Ep10000: Max 7012 (2117) steps (0.0006 hrs) 0.00:0.00 1855 (30) sec
[88] Ep10000: Max 7012 (651) steps (0.0002 hrs) 0.00:27.03 1863 (8) sec
[89] Ep10000: Max 7012 (364) steps (0.0001 hrs) 33.33:0.00 1872 (9) sec
[90] Ep10000: Max 7012 (2197) steps (0.0006 hrs) 0.00:0.00 1902 (30) sec
[91] Ep10000: Max 7012 (334) steps (0.0001 hrs) 25.00:0.00 1910 (8) sec
[92] Ep10000: Max 7012 (403) steps (0.0001 hrs) 18.69:0.00 1919 (9) sec
[93] Ep10000: Max 7012 (412) steps (0.0001 hrs) 24.39:0.00 1928 (9) sec
[94] Ep10000: Max 7012 (351) steps (0.0001 hrs) 11.98:0.00 1937 (9) sec
[95] Ep10000: Max 7012 (987) steps (0.0003 hrs) 11.63:0.00 1946 (9) sec
[96] Ep10000: Max 7012 (2053) steps (0.0006 hrs) 0.00:0.00 1994 (48) sec
[97] Ep10000: Max 7012 (2342) steps (0.0007 hrs) 0.00:3.72 2024 (30) sec
[98] Ep10000: Max 7012 (5555) steps (0.0015 hrs) 0.00:28.57 2040 (16) sec
[99] Ep10000: Max 7012 (1908) steps (0.0005 hrs) 0.00:0.00 2064 (24) sec
[100] Ep10000: Max 7012 (2560) steps (0.0007 hrs) 0.00:4.76 2094 (30) sec
[101] Ep10000: Max 7012 (2360) steps (0.0007 hrs) 0.00:0.00 2131 (37) sec
[102] Ep10000: Max 7012 (2332) steps (0.0006 hrs) 0.00:0.00 2160 (29) sec
[103] Ep10000: Max 7012 (2071) steps (0.0006 hrs) 0.00:3.86 2190 (30) sec
[104] Ep10000: Max 7012 (372) steps (0.0001 hrs) 22.22:0.00 2198 (8) sec
[105] Ep10000: Max 7012 (277) steps (0.0001 hrs) 0.00:12.05 2207 (9) sec
[106] Ep10000: Max 7012 (426) steps (0.0001 hrs) 23.26:0.00 2216 (9) sec
[107] Ep10000: Max 7012 (592) steps (0.0002 hrs) 11.83:0.00 2225 (9) sec
[108] Ep10000: Max 7012 (310) steps (0.0001 hrs) 0.00:16.67 2233 (8) sec
[109] Ep10000: Max 7012 (1985) steps (0.0006 hrs) 0.00:0.00 2261 (28) sec
[110] Ep10000: Max 7012 (3142) steps (0.0009 hrs) 0.00:3.77 2291 (30) sec
[111] Ep10000: Max 7012 (2081) steps (0.0006 hrs) 0.00:0.00 2318 (27) sec
[112] Ep10000: Max 7012 (319) steps (0.0001 hrs) 14.49:0.00 2326 (8) sec
[113] Ep10000: Max 7012 (3015) steps (0.0008 hrs) 0.00:2.49 2354 (28) sec
[114] Ep10000: Max 7012 (3246) steps (0.0009 hrs) 0.00:0.00 2383 (29) sec
[115] Ep10000: Max 7012 (387) steps (0.0001 hrs) 16.26:0.00 2390 (7) sec
[116] Ep10000: Max 7012 (2263) steps (0.0006 hrs) 0.00:0.00 2420 (30) sec
[117] Ep10000: Max 7012 (2815) steps (0.0008 hrs) 0.00:0.00 2464 (44) sec
[118] Ep10000: Max 7012 (344) steps (0.0001 hrs) 0.00:13.89 2472 (8) sec
[119] Ep10000: Max 7012 (2338) steps (0.0006 hrs) 0.00:0.00 2500 (28) sec
[120] Ep10000: Max 7012 (2458) steps (0.0007 hrs) 0.00:0.00 2545 (45) sec
[121] Ep10000: Max 7012 (2208) steps (0.0006 hrs) 0.00:0.00 2568 (23) sec
[122] Ep10000: Max 7012 (583) steps (0.0002 hrs) 0.00:18.18 2576 (8) sec
[123] Ep10000: Max 7012 (598) steps (0.0002 hrs) 11.36:0.00 2585 (9) sec
[124] Ep10000: Max 7012 (493) steps (0.0001 hrs) 0.00:13.51 2594 (9) sec
[125] Ep10000: Max 7012 (5794) steps (0.0016 hrs) 33.33:0.00 2610 (16) sec
[126] Ep10000: Max 7012 (2189) steps (0.0006 hrs) 0.00:0.00 2651 (41) sec
[127] Ep10000: Max 7012 (252) steps (0.0001 hrs) 11.83:0.00 2660 (9) sec
[128] Ep10000: Max 7012 (2384) steps (0.0007 hrs) 0.00:0.56 2697 (37) sec
[129] Ep10000: Max 7012 (2605) steps (0.0007 hrs) 0.00:0.00 2717 (20) sec
[130] Ep10000: Max 7012 (408) steps (0.0001 hrs) 16.95:0.00 2725 (8) sec
[131] Ep10000: Max 7012 (1792) steps (0.0005 hrs) 0.00:0.00 2759 (34) sec
[132] Ep10000: Max 7012 (433) steps (0.0001 hrs) 14.78:0.00 2767 (8) sec
[133] Ep10000: Max 7012 (379) steps (0.0001 hrs) 13.51:0.00 2775 (8) sec
[134] Ep10000: Max 7012 (463) steps (0.0001 hrs) 0.00:10.10 2784 (9) sec
[135] Ep10000: Max 7012 (2139) steps (0.0006 hrs) 0.00:0.00 2811 (27) sec
[136] Ep10000: Max 7012 (2149) steps (0.0006 hrs) 0.00:0.00 2850 (39) sec
[137] Ep10000: Max 7012 (420) steps (0.0001 hrs) 76.92:0.00 2859 (9) sec
[138] Ep10000: Max 7012 (1342) steps (0.0004 hrs) 13.70:0.00 2867 (8) sec
[139] Ep10000: Max 7012 (422) steps (0.0001 hrs) 25.00:0.00 2875 (8) sec
[140] Ep10000: Max 7012 (2590) steps (0.0007 hrs) 0.00:0.00 2904 (29) sec
[141] Ep10000: Max 7012 (251) steps (0.0001 hrs) 17.24:0.00 2913 (9) sec
[142] Ep10000: Max 7012 (688) steps (0.0002 hrs) 18.87:0.00 2923 (10) sec
[143] Ep10000: Max 7012 (2571) steps (0.0007 hrs) 0.00:0.00 2952 (29) sec
[144] Ep10000: Max 7012 (320) steps (0.0001 hrs) 12.42:0.00 2961 (9) sec
[145] Ep10000: Max 7012 (377) steps (0.0001 hrs) 15.75:0.00 2972 (11) sec
[146] Ep10000: Max 7012 (516) steps (0.0001 hrs) 10.42:0.00 2981 (9) sec
[147] Ep10000: Max 7012 (1604) steps (0.0004 hrs) 17.24:0.00 2997 (16) sec
[148] Ep10000: Max 7012 (313) steps (0.0001 hrs) 17.86:0.00 3005 (8) sec
[149] Ep10000: Max 7012 (1783) steps (0.0005 hrs) 0.00:0.00 3030 (25) sec
[150] Ep10000: Max 7012 (2396) steps (0.0007 hrs) 0.00:0.00 3060 (30) sec
[151] Ep10000: Max 7012 (2360) steps (0.0007 hrs) 0.00:0.00 3090 (30) sec
[152] Ep10000: Max 7012 (351) steps (0.0001 hrs) 37.04:0.00 3099 (9) sec
[153] Ep10000: Max 7012 (524) steps (0.0001 hrs) 0.00:13.42 3109 (10) sec
[154] Ep10000: Max 7012 (376) steps (0.0001 hrs) 16.67:0.00 3118 (9) sec
[155] Ep10000: Max 7012 (2210) steps (0.0006 hrs) 0.00:0.00 3164 (46) sec
[156] Ep10000: Max 7012 (601) steps (0.0002 hrs) 14.29:0.00 3173 (9) sec
[157] Ep10000: Max 7012 (2537) steps (0.0007 hrs) 0.00:0.00 3205 (32) sec
[158] Ep10000: Max 7813 (7813) steps (0.0022 hrs) 0.00:1.43 3239 (34) sec
[159] Ep10000: Max 7813 (322) steps (0.0001 hrs) 14.18:0.00 3249 (10) sec
[160] Ep10000: Max 7813 (464) steps (0.0001 hrs) 14.71:0.00 3259 (10) sec
[161] Ep10000: Max 7813 (2094) steps (0.0006 hrs) 8.77:8.77 3284 (25) sec
[162] Ep10000: Max 7813 (305) steps (0.0001 hrs) 0.00:23.26 3293 (9) sec
[163] Ep10000: Max 7813 (2558) steps (0.0007 hrs) 0.00:0.00 3324 (31) sec
[164] Ep10000: Max 7813 (3114) steps (0.0009 hrs) 0.00:0.00 3356 (32) sec
[165] Ep10000: Max 7813 (392) steps (0.0001 hrs) 166.67:0.00 3368 (12) sec
[166] Ep10000: Max 7813 (552) steps (0.0002 hrs) 40.00:0.00 3376 (8) sec
[167] Ep10000: Max 7813 (1865) steps (0.0005 hrs) 14.60:0.00 3385 (9) sec
[168] Ep10000: Max 7813 (2134) steps (0.0006 hrs) 0.00:0.00 3415 (30) sec
[169] Ep10000: Max 7813 (2217) steps (0.0006 hrs) 0.00:0.00 3444 (29) sec
[170] Ep10000: Max 7813 (2293) steps (0.0006 hrs) 0.00:0.00 3474 (30) sec
[171] Ep10000: Max 7813 (504) steps (0.0001 hrs) 19.23:0.00 3482 (8) sec
[172] Ep10000: Max 7813 (3004) steps (0.0008 hrs) 0.00:0.00 3514 (32) sec
[173] Ep10000: Max 7813 (492) steps (0.0001 hrs) 11.56:0.00 3522 (8) sec
[174] Ep10000: Max 8071 (8071) steps (0.0022 hrs) 0.00:13.27 3541 (19) sec
[175] Ep10000: Max 8071 (2094) steps (0.0006 hrs) 0.00:0.00 3568 (27) sec
[176] Ep10000: Max 8071 (2529) steps (0.0007 hrs) 0.00:0.00 3615 (47) sec
[177] Ep10000: Max 8071 (2885) steps (0.0008 hrs) 0.00:0.00 3632 (17) sec
[178] Ep10000: Max 8071 (1932) steps (0.0005 hrs) 0.00:0.00 4097 (465) sec
[179] Ep10000: Max 8071 (453) steps (0.0001 hrs) 11.63:0.00 4106 (9) sec
[180] Ep10000: Max 8071 (2153) steps (0.0006 hrs) 0.00:0.00 4135 (29) sec
[181] Ep10000: Max 8071 (383) steps (0.0001 hrs) 18.18:0.00 4144 (9) sec
[182] Ep10000: Max 8071 (2000) steps (0.0006 hrs) 0.00:0.00 4175 (31) sec
[183] Ep10000: Max 8071 (341) steps (0.0001 hrs) 17.39:0.00 4183 (8) sec
[184] Ep10000: Max 8071 (2145) steps (0.0006 hrs) 0.00:0.00 4211 (28) sec
[185] Ep10000: Max 8071 (2579) steps (0.0007 hrs) 0.00:0.00 4265 (54) sec
[186] Ep10000: Max 8071 (549) steps (0.0002 hrs) 12.45:0.00 4272 (7) sec
[187] Ep10000: Max 8071 (512) steps (0.0001 hrs) 17.54:0.00 4281 (9) sec
[188] Ep10000: Max 8071 (351) steps (0.0001 hrs) 11.63:0.00 4290 (9) sec
[189] Ep10000: Max 8071 (1968) steps (0.0005 hrs) 14.60:0.00 4301 (11) sec
[190] Ep10000: Max 8071 (332) steps (0.0001 hrs) 111.11:0.00 4310 (9) sec
[191] Ep10000: Max 8071 (285) steps (0.0001 hrs) 28.57:0.00 4318 (8) sec
[192] Ep10000: Max 8071 (357) steps (0.0001 hrs) 11.49:0.00 4326 (8) sec
[193] Ep10000: Max 8071 (2345) steps (0.0007 hrs) 0.00:0.00 4355 (29) sec
[194] Ep10000: Max 8071 (544) steps (0.0002 hrs) 12.99:0.00 4363 (8) sec
[195] Ep10000: Max 15109 (15109) steps (0.0042 hrs) 0.00:10.53 4391 (28) sec
[196] Ep10000: Max 15109 (2397) steps (0.0007 hrs) 0.00:0.00 4419 (28) sec
[197] Ep10000: Max 15109 (372) steps (0.0001 hrs) 12.74:0.00 4428 (9) sec
[198] Ep10000: Max 15109 (348) steps (0.0001 hrs) 0.00:50.00 4436 (8) sec
[199] Ep10000: Max 15109 (2523) steps (0.0007 hrs) 0.00:0.00 4468 (32) sec
[200] Ep10000: Max 15109 (404) steps (0.0001 hrs) 13.89:0.00 4476 (8) sec
[201] Ep10000: Max 15109 (254) steps (0.0001 hrs) 25.64:0.00 4485 (9) sec
[202] Ep10000: Max 15109 (3261) steps (0.0009 hrs) 0.00:0.00 4516 (31) sec
[203] Ep10000: Max 15109 (3299) steps (0.0009 hrs) 0.00:0.00 4546 (30) sec
[204] Ep10000: Max 15109 (1093) steps (0.0003 hrs) 17.70:0.00 4555 (9) sec
[205] Ep10000: Max 15109 (1644) steps (0.0005 hrs) 19.42:0.00 4563 (8) sec
[206] Ep10000: Max 15109 (481) steps (0.0001 hrs) 16.26:0.00 4572 (9) sec
[207] Ep10000: Max 15109 (2305) steps (0.0006 hrs) 0.00:0.00 4606 (34) sec
[208] Ep10000: Max 15109 (592) steps (0.0002 hrs) 0.00:16.95 4615 (9) sec
[209] Ep10000: Max 15109 (967) steps (0.0003 hrs) 0.00:10.10 4625 (10) sec
[210] Ep10000: Max 15109 (402) steps (0.0001 hrs) 13.42:0.00 4634 (9) sec
[211] Ep10000: Max 15109 (2777) steps (0.0008 hrs) 0.00:0.00 4685 (51) sec
[212] Ep10000: Max 15109 (2656) steps (0.0007 hrs) 13.99:0.00 4699 (14) sec
[213] Ep10000: Max 15109 (1872) steps (0.0005 hrs) 0.00:0.00 4731 (32) sec
[214] Ep10000: Max 15109 (464) steps (0.0001 hrs) 0.00:12.66 4739 (8) sec
[215] Ep10000: Max 15109 (289) steps (0.0001 hrs) 14.29:0.00 4747 (8) sec
[216] Ep10000: Max 15109 (420) steps (0.0001 hrs) 10.05:0.00 4756 (9) sec
[217] Ep10000: Max 15109 (251) steps (0.0001 hrs) 15.87:0.00 4764 (8) sec
[218] Ep10000: Max 15109 (329) steps (0.0001 hrs) 16.53:0.00 4773 (9) sec
[219] Ep10000: Max 15109 (395) steps (0.0001 hrs) 0.00:12.35 4781 (8) sec
[220] Ep10000: Max 15109 (375) steps (0.0001 hrs) 14.49:0.00 4790 (9) sec
[221] Ep10000: Max 15109 (2114) steps (0.0006 hrs) 0.00:0.00 4820 (30) sec
[222] Ep10000: Max 15109 (360) steps (0.0001 hrs) 10.20:0.00 4828 (8) sec
[223] Ep10000: Max 15109 (2574) steps (0.0007 hrs) 0.00:0.00 4874 (46) sec
[224] Ep10000: Max 15109 (2120) steps (0.0006 hrs) 0.00:0.00 4904 (30) sec
[225] Ep10000: Max 15109 (2105) steps (0.0006 hrs) 0.00:0.00 4945 (41) sec
[226] Ep10000: Max 15109 (2411) steps (0.0007 hrs) 0.00:3.01 4976 (31) sec
[227] Ep10000: Max 15109 (2659) steps (0.0007 hrs) 0.00:1.39 5009 (33) sec
[228] Ep10000: Max 15109 (1896) steps (0.0005 hrs) 0.00:0.00 5062 (53) sec
[229] Ep10000: Max 15109 (2329) steps (0.0006 hrs) 0.00:0.00 5092 (30) sec
[230] Ep10000: Max 15109 (531) steps (0.0001 hrs) 0.00:14.29 5101 (9) sec
[231] Ep10000: Max 15109 (2228) steps (0.0006 hrs) 0.00:0.00 5142 (41) sec
[232] Ep10000: Max 15109 (3239) steps (0.0009 hrs) 0.00:0.00 5187 (45) sec
[233] Ep10000: Max 15109 (397) steps (0.0001 hrs) 16.81:0.00 5196 (9) sec
[234] Ep10000: Max 15109 (585) steps (0.0002 hrs) 10.00:0.00 5204 (8) sec
[235] Ep10000: Max 15109 (320) steps (0.0001 hrs) 41.67:0.00 5213 (9) sec
[236] Ep10000: Max 15109 (275) steps (0.0001 hrs) 11.63:0.00 5222 (9) sec
[237] Ep10000: Max 15109 (2619) steps (0.0007 hrs) 0.00:0.00 5253 (31) sec
[238] Ep10000: Max 15109 (1127) steps (0.0003 hrs) 200.00:0.00 5262 (9) sec
[239] Ep10000: Max 15109 (1861) steps (0.0005 hrs) 0.00:0.00 5296 (34) sec
[240] Ep10000: Max 15109 (2227) steps (0.0006 hrs) 0.00:0.00 5328 (32) sec
[241] Ep10000: Max 15109 (406) steps (0.0001 hrs) 13.51:0.00 5336 (8) sec
[242] Ep10000: Max 15109 (400) steps (0.0001 hrs) 12.27:0.00 5347 (11) sec
[243] Ep10000: Max 15109 (1946) steps (0.0005 hrs) 0.00:26.32 5361 (14) sec
[244] Ep10000: Max 15109 (2156) steps (0.0006 hrs) 0.00:0.00 5389 (28) sec
[245] Ep10000: Max 15109 (2091) steps (0.0006 hrs) 0.00:0.00 5417 (28) sec
[246] Ep10000: Max 15109 (274) steps (0.0001 hrs) 9.57:4.78 5425 (8) sec
[247] Ep10000: Max 15109 (1040) steps (0.0003 hrs) 0.00:10.99 5434 (9) sec
[248] Ep10000: Max 15109 (2191) steps (0.0006 hrs) 0.00:0.00 5465 (31) sec
[249] Ep10000: Max 15109 (380) steps (0.0001 hrs) 25.64:0.00 5473 (8) sec
[250] Ep10000: Max 15109 (1861) steps (0.0005 hrs) 0.00:0.00 5503 (30) sec
[251] Ep10000: Max 15109 (488) steps (0.0001 hrs) 15.87:0.00 5511 (8) sec
[252] Ep10000: Max 15109 (2158) steps (0.0006 hrs) 0.00:0.00 5541 (30) sec
[253] Ep10000: Max 15109 (932) steps (0.0003 hrs) 11.30:0.00 5550 (9) sec
[254] Ep10000: Max 15109 (2112) steps (0.0006 hrs) 0.00:6.49 5582 (32) sec
[255] Ep10000: Max 15109 (2130) steps (0.0006 hrs) 0.00:0.00 5617 (35) sec
[256] Ep10000: Max 15109 (1407) steps (0.0004 hrs) 17.24:0.00 5627 (10) sec
[257] Ep10000: Max 15109 (394) steps (0.0001 hrs) 0.00:17.54 5636 (9) sec
[258] Ep10000: Max 15109 (2423) steps (0.0007 hrs) 0.00:3.76 5670 (34) sec
[259] Ep10000: Max 15109 (2564) steps (0.0007 hrs) 0.00:0.00 5702 (32) sec
[260] Ep10000: Max 15109 (2472) steps (0.0007 hrs) 0.00:0.00 5733 (31) sec
[261] Ep10000: Max 15109 (1415) steps (0.0004 hrs) 0.00:0.00 5877 (144) sec
[262] Ep10000: Max 15109 (2391) steps (0.0007 hrs) 0.00:0.00 6348 (471) sec
[263] Ep10000: Max 15109 (2886) steps (0.0008 hrs) 0.00:0.00 6387 (39) sec
[264] Ep10000: Max 15109 (2537) steps (0.0007 hrs) 0.00:0.00 6414 (27) sec
[265] Ep10000: Max 15109 (2408) steps (0.0007 hrs) 11.43:0.00 6426 (12) sec
[266] Ep10000: Max 15109 (807) steps (0.0002 hrs) 0.00:16.39 6434 (8) sec
[267] Ep10000: Max 15109 (2612) steps (0.0007 hrs) 0.00:0.00 6459 (25) sec
[268] Ep10000: Max 15109 (2084) steps (0.0006 hrs) 0.00:0.00 6497 (38) sec
[269] Ep10000: Max 15109 (2478) steps (0.0007 hrs) 0.00:0.00 6527 (30) sec
[270] Ep10000: Max 15109 (461) steps (0.0001 hrs) 12.50:0.00 6537 (10) sec
[271] Ep10000: Max 15109 (326) steps (0.0001 hrs) 90.91:0.00 6547 (10) sec
[272] Ep10000: Max 15109 (2789) steps (0.0008 hrs) 0.00:0.00 6579 (32) sec
[273] Ep10000: Max 15109 (707) steps (0.0002 hrs) 18.35:0.00 6588 (9) sec
[274] Ep10000: Max 15109 (406) steps (0.0001 hrs) 16.95:0.00 6598 (10) sec
[275] Ep10000: Max 15109 (1902) steps (0.0005 hrs) 0.00:0.00 6627 (29) sec
[276] Ep10000: Max 15109 (2084) steps (0.0006 hrs) 0.00:0.00 6658 (31) sec
[277] Ep10000: Max 15109 (2565) steps (0.0007 hrs) 0.00:0.00 6687 (29) sec
[278] Ep10000: Max 15109 (485) steps (0.0001 hrs) 18.87:0.00 6696 (9) sec
[279] Ep10000: Max 15109 (2484) steps (0.0007 hrs) 0.00:0.00 6725 (29) sec
[280] Ep10000: Max 15109 (313) steps (0.0001 hrs) 0.00:16.67 6734 (9) sec
[281] Ep10000: Max 15109 (727) steps (0.0002 hrs) 0.00:12.35 6742 (8) sec
[282] Ep10000: Max 15109 (318) steps (0.0001 hrs) 17.86:0.00 6751 (9) sec
[283] Ep10000: Max 15109 (2009) steps (0.0006 hrs) 0.00:0.00 6780 (29) sec
[284] Ep10000: Max 15109 (2993) steps (0.0008 hrs) 0.00:0.00 6809 (29) sec
[285] Ep10000: Max 15109 (2509) steps (0.0007 hrs) 0.00:0.00 6837 (28) sec
[286] Ep10000: Max 15109 (2163) steps (0.0006 hrs) 0.00:0.00 6867 (30) sec
[287] Ep10000: Max 15109 (2220) steps (0.0006 hrs) 0.00:0.00 6900 (33) sec
[288] Ep10000: Max 15109 (311) steps (0.0001 hrs) 14.08:0.00 6908 (8) sec
[289] Ep10000: Max 15109 (321) steps (0.0001 hrs) 12.20:0.00 6916 (8) sec
[290] Ep10000: Max 15109 (2119) steps (0.0006 hrs) 0.00:0.00 6953 (37) sec
[291] Ep10000: Max 15109 (2259) steps (0.0006 hrs) 0.00:0.00 6982 (29) sec
[292] Ep10000: Max 15109 (2084) steps (0.0006 hrs) 0.00:0.00 7011 (29) sec
[293] Ep10000: Max 15109 (357) steps (0.0001 hrs) 12.58:0.00 7019 (8) sec
[294] Ep10000: Max 15109 (1125) steps (0.0003 hrs) 13.95:0.00 7027 (8) sec
[295] Ep10000: Max 15109 (2483) steps (0.0007 hrs) 0.00:0.00 7056 (29) sec
[296] Ep10000: Max 15109 (389) steps (0.0001 hrs) 13.16:0.00 7065 (9) sec
[297] Ep10000: Max 15109 (341) steps (0.0001 hrs) 0.00:10.53 7074 (9) sec
[298] Ep10000: Max 15109 (2476) steps (0.0007 hrs) 0.00:0.00 7106 (32) sec
[299] Ep10000: Max 15109 (2481) steps (0.0007 hrs) 0.00:0.00 7135 (29) sec
[300] Ep10000: Max 15109 (1569) steps (0.0004 hrs) 0.00:12.27 7143 (8) sec
[301] Ep10000: Max 15109 (521) steps (0.0001 hrs) 12.35:0.00 7152 (9) sec
[302] Ep10000: Max 15109 (2390) steps (0.0007 hrs) 0.00:0.00 7180 (28) sec
[303] Ep10000: Max 15109 (2838) steps (0.0008 hrs) 0.00:0.00 7211 (31) sec
[304] Ep10000: Max 15109 (378) steps (0.0001 hrs) 0.00:17.09 7220 (9) sec
[305] Ep10000: Max 15109 (366) steps (0.0001 hrs) 0.00:11.24 7229 (9) sec
[306] Ep10000: Max 15109 (2052) steps (0.0006 hrs) 0.00:0.00 7258 (29) sec
[307] Ep10000: Max 15109 (3135) steps (0.0009 hrs) 13.51:0.00 7276 (18) sec
[308] Ep10000: Max 15109 (1712) steps (0.0005 hrs) 10.47:0.00 7285 (9) sec
[309] Ep10000: Max 15109 (404) steps (0.0001 hrs) 11.49:0.00 7294 (9) sec
[310] Ep10000: Max 15109 (398) steps (0.0001 hrs) 21.74:0.00 7303 (9) sec
[311] Ep10000: Max 15109 (1104) steps (0.0003 hrs) 14.60:0.00 7312 (9) sec
[312] Ep10000: Max 15109 (449) steps (0.0001 hrs) 16.39:0.00 7321 (9) sec
[313] Ep10000: Max 15109 (2152) steps (0.0006 hrs) 0.00:0.00 7351 (30) sec
[314] Ep10000: Max 15109 (694) steps (0.0002 hrs) 0.00:13.61 7359 (8) sec
[315] Ep10000: Max 15109 (423) steps (0.0001 hrs) 15.87:0.00 7369 (10) sec
[316] Ep10000: Max 15109 (328) steps (0.0001 hrs) 28.57:0.00 7378 (9) sec
[317] Ep10000: Max 15109 (391) steps (0.0001 hrs) 17.70:0.00 7386 (8) sec
[318] Ep10000: Max 15109 (2266) steps (0.0006 hrs) 0.00:0.00 7413 (27) sec
[319] Ep10000: Max 15109 (2001) steps (0.0006 hrs) 0.00:0.00 7563 (150) sec
[320] Ep10000: Max 15109 (1026) steps (0.0003 hrs) 18.52:0.00 7576 (13) sec
[321] Ep10000: Max 15109 (1394) steps (0.0004 hrs) 17.09:0.00 7587 (11) sec
[322] Ep10000: Max 15109 (2406) steps (0.0007 hrs) 0.00:0.00 7617 (30) sec
[323] Ep10000: Max 15109 (462) steps (0.0001 hrs) 19.42:0.00 7626 (9) sec
[324] Ep10000: Max 15109 (330) steps (0.0001 hrs) 14.29:0.00 7634 (8) sec
[325] Ep10000: Max 15109 (365) steps (0.0001 hrs) 10.64:0.00 7643 (9) sec
[326] Ep10000: Max 15109 (1846) steps (0.0005 hrs) 6.69:3.34 7653 (10) sec
[327] Ep10000: Max 15109 (2357) steps (0.0007 hrs) 0.00:0.00 7681 (28) sec
[328] Ep10000: Max 15109 (2819) steps (0.0008 hrs) 0.00:0.00 7712 (31) sec
[329] Ep10000: Max 15109 (412) steps (0.0001 hrs) 50.00:0.00 7721 (9) sec
[330] Ep10000: Max 15109 (2070) steps (0.0006 hrs) 0.00:0.00 7757 (36) sec
[331] Ep10000: Max 15109 (454) steps (0.0001 hrs) 37.04:0.00 7766 (9) sec
[332] Ep10000: Max 15109 (2247) steps (0.0006 hrs) 0.00:0.00 7794 (28) sec
[333] Ep10000: Max 15109 (2062) steps (0.0006 hrs) 0.00:0.00 7824 (30) sec
[334] Ep10000: Max 15109 (2239) steps (0.0006 hrs) 0.00:0.00 7853 (29) sec
[335] Ep10000: Max 15109 (2371) steps (0.0007 hrs) 0.00:0.00 7884 (31) sec
[336] Ep10000: Max 15109 (445) steps (0.0001 hrs) 13.89:0.00 7894 (10) sec
[337] Ep10000: Max 15109 (252) steps (0.0001 hrs) 11.30:0.00 7902 (8) sec
[338] Ep10000: Max 15109 (1758) steps (0.0005 hrs) 0.00:0.00 7940 (38) sec
[339] Ep10000: Max 15109 (2083) steps (0.0006 hrs) 0.00:0.00 7991 (51) sec
[340] Ep10000: Max 15109 (5675) steps (0.0016 hrs) 15.15:0.00 8006 (15) sec
[341] Ep10000: Max 15109 (568) steps (0.0002 hrs) 13.33:0.00 8013 (7) sec
[342] Ep10000: Max 15109 (2227) steps (0.0006 hrs) 0.00:0.00 8041 (28) sec
[343] Ep10000: Max 15109 (1657) steps (0.0005 hrs) 18.87:0.00 8050 (9) sec
[344] Ep10000: Max 15109 (2288) steps (0.0006 hrs) 0.00:0.00 8083 (33) sec
[345] Ep10000: Max 15109 (366) steps (0.0001 hrs) 13.16:0.00 8091 (8) sec
[346] Ep10000: Max 15109 (2149) steps (0.0006 hrs) 0.00:0.00 8147 (56) sec
[347] Ep10000: Max 15109 (344) steps (0.0001 hrs) 10.31:0.00 8155 (8) sec
[348] Ep10000: Max 15109 (2579) steps (0.0007 hrs) 0.00:0.00 8182 (27) sec
[349] Ep10000: Max 15109 (2610) steps (0.0007 hrs) 0.00:0.00 8213 (31) sec
[350] Ep10000: Max 15109 (549) steps (0.0002 hrs) 8.40:0.00 8222 (9) sec
[351] Ep10000: Max 15109 (7106) steps (0.0020 hrs) 0.00:0.00 8253 (31) sec
[352] Ep10000: Max 15109 (1297) steps (0.0004 hrs) 0.00:0.00 8297 (44) sec
[353] Ep10000: Max 15109 (2637) steps (0.0007 hrs) 0.00:0.00 8329 (32) sec
[354] Ep10000: Max 15109 (1786) steps (0.0005 hrs) 0.00:0.00 8385 (56) sec
[355] Ep10000: Max 15109 (2450) steps (0.0007 hrs) 0.00:0.00 8413 (28) sec
[356] Ep10000: Max 15109 (453) steps (0.0001 hrs) 17.09:0.00 8422 (9) sec
[357] Ep10000: Max 15109 (292) steps (0.0001 hrs) 1000.00:0.00 8430 (8) sec
[358] Ep10000: Max 15109 (250) steps (0.0001 hrs) 18.52:0.00 8439 (9) sec
[359] Ep10000: Max 15109 (357) steps (0.0001 hrs) 14.81:0.00 8447 (8) sec
[360] Ep10000: Max 15109 (402) steps (0.0001 hrs) 0.00:83.33 8456 (9) sec
[361] Ep10000: Max 15109 (1098) steps (0.0003 hrs) 14.78:0.00 8466 (10) sec
[362] Ep10000: Max 15109 (390) steps (0.0001 hrs) 10.42:0.00 8474 (8) sec
[363] Ep10000: Max 15109 (454) steps (0.0001 hrs) 12.58:0.00 8482 (8) sec
[364] Ep10000: Max 15109 (489) steps (0.0001 hrs) 19.42:0.00 8490 (8) sec
[365] Ep10000: Max 15109 (2124) steps (0.0006 hrs) 0.00:0.00 8525 (35) sec
[366] Ep10000: Max 15109 (543) steps (0.0002 hrs) 12.35:0.00 8533 (8) sec
[367] Ep10000: Max 15109 (2207) steps (0.0006 hrs) 0.00:0.00 8575 (42) sec
[368] Ep10000: Max 15109 (3015) steps (0.0008 hrs) 0.00:0.00 8611 (36) sec
[369] Ep10000: Max 15109 (728) steps (0.0002 hrs) 10.64:0.00 8620 (9) sec
[370] Ep10000: Max 15109 (1104) steps (0.0003 hrs) 7.41:7.41 8628 (8) sec
[371] Ep10000: Max 15109 (367) steps (0.0001 hrs) 12.35:0.00 8636 (8) sec
[372] Ep10000: Max 15109 (368) steps (0.0001 hrs) 12.99:0.00 8644 (8) sec
[373] Ep10000: Max 15109 (361) steps (0.0001 hrs) 14.22:0.00 8652 (8) sec
[374] Ep10000: Max 15109 (2910) steps (0.0008 hrs) 0.00:0.00 8682 (30) sec
[375] Ep10000: Max 15109 (2130) steps (0.0006 hrs) 0.00:0.00 8716 (34) sec
[376] Ep10000: Max 15109 (1848) steps (0.0005 hrs) 0.00:0.00 8737 (21) sec
[377] Ep10000: Max 15109 (2595) steps (0.0007 hrs) 0.00:0.00 8766 (29) sec
[378] Ep10000: Max 15109 (3470) steps (0.0010 hrs) 16.13:0.00 8779 (13) sec
[379] Ep10000: Max 15109 (939) steps (0.0003 hrs) 17.54:0.00 8787 (8) sec
[380] Ep10000: Max 15109 (1614) steps (0.0004 hrs) 22.73:0.00 8796 (9) sec
[381] Ep10000: Max 15109 (2255) steps (0.0006 hrs) 0.00:0.00 8825 (29) sec
[382] Ep10000: Max 15109 (418) steps (0.0001 hrs) 16.00:0.00 8834 (9) sec
[383] Ep10000: Max 15109 (2087) steps (0.0006 hrs) 0.00:0.00 8863 (29) sec
[384] Ep10000: Max 15109 (2313) steps (0.0006 hrs) 0.00:0.00 8894 (31) sec
[385] Ep10000: Max 15109 (2544) steps (0.0007 hrs) 0.00:0.00 8921 (27) sec
[386] Ep10000: Max 15109 (2577) steps (0.0007 hrs) 0.00:0.00 8951 (30) sec
[387] Ep10000: Max 15109 (2149) steps (0.0006 hrs) 0.00:0.00 8980 (29) sec
[388] Ep10000: Max 15109 (1960) steps (0.0005 hrs) 0.00:0.00 9010 (30) sec
[389] Ep10000: Max 15109 (2143) steps (0.0006 hrs) 0.00:0.00 9034 (24) sec
[390] Ep10000: Max 15109 (2223) steps (0.0006 hrs) 0.00:0.00 9063 (29) sec
[391] Ep10000: Max 15109 (544) steps (0.0002 hrs) 10.64:0.00 9072 (9) sec
[392] Ep10000: Max 15109 (1589) steps (0.0004 hrs) 0.00:2.49 9091 (19) sec
[393] Ep10000: Max 15109 (969) steps (0.0003 hrs) 12.20:0.00 9100 (9) sec
[394] Ep10000: Max 15109 (509) steps (0.0001 hrs) 11.83:0.00 9108 (8) sec
[395] Ep10000: Max 15109 (2405) steps (0.0007 hrs) 0.00:0.00 9137 (29) sec
[396] Ep10000: Max 15109 (932) steps (0.0003 hrs) 10.42:0.00 9145 (8) sec
[397] Ep10000: Max 15109 (828) steps (0.0002 hrs) 0.00:13.25 9154 (9) sec
[398] Ep10000: Max 15109 (2058) steps (0.0006 hrs) 0.00:0.00 9183 (29) sec
[399] Ep10000: Max 15109 (298) steps (0.0001 hrs) 0.00:18.18 9191 (8) sec
[400] Ep10000: Max 15109 (364) steps (0.0001 hrs) 15.04:0.00 9200 (9) sec
[401] Ep10000: Max 15109 (2527) steps (0.0007 hrs) 0.00:0.00 9231 (31) sec
[402] Ep10000: Max 15109 (2927) steps (0.0008 hrs) 0.00:0.00 9278 (47) sec
[403] Ep10000: Max 15109 (530) steps (0.0001 hrs) 45.45:0.00 9287 (9) sec
[404] Ep10000: Max 15109 (8771) steps (0.0024 hrs) 0.00:14.71 9306 (19) sec
[405] Ep10000: Max 15109 (2346) steps (0.0007 hrs) 0.00:0.00 9335 (29) sec
[406] Ep10000: Max 15109 (392) steps (0.0001 hrs) 23.81:0.00 9343 (8) sec
[407] Ep10000: Max 15109 (313) steps (0.0001 hrs) 13.99:0.00 9351 (8) sec
[408] Ep10000: Max 15109 (2851) steps (0.0008 hrs) 0.00:0.00 9379 (28) sec
[409] Ep10000: Max 15109 (2008) steps (0.0006 hrs) 0.00:0.00 9409 (30) sec
[410] Ep10000: Max 15109 (2471) steps (0.0007 hrs) 0.00:0.00 9438 (29) sec
[411] Ep10000: Max 15109 (2393) steps (0.0007 hrs) 0.00:0.00 9466 (28) sec
[412] Ep10000: Max 15109 (2069) steps (0.0006 hrs) 0.00:0.00 9494 (28) sec
[413] Ep10000: Max 15109 (2566) steps (0.0007 hrs) 0.00:0.00 9523 (29) sec
[414] Ep10000: Max 15109 (2661) steps (0.0007 hrs) 0.00:0.00 9554 (31) sec
[415] Ep10000: Max 15109 (2436) steps (0.0007 hrs) 0.00:0.00 9574 (20) sec
[416] Ep10000: Max 15109 (383) steps (0.0001 hrs) 11.49:0.00 9582 (8) sec
[417] Ep10000: Max 15109 (2336) steps (0.0006 hrs) 0.00:0.00 9616 (34) sec
[418] Ep10000: Max 15109 (495) steps (0.0001 hrs) 0.00:12.05 9624 (8) sec
[419] Ep10000: Max 15109 (436) steps (0.0001 hrs) 66.67:0.00 9633 (9) sec
[420] Ep10000: Max 15109 (561) steps (0.0002 hrs) 19.61:0.00 9641 (8) sec
[421] Ep10000: Max 15109 (2200) steps (0.0006 hrs) 0.00:0.00 9672 (31) sec
[422] Ep10000: Max 15109 (437) steps (0.0001 hrs) 13.39:0.00 9681 (9) sec
[423] Ep10000: Max 15109 (418) steps (0.0001 hrs) 0.00:14.18 9690 (9) sec
[424] Ep10000: Max 15109 (2556) steps (0.0007 hrs) 0.00:0.00 9723 (33) sec
[425] Ep10000: Max 15109 (299) steps (0.0001 hrs) 10.31:0.00 9732 (9) sec
[426] Ep10000: Max 15109 (426) steps (0.0001 hrs) 12.99:0.00 9741 (9) sec
[427] Ep10000: Max 15109 (2596) steps (0.0007 hrs) 0.00:0.00 9771 (30) sec
[428] Ep10000: Max 15109 (277) steps (0.0001 hrs) 17.86:0.00 9781 (10) sec
[429] Ep10000: Max 15109 (1545) steps (0.0004 hrs) 14.71:0.00 9791 (10) sec
[430] Ep10000: Max 15109 (2609) steps (0.0007 hrs) 0.00:0.00 9827 (36) sec
[431] Ep10000: Max 15109 (1991) steps (0.0006 hrs) 0.00:0.00 9869 (42) sec
[432] Ep10000: Max 15109 (2697) steps (0.0007 hrs) 0.00:0.00 9902 (33) sec
[433] Ep10000: Max 15109 (2069) steps (0.0006 hrs) 0.00:0.00 9936 (34) sec
[434] Ep10000: Max 15109 (2553) steps (0.0007 hrs) 0.00:0.00 9966 (30) sec
[435] Ep10000: Max 15109 (5174) steps (0.0014 hrs) 0.00:0.00 9996 (30) sec
[436] Ep10000: Max 15109 (1996) steps (0.0006 hrs) 0.00:0.00 10032 (36) sec
[437] Ep10000: Max 15109 (3244) steps (0.0009 hrs) 19.42:0.00 10045 (13) sec
[438] Ep10000: Max 15109 (963) steps (0.0003 hrs) 166.67:0.00 10054 (9) sec
[439] Ep10000: Max 15109 (431) steps (0.0001 hrs) 18.35:0.00 10063 (9) sec
[440] Ep10000: Max 15109 (8124) steps (0.0023 hrs) 17.39:0.00 10077 (14) sec
[441] Ep10000: Max 15109 (505) steps (0.0001 hrs) 23.81:0.00 10086 (9) sec
[442] Ep10000: Max 15109 (2455) steps (0.0007 hrs) 0.00:0.00 10117 (31) sec
[443] Ep10000: Max 15109 (616) steps (0.0002 hrs) 14.93:0.00 10125 (8) sec
[444] Ep10000: Max 15109 (1508) steps (0.0004 hrs) 55.56:0.00 10134 (9) sec
[445] Ep10000: Max 15109 (431) steps (0.0001 hrs) 11.56:0.00 10143 (9) sec
[446] Ep10000: Max 15109 (757) steps (0.0002 hrs) 0.00:250.00 10152 (9) sec
[447] Ep10000: Max 15109 (2259) steps (0.0006 hrs) 0.00:0.00 10181 (29) sec
[448] Ep10000: Max 15109 (2188) steps (0.0006 hrs) 0.00:0.00 10210 (29) sec
[449] Ep10000: Max 15109 (2084) steps (0.0006 hrs) 0.00:0.00 10238 (28) sec
[450] Ep10000: Max 15109 (2252) steps (0.0006 hrs) 0.00:0.00 10271 (33) sec
[451] Ep10000: Max 15109 (3058) steps (0.0008 hrs) 0.00:0.00 10299 (28) sec
[452] Ep10000: Max 15109 (2100) steps (0.0006 hrs) 0.00:0.00 10329 (30) sec
[453] Ep10000: Max 15109 (2693) steps (0.0007 hrs) 16.81:0.00 10355 (26) sec
[454] Ep10000: Max 15109 (379) steps (0.0001 hrs) 19.23:0.00 10364 (9) sec
[455] Ep10000: Max 15109 (2064) steps (0.0006 hrs) 0.00:0.00 10397 (33) sec
[456] Ep10000: Max 15109 (584) steps (0.0002 hrs) 0.00:12.99 10407 (10) sec
[457] Ep10000: Max 15109 (368) steps (0.0001 hrs) 10.75:0.00 10415 (8) sec
[458] Ep10000: Max 15109 (364) steps (0.0001 hrs) 18.52:0.00 10424 (9) sec
[459] Ep10000: Max 15109 (264) steps (0.0001 hrs) 12.20:0.00 10432 (8) sec
[460] Ep10000: Max 15109 (1971) steps (0.0005 hrs) 0.00:0.00 10489 (57) sec
[461] Ep10000: Max 15109 (381) steps (0.0001 hrs) 9.52:0.00 10498 (9) sec
[462] Ep10000: Max 15109 (1998) steps (0.0006 hrs) 0.00:0.00 10533 (35) sec
[463] Ep10000: Max 15109 (452) steps (0.0001 hrs) 200.00:0.00 10542 (9) sec
[464] Ep10000: Max 15109 (1831) steps (0.0005 hrs) 0.00:0.00 10575 (33) sec
[465] Ep10000: Max 15109 (357) steps (0.0001 hrs) 0.00:12.74 10584 (9) sec
[466] Ep10000: Max 15109 (879) steps (0.0002 hrs) 7.52:0.00 10594 (10) sec
[467] Ep10000: Max 15109 (409) steps (0.0001 hrs) 10.00:0.00 10604 (10) sec
[468] Ep10000: Max 15109 (482) steps (0.0001 hrs) 14.56:0.00 10613 (9) sec
[469] Ep10000: Max 15109 (1174) steps (0.0003 hrs) 11.49:0.00 10622 (9) sec
[470] Ep10000: Max 15109 (638) steps (0.0002 hrs) 0.00:11.49 10631 (9) sec
[471] Ep10000: Max 15109 (2253) steps (0.0006 hrs) 0.00:0.00 10661 (30) sec
[472] Ep10000: Max 15109 (1306) steps (0.0004 hrs) 19.42:0.00 10670 (9) sec
[473] Ep10000: Max 15109 (710) steps (0.0002 hrs) 0.00:11.76 10679 (9) sec
[474] Ep10000: Max 15109 (372) steps (0.0001 hrs) 15.87:0.00 10688 (9) sec
[475] Ep10000: Max 15109 (395) steps (0.0001 hrs) 12.99:0.00 10697 (9) sec
[476] Ep10000: Max 15109 (497) steps (0.0001 hrs) 50.00:0.00 10705 (8) sec
[477] Ep10000: Max 15109 (300) steps (0.0001 hrs) 20.83:0.00 10713 (8) sec
[478] Ep10000: Max 15109 (2157) steps (0.0006 hrs) 0.00:0.00 10744 (31) sec
[479] Ep10000: Max 15109 (1650) steps (0.0005 hrs) 0.00:0.00 10900 (156) sec
[480] Ep10000: Max 15109 (2711) steps (0.0008 hrs) 0.00:0.00 10930 (30) sec
[481] Ep10000: Max 15109 (809) steps (0.0002 hrs) 11.36:0.00 10938 (8) sec
[482] Ep10000: Max 15109 (3108) steps (0.0009 hrs) 0.00:0.00 10971 (33) sec
[483] Ep10000: Max 15109 (2299) steps (0.0006 hrs) 0.00:0.00 11002 (31) sec
[484] Ep10000: Max 15109 (536) steps (0.0001 hrs) 15.04:0.00 11010 (8) sec
[485] Ep10000: Max 15109 (319) steps (0.0001 hrs) 18.52:0.00 11018 (8) sec
[486] Ep10000: Max 15109 (2187) steps (0.0006 hrs) 0.00:0.00 11047 (29) sec
[487] Ep10000: Max 15109 (625) steps (0.0002 hrs) 14.81:0.00 11055 (8) sec
[488] Ep10000: Max 15109 (1890) steps (0.0005 hrs) 0.00:0.00 11225 (170) sec
[489] Ep10000: Max 15109 (332) steps (0.0001 hrs) 11.24:0.00 11233 (8) sec
[490] Ep10000: Max 15109 (838) steps (0.0002 hrs) 12.99:0.00 11242 (9) sec
[491] Ep10000: Max 15109 (334) steps (0.0001 hrs) 0.00:23.26 11250 (8) sec
[492] Ep10000: Max 15109 (402) steps (0.0001 hrs) 16.13:0.00 11258 (8) sec
[493] Ep10000: Max 15109 (2037) steps (0.0006 hrs) 0.00:0.00 11286 (28) sec
[494] Ep10000: Max 15109 (524) steps (0.0001 hrs) 16.95:0.00 11294 (8) sec
[495] Ep10000: Max 15109 (414) steps (0.0001 hrs) 32.26:0.00 11303 (9) sec
[496] Ep10000: Max 15109 (551) steps (0.0002 hrs) 0.00:18.52 11312 (9) sec
[497] Ep10000: Max 15109 (439) steps (0.0001 hrs) 26.32:0.00 11320 (8) sec
[498] Ep10000: Max 15109 (1898) steps (0.0005 hrs) 0.00:0.00 11348 (28) sec
[499] Ep10000: Max 15109 (2557) steps (0.0007 hrs) 0.00:0.00 11376 (28) sec
[500] Ep10000: Max 15109 (2587) steps (0.0007 hrs) 0.00:0.00 11423 (47) sec
[501] Ep10000: Max 15109 (378) steps (0.0001 hrs) 15.50:0.00 11432 (9) sec
[502] Ep10000: Max 15109 (2248) steps (0.0006 hrs) 0.00:0.00 11466 (34) sec
[503] Ep10000: Max 15109 (268) steps (0.0001 hrs) 11.11:0.00 11474 (8) sec
[504] Ep10000: Max 15109 (424) steps (0.0001 hrs) 11.36:0.00 11482 (8) sec
[505] Ep10000: Max 15109 (1711) steps (0.0005 hrs) 12.66:0.00 11493 (11) sec
[506] Ep10000: Max 15109 (2141) steps (0.0006 hrs) 0.00:0.00 11520 (27) sec
[507] Ep10000: Max 15109 (459) steps (0.0001 hrs) 13.25:0.00 11529 (9) sec
[508] Ep10000: Max 15109 (372) steps (0.0001 hrs) 0.00:47.62 11537 (8) sec
[509] Ep10000: Max 15109 (485) steps (0.0001 hrs) 11.36:0.00 11546 (9) sec
[510] Ep10000: Max 15109 (351) steps (0.0001 hrs) 25.64:0.00 11555 (9) sec
[511] Ep10000: Max 15109 (2203) steps (0.0006 hrs) 0.00:0.00 11606 (51) sec
[512] Ep10000: Max 15109 (614) steps (0.0002 hrs) 19.23:0.00 11614 (8) sec
[513] Ep10000: Max 15109 (683) steps (0.0002 hrs) 500.00:0.00 11622 (8) sec
[514] Ep10000: Max 15109 (558) steps (0.0002 hrs) 0.00:12.66 11631 (9) sec
[515] Ep10000: Max 15109 (380) steps (0.0001 hrs) 20.41:0.00 11639 (8) sec
[516] Ep10000: Max 15109 (2216) steps (0.0006 hrs) 0.00:0.00 11667 (28) sec
[517] Ep10000: Max 15109 (352) steps (0.0001 hrs) 0.00:12.99 11676 (9) sec
[518] Ep10000: Max 15109 (2409) steps (0.0007 hrs) 0.00:0.00 11705 (29) sec
[519] Ep10000: Max 15109 (528) steps (0.0001 hrs) 11.83:0.00 11713 (8) sec
[520] Ep10000: Max 15109 (2121) steps (0.0006 hrs) 0.00:0.00 11744 (31) sec
[521] Ep10000: Max 15109 (2917) steps (0.0008 hrs) 0.00:0.00 11773 (29) sec
[522] Ep10000: Max 15109 (374) steps (0.0001 hrs) 12.50:0.00 11781 (8) sec
[523] Ep10000: Max 15109 (356) steps (0.0001 hrs) 20.41:0.00 11789 (8) sec
[524] Ep10000: Max 15109 (409) steps (0.0001 hrs) 14.81:0.00 11798 (9) sec
[525] Ep10000: Max 15109 (1442) steps (0.0004 hrs) 0.00:12.82 11808 (10) sec
[526] Ep10000: Max 15109 (2246) steps (0.0006 hrs) 0.00:0.00 11842 (34) sec
[527] Ep10000: Max 15109 (2374) steps (0.0007 hrs) 0.00:0.00 11881 (39) sec
[528] Ep10000: Max 15109 (2031) steps (0.0006 hrs) 0.00:0.00 11913 (32) sec
[529] Ep10000: Max 15109 (314) steps (0.0001 hrs) 19.61:0.00 11921 (8) sec
[530] Ep10000: Max 15109 (2029) steps (0.0006 hrs) 0.00:4.07 11952 (31) sec
[531] Ep10000: Max 15109 (2036) steps (0.0006 hrs) 0.00:0.00 11980 (28) sec
[532] Ep10000: Max 15109 (539) steps (0.0001 hrs) 71.43:0.00 11988 (8) sec
[533] Ep10000: Max 15109 (273) steps (0.0001 hrs) 52.63:0.00 11996 (8) sec
[534] Ep10000: Max 15109 (1485) steps (0.0004 hrs) 15.38:0.00 12006 (10) sec
[535] Ep10000: Max 15109 (589) steps (0.0002 hrs) 0.00:10.31 12014 (8) sec
[536] Ep10000: Max 15109 (2454) steps (0.0007 hrs) 0.00:0.00 12042 (28) sec
[537] Ep10000: Max 15109 (2036) steps (0.0006 hrs) 12.74:0.00 12064 (22) sec
[538] Ep10000: Max 15109 (2057) steps (0.0006 hrs) 0.00:0.00 12092 (28) sec
[539] Ep10000: Max 15109 (3505) steps (0.0010 hrs) 0.00:2.96 12121 (29) sec
[540] Ep10000: Max 15109 (2659) steps (0.0007 hrs) 13.51:0.00 12130 (9) sec
[541] Ep10000: Max 15109 (362) steps (0.0001 hrs) 10.75:0.00 12138 (8) sec
[542] Ep10000: Max 15109 (339) steps (0.0001 hrs) 10.10:0.00 12146 (8) sec
[543] Ep10000: Max 15109 (1371) steps (0.0004 hrs) 16.95:0.00 12154 (8) sec
[544] Ep10000: Max 15109 (2184) steps (0.0006 hrs) 0.00:0.00 12182 (28) sec
[545] Ep10000: Max 15109 (1919) steps (0.0005 hrs) 0.00:0.00 12213 (31) sec
[546] Ep10000: Max 15109 (2049) steps (0.0006 hrs) 0.00:0.00 12242 (29) sec
[547] Ep10000: Max 15109 (2374) steps (0.0007 hrs) 0.00:0.00 12272 (30) sec
[548] Ep10000: Max 15109 (2445) steps (0.0007 hrs) 0.00:0.00 12303 (31) sec
[549] Ep10000: Max 15109 (2324) steps (0.0006 hrs) 0.00:0.00 12331 (28) sec
[550] Ep10000: Max 15109 (300) steps (0.0001 hrs) 0.00:11.49 12339 (8) sec
[551] Ep10000: Max 15109 (2037) steps (0.0006 hrs) 23.81:0.00 12352 (13) sec
[552] Ep10000: Max 15109 (2486) steps (0.0007 hrs) 13.22:0.00 12380 (28) sec
[553] Ep10000: Max 15109 (2044) steps (0.0006 hrs) 0.00:0.00 12410 (30) sec
[554] Ep10000: Max 15109 (317) steps (0.0001 hrs) 18.52:0.00 12419 (9) sec
[555] Ep10000: Max 15109 (2189) steps (0.0006 hrs) 0.00:0.00 12448 (29) sec
[556] Ep10000: Max 15109 (1139) steps (0.0003 hrs) 0.00:76.92 12462 (14) sec
[557] Ep10000: Max 15109 (1857) steps (0.0005 hrs) 10.53:0.00 12472 (10) sec
[558] Ep10000: Max 15109 (2412) steps (0.0007 hrs) 0.00:0.00 12499 (27) sec
[559] Ep10000: Max 15109 (2022) steps (0.0006 hrs) 0.00:0.00 12527 (28) sec
[560] Ep10000: Max 15109 (381) steps (0.0001 hrs) 16.81:0.00 12535 (8) sec
[561] Ep10000: Max 15109 (406) steps (0.0001 hrs) 13.51:0.00 12543 (8) sec
[562] Ep10000: Max 15109 (324) steps (0.0001 hrs) 0.00:17.24 12555 (12) sec
[563] Ep10000: Max 15109 (2240) steps (0.0006 hrs) 0.00:0.00 12596 (41) sec
[564] Ep10000: Max 15109 (470) steps (0.0001 hrs) 12.90:0.00 12605 (9) sec
[565] Ep10000: Max 15109 (251) steps (0.0001 hrs) 14.93:0.00 12612 (7) sec
[566] Ep10000: Max 15109 (2381) steps (0.0007 hrs) 0.00:0.00 12641 (29) sec
[567] Ep10000: Max 15109 (796) steps (0.0002 hrs) 0.00:16.95 12648 (7) sec
[568] Ep10000: Max 15109 (665) steps (0.0002 hrs) 43.48:0.00 12656 (8) sec
[569] Ep10000: Max 15109 (298) steps (0.0001 hrs) 14.02:0.00 12664 (8) sec
[570] Ep10000: Max 15109 (1866) steps (0.0005 hrs) 62.50:0.00 12681 (17) sec
[571] Ep10000: Max 15109 (2199) steps (0.0006 hrs) 0.00:0.00 12710 (29) sec
[572] Ep10000: Max 15109 (470) steps (0.0001 hrs) 14.08:0.00 12719 (9) sec
[573] Ep10000: Max 15109 (1974) steps (0.0005 hrs) 0.00:0.00 12746 (27) sec
[574] Ep10000: Max 15109 (682) steps (0.0002 hrs) 18.87:0.00 12754 (8) sec
[575] Ep10000: Max 15109 (375) steps (0.0001 hrs) 0.00:17.09 12763 (9) sec
[576] Ep10000: Max 15109 (1296) steps (0.0004 hrs) 142.86:0.00 12771 (8) sec
[577] Ep10000: Max 15109 (2964) steps (0.0008 hrs) 0.00:0.00 12800 (29) sec
[578] Ep10000: Max 15109 (2400) steps (0.0007 hrs) 0.00:0.00 12833 (33) sec
[579] Ep10000: Max 15109 (1238) steps (0.0003 hrs) 13.51:0.00 12842 (9) sec
[580] Ep10000: Max 15109 (305) steps (0.0001 hrs) 10.53:0.00 12850 (8) sec
[581] Ep10000: Max 15109 (372) steps (0.0001 hrs) 13.51:0.00 12859 (9) sec
[582] Ep10000: Max 15109 (1968) steps (0.0005 hrs) 14.60:0.00 12870 (11) sec
[583] Ep10000: Max 15109 (1984) steps (0.0006 hrs) 0.00:0.00 12901 (31) sec
[584] Ep10000: Max 15109 (1343) steps (0.0004 hrs) 0.00:0.00 12915 (14) sec
[585] Ep10000: Max 15109 (1967) steps (0.0005 hrs) 0.00:0.00 13382 (467) sec
[586] Ep10000: Max 15109 (2049) steps (0.0006 hrs) 0.00:0.00 13895 (513) sec
[587] Ep10000: Max 15109 (2611) steps (0.0007 hrs) 0.00:0.00 14417 (522) sec
[588] Ep10000: Max 15109 (2639) steps (0.0007 hrs) 0.00:0.00 14465 (48) sec
[589] Ep10000: Max 15109 (2175) steps (0.0006 hrs) 0.00:0.00 14497 (32) sec
[590] Ep10000: Max 15109 (562) steps (0.0002 hrs) 16.00:0.00 14508 (11) sec
[591] Ep10000: Max 15109 (2122) steps (0.0006 hrs) 0.00:0.00 14541 (33) sec
[592] Ep10000: Max 15109 (2405) steps (0.0007 hrs) 0.00:0.00 14577 (36) sec
[593] Ep10000: Max 15109 (2610) steps (0.0007 hrs) 0.00:0.00 14615 (38) sec
[594] Ep10000: Max 15109 (315) steps (0.0001 hrs) 18.87:0.00 14626 (11) sec
[595] Ep10000: Max 15109 (1395) steps (0.0004 hrs) 333.33:0.00 14637 (11) sec
[596] Ep10000: Max 15109 (361) steps (0.0001 hrs) 12.50:0.00 14649 (12) sec
[597] Ep10000: Max 15109 (2506) steps (0.0007 hrs) 0.00:0.00 14686 (37) sec
[598] Ep10000: Max 15109 (2986) steps (0.0008 hrs) 0.00:0.00 14717 (31) sec
[599] Ep10000: Max 15109 (520) steps (0.0001 hrs) 0.00:14.08 14728 (11) sec
[600] Ep10000: Max 15109 (727) steps (0.0002 hrs) 17.86:0.00 14738 (10) sec
[601] Ep10000: Max 15109 (2054) steps (0.0006 hrs) 0.00:0.00 14771 (33) sec
[602] Ep10000: Max 15109 (2567) steps (0.0007 hrs) 0.00:0.00 14803 (32) sec
[603] Ep10000: Max 15109 (250) steps (0.0001 hrs) 18.52:0.00 14814 (11) sec
[604] Ep10000: Max 15109 (2471) steps (0.0007 hrs) 0.00:0.00 14865 (51) sec
[605] Ep10000: Max 15109 (356) steps (0.0001 hrs) 13.33:0.00 14876 (11) sec
[606] Ep10000: Max 15109 (728) steps (0.0002 hrs) 17.54:0.00 14887 (11) sec
[607] Ep10000: Max 15109 (2131) steps (0.0006 hrs) 0.00:0.00 14924 (37) sec
[608] Ep10000: Max 15109 (1859) steps (0.0005 hrs) 23.26:0.00 14934 (10) sec
[609] Ep10000: Max 15109 (2204) steps (0.0006 hrs) 0.00:0.00 14967 (33) sec
[610] Ep10000: Max 15109 (315) steps (0.0001 hrs) 27.78:0.00 14977 (10) sec
[611] Ep10000: Max 15109 (539) steps (0.0001 hrs) 14.18:0.00 14987 (10) sec
[612] Ep10000: Max 15109 (1333) steps (0.0004 hrs) 333.33:0.00 14999 (12) sec
[613] Ep10000: Max 15109 (285) steps (0.0001 hrs) 12.99:0.00 15010 (11) sec
[614] Ep10000: Max 15109 (427) steps (0.0001 hrs) 12.20:0.00 15020 (10) sec
[615] Ep10000: Max 15109 (1708) steps (0.0005 hrs) 16.95:0.00 15032 (12) sec
[616] Ep10000: Max 15109 (370) steps (0.0001 hrs) 0.00:19.61 15043 (11) sec
[617] Ep10000: Max 15109 (570) steps (0.0002 hrs) 10.87:0.00 15055 (12) sec
[618] Ep10000: Max 15109 (668) steps (0.0002 hrs) 0.00:13.51 15065 (10) sec
[619] Ep10000: Max 15109 (2115) steps (0.0006 hrs) 0.00:0.00 15098 (33) sec
[620] Ep10000: Max 15109 (2125) steps (0.0006 hrs) 0.00:0.00 15148 (50) sec
[621] Ep10000: Max 15109 (365) steps (0.0001 hrs) 13.51:0.00 15158 (10) sec
[622] Ep10000: Max 15109 (2305) steps (0.0006 hrs) 0.00:0.00 15203 (45) sec
[623] Ep10000: Max 15109 (2913) steps (0.0008 hrs) 0.00:0.00 15238 (35) sec
[624] Ep10000: Max 15109 (2173) steps (0.0006 hrs) 0.00:0.00 15294 (56) sec
[625] Ep10000: Max 15109 (2411) steps (0.0007 hrs) 0.00:0.00 15328 (34) sec
[626] Ep10000: Max 15109 (2145) steps (0.0006 hrs) 6.13:0.00 15362 (34) sec
[627] Ep10000: Max 15109 (1892) steps (0.0005 hrs) 0.00:0.00 15388 (26) sec
[628] Ep10000: Max 15109 (433) steps (0.0001 hrs) 17.54:0.00 15398 (10) sec
[629] Ep10000: Max 15109 (2474) steps (0.0007 hrs) 0.00:4.18 15431 (33) sec
[630] Ep10000: Max 15109 (337) steps (0.0001 hrs) 62.50:0.00 15441 (10) sec
[631] Ep10000: Max 15109 (1499) steps (0.0004 hrs) 0.00:18.52 15451 (10) sec
[632] Ep10000: Max 15109 (2065) steps (0.0006 hrs) 0.00:0.00 15472 (21) sec
[633] Ep10000: Max 15109 (2094) steps (0.0006 hrs) 0.00:0.00 15504 (32) sec
[634] Ep10000: Max 15109 (2214) steps (0.0006 hrs) 0.00:0.00 15537 (33) sec
[635] Ep10000: Max 15109 (524) steps (0.0001 hrs) 11.83:0.00 15547 (10) sec
[636] Ep10000: Max 15109 (1561) steps (0.0004 hrs) 0.00:5.75 15563 (16) sec
[637] Ep10000: Max 15109 (2975) steps (0.0008 hrs) 0.00:0.00 15594 (31) sec
[638] Ep10000: Max 15109 (395) steps (0.0001 hrs) 10.20:0.00 15604 (10) sec
[639] Ep10000: Max 15109 (2022) steps (0.0006 hrs) 0.00:0.00 15640 (36) sec
[640] Ep10000: Max 15109 (1807) steps (0.0005 hrs) 0.00:12.99 15650 (10) sec
[641] Ep10000: Max 15109 (450) steps (0.0001 hrs) 0.00:50.00 15659 (9) sec
[642] Ep10000: Max 15109 (2208) steps (0.0006 hrs) 0.00:0.00 15691 (32) sec
[643] Ep10000: Max 15109 (2171) steps (0.0006 hrs) 0.00:0.00 15723 (32) sec
[644] Ep10000: Max 15109 (2236) steps (0.0006 hrs) 0.00:5.29 15755 (32) sec
[645] Ep10000: Max 15109 (530) steps (0.0001 hrs) 11.36:0.00 15766 (11) sec
[646] Ep10000: Max 15109 (271) steps (0.0001 hrs) 10.31:0.00 15775 (9) sec
[647] Ep10000: Max 15109 (447) steps (0.0001 hrs) 13.99:0.00 15785 (10) sec
[648] Ep10000: Max 15109 (2055) steps (0.0006 hrs) 0.00:0.00 15826 (41) sec
[649] Ep10000: Max 15109 (1168) steps (0.0003 hrs) 12.66:0.00 15836 (10) sec
[650] Ep10000: Max 15109 (2387) steps (0.0007 hrs) 0.00:0.00 15869 (33) sec
[651] Ep10000: Max 15109 (550) steps (0.0002 hrs) 11.49:0.00 15879 (10) sec
[652] Ep10000: Max 15109 (1858) steps (0.0005 hrs) 0.00:0.00 15915 (36) sec
[653] Ep10000: Max 15109 (342) steps (0.0001 hrs) 11.24:0.00 15924 (9) sec
[654] Ep10000: Max 15109 (520) steps (0.0001 hrs) 11.49:0.00 15934 (10) sec
[655] Ep10000: Max 15109 (506) steps (0.0001 hrs) 10.53:0.00 15944 (10) sec
[656] Ep10000: Max 15109 (3071) steps (0.0009 hrs) 0.00:2.28 15977 (33) sec
[657] Ep10000: Max 15109 (371) steps (0.0001 hrs) 13.51:0.00 15986 (9) sec
[658] Ep10000: Max 15109 (2699) steps (0.0007 hrs) 0.00:0.00 16049 (63) sec
[659] Ep10000: Max 15109 (367) steps (0.0001 hrs) 12.50:0.00 16059 (10) sec
[660] Ep10000: Max 15109 (2151) steps (0.0006 hrs) 0.00:0.00 16090 (31) sec
[661] Ep10000: Max 15109 (589) steps (0.0002 hrs) 15.87:0.00 16100 (10) sec
[662] Ep10000: Max 15109 (1913) steps (0.0005 hrs) 9.17:0.00 16126 (26) sec
[663] Ep10000: Max 15109 (4857) steps (0.0013 hrs) 10.42:0.00 16141 (15) sec
[664] Ep10000: Max 15109 (314) steps (0.0001 hrs) 30.30:0.00 16154 (13) sec
[665] Ep10000: Max 15109 (715) steps (0.0002 hrs) 0.00:10.53 16164 (10) sec
[666] Ep10000: Max 15109 (2559) steps (0.0007 hrs) 0.00:0.00 16199 (35) sec
[667] Ep10000: Max 15109 (717) steps (0.0002 hrs) 27.78:0.00 16209 (10) sec
[668] Ep10000: Max 15109 (1008) steps (0.0003 hrs) 17.09:0.00 16219 (10) sec
[669] Ep10000: Max 15109 (324) steps (0.0001 hrs) 10.10:0.00 16229 (10) sec
[670] Ep10000: Max 15109 (2258) steps (0.0006 hrs) 6.09:4.06 16240 (11) sec
[671] Ep10000: Max 15109 (356) steps (0.0001 hrs) 18.35:0.00 16249 (9) sec
[672] Ep10000: Max 15109 (2248) steps (0.0006 hrs) 0.00:0.00 16282 (33) sec
[673] Ep10000: Max 15109 (361) steps (0.0001 hrs) 17.54:0.00 16292 (10) sec
[674] Ep10000: Max 15109 (380) steps (0.0001 hrs) 12.20:0.00 16302 (10) sec
[675] Ep10000: Max 15109 (732) steps (0.0002 hrs) 12.42:0.00 16312 (10) sec
[676] Ep10000: Max 15109 (336) steps (0.0001 hrs) 22.22:0.00 16322 (10) sec
[677] Ep10000: Max 15109 (2608) steps (0.0007 hrs) 0.00:0.00 16355 (33) sec
[678] Ep10000: Max 15109 (2130) steps (0.0006 hrs) 0.00:0.00 16386 (31) sec
[679] Ep10000: Max 15109 (350) steps (0.0001 hrs) 10.47:0.00 16396 (10) sec
[680] Ep10000: Max 15109 (786) steps (0.0002 hrs) 13.07:0.00 16406 (10) sec
[681] Ep10000: Max 15109 (3034) steps (0.0008 hrs) 0.00:0.00 16436 (30) sec
[682] Ep10000: Max 15109 (289) steps (0.0001 hrs) 0.00:16.53 16446 (10) sec
[683] Ep10000: Max 15109 (1225) steps (0.0003 hrs) 55.56:0.00 16456 (10) sec
[684] Ep10000: Max 15109 (325) steps (0.0001 hrs) 16.39:0.00 16466 (10) sec
[685] Ep10000: Max 15109 (357) steps (0.0001 hrs) 18.69:0.00 16476 (10) sec
[686] Ep10000: Max 15109 (1885) steps (0.0005 hrs) 10.64:0.00 16487 (11) sec
[687] Ep10000: Max 15109 (326) steps (0.0001 hrs) 14.22:0.00 16497 (10) sec
[688] Ep10000: Max 15109 (391) steps (0.0001 hrs) 11.98:0.00 16507 (10) sec
[689] Ep10000: Max 15109 (4116) steps (0.0011 hrs) 0.00:0.00 16541 (34) sec
[690] Ep10000: Max 15109 (524) steps (0.0001 hrs) 18.18:0.00 16551 (10) sec
[691] Ep10000: Max 15109 (675) steps (0.0002 hrs) 18.87:0.00 16560 (9) sec
[692] Ep10000: Max 15109 (3545) steps (0.0010 hrs) 0.00:0.00 16582 (22) sec
[693] Ep10000: Max 15109 (1402) steps (0.0004 hrs) 0.00:12.82 16592 (10) sec
[694] Ep10000: Max 15109 (2326) steps (0.0006 hrs) 0.00:0.00 16622 (30) sec
[695] Ep10000: Max 15109 (470) steps (0.0001 hrs) 0.00:11.43 16633 (11) sec
[696] Ep10000: Max 15109 (523) steps (0.0001 hrs) 21.74:0.00 16642 (9) sec
[697] Ep10000: Max 15109 (311) steps (0.0001 hrs) 17.70:0.00 16651 (9) sec
[698] Ep10000: Max 15109 (11837) steps (0.0033 hrs) 16.95:0.00 16672 (21) sec
[699] Ep10000: Max 15109 (378) steps (0.0001 hrs) 14.78:0.00 16681 (9) sec
[700] Ep10000: Max 15109 (1806) steps (0.0005 hrs) 0.00:0.00 16713 (32) sec
[701] Ep10000: Max 15109 (423) steps (0.0001 hrs) 17.70:0.00 16723 (10) sec
[702] Ep10000: Max 15109 (2788) steps (0.0008 hrs) 0.00:0.00 16755 (32) sec
[703] Ep10000: Max 15109 (1289) steps (0.0004 hrs) 0.00:16.81 16764 (9) sec
[704] Ep10000: Max 15109 (2262) steps (0.0006 hrs) 0.00:0.00 16795 (31) sec
[705] Ep10000: Max 15109 (2086) steps (0.0006 hrs) 0.00:0.00 16830 (35) sec
[706] Ep10000: Max 15109 (2205) steps (0.0006 hrs) 0.00:0.00 16865 (35) sec
[707] Ep10000: Max 15109 (318) steps (0.0001 hrs) 16.81:0.00 16875 (10) sec
[708] Ep10000: Max 15109 (2031) steps (0.0006 hrs) 0.00:0.00 16907 (32) sec
[709] Ep10000: Max 15109 (366) steps (0.0001 hrs) 0.00:11.30 16916 (9) sec
[710] Ep10000: Max 15109 (2381) steps (0.0007 hrs) 0.00:0.00 16959 (43) sec
[711] Ep10000: Max 15109 (824) steps (0.0002 hrs) 0.00:16.67 16970 (11) sec
[712] Ep10000: Max 15109 (260) steps (0.0001 hrs) 0.00:17.54 16981 (11) sec
[713] Ep10000: Max 15109 (2150) steps (0.0006 hrs) 0.00:0.00 17033 (52) sec
[714] Ep10000: Max 15109 (460) steps (0.0001 hrs) 14.60:0.00 17042 (9) sec
[715] Ep10000: Max 15109 (2300) steps (0.0006 hrs) 0.00:0.00 17072 (30) sec
[716] Ep10000: Max 15109 (456) steps (0.0001 hrs) 12.12:0.00 17081 (9) sec
[717] Ep10000: Max 15109 (348) steps (0.0001 hrs) 12.82:0.00 17090 (9) sec
[718] Ep10000: Max 15109 (488) steps (0.0001 hrs) 12.82:0.00 17099 (9) sec
[719] Ep10000: Max 15109 (1894) steps (0.0005 hrs) 0.00:0.00 17132 (33) sec
[720] Ep10000: Max 15109 (3477) steps (0.0010 hrs) 0.00:0.00 17168 (36) sec
[721] Ep10000: Max 15109 (392) steps (0.0001 hrs) 11.76:0.00 17177 (9) sec
[722] Ep10000: Max 15109 (2101) steps (0.0006 hrs) 0.00:4.88 17209 (32) sec
[723] Ep10000: Max 15109 (2164) steps (0.0006 hrs) 0.00:0.00 17251 (42) sec
[724] Ep10000: Max 15109 (1891) steps (0.0005 hrs) 0.00:0.00 17283 (32) sec
[725] Ep10000: Max 15109 (2295) steps (0.0006 hrs) 0.00:0.00 17319 (36) sec
[726] Ep10000: Max 15109 (738) steps (0.0002 hrs) 10.99:0.00 17330 (11) sec
[727] Ep10000: Max 15109 (2050) steps (0.0006 hrs) 0.00:0.00 17387 (57) sec
[728] Ep10000: Max 15109 (369) steps (0.0001 hrs) 0.00:15.50 17397 (10) sec
[729] Ep10000: Max 15109 (1486) steps (0.0004 hrs) 3.12:9.35 17408 (11) sec
[730] Ep10000: Max 15109 (2194) steps (0.0006 hrs) 0.00:0.00 17442 (34) sec
[731] Ep10000: Max 15109 (413) steps (0.0001 hrs) 26.32:0.00 17452 (10) sec
[732] Ep10000: Max 15109 (2158) steps (0.0006 hrs) 0.00:0.00 17490 (38) sec
[733] Ep10000: Max 15109 (433) steps (0.0001 hrs) 10.64:0.00 17500 (10) sec
[734] Ep10000: Max 15109 (554) steps (0.0002 hrs) 0.00:16.95 17510 (10) sec
[735] Ep10000: Max 15109 (825) steps (0.0002 hrs) 12.82:0.00 17520 (10) sec
[736] Ep10000: Max 15109 (406) steps (0.0001 hrs) 10.20:0.00 17530 (10) sec
[737] Ep10000: Max 15109 (2160) steps (0.0006 hrs) 8.70:4.35 17541 (11) sec
[738] Ep10000: Max 15109 (322) steps (0.0001 hrs) 19.23:0.00 17550 (9) sec
[739] Ep10000: Max 15109 (343) steps (0.0001 hrs) 111.11:0.00 17560 (10) sec
[740] Ep10000: Max 15109 (566) steps (0.0002 hrs) 14.71:0.00 17571 (11) sec
[741] Ep10000: Max 15109 (1345) steps (0.0004 hrs) 12.35:0.00 17582 (11) sec
[742] Ep10000: Max 15109 (571) steps (0.0002 hrs) 0.00:12.99 17592 (10) sec
[743] Ep10000: Max 15109 (1568) steps (0.0004 hrs) 0.00:0.00 17614 (22) sec
[744] Ep10000: Max 15109 (2456) steps (0.0007 hrs) 0.00:0.00 17662 (48) sec
[745] Ep10000: Max 15109 (2187) steps (0.0006 hrs) 0.00:0.00 17694 (32) sec
[746] Ep10000: Max 15109 (444) steps (0.0001 hrs) 15.15:0.00 17704 (10) sec
[747] Ep10000: Max 15109 (2405) steps (0.0007 hrs) 0.00:0.00 17743 (39) sec
[748] Ep10000: Max 15109 (871) steps (0.0002 hrs) 8.00:8.00 17752 (9) sec
[749] Ep10000: Max 15109 (2436) steps (0.0007 hrs) 0.00:0.00 17792 (40) sec
[750] Ep10000: Max 15109 (585) steps (0.0002 hrs) 10.53:0.00 17802 (10) sec
[751] Ep10000: Max 15109 (1983) steps (0.0006 hrs) 0.00:0.00 17851 (49) sec
[752] Ep10000: Max 15109 (369) steps (0.0001 hrs) 16.67:0.00 17860 (9) sec
[753] Ep10000: Max 15109 (1979) steps (0.0005 hrs) 0.00:0.00 17906 (46) sec
[754] Ep10000: Max 15109 (404) steps (0.0001 hrs) 15.75:0.00 17916 (10) sec
[755] Ep10000: Max 15109 (873) steps (0.0002 hrs) 62.50:0.00 17925 (9) sec
[756] Ep10000: Max 15109 (345) steps (0.0001 hrs) 0.00:14.49 17935 (10) sec
[757] Ep10000: Max 15109 (1958) steps (0.0005 hrs) 0.00:0.00 17967 (32) sec
[758] Ep10000: Max 15109 (363) steps (0.0001 hrs) 13.16:0.00 17977 (10) sec
[759] Ep10000: Max 15109 (2748) steps (0.0008 hrs) 0.00:0.00 18010 (33) sec
[760] Ep10000: Max 15109 (430) steps (0.0001 hrs) 18.52:0.00 18019 (9) sec
[761] Ep10000: Max 15109 (1039) steps (0.0003 hrs) 38.46:0.00 18029 (10) sec
[762] Ep10000: Max 15109 (2354) steps (0.0007 hrs) 0.00:0.00 18061 (32) sec
[763] Ep10000: Max 15109 (1431) steps (0.0004 hrs) 23.81:0.00 18071 (10) sec
[764] Ep10000: Max 15109 (2860) steps (0.0008 hrs) 0.00:0.00 18103 (32) sec
[765] Ep10000: Max 15109 (2275) steps (0.0006 hrs) 0.00:0.00 18135 (32) sec
[766] Ep10000: Max 15109 (2564) steps (0.0007 hrs) 0.00:0.00 18167 (32) sec
[767] Ep10000: Max 15109 (511) steps (0.0001 hrs) 13.42:0.00 18176 (9) sec
[768] Ep10000: Max 15109 (464) steps (0.0001 hrs) 11.63:0.00 18186 (10) sec
[769] Ep10000: Max 15109 (2857) steps (0.0008 hrs) 0.00:0.00 18217 (31) sec
[770] Ep10000: Max 15109 (2518) steps (0.0007 hrs) 0.00:0.00 18249 (32) sec
[771] Ep10000: Max 15109 (269) steps (0.0001 hrs) 17.86:0.00 18258 (9) sec
[772] Ep10000: Max 15109 (425) steps (0.0001 hrs) 0.00:10.42 18268 (10) sec
[773] Ep10000: Max 15109 (548) steps (0.0002 hrs) 10.99:0.00 18279 (11) sec
[774] Ep10000: Max 15109 (2225) steps (0.0006 hrs) 0.00:0.00 18319 (40) sec
[775] Ep10000: Max 15109 (387) steps (0.0001 hrs) 14.02:0.00 18328 (9) sec
[776] Ep10000: Max 15109 (323) steps (0.0001 hrs) 10.99:0.00 18338 (10) sec
[777] Ep10000: Max 15109 (1935) steps (0.0005 hrs) 0.00:0.00 18370 (32) sec
[778] Ep10000: Max 15109 (2602) steps (0.0007 hrs) 0.00:0.00 18404 (34) sec
[779] Ep10000: Max 15109 (339) steps (0.0001 hrs) 14.08:0.00 18415 (11) sec
[780] Ep10000: Max 15109 (2876) steps (0.0008 hrs) 0.00:0.00 18450 (35) sec
[781] Ep10000: Max 15109 (375) steps (0.0001 hrs) 0.00:12.99 18459 (9) sec
[782] Ep10000: Max 15109 (2706) steps (0.0008 hrs) 0.00:0.00 18493 (34) sec
[783] Ep10000: Max 15109 (329) steps (0.0001 hrs) 30.30:0.00 18502 (9) sec
[784] Ep10000: Max 15109 (282) steps (0.0001 hrs) 13.33:0.00 18512 (10) sec
[785] Ep10000: Max 15109 (581) steps (0.0002 hrs) 13.33:0.00 18522 (10) sec
[786] Ep10000: Max 15109 (1994) steps (0.0006 hrs) 0.00:0.00 18572 (50) sec
[787] Ep10000: Max 15109 (444) steps (0.0001 hrs) 0.00:17.86 18582 (10) sec
[788] Ep10000: Max 15109 (354) steps (0.0001 hrs) 15.15:0.00 18592 (10) sec
[789] Ep10000: Max 15109 (370) steps (0.0001 hrs) 17.24:0.00 18602 (10) sec
[790] Ep10000: Max 15109 (2331) steps (0.0006 hrs) 0.00:0.00 18635 (33) sec
[791] Ep10000: Max 15109 (1015) steps (0.0003 hrs) 32.26:0.00 18644 (9) sec
[792] Ep10000: Max 15109 (2240) steps (0.0006 hrs) 0.00:0.00 18679 (35) sec
[793] Ep10000: Max 15109 (2119) steps (0.0006 hrs) 0.00:0.00 18723 (44) sec
[794] Ep10000: Max 15109 (354) steps (0.0001 hrs) 19.05:0.00 18733 (10) sec
[795] Ep10000: Max 15109 (1579) steps (0.0004 hrs) 0.00:0.00 18890 (157) sec
[796] Ep10000: Max 15109 (570) steps (0.0002 hrs) 15.15:0.00 18900 (10) sec
[797] Ep10000: Max 15109 (656) steps (0.0002 hrs) 14.71:0.00 18910 (10) sec
[798] Ep10000: Max 15109 (2348) steps (0.0007 hrs) 0.00:0.00 18969 (59) sec
[799] Ep10000: Max 15109 (694) steps (0.0002 hrs) 0.00:18.87 18978 (9) sec
[800] Ep10000: Max 15109 (2403) steps (0.0007 hrs) 0.00:0.00 19011 (33) sec
[801] Ep10000: Max 15109 (2492) steps (0.0007 hrs) 0.00:0.00 19041 (30) sec
[802] Ep10000: Max 15109 (247) steps (0.0001 hrs) 0.00:12.66 19051 (10) sec
[803] Ep10000: Max 15109 (2534) steps (0.0007 hrs) 0.00:0.00 19083 (32) sec
[804] Ep10000: Max 15109 (3206) steps (0.0009 hrs) 0.00:0.00 19115 (32) sec
[805] Ep10000: Max 15109 (2766) steps (0.0008 hrs) 0.00:0.00 19149 (34) sec
[806] Ep10000: Max 15109 (2500) steps (0.0007 hrs) 0.00:0.00 19180 (31) sec
[807] Ep10000: Max 15109 (4063) steps (0.0011 hrs) 13.07:0.00 19197 (17) sec
[808] Ep10000: Max 15109 (694) steps (0.0002 hrs) 0.00:12.27 19206 (9) sec
[809] Ep10000: Max 15109 (2139) steps (0.0006 hrs) 0.00:0.00 19236 (30) sec
[810] Ep10000: Max 15109 (2043) steps (0.0006 hrs) 0.00:0.00 19267 (31) sec
[811] Ep10000: Max 15109 (526) steps (0.0001 hrs) 12.05:0.00 19276 (9) sec
[812] Ep10000: Max 15109 (2382) steps (0.0007 hrs) 0.00:0.00 19308 (32) sec
[813] Ep10000: Max 15109 (523) steps (0.0001 hrs) 12.99:0.00 19317 (9) sec
[814] Ep10000: Max 15109 (275) steps (0.0001 hrs) 10.87:0.00 19326 (9) sec
[815] Ep10000: Max 15109 (2223) steps (0.0006 hrs) 0.00:0.00 19367 (41) sec
[816] Ep10000: Max 15109 (576) steps (0.0002 hrs) 15.75:0.00 19376 (9) sec
[817] Ep10000: Max 15109 (2378) steps (0.0007 hrs) 0.00:0.00 19406 (30) sec
[818] Ep10000: Max 15109 (2738) steps (0.0008 hrs) 0.00:0.00 19446 (40) sec
[819] Ep10000: Max 15109 (4540) steps (0.0013 hrs) 19.05:0.00 19462 (16) sec
[820] Ep10000: Max 15109 (1383) steps (0.0004 hrs) 0.00:15.27 19472 (10) sec
[821] Ep10000: Max 15109 (2126) steps (0.0006 hrs) 0.00:0.00 19505 (33) sec
[822] Ep10000: Max 15109 (529) steps (0.0001 hrs) 15.62:0.00 19515 (10) sec
[823] Ep10000: Max 15109 (2312) steps (0.0006 hrs) 0.00:0.00 19547 (32) sec
[824] Ep10000: Max 15109 (2407) steps (0.0007 hrs) 0.00:0.00 19579 (32) sec
[825] Ep10000: Max 15109 (2894) steps (0.0008 hrs) 0.00:0.00 19613 (34) sec
[826] Ep10000: Max 15109 (1824) steps (0.0005 hrs) 0.00:0.00 19645 (32) sec
[827] Ep10000: Max 15109 (2252) steps (0.0006 hrs) 47.62:0.00 19664 (19) sec
[828] Ep10000: Max 15109 (1971) steps (0.0005 hrs) 19.23:0.00 19674 (10) sec
[829] Ep10000: Max 15109 (330) steps (0.0001 hrs) 16.13:0.00 19683 (9) sec
[830] Ep10000: Max 15109 (499) steps (0.0001 hrs) 14.15:0.00 19692 (9) sec
[831] Ep10000: Max 15109 (451) steps (0.0001 hrs) 21.74:0.00 19701 (9) sec
[832] Ep10000: Max 15109 (394) steps (0.0001 hrs) 21.28:0.00 19710 (9) sec
[833] Ep10000: Max 15109 (3058) steps (0.0008 hrs) 0.00:0.00 19757 (47) sec
[834] Ep10000: Max 15109 (353) steps (0.0001 hrs) 47.62:0.00 19766 (9) sec
[835] Ep10000: Max 15109 (3066) steps (0.0009 hrs) 0.00:0.00 19798 (32) sec
[836] Ep10000: Max 15109 (2933) steps (0.0008 hrs) 0.00:0.00 19831 (33) sec
[837] Ep10000: Max 15109 (338) steps (0.0001 hrs) 0.00:18.69 19840 (9) sec
[838] Ep10000: Max 15109 (1947) steps (0.0005 hrs) 0.00:0.00 19876 (36) sec
[839] Ep10000: Max 15109 (554) steps (0.0002 hrs) 13.16:0.00 19885 (9) sec
[840] Ep10000: Max 15109 (860) steps (0.0002 hrs) 15.38:0.00 19893 (8) sec
[841] Ep10000: Max 15109 (490) steps (0.0001 hrs) 18.87:0.00 19903 (10) sec
[842] Ep10000: Max 15109 (1969) steps (0.0005 hrs) 0.00:0.00 19938 (35) sec
[843] Ep10000: Max 15109 (2105) steps (0.0006 hrs) 0.00:15.04 19952 (14) sec
[844] Ep10000: Max 15109 (492) steps (0.0001 hrs) 16.53:0.00 19962 (10) sec
[845] Ep10000: Max 15109 (951) steps (0.0003 hrs) 12.05:0.00 19972 (10) sec
[846] Ep10000: Max 15109 (1970) steps (0.0005 hrs) 1.63:0.00 20002 (30) sec
[847] Ep10000: Max 15109 (2055) steps (0.0006 hrs) 0.00:0.00 20033 (31) sec
[848] Ep10000: Max 15109 (2086) steps (0.0006 hrs) 0.00:0.00 20064 (31) sec
[849] Ep10000: Max 15109 (408) steps (0.0001 hrs) 0.00:10.70 20072 (8) sec
[850] Ep10000: Max 15109 (1872) steps (0.0005 hrs) 0.00:0.00 20103 (31) sec
[851] Ep10000: Max 15109 (394) steps (0.0001 hrs) 16.39:0.00 20113 (10) sec
[852] Ep10000: Max 15109 (2510) steps (0.0007 hrs) 0.00:0.00 20138 (25) sec
[853] Ep10000: Max 15109 (708) steps (0.0002 hrs) 10.53:0.00 20147 (9) sec
[854] Ep10000: Max 15109 (327) steps (0.0001 hrs) 15.15:0.00 20157 (10) sec
[855] Ep10000: Max 15109 (377) steps (0.0001 hrs) 17.09:0.00 20166 (9) sec
[856] Ep10000: Max 15109 (2341) steps (0.0007 hrs) 0.00:0.00 20198 (32) sec
[857] Ep10000: Max 15109 (2322) steps (0.0006 hrs) 0.00:0.00 20237 (39) sec
[858] Ep10000: Max 15109 (336) steps (0.0001 hrs) 18.52:0.00 20246 (9) sec
[859] Ep10000: Max 15109 (472) steps (0.0001 hrs) 22.73:0.00 20255 (9) sec
[860] Ep10000: Max 15109 (1952) steps (0.0005 hrs) 0.00:0.00 20286 (31) sec
[861] Ep10000: Max 15109 (2053) steps (0.0006 hrs) 0.00:0.00 20318 (32) sec
[862] Ep10000: Max 15109 (434) steps (0.0001 hrs) 0.00:10.42 20327 (9) sec
[863] Ep10000: Max 15109 (1873) steps (0.0005 hrs) 0.00:0.00 20359 (32) sec
[864] Ep10000: Max 15109 (1871) steps (0.0005 hrs) 0.00:0.00 20391 (32) sec
[865] Ep10000: Max 15109 (2255) steps (0.0006 hrs) 0.00:0.00 20427 (36) sec
[866] Ep10000: Max 15109 (283) steps (0.0001 hrs) 0.00:25.64 20437 (10) sec
[867] Ep10000: Max 15109 (509) steps (0.0001 hrs) 0.00:12.90 20447 (10) sec
[868] Ep10000: Max 15109 (308) steps (0.0001 hrs) 14.81:0.00 20457 (10) sec
[869] Ep10000: Max 15109 (383) steps (0.0001 hrs) 13.33:0.00 20467 (10) sec
[870] Ep10000: Max 15109 (620) steps (0.0002 hrs) 0.00:13.33 20476 (9) sec
[871] Ep10000: Max 15109 (666) steps (0.0002 hrs) 10.75:0.00 20486 (10) sec
[872] Ep10000: Max 15109 (3127) steps (0.0009 hrs) 0.00:0.00 20518 (32) sec
[873] Ep10000: Max 15109 (2069) steps (0.0006 hrs) 0.00:0.00 20560 (42) sec
[874] Ep10000: Max 15109 (2017) steps (0.0006 hrs) 0.00:0.00 20601 (41) sec
[875] Ep10000: Max 15109 (2798) steps (0.0008 hrs) 0.00:0.00 20819 (218) sec
[876] Ep10000: Max 15109 (2155) steps (0.0006 hrs) 0.00:0.00 20851 (32) sec
[877] Ep10000: Max 15109 (318) steps (0.0001 hrs) 13.79:0.00 20861 (10) sec
[878] Ep10000: Max 15109 (329) steps (0.0001 hrs) 12.27:0.00 20872 (11) sec
[879] Ep10000: Max 15109 (541) steps (0.0002 hrs) 12.99:0.00 20883 (11) sec
[880] Ep10000: Max 15109 (2194) steps (0.0006 hrs) 0.00:0.00 20916 (33) sec
[881] Ep10000: Max 15109 (4045) steps (0.0011 hrs) 0.00:0.00 20948 (32) sec
[882] Ep10000: Max 15109 (525) steps (0.0001 hrs) 13.16:0.00 20958 (10) sec
[883] Ep10000: Max 15109 (1314) steps (0.0004 hrs) 9.01:9.01 20968 (10) sec
[884] Ep10000: Max 15109 (1909) steps (0.0005 hrs) 0.00:0.00 21006 (38) sec
[885] Ep10000: Max 15109 (1376) steps (0.0004 hrs) 47.62:0.00 21016 (10) sec
[886] Ep10000: Max 15109 (632) steps (0.0002 hrs) 14.18:0.00 21026 (10) sec
[887] Ep10000: Max 15109 (630) steps (0.0002 hrs) 0.00:17.24 21037 (11) sec
[888] Ep10000: Max 15109 (2198) steps (0.0006 hrs) 0.00:0.00 21079 (42) sec
[889] Ep10000: Max 15109 (889) steps (0.0002 hrs) 25.64:0.00 21089 (10) sec
[890] Ep10000: Max 15109 (441) steps (0.0001 hrs) 18.87:0.00 21098 (9) sec
[891] Ep10000: Max 15109 (750) steps (0.0002 hrs) 0.00:27.03 21108 (10) sec
[892] Ep10000: Max 15109 (2107) steps (0.0006 hrs) 0.00:0.00 21141 (33) sec
[893] Ep10000: Max 15109 (513) steps (0.0001 hrs) 12.12:0.00 21151 (10) sec
[894] Ep10000: Max 15109 (867) steps (0.0002 hrs) 14.39:0.00 21161 (10) sec
[895] Ep10000: Max 15109 (1984) steps (0.0006 hrs) 0.00:0.00 21192 (31) sec
[896] Ep10000: Max 15109 (2018) steps (0.0006 hrs) 0.00:0.00 21225 (33) sec
[897] Ep10000: Max 15109 (2712) steps (0.0008 hrs) 0.00:0.00 21258 (33) sec
[898] Ep10000: Max 15109 (2245) steps (0.0006 hrs) 0.00:0.00 21291 (33) sec
[899] Ep10000: Max 15109 (574) steps (0.0002 hrs) 11.76:0.00 21300 (9) sec
[900] Ep10000: Max 15109 (683) steps (0.0002 hrs) 10.75:0.00 21310 (10) sec
[901] Ep10000: Max 15109 (2783) steps (0.0008 hrs) 0.00:6.10 21343 (33) sec
[902] Ep10000: Max 15109 (1931) steps (0.0005 hrs) 37.04:0.00 21360 (17) sec
[903] Ep10000: Max 15109 (2527) steps (0.0007 hrs) 0.00:0.00 21393 (33) sec
[904] Ep10000: Max 15109 (2443) steps (0.0007 hrs) 0.00:0.00 21424 (31) sec
[905] Ep10000: Max 15109 (2245) steps (0.0006 hrs) 0.00:7.63 21484 (60) sec
[906] Ep10000: Max 15109 (1003) steps (0.0003 hrs) 0.00:16.00 21494 (10) sec
[907] Ep10000: Max 15109 (496) steps (0.0001 hrs) 21.28:0.00 21504 (10) sec
[908] Ep10000: Max 15109 (825) steps (0.0002 hrs) 45.45:0.00 21515 (11) sec
[909] Ep10000: Max 15109 (384) steps (0.0001 hrs) 25.64:0.00 21524 (9) sec
[910] Ep10000: Max 15109 (3018) steps (0.0008 hrs) 0.00:0.00 21560 (36) sec
[911] Ep10000: Max 15109 (2367) steps (0.0007 hrs) 0.00:0.00 21594 (34) sec
[912] Ep10000: Max 15109 (2550) steps (0.0007 hrs) 0.00:0.00 21626 (32) sec
[913] Ep10000: Max 15109 (438) steps (0.0001 hrs) 30.30:0.00 21636 (10) sec
[914] Ep10000: Max 15109 (1887) steps (0.0005 hrs) 0.00:0.00 21668 (32) sec
[915] Ep10000: Max 15109 (2064) steps (0.0006 hrs) 0.00:2.26 21701 (33) sec
[916] Ep10000: Max 15109 (515) steps (0.0001 hrs) 11.90:0.00 21711 (10) sec
[917] Ep10000: Max 15109 (1890) steps (0.0005 hrs) 0.00:0.00 21744 (33) sec
[918] Ep10000: Max 15109 (1544) steps (0.0004 hrs) 0.00:19.23 21758 (14) sec
[919] Ep10000: Max 15109 (2796) steps (0.0008 hrs) 0.00:0.00 21791 (33) sec
[920] Ep10000: Max 15109 (392) steps (0.0001 hrs) 14.78:0.00 21801 (10) sec
[921] Ep10000: Max 15109 (935) steps (0.0003 hrs) 9.90:0.00 21810 (9) sec
[922] Ep10000: Max 15109 (373) steps (0.0001 hrs) 16.00:0.00 21820 (10) sec
[923] Ep10000: Max 15109 (1937) steps (0.0005 hrs) 0.00:0.00 21852 (32) sec
[924] Ep10000: Max 15109 (1936) steps (0.0005 hrs) 0.00:12.05 21862 (10) sec
[925] Ep10000: Max 15109 (530) steps (0.0001 hrs) 11.17:0.00 21873 (11) sec
[926] Ep10000: Max 15109 (2350) steps (0.0007 hrs) 0.00:0.00 21906 (33) sec
[927] Ep10000: Max 15109 (833) steps (0.0002 hrs) 16.39:0.00 21916 (10) sec
[928] Ep10000: Max 15109 (2196) steps (0.0006 hrs) 0.00:3.94 21948 (32) sec
[929] Ep10000: Max 15109 (586) steps (0.0002 hrs) 13.70:0.00 21957 (9) sec
[930] Ep10000: Max 15109 (3026) steps (0.0008 hrs) 5.71:0.00 21985 (28) sec
[931] Ep10000: Max 15109 (2306) steps (0.0006 hrs) 0.00:0.00 22019 (34) sec
[932] Ep10000: Max 15109 (1972) steps (0.0005 hrs) 0.00:0.00 22044 (25) sec
[933] Ep10000: Max 15109 (483) steps (0.0001 hrs) 15.87:0.00 22054 (10) sec
[934] Ep10000: Max 15109 (498) steps (0.0001 hrs) 12.58:0.00 22065 (11) sec
[935] Ep10000: Max 15109 (1323) steps (0.0004 hrs) 12.82:0.00 22076 (11) sec
[936] Ep10000: Max 15109 (378) steps (0.0001 hrs) 16.13:0.00 22086 (10) sec
[937] Ep10000: Max 15109 (2716) steps (0.0008 hrs) 0.00:0.00 22124 (38) sec
[938] Ep10000: Max 15109 (331) steps (0.0001 hrs) 11.43:0.00 22134 (10) sec
[939] Ep10000: Max 15109 (767) steps (0.0002 hrs) 11.49:0.00 22143 (9) sec
[940] Ep10000: Max 15109 (2205) steps (0.0006 hrs) 0.00:0.00 22172 (29) sec
[941] Ep10000: Max 15109 (891) steps (0.0002 hrs) 0.00:17.24 22183 (11) sec
[942] Ep10000: Max 15109 (375) steps (0.0001 hrs) 9.90:0.00 22193 (10) sec
[943] Ep10000: Max 15109 (548) steps (0.0002 hrs) 11.49:0.00 22204 (11) sec
[944] Ep10000: Max 15109 (754) steps (0.0002 hrs) 0.00:10.36 22215 (11) sec
[945] Ep10000: Max 15109 (1977) steps (0.0005 hrs) 0.00:0.00 22246 (31) sec
[946] Ep10000: Max 15109 (1943) steps (0.0005 hrs) 0.00:0.00 22269 (23) sec
[947] Ep10000: Max 15109 (2184) steps (0.0006 hrs) 10.15:0.00 22283 (14) sec
[948] Ep10000: Max 15109 (327) steps (0.0001 hrs) 500.00:0.00 22293 (10) sec
[949] Ep10000: Max 15109 (348) steps (0.0001 hrs) 19.42:0.00 22303 (10) sec
[950] Ep10000: Max 15109 (499) steps (0.0001 hrs) 0.00:14.35 22313 (10) sec
[951] Ep10000: Max 15109 (630) steps (0.0002 hrs) 19.23:0.00 22323 (10) sec
[952] Ep10000: Max 15109 (328) steps (0.0001 hrs) 21.28:0.00 22334 (11) sec
[953] Ep10000: Max 15109 (2180) steps (0.0006 hrs) 0.00:0.00 22367 (33) sec
[954] Ep10000: Max 15109 (264) steps (0.0001 hrs) 12.82:0.00 22378 (11) sec
[955] Ep10000: Max 15109 (749) steps (0.0002 hrs) 11.05:0.00 22388 (10) sec
[956] Ep10000: Max 15109 (2336) steps (0.0006 hrs) 0.00:0.00 22421 (33) sec
[957] Ep10000: Max 15109 (7175) steps (0.0020 hrs) 0.00:15.15 22442 (21) sec
[958] Ep10000: Max 15109 (442) steps (0.0001 hrs) 12.55:0.00 22452 (10) sec
[959] Ep10000: Max 15109 (534) steps (0.0001 hrs) 12.27:0.00 22462 (10) sec
[960] Ep10000: Max 15109 (709) steps (0.0002 hrs) 9.80:0.00 22474 (12) sec
[961] Ep10000: Max 15109 (2141) steps (0.0006 hrs) 0.00:0.00 22515 (41) sec
[962] Ep10000: Max 15109 (349) steps (0.0001 hrs) 0.00:16.13 22525 (10) sec
[963] Ep10000: Max 15109 (2005) steps (0.0006 hrs) 0.00:0.00 22557 (32) sec
[964] Ep10000: Max 15109 (1121) steps (0.0003 hrs) 0.00:19.42 22568 (11) sec
[965] Ep10000: Max 15109 (331) steps (0.0001 hrs) 12.90:0.00 22579 (11) sec
[966] Ep10000: Max 15109 (297) steps (0.0001 hrs) 0.00:11.83 22589 (10) sec
[967] Ep10000: Max 15109 (2133) steps (0.0006 hrs) 333.33:0.00 22599 (10) sec
[968] Ep10000: Max 15109 (1836) steps (0.0005 hrs) 0.00:0.00 22634 (35) sec
[969] Ep10000: Max 15109 (2679) steps (0.0007 hrs) 0.00:0.00 22692 (58) sec
[970] Ep10000: Max 15109 (395) steps (0.0001 hrs) 0.00:25.64 22703 (11) sec
[971] Ep10000: Max 15109 (678) steps (0.0002 hrs) 11.90:0.00 22713 (10) sec
[972] Ep10000: Max 15109 (2243) steps (0.0006 hrs) 0.00:0.00 22745 (32) sec
[973] Ep10000: Max 15109 (303) steps (0.0001 hrs) 0.00:17.54 22755 (10) sec
[974] Ep10000: Max 15109 (544) steps (0.0002 hrs) 31.25:0.00 22767 (12) sec
[975] Ep10000: Max 15109 (2545) steps (0.0007 hrs) 0.00:0.00 22800 (33) sec
[976] Ep10000: Max 15109 (1904) steps (0.0005 hrs) 0.00:0.00 22866 (66) sec
[977] Ep10000: Max 15109 (704) steps (0.0002 hrs) 125.00:0.00 22876 (10) sec
[978] Ep10000: Max 15109 (1983) steps (0.0006 hrs) 0.00:0.00 22907 (31) sec
[979] Ep10000: Max 15109 (363) steps (0.0001 hrs) 18.18:0.00 22917 (10) sec
[980] Ep10000: Max 15109 (384) steps (0.0001 hrs) 18.87:0.00 22927 (10) sec
[981] Ep10000: Max 15109 (298) steps (0.0001 hrs) 13.51:0.00 22938 (11) sec
[982] Ep10000: Max 15109 (2110) steps (0.0006 hrs) 0.00:0.00 23102 (164) sec
[983] Ep10000: Max 15109 (2601) steps (0.0007 hrs) 0.00:0.00 23573 (471) sec
[984] Ep10000: Max 15109 (2775) steps (0.0008 hrs) 0.00:0.00 24062 (489) sec
[985] Ep10000: Max 15109 (2291) steps (0.0006 hrs) 0.00:0.00 24103 (41) sec
[986] Ep10000: Max 15109 (448) steps (0.0001 hrs) 28.57:0.00 24114 (11) sec
[987] Ep10000: Max 15109 (361) steps (0.0001 hrs) 10.31:0.00 24124 (10) sec
[988] Ep10000: Max 15109 (1995) steps (0.0006 hrs) 12.82:0.00 24138 (14) sec
[989] Ep10000: Max 15109 (1503) steps (0.0004 hrs) 0.00:0.00 24200 (62) sec
[990] Ep10000: Max 15109 (2185) steps (0.0006 hrs) 0.00:0.00 24687 (487) sec
[991] Ep10000: Max 15109 (2487) steps (0.0007 hrs) 0.00:0.00 24715 (28) sec
[992] Ep10000: Max 15109 (5317) steps (0.0015 hrs) 0.00:4.33 24750 (35) sec
[993] Ep10000: Max 15109 (453) steps (0.0001 hrs) 12.58:0.00 24760 (10) sec
[994] Ep10000: Max 15109 (2916) steps (0.0008 hrs) 0.00:0.00 24797 (37) sec
[995] Ep10000: Max 15109 (296) steps (0.0001 hrs) 10.99:0.00 24806 (9) sec
[996] Ep10000: Max 15109 (2371) steps (0.0007 hrs) 0.00:0.00 24839 (33) sec
[997] Ep10000: Max 15109 (2777) steps (0.0008 hrs) 0.00:0.00 24873 (34) sec
[998] Ep10000: Max 15109 (382) steps (0.0001 hrs) 14.63:0.00 24883 (10) sec
[999] Ep10000: Max 15109 (347) steps (0.0001 hrs) 0.00:47.62 24893 (10) sec
[1000] Ep10000: Max 15109 (538) steps (0.0001 hrs) 38.46:0.00 24902 (9) sec
Total Elapsed time: 24902 seconds
Wrote current data to latest.train
