balanced 0 test_flag 0
[1] Max 338 (338) steps (0.0001 hrs) 0.00:-8022.73 22 (22) sec
[2] Max 2244 (2244) steps (0.0006 hrs) 0.00:-8022.25 76 (54) sec
[3] Max 2244 (1878) steps (0.0005 hrs) 0.00:-8022.25 109 (33) sec
[4] Max 2244 (1511) steps (0.0004 hrs) 0.00:-8022.25 135 (26) sec
[5] Max 2244 (1700) steps (0.0005 hrs) 0.00:-8022.25 169 (34) sec
[6] Max 2244 (1554) steps (0.0004 hrs) 0.00:-8022.25 192 (23) sec
[7] Max 2244 (1965) steps (0.0005 hrs) 0.00:-8022.25 244 (52) sec
[8] Max 2244 (1907) steps (0.0005 hrs) 0.00:-8022.25 283 (39) sec
[9] Max 2244 (2053) steps (0.0006 hrs) 0.00:-8022.25 335 (52) sec
[10] Max 2244 (218) steps (0.0001 hrs) 0.00:-8022.25 357 (22) sec
[11] Max 2364 (2364) steps (0.0007 hrs) 0.00:-8022.25 412 (55) sec
[12] Max 2364 (156) steps (0.0000 hrs) 0.00:-8022.25 434 (22) sec
[13] Max 2364 (264) steps (0.0001 hrs) 0.00:-8022.25 457 (23) sec
[14] Max 2364 (154) steps (0.0000 hrs) 0.00:-8022.25 479 (22) sec
[15] Max 2975 (2975) steps (0.0008 hrs) 0.00:-8022.25 532 (53) sec
[16] Max 2975 (1132) steps (0.0003 hrs) 0.00:-8022.25 554 (22) sec
[17] Max 2975 (169) steps (0.0000 hrs) 0.00:-8022.25 577 (23) sec
[18] Max 2975 (2819) steps (0.0008 hrs) 0.00:-8022.25 602 (25) sec
[19] Max 2975 (2051) steps (0.0006 hrs) 0.00:-8022.25 655 (53) sec
[20] Max 2975 (885) steps (0.0002 hrs) 0.00:-8022.25 678 (23) sec
[21] Max 2975 (2207) steps (0.0006 hrs) 0.00:-8022.25 730 (52) sec
[22] Max 2975 (296) steps (0.0001 hrs) 0.00:-8022.25 752 (22) sec
[23] Max 2975 (1625) steps (0.0005 hrs) 0.00:-8022.25 775 (23) sec
[24] Max 2975 (1892) steps (0.0005 hrs) 0.00:-8022.25 829 (54) sec
[25] Max 2975 (443) steps (0.0001 hrs) 0.00:-8022.25 851 (22) sec
[26] Max 2975 (943) steps (0.0003 hrs) 0.00:-8022.25 874 (23) sec
[27] Max 2975 (1908) steps (0.0005 hrs) 0.00:-8022.25 898 (24) sec
[28] Max 2975 (1851) steps (0.0005 hrs) 0.00:-8022.25 952 (54) sec
[29] Max 2975 (1811) steps (0.0005 hrs) 0.00:-8022.25 988 (36) sec
[30] Max 2975 (1869) steps (0.0005 hrs) 0.00:-8022.25 1013 (25) sec
[31] Max 3731 (3731) steps (0.0010 hrs) 0.00:-8022.25 1067 (54) sec
[32] Max 3731 (315) steps (0.0001 hrs) 0.00:-8022.25 1090 (23) sec
[33] Max 3731 (1891) steps (0.0005 hrs) 0.00:-8022.25 1143 (53) sec
[34] Max 3731 (175) steps (0.0000 hrs) 0.00:-8022.25 1166 (23) sec
[35] Max 3731 (148) steps (0.0000 hrs) 0.00:-8022.25 1189 (23) sec
[36] Max 3731 (2865) steps (0.0008 hrs) 0.00:-8022.25 1220 (31) sec
[37] Max 3731 (950) steps (0.0003 hrs) 0.00:-8022.25 1243 (23) sec
[38] Max 3731 (223) steps (0.0001 hrs) 0.00:-8022.25 1266 (23) sec
[39] Max 3731 (1898) steps (0.0005 hrs) 0.00:-8022.25 1320 (54) sec
[40] Max 3731 (2518) steps (0.0007 hrs) 0.00:-8022.25 1374 (54) sec
[41] Max 3731 (2114) steps (0.0006 hrs) 0.00:-8022.25 1428 (54) sec
[42] Max 3731 (2731) steps (0.0008 hrs) 0.00:-8022.25 1482 (54) sec
[43] Max 3731 (1063) steps (0.0003 hrs) 0.00:-8022.25 1505 (23) sec
[44] Max 3731 (1684) steps (0.0005 hrs) 0.00:-8022.25 1531 (26) sec
[45] Max 3731 (2312) steps (0.0006 hrs) 0.00:-8022.25 1584 (53) sec
[46] Max 3731 (1760) steps (0.0005 hrs) 0.00:-8022.25 1616 (32) sec
[47] Max 3731 (212) steps (0.0001 hrs) 0.00:-8022.25 1638 (22) sec
[48] Max 3731 (2306) steps (0.0006 hrs) 0.00:-8022.25 1693 (55) sec
[49] Max 3731 (2588) steps (0.0007 hrs) 0.00:-8022.25 1719 (26) sec
[50] Max 3731 (1483) steps (0.0004 hrs) 0.00:-8022.25 1752 (33) sec
[51] Max 3731 (2428) steps (0.0007 hrs) 0.00:-8022.25 1806 (54) sec
[52] Max 3731 (2719) steps (0.0008 hrs) 0.00:-8022.25 1860 (54) sec
[53] Max 3731 (708) steps (0.0002 hrs) 0.00:-8022.25 1885 (25) sec
[54] Max 3731 (839) steps (0.0002 hrs) 0.00:-8022.25 1908 (23) sec
[55] Max 3731 (535) steps (0.0001 hrs) 0.00:-8022.25 1931 (23) sec
[56] Max 3731 (1157) steps (0.0003 hrs) 0.00:-8022.25 1953 (22) sec
[57] Max 3731 (1220) steps (0.0003 hrs) 0.00:-8022.25 1980 (27) sec
[58] Max 3731 (760) steps (0.0002 hrs) 0.00:-8022.25 2003 (23) sec
[59] Max 3731 (271) steps (0.0001 hrs) 0.00:-8022.25 2026 (23) sec
[60] Max 3731 (2377) steps (0.0007 hrs) 0.00:-8022.25 2080 (54) sec
[61] Max 3731 (2182) steps (0.0006 hrs) 0.00:-8022.25 2106 (26) sec
[62] Max 3731 (1752) steps (0.0005 hrs) 0.00:-8022.25 2160 (54) sec
[63] Max 3731 (1478) steps (0.0004 hrs) 0.00:-8022.25 2187 (27) sec
[64] Max 3731 (2283) steps (0.0006 hrs) 0.00:-8022.25 2241 (54) sec
[65] Max 3731 (859) steps (0.0002 hrs) 0.00:-8022.25 2263 (22) sec
[66] Max 3731 (2499) steps (0.0007 hrs) 0.00:-8022.25 2310 (47) sec
[67] Max 3731 (2144) steps (0.0006 hrs) 0.00:-8022.25 2358 (48) sec
[68] Max 3731 (2352) steps (0.0007 hrs) 0.00:-8022.25 2387 (29) sec
[69] Max 3731 (1210) steps (0.0003 hrs) 0.00:-8022.25 2410 (23) sec
[70] Max 3731 (2060) steps (0.0006 hrs) 0.00:-8022.25 2461 (51) sec
[71] Max 3731 (2088) steps (0.0006 hrs) 0.00:-8022.25 2515 (54) sec
[72] Max 3731 (2639) steps (0.0007 hrs) 0.00:-8022.25 2566 (51) sec
[73] Max 3731 (2672) steps (0.0007 hrs) 0.00:-8022.25 2619 (53) sec
[74] Max 3731 (2417) steps (0.0007 hrs) 0.00:-8022.25 2673 (54) sec
[75] Max 3731 (2010) steps (0.0006 hrs) 0.00:-8022.25 2727 (54) sec
[76] Max 3731 (2331) steps (0.0006 hrs) 0.00:-8022.25 2769 (42) sec
[77] Max 3731 (2392) steps (0.0007 hrs) 0.00:-8022.25 2824 (55) sec
[78] Max 3731 (403) steps (0.0001 hrs) 0.00:-8022.25 2846 (22) sec
[79] Max 3731 (1951) steps (0.0005 hrs) 0.00:-8022.25 2869 (23) sec
[80] Max 3731 (2507) steps (0.0007 hrs) 0.00:-8022.25 2898 (29) sec
[81] Max 3731 (2391) steps (0.0007 hrs) 0.00:-8022.25 2954 (56) sec
[82] Max 3731 (2792) steps (0.0008 hrs) 0.00:-8022.25 3006 (52) sec
[83] Max 3731 (2412) steps (0.0007 hrs) 0.00:-8022.25 3057 (51) sec
[84] Max 3731 (1380) steps (0.0004 hrs) 0.00:-8022.25 3081 (24) sec
[85] Max 3731 (933) steps (0.0003 hrs) 0.00:-8022.25 3104 (23) sec
[86] Max 3731 (642) steps (0.0002 hrs) 0.00:-8022.25 3127 (23) sec
[87] Max 3731 (1379) steps (0.0004 hrs) 0.00:-8022.25 3150 (23) sec
[88] Max 3731 (2298) steps (0.0006 hrs) 0.00:-8022.25 3178 (28) sec
[89] Max 3731 (1524) steps (0.0004 hrs) 0.00:-8022.25 3201 (23) sec
[90] Max 3731 (1081) steps (0.0003 hrs) 0.00:-8022.25 3224 (23) sec
[91] Max 3731 (2022) steps (0.0006 hrs) 0.00:-8022.25 3272 (48) sec
[92] Max 3731 (196) steps (0.0001 hrs) 0.00:-8022.25 3295 (23) sec
[93] Max 3731 (292) steps (0.0001 hrs) 0.00:-8022.25 3318 (23) sec
[94] Max 3731 (2179) steps (0.0006 hrs) 0.00:-8022.25 3357 (39) sec
[95] Max 3731 (1911) steps (0.0005 hrs) 0.00:-8022.25 3411 (54) sec
[96] Max 3731 (218) steps (0.0001 hrs) 0.00:-8022.25 3434 (23) sec
[97] Max 3731 (1950) steps (0.0005 hrs) 0.00:-8022.25 3484 (50) sec
[98] Max 3731 (1843) steps (0.0005 hrs) 0.00:-8022.25 3513 (29) sec
[99] Max 3731 (2333) steps (0.0006 hrs) 0.00:-8022.25 3561 (48) sec
[100] Max 3731 (2662) steps (0.0007 hrs) 0.00:-8022.25 3615 (54) sec
[101] Max 3731 (2121) steps (0.0006 hrs) 0.00:-8022.25 3664 (49) sec
[102] Max 3731 (952) steps (0.0003 hrs) 0.00:-8022.25 3687 (23) sec
[103] Max 3731 (299) steps (0.0001 hrs) 0.00:-8022.25 3709 (22) sec
[104] Max 3731 (2007) steps (0.0006 hrs) 0.00:-8022.25 3751 (42) sec
[105] Max 3731 (2092) steps (0.0006 hrs) 0.00:-8022.25 3796 (45) sec
[106] Max 3731 (2227) steps (0.0006 hrs) 0.00:-8022.25 3849 (53) sec
[107] Max 3731 (261) steps (0.0001 hrs) 0.00:-8022.25 3872 (23) sec
[108] Max 3731 (2160) steps (0.0006 hrs) 0.00:-8022.25 3924 (52) sec
[109] Max 3731 (755) steps (0.0002 hrs) 0.00:-8022.25 3948 (24) sec
[110] Max 3731 (2020) steps (0.0006 hrs) 0.00:-8022.25 4000 (52) sec
[111] Max 3731 (1933) steps (0.0005 hrs) 0.00:-8022.25 4036 (36) sec
[112] Max 3731 (2309) steps (0.0006 hrs) 0.00:-8022.25 4090 (54) sec
[113] Max 3731 (2146) steps (0.0006 hrs) 0.00:-8022.25 4143 (53) sec
[114] Max 3731 (2642) steps (0.0007 hrs) 0.00:-8022.25 4197 (54) sec
[115] Max 3731 (1374) steps (0.0004 hrs) 0.00:-8022.25 4225 (28) sec
[116] Max 3731 (2184) steps (0.0006 hrs) 0.00:-8022.25 4280 (55) sec
[117] Max 3731 (186) steps (0.0001 hrs) 0.00:-8022.25 4302 (22) sec
[118] Max 3731 (2246) steps (0.0006 hrs) 0.00:-8022.25 4356 (54) sec
[119] Max 3731 (1872) steps (0.0005 hrs) 0.00:-8022.25 4400 (44) sec
[120] Max 3731 (240) steps (0.0001 hrs) 0.00:-8022.25 4422 (22) sec
[121] Max 3731 (2605) steps (0.0007 hrs) 0.00:-8022.25 4476 (54) sec
[122] Max 3731 (1275) steps (0.0004 hrs) 0.00:-8022.25 4499 (23) sec
[123] Max 3731 (154) steps (0.0000 hrs) 0.00:-8022.25 4521 (22) sec
[124] Max 3731 (2101) steps (0.0006 hrs) 0.00:-8022.25 4569 (48) sec
[125] Max 3731 (2540) steps (0.0007 hrs) 0.00:-8022.25 4622 (53) sec
[126] Max 3731 (617) steps (0.0002 hrs) 0.00:-8022.25 4645 (23) sec
[127] Max 3731 (1077) steps (0.0003 hrs) 0.00:-8022.25 4668 (23) sec
[128] Max 3731 (2099) steps (0.0006 hrs) 0.00:-8022.25 4718 (50) sec
[129] Max 3731 (1921) steps (0.0005 hrs) 0.00:-8022.25 4773 (55) sec
[130] Max 3731 (2175) steps (0.0006 hrs) 0.00:-8022.25 4804 (31) sec
[131] Max 3731 (2546) steps (0.0007 hrs) 0.00:-8022.25 4858 (54) sec
[132] Max 3731 (2127) steps (0.0006 hrs) 0.00:-8022.25 4912 (54) sec
[133] Max 3731 (1464) steps (0.0004 hrs) 0.00:-8022.25 4935 (23) sec
[134] Max 3731 (805) steps (0.0002 hrs) 0.00:-8022.25 4958 (23) sec
[135] Max 3731 (2227) steps (0.0006 hrs) 0.00:-8022.25 5012 (54) sec
[136] Max 3731 (370) steps (0.0001 hrs) 0.00:-8022.25 5035 (23) sec
[137] Max 3731 (1960) steps (0.0005 hrs) 0.00:-8022.25 5087 (52) sec
[138] Max 3731 (3497) steps (0.0010 hrs) 0.00:-8022.25 5140 (53) sec
[139] Max 3731 (2071) steps (0.0006 hrs) 0.00:-8022.25 5195 (55) sec
[140] Max 3731 (2224) steps (0.0006 hrs) 0.00:-8022.25 5240 (45) sec
[141] Max 3731 (180) steps (0.0001 hrs) 0.00:-8022.25 5263 (23) sec
[142] Max 3731 (2129) steps (0.0006 hrs) 0.00:-8022.25 5308 (45) sec
[143] Max 3731 (2118) steps (0.0006 hrs) 0.00:-8022.25 5361 (53) sec
[144] Max 3731 (2402) steps (0.0007 hrs) 0.00:-8022.25 5415 (54) sec
[145] Max 3731 (1370) steps (0.0004 hrs) 0.00:-8022.25 5438 (23) sec
[146] Max 3731 (2454) steps (0.0007 hrs) 0.00:-8022.25 5490 (52) sec
[147] Max 3731 (1667) steps (0.0005 hrs) 0.00:-8022.25 5514 (24) sec
[148] Max 3731 (2093) steps (0.0006 hrs) 0.00:-8022.25 5559 (45) sec
[149] Max 3731 (1138) steps (0.0003 hrs) 0.00:-8022.25 5582 (23) sec
[150] Max 3731 (2308) steps (0.0006 hrs) 0.00:-8022.25 5618 (36) sec
[151] Max 3731 (947) steps (0.0003 hrs) 0.00:-8022.25 5641 (23) sec
[152] Max 3731 (2003) steps (0.0006 hrs) 0.00:-8022.25 5690 (49) sec
[153] Max 3731 (242) steps (0.0001 hrs) 0.00:-8022.25 5713 (23) sec
[154] Max 3731 (352) steps (0.0001 hrs) 0.00:-8022.25 5736 (23) sec
[155] Max 3731 (1592) steps (0.0004 hrs) 0.00:-8022.25 5763 (27) sec
[156] Max 3731 (2373) steps (0.0007 hrs) 0.00:-8022.25 5810 (47) sec
[157] Max 3731 (2286) steps (0.0006 hrs) 0.00:-8022.25 5862 (52) sec
[158] Max 3731 (2562) steps (0.0007 hrs) 0.00:-8022.25 5917 (55) sec
[159] Max 3731 (1899) steps (0.0005 hrs) 0.00:-8022.25 5962 (45) sec
[160] Max 3731 (282) steps (0.0001 hrs) 0.00:-8022.25 5984 (22) sec
[161] Max 3731 (1792) steps (0.0005 hrs) 0.00:-8022.25 6009 (25) sec
[162] Max 3731 (1110) steps (0.0003 hrs) 0.00:-8022.25 6032 (23) sec
[163] Max 3731 (2306) steps (0.0006 hrs) 0.00:-8022.25 6066 (34) sec
[164] Max 3731 (2016) steps (0.0006 hrs) 0.00:-8022.25 6120 (54) sec
[165] Max 3731 (1234) steps (0.0003 hrs) 0.00:-8022.25 6144 (24) sec
[166] Max 3731 (365) steps (0.0001 hrs) 0.00:-8022.25 6166 (22) sec
[167] Max 3731 (3193) steps (0.0009 hrs) 0.00:-8022.25 6226 (60) sec
[168] Max 3731 (254) steps (0.0001 hrs) 0.00:-8022.25 6251 (25) sec
[169] Max 3731 (196) steps (0.0001 hrs) 0.00:-8022.25 6273 (22) sec
[170] Max 3731 (1495) steps (0.0004 hrs) 0.00:-8022.25 6297 (24) sec
[171] Max 3731 (2010) steps (0.0006 hrs) 0.00:-8022.25 6333 (36) sec
[172] Max 3731 (2287) steps (0.0006 hrs) 0.00:-8022.25 6386 (53) sec
[173] Max 3731 (1913) steps (0.0005 hrs) 0.00:-8022.25 6416 (30) sec
[174] Max 3731 (146) steps (0.0000 hrs) 0.00:-8022.25 6439 (23) sec
[175] Max 3731 (1315) steps (0.0004 hrs) 0.00:-8022.25 6462 (23) sec
[176] Max 3731 (451) steps (0.0001 hrs) 0.00:-8022.25 6485 (23) sec
[177] Max 3731 (2055) steps (0.0006 hrs) 0.00:-8022.25 6539 (54) sec
[178] Max 3731 (2176) steps (0.0006 hrs) 0.00:-8022.25 6593 (54) sec
[179] Max 3731 (212) steps (0.0001 hrs) 0.00:-8022.25 6615 (22) sec
[180] Max 3731 (2006) steps (0.0006 hrs) 0.00:-8022.25 6668 (53) sec
[181] Max 3731 (2188) steps (0.0006 hrs) 0.00:-8022.25 6701 (33) sec
[182] Max 3731 (1417) steps (0.0004 hrs) 0.00:-8022.25 6727 (26) sec
[183] Max 3731 (2197) steps (0.0006 hrs) 0.00:-8022.25 6773 (46) sec
[184] Max 3731 (1524) steps (0.0004 hrs) 0.00:-8022.25 6797 (24) sec
[185] Max 3731 (1514) steps (0.0004 hrs) 0.00:-8022.25 6825 (28) sec
[186] Max 3731 (299) steps (0.0001 hrs) 0.00:-8022.25 6847 (22) sec
[187] Max 3731 (1329) steps (0.0004 hrs) 0.00:-8022.25 6870 (23) sec
[188] Max 3731 (765) steps (0.0002 hrs) 0.00:-8022.25 6893 (23) sec
[189] Max 3731 (2119) steps (0.0006 hrs) 0.00:-8022.25 6927 (34) sec
[190] Max 3731 (926) steps (0.0003 hrs) 0.00:-8022.25 6950 (23) sec
[191] Max 3731 (1680) steps (0.0005 hrs) 0.00:-8022.25 6979 (29) sec
[192] Max 3731 (521) steps (0.0001 hrs) 0.00:-8022.25 7001 (22) sec
[193] Max 3731 (489) steps (0.0001 hrs) 0.00:-8022.25 7024 (23) sec
[194] Max 3731 (2733) steps (0.0008 hrs) 0.00:-8022.25 7078 (54) sec
[195] Max 3731 (1643) steps (0.0005 hrs) 0.00:-8022.25 7102 (24) sec
[196] Max 3731 (262) steps (0.0001 hrs) 0.00:-8022.25 7124 (22) sec
[197] Max 3731 (2573) steps (0.0007 hrs) 0.00:-8022.25 7179 (55) sec
[198] Max 3731 (2087) steps (0.0006 hrs) 0.00:-8022.25 7229 (50) sec
[199] Max 3731 (2041) steps (0.0006 hrs) 0.00:-8022.25 7283 (54) sec
[200] Max 3731 (2031) steps (0.0006 hrs) 0.00:-8022.25 7329 (46) sec
[201] Max 3731 (1388) steps (0.0004 hrs) 0.00:-8022.25 7352 (23) sec
[202] Max 3731 (346) steps (0.0001 hrs) 0.00:-8022.25 7374 (22) sec
[203] Max 3731 (894) steps (0.0002 hrs) 0.00:-8022.25 7398 (24) sec
[204] Max 3731 (152) steps (0.0000 hrs) 0.00:-8022.25 7420 (22) sec
[205] Max 3731 (2652) steps (0.0007 hrs) 0.00:-8022.25 7459 (39) sec
[206] Max 3731 (2906) steps (0.0008 hrs) 0.00:-8022.25 7485 (26) sec
[207] Max 3731 (575) steps (0.0002 hrs) 0.00:-8022.25 7508 (23) sec
[208] Max 3731 (155) steps (0.0000 hrs) 0.00:-8022.25 7531 (23) sec
[209] Max 3731 (1139) steps (0.0003 hrs) 0.00:-8022.25 7554 (23) sec
[210] Max 3731 (2031) steps (0.0006 hrs) 0.00:-8022.25 7603 (49) sec
[211] Max 3731 (2148) steps (0.0006 hrs) 0.00:-8022.25 7652 (49) sec
[212] Max 3731 (451) steps (0.0001 hrs) 0.00:-8022.25 7675 (23) sec
[213] Max 3731 (2942) steps (0.0008 hrs) 0.00:-8022.25 7728 (53) sec
[214] Max 3731 (1890) steps (0.0005 hrs) 0.00:-8022.25 7753 (25) sec
[215] Max 3731 (176) steps (0.0000 hrs) 0.00:-8022.25 7776 (23) sec
[216] Max 3731 (376) steps (0.0001 hrs) 0.00:-8022.25 7798 (22) sec
[217] Max 3731 (2557) steps (0.0007 hrs) 0.00:-8022.25 7850 (52) sec
[218] Max 3731 (2101) steps (0.0006 hrs) 0.00:-8022.25 7901 (51) sec
[219] Max 3731 (311) steps (0.0001 hrs) 0.00:-8022.25 7923 (22) sec
[220] Max 3731 (2193) steps (0.0006 hrs) 0.00:-8022.25 7975 (52) sec
[221] Max 3731 (273) steps (0.0001 hrs) 0.00:-8022.25 7997 (22) sec
[222] Max 3731 (506) steps (0.0001 hrs) 0.00:-8022.25 8020 (23) sec
[223] Max 3731 (2362) steps (0.0007 hrs) 0.00:-8022.25 8072 (52) sec
[224] Max 3731 (1267) steps (0.0004 hrs) 0.00:-8022.25 8095 (23) sec
[225] Max 3731 (279) steps (0.0001 hrs) 0.00:-8022.25 8118 (23) sec
[226] Max 3731 (1857) steps (0.0005 hrs) 0.00:-8022.25 8147 (29) sec
[227] Max 3731 (731) steps (0.0002 hrs) 0.00:-8022.25 8171 (24) sec
[228] Max 3731 (1668) steps (0.0005 hrs) 0.00:-8022.25 8194 (23) sec
[229] Max 3731 (2436) steps (0.0007 hrs) 0.00:-8022.25 8241 (47) sec
[230] Max 3731 (1120) steps (0.0003 hrs) 0.00:-8022.25 8264 (23) sec
[231] Max 3731 (1917) steps (0.0005 hrs) 0.00:-8022.25 8301 (37) sec
[232] Max 3731 (2209) steps (0.0006 hrs) 0.00:-8022.25 8356 (55) sec
[233] Max 3731 (179) steps (0.0000 hrs) 0.00:-8022.25 8379 (23) sec
[234] Max 3731 (2410) steps (0.0007 hrs) 0.00:-8022.25 8431 (52) sec
[235] Max 3731 (165) steps (0.0000 hrs) 0.00:-8022.25 8454 (23) sec
[236] Max 3731 (1302) steps (0.0004 hrs) 0.00:-8022.25 8477 (23) sec
[237] Max 3731 (2790) steps (0.0008 hrs) 0.00:-8022.25 8532 (55) sec
[238] Max 3731 (2100) steps (0.0006 hrs) 0.00:-8022.25 8586 (54) sec
[239] Max 3731 (2409) steps (0.0007 hrs) 0.00:-8022.25 8629 (43) sec
[240] Max 3731 (2141) steps (0.0006 hrs) 0.00:-8022.25 8683 (54) sec
[241] Max 3731 (2664) steps (0.0007 hrs) 0.00:-8022.25 8738 (55) sec
[242] Max 3731 (173) steps (0.0000 hrs) 0.00:-8022.25 8761 (23) sec
[243] Max 3731 (2784) steps (0.0008 hrs) 0.00:-8022.25 8815 (54) sec
[244] Max 3731 (960) steps (0.0003 hrs) 0.00:-8022.25 8837 (22) sec
[245] Max 3731 (1047) steps (0.0003 hrs) 0.00:-8022.25 8863 (26) sec
[246] Max 7206 (7206) steps (0.0020 hrs) 0.00:-8022.25 8910 (47) sec
[247] Max 7206 (2229) steps (0.0006 hrs) 0.00:-8022.25 8963 (53) sec
[248] Max 7206 (1007) steps (0.0003 hrs) 0.00:-8022.25 8986 (23) sec
[249] Max 7206 (1273) steps (0.0004 hrs) 0.00:-8022.25 9011 (25) sec
[250] Max 7206 (1229) steps (0.0003 hrs) 0.00:-8022.25 9043 (32) sec
[251] Max 7206 (1553) steps (0.0004 hrs) 0.00:-8022.25 9067 (24) sec
[252] Max 7206 (2237) steps (0.0006 hrs) 0.00:-8022.25 9098 (31) sec
[253] Max 7206 (1417) steps (0.0004 hrs) 0.00:-8022.25 9123 (25) sec
[254] Max 7206 (3019) steps (0.0008 hrs) 0.00:-8022.25 9177 (54) sec
[255] Max 7206 (2031) steps (0.0006 hrs) 0.00:-8022.25 9229 (52) sec
[256] Max 7206 (245) steps (0.0001 hrs) 0.00:-8022.25 9252 (23) sec
[257] Max 7206 (1460) steps (0.0004 hrs) 0.00:-8022.25 9276 (24) sec
[258] Max 7206 (1599) steps (0.0004 hrs) 0.00:-8022.25 9300 (24) sec
[259] Max 7206 (2502) steps (0.0007 hrs) 0.00:-8022.25 9353 (53) sec
[260] Max 7206 (458) steps (0.0001 hrs) 0.00:-8022.25 9376 (23) sec
[261] Max 7206 (1795) steps (0.0005 hrs) 0.00:-8022.25 9425 (49) sec
[262] Max 7206 (2694) steps (0.0007 hrs) 0.00:-8022.25 9451 (26) sec
[263] Max 7206 (880) steps (0.0002 hrs) 0.00:-8022.25 9474 (23) sec
[264] Max 7206 (1868) steps (0.0005 hrs) 0.00:-8022.25 9508 (34) sec
[265] Max 7206 (610) steps (0.0002 hrs) 0.00:-8022.25 9531 (23) sec
[266] Max 7206 (1513) steps (0.0004 hrs) 0.00:-8022.25 9556 (25) sec
[267] Max 7206 (2383) steps (0.0007 hrs) 0.00:-8022.25 9608 (52) sec
[268] Max 7206 (992) steps (0.0003 hrs) 0.00:-8022.25 9631 (23) sec
[269] Max 7206 (2179) steps (0.0006 hrs) 0.00:-8022.25 9684 (53) sec
[270] Max 7206 (1811) steps (0.0005 hrs) 0.00:-8022.25 9737 (53) sec
[271] Max 7206 (2015) steps (0.0006 hrs) 0.00:-8022.25 9763 (26) sec
[272] Max 7206 (1625) steps (0.0005 hrs) 0.00:-8022.25 9788 (25) sec
[273] Max 7206 (2229) steps (0.0006 hrs) 0.00:-8022.25 9829 (41) sec
[274] Max 7206 (148) steps (0.0000 hrs) 0.00:-8022.25 9853 (24) sec
[275] Max 7206 (2006) steps (0.0006 hrs) 0.00:-8022.25 9906 (53) sec
[276] Max 7206 (221) steps (0.0001 hrs) 0.00:-8022.25 9929 (23) sec
[277] Max 7206 (1300) steps (0.0004 hrs) 0.00:-8022.25 9954 (25) sec
[278] Max 7206 (914) steps (0.0003 hrs) 0.00:-8022.25 9978 (24) sec
[279] Max 7206 (1902) steps (0.0005 hrs) 0.00:-8022.25 10032 (54) sec
[280] Max 7206 (2061) steps (0.0006 hrs) 0.00:-8022.25 10068 (36) sec
[281] Max 7206 (568) steps (0.0002 hrs) 0.00:-8022.25 10091 (23) sec
[282] Max 7206 (2141) steps (0.0006 hrs) 0.00:-8022.25 10146 (55) sec
[283] Max 7206 (697) steps (0.0002 hrs) 0.00:-8022.25 10169 (23) sec
[284] Max 7206 (2199) steps (0.0006 hrs) 0.00:-8022.25 10223 (54) sec
[285] Max 7206 (1302) steps (0.0004 hrs) 0.00:-8022.25 10246 (23) sec
[286] Max 7206 (2361) steps (0.0007 hrs) 0.00:-8022.25 10301 (55) sec
[287] Max 7206 (161) steps (0.0000 hrs) 0.00:-8022.25 10324 (23) sec
[288] Max 7206 (630) steps (0.0002 hrs) 0.00:-8022.25 10346 (22) sec
[289] Max 7206 (184) steps (0.0001 hrs) 0.00:-8022.25 10369 (23) sec
[290] Max 7206 (777) steps (0.0002 hrs) 0.00:-8022.25 10391 (22) sec
[291] Max 7206 (2020) steps (0.0006 hrs) 0.00:-8022.25 10417 (26) sec
[292] Max 7206 (206) steps (0.0001 hrs) 0.00:-8022.25 10439 (22) sec
[293] Max 7206 (205) steps (0.0001 hrs) 0.00:-8022.25 10462 (23) sec
[294] Max 7206 (874) steps (0.0002 hrs) 0.00:-8022.25 10485 (23) sec
[295] Max 7206 (2039) steps (0.0006 hrs) 0.00:-8022.25 10515 (30) sec
[296] Max 7206 (563) steps (0.0002 hrs) 0.00:-8022.25 10538 (23) sec
[297] Max 7206 (2186) steps (0.0006 hrs) 0.00:-8022.25 10589 (51) sec
[298] Max 7206 (1491) steps (0.0004 hrs) 0.00:-8022.25 10612 (23) sec
[299] Max 7206 (2317) steps (0.0006 hrs) 0.00:-8022.25 10666 (54) sec
[300] Max 7206 (1998) steps (0.0006 hrs) 0.00:-8022.25 10718 (52) sec
[301] Max 7206 (2054) steps (0.0006 hrs) 0.00:-8022.25 10751 (33) sec
[302] Max 7206 (267) steps (0.0001 hrs) 0.00:-8022.25 10774 (23) sec
[303] Max 7206 (155) steps (0.0000 hrs) 0.00:-8022.25 10796 (22) sec
[304] Max 7206 (2206) steps (0.0006 hrs) 0.00:-8022.25 10849 (53) sec
[305] Max 7206 (1822) steps (0.0005 hrs) 0.00:-8022.25 10887 (38) sec
[306] Max 7206 (1785) steps (0.0005 hrs) 0.00:-8022.25 10941 (54) sec
[307] Max 7206 (2801) steps (0.0008 hrs) 0.00:-8022.25 10984 (43) sec
[308] Max 7206 (236) steps (0.0001 hrs) 0.00:-8022.25 11007 (23) sec
[309] Max 7206 (147) steps (0.0000 hrs) 0.00:-8022.25 11029 (22) sec
[310] Max 7206 (3022) steps (0.0008 hrs) 0.00:-8022.25 11084 (55) sec
[311] Max 7206 (2516) steps (0.0007 hrs) 0.00:-8022.25 11124 (40) sec
[312] Max 7206 (275) steps (0.0001 hrs) 0.00:-8022.25 11146 (22) sec
[313] Max 7206 (2513) steps (0.0007 hrs) 0.00:-8022.25 11200 (54) sec
[314] Max 7206 (1845) steps (0.0005 hrs) 0.00:-8022.25 11224 (24) sec
[315] Max 7206 (2182) steps (0.0006 hrs) 0.00:-8022.25 11279 (55) sec
[316] Max 7206 (1450) steps (0.0004 hrs) 0.00:-8022.25 11301 (22) sec
[317] Max 7206 (344) steps (0.0001 hrs) 0.00:-8022.25 11324 (23) sec
[318] Max 7206 (704) steps (0.0002 hrs) 0.00:-8022.25 11346 (22) sec
[319] Max 7206 (240) steps (0.0001 hrs) 0.00:-8022.25 11369 (23) sec
[320] Max 7206 (1032) steps (0.0003 hrs) 0.00:-8022.25 11392 (23) sec
[321] Max 7206 (1845) steps (0.0005 hrs) 0.00:-8022.25 11445 (53) sec
[322] Max 7206 (260) steps (0.0001 hrs) 0.00:-8022.25 11468 (23) sec
[323] Max 7206 (1590) steps (0.0004 hrs) 0.00:-8022.25 11491 (23) sec
[324] Max 7206 (2243) steps (0.0006 hrs) 0.00:-8022.25 11517 (26) sec
[325] Max 7206 (1635) steps (0.0005 hrs) 0.00:-8022.25 11543 (26) sec
[326] Max 7206 (157) steps (0.0000 hrs) 0.00:-8022.25 11565 (22) sec
[327] Max 7206 (336) steps (0.0001 hrs) 0.00:-8022.25 11588 (23) sec
[328] Max 7206 (178) steps (0.0000 hrs) 0.00:-8022.25 11610 (22) sec
[329] Max 7206 (2574) steps (0.0007 hrs) 0.00:-8022.25 11636 (26) sec
[330] Max 7206 (2111) steps (0.0006 hrs) 0.00:-8022.25 11685 (49) sec
[331] Max 7206 (250) steps (0.0001 hrs) 0.00:-8022.25 11708 (23) sec
[332] Max 7206 (2231) steps (0.0006 hrs) 0.00:-8022.25 11761 (53) sec
[333] Max 7206 (367) steps (0.0001 hrs) 0.00:-8022.25 11784 (23) sec
[334] Max 7206 (1616) steps (0.0004 hrs) 0.00:-8022.25 11812 (28) sec
[335] Max 7206 (1063) steps (0.0003 hrs) 0.00:-8022.25 11836 (24) sec
[336] Max 7206 (952) steps (0.0003 hrs) 0.00:-8022.25 11859 (23) sec
[337] Max 7206 (804) steps (0.0002 hrs) 0.00:-8022.25 11882 (23) sec
[338] Max 7206 (1985) steps (0.0006 hrs) 0.00:-8022.25 11936 (54) sec
[339] Max 7206 (2107) steps (0.0006 hrs) 0.00:-8022.25 11988 (52) sec
[340] Max 7206 (428) steps (0.0001 hrs) 0.00:-8022.25 12010 (22) sec
[341] Max 7206 (2263) steps (0.0006 hrs) 0.00:-8022.25 12034 (24) sec
[342] Max 7206 (807) steps (0.0002 hrs) 0.00:-8022.25 12057 (23) sec
[343] Max 7206 (274) steps (0.0001 hrs) 0.00:-8022.25 12080 (23) sec
[344] Max 7206 (2158) steps (0.0006 hrs) 0.00:-8022.25 12125 (45) sec
[345] Max 7206 (2193) steps (0.0006 hrs) 0.00:-8022.25 12173 (48) sec
[346] Max 7206 (458) steps (0.0001 hrs) 0.00:-8022.25 12196 (23) sec
[347] Max 7206 (1969) steps (0.0005 hrs) 0.00:-8022.25 12249 (53) sec
[348] Max 7206 (1805) steps (0.0005 hrs) 0.00:-8022.25 12281 (32) sec
[349] Max 7206 (199) steps (0.0001 hrs) 0.00:-8022.25 12303 (22) sec
[350] Max 7206 (377) steps (0.0001 hrs) 0.00:-8022.25 12326 (23) sec
[351] Max 7206 (701) steps (0.0002 hrs) 0.00:-8022.25 12349 (23) sec
[352] Max 7206 (1765) steps (0.0005 hrs) 0.00:-8022.25 12374 (25) sec
[353] Max 7206 (1754) steps (0.0005 hrs) 0.00:-8022.25 12398 (24) sec
[354] Max 7206 (2653) steps (0.0007 hrs) 0.00:-8022.25 12452 (54) sec
[355] Max 7206 (2867) steps (0.0008 hrs) 0.00:-8022.25 12480 (28) sec
[356] Max 7206 (2207) steps (0.0006 hrs) 0.00:-8022.25 12534 (54) sec
[357] Max 7206 (1988) steps (0.0006 hrs) 0.00:-8022.25 12586 (52) sec
[358] Max 7206 (2031) steps (0.0006 hrs) 0.00:-8022.25 12640 (54) sec
[359] Max 7206 (2167) steps (0.0006 hrs) 0.00:-8022.25 12696 (56) sec
[360] Max 7206 (340) steps (0.0001 hrs) 0.00:-8022.25 12718 (22) sec
[361] Max 7206 (2190) steps (0.0006 hrs) 0.00:-8022.25 12744 (26) sec
[362] Max 7206 (2123) steps (0.0006 hrs) 0.00:-8022.25 12796 (52) sec
[363] Max 7206 (2410) steps (0.0007 hrs) 0.00:-8022.25 12851 (55) sec
[364] Max 7206 (2496) steps (0.0007 hrs) 0.00:-8022.25 12905 (54) sec
[365] Max 7206 (5098) steps (0.0014 hrs) 0.00:-8022.25 12972 (67) sec
[366] Max 7206 (245) steps (0.0001 hrs) 0.00:-8022.25 12995 (23) sec
[367] Max 7206 (1719) steps (0.0005 hrs) 0.00:-8022.25 13026 (31) sec
[368] Max 7206 (2727) steps (0.0008 hrs) 0.00:-8022.25 13061 (35) sec
[369] Max 7206 (2696) steps (0.0007 hrs) 0.00:-8022.25 13117 (56) sec
[370] Max 7206 (1402) steps (0.0004 hrs) 0.00:-8022.25 13140 (23) sec
[371] Max 7206 (558) steps (0.0002 hrs) 0.00:-8022.25 13162 (22) sec
[372] Max 7206 (2839) steps (0.0008 hrs) 0.00:-8022.25 13216 (54) sec
[373] Max 7206 (427) steps (0.0001 hrs) 0.00:-8022.25 13238 (22) sec
[374] Max 7206 (2254) steps (0.0006 hrs) 0.00:-8022.25 13292 (54) sec
[375] Max 7206 (169) steps (0.0000 hrs) 0.00:-8022.25 13315 (23) sec
[376] Max 7206 (161) steps (0.0000 hrs) 0.00:-8022.25 13337 (22) sec
[377] Max 7206 (179) steps (0.0000 hrs) 0.00:-8022.25 13360 (23) sec
[378] Max 7206 (2121) steps (0.0006 hrs) 0.00:-8022.25 13413 (53) sec
[379] Max 7206 (221) steps (0.0001 hrs) 0.00:-8022.25 13435 (22) sec
[380] Max 7206 (1755) steps (0.0005 hrs) 0.00:-8022.25 13465 (30) sec
[381] Max 7206 (2188) steps (0.0006 hrs) 0.00:-8022.25 13498 (33) sec
[382] Max 7206 (1319) steps (0.0004 hrs) 0.00:-8022.25 13526 (28) sec
[383] Max 7206 (3133) steps (0.0009 hrs) 0.00:-8022.25 13557 (31) sec
[384] Max 7206 (1406) steps (0.0004 hrs) 0.00:-8022.25 13581 (24) sec
[385] Max 7206 (206) steps (0.0001 hrs) 0.00:-8022.25 13603 (22) sec
[386] Max 7206 (1597) steps (0.0004 hrs) 0.00:-8022.25 13631 (28) sec
[387] Max 7206 (3115) steps (0.0009 hrs) 0.00:-8022.25 13662 (31) sec
[388] Max 7206 (2191) steps (0.0006 hrs) 0.00:-8022.25 13714 (52) sec
[389] Max 7206 (311) steps (0.0001 hrs) 0.00:-8022.25 13736 (22) sec
[390] Max 7206 (2252) steps (0.0006 hrs) 0.00:-8022.25 13791 (55) sec
[391] Max 7206 (2769) steps (0.0008 hrs) 0.00:-8022.25 13838 (47) sec
[392] Max 7206 (1843) steps (0.0005 hrs) 0.00:-8022.25 13891 (53) sec
[393] Max 7206 (1855) steps (0.0005 hrs) 0.00:-8022.25 13942 (51) sec
[394] Max 7206 (3205) steps (0.0009 hrs) 0.00:-8022.25 13971 (29) sec
[395] Max 7206 (2205) steps (0.0006 hrs) 0.00:-8022.25 14020 (49) sec
[396] Max 7206 (308) steps (0.0001 hrs) 0.00:-8022.25 14043 (23) sec
[397] Max 7206 (2005) steps (0.0006 hrs) 0.00:-8022.25 14068 (25) sec
[398] Max 7206 (2131) steps (0.0006 hrs) 0.00:-8022.25 14122 (54) sec
[399] Max 7206 (173) steps (0.0000 hrs) 0.00:-8022.25 14145 (23) sec
[400] Max 7206 (2826) steps (0.0008 hrs) 0.00:-8022.25 14201 (56) sec
[401] Max 7206 (442) steps (0.0001 hrs) 0.00:-8022.25 14223 (22) sec
[402] Max 7206 (2688) steps (0.0007 hrs) 0.00:-8022.25 14274 (51) sec
[403] Max 7206 (1121) steps (0.0003 hrs) 0.00:-8022.25 14298 (24) sec
[404] Max 7206 (155) steps (0.0000 hrs) 0.00:-8022.25 14320 (22) sec
[405] Max 7206 (2045) steps (0.0006 hrs) 0.00:-8022.25 14375 (55) sec
[406] Max 7206 (1816) steps (0.0005 hrs) 0.00:-8022.25 14419 (44) sec
[407] Max 7206 (2265) steps (0.0006 hrs) 0.00:-8022.25 14455 (36) sec
[408] Max 7206 (2497) steps (0.0007 hrs) 0.00:-8022.25 14503 (48) sec
[409] Max 7206 (176) steps (0.0000 hrs) 0.00:-8022.25 14526 (23) sec
[410] Max 7206 (2065) steps (0.0006 hrs) 0.00:-8022.25 14574 (48) sec
[411] Max 7206 (272) steps (0.0001 hrs) 0.00:-8022.25 14597 (23) sec
[412] Max 7206 (235) steps (0.0001 hrs) 0.00:-8022.25 14620 (23) sec
[413] Max 7206 (2389) steps (0.0007 hrs) 0.00:-8022.25 14674 (54) sec
[414] Max 7206 (3080) steps (0.0009 hrs) 0.00:-8022.25 14726 (52) sec
[415] Max 7206 (2377) steps (0.0007 hrs) 0.00:-8022.25 14778 (52) sec
[416] Max 7206 (2164) steps (0.0006 hrs) 0.00:-8022.25 14833 (55) sec
[417] Max 7206 (207) steps (0.0001 hrs) 0.00:-8022.25 14856 (23) sec
[418] Max 7206 (2343) steps (0.0007 hrs) 0.00:-8022.25 14908 (52) sec
[419] Max 7206 (232) steps (0.0001 hrs) 0.00:-8022.25 14931 (23) sec
[420] Max 7206 (798) steps (0.0002 hrs) 0.00:-8022.25 14954 (23) sec
[421] Max 7206 (1886) steps (0.0005 hrs) 0.00:-8022.25 15005 (51) sec
[422] Max 7206 (2151) steps (0.0006 hrs) 0.00:-8022.25 15059 (54) sec
[423] Max 7206 (1724) steps (0.0005 hrs) 0.00:-8022.25 15085 (26) sec
[424] Max 7206 (3460) steps (0.0010 hrs) 0.00:-8022.25 15134 (49) sec
[425] Max 7206 (2196) steps (0.0006 hrs) 0.00:-8022.25 15188 (54) sec
[426] Max 7206 (360) steps (0.0001 hrs) 0.00:-8022.25 15211 (23) sec
[427] Max 7206 (1398) steps (0.0004 hrs) 0.00:-8022.25 15234 (23) sec
[428] Max 7206 (297) steps (0.0001 hrs) 0.00:-8022.25 15256 (22) sec
[429] Max 7206 (243) steps (0.0001 hrs) 0.00:-8022.25 15279 (23) sec
[430] Max 7206 (739) steps (0.0002 hrs) 0.00:-8022.25 15302 (23) sec
[431] Max 7206 (545) steps (0.0002 hrs) 0.00:-8022.25 15325 (23) sec
[432] Max 7206 (1759) steps (0.0005 hrs) 0.00:-8022.25 15351 (26) sec
[433] Max 7206 (2216) steps (0.0006 hrs) 0.00:-8022.25 15408 (57) sec
[434] Max 7206 (1421) steps (0.0004 hrs) 0.00:-8022.25 15433 (25) sec
[435] Max 7206 (2144) steps (0.0006 hrs) 0.00:-8022.25 15485 (52) sec
[436] Max 7206 (1826) steps (0.0005 hrs) 0.00:-8022.25 15526 (41) sec
[437] Max 7206 (2220) steps (0.0006 hrs) 0.00:-8022.25 15581 (55) sec
[438] Max 7206 (1043) steps (0.0003 hrs) 0.00:-8022.25 15605 (24) sec
[439] Max 7206 (721) steps (0.0002 hrs) 0.00:-8022.25 15627 (22) sec
[440] Max 7206 (2383) steps (0.0007 hrs) 0.00:-8022.25 15679 (52) sec
[441] Max 7206 (2137) steps (0.0006 hrs) 0.00:-8022.25 15733 (54) sec
[442] Max 7206 (309) steps (0.0001 hrs) 0.00:-8022.25 15756 (23) sec
[443] Max 7206 (2071) steps (0.0006 hrs) 0.00:-8022.25 15810 (54) sec
[444] Max 7206 (296) steps (0.0001 hrs) 0.00:-8022.25 15833 (23) sec
[445] Max 7206 (1939) steps (0.0005 hrs) 0.00:-8022.25 15880 (47) sec
[446] Max 7206 (2523) steps (0.0007 hrs) 0.00:-8022.25 15934 (54) sec
[447] Max 7206 (2599) steps (0.0007 hrs) 0.00:-8022.25 15966 (32) sec
[448] Max 7206 (2538) steps (0.0007 hrs) 0.00:-8022.25 16020 (54) sec
[449] Max 7206 (1692) steps (0.0005 hrs) 0.00:-8022.25 16045 (25) sec
[450] Max 7206 (434) steps (0.0001 hrs) 0.00:-8022.25 16068 (23) sec
[451] Max 7206 (2343) steps (0.0007 hrs) 0.00:-8022.25 16122 (54) sec
[452] Max 7206 (2275) steps (0.0006 hrs) 0.00:-8022.25 16176 (54) sec
[453] Max 7206 (2352) steps (0.0007 hrs) 0.00:-8022.25 16229 (53) sec
[454] Max 7206 (761) steps (0.0002 hrs) 0.00:-8022.25 16252 (23) sec
[455] Max 7206 (1640) steps (0.0005 hrs) 0.00:-8022.25 16277 (25) sec
[456] Max 7206 (2381) steps (0.0007 hrs) 0.00:-8022.25 16333 (56) sec
[457] Max 7206 (1418) steps (0.0004 hrs) 0.00:-8022.25 16359 (26) sec
[458] Max 7206 (2474) steps (0.0007 hrs) 0.00:-8022.25 16413 (54) sec
[459] Max 7206 (800) steps (0.0002 hrs) 0.00:-8022.25 16436 (23) sec
[460] Max 7206 (2291) steps (0.0006 hrs) 0.00:-8022.25 16488 (52) sec
[461] Max 7206 (1920) steps (0.0005 hrs) 0.00:-8022.25 16532 (44) sec
[462] Max 7206 (359) steps (0.0001 hrs) 0.00:-8022.25 16555 (23) sec
[463] Max 7206 (2573) steps (0.0007 hrs) 0.00:-8022.25 16607 (52) sec
[464] Max 7206 (372) steps (0.0001 hrs) 0.00:-8022.25 16630 (23) sec
[465] Max 7206 (1543) steps (0.0004 hrs) 0.00:-8022.25 16653 (23) sec
[466] Max 7206 (2544) steps (0.0007 hrs) 0.00:-8022.25 16704 (51) sec
[467] Max 7206 (2573) steps (0.0007 hrs) 0.00:-8022.25 16759 (55) sec
[468] Max 7206 (1682) steps (0.0005 hrs) 0.00:-8022.25 16787 (28) sec
[469] Max 7206 (706) steps (0.0002 hrs) 0.00:-8022.25 16809 (22) sec
[470] Max 7206 (1921) steps (0.0005 hrs) 0.00:-8022.25 16864 (55) sec
[471] Max 7206 (145) steps (0.0000 hrs) 0.00:-8022.25 16886 (22) sec
[472] Max 7206 (2020) steps (0.0006 hrs) 0.00:-8022.25 16940 (54) sec
[473] Max 7206 (2803) steps (0.0008 hrs) 0.00:-8022.25 16993 (53) sec
[474] Max 7206 (2066) steps (0.0006 hrs) 0.00:-8022.25 17048 (55) sec
[475] Max 7206 (2599) steps (0.0007 hrs) 0.00:-8022.25 17103 (55) sec
[476] Max 7206 (1003) steps (0.0003 hrs) 0.00:-8022.25 17125 (22) sec
[477] Max 7206 (362) steps (0.0001 hrs) 0.00:-8022.25 17148 (23) sec
[478] Max 7206 (429) steps (0.0001 hrs) 0.00:-8022.25 17171 (23) sec
[479] Max 7206 (313) steps (0.0001 hrs) 0.00:-8022.25 17194 (23) sec
[480] Max 7206 (394) steps (0.0001 hrs) 0.00:-8022.25 17217 (23) sec
[481] Max 7206 (2926) steps (0.0008 hrs) 0.00:-8022.25 17271 (54) sec
[482] Max 7206 (292) steps (0.0001 hrs) 0.00:-8022.25 17294 (23) sec
[483] Max 7206 (237) steps (0.0001 hrs) 0.00:-8022.25 17317 (23) sec
[484] Max 7206 (257) steps (0.0001 hrs) 0.00:-8022.25 17340 (23) sec
[485] Max 7206 (275) steps (0.0001 hrs) 0.00:-8022.25 17362 (22) sec
[486] Max 7206 (163) steps (0.0000 hrs) 0.00:-8022.25 17387 (25) sec
[487] Max 7206 (2037) steps (0.0006 hrs) 0.00:-8022.25 17439 (52) sec
[488] Max 7206 (1987) steps (0.0006 hrs) 0.00:-8022.25 17492 (53) sec
[489] Max 7206 (2452) steps (0.0007 hrs) 0.00:-8022.25 17546 (54) sec
[490] Max 7206 (3076) steps (0.0009 hrs) 0.00:-8022.25 17599 (53) sec
[491] Max 7206 (613) steps (0.0002 hrs) 0.00:-8022.25 17621 (22) sec
[492] Max 7206 (3038) steps (0.0008 hrs) 0.00:-8022.25 17672 (51) sec
[493] Max 7206 (2194) steps (0.0006 hrs) 0.00:-8022.25 17697 (25) sec
[494] Max 7206 (198) steps (0.0001 hrs) 0.00:-8022.25 17720 (23) sec
[495] Max 7206 (2375) steps (0.0007 hrs) 0.00:-8022.25 17773 (53) sec
[496] Max 7206 (1902) steps (0.0005 hrs) 0.00:-8022.25 17805 (32) sec
[497] Max 7206 (145) steps (0.0000 hrs) 0.00:-8022.25 17827 (22) sec
[498] Max 7206 (354) steps (0.0001 hrs) 0.00:-8022.25 17850 (23) sec
[499] Max 7206 (806) steps (0.0002 hrs) 0.00:-8022.25 17873 (23) sec
[500] Max 7206 (2478) steps (0.0007 hrs) 0.00:-8022.25 17926 (53) sec
[501] Max 7206 (1666) steps (0.0005 hrs) 0.00:-8022.25 17951 (25) sec
[502] Max 7206 (2510) steps (0.0007 hrs) 0.00:-8022.25 17980 (29) sec
[503] Max 7206 (2055) steps (0.0006 hrs) 0.00:-8022.25 18027 (47) sec
[504] Max 7206 (2492) steps (0.0007 hrs) 0.00:-8022.25 18081 (54) sec
[505] Max 7206 (1926) steps (0.0005 hrs) 0.00:-8022.25 18134 (53) sec
[506] Max 7206 (942) steps (0.0003 hrs) 0.00:-8022.25 18157 (23) sec
[507] Max 7206 (1903) steps (0.0005 hrs) 0.00:-8022.25 18211 (54) sec
[508] Max 7206 (2393) steps (0.0007 hrs) 0.00:-8022.25 18262 (51) sec
[509] Max 7206 (544) steps (0.0002 hrs) 0.00:-8022.25 18285 (23) sec
[510] Max 7206 (256) steps (0.0001 hrs) 0.00:-8022.25 18308 (23) sec
[511] Max 7206 (2311) steps (0.0006 hrs) 0.00:-8022.25 18345 (37) sec
[512] Max 7206 (3620) steps (0.0010 hrs) 0.00:-8022.25 18400 (55) sec
[513] Max 7206 (3419) steps (0.0009 hrs) 0.00:-8022.25 18454 (54) sec
[514] Max 7206 (685) steps (0.0002 hrs) 0.00:-8022.25 18476 (22) sec
[515] Max 7206 (1365) steps (0.0004 hrs) 0.00:-8022.25 18499 (23) sec
[516] Max 7206 (2071) steps (0.0006 hrs) 0.00:-8022.25 18537 (38) sec
[517] Max 7206 (237) steps (0.0001 hrs) 0.00:-8022.25 18560 (23) sec
[518] Max 7206 (1828) steps (0.0005 hrs) 0.00:-8022.25 18607 (47) sec
[519] Max 7206 (1255) steps (0.0003 hrs) 0.00:-8022.25 18631 (24) sec
[520] Max 7206 (166) steps (0.0000 hrs) 0.00:-8022.25 18654 (23) sec
[521] Max 7206 (1184) steps (0.0003 hrs) 0.00:-8022.25 18677 (23) sec
[522] Max 7206 (2533) steps (0.0007 hrs) 0.00:-8022.25 18731 (54) sec
[523] Max 7206 (3491) steps (0.0010 hrs) 0.00:-8022.25 18786 (55) sec
[524] Max 7206 (252) steps (0.0001 hrs) 0.00:-8022.25 18809 (23) sec
[525] Max 7206 (2272) steps (0.0006 hrs) 0.00:-8022.25 18861 (52) sec
[526] Max 7206 (172) steps (0.0000 hrs) 0.00:-8022.25 18883 (22) sec
[527] Max 7206 (682) steps (0.0002 hrs) 0.00:-8022.25 18906 (23) sec
[528] Max 7206 (1540) steps (0.0004 hrs) 0.00:-8022.25 18931 (25) sec
[529] Max 7206 (1613) steps (0.0004 hrs) 0.00:-8022.25 18956 (25) sec
[530] Max 7206 (1816) steps (0.0005 hrs) 0.00:-8022.25 18988 (32) sec
[531] Max 7206 (2158) steps (0.0006 hrs) 0.00:-8022.25 19041 (53) sec
[532] Max 7206 (501) steps (0.0001 hrs) 0.00:-8022.25 19064 (23) sec
[533] Max 7206 (985) steps (0.0003 hrs) 0.00:-8022.25 19087 (23) sec
[534] Max 7206 (1788) steps (0.0005 hrs) 0.00:-8022.25 19111 (24) sec
[535] Max 7206 (2077) steps (0.0006 hrs) 0.00:-8022.25 19164 (53) sec
[536] Max 7206 (1990) steps (0.0006 hrs) 0.00:-8022.25 19217 (53) sec
[537] Max 7206 (1751) steps (0.0005 hrs) 0.00:-8022.25 19242 (25) sec
[538] Max 7206 (836) steps (0.0002 hrs) 0.00:-8022.25 19265 (23) sec
[539] Max 7206 (1269) steps (0.0004 hrs) 0.00:-8022.25 19287 (22) sec
[540] Max 7206 (1706) steps (0.0005 hrs) 0.00:-8022.25 19311 (24) sec
[541] Max 7206 (1858) steps (0.0005 hrs) 0.00:-8022.25 19337 (26) sec
[542] Max 7206 (159) steps (0.0000 hrs) 0.00:-8022.25 19360 (23) sec
[543] Max 7206 (2205) steps (0.0006 hrs) 0.00:-8022.25 19397 (37) sec
[544] Max 7206 (1448) steps (0.0004 hrs) 0.00:-8022.25 19423 (26) sec
[545] Max 7206 (1918) steps (0.0005 hrs) 0.00:-8022.25 19466 (43) sec
[546] Max 7206 (1392) steps (0.0004 hrs) 0.00:-8022.25 19493 (27) sec
[547] Max 7206 (2475) steps (0.0007 hrs) 0.00:-8022.25 19548 (55) sec
[548] Max 7206 (694) steps (0.0002 hrs) 0.00:-8022.25 19571 (23) sec
[549] Max 7206 (2177) steps (0.0006 hrs) 0.00:-8022.25 19624 (53) sec
[550] Max 7206 (1500) steps (0.0004 hrs) 0.00:-8022.25 19663 (39) sec
[551] Max 7206 (291) steps (0.0001 hrs) 0.00:-8022.25 19685 (22) sec
[552] Max 7206 (2007) steps (0.0006 hrs) 0.00:-8022.25 19736 (51) sec
[553] Max 7206 (2258) steps (0.0006 hrs) 0.00:-8022.25 19766 (30) sec
[554] Max 7206 (332) steps (0.0001 hrs) 0.00:-8022.25 19788 (22) sec
[555] Max 7206 (2057) steps (0.0006 hrs) 0.00:-8022.25 19842 (54) sec
[556] Max 7206 (447) steps (0.0001 hrs) 0.00:-8022.25 19865 (23) sec
[557] Max 7206 (1427) steps (0.0004 hrs) 0.00:-8022.25 19888 (23) sec
[558] Max 7206 (1968) steps (0.0005 hrs) 0.00:-8022.25 19944 (56) sec
[559] Max 7206 (2076) steps (0.0006 hrs) 0.00:-8022.25 19979 (35) sec
[560] Max 7206 (1933) steps (0.0005 hrs) 0.00:-8022.25 20003 (24) sec
[561] Max 7206 (2360) steps (0.0007 hrs) 0.00:-8022.25 20034 (31) sec
[562] Max 7206 (307) steps (0.0001 hrs) 0.00:-8022.25 20056 (22) sec
[563] Max 7206 (1240) steps (0.0003 hrs) 0.00:-8022.25 20080 (24) sec
[564] Max 7206 (169) steps (0.0000 hrs) 0.00:-8022.25 20102 (22) sec
[565] Max 7206 (1183) steps (0.0003 hrs) 0.00:-8022.25 20126 (24) sec
[566] Max 7206 (1993) steps (0.0006 hrs) 0.00:-8022.25 20180 (54) sec
[567] Max 7206 (2928) steps (0.0008 hrs) 0.00:-8022.25 20235 (55) sec
[568] Max 7206 (1346) steps (0.0004 hrs) 0.00:-8022.25 20259 (24) sec
[569] Max 7206 (1267) steps (0.0004 hrs) 0.00:-8022.25 20284 (25) sec
[570] Max 7206 (1609) steps (0.0004 hrs) 0.00:-8022.25 20312 (28) sec
[571] Max 7206 (558) steps (0.0002 hrs) 0.00:-8022.25 20335 (23) sec
[572] Max 7206 (1700) steps (0.0005 hrs) 0.00:-8022.25 20379 (44) sec
[573] Max 7206 (194) steps (0.0001 hrs) 0.00:-8022.25 20402 (23) sec
[574] Max 7206 (1190) steps (0.0003 hrs) 0.00:-8022.25 20425 (23) sec
[575] Max 7206 (1949) steps (0.0005 hrs) 0.00:-8022.25 20480 (55) sec
[576] Max 7206 (789) steps (0.0002 hrs) 0.00:-8022.25 20503 (23) sec
[577] Max 7206 (2352) steps (0.0007 hrs) 0.00:-8022.25 20555 (52) sec
[578] Max 7206 (2282) steps (0.0006 hrs) 0.00:-8022.25 20589 (34) sec
[579] Max 7206 (2772) steps (0.0008 hrs) 0.00:-8022.25 20643 (54) sec
[580] Max 7206 (2217) steps (0.0006 hrs) 0.00:-8022.25 20698 (55) sec
[581] Max 7206 (414) steps (0.0001 hrs) 0.00:-8022.25 20721 (23) sec
[582] Max 7206 (411) steps (0.0001 hrs) 0.00:-8022.25 20743 (22) sec
[583] Max 7206 (279) steps (0.0001 hrs) 0.00:-8022.25 20766 (23) sec
[584] Max 7206 (873) steps (0.0002 hrs) 0.00:-8022.25 20789 (23) sec
[585] Max 7206 (2205) steps (0.0006 hrs) 0.00:-8022.25 20842 (53) sec
[586] Max 7206 (2386) steps (0.0007 hrs) 0.00:-8022.25 20895 (53) sec
[587] Max 7206 (3260) steps (0.0009 hrs) 0.00:-8022.25 20943 (48) sec
[588] Max 7206 (2045) steps (0.0006 hrs) 0.00:-8022.25 20996 (53) sec
[589] Max 7206 (152) steps (0.0000 hrs) 0.00:-8022.25 21019 (23) sec
[590] Max 7206 (235) steps (0.0001 hrs) 0.00:-8022.25 21041 (22) sec
[591] Max 7206 (2080) steps (0.0006 hrs) 0.00:-8022.25 21091 (50) sec
[592] Max 7206 (659) steps (0.0002 hrs) 0.00:-8022.25 21113 (22) sec
[593] Max 7206 (304) steps (0.0001 hrs) 0.00:-8022.25 21136 (23) sec
[594] Max 7206 (157) steps (0.0000 hrs) 0.00:-8022.25 21159 (23) sec
[595] Max 7206 (510) steps (0.0001 hrs) 0.00:-8022.25 21181 (22) sec
[596] Max 7206 (517) steps (0.0001 hrs) 0.00:-8022.25 21204 (23) sec
[597] Max 7206 (1728) steps (0.0005 hrs) 0.00:-8022.25 21233 (29) sec
[598] Max 7206 (299) steps (0.0001 hrs) 0.00:-8022.25 21255 (22) sec
[599] Max 7206 (2161) steps (0.0006 hrs) 0.00:-8022.25 21303 (48) sec
[600] Max 7206 (494) steps (0.0001 hrs) 0.00:-8022.25 21325 (22) sec
[601] Max 7206 (2149) steps (0.0006 hrs) 0.00:-8022.25 21379 (54) sec
[602] Max 7206 (241) steps (0.0001 hrs) 0.00:-8022.25 21402 (23) sec
[603] Max 7206 (2190) steps (0.0006 hrs) 0.00:-8022.25 21457 (55) sec
[604] Max 7206 (2461) steps (0.0007 hrs) 0.00:-8022.25 21497 (40) sec
[605] Max 7206 (625) steps (0.0002 hrs) 0.00:-8022.25 21519 (22) sec
[606] Max 7206 (2740) steps (0.0008 hrs) 0.00:-8022.25 21573 (54) sec
[607] Max 7206 (2485) steps (0.0007 hrs) 0.00:-8022.25 21627 (54) sec
[608] Max 7206 (2387) steps (0.0007 hrs) 0.00:-8022.25 21680 (53) sec
[609] Max 7206 (2698) steps (0.0007 hrs) 0.00:-8022.25 21733 (53) sec
[610] Max 7206 (1666) steps (0.0005 hrs) 0.00:-8022.25 21761 (28) sec
[611] Max 7206 (1580) steps (0.0004 hrs) 0.00:-8022.25 21784 (23) sec
[612] Max 7206 (211) steps (0.0001 hrs) 0.00:-8022.25 21807 (23) sec
[613] Max 7206 (260) steps (0.0001 hrs) 0.00:-8022.25 21829 (22) sec
[614] Max 7206 (338) steps (0.0001 hrs) 0.00:-8022.25 21852 (23) sec
[615] Max 7206 (335) steps (0.0001 hrs) 0.00:-8022.25 21875 (23) sec
[616] Max 7206 (2016) steps (0.0006 hrs) 0.00:-8022.25 21924 (49) sec
[617] Max 7206 (2555) steps (0.0007 hrs) 0.00:-8022.25 21965 (41) sec
[618] Max 7206 (1747) steps (0.0005 hrs) 0.00:-8022.25 21990 (25) sec
[619] Max 7206 (1382) steps (0.0004 hrs) 0.00:-8022.25 22014 (24) sec
[620] Max 7206 (2266) steps (0.0006 hrs) 0.00:-8022.25 22064 (50) sec
[621] Max 7206 (204) steps (0.0001 hrs) 0.00:-8022.25 22086 (22) sec
[622] Max 7206 (1387) steps (0.0004 hrs) 0.00:-8022.25 22111 (25) sec
[623] Max 7206 (2231) steps (0.0006 hrs) 0.00:-8022.25 22164 (53) sec
[624] Max 7206 (318) steps (0.0001 hrs) 0.00:-8022.25 22186 (22) sec
[625] Max 7206 (2396) steps (0.0007 hrs) 0.00:-8022.25 22210 (24) sec
[626] Max 7206 (2516) steps (0.0007 hrs) 0.00:-8022.25 22263 (53) sec
[627] Max 7206 (2105) steps (0.0006 hrs) 0.00:-8022.25 22295 (32) sec
[628] Max 7206 (2211) steps (0.0006 hrs) 0.00:-8022.25 22349 (54) sec
[629] Max 7206 (1957) steps (0.0005 hrs) 0.00:-8022.25 22402 (53) sec
[630] Max 7206 (269) steps (0.0001 hrs) 0.00:-8022.25 22425 (23) sec
[631] Max 7206 (906) steps (0.0003 hrs) 0.00:-8022.25 22448 (23) sec
[632] Max 7206 (1776) steps (0.0005 hrs) 0.00:-8022.25 22479 (31) sec
[633] Max 7206 (2021) steps (0.0006 hrs) 0.00:-8022.25 22531 (52) sec
[634] Max 7206 (384) steps (0.0001 hrs) 0.00:-8022.25 22554 (23) sec
[635] Max 7206 (2217) steps (0.0006 hrs) 0.00:-8022.25 22609 (55) sec
[636] Max 7206 (521) steps (0.0001 hrs) 0.00:-8022.25 22631 (22) sec
[637] Max 7206 (310) steps (0.0001 hrs) 0.00:-8022.25 22654 (23) sec
[638] Max 7206 (2182) steps (0.0006 hrs) 0.00:-8022.25 22685 (31) sec
[639] Max 7206 (532) steps (0.0001 hrs) 0.00:-8022.25 22707 (22) sec
[640] Max 7206 (203) steps (0.0001 hrs) 0.00:-8022.25 22730 (23) sec
[641] Max 7206 (928) steps (0.0003 hrs) 0.00:-8022.25 22753 (23) sec
[642] Max 7206 (1928) steps (0.0005 hrs) 0.00:-8022.25 22807 (54) sec
[643] Max 7206 (2428) steps (0.0007 hrs) 0.00:-8022.25 22862 (55) sec
[644] Max 7206 (2281) steps (0.0006 hrs) 0.00:-8022.25 22913 (51) sec
[645] Max 7206 (2191) steps (0.0006 hrs) 0.00:-8022.25 22967 (54) sec
[646] Max 7206 (490) steps (0.0001 hrs) 0.00:-8022.25 22989 (22) sec
[647] Max 7206 (187) steps (0.0001 hrs) 0.00:-8022.25 23012 (23) sec
[648] Max 7206 (2620) steps (0.0007 hrs) 0.00:-8022.25 23066 (54) sec
[649] Max 7206 (2243) steps (0.0006 hrs) 0.00:-8022.25 23109 (43) sec
[650] Max 7206 (1442) steps (0.0004 hrs) 0.00:-8022.25 23133 (24) sec
[651] Max 7206 (1156) steps (0.0003 hrs) 0.00:-8022.25 23158 (25) sec
[652] Max 7206 (1238) steps (0.0003 hrs) 0.00:-8022.25 23182 (24) sec
[653] Max 7206 (452) steps (0.0001 hrs) 0.00:-8022.25 23205 (23) sec
[654] Max 7206 (2933) steps (0.0008 hrs) 0.00:-8022.25 23260 (55) sec
[655] Max 7206 (2576) steps (0.0007 hrs) 0.00:-8022.25 23313 (53) sec
[656] Max 7206 (2898) steps (0.0008 hrs) 0.00:-8022.25 23368 (55) sec
[657] Max 7206 (395) steps (0.0001 hrs) 0.00:-8022.25 23391 (23) sec
[658] Max 7206 (1630) steps (0.0005 hrs) 0.00:-8022.25 23417 (26) sec
[659] Max 7206 (2561) steps (0.0007 hrs) 0.00:-8022.25 23471 (54) sec
[660] Max 7206 (2003) steps (0.0006 hrs) 0.00:-8022.25 23518 (47) sec
[661] Max 7206 (878) steps (0.0002 hrs) 0.00:-8022.25 23541 (23) sec
[662] Max 7206 (145) steps (0.0000 hrs) 0.00:-8022.25 23563 (22) sec
[663] Max 7206 (167) steps (0.0000 hrs) 0.00:-8022.25 23586 (23) sec
[664] Max 7206 (929) steps (0.0003 hrs) 0.00:-8022.25 23610 (24) sec
[665] Max 7206 (880) steps (0.0002 hrs) 0.00:-8022.25 23633 (23) sec
[666] Max 7206 (677) steps (0.0002 hrs) 0.00:-8022.25 23656 (23) sec
[667] Max 7206 (673) steps (0.0002 hrs) 0.00:-8022.25 23679 (23) sec
[668] Max 7206 (238) steps (0.0001 hrs) 0.00:-8022.25 23702 (23) sec
[669] Max 7206 (764) steps (0.0002 hrs) 0.00:-8022.25 23725 (23) sec
[670] Max 7206 (1990) steps (0.0006 hrs) 0.00:-8022.25 23764 (39) sec
[671] Max 7206 (2031) steps (0.0006 hrs) 0.00:-8022.25 23791 (27) sec
[672] Max 7206 (2168) steps (0.0006 hrs) 0.00:-8022.25 23836 (45) sec
[673] Max 7206 (630) steps (0.0002 hrs) 0.00:-8022.25 23859 (23) sec
[674] Max 7206 (191) steps (0.0001 hrs) 0.00:-8022.25 23882 (23) sec
[675] Max 7206 (2468) steps (0.0007 hrs) 0.00:-8022.25 23936 (54) sec
[676] Max 7206 (942) steps (0.0003 hrs) 0.00:-8022.25 23958 (22) sec
[677] Max 7206 (2437) steps (0.0007 hrs) 0.00:-8022.25 24010 (52) sec
[678] Max 7206 (316) steps (0.0001 hrs) 0.00:-8022.25 24033 (23) sec
[679] Max 7206 (401) steps (0.0001 hrs) 0.00:-8022.25 24055 (22) sec
[680] Max 7206 (424) steps (0.0001 hrs) 0.00:-8022.25 24078 (23) sec
[681] Max 7206 (1971) steps (0.0005 hrs) 0.00:-8022.25 24108 (30) sec
[682] Max 7206 (2408) steps (0.0007 hrs) 0.00:-8022.25 24159 (51) sec
[683] Max 7206 (2110) steps (0.0006 hrs) 0.00:-8022.25 24213 (54) sec
[684] Max 7206 (246) steps (0.0001 hrs) 0.00:-8022.25 24236 (23) sec
[685] Max 7206 (1782) steps (0.0005 hrs) 0.00:-8022.25 24265 (29) sec
[686] Max 7206 (2708) steps (0.0008 hrs) 0.00:-8022.25 24320 (55) sec
[687] Max 7206 (347) steps (0.0001 hrs) 0.00:-8022.25 24343 (23) sec
[688] Max 7206 (152) steps (0.0000 hrs) 0.00:-8022.25 24365 (22) sec
[689] Max 7206 (1747) steps (0.0005 hrs) 0.00:-8022.25 24416 (51) sec
[690] Max 7206 (2262) steps (0.0006 hrs) 0.00:-8022.25 24458 (42) sec
[691] Max 7206 (1129) steps (0.0003 hrs) 0.00:-8022.25 24480 (22) sec
[692] Max 7206 (290) steps (0.0001 hrs) 0.00:-8022.25 24503 (23) sec
[693] Max 7206 (1025) steps (0.0003 hrs) 0.00:-8022.25 24526 (23) sec
[694] Max 7206 (2624) steps (0.0007 hrs) 0.00:-8022.25 24582 (56) sec
[695] Max 7206 (522) steps (0.0001 hrs) 0.00:-8022.25 24605 (23) sec
[696] Max 7206 (327) steps (0.0001 hrs) 0.00:-8022.25 24628 (23) sec
[697] Max 7206 (2292) steps (0.0006 hrs) 0.00:-8022.25 24682 (54) sec
[698] Max 7206 (2101) steps (0.0006 hrs) 0.00:-8022.25 24736 (54) sec
[699] Max 7206 (2817) steps (0.0008 hrs) 0.00:-8022.25 24790 (54) sec
[700] Max 7206 (2126) steps (0.0006 hrs) 0.00:-8022.25 24844 (54) sec
[701] Max 7206 (1041) steps (0.0003 hrs) 0.00:-8022.25 24868 (24) sec
[702] Max 7206 (623) steps (0.0002 hrs) 0.00:-8022.25 24891 (23) sec
[703] Max 7206 (2230) steps (0.0006 hrs) 0.00:-8022.25 24923 (32) sec
[704] Max 7206 (180) steps (0.0001 hrs) 0.00:-8022.25 24945 (22) sec
[705] Max 7206 (2501) steps (0.0007 hrs) 0.00:-8022.25 25001 (56) sec
[706] Max 7206 (368) steps (0.0001 hrs) 0.00:-8022.25 25024 (23) sec
[707] Max 7206 (1369) steps (0.0004 hrs) 0.00:-8022.25 25047 (23) sec
[708] Max 7206 (2368) steps (0.0007 hrs) 0.00:-8022.25 25093 (46) sec
[709] Max 7206 (356) steps (0.0001 hrs) 0.00:-8022.25 25115 (22) sec
[710] Max 7206 (213) steps (0.0001 hrs) 0.00:-8022.25 25138 (23) sec
[711] Max 7206 (1833) steps (0.0005 hrs) 0.00:-8022.25 25162 (24) sec
[712] Max 7206 (1989) steps (0.0006 hrs) 0.00:-8022.25 25216 (54) sec
[713] Max 7206 (1847) steps (0.0005 hrs) 0.00:-8022.25 25271 (55) sec
[714] Max 7206 (908) steps (0.0003 hrs) 0.00:-8022.25 25294 (23) sec
[715] Max 7206 (1507) steps (0.0004 hrs) 0.00:-8022.25 25317 (23) sec
[716] Max 7206 (1528) steps (0.0004 hrs) 0.00:-8022.25 25342 (25) sec
[717] Max 7206 (2157) steps (0.0006 hrs) 0.00:-8022.25 25396 (54) sec
[718] Max 7206 (2061) steps (0.0006 hrs) 0.00:-8022.25 25433 (37) sec
[719] Max 7206 (206) steps (0.0001 hrs) 0.00:-8022.25 25456 (23) sec
[720] Max 7206 (2139) steps (0.0006 hrs) 0.00:-8022.25 25504 (48) sec
[721] Max 7206 (1120) steps (0.0003 hrs) 0.00:-8022.25 25527 (23) sec
[722] Max 7206 (2064) steps (0.0006 hrs) 0.00:-8022.25 25581 (54) sec
[723] Max 7206 (1678) steps (0.0005 hrs) 0.00:-8022.25 25612 (31) sec
[724] Max 7206 (546) steps (0.0002 hrs) 0.00:-8022.25 25635 (23) sec
[725] Max 7206 (2792) steps (0.0008 hrs) 0.00:-8022.25 25689 (54) sec
[726] Max 7206 (1094) steps (0.0003 hrs) 0.00:-8022.25 25712 (23) sec
[727] Max 7206 (1640) steps (0.0005 hrs) 0.00:-8022.25 25735 (23) sec
[728] Max 7206 (2110) steps (0.0006 hrs) 0.00:-8022.25 25788 (53) sec
[729] Max 7206 (2005) steps (0.0006 hrs) 0.00:-8022.25 25841 (53) sec
[730] Max 7206 (463) steps (0.0001 hrs) 0.00:-8022.25 25864 (23) sec
[731] Max 7206 (1585) steps (0.0004 hrs) 0.00:-8022.25 25888 (24) sec
[732] Max 7206 (353) steps (0.0001 hrs) 0.00:-8022.25 25911 (23) sec
[733] Max 7206 (496) steps (0.0001 hrs) 0.00:-8022.25 25934 (23) sec
[734] Max 7206 (373) steps (0.0001 hrs) 0.00:-8022.25 25957 (23) sec
[735] Max 7206 (1752) steps (0.0005 hrs) 0.00:-8022.25 25986 (29) sec
[736] Max 7206 (2156) steps (0.0006 hrs) 0.00:-8022.25 26012 (26) sec
[737] Max 7206 (1882) steps (0.0005 hrs) 0.00:-8022.25 26053 (41) sec
[738] Max 7206 (2143) steps (0.0006 hrs) 0.00:-8022.25 26107 (54) sec
[739] Max 7206 (740) steps (0.0002 hrs) 0.00:-8022.25 26130 (23) sec
[740] Max 7206 (940) steps (0.0003 hrs) 0.00:-8022.25 26153 (23) sec
[741] Max 7206 (2351) steps (0.0007 hrs) 0.00:-8022.25 26207 (54) sec
[742] Max 7206 (2527) steps (0.0007 hrs) 0.00:-8022.25 26260 (53) sec
[743] Max 7206 (2492) steps (0.0007 hrs) 0.00:-8022.25 26314 (54) sec
[744] Max 7206 (267) steps (0.0001 hrs) 0.00:-8022.25 26337 (23) sec
[745] Max 7206 (350) steps (0.0001 hrs) 0.00:-8022.25 26360 (23) sec
[746] Max 7206 (2323) steps (0.0006 hrs) 0.00:-8022.25 26413 (53) sec
[747] Max 7206 (215) steps (0.0001 hrs) 0.00:-8022.25 26436 (23) sec
[748] Max 7206 (1493) steps (0.0004 hrs) 0.00:-8022.25 26459 (23) sec
[749] Max 7206 (1116) steps (0.0003 hrs) 0.00:-8022.25 26482 (23) sec
[750] Max 7206 (1760) steps (0.0005 hrs) 0.00:-8022.25 26506 (24) sec
[751] Max 7206 (2474) steps (0.0007 hrs) 0.00:-8022.25 26557 (51) sec
[752] Max 7206 (3448) steps (0.0010 hrs) 0.00:-8022.25 26602 (45) sec
[753] Max 7206 (774) steps (0.0002 hrs) 0.00:-8022.25 26625 (23) sec
[754] Max 7206 (351) steps (0.0001 hrs) 0.00:-8022.25 26648 (23) sec
[755] Max 7206 (333) steps (0.0001 hrs) 0.00:-8022.25 26671 (23) sec
[756] Max 7206 (2022) steps (0.0006 hrs) 0.00:-8022.25 26723 (52) sec
[757] Max 7206 (145) steps (0.0000 hrs) 0.00:-8022.25 26746 (23) sec
[758] Max 7206 (2337) steps (0.0006 hrs) 0.00:-8022.25 26801 (55) sec
[759] Max 7206 (180) steps (0.0001 hrs) 0.00:-8022.25 26823 (22) sec
[760] Max 7206 (1079) steps (0.0003 hrs) 0.00:-8022.25 26847 (24) sec
[761] Max 7206 (2074) steps (0.0006 hrs) 0.00:-8022.25 26889 (42) sec
[762] Max 7206 (985) steps (0.0003 hrs) 0.00:-8022.25 26912 (23) sec
[763] Max 7206 (2910) steps (0.0008 hrs) 0.00:-8022.25 26967 (55) sec
[764] Max 7206 (394) steps (0.0001 hrs) 0.00:-8022.25 26989 (22) sec
[765] Max 7206 (2818) steps (0.0008 hrs) 0.00:-8022.25 27045 (56) sec
[766] Max 7206 (1851) steps (0.0005 hrs) 0.00:-8022.25 27071 (26) sec
[767] Max 7206 (1883) steps (0.0005 hrs) 0.00:-8022.25 27126 (55) sec
[768] Max 7206 (981) steps (0.0003 hrs) 0.00:-8022.25 27150 (24) sec
[769] Max 7206 (2487) steps (0.0007 hrs) 0.00:-8022.25 27202 (52) sec
[770] Max 7206 (408) steps (0.0001 hrs) 0.00:-8022.25 27225 (23) sec
[771] Max 7206 (2321) steps (0.0006 hrs) 0.00:-8022.25 27277 (52) sec
[772] Max 7206 (371) steps (0.0001 hrs) 0.00:-8022.25 27300 (23) sec
[773] Max 7206 (1827) steps (0.0005 hrs) 0.00:-8022.25 27328 (28) sec
[774] Max 7206 (621) steps (0.0002 hrs) 0.00:-8022.25 27351 (23) sec
[775] Max 7206 (2142) steps (0.0006 hrs) 0.00:-8022.25 27375 (24) sec
[776] Max 7206 (1983) steps (0.0006 hrs) 0.00:-8022.25 27429 (54) sec
[777] Max 7206 (182) steps (0.0001 hrs) 0.00:-8022.25 27452 (23) sec
[778] Max 7206 (2234) steps (0.0006 hrs) 0.00:-8022.25 27506 (54) sec
[779] Max 7206 (1994) steps (0.0006 hrs) 0.00:-8022.25 27560 (54) sec
[780] Max 7206 (1895) steps (0.0005 hrs) 0.00:-8022.25 27586 (26) sec
[781] Max 7206 (1722) steps (0.0005 hrs) 0.00:-8022.25 27622 (36) sec
[782] Max 7206 (2273) steps (0.0006 hrs) 0.00:-8022.25 27676 (54) sec
[783] Max 7206 (309) steps (0.0001 hrs) 0.00:-8022.25 27699 (23) sec
[784] Max 7206 (534) steps (0.0001 hrs) 0.00:-8022.25 27722 (23) sec
[785] Max 7206 (567) steps (0.0002 hrs) 0.00:-8022.25 27745 (23) sec
[786] Max 7206 (2462) steps (0.0007 hrs) 0.00:-8022.25 27798 (53) sec
[787] Max 7206 (2203) steps (0.0006 hrs) 0.00:-8022.25 27852 (54) sec
[788] Max 7206 (994) steps (0.0003 hrs) 0.00:-8022.25 27876 (24) sec
[789] Max 7206 (259) steps (0.0001 hrs) 0.00:-8022.25 27899 (23) sec
[790] Max 7206 (800) steps (0.0002 hrs) 0.00:-8022.25 27922 (23) sec
[791] Max 7206 (755) steps (0.0002 hrs) 0.00:-8022.25 27945 (23) sec
[792] Max 7206 (222) steps (0.0001 hrs) 0.00:-8022.25 27967 (22) sec
[793] Max 7206 (2392) steps (0.0007 hrs) 0.00:-8022.25 28018 (51) sec
[794] Max 7206 (157) steps (0.0000 hrs) 0.00:-8022.25 28040 (22) sec
[795] Max 7206 (244) steps (0.0001 hrs) 0.00:-8022.25 28063 (23) sec
[796] Max 7206 (2355) steps (0.0007 hrs) 0.00:-8022.25 28099 (36) sec
[797] Max 7206 (2290) steps (0.0006 hrs) 0.00:-8022.25 28153 (54) sec
[798] Max 7206 (2137) steps (0.0006 hrs) 0.00:-8022.25 28210 (57) sec
[799] Max 7206 (1496) steps (0.0004 hrs) 0.00:-8022.25 28234 (24) sec
[800] Max 7206 (2508) steps (0.0007 hrs) 0.00:-8022.25 28257 (23) sec
[801] Max 7206 (718) steps (0.0002 hrs) 0.00:-8022.25 28280 (23) sec
[802] Max 7206 (852) steps (0.0002 hrs) 0.00:-8022.25 28303 (23) sec
[803] Max 7206 (2189) steps (0.0006 hrs) 0.00:-8022.25 28355 (52) sec
[804] Max 7206 (260) steps (0.0001 hrs) 0.00:-8022.25 28378 (23) sec
[805] Max 7206 (2156) steps (0.0006 hrs) 0.00:-8022.25 28431 (53) sec
[806] Max 7206 (2648) steps (0.0007 hrs) 0.00:-8022.25 28487 (56) sec
[807] Max 7206 (2518) steps (0.0007 hrs) 0.00:-8022.25 28538 (51) sec
[808] Max 7206 (561) steps (0.0002 hrs) 0.00:-8022.25 28561 (23) sec
[809] Max 7206 (2538) steps (0.0007 hrs) 0.00:-8022.25 28612 (51) sec
[810] Max 7206 (2559) steps (0.0007 hrs) 0.00:-8022.25 28666 (54) sec
[811] Max 7206 (250) steps (0.0001 hrs) 0.00:-8022.25 28689 (23) sec
[812] Max 7206 (176) steps (0.0000 hrs) 0.00:-8022.25 28712 (23) sec
[813] Max 7206 (427) steps (0.0001 hrs) 0.00:-8022.25 28734 (22) sec
[814] Max 7206 (2325) steps (0.0006 hrs) 0.00:-8022.25 28785 (51) sec
[815] Max 7206 (626) steps (0.0002 hrs) 0.00:-8022.25 28808 (23) sec
[816] Max 7206 (4994) steps (0.0014 hrs) 0.00:-8022.25 28868 (60) sec
[817] Max 7206 (689) steps (0.0002 hrs) 0.00:-8022.25 28891 (23) sec
[818] Max 7206 (1992) steps (0.0006 hrs) 0.00:-8022.25 28945 (54) sec
[819] Max 7206 (3339) steps (0.0009 hrs) 0.00:-8022.25 28989 (44) sec
[820] Max 7206 (343) steps (0.0001 hrs) 0.00:-8022.25 29012 (23) sec
[821] Max 7206 (375) steps (0.0001 hrs) 0.00:-8022.25 29034 (22) sec
[822] Max 7206 (2693) steps (0.0007 hrs) 0.00:-8022.25 29087 (53) sec
[823] Max 7206 (181) steps (0.0001 hrs) 0.00:-8022.25 29110 (23) sec
[824] Max 7206 (889) steps (0.0002 hrs) 0.00:-8022.25 29132 (22) sec
[825] Max 7206 (2988) steps (0.0008 hrs) 0.00:-8022.25 29180 (48) sec
[826] Max 7206 (1655) steps (0.0005 hrs) 0.00:-8022.25 29210 (30) sec
[827] Max 7206 (1966) steps (0.0005 hrs) 0.00:-8022.25 29235 (25) sec
[828] Max 7206 (534) steps (0.0001 hrs) 0.00:-8022.25 29258 (23) sec
[829] Max 7206 (2234) steps (0.0006 hrs) 0.00:-8022.25 29310 (52) sec
[830] Max 7206 (483) steps (0.0001 hrs) 0.00:-8022.25 29332 (22) sec
[831] Max 7206 (2166) steps (0.0006 hrs) 0.00:-8022.25 29386 (54) sec
[832] Max 7206 (746) steps (0.0002 hrs) 0.00:-8022.25 29409 (23) sec
[833] Max 7206 (1725) steps (0.0005 hrs) 0.00:-8022.25 29441 (32) sec
[834] Max 7206 (943) steps (0.0003 hrs) 0.00:-8022.25 29464 (23) sec
[835] Max 7206 (2078) steps (0.0006 hrs) 0.00:-8022.25 29511 (47) sec
[836] Max 7206 (640) steps (0.0002 hrs) 0.00:-8022.25 29534 (23) sec
[837] Max 7206 (621) steps (0.0002 hrs) 0.00:-8022.25 29557 (23) sec
[838] Max 7206 (2626) steps (0.0007 hrs) 0.00:-8022.25 29607 (50) sec
[839] Max 7206 (2589) steps (0.0007 hrs) 0.00:-8022.25 29657 (50) sec
[840] Max 7206 (2541) steps (0.0007 hrs) 0.00:-8022.25 29706 (49) sec
[841] Max 7206 (166) steps (0.0000 hrs) 0.00:-8022.25 29728 (22) sec
[842] Max 7206 (1927) steps (0.0005 hrs) 0.00:-8022.25 29775 (47) sec
[843] Max 7206 (2277) steps (0.0006 hrs) 0.00:-8022.25 29830 (55) sec
[844] Max 7206 (288) steps (0.0001 hrs) 0.00:-8022.25 29853 (23) sec
[845] Max 7206 (1528) steps (0.0004 hrs) 0.00:-8022.25 29878 (25) sec
[846] Max 7206 (1794) steps (0.0005 hrs) 0.00:-8022.25 29924 (46) sec
[847] Max 7206 (1671) steps (0.0005 hrs) 0.00:-8022.25 29965 (41) sec
[848] Max 7206 (950) steps (0.0003 hrs) 0.00:-8022.25 29988 (23) sec
[849] Max 7206 (432) steps (0.0001 hrs) 0.00:-8022.25 30011 (23) sec
[850] Max 7206 (2770) steps (0.0008 hrs) 0.00:-8022.25 30063 (52) sec
[851] Max 7206 (2837) steps (0.0008 hrs) 0.00:-8022.25 30093 (30) sec
[852] Max 7206 (830) steps (0.0002 hrs) 0.00:-8022.25 30116 (23) sec
[853] Max 7206 (259) steps (0.0001 hrs) 0.00:-8022.25 30138 (22) sec
[854] Max 7206 (2197) steps (0.0006 hrs) 0.00:-8022.25 30185 (47) sec
[855] Max 7206 (689) steps (0.0002 hrs) 0.00:-8022.25 30208 (23) sec
[856] Max 7206 (1123) steps (0.0003 hrs) 0.00:-8022.25 30231 (23) sec
[857] Max 7206 (2122) steps (0.0006 hrs) 0.00:-8022.25 30285 (54) sec
[858] Max 7206 (482) steps (0.0001 hrs) 0.00:-8022.25 30307 (22) sec
[859] Max 7206 (2970) steps (0.0008 hrs) 0.00:-8022.25 30344 (37) sec
[860] Max 7206 (2951) steps (0.0008 hrs) 0.00:-8022.25 30395 (51) sec
[861] Max 7206 (2269) steps (0.0006 hrs) 0.00:-8022.25 30421 (26) sec
[862] Max 7206 (1876) steps (0.0005 hrs) 0.00:-8022.25 30449 (28) sec
[863] Max 7206 (2685) steps (0.0007 hrs) 0.00:-8022.25 30501 (52) sec
[864] Max 7206 (2800) steps (0.0008 hrs) 0.00:-8022.25 30546 (45) sec
[865] Max 7206 (2549) steps (0.0007 hrs) 0.00:-8022.25 30600 (54) sec
[866] Max 7206 (2087) steps (0.0006 hrs) 0.00:-8022.25 30654 (54) sec
[867] Max 7206 (917) steps (0.0003 hrs) 0.00:-8022.25 30677 (23) sec
[868] Max 7206 (1875) steps (0.0005 hrs) 0.00:-8022.25 30731 (54) sec
[869] Max 7206 (844) steps (0.0002 hrs) 0.00:-8022.25 30754 (23) sec
[870] Max 7206 (349) steps (0.0001 hrs) 0.00:-8022.25 30776 (22) sec
[871] Max 7206 (192) steps (0.0001 hrs) 0.00:-8022.25 30799 (23) sec
[872] Max 7206 (2317) steps (0.0006 hrs) 0.00:-8022.25 30852 (53) sec
[873] Max 7206 (147) steps (0.0000 hrs) 0.00:-8022.25 30875 (23) sec
[874] Max 7206 (1860) steps (0.0005 hrs) 0.00:-8022.25 30899 (24) sec
[875] Max 7206 (1716) steps (0.0005 hrs) 0.00:-8022.25 30922 (23) sec
[876] Max 7206 (160) steps (0.0000 hrs) 0.00:-8022.25 30945 (23) sec
[877] Max 7206 (419) steps (0.0001 hrs) 0.00:-8022.25 30967 (22) sec
[878] Max 7206 (1498) steps (0.0004 hrs) 0.00:-8022.25 30992 (25) sec
[879] Max 7206 (336) steps (0.0001 hrs) 0.00:-8022.25 31014 (22) sec
[880] Max 7206 (393) steps (0.0001 hrs) 0.00:-8022.25 31037 (23) sec
[881] Max 7206 (1290) steps (0.0004 hrs) 0.00:-8022.25 31060 (23) sec
[882] Max 7206 (1876) steps (0.0005 hrs) 0.00:-8022.25 31085 (25) sec
[883] Max 7206 (1956) steps (0.0005 hrs) 0.00:-8022.25 31111 (26) sec
[884] Max 7206 (469) steps (0.0001 hrs) 0.00:-8022.25 31134 (23) sec
[885] Max 7206 (2243) steps (0.0006 hrs) 0.00:-8022.25 31187 (53) sec
[886] Max 7206 (2329) steps (0.0006 hrs) 0.00:-8022.25 31240 (53) sec
[887] Max 7206 (2168) steps (0.0006 hrs) 0.00:-8022.25 31291 (51) sec
[888] Max 7206 (896) steps (0.0002 hrs) 0.00:-8022.25 31314 (23) sec
[889] Max 7206 (343) steps (0.0001 hrs) 0.00:-8022.25 31337 (23) sec
[890] Max 7206 (245) steps (0.0001 hrs) 0.00:-8022.25 31359 (22) sec
[891] Max 7206 (495) steps (0.0001 hrs) 0.00:-8022.25 31382 (23) sec
[892] Max 7206 (2260) steps (0.0006 hrs) 0.00:-8022.25 31436 (54) sec
[893] Max 7206 (989) steps (0.0003 hrs) 0.00:-8022.25 31459 (23) sec
[894] Max 7206 (248) steps (0.0001 hrs) 0.00:-8022.25 31482 (23) sec
[895] Max 7206 (2236) steps (0.0006 hrs) 0.00:-8022.25 31535 (53) sec
[896] Max 7206 (1592) steps (0.0004 hrs) 0.00:-8022.25 31558 (23) sec
[897] Max 7206 (1924) steps (0.0005 hrs) 0.00:-8022.25 31583 (25) sec
[898] Max 7206 (249) steps (0.0001 hrs) 0.00:-8022.25 31606 (23) sec
[899] Max 7206 (550) steps (0.0002 hrs) 0.00:-8022.25 31628 (22) sec
[900] Max 7206 (2521) steps (0.0007 hrs) 0.00:-8022.25 31682 (54) sec
[901] Max 7206 (2253) steps (0.0006 hrs) 0.00:-8022.25 31738 (56) sec
[902] Max 7206 (2375) steps (0.0007 hrs) 0.00:-8022.25 31792 (54) sec
[903] Max 7206 (2233) steps (0.0006 hrs) 0.00:-8022.25 31841 (49) sec
[904] Max 7206 (1990) steps (0.0006 hrs) 0.00:-8022.25 31896 (55) sec
[905] Max 7206 (2780) steps (0.0008 hrs) 0.00:-8022.25 31951 (55) sec
[906] Max 7206 (3353) steps (0.0009 hrs) 0.00:-8022.25 32004 (53) sec
[907] Max 7206 (2136) steps (0.0006 hrs) 0.00:-8022.25 32057 (53) sec
[908] Max 7206 (937) steps (0.0003 hrs) 0.00:-8022.25 32080 (23) sec
[909] Max 7206 (3137) steps (0.0009 hrs) 0.00:-8022.25 32139 (59) sec
[910] Max 7206 (2014) steps (0.0006 hrs) 0.00:-8022.25 32192 (53) sec
[911] Max 7206 (202) steps (0.0001 hrs) 0.00:-8022.25 32215 (23) sec
[912] Max 7206 (2146) steps (0.0006 hrs) 0.00:-8022.25 32268 (53) sec
[913] Max 7206 (2147) steps (0.0006 hrs) 0.00:-8022.25 32316 (48) sec
[914] Max 7206 (2386) steps (0.0007 hrs) 0.00:-8022.25 32369 (53) sec
[915] Max 7206 (973) steps (0.0003 hrs) 0.00:-8022.25 32392 (23) sec
[916] Max 7206 (970) steps (0.0003 hrs) 0.00:-8022.25 32415 (23) sec
[917] Max 7206 (1668) steps (0.0005 hrs) 0.00:-8022.25 32444 (29) sec
[918] Max 7206 (2137) steps (0.0006 hrs) 0.00:-8022.25 32498 (54) sec
[919] Max 7206 (3241) steps (0.0009 hrs) 0.00:-8022.25 32521 (23) sec
[920] Max 7206 (2039) steps (0.0006 hrs) 0.00:-8022.25 32573 (52) sec
[921] Max 7206 (2076) steps (0.0006 hrs) 0.00:-8022.25 32611 (38) sec
[922] Max 7206 (2133) steps (0.0006 hrs) 0.00:-8022.25 32664 (53) sec
[923] Max 7206 (603) steps (0.0002 hrs) 0.00:-8022.25 32687 (23) sec
[924] Max 7206 (3303) steps (0.0009 hrs) 0.00:-8022.25 32741 (54) sec
[925] Max 7206 (1304) steps (0.0004 hrs) 0.00:-8022.25 32763 (22) sec
[926] Max 7206 (2104) steps (0.0006 hrs) 0.00:-8022.25 32816 (53) sec
[927] Max 7206 (1300) steps (0.0004 hrs) 0.00:-8022.25 32839 (23) sec
[928] Max 7206 (2825) steps (0.0008 hrs) 0.00:-8022.25 32893 (54) sec
[929] Max 7206 (499) steps (0.0001 hrs) 0.00:-8022.25 32915 (22) sec
[930] Max 7206 (375) steps (0.0001 hrs) 0.00:-8022.25 32938 (23) sec
[931] Max 7206 (674) steps (0.0002 hrs) 0.00:-8022.25 32960 (22) sec
[932] Max 7206 (2316) steps (0.0006 hrs) 0.00:-8022.25 33001 (41) sec
[933] Max 7206 (2403) steps (0.0007 hrs) 0.00:-8022.25 33042 (41) sec
[934] Max 7206 (145) steps (0.0000 hrs) 0.00:-8022.25 33064 (22) sec
[935] Max 7206 (2667) steps (0.0007 hrs) 0.00:-8022.25 33118 (54) sec
[936] Max 11953 (11953) steps (0.0033 hrs) 0.00:-8022.25 33164 (46) sec
[937] Max 11953 (1696) steps (0.0005 hrs) 0.00:-8022.25 33193 (29) sec
[938] Max 11953 (3081) steps (0.0009 hrs) 0.00:-8022.25 33223 (30) sec
[939] Max 11953 (254) steps (0.0001 hrs) 0.00:-8022.25 33245 (22) sec
[940] Max 11953 (259) steps (0.0001 hrs) 0.00:-8022.25 33268 (23) sec
[941] Max 11953 (2257) steps (0.0006 hrs) 0.00:-8022.25 33307 (39) sec
[942] Max 11953 (589) steps (0.0002 hrs) 0.00:-8022.25 33330 (23) sec
[943] Max 11953 (1327) steps (0.0004 hrs) 0.00:-8022.25 33352 (22) sec
[944] Max 11953 (1908) steps (0.0005 hrs) 0.00:-8022.25 33402 (50) sec
[945] Max 11953 (247) steps (0.0001 hrs) 0.00:-8022.25 33425 (23) sec
[946] Max 11953 (2633) steps (0.0007 hrs) 0.00:-8022.25 33453 (28) sec
[947] Max 11953 (2586) steps (0.0007 hrs) 0.00:-8022.25 33508 (55) sec
[948] Max 11953 (1120) steps (0.0003 hrs) 0.00:-8022.25 33531 (23) sec
[949] Max 11953 (1774) steps (0.0005 hrs) 0.00:-8022.25 33557 (26) sec
[950] Max 11953 (2170) steps (0.0006 hrs) 0.00:-8022.25 33610 (53) sec
[951] Max 11953 (245) steps (0.0001 hrs) 0.00:-8022.25 33632 (22) sec
[952] Max 11953 (2174) steps (0.0006 hrs) 0.00:-8022.25 33683 (51) sec
[953] Max 11953 (1934) steps (0.0005 hrs) 0.00:-8022.25 33734 (51) sec
[954] Max 11953 (832) steps (0.0002 hrs) 0.00:-8022.25 33756 (22) sec
[955] Max 11953 (329) steps (0.0001 hrs) 0.00:-8022.25 33779 (23) sec
[956] Max 11953 (198) steps (0.0001 hrs) 0.00:-8022.25 33801 (22) sec
[957] Max 11953 (1132) steps (0.0003 hrs) 0.00:-8022.25 33824 (23) sec
[958] Max 11953 (2344) steps (0.0007 hrs) 0.00:-8022.25 33850 (26) sec
[959] Max 11953 (2285) steps (0.0006 hrs) 0.00:-8022.25 33903 (53) sec
[960] Max 11953 (2624) steps (0.0007 hrs) 0.00:-8022.25 33957 (54) sec
[961] Max 11953 (375) steps (0.0001 hrs) 0.00:-8022.25 33980 (23) sec
[962] Max 11953 (871) steps (0.0002 hrs) 0.00:-8022.25 34002 (22) sec
[963] Max 11953 (147) steps (0.0000 hrs) 0.00:-8022.25 34025 (23) sec
[964] Max 11953 (338) steps (0.0001 hrs) 0.00:-8022.25 34047 (22) sec
[965] Max 11953 (1418) steps (0.0004 hrs) 0.00:-8022.25 34073 (26) sec
[966] Max 11953 (1240) steps (0.0003 hrs) 0.00:-8022.25 34095 (22) sec
[967] Max 11953 (1041) steps (0.0003 hrs) 0.00:-8022.25 34118 (23) sec
[968] Max 11953 (2002) steps (0.0006 hrs) 0.00:-8022.25 34172 (54) sec
[969] Max 11953 (961) steps (0.0003 hrs) 0.00:-8022.25 34195 (23) sec
[970] Max 11953 (264) steps (0.0001 hrs) 0.00:-8022.25 34217 (22) sec
[971] Max 11953 (2008) steps (0.0006 hrs) 0.00:-8022.25 34239 (22) sec
[972] Max 11953 (2276) steps (0.0006 hrs) 0.00:-8022.25 34293 (54) sec
[973] Max 11953 (228) steps (0.0001 hrs) 0.00:-8022.25 34317 (24) sec
[974] Max 11953 (2025) steps (0.0006 hrs) 0.00:-8022.25 34362 (45) sec
[975] Max 11953 (967) steps (0.0003 hrs) 0.00:-8022.25 34381 (19) sec
[976] Max 11953 (2417) steps (0.0007 hrs) 0.00:-8022.25 34425 (44) sec
[977] Max 11953 (348) steps (0.0001 hrs) 0.00:-8022.25 34444 (19) sec
[978] Max 11953 (714) steps (0.0002 hrs) 0.00:-8022.25 34463 (19) sec
[979] Max 11953 (1887) steps (0.0005 hrs) 0.00:-8022.25 34499 (36) sec
[980] Max 11953 (1222) steps (0.0003 hrs) 0.00:-8022.25 34518 (19) sec
[981] Max 11953 (503) steps (0.0001 hrs) 0.00:-8022.25 34537 (19) sec
[982] Max 11953 (164) steps (0.0000 hrs) 0.00:-8022.25 34556 (19) sec
[983] Max 11953 (1155) steps (0.0003 hrs) 0.00:-8022.25 34575 (19) sec
[984] Max 11953 (250) steps (0.0001 hrs) 0.00:-8022.25 34594 (19) sec
[985] Max 11953 (1896) steps (0.0005 hrs) 0.00:-8022.25 34618 (24) sec
[986] Max 11953 (2808) steps (0.0008 hrs) 0.00:-8022.25 34667 (49) sec
[987] Max 11953 (2242) steps (0.0006 hrs) 0.00:-8022.25 34710 (43) sec
[988] Max 11953 (1716) steps (0.0005 hrs) 0.00:-8022.25 34741 (31) sec
[989] Max 11953 (2545) steps (0.0007 hrs) 0.00:-8022.25 34782 (41) sec
[990] Max 11953 (2141) steps (0.0006 hrs) 0.00:-8022.25 34809 (27) sec
[991] Max 11953 (2238) steps (0.0006 hrs) 0.00:-8022.25 34854 (45) sec
[992] Max 11953 (1364) steps (0.0004 hrs) 0.00:-8022.25 34874 (20) sec
[993] Max 11953 (1868) steps (0.0005 hrs) 0.00:-8022.25 34898 (24) sec
[994] Max 11953 (1372) steps (0.0004 hrs) 0.00:-8022.25 34918 (20) sec
[995] Max 11953 (804) steps (0.0002 hrs) 0.00:-8022.25 34937 (19) sec
[996] Max 11953 (1966) steps (0.0005 hrs) 0.00:-8022.25 34982 (45) sec
[997] Max 11953 (2354) steps (0.0007 hrs) 0.00:-8022.25 35006 (24) sec
[998] Max 11953 (2531) steps (0.0007 hrs) 0.00:-8022.25 35051 (45) sec
[999] Max 11953 (2343) steps (0.0007 hrs) 0.00:-8022.25 35098 (47) sec
[1000] Max 11953 (2019) steps (0.0006 hrs) 0.00:-8022.25 35124 (26) sec
Total Elapsed time: 35124 seconds
Wrote current data to latest.train
