balanced 0 test_flag 0
[1] Ep10000: Max 2578 (2578) steps (0.0007 hrs) -nan:-nan 16 (16) sec
[2] Ep10000: Max 2837 (2837) steps (0.0008 hrs) -nan:-nan 40 (24) sec
[3] Ep10000: Max 3326 (3326) steps (0.0009 hrs) -nan:-nan 72 (32) sec
[4] Ep10000: Max 3326 (2761) steps (0.0008 hrs) -nan:-nan 91 (19) sec
[5] Ep10000: Max 3326 (1951) steps (0.0005 hrs) -nan:-nan 114 (23) sec
[6] Ep10000: Max 3326 (1979) steps (0.0005 hrs) -nan:-nan 129 (15) sec
[7] Ep10000: Max 9455 (9455) steps (0.0026 hrs) -nan:-nan 198 (69) sec
[8] Ep10000: Max 9455 (3007) steps (0.0008 hrs) -nan:-nan 220 (22) sec
[9] Ep10000: Max 9455 (2215) steps (0.0006 hrs) -nan:-nan 236 (16) sec
[10] Ep10000: Max 9455 (2263) steps (0.0006 hrs) -nan:-nan 262 (26) sec
[11] Ep10000: Max 9455 (2121) steps (0.0006 hrs) -nan:-nan 280 (18) sec
[12] Ep10000: Max 9455 (2720) steps (0.0008 hrs) -nan:-nan 305 (25) sec
[13] Ep10000: Max 9455 (2133) steps (0.0006 hrs) -nan:-nan 325 (20) sec
[14] Ep10000: Max 9455 (2469) steps (0.0007 hrs) -nan:-nan 356 (31) sec
[15] Ep10000: Max 9455 (2480) steps (0.0007 hrs) -nan:-nan 379 (23) sec
[16] Ep10000: Max 9455 (1791) steps (0.0005 hrs) -nan:-nan 396 (17) sec
[17] Ep10000: Max 9455 (2656) steps (0.0007 hrs) -nan:-nan 416 (20) sec
[18] Ep10000: Max 9455 (2005) steps (0.0006 hrs) -nan:-nan 432 (16) sec
[19] Ep10000: Max 9455 (1697) steps (0.0005 hrs) -nan:-nan 448 (16) sec
[20] Ep10000: Max 9455 (3104) steps (0.0009 hrs) -nan:-nan 472 (24) sec
[21] Ep10000: Max 9455 (2187) steps (0.0006 hrs) -nan:-nan 487 (15) sec
[22] Ep10000: Max 9455 (1926) steps (0.0005 hrs) -nan:-nan 502 (15) sec
[23] Ep10000: Max 9455 (1776) steps (0.0005 hrs) -nan:-nan 517 (15) sec
[24] Ep10000: Max 9455 (5151) steps (0.0014 hrs) -nan:-nan 542 (25) sec
[25] Ep10000: Max 9455 (2611) steps (0.0007 hrs) -nan:-nan 562 (20) sec
[26] Ep10000: Max 9455 (3479) steps (0.0010 hrs) -nan:-nan 585 (23) sec
[27] Ep10000: Max 9455 (1486) steps (0.0004 hrs) -nan:-nan 598 (13) sec
[28] Ep10000: Max 9455 (1918) steps (0.0005 hrs) -nan:-nan 623 (25) sec
[29] Ep10000: Max 9455 (1933) steps (0.0005 hrs) -nan:-nan 642 (19) sec
[30] Ep10000: Max 9455 (3038) steps (0.0008 hrs) -nan:-nan 672 (30) sec
[31] Ep10000: Max 9455 (3120) steps (0.0009 hrs) -nan:-nan 694 (22) sec
[32] Ep10000: Max 9455 (2310) steps (0.0006 hrs) -nan:-nan 720 (26) sec
[33] Ep10000: Max 9455 (2737) steps (0.0008 hrs) -nan:-nan 752 (32) sec
[34] Ep10000: Max 9455 (1965) steps (0.0005 hrs) -nan:-nan 771 (19) sec
[35] Ep10000: Max 9455 (2244) steps (0.0006 hrs) -nan:-nan 799 (28) sec
[36] Ep10000: Max 9455 (2107) steps (0.0006 hrs) -nan:-nan 813 (14) sec
[37] Ep10000: Max 9455 (2918) steps (0.0008 hrs) -nan:-nan 834 (21) sec
[38] Ep10000: Max 9455 (2114) steps (0.0006 hrs) -nan:-nan 850 (16) sec
[39] Ep10000: Max 9455 (2281) steps (0.0006 hrs) -nan:-nan 867 (17) sec
[40] Ep10000: Max 9455 (1312) steps (0.0004 hrs) -nan:-nan 881 (14) sec
[41] Ep10000: Max 9455 (2303) steps (0.0006 hrs) -nan:-nan 907 (26) sec
[42] Ep10000: Max 9455 (1717) steps (0.0005 hrs) -nan:-nan 926 (19) sec
[43] Ep10000: Max 9455 (1302) steps (0.0004 hrs) -nan:-nan 941 (15) sec
[44] Ep10000: Max 9455 (2354) steps (0.0007 hrs) -nan:-nan 964 (23) sec
[45] Ep10000: Max 9455 (2262) steps (0.0006 hrs) -nan:-nan 985 (21) sec
[46] Ep10000: Max 9455 (2326) steps (0.0006 hrs) -nan:-nan 1011 (26) sec
[47] Ep10000: Max 9455 (1706) steps (0.0005 hrs) -nan:-nan 1030 (19) sec
[48] Ep10000: Max 9455 (1607) steps (0.0004 hrs) -nan:-nan 1045 (15) sec
[49] Ep10000: Max 9455 (1883) steps (0.0005 hrs) -nan:-nan 1072 (27) sec
[50] Ep10000: Max 9455 (3633) steps (0.0010 hrs) -nan:-nan 1096 (24) sec
[51] Ep10000: Max 9455 (4209) steps (0.0012 hrs) -nan:-nan 1117 (21) sec
[52] Ep10000: Max 9455 (2046) steps (0.0006 hrs) -nan:-nan 1140 (23) sec
[53] Ep10000: Max 9455 (1784) steps (0.0005 hrs) -nan:-nan 1154 (14) sec
[54] Ep10000: Max 9455 (2160) steps (0.0006 hrs) -nan:-nan 1171 (17) sec
[55] Ep10000: Max 9455 (1710) steps (0.0005 hrs) -nan:-nan 1186 (15) sec
[56] Ep10000: Max 9455 (2289) steps (0.0006 hrs) -nan:-nan 1213 (27) sec
[57] Ep10000: Max 9455 (1699) steps (0.0005 hrs) -nan:-nan 1229 (16) sec
[58] Ep10000: Max 9455 (2144) steps (0.0006 hrs) -nan:-nan 1260 (31) sec
[59] Ep10000: Max 9455 (1847) steps (0.0005 hrs) -nan:-nan 1280 (20) sec
[60] Ep10000: Max 9455 (1661) steps (0.0005 hrs) -nan:-nan 1295 (15) sec
[61] Ep10000: Max 9455 (3219) steps (0.0009 hrs) -nan:-nan 1320 (25) sec
[62] Ep10000: Max 9455 (2719) steps (0.0008 hrs) -nan:-nan 1354 (34) sec
[63] Ep10000: Max 9455 (1679) steps (0.0005 hrs) -nan:-nan 1367 (13) sec
[64] Ep10000: Max 9455 (2003) steps (0.0006 hrs) -nan:-nan 1391 (24) sec
[65] Ep10000: Max 9455 (1759) steps (0.0005 hrs) -nan:-nan 1407 (16) sec
[66] Ep10000: Max 9455 (2096) steps (0.0006 hrs) -nan:-nan 1426 (19) sec
[67] Ep10000: Max 9455 (1938) steps (0.0005 hrs) -nan:-nan 1441 (15) sec
[68] Ep10000: Max 9455 (2192) steps (0.0006 hrs) -nan:-nan 1458 (17) sec
[69] Ep10000: Max 9455 (1854) steps (0.0005 hrs) -nan:-nan 1481 (23) sec
[70] Ep10000: Max 9455 (4662) steps (0.0013 hrs) -nan:-nan 1508 (27) sec
[71] Ep10000: Max 9455 (3201) steps (0.0009 hrs) -nan:-nan 1540 (32) sec
[72] Ep10000: Max 9455 (2073) steps (0.0006 hrs) -nan:-nan 1569 (29) sec
[73] Ep10000: Max 9455 (1596) steps (0.0004 hrs) -nan:-nan 1582 (13) sec
[74] Ep10000: Max 9455 (1723) steps (0.0005 hrs) -nan:-nan 1602 (20) sec
[75] Ep10000: Max 9455 (2383) steps (0.0007 hrs) -nan:-nan 1621 (19) sec
[76] Ep10000: Max 9455 (2055) steps (0.0006 hrs) -nan:-nan 1639 (18) sec
[77] Ep10000: Max 9455 (2277) steps (0.0006 hrs) -nan:-nan 1663 (24) sec
[78] Ep10000: Max 9455 (1977) steps (0.0005 hrs) -nan:-nan 1697 (34) sec
[79] Ep10000: Max 9455 (2722) steps (0.0008 hrs) -nan:-nan 1715 (18) sec
[80] Ep10000: Max 9455 (1826) steps (0.0005 hrs) -nan:-nan 1734 (19) sec
[81] Ep10000: Max 9455 (3483) steps (0.0010 hrs) -nan:-nan 1762 (28) sec
[82] Ep10000: Max 9455 (2715) steps (0.0008 hrs) -nan:-nan 1791 (29) sec
[83] Ep10000: Max 9455 (3449) steps (0.0010 hrs) -nan:-nan 1813 (22) sec
[84] Ep10000: Max 9455 (1512) steps (0.0004 hrs) -nan:-nan 1830 (17) sec
[85] Ep10000: Max 9455 (1577) steps (0.0004 hrs) -nan:-nan 1844 (14) sec
[86] Ep10000: Max 9455 (1820) steps (0.0005 hrs) -nan:-nan 1860 (16) sec
[87] Ep10000: Max 9455 (3610) steps (0.0010 hrs) -nan:-nan 1881 (21) sec
[88] Ep10000: Max 9455 (1878) steps (0.0005 hrs) -nan:-nan 1896 (15) sec
[89] Ep10000: Max 9455 (2259) steps (0.0006 hrs) -nan:-nan 1911 (15) sec
[90] Ep10000: Max 9455 (4362) steps (0.0012 hrs) -nan:-nan 1940 (29) sec
[91] Ep10000: Max 9455 (1650) steps (0.0005 hrs) -nan:-nan 1954 (14) sec
[92] Ep10000: Max 9455 (2121) steps (0.0006 hrs) -nan:-nan 1971 (17) sec
[93] Ep10000: Max 9455 (3486) steps (0.0010 hrs) -nan:-nan 1996 (25) sec
[94] Ep10000: Max 9455 (2347) steps (0.0007 hrs) -nan:-nan 2020 (24) sec
[95] Ep10000: Max 9455 (1586) steps (0.0004 hrs) -nan:-nan 2036 (16) sec
[96] Ep10000: Max 9455 (1815) steps (0.0005 hrs) -nan:-nan 2052 (16) sec
[97] Ep10000: Max 9455 (3064) steps (0.0009 hrs) -nan:-nan 2077 (25) sec
[98] Ep10000: Max 9455 (2027) steps (0.0006 hrs) -nan:-nan 2090 (13) sec
[99] Ep10000: Max 9455 (4873) steps (0.0014 hrs) -nan:-nan 2114 (24) sec
[100] Ep10000: Max 9455 (2827) steps (0.0008 hrs) -nan:-nan 2140 (26) sec
[101] Ep10000: Max 9455 (2325) steps (0.0006 hrs) -nan:-nan 2154 (14) sec
[102] Ep10000: Max 9455 (2199) steps (0.0006 hrs) -nan:-nan 2183 (29) sec
[103] Ep10000: Max 9455 (2216) steps (0.0006 hrs) -nan:-nan 2200 (17) sec
[104] Ep10000: Max 146167 (146167) steps (0.0406 hrs) -nan:-nan 2233 (33) sec
[105] Ep10000: Max 146167 (2017) steps (0.0006 hrs) -nan:-nan 2249 (16) sec
[106] Ep10000: Max 146167 (3035) steps (0.0008 hrs) -nan:-nan 2275 (26) sec
[107] Ep10000: Max 146167 (1516) steps (0.0004 hrs) -nan:-nan 2288 (13) sec
[108] Ep10000: Max 146167 (3284) steps (0.0009 hrs) -nan:-nan 2313 (25) sec
[109] Ep10000: Max 146167 (1566) steps (0.0004 hrs) -nan:-nan 2328 (15) sec
[110] Ep10000: Max 146167 (1722) steps (0.0005 hrs) -nan:-nan 2345 (17) sec
[111] Ep10000: Max 146167 (2393) steps (0.0007 hrs) -nan:-nan 2366 (21) sec
[112] Ep10000: Max 146167 (1959) steps (0.0005 hrs) -nan:-nan 2385 (19) sec
[113] Ep10000: Max 146167 (2820) steps (0.0008 hrs) -nan:-nan 2414 (29) sec
[114] Ep10000: Max 146167 (2175) steps (0.0006 hrs) -nan:-nan 2443 (29) sec
[115] Ep10000: Max 146167 (1911) steps (0.0005 hrs) -nan:-nan 2457 (14) sec
[116] Ep10000: Max 146167 (2185) steps (0.0006 hrs) -nan:-nan 2479 (22) sec
[117] Ep10000: Max 146167 (2511) steps (0.0007 hrs) -nan:-nan 2495 (16) sec
[118] Ep10000: Max 146167 (2025) steps (0.0006 hrs) -nan:-nan 2509 (14) sec
[119] Ep10000: Max 146167 (2445) steps (0.0007 hrs) -nan:-nan 2526 (17) sec
[120] Ep10000: Max 146167 (1860) steps (0.0005 hrs) -nan:-nan 2543 (17) sec
[121] Ep10000: Max 146167 (2310) steps (0.0006 hrs) -nan:-nan 2563 (20) sec
[122] Ep10000: Max 146167 (2171) steps (0.0006 hrs) -nan:-nan 2590 (27) sec
[123] Ep10000: Max 146167 (3272) steps (0.0009 hrs) -nan:-nan 2614 (24) sec
[124] Ep10000: Max 146167 (2076) steps (0.0006 hrs) -nan:-nan 2632 (18) sec
[125] Ep10000: Max 146167 (2336) steps (0.0006 hrs) -nan:-nan 2649 (17) sec
[126] Ep10000: Max 146167 (1920) steps (0.0005 hrs) -nan:-nan 2671 (22) sec
[127] Ep10000: Max 146167 (2032) steps (0.0006 hrs) -nan:-nan 2697 (26) sec
[128] Ep10000: Max 146167 (2434) steps (0.0007 hrs) -nan:-nan 2714 (17) sec
[129] Ep10000: Max 146167 (1607) steps (0.0004 hrs) -nan:-nan 2728 (14) sec
[130] Ep10000: Max 146167 (2902) steps (0.0008 hrs) -nan:-nan 2757 (29) sec
[131] Ep10000: Max 146167 (3604) steps (0.0010 hrs) -nan:-nan 2777 (20) sec
[132] Ep10000: Max 146167 (2693) steps (0.0007 hrs) -nan:-nan 2795 (18) sec
[133] Ep10000: Max 146167 (2777) steps (0.0008 hrs) -nan:-nan 2817 (22) sec
[134] Ep10000: Max 146167 (2820) steps (0.0008 hrs) -nan:-nan 2845 (28) sec
[135] Ep10000: Max 146167 (2242) steps (0.0006 hrs) -nan:-nan 2870 (25) sec
[136] Ep10000: Max 146167 (2518) steps (0.0007 hrs) -nan:-nan 2891 (21) sec
[137] Ep10000: Max 146167 (2237) steps (0.0006 hrs) -nan:-nan 2909 (18) sec
[138] Ep10000: Max 146167 (1830) steps (0.0005 hrs) -nan:-nan 2926 (17) sec
[139] Ep10000: Max 146167 (3300) steps (0.0009 hrs) -nan:-nan 2956 (30) sec
[140] Ep10000: Max 146167 (1975) steps (0.0005 hrs) -nan:-nan 2984 (28) sec
[141] Ep10000: Max 146167 (2271) steps (0.0006 hrs) -nan:-nan 3006 (22) sec
[142] Ep10000: Max 146167 (2171) steps (0.0006 hrs) -nan:-nan 3027 (21) sec
[143] Ep10000: Max 146167 (2358) steps (0.0007 hrs) -nan:-nan 3055 (28) sec
[144] Ep10000: Max 146167 (1687) steps (0.0005 hrs) -nan:-nan 3070 (15) sec
[145] Ep10000: Max 146167 (1586) steps (0.0004 hrs) -nan:-nan 3084 (14) sec
[146] Ep10000: Max 146167 (2255) steps (0.0006 hrs) -nan:-nan 3105 (21) sec
[147] Ep10000: Max 146167 (2268) steps (0.0006 hrs) -nan:-nan 3121 (16) sec
[148] Ep10000: Max 146167 (3289) steps (0.0009 hrs) -nan:-nan 3150 (29) sec
[149] Ep10000: Max 146167 (1793) steps (0.0005 hrs) -nan:-nan 3164 (14) sec
[150] Ep10000: Max 146167 (3833) steps (0.0011 hrs) -nan:-nan 3194 (30) sec
[151] Ep10000: Max 146167 (2304) steps (0.0006 hrs) -nan:-nan 3213 (19) sec
[152] Ep10000: Max 146167 (2092) steps (0.0006 hrs) -nan:-nan 3231 (18) sec
[153] Ep10000: Max 146167 (2419) steps (0.0007 hrs) -nan:-nan 3260 (29) sec
[154] Ep10000: Max 146167 (1746) steps (0.0005 hrs) -nan:-nan 3273 (13) sec
[155] Ep10000: Max 146167 (2099) steps (0.0006 hrs) -nan:-nan 3295 (22) sec
[156] Ep10000: Max 146167 (4006) steps (0.0011 hrs) -nan:-nan 3316 (21) sec
[157] Ep10000: Max 146167 (1285) steps (0.0004 hrs) -nan:-nan 3330 (14) sec
[158] Ep10000: Max 146167 (2729) steps (0.0008 hrs) -nan:-nan 3352 (22) sec
[159] Ep10000: Max 146167 (2282) steps (0.0006 hrs) -nan:-nan 3380 (28) sec
[160] Ep10000: Max 146167 (1996) steps (0.0006 hrs) -nan:-nan 3404 (24) sec
[161] Ep10000: Max 146167 (1567) steps (0.0004 hrs) -nan:-nan 3416 (12) sec
[162] Ep10000: Max 146167 (2090) steps (0.0006 hrs) -nan:-nan 3440 (24) sec
[163] Ep10000: Max 146167 (2674) steps (0.0007 hrs) -nan:-nan 3456 (16) sec
[164] Ep10000: Max 146167 (1977) steps (0.0005 hrs) -nan:-nan 3474 (18) sec
[165] Ep10000: Max 146167 (2766) steps (0.0008 hrs) -nan:-nan 3498 (24) sec
[166] Ep10000: Max 146167 (4036) steps (0.0011 hrs) -nan:-nan 3527 (29) sec
[167] Ep10000: Max 146167 (1726) steps (0.0005 hrs) -nan:-nan 3540 (13) sec
[168] Ep10000: Max 146167 (2073) steps (0.0006 hrs) -nan:-nan 3557 (17) sec
[169] Ep10000: Max 146167 (2144) steps (0.0006 hrs) -nan:-nan 3571 (14) sec
[170] Ep10000: Max 146167 (2265) steps (0.0006 hrs) -nan:-nan 3599 (28) sec
[171] Ep10000: Max 146167 (3187) steps (0.0009 hrs) -nan:-nan 3628 (29) sec
[172] Ep10000: Max 146167 (1248) steps (0.0003 hrs) -nan:-nan 3641 (13) sec
[173] Ep10000: Max 146167 (1473) steps (0.0004 hrs) -nan:-nan 3654 (13) sec
[174] Ep10000: Max 146167 (3194) steps (0.0009 hrs) -nan:-nan 3684 (30) sec
[175] Ep10000: Max 146167 (2264) steps (0.0006 hrs) -nan:-nan 3701 (17) sec
[176] Ep10000: Max 146167 (2924) steps (0.0008 hrs) -nan:-nan 3722 (21) sec
[177] Ep10000: Max 146167 (2444) steps (0.0007 hrs) -nan:-nan 3736 (14) sec
[178] Ep10000: Max 146167 (1873) steps (0.0005 hrs) -nan:-nan 3751 (15) sec
[179] Ep10000: Max 146167 (1942) steps (0.0005 hrs) -nan:-nan 3767 (16) sec
[180] Ep10000: Max 146167 (1517) steps (0.0004 hrs) -nan:-nan 3780 (13) sec
[181] Ep10000: Max 146167 (2798) steps (0.0008 hrs) -nan:-nan 3809 (29) sec
[182] Ep10000: Max 146167 (3897) steps (0.0011 hrs) -nan:-nan 3833 (24) sec
[183] Ep10000: Max 146167 (2133) steps (0.0006 hrs) -nan:-nan 3861 (28) sec
[184] Ep10000: Max 146167 (2563) steps (0.0007 hrs) -nan:-nan 3882 (21) sec
[185] Ep10000: Max 146167 (2523) steps (0.0007 hrs) -nan:-nan 3898 (16) sec
[186] Ep10000: Max 146167 (2367) steps (0.0007 hrs) -nan:-nan 3923 (25) sec
[187] Ep10000: Max 146167 (1680) steps (0.0005 hrs) -nan:-nan 3938 (15) sec
[188] Ep10000: Max 146167 (2327) steps (0.0006 hrs) -nan:-nan 3966 (28) sec
[189] Ep10000: Max 146167 (1800) steps (0.0005 hrs) -nan:-nan 3979 (13) sec
[190] Ep10000: Max 146167 (2893) steps (0.0008 hrs) -nan:-nan 4002 (23) sec
[191] Ep10000: Max 146167 (1310) steps (0.0004 hrs) -nan:-nan 4014 (12) sec
[192] Ep10000: Max 146167 (1737) steps (0.0005 hrs) -nan:-nan 4026 (12) sec
[193] Ep10000: Max 146167 (2334) steps (0.0006 hrs) -nan:-nan 4053 (27) sec
[194] Ep10000: Max 146167 (2166) steps (0.0006 hrs) -nan:-nan 4069 (16) sec
[195] Ep10000: Max 146167 (1726) steps (0.0005 hrs) -nan:-nan 4084 (15) sec
[196] Ep10000: Max 146167 (2273) steps (0.0006 hrs) -nan:-nan 4106 (22) sec
[197] Ep10000: Max 146167 (3078) steps (0.0009 hrs) -nan:-nan 4126 (20) sec
[198] Ep10000: Max 146167 (2159) steps (0.0006 hrs) -nan:-nan 4153 (27) sec
[199] Ep10000: Max 146167 (2470) steps (0.0007 hrs) -nan:-nan 4177 (24) sec
[200] Ep10000: Max 146167 (2382) steps (0.0007 hrs) -nan:-nan 4205 (28) sec
[201] Ep10000: Max 146167 (1873) steps (0.0005 hrs) -nan:-nan 4225 (20) sec
[202] Ep10000: Max 146167 (1758) steps (0.0005 hrs) -nan:-nan 4238 (13) sec
[203] Ep10000: Max 146167 (2272) steps (0.0006 hrs) -nan:-nan 4264 (26) sec
[204] Ep10000: Max 146167 (2250) steps (0.0006 hrs) -nan:-nan 4282 (18) sec
[205] Ep10000: Max 146167 (1964) steps (0.0005 hrs) -nan:-nan 4297 (15) sec
[206] Ep10000: Max 146167 (1723) steps (0.0005 hrs) -nan:-nan 4315 (18) sec
[207] Ep10000: Max 146167 (2206) steps (0.0006 hrs) -nan:-nan 4338 (23) sec
[208] Ep10000: Max 146167 (1767) steps (0.0005 hrs) -nan:-nan 4354 (16) sec
[209] Ep10000: Max 146167 (1992) steps (0.0006 hrs) -nan:-nan 4370 (16) sec
[210] Ep10000: Max 146167 (2005) steps (0.0006 hrs) -nan:-nan 4386 (16) sec
[211] Ep10000: Max 146167 (2054) steps (0.0006 hrs) -nan:-nan 4407 (21) sec
[212] Ep10000: Max 146167 (2612) steps (0.0007 hrs) -nan:-nan 4433 (26) sec
[213] Ep10000: Max 146167 (4055) steps (0.0011 hrs) -nan:-nan 4454 (21) sec
[214] Ep10000: Max 146167 (1819) steps (0.0005 hrs) -nan:-nan 4470 (16) sec
[215] Ep10000: Max 146167 (2026) steps (0.0006 hrs) -nan:-nan 4486 (16) sec
[216] Ep10000: Max 146167 (2293) steps (0.0006 hrs) -nan:-nan 4500 (14) sec
[217] Ep10000: Max 146167 (1428) steps (0.0004 hrs) -nan:-nan 4514 (14) sec
[218] Ep10000: Max 146167 (1234) steps (0.0003 hrs) -nan:-nan 4527 (13) sec
[219] Ep10000: Max 146167 (1645) steps (0.0005 hrs) -nan:-nan 4543 (16) sec
[220] Ep10000: Max 146167 (1381) steps (0.0004 hrs) -nan:-nan 4557 (14) sec
[221] Ep10000: Max 146167 (1648) steps (0.0005 hrs) -nan:-nan 4571 (14) sec
[222] Ep10000: Max 146167 (1725) steps (0.0005 hrs) -nan:-nan 4584 (13) sec
[223] Ep10000: Max 146167 (3615) steps (0.0010 hrs) -nan:-nan 4610 (26) sec
[224] Ep10000: Max 146167 (1957) steps (0.0005 hrs) -nan:-nan 4624 (14) sec
[225] Ep10000: Max 146167 (1671) steps (0.0005 hrs) -nan:-nan 4639 (15) sec
[226] Ep10000: Max 146167 (2648) steps (0.0007 hrs) -nan:-nan 4656 (17) sec
[227] Ep10000: Max 146167 (5330) steps (0.0015 hrs) -nan:-nan 4683 (27) sec
[228] Ep10000: Max 146167 (1900) steps (0.0005 hrs) -nan:-nan 4703 (20) sec
[229] Ep10000: Max 146167 (1788) steps (0.0005 hrs) -nan:-nan 4717 (14) sec
[230] Ep10000: Max 146167 (1943) steps (0.0005 hrs) -nan:-nan 4737 (20) sec
[231] Ep10000: Max 146167 (1921) steps (0.0005 hrs) -nan:-nan 4753 (16) sec
[232] Ep10000: Max 146167 (2010) steps (0.0006 hrs) -nan:-nan 4767 (14) sec
[233] Ep10000: Max 146167 (1740) steps (0.0005 hrs) -nan:-nan 4783 (16) sec
[234] Ep10000: Max 146167 (1521) steps (0.0004 hrs) -nan:-nan 4798 (15) sec
[235] Ep10000: Max 146167 (2153) steps (0.0006 hrs) -nan:-nan 4824 (26) sec
[236] Ep10000: Max 146167 (1865) steps (0.0005 hrs) -nan:-nan 4837 (13) sec
[237] Ep10000: Max 146167 (3438) steps (0.0010 hrs) -nan:-nan 4861 (24) sec
[238] Ep10000: Max 146167 (2136) steps (0.0006 hrs) -nan:-nan 4884 (23) sec
[239] Ep10000: Max 146167 (7797) steps (0.0022 hrs) -nan:-nan 4909 (25) sec
[240] Ep10000: Max 146167 (1966) steps (0.0005 hrs) -nan:-nan 4924 (15) sec
[241] Ep10000: Max 146167 (1875) steps (0.0005 hrs) -nan:-nan 4938 (14) sec
[242] Ep10000: Max 146167 (2822) steps (0.0008 hrs) -nan:-nan 4961 (23) sec
[243] Ep10000: Max 146167 (2208) steps (0.0006 hrs) -nan:-nan 4975 (14) sec
[244] Ep10000: Max 146167 (2130) steps (0.0006 hrs) -nan:-nan 5001 (26) sec
[245] Ep10000: Max 146167 (2441) steps (0.0007 hrs) -nan:-nan 5019 (18) sec
[246] Ep10000: Max 146167 (7248) steps (0.0020 hrs) -nan:-nan 5066 (47) sec
[247] Ep10000: Max 146167 (1629) steps (0.0005 hrs) -nan:-nan 5082 (16) sec
[248] Ep10000: Max 146167 (10129) steps (0.0028 hrs) -nan:-nan 5109 (27) sec
[249] Ep10000: Max 146167 (2224) steps (0.0006 hrs) -nan:-nan 5126 (17) sec
[250] Ep10000: Max 146167 (2780) steps (0.0008 hrs) -nan:-nan 5153 (27) sec
[251] Ep10000: Max 146167 (2433) steps (0.0007 hrs) -nan:-nan 5174 (21) sec
[252] Ep10000: Max 146167 (1597) steps (0.0004 hrs) -nan:-nan 5188 (14) sec
[253] Ep10000: Max 146167 (1923) steps (0.0005 hrs) -nan:-nan 5205 (17) sec
[254] Ep10000: Max 146167 (2213) steps (0.0006 hrs) -nan:-nan 5223 (18) sec
[255] Ep10000: Max 146167 (2320) steps (0.0006 hrs) -nan:-nan 5249 (26) sec
[256] Ep10000: Max 146167 (2231) steps (0.0006 hrs) -nan:-nan 5279 (30) sec
[257] Ep10000: Max 146167 (2134) steps (0.0006 hrs) -nan:-nan 5295 (16) sec
[258] Ep10000: Max 146167 (9057) steps (0.0025 hrs) -nan:-nan 5319 (24) sec
[259] Ep10000: Max 146167 (2379) steps (0.0007 hrs) -nan:-nan 5333 (14) sec
[260] Ep10000: Max 146167 (2158) steps (0.0006 hrs) -nan:-nan 5349 (16) sec
[261] Ep10000: Max 146167 (1491) steps (0.0004 hrs) -nan:-nan 5363 (14) sec
[262] Ep10000: Max 146167 (1476) steps (0.0004 hrs) -nan:-nan 5378 (15) sec
[263] Ep10000: Max 146167 (1482) steps (0.0004 hrs) -nan:-nan 5391 (13) sec
[264] Ep10000: Max 146167 (3542) steps (0.0010 hrs) -nan:-nan 5414 (23) sec
[265] Ep10000: Max 146167 (2475) steps (0.0007 hrs) -nan:-nan 5440 (26) sec
[266] Ep10000: Max 146167 (2353) steps (0.0007 hrs) -nan:-nan 5466 (26) sec
[267] Ep10000: Max 146167 (2256) steps (0.0006 hrs) -nan:-nan 5493 (27) sec
[268] Ep10000: Max 146167 (1747) steps (0.0005 hrs) -nan:-nan 5509 (16) sec
[269] Ep10000: Max 146167 (11547) steps (0.0032 hrs) -nan:-nan 5582 (73) sec
[270] Ep10000: Max 146167 (2084) steps (0.0006 hrs) -nan:-nan 5595 (13) sec
[271] Ep10000: Max 146167 (3096) steps (0.0009 hrs) -nan:-nan 5620 (25) sec
[272] Ep10000: Max 146167 (1491) steps (0.0004 hrs) -nan:-nan 5635 (15) sec
[273] Ep10000: Max 146167 (2767) steps (0.0008 hrs) -nan:-nan 5659 (24) sec
[274] Ep10000: Max 146167 (2325) steps (0.0006 hrs) -nan:-nan 5678 (19) sec
[275] Ep10000: Max 146167 (3717) steps (0.0010 hrs) -nan:-nan 5705 (27) sec
[276] Ep10000: Max 146167 (2365) steps (0.0007 hrs) -nan:-nan 5734 (29) sec
[277] Ep10000: Max 146167 (1828) steps (0.0005 hrs) -nan:-nan 5750 (16) sec
[278] Ep10000: Max 146167 (1660) steps (0.0005 hrs) -nan:-nan 5766 (16) sec
[279] Ep10000: Max 146167 (2518) steps (0.0007 hrs) -nan:-nan 5782 (16) sec
[280] Ep10000: Max 146167 (1725) steps (0.0005 hrs) -nan:-nan 5796 (14) sec
[281] Ep10000: Max 146167 (2258) steps (0.0006 hrs) -nan:-nan 5823 (27) sec
[282] Ep10000: Max 146167 (2907) steps (0.0008 hrs) -nan:-nan 5847 (24) sec
[283] Ep10000: Max 146167 (7918) steps (0.0022 hrs) -nan:-nan 5875 (28) sec
[284] Ep10000: Max 146167 (2295) steps (0.0006 hrs) -nan:-nan 5902 (27) sec
[285] Ep10000: Max 146167 (3003) steps (0.0008 hrs) -nan:-nan 5929 (27) sec
[286] Ep10000: Max 146167 (1635) steps (0.0005 hrs) -nan:-nan 5945 (16) sec
[287] Ep10000: Max 146167 (1775) steps (0.0005 hrs) -nan:-nan 5959 (14) sec
[288] Ep10000: Max 146167 (8724) steps (0.0024 hrs) -nan:-nan 6014 (55) sec
[289] Ep10000: Max 146167 (2502) steps (0.0007 hrs) -nan:-nan 6039 (25) sec
[290] Ep10000: Max 146167 (1947) steps (0.0005 hrs) -nan:-nan 6060 (21) sec
[291] Ep10000: Max 146167 (1749) steps (0.0005 hrs) -nan:-nan 6073 (13) sec
[292] Ep10000: Max 146167 (1511) steps (0.0004 hrs) -nan:-nan 6089 (16) sec
[293] Ep10000: Max 146167 (1784) steps (0.0005 hrs) -nan:-nan 6103 (14) sec
[294] Ep10000: Max 146167 (2442) steps (0.0007 hrs) -nan:-nan 6119 (16) sec
[295] Ep10000: Max 146167 (1515) steps (0.0004 hrs) -nan:-nan 6134 (15) sec
[296] Ep10000: Max 146167 (1683) steps (0.0005 hrs) -nan:-nan 6148 (14) sec
[297] Ep10000: Max 146167 (1335) steps (0.0004 hrs) -nan:-nan 6161 (13) sec
[298] Ep10000: Max 146167 (1688) steps (0.0005 hrs) -nan:-nan 6178 (17) sec
[299] Ep10000: Max 146167 (1971) steps (0.0005 hrs) -nan:-nan 6203 (25) sec
[300] Ep10000: Max 146167 (2237) steps (0.0006 hrs) -nan:-nan 6223 (20) sec
[301] Ep10000: Max 146167 (1745) steps (0.0005 hrs) -nan:-nan 6239 (16) sec
[302] Ep10000: Max 146167 (2799) steps (0.0008 hrs) -nan:-nan 6269 (30) sec
[303] Ep10000: Max 146167 (1986) steps (0.0006 hrs) -nan:-nan 6285 (16) sec
[304] Ep10000: Max 146167 (5428) steps (0.0015 hrs) -nan:-nan 6307 (22) sec
[305] Ep10000: Max 146167 (2029) steps (0.0006 hrs) -nan:-nan 6321 (14) sec
[306] Ep10000: Max 146167 (2328) steps (0.0006 hrs) -nan:-nan 6348 (27) sec
[307] Ep10000: Max 146167 (2478) steps (0.0007 hrs) -nan:-nan 6362 (14) sec
[308] Ep10000: Max 146167 (2100) steps (0.0006 hrs) -nan:-nan 6376 (14) sec
[309] Ep10000: Max 146167 (1684) steps (0.0005 hrs) -nan:-nan 6390 (14) sec
[310] Ep10000: Max 146167 (2318) steps (0.0006 hrs) -nan:-nan 6412 (22) sec
[311] Ep10000: Max 146167 (2120) steps (0.0006 hrs) -nan:-nan 6432 (20) sec
[312] Ep10000: Max 146167 (2073) steps (0.0006 hrs) -nan:-nan 6449 (17) sec
[313] Ep10000: Max 146167 (1734) steps (0.0005 hrs) -nan:-nan 6463 (14) sec
[314] Ep10000: Max 146167 (3111) steps (0.0009 hrs) -nan:-nan 6483 (20) sec
[315] Ep10000: Max 146167 (3267) steps (0.0009 hrs) -nan:-nan 6507 (24) sec
[316] Ep10000: Max 146167 (2149) steps (0.0006 hrs) -nan:-nan 6535 (28) sec
[317] Ep10000: Max 146167 (3429) steps (0.0010 hrs) -nan:-nan 6563 (28) sec
[318] Ep10000: Max 146167 (2023) steps (0.0006 hrs) -nan:-nan 6581 (18) sec
[319] Ep10000: Max 146167 (2461) steps (0.0007 hrs) -nan:-nan 6597 (16) sec
[320] Ep10000: Max 146167 (1636) steps (0.0005 hrs) -nan:-nan 6610 (13) sec
[321] Ep10000: Max 146167 (1871) steps (0.0005 hrs) -nan:-nan 6638 (28) sec
[322] Ep10000: Max 146167 (2747) steps (0.0008 hrs) -nan:-nan 6659 (21) sec
[323] Ep10000: Max 146167 (1860) steps (0.0005 hrs) -nan:-nan 6674 (15) sec
[324] Ep10000: Max 146167 (2893) steps (0.0008 hrs) -nan:-nan 6696 (22) sec
[325] Ep10000: Max 146167 (3685) steps (0.0010 hrs) -nan:-nan 6720 (24) sec
[326] Ep10000: Max 146167 (2322) steps (0.0006 hrs) -nan:-nan 6737 (17) sec
[327] Ep10000: Max 146167 (2059) steps (0.0006 hrs) -nan:-nan 6754 (17) sec
[328] Ep10000: Max 146167 (1999) steps (0.0006 hrs) -nan:-nan 6771 (17) sec
[329] Ep10000: Max 146167 (2592) steps (0.0007 hrs) -nan:-nan 6798 (27) sec
[330] Ep10000: Max 146167 (3047) steps (0.0008 hrs) -nan:-nan 6822 (24) sec
[331] Ep10000: Max 146167 (2197) steps (0.0006 hrs) -nan:-nan 6836 (14) sec
[332] Ep10000: Max 146167 (2353) steps (0.0007 hrs) -nan:-nan 6849 (13) sec
[333] Ep10000: Max 146167 (2474) steps (0.0007 hrs) -nan:-nan 6866 (17) sec
[334] Ep10000: Max 146167 (2010) steps (0.0006 hrs) -nan:-nan 6881 (15) sec
[335] Ep10000: Max 146167 (2051) steps (0.0006 hrs) -nan:-nan 6911 (30) sec
[336] Ep10000: Max 146167 (2172) steps (0.0006 hrs) -nan:-nan 6925 (14) sec
[337] Ep10000: Max 146167 (2793) steps (0.0008 hrs) -nan:-nan 6943 (18) sec
[338] Ep10000: Max 146167 (2831) steps (0.0008 hrs) -nan:-nan 6973 (30) sec
[339] Ep10000: Max 146167 (1683) steps (0.0005 hrs) -nan:-nan 6989 (16) sec
[340] Ep10000: Max 146167 (2480) steps (0.0007 hrs) -nan:-nan 7017 (28) sec
[341] Ep10000: Max 146167 (2450) steps (0.0007 hrs) -nan:-nan 7035 (18) sec
[342] Ep10000: Max 146167 (1754) steps (0.0005 hrs) -nan:-nan 7050 (15) sec
[343] Ep10000: Max 146167 (1733) steps (0.0005 hrs) -nan:-nan 7063 (13) sec
[344] Ep10000: Max 146167 (1965) steps (0.0005 hrs) -nan:-nan 7079 (16) sec
[345] Ep10000: Max 146167 (3913) steps (0.0011 hrs) -nan:-nan 7112 (33) sec
[346] Ep10000: Max 146167 (2318) steps (0.0006 hrs) -nan:-nan 7132 (20) sec
[347] Ep10000: Max 146167 (2035) steps (0.0006 hrs) -nan:-nan 7147 (15) sec
[348] Ep10000: Max 146167 (2100) steps (0.0006 hrs) -nan:-nan 7166 (19) sec
[349] Ep10000: Max 146167 (4039) steps (0.0011 hrs) -nan:-nan 7191 (25) sec
[350] Ep10000: Max 146167 (2143) steps (0.0006 hrs) -nan:-nan 7216 (25) sec
[351] Ep10000: Max 146167 (2198) steps (0.0006 hrs) -nan:-nan 7238 (22) sec
[352] Ep10000: Max 146167 (2497) steps (0.0007 hrs) -nan:-nan 7255 (17) sec
[353] Ep10000: Max 146167 (2761) steps (0.0008 hrs) -nan:-nan 7270 (15) sec
[354] Ep10000: Max 146167 (2965) steps (0.0008 hrs) -nan:-nan 7295 (25) sec
[355] Ep10000: Max 146167 (2302) steps (0.0006 hrs) -nan:-nan 7311 (16) sec
[356] Ep10000: Max 146167 (4221) steps (0.0012 hrs) -nan:-nan 7342 (31) sec
[357] Ep10000: Max 146167 (1813) steps (0.0005 hrs) -nan:-nan 7360 (18) sec
[358] Ep10000: Max 146167 (2672) steps (0.0007 hrs) -nan:-nan 7381 (21) sec
[359] Ep10000: Max 146167 (3475) steps (0.0010 hrs) -nan:-nan 7402 (21) sec
[360] Ep10000: Max 146167 (4323) steps (0.0012 hrs) -nan:-nan 7423 (21) sec
[361] Ep10000: Max 146167 (2420) steps (0.0007 hrs) -nan:-nan 7441 (18) sec
[362] Ep10000: Max 146167 (3471) steps (0.0010 hrs) -nan:-nan 7458 (17) sec
[363] Ep10000: Max 146167 (2151) steps (0.0006 hrs) -nan:-nan 7472 (14) sec
[364] Ep10000: Max 146167 (2088) steps (0.0006 hrs) -nan:-nan 7497 (25) sec
[365] Ep10000: Max 146167 (1903) steps (0.0005 hrs) -nan:-nan 7522 (25) sec
[366] Ep10000: Max 146167 (2360) steps (0.0007 hrs) -nan:-nan 7556 (34) sec
[367] Ep10000: Max 146167 (1644) steps (0.0005 hrs) -nan:-nan 7577 (21) sec
[368] Ep10000: Max 146167 (2239) steps (0.0006 hrs) -nan:-nan 7611 (34) sec
[369] Ep10000: Max 146167 (1517) steps (0.0004 hrs) -nan:-nan 7632 (21) sec
[370] Ep10000: Max 146167 (2597) steps (0.0007 hrs) -nan:-nan 7669 (37) sec
[371] Ep10000: Max 146167 (2320) steps (0.0006 hrs) -nan:-nan 7708 (39) sec
[372] Ep10000: Max 146167 (2735) steps (0.0008 hrs) -nan:-nan 7740 (32) sec
[373] Ep10000: Max 146167 (2199) steps (0.0006 hrs) -nan:-nan 7771 (31) sec
[374] Ep10000: Max 146167 (2192) steps (0.0006 hrs) -nan:-nan 7792 (21) sec
[375] Ep10000: Max 146167 (2065) steps (0.0006 hrs) -nan:-nan 7810 (18) sec
[376] Ep10000: Max 146167 (2539) steps (0.0007 hrs) -nan:-nan 7830 (20) sec
[377] Ep10000: Max 146167 (1493) steps (0.0004 hrs) -nan:-nan 7848 (18) sec
[378] Ep10000: Max 146167 (1849) steps (0.0005 hrs) -nan:-nan 7877 (29) sec
[379] Ep10000: Max 146167 (1891) steps (0.0005 hrs) -nan:-nan 7898 (21) sec
[380] Ep10000: Max 146167 (2151) steps (0.0006 hrs) -nan:-nan 7930 (32) sec
[381] Ep10000: Max 146167 (1456) steps (0.0004 hrs) -nan:-nan 7946 (16) sec
[382] Ep10000: Max 146167 (2194) steps (0.0006 hrs) -nan:-nan 7973 (27) sec
[383] Ep10000: Max 146167 (1453) steps (0.0004 hrs) -nan:-nan 7993 (20) sec
[384] Ep10000: Max 146167 (1693) steps (0.0005 hrs) -nan:-nan 8010 (17) sec
[385] Ep10000: Max 146167 (1778) steps (0.0005 hrs) -nan:-nan 8027 (17) sec
[386] Ep10000: Max 146167 (2495) steps (0.0007 hrs) -nan:-nan 8047 (20) sec
[387] Ep10000: Max 146167 (2197) steps (0.0006 hrs) -nan:-nan 8065 (18) sec
[388] Ep10000: Max 146167 (1928) steps (0.0005 hrs) -nan:-nan 8095 (30) sec
[389] Ep10000: Max 146167 (1933) steps (0.0005 hrs) -nan:-nan 8114 (19) sec
[390] Ep10000: Max 146167 (1788) steps (0.0005 hrs) -nan:-nan 8130 (16) sec
[391] Ep10000: Max 146167 (2073) steps (0.0006 hrs) -nan:-nan 8149 (19) sec
[392] Ep10000: Max 146167 (1472) steps (0.0004 hrs) -nan:-nan 8165 (16) sec
[393] Ep10000: Max 146167 (1402) steps (0.0004 hrs) -nan:-nan 8185 (20) sec
[394] Ep10000: Max 146167 (5343) steps (0.0015 hrs) -nan:-nan 8211 (26) sec
[395] Ep10000: Max 146167 (2400) steps (0.0007 hrs) -nan:-nan 8239 (28) sec
[396] Ep10000: Max 146167 (1731) steps (0.0005 hrs) -nan:-nan 8259 (20) sec
[397] Ep10000: Max 146167 (2493) steps (0.0007 hrs) -nan:-nan 8288 (29) sec
[398] Ep10000: Max 146167 (3272) steps (0.0009 hrs) -nan:-nan 8324 (36) sec
[399] Ep10000: Max 146167 (2367) steps (0.0007 hrs) -nan:-nan 8363 (39) sec
[400] Ep10000: Max 146167 (2468) steps (0.0007 hrs) -nan:-nan 8387 (24) sec
[401] Ep10000: Max 146167 (2309) steps (0.0006 hrs) -nan:-nan 8410 (23) sec
[402] Ep10000: Max 146167 (1798) steps (0.0005 hrs) -nan:-nan 8428 (18) sec
[403] Ep10000: Max 146167 (2012) steps (0.0006 hrs) -nan:-nan 8446 (18) sec
[404] Ep10000: Max 146167 (2397) steps (0.0007 hrs) -nan:-nan 8472 (26) sec
[405] Ep10000: Max 146167 (2950) steps (0.0008 hrs) -nan:-nan 8510 (38) sec
[406] Ep10000: Max 146167 (2557) steps (0.0007 hrs) -nan:-nan 8546 (36) sec
[407] Ep10000: Max 146167 (1513) steps (0.0004 hrs) -nan:-nan 8561 (15) sec
[408] Ep10000: Max 146167 (1466) steps (0.0004 hrs) -nan:-nan 8575 (14) sec
[409] Ep10000: Max 146167 (1961) steps (0.0005 hrs) -nan:-nan 8594 (19) sec
[410] Ep10000: Max 146167 (2188) steps (0.0006 hrs) -nan:-nan 8613 (19) sec
[411] Ep10000: Max 146167 (2399) steps (0.0007 hrs) -nan:-nan 8640 (27) sec
[412] Ep10000: Max 146167 (2018) steps (0.0006 hrs) -nan:-nan 8651 (11) sec
[413] Ep10000: Max 146167 (2048) steps (0.0006 hrs) -nan:-nan 8678 (27) sec
[414] Ep10000: Max 146167 (2186) steps (0.0006 hrs) -nan:-nan 8697 (19) sec
[415] Ep10000: Max 146167 (4189) steps (0.0012 hrs) -nan:-nan 8725 (28) sec
[416] Ep10000: Max 146167 (2533) steps (0.0007 hrs) -nan:-nan 8753 (28) sec
[417] Ep10000: Max 146167 (2335) steps (0.0006 hrs) -nan:-nan 8786 (33) sec
[418] Ep10000: Max 146167 (1938) steps (0.0005 hrs) -nan:-nan 8800 (14) sec
[419] Ep10000: Max 146167 (1565) steps (0.0004 hrs) -nan:-nan 8820 (20) sec
[420] Ep10000: Max 146167 (2661) steps (0.0007 hrs) -nan:-nan 8848 (28) sec
[421] Ep10000: Max 146167 (1646) steps (0.0005 hrs) -nan:-nan 8865 (17) sec
[422] Ep10000: Max 146167 (1385) steps (0.0004 hrs) -nan:-nan 8882 (17) sec
[423] Ep10000: Max 146167 (2419) steps (0.0007 hrs) -nan:-nan 8907 (25) sec
[424] Ep10000: Max 146167 (1565) steps (0.0004 hrs) -nan:-nan 8922 (15) sec
[425] Ep10000: Max 146167 (1858) steps (0.0005 hrs) -nan:-nan 8940 (18) sec
[426] Ep10000: Max 146167 (2456) steps (0.0007 hrs) -nan:-nan 8962 (22) sec
[427] Ep10000: Max 146167 (1776) steps (0.0005 hrs) -nan:-nan 8981 (19) sec
[428] Ep10000: Max 146167 (1993) steps (0.0006 hrs) -nan:-nan 9001 (20) sec
[429] Ep10000: Max 146167 (3247) steps (0.0009 hrs) -nan:-nan 9028 (27) sec
[430] Ep10000: Max 146167 (3439) steps (0.0010 hrs) -nan:-nan 9058 (30) sec
[431] Ep10000: Max 146167 (1806) steps (0.0005 hrs) -nan:-nan 9078 (20) sec
[432] Ep10000: Max 146167 (2208) steps (0.0006 hrs) -nan:-nan 9093 (15) sec
[433] Ep10000: Max 146167 (1791) steps (0.0005 hrs) -nan:-nan 9111 (18) sec
[434] Ep10000: Max 146167 (2275) steps (0.0006 hrs) -nan:-nan 9133 (22) sec
[435] Ep10000: Max 146167 (2378) steps (0.0007 hrs) -nan:-nan 9164 (31) sec
[436] Ep10000: Max 146167 (2791) steps (0.0008 hrs) -nan:-nan 9195 (31) sec
[437] Ep10000: Max 146167 (2450) steps (0.0007 hrs) -nan:-nan 9214 (19) sec
[438] Ep10000: Max 146167 (1829) steps (0.0005 hrs) -nan:-nan 9226 (12) sec
[439] Ep10000: Max 146167 (3484) steps (0.0010 hrs) -nan:-nan 9253 (27) sec
[440] Ep10000: Max 146167 (2548) steps (0.0007 hrs) -nan:-nan 9277 (24) sec
[441] Ep10000: Max 146167 (2970) steps (0.0008 hrs) -nan:-nan 9299 (22) sec
[442] Ep10000: Max 146167 (1918) steps (0.0005 hrs) -nan:-nan 9312 (13) sec
[443] Ep10000: Max 146167 (1914) steps (0.0005 hrs) -nan:-nan 9337 (25) sec
[444] Ep10000: Max 146167 (1989) steps (0.0006 hrs) -nan:-nan 9365 (28) sec
[445] Ep10000: Max 146167 (1561) steps (0.0004 hrs) -nan:-nan 9380 (15) sec
[446] Ep10000: Max 146167 (8641) steps (0.0024 hrs) -nan:-nan 9438 (58) sec
[447] Ep10000: Max 146167 (2933) steps (0.0008 hrs) -nan:-nan 9468 (30) sec
[448] Ep10000: Max 146167 (1512) steps (0.0004 hrs) -nan:-nan 9482 (14) sec
[449] Ep10000: Max 146167 (2020) steps (0.0006 hrs) -nan:-nan 9512 (30) sec
[450] Ep10000: Max 146167 (2094) steps (0.0006 hrs) -nan:-nan 9531 (19) sec
[451] Ep10000: Max 146167 (3024) steps (0.0008 hrs) -nan:-nan 9554 (23) sec
[452] Ep10000: Max 146167 (1887) steps (0.0005 hrs) -nan:-nan 9569 (15) sec
[453] Ep10000: Max 146167 (3339) steps (0.0009 hrs) -nan:-nan 9591 (22) sec
[454] Ep10000: Max 146167 (1951) steps (0.0005 hrs) -nan:-nan 9606 (15) sec
[455] Ep10000: Max 146167 (1671) steps (0.0005 hrs) -nan:-nan 9623 (17) sec
[456] Ep10000: Max 146167 (2008) steps (0.0006 hrs) -nan:-nan 9640 (17) sec
[457] Ep10000: Max 146167 (2150) steps (0.0006 hrs) -nan:-nan 9669 (29) sec
[458] Ep10000: Max 146167 (1853) steps (0.0005 hrs) -nan:-nan 9685 (16) sec
[459] Ep10000: Max 146167 (2201) steps (0.0006 hrs) -nan:-nan 9701 (16) sec
[460] Ep10000: Max 146167 (1333) steps (0.0004 hrs) -nan:-nan 9714 (13) sec
[461] Ep10000: Max 146167 (2071) steps (0.0006 hrs) -nan:-nan 9737 (23) sec
[462] Ep10000: Max 146167 (1953) steps (0.0005 hrs) -nan:-nan 9749 (12) sec
[463] Ep10000: Max 146167 (1958) steps (0.0005 hrs) -nan:-nan 9762 (13) sec
[464] Ep10000: Max 146167 (2329) steps (0.0006 hrs) -nan:-nan 9787 (25) sec
[465] Ep10000: Max 146167 (2054) steps (0.0006 hrs) -nan:-nan 9800 (13) sec
[466] Ep10000: Max 146167 (2148) steps (0.0006 hrs) -nan:-nan 9819 (19) sec
[467] Ep10000: Max 146167 (2015) steps (0.0006 hrs) -nan:-nan 9844 (25) sec
[468] Ep10000: Max 146167 (2202) steps (0.0006 hrs) -nan:-nan 9867 (23) sec
[469] Ep10000: Max 146167 (1948) steps (0.0005 hrs) -nan:-nan 9901 (34) sec
[470] Ep10000: Max 146167 (2423) steps (0.0007 hrs) -nan:-nan 9931 (30) sec
[471] Ep10000: Max 146167 (2554) steps (0.0007 hrs) -nan:-nan 9960 (29) sec
[472] Ep10000: Max 146167 (1620) steps (0.0005 hrs) -nan:-nan 9976 (16) sec
[473] Ep10000: Max 146167 (1569) steps (0.0004 hrs) -nan:-nan 9991 (15) sec
[474] Ep10000: Max 146167 (2257) steps (0.0006 hrs) -nan:-nan 10011 (20) sec
[475] Ep10000: Max 146167 (1885) steps (0.0005 hrs) -nan:-nan 10035 (24) sec
[476] Ep10000: Max 146167 (1748) steps (0.0005 hrs) -nan:-nan 10054 (19) sec
[477] Ep10000: Max 146167 (3339) steps (0.0009 hrs) -nan:-nan 10079 (25) sec
[478] Ep10000: Max 146167 (2706) steps (0.0008 hrs) -nan:-nan 10118 (39) sec
[479] Ep10000: Max 146167 (1836) steps (0.0005 hrs) -nan:-nan 10144 (26) sec
[480] Ep10000: Max 146167 (1672) steps (0.0005 hrs) -nan:-nan 10167 (23) sec
[481] Ep10000: Max 146167 (1573) steps (0.0004 hrs) -nan:-nan 10191 (24) sec
[482] Ep10000: Max 146167 (4058) steps (0.0011 hrs) -nan:-nan 10230 (39) sec
[483] Ep10000: Max 146167 (2702) steps (0.0008 hrs) -nan:-nan 10265 (35) sec
[484] Ep10000: Max 146167 (2289) steps (0.0006 hrs) -nan:-nan 10308 (43) sec
[485] Ep10000: Max 146167 (2904) steps (0.0008 hrs) -nan:-nan 10341 (33) sec
[486] Ep10000: Max 146167 (2065) steps (0.0006 hrs) -nan:-nan 10373 (32) sec
[487] Ep10000: Max 146167 (2205) steps (0.0006 hrs) -nan:-nan 10424 (51) sec
[488] Ep10000: Max 146167 (1650) steps (0.0005 hrs) -nan:-nan 10451 (27) sec
[489] Ep10000: Max 146167 (2333) steps (0.0006 hrs) -nan:-nan 10508 (57) sec
[490] Ep10000: Max 146167 (6504) steps (0.0018 hrs) -nan:-nan 10572 (64) sec
[491] Ep10000: Max 146167 (1821) steps (0.0005 hrs) -nan:-nan 10621 (49) sec
[492] Ep10000: Max 146167 (1805) steps (0.0005 hrs) -nan:-nan 10655 (34) sec
[493] Ep10000: Max 146167 (2809) steps (0.0008 hrs) -nan:-nan 10692 (37) sec
[494] Ep10000: Max 146167 (2410) steps (0.0007 hrs) -nan:-nan 10747 (55) sec
[495] Ep10000: Max 146167 (1700) steps (0.0005 hrs) -nan:-nan 10780 (33) sec
[496] Ep10000: Max 146167 (1878) steps (0.0005 hrs) -nan:-nan 10816 (36) sec
[497] Ep10000: Max 146167 (2234) steps (0.0006 hrs) -nan:-nan 10849 (33) sec
[498] Ep10000: Max 146167 (2687) steps (0.0007 hrs) -nan:-nan 10881 (32) sec
[499] Ep10000: Max 146167 (1695) steps (0.0005 hrs) -nan:-nan 10908 (27) sec
[500] Ep10000: Max 146167 (1598) steps (0.0004 hrs) -nan:-nan 10934 (26) sec
[501] Ep10000: Max 146167 (1772) steps (0.0005 hrs) -nan:-nan 10967 (33) sec
[502] Ep10000: Max 146167 (2016) steps (0.0006 hrs) -nan:-nan 11005 (38) sec
[503] Ep10000: Max 146167 (2579) steps (0.0007 hrs) -nan:-nan 11066 (61) sec
[504] Ep10000: Max 146167 (2635) steps (0.0007 hrs) -nan:-nan 11105 (39) sec
[505] Ep10000: Max 146167 (1960) steps (0.0005 hrs) -nan:-nan 11121 (16) sec
[506] Ep10000: Max 146167 (1706) steps (0.0005 hrs) -nan:-nan 11137 (16) sec
[507] Ep10000: Max 146167 (3126) steps (0.0009 hrs) -nan:-nan 11163 (26) sec
[508] Ep10000: Max 146167 (2653) steps (0.0007 hrs) -nan:-nan 11186 (23) sec
[509] Ep10000: Max 146167 (2869) steps (0.0008 hrs) -nan:-nan 11214 (28) sec
[510] Ep10000: Max 146167 (1798) steps (0.0005 hrs) -nan:-nan 11227 (13) sec
[511] Ep10000: Max 146167 (1597) steps (0.0004 hrs) -nan:-nan 11244 (17) sec
[512] Ep10000: Max 146167 (1493) steps (0.0004 hrs) -nan:-nan 11265 (21) sec
[513] Ep10000: Max 146167 (4884) steps (0.0014 hrs) -nan:-nan 11293 (28) sec
[514] Ep10000: Max 146167 (2295) steps (0.0006 hrs) -nan:-nan 11325 (32) sec
[515] Ep10000: Max 146167 (2364) steps (0.0007 hrs) -nan:-nan 11345 (20) sec
[516] Ep10000: Max 146167 (1927) steps (0.0005 hrs) -nan:-nan 11364 (19) sec
[517] Ep10000: Max 146167 (1999) steps (0.0006 hrs) -nan:-nan 11387 (23) sec
[518] Ep10000: Max 146167 (1874) steps (0.0005 hrs) -nan:-nan 11401 (14) sec
[519] Ep10000: Max 146167 (1991) steps (0.0006 hrs) -nan:-nan 11417 (16) sec
[520] Ep10000: Max 146167 (2105) steps (0.0006 hrs) -nan:-nan 11435 (18) sec
[521] Ep10000: Max 146167 (2133) steps (0.0006 hrs) -nan:-nan 11454 (19) sec
[522] Ep10000: Max 146167 (2025) steps (0.0006 hrs) -nan:-nan 11472 (18) sec
[523] Ep10000: Max 146167 (2364) steps (0.0007 hrs) -nan:-nan 11504 (32) sec
[524] Ep10000: Max 146167 (3113) steps (0.0009 hrs) -nan:-nan 11534 (30) sec
[525] Ep10000: Max 146167 (4266) steps (0.0012 hrs) -nan:-nan 11569 (35) sec
[526] Ep10000: Max 146167 (2359) steps (0.0007 hrs) -nan:-nan 11627 (58) sec
[527] Ep10000: Max 146167 (1635) steps (0.0005 hrs) -nan:-nan 11655 (28) sec
[528] Ep10000: Max 146167 (1892) steps (0.0005 hrs) -nan:-nan 11684 (29) sec
[529] Ep10000: Max 146167 (3031) steps (0.0008 hrs) -nan:-nan 11731 (47) sec
[530] Ep10000: Max 146167 (4366) steps (0.0012 hrs) -nan:-nan 11771 (40) sec
[531] Ep10000: Max 146167 (2151) steps (0.0006 hrs) -nan:-nan 11805 (34) sec
[532] Ep10000: Max 146167 (2661) steps (0.0007 hrs) -nan:-nan 11875 (70) sec
[533] Ep10000: Max 146167 (2549) steps (0.0007 hrs) -nan:-nan 11938 (63) sec
[534] Ep10000: Max 146167 (3393) steps (0.0009 hrs) -nan:-nan 11997 (59) sec
[535] Ep10000: Max 146167 (3412) steps (0.0009 hrs) -nan:-nan 12056 (59) sec
[536] Ep10000: Max 146167 (1475) steps (0.0004 hrs) -nan:-nan 12082 (26) sec
[537] Ep10000: Max 146167 (1722) steps (0.0005 hrs) -nan:-nan 12111 (29) sec
[538] Ep10000: Max 146167 (3064) steps (0.0009 hrs) -nan:-nan 12158 (47) sec
[539] Ep10000: Max 146167 (2507) steps (0.0007 hrs) -nan:-nan 12196 (38) sec
[540] Ep10000: Max 146167 (2721) steps (0.0008 hrs) -nan:-nan 12231 (35) sec
[541] Ep10000: Max 146167 (2085) steps (0.0006 hrs) -nan:-nan 12267 (36) sec
[542] Ep10000: Max 146167 (3197) steps (0.0009 hrs) -nan:-nan 12321 (54) sec
[543] Ep10000: Max 146167 (3645) steps (0.0010 hrs) -nan:-nan 12363 (42) sec
[544] Ep10000: Max 146167 (1212) steps (0.0003 hrs) -nan:-nan 12390 (27) sec
[545] Ep10000: Max 146167 (2051) steps (0.0006 hrs) -nan:-nan 12427 (37) sec
[546] Ep10000: Max 146167 (2292) steps (0.0006 hrs) -nan:-nan 12462 (35) sec
[547] Ep10000: Max 146167 (1915) steps (0.0005 hrs) -nan:-nan 12519 (57) sec
[548] Ep10000: Max 146167 (1966) steps (0.0005 hrs) -nan:-nan 12561 (42) sec
[549] Ep10000: Max 146167 (2342) steps (0.0007 hrs) -nan:-nan 12596 (35) sec
[550] Ep10000: Max 146167 (2521) steps (0.0007 hrs) -nan:-nan 12630 (34) sec
[551] Ep10000: Max 146167 (1649) steps (0.0005 hrs) -nan:-nan 12663 (33) sec
[552] Ep10000: Max 146167 (2317) steps (0.0006 hrs) -nan:-nan 12702 (39) sec
[553] Ep10000: Max 146167 (2466) steps (0.0007 hrs) -nan:-nan 12740 (38) sec
[554] Ep10000: Max 146167 (2206) steps (0.0006 hrs) -nan:-nan 12779 (39) sec
[555] Ep10000: Max 146167 (1751) steps (0.0005 hrs) -nan:-nan 12794 (15) sec
[556] Ep10000: Max 146167 (2460) steps (0.0007 hrs) -nan:-nan 12823 (29) sec
[557] Ep10000: Max 146167 (1795) steps (0.0005 hrs) -nan:-nan 12840 (17) sec
[558] Ep10000: Max 146167 (3011) steps (0.0008 hrs) -nan:-nan 12872 (32) sec
[559] Ep10000: Max 146167 (1660) steps (0.0005 hrs) -nan:-nan 12901 (29) sec
[560] Ep10000: Max 146167 (1813) steps (0.0005 hrs) -nan:-nan 12932 (31) sec
[561] Ep10000: Max 146167 (3123) steps (0.0009 hrs) -nan:-nan 12969 (37) sec
[562] Ep10000: Max 146167 (2082) steps (0.0006 hrs) -nan:-nan 13001 (32) sec
[563] Ep10000: Max 146167 (2692) steps (0.0007 hrs) -nan:-nan 13028 (27) sec
[564] Ep10000: Max 146167 (5042) steps (0.0014 hrs) -nan:-nan 13071 (43) sec
[565] Ep10000: Max 146167 (2775) steps (0.0008 hrs) -nan:-nan 13098 (27) sec
[566] Ep10000: Max 146167 (3094) steps (0.0009 hrs) -nan:-nan 13143 (45) sec
[567] Ep10000: Max 146167 (3619) steps (0.0010 hrs) -nan:-nan 13195 (52) sec
[568] Ep10000: Max 146167 (2209) steps (0.0006 hrs) -nan:-nan 13230 (35) sec
[569] Ep10000: Max 146167 (3386) steps (0.0009 hrs) -nan:-nan 13281 (51) sec
[570] Ep10000: Max 146167 (1594) steps (0.0004 hrs) -nan:-nan 13310 (29) sec
[571] Ep10000: Max 146167 (1928) steps (0.0005 hrs) -nan:-nan 13341 (31) sec
[572] Ep10000: Max 146167 (1693) steps (0.0005 hrs) -nan:-nan 13365 (24) sec
[573] Ep10000: Max 146167 (8645) steps (0.0024 hrs) -nan:-nan 13395 (30) sec
[574] Ep10000: Max 146167 (1847) steps (0.0005 hrs) -nan:-nan 13421 (26) sec
[575] Ep10000: Max 146167 (1782) steps (0.0005 hrs) -nan:-nan 13461 (40) sec
[576] Ep10000: Max 146167 (1897) steps (0.0005 hrs) -nan:-nan 13497 (36) sec
[577] Ep10000: Max 146167 (3959) steps (0.0011 hrs) -nan:-nan 13557 (60) sec
[578] Ep10000: Max 146167 (10943) steps (0.0030 hrs) -nan:-nan 13684 (127) sec
[579] Ep10000: Max 146167 (14410) steps (0.0040 hrs) -nan:-nan 13802 (118) sec
[580] Ep10000: Max 146167 (2845) steps (0.0008 hrs) -nan:-nan 13880 (78) sec
[581] Ep10000: Max 146167 (2320) steps (0.0006 hrs) -nan:-nan 13920 (40) sec
[582] Ep10000: Max 146167 (2944) steps (0.0008 hrs) -nan:-nan 13986 (66) sec
[583] Ep10000: Max 146167 (2276) steps (0.0006 hrs) -nan:-nan 14037 (51) sec
[584] Ep10000: Max 146167 (2441) steps (0.0007 hrs) -nan:-nan 14080 (43) sec
[585] Ep10000: Max 146167 (8203) steps (0.0023 hrs) -nan:-nan 14128 (48) sec
[586] Ep10000: Max 146167 (2260) steps (0.0006 hrs) -nan:-nan 14198 (70) sec
[587] Ep10000: Max 146167 (2260) steps (0.0006 hrs) -nan:-nan 14247 (49) sec
[588] Ep10000: Max 146167 (2819) steps (0.0008 hrs) -nan:-nan 14302 (55) sec
[589] Ep10000: Max 146167 (1915) steps (0.0005 hrs) -nan:-nan 14327 (25) sec
[590] Ep10000: Max 146167 (2090) steps (0.0006 hrs) -nan:-nan 14368 (41) sec
[591] Ep10000: Max 146167 (1873) steps (0.0005 hrs) -nan:-nan 14393 (25) sec
[592] Ep10000: Max 146167 (2335) steps (0.0006 hrs) -nan:-nan 14419 (26) sec
[593] Ep10000: Max 146167 (1352) steps (0.0004 hrs) -nan:-nan 14446 (27) sec
[594] Ep10000: Max 146167 (2370) steps (0.0007 hrs) -nan:-nan 14473 (27) sec
[595] Ep10000: Max 146167 (2171) steps (0.0006 hrs) -nan:-nan 14505 (32) sec
[596] Ep10000: Max 146167 (1897) steps (0.0005 hrs) -nan:-nan 14534 (29) sec
[597] Ep10000: Max 146167 (3289) steps (0.0009 hrs) -nan:-nan 14570 (36) sec
[598] Ep10000: Max 146167 (1901) steps (0.0005 hrs) -nan:-nan 14595 (25) sec
[599] Ep10000: Max 146167 (1347) steps (0.0004 hrs) -nan:-nan 14617 (22) sec
[600] Ep10000: Max 146167 (2130) steps (0.0006 hrs) -nan:-nan 14654 (37) sec
[601] Ep10000: Max 146167 (1676) steps (0.0005 hrs) -nan:-nan 14677 (23) sec
[602] Ep10000: Max 146167 (2426) steps (0.0007 hrs) -nan:-nan 14712 (35) sec
[603] Ep10000: Max 146167 (1782) steps (0.0005 hrs) -nan:-nan 14731 (19) sec
[604] Ep10000: Max 146167 (2949) steps (0.0008 hrs) -nan:-nan 14761 (30) sec
[605] Ep10000: Max 146167 (2438) steps (0.0007 hrs) -nan:-nan 14808 (47) sec
[606] Ep10000: Max 146167 (1825) steps (0.0005 hrs) -nan:-nan 14839 (31) sec
[607] Ep10000: Max 146167 (2484) steps (0.0007 hrs) -nan:-nan 14861 (22) sec
[608] Ep10000: Max 146167 (1717) steps (0.0005 hrs) -nan:-nan 14881 (20) sec
[609] Ep10000: Max 146167 (2133) steps (0.0006 hrs) -nan:-nan 14916 (35) sec
[610] Ep10000: Max 146167 (2313) steps (0.0006 hrs) -nan:-nan 14963 (47) sec
[611] Ep10000: Max 146167 (2093) steps (0.0006 hrs) -nan:-nan 15000 (37) sec
[612] Ep10000: Max 146167 (2277) steps (0.0006 hrs) -nan:-nan 15036 (36) sec
[613] Ep10000: Max 146167 (1903) steps (0.0005 hrs) -nan:-nan 15062 (26) sec
[614] Ep10000: Max 146167 (3005) steps (0.0008 hrs) -nan:-nan 15105 (43) sec
[615] Ep10000: Max 146167 (1985) steps (0.0006 hrs) -nan:-nan 15140 (35) sec
[616] Ep10000: Max 146167 (2021) steps (0.0006 hrs) -nan:-nan 15173 (33) sec
[617] Ep10000: Max 146167 (2369) steps (0.0007 hrs) -nan:-nan 15214 (41) sec
[618] Ep10000: Max 146167 (1791) steps (0.0005 hrs) -nan:-nan 15255 (41) sec
[619] Ep10000: Max 146167 (1876) steps (0.0005 hrs) -nan:-nan 15298 (43) sec
[620] Ep10000: Max 146167 (3115) steps (0.0009 hrs) -nan:-nan 15352 (54) sec
[621] Ep10000: Max 146167 (1611) steps (0.0004 hrs) -nan:-nan 15388 (36) sec
[622] Ep10000: Max 146167 (2434) steps (0.0007 hrs) -nan:-nan 15443 (55) sec
[623] Ep10000: Max 146167 (1709) steps (0.0005 hrs) -nan:-nan 15471 (28) sec
[624] Ep10000: Max 146167 (1821) steps (0.0005 hrs) -nan:-nan 15503 (32) sec
[625] Ep10000: Max 146167 (2406) steps (0.0007 hrs) -nan:-nan 15556 (53) sec
[626] Ep10000: Max 146167 (1706) steps (0.0005 hrs) -nan:-nan 15587 (31) sec
[627] Ep10000: Max 146167 (5834) steps (0.0016 hrs) -nan:-nan 15627 (40) sec
[628] Ep10000: Max 146167 (2370) steps (0.0007 hrs) -nan:-nan 15655 (28) sec
[629] Ep10000: Max 146167 (1878) steps (0.0005 hrs) -nan:-nan 15684 (29) sec
[630] Ep10000: Max 146167 (1804) steps (0.0005 hrs) -nan:-nan 15719 (35) sec
[631] Ep10000: Max 146167 (1633) steps (0.0005 hrs) -nan:-nan 15750 (31) sec
[632] Ep10000: Max 146167 (2119) steps (0.0006 hrs) -nan:-nan 15796 (46) sec
[633] Ep10000: Max 146167 (1472) steps (0.0004 hrs) -nan:-nan 15828 (32) sec
[634] Ep10000: Max 146167 (1925) steps (0.0005 hrs) -nan:-nan 15859 (31) sec
[635] Ep10000: Max 146167 (1865) steps (0.0005 hrs) -nan:-nan 15886 (27) sec
[636] Ep10000: Max 146167 (2052) steps (0.0006 hrs) -nan:-nan 15912 (26) sec
[637] Ep10000: Max 146167 (2335) steps (0.0006 hrs) -nan:-nan 15939 (27) sec
[638] Ep10000: Max 146167 (2590) steps (0.0007 hrs) -nan:-nan 15967 (28) sec
[639] Ep10000: Max 146167 (2536) steps (0.0007 hrs) -nan:-nan 15993 (26) sec
[640] Ep10000: Max 146167 (2080) steps (0.0006 hrs) -nan:-nan 16059 (66) sec
[641] Ep10000: Max 146167 (3533) steps (0.0010 hrs) -nan:-nan 16118 (59) sec
[642] Ep10000: Max 146167 (2348) steps (0.0007 hrs) -nan:-nan 16176 (58) sec
[643] Ep10000: Max 146167 (4348) steps (0.0012 hrs) -nan:-nan 16217 (41) sec
[644] Ep10000: Max 146167 (1762) steps (0.0005 hrs) -nan:-nan 16238 (21) sec
[645] Ep10000: Max 146167 (1871) steps (0.0005 hrs) -nan:-nan 16263 (25) sec
[646] Ep10000: Max 146167 (2291) steps (0.0006 hrs) -nan:-nan 16289 (26) sec
[647] Ep10000: Max 146167 (3127) steps (0.0009 hrs) -nan:-nan 16320 (31) sec
[648] Ep10000: Max 146167 (2403) steps (0.0007 hrs) -nan:-nan 16367 (47) sec
[649] Ep10000: Max 146167 (3510) steps (0.0010 hrs) -nan:-nan 16407 (40) sec
[650] Ep10000: Max 146167 (1288) steps (0.0004 hrs) -nan:-nan 16430 (23) sec
[651] Ep10000: Max 146167 (2377) steps (0.0007 hrs) -nan:-nan 16453 (23) sec
[652] Ep10000: Max 146167 (2553) steps (0.0007 hrs) -nan:-nan 16497 (44) sec
[653] Ep10000: Max 146167 (2180) steps (0.0006 hrs) -nan:-nan 16525 (28) sec
[654] Ep10000: Max 146167 (3253) steps (0.0009 hrs) -nan:-nan 16565 (40) sec
[655] Ep10000: Max 146167 (1526) steps (0.0004 hrs) -nan:-nan 16591 (26) sec
[656] Ep10000: Max 146167 (3571) steps (0.0010 hrs) -nan:-nan 16645 (54) sec
[657] Ep10000: Max 146167 (2092) steps (0.0006 hrs) -nan:-nan 16688 (43) sec
[658] Ep10000: Max 146167 (1917) steps (0.0005 hrs) -nan:-nan 16727 (39) sec
[659] Ep10000: Max 146167 (3638) steps (0.0010 hrs) -nan:-nan 16793 (66) sec
[660] Ep10000: Max 146167 (4637) steps (0.0013 hrs) -nan:-nan 16840 (47) sec
[661] Ep10000: Max 146167 (2136) steps (0.0006 hrs) -nan:-nan 16879 (39) sec
[662] Ep10000: Max 146167 (3228) steps (0.0009 hrs) -nan:-nan 16933 (54) sec
[663] Ep10000: Max 146167 (4115) steps (0.0011 hrs) -nan:-nan 16986 (53) sec
[664] Ep10000: Max 146167 (3155) steps (0.0009 hrs) -nan:-nan 17023 (37) sec
[665] Ep10000: Max 146167 (2183) steps (0.0006 hrs) -nan:-nan 17054 (31) sec
[666] Ep10000: Max 146167 (2816) steps (0.0008 hrs) -nan:-nan 17112 (58) sec
[667] Ep10000: Max 146167 (2252) steps (0.0006 hrs) -nan:-nan 17149 (37) sec
[668] Ep10000: Max 146167 (2749) steps (0.0008 hrs) -nan:-nan 17202 (53) sec
[669] Ep10000: Max 146167 (1520) steps (0.0004 hrs) -nan:-nan 17240 (38) sec
[670] Ep10000: Max 146167 (1339) steps (0.0004 hrs) -nan:-nan 17270 (30) sec
[671] Ep10000: Max 146167 (2387) steps (0.0007 hrs) -nan:-nan 17330 (60) sec
[672] Ep10000: Max 146167 (2621) steps (0.0007 hrs) -nan:-nan 17377 (47) sec
[673] Ep10000: Max 146167 (1683) steps (0.0005 hrs) -nan:-nan 17415 (38) sec
[674] Ep10000: Max 146167 (2086) steps (0.0006 hrs) -nan:-nan 17476 (61) sec
[675] Ep10000: Max 146167 (1333) steps (0.0004 hrs) -nan:-nan 17500 (24) sec
[676] Ep10000: Max 146167 (2865) steps (0.0008 hrs) -nan:-nan 17549 (49) sec
[677] Ep10000: Max 146167 (2221) steps (0.0006 hrs) -nan:-nan 17591 (42) sec
[678] Ep10000: Max 146167 (1877) steps (0.0005 hrs) -nan:-nan 17622 (31) sec
[679] Ep10000: Max 146167 (1807) steps (0.0005 hrs) -nan:-nan 17645 (23) sec
[680] Ep10000: Max 146167 (2391) steps (0.0007 hrs) -nan:-nan 17678 (33) sec
[681] Ep10000: Max 146167 (2418) steps (0.0007 hrs) -nan:-nan 17695 (17) sec
[682] Ep10000: Max 146167 (1763) steps (0.0005 hrs) -nan:-nan 17715 (20) sec
[683] Ep10000: Max 146167 (1459) steps (0.0004 hrs) -nan:-nan 17730 (15) sec
[684] Ep10000: Max 146167 (2009) steps (0.0006 hrs) -nan:-nan 17756 (26) sec
[685] Ep10000: Max 146167 (2713) steps (0.0008 hrs) -nan:-nan 17790 (34) sec
[686] Ep10000: Max 146167 (1515) steps (0.0004 hrs) -nan:-nan 17812 (22) sec
[687] Ep10000: Max 146167 (1874) steps (0.0005 hrs) -nan:-nan 17845 (33) sec
[688] Ep10000: Max 146167 (2079) steps (0.0006 hrs) -nan:-nan 17865 (20) sec
[689] Ep10000: Max 146167 (2433) steps (0.0007 hrs) -nan:-nan 17893 (28) sec
[690] Ep10000: Max 146167 (1526) steps (0.0004 hrs) -nan:-nan 17918 (25) sec
[691] Ep10000: Max 146167 (1706) steps (0.0005 hrs) -nan:-nan 17944 (26) sec
[692] Ep10000: Max 146167 (2515) steps (0.0007 hrs) -nan:-nan 17985 (41) sec
[693] Ep10000: Max 146167 (2702) steps (0.0008 hrs) -nan:-nan 18010 (25) sec
[694] Ep10000: Max 146167 (2016) steps (0.0006 hrs) -nan:-nan 18031 (21) sec
[695] Ep10000: Max 146167 (1935) steps (0.0005 hrs) -nan:-nan 18050 (19) sec
[696] Ep10000: Max 146167 (1975) steps (0.0005 hrs) -nan:-nan 18065 (15) sec
[697] Ep10000: Max 146167 (1974) steps (0.0005 hrs) -nan:-nan 18087 (22) sec
[698] Ep10000: Max 146167 (3059) steps (0.0008 hrs) -nan:-nan 18117 (30) sec
[699] Ep10000: Max 146167 (1863) steps (0.0005 hrs) -nan:-nan 18144 (27) sec
[700] Ep10000: Max 146167 (3210) steps (0.0009 hrs) -nan:-nan 18165 (21) sec
[701] Ep10000: Max 146167 (1978) steps (0.0005 hrs) -nan:-nan 18195 (30) sec
[702] Ep10000: Max 146167 (2811) steps (0.0008 hrs) -nan:-nan 18212 (17) sec
[703] Ep10000: Max 146167 (2427) steps (0.0007 hrs) -nan:-nan 18243 (31) sec
[704] Ep10000: Max 146167 (5111) steps (0.0014 hrs) -nan:-nan 18274 (31) sec
[705] Ep10000: Max 146167 (3029) steps (0.0008 hrs) -nan:-nan 18296 (22) sec
[706] Ep10000: Max 146167 (1831) steps (0.0005 hrs) -nan:-nan 18315 (19) sec
[707] Ep10000: Max 146167 (4955) steps (0.0014 hrs) -nan:-nan 18335 (20) sec
[708] Ep10000: Max 146167 (1641) steps (0.0005 hrs) -nan:-nan 18347 (12) sec
[709] Ep10000: Max 146167 (1720) steps (0.0005 hrs) -nan:-nan 18362 (15) sec
[710] Ep10000: Max 146167 (3028) steps (0.0008 hrs) -nan:-nan 18382 (20) sec
[711] Ep10000: Max 146167 (4220) steps (0.0012 hrs) -nan:-nan 18408 (26) sec
[712] Ep10000: Max 146167 (1545) steps (0.0004 hrs) -nan:-nan 18422 (14) sec
[713] Ep10000: Max 146167 (1880) steps (0.0005 hrs) -nan:-nan 18438 (16) sec
[714] Ep10000: Max 146167 (2608) steps (0.0007 hrs) -nan:-nan 18455 (17) sec
[715] Ep10000: Max 146167 (2805) steps (0.0008 hrs) -nan:-nan 18482 (27) sec
[716] Ep10000: Max 146167 (1871) steps (0.0005 hrs) -nan:-nan 18497 (15) sec
[717] Ep10000: Max 146167 (2029) steps (0.0006 hrs) -nan:-nan 18516 (19) sec
[718] Ep10000: Max 146167 (2431) steps (0.0007 hrs) -nan:-nan 18532 (16) sec
[719] Ep10000: Max 146167 (2009) steps (0.0006 hrs) -nan:-nan 18546 (14) sec
[720] Ep10000: Max 146167 (3633) steps (0.0010 hrs) -nan:-nan 18569 (23) sec
[721] Ep10000: Max 146167 (2055) steps (0.0006 hrs) -nan:-nan 18588 (19) sec
[722] Ep10000: Max 146167 (1864) steps (0.0005 hrs) -nan:-nan 18602 (14) sec
[723] Ep10000: Max 146167 (2930) steps (0.0008 hrs) -nan:-nan 18632 (30) sec
[724] Ep10000: Max 146167 (3309) steps (0.0009 hrs) -nan:-nan 18656 (24) sec
[725] Ep10000: Max 146167 (1953) steps (0.0005 hrs) -nan:-nan 18681 (25) sec
[726] Ep10000: Max 146167 (12984) steps (0.0036 hrs) -nan:-nan 18744 (63) sec
[727] Ep10000: Max 146167 (1960) steps (0.0005 hrs) -nan:-nan 18756 (12) sec
[728] Ep10000: Max 146167 (1833) steps (0.0005 hrs) -nan:-nan 18769 (13) sec
[729] Ep10000: Max 146167 (2199) steps (0.0006 hrs) -nan:-nan 18795 (26) sec
[730] Ep10000: Max 146167 (2702) steps (0.0008 hrs) -nan:-nan 18816 (21) sec
[731] Ep10000: Max 146167 (2019) steps (0.0006 hrs) -nan:-nan 18843 (27) sec
[732] Ep10000: Max 146167 (2300) steps (0.0006 hrs) -nan:-nan 18869 (26) sec
[733] Ep10000: Max 146167 (2009) steps (0.0006 hrs) -nan:-nan 18886 (17) sec
[734] Ep10000: Max 146167 (2694) steps (0.0007 hrs) -nan:-nan 18907 (21) sec
[735] Ep10000: Max 146167 (3340) steps (0.0009 hrs) -nan:-nan 18934 (27) sec
[736] Ep10000: Max 146167 (2396) steps (0.0007 hrs) -nan:-nan 18949 (15) sec
[737] Ep10000: Max 146167 (3898) steps (0.0011 hrs) -nan:-nan 18974 (25) sec
[738] Ep10000: Max 146167 (1891) steps (0.0005 hrs) -nan:-nan 18987 (13) sec
[739] Ep10000: Max 146167 (3169) steps (0.0009 hrs) -nan:-nan 19010 (23) sec
[740] Ep10000: Max 146167 (8669) steps (0.0024 hrs) -nan:-nan 19059 (49) sec
[741] Ep10000: Max 146167 (2621) steps (0.0007 hrs) -nan:-nan 19084 (25) sec
[742] Ep10000: Max 146167 (6064) steps (0.0017 hrs) -nan:-nan 19108 (24) sec
[743] Ep10000: Max 146167 (2107) steps (0.0006 hrs) -nan:-nan 19123 (15) sec
[744] Ep10000: Max 146167 (2800) steps (0.0008 hrs) -nan:-nan 19142 (19) sec
[745] Ep10000: Max 146167 (1330) steps (0.0004 hrs) -nan:-nan 19154 (12) sec
[746] Ep10000: Max 146167 (1857) steps (0.0005 hrs) -nan:-nan 19169 (15) sec
[747] Ep10000: Max 146167 (3759) steps (0.0010 hrs) -nan:-nan 19197 (28) sec
[748] Ep10000: Max 146167 (2419) steps (0.0007 hrs) -nan:-nan 19224 (27) sec
[749] Ep10000: Max 146167 (3389) steps (0.0009 hrs) -nan:-nan 19246 (22) sec
[750] Ep10000: Max 146167 (5660) steps (0.0016 hrs) -nan:-nan 19267 (21) sec
[751] Ep10000: Max 146167 (1704) steps (0.0005 hrs) -nan:-nan 19280 (13) sec
[752] Ep10000: Max 146167 (2940) steps (0.0008 hrs) -nan:-nan 19306 (26) sec
[753] Ep10000: Max 146167 (12666) steps (0.0035 hrs) -nan:-nan 19366 (60) sec
[754] Ep10000: Max 146167 (2213) steps (0.0006 hrs) -nan:-nan 19385 (19) sec
[755] Ep10000: Max 146167 (2810) steps (0.0008 hrs) -nan:-nan 19412 (27) sec
[756] Ep10000: Max 146167 (1499) steps (0.0004 hrs) -nan:-nan 19425 (13) sec
[757] Ep10000: Max 146167 (1693) steps (0.0005 hrs) -nan:-nan 19441 (16) sec
[758] Ep10000: Max 146167 (1784) steps (0.0005 hrs) -nan:-nan 19456 (15) sec
[759] Ep10000: Max 146167 (2024) steps (0.0006 hrs) -nan:-nan 19473 (17) sec
[760] Ep10000: Max 146167 (2245) steps (0.0006 hrs) -nan:-nan 19497 (24) sec
[761] Ep10000: Max 146167 (2013) steps (0.0006 hrs) -nan:-nan 19522 (25) sec
[762] Ep10000: Max 146167 (1661) steps (0.0005 hrs) -nan:-nan 19534 (12) sec
[763] Ep10000: Max 146167 (1776) steps (0.0005 hrs) -nan:-nan 19547 (13) sec
[764] Ep10000: Max 146167 (2675) steps (0.0007 hrs) -nan:-nan 19574 (27) sec
[765] Ep10000: Max 146167 (2939) steps (0.0008 hrs) -nan:-nan 19594 (20) sec
[766] Ep10000: Max 146167 (1532) steps (0.0004 hrs) -nan:-nan 19609 (15) sec
[767] Ep10000: Max 146167 (1743) steps (0.0005 hrs) -nan:-nan 19624 (15) sec
[768] Ep10000: Max 146167 (1953) steps (0.0005 hrs) -nan:-nan 19645 (21) sec
[769] Ep10000: Max 146167 (10029) steps (0.0028 hrs) -nan:-nan 19699 (54) sec
[770] Ep10000: Max 146167 (3538) steps (0.0010 hrs) -nan:-nan 19719 (20) sec
[771] Ep10000: Max 146167 (1678) steps (0.0005 hrs) -nan:-nan 19734 (15) sec
[772] Ep10000: Max 146167 (2861) steps (0.0008 hrs) -nan:-nan 19757 (23) sec
[773] Ep10000: Max 146167 (2866) steps (0.0008 hrs) -nan:-nan 19785 (28) sec
[774] Ep10000: Max 146167 (3104) steps (0.0009 hrs) -nan:-nan 19812 (27) sec
[775] Ep10000: Max 146167 (2084) steps (0.0006 hrs) -nan:-nan 19828 (16) sec
[776] Ep10000: Max 146167 (2355) steps (0.0007 hrs) -nan:-nan 19841 (13) sec
[777] Ep10000: Max 146167 (1771) steps (0.0005 hrs) -nan:-nan 19854 (13) sec
[778] Ep10000: Max 146167 (1752) steps (0.0005 hrs) -nan:-nan 19869 (15) sec
[779] Ep10000: Max 146167 (1897) steps (0.0005 hrs) -nan:-nan 19884 (15) sec
[780] Ep10000: Max 146167 (2919) steps (0.0008 hrs) -nan:-nan 19912 (28) sec
[781] Ep10000: Max 146167 (1891) steps (0.0005 hrs) -nan:-nan 19937 (25) sec
[782] Ep10000: Max 146167 (3134) steps (0.0009 hrs) -nan:-nan 19964 (27) sec
[783] Ep10000: Max 146167 (2059) steps (0.0006 hrs) -nan:-nan 19979 (15) sec
[784] Ep10000: Max 146167 (1724) steps (0.0005 hrs) -nan:-nan 19992 (13) sec
[785] Ep10000: Max 146167 (1935) steps (0.0005 hrs) -nan:-nan 20008 (16) sec
[786] Ep10000: Max 146167 (1476) steps (0.0004 hrs) -nan:-nan 20021 (13) sec
[787] Ep10000: Max 146167 (2575) steps (0.0007 hrs) -nan:-nan 20040 (19) sec
[788] Ep10000: Max 146167 (2355) steps (0.0007 hrs) -nan:-nan 20066 (26) sec
[789] Ep10000: Max 146167 (1727) steps (0.0005 hrs) -nan:-nan 20080 (14) sec
[790] Ep10000: Max 146167 (1680) steps (0.0005 hrs) -nan:-nan 20092 (12) sec
[791] Ep10000: Max 146167 (2436) steps (0.0007 hrs) -nan:-nan 20112 (20) sec
[792] Ep10000: Max 146167 (2532) steps (0.0007 hrs) -nan:-nan 20135 (23) sec
[793] Ep10000: Max 146167 (2015) steps (0.0006 hrs) -nan:-nan 20159 (24) sec
[794] Ep10000: Max 146167 (2299) steps (0.0006 hrs) -nan:-nan 20180 (21) sec
[795] Ep10000: Max 146167 (1785) steps (0.0005 hrs) -nan:-nan 20195 (15) sec
[796] Ep10000: Max 146167 (2490) steps (0.0007 hrs) -nan:-nan 20221 (26) sec
[797] Ep10000: Max 146167 (2902) steps (0.0008 hrs) -nan:-nan 20238 (17) sec
[798] Ep10000: Max 146167 (1704) steps (0.0005 hrs) -nan:-nan 20252 (14) sec
[799] Ep10000: Max 146167 (2560) steps (0.0007 hrs) -nan:-nan 20279 (27) sec
[800] Ep10000: Max 146167 (1756) steps (0.0005 hrs) -nan:-nan 20295 (16) sec
[801] Ep10000: Max 146167 (2082) steps (0.0006 hrs) -nan:-nan 20309 (14) sec
[802] Ep10000: Max 146167 (3049) steps (0.0008 hrs) -nan:-nan 20331 (22) sec
[803] Ep10000: Max 146167 (2096) steps (0.0006 hrs) -nan:-nan 20350 (19) sec
[804] Ep10000: Max 146167 (16101) steps (0.0045 hrs) -nan:-nan 20415 (65) sec
[805] Ep10000: Max 146167 (1896) steps (0.0005 hrs) -nan:-nan 20435 (20) sec
[806] Ep10000: Max 146167 (1981) steps (0.0006 hrs) -nan:-nan 20450 (15) sec
[807] Ep10000: Max 146167 (1609) steps (0.0004 hrs) -nan:-nan 20466 (16) sec
[808] Ep10000: Max 146167 (7904) steps (0.0022 hrs) -nan:-nan 20521 (55) sec
[809] Ep10000: Max 146167 (2745) steps (0.0008 hrs) -nan:-nan 20537 (16) sec
[810] Ep10000: Max 146167 (3367) steps (0.0009 hrs) -nan:-nan 20564 (27) sec
[811] Ep10000: Max 146167 (1705) steps (0.0005 hrs) -nan:-nan 20585 (21) sec
[812] Ep10000: Max 146167 (4324) steps (0.0012 hrs) -nan:-nan 20604 (19) sec
[813] Ep10000: Max 146167 (1643) steps (0.0005 hrs) -nan:-nan 20621 (17) sec
[814] Ep10000: Max 146167 (1694) steps (0.0005 hrs) -nan:-nan 20636 (15) sec
[815] Ep10000: Max 146167 (3465) steps (0.0010 hrs) -nan:-nan 20656 (20) sec
[816] Ep10000: Max 146167 (2411) steps (0.0007 hrs) -nan:-nan 20679 (23) sec
[817] Ep10000: Max 146167 (1970) steps (0.0005 hrs) -nan:-nan 20704 (25) sec
[818] Ep10000: Max 146167 (2302) steps (0.0006 hrs) -nan:-nan 20720 (16) sec
[819] Ep10000: Max 146167 (2068) steps (0.0006 hrs) -nan:-nan 20738 (18) sec
[820] Ep10000: Max 146167 (2445) steps (0.0007 hrs) -nan:-nan 20763 (25) sec
[821] Ep10000: Max 146167 (3225) steps (0.0009 hrs) -nan:-nan 20785 (22) sec
[822] Ep10000: Max 146167 (3178) steps (0.0009 hrs) -nan:-nan 20802 (17) sec
[823] Ep10000: Max 146167 (1832) steps (0.0005 hrs) -nan:-nan 20816 (14) sec
[824] Ep10000: Max 146167 (1812) steps (0.0005 hrs) -nan:-nan 20831 (15) sec
[825] Ep10000: Max 146167 (1484) steps (0.0004 hrs) -nan:-nan 20845 (14) sec
[826] Ep10000: Max 146167 (2290) steps (0.0006 hrs) -nan:-nan 20872 (27) sec
[827] Ep10000: Max 146167 (1690) steps (0.0005 hrs) -nan:-nan 20888 (16) sec
[828] Ep10000: Max 146167 (2351) steps (0.0007 hrs) -nan:-nan 20906 (18) sec
[829] Ep10000: Max 146167 (2034) steps (0.0006 hrs) -nan:-nan 20929 (23) sec
[830] Ep10000: Max 146167 (2030) steps (0.0006 hrs) -nan:-nan 20942 (13) sec
[831] Ep10000: Max 146167 (2205) steps (0.0006 hrs) -nan:-nan 20958 (16) sec
[832] Ep10000: Max 146167 (1870) steps (0.0005 hrs) -nan:-nan 20973 (15) sec
[833] Ep10000: Max 146167 (2837) steps (0.0008 hrs) -nan:-nan 21000 (27) sec
[834] Ep10000: Max 146167 (1863) steps (0.0005 hrs) -nan:-nan 21015 (15) sec
[835] Ep10000: Max 146167 (3382) steps (0.0009 hrs) -nan:-nan 21043 (28) sec
[836] Ep10000: Max 146167 (2378) steps (0.0007 hrs) -nan:-nan 21067 (24) sec
[837] Ep10000: Max 146167 (1555) steps (0.0004 hrs) -nan:-nan 21081 (14) sec
[838] Ep10000: Max 146167 (2689) steps (0.0007 hrs) -nan:-nan 21107 (26) sec
[839] Ep10000: Max 146167 (3024) steps (0.0008 hrs) -nan:-nan 21136 (29) sec
[840] Ep10000: Max 146167 (1985) steps (0.0006 hrs) -nan:-nan 21152 (16) sec
[841] Ep10000: Max 146167 (1754) steps (0.0005 hrs) -nan:-nan 21168 (16) sec
[842] Ep10000: Max 146167 (2108) steps (0.0006 hrs) -nan:-nan 21193 (25) sec
[843] Ep10000: Max 146167 (3180) steps (0.0009 hrs) -nan:-nan 21221 (28) sec
[844] Ep10000: Max 146167 (2642) steps (0.0007 hrs) -nan:-nan 21243 (22) sec
[845] Ep10000: Max 146167 (1839) steps (0.0005 hrs) -nan:-nan 21259 (16) sec
[846] Ep10000: Max 146167 (1953) steps (0.0005 hrs) -nan:-nan 21275 (16) sec
[847] Ep10000: Max 146167 (1897) steps (0.0005 hrs) -nan:-nan 21291 (16) sec
[848] Ep10000: Max 146167 (2777) steps (0.0008 hrs) -nan:-nan 21311 (20) sec
[849] Ep10000: Max 146167 (1991) steps (0.0006 hrs) -nan:-nan 21326 (15) sec
[850] Ep10000: Max 146167 (1658) steps (0.0005 hrs) -nan:-nan 21340 (14) sec
[851] Ep10000: Max 146167 (2382) steps (0.0007 hrs) -nan:-nan 21362 (22) sec
[852] Ep10000: Max 146167 (2696) steps (0.0007 hrs) -nan:-nan 21386 (24) sec
[853] Ep10000: Max 146167 (1757) steps (0.0005 hrs) -nan:-nan 21402 (16) sec
[854] Ep10000: Max 146167 (3063) steps (0.0009 hrs) -nan:-nan 21430 (28) sec
[855] Ep10000: Max 146167 (1463) steps (0.0004 hrs) -nan:-nan 21442 (12) sec
[856] Ep10000: Max 146167 (2375) steps (0.0007 hrs) -nan:-nan 21464 (22) sec
[857] Ep10000: Max 146167 (2162) steps (0.0006 hrs) -nan:-nan 21481 (17) sec
[858] Ep10000: Max 146167 (1542) steps (0.0004 hrs) -nan:-nan 21497 (16) sec
[859] Ep10000: Max 146167 (1782) steps (0.0005 hrs) -nan:-nan 21510 (13) sec
[860] Ep10000: Max 146167 (2526) steps (0.0007 hrs) -nan:-nan 21531 (21) sec
[861] Ep10000: Max 146167 (1664) steps (0.0005 hrs) -nan:-nan 21545 (14) sec
[862] Ep10000: Max 146167 (1551) steps (0.0004 hrs) -nan:-nan 21561 (16) sec
[863] Ep10000: Max 146167 (1676) steps (0.0005 hrs) -nan:-nan 21578 (17) sec
[864] Ep10000: Max 146167 (2241) steps (0.0006 hrs) -nan:-nan 21593 (15) sec
[865] Ep10000: Max 146167 (2696) steps (0.0007 hrs) -nan:-nan 21613 (20) sec
[866] Ep10000: Max 146167 (3289) steps (0.0009 hrs) -nan:-nan 21640 (27) sec
[867] Ep10000: Max 146167 (2960) steps (0.0008 hrs) -nan:-nan 21665 (25) sec
[868] Ep10000: Max 146167 (4588) steps (0.0013 hrs) -nan:-nan 21697 (32) sec
[869] Ep10000: Max 146167 (1439) steps (0.0004 hrs) -nan:-nan 21712 (15) sec
[870] Ep10000: Max 146167 (2217) steps (0.0006 hrs) -nan:-nan 21733 (21) sec
[871] Ep10000: Max 146167 (3161) steps (0.0009 hrs) -nan:-nan 21752 (19) sec
[872] Ep10000: Max 146167 (2053) steps (0.0006 hrs) -nan:-nan 21775 (23) sec
[873] Ep10000: Max 146167 (2152) steps (0.0006 hrs) -nan:-nan 21795 (20) sec
[874] Ep10000: Max 146167 (3182) steps (0.0009 hrs) -nan:-nan 21822 (27) sec
[875] Ep10000: Max 371004 (371004) steps (0.1031 hrs) -nan:-nan 21859 (37) sec
[876] Ep10000: Max 371004 (1829) steps (0.0005 hrs) -nan:-nan 21875 (16) sec
[877] Ep10000: Max 371004 (1812) steps (0.0005 hrs) -nan:-nan 21889 (14) sec
[878] Ep10000: Max 371004 (2130) steps (0.0006 hrs) -nan:-nan 21905 (16) sec
[879] Ep10000: Max 371004 (2268) steps (0.0006 hrs) -nan:-nan 21929 (24) sec
[880] Ep10000: Max 371004 (2097) steps (0.0006 hrs) -nan:-nan 21945 (16) sec
[881] Ep10000: Max 371004 (4574) steps (0.0013 hrs) -nan:-nan 21973 (28) sec
[882] Ep10000: Max 371004 (2184) steps (0.0006 hrs) -nan:-nan 21988 (15) sec
[883] Ep10000: Max 371004 (3201) steps (0.0009 hrs) -nan:-nan 22017 (29) sec
[884] Ep10000: Max 371004 (1581) steps (0.0004 hrs) -nan:-nan 22031 (14) sec
[885] Ep10000: Max 371004 (7202) steps (0.0020 hrs) -nan:-nan 22059 (28) sec
[886] Ep10000: Max 371004 (1992) steps (0.0006 hrs) -nan:-nan 22075 (16) sec
[887] Ep10000: Max 371004 (1901) steps (0.0005 hrs) -nan:-nan 22090 (15) sec
[888] Ep10000: Max 371004 (2083) steps (0.0006 hrs) -nan:-nan 22107 (17) sec
[889] Ep10000: Max 371004 (2267) steps (0.0006 hrs) -nan:-nan 22119 (12) sec
[890] Ep10000: Max 371004 (2810) steps (0.0008 hrs) -nan:-nan 22149 (30) sec
[891] Ep10000: Max 371004 (3132) steps (0.0009 hrs) -nan:-nan 22174 (25) sec
[892] Ep10000: Max 371004 (2537) steps (0.0007 hrs) -nan:-nan 22195 (21) sec
[893] Ep10000: Max 371004 (1739) steps (0.0005 hrs) -nan:-nan 22211 (16) sec
[894] Ep10000: Max 371004 (5014) steps (0.0014 hrs) -nan:-nan 22235 (24) sec
[895] Ep10000: Max 371004 (1856) steps (0.0005 hrs) -nan:-nan 22250 (15) sec
[896] Ep10000: Max 371004 (2674) steps (0.0007 hrs) -nan:-nan 22278 (28) sec
[897] Ep10000: Max 371004 (3812) steps (0.0011 hrs) -nan:-nan 22303 (25) sec
[898] Ep10000: Max 371004 (2392) steps (0.0007 hrs) -nan:-nan 22321 (18) sec
[899] Ep10000: Max 371004 (3522) steps (0.0010 hrs) -nan:-nan 22344 (23) sec
[900] Ep10000: Max 371004 (1376) steps (0.0004 hrs) -nan:-nan 22359 (15) sec
[901] Ep10000: Max 371004 (3214) steps (0.0009 hrs) -nan:-nan 22391 (32) sec
[902] Ep10000: Max 371004 (2791) steps (0.0008 hrs) -nan:-nan 22416 (25) sec
[903] Ep10000: Max 371004 (2077) steps (0.0006 hrs) -nan:-nan 22435 (19) sec
[904] Ep10000: Max 371004 (2976) steps (0.0008 hrs) -nan:-nan 22461 (26) sec
[905] Ep10000: Max 371004 (1782) steps (0.0005 hrs) -nan:-nan 22476 (15) sec
[906] Ep10000: Max 371004 (2035) steps (0.0006 hrs) -nan:-nan 22492 (16) sec
[907] Ep10000: Max 371004 (1823) steps (0.0005 hrs) -nan:-nan 22509 (17) sec
[908] Ep10000: Max 371004 (1461) steps (0.0004 hrs) -nan:-nan 22524 (15) sec
[909] Ep10000: Max 371004 (1769) steps (0.0005 hrs) -nan:-nan 22541 (17) sec
[910] Ep10000: Max 371004 (1790) steps (0.0005 hrs) -nan:-nan 22554 (13) sec
[911] Ep10000: Max 371004 (2221) steps (0.0006 hrs) -nan:-nan 22581 (27) sec
[912] Ep10000: Max 371004 (2039) steps (0.0006 hrs) -nan:-nan 22595 (14) sec
[913] Ep10000: Max 371004 (1542) steps (0.0004 hrs) -nan:-nan 22608 (13) sec
[914] Ep10000: Max 371004 (1761) steps (0.0005 hrs) -nan:-nan 22628 (20) sec
[915] Ep10000: Max 371004 (2022) steps (0.0006 hrs) -nan:-nan 22643 (15) sec
[916] Ep10000: Max 371004 (2867) steps (0.0008 hrs) -nan:-nan 22670 (27) sec
[917] Ep10000: Max 371004 (2506) steps (0.0007 hrs) -nan:-nan 22687 (17) sec
[918] Ep10000: Max 371004 (2272) steps (0.0006 hrs) -nan:-nan 22710 (23) sec
[919] Ep10000: Max 371004 (4230) steps (0.0012 hrs) -nan:-nan 22734 (24) sec
[920] Ep10000: Max 371004 (2913) steps (0.0008 hrs) -nan:-nan 22753 (19) sec
[921] Ep10000: Max 371004 (1874) steps (0.0005 hrs) -nan:-nan 22768 (15) sec
[922] Ep10000: Max 371004 (2313) steps (0.0006 hrs) -nan:-nan 22785 (17) sec
[923] Ep10000: Max 371004 (4121) steps (0.0011 hrs) -nan:-nan 22808 (23) sec
[924] Ep10000: Max 371004 (8179) steps (0.0023 hrs) -nan:-nan 22844 (36) sec
[925] Ep10000: Max 371004 (1991) steps (0.0006 hrs) -nan:-nan 22870 (26) sec
[926] Ep10000: Max 371004 (3756) steps (0.0010 hrs) -nan:-nan 22896 (26) sec
[927] Ep10000: Max 371004 (1517) steps (0.0004 hrs) -nan:-nan 22910 (14) sec
[928] Ep10000: Max 371004 (3096) steps (0.0009 hrs) -nan:-nan 22927 (17) sec
[929] Ep10000: Max 371004 (1540) steps (0.0004 hrs) -nan:-nan 22944 (17) sec
[930] Ep10000: Max 371004 (2274) steps (0.0006 hrs) -nan:-nan 22959 (15) sec
[931] Ep10000: Max 371004 (2739) steps (0.0008 hrs) -nan:-nan 22976 (17) sec
[932] Ep10000: Max 371004 (1756) steps (0.0005 hrs) -nan:-nan 22990 (14) sec
[933] Ep10000: Max 371004 (4411) steps (0.0012 hrs) -nan:-nan 23013 (23) sec
[934] Ep10000: Max 371004 (7253) steps (0.0020 hrs) -nan:-nan 23041 (28) sec
[935] Ep10000: Max 371004 (2191) steps (0.0006 hrs) -nan:-nan 23061 (20) sec
[936] Ep10000: Max 371004 (2150) steps (0.0006 hrs) -nan:-nan 23085 (24) sec
[937] Ep10000: Max 371004 (2071) steps (0.0006 hrs) -nan:-nan 23101 (16) sec
[938] Ep10000: Max 371004 (2263) steps (0.0006 hrs) -nan:-nan 23120 (19) sec
[939] Ep10000: Max 371004 (3611) steps (0.0010 hrs) -nan:-nan 23139 (19) sec
[940] Ep10000: Max 371004 (1792) steps (0.0005 hrs) -nan:-nan 23153 (14) sec
[941] Ep10000: Max 371004 (1534) steps (0.0004 hrs) -nan:-nan 23168 (15) sec
[942] Ep10000: Max 371004 (2320) steps (0.0006 hrs) -nan:-nan 23195 (27) sec
[943] Ep10000: Max 371004 (2053) steps (0.0006 hrs) -nan:-nan 23222 (27) sec
[944] Ep10000: Max 371004 (1992) steps (0.0006 hrs) -nan:-nan 23237 (15) sec
[945] Ep10000: Max 371004 (2340) steps (0.0007 hrs) -nan:-nan 23256 (19) sec
[946] Ep10000: Max 371004 (5597) steps (0.0016 hrs) -nan:-nan 23281 (25) sec
[947] Ep10000: Max 371004 (1721) steps (0.0005 hrs) -nan:-nan 23294 (13) sec
[948] Ep10000: Max 371004 (1861) steps (0.0005 hrs) -nan:-nan 23311 (17) sec
[949] Ep10000: Max 371004 (3670) steps (0.0010 hrs) -nan:-nan 23339 (28) sec
[950] Ep10000: Max 371004 (1952) steps (0.0005 hrs) -nan:-nan 23353 (14) sec
[951] Ep10000: Max 371004 (1582) steps (0.0004 hrs) -nan:-nan 23368 (15) sec
[952] Ep10000: Max 371004 (1868) steps (0.0005 hrs) -nan:-nan 23389 (21) sec
[953] Ep10000: Max 371004 (2106) steps (0.0006 hrs) -nan:-nan 23401 (12) sec
[954] Ep10000: Max 371004 (9045) steps (0.0025 hrs) -nan:-nan 23463 (62) sec
[955] Ep10000: Max 371004 (2659) steps (0.0007 hrs) -nan:-nan 23478 (15) sec
[956] Ep10000: Max 371004 (1669) steps (0.0005 hrs) -nan:-nan 23493 (15) sec
[957] Ep10000: Max 371004 (1317) steps (0.0004 hrs) -nan:-nan 23505 (12) sec
[958] Ep10000: Max 371004 (1934) steps (0.0005 hrs) -nan:-nan 23520 (15) sec
[959] Ep10000: Max 371004 (1388) steps (0.0004 hrs) -nan:-nan 23533 (13) sec
[960] Ep10000: Max 371004 (2516) steps (0.0007 hrs) -nan:-nan 23556 (23) sec
[961] Ep10000: Max 371004 (1639) steps (0.0005 hrs) -nan:-nan 23571 (15) sec
[962] Ep10000: Max 371004 (1531) steps (0.0004 hrs) -nan:-nan 23584 (13) sec
[963] Ep10000: Max 371004 (2001) steps (0.0006 hrs) -nan:-nan 23606 (22) sec
[964] Ep10000: Max 371004 (1825) steps (0.0005 hrs) -nan:-nan 23622 (16) sec
[965] Ep10000: Max 371004 (3665) steps (0.0010 hrs) -nan:-nan 23645 (23) sec
[966] Ep10000: Max 371004 (2389) steps (0.0007 hrs) -nan:-nan 23660 (15) sec
[967] Ep10000: Max 371004 (2261) steps (0.0006 hrs) -nan:-nan 23686 (26) sec
[968] Ep10000: Max 371004 (2844) steps (0.0008 hrs) -nan:-nan 23714 (28) sec
[969] Ep10000: Max 371004 (2535) steps (0.0007 hrs) -nan:-nan 23738 (24) sec
[970] Ep10000: Max 371004 (1945) steps (0.0005 hrs) -nan:-nan 23765 (27) sec
[971] Ep10000: Max 371004 (1923) steps (0.0005 hrs) -nan:-nan 23780 (15) sec
[972] Ep10000: Max 371004 (2012) steps (0.0006 hrs) -nan:-nan 23798 (18) sec
[973] Ep10000: Max 371004 (1780) steps (0.0005 hrs) -nan:-nan 23814 (16) sec
[974] Ep10000: Max 371004 (3340) steps (0.0009 hrs) -nan:-nan 23831 (17) sec
[975] Ep10000: Max 371004 (2006) steps (0.0006 hrs) -nan:-nan 23849 (18) sec
[976] Ep10000: Max 371004 (3178) steps (0.0009 hrs) -nan:-nan 23876 (27) sec
[977] Ep10000: Max 371004 (1663) steps (0.0005 hrs) -nan:-nan 23892 (16) sec
[978] Ep10000: Max 371004 (1987) steps (0.0006 hrs) -nan:-nan 23905 (13) sec
[979] Ep10000: Max 371004 (1766) steps (0.0005 hrs) -nan:-nan 23921 (16) sec
[980] Ep10000: Max 371004 (2068) steps (0.0006 hrs) -nan:-nan 23936 (15) sec
[981] Ep10000: Max 371004 (2156) steps (0.0006 hrs) -nan:-nan 23964 (28) sec
[982] Ep10000: Max 371004 (2743) steps (0.0008 hrs) -nan:-nan 23990 (26) sec
[983] Ep10000: Max 371004 (2090) steps (0.0006 hrs) -nan:-nan 24005 (15) sec
[984] Ep10000: Max 371004 (1763) steps (0.0005 hrs) -nan:-nan 24021 (16) sec
[985] Ep10000: Max 371004 (3142) steps (0.0009 hrs) -nan:-nan 24041 (20) sec
[986] Ep10000: Max 371004 (2743) steps (0.0008 hrs) -nan:-nan 24055 (14) sec
[987] Ep10000: Max 371004 (2195) steps (0.0006 hrs) -nan:-nan 24070 (15) sec
[988] Ep10000: Max 371004 (2476) steps (0.0007 hrs) -nan:-nan 24093 (23) sec
[989] Ep10000: Max 371004 (2131) steps (0.0006 hrs) -nan:-nan 24121 (28) sec
[990] Ep10000: Max 371004 (3844) steps (0.0011 hrs) -nan:-nan 24149 (28) sec
[991] Ep10000: Max 371004 (1743) steps (0.0005 hrs) -nan:-nan 24165 (16) sec
[992] Ep10000: Max 371004 (1984) steps (0.0006 hrs) -nan:-nan 24190 (25) sec
[993] Ep10000: Max 371004 (3934) steps (0.0011 hrs) -nan:-nan 24212 (22) sec
[994] Ep10000: Max 371004 (2114) steps (0.0006 hrs) -nan:-nan 24241 (29) sec
[995] Ep10000: Max 371004 (4921) steps (0.0014 hrs) -nan:-nan 24269 (28) sec
[996] Ep10000: Max 371004 (3496) steps (0.0010 hrs) -nan:-nan 24292 (23) sec
[997] Ep10000: Max 371004 (2086) steps (0.0006 hrs) -nan:-nan 24309 (17) sec
[998] Ep10000: Max 371004 (1673) steps (0.0005 hrs) -nan:-nan 24321 (12) sec
[999] Ep10000: Max 371004 (2541) steps (0.0007 hrs) -nan:-nan 24338 (17) sec
[1000] Ep10000: Max 371004 (2406) steps (0.0007 hrs) -nan:-nan 24364 (26) sec
Total Elapsed time: 24364 seconds
Wrote current data to latest.train
