balanced 0 test_flag 0
[1] Ep10000: Max 2165 (2165) steps (0.0006 hrs) -nan:-nan 22 (22) sec
[2] Ep10000: Max 2165 (2053) steps (0.0006 hrs) -nan:-nan 36 (14) sec
[3] Ep10000: Max 2882 (2882) steps (0.0008 hrs) -nan:-nan 65 (29) sec
[4] Ep10000: Max 2882 (1981) steps (0.0006 hrs) -nan:-nan 77 (12) sec
[5] Ep10000: Max 2882 (2179) steps (0.0006 hrs) -nan:-nan 93 (16) sec
[6] Ep10000: Max 2882 (1622) steps (0.0005 hrs) -nan:-nan 108 (15) sec
[7] Ep10000: Max 2882 (2036) steps (0.0006 hrs) -nan:-nan 125 (17) sec
[8] Ep10000: Max 2882 (2320) steps (0.0006 hrs) -nan:-nan 180 (55) sec
[9] Ep10000: Max 2882 (2169) steps (0.0006 hrs) -nan:-nan 226 (46) sec
[10] Ep10000: Max 2882 (2171) steps (0.0006 hrs) -nan:-nan 254 (28) sec
[11] Ep10000: Max 5257 (5257) steps (0.0015 hrs) -nan:-nan 280 (26) sec
[12] Ep10000: Max 5257 (1888) steps (0.0005 hrs) -nan:-nan 294 (14) sec
[13] Ep10000: Max 5257 (2046) steps (0.0006 hrs) -nan:-nan 314 (20) sec
[14] Ep10000: Max 5257 (2199) steps (0.0006 hrs) -nan:-nan 334 (20) sec
[15] Ep10000: Max 5257 (1398) steps (0.0004 hrs) -nan:-nan 346 (12) sec
[16] Ep10000: Max 5257 (2839) steps (0.0008 hrs) -nan:-nan 366 (20) sec
[17] Ep10000: Max 5257 (2020) steps (0.0006 hrs) -nan:-nan 383 (17) sec
[18] Ep10000: Max 5257 (1804) steps (0.0005 hrs) -nan:-nan 398 (15) sec
[19] Ep10000: Max 5257 (2145) steps (0.0006 hrs) -nan:-nan 412 (14) sec
[20] Ep10000: Max 5257 (3463) steps (0.0010 hrs) -nan:-nan 435 (23) sec
[21] Ep10000: Max 5257 (2214) steps (0.0006 hrs) -nan:-nan 461 (26) sec
[22] Ep10000: Max 5257 (2737) steps (0.0008 hrs) -nan:-nan 482 (21) sec
[23] Ep10000: Max 5257 (2308) steps (0.0006 hrs) -nan:-nan 500 (18) sec
[24] Ep10000: Max 5257 (2080) steps (0.0006 hrs) -nan:-nan 526 (26) sec
[25] Ep10000: Max 5257 (2195) steps (0.0006 hrs) -nan:-nan 542 (16) sec
[26] Ep10000: Max 5257 (2950) steps (0.0008 hrs) -nan:-nan 558 (16) sec
[27] Ep10000: Max 5257 (2006) steps (0.0006 hrs) -nan:-nan 572 (14) sec
[28] Ep10000: Max 5257 (2309) steps (0.0006 hrs) -nan:-nan 597 (25) sec
[29] Ep10000: Max 5257 (2511) steps (0.0007 hrs) -nan:-nan 613 (16) sec
[30] Ep10000: Max 5257 (2200) steps (0.0006 hrs) -nan:-nan 638 (25) sec
[31] Ep10000: Max 5257 (2313) steps (0.0006 hrs) -nan:-nan 654 (16) sec
[32] Ep10000: Max 5257 (2077) steps (0.0006 hrs) -nan:-nan 668 (14) sec
[33] Ep10000: Max 5257 (2707) steps (0.0008 hrs) -nan:-nan 695 (27) sec
[34] Ep10000: Max 5257 (2001) steps (0.0006 hrs) -nan:-nan 714 (19) sec
[35] Ep10000: Max 5257 (1651) steps (0.0005 hrs) -nan:-nan 729 (15) sec
[36] Ep10000: Max 5257 (2045) steps (0.0006 hrs) -nan:-nan 743 (14) sec
[37] Ep10000: Max 5257 (1562) steps (0.0004 hrs) -nan:-nan 757 (14) sec
[38] Ep10000: Max 5257 (3366) steps (0.0009 hrs) -nan:-nan 777 (20) sec
[39] Ep10000: Max 5257 (1798) steps (0.0005 hrs) -nan:-nan 792 (15) sec
[40] Ep10000: Max 5257 (2472) steps (0.0007 hrs) -nan:-nan 817 (25) sec
[41] Ep10000: Max 5257 (3035) steps (0.0008 hrs) -nan:-nan 840 (23) sec
[42] Ep10000: Max 5257 (2042) steps (0.0006 hrs) -nan:-nan 865 (25) sec
[43] Ep10000: Max 5257 (2727) steps (0.0008 hrs) -nan:-nan 889 (24) sec
[44] Ep10000: Max 5257 (3269) steps (0.0009 hrs) -nan:-nan 914 (25) sec
[45] Ep10000: Max 5257 (1972) steps (0.0005 hrs) -nan:-nan 929 (15) sec
[46] Ep10000: Max 5257 (2103) steps (0.0006 hrs) -nan:-nan 953 (24) sec
[47] Ep10000: Max 5257 (2070) steps (0.0006 hrs) -nan:-nan 972 (19) sec
[48] Ep10000: Max 5257 (2735) steps (0.0008 hrs) -nan:-nan 997 (25) sec
[49] Ep10000: Max 5257 (1585) steps (0.0004 hrs) -nan:-nan 1013 (16) sec
[50] Ep10000: Max 5257 (2166) steps (0.0006 hrs) -nan:-nan 1034 (21) sec
[51] Ep10000: Max 5257 (1767) steps (0.0005 hrs) -nan:-nan 1048 (14) sec
[52] Ep10000: Max 5257 (2204) steps (0.0006 hrs) -nan:-nan 1063 (15) sec
[53] Ep10000: Max 5257 (3476) steps (0.0010 hrs) -nan:-nan 1086 (23) sec
[54] Ep10000: Max 7043 (7043) steps (0.0020 hrs) -nan:-nan 1109 (23) sec
[55] Ep10000: Max 7043 (5180) steps (0.0014 hrs) -nan:-nan 1130 (21) sec
[56] Ep10000: Max 7043 (2506) steps (0.0007 hrs) -nan:-nan 1141 (11) sec
[57] Ep10000: Max 7043 (1490) steps (0.0004 hrs) -nan:-nan 1153 (12) sec
[58] Ep10000: Max 7043 (2050) steps (0.0006 hrs) -nan:-nan 1177 (24) sec
[59] Ep10000: Max 7043 (2521) steps (0.0007 hrs) -nan:-nan 1202 (25) sec
[60] Ep10000: Max 7043 (2206) steps (0.0006 hrs) -nan:-nan 1222 (20) sec
[61] Ep10000: Max 10364 (10364) steps (0.0029 hrs) -nan:-nan 1264 (42) sec
[62] Ep10000: Max 10364 (2452) steps (0.0007 hrs) -nan:-nan 1279 (15) sec
[63] Ep10000: Max 10364 (1812) steps (0.0005 hrs) -nan:-nan 1294 (15) sec
[64] Ep10000: Max 10364 (2223) steps (0.0006 hrs) -nan:-nan 1317 (23) sec
[65] Ep10000: Max 10364 (2113) steps (0.0006 hrs) -nan:-nan 1336 (19) sec
[66] Ep10000: Max 10364 (2045) steps (0.0006 hrs) -nan:-nan 1351 (15) sec
[67] Ep10000: Max 19236 (19236) steps (0.0053 hrs) -nan:-nan 1414 (63) sec
[68] Ep10000: Max 19236 (1915) steps (0.0005 hrs) -nan:-nan 1429 (15) sec
[69] Ep10000: Max 19236 (2140) steps (0.0006 hrs) -nan:-nan 1448 (19) sec
[70] Ep10000: Max 19236 (1820) steps (0.0005 hrs) -nan:-nan 1461 (13) sec
[71] Ep10000: Max 19236 (2475) steps (0.0007 hrs) -nan:-nan 1479 (18) sec
[72] Ep10000: Max 19236 (2129) steps (0.0006 hrs) -nan:-nan 1499 (20) sec
[73] Ep10000: Max 19236 (2200) steps (0.0006 hrs) -nan:-nan 1518 (19) sec
[74] Ep10000: Max 19236 (2235) steps (0.0006 hrs) -nan:-nan 1535 (17) sec
[75] Ep10000: Max 19236 (2314) steps (0.0006 hrs) -nan:-nan 1556 (21) sec
[76] Ep10000: Max 19236 (1752) steps (0.0005 hrs) -nan:-nan 1571 (15) sec
[77] Ep10000: Max 19236 (2517) steps (0.0007 hrs) -nan:-nan 1585 (14) sec
[78] Ep10000: Max 19236 (1741) steps (0.0005 hrs) -nan:-nan 1598 (13) sec
[79] Ep10000: Max 19236 (7309) steps (0.0020 hrs) -nan:-nan 1627 (29) sec
[80] Ep10000: Max 19236 (3712) steps (0.0010 hrs) -nan:-nan 1653 (26) sec
[81] Ep10000: Max 19236 (1963) steps (0.0005 hrs) -nan:-nan 1678 (25) sec
[82] Ep10000: Max 19236 (2385) steps (0.0007 hrs) -nan:-nan 1693 (15) sec
[83] Ep10000: Max 19236 (1673) steps (0.0005 hrs) -nan:-nan 1708 (15) sec
[84] Ep10000: Max 19236 (1680) steps (0.0005 hrs) -nan:-nan 1726 (18) sec
[85] Ep10000: Max 19236 (2977) steps (0.0008 hrs) -nan:-nan 1748 (22) sec
[86] Ep10000: Max 19236 (2240) steps (0.0006 hrs) -nan:-nan 1762 (14) sec
[87] Ep10000: Max 19236 (1509) steps (0.0004 hrs) -nan:-nan 1776 (14) sec
[88] Ep10000: Max 19236 (1691) steps (0.0005 hrs) -nan:-nan 1791 (15) sec
[89] Ep10000: Max 19236 (2947) steps (0.0008 hrs) -nan:-nan 1815 (24) sec
[90] Ep10000: Max 19236 (4312) steps (0.0012 hrs) -nan:-nan 1837 (22) sec
[91] Ep10000: Max 19236 (2350) steps (0.0007 hrs) -nan:-nan 1858 (21) sec
[92] Ep10000: Max 19236 (2070) steps (0.0006 hrs) -nan:-nan 1874 (16) sec
[93] Ep10000: Max 19236 (1473) steps (0.0004 hrs) -nan:-nan 1885 (11) sec
[94] Ep10000: Max 19236 (2811) steps (0.0008 hrs) -nan:-nan 1907 (22) sec
[95] Ep10000: Max 19236 (3193) steps (0.0009 hrs) -nan:-nan 1934 (27) sec
[96] Ep10000: Max 19236 (2309) steps (0.0006 hrs) -nan:-nan 1955 (21) sec
[97] Ep10000: Max 19236 (1990) steps (0.0006 hrs) -nan:-nan 1978 (23) sec
[98] Ep10000: Max 19236 (1769) steps (0.0005 hrs) -nan:-nan 1992 (14) sec
[99] Ep10000: Max 19236 (1585) steps (0.0004 hrs) -nan:-nan 2007 (15) sec
[100] Ep10000: Max 19236 (2072) steps (0.0006 hrs) -nan:-nan 2022 (15) sec
[101] Ep10000: Max 19236 (1501) steps (0.0004 hrs) -nan:-nan 2036 (14) sec
[102] Ep10000: Max 19236 (2005) steps (0.0006 hrs) -nan:-nan 2052 (16) sec
[103] Ep10000: Max 19236 (11622) steps (0.0032 hrs) -nan:-nan 2120 (68) sec
[104] Ep10000: Max 19236 (1737) steps (0.0005 hrs) -nan:-nan 2134 (14) sec
[105] Ep10000: Max 19236 (2058) steps (0.0006 hrs) -nan:-nan 2146 (12) sec
[106] Ep10000: Max 19236 (1946) steps (0.0005 hrs) -nan:-nan 2171 (25) sec
[107] Ep10000: Max 19236 (1937) steps (0.0005 hrs) -nan:-nan 2190 (19) sec
[108] Ep10000: Max 20033 (20033) steps (0.0056 hrs) -nan:-nan 2249 (59) sec
[109] Ep10000: Max 20033 (2143) steps (0.0006 hrs) -nan:-nan 2269 (20) sec
[110] Ep10000: Max 20033 (3606) steps (0.0010 hrs) -nan:-nan 2297 (28) sec
[111] Ep10000: Max 20033 (4370) steps (0.0012 hrs) -nan:-nan 2322 (25) sec
[112] Ep10000: Max 20033 (1460) steps (0.0004 hrs) -nan:-nan 2338 (16) sec
[113] Ep10000: Max 20033 (2105) steps (0.0006 hrs) -nan:-nan 2363 (25) sec
[114] Ep10000: Max 20033 (3152) steps (0.0009 hrs) -nan:-nan 2380 (17) sec
[115] Ep10000: Max 20033 (2161) steps (0.0006 hrs) -nan:-nan 2400 (20) sec
[116] Ep10000: Max 20033 (1876) steps (0.0005 hrs) -nan:-nan 2415 (15) sec
[117] Ep10000: Max 20033 (2649) steps (0.0007 hrs) -nan:-nan 2437 (22) sec
[118] Ep10000: Max 20033 (2030) steps (0.0006 hrs) -nan:-nan 2457 (20) sec
[119] Ep10000: Max 20033 (1496) steps (0.0004 hrs) -nan:-nan 2469 (12) sec
[120] Ep10000: Max 20033 (3226) steps (0.0009 hrs) -nan:-nan 2494 (25) sec
[121] Ep10000: Max 20033 (2210) steps (0.0006 hrs) -nan:-nan 2508 (14) sec
[122] Ep10000: Max 20033 (2281) steps (0.0006 hrs) -nan:-nan 2527 (19) sec
[123] Ep10000: Max 20033 (1800) steps (0.0005 hrs) -nan:-nan 2539 (12) sec
[124] Ep10000: Max 20033 (1580) steps (0.0004 hrs) -nan:-nan 2555 (16) sec
[125] Ep10000: Max 20033 (1847) steps (0.0005 hrs) -nan:-nan 2568 (13) sec
[126] Ep10000: Max 20033 (1617) steps (0.0004 hrs) -nan:-nan 2582 (14) sec
[127] Ep10000: Max 20033 (1846) steps (0.0005 hrs) -nan:-nan 2596 (14) sec
[128] Ep10000: Max 20033 (1808) steps (0.0005 hrs) -nan:-nan 2610 (14) sec
[129] Ep10000: Max 20033 (1442) steps (0.0004 hrs) -nan:-nan 2623 (13) sec
[130] Ep10000: Max 20033 (2687) steps (0.0007 hrs) -nan:-nan 2641 (18) sec
[131] Ep10000: Max 20033 (1931) steps (0.0005 hrs) -nan:-nan 2657 (16) sec
[132] Ep10000: Max 20033 (2225) steps (0.0006 hrs) -nan:-nan 2671 (14) sec
[133] Ep10000: Max 20033 (2991) steps (0.0008 hrs) -nan:-nan 2695 (24) sec
[134] Ep10000: Max 20033 (2775) steps (0.0008 hrs) -nan:-nan 2722 (27) sec
[135] Ep10000: Max 20033 (2516) steps (0.0007 hrs) -nan:-nan 2736 (14) sec
[136] Ep10000: Max 20033 (2501) steps (0.0007 hrs) -nan:-nan 2757 (21) sec
[137] Ep10000: Max 20033 (2220) steps (0.0006 hrs) -nan:-nan 2776 (19) sec
[138] Ep10000: Max 20033 (2049) steps (0.0006 hrs) -nan:-nan 2792 (16) sec
[139] Ep10000: Max 20033 (2670) steps (0.0007 hrs) -nan:-nan 2817 (25) sec
[140] Ep10000: Max 20033 (1986) steps (0.0006 hrs) -nan:-nan 2839 (22) sec
[141] Ep10000: Max 20033 (2102) steps (0.0006 hrs) -nan:-nan 2855 (16) sec
[142] Ep10000: Max 20033 (6881) steps (0.0019 hrs) -nan:-nan 2880 (25) sec
[143] Ep10000: Max 20033 (2523) steps (0.0007 hrs) -nan:-nan 2899 (19) sec
[144] Ep10000: Max 20033 (1936) steps (0.0005 hrs) -nan:-nan 2913 (14) sec
[145] Ep10000: Max 20033 (1680) steps (0.0005 hrs) -nan:-nan 2928 (15) sec
[146] Ep10000: Max 20033 (2154) steps (0.0006 hrs) -nan:-nan 2953 (25) sec
[147] Ep10000: Max 20033 (2324) steps (0.0006 hrs) -nan:-nan 2976 (23) sec
[148] Ep10000: Max 20033 (2194) steps (0.0006 hrs) -nan:-nan 2993 (17) sec
[149] Ep10000: Max 20033 (2854) steps (0.0008 hrs) -nan:-nan 3021 (28) sec
[150] Ep10000: Max 20033 (1961) steps (0.0005 hrs) -nan:-nan 3046 (25) sec
[151] Ep10000: Max 20033 (4999) steps (0.0014 hrs) -nan:-nan 3074 (28) sec
[152] Ep10000: Max 20033 (2569) steps (0.0007 hrs) -nan:-nan 3094 (20) sec
[153] Ep10000: Max 20033 (1877) steps (0.0005 hrs) -nan:-nan 3113 (19) sec
[154] Ep10000: Max 20033 (2168) steps (0.0006 hrs) -nan:-nan 3128 (15) sec
[155] Ep10000: Max 20033 (1750) steps (0.0005 hrs) -nan:-nan 3143 (15) sec
[156] Ep10000: Max 20033 (2214) steps (0.0006 hrs) -nan:-nan 3157 (14) sec
[157] Ep10000: Max 20033 (2281) steps (0.0006 hrs) -nan:-nan 3173 (16) sec
[158] Ep10000: Max 20033 (2996) steps (0.0008 hrs) -nan:-nan 3198 (25) sec
[159] Ep10000: Max 20033 (1886) steps (0.0005 hrs) -nan:-nan 3212 (14) sec
[160] Ep10000: Max 20033 (2117) steps (0.0006 hrs) -nan:-nan 3227 (15) sec
[161] Ep10000: Max 20033 (1926) steps (0.0005 hrs) -nan:-nan 3240 (13) sec
[162] Ep10000: Max 20033 (1712) steps (0.0005 hrs) -nan:-nan 3254 (14) sec
[163] Ep10000: Max 20033 (2347) steps (0.0007 hrs) -nan:-nan 3280 (26) sec
[164] Ep10000: Max 20033 (2653) steps (0.0007 hrs) -nan:-nan 3305 (25) sec
[165] Ep10000: Max 20033 (3298) steps (0.0009 hrs) -nan:-nan 3330 (25) sec
[166] Ep10000: Max 20033 (1857) steps (0.0005 hrs) -nan:-nan 3346 (16) sec
[167] Ep10000: Max 20033 (2448) steps (0.0007 hrs) -nan:-nan 3366 (20) sec
[168] Ep10000: Max 20033 (1823) steps (0.0005 hrs) -nan:-nan 3380 (14) sec
[169] Ep10000: Max 20033 (1822) steps (0.0005 hrs) -nan:-nan 3394 (14) sec
[170] Ep10000: Max 20033 (3379) steps (0.0009 hrs) -nan:-nan 3418 (24) sec
[171] Ep10000: Max 20033 (2090) steps (0.0006 hrs) -nan:-nan 3430 (12) sec
[172] Ep10000: Max 20033 (1693) steps (0.0005 hrs) -nan:-nan 3444 (14) sec
[173] Ep10000: Max 20033 (2674) steps (0.0007 hrs) -nan:-nan 3469 (25) sec
[174] Ep10000: Max 20033 (2875) steps (0.0008 hrs) -nan:-nan 3489 (20) sec
[175] Ep10000: Max 20033 (2759) steps (0.0008 hrs) -nan:-nan 3515 (26) sec
[176] Ep10000: Max 20033 (2828) steps (0.0008 hrs) -nan:-nan 3533 (18) sec
[177] Ep10000: Max 20033 (3647) steps (0.0010 hrs) -nan:-nan 3550 (17) sec
[178] Ep10000: Max 20033 (2192) steps (0.0006 hrs) -nan:-nan 3575 (25) sec
[179] Ep10000: Max 20033 (1947) steps (0.0005 hrs) -nan:-nan 3593 (18) sec
[180] Ep10000: Max 20033 (1729) steps (0.0005 hrs) -nan:-nan 3618 (25) sec
[181] Ep10000: Max 20033 (3845) steps (0.0011 hrs) -nan:-nan 3638 (20) sec
[182] Ep10000: Max 20033 (1644) steps (0.0005 hrs) -nan:-nan 3650 (12) sec
[183] Ep10000: Max 20033 (1805) steps (0.0005 hrs) -nan:-nan 3662 (12) sec
[184] Ep10000: Max 20033 (2027) steps (0.0006 hrs) -nan:-nan 3686 (24) sec
[185] Ep10000: Max 21321 (21321) steps (0.0059 hrs) -nan:-nan 3707 (21) sec
[186] Ep10000: Max 21321 (5086) steps (0.0014 hrs) -nan:-nan 3730 (23) sec
[187] Ep10000: Max 21321 (2020) steps (0.0006 hrs) -nan:-nan 3742 (12) sec
[188] Ep10000: Max 21321 (1833) steps (0.0005 hrs) -nan:-nan 3756 (14) sec
[189] Ep10000: Max 21321 (2983) steps (0.0008 hrs) -nan:-nan 3774 (18) sec
[190] Ep10000: Max 21321 (1585) steps (0.0004 hrs) -nan:-nan 3790 (16) sec
[191] Ep10000: Max 21321 (2815) steps (0.0008 hrs) -nan:-nan 3812 (22) sec
[192] Ep10000: Max 21321 (2094) steps (0.0006 hrs) -nan:-nan 3827 (15) sec
[193] Ep10000: Max 21321 (1887) steps (0.0005 hrs) -nan:-nan 3846 (19) sec
[194] Ep10000: Max 21321 (1919) steps (0.0005 hrs) -nan:-nan 3859 (13) sec
[195] Ep10000: Max 21321 (2266) steps (0.0006 hrs) -nan:-nan 3885 (26) sec
[196] Ep10000: Max 21321 (2639) steps (0.0007 hrs) -nan:-nan 3911 (26) sec
[197] Ep10000: Max 21321 (2201) steps (0.0006 hrs) -nan:-nan 3932 (21) sec
[198] Ep10000: Max 21321 (2228) steps (0.0006 hrs) -nan:-nan 3947 (15) sec
[199] Ep10000: Max 21321 (1463) steps (0.0004 hrs) -nan:-nan 3960 (13) sec
[200] Ep10000: Max 21321 (2000) steps (0.0006 hrs) -nan:-nan 3976 (16) sec
[201] Ep10000: Max 21321 (2164) steps (0.0006 hrs) -nan:-nan 3995 (19) sec
[202] Ep10000: Max 21321 (4813) steps (0.0013 hrs) -nan:-nan 4020 (25) sec
[203] Ep10000: Max 21321 (2740) steps (0.0008 hrs) -nan:-nan 4038 (18) sec
[204] Ep10000: Max 21321 (3783) steps (0.0011 hrs) -nan:-nan 4066 (28) sec
[205] Ep10000: Max 21321 (2238) steps (0.0006 hrs) -nan:-nan 4090 (24) sec
[206] Ep10000: Max 21321 (2197) steps (0.0006 hrs) -nan:-nan 4110 (20) sec
[207] Ep10000: Max 21321 (2086) steps (0.0006 hrs) -nan:-nan 4125 (15) sec
[208] Ep10000: Max 21321 (1659) steps (0.0005 hrs) -nan:-nan 4138 (13) sec
[209] Ep10000: Max 21321 (3371) steps (0.0009 hrs) -nan:-nan 4160 (22) sec
[210] Ep10000: Max 21321 (3060) steps (0.0009 hrs) -nan:-nan 4178 (18) sec
[211] Ep10000: Max 21321 (2167) steps (0.0006 hrs) -nan:-nan 4192 (14) sec
[212] Ep10000: Max 21321 (3733) steps (0.0010 hrs) -nan:-nan 4215 (23) sec
[213] Ep10000: Max 21321 (2216) steps (0.0006 hrs) -nan:-nan 4234 (19) sec
[214] Ep10000: Max 21321 (2017) steps (0.0006 hrs) -nan:-nan 4260 (26) sec
[215] Ep10000: Max 21321 (2142) steps (0.0006 hrs) -nan:-nan 4275 (15) sec
[216] Ep10000: Max 21321 (2168) steps (0.0006 hrs) -nan:-nan 4296 (21) sec
[217] Ep10000: Max 21321 (1657) steps (0.0005 hrs) -nan:-nan 4310 (14) sec
[218] Ep10000: Max 21321 (2372) steps (0.0007 hrs) -nan:-nan 4325 (15) sec
[219] Ep10000: Max 21321 (3025) steps (0.0008 hrs) -nan:-nan 4344 (19) sec
[220] Ep10000: Max 21321 (2989) steps (0.0008 hrs) -nan:-nan 4369 (25) sec
[221] Ep10000: Max 21321 (1961) steps (0.0005 hrs) -nan:-nan 4384 (15) sec
[222] Ep10000: Max 21321 (3082) steps (0.0009 hrs) -nan:-nan 4409 (25) sec
[223] Ep10000: Max 21321 (1864) steps (0.0005 hrs) -nan:-nan 4427 (18) sec
[224] Ep10000: Max 21321 (3646) steps (0.0010 hrs) -nan:-nan 4453 (26) sec
[225] Ep10000: Max 21321 (2482) steps (0.0007 hrs) -nan:-nan 4478 (25) sec
[226] Ep10000: Max 21321 (1839) steps (0.0005 hrs) -nan:-nan 4493 (15) sec
[227] Ep10000: Max 21321 (2602) steps (0.0007 hrs) -nan:-nan 4509 (16) sec
[228] Ep10000: Max 21321 (2263) steps (0.0006 hrs) -nan:-nan 4532 (23) sec
[229] Ep10000: Max 21321 (2469) steps (0.0007 hrs) -nan:-nan 4551 (19) sec
[230] Ep10000: Max 21321 (1686) steps (0.0005 hrs) -nan:-nan 4565 (14) sec
[231] Ep10000: Max 21321 (1851) steps (0.0005 hrs) -nan:-nan 4580 (15) sec
[232] Ep10000: Max 21321 (1711) steps (0.0005 hrs) -nan:-nan 4595 (15) sec
[233] Ep10000: Max 21321 (2346) steps (0.0007 hrs) -nan:-nan 4617 (22) sec
[234] Ep10000: Max 21321 (2189) steps (0.0006 hrs) -nan:-nan 4631 (14) sec
[235] Ep10000: Max 21321 (12836) steps (0.0036 hrs) -nan:-nan 4668 (37) sec
[236] Ep10000: Max 21321 (1804) steps (0.0005 hrs) -nan:-nan 4693 (25) sec
[237] Ep10000: Max 21321 (2818) steps (0.0008 hrs) -nan:-nan 4720 (27) sec
[238] Ep10000: Max 21321 (1996) steps (0.0006 hrs) -nan:-nan 4735 (15) sec
[239] Ep10000: Max 21321 (1377) steps (0.0004 hrs) -nan:-nan 4747 (12) sec
[240] Ep10000: Max 21321 (2315) steps (0.0006 hrs) -nan:-nan 4766 (19) sec
[241] Ep10000: Max 21321 (2920) steps (0.0008 hrs) -nan:-nan 4789 (23) sec
[242] Ep10000: Max 21321 (2135) steps (0.0006 hrs) -nan:-nan 4803 (14) sec
[243] Ep10000: Max 21321 (2476) steps (0.0007 hrs) -nan:-nan 4818 (15) sec
[244] Ep10000: Max 21321 (4300) steps (0.0012 hrs) -nan:-nan 4834 (16) sec
[245] Ep10000: Max 21321 (1965) steps (0.0005 hrs) -nan:-nan 4860 (26) sec
[246] Ep10000: Max 21321 (2429) steps (0.0007 hrs) -nan:-nan 4876 (16) sec
[247] Ep10000: Max 21321 (1881) steps (0.0005 hrs) -nan:-nan 4893 (17) sec
[248] Ep10000: Max 21321 (1962) steps (0.0005 hrs) -nan:-nan 4909 (16) sec
[249] Ep10000: Max 21321 (2641) steps (0.0007 hrs) -nan:-nan 4933 (24) sec
[250] Ep10000: Max 21321 (1911) steps (0.0005 hrs) -nan:-nan 4948 (15) sec
[251] Ep10000: Max 21321 (2109) steps (0.0006 hrs) -nan:-nan 4964 (16) sec
[252] Ep10000: Max 21321 (2208) steps (0.0006 hrs) -nan:-nan 4983 (19) sec
[253] Ep10000: Max 21321 (1260) steps (0.0004 hrs) -nan:-nan 4995 (12) sec
[254] Ep10000: Max 21321 (2663) steps (0.0007 hrs) -nan:-nan 5021 (26) sec
[255] Ep10000: Max 21321 (2705) steps (0.0008 hrs) -nan:-nan 5049 (28) sec
[256] Ep10000: Max 21321 (1739) steps (0.0005 hrs) -nan:-nan 5061 (12) sec
[257] Ep10000: Max 21321 (1303) steps (0.0004 hrs) -nan:-nan 5073 (12) sec
[258] Ep10000: Max 21321 (2229) steps (0.0006 hrs) -nan:-nan 5089 (16) sec
[259] Ep10000: Max 21321 (2096) steps (0.0006 hrs) -nan:-nan 5108 (19) sec
[260] Ep10000: Max 21321 (2303) steps (0.0006 hrs) -nan:-nan 5134 (26) sec
[261] Ep10000: Max 21321 (2039) steps (0.0006 hrs) -nan:-nan 5156 (22) sec
[262] Ep10000: Max 21321 (3787) steps (0.0011 hrs) -nan:-nan 5181 (25) sec
[263] Ep10000: Max 21321 (2014) steps (0.0006 hrs) -nan:-nan 5200 (19) sec
[264] Ep10000: Max 21321 (11143) steps (0.0031 hrs) -nan:-nan 5256 (56) sec
[265] Ep10000: Max 21321 (3287) steps (0.0009 hrs) -nan:-nan 5277 (21) sec
[266] Ep10000: Max 21321 (3024) steps (0.0008 hrs) -nan:-nan 5302 (25) sec
[267] Ep10000: Max 21321 (1794) steps (0.0005 hrs) -nan:-nan 5319 (17) sec
[268] Ep10000: Max 21321 (2658) steps (0.0007 hrs) -nan:-nan 5340 (21) sec
[269] Ep10000: Max 21321 (1836) steps (0.0005 hrs) -nan:-nan 5366 (26) sec
[270] Ep10000: Max 21321 (2512) steps (0.0007 hrs) -nan:-nan 5391 (25) sec
[271] Ep10000: Max 21321 (2316) steps (0.0006 hrs) -nan:-nan 5407 (16) sec
[272] Ep10000: Max 21321 (2572) steps (0.0007 hrs) -nan:-nan 5422 (15) sec
[273] Ep10000: Max 21321 (1732) steps (0.0005 hrs) -nan:-nan 5436 (14) sec
[274] Ep10000: Max 21321 (1901) steps (0.0005 hrs) -nan:-nan 5453 (17) sec
[275] Ep10000: Max 21321 (3141) steps (0.0009 hrs) -nan:-nan 5482 (29) sec
[276] Ep10000: Max 21321 (1597) steps (0.0004 hrs) -nan:-nan 5497 (15) sec
[277] Ep10000: Max 21321 (2078) steps (0.0006 hrs) -nan:-nan 5520 (23) sec
[278] Ep10000: Max 21321 (1781) steps (0.0005 hrs) -nan:-nan 5535 (15) sec
[279] Ep10000: Max 21321 (1760) steps (0.0005 hrs) -nan:-nan 5557 (22) sec
[280] Ep10000: Max 21321 (1764) steps (0.0005 hrs) -nan:-nan 5573 (16) sec
[281] Ep10000: Max 21321 (3323) steps (0.0009 hrs) -nan:-nan 5602 (29) sec
[282] Ep10000: Max 21321 (2751) steps (0.0008 hrs) -nan:-nan 5621 (19) sec
[283] Ep10000: Max 21321 (2465) steps (0.0007 hrs) -nan:-nan 5649 (28) sec
[284] Ep10000: Max 21321 (2189) steps (0.0006 hrs) -nan:-nan 5665 (16) sec
[285] Ep10000: Max 21321 (2532) steps (0.0007 hrs) -nan:-nan 5686 (21) sec
[286] Ep10000: Max 21321 (2341) steps (0.0007 hrs) -nan:-nan 5703 (17) sec
[287] Ep10000: Max 21321 (3076) steps (0.0009 hrs) -nan:-nan 5732 (29) sec
[288] Ep10000: Max 21321 (2140) steps (0.0006 hrs) -nan:-nan 5750 (18) sec
[289] Ep10000: Max 21321 (2360) steps (0.0007 hrs) -nan:-nan 5771 (21) sec
[290] Ep10000: Max 21321 (2314) steps (0.0006 hrs) -nan:-nan 5788 (17) sec
[291] Ep10000: Max 21321 (2243) steps (0.0006 hrs) -nan:-nan 5814 (26) sec
[292] Ep10000: Max 21321 (2223) steps (0.0006 hrs) -nan:-nan 5835 (21) sec
[293] Ep10000: Max 21321 (2149) steps (0.0006 hrs) -nan:-nan 5849 (14) sec
[294] Ep10000: Max 21321 (2003) steps (0.0006 hrs) -nan:-nan 5879 (30) sec
[295] Ep10000: Max 21321 (2576) steps (0.0007 hrs) -nan:-nan 5912 (33) sec
[296] Ep10000: Max 21321 (1906) steps (0.0005 hrs) -nan:-nan 5940 (28) sec
[297] Ep10000: Max 21321 (1717) steps (0.0005 hrs) -nan:-nan 5967 (27) sec
[298] Ep10000: Max 21321 (1353) steps (0.0004 hrs) -nan:-nan 5983 (16) sec
[299] Ep10000: Max 21321 (1672) steps (0.0005 hrs) -nan:-nan 6003 (20) sec
[300] Ep10000: Max 21321 (1892) steps (0.0005 hrs) -nan:-nan 6033 (30) sec
[301] Ep10000: Max 21321 (1812) steps (0.0005 hrs) -nan:-nan 6055 (22) sec
[302] Ep10000: Max 21321 (2249) steps (0.0006 hrs) -nan:-nan 6084 (29) sec
[303] Ep10000: Max 21321 (2013) steps (0.0006 hrs) -nan:-nan 6108 (24) sec
[304] Ep10000: Max 21321 (1959) steps (0.0005 hrs) -nan:-nan 6139 (31) sec
[305] Ep10000: Max 21321 (2224) steps (0.0006 hrs) -nan:-nan 6169 (30) sec
[306] Ep10000: Max 21321 (2182) steps (0.0006 hrs) -nan:-nan 6203 (34) sec
[307] Ep10000: Max 21321 (1997) steps (0.0006 hrs) -nan:-nan 6241 (38) sec
[308] Ep10000: Max 21321 (1946) steps (0.0005 hrs) -nan:-nan 6289 (48) sec
[309] Ep10000: Max 21321 (1764) steps (0.0005 hrs) -nan:-nan 6305 (16) sec
[310] Ep10000: Max 21321 (2213) steps (0.0006 hrs) -nan:-nan 6327 (22) sec
[311] Ep10000: Max 21321 (1660) steps (0.0005 hrs) -nan:-nan 6347 (20) sec
[312] Ep10000: Max 21321 (3061) steps (0.0009 hrs) -nan:-nan 6387 (40) sec
[313] Ep10000: Max 21321 (2376) steps (0.0007 hrs) -nan:-nan 6453 (66) sec
[314] Ep10000: Max 21321 (3151) steps (0.0009 hrs) -nan:-nan 6508 (55) sec
[315] Ep10000: Max 21321 (1774) steps (0.0005 hrs) -nan:-nan 6552 (44) sec
[316] Ep10000: Max 21321 (2215) steps (0.0006 hrs) -nan:-nan 6602 (50) sec
[317] Ep10000: Max 21321 (1453) steps (0.0004 hrs) -nan:-nan 6645 (43) sec
[318] Ep10000: Max 21321 (3117) steps (0.0009 hrs) -nan:-nan 6701 (56) sec
[319] Ep10000: Max 21321 (2069) steps (0.0006 hrs) -nan:-nan 6721 (20) sec
[320] Ep10000: Max 21321 (7516) steps (0.0021 hrs) -nan:-nan 6746 (25) sec
[321] Ep10000: Max 21321 (4152) steps (0.0012 hrs) -nan:-nan 6792 (46) sec
[322] Ep10000: Max 21321 (2158) steps (0.0006 hrs) -nan:-nan 6843 (51) sec
[323] Ep10000: Max 21321 (2328) steps (0.0006 hrs) -nan:-nan 6927 (84) sec
[324] Ep10000: Max 21321 (3004) steps (0.0008 hrs) -nan:-nan 6991 (64) sec
[325] Ep10000: Max 21321 (1942) steps (0.0005 hrs) -nan:-nan 7047 (56) sec
[326] Ep10000: Max 21321 (3088) steps (0.0009 hrs) -nan:-nan 7144 (97) sec
[327] Ep10000: Max 21321 (1842) steps (0.0005 hrs) -nan:-nan 7201 (57) sec
[328] Ep10000: Max 21321 (1973) steps (0.0005 hrs) -nan:-nan 7267 (66) sec
[329] Ep10000: Max 21321 (1974) steps (0.0005 hrs) -nan:-nan 7321 (54) sec
[330] Ep10000: Max 21321 (1972) steps (0.0005 hrs) -nan:-nan 7372 (51) sec
[331] Ep10000: Max 21321 (2699) steps (0.0007 hrs) -nan:-nan 7433 (61) sec
[332] Ep10000: Max 21321 (2050) steps (0.0006 hrs) -nan:-nan 7489 (56) sec
[333] Ep10000: Max 21321 (1632) steps (0.0005 hrs) -nan:-nan 7522 (33) sec
[334] Ep10000: Max 21321 (2714) steps (0.0008 hrs) -nan:-nan 7552 (30) sec
[335] Ep10000: Max 21321 (4330) steps (0.0012 hrs) -nan:-nan 7585 (33) sec
[336] Ep10000: Max 21321 (1545) steps (0.0004 hrs) -nan:-nan 7600 (15) sec
[337] Ep10000: Max 21321 (2698) steps (0.0007 hrs) -nan:-nan 7643 (43) sec
[338] Ep10000: Max 21321 (2578) steps (0.0007 hrs) -nan:-nan 7693 (50) sec
[339] Ep10000: Max 21321 (4006) steps (0.0011 hrs) -nan:-nan 7741 (48) sec
[340] Ep10000: Max 21321 (1638) steps (0.0005 hrs) -nan:-nan 7776 (35) sec
[341] Ep10000: Max 21321 (2269) steps (0.0006 hrs) -nan:-nan 7809 (33) sec
[342] Ep10000: Max 21321 (2251) steps (0.0006 hrs) -nan:-nan 7836 (27) sec
[343] Ep10000: Max 21321 (1996) steps (0.0006 hrs) -nan:-nan 7878 (42) sec
[344] Ep10000: Max 21321 (1883) steps (0.0005 hrs) -nan:-nan 7913 (35) sec
[345] Ep10000: Max 21321 (1298) steps (0.0004 hrs) -nan:-nan 7933 (20) sec
[346] Ep10000: Max 21321 (2301) steps (0.0006 hrs) -nan:-nan 7965 (32) sec
[347] Ep10000: Max 21321 (2025) steps (0.0006 hrs) -nan:-nan 8022 (57) sec
[348] Ep10000: Max 21321 (2162) steps (0.0006 hrs) -nan:-nan 8060 (38) sec
[349] Ep10000: Max 21321 (2508) steps (0.0007 hrs) -nan:-nan 8096 (36) sec
[350] Ep10000: Max 21321 (1989) steps (0.0006 hrs) -nan:-nan 8141 (45) sec
[351] Ep10000: Max 21321 (2093) steps (0.0006 hrs) -nan:-nan 8199 (58) sec
[352] Ep10000: Max 21321 (2604) steps (0.0007 hrs) -nan:-nan 8231 (32) sec
[353] Ep10000: Max 21321 (2165) steps (0.0006 hrs) -nan:-nan 8284 (53) sec
[354] Ep10000: Max 21321 (1506) steps (0.0004 hrs) -nan:-nan 8314 (30) sec
[355] Ep10000: Max 21321 (1996) steps (0.0006 hrs) -nan:-nan 8344 (30) sec
[356] Ep10000: Max 21321 (1965) steps (0.0005 hrs) -nan:-nan 8388 (44) sec
[357] Ep10000: Max 21321 (1579) steps (0.0004 hrs) -nan:-nan 8409 (21) sec
[358] Ep10000: Max 21321 (4541) steps (0.0013 hrs) -nan:-nan 8455 (46) sec
[359] Ep10000: Max 21321 (1782) steps (0.0005 hrs) -nan:-nan 8509 (54) sec
[360] Ep10000: Max 21321 (1565) steps (0.0004 hrs) -nan:-nan 8547 (38) sec
[361] Ep10000: Max 21321 (3663) steps (0.0010 hrs) -nan:-nan 8591 (44) sec
[362] Ep10000: Max 21321 (2101) steps (0.0006 hrs) -nan:-nan 8618 (27) sec
[363] Ep10000: Max 21321 (2035) steps (0.0006 hrs) -nan:-nan 8683 (65) sec
[364] Ep10000: Max 21321 (1998) steps (0.0006 hrs) -nan:-nan 8715 (32) sec
[365] Ep10000: Max 21321 (1527) steps (0.0004 hrs) -nan:-nan 8743 (28) sec
[366] Ep10000: Max 21321 (5029) steps (0.0014 hrs) -nan:-nan 8785 (42) sec
[367] Ep10000: Max 21321 (14605) steps (0.0041 hrs) -nan:-nan 8867 (82) sec
[368] Ep10000: Max 21321 (1688) steps (0.0005 hrs) -nan:-nan 8897 (30) sec
[369] Ep10000: Max 21321 (2018) steps (0.0006 hrs) -nan:-nan 8948 (51) sec
[370] Ep10000: Max 21321 (2996) steps (0.0008 hrs) -nan:-nan 8979 (31) sec
[371] Ep10000: Max 21321 (2414) steps (0.0007 hrs) -nan:-nan 9009 (30) sec
[372] Ep10000: Max 21321 (3390) steps (0.0009 hrs) -nan:-nan 9038 (29) sec
[373] Ep10000: Max 21321 (2243) steps (0.0006 hrs) -nan:-nan 9059 (21) sec
[374] Ep10000: Max 21321 (1770) steps (0.0005 hrs) -nan:-nan 9082 (23) sec
[375] Ep10000: Max 21321 (2203) steps (0.0006 hrs) -nan:-nan 9118 (36) sec
[376] Ep10000: Max 21321 (1743) steps (0.0005 hrs) -nan:-nan 9138 (20) sec
[377] Ep10000: Max 21321 (1927) steps (0.0005 hrs) -nan:-nan 9152 (14) sec
[378] Ep10000: Max 21321 (1775) steps (0.0005 hrs) -nan:-nan 9165 (13) sec
[379] Ep10000: Max 21321 (3928) steps (0.0011 hrs) -nan:-nan 9207 (42) sec
[380] Ep10000: Max 21321 (3021) steps (0.0008 hrs) -nan:-nan 9236 (29) sec
[381] Ep10000: Max 21321 (2067) steps (0.0006 hrs) -nan:-nan 9272 (36) sec
[382] Ep10000: Max 21321 (1974) steps (0.0005 hrs) -nan:-nan 9291 (19) sec
[383] Ep10000: Max 21321 (2952) steps (0.0008 hrs) -nan:-nan 9317 (26) sec
[384] Ep10000: Max 21321 (1905) steps (0.0005 hrs) -nan:-nan 9334 (17) sec
[385] Ep10000: Max 21321 (1662) steps (0.0005 hrs) -nan:-nan 9368 (34) sec
[386] Ep10000: Max 21321 (2428) steps (0.0007 hrs) -nan:-nan 9409 (41) sec
[387] Ep10000: Max 21321 (2298) steps (0.0006 hrs) -nan:-nan 9487 (78) sec
[388] Ep10000: Max 21321 (1647) steps (0.0005 hrs) -nan:-nan 9525 (38) sec
[389] Ep10000: Max 21321 (5864) steps (0.0016 hrs) -nan:-nan 9579 (54) sec
[390] Ep10000: Max 21321 (1629) steps (0.0005 hrs) -nan:-nan 9614 (35) sec
[391] Ep10000: Max 21321 (5382) steps (0.0015 hrs) -nan:-nan 9686 (72) sec
[392] Ep10000: Max 21321 (5694) steps (0.0016 hrs) -nan:-nan 9734 (48) sec
[393] Ep10000: Max 21321 (1879) steps (0.0005 hrs) -nan:-nan 9773 (39) sec
[394] Ep10000: Max 21321 (1708) steps (0.0005 hrs) -nan:-nan 9832 (59) sec
[395] Ep10000: Max 21321 (2269) steps (0.0006 hrs) -nan:-nan 9891 (59) sec
[396] Ep10000: Max 21321 (2107) steps (0.0006 hrs) -nan:-nan 9935 (44) sec
[397] Ep10000: Max 21321 (2304) steps (0.0006 hrs) -nan:-nan 10001 (66) sec
[398] Ep10000: Max 21321 (2034) steps (0.0006 hrs) -nan:-nan 10054 (53) sec
[399] Ep10000: Max 21321 (1625) steps (0.0005 hrs) -nan:-nan 10089 (35) sec
[400] Ep10000: Max 21321 (2400) steps (0.0007 hrs) -nan:-nan 10116 (27) sec
[401] Ep10000: Max 21321 (1838) steps (0.0005 hrs) -nan:-nan 10146 (30) sec
[402] Ep10000: Max 21321 (2762) steps (0.0008 hrs) -nan:-nan 10179 (33) sec
[403] Ep10000: Max 21321 (2282) steps (0.0006 hrs) -nan:-nan 10211 (32) sec
[404] Ep10000: Max 21321 (1643) steps (0.0005 hrs) -nan:-nan 10228 (17) sec
[405] Ep10000: Max 21321 (2007) steps (0.0006 hrs) -nan:-nan 10257 (29) sec
[406] Ep10000: Max 21321 (1846) steps (0.0005 hrs) -nan:-nan 10280 (23) sec
[407] Ep10000: Max 21321 (1725) steps (0.0005 hrs) -nan:-nan 10303 (23) sec
[408] Ep10000: Max 21321 (1529) steps (0.0004 hrs) -nan:-nan 10317 (14) sec
[409] Ep10000: Max 21321 (2927) steps (0.0008 hrs) -nan:-nan 10347 (30) sec
[410] Ep10000: Max 21321 (2310) steps (0.0006 hrs) -nan:-nan 10374 (27) sec
[411] Ep10000: Max 21321 (1684) steps (0.0005 hrs) -nan:-nan 10392 (18) sec
[412] Ep10000: Max 21321 (1764) steps (0.0005 hrs) -nan:-nan 10410 (18) sec
[413] Ep10000: Max 21321 (2582) steps (0.0007 hrs) -nan:-nan 10429 (19) sec
[414] Ep10000: Max 21321 (2525) steps (0.0007 hrs) -nan:-nan 10460 (31) sec
[415] Ep10000: Max 21321 (1680) steps (0.0005 hrs) -nan:-nan 10479 (19) sec
[416] Ep10000: Max 21321 (3492) steps (0.0010 hrs) -nan:-nan 10509 (30) sec
[417] Ep10000: Max 21321 (3172) steps (0.0009 hrs) -nan:-nan 10536 (27) sec
[418] Ep10000: Max 21321 (2021) steps (0.0006 hrs) -nan:-nan 10553 (17) sec
[419] Ep10000: Max 21321 (1569) steps (0.0004 hrs) -nan:-nan 10567 (14) sec
[420] Ep10000: Max 21321 (2650) steps (0.0007 hrs) -nan:-nan 10596 (29) sec
[421] Ep10000: Max 21321 (1708) steps (0.0005 hrs) -nan:-nan 10617 (21) sec
[422] Ep10000: Max 21321 (3190) steps (0.0009 hrs) -nan:-nan 10640 (23) sec
[423] Ep10000: Max 21321 (2770) steps (0.0008 hrs) -nan:-nan 10666 (26) sec
[424] Ep10000: Max 21321 (1840) steps (0.0005 hrs) -nan:-nan 10686 (20) sec
[425] Ep10000: Max 21321 (1854) steps (0.0005 hrs) -nan:-nan 10700 (14) sec
[426] Ep10000: Max 21321 (1986) steps (0.0006 hrs) -nan:-nan 10729 (29) sec
[427] Ep10000: Max 21321 (1722) steps (0.0005 hrs) -nan:-nan 10746 (17) sec
[428] Ep10000: Max 21321 (3141) steps (0.0009 hrs) -nan:-nan 10768 (22) sec
[429] Ep10000: Max 21321 (4239) steps (0.0012 hrs) -nan:-nan 10796 (28) sec
[430] Ep10000: Max 21321 (2377) steps (0.0007 hrs) -nan:-nan 10817 (21) sec
[431] Ep10000: Max 21321 (1995) steps (0.0006 hrs) -nan:-nan 10835 (18) sec
[432] Ep10000: Max 21321 (1520) steps (0.0004 hrs) -nan:-nan 10851 (16) sec
[433] Ep10000: Max 21321 (2489) steps (0.0007 hrs) -nan:-nan 10873 (22) sec
[434] Ep10000: Max 21321 (2164) steps (0.0006 hrs) -nan:-nan 10896 (23) sec
[435] Ep10000: Max 21321 (2691) steps (0.0007 hrs) -nan:-nan 10924 (28) sec
[436] Ep10000: Max 21321 (2011) steps (0.0006 hrs) -nan:-nan 10942 (18) sec
[437] Ep10000: Max 21321 (2567) steps (0.0007 hrs) -nan:-nan 10956 (14) sec
[438] Ep10000: Max 21321 (1757) steps (0.0005 hrs) -nan:-nan 10969 (13) sec
[439] Ep10000: Max 21321 (3121) steps (0.0009 hrs) -nan:-nan 10993 (24) sec
[440] Ep10000: Max 21321 (2157) steps (0.0006 hrs) -nan:-nan 11015 (22) sec
[441] Ep10000: Max 21321 (4259) steps (0.0012 hrs) -nan:-nan 11045 (30) sec
[442] Ep10000: Max 21321 (2047) steps (0.0006 hrs) -nan:-nan 11065 (20) sec
[443] Ep10000: Max 21321 (2070) steps (0.0006 hrs) -nan:-nan 11092 (27) sec
[444] Ep10000: Max 21321 (2110) steps (0.0006 hrs) -nan:-nan 11109 (17) sec
[445] Ep10000: Max 21321 (7332) steps (0.0020 hrs) -nan:-nan 11139 (30) sec
[446] Ep10000: Max 21321 (2097) steps (0.0006 hrs) -nan:-nan 11153 (14) sec
[447] Ep10000: Max 21321 (1713) steps (0.0005 hrs) -nan:-nan 11169 (16) sec
[448] Ep10000: Max 21321 (2035) steps (0.0006 hrs) -nan:-nan 11196 (27) sec
[449] Ep10000: Max 21321 (1819) steps (0.0005 hrs) -nan:-nan 11209 (13) sec
[450] Ep10000: Max 21321 (2084) steps (0.0006 hrs) -nan:-nan 11237 (28) sec
[451] Ep10000: Max 21321 (2431) steps (0.0007 hrs) -nan:-nan 11259 (22) sec
[452] Ep10000: Max 21321 (2203) steps (0.0006 hrs) -nan:-nan 11286 (27) sec
[453] Ep10000: Max 21321 (3144) steps (0.0009 hrs) -nan:-nan 11311 (25) sec
[454] Ep10000: Max 21321 (1836) steps (0.0005 hrs) -nan:-nan 11331 (20) sec
[455] Ep10000: Max 21321 (2477) steps (0.0007 hrs) -nan:-nan 11355 (24) sec
[456] Ep10000: Max 21321 (2758) steps (0.0008 hrs) -nan:-nan 11375 (20) sec
[457] Ep10000: Max 21321 (1894) steps (0.0005 hrs) -nan:-nan 11395 (20) sec
[458] Ep10000: Max 21321 (2014) steps (0.0006 hrs) -nan:-nan 11423 (28) sec
[459] Ep10000: Max 21321 (1896) steps (0.0005 hrs) -nan:-nan 11449 (26) sec
[460] Ep10000: Max 21321 (2047) steps (0.0006 hrs) -nan:-nan 11467 (18) sec
[461] Ep10000: Max 21321 (2750) steps (0.0008 hrs) -nan:-nan 11492 (25) sec
[462] Ep10000: Max 21321 (3832) steps (0.0011 hrs) -nan:-nan 11513 (21) sec
[463] Ep10000: Max 21321 (2814) steps (0.0008 hrs) -nan:-nan 11543 (30) sec
[464] Ep10000: Max 21321 (2892) steps (0.0008 hrs) -nan:-nan 11563 (20) sec
[465] Ep10000: Max 21321 (1838) steps (0.0005 hrs) -nan:-nan 11579 (16) sec
[466] Ep10000: Max 21321 (1820) steps (0.0005 hrs) -nan:-nan 11596 (17) sec
[467] Ep10000: Max 21321 (2105) steps (0.0006 hrs) -nan:-nan 11617 (21) sec
[468] Ep10000: Max 21321 (2624) steps (0.0007 hrs) -nan:-nan 11637 (20) sec
[469] Ep10000: Max 21321 (2468) steps (0.0007 hrs) -nan:-nan 11665 (28) sec
[470] Ep10000: Max 21321 (2497) steps (0.0007 hrs) -nan:-nan 11691 (26) sec
[471] Ep10000: Max 21321 (2706) steps (0.0008 hrs) -nan:-nan 11712 (21) sec
[472] Ep10000: Max 21321 (1981) steps (0.0006 hrs) -nan:-nan 11728 (16) sec
[473] Ep10000: Max 21321 (2054) steps (0.0006 hrs) -nan:-nan 11749 (21) sec
[474] Ep10000: Max 21321 (2668) steps (0.0007 hrs) -nan:-nan 11768 (19) sec
[475] Ep10000: Max 21321 (1694) steps (0.0005 hrs) -nan:-nan 11784 (16) sec
[476] Ep10000: Max 21321 (3437) steps (0.0010 hrs) -nan:-nan 11811 (27) sec
[477] Ep10000: Max 21321 (1766) steps (0.0005 hrs) -nan:-nan 11826 (15) sec
[478] Ep10000: Max 21321 (1985) steps (0.0006 hrs) -nan:-nan 11853 (27) sec
[479] Ep10000: Max 21321 (3736) steps (0.0010 hrs) -nan:-nan 11882 (29) sec
[480] Ep10000: Max 21321 (1873) steps (0.0005 hrs) -nan:-nan 11898 (16) sec
[481] Ep10000: Max 21321 (1974) steps (0.0005 hrs) -nan:-nan 11912 (14) sec
[482] Ep10000: Max 21321 (2083) steps (0.0006 hrs) -nan:-nan 11930 (18) sec
[483] Ep10000: Max 21321 (2240) steps (0.0006 hrs) -nan:-nan 11946 (16) sec
[484] Ep10000: Max 21321 (2117) steps (0.0006 hrs) -nan:-nan 11961 (15) sec
[485] Ep10000: Max 21321 (2707) steps (0.0008 hrs) -nan:-nan 11982 (21) sec
[486] Ep10000: Max 21321 (2239) steps (0.0006 hrs) -nan:-nan 12006 (24) sec
[487] Ep10000: Max 21321 (1886) steps (0.0005 hrs) -nan:-nan 12018 (12) sec
[488] Ep10000: Max 21321 (2748) steps (0.0008 hrs) -nan:-nan 12047 (29) sec
[489] Ep10000: Max 21321 (1866) steps (0.0005 hrs) -nan:-nan 12064 (17) sec
[490] Ep10000: Max 21321 (1630) steps (0.0005 hrs) -nan:-nan 12081 (17) sec
[491] Ep10000: Max 21321 (2240) steps (0.0006 hrs) -nan:-nan 12101 (20) sec
[492] Ep10000: Max 21321 (1294) steps (0.0004 hrs) -nan:-nan 12113 (12) sec
[493] Ep10000: Max 21321 (3761) steps (0.0010 hrs) -nan:-nan 12137 (24) sec
[494] Ep10000: Max 21321 (2476) steps (0.0007 hrs) -nan:-nan 12161 (24) sec
[495] Ep10000: Max 21321 (1859) steps (0.0005 hrs) -nan:-nan 12177 (16) sec
[496] Ep10000: Max 21321 (2665) steps (0.0007 hrs) -nan:-nan 12190 (13) sec
[497] Ep10000: Max 21321 (2106) steps (0.0006 hrs) -nan:-nan 12205 (15) sec
[498] Ep10000: Max 21321 (2031) steps (0.0006 hrs) -nan:-nan 12224 (19) sec
[499] Ep10000: Max 21321 (1589) steps (0.0004 hrs) -nan:-nan 12242 (18) sec
[500] Ep10000: Max 21321 (2924) steps (0.0008 hrs) -nan:-nan 12257 (15) sec
[501] Ep10000: Max 21321 (1853) steps (0.0005 hrs) -nan:-nan 12274 (17) sec
[502] Ep10000: Max 21321 (2850) steps (0.0008 hrs) -nan:-nan 12298 (24) sec
[503] Ep10000: Max 21321 (2479) steps (0.0007 hrs) -nan:-nan 12325 (27) sec
[504] Ep10000: Max 21321 (1586) steps (0.0004 hrs) -nan:-nan 12339 (14) sec
[505] Ep10000: Max 21321 (2041) steps (0.0006 hrs) -nan:-nan 12354 (15) sec
[506] Ep10000: Max 21321 (3778) steps (0.0010 hrs) -nan:-nan 12374 (20) sec
[507] Ep10000: Max 21321 (2454) steps (0.0007 hrs) -nan:-nan 12400 (26) sec
[508] Ep10000: Max 21321 (1863) steps (0.0005 hrs) -nan:-nan 12424 (24) sec
[509] Ep10000: Max 21321 (2015) steps (0.0006 hrs) -nan:-nan 12441 (17) sec
[510] Ep10000: Max 21321 (1779) steps (0.0005 hrs) -nan:-nan 12456 (15) sec
[511] Ep10000: Max 21321 (1929) steps (0.0005 hrs) -nan:-nan 12472 (16) sec
[512] Ep10000: Max 21321 (1786) steps (0.0005 hrs) -nan:-nan 12487 (15) sec
[513] Ep10000: Max 21321 (2916) steps (0.0008 hrs) -nan:-nan 12514 (27) sec
[514] Ep10000: Max 21321 (1572) steps (0.0004 hrs) -nan:-nan 12530 (16) sec
[515] Ep10000: Max 21321 (2173) steps (0.0006 hrs) -nan:-nan 12547 (17) sec
[516] Ep10000: Max 21321 (11943) steps (0.0033 hrs) -nan:-nan 12618 (71) sec
[517] Ep10000: Max 21321 (2101) steps (0.0006 hrs) -nan:-nan 12664 (46) sec
[518] Ep10000: Max 21321 (2212) steps (0.0006 hrs) -nan:-nan 12702 (38) sec
[519] Ep10000: Max 21321 (1842) steps (0.0005 hrs) -nan:-nan 12721 (19) sec
[520] Ep10000: Max 21321 (1670) steps (0.0005 hrs) -nan:-nan 12738 (17) sec
[521] Ep10000: Max 21321 (2044) steps (0.0006 hrs) -nan:-nan 12762 (24) sec
[522] Ep10000: Max 21321 (1935) steps (0.0005 hrs) -nan:-nan 12781 (19) sec
[523] Ep10000: Max 21321 (2271) steps (0.0006 hrs) -nan:-nan 12810 (29) sec
[524] Ep10000: Max 21321 (1665) steps (0.0005 hrs) -nan:-nan 12830 (20) sec
[525] Ep10000: Max 21321 (2991) steps (0.0008 hrs) -nan:-nan 12860 (30) sec
[526] Ep10000: Max 21321 (2681) steps (0.0007 hrs) -nan:-nan 12889 (29) sec
[527] Ep10000: Max 21321 (1888) steps (0.0005 hrs) -nan:-nan 12911 (22) sec
[528] Ep10000: Max 21321 (2700) steps (0.0008 hrs) -nan:-nan 12948 (37) sec
[529] Ep10000: Max 21321 (3214) steps (0.0009 hrs) -nan:-nan 13006 (58) sec
[530] Ep10000: Max 21321 (3090) steps (0.0009 hrs) -nan:-nan 13035 (29) sec
[531] Ep10000: Max 21321 (1930) steps (0.0005 hrs) -nan:-nan 13060 (25) sec
[532] Ep10000: Max 21321 (3718) steps (0.0010 hrs) -nan:-nan 13099 (39) sec
[533] Ep10000: Max 21321 (1361) steps (0.0004 hrs) -nan:-nan 13114 (15) sec
[534] Ep10000: Max 21321 (3915) steps (0.0011 hrs) -nan:-nan 13144 (30) sec
[535] Ep10000: Max 21321 (1891) steps (0.0005 hrs) -nan:-nan 13174 (30) sec
[536] Ep10000: Max 21321 (2440) steps (0.0007 hrs) -nan:-nan 13207 (33) sec
[537] Ep10000: Max 21321 (1619) steps (0.0004 hrs) -nan:-nan 13227 (20) sec
[538] Ep10000: Max 21321 (2124) steps (0.0006 hrs) -nan:-nan 13248 (21) sec
[539] Ep10000: Max 21321 (1966) steps (0.0005 hrs) -nan:-nan 13267 (19) sec
[540] Ep10000: Max 21321 (2454) steps (0.0007 hrs) -nan:-nan 13291 (24) sec
[541] Ep10000: Max 21321 (2914) steps (0.0008 hrs) -nan:-nan 13319 (28) sec
[542] Ep10000: Max 21321 (1667) steps (0.0005 hrs) -nan:-nan 13334 (15) sec
[543] Ep10000: Max 21321 (2408) steps (0.0007 hrs) -nan:-nan 13357 (23) sec
[544] Ep10000: Max 21321 (2417) steps (0.0007 hrs) -nan:-nan 13380 (23) sec
[545] Ep10000: Max 21321 (1950) steps (0.0005 hrs) -nan:-nan 13397 (17) sec
[546] Ep10000: Max 21321 (1834) steps (0.0005 hrs) -nan:-nan 13414 (17) sec
[547] Ep10000: Max 21321 (1604) steps (0.0004 hrs) -nan:-nan 13428 (14) sec
[548] Ep10000: Max 21321 (1841) steps (0.0005 hrs) -nan:-nan 13450 (22) sec
[549] Ep10000: Max 21321 (2044) steps (0.0006 hrs) -nan:-nan 13479 (29) sec
[550] Ep10000: Max 21321 (2269) steps (0.0006 hrs) -nan:-nan 13496 (17) sec
[551] Ep10000: Max 21321 (1727) steps (0.0005 hrs) -nan:-nan 13517 (21) sec
[552] Ep10000: Max 21321 (1915) steps (0.0005 hrs) -nan:-nan 13535 (18) sec
[553] Ep10000: Max 21321 (1796) steps (0.0005 hrs) -nan:-nan 13552 (17) sec
[554] Ep10000: Max 21321 (2074) steps (0.0006 hrs) -nan:-nan 13572 (20) sec
[555] Ep10000: Max 21321 (1753) steps (0.0005 hrs) -nan:-nan 13586 (14) sec
[556] Ep10000: Max 21321 (2760) steps (0.0008 hrs) -nan:-nan 13613 (27) sec
[557] Ep10000: Max 21321 (2816) steps (0.0008 hrs) -nan:-nan 13643 (30) sec
[558] Ep10000: Max 21321 (2376) steps (0.0007 hrs) -nan:-nan 13667 (24) sec
[559] Ep10000: Max 21321 (2162) steps (0.0006 hrs) -nan:-nan 13687 (20) sec
[560] Ep10000: Max 21321 (2307) steps (0.0006 hrs) -nan:-nan 13705 (18) sec
[561] Ep10000: Max 21321 (2442) steps (0.0007 hrs) -nan:-nan 13722 (17) sec
[562] Ep10000: Max 21321 (2504) steps (0.0007 hrs) -nan:-nan 13751 (29) sec
[563] Ep10000: Max 21321 (2757) steps (0.0008 hrs) -nan:-nan 13777 (26) sec
[564] Ep10000: Max 21321 (12750) steps (0.0035 hrs) -nan:-nan 13841 (64) sec
[565] Ep10000: Max 21321 (2557) steps (0.0007 hrs) -nan:-nan 13871 (30) sec
[566] Ep10000: Max 21321 (2204) steps (0.0006 hrs) -nan:-nan 13891 (20) sec
[567] Ep10000: Max 21321 (1942) steps (0.0005 hrs) -nan:-nan 13907 (16) sec
[568] Ep10000: Max 21321 (1360) steps (0.0004 hrs) -nan:-nan 13921 (14) sec
[569] Ep10000: Max 21321 (1573) steps (0.0004 hrs) -nan:-nan 13935 (14) sec
[570] Ep10000: Max 21321 (2934) steps (0.0008 hrs) -nan:-nan 13961 (26) sec
[571] Ep10000: Max 21321 (2560) steps (0.0007 hrs) -nan:-nan 13984 (23) sec
[572] Ep10000: Max 21321 (2474) steps (0.0007 hrs) -nan:-nan 14005 (21) sec
[573] Ep10000: Max 21321 (1885) steps (0.0005 hrs) -nan:-nan 14020 (15) sec
[574] Ep10000: Max 21321 (1505) steps (0.0004 hrs) -nan:-nan 14034 (14) sec
[575] Ep10000: Max 21321 (5988) steps (0.0017 hrs) -nan:-nan 14073 (39) sec
[576] Ep10000: Max 21321 (2764) steps (0.0008 hrs) -nan:-nan 14099 (26) sec
[577] Ep10000: Max 21321 (1509) steps (0.0004 hrs) -nan:-nan 14115 (16) sec
[578] Ep10000: Max 21321 (1660) steps (0.0005 hrs) -nan:-nan 14130 (15) sec
[579] Ep10000: Max 21321 (2024) steps (0.0006 hrs) -nan:-nan 14146 (16) sec
[580] Ep10000: Max 21321 (1866) steps (0.0005 hrs) -nan:-nan 14173 (27) sec
[581] Ep10000: Max 21321 (1984) steps (0.0006 hrs) -nan:-nan 14189 (16) sec
[582] Ep10000: Max 21321 (2642) steps (0.0007 hrs) -nan:-nan 14219 (30) sec
[583] Ep10000: Max 21321 (1948) steps (0.0005 hrs) -nan:-nan 14235 (16) sec
[584] Ep10000: Max 21321 (1687) steps (0.0005 hrs) -nan:-nan 14251 (16) sec
[585] Ep10000: Max 21321 (2930) steps (0.0008 hrs) -nan:-nan 14276 (25) sec
[586] Ep10000: Max 21321 (1696) steps (0.0005 hrs) -nan:-nan 14292 (16) sec
[587] Ep10000: Max 21321 (1729) steps (0.0005 hrs) -nan:-nan 14308 (16) sec
[588] Ep10000: Max 21321 (1354) steps (0.0004 hrs) -nan:-nan 14322 (14) sec
[589] Ep10000: Max 21321 (2626) steps (0.0007 hrs) -nan:-nan 14347 (25) sec
[590] Ep10000: Max 21321 (3155) steps (0.0009 hrs) -nan:-nan 14373 (26) sec
[591] Ep10000: Max 21321 (2114) steps (0.0006 hrs) -nan:-nan 14390 (17) sec
[592] Ep10000: Max 21321 (2873) steps (0.0008 hrs) -nan:-nan 14407 (17) sec
[593] Ep10000: Max 21321 (3132) steps (0.0009 hrs) -nan:-nan 14433 (26) sec
[594] Ep10000: Max 21321 (2167) steps (0.0006 hrs) -nan:-nan 14457 (24) sec
[595] Ep10000: Max 21321 (2584) steps (0.0007 hrs) -nan:-nan 14485 (28) sec
[596] Ep10000: Max 21321 (2349) steps (0.0007 hrs) -nan:-nan 14503 (18) sec
[597] Ep10000: Max 21321 (4249) steps (0.0012 hrs) -nan:-nan 14530 (27) sec
[598] Ep10000: Max 21321 (1380) steps (0.0004 hrs) -nan:-nan 14545 (15) sec
[599] Ep10000: Max 21321 (2393) steps (0.0007 hrs) -nan:-nan 14567 (22) sec
[600] Ep10000: Max 21321 (2311) steps (0.0006 hrs) -nan:-nan 14588 (21) sec
[601] Ep10000: Max 21321 (2237) steps (0.0006 hrs) -nan:-nan 14607 (19) sec
[602] Ep10000: Max 21321 (1775) steps (0.0005 hrs) -nan:-nan 14623 (16) sec
[603] Ep10000: Max 21321 (1731) steps (0.0005 hrs) -nan:-nan 14638 (15) sec
[604] Ep10000: Max 21321 (1956) steps (0.0005 hrs) -nan:-nan 14659 (21) sec
[605] Ep10000: Max 21321 (2034) steps (0.0006 hrs) -nan:-nan 14674 (15) sec
[606] Ep10000: Max 21321 (1748) steps (0.0005 hrs) -nan:-nan 14687 (13) sec
[607] Ep10000: Max 21321 (2929) steps (0.0008 hrs) -nan:-nan 14714 (27) sec
[608] Ep10000: Max 21321 (2253) steps (0.0006 hrs) -nan:-nan 14735 (21) sec
[609] Ep10000: Max 21321 (2088) steps (0.0006 hrs) -nan:-nan 14750 (15) sec
[610] Ep10000: Max 21321 (1751) steps (0.0005 hrs) -nan:-nan 14766 (16) sec
[611] Ep10000: Max 21321 (2262) steps (0.0006 hrs) -nan:-nan 14793 (27) sec
[612] Ep10000: Max 21321 (1935) steps (0.0005 hrs) -nan:-nan 14817 (24) sec
[613] Ep10000: Max 21321 (1698) steps (0.0005 hrs) -nan:-nan 14836 (19) sec
[614] Ep10000: Max 21321 (1602) steps (0.0004 hrs) -nan:-nan 14852 (16) sec
[615] Ep10000: Max 21321 (1746) steps (0.0005 hrs) -nan:-nan 14870 (18) sec
[616] Ep10000: Max 21321 (2490) steps (0.0007 hrs) -nan:-nan 14898 (28) sec
[617] Ep10000: Max 21321 (2701) steps (0.0008 hrs) -nan:-nan 14927 (29) sec
[618] Ep10000: Max 21321 (1877) steps (0.0005 hrs) -nan:-nan 14951 (24) sec
[619] Ep10000: Max 21321 (3598) steps (0.0010 hrs) -nan:-nan 14976 (25) sec
[620] Ep10000: Max 21321 (6108) steps (0.0017 hrs) -nan:-nan 14996 (20) sec
[621] Ep10000: Max 21321 (1724) steps (0.0005 hrs) -nan:-nan 15015 (19) sec
[622] Ep10000: Max 21321 (1647) steps (0.0005 hrs) -nan:-nan 15030 (15) sec
[623] Ep10000: Max 21321 (1279) steps (0.0004 hrs) -nan:-nan 15043 (13) sec
[624] Ep10000: Max 21321 (1445) steps (0.0004 hrs) -nan:-nan 15079 (36) sec
[625] Ep10000: Max 21321 (2150) steps (0.0006 hrs) -nan:-nan 15105 (26) sec
[626] Ep10000: Max 21321 (3140) steps (0.0009 hrs) -nan:-nan 15136 (31) sec
[627] Ep10000: Max 21321 (2101) steps (0.0006 hrs) -nan:-nan 15153 (17) sec
[628] Ep10000: Max 21321 (1967) steps (0.0005 hrs) -nan:-nan 15170 (17) sec
[629] Ep10000: Max 21321 (1664) steps (0.0005 hrs) -nan:-nan 15188 (18) sec
[630] Ep10000: Max 21321 (2559) steps (0.0007 hrs) -nan:-nan 15214 (26) sec
[631] Ep10000: Max 21321 (3870) steps (0.0011 hrs) -nan:-nan 15232 (18) sec
[632] Ep10000: Max 21321 (1689) steps (0.0005 hrs) -nan:-nan 15263 (31) sec
[633] Ep10000: Max 21321 (2117) steps (0.0006 hrs) -nan:-nan 15278 (15) sec
[634] Ep10000: Max 21321 (2719) steps (0.0008 hrs) -nan:-nan 15310 (32) sec
[635] Ep10000: Max 21321 (1611) steps (0.0004 hrs) -nan:-nan 15343 (33) sec
[636] Ep10000: Max 21321 (2128) steps (0.0006 hrs) -nan:-nan 15364 (21) sec
[637] Ep10000: Max 21321 (1995) steps (0.0006 hrs) -nan:-nan 15382 (18) sec
[638] Ep10000: Max 21321 (3589) steps (0.0010 hrs) -nan:-nan 15411 (29) sec
[639] Ep10000: Max 21321 (2057) steps (0.0006 hrs) -nan:-nan 15427 (16) sec
[640] Ep10000: Max 21321 (1773) steps (0.0005 hrs) -nan:-nan 15444 (17) sec
[641] Ep10000: Max 21321 (2245) steps (0.0006 hrs) -nan:-nan 15464 (20) sec
[642] Ep10000: Max 104099 (104099) steps (0.0289 hrs) -nan:-nan 15539 (75) sec
[643] Ep10000: Max 104099 (2104) steps (0.0006 hrs) -nan:-nan 15637 (98) sec
[644] Ep10000: Max 104099 (1677) steps (0.0005 hrs) -nan:-nan 15702 (65) sec
[645] Ep10000: Max 104099 (2728) steps (0.0008 hrs) -nan:-nan 15805 (103) sec
[646] Ep10000: Max 104099 (2232) steps (0.0006 hrs) -nan:-nan 15881 (76) sec
[647] Ep10000: Max 104099 (2739) steps (0.0008 hrs) -nan:-nan 15981 (100) sec
[648] Ep10000: Max 104099 (1753) steps (0.0005 hrs) -nan:-nan 16083 (102) sec
[649] Ep10000: Max 104099 (4528) steps (0.0013 hrs) -nan:-nan 16191 (108) sec
[650] Ep10000: Max 104099 (2731) steps (0.0008 hrs) -nan:-nan 16279 (88) sec
[651] Ep10000: Max 104099 (1674) steps (0.0005 hrs) -nan:-nan 16311 (32) sec
[652] Ep10000: Max 104099 (2663) steps (0.0007 hrs) -nan:-nan 16376 (65) sec
[653] Ep10000: Max 104099 (1886) steps (0.0005 hrs) -nan:-nan 16429 (53) sec
[654] Ep10000: Max 104099 (2775) steps (0.0008 hrs) -nan:-nan 16585 (156) sec
[655] Ep10000: Max 104099 (3016) steps (0.0008 hrs) -nan:-nan 16665 (80) sec
[656] Ep10000: Max 104099 (2170) steps (0.0006 hrs) -nan:-nan 16743 (78) sec
[657] Ep10000: Max 104099 (1509) steps (0.0004 hrs) -nan:-nan 16791 (48) sec
[658] Ep10000: Max 104099 (1794) steps (0.0005 hrs) -nan:-nan 16839 (48) sec
[659] Ep10000: Max 104099 (2231) steps (0.0006 hrs) -nan:-nan 16894 (55) sec
[660] Ep10000: Max 104099 (1737) steps (0.0005 hrs) -nan:-nan 16937 (43) sec
[661] Ep10000: Max 104099 (8276) steps (0.0023 hrs) -nan:-nan 17085 (148) sec
[662] Ep10000: Max 104099 (3832) steps (0.0011 hrs) -nan:-nan 17186 (101) sec
[663] Ep10000: Max 104099 (2498) steps (0.0007 hrs) -nan:-nan 17277 (91) sec
[664] Ep10000: Max 104099 (2230) steps (0.0006 hrs) -nan:-nan 17368 (91) sec
[665] Ep10000: Max 104099 (2148) steps (0.0006 hrs) -nan:-nan 17409 (41) sec
[666] Ep10000: Max 104099 (2933) steps (0.0008 hrs) -nan:-nan 17438 (29) sec
[667] Ep10000: Max 104099 (2402) steps (0.0007 hrs) -nan:-nan 17459 (21) sec
[668] Ep10000: Max 104099 (2176) steps (0.0006 hrs) -nan:-nan 17487 (28) sec
[669] Ep10000: Max 104099 (2326) steps (0.0006 hrs) -nan:-nan 17506 (19) sec
[670] Ep10000: Max 104099 (2058) steps (0.0006 hrs) -nan:-nan 17534 (28) sec
[671] Ep10000: Max 104099 (2160) steps (0.0006 hrs) -nan:-nan 17551 (17) sec
[672] Ep10000: Max 104099 (1955) steps (0.0005 hrs) -nan:-nan 17572 (21) sec
[673] Ep10000: Max 104099 (2064) steps (0.0006 hrs) -nan:-nan 17604 (32) sec
[674] Ep10000: Max 104099 (2504) steps (0.0007 hrs) -nan:-nan 17630 (26) sec
[675] Ep10000: Max 104099 (2063) steps (0.0006 hrs) -nan:-nan 17660 (30) sec
[676] Ep10000: Max 104099 (2029) steps (0.0006 hrs) -nan:-nan 17682 (22) sec
[677] Ep10000: Max 104099 (2009) steps (0.0006 hrs) -nan:-nan 17702 (20) sec
[678] Ep10000: Max 104099 (2126) steps (0.0006 hrs) -nan:-nan 17725 (23) sec
[679] Ep10000: Max 104099 (1946) steps (0.0005 hrs) -nan:-nan 17754 (29) sec
[680] Ep10000: Max 104099 (1882) steps (0.0005 hrs) -nan:-nan 17771 (17) sec
[681] Ep10000: Max 104099 (3199) steps (0.0009 hrs) -nan:-nan 17800 (29) sec
[682] Ep10000: Max 104099 (1801) steps (0.0005 hrs) -nan:-nan 17817 (17) sec
[683] Ep10000: Max 104099 (2649) steps (0.0007 hrs) -nan:-nan 17848 (31) sec
[684] Ep10000: Max 104099 (2653) steps (0.0007 hrs) -nan:-nan 17879 (31) sec
[685] Ep10000: Max 104099 (1428) steps (0.0004 hrs) -nan:-nan 17893 (14) sec
[686] Ep10000: Max 104099 (3723) steps (0.0010 hrs) -nan:-nan 17918 (25) sec
[687] Ep10000: Max 104099 (2764) steps (0.0008 hrs) -nan:-nan 17946 (28) sec
[688] Ep10000: Max 104099 (2236) steps (0.0006 hrs) -nan:-nan 17968 (22) sec
[689] Ep10000: Max 104099 (1592) steps (0.0004 hrs) -nan:-nan 17984 (16) sec
[690] Ep10000: Max 104099 (1790) steps (0.0005 hrs) -nan:-nan 18013 (29) sec
[691] Ep10000: Max 104099 (2460) steps (0.0007 hrs) -nan:-nan 18037 (24) sec
[692] Ep10000: Max 104099 (1711) steps (0.0005 hrs) -nan:-nan 18050 (13) sec
[693] Ep10000: Max 104099 (1814) steps (0.0005 hrs) -nan:-nan 18067 (17) sec
[694] Ep10000: Max 104099 (2463) steps (0.0007 hrs) -nan:-nan 18089 (22) sec
[695] Ep10000: Max 104099 (2033) steps (0.0006 hrs) -nan:-nan 18105 (16) sec
[696] Ep10000: Max 104099 (2234) steps (0.0006 hrs) -nan:-nan 18121 (16) sec
[697] Ep10000: Max 104099 (1571) steps (0.0004 hrs) -nan:-nan 18135 (14) sec
[698] Ep10000: Max 104099 (1836) steps (0.0005 hrs) -nan:-nan 18153 (18) sec
[699] Ep10000: Max 104099 (1934) steps (0.0005 hrs) -nan:-nan 18180 (27) sec
[700] Ep10000: Max 104099 (2589) steps (0.0007 hrs) -nan:-nan 18201 (21) sec
[701] Ep10000: Max 104099 (2720) steps (0.0008 hrs) -nan:-nan 18220 (19) sec
[702] Ep10000: Max 104099 (2073) steps (0.0006 hrs) -nan:-nan 18239 (19) sec
[703] Ep10000: Max 104099 (1780) steps (0.0005 hrs) -nan:-nan 18255 (16) sec
[704] Ep10000: Max 104099 (2125) steps (0.0006 hrs) -nan:-nan 18270 (15) sec
[705] Ep10000: Max 104099 (2191) steps (0.0006 hrs) -nan:-nan 18287 (17) sec
[706] Ep10000: Max 104099 (3459) steps (0.0010 hrs) -nan:-nan 18309 (22) sec
[707] Ep10000: Max 104099 (2043) steps (0.0006 hrs) -nan:-nan 18333 (24) sec
[708] Ep10000: Max 104099 (1623) steps (0.0005 hrs) -nan:-nan 18346 (13) sec
[709] Ep10000: Max 104099 (2501) steps (0.0007 hrs) -nan:-nan 18363 (17) sec
[710] Ep10000: Max 104099 (2129) steps (0.0006 hrs) -nan:-nan 18380 (17) sec
[711] Ep10000: Max 104099 (1675) steps (0.0005 hrs) -nan:-nan 18397 (17) sec
[712] Ep10000: Max 104099 (2350) steps (0.0007 hrs) -nan:-nan 18425 (28) sec
[713] Ep10000: Max 104099 (3052) steps (0.0008 hrs) -nan:-nan 18457 (32) sec
[714] Ep10000: Max 104099 (2135) steps (0.0006 hrs) -nan:-nan 18486 (29) sec
[715] Ep10000: Max 104099 (1989) steps (0.0006 hrs) -nan:-nan 18508 (22) sec
[716] Ep10000: Max 104099 (2260) steps (0.0006 hrs) -nan:-nan 18529 (21) sec
[717] Ep10000: Max 104099 (1729) steps (0.0005 hrs) -nan:-nan 18548 (19) sec
[718] Ep10000: Max 104099 (2474) steps (0.0007 hrs) -nan:-nan 18570 (22) sec
[719] Ep10000: Max 104099 (2240) steps (0.0006 hrs) -nan:-nan 18586 (16) sec
[720] Ep10000: Max 104099 (1980) steps (0.0006 hrs) -nan:-nan 18601 (15) sec
[721] Ep10000: Max 104099 (2156) steps (0.0006 hrs) -nan:-nan 18620 (19) sec
[722] Ep10000: Max 104099 (3073) steps (0.0009 hrs) -nan:-nan 18652 (32) sec
[723] Ep10000: Max 104099 (1720) steps (0.0005 hrs) -nan:-nan 18667 (15) sec
[724] Ep10000: Max 104099 (2019) steps (0.0006 hrs) -nan:-nan 18684 (17) sec
[725] Ep10000: Max 104099 (1712) steps (0.0005 hrs) -nan:-nan 18699 (15) sec
[726] Ep10000: Max 104099 (1713) steps (0.0005 hrs) -nan:-nan 18715 (16) sec
[727] Ep10000: Max 104099 (3239) steps (0.0009 hrs) -nan:-nan 18743 (28) sec
[728] Ep10000: Max 104099 (1915) steps (0.0005 hrs) -nan:-nan 18760 (17) sec
[729] Ep10000: Max 104099 (2214) steps (0.0006 hrs) -nan:-nan 18776 (16) sec
[730] Ep10000: Max 104099 (2514) steps (0.0007 hrs) -nan:-nan 18799 (23) sec
[731] Ep10000: Max 104099 (2096) steps (0.0006 hrs) -nan:-nan 18821 (22) sec
[732] Ep10000: Max 104099 (2061) steps (0.0006 hrs) -nan:-nan 18848 (27) sec
[733] Ep10000: Max 104099 (1985) steps (0.0006 hrs) -nan:-nan 18867 (19) sec
[734] Ep10000: Max 104099 (1664) steps (0.0005 hrs) -nan:-nan 18882 (15) sec
[735] Ep10000: Max 104099 (2125) steps (0.0006 hrs) -nan:-nan 18903 (21) sec
[736] Ep10000: Max 104099 (2953) steps (0.0008 hrs) -nan:-nan 18923 (20) sec
[737] Ep10000: Max 104099 (1817) steps (0.0005 hrs) -nan:-nan 18950 (27) sec
[738] Ep10000: Max 104099 (1944) steps (0.0005 hrs) -nan:-nan 18964 (14) sec
[739] Ep10000: Max 104099 (1903) steps (0.0005 hrs) -nan:-nan 18979 (15) sec
[740] Ep10000: Max 104099 (1487) steps (0.0004 hrs) -nan:-nan 18995 (16) sec
[741] Ep10000: Max 104099 (1961) steps (0.0005 hrs) -nan:-nan 19011 (16) sec
[742] Ep10000: Max 104099 (1970) steps (0.0005 hrs) -nan:-nan 19027 (16) sec
[743] Ep10000: Max 104099 (2064) steps (0.0006 hrs) -nan:-nan 19047 (20) sec
[744] Ep10000: Max 104099 (3007) steps (0.0008 hrs) -nan:-nan 19074 (27) sec
[745] Ep10000: Max 104099 (2013) steps (0.0006 hrs) -nan:-nan 19088 (14) sec
[746] Ep10000: Max 104099 (1904) steps (0.0005 hrs) -nan:-nan 19102 (14) sec
[747] Ep10000: Max 104099 (2027) steps (0.0006 hrs) -nan:-nan 19121 (19) sec
[748] Ep10000: Max 104099 (2330) steps (0.0006 hrs) -nan:-nan 19148 (27) sec
[749] Ep10000: Max 104099 (2025) steps (0.0006 hrs) -nan:-nan 19164 (16) sec
[750] Ep10000: Max 104099 (1834) steps (0.0005 hrs) -nan:-nan 19177 (13) sec
[751] Ep10000: Max 104099 (2136) steps (0.0006 hrs) -nan:-nan 19204 (27) sec
[752] Ep10000: Max 104099 (2569) steps (0.0007 hrs) -nan:-nan 19231 (27) sec
[753] Ep10000: Max 104099 (1609) steps (0.0004 hrs) -nan:-nan 19246 (15) sec
[754] Ep10000: Max 104099 (1905) steps (0.0005 hrs) -nan:-nan 19266 (20) sec
[755] Ep10000: Max 104099 (2516) steps (0.0007 hrs) -nan:-nan 19288 (22) sec
[756] Ep10000: Max 104099 (8112) steps (0.0023 hrs) -nan:-nan 19348 (60) sec
[757] Ep10000: Max 104099 (3053) steps (0.0008 hrs) -nan:-nan 19364 (16) sec
[758] Ep10000: Max 104099 (2432) steps (0.0007 hrs) -nan:-nan 19385 (21) sec
[759] Ep10000: Max 104099 (2929) steps (0.0008 hrs) -nan:-nan 19412 (27) sec
[760] Ep10000: Max 104099 (2098) steps (0.0006 hrs) -nan:-nan 19432 (20) sec
[761] Ep10000: Max 104099 (2588) steps (0.0007 hrs) -nan:-nan 19450 (18) sec
[762] Ep10000: Max 104099 (1733) steps (0.0005 hrs) -nan:-nan 19465 (15) sec
[763] Ep10000: Max 104099 (2133) steps (0.0006 hrs) -nan:-nan 19478 (13) sec
[764] Ep10000: Max 104099 (2133) steps (0.0006 hrs) -nan:-nan 19505 (27) sec
[765] Ep10000: Max 104099 (2025) steps (0.0006 hrs) -nan:-nan 19524 (19) sec
[766] Ep10000: Max 104099 (3193) steps (0.0009 hrs) -nan:-nan 19546 (22) sec
[767] Ep10000: Max 104099 (2915) steps (0.0008 hrs) -nan:-nan 19573 (27) sec
[768] Ep10000: Max 104099 (2105) steps (0.0006 hrs) -nan:-nan 19587 (14) sec
[769] Ep10000: Max 104099 (3327) steps (0.0009 hrs) -nan:-nan 19615 (28) sec
[770] Ep10000: Max 104099 (2204) steps (0.0006 hrs) -nan:-nan 19631 (16) sec
[771] Ep10000: Max 104099 (1774) steps (0.0005 hrs) -nan:-nan 19650 (19) sec
[772] Ep10000: Max 104099 (10333) steps (0.0029 hrs) -nan:-nan 19674 (24) sec
[773] Ep10000: Max 104099 (1560) steps (0.0004 hrs) -nan:-nan 19689 (15) sec
[774] Ep10000: Max 104099 (2945) steps (0.0008 hrs) -nan:-nan 19714 (25) sec
[775] Ep10000: Max 104099 (2074) steps (0.0006 hrs) -nan:-nan 19730 (16) sec
[776] Ep10000: Max 104099 (1690) steps (0.0005 hrs) -nan:-nan 19748 (18) sec
[777] Ep10000: Max 104099 (2008) steps (0.0006 hrs) -nan:-nan 19766 (18) sec
[778] Ep10000: Max 104099 (1577) steps (0.0004 hrs) -nan:-nan 19786 (20) sec
[779] Ep10000: Max 104099 (1486) steps (0.0004 hrs) -nan:-nan 19807 (21) sec
[780] Ep10000: Max 104099 (1755) steps (0.0005 hrs) -nan:-nan 19823 (16) sec
[781] Ep10000: Max 104099 (1596) steps (0.0004 hrs) -nan:-nan 19838 (15) sec
[782] Ep10000: Max 104099 (1881) steps (0.0005 hrs) -nan:-nan 19856 (18) sec
[783] Ep10000: Max 104099 (1934) steps (0.0005 hrs) -nan:-nan 19871 (15) sec
[784] Ep10000: Max 104099 (2358) steps (0.0007 hrs) -nan:-nan 19899 (28) sec
[785] Ep10000: Max 104099 (1583) steps (0.0004 hrs) -nan:-nan 19919 (20) sec
[786] Ep10000: Max 104099 (4737) steps (0.0013 hrs) -nan:-nan 19946 (27) sec
[787] Ep10000: Max 104099 (3469) steps (0.0010 hrs) -nan:-nan 19971 (25) sec
[788] Ep10000: Max 104099 (2352) steps (0.0007 hrs) -nan:-nan 19996 (25) sec
[789] Ep10000: Max 104099 (3147) steps (0.0009 hrs) -nan:-nan 20019 (23) sec
[790] Ep10000: Max 104099 (1726) steps (0.0005 hrs) -nan:-nan 20033 (14) sec
[791] Ep10000: Max 104099 (6431) steps (0.0018 hrs) -nan:-nan 20058 (25) sec
[792] Ep10000: Max 104099 (2612) steps (0.0007 hrs) -nan:-nan 20073 (15) sec
[793] Ep10000: Max 104099 (1673) steps (0.0005 hrs) -nan:-nan 20088 (15) sec
[794] Ep10000: Max 104099 (2123) steps (0.0006 hrs) -nan:-nan 20105 (17) sec
[795] Ep10000: Max 104099 (3070) steps (0.0009 hrs) -nan:-nan 20127 (22) sec
[796] Ep10000: Max 104099 (2228) steps (0.0006 hrs) -nan:-nan 20142 (15) sec
[797] Ep10000: Max 104099 (2106) steps (0.0006 hrs) -nan:-nan 20188 (46) sec
[798] Ep10000: Max 104099 (1765) steps (0.0005 hrs) -nan:-nan 20211 (23) sec
[799] Ep10000: Max 104099 (3054) steps (0.0008 hrs) -nan:-nan 20244 (33) sec
[800] Ep10000: Max 104099 (2273) steps (0.0006 hrs) -nan:-nan 20264 (20) sec
[801] Ep10000: Max 104099 (1974) steps (0.0005 hrs) -nan:-nan 20283 (19) sec
[802] Ep10000: Max 104099 (2196) steps (0.0006 hrs) -nan:-nan 20302 (19) sec
[803] Ep10000: Max 104099 (3473) steps (0.0010 hrs) -nan:-nan 20326 (24) sec
[804] Ep10000: Max 104099 (2960) steps (0.0008 hrs) -nan:-nan 20355 (29) sec
[805] Ep10000: Max 104099 (1620) steps (0.0005 hrs) -nan:-nan 20369 (14) sec
[806] Ep10000: Max 104099 (5998) steps (0.0017 hrs) -nan:-nan 20401 (32) sec
[807] Ep10000: Max 104099 (2522) steps (0.0007 hrs) -nan:-nan 20429 (28) sec
[808] Ep10000: Max 104099 (1725) steps (0.0005 hrs) -nan:-nan 20448 (19) sec
[809] Ep10000: Max 104099 (2220) steps (0.0006 hrs) -nan:-nan 20477 (29) sec
[810] Ep10000: Max 104099 (2496) steps (0.0007 hrs) -nan:-nan 20496 (19) sec
[811] Ep10000: Max 104099 (2497) steps (0.0007 hrs) -nan:-nan 20525 (29) sec
[812] Ep10000: Max 104099 (2047) steps (0.0006 hrs) -nan:-nan 20546 (21) sec
[813] Ep10000: Max 104099 (2246) steps (0.0006 hrs) -nan:-nan 20566 (20) sec
[814] Ep10000: Max 104099 (2945) steps (0.0008 hrs) -nan:-nan 20594 (28) sec
[815] Ep10000: Max 104099 (2255) steps (0.0006 hrs) -nan:-nan 20611 (17) sec
[816] Ep10000: Max 104099 (2694) steps (0.0007 hrs) -nan:-nan 20630 (19) sec
[817] Ep10000: Max 104099 (3127) steps (0.0009 hrs) -nan:-nan 20657 (27) sec
[818] Ep10000: Max 104099 (2152) steps (0.0006 hrs) -nan:-nan 20681 (24) sec
[819] Ep10000: Max 104099 (2385) steps (0.0007 hrs) -nan:-nan 20706 (25) sec
[820] Ep10000: Max 104099 (2154) steps (0.0006 hrs) -nan:-nan 20725 (19) sec
[821] Ep10000: Max 104099 (1937) steps (0.0005 hrs) -nan:-nan 20744 (19) sec
[822] Ep10000: Max 104099 (1817) steps (0.0005 hrs) -nan:-nan 20763 (19) sec
[823] Ep10000: Max 104099 (1731) steps (0.0005 hrs) -nan:-nan 20779 (16) sec
[824] Ep10000: Max 104099 (3443) steps (0.0010 hrs) -nan:-nan 20809 (30) sec
[825] Ep10000: Max 104099 (2055) steps (0.0006 hrs) -nan:-nan 20829 (20) sec
[826] Ep10000: Max 104099 (1752) steps (0.0005 hrs) -nan:-nan 20841 (12) sec
[827] Ep10000: Max 104099 (1960) steps (0.0005 hrs) -nan:-nan 20858 (17) sec
[828] Ep10000: Max 104099 (13387) steps (0.0037 hrs) -nan:-nan 20928 (70) sec
[829] Ep10000: Max 104099 (2000) steps (0.0006 hrs) -nan:-nan 20943 (15) sec
[830] Ep10000: Max 104099 (2143) steps (0.0006 hrs) -nan:-nan 20961 (18) sec
[831] Ep10000: Max 104099 (1977) steps (0.0005 hrs) -nan:-nan 20981 (20) sec
[832] Ep10000: Max 104099 (2004) steps (0.0006 hrs) -nan:-nan 20998 (17) sec
[833] Ep10000: Max 104099 (3359) steps (0.0009 hrs) -nan:-nan 21023 (25) sec
[834] Ep10000: Max 104099 (1818) steps (0.0005 hrs) -nan:-nan 21040 (17) sec
[835] Ep10000: Max 104099 (1834) steps (0.0005 hrs) -nan:-nan 21054 (14) sec
[836] Ep10000: Max 104099 (2252) steps (0.0006 hrs) -nan:-nan 21072 (18) sec
[837] Ep10000: Max 104099 (1785) steps (0.0005 hrs) -nan:-nan 21089 (17) sec
[838] Ep10000: Max 104099 (2355) steps (0.0007 hrs) -nan:-nan 21119 (30) sec
[839] Ep10000: Max 104099 (2748) steps (0.0008 hrs) -nan:-nan 21135 (16) sec
[840] Ep10000: Max 104099 (3135) steps (0.0009 hrs) -nan:-nan 21165 (30) sec
[841] Ep10000: Max 104099 (2532) steps (0.0007 hrs) -nan:-nan 21195 (30) sec
[842] Ep10000: Max 104099 (1662) steps (0.0005 hrs) -nan:-nan 21211 (16) sec
[843] Ep10000: Max 104099 (2646) steps (0.0007 hrs) -nan:-nan 21230 (19) sec
[844] Ep10000: Max 104099 (2258) steps (0.0006 hrs) -nan:-nan 21247 (17) sec
[845] Ep10000: Max 104099 (3612) steps (0.0010 hrs) -nan:-nan 21266 (19) sec
[846] Ep10000: Max 104099 (4147) steps (0.0012 hrs) -nan:-nan 21288 (22) sec
[847] Ep10000: Max 104099 (2210) steps (0.0006 hrs) -nan:-nan 21303 (15) sec
[848] Ep10000: Max 104099 (2260) steps (0.0006 hrs) -nan:-nan 21319 (16) sec
[849] Ep10000: Max 104099 (2210) steps (0.0006 hrs) -nan:-nan 21337 (18) sec
[850] Ep10000: Max 104099 (8233) steps (0.0023 hrs) -nan:-nan 21364 (27) sec
[851] Ep10000: Max 104099 (2085) steps (0.0006 hrs) -nan:-nan 21386 (22) sec
[852] Ep10000: Max 104099 (1821) steps (0.0005 hrs) -nan:-nan 21402 (16) sec
[853] Ep10000: Max 104099 (1640) steps (0.0005 hrs) -nan:-nan 21417 (15) sec
[854] Ep10000: Max 104099 (2860) steps (0.0008 hrs) -nan:-nan 21448 (31) sec
[855] Ep10000: Max 104099 (4759) steps (0.0013 hrs) -nan:-nan 21474 (26) sec
[856] Ep10000: Max 104099 (1487) steps (0.0004 hrs) -nan:-nan 21489 (15) sec
[857] Ep10000: Max 104099 (2019) steps (0.0006 hrs) -nan:-nan 21505 (16) sec
[858] Ep10000: Max 104099 (2029) steps (0.0006 hrs) -nan:-nan 21523 (18) sec
[859] Ep10000: Max 104099 (1757) steps (0.0005 hrs) -nan:-nan 21539 (16) sec
[860] Ep10000: Max 104099 (2031) steps (0.0006 hrs) -nan:-nan 21566 (27) sec
[861] Ep10000: Max 104099 (3632) steps (0.0010 hrs) -nan:-nan 21591 (25) sec
[862] Ep10000: Max 104099 (2608) steps (0.0007 hrs) -nan:-nan 21613 (22) sec
[863] Ep10000: Max 104099 (2755) steps (0.0008 hrs) -nan:-nan 21640 (27) sec
[864] Ep10000: Max 104099 (2280) steps (0.0006 hrs) -nan:-nan 21656 (16) sec
[865] Ep10000: Max 104099 (3431) steps (0.0010 hrs) -nan:-nan 21684 (28) sec
[866] Ep10000: Max 104099 (1486) steps (0.0004 hrs) -nan:-nan 21699 (15) sec
[867] Ep10000: Max 104099 (1862) steps (0.0005 hrs) -nan:-nan 21715 (16) sec
[868] Ep10000: Max 104099 (1998) steps (0.0006 hrs) -nan:-nan 21732 (17) sec
[869] Ep10000: Max 104099 (2634) steps (0.0007 hrs) -nan:-nan 21760 (28) sec
[870] Ep10000: Max 104099 (2245) steps (0.0006 hrs) -nan:-nan 21790 (30) sec
[871] Ep10000: Max 104099 (1704) steps (0.0005 hrs) -nan:-nan 21806 (16) sec
[872] Ep10000: Max 104099 (2442) steps (0.0007 hrs) -nan:-nan 21828 (22) sec
[873] Ep10000: Max 104099 (2209) steps (0.0006 hrs) -nan:-nan 21854 (26) sec
[874] Ep10000: Max 104099 (2076) steps (0.0006 hrs) -nan:-nan 21870 (16) sec
[875] Ep10000: Max 104099 (1781) steps (0.0005 hrs) -nan:-nan 21884 (14) sec
[876] Ep10000: Max 104099 (3633) steps (0.0010 hrs) -nan:-nan 21905 (21) sec
[877] Ep10000: Max 104099 (1706) steps (0.0005 hrs) -nan:-nan 21918 (13) sec
[878] Ep10000: Max 104099 (1660) steps (0.0005 hrs) -nan:-nan 21934 (16) sec
[879] Ep10000: Max 104099 (2031) steps (0.0006 hrs) -nan:-nan 21961 (27) sec
[880] Ep10000: Max 104099 (2403) steps (0.0007 hrs) -nan:-nan 21987 (26) sec
[881] Ep10000: Max 104099 (1621) steps (0.0005 hrs) -nan:-nan 22006 (19) sec
[882] Ep10000: Max 104099 (2341) steps (0.0007 hrs) -nan:-nan 22033 (27) sec
[883] Ep10000: Max 104099 (34354) steps (0.0095 hrs) -nan:-nan 22096 (63) sec
[884] Ep10000: Max 104099 (2212) steps (0.0006 hrs) -nan:-nan 22123 (27) sec
[885] Ep10000: Max 104099 (1806) steps (0.0005 hrs) -nan:-nan 22138 (15) sec
[886] Ep10000: Max 104099 (2508) steps (0.0007 hrs) -nan:-nan 22165 (27) sec
[887] Ep10000: Max 104099 (2265) steps (0.0006 hrs) -nan:-nan 22183 (18) sec
[888] Ep10000: Max 104099 (1809) steps (0.0005 hrs) -nan:-nan 22201 (18) sec
[889] Ep10000: Max 104099 (2188) steps (0.0006 hrs) -nan:-nan 22229 (28) sec
[890] Ep10000: Max 104099 (7148) steps (0.0020 hrs) -nan:-nan 22257 (28) sec
[891] Ep10000: Max 104099 (1866) steps (0.0005 hrs) -nan:-nan 22273 (16) sec
[892] Ep10000: Max 104099 (1872) steps (0.0005 hrs) -nan:-nan 22288 (15) sec
[893] Ep10000: Max 104099 (2206) steps (0.0006 hrs) -nan:-nan 22315 (27) sec
[894] Ep10000: Max 104099 (1693) steps (0.0005 hrs) -nan:-nan 22331 (16) sec
[895] Ep10000: Max 104099 (2181) steps (0.0006 hrs) -nan:-nan 22357 (26) sec
[896] Ep10000: Max 104099 (2572) steps (0.0007 hrs) -nan:-nan 22377 (20) sec
[897] Ep10000: Max 104099 (2457) steps (0.0007 hrs) -nan:-nan 22404 (27) sec
[898] Ep10000: Max 104099 (12074) steps (0.0034 hrs) -nan:-nan 22448 (44) sec
[899] Ep10000: Max 104099 (2304) steps (0.0006 hrs) -nan:-nan 22464 (16) sec
[900] Ep10000: Max 104099 (2018) steps (0.0006 hrs) -nan:-nan 22478 (14) sec
[901] Ep10000: Max 104099 (1607) steps (0.0004 hrs) -nan:-nan 22490 (12) sec
[902] Ep10000: Max 104099 (1579) steps (0.0004 hrs) -nan:-nan 22503 (13) sec
[903] Ep10000: Max 104099 (2697) steps (0.0007 hrs) -nan:-nan 22531 (28) sec
[904] Ep10000: Max 104099 (1645) steps (0.0005 hrs) -nan:-nan 22544 (13) sec
[905] Ep10000: Max 104099 (2552) steps (0.0007 hrs) -nan:-nan 22566 (22) sec
[906] Ep10000: Max 104099 (3013) steps (0.0008 hrs) -nan:-nan 22590 (24) sec
[907] Ep10000: Max 104099 (2244) steps (0.0006 hrs) -nan:-nan 22613 (23) sec
[908] Ep10000: Max 104099 (1642) steps (0.0005 hrs) -nan:-nan 22630 (17) sec
[909] Ep10000: Max 104099 (2452) steps (0.0007 hrs) -nan:-nan 22648 (18) sec
[910] Ep10000: Max 104099 (3268) steps (0.0009 hrs) -nan:-nan 22671 (23) sec
[911] Ep10000: Max 104099 (1653) steps (0.0005 hrs) -nan:-nan 22687 (16) sec
[912] Ep10000: Max 104099 (2929) steps (0.0008 hrs) -nan:-nan 22707 (20) sec
[913] Ep10000: Max 104099 (1701) steps (0.0005 hrs) -nan:-nan 22721 (14) sec
[914] Ep10000: Max 104099 (2234) steps (0.0006 hrs) -nan:-nan 22748 (27) sec
[915] Ep10000: Max 104099 (2014) steps (0.0006 hrs) -nan:-nan 22775 (27) sec
[916] Ep10000: Max 104099 (2015) steps (0.0006 hrs) -nan:-nan 22803 (28) sec
[917] Ep10000: Max 104099 (1773) steps (0.0005 hrs) -nan:-nan 22820 (17) sec
[918] Ep10000: Max 104099 (2263) steps (0.0006 hrs) -nan:-nan 22840 (20) sec
[919] Ep10000: Max 104099 (1821) steps (0.0005 hrs) -nan:-nan 22856 (16) sec
[920] Ep10000: Max 104099 (1764) steps (0.0005 hrs) -nan:-nan 22869 (13) sec
[921] Ep10000: Max 104099 (2912) steps (0.0008 hrs) -nan:-nan 22891 (22) sec
[922] Ep10000: Max 104099 (1919) steps (0.0005 hrs) -nan:-nan 22910 (19) sec
[923] Ep10000: Max 104099 (3255) steps (0.0009 hrs) -nan:-nan 22932 (22) sec
[924] Ep10000: Max 104099 (1880) steps (0.0005 hrs) -nan:-nan 22952 (20) sec
[925] Ep10000: Max 104099 (1658) steps (0.0005 hrs) -nan:-nan 22971 (19) sec
[926] Ep10000: Max 104099 (1715) steps (0.0005 hrs) -nan:-nan 22987 (16) sec
[927] Ep10000: Max 104099 (2141) steps (0.0006 hrs) -nan:-nan 23006 (19) sec
[928] Ep10000: Max 104099 (2239) steps (0.0006 hrs) -nan:-nan 23023 (17) sec
[929] Ep10000: Max 104099 (1881) steps (0.0005 hrs) -nan:-nan 23040 (17) sec
[930] Ep10000: Max 104099 (2422) steps (0.0007 hrs) -nan:-nan 23060 (20) sec
[931] Ep10000: Max 104099 (2959) steps (0.0008 hrs) -nan:-nan 23083 (23) sec
[932] Ep10000: Max 104099 (1972) steps (0.0005 hrs) -nan:-nan 23098 (15) sec
[933] Ep10000: Max 104099 (2734) steps (0.0008 hrs) -nan:-nan 23114 (16) sec
[934] Ep10000: Max 104099 (2841) steps (0.0008 hrs) -nan:-nan 23135 (21) sec
[935] Ep10000: Max 104099 (1646) steps (0.0005 hrs) -nan:-nan 23150 (15) sec
[936] Ep10000: Max 104099 (1962) steps (0.0005 hrs) -nan:-nan 23166 (16) sec
[937] Ep10000: Max 104099 (1816) steps (0.0005 hrs) -nan:-nan 23180 (14) sec
[938] Ep10000: Max 104099 (2039) steps (0.0006 hrs) -nan:-nan 23196 (16) sec
[939] Ep10000: Max 104099 (2259) steps (0.0006 hrs) -nan:-nan 23219 (23) sec
[940] Ep10000: Max 104099 (2716) steps (0.0008 hrs) -nan:-nan 23246 (27) sec
[941] Ep10000: Max 104099 (3810) steps (0.0011 hrs) -nan:-nan 23273 (27) sec
[942] Ep10000: Max 104099 (2411) steps (0.0007 hrs) -nan:-nan 23295 (22) sec
[943] Ep10000: Max 104099 (2475) steps (0.0007 hrs) -nan:-nan 23324 (29) sec
[944] Ep10000: Max 104099 (2671) steps (0.0007 hrs) -nan:-nan 23347 (23) sec
[945] Ep10000: Max 104099 (1993) steps (0.0006 hrs) -nan:-nan 23364 (17) sec
[946] Ep10000: Max 104099 (2911) steps (0.0008 hrs) -nan:-nan 23390 (26) sec
[947] Ep10000: Max 104099 (1500) steps (0.0004 hrs) -nan:-nan 23405 (15) sec
[948] Ep10000: Max 104099 (1673) steps (0.0005 hrs) -nan:-nan 23417 (12) sec
[949] Ep10000: Max 104099 (2421) steps (0.0007 hrs) -nan:-nan 23443 (26) sec
[950] Ep10000: Max 104099 (2105) steps (0.0006 hrs) -nan:-nan 23462 (19) sec
[951] Ep10000: Max 104099 (1896) steps (0.0005 hrs) -nan:-nan 23478 (16) sec
[952] Ep10000: Max 104099 (2648) steps (0.0007 hrs) -nan:-nan 23492 (14) sec
[953] Ep10000: Max 104099 (1602) steps (0.0004 hrs) -nan:-nan 23508 (16) sec
[954] Ep10000: Max 104099 (1858) steps (0.0005 hrs) -nan:-nan 23526 (18) sec
[955] Ep10000: Max 104099 (1969) steps (0.0005 hrs) -nan:-nan 23540 (14) sec
[956] Ep10000: Max 104099 (2343) steps (0.0007 hrs) -nan:-nan 23559 (19) sec
[957] Ep10000: Max 104099 (2269) steps (0.0006 hrs) -nan:-nan 23579 (20) sec
[958] Ep10000: Max 104099 (1711) steps (0.0005 hrs) -nan:-nan 23592 (13) sec
[959] Ep10000: Max 104099 (1986) steps (0.0006 hrs) -nan:-nan 23608 (16) sec
[960] Ep10000: Max 104099 (2114) steps (0.0006 hrs) -nan:-nan 23629 (21) sec
[961] Ep10000: Max 104099 (1484) steps (0.0004 hrs) -nan:-nan 23644 (15) sec
[962] Ep10000: Max 104099 (2362) steps (0.0007 hrs) -nan:-nan 23659 (15) sec
[963] Ep10000: Max 104099 (1803) steps (0.0005 hrs) -nan:-nan 23673 (14) sec
[964] Ep10000: Max 104099 (1992) steps (0.0006 hrs) -nan:-nan 23688 (15) sec
[965] Ep10000: Max 104099 (2183) steps (0.0006 hrs) -nan:-nan 23713 (25) sec
[966] Ep10000: Max 104099 (1843) steps (0.0005 hrs) -nan:-nan 23729 (16) sec
[967] Ep10000: Max 104099 (2910) steps (0.0008 hrs) -nan:-nan 23753 (24) sec
[968] Ep10000: Max 104099 (1990) steps (0.0006 hrs) -nan:-nan 23773 (20) sec
[969] Ep10000: Max 104099 (2373) steps (0.0007 hrs) -nan:-nan 23798 (25) sec
[970] Ep10000: Max 104099 (2233) steps (0.0006 hrs) -nan:-nan 23822 (24) sec
[971] Ep10000: Max 104099 (4104) steps (0.0011 hrs) -nan:-nan 23848 (26) sec
[972] Ep10000: Max 104099 (2013) steps (0.0006 hrs) -nan:-nan 23866 (18) sec
[973] Ep10000: Max 104099 (2433) steps (0.0007 hrs) -nan:-nan 23893 (27) sec
[974] Ep10000: Max 104099 (16319) steps (0.0045 hrs) -nan:-nan 23967 (74) sec
[975] Ep10000: Max 104099 (1994) steps (0.0006 hrs) -nan:-nan 23982 (15) sec
[976] Ep10000: Max 104099 (1508) steps (0.0004 hrs) -nan:-nan 23996 (14) sec
[977] Ep10000: Max 104099 (1560) steps (0.0004 hrs) -nan:-nan 24014 (18) sec
[978] Ep10000: Max 104099 (2360) steps (0.0007 hrs) -nan:-nan 24032 (18) sec
[979] Ep10000: Max 104099 (16170) steps (0.0045 hrs) -nan:-nan 24109 (77) sec
[980] Ep10000: Max 104099 (2720) steps (0.0008 hrs) -nan:-nan 24127 (18) sec
[981] Ep10000: Max 104099 (1623) steps (0.0005 hrs) -nan:-nan 24140 (13) sec
[982] Ep10000: Max 104099 (1674) steps (0.0005 hrs) -nan:-nan 24156 (16) sec
[983] Ep10000: Max 104099 (4885) steps (0.0014 hrs) -nan:-nan 24180 (24) sec
[984] Ep10000: Max 104099 (1810) steps (0.0005 hrs) -nan:-nan 24198 (18) sec
[985] Ep10000: Max 104099 (2603) steps (0.0007 hrs) -nan:-nan 24225 (27) sec
[986] Ep10000: Max 104099 (2221) steps (0.0006 hrs) -nan:-nan 24251 (26) sec
[987] Ep10000: Max 104099 (2009) steps (0.0006 hrs) -nan:-nan 24267 (16) sec
[988] Ep10000: Max 104099 (1941) steps (0.0005 hrs) -nan:-nan 24282 (15) sec
[989] Ep10000: Max 104099 (2156) steps (0.0006 hrs) -nan:-nan 24306 (24) sec
[990] Ep10000: Max 104099 (2363) steps (0.0007 hrs) -nan:-nan 24322 (16) sec
[991] Ep10000: Max 104099 (3867) steps (0.0011 hrs) -nan:-nan 24348 (26) sec
[992] Ep10000: Max 104099 (1965) steps (0.0005 hrs) -nan:-nan 24362 (14) sec
[993] Ep10000: Max 104099 (2274) steps (0.0006 hrs) -nan:-nan 24383 (21) sec
[994] Ep10000: Max 104099 (2274) steps (0.0006 hrs) -nan:-nan 24408 (25) sec
[995] Ep10000: Max 104099 (2231) steps (0.0006 hrs) -nan:-nan 24425 (17) sec
[996] Ep10000: Max 104099 (1563) steps (0.0004 hrs) -nan:-nan 24437 (12) sec
[997] Ep10000: Max 104099 (2191) steps (0.0006 hrs) -nan:-nan 24454 (17) sec
[998] Ep10000: Max 104099 (3590) steps (0.0010 hrs) -nan:-nan 24477 (23) sec
[999] Ep10000: Max 104099 (9590) steps (0.0027 hrs) -nan:-nan 24539 (62) sec
[1000] Ep10000: Max 104099 (2484) steps (0.0007 hrs) -nan:-nan 24565 (26) sec
Total Elapsed time: 24565 seconds
Wrote current data to latest.train
