balanced 0 test_flag 0
[1] Ep10000: Max 2943 (2943) steps (0.0008 hrs) -nan:-nan 27 (27) sec
[2] Ep10000: Max 2943 (1612) steps (0.0004 hrs) -nan:-nan 40 (13) sec
[3] Ep10000: Max 2943 (2437) steps (0.0007 hrs) -nan:-nan 60 (20) sec
[4] Ep10000: Max 2943 (2396) steps (0.0007 hrs) -nan:-nan 87 (27) sec
[5] Ep10000: Max 2943 (2091) steps (0.0006 hrs) -nan:-nan 114 (27) sec
[6] Ep10000: Max 2943 (1796) steps (0.0005 hrs) -nan:-nan 139 (25) sec
[7] Ep10000: Max 2943 (1333) steps (0.0004 hrs) -nan:-nan 152 (13) sec
[8] Ep10000: Max 2943 (2519) steps (0.0007 hrs) -nan:-nan 179 (27) sec
[9] Ep10000: Max 2943 (1572) steps (0.0004 hrs) -nan:-nan 190 (11) sec
[10] Ep10000: Max 2943 (1617) steps (0.0004 hrs) -nan:-nan 204 (14) sec
[11] Ep10000: Max 2943 (1700) steps (0.0005 hrs) -nan:-nan 228 (24) sec
[12] Ep10000: Max 2943 (2030) steps (0.0006 hrs) -nan:-nan 251 (23) sec
[13] Ep10000: Max 2943 (2046) steps (0.0006 hrs) -nan:-nan 278 (27) sec
[14] Ep10000: Max 2943 (1880) steps (0.0005 hrs) -nan:-nan 290 (12) sec
[15] Ep10000: Max 2943 (2287) steps (0.0006 hrs) -nan:-nan 304 (14) sec
[16] Ep10000: Max 4857 (4857) steps (0.0013 hrs) -nan:-nan 330 (26) sec
[17] Ep10000: Max 4857 (2363) steps (0.0007 hrs) -nan:-nan 358 (28) sec
[18] Ep10000: Max 4857 (2116) steps (0.0006 hrs) -nan:-nan 385 (27) sec
[19] Ep10000: Max 4857 (2169) steps (0.0006 hrs) -nan:-nan 409 (24) sec
[20] Ep10000: Max 4857 (2103) steps (0.0006 hrs) -nan:-nan 436 (27) sec
[21] Ep10000: Max 4857 (1899) steps (0.0005 hrs) -nan:-nan 463 (27) sec
[22] Ep10000: Max 4857 (2503) steps (0.0007 hrs) -nan:-nan 490 (27) sec
[23] Ep10000: Max 4857 (3248) steps (0.0009 hrs) -nan:-nan 517 (27) sec
[24] Ep10000: Max 4857 (2544) steps (0.0007 hrs) -nan:-nan 544 (27) sec
[25] Ep10000: Max 4857 (2513) steps (0.0007 hrs) -nan:-nan 571 (27) sec
[26] Ep10000: Max 4857 (2041) steps (0.0006 hrs) -nan:-nan 595 (24) sec
[27] Ep10000: Max 4857 (1661) steps (0.0005 hrs) -nan:-nan 614 (19) sec
[28] Ep10000: Max 4857 (2711) steps (0.0008 hrs) -nan:-nan 641 (27) sec
[29] Ep10000: Max 4857 (2479) steps (0.0007 hrs) -nan:-nan 668 (27) sec
[30] Ep10000: Max 4857 (1518) steps (0.0004 hrs) -nan:-nan 678 (10) sec
[31] Ep10000: Max 4857 (1720) steps (0.0005 hrs) -nan:-nan 700 (22) sec
[32] Ep10000: Max 4857 (2298) steps (0.0006 hrs) -nan:-nan 722 (22) sec
[33] Ep10000: Max 4857 (2040) steps (0.0006 hrs) -nan:-nan 744 (22) sec
[34] Ep10000: Max 4857 (2348) steps (0.0007 hrs) -nan:-nan 769 (25) sec
[35] Ep10000: Max 4857 (1725) steps (0.0005 hrs) -nan:-nan 779 (10) sec
[36] Ep10000: Max 4857 (2173) steps (0.0006 hrs) -nan:-nan 806 (27) sec
[37] Ep10000: Max 4857 (2184) steps (0.0006 hrs) -nan:-nan 833 (27) sec
[38] Ep10000: Max 4857 (2290) steps (0.0006 hrs) -nan:-nan 859 (26) sec
[39] Ep10000: Max 4857 (1628) steps (0.0005 hrs) -nan:-nan 870 (11) sec
[40] Ep10000: Max 4857 (1675) steps (0.0005 hrs) -nan:-nan 880 (10) sec
[41] Ep10000: Max 113640 (113640) steps (0.0316 hrs) -nan:-nan 931 (51) sec
[42] Ep10000: Max 113640 (2513) steps (0.0007 hrs) -nan:-nan 957 (26) sec
[43] Ep10000: Max 113640 (1907) steps (0.0005 hrs) -nan:-nan 980 (23) sec
[44] Ep10000: Max 113640 (3198) steps (0.0009 hrs) -nan:-nan 1007 (27) sec
[45] Ep10000: Max 113640 (3185) steps (0.0009 hrs) -nan:-nan 1020 (13) sec
[46] Ep10000: Max 113640 (1952) steps (0.0005 hrs) -nan:-nan 1047 (27) sec
[47] Ep10000: Max 113640 (2219) steps (0.0006 hrs) -nan:-nan 1060 (13) sec
[48] Ep10000: Max 113640 (2354) steps (0.0007 hrs) -nan:-nan 1075 (15) sec
[49] Ep10000: Max 113640 (2253) steps (0.0006 hrs) -nan:-nan 1097 (22) sec
[50] Ep10000: Max 113640 (1893) steps (0.0005 hrs) -nan:-nan 1123 (26) sec
[51] Ep10000: Max 113640 (2070) steps (0.0006 hrs) -nan:-nan 1146 (23) sec
[52] Ep10000: Max 113640 (2304) steps (0.0006 hrs) -nan:-nan 1172 (26) sec
[53] Ep10000: Max 113640 (2042) steps (0.0006 hrs) -nan:-nan 1189 (17) sec
[54] Ep10000: Max 113640 (1886) steps (0.0005 hrs) -nan:-nan 1216 (27) sec
[55] Ep10000: Max 113640 (2927) steps (0.0008 hrs) -nan:-nan 1243 (27) sec
[56] Ep10000: Max 113640 (2495) steps (0.0007 hrs) -nan:-nan 1269 (26) sec
[57] Ep10000: Max 113640 (2456) steps (0.0007 hrs) -nan:-nan 1297 (28) sec
[58] Ep10000: Max 113640 (2079) steps (0.0006 hrs) -nan:-nan 1324 (27) sec
[59] Ep10000: Max 113640 (2092) steps (0.0006 hrs) -nan:-nan 1350 (26) sec
[60] Ep10000: Max 113640 (2047) steps (0.0006 hrs) -nan:-nan 1379 (29) sec
[61] Ep10000: Max 113640 (2631) steps (0.0007 hrs) -nan:-nan 1401 (22) sec
[62] Ep10000: Max 113640 (2289) steps (0.0006 hrs) -nan:-nan 1428 (27) sec
[63] Ep10000: Max 113640 (2452) steps (0.0007 hrs) -nan:-nan 1448 (20) sec
[64] Ep10000: Max 113640 (2600) steps (0.0007 hrs) -nan:-nan 1475 (27) sec
[65] Ep10000: Max 113640 (1842) steps (0.0005 hrs) -nan:-nan 1502 (27) sec
[66] Ep10000: Max 113640 (2007) steps (0.0006 hrs) -nan:-nan 1528 (26) sec
[67] Ep10000: Max 113640 (2252) steps (0.0006 hrs) -nan:-nan 1555 (27) sec
[68] Ep10000: Max 113640 (2250) steps (0.0006 hrs) -nan:-nan 1581 (26) sec
[69] Ep10000: Max 113640 (2195) steps (0.0006 hrs) -nan:-nan 1610 (29) sec
[70] Ep10000: Max 113640 (1529) steps (0.0004 hrs) -nan:-nan 1622 (12) sec
[71] Ep10000: Max 113640 (1932) steps (0.0005 hrs) -nan:-nan 1649 (27) sec
[72] Ep10000: Max 113640 (2303) steps (0.0006 hrs) -nan:-nan 1660 (11) sec
[73] Ep10000: Max 113640 (2311) steps (0.0006 hrs) -nan:-nan 1687 (27) sec
[74] Ep10000: Max 113640 (1998) steps (0.0006 hrs) -nan:-nan 1713 (26) sec
[75] Ep10000: Max 113640 (2233) steps (0.0006 hrs) -nan:-nan 1739 (26) sec
[76] Ep10000: Max 113640 (2472) steps (0.0007 hrs) -nan:-nan 1766 (27) sec
[77] Ep10000: Max 113640 (2492) steps (0.0007 hrs) -nan:-nan 1793 (27) sec
[78] Ep10000: Max 113640 (2266) steps (0.0006 hrs) -nan:-nan 1820 (27) sec
[79] Ep10000: Max 113640 (1116) steps (0.0003 hrs) -nan:-nan 1830 (10) sec
[80] Ep10000: Max 113640 (2156) steps (0.0006 hrs) -nan:-nan 1855 (25) sec
[81] Ep10000: Max 113640 (2564) steps (0.0007 hrs) -nan:-nan 1882 (27) sec
[82] Ep10000: Max 113640 (2230) steps (0.0006 hrs) -nan:-nan 1909 (27) sec
[83] Ep10000: Max 113640 (7807) steps (0.0022 hrs) -nan:-nan 1935 (26) sec
[84] Ep10000: Max 113640 (1359) steps (0.0004 hrs) -nan:-nan 1946 (11) sec
[85] Ep10000: Max 113640 (2518) steps (0.0007 hrs) -nan:-nan 1971 (25) sec
[86] Ep10000: Max 113640 (2474) steps (0.0007 hrs) -nan:-nan 1998 (27) sec
[87] Ep10000: Max 113640 (2264) steps (0.0006 hrs) -nan:-nan 2023 (25) sec
[88] Ep10000: Max 113640 (1875) steps (0.0005 hrs) -nan:-nan 2035 (12) sec
[89] Ep10000: Max 113640 (1331) steps (0.0004 hrs) -nan:-nan 2045 (10) sec
[90] Ep10000: Max 113640 (1816) steps (0.0005 hrs) -nan:-nan 2061 (16) sec
[91] Ep10000: Max 113640 (2066) steps (0.0006 hrs) -nan:-nan 2076 (15) sec
[92] Ep10000: Max 113640 (2142) steps (0.0006 hrs) -nan:-nan 2100 (24) sec
[93] Ep10000: Max 113640 (1940) steps (0.0005 hrs) -nan:-nan 2123 (23) sec
[94] Ep10000: Max 113640 (1333) steps (0.0004 hrs) -nan:-nan 2133 (10) sec
[95] Ep10000: Max 113640 (1210) steps (0.0003 hrs) -nan:-nan 2144 (11) sec
[96] Ep10000: Max 113640 (2343) steps (0.0007 hrs) -nan:-nan 2170 (26) sec
[97] Ep10000: Max 113640 (1546) steps (0.0004 hrs) -nan:-nan 2182 (12) sec
[98] Ep10000: Max 113640 (2272) steps (0.0006 hrs) -nan:-nan 2208 (26) sec
[99] Ep10000: Max 113640 (2239) steps (0.0006 hrs) -nan:-nan 2233 (25) sec
[100] Ep10000: Max 113640 (2206) steps (0.0006 hrs) -nan:-nan 2251 (18) sec
[101] Ep10000: Max 113640 (1232) steps (0.0003 hrs) -nan:-nan 2261 (10) sec
[102] Ep10000: Max 113640 (1954) steps (0.0005 hrs) -nan:-nan 2276 (15) sec
[103] Ep10000: Max 113640 (1821) steps (0.0005 hrs) -nan:-nan 2293 (17) sec
[104] Ep10000: Max 113640 (2542) steps (0.0007 hrs) -nan:-nan 2319 (26) sec
[105] Ep10000: Max 113640 (1480) steps (0.0004 hrs) -nan:-nan 2330 (11) sec
[106] Ep10000: Max 113640 (2998) steps (0.0008 hrs) -nan:-nan 2354 (24) sec
[107] Ep10000: Max 113640 (5105) steps (0.0014 hrs) -nan:-nan 2375 (21) sec
[108] Ep10000: Max 113640 (1436) steps (0.0004 hrs) -nan:-nan 2386 (11) sec
[109] Ep10000: Max 113640 (4186) steps (0.0012 hrs) -nan:-nan 2403 (17) sec
[110] Ep10000: Max 113640 (2793) steps (0.0008 hrs) -nan:-nan 2430 (27) sec
[111] Ep10000: Max 113640 (2164) steps (0.0006 hrs) -nan:-nan 2456 (26) sec
[112] Ep10000: Max 113640 (2669) steps (0.0007 hrs) -nan:-nan 2484 (28) sec
[113] Ep10000: Max 113640 (1753) steps (0.0005 hrs) -nan:-nan 2510 (26) sec
[114] Ep10000: Max 113640 (2242) steps (0.0006 hrs) -nan:-nan 2527 (17) sec
[115] Ep10000: Max 113640 (2463) steps (0.0007 hrs) -nan:-nan 2553 (26) sec
[116] Ep10000: Max 113640 (2332) steps (0.0006 hrs) -nan:-nan 2578 (25) sec
[117] Ep10000: Max 113640 (2312) steps (0.0006 hrs) -nan:-nan 2601 (23) sec
[118] Ep10000: Max 113640 (2852) steps (0.0008 hrs) -nan:-nan 2613 (12) sec
[119] Ep10000: Max 113640 (2207) steps (0.0006 hrs) -nan:-nan 2639 (26) sec
[120] Ep10000: Max 113640 (3014) steps (0.0008 hrs) -nan:-nan 2667 (28) sec
[121] Ep10000: Max 113640 (2119) steps (0.0006 hrs) -nan:-nan 2694 (27) sec
[122] Ep10000: Max 113640 (1751) steps (0.0005 hrs) -nan:-nan 2712 (18) sec
[123] Ep10000: Max 113640 (2104) steps (0.0006 hrs) -nan:-nan 2740 (28) sec
[124] Ep10000: Max 113640 (2005) steps (0.0006 hrs) -nan:-nan 2750 (10) sec
[125] Ep10000: Max 113640 (2295) steps (0.0006 hrs) -nan:-nan 2775 (25) sec
[126] Ep10000: Max 113640 (1706) steps (0.0005 hrs) -nan:-nan 2786 (11) sec
[127] Ep10000: Max 113640 (3498) steps (0.0010 hrs) -nan:-nan 2812 (26) sec
[128] Ep10000: Max 113640 (2095) steps (0.0006 hrs) -nan:-nan 2839 (27) sec
[129] Ep10000: Max 113640 (1658) steps (0.0005 hrs) -nan:-nan 2849 (10) sec
[130] Ep10000: Max 113640 (2187) steps (0.0006 hrs) -nan:-nan 2874 (25) sec
[131] Ep10000: Max 113640 (2425) steps (0.0007 hrs) -nan:-nan 2898 (24) sec
[132] Ep10000: Max 113640 (2710) steps (0.0008 hrs) -nan:-nan 2925 (27) sec
[133] Ep10000: Max 113640 (1362) steps (0.0004 hrs) -nan:-nan 2936 (11) sec
[134] Ep10000: Max 113640 (2429) steps (0.0007 hrs) -nan:-nan 2966 (30) sec
[135] Ep10000: Max 113640 (2204) steps (0.0006 hrs) -nan:-nan 2992 (26) sec
[136] Ep10000: Max 113640 (2515) steps (0.0007 hrs) -nan:-nan 3003 (11) sec
[137] Ep10000: Max 113640 (1813) steps (0.0005 hrs) -nan:-nan 3026 (23) sec
[138] Ep10000: Max 861794 (861794) steps (0.2394 hrs) -nan:-nan 3068 (42) sec
[139] Ep10000: Max 861794 (1814) steps (0.0005 hrs) -nan:-nan 3091 (23) sec
[140] Ep10000: Max 861794 (2374) steps (0.0007 hrs) -nan:-nan 3105 (14) sec
[141] Ep10000: Max 861794 (2393) steps (0.0007 hrs) -nan:-nan 3131 (26) sec
[142] Ep10000: Max 861794 (1328) steps (0.0004 hrs) -nan:-nan 3143 (12) sec
[143] Ep10000: Max 861794 (1598) steps (0.0004 hrs) -nan:-nan 3153 (10) sec
[144] Ep10000: Max 861794 (10893) steps (0.0030 hrs) -nan:-nan 3172 (19) sec
[145] Ep10000: Max 861794 (3042) steps (0.0008 hrs) -nan:-nan 3198 (26) sec
[146] Ep10000: Max 861794 (2060) steps (0.0006 hrs) -nan:-nan 3224 (26) sec
[147] Ep10000: Max 861794 (3246) steps (0.0009 hrs) -nan:-nan 3249 (25) sec
[148] Ep10000: Max 861794 (1916) steps (0.0005 hrs) -nan:-nan 3272 (23) sec
[149] Ep10000: Max 861794 (2556) steps (0.0007 hrs) -nan:-nan 3298 (26) sec
[150] Ep10000: Max 861794 (2434) steps (0.0007 hrs) -nan:-nan 3324 (26) sec
[151] Ep10000: Max 861794 (1586) steps (0.0004 hrs) -nan:-nan 3343 (19) sec
[152] Ep10000: Max 861794 (3311) steps (0.0009 hrs) -nan:-nan 3365 (22) sec
[153] Ep10000: Max 861794 (2416) steps (0.0007 hrs) -nan:-nan 3375 (10) sec
[154] Ep10000: Max 861794 (1762) steps (0.0005 hrs) -nan:-nan 3386 (11) sec
[155] Ep10000: Max 861794 (1862) steps (0.0005 hrs) -nan:-nan 3408 (22) sec
[156] Ep10000: Max 861794 (1511) steps (0.0004 hrs) -nan:-nan 3419 (11) sec
[157] Ep10000: Max 861794 (2763) steps (0.0008 hrs) -nan:-nan 3445 (26) sec
[158] Ep10000: Max 861794 (1646) steps (0.0005 hrs) -nan:-nan 3455 (10) sec
[159] Ep10000: Max 861794 (1929) steps (0.0005 hrs) -nan:-nan 3475 (20) sec
[160] Ep10000: Max 861794 (2341) steps (0.0007 hrs) -nan:-nan 3499 (24) sec
[161] Ep10000: Max 861794 (1704) steps (0.0005 hrs) -nan:-nan 3521 (22) sec
[162] Ep10000: Max 861794 (4404) steps (0.0012 hrs) -nan:-nan 3539 (18) sec
[163] Ep10000: Max 861794 (2078) steps (0.0006 hrs) -nan:-nan 3565 (26) sec
[164] Ep10000: Max 861794 (1719) steps (0.0005 hrs) -nan:-nan 3577 (12) sec
[165] Ep10000: Max 861794 (2124) steps (0.0006 hrs) -nan:-nan 3591 (14) sec
[166] Ep10000: Max 861794 (2231) steps (0.0006 hrs) -nan:-nan 3617 (26) sec
[167] Ep10000: Max 861794 (1264) steps (0.0004 hrs) -nan:-nan 3627 (10) sec
[168] Ep10000: Max 861794 (2314) steps (0.0006 hrs) -nan:-nan 3653 (26) sec
[169] Ep10000: Max 861794 (2743) steps (0.0008 hrs) -nan:-nan 3679 (26) sec
[170] Ep10000: Max 861794 (1928) steps (0.0005 hrs) -nan:-nan 3691 (12) sec
[171] Ep10000: Max 861794 (2436) steps (0.0007 hrs) -nan:-nan 3714 (23) sec
[172] Ep10000: Max 861794 (2208) steps (0.0006 hrs) -nan:-nan 3737 (23) sec
[173] Ep10000: Max 861794 (2274) steps (0.0006 hrs) -nan:-nan 3750 (13) sec
[174] Ep10000: Max 861794 (3524) steps (0.0010 hrs) -nan:-nan 3787 (37) sec
[175] Ep10000: Max 861794 (2284) steps (0.0006 hrs) -nan:-nan 3815 (28) sec
[176] Ep10000: Max 861794 (2155) steps (0.0006 hrs) -nan:-nan 3841 (26) sec
[177] Ep10000: Max 861794 (1896) steps (0.0005 hrs) -nan:-nan 3856 (15) sec
[178] Ep10000: Max 861794 (2091) steps (0.0006 hrs) -nan:-nan 3886 (30) sec
[179] Ep10000: Max 861794 (2415) steps (0.0007 hrs) -nan:-nan 3925 (39) sec
[180] Ep10000: Max 861794 (1744) steps (0.0005 hrs) -nan:-nan 3942 (17) sec
[181] Ep10000: Max 861794 (2292) steps (0.0006 hrs) -nan:-nan 3966 (24) sec
[182] Ep10000: Max 861794 (2021) steps (0.0006 hrs) -nan:-nan 3995 (29) sec
[183] Ep10000: Max 861794 (2139) steps (0.0006 hrs) -nan:-nan 4023 (28) sec
[184] Ep10000: Max 861794 (1896) steps (0.0005 hrs) -nan:-nan 4052 (29) sec
[185] Ep10000: Max 861794 (2188) steps (0.0006 hrs) -nan:-nan 4081 (29) sec
[186] Ep10000: Max 861794 (1265) steps (0.0004 hrs) -nan:-nan 4092 (11) sec
[187] Ep10000: Max 861794 (1917) steps (0.0005 hrs) -nan:-nan 4120 (28) sec
[188] Ep10000: Max 861794 (1928) steps (0.0005 hrs) -nan:-nan 4134 (14) sec
[189] Ep10000: Max 861794 (1727) steps (0.0005 hrs) -nan:-nan 4158 (24) sec
[190] Ep10000: Max 861794 (1966) steps (0.0005 hrs) -nan:-nan 4194 (36) sec
[191] Ep10000: Max 861794 (1571) steps (0.0004 hrs) -nan:-nan 4213 (19) sec
[192] Ep10000: Max 861794 (2461) steps (0.0007 hrs) -nan:-nan 4235 (22) sec
[193] Ep10000: Max 861794 (2543) steps (0.0007 hrs) -nan:-nan 4274 (39) sec
[194] Ep10000: Max 861794 (2722) steps (0.0008 hrs) -nan:-nan 4309 (35) sec
[195] Ep10000: Max 861794 (1555) steps (0.0004 hrs) -nan:-nan 4324 (15) sec
[196] Ep10000: Max 861794 (2466) steps (0.0007 hrs) -nan:-nan 4355 (31) sec
[197] Ep10000: Max 861794 (2066) steps (0.0006 hrs) -nan:-nan 4385 (30) sec
[198] Ep10000: Max 861794 (1859) steps (0.0005 hrs) -nan:-nan 4409 (24) sec
[199] Ep10000: Max 861794 (1360) steps (0.0004 hrs) -nan:-nan 4421 (12) sec
[200] Ep10000: Max 861794 (1482) steps (0.0004 hrs) -nan:-nan 4433 (12) sec
[201] Ep10000: Max 861794 (2160) steps (0.0006 hrs) -nan:-nan 4461 (28) sec
[202] Ep10000: Max 861794 (1774) steps (0.0005 hrs) -nan:-nan 4476 (15) sec
[203] Ep10000: Max 861794 (1199) steps (0.0003 hrs) -nan:-nan 4487 (11) sec
[204] Ep10000: Max 861794 (1695) steps (0.0005 hrs) -nan:-nan 4508 (21) sec
[205] Ep10000: Max 861794 (2417) steps (0.0007 hrs) -nan:-nan 4522 (14) sec
[206] Ep10000: Max 861794 (1803) steps (0.0005 hrs) -nan:-nan 4533 (11) sec
[207] Ep10000: Max 861794 (1792) steps (0.0005 hrs) -nan:-nan 4547 (14) sec
[208] Ep10000: Max 861794 (2407) steps (0.0007 hrs) -nan:-nan 4574 (27) sec
[209] Ep10000: Max 861794 (2233) steps (0.0006 hrs) -nan:-nan 4601 (27) sec
[210] Ep10000: Max 861794 (1712) steps (0.0005 hrs) -nan:-nan 4614 (13) sec
[211] Ep10000: Max 861794 (1168) steps (0.0003 hrs) -nan:-nan 4625 (11) sec
[212] Ep10000: Max 861794 (2382) steps (0.0007 hrs) -nan:-nan 4654 (29) sec
[213] Ep10000: Max 861794 (1821) steps (0.0005 hrs) -nan:-nan 4667 (13) sec
[214] Ep10000: Max 861794 (1422) steps (0.0004 hrs) -nan:-nan 4677 (10) sec
[215] Ep10000: Max 861794 (2669) steps (0.0007 hrs) -nan:-nan 4706 (29) sec
[216] Ep10000: Max 861794 (1652) steps (0.0005 hrs) -nan:-nan 4721 (15) sec
[217] Ep10000: Max 861794 (2129) steps (0.0006 hrs) -nan:-nan 4745 (24) sec
[218] Ep10000: Max 861794 (1902) steps (0.0005 hrs) -nan:-nan 4762 (17) sec
[219] Ep10000: Max 861794 (1821) steps (0.0005 hrs) -nan:-nan 4777 (15) sec
[220] Ep10000: Max 861794 (1598) steps (0.0004 hrs) -nan:-nan 4790 (13) sec
[221] Ep10000: Max 861794 (1997) steps (0.0006 hrs) -nan:-nan 4810 (20) sec
[222] Ep10000: Max 861794 (1865) steps (0.0005 hrs) -nan:-nan 4824 (14) sec
[223] Ep10000: Max 861794 (1927) steps (0.0005 hrs) -nan:-nan 4852 (28) sec
[224] Ep10000: Max 861794 (2116) steps (0.0006 hrs) -nan:-nan 4870 (18) sec
[225] Ep10000: Max 861794 (2393) steps (0.0007 hrs) -nan:-nan 4894 (24) sec
[226] Ep10000: Max 861794 (2493) steps (0.0007 hrs) -nan:-nan 4918 (24) sec
[227] Ep10000: Max 861794 (2089) steps (0.0006 hrs) -nan:-nan 4947 (29) sec
[228] Ep10000: Max 861794 (22501) steps (0.0063 hrs) -nan:-nan 4977 (30) sec
[229] Ep10000: Max 861794 (1592) steps (0.0004 hrs) -nan:-nan 4988 (11) sec
[230] Ep10000: Max 861794 (1713) steps (0.0005 hrs) -nan:-nan 5007 (19) sec
[231] Ep10000: Max 861794 (2074) steps (0.0006 hrs) -nan:-nan 5036 (29) sec
[232] Ep10000: Max 861794 (2193) steps (0.0006 hrs) -nan:-nan 5065 (29) sec
[233] Ep10000: Max 861794 (1563) steps (0.0004 hrs) -nan:-nan 5076 (11) sec
[234] Ep10000: Max 861794 (2780) steps (0.0008 hrs) -nan:-nan 5105 (29) sec
[235] Ep10000: Max 861794 (2393) steps (0.0007 hrs) -nan:-nan 5134 (29) sec
[236] Ep10000: Max 861794 (2249) steps (0.0006 hrs) -nan:-nan 5161 (27) sec
[237] Ep10000: Max 861794 (2302) steps (0.0006 hrs) -nan:-nan 5191 (30) sec
[238] Ep10000: Max 861794 (2155) steps (0.0006 hrs) -nan:-nan 5216 (25) sec
[239] Ep10000: Max 861794 (2489) steps (0.0007 hrs) -nan:-nan 5236 (20) sec
[240] Ep10000: Max 861794 (1907) steps (0.0005 hrs) -nan:-nan 5261 (25) sec
[241] Ep10000: Max 861794 (3268) steps (0.0009 hrs) -nan:-nan 5292 (31) sec
[242] Ep10000: Max 861794 (2981) steps (0.0008 hrs) -nan:-nan 5309 (17) sec
[243] Ep10000: Max 861794 (2077) steps (0.0006 hrs) -nan:-nan 5336 (27) sec
[244] Ep10000: Max 861794 (2465) steps (0.0007 hrs) -nan:-nan 5364 (28) sec
[245] Ep10000: Max 861794 (2001) steps (0.0006 hrs) -nan:-nan 5391 (27) sec
[246] Ep10000: Max 861794 (2152) steps (0.0006 hrs) -nan:-nan 5418 (27) sec
[247] Ep10000: Max 861794 (1779) steps (0.0005 hrs) -nan:-nan 5431 (13) sec
[248] Ep10000: Max 861794 (1856) steps (0.0005 hrs) -nan:-nan 5460 (29) sec
[249] Ep10000: Max 861794 (2660) steps (0.0007 hrs) -nan:-nan 5486 (26) sec
[250] Ep10000: Max 861794 (2115) steps (0.0006 hrs) -nan:-nan 5515 (29) sec
[251] Ep10000: Max 861794 (2056) steps (0.0006 hrs) -nan:-nan 5546 (31) sec
[252] Ep10000: Max 861794 (2434) steps (0.0007 hrs) -nan:-nan 5575 (29) sec
[253] Ep10000: Max 861794 (4122) steps (0.0011 hrs) -nan:-nan 5598 (23) sec
[254] Ep10000: Max 861794 (1592) steps (0.0004 hrs) -nan:-nan 5609 (11) sec
[255] Ep10000: Max 861794 (4573) steps (0.0013 hrs) -nan:-nan 5644 (35) sec
[256] Ep10000: Max 861794 (8779) steps (0.0024 hrs) -nan:-nan 5672 (28) sec
[257] Ep10000: Max 861794 (1665) steps (0.0005 hrs) -nan:-nan 5685 (13) sec
[258] Ep10000: Max 861794 (1902) steps (0.0005 hrs) -nan:-nan 5707 (22) sec
[259] Ep10000: Max 861794 (2242) steps (0.0006 hrs) -nan:-nan 5734 (27) sec
[260] Ep10000: Max 861794 (2652) steps (0.0007 hrs) -nan:-nan 5762 (28) sec
[261] Ep10000: Max 861794 (1848) steps (0.0005 hrs) -nan:-nan 5790 (28) sec
[262] Ep10000: Max 861794 (2253) steps (0.0006 hrs) -nan:-nan 5817 (27) sec
[263] Ep10000: Max 861794 (2625) steps (0.0007 hrs) -nan:-nan 5846 (29) sec
[264] Ep10000: Max 861794 (3284) steps (0.0009 hrs) -nan:-nan 5860 (14) sec
[265] Ep10000: Max 861794 (2872) steps (0.0008 hrs) -nan:-nan 5880 (20) sec
[266] Ep10000: Max 861794 (2025) steps (0.0006 hrs) -nan:-nan 5906 (26) sec
[267] Ep10000: Max 861794 (1884) steps (0.0005 hrs) -nan:-nan 5932 (26) sec
[268] Ep10000: Max 861794 (2183) steps (0.0006 hrs) -nan:-nan 5960 (28) sec
[269] Ep10000: Max 861794 (1998) steps (0.0006 hrs) -nan:-nan 5973 (13) sec
[270] Ep10000: Max 861794 (1716) steps (0.0005 hrs) -nan:-nan 5987 (14) sec
[271] Ep10000: Max 861794 (2003) steps (0.0006 hrs) -nan:-nan 6009 (22) sec
[272] Ep10000: Max 861794 (1969) steps (0.0005 hrs) -nan:-nan 6035 (26) sec
[273] Ep10000: Max 861794 (2665) steps (0.0007 hrs) -nan:-nan 6062 (27) sec
[274] Ep10000: Max 861794 (1739) steps (0.0005 hrs) -nan:-nan 6086 (24) sec
[275] Ep10000: Max 861794 (1755) steps (0.0005 hrs) -nan:-nan 6109 (23) sec
[276] Ep10000: Max 861794 (2830) steps (0.0008 hrs) -nan:-nan 6136 (27) sec
[277] Ep10000: Max 861794 (2355) steps (0.0007 hrs) -nan:-nan 6163 (27) sec
[278] Ep10000: Max 861794 (2670) steps (0.0007 hrs) -nan:-nan 6189 (26) sec
[279] Ep10000: Max 861794 (2218) steps (0.0006 hrs) -nan:-nan 6216 (27) sec
[280] Ep10000: Max 861794 (2054) steps (0.0006 hrs) -nan:-nan 6245 (29) sec
[281] Ep10000: Max 861794 (2185) steps (0.0006 hrs) -nan:-nan 6273 (28) sec
[282] Ep10000: Max 861794 (1830) steps (0.0005 hrs) -nan:-nan 6298 (25) sec
[283] Ep10000: Max 861794 (2372) steps (0.0007 hrs) -nan:-nan 6326 (28) sec
[284] Ep10000: Max 861794 (1299) steps (0.0004 hrs) -nan:-nan 6336 (10) sec
[285] Ep10000: Max 861794 (1625) steps (0.0005 hrs) -nan:-nan 6347 (11) sec
[286] Ep10000: Max 861794 (1680) steps (0.0005 hrs) -nan:-nan 6371 (24) sec
[287] Ep10000: Max 861794 (10271) steps (0.0029 hrs) -nan:-nan 6395 (24) sec
[288] Ep10000: Max 861794 (2620) steps (0.0007 hrs) -nan:-nan 6425 (30) sec
[289] Ep10000: Max 861794 (2758) steps (0.0008 hrs) -nan:-nan 6447 (22) sec
[290] Ep10000: Max 861794 (2226) steps (0.0006 hrs) -nan:-nan 6475 (28) sec
[291] Ep10000: Max 861794 (2035) steps (0.0006 hrs) -nan:-nan 6500 (25) sec
[292] Ep10000: Max 861794 (2092) steps (0.0006 hrs) -nan:-nan 6527 (27) sec
[293] Ep10000: Max 861794 (1573) steps (0.0004 hrs) -nan:-nan 6537 (10) sec
[294] Ep10000: Max 861794 (2983) steps (0.0008 hrs) -nan:-nan 6560 (23) sec
[295] Ep10000: Max 861794 (2262) steps (0.0006 hrs) -nan:-nan 6580 (20) sec
[296] Ep10000: Max 861794 (1877) steps (0.0005 hrs) -nan:-nan 6595 (15) sec
[297] Ep10000: Max 861794 (1558) steps (0.0004 hrs) -nan:-nan 6608 (13) sec
[298] Ep10000: Max 861794 (2403) steps (0.0007 hrs) -nan:-nan 6634 (26) sec
[299] Ep10000: Max 861794 (2597) steps (0.0007 hrs) -nan:-nan 6656 (22) sec
[300] Ep10000: Max 861794 (2093) steps (0.0006 hrs) -nan:-nan 6689 (33) sec
[301] Ep10000: Max 861794 (2418) steps (0.0007 hrs) -nan:-nan 6716 (27) sec
[302] Ep10000: Max 861794 (2182) steps (0.0006 hrs) -nan:-nan 6743 (27) sec
[303] Ep10000: Max 861794 (2096) steps (0.0006 hrs) -nan:-nan 6771 (28) sec
[304] Ep10000: Max 861794 (2134) steps (0.0006 hrs) -nan:-nan 6799 (28) sec
[305] Ep10000: Max 861794 (2340) steps (0.0007 hrs) -nan:-nan 6827 (28) sec
[306] Ep10000: Max 861794 (1730) steps (0.0005 hrs) -nan:-nan 6855 (28) sec
[307] Ep10000: Max 861794 (2236) steps (0.0006 hrs) -nan:-nan 6882 (27) sec
[308] Ep10000: Max 861794 (6508) steps (0.0018 hrs) -nan:-nan 6922 (40) sec
[309] Ep10000: Max 861794 (2228) steps (0.0006 hrs) -nan:-nan 6948 (26) sec
[310] Ep10000: Max 861794 (2438) steps (0.0007 hrs) -nan:-nan 6973 (25) sec
[311] Ep10000: Max 861794 (2229) steps (0.0006 hrs) -nan:-nan 7000 (27) sec
[312] Ep10000: Max 861794 (2328) steps (0.0006 hrs) -nan:-nan 7024 (24) sec
[313] Ep10000: Max 861794 (2002) steps (0.0006 hrs) -nan:-nan 7035 (11) sec
[314] Ep10000: Max 861794 (1745) steps (0.0005 hrs) -nan:-nan 7057 (22) sec
[315] Ep10000: Max 861794 (1949) steps (0.0005 hrs) -nan:-nan 7084 (27) sec
[316] Ep10000: Max 861794 (2610) steps (0.0007 hrs) -nan:-nan 7105 (21) sec
[317] Ep10000: Max 861794 (3069) steps (0.0009 hrs) -nan:-nan 7116 (11) sec
[318] Ep10000: Max 861794 (2414) steps (0.0007 hrs) -nan:-nan 7143 (27) sec
[319] Ep10000: Max 861794 (2393) steps (0.0007 hrs) -nan:-nan 7170 (27) sec
[320] Ep10000: Max 861794 (2844) steps (0.0008 hrs) -nan:-nan 7200 (30) sec
[321] Ep10000: Max 861794 (338065) steps (0.0939 hrs) -nan:-nan 7275 (75) sec
[322] Ep10000: Max 861794 (2646) steps (0.0007 hrs) -nan:-nan 7302 (27) sec
[323] Ep10000: Max 861794 (1976) steps (0.0005 hrs) -nan:-nan 7329 (27) sec
[324] Ep10000: Max 861794 (2479) steps (0.0007 hrs) -nan:-nan 7355 (26) sec
[325] Ep10000: Max 861794 (2225) steps (0.0006 hrs) -nan:-nan 7382 (27) sec
[326] Ep10000: Max 861794 (2211) steps (0.0006 hrs) -nan:-nan 7407 (25) sec
[327] Ep10000: Max 861794 (1305) steps (0.0004 hrs) -nan:-nan 7419 (12) sec
[328] Ep10000: Max 861794 (1677) steps (0.0005 hrs) -nan:-nan 7431 (12) sec
[329] Ep10000: Max 861794 (1796) steps (0.0005 hrs) -nan:-nan 7451 (20) sec
[330] Ep10000: Max 861794 (6199) steps (0.0017 hrs) -nan:-nan 7470 (19) sec
[331] Ep10000: Max 861794 (37664) steps (0.0105 hrs) -nan:-nan 7513 (43) sec
[332] Ep10000: Max 861794 (2260) steps (0.0006 hrs) -nan:-nan 7536 (23) sec
[333] Ep10000: Max 861794 (1665) steps (0.0005 hrs) -nan:-nan 7548 (12) sec
[334] Ep10000: Max 861794 (2651) steps (0.0007 hrs) -nan:-nan 7562 (14) sec
[335] Ep10000: Max 861794 (2043) steps (0.0006 hrs) -nan:-nan 7589 (27) sec
[336] Ep10000: Max 861794 (2276) steps (0.0006 hrs) -nan:-nan 7617 (28) sec
[337] Ep10000: Max 861794 (1766) steps (0.0005 hrs) -nan:-nan 7643 (26) sec
[338] Ep10000: Max 861794 (2049) steps (0.0006 hrs) -nan:-nan 7670 (27) sec
[339] Ep10000: Max 861794 (2150) steps (0.0006 hrs) -nan:-nan 7697 (27) sec
[340] Ep10000: Max 861794 (2540) steps (0.0007 hrs) -nan:-nan 7724 (27) sec
[341] Ep10000: Max 861794 (2659) steps (0.0007 hrs) -nan:-nan 7751 (27) sec
[342] Ep10000: Max 861794 (3119) steps (0.0009 hrs) -nan:-nan 7779 (28) sec
[343] Ep10000: Max 861794 (2125) steps (0.0006 hrs) -nan:-nan 7807 (28) sec
[344] Ep10000: Max 861794 (2255) steps (0.0006 hrs) -nan:-nan 7822 (15) sec
[345] Ep10000: Max 861794 (1823) steps (0.0005 hrs) -nan:-nan 7851 (29) sec
[346] Ep10000: Max 861794 (2063) steps (0.0006 hrs) -nan:-nan 7878 (27) sec
[347] Ep10000: Max 861794 (2008) steps (0.0006 hrs) -nan:-nan 7900 (22) sec
[348] Ep10000: Max 861794 (2572) steps (0.0007 hrs) -nan:-nan 7926 (26) sec
[349] Ep10000: Max 861794 (5393) steps (0.0015 hrs) -nan:-nan 7948 (22) sec
[350] Ep10000: Max 861794 (11220) steps (0.0031 hrs) -nan:-nan 7971 (23) sec
[351] Ep10000: Max 861794 (1929) steps (0.0005 hrs) -nan:-nan 7994 (23) sec
[352] Ep10000: Max 861794 (1573) steps (0.0004 hrs) -nan:-nan 8006 (12) sec
[353] Ep10000: Max 861794 (2460) steps (0.0007 hrs) -nan:-nan 8033 (27) sec
[354] Ep10000: Max 861794 (2395) steps (0.0007 hrs) -nan:-nan 8057 (24) sec
[355] Ep10000: Max 861794 (1602) steps (0.0004 hrs) -nan:-nan 8068 (11) sec
[356] Ep10000: Max 861794 (2250) steps (0.0006 hrs) -nan:-nan 8079 (11) sec
[357] Ep10000: Max 861794 (2107) steps (0.0006 hrs) -nan:-nan 8100 (21) sec
[358] Ep10000: Max 861794 (2701) steps (0.0008 hrs) -nan:-nan 8126 (26) sec
[359] Ep10000: Max 861794 (2053) steps (0.0006 hrs) -nan:-nan 8153 (27) sec
[360] Ep10000: Max 861794 (3637) steps (0.0010 hrs) -nan:-nan 8191 (38) sec
[361] Ep10000: Max 861794 (2460) steps (0.0007 hrs) -nan:-nan 8218 (27) sec
[362] Ep10000: Max 861794 (1993) steps (0.0006 hrs) -nan:-nan 8240 (22) sec
[363] Ep10000: Max 861794 (2747) steps (0.0008 hrs) -nan:-nan 8267 (27) sec
[364] Ep10000: Max 861794 (2307) steps (0.0006 hrs) -nan:-nan 8294 (27) sec
[365] Ep10000: Max 861794 (1804) steps (0.0005 hrs) -nan:-nan 8323 (29) sec
[366] Ep10000: Max 861794 (2223) steps (0.0006 hrs) -nan:-nan 8347 (24) sec
[367] Ep10000: Max 861794 (2749) steps (0.0008 hrs) -nan:-nan 8373 (26) sec
[368] Ep10000: Max 861794 (28213) steps (0.0078 hrs) -nan:-nan 8397 (24) sec
[369] Ep10000: Max 861794 (2336) steps (0.0006 hrs) -nan:-nan 8420 (23) sec
[370] Ep10000: Max 861794 (1911) steps (0.0005 hrs) -nan:-nan 8443 (23) sec
[371] Ep10000: Max 861794 (2192) steps (0.0006 hrs) -nan:-nan 8468 (25) sec
[372] Ep10000: Max 861794 (2852) steps (0.0008 hrs) -nan:-nan 8495 (27) sec
[373] Ep10000: Max 861794 (2351) steps (0.0007 hrs) -nan:-nan 8516 (21) sec
[374] Ep10000: Max 861794 (1711) steps (0.0005 hrs) -nan:-nan 8527 (11) sec
[375] Ep10000: Max 861794 (1377) steps (0.0004 hrs) -nan:-nan 8539 (12) sec
[376] Ep10000: Max 861794 (2052) steps (0.0006 hrs) -nan:-nan 8566 (27) sec
[377] Ep10000: Max 861794 (2722) steps (0.0008 hrs) -nan:-nan 8587 (21) sec
[378] Ep10000: Max 861794 (2507) steps (0.0007 hrs) -nan:-nan 8613 (26) sec
[379] Ep10000: Max 861794 (2065) steps (0.0006 hrs) -nan:-nan 8626 (13) sec
[380] Ep10000: Max 861794 (1054) steps (0.0003 hrs) -nan:-nan 8636 (10) sec
[381] Ep10000: Max 861794 (6310) steps (0.0018 hrs) -nan:-nan 8651 (15) sec
[382] Ep10000: Max 861794 (1880) steps (0.0005 hrs) -nan:-nan 8663 (12) sec
[383] Ep10000: Max 861794 (2734) steps (0.0008 hrs) -nan:-nan 8691 (28) sec
[384] Ep10000: Max 861794 (2027) steps (0.0006 hrs) -nan:-nan 8717 (26) sec
[385] Ep10000: Max 861794 (2107) steps (0.0006 hrs) -nan:-nan 8743 (26) sec
[386] Ep10000: Max 861794 (2853) steps (0.0008 hrs) -nan:-nan 8770 (27) sec
[387] Ep10000: Max 861794 (1706) steps (0.0005 hrs) -nan:-nan 8791 (21) sec
[388] Ep10000: Max 861794 (5179) steps (0.0014 hrs) -nan:-nan 8807 (16) sec
[389] Ep10000: Max 861794 (1553) steps (0.0004 hrs) -nan:-nan 8820 (13) sec
[390] Ep10000: Max 861794 (1734) steps (0.0005 hrs) -nan:-nan 8840 (20) sec
[391] Ep10000: Max 861794 (1786) steps (0.0005 hrs) -nan:-nan 8852 (11) sec
[392] Ep10000: Max 861794 (2174) steps (0.0006 hrs) -nan:-nan 8879 (27) sec
[393] Ep10000: Max 861794 (2319) steps (0.0006 hrs) -nan:-nan 8907 (28) sec
[394] Ep10000: Max 861794 (2365) steps (0.0007 hrs) -nan:-nan 8931 (24) sec
[395] Ep10000: Max 861794 (2132) steps (0.0006 hrs) -nan:-nan 8958 (27) sec
[396] Ep10000: Max 861794 (1870) steps (0.0005 hrs) -nan:-nan 8975 (17) sec
[397] Ep10000: Max 861794 (2105) steps (0.0006 hrs) -nan:-nan 9002 (27) sec
[398] Ep10000: Max 861794 (2295) steps (0.0006 hrs) -nan:-nan 9027 (25) sec
[399] Ep10000: Max 861794 (1684) steps (0.0005 hrs) -nan:-nan 9045 (18) sec
[400] Ep10000: Max 861794 (2477) steps (0.0007 hrs) -nan:-nan 9072 (27) sec
[401] Ep10000: Max 861794 (2466) steps (0.0007 hrs) -nan:-nan 9084 (12) sec
[402] Ep10000: Max 861794 (2114) steps (0.0006 hrs) -nan:-nan 9110 (26) sec
[403] Ep10000: Max 861794 (2892) steps (0.0008 hrs) -nan:-nan 9124 (14) sec
[404] Ep10000: Max 861794 (2336) steps (0.0006 hrs) -nan:-nan 9155 (31) sec
[405] Ep10000: Max 861794 (2034) steps (0.0006 hrs) -nan:-nan 9169 (14) sec
[406] Ep10000: Max 861794 (10443) steps (0.0029 hrs) -nan:-nan 9209 (40) sec
[407] Ep10000: Max 861794 (2145) steps (0.0006 hrs) -nan:-nan 9234 (25) sec
[408] Ep10000: Max 861794 (1875) steps (0.0005 hrs) -nan:-nan 9244 (10) sec
[409] Ep10000: Max 861794 (2075) steps (0.0006 hrs) -nan:-nan 9278 (34) sec
[410] Ep10000: Max 861794 (2397) steps (0.0007 hrs) -nan:-nan 9303 (25) sec
[411] Ep10000: Max 861794 (1850) steps (0.0005 hrs) -nan:-nan 9316 (13) sec
[412] Ep10000: Max 861794 (2305) steps (0.0006 hrs) -nan:-nan 9341 (25) sec
[413] Ep10000: Max 861794 (2675) steps (0.0007 hrs) -nan:-nan 9367 (26) sec
[414] Ep10000: Max 861794 (2369) steps (0.0007 hrs) -nan:-nan 9377 (10) sec
[415] Ep10000: Max 861794 (1739) steps (0.0005 hrs) -nan:-nan 9399 (22) sec
[416] Ep10000: Max 861794 (2246) steps (0.0006 hrs) -nan:-nan 9419 (20) sec
[417] Ep10000: Max 861794 (255203) steps (0.0709 hrs) -nan:-nan 9476 (57) sec
[418] Ep10000: Max 861794 (2008) steps (0.0006 hrs) -nan:-nan 9490 (14) sec
[419] Ep10000: Max 861794 (2075) steps (0.0006 hrs) -nan:-nan 9521 (31) sec
[420] Ep10000: Max 861794 (1793) steps (0.0005 hrs) -nan:-nan 9556 (35) sec
[421] Ep10000: Max 861794 (2464) steps (0.0007 hrs) -nan:-nan 9621 (65) sec
[422] Ep10000: Max 861794 (1822) steps (0.0005 hrs) -nan:-nan 9686 (65) sec
[423] Ep10000: Max 861794 (1990) steps (0.0006 hrs) -nan:-nan 9791 (105) sec
[424] Ep10000: Max 861794 (2339) steps (0.0006 hrs) -nan:-nan 9879 (88) sec
[425] Ep10000: Max 861794 (2562) steps (0.0007 hrs) -nan:-nan 9946 (67) sec
[426] Ep10000: Max 861794 (1765) steps (0.0005 hrs) -nan:-nan 10000 (54) sec
[427] Ep10000: Max 861794 (5839) steps (0.0016 hrs) -nan:-nan 10031 (31) sec
[428] Ep10000: Max 861794 (2327) steps (0.0006 hrs) -nan:-nan 10103 (72) sec
[429] Ep10000: Max 861794 (3400) steps (0.0009 hrs) -nan:-nan 10138 (35) sec
[430] Ep10000: Max 861794 (2082) steps (0.0006 hrs) -nan:-nan 10207 (69) sec
[431] Ep10000: Max 861794 (2540) steps (0.0007 hrs) -nan:-nan 10248 (41) sec
[432] Ep10000: Max 861794 (12419) steps (0.0034 hrs) -nan:-nan 10263 (15) sec
[433] Ep10000: Max 861794 (1114) steps (0.0003 hrs) -nan:-nan 10273 (10) sec
[434] Ep10000: Max 861794 (2168) steps (0.0006 hrs) -nan:-nan 10296 (23) sec
[435] Ep10000: Max 861794 (2389) steps (0.0007 hrs) -nan:-nan 10315 (19) sec
[436] Ep10000: Max 861794 (1782) steps (0.0005 hrs) -nan:-nan 10342 (27) sec
[437] Ep10000: Max 861794 (3083) steps (0.0009 hrs) -nan:-nan 10352 (10) sec
[438] Ep10000: Max 861794 (1985) steps (0.0006 hrs) -nan:-nan 10377 (25) sec
[439] Ep10000: Max 861794 (7379) steps (0.0020 hrs) -nan:-nan 10397 (20) sec
[440] Ep10000: Max 861794 (2629) steps (0.0007 hrs) -nan:-nan 10423 (26) sec
[441] Ep10000: Max 861794 (2345) steps (0.0007 hrs) -nan:-nan 10453 (30) sec
[442] Ep10000: Max 861794 (2054) steps (0.0006 hrs) -nan:-nan 10486 (33) sec
[443] Ep10000: Max 861794 (2968) steps (0.0008 hrs) -nan:-nan 10519 (33) sec
[444] Ep10000: Max 861794 (2198) steps (0.0006 hrs) -nan:-nan 10546 (27) sec
[445] Ep10000: Max 861794 (339102) steps (0.0942 hrs) -nan:-nan 10614 (68) sec
[446] Ep10000: Max 861794 (1421) steps (0.0004 hrs) -nan:-nan 10635 (21) sec
[447] Ep10000: Max 861794 (2306) steps (0.0006 hrs) -nan:-nan 10683 (48) sec
[448] Ep10000: Max 861794 (2019) steps (0.0006 hrs) -nan:-nan 10755 (72) sec
[449] Ep10000: Max 861794 (2683) steps (0.0007 hrs) -nan:-nan 10841 (86) sec
[450] Ep10000: Max 861794 (2667) steps (0.0007 hrs) -nan:-nan 10869 (28) sec
[451] Ep10000: Max 861794 (2484) steps (0.0007 hrs) -nan:-nan 10897 (28) sec
[452] Ep10000: Max 861794 (2109) steps (0.0006 hrs) -nan:-nan 10913 (16) sec
[453] Ep10000: Max 861794 (1782) steps (0.0005 hrs) -nan:-nan 10924 (11) sec
[454] Ep10000: Max 861794 (2709) steps (0.0008 hrs) -nan:-nan 10950 (26) sec
[455] Ep10000: Max 861794 (1928) steps (0.0005 hrs) -nan:-nan 10973 (23) sec
[456] Ep10000: Max 861794 (1956) steps (0.0005 hrs) -nan:-nan 11000 (27) sec
[457] Ep10000: Max 861794 (2038) steps (0.0006 hrs) -nan:-nan 11027 (27) sec
[458] Ep10000: Max 861794 (1336) steps (0.0004 hrs) -nan:-nan 11038 (11) sec
[459] Ep10000: Max 861794 (1269) steps (0.0004 hrs) -nan:-nan 11048 (10) sec
[460] Ep10000: Max 861794 (1738) steps (0.0005 hrs) -nan:-nan 11058 (10) sec
[461] Ep10000: Max 861794 (1940) steps (0.0005 hrs) -nan:-nan 11081 (23) sec
[462] Ep10000: Max 861794 (1948) steps (0.0005 hrs) -nan:-nan 11091 (10) sec
[463] Ep10000: Max 861794 (2565) steps (0.0007 hrs) -nan:-nan 11118 (27) sec
[464] Ep10000: Max 861794 (1655) steps (0.0005 hrs) -nan:-nan 11131 (13) sec
[465] Ep10000: Max 861794 (2466) steps (0.0007 hrs) -nan:-nan 11158 (27) sec
[466] Ep10000: Max 861794 (2173) steps (0.0006 hrs) -nan:-nan 11169 (11) sec
[467] Ep10000: Max 861794 (2801) steps (0.0008 hrs) -nan:-nan 11183 (14) sec
[468] Ep10000: Max 861794 (2967) steps (0.0008 hrs) -nan:-nan 11201 (18) sec
[469] Ep10000: Max 861794 (1731) steps (0.0005 hrs) -nan:-nan 11224 (23) sec
[470] Ep10000: Max 861794 (2159) steps (0.0006 hrs) -nan:-nan 11247 (23) sec
[471] Ep10000: Max 861794 (1886) steps (0.0005 hrs) -nan:-nan 11259 (12) sec
[472] Ep10000: Max 861794 (2027) steps (0.0006 hrs) -nan:-nan 11285 (26) sec
[473] Ep10000: Max 861794 (2693) steps (0.0007 hrs) -nan:-nan 11310 (25) sec
[474] Ep10000: Max 861794 (1565) steps (0.0004 hrs) -nan:-nan 11322 (12) sec
[475] Ep10000: Max 861794 (2092) steps (0.0006 hrs) -nan:-nan 11348 (26) sec
[476] Ep10000: Max 861794 (2176) steps (0.0006 hrs) -nan:-nan 11375 (27) sec
[477] Ep10000: Max 861794 (1819) steps (0.0005 hrs) -nan:-nan 11395 (20) sec
[478] Ep10000: Max 861794 (2444) steps (0.0007 hrs) -nan:-nan 11417 (22) sec
[479] Ep10000: Max 861794 (2080) steps (0.0006 hrs) -nan:-nan 11444 (27) sec
[480] Ep10000: Max 861794 (2432) steps (0.0007 hrs) -nan:-nan 11470 (26) sec
[481] Ep10000: Max 861794 (2251) steps (0.0006 hrs) -nan:-nan 11496 (26) sec
[482] Ep10000: Max 861794 (2055) steps (0.0006 hrs) -nan:-nan 11522 (26) sec
[483] Ep10000: Max 861794 (2230) steps (0.0006 hrs) -nan:-nan 11549 (27) sec
[484] Ep10000: Max 861794 (1526) steps (0.0004 hrs) -nan:-nan 11560 (11) sec
[485] Ep10000: Max 861794 (2084) steps (0.0006 hrs) -nan:-nan 11586 (26) sec
[486] Ep10000: Max 861794 (1915) steps (0.0005 hrs) -nan:-nan 11609 (23) sec
[487] Ep10000: Max 861794 (2298) steps (0.0006 hrs) -nan:-nan 11640 (31) sec
[488] Ep10000: Max 861794 (1967) steps (0.0005 hrs) -nan:-nan 11662 (22) sec
[489] Ep10000: Max 861794 (1711) steps (0.0005 hrs) -nan:-nan 11674 (12) sec
[490] Ep10000: Max 861794 (1740) steps (0.0005 hrs) -nan:-nan 11685 (11) sec
[491] Ep10000: Max 861794 (2953) steps (0.0008 hrs) -nan:-nan 11711 (26) sec
[492] Ep10000: Max 861794 (1964) steps (0.0005 hrs) -nan:-nan 11733 (22) sec
[493] Ep10000: Max 861794 (2454) steps (0.0007 hrs) -nan:-nan 11759 (26) sec
[494] Ep10000: Max 861794 (2544) steps (0.0007 hrs) -nan:-nan 11774 (15) sec
[495] Ep10000: Max 861794 (2042) steps (0.0006 hrs) -nan:-nan 11786 (12) sec
[496] Ep10000: Max 861794 (2083) steps (0.0006 hrs) -nan:-nan 11813 (27) sec
[497] Ep10000: Max 861794 (2384) steps (0.0007 hrs) -nan:-nan 11840 (27) sec
[498] Ep10000: Max 861794 (2346) steps (0.0007 hrs) -nan:-nan 11853 (13) sec
[499] Ep10000: Max 861794 (1550) steps (0.0004 hrs) -nan:-nan 11863 (10) sec
[500] Ep10000: Max 861794 (2357) steps (0.0007 hrs) -nan:-nan 11884 (21) sec
[501] Ep10000: Max 861794 (8768) steps (0.0024 hrs) -nan:-nan 11918 (34) sec
[502] Ep10000: Max 861794 (1524) steps (0.0004 hrs) -nan:-nan 11929 (11) sec
[503] Ep10000: Max 861794 (2285) steps (0.0006 hrs) -nan:-nan 11956 (27) sec
[504] Ep10000: Max 861794 (1578) steps (0.0004 hrs) -nan:-nan 11968 (12) sec
[505] Ep10000: Max 861794 (2505) steps (0.0007 hrs) -nan:-nan 11983 (15) sec
[506] Ep10000: Max 861794 (2261) steps (0.0006 hrs) -nan:-nan 12008 (25) sec
[507] Ep10000: Max 861794 (2045) steps (0.0006 hrs) -nan:-nan 12024 (16) sec
[508] Ep10000: Max 861794 (1916) steps (0.0005 hrs) -nan:-nan 12052 (28) sec
[509] Ep10000: Max 861794 (2175) steps (0.0006 hrs) -nan:-nan 12079 (27) sec
[510] Ep10000: Max 861794 (1988) steps (0.0006 hrs) -nan:-nan 12100 (21) sec
[511] Ep10000: Max 861794 (2575) steps (0.0007 hrs) -nan:-nan 12128 (28) sec
[512] Ep10000: Max 861794 (1897) steps (0.0005 hrs) -nan:-nan 12149 (21) sec
[513] Ep10000: Max 861794 (1926) steps (0.0005 hrs) -nan:-nan 12175 (26) sec
[514] Ep10000: Max 861794 (1906) steps (0.0005 hrs) -nan:-nan 12203 (28) sec
[515] Ep10000: Max 861794 (2693) steps (0.0007 hrs) -nan:-nan 12232 (29) sec
[516] Ep10000: Max 861794 (2267) steps (0.0006 hrs) -nan:-nan 12260 (28) sec
[517] Ep10000: Max 861794 (1806) steps (0.0005 hrs) -nan:-nan 12281 (21) sec
[518] Ep10000: Max 861794 (2254) steps (0.0006 hrs) -nan:-nan 12309 (28) sec
[519] Ep10000: Max 861794 (2266) steps (0.0006 hrs) -nan:-nan 12337 (28) sec
[520] Ep10000: Max 861794 (1109) steps (0.0003 hrs) -nan:-nan 12347 (10) sec
[521] Ep10000: Max 861794 (1066) steps (0.0003 hrs) -nan:-nan 12357 (10) sec
[522] Ep10000: Max 861794 (1773) steps (0.0005 hrs) -nan:-nan 12371 (14) sec
[523] Ep10000: Max 861794 (1509) steps (0.0004 hrs) -nan:-nan 12385 (14) sec
[524] Ep10000: Max 861794 (2204) steps (0.0006 hrs) -nan:-nan 12399 (14) sec
[525] Ep10000: Max 861794 (1171) steps (0.0003 hrs) -nan:-nan 12410 (11) sec
[526] Ep10000: Max 861794 (2374) steps (0.0007 hrs) -nan:-nan 12438 (28) sec
[527] Ep10000: Max 861794 (2075) steps (0.0006 hrs) -nan:-nan 12459 (21) sec
[528] Ep10000: Max 861794 (2435) steps (0.0007 hrs) -nan:-nan 12488 (29) sec
[529] Ep10000: Max 861794 (2832) steps (0.0008 hrs) -nan:-nan 12517 (29) sec
[530] Ep10000: Max 861794 (2227) steps (0.0006 hrs) -nan:-nan 12543 (26) sec
[531] Ep10000: Max 861794 (2061) steps (0.0006 hrs) -nan:-nan 12571 (28) sec
[532] Ep10000: Max 861794 (2162) steps (0.0006 hrs) -nan:-nan 12592 (21) sec
[533] Ep10000: Max 861794 (2664) steps (0.0007 hrs) -nan:-nan 12620 (28) sec
[534] Ep10000: Max 861794 (2192) steps (0.0006 hrs) -nan:-nan 12648 (28) sec
[535] Ep10000: Max 861794 (2150) steps (0.0006 hrs) -nan:-nan 12677 (29) sec
[536] Ep10000: Max 861794 (2033) steps (0.0006 hrs) -nan:-nan 12690 (13) sec
[537] Ep10000: Max 861794 (4802) steps (0.0013 hrs) -nan:-nan 12712 (22) sec
[538] Ep10000: Max 861794 (1950) steps (0.0005 hrs) -nan:-nan 12724 (12) sec
[539] Ep10000: Max 861794 (1620) steps (0.0005 hrs) -nan:-nan 12749 (25) sec
[540] Ep10000: Max 861794 (1958) steps (0.0005 hrs) -nan:-nan 12777 (28) sec
[541] Ep10000: Max 861794 (1875) steps (0.0005 hrs) -nan:-nan 12790 (13) sec
[542] Ep10000: Max 861794 (2156) steps (0.0006 hrs) -nan:-nan 12805 (15) sec
[543] Ep10000: Max 861794 (1676) steps (0.0005 hrs) -nan:-nan 12825 (20) sec
[544] Ep10000: Max 861794 (2016) steps (0.0006 hrs) -nan:-nan 12848 (23) sec
[545] Ep10000: Max 861794 (2194) steps (0.0006 hrs) -nan:-nan 12876 (28) sec
[546] Ep10000: Max 861794 (1586) steps (0.0004 hrs) -nan:-nan 12887 (11) sec
[547] Ep10000: Max 861794 (2715) steps (0.0008 hrs) -nan:-nan 12913 (26) sec
[548] Ep10000: Max 861794 (1923) steps (0.0005 hrs) -nan:-nan 12934 (21) sec
[549] Ep10000: Max 861794 (2249) steps (0.0006 hrs) -nan:-nan 12962 (28) sec
[550] Ep10000: Max 861794 (2171) steps (0.0006 hrs) -nan:-nan 12988 (26) sec
[551] Ep10000: Max 861794 (1638) steps (0.0005 hrs) -nan:-nan 13000 (12) sec
[552] Ep10000: Max 861794 (2332) steps (0.0006 hrs) -nan:-nan 13028 (28) sec
[553] Ep10000: Max 861794 (1373) steps (0.0004 hrs) -nan:-nan 13039 (11) sec
[554] Ep10000: Max 861794 (2501) steps (0.0007 hrs) -nan:-nan 13063 (24) sec
[555] Ep10000: Max 861794 (2189) steps (0.0006 hrs) -nan:-nan 13091 (28) sec
[556] Ep10000: Max 861794 (2241) steps (0.0006 hrs) -nan:-nan 13119 (28) sec
[557] Ep10000: Max 861794 (5926) steps (0.0016 hrs) -nan:-nan 13154 (35) sec
[558] Ep10000: Max 861794 (2007) steps (0.0006 hrs) -nan:-nan 13181 (27) sec
[559] Ep10000: Max 861794 (2170) steps (0.0006 hrs) -nan:-nan 13207 (26) sec
[560] Ep10000: Max 861794 (2407) steps (0.0007 hrs) -nan:-nan 13234 (27) sec
[561] Ep10000: Max 861794 (2926) steps (0.0008 hrs) -nan:-nan 13260 (26) sec
[562] Ep10000: Max 861794 (4937) steps (0.0014 hrs) -nan:-nan 13282 (22) sec
[563] Ep10000: Max 861794 (2702) steps (0.0008 hrs) -nan:-nan 13309 (27) sec
[564] Ep10000: Max 861794 (2727) steps (0.0008 hrs) -nan:-nan 13337 (28) sec
[565] Ep10000: Max 861794 (1626) steps (0.0005 hrs) -nan:-nan 13347 (10) sec
[566] Ep10000: Max 861794 (1723) steps (0.0005 hrs) -nan:-nan 13371 (24) sec
[567] Ep10000: Max 861794 (1879) steps (0.0005 hrs) -nan:-nan 13384 (13) sec
[568] Ep10000: Max 861794 (2099) steps (0.0006 hrs) -nan:-nan 13432 (48) sec
[569] Ep10000: Max 861794 (1671) steps (0.0005 hrs) -nan:-nan 13452 (20) sec
[570] Ep10000: Max 861794 (1644) steps (0.0005 hrs) -nan:-nan 13465 (13) sec
[571] Ep10000: Max 861794 (2372) steps (0.0007 hrs) -nan:-nan 13492 (27) sec
[572] Ep10000: Max 861794 (2362) steps (0.0007 hrs) -nan:-nan 13520 (28) sec
[573] Ep10000: Max 861794 (1499) steps (0.0004 hrs) -nan:-nan 13530 (10) sec
[574] Ep10000: Max 861794 (2249) steps (0.0006 hrs) -nan:-nan 13559 (29) sec
[575] Ep10000: Max 861794 (2636) steps (0.0007 hrs) -nan:-nan 13588 (29) sec
[576] Ep10000: Max 861794 (2179) steps (0.0006 hrs) -nan:-nan 13615 (27) sec
[577] Ep10000: Max 861794 (2465) steps (0.0007 hrs) -nan:-nan 13628 (13) sec
[578] Ep10000: Max 861794 (1879) steps (0.0005 hrs) -nan:-nan 13652 (24) sec
[579] Ep10000: Max 861794 (2223) steps (0.0006 hrs) -nan:-nan 13687 (35) sec
[580] Ep10000: Max 861794 (3105) steps (0.0009 hrs) -nan:-nan 13721 (34) sec
[581] Ep10000: Max 861794 (2158) steps (0.0006 hrs) -nan:-nan 13750 (29) sec
[582] Ep10000: Max 861794 (1913) steps (0.0005 hrs) -nan:-nan 13780 (30) sec
[583] Ep10000: Max 861794 (1386) steps (0.0004 hrs) -nan:-nan 13791 (11) sec
[584] Ep10000: Max 861794 (1993) steps (0.0006 hrs) -nan:-nan 13819 (28) sec
[585] Ep10000: Max 861794 (2443) steps (0.0007 hrs) -nan:-nan 13845 (26) sec
[586] Ep10000: Max 861794 (2410) steps (0.0007 hrs) -nan:-nan 13867 (22) sec
[587] Ep10000: Max 861794 (2195) steps (0.0006 hrs) -nan:-nan 13899 (32) sec
[588] Ep10000: Max 861794 (2237) steps (0.0006 hrs) -nan:-nan 13932 (33) sec
[589] Ep10000: Max 861794 (1736) steps (0.0005 hrs) -nan:-nan 13946 (14) sec
[590] Ep10000: Max 861794 (1921) steps (0.0005 hrs) -nan:-nan 13981 (35) sec
[591] Ep10000: Max 861794 (2146) steps (0.0006 hrs) -nan:-nan 14014 (33) sec
[592] Ep10000: Max 861794 (2624) steps (0.0007 hrs) -nan:-nan 14048 (34) sec
[593] Ep10000: Max 861794 (1548) steps (0.0004 hrs) -nan:-nan 14073 (25) sec
[594] Ep10000: Max 861794 (5490) steps (0.0015 hrs) -nan:-nan 14101 (28) sec
[595] Ep10000: Max 861794 (2017) steps (0.0006 hrs) -nan:-nan 14137 (36) sec
[596] Ep10000: Max 861794 (22546) steps (0.0063 hrs) -nan:-nan 14182 (45) sec
[597] Ep10000: Max 861794 (2183) steps (0.0006 hrs) -nan:-nan 14216 (34) sec
[598] Ep10000: Max 861794 (2365) steps (0.0007 hrs) -nan:-nan 14249 (33) sec
[599] Ep10000: Max 861794 (2433) steps (0.0007 hrs) -nan:-nan 14281 (32) sec
[600] Ep10000: Max 861794 (2408) steps (0.0007 hrs) -nan:-nan 14314 (33) sec
[601] Ep10000: Max 861794 (2397) steps (0.0007 hrs) -nan:-nan 14348 (34) sec
[602] Ep10000: Max 861794 (2194) steps (0.0006 hrs) -nan:-nan 14384 (36) sec
[603] Ep10000: Max 861794 (2219) steps (0.0006 hrs) -nan:-nan 14410 (26) sec
[604] Ep10000: Max 861794 (2187) steps (0.0006 hrs) -nan:-nan 14435 (25) sec
[605] Ep10000: Max 861794 (2098) steps (0.0006 hrs) -nan:-nan 14452 (17) sec
[606] Ep10000: Max 861794 (2059) steps (0.0006 hrs) -nan:-nan 14463 (11) sec
[607] Ep10000: Max 861794 (1814) steps (0.0005 hrs) -nan:-nan 14485 (22) sec
[608] Ep10000: Max 861794 (2477) steps (0.0007 hrs) -nan:-nan 14498 (13) sec
[609] Ep10000: Max 861794 (2463) steps (0.0007 hrs) -nan:-nan 14523 (25) sec
[610] Ep10000: Max 861794 (2472) steps (0.0007 hrs) -nan:-nan 14548 (25) sec
[611] Ep10000: Max 861794 (1743) steps (0.0005 hrs) -nan:-nan 14569 (21) sec
[612] Ep10000: Max 861794 (2238) steps (0.0006 hrs) -nan:-nan 14593 (24) sec
[613] Ep10000: Max 861794 (5160) steps (0.0014 hrs) -nan:-nan 14622 (29) sec
[614] Ep10000: Max 861794 (2195) steps (0.0006 hrs) -nan:-nan 14632 (10) sec
[615] Ep10000: Max 861794 (1557) steps (0.0004 hrs) -nan:-nan 14645 (13) sec
[616] Ep10000: Max 861794 (2654) steps (0.0007 hrs) -nan:-nan 14669 (24) sec
[617] Ep10000: Max 861794 (2775) steps (0.0008 hrs) -nan:-nan 14694 (25) sec
[618] Ep10000: Max 861794 (1802) steps (0.0005 hrs) -nan:-nan 14711 (17) sec
[619] Ep10000: Max 861794 (1957) steps (0.0005 hrs) -nan:-nan 14732 (21) sec
[620] Ep10000: Max 861794 (1815) steps (0.0005 hrs) -nan:-nan 14742 (10) sec
[621] Ep10000: Max 861794 (2059) steps (0.0006 hrs) -nan:-nan 14756 (14) sec
[622] Ep10000: Max 861794 (2271) steps (0.0006 hrs) -nan:-nan 14776 (20) sec
[623] Ep10000: Max 861794 (1938) steps (0.0005 hrs) -nan:-nan 14801 (25) sec
[624] Ep10000: Max 861794 (2262) steps (0.0006 hrs) -nan:-nan 14830 (29) sec
[625] Ep10000: Max 861794 (2400) steps (0.0007 hrs) -nan:-nan 14859 (29) sec
[626] Ep10000: Max 861794 (2144) steps (0.0006 hrs) -nan:-nan 14888 (29) sec
[627] Ep10000: Max 861794 (2159) steps (0.0006 hrs) -nan:-nan 14909 (21) sec
[628] Ep10000: Max 861794 (2253) steps (0.0006 hrs) -nan:-nan 14939 (30) sec
[629] Ep10000: Max 861794 (2287) steps (0.0006 hrs) -nan:-nan 14969 (30) sec
[630] Ep10000: Max 861794 (1958) steps (0.0005 hrs) -nan:-nan 15000 (31) sec
[631] Ep10000: Max 861794 (1752) steps (0.0005 hrs) -nan:-nan 15013 (13) sec
[632] Ep10000: Max 861794 (1927) steps (0.0005 hrs) -nan:-nan 15035 (22) sec
[633] Ep10000: Max 861794 (1786) steps (0.0005 hrs) -nan:-nan 15062 (27) sec
[634] Ep10000: Max 861794 (2117) steps (0.0006 hrs) -nan:-nan 15085 (23) sec
[635] Ep10000: Max 861794 (2363) steps (0.0007 hrs) -nan:-nan 15109 (24) sec
[636] Ep10000: Max 861794 (2533) steps (0.0007 hrs) -nan:-nan 15144 (35) sec
[637] Ep10000: Max 861794 (2742) steps (0.0008 hrs) -nan:-nan 15179 (35) sec
[638] Ep10000: Max 861794 (3570) steps (0.0010 hrs) -nan:-nan 15214 (35) sec
[639] Ep10000: Max 861794 (1540) steps (0.0004 hrs) -nan:-nan 15231 (17) sec
[640] Ep10000: Max 861794 (1897) steps (0.0005 hrs) -nan:-nan 15259 (28) sec
[641] Ep10000: Max 861794 (2024) steps (0.0006 hrs) -nan:-nan 15295 (36) sec
[642] Ep10000: Max 861794 (3146) steps (0.0009 hrs) -nan:-nan 15330 (35) sec
[643] Ep10000: Max 861794 (1363) steps (0.0004 hrs) -nan:-nan 15343 (13) sec
[644] Ep10000: Max 861794 (1927) steps (0.0005 hrs) -nan:-nan 15371 (28) sec
[645] Ep10000: Max 861794 (2116) steps (0.0006 hrs) -nan:-nan 15406 (35) sec
[646] Ep10000: Max 861794 (2719) steps (0.0008 hrs) -nan:-nan 15440 (34) sec
[647] Ep10000: Max 861794 (2870) steps (0.0008 hrs) -nan:-nan 15466 (26) sec
[648] Ep10000: Max 861794 (2218) steps (0.0006 hrs) -nan:-nan 15482 (16) sec
[649] Ep10000: Max 861794 (2363) steps (0.0007 hrs) -nan:-nan 15509 (27) sec
[650] Ep10000: Max 861794 (1959) steps (0.0005 hrs) -nan:-nan 15521 (12) sec
[651] Ep10000: Max 861794 (2071) steps (0.0006 hrs) -nan:-nan 15545 (24) sec
[652] Ep10000: Max 861794 (2317) steps (0.0006 hrs) -nan:-nan 15576 (31) sec
[653] Ep10000: Max 861794 (2301) steps (0.0006 hrs) -nan:-nan 15603 (27) sec
[654] Ep10000: Max 861794 (2355) steps (0.0007 hrs) -nan:-nan 15631 (28) sec
[655] Ep10000: Max 861794 (2158) steps (0.0006 hrs) -nan:-nan 15655 (24) sec
[656] Ep10000: Max 861794 (1480) steps (0.0004 hrs) -nan:-nan 15667 (12) sec
[657] Ep10000: Max 861794 (3536) steps (0.0010 hrs) -nan:-nan 15694 (27) sec
[658] Ep10000: Max 861794 (2151) steps (0.0006 hrs) -nan:-nan 15724 (30) sec
[659] Ep10000: Max 861794 (2127) steps (0.0006 hrs) -nan:-nan 15756 (32) sec
[660] Ep10000: Max 861794 (2327) steps (0.0006 hrs) -nan:-nan 15786 (30) sec
[661] Ep10000: Max 861794 (2500) steps (0.0007 hrs) -nan:-nan 15809 (23) sec
[662] Ep10000: Max 861794 (2203) steps (0.0006 hrs) -nan:-nan 15839 (30) sec
[663] Ep10000: Max 861794 (2555) steps (0.0007 hrs) -nan:-nan 15858 (19) sec
[664] Ep10000: Max 861794 (1673) steps (0.0005 hrs) -nan:-nan 15879 (21) sec
[665] Ep10000: Max 861794 (1836) steps (0.0005 hrs) -nan:-nan 15890 (11) sec
[666] Ep10000: Max 861794 (2247) steps (0.0006 hrs) -nan:-nan 15919 (29) sec
[667] Ep10000: Max 861794 (2487) steps (0.0007 hrs) -nan:-nan 15938 (19) sec
[668] Ep10000: Max 861794 (2271) steps (0.0006 hrs) -nan:-nan 15972 (34) sec
[669] Ep10000: Max 861794 (2296) steps (0.0006 hrs) -nan:-nan 15998 (26) sec
[670] Ep10000: Max 861794 (2203) steps (0.0006 hrs) -nan:-nan 16028 (30) sec
[671] Ep10000: Max 861794 (2308) steps (0.0006 hrs) -nan:-nan 16041 (13) sec
[672] Ep10000: Max 861794 (2721) steps (0.0008 hrs) -nan:-nan 16068 (27) sec
[673] Ep10000: Max 861794 (2851) steps (0.0008 hrs) -nan:-nan 16087 (19) sec
[674] Ep10000: Max 861794 (2455) steps (0.0007 hrs) -nan:-nan 16121 (34) sec
[675] Ep10000: Max 861794 (2002) steps (0.0006 hrs) -nan:-nan 16154 (33) sec
[676] Ep10000: Max 861794 (2197) steps (0.0006 hrs) -nan:-nan 16187 (33) sec
[677] Ep10000: Max 861794 (2023) steps (0.0006 hrs) -nan:-nan 16217 (30) sec
[678] Ep10000: Max 861794 (1631) steps (0.0005 hrs) -nan:-nan 16231 (14) sec
[679] Ep10000: Max 861794 (2444) steps (0.0007 hrs) -nan:-nan 16258 (27) sec
[680] Ep10000: Max 861794 (2069) steps (0.0006 hrs) -nan:-nan 16290 (32) sec
[681] Ep10000: Max 861794 (2329) steps (0.0006 hrs) -nan:-nan 16319 (29) sec
[682] Ep10000: Max 861794 (16446) steps (0.0046 hrs) -nan:-nan 16362 (43) sec
[683] Ep10000: Max 861794 (2282) steps (0.0006 hrs) -nan:-nan 16396 (34) sec
[684] Ep10000: Max 861794 (2710) steps (0.0008 hrs) -nan:-nan 16421 (25) sec
[685] Ep10000: Max 861794 (1944) steps (0.0005 hrs) -nan:-nan 16451 (30) sec
[686] Ep10000: Max 861794 (1963) steps (0.0005 hrs) -nan:-nan 16473 (22) sec
[687] Ep10000: Max 861794 (2270) steps (0.0006 hrs) -nan:-nan 16498 (25) sec
[688] Ep10000: Max 861794 (1759) steps (0.0005 hrs) -nan:-nan 16510 (12) sec
[689] Ep10000: Max 861794 (2894) steps (0.0008 hrs) -nan:-nan 16521 (11) sec
[690] Ep10000: Max 861794 (1973) steps (0.0005 hrs) -nan:-nan 16540 (19) sec
[691] Ep10000: Max 861794 (2013) steps (0.0006 hrs) -nan:-nan 16569 (29) sec
[692] Ep10000: Max 861794 (1769) steps (0.0005 hrs) -nan:-nan 16582 (13) sec
[693] Ep10000: Max 861794 (2287) steps (0.0006 hrs) -nan:-nan 16613 (31) sec
[694] Ep10000: Max 861794 (1939) steps (0.0005 hrs) -nan:-nan 16647 (34) sec
[695] Ep10000: Max 861794 (1895) steps (0.0005 hrs) -nan:-nan 16681 (34) sec
[696] Ep10000: Max 861794 (1660) steps (0.0005 hrs) -nan:-nan 16694 (13) sec
[697] Ep10000: Max 861794 (1827) steps (0.0005 hrs) -nan:-nan 16727 (33) sec
[698] Ep10000: Max 861794 (1869) steps (0.0005 hrs) -nan:-nan 16754 (27) sec
[699] Ep10000: Max 861794 (1962) steps (0.0005 hrs) -nan:-nan 16780 (26) sec
[700] Ep10000: Max 861794 (2248) steps (0.0006 hrs) -nan:-nan 16802 (22) sec
[701] Ep10000: Max 861794 (1907) steps (0.0005 hrs) -nan:-nan 16823 (21) sec
[702] Ep10000: Max 861794 (2349) steps (0.0007 hrs) -nan:-nan 16848 (25) sec
[703] Ep10000: Max 861794 (2344) steps (0.0007 hrs) -nan:-nan 16872 (24) sec
[704] Ep10000: Max 861794 (2226) steps (0.0006 hrs) -nan:-nan 16901 (29) sec
[705] Ep10000: Max 861794 (3588) steps (0.0010 hrs) -nan:-nan 16918 (17) sec
[706] Ep10000: Max 861794 (1833) steps (0.0005 hrs) -nan:-nan 16944 (26) sec
[707] Ep10000: Max 861794 (2606) steps (0.0007 hrs) -nan:-nan 16972 (28) sec
[708] Ep10000: Max 861794 (1912) steps (0.0005 hrs) -nan:-nan 16999 (27) sec
[709] Ep10000: Max 861794 (2247) steps (0.0006 hrs) -nan:-nan 17011 (12) sec
[710] Ep10000: Max 861794 (2819) steps (0.0008 hrs) -nan:-nan 17035 (24) sec
[711] Ep10000: Max 861794 (1175) steps (0.0003 hrs) -nan:-nan 17045 (10) sec
[712] Ep10000: Max 861794 (2519) steps (0.0007 hrs) -nan:-nan 17074 (29) sec
[713] Ep10000: Max 861794 (1789) steps (0.0005 hrs) -nan:-nan 17085 (11) sec
[714] Ep10000: Max 861794 (2977) steps (0.0008 hrs) -nan:-nan 17098 (13) sec
[715] Ep10000: Max 861794 (2003) steps (0.0006 hrs) -nan:-nan 17124 (26) sec
[716] Ep10000: Max 861794 (2558) steps (0.0007 hrs) -nan:-nan 17151 (27) sec
[717] Ep10000: Max 861794 (2652) steps (0.0007 hrs) -nan:-nan 17177 (26) sec
[718] Ep10000: Max 861794 (1952) steps (0.0005 hrs) -nan:-nan 17199 (22) sec
[719] Ep10000: Max 861794 (3025) steps (0.0008 hrs) -nan:-nan 17222 (23) sec
[720] Ep10000: Max 861794 (2922) steps (0.0008 hrs) -nan:-nan 17251 (29) sec
[721] Ep10000: Max 861794 (2764) steps (0.0008 hrs) -nan:-nan 17277 (26) sec
[722] Ep10000: Max 861794 (2180) steps (0.0006 hrs) -nan:-nan 17302 (25) sec
[723] Ep10000: Max 861794 (1620) steps (0.0005 hrs) -nan:-nan 17317 (15) sec
[724] Ep10000: Max 861794 (2141) steps (0.0006 hrs) -nan:-nan 17342 (25) sec
[725] Ep10000: Max 861794 (1973) steps (0.0005 hrs) -nan:-nan 17354 (12) sec
[726] Ep10000: Max 861794 (2242) steps (0.0006 hrs) -nan:-nan 17379 (25) sec
[727] Ep10000: Max 861794 (2386) steps (0.0007 hrs) -nan:-nan 17392 (13) sec
[728] Ep10000: Max 861794 (2407) steps (0.0007 hrs) -nan:-nan 17419 (27) sec
[729] Ep10000: Max 861794 (2273) steps (0.0006 hrs) -nan:-nan 17435 (16) sec
[730] Ep10000: Max 861794 (2332) steps (0.0006 hrs) -nan:-nan 17458 (23) sec
[731] Ep10000: Max 861794 (2194) steps (0.0006 hrs) -nan:-nan 17470 (12) sec
[732] Ep10000: Max 861794 (1467) steps (0.0004 hrs) -nan:-nan 17481 (11) sec
[733] Ep10000: Max 861794 (822) steps (0.0002 hrs) -nan:-nan 17490 (9) sec
[734] Ep10000: Max 861794 (1737) steps (0.0005 hrs) -nan:-nan 17513 (23) sec
[735] Ep10000: Max 861794 (1979) steps (0.0005 hrs) -nan:-nan 17534 (21) sec
[736] Ep10000: Max 861794 (5244) steps (0.0015 hrs) -nan:-nan 17548 (14) sec
[737] Ep10000: Max 861794 (1296) steps (0.0004 hrs) -nan:-nan 17558 (10) sec
[738] Ep10000: Max 861794 (2369) steps (0.0007 hrs) -nan:-nan 17583 (25) sec
[739] Ep10000: Max 861794 (1936) steps (0.0005 hrs) -nan:-nan 17599 (16) sec
[740] Ep10000: Max 861794 (1741) steps (0.0005 hrs) -nan:-nan 17611 (12) sec
[741] Ep10000: Max 861794 (1781) steps (0.0005 hrs) -nan:-nan 17631 (20) sec
[742] Ep10000: Max 861794 (2419) steps (0.0007 hrs) -nan:-nan 17653 (22) sec
[743] Ep10000: Max 861794 (2278) steps (0.0006 hrs) -nan:-nan 17679 (26) sec
[744] Ep10000: Max 861794 (2139) steps (0.0006 hrs) -nan:-nan 17708 (29) sec
[745] Ep10000: Max 861794 (2326) steps (0.0006 hrs) -nan:-nan 17735 (27) sec
[746] Ep10000: Max 861794 (2562) steps (0.0007 hrs) -nan:-nan 17759 (24) sec
[747] Ep10000: Max 861794 (1817) steps (0.0005 hrs) -nan:-nan 17779 (20) sec
[748] Ep10000: Max 861794 (2325) steps (0.0006 hrs) -nan:-nan 17807 (28) sec
[749] Ep10000: Max 861794 (2515) steps (0.0007 hrs) -nan:-nan 17832 (25) sec
[750] Ep10000: Max 861794 (2390) steps (0.0007 hrs) -nan:-nan 17857 (25) sec
[751] Ep10000: Max 861794 (2031) steps (0.0006 hrs) -nan:-nan 17869 (12) sec
[752] Ep10000: Max 861794 (2478) steps (0.0007 hrs) -nan:-nan 17892 (23) sec
[753] Ep10000: Max 861794 (2316) steps (0.0006 hrs) -nan:-nan 17918 (26) sec
[754] Ep10000: Max 861794 (1434) steps (0.0004 hrs) -nan:-nan 17928 (10) sec
[755] Ep10000: Max 861794 (2253) steps (0.0006 hrs) -nan:-nan 17956 (28) sec
[756] Ep10000: Max 861794 (2291) steps (0.0006 hrs) -nan:-nan 17985 (29) sec
[757] Ep10000: Max 861794 (1699) steps (0.0005 hrs) -nan:-nan 18007 (22) sec
[758] Ep10000: Max 861794 (1902) steps (0.0005 hrs) -nan:-nan 18017 (10) sec
[759] Ep10000: Max 861794 (2286) steps (0.0006 hrs) -nan:-nan 18042 (25) sec
[760] Ep10000: Max 861794 (1950) steps (0.0005 hrs) -nan:-nan 18066 (24) sec
[761] Ep10000: Max 861794 (2100) steps (0.0006 hrs) -nan:-nan 18092 (26) sec
[762] Ep10000: Max 861794 (2293) steps (0.0006 hrs) -nan:-nan 18118 (26) sec
[763] Ep10000: Max 861794 (2235) steps (0.0006 hrs) -nan:-nan 18148 (30) sec
[764] Ep10000: Max 861794 (2388) steps (0.0007 hrs) -nan:-nan 18174 (26) sec
[765] Ep10000: Max 861794 (1883) steps (0.0005 hrs) -nan:-nan 18185 (11) sec
[766] Ep10000: Max 861794 (2395) steps (0.0007 hrs) -nan:-nan 18210 (25) sec
[767] Ep10000: Max 861794 (2009) steps (0.0006 hrs) -nan:-nan 18238 (28) sec
[768] Ep10000: Max 861794 (2125) steps (0.0006 hrs) -nan:-nan 18250 (12) sec
[769] Ep10000: Max 861794 (2423) steps (0.0007 hrs) -nan:-nan 18276 (26) sec
[770] Ep10000: Max 861794 (2373) steps (0.0007 hrs) -nan:-nan 18300 (24) sec
[771] Ep10000: Max 861794 (2063) steps (0.0006 hrs) -nan:-nan 18315 (15) sec
[772] Ep10000: Max 861794 (2567) steps (0.0007 hrs) -nan:-nan 18343 (28) sec
[773] Ep10000: Max 861794 (980) steps (0.0003 hrs) -nan:-nan 18353 (10) sec
[774] Ep10000: Max 861794 (1651) steps (0.0005 hrs) -nan:-nan 18365 (12) sec
[775] Ep10000: Max 861794 (2129) steps (0.0006 hrs) -nan:-nan 18391 (26) sec
[776] Ep10000: Max 861794 (2346) steps (0.0007 hrs) -nan:-nan 18418 (27) sec
[777] Ep10000: Max 861794 (1784) steps (0.0005 hrs) -nan:-nan 18432 (14) sec
[778] Ep10000: Max 861794 (1472) steps (0.0004 hrs) -nan:-nan 18443 (11) sec
[779] Ep10000: Max 861794 (2317) steps (0.0006 hrs) -nan:-nan 18469 (26) sec
[780] Ep10000: Max 861794 (1805) steps (0.0005 hrs) -nan:-nan 18481 (12) sec
[781] Ep10000: Max 861794 (1679) steps (0.0005 hrs) -nan:-nan 18493 (12) sec
[782] Ep10000: Max 861794 (1429) steps (0.0004 hrs) -nan:-nan 18504 (11) sec
[783] Ep10000: Max 861794 (1879) steps (0.0005 hrs) -nan:-nan 18528 (24) sec
[784] Ep10000: Max 861794 (1840) steps (0.0005 hrs) -nan:-nan 18548 (20) sec
[785] Ep10000: Max 861794 (2414) steps (0.0007 hrs) -nan:-nan 18573 (25) sec
[786] Ep10000: Max 861794 (2527) steps (0.0007 hrs) -nan:-nan 18600 (27) sec
[787] Ep10000: Max 861794 (2277) steps (0.0006 hrs) -nan:-nan 18627 (27) sec
[788] Ep10000: Max 861794 (2252) steps (0.0006 hrs) -nan:-nan 18652 (25) sec
[789] Ep10000: Max 861794 (2360) steps (0.0007 hrs) -nan:-nan 18680 (28) sec
[790] Ep10000: Max 861794 (2481) steps (0.0007 hrs) -nan:-nan 18708 (28) sec
[791] Ep10000: Max 861794 (1279) steps (0.0004 hrs) -nan:-nan 18717 (9) sec
[792] Ep10000: Max 861794 (1954) steps (0.0005 hrs) -nan:-nan 18741 (24) sec
[793] Ep10000: Max 861794 (2427) steps (0.0007 hrs) -nan:-nan 18767 (26) sec
[794] Ep10000: Max 861794 (2934) steps (0.0008 hrs) -nan:-nan 18793 (26) sec
[795] Ep10000: Max 861794 (2007) steps (0.0006 hrs) -nan:-nan 18819 (26) sec
[796] Ep10000: Max 861794 (2349) steps (0.0007 hrs) -nan:-nan 18844 (25) sec
[797] Ep10000: Max 861794 (1386) steps (0.0004 hrs) -nan:-nan 18856 (12) sec
[798] Ep10000: Max 861794 (2049) steps (0.0006 hrs) -nan:-nan 18883 (27) sec
[799] Ep10000: Max 861794 (1874) steps (0.0005 hrs) -nan:-nan 18909 (26) sec
[800] Ep10000: Max 861794 (1775) steps (0.0005 hrs) -nan:-nan 18921 (12) sec
[801] Ep10000: Max 861794 (2221) steps (0.0006 hrs) -nan:-nan 18948 (27) sec
[802] Ep10000: Max 861794 (2167) steps (0.0006 hrs) -nan:-nan 18976 (28) sec
[803] Ep10000: Max 861794 (3809) steps (0.0011 hrs) -nan:-nan 19005 (29) sec
[804] Ep10000: Max 861794 (2819) steps (0.0008 hrs) -nan:-nan 19033 (28) sec
[805] Ep10000: Max 861794 (1774) steps (0.0005 hrs) -nan:-nan 19048 (15) sec
[806] Ep10000: Max 861794 (2776) steps (0.0008 hrs) -nan:-nan 19072 (24) sec
[807] Ep10000: Max 861794 (21627) steps (0.0060 hrs) -nan:-nan 19102 (30) sec
[808] Ep10000: Max 861794 (1149) steps (0.0003 hrs) -nan:-nan 19112 (10) sec
[809] Ep10000: Max 861794 (1887) steps (0.0005 hrs) -nan:-nan 19141 (29) sec
[810] Ep10000: Max 861794 (2238) steps (0.0006 hrs) -nan:-nan 19167 (26) sec
[811] Ep10000: Max 861794 (2150) steps (0.0006 hrs) -nan:-nan 19177 (10) sec
[812] Ep10000: Max 861794 (1987) steps (0.0006 hrs) -nan:-nan 19203 (26) sec
[813] Ep10000: Max 861794 (1812) steps (0.0005 hrs) -nan:-nan 19218 (15) sec
[814] Ep10000: Max 861794 (1982) steps (0.0006 hrs) -nan:-nan 19246 (28) sec
[815] Ep10000: Max 861794 (1784) steps (0.0005 hrs) -nan:-nan 19258 (12) sec
[816] Ep10000: Max 861794 (1426) steps (0.0004 hrs) -nan:-nan 19269 (11) sec
[817] Ep10000: Max 861794 (2493) steps (0.0007 hrs) -nan:-nan 19290 (21) sec
[818] Ep10000: Max 861794 (2020) steps (0.0006 hrs) -nan:-nan 19307 (17) sec
[819] Ep10000: Max 861794 (2048) steps (0.0006 hrs) -nan:-nan 19331 (24) sec
[820] Ep10000: Max 861794 (2119) steps (0.0006 hrs) -nan:-nan 19356 (25) sec
[821] Ep10000: Max 861794 (1844) steps (0.0005 hrs) -nan:-nan 19374 (18) sec
[822] Ep10000: Max 861794 (2460) steps (0.0007 hrs) -nan:-nan 19387 (13) sec
[823] Ep10000: Max 861794 (23785) steps (0.0066 hrs) -nan:-nan 19409 (22) sec
[824] Ep10000: Max 861794 (2446) steps (0.0007 hrs) -nan:-nan 19435 (26) sec
[825] Ep10000: Max 861794 (2277) steps (0.0006 hrs) -nan:-nan 19458 (23) sec
[826] Ep10000: Max 861794 (1625) steps (0.0005 hrs) -nan:-nan 19472 (14) sec
[827] Ep10000: Max 861794 (2429) steps (0.0007 hrs) -nan:-nan 19500 (28) sec
[828] Ep10000: Max 861794 (1462) steps (0.0004 hrs) -nan:-nan 19510 (10) sec
[829] Ep10000: Max 861794 (2045) steps (0.0006 hrs) -nan:-nan 19521 (11) sec
[830] Ep10000: Max 861794 (1555) steps (0.0004 hrs) -nan:-nan 19532 (11) sec
[831] Ep10000: Max 861794 (2006) steps (0.0006 hrs) -nan:-nan 19558 (26) sec
[832] Ep10000: Max 861794 (2570) steps (0.0007 hrs) -nan:-nan 19586 (28) sec
[833] Ep10000: Max 861794 (1989) steps (0.0006 hrs) -nan:-nan 19612 (26) sec
[834] Ep10000: Max 861794 (2807) steps (0.0008 hrs) -nan:-nan 19635 (23) sec
[835] Ep10000: Max 861794 (2154) steps (0.0006 hrs) -nan:-nan 19662 (27) sec
[836] Ep10000: Max 861794 (2187) steps (0.0006 hrs) -nan:-nan 19686 (24) sec
[837] Ep10000: Max 861794 (1786) steps (0.0005 hrs) -nan:-nan 19708 (22) sec
[838] Ep10000: Max 861794 (2056) steps (0.0006 hrs) -nan:-nan 19733 (25) sec
[839] Ep10000: Max 861794 (1965) steps (0.0005 hrs) -nan:-nan 19761 (28) sec
[840] Ep10000: Max 861794 (2502) steps (0.0007 hrs) -nan:-nan 19781 (20) sec
[841] Ep10000: Max 861794 (1595) steps (0.0004 hrs) -nan:-nan 19792 (11) sec
[842] Ep10000: Max 861794 (1580) steps (0.0004 hrs) -nan:-nan 19803 (11) sec
[843] Ep10000: Max 861794 (2167) steps (0.0006 hrs) -nan:-nan 19829 (26) sec
[844] Ep10000: Max 861794 (2044) steps (0.0006 hrs) -nan:-nan 19858 (29) sec
[845] Ep10000: Max 861794 (1454) steps (0.0004 hrs) -nan:-nan 19868 (10) sec
[846] Ep10000: Max 861794 (1804) steps (0.0005 hrs) -nan:-nan 19893 (25) sec
[847] Ep10000: Max 861794 (2133) steps (0.0006 hrs) -nan:-nan 19903 (10) sec
[848] Ep10000: Max 861794 (2168) steps (0.0006 hrs) -nan:-nan 19924 (21) sec
[849] Ep10000: Max 861794 (2054) steps (0.0006 hrs) -nan:-nan 19943 (19) sec
[850] Ep10000: Max 861794 (2448) steps (0.0007 hrs) -nan:-nan 19972 (29) sec
[851] Ep10000: Max 861794 (2143) steps (0.0006 hrs) -nan:-nan 19997 (25) sec
[852] Ep10000: Max 861794 (1617) steps (0.0004 hrs) -nan:-nan 20007 (10) sec
[853] Ep10000: Max 861794 (4170) steps (0.0012 hrs) -nan:-nan 20029 (22) sec
[854] Ep10000: Max 861794 (2216) steps (0.0006 hrs) -nan:-nan 20051 (22) sec
[855] Ep10000: Max 861794 (2085) steps (0.0006 hrs) -nan:-nan 20077 (26) sec
[856] Ep10000: Max 861794 (1884) steps (0.0005 hrs) -nan:-nan 20089 (12) sec
[857] Ep10000: Max 861794 (1955) steps (0.0005 hrs) -nan:-nan 20111 (22) sec
[858] Ep10000: Max 861794 (2681) steps (0.0007 hrs) -nan:-nan 20124 (13) sec
[859] Ep10000: Max 861794 (2070) steps (0.0006 hrs) -nan:-nan 20150 (26) sec
[860] Ep10000: Max 861794 (2089) steps (0.0006 hrs) -nan:-nan 20171 (21) sec
[861] Ep10000: Max 861794 (2357) steps (0.0007 hrs) -nan:-nan 20197 (26) sec
[862] Ep10000: Max 861794 (1898) steps (0.0005 hrs) -nan:-nan 20227 (30) sec
[863] Ep10000: Max 861794 (1407) steps (0.0004 hrs) -nan:-nan 20239 (12) sec
[864] Ep10000: Max 861794 (2225) steps (0.0006 hrs) -nan:-nan 20263 (24) sec
[865] Ep10000: Max 861794 (2153) steps (0.0006 hrs) -nan:-nan 20289 (26) sec
[866] Ep10000: Max 861794 (1684) steps (0.0005 hrs) -nan:-nan 20303 (14) sec
[867] Ep10000: Max 861794 (2813) steps (0.0008 hrs) -nan:-nan 20330 (27) sec
[868] Ep10000: Max 861794 (1888) steps (0.0005 hrs) -nan:-nan 20341 (11) sec
[869] Ep10000: Max 861794 (1996) steps (0.0006 hrs) -nan:-nan 20363 (22) sec
[870] Ep10000: Max 861794 (1977) steps (0.0005 hrs) -nan:-nan 20386 (23) sec
[871] Ep10000: Max 861794 (2302) steps (0.0006 hrs) -nan:-nan 20413 (27) sec
[872] Ep10000: Max 861794 (2245) steps (0.0006 hrs) -nan:-nan 20437 (24) sec
[873] Ep10000: Max 861794 (70440) steps (0.0196 hrs) -nan:-nan 20467 (30) sec
[874] Ep10000: Max 861794 (2604) steps (0.0007 hrs) -nan:-nan 20495 (28) sec
[875] Ep10000: Max 861794 (2670) steps (0.0007 hrs) -nan:-nan 20520 (25) sec
[876] Ep10000: Max 861794 (1867) steps (0.0005 hrs) -nan:-nan 20546 (26) sec
[877] Ep10000: Max 861794 (1174) steps (0.0003 hrs) -nan:-nan 20555 (9) sec
[878] Ep10000: Max 861794 (2068) steps (0.0006 hrs) -nan:-nan 20584 (29) sec
[879] Ep10000: Max 861794 (2010) steps (0.0006 hrs) -nan:-nan 20598 (14) sec
[880] Ep10000: Max 861794 (2208) steps (0.0006 hrs) -nan:-nan 20623 (25) sec
[881] Ep10000: Max 861794 (2202) steps (0.0006 hrs) -nan:-nan 20650 (27) sec
[882] Ep10000: Max 861794 (2084) steps (0.0006 hrs) -nan:-nan 20664 (14) sec
[883] Ep10000: Max 861794 (1589) steps (0.0004 hrs) -nan:-nan 20676 (12) sec
[884] Ep10000: Max 861794 (2091) steps (0.0006 hrs) -nan:-nan 20701 (25) sec
[885] Ep10000: Max 861794 (2574) steps (0.0007 hrs) -nan:-nan 20727 (26) sec
[886] Ep10000: Max 861794 (2386) steps (0.0007 hrs) -nan:-nan 20755 (28) sec
[887] Ep10000: Max 861794 (2271) steps (0.0006 hrs) -nan:-nan 20781 (26) sec
[888] Ep10000: Max 861794 (2243) steps (0.0006 hrs) -nan:-nan 20793 (12) sec
[889] Ep10000: Max 861794 (2105) steps (0.0006 hrs) -nan:-nan 20818 (25) sec
[890] Ep10000: Max 861794 (3189) steps (0.0009 hrs) -nan:-nan 20846 (28) sec
[891] Ep10000: Max 861794 (2107) steps (0.0006 hrs) -nan:-nan 20870 (24) sec
[892] Ep10000: Max 861794 (2268) steps (0.0006 hrs) -nan:-nan 20893 (23) sec
[893] Ep10000: Max 861794 (2191) steps (0.0006 hrs) -nan:-nan 20919 (26) sec
[894] Ep10000: Max 861794 (2210) steps (0.0006 hrs) -nan:-nan 20945 (26) sec
[895] Ep10000: Max 861794 (2415) steps (0.0007 hrs) -nan:-nan 20971 (26) sec
[896] Ep10000: Max 861794 (2138) steps (0.0006 hrs) -nan:-nan 20998 (27) sec
[897] Ep10000: Max 861794 (1378) steps (0.0004 hrs) -nan:-nan 21008 (10) sec
[898] Ep10000: Max 861794 (1736) steps (0.0005 hrs) -nan:-nan 21023 (15) sec
[899] Ep10000: Max 861794 (10770) steps (0.0030 hrs) -nan:-nan 21055 (32) sec
[900] Ep10000: Max 861794 (2278) steps (0.0006 hrs) -nan:-nan 21080 (25) sec
[901] Ep10000: Max 861794 (2121) steps (0.0006 hrs) -nan:-nan 21100 (20) sec
[902] Ep10000: Max 861794 (2275) steps (0.0006 hrs) -nan:-nan 21126 (26) sec
[903] Ep10000: Max 861794 (1996) steps (0.0006 hrs) -nan:-nan 21152 (26) sec
[904] Ep10000: Max 861794 (16746) steps (0.0047 hrs) -nan:-nan 21172 (20) sec
[905] Ep10000: Max 861794 (2040) steps (0.0006 hrs) -nan:-nan 21196 (24) sec
[906] Ep10000: Max 861794 (2406) steps (0.0007 hrs) -nan:-nan 21223 (27) sec
[907] Ep10000: Max 861794 (2202) steps (0.0006 hrs) -nan:-nan 21244 (21) sec
[908] Ep10000: Max 861794 (2069) steps (0.0006 hrs) -nan:-nan 21271 (27) sec
[909] Ep10000: Max 861794 (1565) steps (0.0004 hrs) -nan:-nan 21287 (16) sec
[910] Ep10000: Max 861794 (2400) steps (0.0007 hrs) -nan:-nan 21315 (28) sec
[911] Ep10000: Max 861794 (2041) steps (0.0006 hrs) -nan:-nan 21344 (29) sec
[912] Ep10000: Max 861794 (2708) steps (0.0008 hrs) -nan:-nan 21371 (27) sec
[913] Ep10000: Max 861794 (2201) steps (0.0006 hrs) -nan:-nan 21397 (26) sec
[914] Ep10000: Max 861794 (2287) steps (0.0006 hrs) -nan:-nan 21426 (29) sec
[915] Ep10000: Max 861794 (2707) steps (0.0008 hrs) -nan:-nan 21454 (28) sec
[916] Ep10000: Max 861794 (1904) steps (0.0005 hrs) -nan:-nan 21481 (27) sec
[917] Ep10000: Max 861794 (2816) steps (0.0008 hrs) -nan:-nan 21505 (24) sec
[918] Ep10000: Max 861794 (2353) steps (0.0007 hrs) -nan:-nan 21534 (29) sec
[919] Ep10000: Max 861794 (1938) steps (0.0005 hrs) -nan:-nan 21563 (29) sec
[920] Ep10000: Max 861794 (2433) steps (0.0007 hrs) -nan:-nan 21583 (20) sec
[921] Ep10000: Max 861794 (6875) steps (0.0019 hrs) -nan:-nan 21603 (20) sec
[922] Ep10000: Max 861794 (1602) steps (0.0004 hrs) -nan:-nan 21616 (13) sec
[923] Ep10000: Max 861794 (2618) steps (0.0007 hrs) -nan:-nan 21644 (28) sec
[924] Ep10000: Max 861794 (1440) steps (0.0004 hrs) -nan:-nan 21656 (12) sec
[925] Ep10000: Max 861794 (3253) steps (0.0009 hrs) -nan:-nan 21675 (19) sec
[926] Ep10000: Max 861794 (1815) steps (0.0005 hrs) -nan:-nan 21688 (13) sec
[927] Ep10000: Max 861794 (2086) steps (0.0006 hrs) -nan:-nan 21701 (13) sec
[928] Ep10000: Max 861794 (2079) steps (0.0006 hrs) -nan:-nan 21714 (13) sec
[929] Ep10000: Max 861794 (2477) steps (0.0007 hrs) -nan:-nan 21736 (22) sec
[930] Ep10000: Max 861794 (2723) steps (0.0008 hrs) -nan:-nan 21764 (28) sec
[931] Ep10000: Max 861794 (1207) steps (0.0003 hrs) -nan:-nan 21773 (9) sec
[932] Ep10000: Max 861794 (2199) steps (0.0006 hrs) -nan:-nan 21800 (27) sec
[933] Ep10000: Max 861794 (2136) steps (0.0006 hrs) -nan:-nan 21829 (29) sec
[934] Ep10000: Max 861794 (8735) steps (0.0024 hrs) -nan:-nan 21848 (19) sec
[935] Ep10000: Max 861794 (3085) steps (0.0009 hrs) -nan:-nan 21873 (25) sec
[936] Ep10000: Max 861794 (1941) steps (0.0005 hrs) -nan:-nan 21885 (12) sec
[937] Ep10000: Max 861794 (4356) steps (0.0012 hrs) -nan:-nan 21909 (24) sec
[938] Ep10000: Max 861794 (2148) steps (0.0006 hrs) -nan:-nan 21942 (33) sec
[939] Ep10000: Max 861794 (2109) steps (0.0006 hrs) -nan:-nan 21969 (27) sec
[940] Ep10000: Max 861794 (1881) steps (0.0005 hrs) -nan:-nan 21981 (12) sec
[941] Ep10000: Max 861794 (2266) steps (0.0006 hrs) -nan:-nan 22014 (33) sec
[942] Ep10000: Max 861794 (1909) steps (0.0005 hrs) -nan:-nan 22028 (14) sec
[943] Ep10000: Max 861794 (2437) steps (0.0007 hrs) -nan:-nan 22057 (29) sec
[944] Ep10000: Max 861794 (2620) steps (0.0007 hrs) -nan:-nan 22085 (28) sec
[945] Ep10000: Max 861794 (2500) steps (0.0007 hrs) -nan:-nan 22115 (30) sec
[946] Ep10000: Max 861794 (2154) steps (0.0006 hrs) -nan:-nan 22133 (18) sec
[947] Ep10000: Max 861794 (2438) steps (0.0007 hrs) -nan:-nan 22159 (26) sec
[948] Ep10000: Max 861794 (2021) steps (0.0006 hrs) -nan:-nan 22186 (27) sec
[949] Ep10000: Max 861794 (1334) steps (0.0004 hrs) -nan:-nan 22199 (13) sec
[950] Ep10000: Max 861794 (1865) steps (0.0005 hrs) -nan:-nan 22223 (24) sec
[951] Ep10000: Max 861794 (2868) steps (0.0008 hrs) -nan:-nan 22242 (19) sec
[952] Ep10000: Max 861794 (2632) steps (0.0007 hrs) -nan:-nan 22265 (23) sec
[953] Ep10000: Max 861794 (6585) steps (0.0018 hrs) -nan:-nan 22284 (19) sec
[954] Ep10000: Max 861794 (2305) steps (0.0006 hrs) -nan:-nan 22316 (32) sec
[955] Ep10000: Max 861794 (1916) steps (0.0005 hrs) -nan:-nan 22330 (14) sec
[956] Ep10000: Max 861794 (2109) steps (0.0006 hrs) -nan:-nan 22357 (27) sec
[957] Ep10000: Max 861794 (2763) steps (0.0008 hrs) -nan:-nan 22388 (31) sec
[958] Ep10000: Max 861794 (1678) steps (0.0005 hrs) -nan:-nan 22404 (16) sec
[959] Ep10000: Max 861794 (2139) steps (0.0006 hrs) -nan:-nan 22431 (27) sec
[960] Ep10000: Max 861794 (2012) steps (0.0006 hrs) -nan:-nan 22458 (27) sec
[961] Ep10000: Max 861794 (2630) steps (0.0007 hrs) -nan:-nan 22489 (31) sec
[962] Ep10000: Max 861794 (2455) steps (0.0007 hrs) -nan:-nan 22515 (26) sec
[963] Ep10000: Max 861794 (1136) steps (0.0003 hrs) -nan:-nan 22525 (10) sec
[964] Ep10000: Max 861794 (2268) steps (0.0006 hrs) -nan:-nan 22550 (25) sec
[965] Ep10000: Max 861794 (2388) steps (0.0007 hrs) -nan:-nan 22575 (25) sec
[966] Ep10000: Max 861794 (2385) steps (0.0007 hrs) -nan:-nan 22605 (30) sec
[967] Ep10000: Max 861794 (2519) steps (0.0007 hrs) -nan:-nan 22631 (26) sec
[968] Ep10000: Max 861794 (1123) steps (0.0003 hrs) -nan:-nan 22641 (10) sec
[969] Ep10000: Max 861794 (1595) steps (0.0004 hrs) -nan:-nan 22651 (10) sec
[970] Ep10000: Max 861794 (1923) steps (0.0005 hrs) -nan:-nan 22664 (13) sec
[971] Ep10000: Max 861794 (2433) steps (0.0007 hrs) -nan:-nan 22693 (29) sec
[972] Ep10000: Max 861794 (2892) steps (0.0008 hrs) -nan:-nan 22718 (25) sec
[973] Ep10000: Max 861794 (2321) steps (0.0006 hrs) -nan:-nan 22745 (27) sec
[974] Ep10000: Max 861794 (2868) steps (0.0008 hrs) -nan:-nan 22771 (26) sec
[975] Ep10000: Max 861794 (7302) steps (0.0020 hrs) -nan:-nan 22792 (21) sec
[976] Ep10000: Max 861794 (1950) steps (0.0005 hrs) -nan:-nan 22809 (17) sec
[977] Ep10000: Max 861794 (2555) steps (0.0007 hrs) -nan:-nan 22822 (13) sec
[978] Ep10000: Max 861794 (2071) steps (0.0006 hrs) -nan:-nan 22848 (26) sec
[979] Ep10000: Max 861794 (2234) steps (0.0006 hrs) -nan:-nan 22875 (27) sec
[980] Ep10000: Max 861794 (6055) steps (0.0017 hrs) -nan:-nan 22902 (27) sec
[981] Ep10000: Max 861794 (1885) steps (0.0005 hrs) -nan:-nan 22916 (14) sec
[982] Ep10000: Max 861794 (1033) steps (0.0003 hrs) -nan:-nan 22926 (10) sec
[983] Ep10000: Max 861794 (2012) steps (0.0006 hrs) -nan:-nan 22946 (20) sec
[984] Ep10000: Max 861794 (1930) steps (0.0005 hrs) -nan:-nan 22976 (30) sec
[985] Ep10000: Max 861794 (17238) steps (0.0048 hrs) -nan:-nan 23044 (68) sec
[986] Ep10000: Max 861794 (2037) steps (0.0006 hrs) -nan:-nan 23060 (16) sec
[987] Ep10000: Max 861794 (1680) steps (0.0005 hrs) -nan:-nan 23074 (14) sec
[988] Ep10000: Max 861794 (2288) steps (0.0006 hrs) -nan:-nan 23102 (28) sec
[989] Ep10000: Max 861794 (1196) steps (0.0003 hrs) -nan:-nan 23113 (11) sec
[990] Ep10000: Max 861794 (2311) steps (0.0006 hrs) -nan:-nan 23138 (25) sec
[991] Ep10000: Max 861794 (1792) steps (0.0005 hrs) -nan:-nan 23150 (12) sec
[992] Ep10000: Max 861794 (2489) steps (0.0007 hrs) -nan:-nan 23170 (20) sec
[993] Ep10000: Max 861794 (2231) steps (0.0006 hrs) -nan:-nan 23201 (31) sec
[994] Ep10000: Max 861794 (2634) steps (0.0007 hrs) -nan:-nan 23227 (26) sec
[995] Ep10000: Max 861794 (2064) steps (0.0006 hrs) -nan:-nan 23255 (28) sec
[996] Ep10000: Max 861794 (1846) steps (0.0005 hrs) -nan:-nan 23285 (30) sec
[997] Ep10000: Max 861794 (1941) steps (0.0005 hrs) -nan:-nan 23301 (16) sec
[998] Ep10000: Max 861794 (2163) steps (0.0006 hrs) -nan:-nan 23328 (27) sec
[999] Ep10000: Max 861794 (23990) steps (0.0067 hrs) -nan:-nan 23349 (21) sec
[1000] Ep10000: Max 861794 (2419) steps (0.0007 hrs) -nan:-nan 23380 (31) sec
Total Elapsed time: 23380 seconds
Wrote current data to latest.train
