balanced 0 test_flag 0
[1] Max 2293 (2293) steps (0.0006 hrs) 0.00:-8001.83 9128 (9128) sec
[2] Max 2293 (1845) steps (0.0005 hrs) 0.00:-8001.27 18269 (9141) sec
[3] Max 2293 (1862) steps (0.0005 hrs) 0.00:-8001.27 27407 (9138) sec
[4] Max 3099 (3099) steps (0.0009 hrs) 0.00:-8001.27 36555 (9148) sec
[5] Max 3099 (2704) steps (0.0008 hrs) 0.00:-8001.27 45706 (9151) sec
[6] Max 3099 (2692) steps (0.0007 hrs) 0.00:-8001.27 54852 (9146) sec
[7] Max 3099 (2026) steps (0.0006 hrs) 0.00:-8001.27 63990 (9138) sec
[8] Max 3099 (2801) steps (0.0008 hrs) 0.00:-8001.27 73126 (9136) sec
[9] Max 3099 (2155) steps (0.0006 hrs) 0.00:-8001.27 82260 (9134) sec
[10] Max 3099 (2376) steps (0.0007 hrs) 0.00:-8001.27 91394 (9134) sec
[11] Max 3099 (2276) steps (0.0006 hrs) 0.00:-8001.27 100532 (9138) sec
[12] Max 3099 (2062) steps (0.0006 hrs) 0.00:-8001.27 109654 (9122) sec
[13] Max 3099 (2221) steps (0.0006 hrs) 0.00:-8001.27 118792 (9138) sec
[14] Max 3099 (1918) steps (0.0005 hrs) 0.00:-8001.27 127918 (9126) sec
[15] Max 3099 (2056) steps (0.0006 hrs) 0.00:-8001.27 136305 (8387) sec
[16] Max 3099 (2658) steps (0.0007 hrs) 0.00:-8001.27 143582 (7277) sec
[17] Max 3099 (2645) steps (0.0007 hrs) 0.00:-8001.27 150775 (7193) sec
[18] Max 3099 (2492) steps (0.0007 hrs) 0.00:-8001.27 157964 (7189) sec
[19] Max 3099 (2257) steps (0.0006 hrs) 0.00:-8001.27 165164 (7200) sec
[20] Max 3099 (2029) steps (0.0006 hrs) 0.00:-8001.27 172359 (7195) sec
[21] Max 3099 (1714) steps (0.0005 hrs) 0.00:-8001.27 179552 (7193) sec
[22] Max 3099 (2060) steps (0.0006 hrs) 0.00:-8001.27 186747 (7195) sec
[23] Max 3099 (1990) steps (0.0006 hrs) 0.00:-8001.27 193945 (7198) sec
[24] Max 3099 (1842) steps (0.0005 hrs) 0.00:-8001.27 201133 (7188) sec
[25] Max 3099 (2673) steps (0.0007 hrs) 0.00:-8001.27 208334 (7201) sec
[26] Max 3099 (1930) steps (0.0005 hrs) 0.00:-8001.27 215525 (7191) sec
[27] Max 3099 (1688) steps (0.0005 hrs) 0.00:-8001.27 222719 (7194) sec
[28] Max 3099 (2220) steps (0.0006 hrs) 0.00:-8001.27 230012 (7293) sec
[29] Max 3099 (2054) steps (0.0006 hrs) 0.00:-8001.27 237202 (7190) sec
[30] Max 3099 (1822) steps (0.0005 hrs) 0.00:-8001.27 244397 (7195) sec
[31] Max 3099 (2281) steps (0.0006 hrs) 0.00:-8001.27 251581 (7184) sec
[32] Max 3099 (2062) steps (0.0006 hrs) 0.00:-8001.27 258765 (7184) sec
[33] Max 3099 (2519) steps (0.0007 hrs) 0.00:-8001.27 265948 (7183) sec
[34] Max 3099 (2103) steps (0.0006 hrs) 0.00:-8001.27 273133 (7185) sec
[35] Max 3099 (2098) steps (0.0006 hrs) 0.00:-8001.27 280317 (7184) sec
[36] Max 3099 (1977) steps (0.0005 hrs) 0.00:-8001.27 287502 (7185) sec
[37] Max 3099 (2128) steps (0.0006 hrs) 0.00:-8001.27 294685 (7183) sec
[38] Max 3099 (1909) steps (0.0005 hrs) 0.00:-8001.27 301868 (7183) sec
[39] Max 3099 (2391) steps (0.0007 hrs) 0.00:-8001.27 309054 (7186) sec
[40] Max 3099 (2370) steps (0.0007 hrs) 0.00:-8001.27 316290 (7236) sec
[41] Max 3099 (2401) steps (0.0007 hrs) 0.00:-8001.27 323475 (7185) sec
[42] Max 3099 (2589) steps (0.0007 hrs) 0.00:-8001.27 330662 (7187) sec
[43] Max 3099 (2414) steps (0.0007 hrs) 0.00:-8001.27 337845 (7183) sec
[44] Max 3099 (2109) steps (0.0006 hrs) 0.00:-8001.27 345029 (7184) sec
[45] Max 3099 (2380) steps (0.0007 hrs) 0.00:-8001.27 352214 (7185) sec
[46] Max 3099 (2706) steps (0.0008 hrs) 0.00:-8001.27 359399 (7185) sec
[47] Max 3099 (2177) steps (0.0006 hrs) 0.00:-8001.27 366583 (7184) sec
[48] Max 3099 (1971) steps (0.0005 hrs) 0.00:-8001.27 373768 (7185) sec
[49] Max 3099 (2975) steps (0.0008 hrs) 0.00:-8001.27 380954 (7186) sec
[50] Max 3099 (2159) steps (0.0006 hrs) 0.00:-8001.27 388139 (7185) sec
[51] Max 3099 (1994) steps (0.0006 hrs) 0.00:-8001.27 395323 (7184) sec
[52] Max 3099 (1984) steps (0.0006 hrs) 0.00:-8001.27 402575 (7252) sec
[53] Max 3099 (2440) steps (0.0007 hrs) 0.00:-8001.27 409756 (7181) sec
[54] Max 3099 (2857) steps (0.0008 hrs) 0.00:-8001.27 416957 (7201) sec
[55] Max 3099 (2141) steps (0.0006 hrs) 0.00:-8001.27 424142 (7185) sec
[56] Max 3099 (2290) steps (0.0006 hrs) 0.00:-8001.27 431325 (7183) sec
[57] Max 3099 (2371) steps (0.0007 hrs) 0.00:-8001.27 438509 (7184) sec
[58] Max 3099 (2205) steps (0.0006 hrs) 0.00:-8001.27 445693 (7184) sec
[59] Max 3099 (2268) steps (0.0006 hrs) 0.00:-8001.27 452879 (7186) sec
[60] Max 3099 (2969) steps (0.0008 hrs) 0.00:-8001.27 460067 (7188) sec
[61] Max 3099 (2367) steps (0.0007 hrs) 0.00:-8001.27 467251 (7184) sec
[62] Max 3099 (1951) steps (0.0005 hrs) 0.00:-8001.27 474434 (7183) sec
[63] Max 3099 (2302) steps (0.0006 hrs) 0.00:-8001.27 481621 (7187) sec
[64] Max 3099 (2065) steps (0.0006 hrs) 0.00:-8001.27 488874 (7253) sec
[65] Max 3099 (2776) steps (0.0008 hrs) 0.00:-8001.27 496057 (7183) sec
[66] Max 3099 (2110) steps (0.0006 hrs) 0.00:-8001.27 503242 (7185) sec
[67] Max 3099 (2045) steps (0.0006 hrs) 0.00:-8001.27 510425 (7183) sec
[68] Max 3099 (1947) steps (0.0005 hrs) 0.00:-8001.27 517607 (7182) sec
[69] Max 3099 (2340) steps (0.0007 hrs) 0.00:-8001.27 524790 (7183) sec
[70] Max 3099 (1872) steps (0.0005 hrs) 0.00:-8001.27 531978 (7188) sec
[71] Max 3099 (2075) steps (0.0006 hrs) 0.00:-8001.27 539189 (7211) sec
[72] 