balanced 0 test_flag 0
[1] Max 1306 (1306) steps (0.0004 hrs) 0.00:-8017.19 15 (15) sec
[2] Max 1306 (181) steps (0.0001 hrs) 0.00:-8016.67 31 (16) sec
[3] Max 2599 (2599) steps (0.0007 hrs) 0.00:-8016.67 58 (27) sec
[4] Max 2599 (362) steps (0.0001 hrs) 0.00:-8016.67 74 (16) sec
[5] Max 2599 (1615) steps (0.0004 hrs) 0.00:-8016.67 91 (17) sec
[6] Max 2599 (2271) steps (0.0006 hrs) 0.00:-8016.67 118 (27) sec
[7] Max 2599 (226) steps (0.0001 hrs) 0.00:-8016.67 133 (15) sec
[8] Max 2599 (425) steps (0.0001 hrs) 0.00:-8016.67 148 (15) sec
[9] Max 2599 (461) steps (0.0001 hrs) 0.00:-8016.67 164 (16) sec
[10] Max 2599 (1065) steps (0.0003 hrs) 0.00:-8016.67 180 (16) sec
[11] Max 2599 (170) steps (0.0000 hrs) 0.00:-8016.67 196 (16) sec
[12] Max 2599 (1817) steps (0.0005 hrs) 0.00:-8016.67 212 (16) sec
[13] Max 2599 (2117) steps (0.0006 hrs) 0.00:-8016.67 239 (27) sec
[14] Max 2599 (305) steps (0.0001 hrs) 0.00:-8016.67 255 (16) sec
[15] Max 2599 (273) steps (0.0001 hrs) 0.00:-8016.67 270 (15) sec
[16] Max 2599 (1616) steps (0.0004 hrs) 0.00:-8016.67 288 (18) sec
[17] Max 2599 (1579) steps (0.0004 hrs) 0.00:-8016.67 304 (16) sec
[18] Max 2599 (581) steps (0.0002 hrs) 0.00:-8016.67 319 (15) sec
[19] Max 2599 (1634) steps (0.0005 hrs) 0.00:-8016.67 335 (16) sec
[20] Max 2599 (817) steps (0.0002 hrs) 0.00:-8016.67 350 (15) sec
[21] Max 2599 (2401) steps (0.0007 hrs) 0.00:-8016.67 377 (27) sec
[22] Max 2599 (2428) steps (0.0007 hrs) 0.00:-8016.67 404 (27) sec
[23] Max 2599 (2286) steps (0.0006 hrs) 0.00:-8016.67 431 (27) sec
[24] Max 2599 (1715) steps (0.0005 hrs) 0.00:-8016.67 450 (19) sec
[25] Max 2599 (2331) steps (0.0006 hrs) 0.00:-8016.67 477 (27) sec
[26] Max 2599 (1107) steps (0.0003 hrs) 0.00:-8016.67 493 (16) sec
[27] Max 2599 (1415) steps (0.0004 hrs) 0.00:-8016.67 509 (16) sec
[28] Max 2599 (816) steps (0.0002 hrs) 0.00:-8016.67 524 (15) sec
[29] Max 2599 (782) steps (0.0002 hrs) 0.00:-8016.67 540 (16) sec
[30] Max 2599 (1252) steps (0.0003 hrs) 0.00:-8016.67 556 (16) sec
[31] Max 4475 (4475) steps (0.0012 hrs) 0.00:-8016.67 572 (16) sec
[32] Max 4475 (1638) steps (0.0005 hrs) 0.00:-8016.67 588 (16) sec
[33] Max 4475 (358) steps (0.0001 hrs) 0.00:-8016.67 604 (16) sec
[34] Max 4475 (2232) steps (0.0006 hrs) 0.00:-8016.67 620 (16) sec
[35] Max 4475 (468) steps (0.0001 hrs) 0.00:-8016.67 636 (16) sec
[36] Max 4475 (983) steps (0.0003 hrs) 0.00:-8016.67 651 (15) sec
[37] Max 4475 (2606) steps (0.0007 hrs) 0.00:-8016.67 675 (24) sec
[38] Max 4475 (2950) steps (0.0008 hrs) 0.00:-8016.67 691 (16) sec
[39] Max 4475 (213) steps (0.0001 hrs) 0.00:-8016.67 707 (16) sec
[40] Max 4475 (2357) steps (0.0007 hrs) 0.00:-8016.67 734 (27) sec
[41] Max 4475 (2140) steps (0.0006 hrs) 0.00:-8016.67 761 (27) sec
[42] Max 4475 (245) steps (0.0001 hrs) 0.00:-8016.67 777 (16) sec
[43] Max 4475 (562) steps (0.0002 hrs) 0.00:-8016.67 792 (15) sec
[44] Max 4475 (207) steps (0.0001 hrs) 0.00:-8016.67 807 (15) sec
[45] Max 4475 (571) steps (0.0002 hrs) 0.00:-8016.67 823 (16) sec
[46] Max 4475 (285) steps (0.0001 hrs) 0.00:-8016.67 838 (15) sec
[47] Max 4475 (2199) steps (0.0006 hrs) 0.00:-8016.67 855 (17) sec
[48] Max 4475 (1840) steps (0.0005 hrs) 0.00:-8016.67 871 (16) sec
[49] Max 4475 (448) steps (0.0001 hrs) 0.00:-8016.67 887 (16) sec
[50] Max 4475 (2925) steps (0.0008 hrs) 0.00:-8016.67 913 (26) sec
[51] Max 4475 (2766) steps (0.0008 hrs) 0.00:-8016.67 928 (15) sec
[52] Max 4475 (962) steps (0.0003 hrs) 0.00:-8016.67 944 (16) sec
[53] Max 4475 (988) steps (0.0003 hrs) 0.00:-8016.67 959 (15) sec
[54] Max 4475 (2246) steps (0.0006 hrs) 0.00:-8016.67 986 (27) sec
[55] Max 4475 (2403) steps (0.0007 hrs) 0.00:-8016.67 1010 (24) sec
[56] Max 4475 (167) steps (0.0000 hrs) 0.00:-8016.67 1026 (16) sec
[57] Max 4475 (461) steps (0.0001 hrs) 0.00:-8016.67 1041 (15) sec
[58] Max 4475 (320) steps (0.0001 hrs) 0.00:-8016.67 1057 (16) sec
[59] Max 4475 (1584) steps (0.0004 hrs) 0.00:-8016.67 1073 (16) sec
[60] Max 4475 (1098) steps (0.0003 hrs) 0.00:-8016.67 1089 (16) sec
[61] Max 4475 (190) steps (0.0001 hrs) 0.00:-8016.67 1104 (15) sec
[62] Max 4475 (2010) steps (0.0006 hrs) 0.00:-8016.67 1125 (21) sec
[63] Max 4475 (1644) steps (0.0005 hrs) 0.00:-8016.67 1142 (17) sec
[64] Max 4475 (1693) steps (0.0005 hrs) 0.00:-8016.67 1157 (15) sec
[65] Max 4475 (288) steps (0.0001 hrs) 0.00:-8016.67 1173 (16) sec
[66] Max 4475 (737) steps (0.0002 hrs) 0.00:-8016.67 1188 (15) sec
[67] Max 4475 (1564) steps (0.0004 hrs) 0.00:-8016.67 1204 (16) sec
[68] Max 4475 (432) steps (0.0001 hrs) 0.00:-8016.67 1219 (15) sec
[69] Max 4475 (300) steps (0.0001 hrs) 0.00:-8016.67 1235 (16) sec
[70] Max 4475 (2350) steps (0.0007 hrs) 0.00:-8016.67 1262 (27) sec
[71] Max 4475 (704) steps (0.0002 hrs) 0.00:-8016.67 1277 (15) sec
[72] Max 4475 (2512) steps (0.0007 hrs) 0.00:-8016.67 1299 (22) sec
[73] Max 4475 (335) steps (0.0001 hrs) 0.00:-8016.67 1315 (16) sec
[74] Max 4475 (457) steps (0.0001 hrs) 0.00:-8016.67 1330 (15) sec
[75] Max 4475 (2211) steps (0.0006 hrs) 0.00:-8016.67 1357 (27) sec
[76] Max 4475 (922) steps (0.0003 hrs) 0.00:-8016.67 1373 (16) sec
[77] Max 4475 (2792) steps (0.0008 hrs) 0.00:-8016.67 1400 (27) sec
[78] Max 4475 (479) steps (0.0001 hrs) 0.00:-8016.67 1415 (15) sec
[79] Max 4475 (285) steps (0.0001 hrs) 0.00:-8016.67 1431 (16) sec
[80] Max 4475 (665) steps (0.0002 hrs) 0.00:-8016.67 1446 (15) sec
[81] Max 4475 (2162) steps (0.0006 hrs) 0.00:-8016.67 1472 (26) sec
[82] Max 4475 (1199) steps (0.0003 hrs) 0.00:-8016.67 1488 (16) sec
[83] Max 4475 (4349) steps (0.0012 hrs) 0.00:-8016.67 1504 (16) sec
[84] Max 4475 (2099) steps (0.0006 hrs) 0.00:-8016.67 1523 (19) sec
[85] Max 4475 (264) steps (0.0001 hrs) 0.00:-8016.67 1538 (15) sec
[86] Max 4475 (1158) steps (0.0003 hrs) 0.00:-8016.67 1554 (16) sec
[87] Max 4475 (431) steps (0.0001 hrs) 0.00:-8016.67 1570 (16) sec
[88] Max 4475 (244) steps (0.0001 hrs) 0.00:-8016.67 1585 (15) sec
[89] Max 4475 (384) steps (0.0001 hrs) 0.00:-8016.67 1601 (16) sec
[90] Max 4475 (1613) steps (0.0004 hrs) 0.00:-8016.67 1616 (15) sec
[91] Max 4475 (1387) steps (0.0004 hrs) 0.00:-8016.67 1633 (17) sec
[92] Max 4475 (564) steps (0.0002 hrs) 0.00:-8016.67 1648 (15) sec
[93] Max 4475 (1191) steps (0.0003 hrs) 0.00:-8016.67 1664 (16) sec
[94] Max 4475 (1334) steps (0.0004 hrs) 0.00:-8016.67 1680 (16) sec
[95] Max 4475 (2352) steps (0.0007 hrs) 0.00:-8016.67 1707 (27) sec
[96] Max 4475 (349) steps (0.0001 hrs) 0.00:-8016.67 1722 (15) sec
[97] Max 4475 (307) steps (0.0001 hrs) 0.00:-8016.67 1738 (16) sec
[98] Max 4475 (3426) steps (0.0010 hrs) 0.00:-8016.67 1758 (20) sec
[99] Max 4475 (728) steps (0.0002 hrs) 0.00:-8016.67 1773 (15) sec
[100] Max 4475 (2643) steps (0.0007 hrs) 0.00:-8016.67 1800 (27) sec
[101] Max 4475 (2113) steps (0.0006 hrs) 0.00:-8016.67 1828 (28) sec
[102] Max 4475 (397) steps (0.0001 hrs) 0.00:-8016.67 1843 (15) sec
[103] Max 4475 (1019) steps (0.0003 hrs) 0.00:-8016.67 1859 (16) sec
[104] Max 4475 (1658) steps (0.0005 hrs) 0.00:-8016.67 1877 (18) sec
[105] Max 4475 (1254) steps (0.0003 hrs) 0.00:-8016.67 1892 (15) sec
[106] Max 4475 (2095) steps (0.0006 hrs) 0.00:-8016.67 1919 (27) sec
[107] Max 4475 (929) steps (0.0003 hrs) 0.00:-8016.67 1934 (15) sec
[108] Max 4475 (2372) steps (0.0007 hrs) 0.00:-8016.67 1960 (26) sec
[109] Max 4475 (1548) steps (0.0004 hrs) 0.00:-8016.67 1975 (15) sec
[110] Max 4475 (986) steps (0.0003 hrs) 0.00:-8016.67 1991 (16) sec
[111] Max 4475 (1641) steps (0.0005 hrs) 0.00:-8016.67 2008 (17) sec
[112] Max 4475 (298) steps (0.0001 hrs) 0.00:-8016.67 2024 (16) sec
[113] Max 4475 (2282) steps (0.0006 hrs) 0.00:-8016.67 2051 (27) sec
[114] Max 4475 (2165) steps (0.0006 hrs) 0.00:-8016.67 2078 (27) sec
[115] Max 4475 (654) steps (0.0002 hrs) 0.00:-8016.67 2094 (16) sec
[116] Max 4475 (2253) steps (0.0006 hrs) 0.00:-8016.67 2121 (27) sec
[117] Max 4475 (2079) steps (0.0006 hrs) 0.00:-8016.67 2148 (27) sec
[118] Max 4475 (1179) steps (0.0003 hrs) 0.00:-8016.67 2164 (16) sec
[119] Max 4475 (2242) steps (0.0006 hrs) 0.00:-8016.67 2191 (27) sec
[120] Max 4475 (638) steps (0.0002 hrs) 0.00:-8016.67 2206 (15) sec
[121] Max 4475 (287) steps (0.0001 hrs) 0.00:-8016.67 2222 (16) sec
[122] Max 4475 (206) steps (0.0001 hrs) 0.00:-8016.67 2237 (15) sec
[123] Max 4475 (844) steps (0.0002 hrs) 0.00:-8016.67 2253 (16) sec
[124] Max 4475 (2470) steps (0.0007 hrs) 0.00:-8016.67 2280 (27) sec
[125] Max 4475 (2422) steps (0.0007 hrs) 0.00:-8016.67 2307 (27) sec
[126] Max 4475 (1183) steps (0.0003 hrs) 0.00:-8016.67 2323 (16) sec
[127] Max 4475 (2858) steps (0.0008 hrs) 0.00:-8016.67 2348 (25) sec
[128] Max 4475 (1718) steps (0.0005 hrs) 0.00:-8016.67 2364 (16) sec
[129] Max 4892 (4892) steps (0.0014 hrs) 0.00:-8016.67 2381 (17) sec
[130] Max 4892 (2070) steps (0.0006 hrs) 0.00:-8016.67 2400 (19) sec
[131] Max 4892 (3936) steps (0.0011 hrs) 0.00:-8016.67 2416 (16) sec
[132] Max 4892 (1814) steps (0.0005 hrs) 0.00:-8016.67 2433 (17) sec
[133] Max 4892 (2054) steps (0.0006 hrs) 0.00:-8016.67 2450 (17) sec
[134] Max 4892 (759) steps (0.0002 hrs) 0.00:-8016.67 2465 (15) sec
[135] Max 4892 (919) steps (0.0003 hrs) 0.00:-8016.67 2481 (16) sec
[136] Max 4892 (2343) steps (0.0007 hrs) 0.00:-8016.67 2508 (27) sec
[137] Max 4892 (4333) steps (0.0012 hrs) 0.00:-8016.67 2526 (18) sec
[138] Max 4892 (2261) steps (0.0006 hrs) 0.00:-8016.67 2544 (18) sec
[139] Max 4892 (555) steps (0.0002 hrs) 0.00:-8016.67 2559 (15) sec
[140] Max 4892 (2175) steps (0.0006 hrs) 0.00:-8016.67 2583 (24) sec
[141] Max 4892 (392) steps (0.0001 hrs) 0.00:-8016.67 2598 (15) sec
[142] Max 4892 (748) steps (0.0002 hrs) 0.00:-8016.67 2614 (16) sec
[143] Max 4892 (468) steps (0.0001 hrs) 0.00:-8016.67 2629 (15) sec
[144] Max 4892 (2373) steps (0.0007 hrs) 0.00:-8016.67 2655 (26) sec
[145] Max 4892 (256) steps (0.0001 hrs) 0.00:-8016.67 2671 (16) sec
[146] Max 4892 (528) steps (0.0001 hrs) 0.00:-8016.67 2686 (15) sec
[147] Max 4892 (2176) steps (0.0006 hrs) 0.00:-8016.67 2714 (28) sec
[148] Max 4892 (1898) steps (0.0005 hrs) 0.00:-8016.67 2740 (26) sec
[149] Max 4892 (1508) steps (0.0004 hrs) 0.00:-8016.67 2755 (15) sec
[150] Max 4892 (414) steps (0.0001 hrs) 0.00:-8016.67 2771 (16) sec
[151] Max 4892 (1994) steps (0.0006 hrs) 0.00:-8016.67 2798 (27) sec
[152] Max 4892 (1555) steps (0.0004 hrs) 0.00:-8016.67 2815 (17) sec
[153] Max 4892 (714) steps (0.0002 hrs) 0.00:-8016.67 2831 (16) sec
[154] Max 4892 (1917) steps (0.0005 hrs) 0.00:-8016.67 2857 (26) sec
[155] Max 4892 (591) steps (0.0002 hrs) 0.00:-8016.67 2872 (15) sec
[156] Max 4892 (676) steps (0.0002 hrs) 0.00:-8016.67 2888 (16) sec
[157] Max 4892 (2132) steps (0.0006 hrs) 0.00:-8016.67 2908 (20) sec
[158] Max 4892 (1392) steps (0.0004 hrs) 0.00:-8016.67 2923 (15) sec
[159] Max 4892 (1398) steps (0.0004 hrs) 0.00:-8016.67 2939 (16) sec
[160] Max 4892 (1959) steps (0.0005 hrs) 0.00:-8016.67 2966 (27) sec
[161] Max 4892 (2618) steps (0.0007 hrs) 0.00:-8016.67 2984 (18) sec
[162] Max 4892 (2493) steps (0.0007 hrs) 0.00:-8016.67 3010 (26) sec
[163] Max 4892 (716) steps (0.0002 hrs) 0.00:-8016.67 3025 (15) sec
[164] Max 4892 (677) steps (0.0002 hrs) 0.00:-8016.67 3041 (16) sec
[165] Max 4892 (956) steps (0.0003 hrs) 0.00:-8016.67 3056 (15) sec
[166] Max 4892 (1428) steps (0.0004 hrs) 0.00:-8016.67 3072 (16) sec
[167] Max 4892 (406) steps (0.0001 hrs) 0.00:-8016.67 3088 (16) sec
[168] Max 4892 (2019) steps (0.0006 hrs) 0.00:-8016.67 3107 (19) sec
[169] Max 4892 (2089) steps (0.0006 hrs) 0.00:-8016.67 3133 (26) sec
[170] Max 4892 (2183) steps (0.0006 hrs) 0.00:-8016.67 3148 (15) sec
[171] Max 4892 (2613) steps (0.0007 hrs) 0.00:-8016.67 3164 (16) sec
[172] Max 4892 (1961) steps (0.0005 hrs) 0.00:-8016.67 3191 (27) sec
[173] Max 4892 (2879) steps (0.0008 hrs) 0.00:-8016.67 3212 (21) sec
[174] Max 4892 (1139) steps (0.0003 hrs) 0.00:-8016.67 3228 (16) sec
[175] Max 4892 (2379) steps (0.0007 hrs) 0.00:-8016.67 3255 (27) sec
[176] Max 4892 (3033) steps (0.0008 hrs) 0.00:-8016.67 3271 (16) sec
[177] Max 4892 (2106) steps (0.0006 hrs) 0.00:-8016.67 3298 (27) sec
[178] Max 4892 (1207) steps (0.0003 hrs) 0.00:-8016.67 3314 (16) sec
[179] Max 4892 (313) steps (0.0001 hrs) 0.00:-8016.67 3329 (15) sec
[180] Max 4892 (1308) steps (0.0004 hrs) 0.00:-8016.67 3345 (16) sec
[181] Max 4892 (3216) steps (0.0009 hrs) 0.00:-8016.67 3372 (27) sec
[182] Max 4892 (2393) steps (0.0007 hrs) 0.00:-8016.67 3399 (27) sec
[183] Max 4892 (714) steps (0.0002 hrs) 0.00:-8016.67 3414 (15) sec
[184] Max 4892 (2191) steps (0.0006 hrs) 0.00:-8016.67 3442 (28) sec
[185] Max 4892 (2964) steps (0.0008 hrs) 0.00:-8016.67 3469 (27) sec
[186] Max 4892 (1852) steps (0.0005 hrs) 0.00:-8016.67 3491 (22) sec
[187] Max 4892 (521) steps (0.0001 hrs) 0.00:-8016.67 3506 (15) sec
[188] Max 4892 (210) steps (0.0001 hrs) 0.00:-8016.67 3522 (16) sec
[189] Max 4892 (606) steps (0.0002 hrs) 0.00:-8016.67 3537 (15) sec
[190] Max 4892 (1697) steps (0.0005 hrs) 0.00:-8016.67 3557 (20) sec
[191] Max 4892 (2089) steps (0.0006 hrs) 0.00:-8016.67 3573 (16) sec
[192] Max 4892 (2647) steps (0.0007 hrs) 0.00:-8016.67 3595 (22) sec
[193] Max 4892 (190) steps (0.0001 hrs) 0.00:-8016.67 3611 (16) sec
[194] Max 4892 (1459) steps (0.0004 hrs) 0.00:-8016.67 3626 (15) sec
[195] Max 4892 (1791) steps (0.0005 hrs) 0.00:-8016.67 3645 (19) sec
[196] Max 4892 (364) steps (0.0001 hrs) 0.00:-8016.67 3661 (16) sec
[197] Max 4892 (1800) steps (0.0005 hrs) 0.00:-8016.67 3679 (18) sec
[198] Max 4892 (573) steps (0.0002 hrs) 0.00:-8016.67 3694 (15) sec
[199] Max 4892 (1241) steps (0.0003 hrs) 0.00:-8016.67 3710 (16) sec
[200] Max 4892 (277) steps (0.0001 hrs) 0.00:-8016.67 3725 (15) sec
[201] Max 4892 (1024) steps (0.0003 hrs) 0.00:-8016.67 3741 (16) sec
[202] Max 4892 (1819) steps (0.0005 hrs) 0.00:-8016.67 3758 (17) sec
[203] Max 4892 (457) steps (0.0001 hrs) 0.00:-8016.67 3773 (15) sec
[204] Max 4892 (2162) steps (0.0006 hrs) 0.00:-8016.67 3792 (19) sec
[205] Max 4892 (2603) steps (0.0007 hrs) 0.00:-8016.67 3819 (27) sec
[206] Max 4892 (193) steps (0.0001 hrs) 0.00:-8016.67 3835 (16) sec
[207] Max 4892 (166) steps (0.0000 hrs) 0.00:-8016.67 3850 (15) sec
[208] Max 4892 (2696) steps (0.0007 hrs) 0.00:-8016.67 3877 (27) sec
[209] Max 4892 (266) steps (0.0001 hrs) 0.00:-8016.67 3893 (16) sec
[210] Max 4892 (1318) steps (0.0004 hrs) 0.00:-8016.67 3909 (16) sec
[211] Max 4892 (912) steps (0.0003 hrs) 0.00:-8016.67 3925 (16) sec
[212] Max 4892 (1852) steps (0.0005 hrs) 0.00:-8016.67 3952 (27) sec
[213] Max 4892 (2022) steps (0.0006 hrs) 0.00:-8016.67 3977 (25) sec
[214] Max 4892 (2286) steps (0.0006 hrs) 0.00:-8016.67 4004 (27) sec
[215] Max 4892 (1576) steps (0.0004 hrs) 0.00:-8016.67 4020 (16) sec
[216] Max 4892 (2227) steps (0.0006 hrs) 0.00:-8016.67 4045 (25) sec
[217] Max 4892 (2164) steps (0.0006 hrs) 0.00:-8016.67 4065 (20) sec
[218] Max 4892 (2035) steps (0.0006 hrs) 0.00:-8016.67 4093 (28) sec
[219] Max 4892 (1992) steps (0.0006 hrs) 0.00:-8016.67 4120 (27) sec
[220] Max 4892 (1332) steps (0.0004 hrs) 0.00:-8016.67 4136 (16) sec
[221] Max 4892 (981) steps (0.0003 hrs) 0.00:-8016.67 4151 (15) sec
[222] Max 4892 (172) steps (0.0000 hrs) 0.00:-8016.67 4167 (16) sec
[223] Max 4892 (2701) steps (0.0008 hrs) 0.00:-8016.67 4194 (27) sec
[224] Max 4892 (2458) steps (0.0007 hrs) 0.00:-8016.67 4220 (26) sec
[225] Max 4892 (4250) steps (0.0012 hrs) 0.00:-8016.67 4248 (28) sec
[226] Max 4892 (1525) steps (0.0004 hrs) 0.00:-8016.67 4264 (16) sec
[227] Max 4892 (1731) steps (0.0005 hrs) 0.00:-8016.67 4288 (24) sec
[228] Max 4892 (2058) steps (0.0006 hrs) 0.00:-8016.67 4312 (24) sec
[229] Max 4892 (1909) steps (0.0005 hrs) 0.00:-8016.67 4329 (17) sec
[230] Max 4892 (2394) steps (0.0007 hrs) 0.00:-8016.67 4346 (17) sec
[231] Max 4892 (759) steps (0.0002 hrs) 0.00:-8016.67 4361 (15) sec
[232] Max 4892 (1616) steps (0.0004 hrs) 0.00:-8016.67 4376 (15) sec
[233] Max 4892 (1927) steps (0.0005 hrs) 0.00:-8016.67 4395 (19) sec
[234] Max 4892 (2251) steps (0.0006 hrs) 0.00:-8016.67 4422 (27) sec
[235] Max 4892 (519) steps (0.0001 hrs) 0.00:-8016.67 4438 (16) sec
[236] Max 4892 (1452) steps (0.0004 hrs) 0.00:-8016.67 4454 (16) sec
[237] Max 4892 (895) steps (0.0002 hrs) 0.00:-8016.67 4469 (15) sec
[238] Max 4892 (1855) steps (0.0005 hrs) 0.00:-8016.67 4484 (15) sec
[239] Max 4892 (2578) steps (0.0007 hrs) 0.00:-8016.67 4510 (26) sec
[240] Max 4892 (2386) steps (0.0007 hrs) 0.00:-8016.67 4537 (27) sec
[241] Max 4892 (2362) steps (0.0007 hrs) 0.00:-8016.67 4565 (28) sec
[242] Max 4892 (1187) steps (0.0003 hrs) 0.00:-8016.67 4581 (16) sec
[243] Max 4892 (1910) steps (0.0005 hrs) 0.00:-8016.67 4599 (18) sec
[244] Max 4892 (2747) steps (0.0008 hrs) 0.00:-8016.67 4626 (27) sec
[245] Max 4892 (330) steps (0.0001 hrs) 0.00:-8016.67 4641 (15) sec
[246] Max 4892 (2387) steps (0.0007 hrs) 0.00:-8016.67 4668 (27) sec
[247] Max 4892 (349) steps (0.0001 hrs) 0.00:-8016.67 4684 (16) sec
[248] Max 4892 (1744) steps (0.0005 hrs) 0.00:-8016.67 4700 (16) sec
[249] Max 4892 (1949) steps (0.0005 hrs) 0.00:-8016.67 4715 (15) sec
[250] Max 4892 (1765) steps (0.0005 hrs) 0.00:-8016.67 4734 (19) sec
[251] Max 4892 (1935) steps (0.0005 hrs) 0.00:-8016.67 4759 (25) sec
[252] Max 4892 (1523) steps (0.0004 hrs) 0.00:-8016.67 4777 (18) sec
[253] Max 4892 (2004) steps (0.0006 hrs) 0.00:-8016.67 4794 (17) sec
[254] Max 4892 (721) steps (0.0002 hrs) 0.00:-8016.67 4809 (15) sec
[255] Max 4892 (2040) steps (0.0006 hrs) 0.00:-8016.67 4836 (27) sec
[256] Max 4892 (1423) steps (0.0004 hrs) 0.00:-8016.67 4852 (16) sec
[257] Max 4892 (4192) steps (0.0012 hrs) 0.00:-8016.67 4881 (29) sec
[258] Max 4892 (2035) steps (0.0006 hrs) 0.00:-8016.67 4907 (26) sec
[259] Max 4892 (340) steps (0.0001 hrs) 0.00:-8016.67 4923 (16) sec
[260] Max 4892 (1052) steps (0.0003 hrs) 0.00:-8016.67 4938 (15) sec
[261] Max 4892 (2202) steps (0.0006 hrs) 0.00:-8016.67 4964 (26) sec
[262] Max 4892 (2340) steps (0.0007 hrs) 0.00:-8016.67 4991 (27) sec
[263] Max 4892 (1239) steps (0.0003 hrs) 0.00:-8016.67 5007 (16) sec
[264] Max 4892 (880) steps (0.0002 hrs) 0.00:-8016.67 5022 (15) sec
[265] Max 4892 (2733) steps (0.0008 hrs) 0.00:-8016.67 5049 (27) sec
[266] Max 4892 (752) steps (0.0002 hrs) 0.00:-8016.67 5065 (16) sec
[267] Max 4892 (3314) steps (0.0009 hrs) 0.00:-8016.67 5092 (27) sec
[268] Max 4892 (2227) steps (0.0006 hrs) 0.00:-8016.67 5116 (24) sec
[269] Max 4892 (1327) steps (0.0004 hrs) 0.00:-8016.67 5132 (16) sec
[270] Max 4892 (1497) steps (0.0004 hrs) 0.00:-8016.67 5147 (15) sec
[271] Max 4892 (1717) steps (0.0005 hrs) 0.00:-8016.67 5163 (16) sec
[272] Max 4892 (2323) steps (0.0006 hrs) 0.00:-8016.67 5184 (21) sec
[273] Max 4892 (2644) steps (0.0007 hrs) 0.00:-8016.67 5199 (15) sec
[274] Max 4892 (2184) steps (0.0006 hrs) 0.00:-8016.67 5226 (27) sec
[275] Max 4892 (2077) steps (0.0006 hrs) 0.00:-8016.67 5251 (25) sec
[276] Max 4892 (1873) steps (0.0005 hrs) 0.00:-8016.67 5271 (20) sec
[277] Max 4892 (2241) steps (0.0006 hrs) 0.00:-8016.67 5298 (27) sec
[278] Max 4892 (1396) steps (0.0004 hrs) 0.00:-8016.67 5313 (15) sec
[279] Max 4892 (590) steps (0.0002 hrs) 0.00:-8016.67 5329 (16) sec
[280] Max 4892 (1935) steps (0.0005 hrs) 0.00:-8016.67 5353 (24) sec
[281] Max 4892 (3619) steps (0.0010 hrs) 0.00:-8016.67 5380 (27) sec
[282] Max 4892 (1315) steps (0.0004 hrs) 0.00:-8016.67 5396 (16) sec
[283] Max 4892 (1419) steps (0.0004 hrs) 0.00:-8016.67 5411 (15) sec
[284] Max 4892 (662) steps (0.0002 hrs) 0.00:-8016.67 5427 (16) sec
[285] Max 4892 (1654) steps (0.0005 hrs) 0.00:-8016.67 5446 (19) sec
[286] Max 4892 (2443) steps (0.0007 hrs) 0.00:-8016.67 5472 (26) sec
[287] Max 4892 (620) steps (0.0002 hrs) 0.00:-8016.67 5488 (16) sec
[288] Max 4892 (2106) steps (0.0006 hrs) 0.00:-8016.67 5513 (25) sec
[289] Max 4892 (989) steps (0.0003 hrs) 0.00:-8016.67 5529 (16) sec
[290] Max 4892 (1582) steps (0.0004 hrs) 0.00:-8016.67 5544 (15) sec
[291] Max 4892 (2086) steps (0.0006 hrs) 0.00:-8016.67 5571 (27) sec
[292] Max 4892 (434) steps (0.0001 hrs) 0.00:-8016.67 5586 (15) sec
[293] Max 4892 (1540) steps (0.0004 hrs) 0.00:-8016.67 5604 (18) sec
[294] Max 4892 (1420) steps (0.0004 hrs) 0.00:-8016.67 5619 (15) sec
[295] Max 4892 (912) steps (0.0003 hrs) 0.00:-8016.67 5635 (16) sec
[296] Max 4892 (480) steps (0.0001 hrs) 0.00:-8016.67 5651 (16) sec
[297] Max 4892 (2713) steps (0.0008 hrs) 0.00:-8016.67 5678 (27) sec
[298] Max 4892 (2500) steps (0.0007 hrs) 0.00:-8016.67 5705 (27) sec
[299] Max 4892 (715) steps (0.0002 hrs) 0.00:-8016.67 5721 (16) sec
[300] Max 4892 (215) steps (0.0001 hrs) 0.00:-8016.67 5736 (15) sec
[301] Max 4892 (962) steps (0.0003 hrs) 0.00:-8016.67 5752 (16) sec
[302] Max 4892 (824) steps (0.0002 hrs) 0.00:-8016.67 5767 (15) sec
[303] Max 4892 (2836) steps (0.0008 hrs) 0.00:-8016.67 5794 (27) sec
[304] Max 4892 (1393) steps (0.0004 hrs) 0.00:-8016.67 5810 (16) sec
[305] Max 4892 (3025) steps (0.0008 hrs) 0.00:-8016.67 5828 (18) sec
[306] Max 4892 (713) steps (0.0002 hrs) 0.00:-8016.67 5843 (15) sec
[307] Max 4892 (2500) steps (0.0007 hrs) 0.00:-8016.67 5871 (28) sec
[308] Max 4892 (1043) steps (0.0003 hrs) 0.00:-8016.67 5886 (15) sec
[309] Max 4892 (315) steps (0.0001 hrs) 0.00:-8016.67 5902 (16) sec
[310] Max 4892 (3910) steps (0.0011 hrs) 0.00:-8016.67 5917 (15) sec
[311] Max 4892 (1711) steps (0.0005 hrs) 0.00:-8016.67 5933 (16) sec
[312] Max 4892 (2397) steps (0.0007 hrs) 0.00:-8016.67 5960 (27) sec
[313] Max 4892 (2095) steps (0.0006 hrs) 0.00:-8016.67 5986 (26) sec
[314] Max 4892 (294) steps (0.0001 hrs) 0.00:-8016.67 6002 (16) sec
[315] Max 4892 (420) steps (0.0001 hrs) 0.00:-8016.67 6017 (15) sec
[316] Max 4892 (542) steps (0.0002 hrs) 0.00:-8016.67 6033 (16) sec
[317] Max 4892 (610) steps (0.0002 hrs) 0.00:-8016.67 6048 (15) sec
[318] Max 4892 (2087) steps (0.0006 hrs) 0.00:-8016.67 6075 (27) sec
[319] Max 4892 (457) steps (0.0001 hrs) 0.00:-8016.67 6091 (16) sec
[320] Max 4892 (2163) steps (0.0006 hrs) 0.00:-8016.67 6117 (26) sec
[321] Max 4892 (926) steps (0.0003 hrs) 0.00:-8016.67 6132 (15) sec
[322] Max 4892 (2102) steps (0.0006 hrs) 0.00:-8016.67 6160 (28) sec
[323] Max 4892 (1989) steps (0.0006 hrs) 0.00:-8016.67 6184 (24) sec
[324] Max 4892 (2419) steps (0.0007 hrs) 0.00:-8016.67 6201 (17) sec
[325] Max 4892 (1624) steps (0.0005 hrs) 0.00:-8016.67 6219 (18) sec
[326] Max 4892 (1003) steps (0.0003 hrs) 0.00:-8016.67 6234 (15) sec
[327] Max 4892 (1768) steps (0.0005 hrs) 0.00:-8016.67 6250 (16) sec
[328] Max 4892 (187) steps (0.0001 hrs) 0.00:-8016.67 6266 (16) sec
[329] Max 4892 (580) steps (0.0002 hrs) 0.00:-8016.67 6281 (15) sec
[330] Max 4892 (568) steps (0.0002 hrs) 0.00:-8016.67 6297 (16) sec
[331] Max 4892 (199) steps (0.0001 hrs) 0.00:-8016.67 6312 (15) sec
[332] Max 4892 (614) steps (0.0002 hrs) 0.00:-8016.67 6327 (15) sec
[333] Max 4892 (2224) steps (0.0006 hrs) 0.00:-8016.67 6354 (27) sec
[334] Max 4892 (983) steps (0.0003 hrs) 0.00:-8016.67 6370 (16) sec
[335] Max 4892 (1321) steps (0.0004 hrs) 0.00:-8016.67 6385 (15) sec
[336] Max 4892 (2202) steps (0.0006 hrs) 0.00:-8016.67 6404 (19) sec
[337] Max 4892 (2562) steps (0.0007 hrs) 0.00:-8016.67 6428 (24) sec
[338] Max 4892 (1856) steps (0.0005 hrs) 0.00:-8016.67 6448 (20) sec
[339] Max 4892 (384) steps (0.0001 hrs) 0.00:-8016.67 6463 (15) sec
[340] Max 4892 (464) steps (0.0001 hrs) 0.00:-8016.67 6479 (16) sec
[341] Max 4892 (739) steps (0.0002 hrs) 0.00:-8016.67 6494 (15) sec
[342] Max 4892 (1952) steps (0.0005 hrs) 0.00:-8016.67 6521 (27) sec
[343] Max 4892 (654) steps (0.0002 hrs) 0.00:-8016.67 6536 (15) sec
[344] Max 4892 (471) steps (0.0001 hrs) 0.00:-8016.67 6552 (16) sec
[345] Max 4892 (2724) steps (0.0008 hrs) 0.00:-8016.67 6579 (27) sec
[346] Max 4892 (792) steps (0.0002 hrs) 0.00:-8016.67 6594 (15) sec
[347] Max 4892 (2093) steps (0.0006 hrs) 0.00:-8016.67 6613 (19) sec
[348] Max 4892 (2311) steps (0.0006 hrs) 0.00:-8016.67 6640 (27) sec
[349] Max 4892 (611) steps (0.0002 hrs) 0.00:-8016.67 6656 (16) sec
[350] Max 4892 (1512) steps (0.0004 hrs) 0.00:-8016.67 6671 (15) sec
[351] Max 4892 (1631) steps (0.0005 hrs) 0.00:-8016.67 6688 (17) sec
[352] Max 4892 (332) steps (0.0001 hrs) 0.00:-8016.67 6704 (16) sec
[353] Max 4892 (1924) steps (0.0005 hrs) 0.00:-8016.67 6728 (24) sec
[354] Max 4892 (2195) steps (0.0006 hrs) 0.00:-8016.67 6744 (16) sec
[355] Max 4892 (216) steps (0.0001 hrs) 0.00:-8016.67 6760 (16) sec
[356] Max 4892 (1044) steps (0.0003 hrs) 0.00:-8016.67 6775 (15) sec
[357] Max 4892 (1932) steps (0.0005 hrs) 0.00:-8016.67 6801 (26) sec
[358] Max 4892 (747) steps (0.0002 hrs) 0.00:-8016.67 6817 (16) sec
[359] Max 4892 (897) steps (0.0002 hrs) 0.00:-8016.67 6832 (15) sec
[360] Max 4892 (664) steps (0.0002 hrs) 0.00:-8016.67 6847 (15) sec
[361] Max 4892 (1485) steps (0.0004 hrs) 0.00:-8016.67 6863 (16) sec
[362] Max 4892 (1346) steps (0.0004 hrs) 0.00:-8016.67 6879 (16) sec
[363] Max 4892 (1975) steps (0.0005 hrs) 0.00:-8016.67 6897 (18) sec
[364] Max 4892 (182) steps (0.0001 hrs) 0.00:-8016.67 6913 (16) sec
[365] Max 4892 (2170) steps (0.0006 hrs) 0.00:-8016.67 6937 (24) sec
[366] Max 4892 (1995) steps (0.0006 hrs) 0.00:-8016.67 6953 (16) sec
[367] Max 4892 (2507) steps (0.0007 hrs) 0.00:-8016.67 6971 (18) sec
[368] Max 4892 (2363) steps (0.0007 hrs) 0.00:-8016.67 6998 (27) sec
[369] Max 4892 (1282) steps (0.0004 hrs) 0.00:-8016.67 7014 (16) sec
[370] Max 4892 (1953) steps (0.0005 hrs) 0.00:-8016.67 7034 (20) sec
[371] Max 4892 (1970) steps (0.0005 hrs) 0.00:-8016.67 7061 (27) sec
[372] Max 4892 (2149) steps (0.0006 hrs) 0.00:-8016.67 7088 (27) sec
[373] Max 4892 (341) steps (0.0001 hrs) 0.00:-8016.67 7103 (15) sec
[374] Max 4892 (2077) steps (0.0006 hrs) 0.00:-8016.67 7124 (21) sec
[375] Max 4892 (3734) steps (0.0010 hrs) 0.00:-8016.67 7144 (20) sec
[376] Max 4892 (772) steps (0.0002 hrs) 0.00:-8016.67 7159 (15) sec
[377] Max 4892 (1868) steps (0.0005 hrs) 0.00:-8016.67 7180 (21) sec
[378] Max 4892 (2329) steps (0.0006 hrs) 0.00:-8016.67 7200 (20) sec
[379] Max 4892 (2639) steps (0.0007 hrs) 0.00:-8016.67 7227 (27) sec
[380] Max 4892 (478) steps (0.0001 hrs) 0.00:-8016.67 7243 (16) sec
[381] Max 4892 (2143) steps (0.0006 hrs) 0.00:-8016.67 7270 (27) sec
[382] Max 4892 (2318) steps (0.0006 hrs) 0.00:-8016.67 7294 (24) sec
[383] Max 4892 (2402) steps (0.0007 hrs) 0.00:-8016.67 7322 (28) sec
[384] Max 4892 (2724) steps (0.0008 hrs) 0.00:-8016.67 7349 (27) sec
[385] Max 4892 (1173) steps (0.0003 hrs) 0.00:-8016.67 7364 (15) sec
[386] Max 4892 (2234) steps (0.0006 hrs) 0.00:-8016.67 7390 (26) sec
[387] Max 4892 (2793) steps (0.0008 hrs) 0.00:-8016.67 7411 (21) sec
[388] Max 4892 (2183) steps (0.0006 hrs) 0.00:-8016.67 7438 (27) sec
[389] Max 4892 (1900) steps (0.0005 hrs) 0.00:-8016.67 7464 (26) sec
[390] Max 4892 (314) steps (0.0001 hrs) 0.00:-8016.67 7480 (16) sec
[391] Max 4892 (2103) steps (0.0006 hrs) 0.00:-8016.67 7499 (19) sec
[392] Max 4892 (2095) steps (0.0006 hrs) 0.00:-8016.67 7525 (26) sec
[393] Max 4892 (1068) steps (0.0003 hrs) 0.00:-8016.67 7541 (16) sec
[394] Max 4892 (1686) steps (0.0005 hrs) 0.00:-8016.67 7557 (16) sec
[395] Max 4892 (532) steps (0.0001 hrs) 0.00:-8016.67 7572 (15) sec
[396] Max 4892 (2383) steps (0.0007 hrs) 0.00:-8016.67 7599 (27) sec
[397] Max 4892 (810) steps (0.0002 hrs) 0.00:-8016.67 7615 (16) sec
[398] Max 4892 (1567) steps (0.0004 hrs) 0.00:-8016.67 7632 (17) sec
[399] Max 4892 (2055) steps (0.0006 hrs) 0.00:-8016.67 7659 (27) sec
[400] Max 4892 (1859) steps (0.0005 hrs) 0.00:-8016.67 7683 (24) sec
[401] Max 4892 (3088) steps (0.0009 hrs) 0.00:-8016.67 7702 (19) sec
[402] Max 4892 (2576) steps (0.0007 hrs) 0.00:-8016.67 7718 (16) sec
[403] Max 4892 (2389) steps (0.0007 hrs) 0.00:-8016.67 7744 (26) sec
[404] Max 4892 (1675) steps (0.0005 hrs) 0.00:-8016.67 7761 (17) sec
[405] Max 4892 (327) steps (0.0001 hrs) 0.00:-8016.67 7776 (15) sec
[406] Max 4892 (1170) steps (0.0003 hrs) 0.00:-8016.67 7792 (16) sec
[407] Max 4892 (870) steps (0.0002 hrs) 0.00:-8016.67 7808 (16) sec
[408] Max 4892 (233) steps (0.0001 hrs) 0.00:-8016.67 7823 (15) sec
[409] Max 4892 (220) steps (0.0001 hrs) 0.00:-8016.67 7838 (15) sec
[410] Max 4892 (701) steps (0.0002 hrs) 0.00:-8016.67 7854 (16) sec
[411] Max 4892 (451) steps (0.0001 hrs) 0.00:-8016.67 7870 (16) sec
[412] Max 4892 (384) steps (0.0001 hrs) 0.00:-8016.67 7885 (15) sec
[413] Max 4892 (2291) steps (0.0006 hrs) 0.00:-8016.67 7912 (27) sec
[414] Max 4892 (2039) steps (0.0006 hrs) 0.00:-8016.67 7939 (27) sec
[415] Max 4892 (2177) steps (0.0006 hrs) 0.00:-8016.67 7964 (25) sec
[416] Max 4892 (2131) steps (0.0006 hrs) 0.00:-8016.67 7989 (25) sec
[417] Max 4892 (2138) steps (0.0006 hrs) 0.00:-8016.67 8015 (26) sec
[418] Max 4892 (1268) steps (0.0004 hrs) 0.00:-8016.67 8031 (16) sec
[419] Max 4892 (2013) steps (0.0006 hrs) 0.00:-8016.67 8048 (17) sec
[420] Max 4892 (268) steps (0.0001 hrs) 0.00:-8016.67 8063 (15) sec
[421] Max 4892 (788) steps (0.0002 hrs) 0.00:-8016.67 8079 (16) sec
[422] Max 4892 (2078) steps (0.0006 hrs) 0.00:-8016.67 8100 (21) sec
[423] Max 4892 (1346) steps (0.0004 hrs) 0.00:-8016.67 8116 (16) sec
[424] Max 4892 (237) steps (0.0001 hrs) 0.00:-8016.67 8132 (16) sec
[425] Max 4892 (583) steps (0.0002 hrs) 0.00:-8016.67 8147 (15) sec
[426] Max 4892 (1985) steps (0.0006 hrs) 0.00:-8016.67 8165 (18) sec
[427] Max 4892 (2412) steps (0.0007 hrs) 0.00:-8016.67 8192 (27) sec
[428] Max 4892 (2993) steps (0.0008 hrs) 0.00:-8016.67 8208 (16) sec
[429] Max 4892 (978) steps (0.0003 hrs) 0.00:-8016.67 8224 (16) sec
[430] Max 4892 (378) steps (0.0001 hrs) 0.00:-8016.67 8239 (15) sec
[431] Max 4892 (2077) steps (0.0006 hrs) 0.00:-8016.67 8265 (26) sec
[432] Max 4892 (974) steps (0.0003 hrs) 0.00:-8016.67 8281 (16) sec
[433] Max 4892 (376) steps (0.0001 hrs) 0.00:-8016.67 8296 (15) sec
[434] Max 4892 (2252) steps (0.0006 hrs) 0.00:-8016.67 8322 (26) sec
[435] Max 4892 (1911) steps (0.0005 hrs) 0.00:-8016.67 8346 (24) sec
[436] Max 4892 (1694) steps (0.0005 hrs) 0.00:-8016.67 8362 (16) sec
[437] Max 4892 (2812) steps (0.0008 hrs) 0.00:-8016.67 8389 (27) sec
[438] Max 4892 (1926) steps (0.0005 hrs) 0.00:-8016.67 8408 (19) sec
[439] Max 4892 (2442) steps (0.0007 hrs) 0.00:-8016.67 8435 (27) sec
[440] Max 4892 (458) steps (0.0001 hrs) 0.00:-8016.67 8450 (15) sec
[441] Max 4892 (2388) steps (0.0007 hrs) 0.00:-8016.67 8477 (27) sec
[442] Max 4892 (2512) steps (0.0007 hrs) 0.00:-8016.67 8493 (16) sec
[443] Max 4892 (1817) steps (0.0005 hrs) 0.00:-8016.67 8510 (17) sec
[444] Max 4892 (1840) steps (0.0005 hrs) 0.00:-8016.67 8537 (27) sec
[445] Max 4892 (992) steps (0.0003 hrs) 0.00:-8016.67 8552 (15) sec
[446] Max 4892 (3566) steps (0.0010 hrs) 0.00:-8016.67 8578 (26) sec
[447] Max 4892 (1080) steps (0.0003 hrs) 0.00:-8016.67 8594 (16) sec
[448] Max 4892 (483) steps (0.0001 hrs) 0.00:-8016.67 8609 (15) sec
[449] Max 4892 (1969) steps (0.0005 hrs) 0.00:-8016.67 8635 (26) sec
[450] Max 4892 (2447) steps (0.0007 hrs) 0.00:-8016.67 8656 (21) sec
[451] Max 4892 (1337) steps (0.0004 hrs) 0.00:-8016.67 8672 (16) sec
[452] Max 4892 (1663) steps (0.0005 hrs) 0.00:-8016.67 8690 (18) sec
[453] Max 4892 (1774) steps (0.0005 hrs) 0.00:-8016.67 8707 (17) sec
[454] Max 4892 (315) steps (0.0001 hrs) 0.00:-8016.67 8722 (15) sec
[455] Max 4892 (3011) steps (0.0008 hrs) 0.00:-8016.67 8749 (27) sec
[456] Max 4892 (2323) steps (0.0006 hrs) 0.00:-8016.67 8766 (17) sec
[457] Max 4892 (3833) steps (0.0011 hrs) 0.00:-8016.67 8782 (16) sec
[458] Max 4892 (2435) steps (0.0007 hrs) 0.00:-8016.67 8806 (24) sec
[459] Max 4892 (1485) steps (0.0004 hrs) 0.00:-8016.67 8821 (15) sec
[460] Max 4892 (2026) steps (0.0006 hrs) 0.00:-8016.67 8848 (27) sec
[461] Max 4892 (1936) steps (0.0005 hrs) 0.00:-8016.67 8864 (16) sec
[462] Max 4892 (501) steps (0.0001 hrs) 0.00:-8016.67 8880 (16) sec
[463] Max 4892 (2185) steps (0.0006 hrs) 0.00:-8016.67 8907 (27) sec
[464] Max 4892 (2253) steps (0.0006 hrs) 0.00:-8016.67 8934 (27) sec
[465] Max 4892 (2312) steps (0.0006 hrs) 0.00:-8016.67 8954 (20) sec
[466] Max 4892 (2473) steps (0.0007 hrs) 0.00:-8016.67 8974 (20) sec
[467] Max 4892 (2413) steps (0.0007 hrs) 0.00:-8016.67 9001 (27) sec
[468] Max 4892 (321) steps (0.0001 hrs) 0.00:-8016.67 9017 (16) sec
[469] Max 4892 (1823) steps (0.0005 hrs) 0.00:-8016.67 9039 (22) sec
[470] Max 4892 (207) steps (0.0001 hrs) 0.00:-8016.67 9055 (16) sec
[471] Max 4892 (1160) steps (0.0003 hrs) 0.00:-8016.67 9070 (15) sec
[472] Max 4892 (2166) steps (0.0006 hrs) 0.00:-8016.67 9098 (28) sec
[473] Max 4892 (1430) steps (0.0004 hrs) 0.00:-8016.67 9114 (16) sec
[474] Max 4892 (304) steps (0.0001 hrs) 0.00:-8016.67 9129 (15) sec
[475] Max 4892 (2048) steps (0.0006 hrs) 0.00:-8016.67 9157 (28) sec
[476] Max 4892 (1588) steps (0.0004 hrs) 0.00:-8016.67 9173 (16) sec
[477] Max 4892 (229) steps (0.0001 hrs) 0.00:-8016.67 9189 (16) sec
[478] Max 4892 (443) steps (0.0001 hrs) 0.00:-8016.67 9204 (15) sec
[479] Max 4892 (261) steps (0.0001 hrs) 0.00:-8016.67 9220 (16) sec
[480] Max 4892 (583) steps (0.0002 hrs) 0.00:-8016.67 9235 (15) sec
[481] Max 4892 (602) steps (0.0002 hrs) 0.00:-8016.67 9251 (16) sec
[482] Max 4892 (2171) steps (0.0006 hrs) 0.00:-8016.67 9271 (20) sec
[483] Max 4892 (1449) steps (0.0004 hrs) 0.00:-8016.67 9287 (16) sec
[484] Max 4892 (2152) steps (0.0006 hrs) 0.00:-8016.67 9303 (16) sec
[485] Max 4892 (507) steps (0.0001 hrs) 0.00:-8016.67 9319 (16) sec
[486] Max 4892 (2295) steps (0.0006 hrs) 0.00:-8016.67 9343 (24) sec
[487] Max 4892 (3216) steps (0.0009 hrs) 0.00:-8016.67 9368 (25) sec
[488] Max 4892 (2313) steps (0.0006 hrs) 0.00:-8016.67 9395 (27) sec
[489] Max 4892 (2322) steps (0.0006 hrs) 0.00:-8016.67 9421 (26) sec
[490] Max 4892 (2060) steps (0.0006 hrs) 0.00:-8016.67 9448 (27) sec
[491] Max 4892 (714) steps (0.0002 hrs) 0.00:-8016.67 9463 (15) sec
[492] Max 4892 (1995) steps (0.0006 hrs) 0.00:-8016.67 9479 (16) sec
[493] Max 4892 (1061) steps (0.0003 hrs) 0.00:-8016.67 9495 (16) sec
[494] Max 4892 (235) steps (0.0001 hrs) 0.00:-8016.67 9510 (15) sec
[495] Max 4892 (622) steps (0.0002 hrs) 0.00:-8016.67 9526 (16) sec
[496] Max 4892 (2207) steps (0.0006 hrs) 0.00:-8016.67 9548 (22) sec
[497] Max 4892 (2398) steps (0.0007 hrs) 0.00:-8016.67 9575 (27) sec
[498] Max 4892 (1806) steps (0.0005 hrs) 0.00:-8016.67 9602 (27) sec
[499] Max 4892 (1259) steps (0.0003 hrs) 0.00:-8016.67 9618 (16) sec
[500] Max 4892 (260) steps (0.0001 hrs) 0.00:-8016.67 9634 (16) sec
[501] Max 4892 (1913) steps (0.0005 hrs) 0.00:-8016.67 9652 (18) sec
[502] Max 4892 (1454) steps (0.0004 hrs) 0.00:-8016.67 9669 (17) sec
[503] Max 4892 (2029) steps (0.0006 hrs) 0.00:-8016.67 9690 (21) sec
[504] Max 4892 (1508) steps (0.0004 hrs) 0.00:-8016.67 9706 (16) sec
[505] Max 4892 (2595) steps (0.0007 hrs) 0.00:-8016.67 9733 (27) sec
[506] Max 4892 (2332) steps (0.0006 hrs) 0.00:-8016.67 9760 (27) sec
[507] Max 4892 (1974) steps (0.0005 hrs) 0.00:-8016.67 9786 (26) sec
[508] Max 4892 (384) steps (0.0001 hrs) 0.00:-8016.67 9802 (16) sec
[509] Max 4892 (788) steps (0.0002 hrs) 0.00:-8016.67 9817 (15) sec
[510] Max 4892 (2346) steps (0.0007 hrs) 0.00:-8016.67 9845 (28) sec
[511] Max 4892 (548) steps (0.0002 hrs) 0.00:-8016.67 9860 (15) sec
[512] Max 4892 (1420) steps (0.0004 hrs) 0.00:-8016.67 9876 (16) sec
[513] Max 4892 (2152) steps (0.0006 hrs) 0.00:-8016.67 9903 (27) sec
[514] Max 4892 (502) steps (0.0001 hrs) 0.00:-8016.67 9918 (15) sec
[515] Max 4892 (2181) steps (0.0006 hrs) 0.00:-8016.67 9945 (27) sec
[516] Max 4892 (166) steps (0.0000 hrs) 0.00:-8016.67 9961 (16) sec
[517] Max 4892 (800) steps (0.0002 hrs) 0.00:-8016.67 9976 (15) sec
[518] Max 4892 (2161) steps (0.0006 hrs) 0.00:-8016.67 10004 (28) sec
[519] Max 4892 (2015) steps (0.0006 hrs) 0.00:-8016.67 10029 (25) sec
[520] Max 4892 (183) steps (0.0001 hrs) 0.00:-8016.67 10045 (16) sec
[521] Max 4892 (2211) steps (0.0006 hrs) 0.00:-8016.67 10071 (26) sec
[522] Max 4892 (260) steps (0.0001 hrs) 0.00:-8016.67 10087 (16) sec
[523] Max 4892 (726) steps (0.0002 hrs) 0.00:-8016.67 10102 (15) sec
[524] Max 4892 (466) steps (0.0001 hrs) 0.00:-8016.67 10118 (16) sec
[525] Max 4892 (2573) steps (0.0007 hrs) 0.00:-8016.67 10145 (27) sec
[526] Max 4892 (2210) steps (0.0006 hrs) 0.00:-8016.67 10172 (27) sec
[527] Max 4892 (522) steps (0.0001 hrs) 0.00:-8016.67 10187 (15) sec
[528] Max 4892 (193) steps (0.0001 hrs) 0.00:-8016.67 10203 (16) sec
[529] Max 4892 (433) steps (0.0001 hrs) 0.00:-8016.67 10219 (16) sec
[530] Max 4892 (2855) steps (0.0008 hrs) 0.00:-8016.67 10244 (25) sec
[531] Max 4892 (323) steps (0.0001 hrs) 0.00:-8016.67 10260 (16) sec
[532] Max 4892 (2103) steps (0.0006 hrs) 0.00:-8016.67 10287 (27) sec
[533] Max 4892 (1229) steps (0.0003 hrs) 0.00:-8016.67 10302 (15) sec
[534] Max 4892 (1076) steps (0.0003 hrs) 0.00:-8016.67 10318 (16) sec
[535] Max 4892 (649) steps (0.0002 hrs) 0.00:-8016.67 10333 (15) sec
[536] Max 4892 (3171) steps (0.0009 hrs) 0.00:-8016.67 10356 (23) sec
[537] Max 4892 (398) steps (0.0001 hrs) 0.00:-8016.67 10372 (16) sec
[538] Max 4892 (335) steps (0.0001 hrs) 0.00:-8016.67 10387 (15) sec
[539] Max 4892 (886) steps (0.0002 hrs) 0.00:-8016.67 10402 (15) sec
[540] Max 4892 (1539) steps (0.0004 hrs) 0.00:-8016.67 10419 (17) sec
[541] Max 4892 (2168) steps (0.0006 hrs) 0.00:-8016.67 10446 (27) sec
[542] Max 4892 (2128) steps (0.0006 hrs) 0.00:-8016.67 10473 (27) sec
[543] Max 4892 (423) steps (0.0001 hrs) 0.00:-8016.67 10489 (16) sec
[544] Max 4892 (359) steps (0.0001 hrs) 0.00:-8016.67 10504 (15) sec
[545] Max 4892 (888) steps (0.0002 hrs) 0.00:-8016.67 10520 (16) sec
[546] Max 4892 (1147) steps (0.0003 hrs) 0.00:-8016.67 10536 (16) sec
[547] Max 4892 (713) steps (0.0002 hrs) 0.00:-8016.67 10552 (16) sec
[548] Max 4892 (1774) steps (0.0005 hrs) 0.00:-8016.67 10568 (16) sec
[549] Max 4892 (629) steps (0.0002 hrs) 0.00:-8016.67 10583 (15) sec
[550] Max 4892 (1992) steps (0.0006 hrs) 0.00:-8016.67 10604 (21) sec
[551] Max 4892 (2270) steps (0.0006 hrs) 0.00:-8016.67 10631 (27) sec
[552] Max 4892 (2770) steps (0.0008 hrs) 0.00:-8016.67 10656 (25) sec
[553] Max 4892 (1023) steps (0.0003 hrs) 0.00:-8016.67 10671 (15) sec
[554] Max 4892 (657) steps (0.0002 hrs) 0.00:-8016.67 10687 (16) sec
[555] Max 4892 (371) steps (0.0001 hrs) 0.00:-8016.67 10702 (15) sec
[556] Max 4892 (2138) steps (0.0006 hrs) 0.00:-8016.67 10728 (26) sec
[557] Max 4892 (586) steps (0.0002 hrs) 0.00:-8016.67 10744 (16) sec
[558] Max 4892 (1174) steps (0.0003 hrs) 0.00:-8016.67 10759 (15) sec
[559] Max 4892 (452) steps (0.0001 hrs) 0.00:-8016.67 10775 (16) sec
[560] Max 4892 (1018) steps (0.0003 hrs) 0.00:-8016.67 10790 (15) sec
[561] Max 4892 (1273) steps (0.0004 hrs) 0.00:-8016.67 10806 (16) sec
[562] Max 4892 (1573) steps (0.0004 hrs) 0.00:-8016.67 10823 (17) sec
[563] Max 4892 (431) steps (0.0001 hrs) 0.00:-8016.67 10839 (16) sec
[564] Max 4892 (2679) steps (0.0007 hrs) 0.00:-8016.67 10865 (26) sec
[565] Max 4892 (1441) steps (0.0004 hrs) 0.00:-8016.67 10881 (16) sec
[566] Max 4892 (357) steps (0.0001 hrs) 0.00:-8016.67 10897 (16) sec
[567] Max 4892 (1046) steps (0.0003 hrs) 0.00:-8016.67 10912 (15) sec
[568] Max 4892 (289) steps (0.0001 hrs) 0.00:-8016.67 10928 (16) sec
[569] Max 4892 (831) steps (0.0002 hrs) 0.00:-8016.67 10944 (16) sec
[570] Max 4892 (2610) steps (0.0007 hrs) 0.00:-8016.67 10971 (27) sec
[571] Max 4892 (1226) steps (0.0003 hrs) 0.00:-8016.67 10986 (15) sec
[572] Max 4892 (2341) steps (0.0007 hrs) 0.00:-8016.67 11011 (25) sec
[573] Max 4892 (682) steps (0.0002 hrs) 0.00:-8016.67 11026 (15) sec
[574] Max 4892 (2422) steps (0.0007 hrs) 0.00:-8016.67 11044 (18) sec
[575] Max 4892 (434) steps (0.0001 hrs) 0.00:-8016.67 11060 (16) sec
[576] Max 4892 (1521) steps (0.0004 hrs) 0.00:-8016.67 11075 (15) sec
[577] Max 4892 (266) steps (0.0001 hrs) 0.00:-8016.67 11091 (16) sec
[578] Max 4892 (435) steps (0.0001 hrs) 0.00:-8016.67 11106 (15) sec
[579] Max 4892 (277) steps (0.0001 hrs) 0.00:-8016.67 11122 (16) sec
[580] Max 4892 (841) steps (0.0002 hrs) 0.00:-8016.67 11137 (15) sec
[581] Max 4892 (744) steps (0.0002 hrs) 0.00:-8016.67 11152 (15) sec
[582] Max 4892 (2239) steps (0.0006 hrs) 0.00:-8016.67 11179 (27) sec
[583] Max 4892 (2347) steps (0.0007 hrs) 0.00:-8016.67 11206 (27) sec
[584] Max 4892 (194) steps (0.0001 hrs) 0.00:-8016.67 11221 (15) sec
[585] Max 4892 (1340) steps (0.0004 hrs) 0.00:-8016.67 11237 (16) sec
[586] Max 4892 (1688) steps (0.0005 hrs) 0.00:-8016.67 11252 (15) sec
[587] Max 4892 (1187) steps (0.0003 hrs) 0.00:-8016.67 11269 (17) sec
[588] Max 4892 (1719) steps (0.0005 hrs) 0.00:-8016.67 11288 (19) sec
[589] Max 4892 (2205) steps (0.0006 hrs) 0.00:-8016.67 11315 (27) sec
[590] Max 4892 (1617) steps (0.0004 hrs) 0.00:-8016.67 11331 (16) sec
[591] Max 4892 (1214) steps (0.0003 hrs) 0.00:-8016.67 11347 (16) sec
[592] Max 4892 (697) steps (0.0002 hrs) 0.00:-8016.67 11363 (16) sec
[593] Max 4892 (1176) steps (0.0003 hrs) 0.00:-8016.67 11379 (16) sec
[594] Max 4892 (1524) steps (0.0004 hrs) 0.00:-8016.67 11394 (15) sec
[595] Max 4892 (1532) steps (0.0004 hrs) 0.00:-8016.67 11410 (16) sec
[596] Max 4892 (1978) steps (0.0005 hrs) 0.00:-8016.67 11425 (15) sec
[597] Max 4892 (2622) steps (0.0007 hrs) 0.00:-8016.67 11453 (28) sec
[598] Max 4892 (339) steps (0.0001 hrs) 0.00:-8016.67 11468 (15) sec
[599] Max 4892 (3347) steps (0.0009 hrs) 0.00:-8016.67 11484 (16) sec
[600] Max 4892 (182) steps (0.0001 hrs) 0.00:-8016.67 11499 (15) sec
[601] Max 4892 (2001) steps (0.0006 hrs) 0.00:-8016.67 11516 (17) sec
[602] Max 4892 (2487) steps (0.0007 hrs) 0.00:-8016.67 11544 (28) sec
[603] Max 4892 (1448) steps (0.0004 hrs) 0.00:-8016.67 11559 (15) sec
[604] Max 4892 (3183) steps (0.0009 hrs) 0.00:-8016.67 11585 (26) sec
[605] Max 4892 (1578) steps (0.0004 hrs) 0.00:-8016.67 11601 (16) sec
[606] Max 4892 (1928) steps (0.0005 hrs) 0.00:-8016.67 11625 (24) sec
[607] Max 4892 (1119) steps (0.0003 hrs) 0.00:-8016.67 11640 (15) sec
[608] Max 4892 (2223) steps (0.0006 hrs) 0.00:-8016.67 11657 (17) sec
[609] Max 4892 (1091) steps (0.0003 hrs) 0.00:-8016.67 11673 (16) sec
[610] Max 4892 (2598) steps (0.0007 hrs) 0.00:-8016.67 11700 (27) sec
[611] Max 4892 (2955) steps (0.0008 hrs) 0.00:-8016.67 11719 (19) sec
[612] Max 4892 (658) steps (0.0002 hrs) 0.00:-8016.67 11734 (15) sec
[613] Max 4892 (1826) steps (0.0005 hrs) 0.00:-8016.67 11751 (17) sec
[614] Max 4892 (2580) steps (0.0007 hrs) 0.00:-8016.67 11771 (20) sec
[615] Max 4892 (453) steps (0.0001 hrs) 0.00:-8016.67 11787 (16) sec
[616] Max 4892 (3427) steps (0.0010 hrs) 0.00:-8016.67 11803 (16) sec
[617] Max 4892 (2069) steps (0.0006 hrs) 0.00:-8016.67 11824 (21) sec
[618] Max 4892 (1509) steps (0.0004 hrs) 0.00:-8016.67 11840 (16) sec
[619] Max 4892 (1203) steps (0.0003 hrs) 0.00:-8016.67 11856 (16) sec
[620] Max 4892 (2522) steps (0.0007 hrs) 0.00:-8016.67 11881 (25) sec
[621] Max 4892 (2383) steps (0.0007 hrs) 0.00:-8016.67 11908 (27) sec
[622] Max 4892 (858) steps (0.0002 hrs) 0.00:-8016.67 11924 (16) sec
[623] Max 4892 (468) steps (0.0001 hrs) 0.00:-8016.67 11939 (15) sec
[624] Max 4892 (862) steps (0.0002 hrs) 0.00:-8016.67 11955 (16) sec
[625] Max 4892 (2500) steps (0.0007 hrs) 0.00:-8016.67 11981 (26) sec
[626] Max 4892 (2252) steps (0.0006 hrs) 0.00:-8016.67 12005 (24) sec
[627] Max 4892 (2229) steps (0.0006 hrs) 0.00:-8016.67 12033 (28) sec
[628] Max 4892 (2136) steps (0.0006 hrs) 0.00:-8016.67 12060 (27) sec
[629] Max 4892 (2213) steps (0.0006 hrs) 0.00:-8016.67 12087 (27) sec
[630] Max 4892 (1982) steps (0.0006 hrs) 0.00:-8016.67 12114 (27) sec
[631] Max 4892 (527) steps (0.0001 hrs) 0.00:-8016.67 12129 (15) sec
[632] Max 4892 (2040) steps (0.0006 hrs) 0.00:-8016.67 12146 (17) sec
[633] Max 4892 (189) steps (0.0001 hrs) 0.00:-8016.67 12162 (16) sec
[634] Max 4892 (1813) steps (0.0005 hrs) 0.00:-8016.67 12184 (22) sec
[635] Max 4892 (1730) steps (0.0005 hrs) 0.00:-8016.67 12203 (19) sec
[636] Max 4892 (1331) steps (0.0004 hrs) 0.00:-8016.67 12219 (16) sec
[637] Max 4892 (209) steps (0.0001 hrs) 0.00:-8016.67 12234 (15) sec
[638] Max 4892 (2696) steps (0.0007 hrs) 0.00:-8016.67 12261 (27) sec
[639] Max 4892 (1232) steps (0.0003 hrs) 0.00:-8016.67 12276 (15) sec
[640] Max 4892 (2155) steps (0.0006 hrs) 0.00:-8016.67 12304 (28) sec
[641] Max 4892 (2267) steps (0.0006 hrs) 0.00:-8016.67 12319 (15) sec
[642] Max 4892 (180) steps (0.0001 hrs) 0.00:-8016.67 12335 (16) sec
[643] Max 4892 (2105) steps (0.0006 hrs) 0.00:-8016.67 12362 (27) sec
[644] Max 4892 (1900) steps (0.0005 hrs) 0.00:-8016.67 12389 (27) sec
[645] Max 4892 (289) steps (0.0001 hrs) 0.00:-8016.67 12404 (15) sec
[646] Max 4892 (2182) steps (0.0006 hrs) 0.00:-8016.67 12431 (27) sec
[647] Max 4892 (523) steps (0.0001 hrs) 0.00:-8016.67 12447 (16) sec
[648] Max 4892 (321) steps (0.0001 hrs) 0.00:-8016.67 12462 (15) sec
[649] Max 4892 (2042) steps (0.0006 hrs) 0.00:-8016.67 12485 (23) sec
[650] Max 4892 (2769) steps (0.0008 hrs) 0.00:-8016.67 12512 (27) sec
[651] Max 4892 (2477) steps (0.0007 hrs) 0.00:-8016.67 12537 (25) sec
[652] Max 4892 (993) steps (0.0003 hrs) 0.00:-8016.67 12552 (15) sec
[653] Max 4892 (2257) steps (0.0006 hrs) 0.00:-8016.67 12574 (22) sec
[654] Max 4892 (2264) steps (0.0006 hrs) 0.00:-8016.67 12602 (28) sec
[655] Max 4892 (1764) steps (0.0005 hrs) 0.00:-8016.67 12625 (23) sec
[656] Max 4892 (525) steps (0.0001 hrs) 0.00:-8016.67 12640 (15) sec
[657] Max 5786 (5786) steps (0.0016 hrs) 0.00:-8016.67 12659 (19) sec
[658] Max 5786 (618) steps (0.0002 hrs) 0.00:-8016.67 12675 (16) sec
[659] Max 5786 (328) steps (0.0001 hrs) 0.00:-8016.67 12690 (15) sec
[660] Max 5786 (480) steps (0.0001 hrs) 0.00:-8016.67 12705 (15) sec
[661] Max 5786 (1895) steps (0.0005 hrs) 0.00:-8016.67 12722 (17) sec
[662] Max 5786 (2472) steps (0.0007 hrs) 0.00:-8016.67 12739 (17) sec
[663] Max 5786 (1958) steps (0.0005 hrs) 0.00:-8016.67 12765 (26) sec
[664] Max 5786 (1092) steps (0.0003 hrs) 0.00:-8016.67 12780 (15) sec
[665] Max 5786 (2145) steps (0.0006 hrs) 0.00:-8016.67 12807 (27) sec
[666] Max 5786 (701) steps (0.0002 hrs) 0.00:-8016.67 12823 (16) sec
[667] Max 5786 (2055) steps (0.0006 hrs) 0.00:-8016.67 12847 (24) sec
[668] Max 5786 (227) steps (0.0001 hrs) 0.00:-8016.67 12862 (15) sec
[669] Max 5786 (2816) steps (0.0008 hrs) 0.00:-8016.67 12889 (27) sec
[670] Max 5786 (1138) steps (0.0003 hrs) 0.00:-8016.67 12904 (15) sec
[671] Max 5786 (1658) steps (0.0005 hrs) 0.00:-8016.67 12920 (16) sec
[672] Max 5786 (2376) steps (0.0007 hrs) 0.00:-8016.67 12936 (16) sec
[673] Max 5786 (514) steps (0.0001 hrs) 0.00:-8016.67 12951 (15) sec
[674] Max 5786 (2969) steps (0.0008 hrs) 0.00:-8016.67 12979 (28) sec
[675] Max 5786 (1398) steps (0.0004 hrs) 0.00:-8016.67 12994 (15) sec
[676] Max 5786 (432) steps (0.0001 hrs) 0.00:-8016.67 13010 (16) sec
[677] Max 5786 (4663) steps (0.0013 hrs) 0.00:-8016.67 13026 (16) sec
[678] Max 5786 (2427) steps (0.0007 hrs) 0.00:-8016.67 13053 (27) sec
[679] Max 5786 (708) steps (0.0002 hrs) 0.00:-8016.67 13069 (16) sec
[680] Max 5786 (2375) steps (0.0007 hrs) 0.00:-8016.67 13097 (28) sec
[681] Max 5786 (1993) steps (0.0006 hrs) 0.00:-8016.67 13121 (24) sec
[682] Max 5786 (625) steps (0.0002 hrs) 0.00:-8016.67 13137 (16) sec
[683] Max 5786 (402) steps (0.0001 hrs) 0.00:-8016.67 13152 (15) sec
[684] Max 5786 (2685) steps (0.0007 hrs) 0.00:-8016.67 13167 (15) sec
[685] Max 5786 (2249) steps (0.0006 hrs) 0.00:-8016.67 13184 (17) sec
[686] Max 5786 (2944) steps (0.0008 hrs) 0.00:-8016.67 13211 (27) sec
[687] Max 5786 (1355) steps (0.0004 hrs) 0.00:-8016.67 13227 (16) sec
[688] Max 5786 (1188) steps (0.0003 hrs) 0.00:-8016.67 13243 (16) sec
[689] Max 5786 (2131) steps (0.0006 hrs) 0.00:-8016.67 13270 (27) sec
[690] Max 5786 (1033) steps (0.0003 hrs) 0.00:-8016.67 13285 (15) sec
[691] Max 5786 (1061) steps (0.0003 hrs) 0.00:-8016.67 13301 (16) sec
[692] Max 5786 (2085) steps (0.0006 hrs) 0.00:-8016.67 13328 (27) sec
[693] Max 5786 (1950) steps (0.0005 hrs) 0.00:-8016.67 13345 (17) sec
[694] Max 5786 (2282) steps (0.0006 hrs) 0.00:-8016.67 13368 (23) sec
[695] Max 5786 (563) steps (0.0002 hrs) 0.00:-8016.67 13384 (16) sec
[696] Max 5786 (2327) steps (0.0006 hrs) 0.00:-8016.67 13399 (15) sec
[697] Max 5786 (339) steps (0.0001 hrs) 0.00:-8016.67 13414 (15) sec
[698] Max 5786 (1102) steps (0.0003 hrs) 0.00:-8016.67 13430 (16) sec
[699] Max 5786 (198) steps (0.0001 hrs) 0.00:-8016.67 13446 (16) sec
[700] Max 5786 (412) steps (0.0001 hrs) 0.00:-8016.67 13461 (15) sec
[701] Max 5786 (2116) steps (0.0006 hrs) 0.00:-8016.67 13484 (23) sec
[702] Max 5786 (400) steps (0.0001 hrs) 0.00:-8016.67 13499 (15) sec
[703] Max 5786 (2593) steps (0.0007 hrs) 0.00:-8016.67 13527 (28) sec
[704] Max 5786 (756) steps (0.0002 hrs) 0.00:-8016.67 13542 (15) sec
[705] Max 5786 (968) steps (0.0003 hrs) 0.00:-8016.67 13558 (16) sec
[706] Max 5786 (1522) steps (0.0004 hrs) 0.00:-8016.67 13573 (15) sec
[707] Max 5786 (2089) steps (0.0006 hrs) 0.00:-8016.67 13598 (25) sec
[708] Max 5786 (1155) steps (0.0003 hrs) 0.00:-8016.67 13614 (16) sec
[709] Max 5786 (2539) steps (0.0007 hrs) 0.00:-8016.67 13641 (27) sec
[710] Max 5786 (2931) steps (0.0008 hrs) 0.00:-8016.67 13669 (28) sec
[711] Max 5786 (2463) steps (0.0007 hrs) 0.00:-8016.67 13691 (22) sec
[712] Max 5786 (2091) steps (0.0006 hrs) 0.00:-8016.67 13711 (20) sec
[713] Max 5786 (2545) steps (0.0007 hrs) 0.00:-8016.67 13730 (19) sec
[714] Max 5786 (1728) steps (0.0005 hrs) 0.00:-8016.67 13746 (16) sec
[715] Max 5786 (224) steps (0.0001 hrs) 0.00:-8016.67 13761 (15) sec
[716] Max 5786 (2361) steps (0.0007 hrs) 0.00:-8016.67 13786 (25) sec
[717] Max 5786 (647) steps (0.0002 hrs) 0.00:-8016.67 13802 (16) sec
[718] Max 5786 (1839) steps (0.0005 hrs) 0.00:-8016.67 13818 (16) sec
[719] Max 5786 (431) steps (0.0001 hrs) 0.00:-8016.67 13833 (15) sec
[720] Max 5786 (766) steps (0.0002 hrs) 0.00:-8016.67 13849 (16) sec
[721] Max 5786 (2548) steps (0.0007 hrs) 0.00:-8016.67 13876 (27) sec
[722] Max 5786 (1147) steps (0.0003 hrs) 0.00:-8016.67 13891 (15) sec
[723] Max 5786 (2165) steps (0.0006 hrs) 0.00:-8016.67 13915 (24) sec
[724] Max 5786 (1839) steps (0.0005 hrs) 0.00:-8016.67 13931 (16) sec
[725] Max 5786 (2574) steps (0.0007 hrs) 0.00:-8016.67 13959 (28) sec
[726] Max 5786 (2463) steps (0.0007 hrs) 0.00:-8016.67 13986 (27) sec
[727] Max 5786 (2715) steps (0.0008 hrs) 0.00:-8016.67 14070 (84) sec
[728] Max 5786 (1400) steps (0.0004 hrs) 0.00:-8016.67 14233 (163) sec
[729] Max 5786 (2227) steps (0.0006 hrs) 0.00:-8016.67 14466 (233) sec
[730] Max 5786 (1964) steps (0.0005 hrs) 0.00:-8016.67 14539 (73) sec
[731] Max 5786 (1778) steps (0.0005 hrs) 0.00:-8016.67 14589 (50) sec
[732] Max 5786 (662) steps (0.0002 hrs) 0.00:-8016.67 14649 (60) sec
[733] Max 5786 (2011) steps (0.0006 hrs) 0.00:-8016.67 14727 (78) sec
[734] Max 5786 (629) steps (0.0002 hrs) 0.00:-8016.67 14770 (43) sec
[735] Max 5786 (637) steps (0.0002 hrs) 0.00:-8016.67 14824 (54) sec
[736] Max 5786 (1843) steps (0.0005 hrs) 0.00:-8016.67 14906 (82) sec
[737] Max 5786 (1965) steps (0.0005 hrs) 0.00:-8016.67 15019 (113) sec
[738] Max 5786 (308) steps (0.0001 hrs) 0.00:-8016.67 15103 (84) sec
[739] Max 5786 (1408) steps (0.0004 hrs) 0.00:-8016.67 15175 (72) sec
[740] Max 5786 (313) steps (0.0001 hrs) 0.00:-8016.67 15222 (47) sec
[741] Max 5786 (2035) steps (0.0006 hrs) 0.00:-8016.67 15249 (27) sec
[742] Max 5786 (1017) steps (0.0003 hrs) 0.00:-8016.67 15265 (16) sec
[743] Max 5786 (1484) steps (0.0004 hrs) 0.00:-8016.67 15282 (17) sec
[744] Max 5786 (885) steps (0.0002 hrs) 0.00:-8016.67 15297 (15) sec
[745] Max 5786 (2625) steps (0.0007 hrs) 0.00:-8016.67 15324 (27) sec
[746] Max 5786 (245) steps (0.0001 hrs) 0.00:-8016.67 15339 (15) sec
[747] Max 5786 (237) steps (0.0001 hrs) 0.00:-8016.67 15355 (16) sec
[748] Max 5786 (1027) steps (0.0003 hrs) 0.00:-8016.67 15370 (15) sec
[749] Max 5786 (1894) steps (0.0005 hrs) 0.00:-8016.67 15398 (28) sec
[750] Max 5786 (2233) steps (0.0006 hrs) 0.00:-8016.67 15424 (26) sec
[751] Max 5786 (2011) steps (0.0006 hrs) 0.00:-8016.67 15450 (26) sec
[752] Max 5786 (186) steps (0.0001 hrs) 0.00:-8016.67 15466 (16) sec
[753] Max 5786 (838) steps (0.0002 hrs) 0.00:-8016.67 15481 (15) sec
[754] Max 5786 (1943) steps (0.0005 hrs) 0.00:-8016.67 15507 (26) sec
[755] Max 5786 (2622) steps (0.0007 hrs) 0.00:-8016.67 15529 (22) sec
[756] Max 5786 (332) steps (0.0001 hrs) 0.00:-8016.67 15545 (16) sec
[757] Max 5786 (1560) steps (0.0004 hrs) 0.00:-8016.67 15562 (17) sec
[758] Max 5786 (526) steps (0.0001 hrs) 0.00:-8016.67 15578 (16) sec
[759] Max 5786 (1862) steps (0.0005 hrs) 0.00:-8016.67 15604 (26) sec
[760] Max 5786 (1259) steps (0.0003 hrs) 0.00:-8016.67 15620 (16) sec
[761] Max 5786 (235) steps (0.0001 hrs) 0.00:-8016.67 15637 (17) sec
[762] Max 5786 (677) steps (0.0002 hrs) 0.00:-8016.67 15662 (25) sec
[763] Max 5786 (4020) steps (0.0011 hrs) 0.00:-8016.67 15695 (33) sec
[764] Max 5786 (932) steps (0.0003 hrs) 0.00:-8016.67 15710 (15) sec
[765] Max 5786 (2367) steps (0.0007 hrs) 0.00:-8016.67 15736 (26) sec
[766] Max 5786 (1786) steps (0.0005 hrs) 0.00:-8016.67 15757 (21) sec
[767] Max 5786 (625) steps (0.0002 hrs) 0.00:-8016.67 15772 (15) sec
[768] Max 5786 (2568) steps (0.0007 hrs) 0.00:-8016.67 15799 (27) sec
[769] Max 5786 (2900) steps (0.0008 hrs) 0.00:-8016.67 15826 (27) sec
[770] Max 5786 (1346) steps (0.0004 hrs) 0.00:-8016.67 15842 (16) sec
[771] Max 5786 (1913) steps (0.0005 hrs) 0.00:-8016.67 15860 (18) sec
[772] Max 5786 (1706) steps (0.0005 hrs) 0.00:-8016.67 15875 (15) sec
[773] Max 5786 (618) steps (0.0002 hrs) 0.00:-8016.67 15891 (16) sec
[774] Max 5786 (1554) steps (0.0004 hrs) 0.00:-8016.67 15907 (16) sec
[775] Max 5786 (235) steps (0.0001 hrs) 0.00:-8016.67 15923 (16) sec
[776] Max 5786 (1031) steps (0.0003 hrs) 0.00:-8016.67 15939 (16) sec
[777] Max 5786 (2572) steps (0.0007 hrs) 0.00:-8016.67 15962 (23) sec
[778] Max 5786 (2230) steps (0.0006 hrs) 0.00:-8016.67 15989 (27) sec
[779] Max 5786 (1436) steps (0.0004 hrs) 0.00:-8016.67 16006 (17) sec
[780] Max 5786 (1006) steps (0.0003 hrs) 0.00:-8016.67 16022 (16) sec
[781] Max 5786 (423) steps (0.0001 hrs) 0.00:-8016.67 16037 (15) sec
[782] Max 5786 (1110) steps (0.0003 hrs) 0.00:-8016.67 16053 (16) sec
[783] Max 5786 (2056) steps (0.0006 hrs) 0.00:-8016.67 16073 (20) sec
[784] Max 5786 (2126) steps (0.0006 hrs) 0.00:-8016.67 16100 (27) sec
[785] Max 5786 (342) steps (0.0001 hrs) 0.00:-8016.67 16116 (16) sec
[786] Max 5786 (1270) steps (0.0004 hrs) 0.00:-8016.67 16131 (15) sec
[787] Max 5786 (497) steps (0.0001 hrs) 0.00:-8016.67 16147 (16) sec
[788] Max 5786 (2151) steps (0.0006 hrs) 0.00:-8016.67 16172 (25) sec
[789] Max 5786 (411) steps (0.0001 hrs) 0.00:-8016.67 16187 (15) sec
[790] Max 5786 (1863) steps (0.0005 hrs) 0.00:-8016.67 16214 (27) sec
[791] Max 5786 (408) steps (0.0001 hrs) 0.00:-8016.67 16237 (23) sec
[792] Max 5786 (1960) steps (0.0005 hrs) 0.00:-8016.67 16264 (27) sec
[793] Max 5786 (1014) steps (0.0003 hrs) 0.00:-8016.67 16279 (15) sec
[794] Max 5786 (2317) steps (0.0006 hrs) 0.00:-8016.67 16300 (21) sec
[795] Max 5786 (2327) steps (0.0006 hrs) 0.00:-8016.67 16327 (27) sec
[796] Max 5786 (1519) steps (0.0004 hrs) 0.00:-8016.67 16343 (16) sec
[797] Max 5786 (2322) steps (0.0006 hrs) 0.00:-8016.67 16370 (27) sec
[798] Max 5786 (1909) steps (0.0005 hrs) 0.00:-8016.67 16392 (22) sec
[799] Max 5786 (880) steps (0.0002 hrs) 0.00:-8016.67 16407 (15) sec
[800] Max 5786 (2947) steps (0.0008 hrs) 0.00:-8016.67 16434 (27) sec
[801] Max 5786 (1140) steps (0.0003 hrs) 0.00:-8016.67 16450 (16) sec
[802] Max 5786 (689) steps (0.0002 hrs) 0.00:-8016.67 16465 (15) sec
[803] Max 5786 (1295) steps (0.0004 hrs) 0.00:-8016.67 16481 (16) sec
[804] Max 5786 (2263) steps (0.0006 hrs) 0.00:-8016.67 16508 (27) sec
[805] Max 5786 (2049) steps (0.0006 hrs) 0.00:-8016.67 16535 (27) sec
[806] Max 5786 (1503) steps (0.0004 hrs) 0.00:-8016.67 16551 (16) sec
[807] Max 5786 (2241) steps (0.0006 hrs) 0.00:-8016.67 16577 (26) sec
[808] Max 5786 (629) steps (0.0002 hrs) 0.00:-8016.67 16592 (15) sec
[809] Max 5786 (435) steps (0.0001 hrs) 0.00:-8016.67 16607 (15) sec
[810] Max 5786 (1918) steps (0.0005 hrs) 0.00:-8016.67 16624 (17) sec
[811] Max 5786 (166) steps (0.0000 hrs) 0.00:-8016.67 16639 (15) sec
[812] Max 5786 (998) steps (0.0003 hrs) 0.00:-8016.67 16655 (16) sec
[813] Max 5786 (2468) steps (0.0007 hrs) 0.00:-8016.67 16682 (27) sec
[814] Max 5786 (441) steps (0.0001 hrs) 0.00:-8016.67 16697 (15) sec
[815] Max 5786 (1943) steps (0.0005 hrs) 0.00:-8016.67 16719 (22) sec
[816] Max 5786 (1198) steps (0.0003 hrs) 0.00:-8016.67 16734 (15) sec
[817] Max 5786 (983) steps (0.0003 hrs) 0.00:-8016.67 16750 (16) sec
[818] Max 5786 (1903) steps (0.0005 hrs) 0.00:-8016.67 16776 (26) sec
[819] Max 5786 (1948) steps (0.0005 hrs) 0.00:-8016.67 16794 (18) sec
[820] Max 5786 (2028) steps (0.0006 hrs) 0.00:-8016.67 16821 (27) sec
[821] Max 5786 (907) steps (0.0003 hrs) 0.00:-8016.67 16837 (16) sec
[822] Max 5786 (1356) steps (0.0004 hrs) 0.00:-8016.67 16853 (16) sec
[823] Max 5786 (2424) steps (0.0007 hrs) 0.00:-8016.67 16881 (28) sec
[824] Max 5786 (685) steps (0.0002 hrs) 0.00:-8016.67 16897 (16) sec
[825] Max 5786 (2148) steps (0.0006 hrs) 0.00:-8016.67 16922 (25) sec
[826] Max 5786 (1814) steps (0.0005 hrs) 0.00:-8016.67 16938 (16) sec
[827] Max 5786 (2038) steps (0.0006 hrs) 0.00:-8016.67 16965 (27) sec
[828] Max 5786 (2509) steps (0.0007 hrs) 0.00:-8016.67 16992 (27) sec
[829] Max 5786 (1320) steps (0.0004 hrs) 0.00:-8016.67 17008 (16) sec
[830] Max 5786 (2888) steps (0.0008 hrs) 0.00:-8016.67 17024 (16) sec
[831] Max 5786 (2553) steps (0.0007 hrs) 0.00:-8016.67 17050 (26) sec
[832] Max 5786 (2713) steps (0.0008 hrs) 0.00:-8016.67 17078 (28) sec
[833] Max 5786 (1858) steps (0.0005 hrs) 0.00:-8016.67 17093 (15) sec
[834] Max 5786 (1606) steps (0.0004 hrs) 0.00:-8016.67 17109 (16) sec
[835] Max 5786 (1934) steps (0.0005 hrs) 0.00:-8016.67 17136 (27) sec
[836] Max 5786 (915) steps (0.0003 hrs) 0.00:-8016.67 17152 (16) sec
[837] Max 5786 (760) steps (0.0002 hrs) 0.00:-8016.67 17167 (15) sec
[838] Max 5786 (931) steps (0.0003 hrs) 0.00:-8016.67 17182 (15) sec
[839] Max 5786 (471) steps (0.0001 hrs) 0.00:-8016.67 17198 (16) sec
[840] Max 5786 (1538) steps (0.0004 hrs) 0.00:-8016.67 17213 (15) sec
[841] Max 5786 (3604) steps (0.0010 hrs) 0.00:-8016.67 17244 (31) sec
[842] Max 5786 (1876) steps (0.0005 hrs) 0.00:-8016.67 17260 (16) sec
[843] Max 5786 (568) steps (0.0002 hrs) 0.00:-8016.67 17275 (15) sec
[844] Max 5786 (2618) steps (0.0007 hrs) 0.00:-8016.67 17302 (27) sec
[845] Max 5786 (1259) steps (0.0003 hrs) 0.00:-8016.67 17317 (15) sec
[846] Max 5786 (803) steps (0.0002 hrs) 0.00:-8016.67 17333 (16) sec
[847] Max 5786 (2332) steps (0.0006 hrs) 0.00:-8016.67 17358 (25) sec
[848] Max 5786 (2315) steps (0.0006 hrs) 0.00:-8016.67 17385 (27) sec
[849] Max 5786 (2361) steps (0.0007 hrs) 0.00:-8016.67 17402 (17) sec
[850] Max 5786 (2325) steps (0.0006 hrs) 0.00:-8016.67 17425 (23) sec
[851] Max 5786 (2472) steps (0.0007 hrs) 0.00:-8016.67 17453 (28) sec
[852] Max 5786 (637) steps (0.0002 hrs) 0.00:-8016.67 17468 (15) sec
[853] Max 5786 (2170) steps (0.0006 hrs) 0.00:-8016.67 17495 (27) sec
[854] Max 5786 (2020) steps (0.0006 hrs) 0.00:-8016.67 17520 (25) sec
[855] Max 5786 (2161) steps (0.0006 hrs) 0.00:-8016.67 17544 (24) sec
[856] Max 5786 (2091) steps (0.0006 hrs) 0.00:-8016.67 17570 (26) sec
[857] Max 5786 (813) steps (0.0002 hrs) 0.00:-8016.67 17585 (15) sec
[858] Max 5786 (699) steps (0.0002 hrs) 0.00:-8016.67 17600 (15) sec
[859] Max 5786 (2493) steps (0.0007 hrs) 0.00:-8016.67 17628 (28) sec
[860] Max 5786 (413) steps (0.0001 hrs) 0.00:-8016.67 17643 (15) sec
[861] Max 5786 (763) steps (0.0002 hrs) 0.00:-8016.67 17659 (16) sec
[862] Max 5786 (1373) steps (0.0004 hrs) 0.00:-8016.67 17674 (15) sec
[863] Max 5786 (306) steps (0.0001 hrs) 0.00:-8016.67 17689 (15) sec
[864] Max 5786 (2574) steps (0.0007 hrs) 0.00:-8016.67 17715 (26) sec
[865] Max 5786 (927) steps (0.0003 hrs) 0.00:-8016.67 17731 (16) sec
[866] Max 5786 (180) steps (0.0001 hrs) 0.00:-8016.67 17746 (15) sec
[867] Max 5786 (1710) steps (0.0005 hrs) 0.00:-8016.67 17762 (16) sec
[868] Max 5786 (2293) steps (0.0006 hrs) 0.00:-8016.67 17789 (27) sec
[869] Max 5786 (1946) steps (0.0005 hrs) 0.00:-8016.67 17808 (19) sec
[870] Max 5786 (2209) steps (0.0006 hrs) 0.00:-8016.67 17834 (26) sec
[871] Max 5786 (1988) steps (0.0006 hrs) 0.00:-8016.67 17858 (24) sec
[872] Max 5786 (606) steps (0.0002 hrs) 0.00:-8016.67 17873 (15) sec
[873] Max 5786 (2242) steps (0.0006 hrs) 0.00:-8016.67 17900 (27) sec
[874] Max 5786 (2041) steps (0.0006 hrs) 0.00:-8016.67 17927 (27) sec
[875] Max 5786 (1015) steps (0.0003 hrs) 0.00:-8016.67 17942 (15) sec
[876] Max 5786 (1112) steps (0.0003 hrs) 0.00:-8016.67 17958 (16) sec
[877] Max 5786 (1545) steps (0.0004 hrs) 0.00:-8016.67 17973 (15) sec
[878] Max 5786 (533) steps (0.0001 hrs) 0.00:-8016.67 17988 (15) sec
[879] Max 5786 (2652) steps (0.0007 hrs) 0.00:-8016.67 18015 (27) sec
[880] Max 5786 (567) steps (0.0002 hrs) 0.00:-8016.67 18030 (15) sec
[881] Max 5786 (2098) steps (0.0006 hrs) 0.00:-8016.67 18050 (20) sec
[882] Max 5786 (1297) steps (0.0004 hrs) 0.00:-8016.67 18066 (16) sec
[883] Max 5786 (1250) steps (0.0003 hrs) 0.00:-8016.67 18081 (15) sec
[884] Max 5786 (1891) steps (0.0005 hrs) 0.00:-8016.67 18097 (16) sec
[885] Max 5786 (1393) steps (0.0004 hrs) 0.00:-8016.67 18113 (16) sec
[886] Max 5786 (483) steps (0.0001 hrs) 0.00:-8016.67 18128 (15) sec
[887] Max 5786 (359) steps (0.0001 hrs) 0.00:-8016.67 18144 (16) sec
[888] Max 5786 (672) steps (0.0002 hrs) 0.00:-8016.67 18159 (15) sec
[889] Max 5786 (2178) steps (0.0006 hrs) 0.00:-8016.67 18187 (28) sec
[890] Max 5786 (1656) steps (0.0005 hrs) 0.00:-8016.67 18202 (15) sec
[891] Max 5786 (1883) steps (0.0005 hrs) 0.00:-8016.67 18221 (19) sec
[892] Max 5786 (703) steps (0.0002 hrs) 0.00:-8016.67 18236 (15) sec
[893] Max 5786 (1576) steps (0.0004 hrs) 0.00:-8016.67 18252 (16) sec
[894] Max 5786 (2454) steps (0.0007 hrs) 0.00:-8016.67 18279 (27) sec
[895] Max 5786 (421) steps (0.0001 hrs) 0.00:-8016.67 18294 (15) sec
[896] Max 5786 (1901) steps (0.0005 hrs) 0.00:-8016.67 18319 (25) sec
[897] Max 5786 (1757) steps (0.0005 hrs) 0.00:-8016.67 18335 (16) sec
[898] Max 5786 (206) steps (0.0001 hrs) 0.00:-8016.67 18350 (15) sec
[899] Max 5786 (2419) steps (0.0007 hrs) 0.00:-8016.67 18367 (17) sec
[900] Max 5786 (1022) steps (0.0003 hrs) 0.00:-8016.67 18383 (16) sec
[901] Max 5786 (171) steps (0.0000 hrs) 0.00:-8016.67 18398 (15) sec
[902] Max 5786 (2336) steps (0.0006 hrs) 0.00:-8016.67 18425 (27) sec
[903] Max 5786 (649) steps (0.0002 hrs) 0.00:-8016.67 18440 (15) sec
[904] Max 5786 (2078) steps (0.0006 hrs) 0.00:-8016.67 18457 (17) sec
[905] Max 5786 (878) steps (0.0002 hrs) 0.00:-8016.67 18473 (16) sec
[906] Max 5786 (1934) steps (0.0005 hrs) 0.00:-8016.67 18499 (26) sec
[907] Max 5786 (2483) steps (0.0007 hrs) 0.00:-8016.67 18527 (28) sec
[908] Max 5786 (1416) steps (0.0004 hrs) 0.00:-8016.67 18543 (16) sec
[909] Max 5786 (390) steps (0.0001 hrs) 0.00:-8016.67 18558 (15) sec
[910] Max 5786 (2146) steps (0.0006 hrs) 0.00:-8016.67 18584 (26) sec
[911] Max 5786 (2025) steps (0.0006 hrs) 0.00:-8016.67 18611 (27) sec
[912] Max 5786 (556) steps (0.0002 hrs) 0.00:-8016.67 18626 (15) sec
[913] Max 5786 (211) steps (0.0001 hrs) 0.00:-8016.67 18641 (15) sec
[914] Max 5786 (1209) steps (0.0003 hrs) 0.00:-8016.67 18657 (16) sec
[915] Max 5786 (804) steps (0.0002 hrs) 0.00:-8016.67 18672 (15) sec
[916] Max 5786 (1121) steps (0.0003 hrs) 0.00:-8016.67 18688 (16) sec
[917] Max 5786 (964) steps (0.0003 hrs) 0.00:-8016.67 18704 (16) sec
[918] Max 5786 (2066) steps (0.0006 hrs) 0.00:-8016.67 18731 (27) sec
[919] Max 5786 (582) steps (0.0002 hrs) 0.00:-8016.67 18748 (17) sec
[920] Max 5786 (618) steps (0.0002 hrs) 0.00:-8016.67 18763 (15) sec
[921] Max 5786 (573) steps (0.0002 hrs) 0.00:-8016.67 18779 (16) sec
[922] Max 5786 (551) steps (0.0002 hrs) 0.00:-8016.67 18794 (15) sec
[923] Max 5786 (2424) steps (0.0007 hrs) 0.00:-8016.67 18814 (20) sec
[924] Max 5786 (1360) steps (0.0004 hrs) 0.00:-8016.67 18830 (16) sec
[925] Max 5786 (2218) steps (0.0006 hrs) 0.00:-8016.67 18857 (27) sec
[926] Max 5786 (986) steps (0.0003 hrs) 0.00:-8016.67 18873 (16) sec
[927] Max 5786 (2230) steps (0.0006 hrs) 0.00:-8016.67 18894 (21) sec
[928] Max 5786 (387) steps (0.0001 hrs) 0.00:-8016.67 18910 (16) sec
[929] Max 5786 (627) steps (0.0002 hrs) 0.00:-8016.67 18925 (15) sec
[930] Max 5786 (2001) steps (0.0006 hrs) 0.00:-8016.67 18942 (17) sec
[931] Max 5786 (716) steps (0.0002 hrs) 0.00:-8016.67 18958 (16) sec
[932] Max 5786 (2935) steps (0.0008 hrs) 0.00:-8016.67 18974 (16) sec
[933] Max 5786 (1449) steps (0.0004 hrs) 0.00:-8016.67 18990 (16) sec
[934] Max 5786 (464) steps (0.0001 hrs) 0.00:-8016.67 19006 (16) sec
[935] Max 5786 (2006) steps (0.0006 hrs) 0.00:-8016.67 19033 (27) sec
[936] Max 5786 (467) steps (0.0001 hrs) 0.00:-8016.67 19048 (15) sec
[937] Max 5786 (877) steps (0.0002 hrs) 0.00:-8016.67 19064 (16) sec
[938] Max 5786 (614) steps (0.0002 hrs) 0.00:-8016.67 19079 (15) sec
[939] Max 5786 (1139) steps (0.0003 hrs) 0.00:-8016.67 19095 (16) sec
[940] Max 5786 (1097) steps (0.0003 hrs) 0.00:-8016.67 19110 (15) sec
[941] Max 5786 (508) steps (0.0001 hrs) 0.00:-8016.67 19126 (16) sec
[942] Max 5786 (468) steps (0.0001 hrs) 0.00:-8016.67 19141 (15) sec
[943] Max 5786 (1717) steps (0.0005 hrs) 0.00:-8016.67 19164 (23) sec
[944] Max 5786 (229) steps (0.0001 hrs) 0.00:-8016.67 19179 (15) sec
[945] Max 5786 (225) steps (0.0001 hrs) 0.00:-8016.67 19194 (15) sec
[946] Max 5786 (1120) steps (0.0003 hrs) 0.00:-8016.67 19210 (16) sec
[947] Max 5786 (2240) steps (0.0006 hrs) 0.00:-8016.67 19236 (26) sec
[948] Max 5786 (1275) steps (0.0004 hrs) 0.00:-8016.67 19251 (15) sec
[949] Max 5786 (601) steps (0.0002 hrs) 0.00:-8016.67 19267 (16) sec
[950] Max 5786 (235) steps (0.0001 hrs) 0.00:-8016.67 19282 (15) sec
[951] Max 5786 (653) steps (0.0002 hrs) 0.00:-8016.67 19297 (15) sec
[952] Max 5786 (2250) steps (0.0006 hrs) 0.00:-8016.67 19325 (28) sec
[953] Max 5786 (1228) steps (0.0003 hrs) 0.00:-8016.67 19341 (16) sec
[954] Max 5786 (1145) steps (0.0003 hrs) 0.00:-8016.67 19356 (15) sec
[955] Max 5786 (2404) steps (0.0007 hrs) 0.00:-8016.67 19379 (23) sec
[956] Max 5786 (2436) steps (0.0007 hrs) 0.00:-8016.67 19405 (26) sec
[957] Max 5786 (282) steps (0.0001 hrs) 0.00:-8016.67 19421 (16) sec
[958] Max 5786 (522) steps (0.0001 hrs) 0.00:-8016.67 19436 (15) sec
[959] Max 5786 (2448) steps (0.0007 hrs) 0.00:-8016.67 19463 (27) sec
[960] Max 5786 (1222) steps (0.0003 hrs) 0.00:-8016.67 19479 (16) sec
[961] Max 5786 (2406) steps (0.0007 hrs) 0.00:-8016.67 19506 (27) sec
[962] Max 5786 (1802) steps (0.0005 hrs) 0.00:-8016.67 19522 (16) sec
[963] Max 5786 (2248) steps (0.0006 hrs) 0.00:-8016.67 19549 (27) sec
[964] Max 5786 (2136) steps (0.0006 hrs) 0.00:-8016.67 19577 (28) sec
[965] Max 5786 (2118) steps (0.0006 hrs) 0.00:-8016.67 19594 (17) sec
[966] Max 5786 (2344) steps (0.0007 hrs) 0.00:-8016.67 19618 (24) sec
[967] Max 5786 (579) steps (0.0002 hrs) 0.00:-8016.67 19634 (16) sec
[968] Max 5786 (875) steps (0.0002 hrs) 0.00:-8016.67 19649 (15) sec
[969] Max 5786 (1604) steps (0.0004 hrs) 0.00:-8016.67 19665 (16) sec
[970] Max 5786 (2539) steps (0.0007 hrs) 0.00:-8016.67 19692 (27) sec
[971] Max 5786 (1406) steps (0.0004 hrs) 0.00:-8016.67 19708 (16) sec
[972] Max 5786 (838) steps (0.0002 hrs) 0.00:-8016.67 19723 (15) sec
[973] Max 5786 (1268) steps (0.0004 hrs) 0.00:-8016.67 19739 (16) sec
[974] Max 5786 (277) steps (0.0001 hrs) 0.00:-8016.67 19754 (15) sec
[975] Max 5786 (1777) steps (0.0005 hrs) 0.00:-8016.67 19781 (27) sec
[976] Max 5786 (317) steps (0.0001 hrs) 0.00:-8016.67 19797 (16) sec
[977] Max 5786 (267) steps (0.0001 hrs) 0.00:-8016.67 19812 (15) sec
[978] Max 5786 (1546) steps (0.0004 hrs) 0.00:-8016.67 19828 (16) sec
[979] Max 5786 (1355) steps (0.0004 hrs) 0.00:-8016.67 19844 (16) sec
[980] Max 5786 (2371) steps (0.0007 hrs) 0.00:-8016.67 19871 (27) sec
[981] Max 5786 (214) steps (0.0001 hrs) 0.00:-8016.67 19886 (15) sec
[982] Max 5786 (1180) steps (0.0003 hrs) 0.00:-8016.67 19902 (16) sec
[983] Max 5786 (1593) steps (0.0004 hrs) 0.00:-8016.67 19917 (15) sec
[984] Max 5786 (2164) steps (0.0006 hrs) 0.00:-8016.67 19944 (27) sec
[985] Max 5786 (1352) steps (0.0004 hrs) 0.00:-8016.67 19959 (15) sec
[986] Max 5786 (2243) steps (0.0006 hrs) 0.00:-8016.67 19987 (28) sec
[987] Max 5786 (1322) steps (0.0004 hrs) 0.00:-8016.67 20002 (15) sec
[988] Max 5786 (752) steps (0.0002 hrs) 0.00:-8016.67 20018 (16) sec
[989] Max 5786 (1134) steps (0.0003 hrs) 0.00:-8016.67 20034 (16) sec
[990] Max 5786 (2204) steps (0.0006 hrs) 0.00:-8016.67 20060 (26) sec
[991] Max 5786 (1573) steps (0.0004 hrs) 0.00:-8016.67 20077 (17) sec
[992] Max 5786 (2945) steps (0.0008 hrs) 0.00:-8016.67 20104 (27) sec
[993] Max 5786 (1122) steps (0.0003 hrs) 0.00:-8016.67 20120 (16) sec
[994] Max 5786 (209) steps (0.0001 hrs) 0.00:-8016.67 20135 (15) sec
[995] Max 5786 (874) steps (0.0002 hrs) 0.00:-8016.67 20151 (16) sec
[996] Max 5786 (1138) steps (0.0003 hrs) 0.00:-8016.67 20166 (15) sec
[997] Max 5786 (2718) steps (0.0008 hrs) 0.00:-8016.67 20183 (17) sec
[998] Max 5786 (911) steps (0.0003 hrs) 0.00:-8016.67 20199 (16) sec
[999] Max 5786 (2240) steps (0.0006 hrs) 0.00:-8016.67 20226 (27) sec
[1000] Max 5786 (391) steps (0.0001 hrs) 0.00:-8016.67 20241 (15) sec
Total Elapsed time: 20241 seconds
Wrote current data to latest.train
