balanced 0 test_flag 0
[1] Ep10000: Max 2583 (2583) steps (0.0007 hrs) -nan:-nan 23 (23) sec
[2] Ep10000: Max 3743 (3743) steps (0.0010 hrs) -nan:-nan 54 (31) sec
[3] Ep10000: Max 3743 (871) steps (0.0002 hrs) -nan:-nan 62 (8) sec
[4] Ep10000: Max 3743 (1909) steps (0.0005 hrs) -nan:-nan 90 (28) sec
[5] Ep10000: Max 3743 (3207) steps (0.0009 hrs) -nan:-nan 115 (25) sec
[6] Ep10000: Max 3743 (2533) steps (0.0007 hrs) -nan:-nan 144 (29) sec
[7] Ep10000: Max 3743 (2344) steps (0.0007 hrs) -nan:-nan 173 (29) sec
[8] Ep10000: Max 3743 (2618) steps (0.0007 hrs) -nan:-nan 200 (27) sec
[9] Ep10000: Max 3743 (2592) steps (0.0007 hrs) -nan:-nan 227 (27) sec
[10] Ep10000: Max 3743 (2302) steps (0.0006 hrs) -nan:-nan 255 (28) sec
[11] Ep10000: Max 3743 (2112) steps (0.0006 hrs) -nan:-nan 276 (21) sec
[12] Ep10000: Max 3743 (3513) steps (0.0010 hrs) -nan:-nan 306 (30) sec
[13] Ep10000: Max 3743 (2728) steps (0.0008 hrs) -nan:-nan 337 (31) sec
[14] Ep10000: Max 5535 (5535) steps (0.0015 hrs) -nan:-nan 373 (36) sec
[15] Ep10000: Max 5535 (2318) steps (0.0006 hrs) -nan:-nan 404 (31) sec
[16] Ep10000: Max 5535 (2998) steps (0.0008 hrs) -nan:-nan 435 (31) sec
[17] Ep10000: Max 5535 (2616) steps (0.0007 hrs) -nan:-nan 466 (31) sec
[18] Ep10000: Max 5535 (3614) steps (0.0010 hrs) -nan:-nan 482 (16) sec
[19] Ep10000: Max 6198 (6198) steps (0.0017 hrs) -nan:-nan 510 (28) sec
[20] Ep10000: Max 6198 (1595) steps (0.0004 hrs) -nan:-nan 538 (28) sec
[21] Ep10000: Max 6198 (2877) steps (0.0008 hrs) -nan:-nan 565 (27) sec
[22] Ep10000: Max 6198 (3199) steps (0.0009 hrs) -nan:-nan 597 (32) sec
[23] Ep10000: Max 6198 (3079) steps (0.0009 hrs) -nan:-nan 628 (31) sec
[24] Ep10000: Max 6198 (3048) steps (0.0008 hrs) -nan:-nan 651 (23) sec
[25] Ep10000: Max 6198 (3719) steps (0.0010 hrs) -nan:-nan 684 (33) sec
[26] Ep10000: Max 6198 (2890) steps (0.0008 hrs) -nan:-nan 697 (13) sec
[27] Ep10000: Max 6198 (4858) steps (0.0013 hrs) -nan:-nan 724 (27) sec
[28] Ep10000: Max 6198 (3468) steps (0.0010 hrs) -nan:-nan 757 (33) sec
[29] Ep10000: Max 6198 (644) steps (0.0002 hrs) -nan:-nan 763 (6) sec
[30] Ep10000: Max 6198 (3422) steps (0.0010 hrs) -nan:-nan 792 (29) sec
[31] Ep10000: Max 6198 (1149) steps (0.0003 hrs) -nan:-nan 799 (7) sec
[32] Ep10000: Max 9708 (9708) steps (0.0027 hrs) -nan:-nan 828 (29) sec
[33] Ep10000: Max 9708 (3541) steps (0.0010 hrs) -nan:-nan 859 (31) sec
[34] Ep10000: Max 9708 (2827) steps (0.0008 hrs) -nan:-nan 890 (31) sec
[35] Ep10000: Max 9708 (2395) steps (0.0007 hrs) -nan:-nan 918 (28) sec
[36] Ep10000: Max 9708 (2939) steps (0.0008 hrs) -nan:-nan 945 (27) sec
[37] Ep10000: Max 9708 (2776) steps (0.0008 hrs) -nan:-nan 972 (27) sec
[38] Ep10000: Max 9708 (785) steps (0.0002 hrs) -nan:-nan 979 (7) sec
[39] Ep10000: Max 9708 (1121) steps (0.0003 hrs) -nan:-nan 986 (7) sec
[40] Ep10000: Max 9708 (3315) steps (0.0009 hrs) -nan:-nan 1012 (26) sec
[41] Ep10000: Max 9708 (3184) steps (0.0009 hrs) -nan:-nan 1041 (29) sec
[42] Ep10000: Max 9708 (2991) steps (0.0008 hrs) -nan:-nan 1070 (29) sec
[43] Ep10000: Max 9708 (960) steps (0.0003 hrs) -nan:-nan 1095 (25) sec
[44] Ep10000: Max 9708 (2342) steps (0.0007 hrs) -nan:-nan 1104 (9) sec
[45] Ep10000: Max 9708 (695) steps (0.0002 hrs) -nan:-nan 1129 (25) sec
[46] Ep10000: Max 9708 (2564) steps (0.0007 hrs) -nan:-nan 1158 (29) sec
[47] Ep10000: Max 9708 (2158) steps (0.0006 hrs) -nan:-nan 1187 (29) sec
[48] Ep10000: Max 9708 (1530) steps (0.0004 hrs) -nan:-nan 1199 (12) sec
[49] Ep10000: Max 9708 (2407) steps (0.0007 hrs) -nan:-nan 1218 (19) sec
[50] Ep10000: Max 9708 (1576) steps (0.0004 hrs) -nan:-nan 1243 (25) sec
[51] Ep10000: Max 9708 (2866) steps (0.0008 hrs) -nan:-nan 1270 (27) sec
[52] Ep10000: Max 9708 (1399) steps (0.0004 hrs) -nan:-nan 1277 (7) sec
[53] Ep10000: Max 9708 (3275) steps (0.0009 hrs) -nan:-nan 1308 (31) sec
[54] Ep10000: Max 9708 (3459) steps (0.0010 hrs) -nan:-nan 1340 (32) sec
[55] Ep10000: Max 9708 (2968) steps (0.0008 hrs) -nan:-nan 1370 (30) sec
[56] Ep10000: Max 9708 (2860) steps (0.0008 hrs) -nan:-nan 1399 (29) sec
[57] Ep10000: Max 9708 (1251) steps (0.0003 hrs) -nan:-nan 1407 (8) sec
[58] Ep10000: Max 9708 (2037) steps (0.0006 hrs) -nan:-nan 1436 (29) sec
[59] Ep10000: Max 9708 (3469) steps (0.0010 hrs) -nan:-nan 1466 (30) sec
[60] Ep10000: Max 9708 (2278) steps (0.0006 hrs) -nan:-nan 1494 (28) sec
[61] Ep10000: Max 9708 (2995) steps (0.0008 hrs) -nan:-nan 1518 (24) sec
[62] Ep10000: Max 9708 (1311) steps (0.0004 hrs) -nan:-nan 1524 (6) sec
[63] Ep10000: Max 9708 (2559) steps (0.0007 hrs) -nan:-nan 1552 (28) sec
[64] Ep10000: Max 9708 (2144) steps (0.0006 hrs) -nan:-nan 1581 (29) sec
[65] Ep10000: Max 9708 (3489) steps (0.0010 hrs) -nan:-nan 1610 (29) sec
[66] Ep10000: Max 9708 (2834) steps (0.0008 hrs) -nan:-nan 1639 (29) sec
[67] Ep10000: Max 9708 (2936) steps (0.0008 hrs) -nan:-nan 1661 (22) sec
[68] Ep10000: Max 9708 (6832) steps (0.0019 hrs) -nan:-nan 1687 (26) sec
[69] Ep10000: Max 9708 (3834) steps (0.0011 hrs) -nan:-nan 1717 (30) sec
[70] Ep10000: Max 9708 (3440) steps (0.0010 hrs) -nan:-nan 1747 (30) sec
[71] Ep10000: Max 9708 (3134) steps (0.0009 hrs) -nan:-nan 1776 (29) sec
[72] Ep10000: Max 9708 (2134) steps (0.0006 hrs) -nan:-nan 1801 (25) sec
[73] Ep10000: Max 9708 (3204) steps (0.0009 hrs) -nan:-nan 1827 (26) sec
[74] Ep10000: Max 9708 (2902) steps (0.0008 hrs) -nan:-nan 1859 (32) sec
[75] Ep10000: Max 9708 (3105) steps (0.0009 hrs) -nan:-nan 1888 (29) sec
[76] Ep10000: Max 9708 (2734) steps (0.0008 hrs) -nan:-nan 1917 (29) sec
[77] Ep10000: Max 9708 (4067) steps (0.0011 hrs) -nan:-nan 1946 (29) sec
[78] Ep10000: Max 9708 (2990) steps (0.0008 hrs) -nan:-nan 1975 (29) sec
[79] Ep10000: Max 9708 (1771) steps (0.0005 hrs) -nan:-nan 1983 (8) sec
[80] Ep10000: Max 9708 (2209) steps (0.0006 hrs) -nan:-nan 2010 (27) sec
[81] Ep10000: Max 9708 (1472) steps (0.0004 hrs) -nan:-nan 2017 (7) sec
[82] Ep10000: Max 9708 (3515) steps (0.0010 hrs) -nan:-nan 2047 (30) sec
[83] Ep10000: Max 9708 (2610) steps (0.0007 hrs) -nan:-nan 2076 (29) sec
[84] Ep10000: Max 9708 (2238) steps (0.0006 hrs) -nan:-nan 2103 (27) sec
[85] Ep10000: Max 9708 (2753) steps (0.0008 hrs) -nan:-nan 2134 (31) sec
[86] Ep10000: Max 9708 (2466) steps (0.0007 hrs) -nan:-nan 2165 (31) sec
[87] Ep10000: Max 9708 (1179) steps (0.0003 hrs) -nan:-nan 2187 (22) sec
[88] Ep10000: Max 9708 (2415) steps (0.0007 hrs) -nan:-nan 2216 (29) sec
[89] Ep10000: Max 9708 (3389) steps (0.0009 hrs) -nan:-nan 2244 (28) sec
[90] Ep10000: Max 9708 (2050) steps (0.0006 hrs) -nan:-nan 2271 (27) sec
[91] Ep10000: Max 9708 (2865) steps (0.0008 hrs) -nan:-nan 2301 (30) sec
[92] Ep10000: Max 9708 (1498) steps (0.0004 hrs) -nan:-nan 2307 (6) sec
[93] Ep10000: Max 9708 (3041) steps (0.0008 hrs) -nan:-nan 2337 (30) sec
[94] Ep10000: Max 9708 (1463) steps (0.0004 hrs) -nan:-nan 2343 (6) sec
[95] Ep10000: Max 9708 (3394) steps (0.0009 hrs) -nan:-nan 2374 (31) sec
[96] Ep10000: Max 9708 (2881) steps (0.0008 hrs) -nan:-nan 2384 (10) sec
[97] Ep10000: Max 9708 (2903) steps (0.0008 hrs) -nan:-nan 2413 (29) sec
[98] Ep10000: Max 9708 (1831) steps (0.0005 hrs) -nan:-nan 2438 (25) sec
[99] Ep10000: Max 9708 (1681) steps (0.0005 hrs) -nan:-nan 2451 (13) sec
[100] Ep10000: Max 9708 (4804) steps (0.0013 hrs) -nan:-nan 2498 (47) sec
[101] Ep10000: Max 9708 (3066) steps (0.0009 hrs) -nan:-nan 2528 (30) sec
[102] Ep10000: Max 9708 (2484) steps (0.0007 hrs) -nan:-nan 2557 (29) sec
[103] Ep10000: Max 9708 (2307) steps (0.0006 hrs) -nan:-nan 2585 (28) sec
[104] Ep10000: Max 9708 (1458) steps (0.0004 hrs) -nan:-nan 2594 (9) sec
[105] Ep10000: Max 9708 (2437) steps (0.0007 hrs) -nan:-nan 2624 (30) sec
[106] Ep10000: Max 9708 (3152) steps (0.0009 hrs) -nan:-nan 2654 (30) sec
[107] Ep10000: Max 9708 (2401) steps (0.0007 hrs) -nan:-nan 2681 (27) sec
[108] Ep10000: Max 9708 (1793) steps (0.0005 hrs) -nan:-nan 2707 (26) sec
[109] Ep10000: Max 9708 (2096) steps (0.0006 hrs) -nan:-nan 2735 (28) sec
[110] Ep10000: Max 9708 (3389) steps (0.0009 hrs) -nan:-nan 2761 (26) sec
[111] Ep10000: Max 9708 (1525) steps (0.0004 hrs) -nan:-nan 2768 (7) sec
[112] Ep10000: Max 9708 (5865) steps (0.0016 hrs) -nan:-nan 2798 (30) sec
[113] Ep10000: Max 9708 (1952) steps (0.0005 hrs) -nan:-nan 2825 (27) sec
[114] Ep10000: Max 9708 (3288) steps (0.0009 hrs) -nan:-nan 2853 (28) sec
[115] Ep10000: Max 9708 (2995) steps (0.0008 hrs) -nan:-nan 2884 (31) sec
[116] Ep10000: Max 9708 (2358) steps (0.0007 hrs) -nan:-nan 2909 (25) sec
[117] Ep10000: Max 9708 (2981) steps (0.0008 hrs) -nan:-nan 2939 (30) sec
[118] Ep10000: Max 9708 (3016) steps (0.0008 hrs) -nan:-nan 2969 (30) sec
[119] Ep10000: Max 9708 (3230) steps (0.0009 hrs) -nan:-nan 2998 (29) sec
[120] Ep10000: Max 9708 (656) steps (0.0002 hrs) -nan:-nan 3024 (26) sec
[121] Ep10000: Max 9708 (2456) steps (0.0007 hrs) -nan:-nan 3052 (28) sec
[122] Ep10000: Max 9708 (2247) steps (0.0006 hrs) -nan:-nan 3082 (30) sec
[123] Ep10000: Max 9708 (2169) steps (0.0006 hrs) -nan:-nan 3109 (27) sec
[124] Ep10000: Max 9708 (739) steps (0.0002 hrs) -nan:-nan 3132 (23) sec
[125] Ep10000: Max 9708 (1728) steps (0.0005 hrs) -nan:-nan 3149 (17) sec
[126] Ep10000: Max 9708 (2346) steps (0.0007 hrs) -nan:-nan 3185 (36) sec
[127] Ep10000: Max 9708 (3637) steps (0.0010 hrs) -nan:-nan 3225 (40) sec
[128] Ep10000: Max 9708 (3586) steps (0.0010 hrs) -nan:-nan 3264 (39) sec
[129] Ep10000: Max 9708 (2600) steps (0.0007 hrs) -nan:-nan 3302 (38) sec
[130] Ep10000: Max 9708 (3219) steps (0.0009 hrs) -nan:-nan 3339 (37) sec
[131] Ep10000: Max 9708 (3467) steps (0.0010 hrs) -nan:-nan 3375 (36) sec
[132] Ep10000: Max 9708 (3045) steps (0.0008 hrs) -nan:-nan 3410 (35) sec
[133] Ep10000: Max 9708 (4051) steps (0.0011 hrs) -nan:-nan 3450 (40) sec
[134] Ep10000: Max 9708 (3391) steps (0.0009 hrs) -nan:-nan 3487 (37) sec
[135] Ep10000: Max 9708 (2261) steps (0.0006 hrs) -nan:-nan 3528 (41) sec
[136] Ep10000: Max 9708 (2051) steps (0.0006 hrs) -nan:-nan 3562 (34) sec
[137] Ep10000: Max 9708 (680) steps (0.0002 hrs) -nan:-nan 3592 (30) sec
[138] Ep10000: Max 9708 (3408) steps (0.0009 hrs) -nan:-nan 3636 (44) sec
[139] Ep10000: Max 9708 (2968) steps (0.0008 hrs) -nan:-nan 3677 (41) sec
[140] Ep10000: Max 9708 (2450) steps (0.0007 hrs) -nan:-nan 3717 (40) sec
[141] Ep10000: Max 9708 (3121) steps (0.0009 hrs) -nan:-nan 3753 (36) sec
[142] Ep10000: Max 9708 (1550) steps (0.0004 hrs) -nan:-nan 3782 (29) sec
[143] Ep10000: Max 9708 (2535) steps (0.0007 hrs) -nan:-nan 3817 (35) sec
[144] Ep10000: Max 9708 (2107) steps (0.0006 hrs) -nan:-nan 3851 (34) sec
[145] Ep10000: Max 9708 (964) steps (0.0003 hrs) -nan:-nan 3859 (8) sec
[146] Ep10000: Max 9708 (1053) steps (0.0003 hrs) -nan:-nan 3891 (32) sec
[147] Ep10000: Max 9708 (3304) steps (0.0009 hrs) -nan:-nan 3930 (39) sec
[148] Ep10000: Max 9708 (1055) steps (0.0003 hrs) -nan:-nan 3939 (9) sec
[149] Ep10000: Max 9708 (1217) steps (0.0003 hrs) -nan:-nan 3967 (28) sec
[150] Ep10000: Max 9708 (713) steps (0.0002 hrs) -nan:-nan 3976 (9) sec
[151] Ep10000: Max 9708 (2884) steps (0.0008 hrs) -nan:-nan 3987 (11) sec
[152] Ep10000: Max 9708 (3007) steps (0.0008 hrs) -nan:-nan 4023 (36) sec
[153] Ep10000: Max 9708 (2151) steps (0.0006 hrs) -nan:-nan 4054 (31) sec
[154] Ep10000: Max 9708 (3071) steps (0.0009 hrs) -nan:-nan 4086 (32) sec
[155] Ep10000: Max 9708 (1907) steps (0.0005 hrs) -nan:-nan 4112 (26) sec
[156] Ep10000: Max 9708 (6322) steps (0.0018 hrs) -nan:-nan 4136 (24) sec
[157] Ep10000: Max 9708 (809) steps (0.0002 hrs) -nan:-nan 4141 (5) sec
[158] Ep10000: Max 9708 (3171) steps (0.0009 hrs) -nan:-nan 4171 (30) sec
[159] Ep10000: Max 9708 (3654) steps (0.0010 hrs) -nan:-nan 4197 (26) sec
[160] Ep10000: Max 9708 (8008) steps (0.0022 hrs) -nan:-nan 4229 (32) sec
[161] Ep10000: Max 9708 (825) steps (0.0002 hrs) -nan:-nan 4253 (24) sec
[162] Ep10000: Max 9708 (986) steps (0.0003 hrs) -nan:-nan 4260 (7) sec
[163] Ep10000: Max 9708 (3594) steps (0.0010 hrs) -nan:-nan 4295 (35) sec
[164] Ep10000: Max 9708 (2436) steps (0.0007 hrs) -nan:-nan 4330 (35) sec
[165] Ep10000: Max 9708 (2369) steps (0.0007 hrs) -nan:-nan 4364 (34) sec
[166] Ep10000: Max 9708 (2171) steps (0.0006 hrs) -nan:-nan 4402 (38) sec
[167] Ep10000: Max 9708 (2896) steps (0.0008 hrs) -nan:-nan 4437 (35) sec
[168] Ep10000: Max 9708 (2493) steps (0.0007 hrs) -nan:-nan 4470 (33) sec
[169] Ep10000: Max 9708 (3051) steps (0.0008 hrs) -nan:-nan 4499 (29) sec
[170] Ep10000: Max 9708 (7901) steps (0.0022 hrs) -nan:-nan 4528 (29) sec
[171] Ep10000: Max 9708 (1412) steps (0.0004 hrs) -nan:-nan 4535 (7) sec
[172] Ep10000: Max 9708 (1913) steps (0.0005 hrs) -nan:-nan 4554 (19) sec
[173] Ep10000: Max 9708 (2580) steps (0.0007 hrs) -nan:-nan 4584 (30) sec
[174] Ep10000: Max 9708 (2503) steps (0.0007 hrs) -nan:-nan 4614 (30) sec
[175] Ep10000: Max 9708 (1623) steps (0.0005 hrs) -nan:-nan 4622 (8) sec
[176] Ep10000: Max 9708 (6009) steps (0.0017 hrs) -nan:-nan 4657 (35) sec
[177] Ep10000: Max 9708 (2946) steps (0.0008 hrs) -nan:-nan 4696 (39) sec
[178] Ep10000: Max 9708 (1434) steps (0.0004 hrs) -nan:-nan 4704 (8) sec
[179] Ep10000: Max 9708 (1237) steps (0.0003 hrs) -nan:-nan 4712 (8) sec
[180] Ep10000: Max 9708 (3283) steps (0.0009 hrs) -nan:-nan 4749 (37) sec
[181] Ep10000: Max 9708 (2691) steps (0.0007 hrs) -nan:-nan 4779 (30) sec
[182] Ep10000: Max 9708 (3359) steps (0.0009 hrs) -nan:-nan 4790 (11) sec
[183] Ep10000: Max 9708 (3966) steps (0.0011 hrs) -nan:-nan 4820 (30) sec
[184] Ep10000: Max 9708 (3059) steps (0.0008 hrs) -nan:-nan 4853 (33) sec
[185] Ep10000: Max 9708 (3104) steps (0.0009 hrs) -nan:-nan 4875 (22) sec
[186] Ep10000: Max 9708 (884) steps (0.0002 hrs) -nan:-nan 4900 (25) sec
[187] Ep10000: Max 9708 (2538) steps (0.0007 hrs) -nan:-nan 4929 (29) sec
[188] Ep10000: Max 9708 (2773) steps (0.0008 hrs) -nan:-nan 4960 (31) sec
[189] Ep10000: Max 9708 (981) steps (0.0003 hrs) -nan:-nan 4984 (24) sec
[190] Ep10000: Max 9708 (2047) steps (0.0006 hrs) -nan:-nan 5012 (28) sec
[191] Ep10000: Max 9708 (3994) steps (0.0011 hrs) -nan:-nan 5042 (30) sec
[192] Ep10000: Max 9708 (1108) steps (0.0003 hrs) -nan:-nan 5064 (22) sec
[193] Ep10000: Max 9708 (3391) steps (0.0009 hrs) -nan:-nan 5086 (22) sec
[194] Ep10000: Max 9708 (2578) steps (0.0007 hrs) -nan:-nan 5113 (27) sec
[195] Ep10000: Max 9708 (2846) steps (0.0008 hrs) -nan:-nan 5144 (31) sec
[196] Ep10000: Max 9708 (3175) steps (0.0009 hrs) -nan:-nan 5174 (30) sec
[197] Ep10000: Max 9708 (1754) steps (0.0005 hrs) -nan:-nan 5181 (7) sec
[198] Ep10000: Max 9708 (1095) steps (0.0003 hrs) -nan:-nan 5190 (9) sec
[199] Ep10000: Max 9708 (2804) steps (0.0008 hrs) -nan:-nan 5219 (29) sec
[200] Ep10000: Max 9708 (2676) steps (0.0007 hrs) -nan:-nan 5245 (26) sec
[201] Ep10000: Max 9708 (4084) steps (0.0011 hrs) -nan:-nan 5273 (28) sec
[202] Ep10000: Max 9708 (2993) steps (0.0008 hrs) -nan:-nan 5301 (28) sec
[203] Ep10000: Max 9708 (1832) steps (0.0005 hrs) -nan:-nan 5325 (24) sec
[204] Ep10000: Max 9708 (7306) steps (0.0020 hrs) -nan:-nan 5350 (25) sec
[205] Ep10000: Max 9708 (2721) steps (0.0008 hrs) -nan:-nan 5381 (31) sec
[206] Ep10000: Max 9708 (2135) steps (0.0006 hrs) -nan:-nan 5409 (28) sec
[207] Ep10000: Max 9708 (5904) steps (0.0016 hrs) -nan:-nan 5446 (37) sec
[208] Ep10000: Max 9708 (2919) steps (0.0008 hrs) -nan:-nan 5471 (25) sec
[209] Ep10000: Max 13784 (13784) steps (0.0038 hrs) -nan:-nan 5520 (49) sec
[210] Ep10000: Max 13784 (2141) steps (0.0006 hrs) -nan:-nan 5548 (28) sec
[211] Ep10000: Max 13784 (3572) steps (0.0010 hrs) -nan:-nan 5577 (29) sec
[212] Ep10000: Max 13784 (710) steps (0.0002 hrs) -nan:-nan 5600 (23) sec
[213] Ep10000: Max 13784 (2599) steps (0.0007 hrs) -nan:-nan 5605 (5) sec
[214] Ep10000: Max 13784 (2045) steps (0.0006 hrs) -nan:-nan 5629 (24) sec
[215] Ep10000: Max 13784 (1194) steps (0.0003 hrs) -nan:-nan 5651 (22) sec
[216] Ep10000: Max 13784 (1070) steps (0.0003 hrs) -nan:-nan 5657 (6) sec
[217] Ep10000: Max 13784 (2641) steps (0.0007 hrs) -nan:-nan 5681 (24) sec
[218] Ep10000: Max 13784 (2914) steps (0.0008 hrs) -nan:-nan 5708 (27) sec
[219] Ep10000: Max 13784 (411) steps (0.0001 hrs) -nan:-nan 5714 (6) sec
[220] Ep10000: Max 13784 (1960) steps (0.0005 hrs) -nan:-nan 5721 (7) sec
[221] Ep10000: Max 13784 (785) steps (0.0002 hrs) -nan:-nan 5744 (23) sec
[222] Ep10000: Max 13784 (3195) steps (0.0009 hrs) -nan:-nan 5774 (30) sec
[223] Ep10000: Max 13784 (2315) steps (0.0006 hrs) -nan:-nan 5802 (28) sec
[224] Ep10000: Max 13784 (539) steps (0.0001 hrs) -nan:-nan 5808 (6) sec
[225] Ep10000: Max 13784 (2893) steps (0.0008 hrs) -nan:-nan 5837 (29) sec
[226] Ep10000: Max 13784 (1048) steps (0.0003 hrs) -nan:-nan 5843 (6) sec
[227] Ep10000: Max 13784 (2026) steps (0.0006 hrs) -nan:-nan 5869 (26) sec
[228] Ep10000: Max 13784 (2897) steps (0.0008 hrs) -nan:-nan 5899 (30) sec
[229] Ep10000: Max 13784 (3367) steps (0.0009 hrs) -nan:-nan 5929 (30) sec
[230] Ep10000: Max 13784 (3622) steps (0.0010 hrs) -nan:-nan 5958 (29) sec
[231] Ep10000: Max 13784 (2063) steps (0.0006 hrs) -nan:-nan 5970 (12) sec
[232] Ep10000: Max 13784 (4021) steps (0.0011 hrs) -nan:-nan 5997 (27) sec
[233] Ep10000: Max 13784 (3097) steps (0.0009 hrs) -nan:-nan 6026 (29) sec
[234] Ep10000: Max 13784 (3703) steps (0.0010 hrs) -nan:-nan 6055 (29) sec
[235] Ep10000: Max 13784 (3100) steps (0.0009 hrs) -nan:-nan 6086 (31) sec
[236] Ep10000: Max 13784 (984) steps (0.0003 hrs) -nan:-nan 6092 (6) sec
[237] Ep10000: Max 13784 (4209) steps (0.0012 hrs) -nan:-nan 6112 (20) sec
[238] Ep10000: Max 13784 (2791) steps (0.0008 hrs) -nan:-nan 6139 (27) sec
[239] Ep10000: Max 13784 (2073) steps (0.0006 hrs) -nan:-nan 6156 (17) sec
[240] Ep10000: Max 13784 (2997) steps (0.0008 hrs) -nan:-nan 6185 (29) sec
[241] Ep10000: Max 13784 (4137) steps (0.0011 hrs) -nan:-nan 6202 (17) sec
[242] Ep10000: Max 13784 (1507) steps (0.0004 hrs) -nan:-nan 6209 (7) sec
[243] Ep10000: Max 13784 (2814) steps (0.0008 hrs) -nan:-nan 6237 (28) sec
[244] Ep10000: Max 13784 (5123) steps (0.0014 hrs) -nan:-nan 6289 (52) sec
[245] Ep10000: Max 13784 (3919) steps (0.0011 hrs) -nan:-nan 6318 (29) sec
[246] Ep10000: Max 13784 (4768) steps (0.0013 hrs) -nan:-nan 6347 (29) sec
[247] Ep10000: Max 13784 (2845) steps (0.0008 hrs) -nan:-nan 6376 (29) sec
[248] Ep10000: Max 13784 (3030) steps (0.0008 hrs) -nan:-nan 6407 (31) sec
[249] Ep10000: Max 13784 (3165) steps (0.0009 hrs) -nan:-nan 6438 (31) sec
[250] Ep10000: Max 13784 (1136) steps (0.0003 hrs) -nan:-nan 6443 (5) sec
[251] Ep10000: Max 13784 (2311) steps (0.0006 hrs) -nan:-nan 6469 (26) sec
[252] Ep10000: Max 13784 (4274) steps (0.0012 hrs) -nan:-nan 6495 (26) sec
[253] Ep10000: Max 13784 (2887) steps (0.0008 hrs) -nan:-nan 6525 (30) sec
[254] Ep10000: Max 13784 (2461) steps (0.0007 hrs) -nan:-nan 6554 (29) sec
[255] Ep10000: Max 13784 (2783) steps (0.0008 hrs) -nan:-nan 6583 (29) sec
[256] Ep10000: Max 13784 (2623) steps (0.0007 hrs) -nan:-nan 6613 (30) sec
[257] Ep10000: Max 13784 (2820) steps (0.0008 hrs) -nan:-nan 6642 (29) sec
[258] Ep10000: Max 13784 (3511) steps (0.0010 hrs) -nan:-nan 6672 (30) sec
[259] Ep10000: Max 13784 (2850) steps (0.0008 hrs) -nan:-nan 6702 (30) sec
[260] Ep10000: Max 13784 (2024) steps (0.0006 hrs) -nan:-nan 6714 (12) sec
[261] Ep10000: Max 13784 (2253) steps (0.0006 hrs) -nan:-nan 6739 (25) sec
[262] Ep10000: Max 13784 (2499) steps (0.0007 hrs) -nan:-nan 6766 (27) sec
[263] Ep10000: Max 13784 (2752) steps (0.0008 hrs) -nan:-nan 6795 (29) sec
[264] Ep10000: Max 13784 (2135) steps (0.0006 hrs) -nan:-nan 6822 (27) sec
[265] Ep10000: Max 13784 (3393) steps (0.0009 hrs) -nan:-nan 6851 (29) sec
[266] Ep10000: Max 13784 (3012) steps (0.0008 hrs) -nan:-nan 6880 (29) sec
[267] Ep10000: Max 13784 (3271) steps (0.0009 hrs) -nan:-nan 6909 (29) sec
[268] Ep10000: Max 13784 (3328) steps (0.0009 hrs) -nan:-nan 6939 (30) sec
[269] Ep10000: Max 13784 (3290) steps (0.0009 hrs) -nan:-nan 6959 (20) sec
[270] Ep10000: Max 13784 (3133) steps (0.0009 hrs) -nan:-nan 6990 (31) sec
[271] Ep10000: Max 13784 (2875) steps (0.0008 hrs) -nan:-nan 7020 (30) sec
[272] Ep10000: Max 13784 (3895) steps (0.0011 hrs) -nan:-nan 7049 (29) sec
[273] Ep10000: Max 13784 (4202) steps (0.0012 hrs) -nan:-nan 7078 (29) sec
[274] Ep10000: Max 13784 (3325) steps (0.0009 hrs) -nan:-nan 7106 (28) sec
[275] Ep10000: Max 13784 (2040) steps (0.0006 hrs) -nan:-nan 7134 (28) sec
[276] Ep10000: Max 13784 (3596) steps (0.0010 hrs) -nan:-nan 7163 (29) sec
[277] Ep10000: Max 13784 (2133) steps (0.0006 hrs) -nan:-nan 7189 (26) sec
[278] Ep10000: Max 13784 (2816) steps (0.0008 hrs) -nan:-nan 7219 (30) sec
[279] Ep10000: Max 13784 (2960) steps (0.0008 hrs) -nan:-nan 7248 (29) sec
[280] Ep10000: Max 13784 (2556) steps (0.0007 hrs) -nan:-nan 7277 (29) sec
[281] Ep10000: Max 13784 (3439) steps (0.0010 hrs) -nan:-nan 7307 (30) sec
[282] Ep10000: Max 13784 (1539) steps (0.0004 hrs) -nan:-nan 7315 (8) sec
[283] Ep10000: Max 13784 (3457) steps (0.0010 hrs) -nan:-nan 7343 (28) sec
[284] Ep10000: Max 13784 (3217) steps (0.0009 hrs) -nan:-nan 7371 (28) sec
[285] Ep10000: Max 13784 (2289) steps (0.0006 hrs) -nan:-nan 7400 (29) sec
[286] Ep10000: Max 13784 (2371) steps (0.0007 hrs) -nan:-nan 7425 (25) sec
[287] Ep10000: Max 13784 (1225) steps (0.0003 hrs) -nan:-nan 7431 (6) sec
[288] Ep10000: Max 13784 (2603) steps (0.0007 hrs) -nan:-nan 7461 (30) sec
[289] Ep10000: Max 13784 (2349) steps (0.0007 hrs) -nan:-nan 7488 (27) sec
[290] Ep10000: Max 13784 (1594) steps (0.0004 hrs) -nan:-nan 7498 (10) sec
[291] Ep10000: Max 13784 (2309) steps (0.0006 hrs) -nan:-nan 7523 (25) sec
[292] Ep10000: Max 13784 (1895) steps (0.0005 hrs) -nan:-nan 7548 (25) sec
[293] Ep10000: Max 13784 (3240) steps (0.0009 hrs) -nan:-nan 7578 (30) sec
[294] Ep10000: Max 13784 (1017) steps (0.0003 hrs) -nan:-nan 7585 (7) sec
[295] Ep10000: Max 13784 (2675) steps (0.0007 hrs) -nan:-nan 7615 (30) sec
[296] Ep10000: Max 13784 (3160) steps (0.0009 hrs) -nan:-nan 7644 (29) sec
[297] Ep10000: Max 13784 (3179) steps (0.0009 hrs) -nan:-nan 7679 (35) sec
[298] Ep10000: Max 13784 (545) steps (0.0002 hrs) -nan:-nan 7686 (7) sec
[299] Ep10000: Max 13784 (3677) steps (0.0010 hrs) -nan:-nan 7719 (33) sec
[300] Ep10000: Max 13784 (3122) steps (0.0009 hrs) -nan:-nan 7748 (29) sec
[301] Ep10000: Max 13784 (2174) steps (0.0006 hrs) -nan:-nan 7774 (26) sec
[302] Ep10000: Max 13784 (1237) steps (0.0003 hrs) -nan:-nan 7797 (23) sec
[303] Ep10000: Max 13784 (3527) steps (0.0010 hrs) -nan:-nan 7827 (30) sec
[304] Ep10000: Max 13784 (4931) steps (0.0014 hrs) -nan:-nan 7867 (40) sec
[305] Ep10000: Max 13784 (4186) steps (0.0012 hrs) -nan:-nan 7896 (29) sec
[306] Ep10000: Max 13784 (2210) steps (0.0006 hrs) -nan:-nan 7920 (24) sec
[307] Ep10000: Max 13784 (3881) steps (0.0011 hrs) -nan:-nan 7942 (22) sec
[308] Ep10000: Max 13784 (4815) steps (0.0013 hrs) -nan:-nan 7972 (30) sec
[309] Ep10000: Max 13784 (2687) steps (0.0007 hrs) -nan:-nan 8001 (29) sec
[310] Ep10000: Max 13784 (2151) steps (0.0006 hrs) -nan:-nan 8025 (24) sec
[311] Ep10000: Max 13784 (2973) steps (0.0008 hrs) -nan:-nan 8066 (41) sec
[312] Ep10000: Max 13784 (2836) steps (0.0008 hrs) -nan:-nan 8105 (39) sec
[313] Ep10000: Max 13784 (3177) steps (0.0009 hrs) -nan:-nan 8145 (40) sec
[314] Ep10000: Max 13784 (709) steps (0.0002 hrs) -nan:-nan 8169 (24) sec
[315] Ep10000: Max 13784 (2351) steps (0.0007 hrs) -nan:-nan 8197 (28) sec
[316] Ep10000: Max 13784 (2614) steps (0.0007 hrs) -nan:-nan 8227 (30) sec
[317] Ep10000: Max 13784 (2467) steps (0.0007 hrs) -nan:-nan 8255 (28) sec
[318] Ep10000: Max 13784 (3477) steps (0.0010 hrs) -nan:-nan 8285 (30) sec
[319] Ep10000: Max 13784 (2675) steps (0.0007 hrs) -nan:-nan 8321 (36) sec
[320] Ep10000: Max 13784 (3054) steps (0.0008 hrs) -nan:-nan 8353 (32) sec
[321] Ep10000: Max 13784 (3061) steps (0.0009 hrs) -nan:-nan 8388 (35) sec
[322] Ep10000: Max 13784 (3039) steps (0.0008 hrs) -nan:-nan 8418 (30) sec
[323] Ep10000: Max 13784 (2493) steps (0.0007 hrs) -nan:-nan 8453 (35) sec
[324] Ep10000: Max 13784 (3475) steps (0.0010 hrs) -nan:-nan 8490 (37) sec
[325] Ep10000: Max 13784 (4262) steps (0.0012 hrs) -nan:-nan 8538 (48) sec
[326] Ep10000: Max 13784 (3280) steps (0.0009 hrs) -nan:-nan 8576 (38) sec
[327] Ep10000: Max 13784 (2990) steps (0.0008 hrs) -nan:-nan 8613 (37) sec
[328] Ep10000: Max 13784 (5962) steps (0.0017 hrs) -nan:-nan 8632 (19) sec
[329] Ep10000: Max 13784 (3721) steps (0.0010 hrs) -nan:-nan 8666 (34) sec
[330] Ep10000: Max 13784 (4666) steps (0.0013 hrs) -nan:-nan 8702 (36) sec
[331] Ep10000: Max 13784 (3234) steps (0.0009 hrs) -nan:-nan 8739 (37) sec
[332] Ep10000: Max 13784 (2437) steps (0.0007 hrs) -nan:-nan 8772 (33) sec
[333] Ep10000: Max 13784 (2234) steps (0.0006 hrs) -nan:-nan 8806 (34) sec
[334] Ep10000: Max 13784 (3541) steps (0.0010 hrs) -nan:-nan 8841 (35) sec
[335] Ep10000: Max 13784 (316) steps (0.0001 hrs) -nan:-nan 8848 (7) sec
[336] Ep10000: Max 13784 (2599) steps (0.0007 hrs) -nan:-nan 8884 (36) sec
[337] Ep10000: Max 13784 (4182) steps (0.0012 hrs) -nan:-nan 8928 (44) sec
[338] Ep10000: Max 13784 (3543) steps (0.0010 hrs) -nan:-nan 8962 (34) sec
[339] Ep10000: Max 13784 (1413) steps (0.0004 hrs) -nan:-nan 8995 (33) sec
[340] Ep10000: Max 13784 (3168) steps (0.0009 hrs) -nan:-nan 9031 (36) sec
[341] Ep10000: Max 13784 (3117) steps (0.0009 hrs) -nan:-nan 9062 (31) sec
[342] Ep10000: Max 13784 (1402) steps (0.0004 hrs) -nan:-nan 9072 (10) sec
[343] Ep10000: Max 13784 (3144) steps (0.0009 hrs) -nan:-nan 9101 (29) sec
[344] Ep10000: Max 13784 (3975) steps (0.0011 hrs) -nan:-nan 9137 (36) sec
[345] Ep10000: Max 13784 (1895) steps (0.0005 hrs) -nan:-nan 9165 (28) sec
[346] Ep10000: Max 13784 (2442) steps (0.0007 hrs) -nan:-nan 9201 (36) sec
[347] Ep10000: Max 13784 (1323) steps (0.0004 hrs) -nan:-nan 9231 (30) sec
[348] Ep10000: Max 13784 (2750) steps (0.0008 hrs) -nan:-nan 9255 (24) sec
[349] Ep10000: Max 13784 (3380) steps (0.0009 hrs) -nan:-nan 9284 (29) sec
[350] Ep10000: Max 13784 (1811) steps (0.0005 hrs) -nan:-nan 9290 (6) sec
[351] Ep10000: Max 13784 (1897) steps (0.0005 hrs) -nan:-nan 9297 (7) sec
[352] Ep10000: Max 13784 (2573) steps (0.0007 hrs) -nan:-nan 9326 (29) sec
[353] Ep10000: Max 13784 (3100) steps (0.0009 hrs) -nan:-nan 9353 (27) sec
[354] Ep10000: Max 13784 (3690) steps (0.0010 hrs) -nan:-nan 9382 (29) sec
[355] Ep10000: Max 13784 (2492) steps (0.0007 hrs) -nan:-nan 9414 (32) sec
[356] Ep10000: Max 13784 (3451) steps (0.0010 hrs) -nan:-nan 9440 (26) sec
[357] Ep10000: Max 13784 (3235) steps (0.0009 hrs) -nan:-nan 9472 (32) sec
[358] Ep10000: Max 13784 (3326) steps (0.0009 hrs) -nan:-nan 9491 (19) sec
[359] Ep10000: Max 13784 (3819) steps (0.0011 hrs) -nan:-nan 9524 (33) sec
[360] Ep10000: Max 13784 (2411) steps (0.0007 hrs) -nan:-nan 9555 (31) sec
[361] Ep10000: Max 13784 (2246) steps (0.0006 hrs) -nan:-nan 9584 (29) sec
[362] Ep10000: Max 13784 (2811) steps (0.0008 hrs) -nan:-nan 9614 (30) sec
[363] Ep10000: Max 13784 (650) steps (0.0002 hrs) -nan:-nan 9640 (26) sec
[364] Ep10000: Max 13784 (2879) steps (0.0008 hrs) -nan:-nan 9677 (37) sec
[365] Ep10000: Max 13784 (1006) steps (0.0003 hrs) -nan:-nan 9685 (8) sec
[366] Ep10000: Max 13784 (3596) steps (0.0010 hrs) -nan:-nan 9718 (33) sec
[367] Ep10000: Max 13784 (2822) steps (0.0008 hrs) -nan:-nan 9753 (35) sec
[368] Ep10000: Max 13784 (2652) steps (0.0007 hrs) -nan:-nan 9777 (24) sec
[369] Ep10000: Max 13784 (2758) steps (0.0008 hrs) -nan:-nan 9812 (35) sec
[370] Ep10000: Max 13784 (7641) steps (0.0021 hrs) -nan:-nan 9860 (48) sec
[371] Ep10000: Max 13784 (2730) steps (0.0008 hrs) -nan:-nan 9895 (35) sec
[372] Ep10000: Max 13784 (2966) steps (0.0008 hrs) -nan:-nan 9925 (30) sec
[373] Ep10000: Max 13784 (2929) steps (0.0008 hrs) -nan:-nan 9950 (25) sec
[374] Ep10000: Max 13784 (2821) steps (0.0008 hrs) -nan:-nan 9982 (32) sec
[375] Ep10000: Max 13784 (2156) steps (0.0006 hrs) -nan:-nan 10014 (32) sec
[376] Ep10000: Max 13784 (2189) steps (0.0006 hrs) -nan:-nan 10048 (34) sec
[377] Ep10000: Max 13784 (3574) steps (0.0010 hrs) -nan:-nan 10090 (42) sec
[378] Ep10000: Max 13784 (804) steps (0.0002 hrs) -nan:-nan 10119 (29) sec
[379] Ep10000: Max 13784 (2882) steps (0.0008 hrs) -nan:-nan 10154 (35) sec
[380] Ep10000: Max 13784 (3456) steps (0.0010 hrs) -nan:-nan 10191 (37) sec
[381] Ep10000: Max 13784 (2469) steps (0.0007 hrs) -nan:-nan 10216 (25) sec
[382] Ep10000: Max 13784 (9580) steps (0.0027 hrs) -nan:-nan 10249 (33) sec
[383] Ep10000: Max 13784 (2761) steps (0.0008 hrs) -nan:-nan 10284 (35) sec
[384] Ep10000: Max 13784 (2547) steps (0.0007 hrs) -nan:-nan 10320 (36) sec
[385] Ep10000: Max 13784 (3806) steps (0.0011 hrs) -nan:-nan 10350 (30) sec
[386] Ep10000: Max 13784 (3165) steps (0.0009 hrs) -nan:-nan 10388 (38) sec
[387] Ep10000: Max 13784 (4162) steps (0.0012 hrs) -nan:-nan 10424 (36) sec
[388] Ep10000: Max 13784 (2760) steps (0.0008 hrs) -nan:-nan 10458 (34) sec
[389] Ep10000: Max 13784 (3429) steps (0.0010 hrs) -nan:-nan 10491 (33) sec
[390] Ep10000: Max 13784 (2896) steps (0.0008 hrs) -nan:-nan 10524 (33) sec
[391] Ep10000: Max 13784 (1833) steps (0.0005 hrs) -nan:-nan 10541 (17) sec
[392] Ep10000: Max 13784 (1141) steps (0.0003 hrs) -nan:-nan 10568 (27) sec
[393] Ep10000: Max 13784 (2068) steps (0.0006 hrs) -nan:-nan 10579 (11) sec
[394] Ep10000: Max 13784 (2748) steps (0.0008 hrs) -nan:-nan 10609 (30) sec
[395] Ep10000: Max 13784 (1992) steps (0.0006 hrs) -nan:-nan 10626 (17) sec
[396] Ep10000: Max 13784 (3280) steps (0.0009 hrs) -nan:-nan 10656 (30) sec
[397] Ep10000: Max 13784 (6806) steps (0.0019 hrs) -nan:-nan 10699 (43) sec
[398] Ep10000: Max 13784 (2025) steps (0.0006 hrs) -nan:-nan 10732 (33) sec
[399] Ep10000: Max 13784 (5013) steps (0.0014 hrs) -nan:-nan 10789 (57) sec
[400] Ep10000: Max 13784 (3369) steps (0.0009 hrs) -nan:-nan 10822 (33) sec
[401] Ep10000: Max 13784 (3618) steps (0.0010 hrs) -nan:-nan 10854 (32) sec
[402] Ep10000: Max 13784 (1528) steps (0.0004 hrs) -nan:-nan 10886 (32) sec
[403] Ep10000: Max 13784 (2615) steps (0.0007 hrs) -nan:-nan 10920 (34) sec
[404] Ep10000: Max 13784 (2634) steps (0.0007 hrs) -nan:-nan 10955 (35) sec
[405] Ep10000: Max 13784 (3050) steps (0.0008 hrs) -nan:-nan 10988 (33) sec
[406] Ep10000: Max 13784 (3795) steps (0.0011 hrs) -nan:-nan 11025 (37) sec
[407] Ep10000: Max 13784 (3330) steps (0.0009 hrs) -nan:-nan 11059 (34) sec
[408] Ep10000: Max 13784 (3774) steps (0.0010 hrs) -nan:-nan 11088 (29) sec
[409] Ep10000: Max 13784 (671) steps (0.0002 hrs) -nan:-nan 11115 (27) sec
[410] Ep10000: Max 13784 (2781) steps (0.0008 hrs) -nan:-nan 11150 (35) sec
[411] Ep10000: Max 13784 (7037) steps (0.0020 hrs) -nan:-nan 11187 (37) sec
[412] Ep10000: Max 13784 (3085) steps (0.0009 hrs) -nan:-nan 11223 (36) sec
[413] Ep10000: Max 13784 (694) steps (0.0002 hrs) -nan:-nan 11230 (7) sec
[414] Ep10000: Max 13784 (8611) steps (0.0024 hrs) -nan:-nan 11254 (24) sec
[415] Ep10000: Max 13784 (912) steps (0.0003 hrs) -nan:-nan 11276 (22) sec
[416] Ep10000: Max 13784 (3429) steps (0.0010 hrs) -nan:-nan 11306 (30) sec
[417] Ep10000: Max 13784 (1440) steps (0.0004 hrs) -nan:-nan 11313 (7) sec
[418] Ep10000: Max 13784 (3209) steps (0.0009 hrs) -nan:-nan 11344 (31) sec
[419] Ep10000: Max 13784 (4505) steps (0.0013 hrs) -nan:-nan 11380 (36) sec
[420] Ep10000: Max 13784 (1950) steps (0.0005 hrs) -nan:-nan 11395 (15) sec
[421] Ep10000: Max 13784 (3013) steps (0.0008 hrs) -nan:-nan 11433 (38) sec
[422] Ep10000: Max 13784 (2403) steps (0.0007 hrs) -nan:-nan 11471 (38) sec
[423] Ep10000: Max 13784 (1812) steps (0.0005 hrs) -nan:-nan 11480 (9) sec
[424] Ep10000: Max 13784 (921) steps (0.0003 hrs) -nan:-nan 11489 (9) sec
[425] Ep10000: Max 13784 (2014) steps (0.0006 hrs) -nan:-nan 11524 (35) sec
[426] Ep10000: Max 13784 (2702) steps (0.0008 hrs) -nan:-nan 11560 (36) sec
[427] Ep10000: Max 13784 (2986) steps (0.0008 hrs) -nan:-nan 11594 (34) sec
[428] Ep10000: Max 13784 (851) steps (0.0002 hrs) -nan:-nan 11603 (9) sec
[429] Ep10000: Max 13784 (2913) steps (0.0008 hrs) -nan:-nan 11629 (26) sec
[430] Ep10000: Max 13784 (3560) steps (0.0010 hrs) -nan:-nan 11667 (38) sec
[431] Ep10000: Max 13784 (2476) steps (0.0007 hrs) -nan:-nan 11698 (31) sec
[432] Ep10000: Max 13784 (3839) steps (0.0011 hrs) -nan:-nan 11732 (34) sec
[433] Ep10000: Max 13784 (2754) steps (0.0008 hrs) -nan:-nan 11761 (29) sec
[434] Ep10000: Max 13784 (1742) steps (0.0005 hrs) -nan:-nan 11772 (11) sec
[435] Ep10000: Max 13784 (2469) steps (0.0007 hrs) -nan:-nan 11801 (29) sec
[436] Ep10000: Max 13784 (2124) steps (0.0006 hrs) -nan:-nan 11830 (29) sec
[437] Ep10000: Max 13784 (2513) steps (0.0007 hrs) -nan:-nan 11843 (13) sec
[438] Ep10000: Max 13784 (3746) steps (0.0010 hrs) -nan:-nan 11862 (19) sec
[439] Ep10000: Max 13784 (3862) steps (0.0011 hrs) -nan:-nan 11900 (38) sec
[440] Ep10000: Max 13784 (1422) steps (0.0004 hrs) -nan:-nan 11908 (8) sec
[441] Ep10000: Max 13784 (1990) steps (0.0006 hrs) -nan:-nan 11941 (33) sec
[442] Ep10000: Max 13784 (3346) steps (0.0009 hrs) -nan:-nan 11980 (39) sec
[443] Ep10000: Max 13784 (3794) steps (0.0011 hrs) -nan:-nan 12006 (26) sec
[444] Ep10000: Max 13784 (2660) steps (0.0007 hrs) -nan:-nan 12040 (34) sec
[445] Ep10000: Max 13784 (2287) steps (0.0006 hrs) -nan:-nan 12070 (30) sec
[446] Ep10000: Max 13784 (3182) steps (0.0009 hrs) -nan:-nan 12100 (30) sec
[447] Ep10000: Max 13784 (3072) steps (0.0009 hrs) -nan:-nan 12129 (29) sec
[448] Ep10000: Max 13784 (2217) steps (0.0006 hrs) -nan:-nan 12155 (26) sec
[449] Ep10000: Max 13784 (4409) steps (0.0012 hrs) -nan:-nan 12180 (25) sec
[450] Ep10000: Max 13784 (3734) steps (0.0010 hrs) -nan:-nan 12210 (30) sec
[451] Ep10000: Max 13784 (2326) steps (0.0006 hrs) -nan:-nan 12226 (16) sec
[452] Ep10000: Max 13784 (3941) steps (0.0011 hrs) -nan:-nan 12257 (31) sec
[453] Ep10000: Max 13784 (2609) steps (0.0007 hrs) -nan:-nan 12286 (29) sec
[454] Ep10000: Max 13784 (1130) steps (0.0003 hrs) -nan:-nan 12293 (7) sec
[455] Ep10000: Max 13784 (1936) steps (0.0005 hrs) -nan:-nan 12317 (24) sec
[456] Ep10000: Max 13784 (2420) steps (0.0007 hrs) -nan:-nan 12343 (26) sec
[457] Ep10000: Max 13784 (1828) steps (0.0005 hrs) -nan:-nan 12370 (27) sec
[458] Ep10000: Max 13784 (2592) steps (0.0007 hrs) -nan:-nan 12396 (26) sec
[459] Ep10000: Max 13784 (3869) steps (0.0011 hrs) -nan:-nan 12425 (29) sec
[460] Ep10000: Max 13784 (2893) steps (0.0008 hrs) -nan:-nan 12455 (30) sec
[461] Ep10000: Max 13784 (3959) steps (0.0011 hrs) -nan:-nan 12485 (30) sec
[462] Ep10000: Max 13784 (2964) steps (0.0008 hrs) -nan:-nan 12512 (27) sec
[463] Ep10000: Max 13784 (2663) steps (0.0007 hrs) -nan:-nan 12540 (28) sec
[464] Ep10000: Max 13784 (387) steps (0.0001 hrs) -nan:-nan 12545 (5) sec
[465] Ep10000: Max 13784 (2481) steps (0.0007 hrs) -nan:-nan 12572 (27) sec
[466] Ep10000: Max 13784 (3323) steps (0.0009 hrs) -nan:-nan 12601 (29) sec
[467] Ep10000: Max 13784 (1965) steps (0.0005 hrs) -nan:-nan 12627 (26) sec
[468] Ep10000: Max 13784 (2824) steps (0.0008 hrs) -nan:-nan 12657 (30) sec
[469] Ep10000: Max 13784 (2433) steps (0.0007 hrs) -nan:-nan 12686 (29) sec
[470] Ep10000: Max 13784 (2488) steps (0.0007 hrs) -nan:-nan 12715 (29) sec
[471] Ep10000: Max 13784 (1775) steps (0.0005 hrs) -nan:-nan 12740 (25) sec
[472] Ep10000: Max 13784 (4673) steps (0.0013 hrs) -nan:-nan 12771 (31) sec
[473] Ep10000: Max 13784 (1663) steps (0.0005 hrs) -nan:-nan 12795 (24) sec
[474] Ep10000: Max 13784 (2785) steps (0.0008 hrs) -nan:-nan 12816 (21) sec
[475] Ep10000: Max 13784 (2900) steps (0.0008 hrs) -nan:-nan 12836 (20) sec
[476] Ep10000: Max 13784 (2404) steps (0.0007 hrs) -nan:-nan 12862 (26) sec
[477] Ep10000: Max 13784 (2589) steps (0.0007 hrs) -nan:-nan 12891 (29) sec
[478] Ep10000: Max 13784 (2198) steps (0.0006 hrs) -nan:-nan 12917 (26) sec
[479] Ep10000: Max 13784 (3128) steps (0.0009 hrs) -nan:-nan 12945 (28) sec
[480] Ep10000: Max 13784 (3323) steps (0.0009 hrs) -nan:-nan 12976 (31) sec
[481] Ep10000: Max 13784 (2045) steps (0.0006 hrs) -nan:-nan 13001 (25) sec
[482] Ep10000: Max 13784 (1206) steps (0.0003 hrs) -nan:-nan 13008 (7) sec
[483] Ep10000: Max 13784 (2455) steps (0.0007 hrs) -nan:-nan 13032 (24) sec
[484] Ep10000: Max 13784 (3183) steps (0.0009 hrs) -nan:-nan 13052 (20) sec
[485] Ep10000: Max 13784 (2892) steps (0.0008 hrs) -nan:-nan 13080 (28) sec
[486] Ep10000: Max 13784 (4393) steps (0.0012 hrs) -nan:-nan 13126 (46) sec
[487] Ep10000: Max 13784 (2920) steps (0.0008 hrs) -nan:-nan 13154 (28) sec
[488] Ep10000: Max 13784 (1395) steps (0.0004 hrs) -nan:-nan 13161 (7) sec
[489] Ep10000: Max 13784 (1510) steps (0.0004 hrs) -nan:-nan 13184 (23) sec
[490] Ep10000: Max 13784 (1096) steps (0.0003 hrs) -nan:-nan 13190 (6) sec
[491] Ep10000: Max 13784 (2750) steps (0.0008 hrs) -nan:-nan 13218 (28) sec
[492] Ep10000: Max 13784 (5455) steps (0.0015 hrs) -nan:-nan 13258 (40) sec
[493] Ep10000: Max 13784 (1432) steps (0.0004 hrs) -nan:-nan 13265 (7) sec
[494] Ep10000: Max 13784 (715) steps (0.0002 hrs) -nan:-nan 13270 (5) sec
[495] Ep10000: Max 13784 (2743) steps (0.0008 hrs) -nan:-nan 13276 (6) sec
[496] Ep10000: Max 13784 (3123) steps (0.0009 hrs) -nan:-nan 13306 (30) sec
[497] Ep10000: Max 13784 (1049) steps (0.0003 hrs) -nan:-nan 13312 (6) sec
[498] Ep10000: Max 13784 (6914) steps (0.0019 hrs) -nan:-nan 13342 (30) sec
[499] Ep10000: Max 13784 (1040) steps (0.0003 hrs) -nan:-nan 13348 (6) sec
[500] Ep10000: Max 13784 (1179) steps (0.0003 hrs) -nan:-nan 13354 (6) sec
[501] Ep10000: Max 13784 (2520) steps (0.0007 hrs) -nan:-nan 13378 (24) sec
[502] Ep10000: Max 13784 (3528) steps (0.0010 hrs) -nan:-nan 13407 (29) sec
[503] Ep10000: Max 13784 (3145) steps (0.0009 hrs) -nan:-nan 13437 (30) sec
[504] Ep10000: Max 13784 (2593) steps (0.0007 hrs) -nan:-nan 13466 (29) sec
[505] Ep10000: Max 13784 (2814) steps (0.0008 hrs) -nan:-nan 13495 (29) sec
[506] Ep10000: Max 13784 (1253) steps (0.0003 hrs) -nan:-nan 13501 (6) sec
[507] Ep10000: Max 13784 (3003) steps (0.0008 hrs) -nan:-nan 13507 (6) sec
[508] Ep10000: Max 13784 (1341) steps (0.0004 hrs) -nan:-nan 13531 (24) sec
[509] Ep10000: Max 13784 (3573) steps (0.0010 hrs) -nan:-nan 13560 (29) sec
[510] Ep10000: Max 13784 (3972) steps (0.0011 hrs) -nan:-nan 13586 (26) sec
[511] Ep10000: Max 13784 (4585) steps (0.0013 hrs) -nan:-nan 13614 (28) sec
[512] Ep10000: Max 13784 (1913) steps (0.0005 hrs) -nan:-nan 13638 (24) sec
[513] Ep10000: Max 13784 (1958) steps (0.0005 hrs) -nan:-nan 13666 (28) sec
[514] Ep10000: Max 13784 (2420) steps (0.0007 hrs) -nan:-nan 13693 (27) sec
[515] Ep10000: Max 13784 (2220) steps (0.0006 hrs) -nan:-nan 13718 (25) sec
[516] Ep10000: Max 13784 (802) steps (0.0002 hrs) -nan:-nan 13740 (22) sec
[517] Ep10000: Max 13784 (2261) steps (0.0006 hrs) -nan:-nan 13763 (23) sec
[518] Ep10000: Max 13784 (2677) steps (0.0007 hrs) -nan:-nan 13793 (30) sec
[519] Ep10000: Max 13784 (2471) steps (0.0007 hrs) -nan:-nan 13821 (28) sec
[520] Ep10000: Max 13784 (2470) steps (0.0007 hrs) -nan:-nan 13849 (28) sec
[521] Ep10000: Max 13784 (3324) steps (0.0009 hrs) -nan:-nan 13878 (29) sec
[522] Ep10000: Max 13784 (3722) steps (0.0010 hrs) -nan:-nan 13903 (25) sec
[523] Ep10000: Max 13784 (3553) steps (0.0010 hrs) -nan:-nan 13932 (29) sec
[524] Ep10000: Max 13784 (2720) steps (0.0008 hrs) -nan:-nan 13961 (29) sec
[525] Ep10000: Max 13784 (2503) steps (0.0007 hrs) -nan:-nan 13984 (23) sec
[526] Ep10000: Max 13784 (3682) steps (0.0010 hrs) -nan:-nan 14014 (30) sec
[527] Ep10000: Max 13784 (3228) steps (0.0009 hrs) -nan:-nan 14042 (28) sec
[528] Ep10000: Max 13784 (3093) steps (0.0009 hrs) -nan:-nan 14071 (29) sec
[529] Ep10000: Max 13784 (6250) steps (0.0017 hrs) -nan:-nan 14128 (57) sec
[530] Ep10000: Max 13784 (3105) steps (0.0009 hrs) -nan:-nan 14156 (28) sec
[531] Ep10000: Max 13784 (2959) steps (0.0008 hrs) -nan:-nan 14186 (30) sec
[532] Ep10000: Max 13784 (5445) steps (0.0015 hrs) -nan:-nan 14209 (23) sec
[533] Ep10000: Max 13784 (3013) steps (0.0008 hrs) -nan:-nan 14238 (29) sec
[534] Ep10000: Max 13784 (3253) steps (0.0009 hrs) -nan:-nan 14267 (29) sec
[535] Ep10000: Max 13784 (3034) steps (0.0008 hrs) -nan:-nan 14295 (28) sec
[536] Ep10000: Max 13784 (3592) steps (0.0010 hrs) -nan:-nan 14320 (25) sec
[537] Ep10000: Max 13784 (3328) steps (0.0009 hrs) -nan:-nan 14346 (26) sec
[538] Ep10000: Max 13784 (2391) steps (0.0007 hrs) -nan:-nan 14371 (25) sec
[539] Ep10000: Max 13784 (2854) steps (0.0008 hrs) -nan:-nan 14395 (24) sec
[540] Ep10000: Max 13784 (2826) steps (0.0008 hrs) -nan:-nan 14424 (29) sec
[541] Ep10000: Max 13784 (2478) steps (0.0007 hrs) -nan:-nan 14454 (30) sec
[542] Ep10000: Max 13784 (2620) steps (0.0007 hrs) -nan:-nan 14481 (27) sec
[543] Ep10000: Max 13784 (2879) steps (0.0008 hrs) -nan:-nan 14509 (28) sec
[544] Ep10000: Max 13784 (3345) steps (0.0009 hrs) -nan:-nan 14539 (30) sec
[545] Ep10000: Max 13784 (1566) steps (0.0004 hrs) -nan:-nan 14549 (10) sec
[546] Ep10000: Max 13784 (2936) steps (0.0008 hrs) -nan:-nan 14579 (30) sec
[547] Ep10000: Max 13784 (2520) steps (0.0007 hrs) -nan:-nan 14607 (28) sec
[548] Ep10000: Max 13784 (2551) steps (0.0007 hrs) -nan:-nan 14633 (26) sec
[549] Ep10000: Max 13784 (3475) steps (0.0010 hrs) -nan:-nan 14664 (31) sec
[550] Ep10000: Max 13784 (1930) steps (0.0005 hrs) -nan:-nan 14690 (26) sec
[551] Ep10000: Max 13784 (2149) steps (0.0006 hrs) -nan:-nan 14717 (27) sec
[552] Ep10000: Max 13784 (961) steps (0.0003 hrs) -nan:-nan 14723 (6) sec
[553] Ep10000: Max 13784 (2062) steps (0.0006 hrs) -nan:-nan 14742 (19) sec
[554] Ep10000: Max 13784 (1072) steps (0.0003 hrs) -nan:-nan 14765 (23) sec
[555] Ep10000: Max 13784 (3987) steps (0.0011 hrs) -nan:-nan 14795 (30) sec
[556] Ep10000: Max 13784 (5047) steps (0.0014 hrs) -nan:-nan 14816 (21) sec
[557] Ep10000: Max 13784 (2251) steps (0.0006 hrs) -nan:-nan 14841 (25) sec
[558] Ep10000: Max 13784 (1391) steps (0.0004 hrs) -nan:-nan 14849 (8) sec
[559] Ep10000: Max 13784 (1763) steps (0.0005 hrs) -nan:-nan 14859 (10) sec
[560] Ep10000: Max 13784 (1216) steps (0.0003 hrs) -nan:-nan 14884 (25) sec
[561] Ep10000: Max 13784 (3346) steps (0.0009 hrs) -nan:-nan 14913 (29) sec
[562] Ep10000: Max 13784 (5129) steps (0.0014 hrs) -nan:-nan 14936 (23) sec
[563] Ep10000: Max 13784 (3883) steps (0.0011 hrs) -nan:-nan 14962 (26) sec
[564] Ep10000: Max 13784 (1066) steps (0.0003 hrs) -nan:-nan 14968 (6) sec
[565] Ep10000: Max 13784 (3141) steps (0.0009 hrs) -nan:-nan 14999 (31) sec
[566] Ep10000: Max 13784 (2740) steps (0.0008 hrs) -nan:-nan 15026 (27) sec
[567] Ep10000: Max 13784 (2339) steps (0.0006 hrs) -nan:-nan 15054 (28) sec
[568] Ep10000: Max 13784 (596) steps (0.0002 hrs) -nan:-nan 15059 (5) sec
[569] Ep10000: Max 13784 (2386) steps (0.0007 hrs) -nan:-nan 15086 (27) sec
[570] Ep10000: Max 13784 (1235) steps (0.0003 hrs) -nan:-nan 15098 (12) sec
[571] Ep10000: Max 13784 (1584) steps (0.0004 hrs) -nan:-nan 15113 (15) sec
[572] Ep10000: Max 13784 (3486) steps (0.0010 hrs) -nan:-nan 15143 (30) sec
[573] Ep10000: Max 13784 (2772) steps (0.0008 hrs) -nan:-nan 15171 (28) sec
[574] Ep10000: Max 13784 (2385) steps (0.0007 hrs) -nan:-nan 15198 (27) sec
[575] Ep10000: Max 13784 (3782) steps (0.0011 hrs) -nan:-nan 15221 (23) sec
[576] Ep10000: Max 13784 (4121) steps (0.0011 hrs) -nan:-nan 15248 (27) sec
[577] Ep10000: Max 13784 (2770) steps (0.0008 hrs) -nan:-nan 15277 (29) sec
[578] Ep10000: Max 13784 (2657) steps (0.0007 hrs) -nan:-nan 15303 (26) sec
[579] Ep10000: Max 13784 (3452) steps (0.0010 hrs) -nan:-nan 15332 (29) sec
[580] Ep10000: Max 13784 (2961) steps (0.0008 hrs) -nan:-nan 15361 (29) sec
[581] Ep10000: Max 13784 (2315) steps (0.0006 hrs) -nan:-nan 15378 (17) sec
[582] Ep10000: Max 13784 (3555) steps (0.0010 hrs) -nan:-nan 15406 (28) sec
[583] Ep10000: Max 13784 (4549) steps (0.0013 hrs) -nan:-nan 15433 (27) sec
[584] Ep10000: Max 13784 (2494) steps (0.0007 hrs) -nan:-nan 15462 (29) sec
[585] Ep10000: Max 13784 (4801) steps (0.0013 hrs) -nan:-nan 15491 (29) sec
[586] Ep10000: Max 13784 (1740) steps (0.0005 hrs) -nan:-nan 15505 (14) sec
[587] Ep10000: Max 13784 (3763) steps (0.0010 hrs) -nan:-nan 15534 (29) sec
[588] Ep10000: Max 13784 (3205) steps (0.0009 hrs) -nan:-nan 15563 (29) sec
[589] Ep10000: Max 13784 (1939) steps (0.0005 hrs) -nan:-nan 15579 (16) sec
[590] Ep10000: Max 13784 (3091) steps (0.0009 hrs) -nan:-nan 15610 (31) sec
[591] Ep10000: Max 13784 (2171) steps (0.0006 hrs) -nan:-nan 15636 (26) sec
[592] Ep10000: Max 13784 (1150) steps (0.0003 hrs) -nan:-nan 15643 (7) sec
[593] Ep10000: Max 13784 (3111) steps (0.0009 hrs) -nan:-nan 15668 (25) sec
[594] Ep10000: Max 13784 (3798) steps (0.0011 hrs) -nan:-nan 15686 (18) sec
[595] Ep10000: Max 13784 (2903) steps (0.0008 hrs) -nan:-nan 15716 (30) sec
[596] Ep10000: Max 13784 (3188) steps (0.0009 hrs) -nan:-nan 15747 (31) sec
[597] Ep10000: Max 13784 (2035) steps (0.0006 hrs) -nan:-nan 15773 (26) sec
[598] Ep10000: Max 13784 (3253) steps (0.0009 hrs) -nan:-nan 15802 (29) sec
[599] Ep10000: Max 13784 (1921) steps (0.0005 hrs) -nan:-nan 15828 (26) sec
[600] Ep10000: Max 13784 (3097) steps (0.0009 hrs) -nan:-nan 15855 (27) sec
[601] Ep10000: Max 13784 (3270) steps (0.0009 hrs) -nan:-nan 15884 (29) sec
[602] Ep10000: Max 13784 (3295) steps (0.0009 hrs) -nan:-nan 15913 (29) sec
[603] Ep10000: Max 13784 (723) steps (0.0002 hrs) -nan:-nan 15935 (22) sec
[604] Ep10000: Max 13784 (3363) steps (0.0009 hrs) -nan:-nan 15964 (29) sec
[605] Ep10000: Max 13784 (1828) steps (0.0005 hrs) -nan:-nan 15991 (27) sec
[606] Ep10000: Max 13784 (8547) steps (0.0024 hrs) -nan:-nan 16062 (71) sec
[607] Ep10000: Max 13784 (5137) steps (0.0014 hrs) -nan:-nan 16092 (30) sec
[608] Ep10000: Max 13784 (799) steps (0.0002 hrs) -nan:-nan 16098 (6) sec
[609] Ep10000: Max 13784 (795) steps (0.0002 hrs) -nan:-nan 16121 (23) sec
[610] Ep10000: Max 13784 (1631) steps (0.0005 hrs) -nan:-nan 16132 (11) sec
[611] Ep10000: Max 13784 (2888) steps (0.0008 hrs) -nan:-nan 16160 (28) sec
[612] Ep10000: Max 13784 (1423) steps (0.0004 hrs) -nan:-nan 16167 (7) sec
[613] Ep10000: Max 13784 (2645) steps (0.0007 hrs) -nan:-nan 16196 (29) sec
[614] Ep10000: Max 13784 (2653) steps (0.0007 hrs) -nan:-nan 16226 (30) sec
[615] Ep10000: Max 13784 (3618) steps (0.0010 hrs) -nan:-nan 16256 (30) sec
[616] Ep10000: Max 13784 (5108) steps (0.0014 hrs) -nan:-nan 16282 (26) sec
[617] Ep10000: Max 13784 (3121) steps (0.0009 hrs) -nan:-nan 16314 (32) sec
[618] Ep10000: Max 13784 (383) steps (0.0001 hrs) -nan:-nan 16320 (6) sec
[619] Ep10000: Max 13784 (10142) steps (0.0028 hrs) -nan:-nan 16364 (44) sec
[620] Ep10000: Max 13784 (3203) steps (0.0009 hrs) -nan:-nan 16393 (29) sec
[621] Ep10000: Max 13784 (950) steps (0.0003 hrs) -nan:-nan 16400 (7) sec
[622] Ep10000: Max 13784 (4406) steps (0.0012 hrs) -nan:-nan 16429 (29) sec
[623] Ep10000: Max 13784 (2884) steps (0.0008 hrs) -nan:-nan 16453 (24) sec
[624] Ep10000: Max 13784 (2452) steps (0.0007 hrs) -nan:-nan 16479 (26) sec
[625] Ep10000: Max 13784 (3458) steps (0.0010 hrs) -nan:-nan 16508 (29) sec
[626] Ep10000: Max 13784 (3254) steps (0.0009 hrs) -nan:-nan 16537 (29) sec
[627] Ep10000: Max 13784 (2496) steps (0.0007 hrs) -nan:-nan 16567 (30) sec
[628] Ep10000: Max 13784 (1931) steps (0.0005 hrs) -nan:-nan 16589 (22) sec
[629] Ep10000: Max 13784 (8204) steps (0.0023 hrs) -nan:-nan 16640 (51) sec
[630] Ep10000: Max 13784 (3072) steps (0.0009 hrs) -nan:-nan 16670 (30) sec
[631] Ep10000: Max 13784 (3081) steps (0.0009 hrs) -nan:-nan 16700 (30) sec
[632] Ep10000: Max 13784 (2203) steps (0.0006 hrs) -nan:-nan 16729 (29) sec
[633] Ep10000: Max 13784 (757) steps (0.0002 hrs) -nan:-nan 16752 (23) sec
[634] Ep10000: Max 13784 (3063) steps (0.0009 hrs) -nan:-nan 16782 (30) sec
[635] Ep10000: Max 13784 (2494) steps (0.0007 hrs) -nan:-nan 16803 (21) sec
[636] Ep10000: Max 13784 (3570) steps (0.0010 hrs) -nan:-nan 16834 (31) sec
[637] Ep10000: Max 13784 (1405) steps (0.0004 hrs) -nan:-nan 16841 (7) sec
[638] Ep10000: Max 13784 (3068) steps (0.0009 hrs) -nan:-nan 16872 (31) sec
[639] Ep10000: Max 13784 (2241) steps (0.0006 hrs) -nan:-nan 16898 (26) sec
[640] Ep10000: Max 13784 (2852) steps (0.0008 hrs) -nan:-nan 16927 (29) sec
[641] Ep10000: Max 13784 (3919) steps (0.0011 hrs) -nan:-nan 16950 (23) sec
[642] Ep10000: Max 13784 (1328) steps (0.0004 hrs) -nan:-nan 16973 (23) sec
[643] Ep10000: Max 13784 (3151) steps (0.0009 hrs) -nan:-nan 16999 (26) sec
[644] Ep10000: Max 13784 (1057) steps (0.0003 hrs) -nan:-nan 17006 (7) sec
[645] Ep10000: Max 13784 (3356) steps (0.0009 hrs) -nan:-nan 17036 (30) sec
[646] Ep10000: Max 13784 (2427) steps (0.0007 hrs) -nan:-nan 17064 (28) sec
[647] Ep10000: Max 13784 (3019) steps (0.0008 hrs) -nan:-nan 17088 (24) sec
[648] Ep10000: Max 13784 (3132) steps (0.0009 hrs) -nan:-nan 17117 (29) sec
[649] Ep10000: Max 13784 (2708) steps (0.0008 hrs) -nan:-nan 17146 (29) sec
[650] Ep10000: Max 13784 (1309) steps (0.0004 hrs) -nan:-nan 17152 (6) sec
[651] Ep10000: Max 13784 (2752) steps (0.0008 hrs) -nan:-nan 17182 (30) sec
[652] Ep10000: Max 13784 (4255) steps (0.0012 hrs) -nan:-nan 17193 (11) sec
[653] Ep10000: Max 13784 (2446) steps (0.0007 hrs) -nan:-nan 17221 (28) sec
[654] Ep10000: Max 13784 (1388) steps (0.0004 hrs) -nan:-nan 17229 (8) sec
[655] Ep10000: Max 13784 (3153) steps (0.0009 hrs) -nan:-nan 17246 (17) sec
[656] Ep10000: Max 13784 (4530) steps (0.0013 hrs) -nan:-nan 17287 (41) sec
[657] Ep10000: Max 13784 (3089) steps (0.0009 hrs) -nan:-nan 17317 (30) sec
[658] Ep10000: Max 13784 (1815) steps (0.0005 hrs) -nan:-nan 17324 (7) sec
[659] Ep10000: Max 13784 (2689) steps (0.0007 hrs) -nan:-nan 17351 (27) sec
[660] Ep10000: Max 13784 (3251) steps (0.0009 hrs) -nan:-nan 17381 (30) sec
[661] Ep10000: Max 13784 (2769) steps (0.0008 hrs) -nan:-nan 17409 (28) sec
[662] Ep10000: Max 13784 (2373) steps (0.0007 hrs) -nan:-nan 17427 (18) sec
[663] Ep10000: Max 13784 (6929) steps (0.0019 hrs) -nan:-nan 17479 (52) sec
[664] Ep10000: Max 13784 (3916) steps (0.0011 hrs) -nan:-nan 17509 (30) sec
[665] Ep10000: Max 13784 (2053) steps (0.0006 hrs) -nan:-nan 17536 (27) sec
[666] Ep10000: Max 13784 (989) steps (0.0003 hrs) -nan:-nan 17559 (23) sec
[667] Ep10000: Max 13784 (4477) steps (0.0012 hrs) -nan:-nan 17588 (29) sec
[668] Ep10000: Max 13784 (2896) steps (0.0008 hrs) -nan:-nan 17616 (28) sec
[669] Ep10000: Max 13784 (3046) steps (0.0008 hrs) -nan:-nan 17640 (24) sec
[670] Ep10000: Max 13784 (2740) steps (0.0008 hrs) -nan:-nan 17664 (24) sec
[671] Ep10000: Max 13784 (3121) steps (0.0009 hrs) -nan:-nan 17693 (29) sec
[672] Ep10000: Max 13784 (3013) steps (0.0008 hrs) -nan:-nan 17722 (29) sec
[673] Ep10000: Max 13784 (4823) steps (0.0013 hrs) -nan:-nan 17749 (27) sec
[674] Ep10000: Max 13784 (3231) steps (0.0009 hrs) -nan:-nan 17778 (29) sec
[675] Ep10000: Max 13784 (4013) steps (0.0011 hrs) -nan:-nan 17808 (30) sec
[676] Ep10000: Max 13784 (3491) steps (0.0010 hrs) -nan:-nan 17836 (28) sec
[677] Ep10000: Max 13784 (2954) steps (0.0008 hrs) -nan:-nan 17865 (29) sec
[678] Ep10000: Max 13784 (2222) steps (0.0006 hrs) -nan:-nan 17888 (23) sec
[679] Ep10000: Max 13784 (3567) steps (0.0010 hrs) -nan:-nan 17918 (30) sec
[680] Ep10000: Max 13784 (3349) steps (0.0009 hrs) -nan:-nan 17946 (28) sec
[681] Ep10000: Max 13784 (1414) steps (0.0004 hrs) -nan:-nan 17972 (26) sec
[682] Ep10000: Max 13784 (2899) steps (0.0008 hrs) -nan:-nan 18001 (29) sec
[683] Ep10000: Max 13784 (2807) steps (0.0008 hrs) -nan:-nan 18029 (28) sec
[684] Ep10000: Max 13784 (3538) steps (0.0010 hrs) -nan:-nan 18057 (28) sec
[685] Ep10000: Max 13784 (455) steps (0.0001 hrs) -nan:-nan 18064 (7) sec
[686] Ep10000: Max 13784 (1820) steps (0.0005 hrs) -nan:-nan 18090 (26) sec
[687] Ep10000: Max 13784 (4374) steps (0.0012 hrs) -nan:-nan 18105 (15) sec
[688] Ep10000: Max 13784 (3340) steps (0.0009 hrs) -nan:-nan 18114 (9) sec
[689] Ep10000: Max 13784 (3795) steps (0.0011 hrs) -nan:-nan 18145 (31) sec
[690] Ep10000: Max 13784 (593) steps (0.0002 hrs) -nan:-nan 18151 (6) sec
[691] Ep10000: Max 13784 (934) steps (0.0003 hrs) -nan:-nan 18158 (7) sec
[692] Ep10000: Max 13784 (5329) steps (0.0015 hrs) -nan:-nan 18187 (29) sec
[693] Ep10000: Max 13784 (1429) steps (0.0004 hrs) -nan:-nan 18193 (6) sec
[694] Ep10000: Max 13784 (4225) steps (0.0012 hrs) -nan:-nan 18223 (30) sec
[695] Ep10000: Max 13784 (2669) steps (0.0007 hrs) -nan:-nan 18249 (26) sec
[696] Ep10000: Max 13784 (2613) steps (0.0007 hrs) -nan:-nan 18280 (31) sec
[697] Ep10000: Max 13784 (2689) steps (0.0007 hrs) -nan:-nan 18309 (29) sec
[698] Ep10000: Max 13784 (2548) steps (0.0007 hrs) -nan:-nan 18335 (26) sec
[699] Ep10000: Max 13784 (1475) steps (0.0004 hrs) -nan:-nan 18341 (6) sec
[700] Ep10000: Max 13784 (2767) steps (0.0008 hrs) -nan:-nan 18371 (30) sec
[701] Ep10000: Max 13784 (2861) steps (0.0008 hrs) -nan:-nan 18401 (30) sec
[702] Ep10000: Max 13784 (1048) steps (0.0003 hrs) -nan:-nan 18406 (5) sec
[703] Ep10000: Max 13784 (2818) steps (0.0008 hrs) -nan:-nan 18436 (30) sec
[704] Ep10000: Max 13784 (2879) steps (0.0008 hrs) -nan:-nan 18465 (29) sec
[705] Ep10000: Max 13784 (1160) steps (0.0003 hrs) -nan:-nan 18471 (6) sec
[706] Ep10000: Max 13784 (3064) steps (0.0009 hrs) -nan:-nan 18499 (28) sec
[707] Ep10000: Max 13784 (805) steps (0.0002 hrs) -nan:-nan 18522 (23) sec
[708] Ep10000: Max 13784 (3580) steps (0.0010 hrs) -nan:-nan 18552 (30) sec
[709] Ep10000: Max 13784 (3145) steps (0.0009 hrs) -nan:-nan 18577 (25) sec
[710] Ep10000: Max 13784 (2573) steps (0.0007 hrs) -nan:-nan 18602 (25) sec
[711] Ep10000: Max 13784 (2881) steps (0.0008 hrs) -nan:-nan 18631 (29) sec
[712] Ep10000: Max 13784 (3757) steps (0.0010 hrs) -nan:-nan 18638 (7) sec
[713] Ep10000: Max 13784 (795) steps (0.0002 hrs) -nan:-nan 18645 (7) sec
[714] Ep10000: Max 13784 (3447) steps (0.0010 hrs) -nan:-nan 18674 (29) sec
[715] Ep10000: Max 13784 (528) steps (0.0001 hrs) -nan:-nan 18679 (5) sec
[716] Ep10000: Max 13784 (2569) steps (0.0007 hrs) -nan:-nan 18706 (27) sec
[717] Ep10000: Max 13784 (3104) steps (0.0009 hrs) -nan:-nan 18735 (29) sec
[718] Ep10000: Max 13784 (3072) steps (0.0009 hrs) -nan:-nan 18764 (29) sec
[719] Ep10000: Max 13784 (1328) steps (0.0004 hrs) -nan:-nan 18789 (25) sec
[720] Ep10000: Max 13784 (2248) steps (0.0006 hrs) -nan:-nan 18800 (11) sec
[721] Ep10000: Max 13784 (3792) steps (0.0011 hrs) -nan:-nan 18829 (29) sec
[722] Ep10000: Max 13784 (10141) steps (0.0028 hrs) -nan:-nan 18858 (29) sec
[723] Ep10000: Max 13784 (3139) steps (0.0009 hrs) -nan:-nan 18888 (30) sec
[724] Ep10000: Max 16402 (16402) steps (0.0046 hrs) -nan:-nan 18923 (35) sec
[725] Ep10000: Max 16402 (2220) steps (0.0006 hrs) -nan:-nan 18950 (27) sec
[726] Ep10000: Max 16402 (5669) steps (0.0016 hrs) -nan:-nan 18974 (24) sec
[727] Ep10000: Max 16402 (870) steps (0.0002 hrs) -nan:-nan 18980 (6) sec
[728] Ep10000: Max 16402 (2979) steps (0.0008 hrs) -nan:-nan 19007 (27) sec
[729] Ep10000: Max 16402 (2822) steps (0.0008 hrs) -nan:-nan 19036 (29) sec
[730] Ep10000: Max 16402 (2423) steps (0.0007 hrs) -nan:-nan 19065 (29) sec
[731] Ep10000: Max 16402 (2904) steps (0.0008 hrs) -nan:-nan 19094 (29) sec
[732] Ep10000: Max 16402 (2423) steps (0.0007 hrs) -nan:-nan 19114 (20) sec
[733] Ep10000: Max 16402 (792) steps (0.0002 hrs) -nan:-nan 19119 (5) sec
[734] Ep10000: Max 16402 (722) steps (0.0002 hrs) -nan:-nan 19141 (22) sec
[735] Ep10000: Max 16402 (2648) steps (0.0007 hrs) -nan:-nan 19163 (22) sec
[736] Ep10000: Max 16402 (3176) steps (0.0009 hrs) -nan:-nan 19192 (29) sec
[737] Ep10000: Max 16402 (2601) steps (0.0007 hrs) -nan:-nan 19221 (29) sec
[738] Ep10000: Max 16402 (2502) steps (0.0007 hrs) -nan:-nan 19248 (27) sec
[739] Ep10000: Max 16402 (839) steps (0.0002 hrs) -nan:-nan 19270 (22) sec
[740] Ep10000: Max 16402 (3251) steps (0.0009 hrs) -nan:-nan 19299 (29) sec
[741] Ep10000: Max 16402 (1203) steps (0.0003 hrs) -nan:-nan 19306 (7) sec
[742] Ep10000: Max 16402 (2312) steps (0.0006 hrs) -nan:-nan 19334 (28) sec
[743] Ep10000: Max 16402 (2766) steps (0.0008 hrs) -nan:-nan 19364 (30) sec
[744] Ep10000: Max 16402 (2228) steps (0.0006 hrs) -nan:-nan 19391 (27) sec
[745] Ep10000: Max 16402 (2390) steps (0.0007 hrs) -nan:-nan 19418 (27) sec
[746] Ep10000: Max 16402 (2540) steps (0.0007 hrs) -nan:-nan 19448 (30) sec
[747] Ep10000: Max 16402 (4200) steps (0.0012 hrs) -nan:-nan 19469 (21) sec
[748] Ep10000: Max 16402 (3194) steps (0.0009 hrs) -nan:-nan 19499 (30) sec
[749] Ep10000: Max 16402 (2884) steps (0.0008 hrs) -nan:-nan 19529 (30) sec
[750] Ep10000: Max 16402 (3295) steps (0.0009 hrs) -nan:-nan 19559 (30) sec
[751] Ep10000: Max 16402 (2862) steps (0.0008 hrs) -nan:-nan 19584 (25) sec
[752] Ep10000: Max 16402 (1523) steps (0.0004 hrs) -nan:-nan 19591 (7) sec
[753] Ep10000: Max 16402 (2659) steps (0.0007 hrs) -nan:-nan 19622 (31) sec
[754] Ep10000: Max 16402 (1783) steps (0.0005 hrs) -nan:-nan 19634 (12) sec
[755] Ep10000: Max 16402 (793) steps (0.0002 hrs) -nan:-nan 19657 (23) sec
[756] Ep10000: Max 16402 (3502) steps (0.0010 hrs) -nan:-nan 19683 (26) sec
[757] Ep10000: Max 16402 (6409) steps (0.0018 hrs) -nan:-nan 19707 (24) sec
[758] Ep10000: Max 16402 (1087) steps (0.0003 hrs) -nan:-nan 19719 (12) sec
[759] Ep10000: Max 16402 (1490) steps (0.0004 hrs) -nan:-nan 19731 (12) sec
[760] Ep10000: Max 16402 (6965) steps (0.0019 hrs) -nan:-nan 19784 (53) sec
[761] Ep10000: Max 16402 (2915) steps (0.0008 hrs) -nan:-nan 19814 (30) sec
[762] Ep10000: Max 16402 (2319) steps (0.0006 hrs) -nan:-nan 19840 (26) sec
[763] Ep10000: Max 16402 (2407) steps (0.0007 hrs) -nan:-nan 19865 (25) sec
[764] Ep10000: Max 16402 (2052) steps (0.0006 hrs) -nan:-nan 19891 (26) sec
[765] Ep10000: Max 16402 (2674) steps (0.0007 hrs) -nan:-nan 19921 (30) sec
[766] Ep10000: Max 16402 (3303) steps (0.0009 hrs) -nan:-nan 19951 (30) sec
[767] Ep10000: Max 16402 (3565) steps (0.0010 hrs) -nan:-nan 19983 (32) sec
[768] Ep10000: Max 16402 (2476) steps (0.0007 hrs) -nan:-nan 20003 (20) sec
[769] Ep10000: Max 16402 (2744) steps (0.0008 hrs) -nan:-nan 20032 (29) sec
[770] Ep10000: Max 16402 (3024) steps (0.0008 hrs) -nan:-nan 20062 (30) sec
[771] Ep10000: Max 16402 (494) steps (0.0001 hrs) -nan:-nan 20068 (6) sec
[772] Ep10000: Max 16402 (2958) steps (0.0008 hrs) -nan:-nan 20098 (30) sec
[773] Ep10000: Max 16402 (3075) steps (0.0009 hrs) -nan:-nan 20128 (30) sec
[774] Ep10000: Max 16402 (4159) steps (0.0012 hrs) -nan:-nan 20158 (30) sec
[775] Ep10000: Max 16402 (2955) steps (0.0008 hrs) -nan:-nan 20187 (29) sec
[776] Ep10000: Max 16402 (942) steps (0.0003 hrs) -nan:-nan 20211 (24) sec
[777] Ep10000: Max 16402 (2346) steps (0.0007 hrs) -nan:-nan 20236 (25) sec
[778] Ep10000: Max 16402 (3069) steps (0.0009 hrs) -nan:-nan 20267 (31) sec
[779] Ep10000: Max 16402 (1035) steps (0.0003 hrs) -nan:-nan 20273 (6) sec
[780] Ep10000: Max 16402 (4246) steps (0.0012 hrs) -nan:-nan 20297 (24) sec
[781] Ep10000: Max 16402 (2946) steps (0.0008 hrs) -nan:-nan 20328 (31) sec
[782] Ep10000: Max 16402 (2178) steps (0.0006 hrs) -nan:-nan 20356 (28) sec
[783] Ep10000: Max 16402 (2417) steps (0.0007 hrs) -nan:-nan 20387 (31) sec
[784] Ep10000: Max 16402 (3360) steps (0.0009 hrs) -nan:-nan 20416 (29) sec
[785] Ep10000: Max 16402 (2953) steps (0.0008 hrs) -nan:-nan 20443 (27) sec
[786] Ep10000: Max 16402 (2066) steps (0.0006 hrs) -nan:-nan 20465 (22) sec
[787] Ep10000: Max 16402 (736) steps (0.0002 hrs) -nan:-nan 20470 (5) sec
[788] Ep10000: Max 16402 (1329) steps (0.0004 hrs) -nan:-nan 20479 (9) sec
[789] Ep10000: Max 16402 (1198) steps (0.0003 hrs) -nan:-nan 20502 (23) sec
[790] Ep10000: Max 16402 (1038) steps (0.0003 hrs) -nan:-nan 20509 (7) sec
[791] Ep10000: Max 16402 (1986) steps (0.0006 hrs) -nan:-nan 20536 (27) sec
[792] Ep10000: Max 16402 (3480) steps (0.0010 hrs) -nan:-nan 20566 (30) sec
[793] Ep10000: Max 16402 (2166) steps (0.0006 hrs) -nan:-nan 20578 (12) sec
[794] Ep10000: Max 16402 (3236) steps (0.0009 hrs) -nan:-nan 20606 (28) sec
[795] Ep10000: Max 16402 (3055) steps (0.0008 hrs) -nan:-nan 20636 (30) sec
[796] Ep10000: Max 16402 (1240) steps (0.0003 hrs) -nan:-nan 20644 (8) sec
[797] Ep10000: Max 16402 (823) steps (0.0002 hrs) -nan:-nan 20650 (6) sec
[798] Ep10000: Max 16402 (2905) steps (0.0008 hrs) -nan:-nan 20680 (30) sec
[799] Ep10000: Max 16402 (2850) steps (0.0008 hrs) -nan:-nan 20709 (29) sec
[800] Ep10000: Max 16402 (1773) steps (0.0005 hrs) -nan:-nan 20737 (28) sec
[801] Ep10000: Max 16402 (1064) steps (0.0003 hrs) -nan:-nan 20743 (6) sec
[802] Ep10000: Max 16402 (1845) steps (0.0005 hrs) -nan:-nan 20757 (14) sec
[803] Ep10000: Max 16402 (3612) steps (0.0010 hrs) -nan:-nan 20787 (30) sec
[804] Ep10000: Max 16402 (4066) steps (0.0011 hrs) -nan:-nan 20816 (29) sec
[805] Ep10000: Max 16402 (2491) steps (0.0007 hrs) -nan:-nan 20837 (21) sec
[806] Ep10000: Max 16402 (1104) steps (0.0003 hrs) -nan:-nan 20860 (23) sec
[807] Ep10000: Max 16402 (3766) steps (0.0010 hrs) -nan:-nan 20889 (29) sec
[808] Ep10000: Max 16402 (474) steps (0.0001 hrs) -nan:-nan 20895 (6) sec
[809] Ep10000: Max 16402 (2866) steps (0.0008 hrs) -nan:-nan 20924 (29) sec
[810] Ep10000: Max 16402 (3626) steps (0.0010 hrs) -nan:-nan 20954 (30) sec
[811] Ep10000: Max 16402 (3372) steps (0.0009 hrs) -nan:-nan 20979 (25) sec
[812] Ep10000: Max 16402 (5295) steps (0.0015 hrs) -nan:-nan 21005 (26) sec
[813] Ep10000: Max 16402 (1547) steps (0.0004 hrs) -nan:-nan 21029 (24) sec
[814] Ep10000: Max 16402 (3341) steps (0.0009 hrs) -nan:-nan 21060 (31) sec
[815] Ep10000: Max 16402 (632) steps (0.0002 hrs) -nan:-nan 21067 (7) sec
[816] Ep10000: Max 16402 (2483) steps (0.0007 hrs) -nan:-nan 21096 (29) sec
[817] Ep10000: Max 16402 (3077) steps (0.0009 hrs) -nan:-nan 21124 (28) sec
[818] Ep10000: Max 16402 (2410) steps (0.0007 hrs) -nan:-nan 21153 (29) sec
[819] Ep10000: Max 16402 (2928) steps (0.0008 hrs) -nan:-nan 21183 (30) sec
[820] Ep10000: Max 16402 (2378) steps (0.0007 hrs) -nan:-nan 21213 (30) sec
[821] Ep10000: Max 16402 (2624) steps (0.0007 hrs) -nan:-nan 21243 (30) sec
[822] Ep10000: Max 16402 (2334) steps (0.0006 hrs) -nan:-nan 21268 (25) sec
[823] Ep10000: Max 16402 (2634) steps (0.0007 hrs) -nan:-nan 21296 (28) sec
[824] Ep10000: Max 16402 (2885) steps (0.0008 hrs) -nan:-nan 21327 (31) sec
[825] Ep10000: Max 16402 (3069) steps (0.0009 hrs) -nan:-nan 21337 (10) sec
[826] Ep10000: Max 16402 (2210) steps (0.0006 hrs) -nan:-nan 21363 (26) sec
[827] Ep10000: Max 16402 (1104) steps (0.0003 hrs) -nan:-nan 21369 (6) sec
[828] Ep10000: Max 16402 (3488) steps (0.0010 hrs) -nan:-nan 21400 (31) sec
[829] Ep10000: Max 16402 (2096) steps (0.0006 hrs) -nan:-nan 21425 (25) sec
[830] Ep10000: Max 16402 (821) steps (0.0002 hrs) -nan:-nan 21448 (23) sec
[831] Ep10000: Max 16402 (2217) steps (0.0006 hrs) -nan:-nan 21477 (29) sec
[832] Ep10000: Max 16402 (2642) steps (0.0007 hrs) -nan:-nan 21505 (28) sec
[833] Ep10000: Max 16402 (2597) steps (0.0007 hrs) -nan:-nan 21535 (30) sec
[834] Ep10000: Max 16402 (3335) steps (0.0009 hrs) -nan:-nan 21562 (27) sec
[835] Ep10000: Max 16402 (4609) steps (0.0013 hrs) -nan:-nan 21588 (26) sec
[836] Ep10000: Max 16402 (3186) steps (0.0009 hrs) -nan:-nan 21617 (29) sec
[837] Ep10000: Max 16402 (1488) steps (0.0004 hrs) -nan:-nan 21641 (24) sec
[838] Ep10000: Max 16402 (1124) steps (0.0003 hrs) -nan:-nan 21649 (8) sec
[839] Ep10000: Max 16402 (1914) steps (0.0005 hrs) -nan:-nan 21668 (19) sec
[840] Ep10000: Max 16402 (3627) steps (0.0010 hrs) -nan:-nan 21701 (33) sec
[841] Ep10000: Max 16402 (3742) steps (0.0010 hrs) -nan:-nan 21731 (30) sec
[842] Ep10000: Max 16402 (888) steps (0.0002 hrs) -nan:-nan 21754 (23) sec
[843] Ep10000: Max 16402 (2663) steps (0.0007 hrs) -nan:-nan 21783 (29) sec
[844] Ep10000: Max 16402 (2561) steps (0.0007 hrs) -nan:-nan 21802 (19) sec
[845] Ep10000: Max 16402 (2705) steps (0.0008 hrs) -nan:-nan 21832 (30) sec
[846] Ep10000: Max 16402 (1191) steps (0.0003 hrs) -nan:-nan 21855 (23) sec
[847] Ep10000: Max 16402 (3707) steps (0.0010 hrs) -nan:-nan 21886 (31) sec
[848] Ep10000: Max 16402 (2596) steps (0.0007 hrs) -nan:-nan 21915 (29) sec
[849] Ep10000: Max 16402 (2944) steps (0.0008 hrs) -nan:-nan 21945 (30) sec
[850] Ep10000: Max 16402 (3359) steps (0.0009 hrs) -nan:-nan 21972 (27) sec
[851] Ep10000: Max 16402 (3121) steps (0.0009 hrs) -nan:-nan 21999 (27) sec
[852] Ep10000: Max 16402 (2681) steps (0.0007 hrs) -nan:-nan 22028 (29) sec
[853] Ep10000: Max 16402 (1104) steps (0.0003 hrs) -nan:-nan 22034 (6) sec
[854] Ep10000: Max 16402 (2215) steps (0.0006 hrs) -nan:-nan 22052 (18) sec
[855] Ep10000: Max 16402 (1948) steps (0.0005 hrs) -nan:-nan 22077 (25) sec
[856] Ep10000: Max 16402 (3275) steps (0.0009 hrs) -nan:-nan 22107 (30) sec
[857] Ep10000: Max 16402 (1069) steps (0.0003 hrs) -nan:-nan 22114 (7) sec
[858] Ep10000: Max 16402 (3203) steps (0.0009 hrs) -nan:-nan 22134 (20) sec
[859] Ep10000: Max 16402 (1605) steps (0.0004 hrs) -nan:-nan 22140 (6) sec
[860] Ep10000: Max 16402 (2662) steps (0.0007 hrs) -nan:-nan 22166 (26) sec
[861] Ep10000: Max 16402 (2303) steps (0.0006 hrs) -nan:-nan 22194 (28) sec
[862] Ep10000: Max 16402 (3093) steps (0.0009 hrs) -nan:-nan 22224 (30) sec
[863] Ep10000: Max 16402 (756) steps (0.0002 hrs) -nan:-nan 22230 (6) sec
[864] Ep10000: Max 16402 (2577) steps (0.0007 hrs) -nan:-nan 22255 (25) sec
[865] Ep10000: Max 16402 (660) steps (0.0002 hrs) -nan:-nan 22279 (24) sec
[866] Ep10000: Max 16402 (2551) steps (0.0007 hrs) -nan:-nan 22307 (28) sec
[867] Ep10000: Max 16402 (2521) steps (0.0007 hrs) -nan:-nan 22337 (30) sec
[868] Ep10000: Max 16402 (9289) steps (0.0026 hrs) -nan:-nan 22363 (26) sec
[869] Ep10000: Max 16402 (4660) steps (0.0013 hrs) -nan:-nan 22385 (22) sec
[870] Ep10000: Max 16402 (821) steps (0.0002 hrs) -nan:-nan 22409 (24) sec
[871] Ep10000: Max 16402 (7359) steps (0.0020 hrs) -nan:-nan 22435 (26) sec
[872] Ep10000: Max 16402 (1818) steps (0.0005 hrs) -nan:-nan 22461 (26) sec
[873] Ep10000: Max 16402 (3739) steps (0.0010 hrs) -nan:-nan 22489 (28) sec
[874] Ep10000: Max 16402 (3797) steps (0.0011 hrs) -nan:-nan 22520 (31) sec
[875] Ep10000: Max 16402 (2651) steps (0.0007 hrs) -nan:-nan 22549 (29) sec
[876] Ep10000: Max 16402 (2646) steps (0.0007 hrs) -nan:-nan 22578 (29) sec
[877] Ep10000: Max 16402 (5549) steps (0.0015 hrs) -nan:-nan 22614 (36) sec
[878] Ep10000: Max 16402 (2199) steps (0.0006 hrs) -nan:-nan 22640 (26) sec
[879] Ep10000: Max 16402 (1548) steps (0.0004 hrs) -nan:-nan 22647 (7) sec
[880] Ep10000: Max 16402 (2231) steps (0.0006 hrs) -nan:-nan 22675 (28) sec
[881] Ep10000: Max 16402 (2518) steps (0.0007 hrs) -nan:-nan 22705 (30) sec
[882] Ep10000: Max 16402 (2800) steps (0.0008 hrs) -nan:-nan 22732 (27) sec
[883] Ep10000: Max 16402 (3517) steps (0.0010 hrs) -nan:-nan 22757 (25) sec
[884] Ep10000: Max 16402 (2693) steps (0.0007 hrs) -nan:-nan 22785 (28) sec
[885] Ep10000: Max 16402 (2944) steps (0.0008 hrs) -nan:-nan 22816 (31) sec
[886] Ep10000: Max 16402 (1210) steps (0.0003 hrs) -nan:-nan 22821 (5) sec
[887] Ep10000: Max 16402 (2212) steps (0.0006 hrs) -nan:-nan 22848 (27) sec
[888] Ep10000: Max 16402 (2318) steps (0.0006 hrs) -nan:-nan 22878 (30) sec
[889] Ep10000: Max 16402 (3113) steps (0.0009 hrs) -nan:-nan 22908 (30) sec
[890] Ep10000: Max 16402 (2735) steps (0.0008 hrs) -nan:-nan 22936 (28) sec
[891] Ep10000: Max 16402 (2670) steps (0.0007 hrs) -nan:-nan 22966 (30) sec
[892] Ep10000: Max 16402 (2642) steps (0.0007 hrs) -nan:-nan 22996 (30) sec
[893] Ep10000: Max 16402 (1327) steps (0.0004 hrs) -nan:-nan 23005 (9) sec
[894] Ep10000: Max 16402 (2580) steps (0.0007 hrs) -nan:-nan 23034 (29) sec
[895] Ep10000: Max 16402 (2989) steps (0.0008 hrs) -nan:-nan 23064 (30) sec
[896] Ep10000: Max 16402 (4700) steps (0.0013 hrs) -nan:-nan 23090 (26) sec
[897] Ep10000: Max 16402 (1688) steps (0.0005 hrs) -nan:-nan 23096 (6) sec
[898] Ep10000: Max 16402 (2733) steps (0.0008 hrs) -nan:-nan 23126 (30) sec
[899] Ep10000: Max 16402 (1192) steps (0.0003 hrs) -nan:-nan 23133 (7) sec
[900] Ep10000: Max 16402 (2566) steps (0.0007 hrs) -nan:-nan 23163 (30) sec
[901] Ep10000: Max 16402 (1921) steps (0.0005 hrs) -nan:-nan 23189 (26) sec
[902] Ep10000: Max 16402 (4097) steps (0.0011 hrs) -nan:-nan 23218 (29) sec
[903] Ep10000: Max 16402 (2596) steps (0.0007 hrs) -nan:-nan 23244 (26) sec
[904] Ep10000: Max 16402 (751) steps (0.0002 hrs) -nan:-nan 23251 (7) sec
[905] Ep10000: Max 16402 (923) steps (0.0003 hrs) -nan:-nan 23257 (6) sec
[906] Ep10000: Max 16402 (2435) steps (0.0007 hrs) -nan:-nan 23286 (29) sec
[907] Ep10000: Max 16402 (2581) steps (0.0007 hrs) -nan:-nan 23315 (29) sec
[908] Ep10000: Max 16402 (766) steps (0.0002 hrs) -nan:-nan 23321 (6) sec
[909] Ep10000: Max 16402 (878) steps (0.0002 hrs) -nan:-nan 23330 (9) sec
[910] Ep10000: Max 16402 (2008) steps (0.0006 hrs) -nan:-nan 23354 (24) sec
[911] Ep10000: Max 16402 (1757) steps (0.0005 hrs) -nan:-nan 23379 (25) sec
[912] Ep10000: Max 16402 (3529) steps (0.0010 hrs) -nan:-nan 23409 (30) sec
[913] Ep10000: Max 16402 (1489) steps (0.0004 hrs) -nan:-nan 23416 (7) sec
[914] Ep10000: Max 16402 (5190) steps (0.0014 hrs) -nan:-nan 23444 (28) sec
[915] Ep10000: Max 16402 (1832) steps (0.0005 hrs) -nan:-nan 23469 (25) sec
[916] Ep10000: Max 16402 (2488) steps (0.0007 hrs) -nan:-nan 23490 (21) sec
[917] Ep10000: Max 16402 (2447) steps (0.0007 hrs) -nan:-nan 23519 (29) sec
[918] Ep10000: Max 16402 (2653) steps (0.0007 hrs) -nan:-nan 23548 (29) sec
[919] Ep10000: Max 16402 (2775) steps (0.0008 hrs) -nan:-nan 23579 (31) sec
[920] Ep10000: Max 16402 (2790) steps (0.0008 hrs) -nan:-nan 23609 (30) sec
[921] Ep10000: Max 16402 (4289) steps (0.0012 hrs) -nan:-nan 23629 (20) sec
[922] Ep10000: Max 16402 (6738) steps (0.0019 hrs) -nan:-nan 23663 (34) sec
[923] Ep10000: Max 16402 (2494) steps (0.0007 hrs) -nan:-nan 23690 (27) sec
[924] Ep10000: Max 16402 (2145) steps (0.0006 hrs) -nan:-nan 23716 (26) sec
[925] Ep10000: Max 16402 (3852) steps (0.0011 hrs) -nan:-nan 23754 (38) sec
[926] Ep10000: Max 16402 (1617) steps (0.0004 hrs) -nan:-nan 23765 (11) sec
[927] Ep10000: Max 16402 (2134) steps (0.0006 hrs) -nan:-nan 23792 (27) sec
[928] Ep10000: Max 16402 (3576) steps (0.0010 hrs) -nan:-nan 23816 (24) sec
[929] Ep10000: Max 16402 (2350) steps (0.0007 hrs) -nan:-nan 23844 (28) sec
[930] Ep10000: Max 16402 (2816) steps (0.0008 hrs) -nan:-nan 23874 (30) sec
[931] Ep10000: Max 16402 (2999) steps (0.0008 hrs) -nan:-nan 23904 (30) sec
[932] Ep10000: Max 16402 (3215) steps (0.0009 hrs) -nan:-nan 23934 (30) sec
[933] Ep10000: Max 16402 (1191) steps (0.0003 hrs) -nan:-nan 23941 (7) sec
[934] Ep10000: Max 16402 (2789) steps (0.0008 hrs) -nan:-nan 23971 (30) sec
[935] Ep10000: Max 16402 (6219) steps (0.0017 hrs) -nan:-nan 24005 (34) sec
[936] Ep10000: Max 16402 (579) steps (0.0002 hrs) -nan:-nan 24012 (7) sec
[937] Ep10000: Max 16402 (1906) steps (0.0005 hrs) -nan:-nan 24038 (26) sec
[938] Ep10000: Max 16402 (1112) steps (0.0003 hrs) -nan:-nan 24046 (8) sec
[939] Ep10000: Max 16402 (2615) steps (0.0007 hrs) -nan:-nan 24074 (28) sec
[940] Ep10000: Max 16402 (2512) steps (0.0007 hrs) -nan:-nan 24103 (29) sec
[941] Ep10000: Max 16402 (807) steps (0.0002 hrs) -nan:-nan 24109 (6) sec
[942] Ep10000: Max 16402 (3586) steps (0.0010 hrs) -nan:-nan 24138 (29) sec
[943] Ep10000: Max 16402 (4225) steps (0.0012 hrs) -nan:-nan 24155 (17) sec
[944] Ep10000: Max 16402 (1872) steps (0.0005 hrs) -nan:-nan 24180 (25) sec
[945] Ep10000: Max 16402 (3307) steps (0.0009 hrs) -nan:-nan 24205 (25) sec
[946] Ep10000: Max 16402 (1059) steps (0.0003 hrs) -nan:-nan 24211 (6) sec
[947] Ep10000: Max 16402 (2695) steps (0.0007 hrs) -nan:-nan 24241 (30) sec
[948] Ep10000: Max 16402 (3406) steps (0.0009 hrs) -nan:-nan 24272 (31) sec
[949] Ep10000: Max 16402 (3561) steps (0.0010 hrs) -nan:-nan 24296 (24) sec
[950] Ep10000: Max 16402 (2227) steps (0.0006 hrs) -nan:-nan 24322 (26) sec
[951] Ep10000: Max 16402 (2278) steps (0.0006 hrs) -nan:-nan 24338 (16) sec
[952] Ep10000: Max 16402 (3480) steps (0.0010 hrs) -nan:-nan 24367 (29) sec
[953] Ep10000: Max 16402 (2590) steps (0.0007 hrs) -nan:-nan 24392 (25) sec
[954] Ep10000: Max 16402 (4130) steps (0.0011 hrs) -nan:-nan 24421 (29) sec
[955] Ep10000: Max 16402 (2897) steps (0.0008 hrs) -nan:-nan 24451 (30) sec
[956] Ep10000: Max 16402 (4271) steps (0.0012 hrs) -nan:-nan 24475 (24) sec
[957] Ep10000: Max 16402 (3044) steps (0.0008 hrs) -nan:-nan 24489 (14) sec
[958] Ep10000: Max 16402 (2057) steps (0.0006 hrs) -nan:-nan 24516 (27) sec
[959] Ep10000: Max 16402 (3336) steps (0.0009 hrs) -nan:-nan 24544 (28) sec
[960] Ep10000: Max 16402 (4039) steps (0.0011 hrs) -nan:-nan 24574 (30) sec
[961] Ep10000: Max 16402 (6141) steps (0.0017 hrs) -nan:-nan 24615 (41) sec
[962] Ep10000: Max 16402 (3003) steps (0.0008 hrs) -nan:-nan 24644 (29) sec
[963] Ep10000: Max 16402 (3625) steps (0.0010 hrs) -nan:-nan 24674 (30) sec
[964] Ep10000: Max 16402 (2412) steps (0.0007 hrs) -nan:-nan 24699 (25) sec
[965] Ep10000: Max 16402 (3294) steps (0.0009 hrs) -nan:-nan 24729 (30) sec
[966] Ep10000: Max 16402 (2267) steps (0.0006 hrs) -nan:-nan 24756 (27) sec
[967] Ep10000: Max 16402 (3447) steps (0.0010 hrs) -nan:-nan 24786 (30) sec
[968] Ep10000: Max 16402 (1574) steps (0.0004 hrs) -nan:-nan 24793 (7) sec
[969] Ep10000: Max 16402 (1175) steps (0.0003 hrs) -nan:-nan 24815 (22) sec
[970] Ep10000: Max 16402 (3428) steps (0.0010 hrs) -nan:-nan 24844 (29) sec
[971] Ep10000: Max 16402 (3158) steps (0.0009 hrs) -nan:-nan 24875 (31) sec
[972] Ep10000: Max 16402 (3161) steps (0.0009 hrs) -nan:-nan 24905 (30) sec
[973] Ep10000: Max 16402 (2554) steps (0.0007 hrs) -nan:-nan 24931 (26) sec
[974] Ep10000: Max 16402 (2989) steps (0.0008 hrs) -nan:-nan 24958 (27) sec
[975] Ep10000: Max 16402 (1081) steps (0.0003 hrs) -nan:-nan 24980 (22) sec
[976] Ep10000: Max 16402 (1895) steps (0.0005 hrs) -nan:-nan 24989 (9) sec
[977] Ep10000: Max 16402 (1596) steps (0.0004 hrs) -nan:-nan 25014 (25) sec
[978] Ep10000: Max 16402 (3203) steps (0.0009 hrs) -nan:-nan 25042 (28) sec
[979] Ep10000: Max 16402 (1110) steps (0.0003 hrs) -nan:-nan 25047 (5) sec
[980] Ep10000: Max 16402 (2328) steps (0.0006 hrs) -nan:-nan 25077 (30) sec
[981] Ep10000: Max 16402 (3385) steps (0.0009 hrs) -nan:-nan 25106 (29) sec
[982] Ep10000: Max 16402 (2470) steps (0.0007 hrs) -nan:-nan 25136 (30) sec
[983] Ep10000: Max 16402 (2542) steps (0.0007 hrs) -nan:-nan 25165 (29) sec
[984] Ep10000: Max 16402 (2896) steps (0.0008 hrs) -nan:-nan 25194 (29) sec
[985] Ep10000: Max 16402 (2617) steps (0.0007 hrs) -nan:-nan 25223 (29) sec
[986] Ep10000: Max 16402 (2796) steps (0.0008 hrs) -nan:-nan 25253 (30) sec
[987] Ep10000: Max 16402 (2689) steps (0.0007 hrs) -nan:-nan 25283 (30) sec
[988] Ep10000: Max 16402 (2644) steps (0.0007 hrs) -nan:-nan 25312 (29) sec
[989] Ep10000: Max 16402 (4298) steps (0.0012 hrs) -nan:-nan 25351 (39) sec
[990] Ep10000: Max 16402 (2710) steps (0.0008 hrs) -nan:-nan 25380 (29) sec
[991] Ep10000: Max 16402 (2362) steps (0.0007 hrs) -nan:-nan 25409 (29) sec
[992] Ep10000: Max 16402 (7077) steps (0.0020 hrs) -nan:-nan 25475 (66) sec
[993] Ep10000: Max 16402 (960) steps (0.0003 hrs) -nan:-nan 25481 (6) sec
[994] Ep10000: Max 16402 (3820) steps (0.0011 hrs) -nan:-nan 25506 (25) sec
[995] Ep10000: Max 16402 (3403) steps (0.0009 hrs) -nan:-nan 25536 (30) sec
[996] Ep10000: Max 16402 (1460) steps (0.0004 hrs) -nan:-nan 25545 (9) sec
[997] Ep10000: Max 16402 (2757) steps (0.0008 hrs) -nan:-nan 25573 (28) sec
[998] Ep10000: Max 16402 (2596) steps (0.0007 hrs) -nan:-nan 25602 (29) sec
[999] Ep10000: Max 16402 (2890) steps (0.0008 hrs) -nan:-nan 25631 (29) sec
[1000] Ep10000: Max 16402 (2893) steps (0.0008 hrs) -nan:-nan 25661 (30) sec
Total Elapsed time: 25661 seconds
Wrote current data to latest.train
