balanced 0 test_flag 0
[1] Ep10000: Max 2389 (2389) steps (0.0007 hrs) -nan:-nan 55 (55) sec
[2] Ep10000: Max 2633 (2633) steps (0.0007 hrs) -nan:-nan 124 (69) sec
[3] Ep10000: Max 2633 (2224) steps (0.0006 hrs) -nan:-nan 343 (219) sec
[4] Ep10000: Max 2633 (2144) steps (0.0006 hrs) -nan:-nan 517 (174) sec
[5] Ep10000: Max 3188 (3188) steps (0.0009 hrs) -nan:-nan 739 (222) sec
[6] Ep10000: Max 3188 (2565) steps (0.0007 hrs) -nan:-nan 907 (168) sec
[7] Ep10000: Max 3188 (2655) steps (0.0007 hrs) -nan:-nan 1082 (175) sec
[8] Ep10000: Max 3188 (2083) steps (0.0006 hrs) -nan:-nan 1254 (172) sec
[9] Ep10000: Max 3188 (2595) steps (0.0007 hrs) -nan:-nan 1426 (172) sec
[10] Ep10000: Max 3188 (2093) steps (0.0006 hrs) -nan:-nan 1606 (180) sec
[11] Ep10000: Max 3339 (3339) steps (0.0009 hrs) -nan:-nan 1795 (189) sec
[12] Ep10000: Max 3339 (3050) steps (0.0008 hrs) -nan:-nan 1967 (172) sec
[13] Ep10000: Max 3339 (2057) steps (0.0006 hrs) -nan:-nan 2184 (217) sec
[14] Ep10000: Max 3339 (2182) steps (0.0006 hrs) -nan:-nan 2354 (170) sec
[15] Ep10000: Max 3339 (2700) steps (0.0008 hrs) -nan:-nan 2507 (153) sec
[16] Ep10000: Max 3339 (2301) steps (0.0006 hrs) -nan:-nan 2665 (158) sec
[17] Ep10000: Max 3339 (3226) steps (0.0009 hrs) -nan:-nan 2892 (227) sec
[18] Ep10000: Max 3339 (3122) steps (0.0009 hrs) -nan:-nan 3058 (166) sec
[19] Ep10000: Max 3339 (2478) steps (0.0007 hrs) -nan:-nan 3228 (170) sec
[20] Ep10000: Max 3339 (2557) steps (0.0007 hrs) -nan:-nan 3389 (161) sec
[21] Ep10000: Max 3339 (2847) steps (0.0008 hrs) -nan:-nan 3586 (197) sec
[22] Ep10000: Max 3339 (2575) steps (0.0007 hrs) -nan:-nan 3652 (66) sec
[23] Ep10000: Max 3339 (2802) steps (0.0008 hrs) -nan:-nan 3719 (67) sec
[24] Ep10000: Max 3339 (2701) steps (0.0008 hrs) -nan:-nan 3788 (69) sec
[25] Ep10000: Max 3631 (3631) steps (0.0010 hrs) -nan:-nan 3852 (64) sec
[26] Ep10000: Max 3631 (2128) steps (0.0006 hrs) -nan:-nan 3914 (62) sec
[27] Ep10000: Max 3631 (1500) steps (0.0004 hrs) -nan:-nan 3939 (25) sec
[28] Ep10000: Max 3631 (2279) steps (0.0006 hrs) -nan:-nan 3988 (49) sec
[29] Ep10000: Max 3631 (2819) steps (0.0008 hrs) -nan:-nan 4053 (65) sec
[30] Ep10000: Max 3631 (2368) steps (0.0007 hrs) -nan:-nan 4114 (61) sec
[31] Ep10000: Max 3631 (2825) steps (0.0008 hrs) -nan:-nan 4182 (68) sec
[32] Ep10000: Max 3631 (2723) steps (0.0008 hrs) -nan:-nan 4243 (61) sec
[33] Ep10000: Max 3631 (797) steps (0.0002 hrs) -nan:-nan 4278 (35) sec
[34] Ep10000: Max 3631 (3568) steps (0.0010 hrs) -nan:-nan 4347 (69) sec
[35] Ep10000: Max 3631 (2445) steps (0.0007 hrs) -nan:-nan 4416 (69) sec
[36] Ep10000: Max 3631 (2435) steps (0.0007 hrs) -nan:-nan 4481 (65) sec
[37] Ep10000: Max 3631 (2631) steps (0.0007 hrs) -nan:-nan 4545 (64) sec
[38] Ep10000: Max 3631 (2472) steps (0.0007 hrs) -nan:-nan 4612 (67) sec
[39] Ep10000: Max 3631 (2288) steps (0.0006 hrs) -nan:-nan 4681 (69) sec
[40] Ep10000: Max 3631 (2690) steps (0.0007 hrs) -nan:-nan 4742 (61) sec
[41] Ep10000: Max 3631 (2407) steps (0.0007 hrs) -nan:-nan 4803 (61) sec
[42] Ep10000: Max 3631 (3611) steps (0.0010 hrs) -nan:-nan 4874 (71) sec
[43] Ep10000: Max 3631 (2295) steps (0.0006 hrs) -nan:-nan 4940 (66) sec
[44] Ep10000: Max 3631 (2434) steps (0.0007 hrs) -nan:-nan 5012 (72) sec
[45] Ep10000: Max 3631 (2455) steps (0.0007 hrs) -nan:-nan 5074 (62) sec
[46] Ep10000: Max 3631 (2064) steps (0.0006 hrs) -nan:-nan 5151 (77) sec
[47] Ep10000: Max 3631 (2111) steps (0.0006 hrs) -nan:-nan 5216 (65) sec
[48] Ep10000: Max 3631 (1580) steps (0.0004 hrs) -nan:-nan 5241 (25) sec
[49] Ep10000: Max 3631 (2183) steps (0.0006 hrs) -nan:-nan 5305 (64) sec
[50] Ep10000: Max 3631 (2864) steps (0.0008 hrs) -nan:-nan 5384 (79) sec
[51] Ep10000: Max 3631 (2536) steps (0.0007 hrs) -nan:-nan 5463 (79) sec
[52] Ep10000: Max 3631 (2096) steps (0.0006 hrs) -nan:-nan 5550 (87) sec
[53] Ep10000: Max 3631 (2505) steps (0.0007 hrs) -nan:-nan 5624 (74) sec
[54] Ep10000: Max 3631 (2348) steps (0.0007 hrs) -nan:-nan 5717 (93) sec
[55] Ep10000: Max 4582 (4582) steps (0.0013 hrs) -nan:-nan 5787 (70) sec
[56] Ep10000: Max 4582 (2000) steps (0.0006 hrs) -nan:-nan 5820 (33) sec
[57] Ep10000: Max 4582 (3294) steps (0.0009 hrs) -nan:-nan 5882 (62) sec
[58] Ep10000: Max 4582 (2798) steps (0.0008 hrs) -nan:-nan 5949 (67) sec
[59] Ep10000: Max 4582 (2460) steps (0.0007 hrs) -nan:-nan 6016 (67) sec
[60] Ep10000: Max 4582 (3192) steps (0.0009 hrs) -nan:-nan 6086 (70) sec
[61] Ep10000: Max 4582 (2879) steps (0.0008 hrs) -nan:-nan 6158 (72) sec
[62] Ep10000: Max 4582 (2810) steps (0.0008 hrs) -nan:-nan 6222 (64) sec
[63] Ep10000: Max 4582 (2804) steps (0.0008 hrs) -nan:-nan 6288 (66) sec
[64] Ep10000: Max 4582 (2082) steps (0.0006 hrs) -nan:-nan 6350 (62) sec
[65] Ep10000: Max 4582 (3821) steps (0.0011 hrs) -nan:-nan 6421 (71) sec
[66] Ep10000: Max 4582 (2025) steps (0.0006 hrs) -nan:-nan 6496 (75) sec
[67] Ep10000: Max 4582 (3249) steps (0.0009 hrs) -nan:-nan 6576 (80) sec
[68] Ep10000: Max 4582 (3499) steps (0.0010 hrs) -nan:-nan 6652 (76) sec
[69] Ep10000: Max 4582 (2492) steps (0.0007 hrs) -nan:-nan 6719 (67) sec
[70] Ep10000: Max 4582 (2678) steps (0.0007 hrs) -nan:-nan 6791 (72) sec
[71] Ep10000: Max 4582 (2119) steps (0.0006 hrs) -nan:-nan 6853 (62) sec
[72] Ep10000: Max 4582 (3718) steps (0.0010 hrs) -nan:-nan 6913 (60) sec
[73] Ep10000: Max 4582 (3231) steps (0.0009 hrs) -nan:-nan 6989 (76) sec
[74] Ep10000: Max 4582 (2006) steps (0.0006 hrs) -nan:-nan 7068 (79) sec
[75] Ep10000: Max 4582 (2152) steps (0.0006 hrs) -nan:-nan 7144 (76) sec
[76] Ep10000: Max 4582 (3775) steps (0.0010 hrs) -nan:-nan 7223 (79) sec
[77] Ep10000: Max 4582 (2356) steps (0.0007 hrs) -nan:-nan 7295 (72) sec
[78] Ep10000: Max 4582 (2112) steps (0.0006 hrs) -nan:-nan 7356 (61) sec
[79] Ep10000: Max 6717 (6717) steps (0.0019 hrs) -nan:-nan 7428 (72) sec
[80] Ep10000: Max 6717 (2561) steps (0.0007 hrs) -nan:-nan 7506 (78) sec
[81] Ep10000: Max 6717 (2454) steps (0.0007 hrs) -nan:-nan 7631 (125) sec
[82] Ep10000: Max 6717 (2418) steps (0.0007 hrs) -nan:-nan 7713 (82) sec
[83] Ep10000: Max 6717 (2521) steps (0.0007 hrs) -nan:-nan 7844 (131) sec
[84] Ep10000: Max 6717 (2507) steps (0.0007 hrs) -nan:-nan 7940 (96) sec
[85] Ep10000: Max 6717 (2809) steps (0.0008 hrs) -nan:-nan 8015 (75) sec
[86] Ep10000: Max 6717 (3208) steps (0.0009 hrs) -nan:-nan 8086 (71) sec
[87] Ep10000: Max 6717 (3194) steps (0.0009 hrs) -nan:-nan 8161 (75) sec
[88] Ep10000: Max 6717 (4078) steps (0.0011 hrs) -nan:-nan 8239 (78) sec
[89] Ep10000: Max 6717 (2874) steps (0.0008 hrs) -nan:-nan 8324 (85) sec
[90] Ep10000: Max 6717 (779) steps (0.0002 hrs) -nan:-nan 8366 (42) sec
[91] Ep10000: Max 6717 (2316) steps (0.0006 hrs) -nan:-nan 8521 (155) sec
[92] Ep10000: Max 6717 (2242) steps (0.0006 hrs) -nan:-nan 8664 (143) sec
[93] Ep10000: Max 6717 (2210) steps (0.0006 hrs) -nan:-nan 8807 (143) sec
[94] Ep10000: Max 6717 (2328) steps (0.0006 hrs) -nan:-nan 8944 (137) sec
[95] Ep10000: Max 6717 (2857) steps (0.0008 hrs) -nan:-nan 9056 (112) sec
[96] Ep10000: Max 6717 (2424) steps (0.0007 hrs) -nan:-nan 9127 (71) sec
[97] Ep10000: Max 6717 (3098) steps (0.0009 hrs) -nan:-nan 9202 (75) sec
[98] Ep10000: Max 6717 (2141) steps (0.0006 hrs) -nan:-nan 9277 (75) sec
[99] Ep10000: Max 6717 (3017) steps (0.0008 hrs) -nan:-nan 9352 (75) sec
[100] Ep10000: Max 6717 (3136) steps (0.0009 hrs) -nan:-nan 9423 (71) sec
[101] Ep10000: Max 6717 (2932) steps (0.0008 hrs) -nan:-nan 9491 (68) sec
[102] Ep10000: Max 6717 (2291) steps (0.0006 hrs) -nan:-nan 9565 (74) sec
[103] Ep10000: Max 6717 (2860) steps (0.0008 hrs) -nan:-nan 9634 (69) sec
[104] Ep10000: Max 6717 (3097) steps (0.0009 hrs) -nan:-nan 9679 (45) sec
[105] Ep10000: Max 6717 (2555) steps (0.0007 hrs) -nan:-nan 9750 (71) sec
[106] Ep10000: Max 6717 (2930) steps (0.0008 hrs) -nan:-nan 9816 (66) sec
[107] Ep10000: Max 6717 (2753) steps (0.0008 hrs) -nan:-nan 9881 (65) sec
[108] Ep10000: Max 6717 (2829) steps (0.0008 hrs) -nan:-nan 9946 (65) sec
[109] Ep10000: Max 6717 (2390) steps (0.0007 hrs) -nan:-nan 10010 (64) sec
[110] Ep10000: Max 6717 (2414) steps (0.0007 hrs) -nan:-nan 10076 (66) sec
[111] Ep10000: Max 6717 (2127) steps (0.0006 hrs) -nan:-nan 10141 (65) sec
[112] Ep10000: Max 6717 (2558) steps (0.0007 hrs) -nan:-nan 10207 (66) sec
[113] Ep10000: Max 6717 (2916) steps (0.0008 hrs) -nan:-nan 10274 (67) sec
[114] Ep10000: Max 6717 (2319) steps (0.0006 hrs) -nan:-nan 10340 (66) sec
[115] Ep10000: Max 6717 (2395) steps (0.0007 hrs) -nan:-nan 10404 (64) sec
[116] Ep10000: Max 6717 (1965) steps (0.0005 hrs) -nan:-nan 10468 (64) sec
[117] Ep10000: Max 6717 (2552) steps (0.0007 hrs) -nan:-nan 10532 (64) sec
[118] Ep10000: Max 6717 (2186) steps (0.0006 hrs) -nan:-nan 10594 (62) sec
[119] Ep10000: Max 6717 (3121) steps (0.0009 hrs) -nan:-nan 10663 (69) sec
[120] Ep10000: Max 6717 (2392) steps (0.0007 hrs) -nan:-nan 10727 (64) sec
[121] Ep10000: Max 6717 (2269) steps (0.0006 hrs) -nan:-nan 10794 (67) sec
[122] Ep10000: Max 6717 (2395) steps (0.0007 hrs) -nan:-nan 10858 (64) sec
[123] Ep10000: Max 6717 (2595) steps (0.0007 hrs) -nan:-nan 10926 (68) sec
[124] Ep10000: Max 6717 (2591) steps (0.0007 hrs) -nan:-nan 10990 (64) sec
[125] Ep10000: Max 6717 (3224) steps (0.0009 hrs) -nan:-nan 11056 (66) sec
[126] Ep10000: Max 6717 (2129) steps (0.0006 hrs) -nan:-nan 11121 (65) sec
[127] Ep10000: Max 6717 (2771) steps (0.0008 hrs) -nan:-nan 11186 (65) sec
[128] Ep10000: Max 6717 (2049) steps (0.0006 hrs) -nan:-nan 11250 (64) sec
[129] Ep10000: Max 6717 (2439) steps (0.0007 hrs) -nan:-nan 11315 (65) sec
[130] Ep10000: Max 6717 (3014) steps (0.0008 hrs) -nan:-nan 11376 (61) sec
[131] Ep10000: Max 6717 (2749) steps (0.0008 hrs) -nan:-nan 11441 (65) sec
[132] Ep10000: Max 6717 (3346) steps (0.0009 hrs) -nan:-nan 11510 (69) sec
[133] Ep10000: Max 6717 (2502) steps (0.0007 hrs) -nan:-nan 11575 (65) sec
[134] Ep10000: Max 6717 (2448) steps (0.0007 hrs) -nan:-nan 11641 (66) sec
[135] Ep10000: Max 6717 (2153) steps (0.0006 hrs) -nan:-nan 11706 (65) sec
[136] Ep10000: Max 6717 (3612) steps (0.0010 hrs) -nan:-nan 11772 (66) sec
[137] Ep10000: Max 6717 (3048) steps (0.0008 hrs) -nan:-nan 11836 (64) sec
[138] Ep10000: Max 6717 (2264) steps (0.0006 hrs) -nan:-nan 11900 (64) sec
[139] Ep10000: Max 6717 (2025) steps (0.0006 hrs) -nan:-nan 11965 (65) sec
[140] Ep10000: Max 6717 (2337) steps (0.0006 hrs) -nan:-nan 12029 (64) sec
[141] Ep10000: Max 6717 (2496) steps (0.0007 hrs) -nan:-nan 12096 (67) sec
[142] Ep10000: Max 6717 (2913) steps (0.0008 hrs) -nan:-nan 12161 (65) sec
[143] Ep10000: Max 6717 (2361) steps (0.0007 hrs) -nan:-nan 12225 (64) sec
[144] Ep10000: Max 6717 (2057) steps (0.0006 hrs) -nan:-nan 12290 (65) sec
[145] Ep10000: Max 6717 (2436) steps (0.0007 hrs) -nan:-nan 12355 (65) sec
[146] Ep10000: Max 6717 (2820) steps (0.0008 hrs) -nan:-nan 12422 (67) sec
[147] Ep10000: Max 6717 (2534) steps (0.0007 hrs) -nan:-nan 12487 (65) sec
[148] Ep10000: Max 6717 (2403) steps (0.0007 hrs) -nan:-nan 12552 (65) sec
[149] Ep10000: Max 6717 (2313) steps (0.0006 hrs) -nan:-nan 12618 (66) sec
[150] Ep10000: Max 6717 (3023) steps (0.0008 hrs) -nan:-nan 12691 (73) sec
[151] Ep10000: Max 6717 (2191) steps (0.0006 hrs) -nan:-nan 12755 (64) sec
[152] Ep10000: Max 6717 (2476) steps (0.0007 hrs) -nan:-nan 12821 (66) sec
[153] Ep10000: Max 6717 (2256) steps (0.0006 hrs) -nan:-nan 12886 (65) sec
[154] Ep10000: Max 6717 (2181) steps (0.0006 hrs) -nan:-nan 12956 (70) sec
[155] Ep10000: Max 6717 (3088) steps (0.0009 hrs) -nan:-nan 13022 (66) sec
[156] Ep10000: Max 6717 (2654) steps (0.0007 hrs) -nan:-nan 13086 (64) sec
[157] Ep10000: Max 6717 (2582) steps (0.0007 hrs) -nan:-nan 13150 (64) sec
[158] Ep10000: Max 6717 (2254) steps (0.0006 hrs) -nan:-nan 13216 (66) sec
[159] Ep10000: Max 6717 (1180) steps (0.0003 hrs) -nan:-nan 13239 (23) sec
[160] Ep10000: Max 6717 (2651) steps (0.0007 hrs) -nan:-nan 13303 (64) sec
[161] Ep10000: Max 6717 (3290) steps (0.0009 hrs) -nan:-nan 13368 (65) sec
[162] Ep10000: Max 6717 (2196) steps (0.0006 hrs) -nan:-nan 13426 (58) sec
[163] Ep10000: Max 6717 (2069) steps (0.0006 hrs) -nan:-nan 13489 (63) sec
[164] Ep10000: Max 6717 (3164) steps (0.0009 hrs) -nan:-nan 13557 (68) sec
[165] Ep10000: Max 6717 (2124) steps (0.0006 hrs) -nan:-nan 13622 (65) sec
[166] Ep10000: Max 6717 (2077) steps (0.0006 hrs) -nan:-nan 13688 (66) sec
[167] Ep10000: Max 6717 (2420) steps (0.0007 hrs) -nan:-nan 13753 (65) sec
[168] Ep10000: Max 6717 (2344) steps (0.0007 hrs) -nan:-nan 13819 (66) sec
[169] Ep10000: Max 6717 (3275) steps (0.0009 hrs) -nan:-nan 13881 (62) sec
[170] Ep10000: Max 6717 (2257) steps (0.0006 hrs) -nan:-nan 13948 (67) sec
[171] Ep10000: Max 6717 (2373) steps (0.0007 hrs) -nan:-nan 14011 (63) sec
[172] Ep10000: Max 6717 (4010) steps (0.0011 hrs) -nan:-nan 14079 (68) sec
[173] Ep10000: Max 6717 (3257) steps (0.0009 hrs) -nan:-nan 14152 (73) sec
[174] Ep10000: Max 6717 (3488) steps (0.0010 hrs) -nan:-nan 14218 (66) sec
[175] Ep10000: Max 6717 (3460) steps (0.0010 hrs) -nan:-nan 14283 (65) sec
[176] Ep10000: Max 6717 (2203) steps (0.0006 hrs) -nan:-nan 14354 (71) sec
[177] Ep10000: Max 6717 (3062) steps (0.0009 hrs) -nan:-nan 14428 (74) sec
[178] Ep10000: Max 6717 (3287) steps (0.0009 hrs) -nan:-nan 14504 (76) sec
[179] Ep10000: Max 6717 (2257) steps (0.0006 hrs) -nan:-nan 14584 (80) sec
[180] Ep10000: Max 6717 (1853) steps (0.0005 hrs) -nan:-nan 14664 (80) sec
[181] Ep10000: Max 6717 (3159) steps (0.0009 hrs) -nan:-nan 14756 (92) sec
[182] Ep10000: Max 6717 (2393) steps (0.0007 hrs) -nan:-nan 14843 (87) sec
[183] Ep10000: Max 6717 (2296) steps (0.0006 hrs) -nan:-nan 14926 (83) sec
[184] Ep10000: Max 6717 (3119) steps (0.0009 hrs) -nan:-nan 15014 (88) sec
[185] Ep10000: Max 6717 (5789) steps (0.0016 hrs) -nan:-nan 15114 (100) sec
[186] Ep10000: Max 6717 (3116) steps (0.0009 hrs) -nan:-nan 15197 (83) sec
[187] Ep10000: Max 6717 (2261) steps (0.0006 hrs) -nan:-nan 15290 (93) sec
[188] Ep10000: Max 6717 (2269) steps (0.0006 hrs) -nan:-nan 15372 (82) sec
[189] Ep10000: Max 6717 (3394) steps (0.0009 hrs) -nan:-nan 15448 (76) sec
[190] Ep10000: Max 6717 (2323) steps (0.0006 hrs) -nan:-nan 15519 (71) sec
[191] Ep10000: Max 6717 (2235) steps (0.0006 hrs) -nan:-nan 15589 (70) sec
[192] Ep10000: Max 6717 (2119) steps (0.0006 hrs) -nan:-nan 15669 (80) sec
[193] Ep10000: Max 6717 (2162) steps (0.0006 hrs) -nan:-nan 15752 (83) sec
[194] Ep10000: Max 6717 (2553) steps (0.0007 hrs) -nan:-nan 15832 (80) sec
[195] Ep10000: Max 6717 (2977) steps (0.0008 hrs) -nan:-nan 15902 (70) sec
[196] Ep10000: Max 6717 (2427) steps (0.0007 hrs) -nan:-nan 15973 (71) sec
[197] Ep10000: Max 6717 (2630) steps (0.0007 hrs) -nan:-nan 16047 (74) sec
[198] Ep10000: Max 6717 (1157) steps (0.0003 hrs) -nan:-nan 16083 (36) sec
[199] Ep10000: Max 6717 (3044) steps (0.0008 hrs) -nan:-nan 16162 (79) sec
[200] Ep10000: Max 6717 (2734) steps (0.0008 hrs) -nan:-nan 16251 (89) sec
[201] Ep10000: Max 6717 (2748) steps (0.0008 hrs) -nan:-nan 16328 (77) sec
[202] Ep10000: Max 6717 (2704) steps (0.0008 hrs) -nan:-nan 16404 (76) sec
[203] Ep10000: Max 6717 (2476) steps (0.0007 hrs) -nan:-nan 16483 (79) sec
[204] Ep10000: Max 6717 (1975) steps (0.0005 hrs) -nan:-nan 16551 (68) sec
[205] Ep10000: Max 6717 (2081) steps (0.0006 hrs) -nan:-nan 16621 (70) sec
[206] Ep10000: Max 6717 (1705) steps (0.0005 hrs) -nan:-nan 16655 (34) sec
[207] Ep10000: Max 6717 (2370) steps (0.0007 hrs) -nan:-nan 16730 (75) sec
[208] Ep10000: Max 6717 (2941) steps (0.0008 hrs) -nan:-nan 16805 (75) sec
[209] Ep10000: Max 6717 (3120) steps (0.0009 hrs) -nan:-nan 16874 (69) sec
[210] Ep10000: Max 6717 (2717) steps (0.0008 hrs) -nan:-nan 16943 (69) sec
[211] Ep10000: Max 6717 (2505) steps (0.0007 hrs) -nan:-nan 17014 (71) sec
[212] Ep10000: Max 6717 (1857) steps (0.0005 hrs) -nan:-nan 17060 (46) sec
[213] Ep10000: Max 6717 (2525) steps (0.0007 hrs) -nan:-nan 17134 (74) sec
[214] Ep10000: Max 6717 (2378) steps (0.0007 hrs) -nan:-nan 17210 (76) sec
[215] Ep10000: Max 6717 (3405) steps (0.0009 hrs) -nan:-nan 17285 (75) sec
[216] Ep10000: Max 6717 (2873) steps (0.0008 hrs) -nan:-nan 17354 (69) sec
[217] Ep10000: Max 6717 (2351) steps (0.0007 hrs) -nan:-nan 17425 (71) sec
[218] Ep10000: Max 6717 (2038) steps (0.0006 hrs) -nan:-nan 17498 (73) sec
[219] Ep10000: Max 6717 (1921) steps (0.0005 hrs) -nan:-nan 17587 (89) sec
[220] Ep10000: Max 6717 (2062) steps (0.0006 hrs) -nan:-nan 17663 (76) sec
[221] Ep10000: Max 6717 (2661) steps (0.0007 hrs) -nan:-nan 17736 (73) sec
[222] Ep10000: Max 6717 (2444) steps (0.0007 hrs) -nan:-nan 17809 (73) sec
[223] Ep10000: Max 6717 (2372) steps (0.0007 hrs) -nan:-nan 17868 (59) sec
[224] Ep10000: Max 6717 (2236) steps (0.0006 hrs) -nan:-nan 17937 (69) sec
[225] Ep10000: Max 6717 (1646) steps (0.0005 hrs) -nan:-nan 17975 (38) sec
[226] Ep10000: Max 6717 (2934) steps (0.0008 hrs) -nan:-nan 18061 (86) sec
[227] Ep10000: Max 6717 (2636) steps (0.0007 hrs) -nan:-nan 18146 (85) sec
[228] Ep10000: Max 6717 (3149) steps (0.0009 hrs) -nan:-nan 18224 (78) sec
[229] Ep10000: Max 6717 (2444) steps (0.0007 hrs) -nan:-nan 18308 (84) sec
[230] Ep10000: Max 6717 (2190) steps (0.0006 hrs) -nan:-nan 18379 (71) sec
[231] Ep10000: Max 6717 (2396) steps (0.0007 hrs) -nan:-nan 18439 (60) sec
[232] Ep10000: Max 6717 (3271) steps (0.0009 hrs) -nan:-nan 18499 (60) sec
[233] Ep10000: Max 6717 (2490) steps (0.0007 hrs) -nan:-nan 18571 (72) sec
[234] Ep10000: Max 6717 (3402) steps (0.0009 hrs) -nan:-nan 18662 (91) sec
[235] Ep10000: Max 6717 (2086) steps (0.0006 hrs) -nan:-nan 18754 (92) sec
[236] Ep10000: Max 6717 (2450) steps (0.0007 hrs) -nan:-nan 18845 (91) sec
[237] Ep10000: Max 6717 (3485) steps (0.0010 hrs) -nan:-nan 18954 (109) sec
[238] Ep10000: Max 6717 (3056) steps (0.0008 hrs) -nan:-nan 19088 (134) sec
[239] Ep10000: Max 6717 (2942) steps (0.0008 hrs) -nan:-nan 19251 (163) sec
[240] Ep10000: Max 6717 (2598) steps (0.0007 hrs) -nan:-nan 19385 (134) sec
[241] Ep10000: Max 6717 (2524) steps (0.0007 hrs) -nan:-nan 19506 (121) sec
[242] Ep10000: Max 6717 (2193) steps (0.0006 hrs) -nan:-nan 19667 (161) sec
[243] Ep10000: Max 6717 (2584) steps (0.0007 hrs) -nan:-nan 19907 (240) sec
[244] Ep10000: Max 6717 (2494) steps (0.0007 hrs) -nan:-nan 20039 (132) sec
[245] Ep10000: Max 6717 (2670) steps (0.0007 hrs) -nan:-nan 20149 (110) sec
[246] Ep10000: Max 6717 (2166) steps (0.0006 hrs) -nan:-nan 20232 (83) sec
[247] Ep10000: Max 6717 (2880) steps (0.0008 hrs) -nan:-nan 20372 (140) sec
[248] Ep10000: Max 6717 (2201) steps (0.0006 hrs) -nan:-nan 20520 (148) sec
[249] Ep10000: Max 6717 (2890) steps (0.0008 hrs) -nan:-nan 20596 (76) sec
[250] Ep10000: Max 6717 (3005) steps (0.0008 hrs) -nan:-nan 20662 (66) sec
[251] Ep10000: Max 6717 (2232) steps (0.0006 hrs) -nan:-nan 20731 (69) sec
[252] Ep10000: Max 6717 (4005) steps (0.0011 hrs) -nan:-nan 20807 (76) sec
[253] Ep10000: Max 6717 (2471) steps (0.0007 hrs) -nan:-nan 20870 (63) sec
[254] Ep10000: Max 6717 (2513) steps (0.0007 hrs) -nan:-nan 20931 (61) sec
[255] Ep10000: Max 6717 (2791) steps (0.0008 hrs) -nan:-nan 20998 (67) sec
[256] Ep10000: Max 6717 (3256) steps (0.0009 hrs) -nan:-nan 21068 (70) sec
[257] Ep10000: Max 6717 (2576) steps (0.0007 hrs) -nan:-nan 21133 (65) sec
[258] Ep10000: Max 6717 (3296) steps (0.0009 hrs) -nan:-nan 21199 (66) sec
[259] Ep10000: Max 6717 (3475) steps (0.0010 hrs) -nan:-nan 21266 (67) sec
[260] Ep10000: Max 6717 (3732) steps (0.0010 hrs) -nan:-nan 21340 (74) sec
[261] Ep10000: Max 6717 (3264) steps (0.0009 hrs) -nan:-nan 21408 (68) sec
[262] Ep10000: Max 6717 (2675) steps (0.0007 hrs) -nan:-nan 21475 (67) sec
[263] Ep10000: Max 6717 (2496) steps (0.0007 hrs) -nan:-nan 21541 (66) sec
[264] Ep10000: Max 6717 (2946) steps (0.0008 hrs) -nan:-nan 21606 (65) sec
[265] Ep10000: Max 6717 (2809) steps (0.0008 hrs) -nan:-nan 21670 (64) sec
[266] Ep10000: Max 6717 (4343) steps (0.0012 hrs) -nan:-nan 21741 (71) sec
[267] Ep10000: Max 6717 (2693) steps (0.0007 hrs) -nan:-nan 21810 (69) sec
[268] Ep10000: Max 6717 (2285) steps (0.0006 hrs) -nan:-nan 21877 (67) sec
[269] Ep10000: Max 6717 (2224) steps (0.0006 hrs) -nan:-nan 21943 (66) sec
[270] Ep10000: Max 6717 (2459) steps (0.0007 hrs) -nan:-nan 22010 (67) sec
[271] Ep10000: Max 6717 (2803) steps (0.0008 hrs) -nan:-nan 22077 (67) sec
[272] Ep10000: Max 6717 (3633) steps (0.0010 hrs) -nan:-nan 22142 (65) sec
[273] Ep10000: Max 6717 (2319) steps (0.0006 hrs) -nan:-nan 22207 (65) sec
[274] Ep10000: Max 6717 (4576) steps (0.0013 hrs) -nan:-nan 22279 (72) sec
[275] Ep10000: Max 6717 (2336) steps (0.0006 hrs) -nan:-nan 22344 (65) sec
[276] Ep10000: Max 6717 (2579) steps (0.0007 hrs) -nan:-nan 22409 (65) sec
[277] Ep10000: Max 6717 (1948) steps (0.0005 hrs) -nan:-nan 22459 (50) sec
[278] Ep10000: Max 6717 (3414) steps (0.0009 hrs) -nan:-nan 22510 (51) sec
[279] Ep10000: Max 6717 (2279) steps (0.0006 hrs) -nan:-nan 22575 (65) sec
[280] Ep10000: Max 6717 (2764) steps (0.0008 hrs) -nan:-nan 22642 (67) sec
[281] Ep10000: Max 6717 (4520) steps (0.0013 hrs) -nan:-nan 22712 (70) sec
[282] Ep10000: Max 6717 (2217) steps (0.0006 hrs) -nan:-nan 22776 (64) sec
[283] Ep10000: Max 6717 (2490) steps (0.0007 hrs) -nan:-nan 22842 (66) sec
[284] Ep10000: Max 6717 (2252) steps (0.0006 hrs) -nan:-nan 22907 (65) sec
[285] Ep10000: Max 6717 (3104) steps (0.0009 hrs) -nan:-nan 22975 (68) sec
[286] Ep10000: Max 6717 (3608) steps (0.0010 hrs) -nan:-nan 23041 (66) sec
[287] Ep10000: Max 6717 (1930) steps (0.0005 hrs) -nan:-nan 23107 (66) sec
[288] Ep10000: Max 6717 (2133) steps (0.0006 hrs) -nan:-nan 23174 (67) sec
[289] Ep10000: Max 6717 (2686) steps (0.0007 hrs) -nan:-nan 23241 (67) sec
[290] Ep10000: Max 6717 (3423) steps (0.0010 hrs) -nan:-nan 23307 (66) sec
[291] Ep10000: Max 6717 (2500) steps (0.0007 hrs) -nan:-nan 23370 (63) sec
[292] Ep10000: Max 6717 (2755) steps (0.0008 hrs) -nan:-nan 23437 (67) sec
[293] Ep10000: Max 6717 (2339) steps (0.0006 hrs) -nan:-nan 23502 (65) sec
[294] Ep10000: Max 6717 (2561) steps (0.0007 hrs) -nan:-nan 23569 (67) sec
[295] Ep10000: Max 6717 (2663) steps (0.0007 hrs) -nan:-nan 23635 (66) sec
[296] Ep10000: Max 6717 (3503) steps (0.0010 hrs) -nan:-nan 23701 (66) sec
[297] Ep10000: Max 6717 (3486) steps (0.0010 hrs) -nan:-nan 23756 (55) sec
[298] Ep10000: Max 6717 (2385) steps (0.0007 hrs) -nan:-nan 23823 (67) sec
[299] Ep10000: Max 6717 (2732) steps (0.0008 hrs) -nan:-nan 23889 (66) sec
[300] Ep10000: Max 6717 (2220) steps (0.0006 hrs) -nan:-nan 23954 (65) sec
[301] Ep10000: Max 6717 (3173) steps (0.0009 hrs) -nan:-nan 24021 (67) sec
[302] Ep10000: Max 6717 (2475) steps (0.0007 hrs) -nan:-nan 24086 (65) sec
[303] Ep10000: Max 6717 (2217) steps (0.0006 hrs) -nan:-nan 24151 (65) sec
[304] Ep10000: Max 6717 (2541) steps (0.0007 hrs) -nan:-nan 24216 (65) sec
[305] Ep10000: Max 6717 (3420) steps (0.0010 hrs) -nan:-nan 24283 (67) sec
[306] Ep10000: Max 6717 (2262) steps (0.0006 hrs) -nan:-nan 24350 (67) sec
[307] Ep10000: Max 6717 (2233) steps (0.0006 hrs) -nan:-nan 24416 (66) sec
[308] Ep10000: Max 6717 (2242) steps (0.0006 hrs) -nan:-nan 24481 (65) sec
[309] Ep10000: Max 6717 (2669) steps (0.0007 hrs) -nan:-nan 24550 (69) sec
[310] Ep10000: Max 6717 (2428) steps (0.0007 hrs) -nan:-nan 24617 (67) sec
[311] Ep10000: Max 6717 (2239) steps (0.0006 hrs) -nan:-nan 24681 (64) sec
[312] Ep10000: Max 6717 (1959) steps (0.0005 hrs) -nan:-nan 24746 (65) sec
[313] Ep10000: Max 6717 (2400) steps (0.0007 hrs) -nan:-nan 24812 (66) sec
[314] Ep10000: Max 6717 (2311) steps (0.0006 hrs) -nan:-nan 24878 (66) sec
[315] Ep10000: Max 6717 (1994) steps (0.0006 hrs) -nan:-nan 24943 (65) sec
[316] Ep10000: Max 6717 (3231) steps (0.0009 hrs) -nan:-nan 25015 (72) sec
[317] Ep10000: Max 6717 (6523) steps (0.0018 hrs) -nan:-nan 25093 (78) sec
[318] Ep10000: Max 6717 (2436) steps (0.0007 hrs) -nan:-nan 25165 (72) sec
[319] Ep10000: Max 6717 (3378) steps (0.0009 hrs) -nan:-nan 25239 (74) sec
[320] Ep10000: Max 6717 (2389) steps (0.0007 hrs) -nan:-nan 25308 (69) sec
[321] Ep10000: Max 6717 (1117) steps (0.0003 hrs) -nan:-nan 25348 (40) sec
[322] Ep10000: Max 6717 (2029) steps (0.0006 hrs) -nan:-nan 25419 (71) sec
[323] Ep10000: Max 6717 (2077) steps (0.0006 hrs) -nan:-nan 25491 (72) sec
[324] Ep10000: Max 6717 (1923) steps (0.0005 hrs) -nan:-nan 25558 (67) sec
[325] Ep10000: Max 6717 (2936) steps (0.0008 hrs) -nan:-nan 25628 (70) sec
[326] Ep10000: Max 6717 (2097) steps (0.0006 hrs) -nan:-nan 25685 (57) sec
[327] Ep10000: Max 6717 (2296) steps (0.0006 hrs) -nan:-nan 25754 (69) sec
[328] Ep10000: Max 6717 (1407) steps (0.0004 hrs) -nan:-nan 25789 (35) sec
[329] Ep10000: Max 6717 (2229) steps (0.0006 hrs) -nan:-nan 25868 (79) sec
[330] Ep10000: Max 6717 (3125) steps (0.0009 hrs) -nan:-nan 25961 (93) sec
[331] Ep10000: Max 6717 (1976) steps (0.0005 hrs) -nan:-nan 26040 (79) sec
[332] Ep10000: Max 6717 (2541) steps (0.0007 hrs) -nan:-nan 26119 (79) sec
[333] Ep10000: Max 6717 (2859) steps (0.0008 hrs) -nan:-nan 26194 (75) sec
[334] Ep10000: Max 6717 (2441) steps (0.0007 hrs) -nan:-nan 26270 (76) sec
[335] Ep10000: Max 6717 (2791) steps (0.0008 hrs) -nan:-nan 26332 (62) sec
[336] Ep10000: Max 6717 (2442) steps (0.0007 hrs) -nan:-nan 26396 (64) sec
[337] Ep10000: Max 6717 (2181) steps (0.0006 hrs) -nan:-nan 26456 (60) sec
[338] Ep10000: Max 6717 (2197) steps (0.0006 hrs) -nan:-nan 26532 (76) sec
[339] Ep10000: Max 6717 (2452) steps (0.0007 hrs) -nan:-nan 26623 (91) sec
[340] Ep10000: Max 6717 (2773) steps (0.0008 hrs) -nan:-nan 26702 (79) sec
[341] Ep10000: Max 6717 (2150) steps (0.0006 hrs) -nan:-nan 26781 (79) sec
[342] Ep10000: Max 6717 (2363) steps (0.0007 hrs) -nan:-nan 26845 (64) sec
[343] Ep10000: Max 6717 (2097) steps (0.0006 hrs) -nan:-nan 26937 (92) sec
[344] Ep10000: Max 6717 (3555) steps (0.0010 hrs) -nan:-nan 27045 (108) sec
[345] Ep10000: Max 6717 (3033) steps (0.0008 hrs) -nan:-nan 27137 (92) sec
[346] Ep10000: Max 6717 (3237) steps (0.0009 hrs) -nan:-nan 27265 (128) sec
[347] Ep10000: Max 6717 (4477) steps (0.0012 hrs) -nan:-nan 27435 (170) sec
[348] Ep10000: Max 6717 (2287) steps (0.0006 hrs) -nan:-nan 27570 (135) sec
[349] Ep10000: Max 6717 (1644) steps (0.0005 hrs) -nan:-nan 27624 (54) sec
[350] Ep10000: Max 6717 (2115) steps (0.0006 hrs) -nan:-nan 27781 (157) sec
[351] Ep10000: Max 6717 (3276) steps (0.0009 hrs) -nan:-nan 27963 (182) sec
[352] Ep10000: Max 6717 (2667) steps (0.0007 hrs) -nan:-nan 28129 (166) sec
[353] Ep10000: Max 6717 (2888) steps (0.0008 hrs) -nan:-nan 28290 (161) sec
[354] Ep10000: Max 6717 (1959) steps (0.0005 hrs) -nan:-nan 28440 (150) sec
[355] Ep10000: Max 6717 (2130) steps (0.0006 hrs) -nan:-nan 28583 (143) sec
[356] Ep10000: Max 6717 (2346) steps (0.0007 hrs) -nan:-nan 28708 (125) sec
[357] Ep10000: Max 6717 (3952) steps (0.0011 hrs) -nan:-nan 28843 (135) sec
[358] Ep10000: Max 6717 (2567) steps (0.0007 hrs) -nan:-nan 28982 (139) sec
[359] Ep10000: Max 6717 (2253) steps (0.0006 hrs) -nan:-nan 29119 (137) sec
[360] Ep10000: Max 6717 (2876) steps (0.0008 hrs) -nan:-nan 29268 (149) sec
[361] Ep10000: Max 6717 (2154) steps (0.0006 hrs) -nan:-nan 29387 (119) sec
[362] Ep10000: Max 6717 (2674) steps (0.0007 hrs) -nan:-nan 29503 (116) sec
[363] Ep10000: Max 6717 (3843) steps (0.0011 hrs) -nan:-nan 29622 (119) sec
[364] Ep10000: Max 6717 (2442) steps (0.0007 hrs) -nan:-nan 29712 (90) sec
[365] Ep10000: Max 6717 (2577) steps (0.0007 hrs) -nan:-nan 29796 (84) sec
[366] Ep10000: Max 6717 (3012) steps (0.0008 hrs) -nan:-nan 29908 (112) sec
[367] Ep10000: Max 6717 (2124) steps (0.0006 hrs) -nan:-nan 30009 (101) sec
[368] Ep10000: Max 6717 (3210) steps (0.0009 hrs) -nan:-nan 30127 (118) sec
[369] Ep10000: Max 6717 (2801) steps (0.0008 hrs) -nan:-nan 30267 (140) sec
[370] Ep10000: Max 6717 (2383) steps (0.0007 hrs) -nan:-nan 30370 (103) sec
[371] Ep10000: Max 6717 (2245) steps (0.0006 hrs) -nan:-nan 30488 (118) sec
[372] Ep10000: Max 6717 (2284) steps (0.0006 hrs) -nan:-nan 30605 (117) sec
[373] Ep10000: Max 6717 (2835) steps (0.0008 hrs) -nan:-nan 30722 (117) sec
[374] Ep10000: Max 6717 (3807) steps (0.0011 hrs) -nan:-nan 30835 (113) sec
[375] Ep10000: Max 6717 (3098) steps (0.0009 hrs) -nan:-nan 30933 (98) sec
[376] Ep10000: Max 6717 (2282) steps (0.0006 hrs) -nan:-nan 31044 (111) sec
[377] Ep10000: Max 6717 (2046) steps (0.0006 hrs) -nan:-nan 31147 (103) sec
[378] Ep10000: Max 6717 (3079) steps (0.0009 hrs) -nan:-nan 31247 (100) sec
[379] Ep10000: Max 6717 (3512) steps (0.0010 hrs) -nan:-nan 31357 (110) sec
[380] Ep10000: Max 6717 (2764) steps (0.0008 hrs) -nan:-nan 31434 (77) sec
[381] Ep10000: Max 6717 (2340) steps (0.0007 hrs) -nan:-nan 31515 (81) sec
[382] Ep10000: Max 6717 (2414) steps (0.0007 hrs) -nan:-nan 31605 (90) sec
[383] Ep10000: Max 6717 (2397) steps (0.0007 hrs) -nan:-nan 31696 (91) sec
[384] Ep10000: Max 6717 (2399) steps (0.0007 hrs) -nan:-nan 31790 (94) sec
[385] Ep10000: Max 6717 (2691) steps (0.0007 hrs) -nan:-nan 31862 (72) sec
[386] Ep10000: Max 6717 (2544) steps (0.0007 hrs) -nan:-nan 31931 (69) sec
[387] Ep10000: Max 6717 (3123) steps (0.0009 hrs) -nan:-nan 31997 (66) sec
[388] Ep10000: Max 6717 (2316) steps (0.0006 hrs) -nan:-nan 32062 (65) sec
[389] Ep10000: Max 6717 (3839) steps (0.0011 hrs) -nan:-nan 32135 (73) sec
[390] Ep10000: Max 6717 (3286) steps (0.0009 hrs) -nan:-nan 32199 (64) sec
[391] Ep10000: Max 6717 (2594) steps (0.0007 hrs) -nan:-nan 32265 (66) sec
[392] Ep10000: Max 6717 (2306) steps (0.0006 hrs) -nan:-nan 32332 (67) sec
[393] Ep10000: Max 6717 (3596) steps (0.0010 hrs) -nan:-nan 32405 (73) sec
[394] Ep10000: Max 6717 (2560) steps (0.0007 hrs) -nan:-nan 32473 (68) sec
[395] Ep10000: Max 6717 (2879) steps (0.0008 hrs) -nan:-nan 32542 (69) sec
[396] Ep10000: Max 6717 (1983) steps (0.0006 hrs) -nan:-nan 32607 (65) sec
[397] Ep10000: Max 6717 (2853) steps (0.0008 hrs) -nan:-nan 32674 (67) sec
[398] Ep10000: Max 6717 (2567) steps (0.0007 hrs) -nan:-nan 32741 (67) sec
[399] Ep10000: Max 6717 (2206) steps (0.0006 hrs) -nan:-nan 32809 (68) sec
[400] Ep10000: Max 6717 (4453) steps (0.0012 hrs) -nan:-nan 32883 (74) sec
[401] Ep10000: Max 6717 (1925) steps (0.0005 hrs) -nan:-nan 32953 (70) sec
[402] Ep10000: Max 6717 (2504) steps (0.0007 hrs) -nan:-nan 33021 (68) sec
[403] Ep10000: Max 6717 (2713) steps (0.0008 hrs) -nan:-nan 33087 (66) sec
[404] Ep10000: Max 6717 (2678) steps (0.0007 hrs) -nan:-nan 33154 (67) sec
[405] Ep10000: Max 6717 (3068) steps (0.0009 hrs) -nan:-nan 33224 (70) sec
[406] Ep10000: Max 6717 (1686) steps (0.0005 hrs) -nan:-nan 33255 (31) sec
[407] Ep10000: Max 6717 (3238) steps (0.0009 hrs) -nan:-nan 33330 (75) sec
[408] Ep10000: Max 6717 (2990) steps (0.0008 hrs) -nan:-nan 33397 (67) sec
[409] Ep10000: Max 6717 (2927) steps (0.0008 hrs) -nan:-nan 33466 (69) sec
[410] Ep10000: Max 6717 (2254) steps (0.0006 hrs) -nan:-nan 33533 (67) sec
[411] Ep10000: Max 6717 (2376) steps (0.0007 hrs) -nan:-nan 33601 (68) sec
[412] Ep10000: Max 6717 (2495) steps (0.0007 hrs) -nan:-nan 33670 (69) sec
[413] Ep10000: Max 6717 (4501) steps (0.0013 hrs) -nan:-nan 33745 (75) sec
[414] Ep10000: Max 6717 (2785) steps (0.0008 hrs) -nan:-nan 33813 (68) sec
[415] Ep10000: Max 6717 (3016) steps (0.0008 hrs) -nan:-nan 33881 (68) sec
[416] Ep10000: Max 6717 (2045) steps (0.0006 hrs) -nan:-nan 33948 (67) sec
[417] Ep10000: Max 6717 (4012) steps (0.0011 hrs) -nan:-nan 34024 (76) sec
[418] Ep10000: Max 6717 (2723) steps (0.0008 hrs) -nan:-nan 34092 (68) sec
[419] Ep10000: Max 6717 (2366) steps (0.0007 hrs) -nan:-nan 34159 (67) sec
[420] Ep10000: Max 6717 (3018) steps (0.0008 hrs) -nan:-nan 34226 (67) sec
[421] Ep10000: Max 6717 (3211) steps (0.0009 hrs) -nan:-nan 34296 (70) sec
[422] Ep10000: Max 7895 (7895) steps (0.0022 hrs) -nan:-nan 34364 (68) sec
[423] Ep10000: Max 7895 (1987) steps (0.0006 hrs) -nan:-nan 34432 (68) sec
[424] Ep10000: Max 7895 (3359) steps (0.0009 hrs) -nan:-nan 34502 (70) sec
[425] Ep10000: Max 7895 (2656) steps (0.0007 hrs) -nan:-nan 34571 (69) sec
[426] Ep10000: Max 7895 (2742) steps (0.0008 hrs) -nan:-nan 34640 (69) sec
[427] Ep10000: Max 7895 (2742) steps (0.0008 hrs) -nan:-nan 34709 (69) sec
[428] Ep10000: Max 7895 (2706) steps (0.0008 hrs) -nan:-nan 34781 (72) sec
[429] Ep10000: Max 7895 (2453) steps (0.0007 hrs) -nan:-nan 34852 (71) sec
[430] Ep10000: Max 7895 (3295) steps (0.0009 hrs) -nan:-nan 34925 (73) sec
[431] Ep10000: Max 7895 (2079) steps (0.0006 hrs) -nan:-nan 34992 (67) sec
[432] Ep10000: Max 7895 (2451) steps (0.0007 hrs) -nan:-nan 35062 (70) sec
[433] Ep10000: Max 7895 (2796) steps (0.0008 hrs) -nan:-nan 35130 (68) sec
[434] Ep10000: Max 7895 (2245) steps (0.0006 hrs) -nan:-nan 35201 (71) sec
[435] Ep10000: Max 7895 (2275) steps (0.0006 hrs) -nan:-nan 35271 (70) sec
[436] Ep10000: Max 7895 (2307) steps (0.0006 hrs) -nan:-nan 35338 (67) sec
[437] Ep10000: Max 7895 (4735) steps (0.0013 hrs) -nan:-nan 35397 (59) sec
[438] Ep10000: Max 7895 (2207) steps (0.0006 hrs) -nan:-nan 35464 (67) sec
[439] Ep10000: Max 7895 (2021) steps (0.0006 hrs) -nan:-nan 35531 (67) sec
[440] Ep10000: Max 7895 (3552) steps (0.0010 hrs) -nan:-nan 35598 (67) sec
[441] Ep10000: Max 7895 (3407) steps (0.0009 hrs) -nan:-nan 35666 (68) sec
[442] Ep10000: Max 7895 (2710) steps (0.0008 hrs) -nan:-nan 35734 (68) sec
[443] Ep10000: Max 7895 (2445) steps (0.0007 hrs) -nan:-nan 35801 (67) sec
[444] Ep10000: Max 7895 (2200) steps (0.0006 hrs) -nan:-nan 35869 (68) sec
[445] Ep10000: Max 7895 (2599) steps (0.0007 hrs) -nan:-nan 35944 (75) sec
[446] Ep10000: Max 7895 (2141) steps (0.0006 hrs) -nan:-nan 36011 (67) sec
[447] Ep10000: Max 7895 (3949) steps (0.0011 hrs) -nan:-nan 36082 (71) sec
[448] Ep10000: Max 7895 (2040) steps (0.0006 hrs) -nan:-nan 36149 (67) sec
[449] Ep10000: Max 7895 (2813) steps (0.0008 hrs) -nan:-nan 36217 (68) sec
[450] Ep10000: Max 7895 (2323) steps (0.0006 hrs) -nan:-nan 36287 (70) sec
[451] Ep10000: Max 7895 (2319) steps (0.0006 hrs) -nan:-nan 36354 (67) sec
[452] Ep10000: Max 7895 (2552) steps (0.0007 hrs) -nan:-nan 36422 (68) sec
[453] Ep10000: Max 7895 (4017) steps (0.0011 hrs) -nan:-nan 36490 (68) sec
[454] Ep10000: Max 7895 (4716) steps (0.0013 hrs) -nan:-nan 36560 (70) sec
[455] Ep10000: Max 7895 (2417) steps (0.0007 hrs) -nan:-nan 36623 (63) sec
[456] Ep10000: Max 7895 (2388) steps (0.0007 hrs) -nan:-nan 36707 (84) sec
[457] Ep10000: Max 7895 (2958) steps (0.0008 hrs) -nan:-nan 36784 (77) sec
[458] Ep10000: Max 7895 (2677) steps (0.0007 hrs) -nan:-nan 36854 (70) sec
[459] Ep10000: Max 7895 (3238) steps (0.0009 hrs) -nan:-nan 36927 (73) sec
[460] Ep10000: Max 7895 (2322) steps (0.0006 hrs) -nan:-nan 37007 (80) sec
[461] Ep10000: Max 7895 (2326) steps (0.0006 hrs) -nan:-nan 37083 (76) sec
[462] Ep10000: Max 7895 (787) steps (0.0002 hrs) -nan:-nan 37114 (31) sec
[463] Ep10000: Max 7895 (2485) steps (0.0007 hrs) -nan:-nan 37191 (77) sec
[464] Ep10000: Max 7895 (873) steps (0.0002 hrs) -nan:-nan 37236 (45) sec
[465] Ep10000: Max 7895 (3265) steps (0.0009 hrs) -nan:-nan 37311 (75) sec
[466] Ep10000: Max 7895 (2482) steps (0.0007 hrs) -nan:-nan 37389 (78) sec
[467] Ep10000: Max 7895 (1952) steps (0.0005 hrs) -nan:-nan 37466 (77) sec
[468] Ep10000: Max 7895 (2368) steps (0.0007 hrs) -nan:-nan 37527 (61) sec
[469] Ep10000: Max 7895 (2390) steps (0.0007 hrs) -nan:-nan 37605 (78) sec
[470] Ep10000: Max 7895 (2375) steps (0.0007 hrs) -nan:-nan 37680 (75) sec
[471] Ep10000: Max 7895 (2083) steps (0.0006 hrs) -nan:-nan 37755 (75) sec
[472] Ep10000: Max 7895 (2125) steps (0.0006 hrs) -nan:-nan 37836 (81) sec
[473] Ep10000: Max 7895 (2586) steps (0.0007 hrs) -nan:-nan 37908 (72) sec
[474] Ep10000: Max 7895 (2280) steps (0.0006 hrs) -nan:-nan 37986 (78) sec
[475] Ep10000: Max 7895 (2908) steps (0.0008 hrs) -nan:-nan 38059 (73) sec
[476] Ep10000: Max 7895 (2308) steps (0.0006 hrs) -nan:-nan 38134 (75) sec
[477] Ep10000: Max 7895 (2845) steps (0.0008 hrs) -nan:-nan 38208 (74) sec
[478] Ep10000: Max 7895 (3060) steps (0.0009 hrs) -nan:-nan 38284 (76) sec
[479] Ep10000: Max 7895 (2475) steps (0.0007 hrs) -nan:-nan 38361 (77) sec
[480] Ep10000: Max 7895 (1983) steps (0.0006 hrs) -nan:-nan 38436 (75) sec
[481] Ep10000: Max 7895 (2227) steps (0.0006 hrs) -nan:-nan 38513 (77) sec
[482] Ep10000: Max 7895 (2144) steps (0.0006 hrs) -nan:-nan 38588 (75) sec
[483] Ep10000: Max 7895 (2453) steps (0.0007 hrs) -nan:-nan 38661 (73) sec
[484] Ep10000: Max 7895 (2062) steps (0.0006 hrs) -nan:-nan 38733 (72) sec
[485] Ep10000: Max 7895 (2572) steps (0.0007 hrs) -nan:-nan 38805 (72) sec
[486] Ep10000: Max 7895 (2141) steps (0.0006 hrs) -nan:-nan 38880 (75) sec
[487] Ep10000: Max 7895 (2686) steps (0.0007 hrs) -nan:-nan 38955 (75) sec
[488] Ep10000: Max 7895 (3308) steps (0.0009 hrs) -nan:-nan 39030 (75) sec
[489] Ep10000: Max 7895 (3245) steps (0.0009 hrs) -nan:-nan 39103 (73) sec
[490] Ep10000: Max 7895 (3031) steps (0.0008 hrs) -nan:-nan 39178 (75) sec
[491] Ep10000: Max 7895 (3636) steps (0.0010 hrs) -nan:-nan 39254 (76) sec
[492] Ep10000: Max 7895 (2157) steps (0.0006 hrs) -nan:-nan 39329 (75) sec
[493] Ep10000: Max 7895 (4429) steps (0.0012 hrs) -nan:-nan 39404 (75) sec
[494] Ep10000: Max 7895 (2766) steps (0.0008 hrs) -nan:-nan 39482 (78) sec
[495] Ep10000: Max 7895 (2982) steps (0.0008 hrs) -nan:-nan 39559 (77) sec
[496] Ep10000: Max 7895 (2473) steps (0.0007 hrs) -nan:-nan 39634 (75) sec
[497] Ep10000: Max 7895 (2120) steps (0.0006 hrs) -nan:-nan 39710 (76) sec
[498] Ep10000: Max 7895 (2419) steps (0.0007 hrs) -nan:-nan 39786 (76) sec
[499] Ep10000: Max 7895 (2043) steps (0.0006 hrs) -nan:-nan 39861 (75) sec
[500] Ep10000: Max 7895 (962) steps (0.0003 hrs) -nan:-nan 39889 (28) sec
[501] Ep10000: Max 7895 (2242) steps (0.0006 hrs) -nan:-nan 39961 (72) sec
[502] Ep10000: Max 7895 (3019) steps (0.0008 hrs) -nan:-nan 40035 (74) sec
[503] Ep10000: Max 7895 (3517) steps (0.0010 hrs) -nan:-nan 40114 (79) sec
[504] Ep10000: Max 7895 (2165) steps (0.0006 hrs) -nan:-nan 40191 (77) sec
[505] Ep10000: Max 7895 (4119) steps (0.0011 hrs) -nan:-nan 40265 (74) sec
[506] Ep10000: Max 7895 (3380) steps (0.0009 hrs) -nan:-nan 40339 (74) sec
[507] Ep10000: Max 7895 (2149) steps (0.0006 hrs) -nan:-nan 40411 (72) sec
[508] Ep10000: Max 7895 (2902) steps (0.0008 hrs) -nan:-nan 40484 (73) sec
[509] Ep10000: Max 7895 (3507) steps (0.0010 hrs) -nan:-nan 40551 (67) sec
[510] Ep10000: Max 7895 (2999) steps (0.0008 hrs) -nan:-nan 40631 (80) sec
[511] Ep10000: Max 7895 (2842) steps (0.0008 hrs) -nan:-nan 40704 (73) sec
[512] Ep10000: Max 7895 (2200) steps (0.0006 hrs) -nan:-nan 40767 (63) sec
[513] Ep10000: Max 7895 (2887) steps (0.0008 hrs) -nan:-nan 40840 (73) sec
[514] Ep10000: Max 7895 (4238) steps (0.0012 hrs) -nan:-nan 40915 (75) sec
[515] Ep10000: Max 7895 (2614) steps (0.0007 hrs) -nan:-nan 40989 (74) sec
[516] Ep10000: Max 7895 (2103) steps (0.0006 hrs) -nan:-nan 41067 (78) sec
[517] Ep10000: Max 7895 (2337) steps (0.0006 hrs) -nan:-nan 41140 (73) sec
[518] Ep10000: Max 7895 (3701) steps (0.0010 hrs) -nan:-nan 41212 (72) sec
[519] Ep10000: Max 7895 (2416) steps (0.0007 hrs) -nan:-nan 41285 (73) sec
[520] Ep10000: Max 7895 (815) steps (0.0002 hrs) -nan:-nan 41325 (40) sec
[521] Ep10000: Max 7895 (3052) steps (0.0008 hrs) -nan:-nan 41402 (77) sec
[522] Ep10000: Max 7895 (2759) steps (0.0008 hrs) -nan:-nan 41477 (75) sec
[523] Ep10000: Max 7895 (2674) steps (0.0007 hrs) -nan:-nan 41552 (75) sec
[524] Ep10000: Max 7895 (2743) steps (0.0008 hrs) -nan:-nan 41624 (72) sec
[525] Ep10000: Max 7895 (2175) steps (0.0006 hrs) -nan:-nan 41702 (78) sec
[526] Ep10000: Max 7895 (3766) steps (0.0010 hrs) -nan:-nan 41779 (77) sec
[527] Ep10000: Max 7895 (2346) steps (0.0007 hrs) -nan:-nan 41855 (76) sec
[528] Ep10000: Max 7895 (2336) steps (0.0006 hrs) -nan:-nan 41930 (75) sec
[529] Ep10000: Max 7895 (2022) steps (0.0006 hrs) -nan:-nan 42001 (71) sec
[530] Ep10000: Max 7895 (2233) steps (0.0006 hrs) -nan:-nan 42076 (75) sec
[531] Ep10000: Max 7895 (2410) steps (0.0007 hrs) -nan:-nan 42150 (74) sec
[532] Ep10000: Max 7895 (2209) steps (0.0006 hrs) -nan:-nan 42223 (73) sec
[533] Ep10000: Max 7895 (2333) steps (0.0006 hrs) -nan:-nan 42295 (72) sec
[534] Ep10000: Max 7895 (2074) steps (0.0006 hrs) -nan:-nan 42362 (67) sec
[535] Ep10000: Max 7895 (3083) steps (0.0009 hrs) -nan:-nan 42435 (73) sec
[536] Ep10000: Max 7895 (2817) steps (0.0008 hrs) -nan:-nan 42508 (73) sec
[537] Ep10000: Max 7895 (3562) steps (0.0010 hrs) -nan:-nan 42588 (80) sec
[538] Ep10000: Max 7895 (2843) steps (0.0008 hrs) -nan:-nan 42669 (81) sec
[539] Ep10000: Max 7895 (2306) steps (0.0006 hrs) -nan:-nan 42745 (76) sec
[540] Ep10000: Max 7895 (2571) steps (0.0007 hrs) -nan:-nan 42819 (74) sec
[541] Ep10000: Max 7895 (1779) steps (0.0005 hrs) -nan:-nan 42892 (73) sec
[542] Ep10000: Max 7895 (2846) steps (0.0008 hrs) -nan:-nan 42966 (74) sec
[543] Ep10000: Max 7895 (2140) steps (0.0006 hrs) -nan:-nan 43043 (77) sec
[544] Ep10000: Max 7895 (2340) steps (0.0007 hrs) -nan:-nan 43118 (75) sec
[545] Ep10000: Max 7895 (3003) steps (0.0008 hrs) -nan:-nan 43193 (75) sec
[546] Ep10000: Max 7895 (2344) steps (0.0007 hrs) -nan:-nan 43266 (73) sec
[547] Ep10000: Max 7895 (2200) steps (0.0006 hrs) -nan:-nan 43339 (73) sec
[548] Ep10000: Max 7895 (3029) steps (0.0008 hrs) -nan:-nan 43413 (74) sec
[549] Ep10000: Max 7895 (3836) steps (0.0011 hrs) -nan:-nan 43483 (70) sec
[550] Ep10000: Max 7895 (2370) steps (0.0007 hrs) -nan:-nan 43558 (75) sec
[551] Ep10000: Max 7895 (2031) steps (0.0006 hrs) -nan:-nan 43632 (74) sec
[552] Ep10000: Max 7895 (2249) steps (0.0006 hrs) -nan:-nan 43707 (75) sec
[553] Ep10000: Max 7895 (2699) steps (0.0007 hrs) -nan:-nan 43787 (80) sec
[554] Ep10000: Max 7895 (2584) steps (0.0007 hrs) -nan:-nan 43864 (77) sec
[555] Ep10000: Max 7895 (2655) steps (0.0007 hrs) -nan:-nan 43937 (73) sec
[556] Ep10000: Max 7895 (2524) steps (0.0007 hrs) -nan:-nan 44015 (78) sec
[557] Ep10000: Max 7895 (1980) steps (0.0006 hrs) -nan:-nan 44094 (79) sec
[558] Ep10000: Max 7895 (2227) steps (0.0006 hrs) -nan:-nan 44169 (75) sec
[559] Ep10000: Max 7895 (2745) steps (0.0008 hrs) -nan:-nan 44239 (70) sec
[560] Ep10000: Max 7895 (2238) steps (0.0006 hrs) -nan:-nan 44309 (70) sec
[561] Ep10000: Max 7895 (2920) steps (0.0008 hrs) -nan:-nan 44378 (69) sec
[562] Ep10000: Max 7895 (2888) steps (0.0008 hrs) -nan:-nan 44452 (74) sec
[563] Ep10000: Max 7895 (3378) steps (0.0009 hrs) -nan:-nan 44524 (72) sec
[564] Ep10000: Max 7895 (3240) steps (0.0009 hrs) -nan:-nan 44597 (73) sec
[565] Ep10000: Max 7895 (2279) steps (0.0006 hrs) -nan:-nan 44668 (71) sec
[566] Ep10000: Max 7895 (2177) steps (0.0006 hrs) -nan:-nan 44741 (73) sec
[567] Ep10000: Max 7895 (2694) steps (0.0007 hrs) -nan:-nan 44812 (71) sec
[568] Ep10000: Max 7895 (2545) steps (0.0007 hrs) -nan:-nan 44878 (66) sec
[569] Ep10000: Max 7895 (2283) steps (0.0006 hrs) -nan:-nan 44949 (71) sec
[570] Ep10000: Max 7895 (4377) steps (0.0012 hrs) -nan:-nan 45027 (78) sec
[571] Ep10000: Max 7895 (2472) steps (0.0007 hrs) -nan:-nan 45101 (74) sec
[572] Ep10000: Max 7895 (2055) steps (0.0006 hrs) -nan:-nan 45172 (71) sec
[573] Ep10000: Max 7895 (2254) steps (0.0006 hrs) -nan:-nan 45246 (74) sec
[574] Ep10000: Max 7895 (2157) steps (0.0006 hrs) -nan:-nan 45318 (72) sec
[575] Ep10000: Max 7895 (2861) steps (0.0008 hrs) -nan:-nan 45391 (73) sec
[576] Ep10000: Max 7895 (2142) steps (0.0006 hrs) -nan:-nan 45469 (78) sec
[577] Ep10000: Max 7895 (3561) steps (0.0010 hrs) -nan:-nan 45543 (74) sec
[578] Ep10000: Max 7895 (2152) steps (0.0006 hrs) -nan:-nan 45616 (73) sec
[579] Ep10000: Max 7895 (2423) steps (0.0007 hrs) -nan:-nan 45685 (69) sec
[580] Ep10000: Max 7895 (2657) steps (0.0007 hrs) -nan:-nan 45756 (71) sec
[581] Ep10000: Max 7895 (2485) steps (0.0007 hrs) -nan:-nan 45829 (73) sec
[582] Ep10000: Max 7895 (3404) steps (0.0009 hrs) -nan:-nan 45898 (69) sec
[583] Ep10000: Max 7895 (2695) steps (0.0007 hrs) -nan:-nan 45970 (72) sec
[584] Ep10000: Max 7895 (2470) steps (0.0007 hrs) -nan:-nan 46040 (70) sec
[585] Ep10000: Max 7895 (2160) steps (0.0006 hrs) -nan:-nan 46114 (74) sec
[586] Ep10000: Max 7895 (2711) steps (0.0008 hrs) -nan:-nan 46184 (70) sec
[587] Ep10000: Max 7895 (2231) steps (0.0006 hrs) -nan:-nan 46256 (72) sec
[588] Ep10000: Max 7895 (2362) steps (0.0007 hrs) -nan:-nan 46325 (69) sec
[589] Ep10000: Max 7895 (2601) steps (0.0007 hrs) -nan:-nan 46395 (70) sec
[590] Ep10000: Max 7895 (2219) steps (0.0006 hrs) -nan:-nan 46464 (69) sec
[591] Ep10000: Max 7895 (3537) steps (0.0010 hrs) -nan:-nan 46538 (74) sec
[592] Ep10000: Max 7895 (3237) steps (0.0009 hrs) -nan:-nan 46606 (68) sec
[593] Ep10000: Max 7895 (3633) steps (0.0010 hrs) -nan:-nan 46680 (74) sec
[594] Ep10000: Max 7895 (2068) steps (0.0006 hrs) -nan:-nan 46754 (74) sec
[595] Ep10000: Max 7895 (2563) steps (0.0007 hrs) -nan:-nan 46822 (68) sec
[596] Ep10000: Max 7895 (2290) steps (0.0006 hrs) -nan:-nan 46892 (70) sec
[597] Ep10000: Max 7895 (2010) steps (0.0006 hrs) -nan:-nan 46962 (70) sec
[598] Ep10000: Max 7895 (2632) steps (0.0007 hrs) -nan:-nan 47036 (74) sec
[599] Ep10000: Max 7895 (2831) steps (0.0008 hrs) -nan:-nan 47105 (69) sec
[600] Ep10000: Max 7895 (2948) steps (0.0008 hrs) -nan:-nan 47176 (71) sec
[601] Ep10000: Max 7895 (2057) steps (0.0006 hrs) -nan:-nan 47247 (71) sec
[602] Ep10000: Max 7895 (2337) steps (0.0006 hrs) -nan:-nan 47317 (70) sec
[603] Ep10000: Max 7895 (2382) steps (0.0007 hrs) -nan:-nan 47390 (73) sec
[604] Ep10000: Max 7895 (2354) steps (0.0007 hrs) -nan:-nan 47462 (72) sec
[605] Ep10000: Max 7895 (2066) steps (0.0006 hrs) -nan:-nan 47536 (74) sec
[606] Ep10000: Max 7895 (2521) steps (0.0007 hrs) -nan:-nan 47611 (75) sec
[607] Ep10000: Max 7895 (2468) steps (0.0007 hrs) -nan:-nan 47685 (74) sec
[608] Ep10000: Max 7895 (1778) steps (0.0005 hrs) -nan:-nan 47713 (28) sec
[609] Ep10000: Max 7895 (2594) steps (0.0007 hrs) -nan:-nan 47775 (62) sec
[610] Ep10000: Max 7895 (1948) steps (0.0005 hrs) -nan:-nan 47840 (65) sec
[611] Ep10000: Max 7895 (1790) steps (0.0005 hrs) -nan:-nan 47902 (62) sec
[612] Ep10000: Max 7895 (2625) steps (0.0007 hrs) -nan:-nan 47978 (76) sec
[613] Ep10000: Max 7895 (2818) steps (0.0008 hrs) -nan:-nan 48053 (75) sec
[614] Ep10000: Max 7895 (2043) steps (0.0006 hrs) -nan:-nan 48127 (74) sec
[615] Ep10000: Max 7895 (2043) steps (0.0006 hrs) -nan:-nan 48198 (71) sec
[616] Ep10000: Max 7895 (1002) steps (0.0003 hrs) -nan:-nan 48227 (29) sec
[617] Ep10000: Max 7895 (2474) steps (0.0007 hrs) -nan:-nan 48295 (68) sec
[618] Ep10000: Max 7895 (3630) steps (0.0010 hrs) -nan:-nan 48353 (58) sec
[619] Ep10000: Max 7895 (2009) steps (0.0006 hrs) -nan:-nan 48419 (66) sec
[620] Ep10000: Max 7895 (2252) steps (0.0006 hrs) -nan:-nan 48486 (67) sec
[621] Ep10000: Max 7895 (2873) steps (0.0008 hrs) -nan:-nan 48555 (69) sec
[622] Ep10000: Max 7895 (2747) steps (0.0008 hrs) -nan:-nan 48627 (72) sec
[623] Ep10000: Max 7895 (2541) steps (0.0007 hrs) -nan:-nan 48697 (70) sec
[624] Ep10000: Max 7895 (2403) steps (0.0007 hrs) -nan:-nan 48765 (68) sec
[625] Ep10000: Max 7895 (5025) steps (0.0014 hrs) -nan:-nan 48837 (72) sec
[626] Ep10000: Max 7895 (3228) steps (0.0009 hrs) -nan:-nan 48910 (73) sec
[627] Ep10000: Max 7895 (2740) steps (0.0008 hrs) -nan:-nan 48979 (69) sec
[628] Ep10000: Max 7895 (2508) steps (0.0007 hrs) -nan:-nan 49053 (74) sec
[629] Ep10000: Max 7895 (2752) steps (0.0008 hrs) -nan:-nan 49126 (73) sec
[630] Ep10000: Max 7895 (2917) steps (0.0008 hrs) -nan:-nan 49193 (67) sec
[631] Ep10000: Max 7895 (4484) steps (0.0012 hrs) -nan:-nan 49267 (74) sec
[632] Ep10000: Max 7895 (2451) steps (0.0007 hrs) -nan:-nan 49336 (69) sec
[633] Ep10000: Max 7895 (3229) steps (0.0009 hrs) -nan:-nan 49399 (63) sec
[634] Ep10000: Max 7895 (2196) steps (0.0006 hrs) -nan:-nan 49439 (40) sec
[635] Ep10000: Max 7895 (2690) steps (0.0007 hrs) -nan:-nan 49511 (72) sec
[636] Ep10000: Max 7895 (2246) steps (0.0006 hrs) -nan:-nan 49579 (68) sec
[637] Ep10000: Max 7895 (2534) steps (0.0007 hrs) -nan:-nan 49649 (70) sec
[638] Ep10000: Max 7895 (2631) steps (0.0007 hrs) -nan:-nan 49727 (78) sec
[639] Ep10000: Max 7895 (873) steps (0.0002 hrs) -nan:-nan 49761 (34) sec
[640] Ep10000: Max 7895 (2369) steps (0.0007 hrs) -nan:-nan 49846 (85) sec
[641] Ep10000: Max 7895 (2200) steps (0.0006 hrs) -nan:-nan 49921 (75) sec
[642] Ep10000: Max 7895 (3616) steps (0.0010 hrs) -nan:-nan 49989 (68) sec
[643] Ep10000: Max 7895 (3397) steps (0.0009 hrs) -nan:-nan 50065 (76) sec
[644] Ep10000: Max 7895 (2100) steps (0.0006 hrs) -nan:-nan 50138 (73) sec
[645] Ep10000: Max 7895 (2585) steps (0.0007 hrs) -nan:-nan 50214 (76) sec
[646] Ep10000: Max 7895 (2803) steps (0.0008 hrs) -nan:-nan 50295 (81) sec
[647] Ep10000: Max 7895 (2742) steps (0.0008 hrs) -nan:-nan 50366 (71) sec
[648] Ep10000: Max 7895 (3233) steps (0.0009 hrs) -nan:-nan 50435 (69) sec
[649] Ep10000: Max 7895 (2403) steps (0.0007 hrs) -nan:-nan 50502 (67) sec
[650] Ep10000: Max 7895 (2377) steps (0.0007 hrs) -nan:-nan 50575 (73) sec
[651] Ep10000: Max 7895 (2814) steps (0.0008 hrs) -nan:-nan 50647 (72) sec
[652] Ep10000: Max 7895 (2187) steps (0.0006 hrs) -nan:-nan 50718 (71) sec
[653] Ep10000: Max 7895 (2010) steps (0.0006 hrs) -nan:-nan 50790 (72) sec
[654] Ep10000: Max 7895 (2387) steps (0.0007 hrs) -nan:-nan 50851 (61) sec
[655] Ep10000: Max 7895 (2871) steps (0.0008 hrs) -nan:-nan 50910 (59) sec
[656] Ep10000: Max 7895 (2257) steps (0.0006 hrs) -nan:-nan 50971 (61) sec
[657] Ep10000: Max 7895 (2734) steps (0.0008 hrs) -nan:-nan 51033 (62) sec
[658] Ep10000: Max 7895 (2284) steps (0.0006 hrs) -nan:-nan 51095 (62) sec
[659] Ep10000: Max 7895 (2132) steps (0.0006 hrs) -nan:-nan 51155 (60) sec
[660] Ep10000: Max 7895 (2992) steps (0.0008 hrs) -nan:-nan 51225 (70) sec
[661] Ep10000: Max 9430 (9430) steps (0.0026 hrs) -nan:-nan 51301 (76) sec
[662] Ep10000: Max 9430 (3423) steps (0.0010 hrs) -nan:-nan 51359 (58) sec
[663] Ep10000: Max 9430 (2695) steps (0.0007 hrs) -nan:-nan 51418 (59) sec
[664] Ep10000: Max 9430 (2270) steps (0.0006 hrs) -nan:-nan 51477 (59) sec
[665] Ep10000: Max 9430 (2109) steps (0.0006 hrs) -nan:-nan 51537 (60) sec
[666] Ep10000: Max 9430 (2988) steps (0.0008 hrs) -nan:-nan 51597 (60) sec
[667] Ep10000: Max 9430 (2915) steps (0.0008 hrs) -nan:-nan 51663 (66) sec
[668] Ep10000: Max 9430 (2697) steps (0.0007 hrs) -nan:-nan 51735 (72) sec
[669] Ep10000: Max 9430 (2542) steps (0.0007 hrs) -nan:-nan 51796 (61) sec
[670] Ep10000: Max 9430 (2932) steps (0.0008 hrs) -nan:-nan 51841 (45) sec
[671] Ep10000: Max 9430 (2309) steps (0.0006 hrs) -nan:-nan 51927 (86) sec
[672] Ep10000: Max 9430 (3001) steps (0.0008 hrs) -nan:-nan 52003 (76) sec
[673] Ep10000: Max 9430 (2600) steps (0.0007 hrs) -nan:-nan 52080 (77) sec
[674] Ep10000: Max 9430 (3362) steps (0.0009 hrs) -nan:-nan 52161 (81) sec
[675] Ep10000: Max 9430 (2171) steps (0.0006 hrs) -nan:-nan 52251 (90) sec
[676] Ep10000: Max 9430 (2601) steps (0.0007 hrs) -nan:-nan 52349 (98) sec
[677] Ep10000: Max 9430 (2248) steps (0.0006 hrs) -nan:-nan 52431 (82) sec
[678] Ep10000: Max 9430 (2369) steps (0.0007 hrs) -nan:-nan 52513 (82) sec
[679] Ep10000: Max 9430 (2474) steps (0.0007 hrs) -nan:-nan 52612 (99) sec
[680] Ep10000: Max 9430 (2601) steps (0.0007 hrs) -nan:-nan 52704 (92) sec
[681] Ep10000: Max 9430 (2162) steps (0.0006 hrs) -nan:-nan 52786 (82) sec
[682] Ep10000: Max 9430 (2752) steps (0.0008 hrs) -nan:-nan 52870 (84) sec
[683] Ep10000: Max 9430 (3835) steps (0.0011 hrs) -nan:-nan 52951 (81) sec
[684] Ep10000: Max 9430 (3850) steps (0.0011 hrs) -nan:-nan 53024 (73) sec
[685] Ep10000: Max 9430 (2467) steps (0.0007 hrs) -nan:-nan 53088 (64) sec
[686] Ep10000: Max 9430 (1413) steps (0.0004 hrs) -nan:-nan 53123 (35) sec
[687] Ep10000: Max 9430 (2713) steps (0.0008 hrs) -nan:-nan 53221 (98) sec
[688] Ep10000: Max 9430 (2781) steps (0.0008 hrs) -nan:-nan 53310 (89) sec
[689] Ep10000: Max 9430 (2007) steps (0.0006 hrs) -nan:-nan 53338 (28) sec
[690] Ep10000: Max 9430 (2448) steps (0.0007 hrs) -nan:-nan 53402 (64) sec
[691] Ep10000: Max 9430 (3072) steps (0.0009 hrs) -nan:-nan 53469 (67) sec
[692] Ep10000: Max 9430 (3151) steps (0.0009 hrs) -nan:-nan 53542 (73) sec
[693] Ep10000: Max 9430 (3358) steps (0.0009 hrs) -nan:-nan 53606 (64) sec
[694] Ep10000: Max 9430 (3495) steps (0.0010 hrs) -nan:-nan 53666 (60) sec
[695] Ep10000: Max 9430 (2668) steps (0.0007 hrs) -nan:-nan 53739 (73) sec
[696] Ep10000: Max 9430 (2448) steps (0.0007 hrs) -nan:-nan 53821 (82) sec
[697] Ep10000: Max 9430 (3328) steps (0.0009 hrs) -nan:-nan 53930 (109) sec
[698] Ep10000: Max 9430 (2694) steps (0.0007 hrs) -nan:-nan 54017 (87) sec
[699] Ep10000: Max 9430 (2323) steps (0.0006 hrs) -nan:-nan 54103 (86) sec
[700] Ep10000: Max 9430 (2727) steps (0.0008 hrs) -nan:-nan 54182 (79) sec
[701] Ep10000: Max 9430 (2082) steps (0.0006 hrs) -nan:-nan 54286 (104) sec
[702] Ep10000: Max 9430 (2584) steps (0.0007 hrs) -nan:-nan 54392 (106) sec
[703] Ep10000: Max 9430 (2831) steps (0.0008 hrs) -nan:-nan 54482 (90) sec
[704] Ep10000: Max 9430 (1161) steps (0.0003 hrs) -nan:-nan 54519 (37) sec
[705] Ep10000: Max 9430 (1850) steps (0.0005 hrs) -nan:-nan 54594 (75) sec
[706] Ep10000: Max 9430 (2752) steps (0.0008 hrs) -nan:-nan 54670 (76) sec
[707] Ep10000: Max 9430 (2320) steps (0.0006 hrs) -nan:-nan 54734 (64) sec
[708] Ep10000: Max 9430 (2617) steps (0.0007 hrs) -nan:-nan 54805 (71) sec
[709] Ep10000: Max 9430 (2341) steps (0.0007 hrs) -nan:-nan 54885 (80) sec
[710] Ep10000: Max 9430 (2305) steps (0.0006 hrs) -nan:-nan 54962 (77) sec
[711] Ep10000: Max 9430 (3728) steps (0.0010 hrs) -nan:-nan 55038 (76) sec
[712] Ep10000: Max 9430 (2838) steps (0.0008 hrs) -nan:-nan 55115 (77) sec
[713] Ep10000: Max 9430 (3442) steps (0.0010 hrs) -nan:-nan 55183 (68) sec
[714] Ep10000: Max 9430 (2069) steps (0.0006 hrs) -nan:-nan 55263 (80) sec
[715] Ep10000: Max 9430 (2042) steps (0.0006 hrs) -nan:-nan 55356 (93) sec
[716] Ep10000: Max 9430 (2867) steps (0.0008 hrs) -nan:-nan 55446 (90) sec
[717] Ep10000: Max 9430 (1287) steps (0.0004 hrs) -nan:-nan 55482 (36) sec
[718] Ep10000: Max 9430 (2381) steps (0.0007 hrs) -nan:-nan 55566 (84) sec
[719] Ep10000: Max 9430 (2113) steps (0.0006 hrs) -nan:-nan 55653 (87) sec
[720] Ep10000: Max 9430 (3166) steps (0.0009 hrs) -nan:-nan 55738 (85) sec
[721] Ep10000: Max 9430 (2579) steps (0.0007 hrs) -nan:-nan 55818 (80) sec
[722] Ep10000: Max 9430 (3777) steps (0.0010 hrs) -nan:-nan 55904 (86) sec
[723] Ep10000: Max 9430 (2888) steps (0.0008 hrs) -nan:-nan 55983 (79) sec
[724] Ep10000: Max 9430 (2196) steps (0.0006 hrs) -nan:-nan 56063 (80) sec
[725] Ep10000: Max 9430 (2254) steps (0.0006 hrs) -nan:-nan 56139 (76) sec
[726] Ep10000: Max 9430 (2148) steps (0.0006 hrs) -nan:-nan 56212 (73) sec
[727] Ep10000: Max 9430 (2174) steps (0.0006 hrs) -nan:-nan 56276 (64) sec
[728] Ep10000: Max 9430 (1421) steps (0.0004 hrs) -nan:-nan 56325 (49) sec
[729] Ep10000: Max 9430 (2161) steps (0.0006 hrs) -nan:-nan 56433 (108) sec
[730] Ep10000: Max 9430 (3271) steps (0.0009 hrs) -nan:-nan 56530 (97) sec
[731] Ep10000: Max 9430 (3450) steps (0.0010 hrs) -nan:-nan 56619 (89) sec
[732] Ep10000: Max 9430 (2373) steps (0.0007 hrs) -nan:-nan 56713 (94) sec
[733] Ep10000: Max 9430 (2906) steps (0.0008 hrs) -nan:-nan 56771 (58) sec
[734] Ep10000: Max 9430 (4724) steps (0.0013 hrs) -nan:-nan 56867 (96) sec
[735] Ep10000: Max 9430 (3242) steps (0.0009 hrs) -nan:-nan 56971 (104) sec
[736] Ep10000: Max 9430 (2783) steps (0.0008 hrs) -nan:-nan 57072 (101) sec
[737] Ep10000: Max 9430 (2187) steps (0.0006 hrs) -nan:-nan 57158 (86) sec
[738] Ep10000: Max 9430 (2879) steps (0.0008 hrs) -nan:-nan 57238 (80) sec
[739] Ep10000: Max 9430 (2292) steps (0.0006 hrs) -nan:-nan 57317 (79) sec
[740] Ep10000: Max 9430 (2574) steps (0.0007 hrs) -nan:-nan 57406 (89) sec
[741] Ep10000: Max 9430 (2178) steps (0.0006 hrs) -nan:-nan 57489 (83) sec
[742] Ep10000: Max 9430 (2135) steps (0.0006 hrs) -nan:-nan 57568 (79) sec
[743] Ep10000: Max 9430 (2183) steps (0.0006 hrs) -nan:-nan 57647 (79) sec
[744] Ep10000: Max 9430 (3860) steps (0.0011 hrs) -nan:-nan 57713 (66) sec
[745] Ep10000: Max 9430 (2975) steps (0.0008 hrs) -nan:-nan 57791 (78) sec
[746] Ep10000: Max 9430 (2170) steps (0.0006 hrs) -nan:-nan 57890 (99) sec
[747] Ep10000: Max 9430 (2527) steps (0.0007 hrs) -nan:-nan 57980 (90) sec
[748] Ep10000: Max 9430 (2555) steps (0.0007 hrs) -nan:-nan 58072 (92) sec
[749] Ep10000: Max 9430 (3454) steps (0.0010 hrs) -nan:-nan 58151 (79) sec
[750] Ep10000: Max 9430 (2482) steps (0.0007 hrs) -nan:-nan 58225 (74) sec
[751] Ep10000: Max 9430 (2801) steps (0.0008 hrs) -nan:-nan 58310 (85) sec
[752] Ep10000: Max 9430 (2919) steps (0.0008 hrs) -nan:-nan 58401 (91) sec
[753] Ep10000: Max 9430 (1944) steps (0.0005 hrs) -nan:-nan 58478 (77) sec
[754] Ep10000: Max 9430 (2667) steps (0.0007 hrs) -nan:-nan 58565 (87) sec
[755] Ep10000: Max 9430 (1861) steps (0.0005 hrs) -nan:-nan 58642 (77) sec
[756] Ep10000: Max 9430 (4192) steps (0.0012 hrs) -nan:-nan 58720 (78) sec
[757] Ep10000: Max 9430 (2352) steps (0.0007 hrs) -nan:-nan 58810 (90) sec
[758] Ep10000: Max 9430 (2919) steps (0.0008 hrs) -nan:-nan 58885 (75) sec
[759] Ep10000: Max 9430 (2916) steps (0.0008 hrs) -nan:-nan 58948 (63) sec
[760] Ep10000: Max 9430 (2410) steps (0.0007 hrs) -nan:-nan 59010 (62) sec
[761] Ep10000: Max 9430 (2316) steps (0.0006 hrs) -nan:-nan 59074 (64) sec
[762] Ep10000: Max 9430 (2720) steps (0.0008 hrs) -nan:-nan 59140 (66) sec
[763] Ep10000: Max 9430 (2179) steps (0.0006 hrs) -nan:-nan 59207 (67) sec
[764] Ep10000: Max 9430 (2406) steps (0.0007 hrs) -nan:-nan 59270 (63) sec
[765] Ep10000: Max 9430 (2590) steps (0.0007 hrs) -nan:-nan 59330 (60) sec
[766] Ep10000: Max 9430 (3604) steps (0.0010 hrs) -nan:-nan 59395 (65) sec
[767] Ep10000: Max 9430 (2479) steps (0.0007 hrs) -nan:-nan 59458 (63) sec
[768] Ep10000: Max 9430 (2935) steps (0.0008 hrs) -nan:-nan 59519 (61) sec
[769] Ep10000: Max 9430 (3347) steps (0.0009 hrs) -nan:-nan 59579 (60) sec
[770] Ep10000: Max 9430 (3335) steps (0.0009 hrs) -nan:-nan 59628 (49) sec
[771] Ep10000: Max 9430 (2000) steps (0.0006 hrs) -nan:-nan 59681 (53) sec
[772] Ep10000: Max 9430 (2754) steps (0.0008 hrs) -nan:-nan 59740 (59) sec
[773] Ep10000: Max 9430 (3018) steps (0.0008 hrs) -nan:-nan 59799 (59) sec
[774] Ep10000: Max 9430 (2516) steps (0.0007 hrs) -nan:-nan 59860 (61) sec
[775] Ep10000: Max 9430 (1954) steps (0.0005 hrs) -nan:-nan 59920 (60) sec
[776] Ep10000: Max 9430 (1975) steps (0.0005 hrs) -nan:-nan 59981 (61) sec
[777] Ep10000: Max 9430 (2457) steps (0.0007 hrs) -nan:-nan 60040 (59) sec
[778] Ep10000: Max 9430 (2233) steps (0.0006 hrs) -nan:-nan 60098 (58) sec
[779] Ep10000: Max 9430 (2419) steps (0.0007 hrs) -nan:-nan 60158 (60) sec
[780] Ep10000: Max 9430 (3023) steps (0.0008 hrs) -nan:-nan 60217 (59) sec
[781] Ep10000: Max 9430 (3885) steps (0.0011 hrs) -nan:-nan 60310 (93) sec
[782] Ep10000: Max 9430 (2013) steps (0.0006 hrs) -nan:-nan 60377 (67) sec
[783] Ep10000: Max 9430 (3048) steps (0.0008 hrs) -nan:-nan 60448 (71) sec
[784] Ep10000: Max 9430 (3542) steps (0.0010 hrs) -nan:-nan 60505 (57) sec
[785] Ep10000: Max 9430 (2202) steps (0.0006 hrs) -nan:-nan 60572 (67) sec
[786] Ep10000: Max 9430 (2479) steps (0.0007 hrs) -nan:-nan 60654 (82) sec
[787] Ep10000: Max 9430 (2513) steps (0.0007 hrs) -nan:-nan 60732 (78) sec
[788] Ep10000: Max 9430 (2592) steps (0.0007 hrs) -nan:-nan 60806 (74) sec
[789] Ep10000: Max 9430 (3223) steps (0.0009 hrs) -nan:-nan 60880 (74) sec
[790] Ep10000: Max 9430 (2319) steps (0.0006 hrs) -nan:-nan 60953 (73) sec
[791] Ep10000: Max 9430 (2348) steps (0.0007 hrs) -nan:-nan 61032 (79) sec
[792] Ep10000: Max 9430 (2843) steps (0.0008 hrs) -nan:-nan 61119 (87) sec
[793] Ep10000: Max 9430 (2443) steps (0.0007 hrs) -nan:-nan 61193 (74) sec
[794] Ep10000: Max 9430 (2064) steps (0.0006 hrs) -nan:-nan 61269 (76) sec
[795] Ep10000: Max 9430 (2594) steps (0.0007 hrs) -nan:-nan 61342 (73) sec
[796] Ep10000: Max 9430 (955) steps (0.0003 hrs) -nan:-nan 61370 (28) sec
[797] Ep10000: Max 9430 (2624) steps (0.0007 hrs) -nan:-nan 61441 (71) sec
[798] Ep10000: Max 11966 (11966) steps (0.0033 hrs) -nan:-nan 61509 (68) sec
[799] Ep10000: Max 11966 (2586) steps (0.0007 hrs) -nan:-nan 61578 (69) sec
[800] Ep10000: Max 11966 (2078) steps (0.0006 hrs) -nan:-nan 61644 (66) sec
[801] Ep10000: Max 11966 (3182) steps (0.0009 hrs) -nan:-nan 61716 (72) sec
[802] Ep10000: Max 11966 (2666) steps (0.0007 hrs) -nan:-nan 61786 (70) sec
[803] Ep10000: Max 11966 (7545) steps (0.0021 hrs) -nan:-nan 61861 (75) sec
[804] Ep10000: Max 11966 (3532) steps (0.0010 hrs) -nan:-nan 61925 (64) sec
[805] Ep10000: Max 11966 (2306) steps (0.0006 hrs) -nan:-nan 61999 (74) sec
[806] Ep10000: Max 11966 (2708) steps (0.0008 hrs) -nan:-nan 62070 (71) sec
[807] Ep10000: Max 11966 (3014) steps (0.0008 hrs) -nan:-nan 62146 (76) sec
[808] Ep10000: Max 11966 (2324) steps (0.0006 hrs) -nan:-nan 62226 (80) sec
[809] Ep10000: Max 11966 (3201) steps (0.0009 hrs) -nan:-nan 62298 (72) sec
[810] Ep10000: Max 11966 (2573) steps (0.0007 hrs) -nan:-nan 62369 (71) sec
[811] Ep10000: Max 11966 (2468) steps (0.0007 hrs) -nan:-nan 62445 (76) sec
[812] Ep10000: Max 11966 (1481) steps (0.0004 hrs) -nan:-nan 62494 (49) sec
[813] Ep10000: Max 11966 (2321) steps (0.0006 hrs) -nan:-nan 62573 (79) sec
[814] Ep10000: Max 11966 (2748) steps (0.0008 hrs) -nan:-nan 62649 (76) sec
[815] Ep10000: Max 11966 (2645) steps (0.0007 hrs) -nan:-nan 62718 (69) sec
[816] Ep10000: Max 11966 (3530) steps (0.0010 hrs) -nan:-nan 62794 (76) sec
[817] Ep10000: Max 11966 (2800) steps (0.0008 hrs) -nan:-nan 62865 (71) sec
[818] Ep10000: Max 11966 (2998) steps (0.0008 hrs) -nan:-nan 62930 (65) sec
[819] Ep10000: Max 11966 (3056) steps (0.0008 hrs) -nan:-nan 63000 (70) sec
[820] Ep10000: Max 11966 (2279) steps (0.0006 hrs) -nan:-nan 63070 (70) sec
[821] Ep10000: Max 11966 (5123) steps (0.0014 hrs) -nan:-nan 63128 (58) sec
[822] Ep10000: Max 11966 (2540) steps (0.0007 hrs) -nan:-nan 63191 (63) sec
[823] Ep10000: Max 11966 (2432) steps (0.0007 hrs) -nan:-nan 63251 (60) sec
[824] Ep10000: Max 11966 (2647) steps (0.0007 hrs) -nan:-nan 63312 (61) sec
[825] Ep10000: Max 11966 (2585) steps (0.0007 hrs) -nan:-nan 63371 (59) sec
[826] Ep10000: Max 11966 (2408) steps (0.0007 hrs) -nan:-nan 63431 (60) sec
[827] Ep10000: Max 11966 (2595) steps (0.0007 hrs) -nan:-nan 63490 (59) sec
[828] Ep10000: Max 11966 (2404) steps (0.0007 hrs) -nan:-nan 63552 (62) sec
[829] Ep10000: Max 11966 (2148) steps (0.0006 hrs) -nan:-nan 63611 (59) sec
[830] Ep10000: Max 11966 (2406) steps (0.0007 hrs) -nan:-nan 63669 (58) sec
[831] Ep10000: Max 11966 (1987) steps (0.0006 hrs) -nan:-nan 63729 (60) sec
[832] Ep10000: Max 11966 (2637) steps (0.0007 hrs) -nan:-nan 63790 (61) sec
[833] Ep10000: Max 11966 (1167) steps (0.0003 hrs) -nan:-nan 63826 (36) sec
[834] Ep10000: Max 11966 (3442) steps (0.0010 hrs) -nan:-nan 63885 (59) sec
[835] Ep10000: Max 11966 (2426) steps (0.0007 hrs) -nan:-nan 63945 (60) sec
[836] Ep10000: Max 11966 (2479) steps (0.0007 hrs) -nan:-nan 64006 (61) sec
[837] Ep10000: Max 11966 (3002) steps (0.0008 hrs) -nan:-nan 64066 (60) sec
[838] Ep10000: Max 11966 (2154) steps (0.0006 hrs) -nan:-nan 64126 (60) sec
[839] Ep10000: Max 11966 (2939) steps (0.0008 hrs) -nan:-nan 64186 (60) sec
[840] Ep10000: Max 11966 (2736) steps (0.0008 hrs) -nan:-nan 64245 (59) sec
[841] Ep10000: Max 11966 (3107) steps (0.0009 hrs) -nan:-nan 64304 (59) sec
[842] Ep10000: Max 11966 (2747) steps (0.0008 hrs) -nan:-nan 64365 (61) sec
[843] Ep10000: Max 11966 (2428) steps (0.0007 hrs) -nan:-nan 64424 (59) sec
[844] Ep10000: Max 11966 (2370) steps (0.0007 hrs) -nan:-nan 64478 (54) sec
[845] Ep10000: Max 11966 (2658) steps (0.0007 hrs) -nan:-nan 64537 (59) sec
[846] Ep10000: Max 11966 (2718) steps (0.0008 hrs) -nan:-nan 64597 (60) sec
[847] Ep10000: Max 11966 (1413) steps (0.0004 hrs) -nan:-nan 64626 (29) sec
[848] Ep10000: Max 11966 (2352) steps (0.0007 hrs) -nan:-nan 64685 (59) sec
[849] Ep10000: Max 11966 (2914) steps (0.0008 hrs) -nan:-nan 64736 (51) sec
[850] Ep10000: Max 11966 (3433) steps (0.0010 hrs) -nan:-nan 64802 (66) sec
[851] Ep10000: Max 11966 (3463) steps (0.0010 hrs) -nan:-nan 64868 (66) sec
[852] Ep10000: Max 11966 (2585) steps (0.0007 hrs) -nan:-nan 64928 (60) sec
[853] Ep10000: Max 11966 (3666) steps (0.0010 hrs) -nan:-nan 64988 (60) sec
[854] Ep10000: Max 11966 (1683) steps (0.0005 hrs) -nan:-nan 65029 (41) sec
[855] Ep10000: Max 11966 (2463) steps (0.0007 hrs) -nan:-nan 65091 (62) sec
[856] Ep10000: Max 11966 (2083) steps (0.0006 hrs) -nan:-nan 65151 (60) sec
[857] Ep10000: Max 11966 (2312) steps (0.0006 hrs) -nan:-nan 65214 (63) sec
[858] Ep10000: Max 11966 (2473) steps (0.0007 hrs) -nan:-nan 65276 (62) sec
[859] Ep10000: Max 11966 (2190) steps (0.0006 hrs) -nan:-nan 65337 (61) sec
[860] Ep10000: Max 11966 (2435) steps (0.0007 hrs) -nan:-nan 65396 (59) sec
[861] Ep10000: Max 11966 (2418) steps (0.0007 hrs) -nan:-nan 65458 (62) sec
[862] Ep10000: Max 11966 (6058) steps (0.0017 hrs) -nan:-nan 65512 (54) sec
[863] Ep10000: Max 11966 (3015) steps (0.0008 hrs) -nan:-nan 65571 (59) sec
[864] Ep10000: Max 11966 (2053) steps (0.0006 hrs) -nan:-nan 65628 (57) sec
[865] Ep10000: Max 11966 (2041) steps (0.0006 hrs) -nan:-nan 65688 (60) sec
[866] Ep10000: Max 11966 (2456) steps (0.0007 hrs) -nan:-nan 65748 (60) sec
[867] Ep10000: Max 11966 (2937) steps (0.0008 hrs) -nan:-nan 65810 (62) sec
[868] Ep10000: Max 11966 (2121) steps (0.0006 hrs) -nan:-nan 65869 (59) sec
[869] Ep10000: Max 11966 (2846) steps (0.0008 hrs) -nan:-nan 65926 (57) sec
[870] Ep10000: Max 11966 (2038) steps (0.0006 hrs) -nan:-nan 65987 (61) sec
[871] Ep10000: Max 11966 (2263) steps (0.0006 hrs) -nan:-nan 66047 (60) sec
[872] Ep10000: Max 11966 (2730) steps (0.0008 hrs) -nan:-nan 66106 (59) sec
[873] Ep10000: Max 11966 (3380) steps (0.0009 hrs) -nan:-nan 66168 (62) sec
[874] Ep10000: Max 11966 (2139) steps (0.0006 hrs) -nan:-nan 66230 (62) sec
[875] Ep10000: Max 11966 (1942) steps (0.0005 hrs) -nan:-nan 66289 (59) sec
[876] Ep10000: Max 11966 (1412) steps (0.0004 hrs) -nan:-nan 66314 (25) sec
[877] Ep10000: Max 11966 (2788) steps (0.0008 hrs) -nan:-nan 66375 (61) sec
[878] Ep10000: Max 11966 (2453) steps (0.0007 hrs) -nan:-nan 66434 (59) sec
[879] Ep10000: Max 11966 (3231) steps (0.0009 hrs) -nan:-nan 66495 (61) sec
[880] Ep10000: Max 11966 (2033) steps (0.0006 hrs) -nan:-nan 66558 (63) sec
[881] Ep10000: Max 11966 (2175) steps (0.0006 hrs) -nan:-nan 66619 (61) sec
[882] Ep10000: Max 11966 (2812) steps (0.0008 hrs) -nan:-nan 66675 (56) sec
[883] Ep10000: Max 11966 (1891) steps (0.0005 hrs) -nan:-nan 66735 (60) sec
[884] Ep10000: Max 11966 (2374) steps (0.0007 hrs) -nan:-nan 66793 (58) sec
[885] Ep10000: Max 11966 (2970) steps (0.0008 hrs) -nan:-nan 66852 (59) sec
[886] Ep10000: Max 11966 (3080) steps (0.0009 hrs) -nan:-nan 66911 (59) sec
[887] Ep10000: Max 11966 (2511) steps (0.0007 hrs) -nan:-nan 66966 (55) sec
[888] Ep10000: Max 11966 (2090) steps (0.0006 hrs) -nan:-nan 67024 (58) sec
[889] Ep10000: Max 11966 (2402) steps (0.0007 hrs) -nan:-nan 67085 (61) sec
[890] Ep10000: Max 11966 (2444) steps (0.0007 hrs) -nan:-nan 67144 (59) sec
[891] Ep10000: Max 11966 (2310) steps (0.0006 hrs) -nan:-nan 67204 (60) sec
[892] Ep10000: Max 11966 (2792) steps (0.0008 hrs) -nan:-nan 67264 (60) sec
[893] Ep10000: Max 11966 (3327) steps (0.0009 hrs) -nan:-nan 67324 (60) sec
[894] Ep10000: Max 11966 (2654) steps (0.0007 hrs) -nan:-nan 67385 (61) sec
[895] Ep10000: Max 11966 (3302) steps (0.0009 hrs) -nan:-nan 67446 (61) sec
[896] Ep10000: Max 11966 (2270) steps (0.0006 hrs) -nan:-nan 67506 (60) sec
[897] Ep10000: Max 11966 (2870) steps (0.0008 hrs) -nan:-nan 67566 (60) sec
[898] Ep10000: Max 11966 (2319) steps (0.0006 hrs) -nan:-nan 67626 (60) sec
[899] Ep10000: Max 11966 (3422) steps (0.0010 hrs) -nan:-nan 67691 (65) sec
[900] Ep10000: Max 11966 (4621) steps (0.0013 hrs) -nan:-nan 67754 (63) sec
[901] Ep10000: Max 11966 (7317) steps (0.0020 hrs) -nan:-nan 67818 (64) sec
[902] Ep10000: Max 11966 (1921) steps (0.0005 hrs) -nan:-nan 67878 (60) sec
[903] Ep10000: Max 11966 (2405) steps (0.0007 hrs) -nan:-nan 67938 (60) sec
[904] Ep10000: Max 11966 (2419) steps (0.0007 hrs) -nan:-nan 67999 (61) sec
[905] Ep10000: Max 11966 (2982) steps (0.0008 hrs) -nan:-nan 68060 (61) sec
[906] Ep10000: Max 11966 (2500) steps (0.0007 hrs) -nan:-nan 68120 (60) sec
[907] Ep10000: Max 11966 (2577) steps (0.0007 hrs) -nan:-nan 68181 (61) sec
[908] Ep10000: Max 11966 (2228) steps (0.0006 hrs) -nan:-nan 68240 (59) sec
[909] Ep10000: Max 11966 (3025) steps (0.0008 hrs) -nan:-nan 68300 (60) sec
[910] Ep10000: Max 11966 (3154) steps (0.0009 hrs) -nan:-nan 68360 (60) sec
[911] Ep10000: Max 11966 (2158) steps (0.0006 hrs) -nan:-nan 68419 (59) sec
[912] Ep10000: Max 11966 (3695) steps (0.0010 hrs) -nan:-nan 68475 (56) sec
[913] Ep10000: Max 11966 (2275) steps (0.0006 hrs) -nan:-nan 68533 (58) sec
[914] Ep10000: Max 11966 (2698) steps (0.0007 hrs) -nan:-nan 68593 (60) sec
[915] Ep10000: Max 11966 (2770) steps (0.0008 hrs) -nan:-nan 68653 (60) sec
[916] Ep10000: Max 11966 (2347) steps (0.0007 hrs) -nan:-nan 68714 (61) sec
[917] Ep10000: Max 11966 (3442) steps (0.0010 hrs) -nan:-nan 68784 (70) sec
[918] Ep10000: Max 11966 (2942) steps (0.0008 hrs) -nan:-nan 68850 (66) sec
[919] Ep10000: Max 11966 (3090) steps (0.0009 hrs) -nan:-nan 68912 (62) sec
[920] Ep10000: Max 11966 (2542) steps (0.0007 hrs) -nan:-nan 68972 (60) sec
[921] Ep10000: Max 11966 (2864) steps (0.0008 hrs) -nan:-nan 69032 (60) sec
[922] Ep10000: Max 11966 (2426) steps (0.0007 hrs) -nan:-nan 69092 (60) sec
[923] Ep10000: Max 11966 (2505) steps (0.0007 hrs) -nan:-nan 69153 (61) sec
[924] Ep10000: Max 11966 (2099) steps (0.0006 hrs) -nan:-nan 69214 (61) sec
[925] Ep10000: Max 11966 (2562) steps (0.0007 hrs) -nan:-nan 69275 (61) sec
[926] Ep10000: Max 11966 (2536) steps (0.0007 hrs) -nan:-nan 69335 (60) sec
[927] Ep10000: Max 11966 (2379) steps (0.0007 hrs) -nan:-nan 69392 (57) sec
[928] Ep10000: Max 11966 (3595) steps (0.0010 hrs) -nan:-nan 69455 (63) sec
[929] Ep10000: Max 11966 (2730) steps (0.0008 hrs) -nan:-nan 69516 (61) sec
[930] Ep10000: Max 11966 (2802) steps (0.0008 hrs) -nan:-nan 69579 (63) sec
[931] Ep10000: Max 11966 (2859) steps (0.0008 hrs) -nan:-nan 69641 (62) sec
[932] Ep10000: Max 11966 (2052) steps (0.0006 hrs) -nan:-nan 69699 (58) sec
[933] Ep10000: Max 11966 (2807) steps (0.0008 hrs) -nan:-nan 69762 (63) sec
[934] Ep10000: Max 11966 (2187) steps (0.0006 hrs) -nan:-nan 69820 (58) sec
[935] Ep10000: Max 11966 (3193) steps (0.0009 hrs) -nan:-nan 69879 (59) sec
[936] Ep10000: Max 11966 (3093) steps (0.0009 hrs) -nan:-nan 69943 (64) sec
[937] Ep10000: Max 11966 (2614) steps (0.0007 hrs) -nan:-nan 70003 (60) sec
[938] Ep10000: Max 11966 (2647) steps (0.0007 hrs) -nan:-nan 70064 (61) sec
[939] Ep10000: Max 11966 (2358) steps (0.0007 hrs) -nan:-nan 70124 (60) sec
[940] Ep10000: Max 11966 (3398) steps (0.0009 hrs) -nan:-nan 70190 (66) sec
[941] Ep10000: Max 11966 (2033) steps (0.0006 hrs) -nan:-nan 70244 (54) sec
[942] Ep10000: Max 11966 (4270) steps (0.0012 hrs) -nan:-nan 70306 (62) sec
[943] Ep10000: Max 11966 (3942) steps (0.0011 hrs) -nan:-nan 70370 (64) sec
[944] Ep10000: Max 11966 (2323) steps (0.0006 hrs) -nan:-nan 70430 (60) sec
[945] Ep10000: Max 11966 (2665) steps (0.0007 hrs) -nan:-nan 70491 (61) sec
[946] Ep10000: Max 11966 (2159) steps (0.0006 hrs) -nan:-nan 70553 (62) sec
[947] Ep10000: Max 11966 (2104) steps (0.0006 hrs) -nan:-nan 70614 (61) sec
[948] Ep10000: Max 11966 (2669) steps (0.0007 hrs) -nan:-nan 70672 (58) sec
[949] Ep10000: Max 11966 (2208) steps (0.0006 hrs) -nan:-nan 70731 (59) sec
[950] Ep10000: Max 11966 (2810) steps (0.0008 hrs) -nan:-nan 70793 (62) sec
[951] Ep10000: Max 11966 (2416) steps (0.0007 hrs) -nan:-nan 70852 (59) sec
[952] Ep10000: Max 11966 (2336) steps (0.0006 hrs) -nan:-nan 70912 (60) sec
[953] Ep10000: Max 11966 (2821) steps (0.0008 hrs) -nan:-nan 70974 (62) sec
[954] Ep10000: Max 11966 (2426) steps (0.0007 hrs) -nan:-nan 71034 (60) sec
[955] Ep10000: Max 11966 (2934) steps (0.0008 hrs) -nan:-nan 71091 (57) sec
[956] Ep10000: Max 11966 (2612) steps (0.0007 hrs) -nan:-nan 71149 (58) sec
[957] Ep10000: Max 11966 (2111) steps (0.0006 hrs) -nan:-nan 71208 (59) sec
[958] Ep10000: Max 11966 (1382) steps (0.0004 hrs) -nan:-nan 71230 (22) sec
[959] Ep10000: Max 11966 (1282) steps (0.0004 hrs) -nan:-nan 71256 (26) sec
[960] Ep10000: Max 11966 (2801) steps (0.0008 hrs) -nan:-nan 71314 (58) sec
[961] Ep10000: Max 11966 (2184) steps (0.0006 hrs) -nan:-nan 71375 (61) sec
[962] Ep10000: Max 11966 (2676) steps (0.0007 hrs) -nan:-nan 71436 (61) sec
[963] Ep10000: Max 11966 (3583) steps (0.0010 hrs) -nan:-nan 71495 (59) sec
[964] Ep10000: Max 11966 (2308) steps (0.0006 hrs) -nan:-nan 71555 (60) sec
[965] Ep10000: Max 11966 (2189) steps (0.0006 hrs) -nan:-nan 71614 (59) sec
[966] Ep10000: Max 11966 (2652) steps (0.0007 hrs) -nan:-nan 71673 (59) sec
[967] Ep10000: Max 11966 (1772) steps (0.0005 hrs) -nan:-nan 71702 (29) sec
[968] Ep10000: Max 11966 (3287) steps (0.0009 hrs) -nan:-nan 71763 (61) sec
[969] Ep10000: Max 11966 (2270) steps (0.0006 hrs) -nan:-nan 71822 (59) sec
[970] Ep10000: Max 11966 (3200) steps (0.0009 hrs) -nan:-nan 71882 (60) sec
[971] Ep10000: Max 11966 (2974) steps (0.0008 hrs) -nan:-nan 71944 (62) sec
[972] Ep10000: Max 11966 (2240) steps (0.0006 hrs) -nan:-nan 72006 (62) sec
[973] Ep10000: Max 11966 (3426) steps (0.0010 hrs) -nan:-nan 72068 (62) sec
[974] Ep10000: Max 11966 (2633) steps (0.0007 hrs) -nan:-nan 72129 (61) sec
[975] Ep10000: Max 11966 (2492) steps (0.0007 hrs) -nan:-nan 72188 (59) sec
[976] Ep10000: Max 11966 (2283) steps (0.0006 hrs) -nan:-nan 72248 (60) sec
[977] Ep10000: Max 11966 (2232) steps (0.0006 hrs) -nan:-nan 72310 (62) sec
[978] Ep10000: Max 11966 (2345) steps (0.0007 hrs) -nan:-nan 72371 (61) sec
[979] Ep10000: Max 11966 (2110) steps (0.0006 hrs) -nan:-nan 72430 (59) sec
[980] Ep10000: Max 11966 (2313) steps (0.0006 hrs) -nan:-nan 72490 (60) sec
[981] Ep10000: Max 11966 (3539) steps (0.0010 hrs) -nan:-nan 72550 (60) sec
[982] Ep10000: Max 11966 (3215) steps (0.0009 hrs) -nan:-nan 72608 (58) sec
[983] Ep10000: Max 11966 (2272) steps (0.0006 hrs) -nan:-nan 72668 (60) sec
[984] Ep10000: Max 11966 (2415) steps (0.0007 hrs) -nan:-nan 72727 (59) sec
[985] Ep10000: Max 11966 (3088) steps (0.0009 hrs) -nan:-nan 72787 (60) sec
[986] Ep10000: Max 11966 (1986) steps (0.0006 hrs) -nan:-nan 72846 (59) sec
[987] Ep10000: Max 11966 (1471) steps (0.0004 hrs) -nan:-nan 72891 (45) sec
[988] Ep10000: Max 11966 (3294) steps (0.0009 hrs) -nan:-nan 72953 (62) sec
[989] Ep10000: Max 11966 (3990) steps (0.0011 hrs) -nan:-nan 73021 (68) sec
[990] Ep10000: Max 11966 (2785) steps (0.0008 hrs) -nan:-nan 73080 (59) sec
[991] Ep10000: Max 11966 (2655) steps (0.0007 hrs) -nan:-nan 73141 (61) sec
[992] Ep10000: Max 11966 (3038) steps (0.0008 hrs) -nan:-nan 73201 (60) sec
[993] Ep10000: Max 11966 (4015) steps (0.0011 hrs) -nan:-nan 73268 (67) sec
[994] Ep10000: Max 11966 (2289) steps (0.0006 hrs) -nan:-nan 73327 (59) sec
[995] Ep10000: Max 11966 (2683) steps (0.0007 hrs) -nan:-nan 73388 (61) sec
[996] Ep10000: Max 11966 (2526) steps (0.0007 hrs) -nan:-nan 73449 (61) sec
[997] Ep10000: Max 11966 (2916) steps (0.0008 hrs) -nan:-nan 73508 (59) sec
[998] Ep10000: Max 11966 (3103) steps (0.0009 hrs) -nan:-nan 73577 (69) sec
[999] Ep10000: Max 11966 (2930) steps (0.0008 hrs) -nan:-nan 73637 (60) sec
[1000] Ep10000: Max 11966 (2142) steps (0.0006 hrs) -nan:-nan 73696 (59) sec
Total Elapsed time: 73696 seconds
Wrote current data to latest.train
