balanced 0 test_flag 0
[1] Max 1828 (1828) steps (0.0005 hrs) 0.00:0.00 139 (139) sec
[2] Max 2075 (2075) steps (0.0006 hrs) 0.00:0.00 282 (143) sec
[3] Max 2168 (2168) steps (0.0006 hrs) 0.00:0.00 423 (141) sec
[4] Max 2411 (2411) steps (0.0007 hrs) 0.00:0.00 568 (145) sec
[5] Max 2411 (2237) steps (0.0006 hrs) 0.00:0.00 710 (142) sec
[6] Max 2411 (2124) steps (0.0006 hrs) 0.00:0.00 856 (146) sec
[7] Max 2503 (2503) steps (0.0007 hrs) 0.00:0.00 998 (142) sec
[8] Max 2503 (2337) steps (0.0006 hrs) 0.00:0.00 1140 (142) sec
[9] Max 2503 (2388) steps (0.0007 hrs) 0.00:0.00 1284 (144) sec
[10] Max 2566 (2566) steps (0.0007 hrs) 0.00:0.00 1427 (143) sec
[11] Max 2566 (2508) steps (0.0007 hrs) 0.00:0.00 1569 (142) sec
[12] Max 2566 (2242) steps (0.0006 hrs) 0.00:0.00 1712 (143) sec
[13] Max 2566 (1964) steps (0.0005 hrs) 0.00:0.00 1856 (144) sec
[14] Max 2566 (1923) steps (0.0005 hrs) 0.00:0.00 2000 (144) sec
[15] Max 2566 (1883) steps (0.0005 hrs) 0.00:0.00 2141 (141) sec
[16] Max 2566 (2376) steps (0.0007 hrs) 0.00:0.00 2284 (143) sec
[17] Max 2566 (2218) steps (0.0006 hrs) 0.00:0.00 2427 (143) sec
[18] Max 2566 (2092) steps (0.0006 hrs) 0.00:0.00 2570 (143) sec
[19] Max 2566 (1851) steps (0.0005 hrs) 0.00:0.00 2710 (140) sec
[20] Max 2566 (2126) steps (0.0006 hrs) 0.00:0.00 2854 (144) sec
[21] Max 2566 (2238) steps (0.0006 hrs) 0.00:0.00 2998 (144) sec
[22] Max 2566 (2446) steps (0.0007 hrs) 0.00:0.00 3141 (143) sec
[23] Max 2833 (2833) steps (0.0008 hrs) 0.00:0.00 3285 (144) sec
[24] Max 2833 (2188) steps (0.0006 hrs) 0.00:0.00 3432 (147) sec
[25] Max 2833 (2050) steps (0.0006 hrs) 0.00:0.00 3575 (143) sec
[26] Max 2833 (2279) steps (0.0006 hrs) 0.00:0.00 3718 (143) sec
[27] Max 2833 (2010) steps (0.0006 hrs) 0.00:0.00 3861 (143) sec
[28] Max 2833 (2803) steps (0.0008 hrs) 0.00:0.00 4003 (142) sec
[29] Max 2833 (1815) steps (0.0005 hrs) 0.00:0.00 4147 (144) sec
[30] Max 2833 (2415) steps (0.0007 hrs) 0.00:0.00 4291 (144) sec
[31] Max 2833 (2193) steps (0.0006 hrs) 0.00:0.00 4435 (144) sec
[32] Max 2833 (2434) steps (0.0007 hrs) 0.00:0.00 4576 (141) sec
[33] Max 2833 (2724) steps (0.0008 hrs) 0.00:0.00 4719 (143) sec
[34] Max 2833 (2024) steps (0.0006 hrs) 0.00:0.00 4862 (143) sec
[35] Max 2833 (2470) steps (0.0007 hrs) 0.00:0.00 5006 (144) sec
[36] Max 2833 (2489) steps (0.0007 hrs) 0.00:0.00 5149 (143) sec
[37] Max 2833 (2525) steps (0.0007 hrs) 0.00:0.00 5293 (144) sec
[38] Max 2833 (2069) steps (0.0006 hrs) 0.00:0.00 5437 (144) sec
[39] Max 2833 (1998) steps (0.0006 hrs) 0.00:0.00 5577 (140) sec
[40] Max 2833 (2258) steps (0.0006 hrs) 0.00:0.00 5724 (147) sec
[41] Max 2833 (2351) steps (0.0007 hrs) 0.00:0.00 5864 (140) sec
[42] Max 2833 (2318) steps (0.0006 hrs) 0.00:0.00 6005 (141) sec
[43] Max 2833 (2219) steps (0.0006 hrs) 0.00:0.00 6145 (140) sec
[44] Max 2833 (2755) steps (0.0008 hrs) 0.00:0.00 6288 (143) sec
[45] Max 2833 (1943) steps (0.0005 hrs) 0.00:0.00 6430 (142) sec
[46] Max 2833 (2196) steps (0.0006 hrs) 0.00:0.00 6573 (143) sec
[47] Max 2884 (2884) steps (0.0008 hrs) 0.00:0.00 6718 (145) sec
[48] Max 2884 (1846) steps (0.0005 hrs) 0.00:0.00 6861 (143) sec
[49] Max 2884 (2157) steps (0.0006 hrs) 0.00:0.00 7003 (142) sec
[50] Max 2884 (2304) steps (0.0006 hrs) 0.00:0.00 7147 (144) sec
[51] Max 2884 (2139) steps (0.0006 hrs) 0.00:0.00 7289 (142) sec
[52] Ep8488 balanced for 3000 steps (0.0008 hrs). 0.00:0.00 7407 (118) sec
Wrote current weights to latest.weights
Total Elapsed time: 7407 seconds
Wrote current data to latest.train
