balanced 0 test_flag 0
[1] Max 147 (147) steps (0.0000 hrs) 0.00:-7997.25 689 (689) sec
[2] Max 2295 (2295) steps (0.0006 hrs) 0.00:-7996.76 1234 (545) sec
[3] Max 2609 (2609) steps (0.0007 hrs) 0.00:-7996.76 2121 (887) sec
[4] Max 2609 (2558) steps (0.0007 hrs) 0.00:-7996.76 2692 (571) sec
[5] Max 2609 (422) steps (0.0001 hrs) 0.00:-7996.76 2905 (213) sec
[6] Max 2609 (2063) steps (0.0006 hrs) 0.00:-7996.76 3315 (410) sec
[7] Max 2609 (2119) steps (0.0006 hrs) 0.00:-7996.76 3633 (318) sec
[8] Max 2609 (300) steps (0.0001 hrs) 0.00:-7996.76 3710 (77) sec
[9] Max 2609 (2225) steps (0.0006 hrs) 0.00:-7996.76 3880 (170) sec
[10] Max 2609 (1814) steps (0.0005 hrs) 0.00:-7996.76 3922 (42) sec
[11] Max 2609 (1879) steps (0.0005 hrs) 0.00:-7996.76 4112 (190) sec
[12] Max 2609 (238) steps (0.0001 hrs) 0.00:-7996.76 4165 (53) sec
[13] Max 2609 (267) steps (0.0001 hrs) 0.00:-7996.76 4245 (80) sec
[14] Max 2609 (2169) steps (0.0006 hrs) 0.00:-7996.76 4397 (152) sec
[15] Max 2609 (161) steps (0.0000 hrs) 0.00:-7996.76 4444 (47) sec
[16] Max 2609 (1352) steps (0.0004 hrs) 0.00:-7996.76 4493 (49) sec
[17] Max 2609 (600) steps (0.0002 hrs) 0.00:-7996.76 4537 (44) sec
[18] Max 2609 (1951) steps (0.0005 hrs) 0.00:-7996.76 4581 (44) sec
[19] Max 2609 (133) steps (0.0000 hrs) 0.00:-7996.76 4613 (32) sec
[20] Max 2609 (742) steps (0.0002 hrs) 0.00:-7996.76 4647 (34) sec
[21] Max 2609 (2305) steps (0.0006 hrs) 0.00:-7996.76 4721 (74) sec
[22] Max 2609 (1968) steps (0.0005 hrs) 0.00:-7996.76 4774 (53) sec
[23] Max 2609 (116) steps (0.0000 hrs) 0.00:-7996.76 4805 (31) sec
[24] Max 2609 (1333) steps (0.0004 hrs) 0.00:-7996.76 4840 (35) sec
[25] Max 2609 (2031) steps (0.0006 hrs) 0.00:-7996.76 4907 (67) sec
[26] Max 2609 (1985) steps (0.0006 hrs) 0.00:-7996.76 4964 (57) sec
[27] Max 2609 (1397) steps (0.0004 hrs) 0.00:-7996.76 5004 (40) sec
[28] Max 2609 (1734) steps (0.0005 hrs) 0.00:-7996.76 5067 (63) sec
[29] Max 2609 (118) steps (0.0000 hrs) 0.00:-7996.76 5099 (32) sec
[30] Max 2609 (2072) steps (0.0006 hrs) 0.00:-7996.76 5205 (106) sec
[31] Max 2609 (109) steps (0.0000 hrs) 0.00:-7996.76 5240 (35) sec
[32] Max 2609 (1871) steps (0.0005 hrs) 0.00:-7996.76 5282 (42) sec
[33] Max 2609 (2384) steps (0.0007 hrs) 0.00:-7996.76 5373 (91) sec
[34] Max 2609 (1918) steps (0.0005 hrs) 0.00:-7996.76 5459 (86) sec
[35] Max 2609 (2348) steps (0.0007 hrs) 0.00:-7996.76 5538 (79) sec
[36] Max 2609 (2314) steps (0.0006 hrs) 0.00:-7996.76 5610 (72) sec
[37] Max 2609 (1856) steps (0.0005 hrs) 0.00:-7996.76 5697 (87) sec
[38] Max 2609 (2328) steps (0.0006 hrs) 0.00:-7996.76 5750 (53) sec
[39] Max 2609 (216) steps (0.0001 hrs) 0.00:-7996.76 5775 (25) sec
[40] Max 2609 (2144) steps (0.0006 hrs) 0.00:-7996.76 5819 (44) sec
[41] Max 2655 (2655) steps (0.0007 hrs) 0.00:-7996.76 5888 (69) sec
[42] Max 2655 (2163) steps (0.0006 hrs) 0.00:-7996.76 5924 (36) sec
[43] Max 2655 (1916) steps (0.0005 hrs) 0.00:-7996.76 5995 (71) sec
[44] Max 2655 (1817) steps (0.0005 hrs) 0.00:-7996.76 6083 (88) sec
[45] Max 2655 (113) steps (0.0000 hrs) 0.00:-7996.76 6105 (22) sec
[46] Max 2655 (1969) steps (0.0005 hrs) 0.00:-7996.76 6169 (64) sec
[47] Max 2655 (1860) steps (0.0005 hrs) 0.00:-7996.76 6231 (62) sec
[48] Max 2655 (118) steps (0.0000 hrs) 0.00:-7996.76 6255 (24) sec
[49] Max 2655 (2478) steps (0.0007 hrs) 0.00:-7996.76 6326 (71) sec
[50] Max 2655 (150) steps (0.0000 hrs) 0.00:-7996.76 6353 (27) sec
[51] Max 2655 (150) steps (0.0000 hrs) 0.00:-7996.76 6373 (20) sec
[52] Max 2655 (133) steps (0.0000 hrs) 0.00:-7996.76 6398 (25) sec
[53] Max 2655 (1595) steps (0.0004 hrs) 0.00:-7996.76 6435 (37) sec
[54] Max 2655 (81) steps (0.0000 hrs) 0.00:-7996.76 6454 (19) sec
[55] Max 2655 (1949) steps (0.0005 hrs) 0.00:-7996.76 6499 (45) sec
[56] Max 2655 (1085) steps (0.0003 hrs) 0.00:-7996.76 6520 (21) sec
[57] Max 2655 (401) steps (0.0001 hrs) 0.00:-7996.76 6541 (21) sec
[58] Max 2655 (2558) steps (0.0007 hrs) 0.00:-7996.76 6607 (66) sec
[59] Max 2655 (644) steps (0.0002 hrs) 0.00:-7996.76 6628 (21) sec
[60] Max 2655 (1184) steps (0.0003 hrs) 0.00:-7996.76 6649 (21) sec
[61] Max 2655 (159) steps (0.0000 hrs) 0.00:-7996.76 6671 (22) sec
[62] Max 2655 (107) steps (0.0000 hrs) 0.00:-7996.76 6689 (18) sec
[63] Max 2655 (2225) steps (0.0006 hrs) 0.00:-7996.76 6766 (77) sec
[64] Max 2655 (101) steps (0.0000 hrs) 0.00:-7996.76 6786 (20) sec
[65] Max 2655 (1548) steps (0.0004 hrs) 0.00:-7996.76 6820 (34) sec
[66] Max 2655 (166) steps (0.0000 hrs) 0.00:-7996.76 6841 (21) sec
[67] Max 2655 (323) steps (0.0001 hrs) 0.00:-7996.76 6864 (23) sec
[68] Max 3003 (3003) steps (0.0008 hrs) 0.00:-7996.76 6910 (46) sec
[69] Max 3003 (2049) steps (0.0006 hrs) 0.00:-7996.76 6987 (77) sec
[70] Max 3003 (1610) steps (0.0004 hrs) 0.00:-7996.76 7013 (26) sec
[71] Max 3003 (2061) steps (0.0006 hrs) 0.00:-7996.76 7063 (50) sec
[72] Max 3003 (179) steps (0.0000 hrs) 0.00:-7996.76 7082 (19) sec
[73] Max 3003 (1767) steps (0.0005 hrs) 0.00:-7996.76 7110 (28) sec
[74] Max 3003 (73) steps (0.0000 hrs) 0.00:-7996.76 7128 (18) sec
[75] Max 3003 (2242) steps (0.0006 hrs) 0.00:-7996.76 7203 (75) sec
[76] Max 3003 (2286) steps (0.0006 hrs) 0.00:-7996.76 7280 (77) sec
[77] Max 3003 (1482) steps (0.0004 hrs) 0.00:-7996.76 7304 (24) sec
[78] Max 3003 (2206) steps (0.0006 hrs) 0.00:-7996.76 7383 (79) sec
[79] Max 3003 (1443) steps (0.0004 hrs) 0.00:-7996.76 7425 (42) sec
[80] Max 3003 (70) steps (0.0000 hrs) 0.00:-7996.76 7445 (20) sec
[81] Max 3003 (1220) steps (0.0003 hrs) 0.00:-7996.76 7471 (26) sec
[82] Max 3003 (2629) steps (0.0007 hrs) 0.00:-7996.76 7549 (78) sec
[83] Max 3003 (101) steps (0.0000 hrs) 0.00:-7996.76 7575 (26) sec
[84] Max 3003 (2411) steps (0.0007 hrs) 0.00:-7996.76 7648 (73) sec
[85] Max 3003 (2312) steps (0.0006 hrs) 0.00:-7996.76 7727 (79) sec
[86] Max 3037 (3037) steps (0.0008 hrs) 0.00:-7996.76 7806 (79) sec
[87] Max 3037 (1077) steps (0.0003 hrs) 0.00:-7996.76 7833 (27) sec
[88] Max 3037 (2197) steps (0.0006 hrs) 0.00:-7996.76 7901 (68) sec
[89] Max 3037 (2031) steps (0.0006 hrs) 0.00:-7996.76 7975 (74) sec
[90] Max 3037 (2073) steps (0.0006 hrs) 0.00:-7996.76 8015 (40) sec
[91] Max 3037 (153) steps (0.0000 hrs) 0.00:-7996.76 8036 (21) sec
[92] Max 3037 (2307) steps (0.0006 hrs) 0.00:-7996.76 8097 (61) sec
[93] Max 3037 (804) steps (0.0002 hrs) 0.00:-7996.76 8123 (26) sec
[94] Max 3037 (2151) steps (0.0006 hrs) 0.00:-7996.76 8176 (53) sec
[95] Max 3037 (455) steps (0.0001 hrs) 0.00:-7996.76 8201 (25) sec
[96] Max 3037 (265) steps (0.0001 hrs) 0.00:-7996.76 8227 (26) sec
[97] Max 3037 (1490) steps (0.0004 hrs) 0.00:-7996.76 8256 (29) sec
[98] Max 3037 (2142) steps (0.0006 hrs) 0.00:-7996.76 8333 (77) sec
[99] Max 3037 (1915) steps (0.0005 hrs) 0.00:-7996.76 8387 (54) sec
[100] Max 3037 (1638) steps (0.0005 hrs) 0.00:-7996.76 8432 (45) sec
[101] Max 3037 (2162) steps (0.0006 hrs) 0.00:-7996.76 8479 (47) sec
[102] Max 3037 (1908) steps (0.0005 hrs) 0.00:-7996.76 8533 (54) sec
[103] Max 3037 (2556) steps (0.0007 hrs) 0.00:-7996.76 8612 (79) sec
[104] Max 3037 (1968) steps (0.0005 hrs) 0.00:-7996.76 8689 (77) sec
[105] Max 3037 (2970) steps (0.0008 hrs) 0.00:-7996.76 8760 (71) sec
[106] Max 3037 (163) steps (0.0000 hrs) 0.00:-7996.76 8783 (23) sec
[107] Max 3037 (103) steps (0.0000 hrs) 0.00:-7996.76 8801 (18) sec
[108] Max 3037 (114) steps (0.0000 hrs) 0.00:-7996.76 8824 (23) sec
[109] Max 3037 (197) steps (0.0001 hrs) 0.00:-7996.76 8846 (22) sec
[110] Max 3037 (1289) steps (0.0004 hrs) 0.00:-7996.76 8869 (23) sec
[111] Max 3037 (1184) steps (0.0003 hrs) 0.00:-7996.76 8896 (27) sec
[112] Max 3037 (255) steps (0.0001 hrs) 0.00:-7996.76 8917 (21) sec
[113] Max 3037 (2774) steps (0.0008 hrs) 0.00:-7996.76 9047 (130) sec
[114] Max 3037 (334) steps (0.0001 hrs) 0.00:-7996.76 9092 (45) sec
[115] Max 3037 (628) steps (0.0002 hrs) 0.00:-7996.76 9128 (36) sec
[116] Max 3037 (2068) steps (0.0006 hrs) 0.00:-7996.76 9230 (102) sec
[117] Max 3037 (2610) steps (0.0007 hrs) 0.00:-7996.76 9329 (99) sec
[118] Max 3037 (622) steps (0.0002 hrs) 0.00:-7996.76 9372 (43) sec
[119] Max 3037 (2473) steps (0.0007 hrs) 0.00:-7996.76 9445 (73) sec
[120] Max 3037 (1023) steps (0.0003 hrs) 0.00:-7996.76 9473 (28) sec
[121] Max 3037 (1625) steps (0.0005 hrs) 0.00:-7996.76 9535 (62) sec
[122] Max 3037 (276) steps (0.0001 hrs) 0.00:-7996.76 9568 (33) sec
[123] Max 3037 (2173) steps (0.0006 hrs) 0.00:-7996.76 9609 (41) sec
[124] Max 3037 (110) steps (0.0000 hrs) 0.00:-7996.76 9633 (24) sec
[125] Max 3037 (65) steps (0.0000 hrs) 0.00:-7996.76 9657 (24) sec
[126] Max 3037 (88) steps (0.0000 hrs) 0.00:-7996.76 9681 (24) sec
[127] Max 3037 (2354) steps (0.0007 hrs) 0.00:-7996.76 9746 (65) sec
[128] Max 3037 (75) steps (0.0000 hrs) 0.00:-7996.76 9769 (23) sec
[129] Max 3037 (1062) steps (0.0003 hrs) 0.00:-7996.76 9798 (29) sec
[130] Max 3037 (212) steps (0.0001 hrs) 0.00:-7996.76 9821 (23) sec
[131] Max 3037 (388) steps (0.0001 hrs) 0.00:-7996.76 9843 (22) sec
[132] Max 3037 (2038) steps (0.0006 hrs) 0.00:-7996.76 9907 (64) sec
[133] Max 3037 (147) steps (0.0000 hrs) 0.00:-7996.76 9929 (22) sec
[134] Max 3037 (2040) steps (0.0006 hrs) 0.00:-7996.76 10001 (72) sec
[135] Max 3037 (1275) steps (0.0004 hrs) 0.00:-7996.76 10024 (23) sec
[136] Max 3037 (88) steps (0.0000 hrs) 0.00:-7996.76 10046 (22) sec
[137] Max 3037 (2102) steps (0.0006 hrs) 0.00:-7996.76 10112 (66) sec
[138] Max 3037 (2327) steps (0.0006 hrs) 0.00:-7996.76 10191 (79) sec
[139] Max 3037 (495) steps (0.0001 hrs) 0.00:-7996.76 10220 (29) sec
[140] Max 3037 (2807) steps (0.0008 hrs) 0.00:-7996.76 10297 (77) sec
[141] Max 3037 (1461) steps (0.0004 hrs) 0.00:-7996.76 10323 (26) sec
[142] Max 3037 (1961) steps (0.0005 hrs) 0.00:-7996.76 10390 (67) sec
[143] Max 3037 (117) steps (0.0000 hrs) 0.00:-7996.76 10409 (19) sec
[144] Max 3037 (739) steps (0.0002 hrs) 0.00:-7996.76 10430 (21) sec
[145] Max 3037 (302) steps (0.0001 hrs) 0.00:-7996.76 10450 (20) sec
[146] Max 3037 (1038) steps (0.0003 hrs) 0.00:-7996.76 10470 (20) sec
[147] Max 3037 (610) steps (0.0002 hrs) 0.00:-7996.76 10491 (21) sec
[148] Max 3037 (2064) steps (0.0006 hrs) 0.00:-7996.76 10554 (63) sec
[149] Max 3037 (102) steps (0.0000 hrs) 0.00:-7996.76 10573 (19) sec
[150] Max 3037 (2058) steps (0.0006 hrs) 0.00:-7996.76 10637 (64) sec
[151] Max 3037 (110) steps (0.0000 hrs) 0.00:-7996.76 10656 (19) sec
[152] Max 3037 (1238) steps (0.0003 hrs) 0.00:-7996.76 10677 (21) sec
[153] Max 3037 (1990) steps (0.0006 hrs) 0.00:-7996.76 10741 (64) sec
[154] Max 3037 (2502) steps (0.0007 hrs) 0.00:-7996.76 10770 (29) sec
[155] Max 3037 (108) steps (0.0000 hrs) 0.00:-7996.76 10790 (20) sec
[156] Max 3037 (2072) steps (0.0006 hrs) 0.00:-7996.76 10858 (68) sec
[157] Max 3037 (1882) steps (0.0005 hrs) 0.00:-7996.76 10920 (62) sec
[158] Max 3037 (2286) steps (0.0006 hrs) 0.00:-7996.76 10982 (62) sec
[159] Max 3037 (201) steps (0.0001 hrs) 0.00:-7996.76 11001 (19) sec
[160] Max 3037 (275) steps (0.0001 hrs) 0.00:-7996.76 11021 (20) sec
[161] Max 3037 (377) steps (0.0001 hrs) 0.00:-7996.76 11040 (19) sec
[162] Max 3037 (2264) steps (0.0006 hrs) 0.00:-7996.76 11105 (65) sec
[163] Max 3037 (233) steps (0.0001 hrs) 0.00:-7996.76 11124 (19) sec
[164] Max 3037 (156) steps (0.0000 hrs) 0.00:-7996.76 11143 (19) sec
[165] Max 3037 (105) steps (0.0000 hrs) 0.00:-7996.76 11163 (20) sec
[166] Max 3037 (1036) steps (0.0003 hrs) 0.00:-7996.76 11187 (24) sec
[167] Max 3037 (1871) steps (0.0005 hrs) 0.00:-7996.76 11208 (21) sec
[168] Max 3037 (921) steps (0.0003 hrs) 0.00:-7996.76 11231 (23) sec
[169] Max 3037 (1125) steps (0.0003 hrs) 0.00:-7996.76 11251 (20) sec
[170] Max 3037 (2072) steps (0.0006 hrs) 0.00:-7996.76 11290 (39) sec
[171] Max 3037 (1907) steps (0.0005 hrs) 0.00:-7996.76 11353 (63) sec
[172] Max 3037 (569) steps (0.0002 hrs) 0.00:-7996.76 11373 (20) sec
[173] Max 3037 (255) steps (0.0001 hrs) 0.00:-7996.76 11393 (20) sec
[174] Max 3037 (1341) steps (0.0004 hrs) 0.00:-7996.76 11417 (24) sec
[175] Max 3037 (405) steps (0.0001 hrs) 0.00:-7996.76 11435 (18) sec
[176] Max 3037 (2185) steps (0.0006 hrs) 0.00:-7996.76 11501 (66) sec
[177] Max 3037 (2006) steps (0.0006 hrs) 0.00:-7996.76 11562 (61) sec
[178] Max 3037 (2370) steps (0.0007 hrs) 0.00:-7996.76 11616 (54) sec
[179] Max 3037 (2437) steps (0.0007 hrs) 0.00:-7996.76 11676 (60) sec
[180] Max 3037 (970) steps (0.0003 hrs) 0.00:-7996.76 11696 (20) sec
[181] Max 3037 (2111) steps (0.0006 hrs) 0.00:-7996.76 11755 (59) sec
[182] Max 3037 (147) steps (0.0000 hrs) 0.00:-7996.76 11775 (20) sec
[183] Max 3037 (2166) steps (0.0006 hrs) 0.00:-7996.76 11832 (57) sec
[184] Max 3037 (2291) steps (0.0006 hrs) 0.00:-7996.76 11862 (30) sec
[185] Max 3037 (287) steps (0.0001 hrs) 0.00:-7996.76 11879 (17) sec
[186] Max 3037 (159) steps (0.0000 hrs) 0.00:-7996.76 11896 (17) sec
[187] Max 3037 (212) steps (0.0001 hrs) 0.00:-7996.76 11913 (17) sec
[188] Max 3037 (1183) steps (0.0003 hrs) 0.00:-7996.76 11935 (22) sec
[189] Max 3037 (1071) steps (0.0003 hrs) 0.00:-7996.76 11953 (18) sec
[190] Max 3037 (321) steps (0.0001 hrs) 0.00:-7996.76 11969 (16) sec
[191] Max 3037 (2443) steps (0.0007 hrs) 0.00:-7996.76 12032 (63) sec
[192] Max 3037 (2844) steps (0.0008 hrs) 0.00:-7996.76 12093 (61) sec
[193] Max 3037 (2645) steps (0.0007 hrs) 0.00:-7996.76 12151 (58) sec
[194] Max 3037 (96) steps (0.0000 hrs) 0.00:-7996.76 12167 (16) sec
[195] Max 3037 (2570) steps (0.0007 hrs) 0.00:-7996.76 12225 (58) sec
[196] Max 3037 (842) steps (0.0002 hrs) 0.00:-7996.76 12242 (17) sec
[197] Max 3037 (2149) steps (0.0006 hrs) 0.00:-7996.76 12288 (46) sec
[198] Max 3037 (468) steps (0.0001 hrs) 0.00:-7996.76 12307 (19) sec
[199] Max 3037 (160) steps (0.0000 hrs) 0.00:-7996.76 12326 (19) sec
[200] Max 3037 (2611) steps (0.0007 hrs) 0.00:-7996.76 12386 (60) sec
[201] Max 3438 (3438) steps (0.0010 hrs) 0.00:-7996.76 12449 (63) sec
[202] Max 3438 (2245) steps (0.0006 hrs) 0.00:-7996.76 12490 (41) sec
[203] Max 3438 (164) steps (0.0000 hrs) 0.00:-7996.76 12510 (20) sec
[204] Max 3438 (945) steps (0.0003 hrs) 0.00:-7996.76 12533 (23) sec
[205] Max 3438 (1845) steps (0.0005 hrs) 0.00:-7996.76 12592 (59) sec
[206] Max 3438 (190) steps (0.0001 hrs) 0.00:-7996.76 12611 (19) sec
[207] Max 3438 (2159) steps (0.0006 hrs) 0.00:-7996.76 12644 (33) sec
[208] Max 3438 (112) steps (0.0000 hrs) 0.00:-7996.76 12663 (19) sec
[209] Max 3438 (120) steps (0.0000 hrs) 0.00:-7996.76 12683 (20) sec
[210] Max 3438 (391) steps (0.0001 hrs) 0.00:-7996.76 12702 (19) sec
[211] Max 3438 (1598) steps (0.0004 hrs) 0.00:-7996.76 12722 (20) sec
[212] Max 3438 (1132) steps (0.0003 hrs) 0.00:-7996.76 12747 (25) sec
[213] Max 3438 (453) steps (0.0001 hrs) 0.00:-7996.76 12767 (20) sec
[214] Max 3438 (793) steps (0.0002 hrs) 0.00:-7996.76 12789 (22) sec
[215] Max 3438 (2687) steps (0.0007 hrs) 0.00:-7996.76 12855 (66) sec
[216] Max 3438 (126) steps (0.0000 hrs) 0.00:-7996.76 12874 (19) sec
[217] Max 3438 (2030) steps (0.0006 hrs) 0.00:-7996.76 12924 (50) sec
[218] Max 3438 (2478) steps (0.0007 hrs) 0.00:-7996.76 12986 (62) sec
[219] Max 3438 (2549) steps (0.0007 hrs) 0.00:-7996.76 13020 (34) sec
[220] Max 3438 (1634) steps (0.0005 hrs) 0.00:-7996.76 13040 (20) sec
[221] Max 3438 (2878) steps (0.0008 hrs) 0.00:-7996.76 13104 (64) sec
[222] Max 3438 (2479) steps (0.0007 hrs) 0.00:-7996.76 13171 (67) sec
[223] Max 3438 (146) steps (0.0000 hrs) 0.00:-7996.76 13188 (17) sec
[224] Max 3438 (2216) steps (0.0006 hrs) 0.00:-7996.76 13233 (45) sec
[225] Max 3438 (2520) steps (0.0007 hrs) 0.00:-7996.76 13294 (61) sec
[226] Max 3438 (226) steps (0.0001 hrs) 0.00:-7996.76 13311 (17) sec
[227] Max 3438 (74) steps (0.0000 hrs) 0.00:-7996.76 13325 (14) sec
[228] Max 3438 (255) steps (0.0001 hrs) 0.00:-7996.76 13343 (18) sec
[229] Max 3438 (2196) steps (0.0006 hrs) 0.00:-7996.76 13400 (57) sec
[230] Max 3438 (2157) steps (0.0006 hrs) 0.00:-7996.76 13456 (56) sec
[231] Max 3438 (1854) steps (0.0005 hrs) 0.00:-7996.76 13487 (31) sec
[232] Max 3438 (2351) steps (0.0007 hrs) 0.00:-7996.76 13551 (64) sec
[233] Max 3438 (201) steps (0.0001 hrs) 0.00:-7996.76 13570 (19) sec
[234] Max 3438 (1949) steps (0.0005 hrs) 0.00:-7996.76 13620 (50) sec
[235] Max 3438 (2176) steps (0.0006 hrs) 0.00:-7996.76 13681 (61) sec
[236] Max 3438 (1394) steps (0.0004 hrs) 0.00:-7996.76 13707 (26) sec
[237] Max 3438 (2066) steps (0.0006 hrs) 0.00:-7996.76 13769 (62) sec
[238] Max 3438 (1827) steps (0.0005 hrs) 0.00:-7996.76 13829 (60) sec
[239] Max 3438 (195) steps (0.0001 hrs) 0.00:-7996.76 13849 (20) sec
[240] Max 3438 (157) steps (0.0000 hrs) 0.00:-7996.76 13867 (18) sec
[241] Max 3438 (63) steps (0.0000 hrs) 0.00:-7996.76 13886 (19) sec
[242] Max 3438 (2011) steps (0.0006 hrs) 0.00:-7996.76 13948 (62) sec
[243] Max 3438 (89) steps (0.0000 hrs) 0.00:-7996.76 13968 (20) sec
[244] Max 3438 (2180) steps (0.0006 hrs) 0.00:-7996.76 14029 (61) sec
[245] Max 3438 (2441) steps (0.0007 hrs) 0.00:-7996.76 14076 (47) sec
[246] Max 3438 (440) steps (0.0001 hrs) 0.00:-7996.76 14095 (19) sec
[247] Max 3438 (1545) steps (0.0004 hrs) 0.00:-7996.76 14121 (26) sec
[248] Max 3438 (2201) steps (0.0006 hrs) 0.00:-7996.76 14153 (32) sec
[249] Max 3438 (2550) steps (0.0007 hrs) 0.00:-7996.76 14213 (60) sec
[250] Max 3438 (249) steps (0.0001 hrs) 0.00:-7996.76 14232 (19) sec
[251] Max 3438 (2201) steps (0.0006 hrs) 0.00:-7996.76 14293 (61) sec
[252] Max 3438 (192) steps (0.0001 hrs) 0.00:-7996.76 14312 (19) sec
[253] Max 3438 (1929) steps (0.0005 hrs) 0.00:-7996.76 14370 (58) sec
[254] Max 3438 (1848) steps (0.0005 hrs) 0.00:-7996.76 14401 (31) sec
[255] Max 3438 (2068) steps (0.0006 hrs) 0.00:-7996.76 14458 (57) sec
[256] Max 3438 (1719) steps (0.0005 hrs) 0.00:-7996.76 14489 (31) sec
[257] Max 3438 (1094) steps (0.0003 hrs) 0.00:-7996.76 14511 (22) sec
[258] Max 3438 (87) steps (0.0000 hrs) 0.00:-7996.76 14530 (19) sec
[259] Max 3438 (113) steps (0.0000 hrs) 0.00:-7996.76 14549 (19) sec
[260] Max 3438 (245) steps (0.0001 hrs) 0.00:-7996.76 14568 (19) sec
[261] Max 3438 (2440) steps (0.0007 hrs) 0.00:-7996.76 14631 (63) sec
[262] Max 3438 (1692) steps (0.0005 hrs) 0.00:-7996.76 14653 (22) sec
[263] Max 3438 (2965) steps (0.0008 hrs) 0.00:-7996.76 14702 (49) sec
[264] Max 3438 (1510) steps (0.0004 hrs) 0.00:-7996.76 14725 (23) sec
[265] Max 3438 (142) steps (0.0000 hrs) 0.00:-7996.76 14743 (18) sec
[266] Max 3438 (2483) steps (0.0007 hrs) 0.00:-7996.76 14806 (63) sec
[267] Max 3438 (2433) steps (0.0007 hrs) 0.00:-7996.76 14871 (65) sec
[268] Max 3438 (571) steps (0.0002 hrs) 0.00:-7996.76 14891 (20) sec
[269] Max 3438 (708) steps (0.0002 hrs) 0.00:-7996.76 14911 (20) sec
[270] Max 3438 (440) steps (0.0001 hrs) 0.00:-7996.76 14931 (20) sec
[271] Max 3438 (1398) steps (0.0004 hrs) 0.00:-7996.76 14957 (26) sec
[272] Max 3438 (1947) steps (0.0005 hrs) 0.00:-7996.76 14978 (21) sec
[273] Max 3438 (264) steps (0.0001 hrs) 0.00:-7996.76 14998 (20) sec
[274] Max 3438 (1558) steps (0.0004 hrs) 0.00:-7996.76 15022 (24) sec
[275] Max 3438 (242) steps (0.0001 hrs) 0.00:-7996.76 15041 (19) sec
[276] Max 3438 (2083) steps (0.0006 hrs) 0.00:-7996.76 15068 (27) sec
[277] Max 3438 (2501) steps (0.0007 hrs) 0.00:-7996.76 15127 (59) sec
[278] Max 3438 (742) steps (0.0002 hrs) 0.00:-7996.76 15146 (19) sec
[279] Max 3438 (148) steps (0.0000 hrs) 0.00:-7996.76 15165 (19) sec
[280] Max 3438 (2160) steps (0.0006 hrs) 0.00:-7996.76 15225 (60) sec
[281] Max 3438 (312) steps (0.0001 hrs) 0.00:-7996.76 15241 (16) sec
[282] Max 3438 (2402) steps (0.0007 hrs) 0.00:-7996.76 15278 (37) sec
[283] Max 3438 (1803) steps (0.0005 hrs) 0.00:-7996.76 15307 (29) sec
[284] Max 3438 (1920) steps (0.0005 hrs) 0.00:-7996.76 15374 (67) sec
[285] Max 3438 (2180) steps (0.0006 hrs) 0.00:-7996.76 15436 (62) sec
[286] Max 3438 (1017) steps (0.0003 hrs) 0.00:-7996.76 15456 (20) sec
[287] Max 3438 (2449) steps (0.0007 hrs) 0.00:-7996.76 15511 (55) sec
[288] Max 3438 (215) steps (0.0001 hrs) 0.00:-7996.76 15529 (18) sec
[289] Max 3438 (207) steps (0.0001 hrs) 0.00:-7996.76 15548 (19) sec
[290] Max 3438 (2225) steps (0.0006 hrs) 0.00:-7996.76 15596 (48) sec
[291] Max 3438 (624) steps (0.0002 hrs) 0.00:-7996.76 15615 (19) sec
[292] Max 3438 (1550) steps (0.0004 hrs) 0.00:-7996.76 15643 (28) sec
[293] Max 3438 (182) steps (0.0001 hrs) 0.00:-7996.76 15663 (20) sec
[294] Max 3438 (2183) steps (0.0006 hrs) 0.00:-7996.76 15718 (55) sec
[295] Max 3438 (289) steps (0.0001 hrs) 0.00:-7996.76 15739 (21) sec
[296] Max 3438 (754) steps (0.0002 hrs) 0.00:-7996.76 15761 (22) sec
[297] Max 3438 (150) steps (0.0000 hrs) 0.00:-7996.76 15784 (23) sec
[298] Max 3438 (2296) steps (0.0006 hrs) 0.00:-7996.76 15837 (53) sec
[299] Max 3438 (2379) steps (0.0007 hrs) 0.00:-7996.76 15902 (65) sec
[300] Max 3438 (238) steps (0.0001 hrs) 0.00:-7996.76 15921 (19) sec
[301] Max 3438 (1783) steps (0.0005 hrs) 0.00:-7996.76 15979 (58) sec
[302] Max 3438 (2040) steps (0.0006 hrs) 0.00:-7996.76 16039 (60) sec
[303] Max 3438 (2254) steps (0.0006 hrs) 0.00:-7996.76 16102 (63) sec
[304] Max 3438 (323) steps (0.0001 hrs) 0.00:-7996.76 16122 (20) sec
[305] Max 3438 (1941) steps (0.0005 hrs) 0.00:-7996.76 16177 (55) sec
[306] Max 3438 (2269) steps (0.0006 hrs) 0.00:-7996.76 16239 (62) sec
[307] Max 3438 (138) steps (0.0000 hrs) 0.00:-7996.76 16259 (20) sec
[308] Max 3438 (2890) steps (0.0008 hrs) 0.00:-7996.76 16315 (56) sec
[309] Max 3438 (1305) steps (0.0004 hrs) 0.00:-7996.76 16336 (21) sec
[310] Max 3438 (2059) steps (0.0006 hrs) 0.00:-7996.76 16401 (65) sec
[311] Max 3438 (1790) steps (0.0005 hrs) 0.00:-7996.76 16451 (50) sec
[312] Max 3438 (2296) steps (0.0006 hrs) 0.00:-7996.76 16514 (63) sec
[313] Max 3438 (3064) steps (0.0009 hrs) 0.00:-7996.76 16583 (69) sec
[314] Max 3438 (2501) steps (0.0007 hrs) 0.00:-7996.76 16647 (64) sec
[315] Max 3438 (2236) steps (0.0006 hrs) 0.00:-7996.76 16712 (65) sec
[316] Max 3438 (2099) steps (0.0006 hrs) 0.00:-7996.76 16771 (59) sec
[317] Max 3438 (802) steps (0.0002 hrs) 0.00:-7996.76 16792 (21) sec
[318] Max 3438 (80) steps (0.0000 hrs) 0.00:-7996.76 16811 (19) sec
[319] Max 3438 (2341) steps (0.0007 hrs) 0.00:-7996.76 16875 (64) sec
[320] Max 3438 (2046) steps (0.0006 hrs) 0.00:-7996.76 16939 (64) sec
[321] Max 3438 (1605) steps (0.0004 hrs) 0.00:-7996.76 16963 (24) sec
[322] Max 3438 (1894) steps (0.0005 hrs) 0.00:-7996.76 17026 (63) sec
[323] Max 3438 (335) steps (0.0001 hrs) 0.00:-7996.76 17046 (20) sec
[324] Max 3438 (66) steps (0.0000 hrs) 0.00:-7996.76 17066 (20) sec
[325] Max 3438 (209) steps (0.0001 hrs) 0.00:-7996.76 17085 (19) sec
[326] Max 3438 (972) steps (0.0003 hrs) 0.00:-7996.76 17105 (20) sec
[327] Max 3438 (217) steps (0.0001 hrs) 0.00:-7996.76 17122 (17) sec
[328] Max 3438 (1954) steps (0.0005 hrs) 0.00:-7996.76 17185 (63) sec
[329] Max 3438 (137) steps (0.0000 hrs) 0.00:-7996.76 17205 (20) sec
[330] Max 3438 (453) steps (0.0001 hrs) 0.00:-7996.76 17225 (20) sec
[331] Max 3438 (125) steps (0.0000 hrs) 0.00:-7996.76 17244 (19) sec
[332] Max 3438 (379) steps (0.0001 hrs) 0.00:-7996.76 17263 (19) sec
[333] Max 3438 (150) steps (0.0000 hrs) 0.00:-7996.76 17282 (19) sec
[334] Max 3438 (2322) steps (0.0006 hrs) 0.00:-7996.76 17346 (64) sec
[335] Max 3438 (2846) steps (0.0008 hrs) 0.00:-7996.76 17408 (62) sec
[336] Max 3438 (2127) steps (0.0006 hrs) 0.00:-7996.76 17471 (63) sec
[337] Max 3438 (908) steps (0.0003 hrs) 0.00:-7996.76 17490 (19) sec
[338] Max 3438 (2061) steps (0.0006 hrs) 0.00:-7996.76 17512 (22) sec
[339] Max 3438 (804) steps (0.0002 hrs) 0.00:-7996.76 17532 (20) sec
[340] Max 3438 (1595) steps (0.0004 hrs) 0.00:-7996.76 17562 (30) sec
[341] Max 3438 (1924) steps (0.0005 hrs) 0.00:-7996.76 17589 (27) sec
[342] Max 3438 (394) steps (0.0001 hrs) 0.00:-7996.76 17608 (19) sec
[343] Max 3438 (758) steps (0.0002 hrs) 0.00:-7996.76 17627 (19) sec
[344] Max 3438 (2485) steps (0.0007 hrs) 0.00:-7996.76 17683 (56) sec
[345] Max 3438 (2106) steps (0.0006 hrs) 0.00:-7996.76 17729 (46) sec
[346] Max 3438 (435) steps (0.0001 hrs) 0.00:-7996.76 17748 (19) sec
[347] Max 3438 (134) steps (0.0000 hrs) 0.00:-7996.76 17768 (20) sec
[348] Max 3438 (2278) steps (0.0006 hrs) 0.00:-7996.76 17798 (30) sec
[349] Max 3438 (1890) steps (0.0005 hrs) 0.00:-7996.76 17841 (43) sec
[350] Max 3438 (2500) steps (0.0007 hrs) 0.00:-7996.76 17891 (50) sec
[351] Max 3438 (2319) steps (0.0006 hrs) 0.00:-7996.76 17929 (38) sec
[352] Max 3438 (733) steps (0.0002 hrs) 0.00:-7996.76 17953 (24) sec
[353] Max 3438 (587) steps (0.0002 hrs) 0.00:-7996.76 17972 (19) sec
[354] Max 3438 (386) steps (0.0001 hrs) 0.00:-7996.76 17991 (19) sec
[355] Max 3438 (1239) steps (0.0003 hrs) 0.00:-7996.76 18012 (21) sec
[356] Max 3438 (289) steps (0.0001 hrs) 0.00:-7996.76 18031 (19) sec
[357] Max 3438 (624) steps (0.0002 hrs) 0.00:-7996.76 18053 (22) sec
[358] Max 3438 (1965) steps (0.0005 hrs) 0.00:-7996.76 18117 (64) sec
[359] Max 3438 (623) steps (0.0002 hrs) 0.00:-7996.76 18138 (21) sec
[360] Max 3438 (145) steps (0.0000 hrs) 0.00:-7996.76 18159 (21) sec
[361] Max 3438 (2338) steps (0.0006 hrs) 0.00:-7996.76 18216 (57) sec
[362] Max 3438 (222) steps (0.0001 hrs) 0.00:-7996.76 18237 (21) sec
[363] Max 3438 (2576) steps (0.0007 hrs) 0.00:-7996.76 18295 (58) sec
[364] Max 3438 (2415) steps (0.0007 hrs) 0.00:-7996.76 18365 (70) sec
[365] Max 3438 (244) steps (0.0001 hrs) 0.00:-7996.76 18386 (21) sec
[366] Max 3438 (2400) steps (0.0007 hrs) 0.00:-7996.76 18446 (60) sec
[367] Max 3438 (105) steps (0.0000 hrs) 0.00:-7996.76 18465 (19) sec
[368] Max 3438 (266) steps (0.0001 hrs) 0.00:-7996.76 18485 (20) sec
[369] Max 3438 (279) steps (0.0001 hrs) 0.00:-7996.76 18504 (19) sec
[370] Max 3438 (2232) steps (0.0006 hrs) 0.00:-7996.76 18567 (63) sec
[371] Max 3438 (2088) steps (0.0006 hrs) 0.00:-7996.76 18625 (58) sec
[372] Max 3438 (2053) steps (0.0006 hrs) 0.00:-7996.76 18683 (58) sec
[373] Max 3438 (135) steps (0.0000 hrs) 0.00:-7996.76 18702 (19) sec
[374] Max 3438 (2128) steps (0.0006 hrs) 0.00:-7996.76 18766 (64) sec
[375] Max 3438 (2253) steps (0.0006 hrs) 0.00:-7996.76 18827 (61) sec
[376] Max 3438 (1637) steps (0.0005 hrs) 0.00:-7996.76 18870 (43) sec
[377] Max 3438 (2396) steps (0.0007 hrs) 0.00:-7996.76 18935 (65) sec
[378] Max 3438 (287) steps (0.0001 hrs) 0.00:-7996.76 18956 (21) sec
[379] Max 3438 (421) steps (0.0001 hrs) 0.00:-7996.76 18980 (24) sec
[380] Max 3438 (2014) steps (0.0006 hrs) 0.00:-7996.76 19028 (48) sec
[381] Max 3438 (162) steps (0.0000 hrs) 0.00:-7996.76 19048 (20) sec
[382] Max 3438 (119) steps (0.0000 hrs) 0.00:-7996.76 19069 (21) sec
[383] Max 3438 (2674) steps (0.0007 hrs) 0.00:-7996.76 19123 (54) sec
[384] Max 3438 (378) steps (0.0001 hrs) 0.00:-7996.76 19143 (20) sec
[385] Max 3438 (1252) steps (0.0003 hrs) 0.00:-7996.76 19166 (23) sec
[386] Max 3438 (2067) steps (0.0006 hrs) 0.00:-7996.76 19223 (57) sec
[387] Max 3438 (810) steps (0.0002 hrs) 0.00:-7996.76 19249 (26) sec
[388] Max 3438 (1339) steps (0.0004 hrs) 0.00:-7996.76 19275 (26) sec
[389] Max 3438 (3332) steps (0.0009 hrs) 0.00:-7996.76 19326 (51) sec
[390] Max 3438 (411) steps (0.0001 hrs) 0.00:-7996.76 19346 (20) sec
[391] Max 3438 (2396) steps (0.0007 hrs) 0.00:-7996.76 19431 (85) sec
[392] Max 3438 (2097) steps (0.0006 hrs) 0.00:-7996.76 19504 (73) sec
[393] Max 3438 (2778) steps (0.0008 hrs) 0.00:-7996.76 19564 (60) sec
[394] Max 3438 (226) steps (0.0001 hrs) 0.00:-7996.76 19589 (25) sec
[395] Max 3438 (668) steps (0.0002 hrs) 0.00:-7996.76 19611 (22) sec
[396] Max 3438 (62) steps (0.0000 hrs) 0.00:-7996.76 19634 (23) sec
[397] Max 3438 (206) steps (0.0001 hrs) 0.00:-7996.76 19660 (26) sec
[398] Max 3677 (3677) steps (0.0010 hrs) 0.00:-7996.76 19714 (54) sec
[399] Max 3677 (2170) steps (0.0006 hrs) 0.00:-7996.76 19782 (68) sec
[400] Max 3677 (2216) steps (0.0006 hrs) 0.00:-7996.76 19828 (46) sec
[401] Max 3677 (228) steps (0.0001 hrs) 0.00:-7996.76 19848 (20) sec
[402] Max 3677 (2089) steps (0.0006 hrs) 0.00:-7996.76 19914 (66) sec
[403] Max 3677 (563) steps (0.0002 hrs) 0.00:-7996.76 19933 (19) sec
[404] Max 3677 (275) steps (0.0001 hrs) 0.00:-7996.76 19951 (18) sec
[405] Max 3677 (2103) steps (0.0006 hrs) 0.00:-7996.76 20020 (69) sec
[406] Max 3677 (2110) steps (0.0006 hrs) 0.00:-7996.76 20079 (59) sec
[407] Max 3677 (2165) steps (0.0006 hrs) 0.00:-7996.76 20131 (52) sec
[408] Max 3677 (392) steps (0.0001 hrs) 0.00:-7996.76 20150 (19) sec
[409] Max 3677 (2334) steps (0.0006 hrs) 0.00:-7996.76 20214 (64) sec
[410] Max 3677 (908) steps (0.0003 hrs) 0.00:-7996.76 20234 (20) sec
[411] Max 3677 (2106) steps (0.0006 hrs) 0.00:-7996.76 20262 (28) sec
[412] Max 3677 (2133) steps (0.0006 hrs) 0.00:-7996.76 20326 (64) sec
[413] Max 3677 (304) steps (0.0001 hrs) 0.00:-7996.76 20344 (18) sec
[414] Max 3677 (3109) steps (0.0009 hrs) 0.00:-7996.76 20409 (65) sec
[415] Max 3677 (509) steps (0.0001 hrs) 0.00:-7996.76 20428 (19) sec
[416] Max 3677 (2085) steps (0.0006 hrs) 0.00:-7996.76 20488 (60) sec
[417] Max 3677 (2124) steps (0.0006 hrs) 0.00:-7996.76 20533 (45) sec
[418] Max 3677 (2022) steps (0.0006 hrs) 0.00:-7996.76 20595 (62) sec
[419] Max 3677 (2378) steps (0.0007 hrs) 0.00:-7996.76 20654 (59) sec
[420] Max 3677 (155) steps (0.0000 hrs) 0.00:-7996.76 20672 (18) sec
[421] Max 3677 (2315) steps (0.0006 hrs) 0.00:-7996.76 20707 (35) sec
[422] Max 3677 (1828) steps (0.0005 hrs) 0.00:-7996.76 20756 (49) sec
[423] Max 3677 (2442) steps (0.0007 hrs) 0.00:-7996.76 20812 (56) sec
[424] Max 3677 (66) steps (0.0000 hrs) 0.00:-7996.76 20831 (19) sec
[425] Max 3677 (168) steps (0.0000 hrs) 0.00:-7996.76 20850 (19) sec
[426] Max 3677 (105) steps (0.0000 hrs) 0.00:-7996.76 20869 (19) sec
[427] Max 3677 (2884) steps (0.0008 hrs) 0.00:-7996.76 20928 (59) sec
[428] Max 3677 (1824) steps (0.0005 hrs) 0.00:-7996.76 20954 (26) sec
[429] Max 3677 (2584) steps (0.0007 hrs) 0.00:-7996.76 21017 (63) sec
[430] Max 3677 (2334) steps (0.0006 hrs) 0.00:-7996.76 21079 (62) sec
[431] Max 3677 (77) steps (0.0000 hrs) 0.00:-7996.76 21098 (19) sec
[432] Max 3677 (785) steps (0.0002 hrs) 0.00:-7996.76 21117 (19) sec
[433] Max 3677 (2163) steps (0.0006 hrs) 0.00:-7996.76 21149 (32) sec
[434] Max 3677 (1187) steps (0.0003 hrs) 0.00:-7996.76 21168 (19) sec
[435] Max 3677 (974) steps (0.0003 hrs) 0.00:-7996.76 21188 (20) sec
[436] Max 3677 (246) steps (0.0001 hrs) 0.00:-7996.76 21204 (16) sec
[437] Max 3677 (2210) steps (0.0006 hrs) 0.00:-7996.76 21268 (64) sec
[438] Max 3677 (1638) steps (0.0005 hrs) 0.00:-7996.76 21295 (27) sec
[439] Max 3677 (401) steps (0.0001 hrs) 0.00:-7996.76 21311 (16) sec
[440] Max 3677 (92) steps (0.0000 hrs) 0.00:-7996.76 21326 (15) sec
[441] Max 3677 (2337) steps (0.0006 hrs) 0.00:-7996.76 21383 (57) sec
[442] Max 3677 (2136) steps (0.0006 hrs) 0.00:-7996.76 21445 (62) sec
[443] Max 3677 (359) steps (0.0001 hrs) 0.00:-7996.76 21464 (19) sec
[444] Max 3677 (2257) steps (0.0006 hrs) 0.00:-7996.76 21526 (62) sec
[445] Max 3677 (1935) steps (0.0005 hrs) 0.00:-7996.76 21589 (63) sec
[446] Max 3677 (330) steps (0.0001 hrs) 0.00:-7996.76 21607 (18) sec
[447] Max 3677 (785) steps (0.0002 hrs) 0.00:-7996.76 21625 (18) sec
[448] Max 3677 (449) steps (0.0001 hrs) 0.00:-7996.76 21646 (21) sec
[449] Max 3677 (86) steps (0.0000 hrs) 0.00:-7996.76 21665 (19) sec
[450] Max 3677 (495) steps (0.0001 hrs) 0.00:-7996.76 21684 (19) sec
[451] Max 3677 (354) steps (0.0001 hrs) 0.00:-7996.76 21704 (20) sec
[452] Max 3677 (2371) steps (0.0007 hrs) 0.00:-7996.76 21762 (58) sec
[453] Max 3677 (2317) steps (0.0006 hrs) 0.00:-7996.76 21821 (59) sec
[454] Max 3677 (1813) steps (0.0005 hrs) 0.00:-7996.76 21881 (60) sec
[455] Max 3677 (2122) steps (0.0006 hrs) 0.00:-7996.76 21944 (63) sec
[456] Max 3677 (1950) steps (0.0005 hrs) 0.00:-7996.76 22007 (63) sec
[457] Max 3677 (3368) steps (0.0009 hrs) 0.00:-7996.76 22054 (47) sec
[458] Max 3677 (2500) steps (0.0007 hrs) 0.00:-7996.76 22114 (60) sec
[459] Max 3677 (277) steps (0.0001 hrs) 0.00:-7996.76 22134 (20) sec
[460] Max 3677 (1839) steps (0.0005 hrs) 0.00:-7996.76 22159 (25) sec
[461] Max 3677 (1347) steps (0.0004 hrs) 0.00:-7996.76 22178 (19) sec
[462] Max 3677 (635) steps (0.0002 hrs) 0.00:-7996.76 22198 (20) sec
[463] Max 3677 (1048) steps (0.0003 hrs) 0.00:-7996.76 22220 (22) sec
[464] Max 3677 (1701) steps (0.0005 hrs) 0.00:-7996.76 22253 (33) sec
[465] Max 3677 (98) steps (0.0000 hrs) 0.00:-7996.76 22271 (18) sec
[466] Max 3677 (112) steps (0.0000 hrs) 0.00:-7996.76 22289 (18) sec
[467] Max 3677 (68) steps (0.0000 hrs) 0.00:-7996.76 22307 (18) sec
[468] Max 3677 (194) steps (0.0001 hrs) 0.00:-7996.76 22324 (17) sec
[469] Max 3677 (90) steps (0.0000 hrs) 0.00:-7996.76 22342 (18) sec
[470] Max 3677 (2173) steps (0.0006 hrs) 0.00:-7996.76 22407 (65) sec
[471] Max 3677 (2578) steps (0.0007 hrs) 0.00:-7996.76 22456 (49) sec
[472] Max 3677 (645) steps (0.0002 hrs) 0.00:-7996.76 22476 (20) sec
[473] Max 3677 (2849) steps (0.0008 hrs) 0.00:-7996.76 22524 (48) sec
[474] Max 3677 (1879) steps (0.0005 hrs) 0.00:-7996.76 22585 (61) sec
[475] Max 3677 (2370) steps (0.0007 hrs) 0.00:-7996.76 22646 (61) sec
[476] Max 3677 (2009) steps (0.0006 hrs) 0.00:-7996.76 22677 (31) sec
[477] Max 3677 (106) steps (0.0000 hrs) 0.00:-7996.76 22695 (18) sec
[478] Max 3677 (2763) steps (0.0008 hrs) 0.00:-7996.76 22747 (52) sec
[479] Max 3677 (1880) steps (0.0005 hrs) 0.00:-7996.76 22811 (64) sec
[480] Max 3677 (1968) steps (0.0005 hrs) 0.00:-7996.76 22875 (64) sec
[481] Max 3677 (256) steps (0.0001 hrs) 0.00:-7996.76 22895 (20) sec
[482] Max 3677 (356) steps (0.0001 hrs) 0.00:-7996.76 22913 (18) sec
[483] Max 3677 (733) steps (0.0002 hrs) 0.00:-7996.76 22933 (20) sec
[484] Max 3677 (302) steps (0.0001 hrs) 0.00:-7996.76 22950 (17) sec
[485] Max 3677 (86) steps (0.0000 hrs) 0.00:-7996.76 22965 (15) sec
[486] Max 3677 (2312) steps (0.0006 hrs) 0.00:-7996.76 22985 (20) sec
[487] Max 3677 (2025) steps (0.0006 hrs) 0.00:-7996.76 23038 (53) sec
[488] Max 3677 (2497) steps (0.0007 hrs) 0.00:-7996.76 23108 (70) sec
[489] Max 3677 (1127) steps (0.0003 hrs) 0.00:-7996.76 23130 (22) sec
[490] Max 3677 (249) steps (0.0001 hrs) 0.00:-7996.76 23148 (18) sec
[491] Max 3677 (553) steps (0.0002 hrs) 0.00:-7996.76 23167 (19) sec
[492] Max 3677 (342) steps (0.0001 hrs) 0.00:-7996.76 23185 (18) sec
[493] Max 3677 (236) steps (0.0001 hrs) 0.00:-7996.76 23207 (22) sec
[494] Max 3677 (2213) steps (0.0006 hrs) 0.00:-7996.76 23286 (79) sec
[495] Max 3677 (84) steps (0.0000 hrs) 0.00:-7996.76 23305 (19) sec
[496] Max 3677 (865) steps (0.0002 hrs) 0.00:-7996.76 23325 (20) sec
[497] Max 3677 (88) steps (0.0000 hrs) 0.00:-7996.76 23342 (17) sec
[498] Max 3677 (180) steps (0.0001 hrs) 0.00:-7996.76 23358 (16) sec
[499] Max 3677 (2326) steps (0.0006 hrs) 0.00:-7996.76 23390 (32) sec
[500] Max 3677 (134) steps (0.0000 hrs) 0.00:-7996.76 23413 (23) sec
[501] Max 3677 (2021) steps (0.0006 hrs) 0.00:-7996.76 23436 (23) sec
[502] Max 3677 (1709) steps (0.0005 hrs) 0.00:-7996.76 23503 (67) sec
[503] Max 3677 (1697) steps (0.0005 hrs) 0.00:-7996.76 23532 (29) sec
[504] Max 3677 (955) steps (0.0003 hrs) 0.00:-7996.76 23558 (26) sec
[505] Max 3677 (1868) steps (0.0005 hrs) 0.00:-7996.76 23617 (59) sec
[506] Max 3677 (244) steps (0.0001 hrs) 0.00:-7996.76 23637 (20) sec
[507] Max 3677 (1357) steps (0.0004 hrs) 0.00:-7996.76 23658 (21) sec
[508] Max 3677 (2312) steps (0.0006 hrs) 0.00:-7996.76 23725 (67) sec
[509] Max 3677 (66) steps (0.0000 hrs) 0.00:-7996.76 23744 (19) sec
[510] Max 3677 (2852) steps (0.0008 hrs) 0.00:-7996.76 23795 (51) sec
[511] Max 3677 (2143) steps (0.0006 hrs) 0.00:-7996.76 23844 (49) sec
[512] Max 3677 (1361) steps (0.0004 hrs) 0.00:-7996.76 23866 (22) sec
[513] Max 3677 (2353) steps (0.0007 hrs) 0.00:-7996.76 23941 (75) sec
[514] Max 3677 (1910) steps (0.0005 hrs) 0.00:-7996.76 23984 (43) sec
[515] Max 3677 (1897) steps (0.0005 hrs) 0.00:-7996.76 24049 (65) sec
[516] Max 3677 (2188) steps (0.0006 hrs) 0.00:-7996.76 24103 (54) sec
[517] Max 3677 (2854) steps (0.0008 hrs) 0.00:-7996.76 24161 (58) sec
[518] Max 3677 (128) steps (0.0000 hrs) 0.00:-7996.76 24180 (19) sec
[519] Max 3677 (982) steps (0.0003 hrs) 0.00:-7996.76 24200 (20) sec
[520] Max 3677 (2141) steps (0.0006 hrs) 0.00:-7996.76 24267 (67) sec
[521] Max 3677 (1450) steps (0.0004 hrs) 0.00:-7996.76 24292 (25) sec
[522] Max 3677 (101) steps (0.0000 hrs) 0.00:-7996.76 24312 (20) sec
[523] Max 3677 (349) steps (0.0001 hrs) 0.00:-7996.76 24332 (20) sec
[524] Max 3677 (2315) steps (0.0006 hrs) 0.00:-7996.76 24395 (63) sec
[525] Max 3677 (117) steps (0.0000 hrs) 0.00:-7996.76 24414 (19) sec
[526] Max 3677 (2296) steps (0.0006 hrs) 0.00:-7996.76 24474 (60) sec
[527] Max 3677 (674) steps (0.0002 hrs) 0.00:-7996.76 24494 (20) sec
[528] Max 3677 (1506) steps (0.0004 hrs) 0.00:-7996.76 24527 (33) sec
[529] Max 3677 (1749) steps (0.0005 hrs) 0.00:-7996.76 24557 (30) sec
[530] Max 3677 (3157) steps (0.0009 hrs) 0.00:-7996.76 24620 (63) sec
[531] Max 3677 (650) steps (0.0002 hrs) 0.00:-7996.76 24635 (15) sec
[532] Max 3677 (2390) steps (0.0007 hrs) 0.00:-7996.76 24698 (63) sec
[533] Max 3677 (2946) steps (0.0008 hrs) 0.00:-7996.76 24754 (56) sec
[534] Max 3677 (636) steps (0.0002 hrs) 0.00:-7996.76 24779 (25) sec
[535] Max 3677 (490) steps (0.0001 hrs) 0.00:-7996.76 24821 (42) sec
[536] Max 3677 (82) steps (0.0000 hrs) 0.00:-7996.76 24852 (31) sec
[537] Max 3677 (2417) steps (0.0007 hrs) 0.00:-7996.76 24969 (117) sec
[538] Max 3677 (460) steps (0.0001 hrs) 0.00:-7996.76 25013 (44) sec
[539] Max 3677 (99) steps (0.0000 hrs) 0.00:-7996.76 25032 (19) sec
[540] Max 3677 (871) steps (0.0002 hrs) 0.00:-7996.76 25050 (18) sec
[541] Max 3677 (513) steps (0.0001 hrs) 0.00:-7996.76 25067 (17) sec
[542] Max 3677 (843) steps (0.0002 hrs) 0.00:-7996.76 25083 (16) sec
[543] Max 3677 (1375) steps (0.0004 hrs) 0.00:-7996.76 25100 (17) sec
[544] Max 3677 (64) steps (0.0000 hrs) 0.00:-7996.76 25116 (16) sec
[545] Max 3677 (1605) steps (0.0004 hrs) 0.00:-7996.76 25138 (22) sec
[546] Max 3677 (182) steps (0.0001 hrs) 0.00:-7996.76 25153 (15) sec
[547] Max 3677 (2048) steps (0.0006 hrs) 0.00:-7996.76 25227 (74) sec
[548] Max 3677 (245) steps (0.0001 hrs) 0.00:-7996.76 25280 (53) sec
[549] Max 3677 (2211) steps (0.0006 hrs) 0.00:-7996.76 25637 (357) sec
[550] Max 3677 (1331) steps (0.0004 hrs) 0.00:-7996.76 25914 (277) sec
[551] Max 3677 (1009) steps (0.0003 hrs) 0.00:-7996.76 26241 (327) sec
[552] Max 3677 (523) steps (0.0001 hrs) 0.00:-7996.76 26288 (47) sec
[553] Max 3677 (100) steps (0.0000 hrs) 0.00:-7996.76 26312 (24) sec
[554] Max 3677 (2108) steps (0.0006 hrs) 0.00:-7996.76 26377 (65) sec
[555] Max 3677 (719) steps (0.0002 hrs) 0.00:-7996.76 26399 (22) sec
[556] Max 3677 (2046) steps (0.0006 hrs) 0.00:-7996.76 26488 (89) sec
[557] Max 3677 (2533) steps (0.0007 hrs) 0.00:-7996.76 26578 (90) sec
[558] Max 3677 (353) steps (0.0001 hrs) 0.00:-7996.76 26599 (21) sec
[559] Max 3677 (2373) steps (0.0007 hrs) 0.00:-7996.76 26663 (64) sec
[560] Max 3677 (262) steps (0.0001 hrs) 0.00:-7996.76 26684 (21) sec
[561] Max 3677 (350) steps (0.0001 hrs) 0.00:-7996.76 26709 (25) sec
[562] Max 3677 (658) steps (0.0002 hrs) 0.00:-7996.76 26733 (24) sec
[563] Max 3677 (201) steps (0.0001 hrs) 0.00:-7996.76 26754 (21) sec
[564] Max 3677 (1837) steps (0.0005 hrs) 0.00:-7996.76 26822 (68) sec
[565] Max 3677 (295) steps (0.0001 hrs) 0.00:-7996.76 26840 (18) sec
[566] Max 3677 (773) steps (0.0002 hrs) 0.00:-7996.76 26859 (19) sec
[567] Max 3677 (1911) steps (0.0005 hrs) 0.00:-7996.76 26913 (54) sec
[568] Max 3677 (2412) steps (0.0007 hrs) 0.00:-7996.76 26976 (63) sec
[569] Max 3677 (210) steps (0.0001 hrs) 0.00:-7996.76 26995 (19) sec
[570] Max 3677 (209) steps (0.0001 hrs) 0.00:-7996.76 27015 (20) sec
[571] Max 3677 (400) steps (0.0001 hrs) 0.00:-7996.76 27035 (20) sec
[572] Max 3677 (2684) steps (0.0007 hrs) 0.00:-7996.76 27097 (62) sec
[573] Max 3677 (1645) steps (0.0005 hrs) 0.00:-7996.76 27133 (36) sec
[574] Max 3677 (235) steps (0.0001 hrs) 0.00:-7996.76 27153 (20) sec
[575] Max 3677 (101) steps (0.0000 hrs) 0.00:-7996.76 27173 (20) sec
[576] Max 3677 (465) steps (0.0001 hrs) 0.00:-7996.76 27196 (23) sec
[577] Max 3677 (2505) steps (0.0007 hrs) 0.00:-7996.76 27258 (62) sec
[578] Max 3677 (3209) steps (0.0009 hrs) 0.00:-7996.76 27317 (59) sec
[579] Max 3677 (905) steps (0.0003 hrs) 0.00:-7996.76 27335 (18) sec
[580] Max 3677 (1780) steps (0.0005 hrs) 0.00:-7996.76 27377 (42) sec
[581] Max 3677 (1108) steps (0.0003 hrs) 0.00:-7996.76 27398 (21) sec
[582] Max 3677 (2472) steps (0.0007 hrs) 0.00:-7996.76 27467 (69) sec
[583] Max 3677 (2070) steps (0.0006 hrs) 0.00:-7996.76 27530 (63) sec
[584] Max 3677 (2274) steps (0.0006 hrs) 0.00:-7996.76 27593 (63) sec
[585] Max 3677 (1821) steps (0.0005 hrs) 0.00:-7996.76 27636 (43) sec
[586] Max 3677 (1722) steps (0.0005 hrs) 0.00:-7996.76 27661 (25) sec
[587] Max 3677 (2339) steps (0.0006 hrs) 0.00:-7996.76 27720 (59) sec
[588] Max 3677 (219) steps (0.0001 hrs) 0.00:-7996.76 27738 (18) sec
[589] Max 3677 (1857) steps (0.0005 hrs) 0.00:-7996.76 27775 (37) sec
[590] Max 3677 (1522) steps (0.0004 hrs) 0.00:-7996.76 27797 (22) sec
[591] Max 3677 (230) steps (0.0001 hrs) 0.00:-7996.76 27815 (18) sec
[592] Max 3677 (236) steps (0.0001 hrs) 0.00:-7996.76 27834 (19) sec
[593] Max 3677 (1831) steps (0.0005 hrs) 0.00:-7996.76 27897 (63) sec
[594] Max 3677 (1715) steps (0.0005 hrs) 0.00:-7996.76 27926 (29) sec
[595] Max 3677 (2191) steps (0.0006 hrs) 0.00:-7996.76 27990 (64) sec
[596] Max 3677 (801) steps (0.0002 hrs) 0.00:-7996.76 28005 (15) sec
[597] Max 3677 (2522) steps (0.0007 hrs) 0.00:-7996.76 28059 (54) sec
[598] Max 3677 (270) steps (0.0001 hrs) 0.00:-7996.76 28077 (18) sec
[599] Max 3677 (1029) steps (0.0003 hrs) 0.00:-7996.76 28104 (27) sec
[600] Max 3677 (171) steps (0.0000 hrs) 0.00:-7996.76 28123 (19) sec
[601] Max 3677 (173) steps (0.0000 hrs) 0.00:-7996.76 28141 (18) sec
[602] Max 3677 (1292) steps (0.0004 hrs) 0.00:-7996.76 28163 (22) sec
[603] Max 3677 (2224) steps (0.0006 hrs) 0.00:-7996.76 28195 (32) sec
[604] Max 3677 (1762) steps (0.0005 hrs) 0.00:-7996.76 28222 (27) sec
[605] Max 3677 (1360) steps (0.0004 hrs) 0.00:-7996.76 28241 (19) sec
[606] Max 3677 (1502) steps (0.0004 hrs) 0.00:-7996.76 28266 (25) sec
[607] Max 3677 (285) steps (0.0001 hrs) 0.00:-7996.76 28285 (19) sec
[608] Max 3677 (2125) steps (0.0006 hrs) 0.00:-7996.76 28347 (62) sec
[609] Max 3677 (2039) steps (0.0006 hrs) 0.00:-7996.76 28391 (44) sec
[610] Max 3677 (158) steps (0.0000 hrs) 0.00:-7996.76 28409 (18) sec
[611] Max 3677 (2296) steps (0.0006 hrs) 0.00:-7996.76 28473 (64) sec
[612] Max 3677 (228) steps (0.0001 hrs) 0.00:-7996.76 28490 (17) sec
[613] Max 3677 (830) steps (0.0002 hrs) 0.00:-7996.76 28510 (20) sec
[614] Max 3677 (1147) steps (0.0003 hrs) 0.00:-7996.76 28537 (27) sec
[615] Max 3677 (1879) steps (0.0005 hrs) 0.00:-7996.76 28568 (31) sec
[616] Max 3677 (1649) steps (0.0005 hrs) 0.00:-7996.76 28591 (23) sec
[617] Max 3677 (347) steps (0.0001 hrs) 0.00:-7996.76 28609 (18) sec
[618] Max 3677 (507) steps (0.0001 hrs) 0.00:-7996.76 28628 (19) sec
[619] Max 3677 (1100) steps (0.0003 hrs) 0.00:-7996.76 28646 (18) sec
[620] Max 3677 (218) steps (0.0001 hrs) 0.00:-7996.76 28665 (19) sec
[621] Max 3677 (374) steps (0.0001 hrs) 0.00:-7996.76 28684 (19) sec
[622] Max 3677 (431) steps (0.0001 hrs) 0.00:-7996.76 28702 (18) sec
[623] Max 3677 (1754) steps (0.0005 hrs) 0.00:-7996.76 28728 (26) sec
[624] Max 3677 (2628) steps (0.0007 hrs) 0.00:-7996.76 28778 (50) sec
[625] Max 3677 (1665) steps (0.0005 hrs) 0.00:-7996.76 28801 (23) sec
[626] Max 3677 (140) steps (0.0000 hrs) 0.00:-7996.76 28819 (18) sec
[627] Max 3677 (224) steps (0.0001 hrs) 0.00:-7996.76 28837 (18) sec
[628] Max 3677 (405) steps (0.0001 hrs) 0.00:-7996.76 28858 (21) sec
[629] Max 3677 (69) steps (0.0000 hrs) 0.00:-7996.76 28877 (19) sec
[630] Max 3677 (134) steps (0.0000 hrs) 0.00:-7996.76 28920 (43) sec
[631] Max 3677 (1315) steps (0.0004 hrs) 0.00:-7996.76 28981 (61) sec
[632] Max 3677 (219) steps (0.0001 hrs) 0.00:-7996.76 29028 (47) sec
[633] Max 3677 (138) steps (0.0000 hrs) 0.00:-7996.76 29073 (45) sec
[634] Max 3677 (1163) steps (0.0003 hrs) 0.00:-7996.76 29134 (61) sec
[635] Max 3677 (1556) steps (0.0004 hrs) 0.00:-7996.76 29174 (40) sec
[636] Max 3677 (259) steps (0.0001 hrs) 0.00:-7996.76 29229 (55) sec
[637] Max 3677 (482) steps (0.0001 hrs) 0.00:-7996.76 29279 (50) sec
[638] Max 3677 (221) steps (0.0001 hrs) 0.00:-7996.76 29354 (75) sec
[639] Max 3677 (2175) steps (0.0006 hrs) 0.00:-7996.76 29444 (90) sec
[640] Max 3677 (193) steps (0.0001 hrs) 0.00:-7996.76 29483 (39) sec
[641] Max 3677 (2041) steps (0.0006 hrs) 0.00:-7996.76 29600 (117) sec
[642] Max 3677 (1142) steps (0.0003 hrs) 0.00:-7996.76 29655 (55) sec
[643] Max 3677 (1632) steps (0.0005 hrs) 0.00:-7996.76 29728 (73) sec
[644] Max 3677 (1567) steps (0.0004 hrs) 0.00:-7996.76 29771 (43) sec
[645] Max 3677 (2130) steps (0.0006 hrs) 0.00:-7996.76 29864 (93) sec
[646] Max 3677 (116) steps (0.0000 hrs) 0.00:-7996.76 29882 (18) sec
[647] Max 3677 (603) steps (0.0002 hrs) 0.00:-7996.76 29974 (92) sec
[648] Max 3677 (1640) steps (0.0005 hrs) 0.00:-7996.76 30117 (143) sec
[649] Max 3677 (79) steps (0.0000 hrs) 0.00:-7996.76 30175 (58) sec
[650] Max 3677 (1923) steps (0.0005 hrs) 0.00:-7996.76 30256 (81) sec
[651] Max 3677 (247) steps (0.0001 hrs) 0.00:-7996.76 30300 (44) sec
[652] Max 3677 (801) steps (0.0002 hrs) 0.00:-7996.76 30381 (81) sec
[653] Max 3677 (236) steps (0.0001 hrs) 0.00:-7996.76 30419 (38) sec
[654] Max 3677 (1945) steps (0.0005 hrs) 0.00:-7996.76 30471 (52) sec
[655] Max 3677 (184) steps (0.0001 hrs) 0.00:-7996.76 30490 (19) sec
[656] Max 3677 (2170) steps (0.0006 hrs) 0.00:-7996.76 30545 (55) sec
[657] Max 3677 (3122) steps (0.0009 hrs) 0.00:-7996.76 30599 (54) sec
[658] Max 3677 (1897) steps (0.0005 hrs) 0.00:-7996.76 30622 (23) sec
[659] Max 3677 (2213) steps (0.0006 hrs) 0.00:-7996.76 30674 (52) sec
[660] Max 3677 (1849) steps (0.0005 hrs) 0.00:-7996.76 30734 (60) sec
[661] Max 3677 (179) steps (0.0000 hrs) 0.00:-7996.76 30752 (18) sec
[662] Max 3677 (368) steps (0.0001 hrs) 0.00:-7996.76 30770 (18) sec
[663] Max 3677 (2183) steps (0.0006 hrs) 0.00:-7996.76 30812 (42) sec
[664] Max 3677 (2229) steps (0.0006 hrs) 0.00:-7996.76 30874 (62) sec
[665] Max 3677 (1726) steps (0.0005 hrs) 0.00:-7996.76 30903 (29) sec
[666] Max 3677 (93) steps (0.0000 hrs) 0.00:-7996.76 30920 (17) sec
[667] Max 3677 (233) steps (0.0001 hrs) 0.00:-7996.76 30938 (18) sec
[668] Max 3677 (163) steps (0.0000 hrs) 0.00:-7996.76 30956 (18) sec
[669] Max 3677 (2594) steps (0.0007 hrs) 0.00:-7996.76 31014 (58) sec
[670] Max 3677 (79) steps (0.0000 hrs) 0.00:-7996.76 31033 (19) sec
[671] Max 3677 (2955) steps (0.0008 hrs) 0.00:-7996.76 31095 (62) sec
[672] Max 3677 (231) steps (0.0001 hrs) 0.00:-7996.76 31112 (17) sec
[673] Max 3677 (506) steps (0.0001 hrs) 0.00:-7996.76 31131 (19) sec
[674] Max 3677 (2386) steps (0.0007 hrs) 0.00:-7996.76 31193 (62) sec
[675] Max 3677 (218) steps (0.0001 hrs) 0.00:-7996.76 31212 (19) sec
[676] Max 3677 (2376) steps (0.0007 hrs) 0.00:-7996.76 31271 (59) sec
[677] Max 3677 (1565) steps (0.0004 hrs) 0.00:-7996.76 31297 (26) sec
[678] Max 3677 (290) steps (0.0001 hrs) 0.00:-7996.76 31314 (17) sec
[679] Max 3677 (241) steps (0.0001 hrs) 0.00:-7996.76 31333 (19) sec
[680] Max 3677 (258) steps (0.0001 hrs) 0.00:-7996.76 31351 (18) sec
[681] Max 3677 (2457) steps (0.0007 hrs) 0.00:-7996.76 31413 (62) sec
[682] Max 3677 (126) steps (0.0000 hrs) 0.00:-7996.76 31430 (17) sec
[683] Max 3677 (1908) steps (0.0005 hrs) 0.00:-7996.76 31477 (47) sec
[684] Max 3677 (239) steps (0.0001 hrs) 0.00:-7996.76 31492 (15) sec
[685] Max 3677 (2455) steps (0.0007 hrs) 0.00:-7996.76 31546 (54) sec
[686] Max 3677 (1532) steps (0.0004 hrs) 0.00:-7996.76 31565 (19) sec
[687] Max 3677 (2896) steps (0.0008 hrs) 0.00:-7996.76 31625 (60) sec
[688] Max 3677 (2197) steps (0.0006 hrs) 0.00:-7996.76 31652 (27) sec
[689] Max 3677 (2145) steps (0.0006 hrs) 0.00:-7996.76 31714 (62) sec
[690] Max 3677 (971) steps (0.0003 hrs) 0.00:-7996.76 31730 (16) sec
[691] Max 3677 (2398) steps (0.0007 hrs) 0.00:-7996.76 31791 (61) sec
[692] Max 3677 (2782) steps (0.0008 hrs) 0.00:-7996.76 31855 (64) sec
[693] Max 3677 (2230) steps (0.0006 hrs) 0.00:-7996.76 31916 (61) sec
[694] Max 3677 (2252) steps (0.0006 hrs) 0.00:-7996.76 31973 (57) sec
[695] Max 3677 (1667) steps (0.0005 hrs) 0.00:-7996.76 32008 (35) sec
[696] Max 3677 (271) steps (0.0001 hrs) 0.00:-7996.76 32024 (16) sec
[697] Max 3677 (2256) steps (0.0006 hrs) 0.00:-7996.76 32077 (53) sec
[698] Max 3677 (66) steps (0.0000 hrs) 0.00:-7996.76 32093 (16) sec
[699] Max 3677 (202) steps (0.0001 hrs) 0.00:-7996.76 32109 (16) sec
[700] Max 3677 (207) steps (0.0001 hrs) 0.00:-7996.76 32126 (17) sec
[701] Max 3677 (2250) steps (0.0006 hrs) 0.00:-7996.76 32170 (44) sec
[702] Max 3677 (1168) steps (0.0003 hrs) 0.00:-7996.76 32194 (24) sec
[703] Max 3677 (2087) steps (0.0006 hrs) 0.00:-7996.76 32256 (62) sec
[704] Max 3677 (1063) steps (0.0003 hrs) 0.00:-7996.76 32284 (28) sec
[705] Max 3677 (1893) steps (0.0005 hrs) 0.00:-7996.76 32308 (24) sec
[706] Max 3677 (317) steps (0.0001 hrs) 0.00:-7996.76 32326 (18) sec
[707] Max 3677 (96) steps (0.0000 hrs) 0.00:-7996.76 32344 (18) sec
[708] Max 3677 (1812) steps (0.0005 hrs) 0.00:-7996.76 32382 (38) sec
[709] Max 3677 (185) steps (0.0001 hrs) 0.00:-7996.76 32401 (19) sec
[710] Max 3677 (2077) steps (0.0006 hrs) 0.00:-7996.76 32461 (60) sec
[711] Max 3677 (1983) steps (0.0006 hrs) 0.00:-7996.76 32511 (50) sec
[712] Max 3677 (224) steps (0.0001 hrs) 0.00:-7996.76 32527 (16) sec
[713] Max 3677 (2383) steps (0.0007 hrs) 0.00:-7996.76 32592 (65) sec
[714] Max 3677 (1767) steps (0.0005 hrs) 0.00:-7996.76 32622 (30) sec
[715] Max 3677 (165) steps (0.0000 hrs) 0.00:-7996.76 32638 (16) sec
[716] Max 3677 (2474) steps (0.0007 hrs) 0.00:-7996.76 32701 (63) sec
[717] Max 3677 (230) steps (0.0001 hrs) 0.00:-7996.76 32716 (15) sec
[718] Max 3677 (2070) steps (0.0006 hrs) 0.00:-7996.76 32758 (42) sec
[719] Max 3677 (2002) steps (0.0006 hrs) 0.00:-7996.76 32822 (64) sec
[720] Max 3677 (1338) steps (0.0004 hrs) 0.00:-7996.76 32839 (17) sec
[721] Max 3677 (2572) steps (0.0007 hrs) 0.00:-7996.76 32897 (58) sec
[722] Max 3677 (2530) steps (0.0007 hrs) 0.00:-7996.76 32961 (64) sec
[723] Max 3677 (201) steps (0.0001 hrs) 0.00:-7996.76 32977 (16) sec
[724] Max 3677 (1319) steps (0.0004 hrs) 0.00:-7996.76 32997 (20) sec
[725] Max 3677 (2401) steps (0.0007 hrs) 0.00:-7996.76 33052 (55) sec
[726] Max 3677 (3136) steps (0.0009 hrs) 0.00:-7996.76 33114 (62) sec
[727] Max 3677 (1901) steps (0.0005 hrs) 0.00:-7996.76 33174 (60) sec
[728] Max 3677 (873) steps (0.0002 hrs) 0.00:-7996.76 33191 (17) sec
[729] Max 3677 (2788) steps (0.0008 hrs) 0.00:-7996.76 33254 (63) sec
[730] Max 3677 (66) steps (0.0000 hrs) 0.00:-7996.76 33272 (18) sec
[731] Max 3677 (1563) steps (0.0004 hrs) 0.00:-7996.76 33293 (21) sec
[732] Max 3677 (1182) steps (0.0003 hrs) 0.00:-7996.76 33312 (19) sec
[733] Max 3677 (237) steps (0.0001 hrs) 0.00:-7996.76 33330 (18) sec
[734] Max 3677 (3516) steps (0.0010 hrs) 0.00:-7996.76 33390 (60) sec
[735] Max 3677 (2295) steps (0.0006 hrs) 0.00:-7996.76 33452 (62) sec
[736] Max 3677 (1704) steps (0.0005 hrs) 0.00:-7996.76 33477 (25) sec
[737] Max 3677 (1820) steps (0.0005 hrs) 0.00:-7996.76 33517 (40) sec
[738] Max 3677 (1380) steps (0.0004 hrs) 0.00:-7996.76 33539 (22) sec
[739] Max 3677 (434) steps (0.0001 hrs) 0.00:-7996.76 33558 (19) sec
[740] Max 3677 (2213) steps (0.0006 hrs) 0.00:-7996.76 33615 (57) sec
[741] Max 3677 (117) steps (0.0000 hrs) 0.00:-7996.76 33633 (18) sec
[742] Max 3677 (397) steps (0.0001 hrs) 0.00:-7996.76 33652 (19) sec
[743] Max 3677 (1731) steps (0.0005 hrs) 0.00:-7996.76 33687 (35) sec
[744] Max 3677 (430) steps (0.0001 hrs) 0.00:-7996.76 33705 (18) sec
[745] Max 3677 (2107) steps (0.0006 hrs) 0.00:-7996.76 33760 (55) sec
[746] Max 3677 (2243) steps (0.0006 hrs) 0.00:-7996.76 33779 (19) sec
[747] Max 3677 (104) steps (0.0000 hrs) 0.00:-7996.76 33797 (18) sec
[748] Max 3677 (2199) steps (0.0006 hrs) 0.00:-7996.76 33856 (59) sec
[749] Max 3677 (93) steps (0.0000 hrs) 0.00:-7996.76 33875 (19) sec
[750] Max 3677 (2522) steps (0.0007 hrs) 0.00:-7996.76 33929 (54) sec
[751] Max 3677 (2126) steps (0.0006 hrs) 0.00:-7996.76 33990 (61) sec
[752] Max 3677 (177) steps (0.0000 hrs) 0.00:-7996.76 34007 (17) sec
[753] Max 3677 (2143) steps (0.0006 hrs) 0.00:-7996.76 34047 (40) sec
[754] Max 3677 (209) steps (0.0001 hrs) 0.00:-7996.76 34065 (18) sec
[755] Max 3677 (1539) steps (0.0004 hrs) 0.00:-7996.76 34084 (19) sec
[756] Max 3677 (2410) steps (0.0007 hrs) 0.00:-7996.76 34146 (62) sec
[757] Max 3677 (2339) steps (0.0006 hrs) 0.00:-7996.76 34201 (55) sec
[758] Max 3677 (220) steps (0.0001 hrs) 0.00:-7996.76 34217 (16) sec
[759] Max 3677 (104) steps (0.0000 hrs) 0.00:-7996.76 34235 (18) sec
[760] Max 3677 (2167) steps (0.0006 hrs) 0.00:-7996.76 34296 (61) sec
[761] Max 3677 (3016) steps (0.0008 hrs) 0.00:-7996.76 34357 (61) sec
[762] Max 3677 (153) steps (0.0000 hrs) 0.00:-7996.76 34372 (15) sec
[763] Max 3677 (115) steps (0.0000 hrs) 0.00:-7996.76 34386 (14) sec
[764] Max 3677 (2446) steps (0.0007 hrs) 0.00:-7996.76 34447 (61) sec
[765] Max 3677 (2002) steps (0.0006 hrs) 0.00:-7996.76 34473 (26) sec
[766] Max 3677 (1312) steps (0.0004 hrs) 0.00:-7996.76 34490 (17) sec
[767] Max 3677 (1578) steps (0.0004 hrs) 0.00:-7996.76 34508 (18) sec
[768] Max 3677 (869) steps (0.0002 hrs) 0.00:-7996.76 34524 (16) sec
[769] Max 3677 (278) steps (0.0001 hrs) 0.00:-7996.76 34541 (17) sec
[770] Max 3677 (2562) steps (0.0007 hrs) 0.00:-7996.76 34578 (37) sec
[771] Max 3677 (1257) steps (0.0003 hrs) 0.00:-7996.76 34600 (22) sec
[772] Max 3677 (1550) steps (0.0004 hrs) 0.00:-7996.76 34620 (20) sec
[773] Max 3677 (190) steps (0.0001 hrs) 0.00:-7996.76 34637 (17) sec
[774] Max 3677 (525) steps (0.0001 hrs) 0.00:-7996.76 34656 (19) sec
[775] Max 3677 (2553) steps (0.0007 hrs) 0.00:-7996.76 34719 (63) sec
[776] Max 3677 (2624) steps (0.0007 hrs) 0.00:-7996.76 34769 (50) sec
[777] Max 3677 (2168) steps (0.0006 hrs) 0.00:-7996.76 34806 (37) sec
[778] Max 3677 (150) steps (0.0000 hrs) 0.00:-7996.76 34824 (18) sec
[779] Max 3677 (81) steps (0.0000 hrs) 0.00:-7996.76 34842 (18) sec
[780] Max 3677 (1678) steps (0.0005 hrs) 0.00:-7996.76 34866 (24) sec
[781] Max 3677 (236) steps (0.0001 hrs) 0.00:-7996.76 34885 (19) sec
[782] Max 3677 (77) steps (0.0000 hrs) 0.00:-7996.76 34902 (17) sec
[783] Max 3677 (2051) steps (0.0006 hrs) 0.00:-7996.76 34964 (62) sec
[784] Max 3677 (234) steps (0.0001 hrs) 0.00:-7996.76 34982 (18) sec
[785] Max 3677 (2015) steps (0.0006 hrs) 0.00:-7996.76 35039 (57) sec
[786] Max 3677 (2442) steps (0.0007 hrs) 0.00:-7996.76 35100 (61) sec
[787] Max 3677 (113) steps (0.0000 hrs) 0.00:-7996.76 35118 (18) sec
[788] Max 3677 (2546) steps (0.0007 hrs) 0.00:-7996.76 35179 (61) sec
[789] Max 3677 (2492) steps (0.0007 hrs) 0.00:-7996.76 35238 (59) sec
[790] Max 3677 (168) steps (0.0000 hrs) 0.00:-7996.76 35256 (18) sec
[791] Max 3677 (147) steps (0.0000 hrs) 0.00:-7996.76 35274 (18) sec
[792] Max 3677 (1982) steps (0.0006 hrs) 0.00:-7996.76 35300 (26) sec
[793] Max 3677 (1464) steps (0.0004 hrs) 0.00:-7996.76 35326 (26) sec
[794] Max 3677 (139) steps (0.0000 hrs) 0.00:-7996.76 35344 (18) sec
[795] Max 3677 (2355) steps (0.0007 hrs) 0.00:-7996.76 35409 (65) sec
[796] Max 3677 (626) steps (0.0002 hrs) 0.00:-7996.76 35428 (19) sec
[797] Max 3677 (2204) steps (0.0006 hrs) 0.00:-7996.76 35487 (59) sec
[798] Max 3677 (133) steps (0.0000 hrs) 0.00:-7996.76 35505 (18) sec
[799] Max 3677 (2432) steps (0.0007 hrs) 0.00:-7996.76 35552 (47) sec
[800] Max 3677 (2919) steps (0.0008 hrs) 0.00:-7996.76 35610 (58) sec
[801] Max 3677 (1786) steps (0.0005 hrs) 0.00:-7996.76 35648 (38) sec
[802] Max 3677 (1731) steps (0.0005 hrs) 0.00:-7996.76 35680 (32) sec
[803] Max 3677 (1197) steps (0.0003 hrs) 0.00:-7996.76 35696 (16) sec
[804] Max 3677 (2270) steps (0.0006 hrs) 0.00:-7996.76 35755 (59) sec
[805] Max 3677 (1593) steps (0.0004 hrs) 0.00:-7996.76 35776 (21) sec
[806] Max 3677 (117) steps (0.0000 hrs) 0.00:-7996.76 35789 (13) sec
[807] Max 3677 (2149) steps (0.0006 hrs) 0.00:-7996.76 35848 (59) sec
[808] Max 3677 (588) steps (0.0002 hrs) 0.00:-7996.76 35864 (16) sec
[809] Max 3677 (641) steps (0.0002 hrs) 0.00:-7996.76 35880 (16) sec
[810] Max 3677 (2159) steps (0.0006 hrs) 0.00:-7996.76 35941 (61) sec
[811] Max 3677 (895) steps (0.0002 hrs) 0.00:-7996.76 35958 (17) sec
[812] Max 3677 (2255) steps (0.0006 hrs) 0.00:-7996.76 35993 (35) sec
[813] Max 3677 (1866) steps (0.0005 hrs) 0.00:-7996.76 36022 (29) sec
[814] Max 3677 (281) steps (0.0001 hrs) 0.00:-7996.76 36039 (17) sec
[815] Max 3677 (115) steps (0.0000 hrs) 0.00:-7996.76 36055 (16) sec
[816] Max 3677 (2821) steps (0.0008 hrs) 0.00:-7996.76 36115 (60) sec
[817] Max 3677 (458) steps (0.0001 hrs) 0.00:-7996.76 36129 (14) sec
[818] Max 3677 (3007) steps (0.0008 hrs) 0.00:-7996.76 36192 (63) sec
[819] Max 3677 (1226) steps (0.0003 hrs) 0.00:-7996.76 36210 (18) sec
[820] Max 3677 (1759) steps (0.0005 hrs) 0.00:-7996.76 36236 (26) sec
[821] Max 3677 (1027) steps (0.0003 hrs) 0.00:-7996.76 36254 (18) sec
[822] Max 3677 (241) steps (0.0001 hrs) 0.00:-7996.76 36269 (15) sec
[823] Max 3677 (1473) steps (0.0004 hrs) 0.00:-7996.76 36306 (37) sec
[824] Max 3677 (2498) steps (0.0007 hrs) 0.00:-7996.76 36355 (49) sec
[825] Max 3677 (508) steps (0.0001 hrs) 0.00:-7996.76 36370 (15) sec
[826] Max 3677 (111) steps (0.0000 hrs) 0.00:-7996.76 36384 (14) sec
[827] Max 3677 (2450) steps (0.0007 hrs) 0.00:-7996.76 36444 (60) sec
[828] Max 3677 (1989) steps (0.0006 hrs) 0.00:-7996.76 36494 (50) sec
[829] Max 3677 (174) steps (0.0000 hrs) 0.00:-7996.76 36509 (15) sec
[830] Max 3677 (2120) steps (0.0006 hrs) 0.00:-7996.76 36564 (55) sec
[831] Max 3677 (2480) steps (0.0007 hrs) 0.00:-7996.76 36591 (27) sec
[832] Max 3677 (126) steps (0.0000 hrs) 0.00:-7996.76 36607 (16) sec
[833] Max 3677 (213) steps (0.0001 hrs) 0.00:-7996.76 36623 (16) sec
[834] Max 3677 (1900) steps (0.0005 hrs) 0.00:-7996.76 36681 (58) sec
[835] Max 3757 (3757) steps (0.0010 hrs) 0.00:-7996.76 36743 (62) sec
[836] Max 3757 (125) steps (0.0000 hrs) 0.00:-7996.76 36758 (15) sec
[837] Max 3757 (81) steps (0.0000 hrs) 0.00:-7996.76 36777 (19) sec
[838] Max 3757 (3425) steps (0.0010 hrs) 0.00:-7996.76 36835 (58) sec
[839] Max 3757 (342) steps (0.0001 hrs) 0.00:-7996.76 36852 (17) sec
[840] Max 3757 (1848) steps (0.0005 hrs) 0.00:-7996.76 36906 (54) sec
[841] Max 3757 (2212) steps (0.0006 hrs) 0.00:-7996.76 36970 (64) sec
[842] Max 3757 (1198) steps (0.0003 hrs) 0.00:-7996.76 36990 (20) sec
[843] Max 3757 (72) steps (0.0000 hrs) 0.00:-7996.76 37007 (17) sec
[844] Max 3757 (85) steps (0.0000 hrs) 0.00:-7996.76 37025 (18) sec
[845] Max 3757 (2128) steps (0.0006 hrs) 0.00:-7996.76 37071 (46) sec
[846] Max 3757 (2002) steps (0.0006 hrs) 0.00:-7996.76 37104 (33) sec
[847] Max 3757 (141) steps (0.0000 hrs) 0.00:-7996.76 37122 (18) sec
[848] Max 3757 (2275) steps (0.0006 hrs) 0.00:-7996.76 37186 (64) sec
[849] Max 3757 (1528) steps (0.0004 hrs) 0.00:-7996.76 37209 (23) sec
[850] Max 3757 (2621) steps (0.0007 hrs) 0.00:-7996.76 37271 (62) sec
[851] Max 3757 (2278) steps (0.0006 hrs) 0.00:-7996.76 37322 (51) sec
[852] Max 3757 (187) steps (0.0001 hrs) 0.00:-7996.76 37340 (18) sec
[853] Max 3757 (96) steps (0.0000 hrs) 0.00:-7996.76 37357 (17) sec
[854] Max 3757 (2008) steps (0.0006 hrs) 0.00:-7996.76 37391 (34) sec
[855] Max 3757 (2903) steps (0.0008 hrs) 0.00:-7996.76 37454 (63) sec
[856] Max 3757 (2181) steps (0.0006 hrs) 0.00:-7996.76 37497 (43) sec
[857] Max 3757 (196) steps (0.0001 hrs) 0.00:-7996.76 37514 (17) sec
[858] Max 3757 (2743) steps (0.0008 hrs) 0.00:-7996.76 37574 (60) sec
[859] Max 3757 (2207) steps (0.0006 hrs) 0.00:-7996.76 37615 (41) sec
[860] Max 3757 (1984) steps (0.0006 hrs) 0.00:-7996.76 37665 (50) sec
[861] Max 3757 (1834) steps (0.0005 hrs) 0.00:-7996.76 37719 (54) sec
[862] Max 3757 (1925) steps (0.0005 hrs) 0.00:-7996.76 37778 (59) sec
[863] Max 3757 (1166) steps (0.0003 hrs) 0.00:-7996.76 37798 (20) sec
[864] Max 3757 (2529) steps (0.0007 hrs) 0.00:-7996.76 37853 (55) sec
[865] Max 3757 (146) steps (0.0000 hrs) 0.00:-7996.76 37870 (17) sec
[866] Max 3757 (75) steps (0.0000 hrs) 0.00:-7996.76 37888 (18) sec
[867] Max 3757 (789) steps (0.0002 hrs) 0.00:-7996.76 37906 (18) sec
[868] Max 3757 (384) steps (0.0001 hrs) 0.00:-7996.76 37923 (17) sec
[869] Max 3757 (281) steps (0.0001 hrs) 0.00:-7996.76 37941 (18) sec
[870] Max 3757 (1968) steps (0.0005 hrs) 0.00:-7996.76 37970 (29) sec
[871] Max 3757 (175) steps (0.0000 hrs) 0.00:-7996.76 37988 (18) sec
[872] Max 3757 (346) steps (0.0001 hrs) 0.00:-7996.76 38007 (19) sec
[873] Max 3757 (97) steps (0.0000 hrs) 0.00:-7996.76 38025 (18) sec
[874] Max 3757 (1859) steps (0.0005 hrs) 0.00:-7996.76 38086 (61) sec
[875] Max 3757 (683) steps (0.0002 hrs) 0.00:-7996.76 38104 (18) sec
[876] Max 3757 (2023) steps (0.0006 hrs) 0.00:-7996.76 38164 (60) sec
[877] Max 3757 (1250) steps (0.0003 hrs) 0.00:-7996.76 38189 (25) sec
[878] Max 3757 (476) steps (0.0001 hrs) 0.00:-7996.76 38207 (18) sec
[879] Max 3757 (307) steps (0.0001 hrs) 0.00:-7996.76 38226 (19) sec
[880] Max 3757 (388) steps (0.0001 hrs) 0.00:-7996.76 38244 (18) sec
[881] Max 3757 (303) steps (0.0001 hrs) 0.00:-7996.76 38262 (18) sec
[882] Max 3757 (2047) steps (0.0006 hrs) 0.00:-7996.76 38299 (37) sec
[883] Max 3757 (418) steps (0.0001 hrs) 0.00:-7996.76 38318 (19) sec
[884] Max 3757 (1970) steps (0.0005 hrs) 0.00:-7996.76 38349 (31) sec
[885] Max 3757 (66) steps (0.0000 hrs) 0.00:-7996.76 38367 (18) sec
[886] Max 3757 (287) steps (0.0001 hrs) 0.00:-7996.76 38384 (17) sec
[887] Max 3757 (144) steps (0.0000 hrs) 0.00:-7996.76 38402 (18) sec
[888] Max 3757 (174) steps (0.0000 hrs) 0.00:-7996.76 38420 (18) sec
[889] Max 3757 (1946) steps (0.0005 hrs) 0.00:-7996.76 38474 (54) sec
[890] Max 3757 (74) steps (0.0000 hrs) 0.00:-7996.76 38493 (19) sec
[891] Max 3757 (2495) steps (0.0007 hrs) 0.00:-7996.76 38515 (22) sec
[892] Max 3757 (2517) steps (0.0007 hrs) 0.00:-7996.76 38564 (49) sec
[893] Max 3757 (374) steps (0.0001 hrs) 0.00:-7996.76 38580 (16) sec
[894] Max 3757 (1649) steps (0.0005 hrs) 0.00:-7996.76 38602 (22) sec
[895] Max 3757 (1073) steps (0.0003 hrs) 0.00:-7996.76 38617 (15) sec
[896] Max 3757 (337) steps (0.0001 hrs) 0.00:-7996.76 38632 (15) sec
[897] Max 3757 (2321) steps (0.0006 hrs) 0.00:-7996.76 38665 (33) sec
[898] Max 3757 (2744) steps (0.0008 hrs) 0.00:-7996.76 38707 (42) sec
[899] Max 3757 (261) steps (0.0001 hrs) 0.00:-7996.76 38724 (17) sec
[900] Max 3757 (2270) steps (0.0006 hrs) 0.00:-7996.76 38786 (62) sec
[901] Max 3757 (362) steps (0.0001 hrs) 0.00:-7996.76 38804 (18) sec
[902] Max 3757 (467) steps (0.0001 hrs) 0.00:-7996.76 38823 (19) sec
[903] Max 3757 (2302) steps (0.0006 hrs) 0.00:-7996.76 38885 (62) sec
[904] Max 3757 (557) steps (0.0002 hrs) 0.00:-7996.76 38905 (20) sec
[905] Max 3757 (1396) steps (0.0004 hrs) 0.00:-7996.76 38931 (26) sec
[906] Max 3757 (97) steps (0.0000 hrs) 0.00:-7996.76 38949 (18) sec
[907] Max 3757 (1784) steps (0.0005 hrs) 0.00:-7996.76 39007 (58) sec
[908] Max 3757 (2436) steps (0.0007 hrs) 0.00:-7996.76 39067 (60) sec
[909] Max 3757 (197) steps (0.0001 hrs) 0.00:-7996.76 39085 (18) sec
[910] Max 3757 (1838) steps (0.0005 hrs) 0.00:-7996.76 39141 (56) sec
[911] Max 3757 (625) steps (0.0002 hrs) 0.00:-7996.76 39159 (18) sec
[912] Max 3757 (2200) steps (0.0006 hrs) 0.00:-7996.76 39220 (61) sec
[913] Max 3757 (1706) steps (0.0005 hrs) 0.00:-7996.76 39251 (31) sec
[914] Max 3757 (337) steps (0.0001 hrs) 0.00:-7996.76 39269 (18) sec
[915] Max 3757 (221) steps (0.0001 hrs) 0.00:-7996.76 39286 (17) sec
[916] Max 3757 (2028) steps (0.0006 hrs) 0.00:-7996.76 39341 (55) sec
[917] Max 3757 (92) steps (0.0000 hrs) 0.00:-7996.76 39359 (18) sec
[918] Max 3757 (1712) steps (0.0005 hrs) 0.00:-7996.76 39408 (49) sec
[919] Max 3757 (211) steps (0.0001 hrs) 0.00:-7996.76 39426 (18) sec
[920] Max 3757 (1118) steps (0.0003 hrs) 0.00:-7996.76 39445 (19) sec
[921] Max 3757 (2034) steps (0.0006 hrs) 0.00:-7996.76 39502 (57) sec
[922] Max 3757 (1906) steps (0.0005 hrs) 0.00:-7996.76 39553 (51) sec
[923] Max 3757 (933) steps (0.0003 hrs) 0.00:-7996.76 39571 (18) sec
[924] Max 3757 (420) steps (0.0001 hrs) 0.00:-7996.76 39589 (18) sec
[925] Max 3757 (417) steps (0.0001 hrs) 0.00:-7996.76 39607 (18) sec
[926] Max 3757 (2341) steps (0.0007 hrs) 0.00:-7996.76 39674 (67) sec
[927] Max 3757 (84) steps (0.0000 hrs) 0.00:-7996.76 39690 (16) sec
[928] Max 3757 (2429) steps (0.0007 hrs) 0.00:-7996.76 39751 (61) sec
[929] Max 3757 (370) steps (0.0001 hrs) 0.00:-7996.76 39765 (14) sec
[930] Max 3757 (772) steps (0.0002 hrs) 0.00:-7996.76 39779 (14) sec
[931] Max 3757 (204) steps (0.0001 hrs) 0.00:-7996.76 39793 (14) sec
[932] Max 3757 (103) steps (0.0000 hrs) 0.00:-7996.76 39808 (15) sec
[933] Max 3757 (206) steps (0.0001 hrs) 0.00:-7996.76 39823 (15) sec
[934] Max 3757 (2250) steps (0.0006 hrs) 0.00:-7996.76 39874 (51) sec
[935] Max 3757 (112) steps (0.0000 hrs) 0.00:-7996.76 39890 (16) sec
[936] Max 3757 (443) steps (0.0001 hrs) 0.00:-7996.76 39905 (15) sec
[937] Max 3757 (210) steps (0.0001 hrs) 0.00:-7996.76 39920 (15) sec
[938] Max 3757 (2106) steps (0.0006 hrs) 0.00:-7996.76 39984 (64) sec
[939] Max 3757 (234) steps (0.0001 hrs) 0.00:-7996.76 39998 (14) sec
[940] Max 3757 (2121) steps (0.0006 hrs) 0.00:-7996.76 40050 (52) sec
[941] Max 3757 (2032) steps (0.0006 hrs) 0.00:-7996.76 40078 (28) sec
[942] Max 3757 (2100) steps (0.0006 hrs) 0.00:-7996.76 40126 (48) sec
[943] Max 3757 (2241) steps (0.0006 hrs) 0.00:-7996.76 40173 (47) sec
[944] Max 3757 (2512) steps (0.0007 hrs) 0.00:-7996.76 40225 (52) sec
[945] Max 3757 (101) steps (0.0000 hrs) 0.00:-7996.76 40238 (13) sec
[946] Max 3757 (182) steps (0.0001 hrs) 0.00:-7996.76 40250 (12) sec
[947] Max 3757 (2122) steps (0.0006 hrs) 0.00:-7996.76 40277 (27) sec
[948] Max 3757 (2339) steps (0.0006 hrs) 0.00:-7996.76 40327 (50) sec
[949] Max 3757 (2050) steps (0.0006 hrs) 0.00:-7996.76 40377 (50) sec
[950] Max 3757 (2317) steps (0.0006 hrs) 0.00:-7996.76 40427 (50) sec
[951] Max 3757 (1275) steps (0.0004 hrs) 0.00:-7996.76 40447 (20) sec
[952] Max 3757 (1038) steps (0.0003 hrs) 0.00:-7996.76 40459 (12) sec
[953] Max 3757 (146) steps (0.0000 hrs) 0.00:-7996.76 40472 (13) sec
[954] Max 3757 (258) steps (0.0001 hrs) 0.00:-7996.76 40484 (12) sec
[955] Max 3757 (1953) steps (0.0005 hrs) 0.00:-7996.76 40531 (47) sec
[956] Max 3757 (1909) steps (0.0005 hrs) 0.00:-7996.76 40586 (55) sec
[957] Max 3757 (174) steps (0.0000 hrs) 0.00:-7996.76 40599 (13) sec
[958] Max 3757 (2993) steps (0.0008 hrs) 0.00:-7996.76 40651 (52) sec
[959] Max 3757 (1974) steps (0.0005 hrs) 0.00:-7996.76 40695 (44) sec
[960] Max 3757 (500) steps (0.0001 hrs) 0.00:-7996.76 40708 (13) sec
[961] Max 3757 (2162) steps (0.0006 hrs) 0.00:-7996.76 40749 (41) sec
[962] Max 3757 (2082) steps (0.0006 hrs) 0.00:-7996.76 40766 (17) sec
[963] Max 3757 (2010) steps (0.0006 hrs) 0.00:-7996.76 40796 (30) sec
[964] Max 3757 (3059) steps (0.0008 hrs) 0.00:-7996.76 40848 (52) sec
[965] Max 3757 (1121) steps (0.0003 hrs) 0.00:-7996.76 40864 (16) sec
[966] Max 3757 (1193) steps (0.0003 hrs) 0.00:-7996.76 40879 (15) sec
[967] Max 3757 (118) steps (0.0000 hrs) 0.00:-7996.76 40891 (12) sec
[968] Max 3757 (649) steps (0.0002 hrs) 0.00:-7996.76 40904 (13) sec
[969] Max 3757 (1764) steps (0.0005 hrs) 0.00:-7996.76 40933 (29) sec
[970] Max 3757 (277) steps (0.0001 hrs) 0.00:-7996.76 40946 (13) sec
[971] Max 3757 (1483) steps (0.0004 hrs) 0.00:-7996.76 40960 (14) sec
[972] Max 3757 (2484) steps (0.0007 hrs) 0.00:-7996.76 41017 (57) sec
[973] Max 3757 (477) steps (0.0001 hrs) 0.00:-7996.76 41030 (13) sec
[974] Max 3757 (2233) steps (0.0006 hrs) 0.00:-7996.76 41085 (55) sec
[975] Max 3757 (1840) steps (0.0005 hrs) 0.00:-7996.76 41115 (30) sec
[976] Max 3757 (2234) steps (0.0006 hrs) 0.00:-7996.76 41152 (37) sec
[977] Max 3757 (2165) steps (0.0006 hrs) 0.00:-7996.76 41210 (58) sec
[978] Max 3757 (1936) steps (0.0005 hrs) 0.00:-7996.76 41253 (43) sec
[979] Max 3757 (192) steps (0.0001 hrs) 0.00:-7996.76 41266 (13) sec
[980] Max 3757 (2075) steps (0.0006 hrs) 0.00:-7996.76 41306 (40) sec
[981] Max 3757 (1038) steps (0.0003 hrs) 0.00:-7996.76 41320 (14) sec
[982] Max 3757 (636) steps (0.0002 hrs) 0.00:-7996.76 41333 (13) sec
[983] Max 3757 (780) steps (0.0002 hrs) 0.00:-7996.76 41346 (13) sec
[984] Max 3757 (123) steps (0.0000 hrs) 0.00:-7996.76 41359 (13) sec
[985] Max 3757 (486) steps (0.0001 hrs) 0.00:-7996.76 41373 (14) sec
[986] Max 3757 (2528) steps (0.0007 hrs) 0.00:-7996.76 41429 (56) sec
[987] Max 3757 (2075) steps (0.0006 hrs) 0.00:-7996.76 41480 (51) sec
[988] Max 3757 (78) steps (0.0000 hrs) 0.00:-7996.76 41493 (13) sec
[989] Max 3757 (966) steps (0.0003 hrs) 0.00:-7996.76 41507 (14) sec
[990] Max 3757 (1858) steps (0.0005 hrs) 0.00:-7996.76 41528 (21) sec
[991] Max 3757 (2092) steps (0.0006 hrs) 0.00:-7996.76 41567 (39) sec
[992] Max 3757 (182) steps (0.0001 hrs) 0.00:-7996.76 41580 (13) sec
[993] Max 3757 (460) steps (0.0001 hrs) 0.00:-7996.76 41593 (13) sec
[994] Max 3757 (622) steps (0.0002 hrs) 0.00:-7996.76 41608 (15) sec
[995] Max 3757 (2161) steps (0.0006 hrs) 0.00:-7996.76 41628 (20) sec
[996] Max 3757 (1839) steps (0.0005 hrs) 0.00:-7996.76 41663 (35) sec
[997] Max 3757 (136) steps (0.0000 hrs) 0.00:-7996.76 41676 (13) sec
[998] Max 3757 (96) steps (0.0000 hrs) 0.00:-7996.76 41688 (12) sec
[999] Max 3757 (2622) steps (0.0007 hrs) 0.00:-7996.76 41743 (55) sec
[1000] Max 3757 (204) steps (0.0001 hrs) 0.00:-7996.76 41756 (13) sec
Total Elapsed time: 41756 seconds
Wrote current data to latest.train
