balanced 0 test_flag 0
[1] Ep10000: Max 1626 (1626) steps (0.0005 hrs) 0.00:0.00 29 (29) sec
[2] Ep10000: Max 2141 (2141) steps (0.0006 hrs) 0.00:0.00 70 (41) sec
[3] Ep10000: Max 2859 (2859) steps (0.0008 hrs) 0.00:0.00 110 (40) sec
[4] Ep10000: Max 2859 (391) steps (0.0001 hrs) 0.00:12.82 125 (15) sec
[5] Ep10000: Max 2859 (2489) steps (0.0007 hrs) 0.00:0.00 171 (46) sec
[6] Ep10000: Max 2859 (976) steps (0.0003 hrs) 12.50:0.00 187 (16) sec
[7] Ep10000: Max 2859 (774) steps (0.0002 hrs) 10.99:0.00 203 (16) sec
[8] Ep10000: Max 2859 (2253) steps (0.0006 hrs) 0.00:0.00 257 (54) sec
[9] Ep10000: Max 2859 (2116) steps (0.0006 hrs) 0.00:0.00 304 (47) sec
[10] Ep10000: Max 2859 (2716) steps (0.0008 hrs) 0.00:0.00 358 (54) sec
[11] Ep10000: Max 2859 (2256) steps (0.0006 hrs) 0.00:0.00 396 (38) sec
[12] Ep10000: Max 2859 (2217) steps (0.0006 hrs) 0.00:0.00 429 (33) sec
[13] Ep10000: Max 2859 (2580) steps (0.0007 hrs) 0.00:0.00 464 (35) sec
[14] Ep10000: Max 2859 (420) steps (0.0001 hrs) 0.00:11.32 476 (12) sec
[15] Ep10000: Max 2859 (538) steps (0.0001 hrs) 83.33:0.00 490 (14) sec
[16] Ep10000: Max 2859 (1185) steps (0.0003 hrs) 11.63:0.00 507 (17) sec
[17] Ep10000: Max 2859 (718) steps (0.0002 hrs) 11.67:0.00 520 (13) sec
[18] Ep10000: Max 2859 (2299) steps (0.0006 hrs) 0.00:0.00 556 (36) sec
[19] Ep10000: Max 2859 (1913) steps (0.0005 hrs) 0.00:0.00 601 (45) sec
[20] Ep10000: Max 2859 (533) steps (0.0001 hrs) 16.26:0.00 621 (20) sec
[21] Ep10000: Max 2859 (2561) steps (0.0007 hrs) 0.00:0.00 674 (53) sec
[22] Ep10000: Max 2859 (363) steps (0.0001 hrs) 18.69:0.00 693 (19) sec
[23] Ep10000: Max 2859 (2477) steps (0.0007 hrs) 0.00:0.00 742 (49) sec
[24] Ep10000: Max 2859 (1872) steps (0.0005 hrs) 18.35:0.00 762 (20) sec
[25] Ep10000: Max 2859 (508) steps (0.0001 hrs) 34.48:0.00 780 (18) sec
[26] Ep10000: Max 2859 (440) steps (0.0001 hrs) 14.08:0.00 798 (18) sec
[27] Ep10000: Max 2859 (315) steps (0.0001 hrs) 12.99:0.00 814 (16) sec
[28] Ep10000: Max 2859 (704) steps (0.0002 hrs) 0.00:17.24 830 (16) sec
[29] Ep10000: Max 2859 (2194) steps (0.0006 hrs) 0.00:0.00 875 (45) sec
[30] Ep10000: Max 2859 (2648) steps (0.0007 hrs) 0.00:0.00 922 (47) sec
[31] Ep10000: Max 2859 (397) steps (0.0001 hrs) 14.29:0.00 939 (17) sec
[32] Ep10000: Max 2859 (2649) steps (0.0007 hrs) 0.00:0.00 979 (40) sec
[33] Ep10000: Max 2859 (2255) steps (0.0006 hrs) 0.00:0.00 1015 (36) sec
[34] Ep10000: Max 2859 (418) steps (0.0001 hrs) 0.00:10.20 1030 (15) sec
[35] Ep10000: Max 2859 (656) steps (0.0002 hrs) 13.39:0.00 1044 (14) sec
[36] Ep10000: Max 2859 (577) steps (0.0002 hrs) 22.22:0.00 1057 (13) sec
[37] Ep10000: Max 3308 (3308) steps (0.0009 hrs) 0.00:0.00 1091 (34) sec
[38] Ep10000: Max 3308 (495) steps (0.0001 hrs) 22.73:0.00 1104 (13) sec
[39] Ep10000: Max 3308 (656) steps (0.0002 hrs) 12.10:0.00 1117 (13) sec
[40] Ep10000: Max 3308 (2343) steps (0.0007 hrs) 0.00:0.00 1149 (32) sec
[41] Ep10000: Max 3308 (2650) steps (0.0007 hrs) 0.00:0.00 1185 (36) sec
[42] Ep10000: Max 3308 (672) steps (0.0002 hrs) 11.43:0.00 1203 (18) sec
[43] Ep10000: Max 3308 (922) steps (0.0003 hrs) 14.93:0.00 1223 (20) sec
[44] Ep10000: Max 3308 (764) steps (0.0002 hrs) 16.13:0.00 1242 (19) sec
[45] Ep10000: Max 3308 (533) steps (0.0001 hrs) 12.82:0.00 1266 (24) sec
[46] Ep10000: Max 3308 (491) steps (0.0001 hrs) 13.22:0.00 1286 (20) sec
[47] Ep10000: Max 3308 (2069) steps (0.0006 hrs) 0.00:0.00 1322 (36) sec
[48] Ep10000: Max 3942 (3942) steps (0.0011 hrs) 0.00:0.00 1361 (39) sec
[49] Ep10000: Max 3942 (692) steps (0.0002 hrs) 14.78:0.00 1374 (13) sec
[50] Ep10000: Max 3942 (2125) steps (0.0006 hrs) 0.00:0.00 1409 (35) sec
[51] Ep10000: Max 3942 (297) steps (0.0001 hrs) 11.11:0.00 1421 (12) sec
[52] Ep10000: Max 3942 (558) steps (0.0002 hrs) 0.00:10.64 1435 (14) sec
[53] Ep10000: Max 3942 (443) steps (0.0001 hrs) 15.87:0.00 1446 (11) sec
[54] Ep10000: Max 3942 (1476) steps (0.0004 hrs) 0.00:38.46 1459 (13) sec
[55] Ep10000: Max 3942 (2486) steps (0.0007 hrs) 6.37:6.37 1476 (17) sec
[56] Ep10000: Max 3942 (2539) steps (0.0007 hrs) 0.00:0.00 1517 (41) sec
[57] Ep10000: Max 3942 (569) steps (0.0002 hrs) 11.90:0.00 1532 (15) sec
[58] Ep10000: Max 3942 (373) steps (0.0001 hrs) 14.08:0.00 1547 (15) sec
[59] Ep10000: Max 3942 (536) steps (0.0001 hrs) 18.18:0.00 1563 (16) sec
[60] Ep10000: Max 3942 (2030) steps (0.0006 hrs) 0.00:0.00 1602 (39) sec
[61] Ep10000: Max 3942 (2717) steps (0.0008 hrs) 0.00:0.00 1630 (28) sec
[62] Ep10000: Max 3942 (2134) steps (0.0006 hrs) 0.00:0.00 1663 (33) sec
[63] Ep10000: Max 3942 (451) steps (0.0001 hrs) 15.38:0.00 1676 (13) sec
[64] Ep10000: Max 3942 (632) steps (0.0002 hrs) 18.18:0.00 1688 (12) sec
[65] Ep10000: Max 3942 (589) steps (0.0002 hrs) 19.05:0.00 1700 (12) sec
[66] Ep10000: Max 3942 (2221) steps (0.0006 hrs) 0.00:0.00 1732 (32) sec
[67] Ep10000: Max 3942 (605) steps (0.0002 hrs) 10.53:0.00 1745 (13) sec
[68] Ep10000: Max 3942 (439) steps (0.0001 hrs) 16.53:0.00 1757 (12) sec
[69] Ep10000: Max 3942 (2003) steps (0.0006 hrs) 0.00:0.00 1808 (51) sec
[70] Ep10000: Max 3942 (2339) steps (0.0006 hrs) 0.00:0.00 1850 (42) sec
[71] Ep10000: Max 3942 (1983) steps (0.0006 hrs) 0.00:0.00 1893 (43) sec
[72] Ep10000: Max 3942 (488) steps (0.0001 hrs) 17.54:0.00 1913 (20) sec
[73] Ep10000: Max 3942 (2136) steps (0.0006 hrs) 0.00:0.00 1942 (29) sec
[74] Ep10000: Max 3942 (1923) steps (0.0005 hrs) 0.00:0.00 1971 (29) sec
[75] Ep10000: Max 3942 (1916) steps (0.0005 hrs) 0.00:0.00 2002 (31) sec
[76] Ep10000: Max 3942 (386) steps (0.0001 hrs) 11.36:0.00 2020 (18) sec
[77] Ep10000: Max 3942 (2904) steps (0.0008 hrs) 0.00:0.00 2062 (42) sec
[78] Ep10000: Max 3942 (430) steps (0.0001 hrs) 16.39:0.00 2083 (21) sec
[79] Ep10000: Max 3942 (2376) steps (0.0007 hrs) 0.00:0.00 2127 (44) sec
[80] Ep10000: Max 3942 (2005) steps (0.0006 hrs) 0.00:0.00 2158 (31) sec
[81] Ep10000: Max 3942 (1274) steps (0.0004 hrs) 11.24:0.00 2171 (13) sec
[82] Ep10000: Max 3942 (688) steps (0.0002 hrs) 13.16:0.00 2184 (13) sec
[83] Ep10000: Max 3942 (712) steps (0.0002 hrs) 12.05:0.00 2197 (13) sec
[84] Ep10000: Max 3942 (519) steps (0.0001 hrs) 16.26:0.00 2209 (12) sec
[85] Ep10000: Max 3942 (514) steps (0.0001 hrs) 0.00:15.87 2220 (11) sec
[86] Ep10000: Max 3942 (1945) steps (0.0005 hrs) 0.00:0.00 2260 (40) sec
[87] Ep10000: Max 33199 (33199) steps (0.0092 hrs) 0.00:0.00 2315 (55) sec
[88] Ep10000: Max 33199 (703) steps (0.0002 hrs) 11.56:0.00 2332 (17) sec
[89] Ep10000: Max 33199 (1966) steps (0.0005 hrs) 0.00:0.00 2370 (38) sec
[90] Ep10000: Max 33199 (5345) steps (0.0015 hrs) 11.36:0.00 2395 (25) sec
[91] Ep10000: Max 33199 (385) steps (0.0001 hrs) 12.90:0.00 2410 (15) sec
[92] Ep10000: Max 33199 (452) steps (0.0001 hrs) 13.89:0.00 2426 (16) sec
[93] Ep10000: Max 33199 (2202) steps (0.0006 hrs) 0.00:0.00 2464 (38) sec
[94] Ep10000: Max 33199 (449) steps (0.0001 hrs) 0.00:12.58 2478 (14) sec
[95] Ep10000: Max 33199 (687) steps (0.0002 hrs) 16.95:0.00 2498 (20) sec
[96] Ep10000: Max 33199 (605) steps (0.0002 hrs) 12.15:0.00 2515 (17) sec
[97] Ep10000: Max 33199 (389) steps (0.0001 hrs) 14.42:0.00 2533 (18) sec
[98] Ep10000: Max 33199 (406) steps (0.0001 hrs) 12.74:0.00 2550 (17) sec
[99] Ep10000: Max 33199 (2008) steps (0.0006 hrs) 0.00:0.00 2592 (42) sec
[100] Ep10000: Max 33199 (760) steps (0.0002 hrs) 13.89:0.00 2609 (17) sec
[101] Ep10000: Max 33199 (1573) steps (0.0004 hrs) 0.00:11.49 2624 (15) sec
[102] Ep10000: Max 33199 (2453) steps (0.0007 hrs) 0.00:0.00 2657 (33) sec
[103] Ep10000: Max 33199 (773) steps (0.0002 hrs) 11.63:0.00 2669 (12) sec
[104] Ep10000: Max 33199 (1972) steps (0.0005 hrs) 0.00:0.00 2712 (43) sec
[105] Ep10000: Max 33199 (416) steps (0.0001 hrs) 13.33:0.00 2731 (19) sec
[106] Ep10000: Max 33199 (2095) steps (0.0006 hrs) 0.00:12.50 2753 (22) sec
[107] Ep10000: Max 33199 (2519) steps (0.0007 hrs) 0.00:0.00 2801 (48) sec
[108] Ep10000: Max 33199 (2231) steps (0.0006 hrs) 0.00:0.00 2836 (35) sec
[109] Ep10000: Max 33199 (2386) steps (0.0007 hrs) 0.00:0.00 2877 (41) sec
[110] Ep10000: Max 33199 (583) steps (0.0002 hrs) 18.52:0.00 2890 (13) sec
[111] Ep10000: Max 33199 (344) steps (0.0001 hrs) 11.63:0.00 2902 (12) sec
[112] Ep10000: Max 33199 (485) steps (0.0001 hrs) 13.10:0.00 2914 (12) sec
[113] Ep10000: Max 33199 (1984) steps (0.0006 hrs) 7.81:3.91 2926 (12) sec
[114] Ep10000: Max 33199 (2371) steps (0.0007 hrs) 0.00:0.00 2961 (35) sec
[115] Ep10000: Max 33199 (2372) steps (0.0007 hrs) 15.62:0.00 2985 (24) sec
[116] Ep10000: Max 33199 (2910) steps (0.0008 hrs) 0.00:10.47 3010 (25) sec
[117] Ep10000: Max 33199 (414) steps (0.0001 hrs) 18.18:0.00 3029 (19) sec
[118] Ep10000: Max 33199 (1039) steps (0.0003 hrs) 0.00:14.81 3047 (18) sec
[119] Ep10000: Max 33199 (2191) steps (0.0006 hrs) 0.00:0.00 3093 (46) sec
[120] Ep10000: Max 33199 (391) steps (0.0001 hrs) 142.86:0.00 3105 (12) sec
[121] Ep10000: Max 33199 (2180) steps (0.0006 hrs) 0.00:0.00 3138 (33) sec
[122] Ep10000: Max 33199 (421) steps (0.0001 hrs) 15.87:0.00 3149 (11) sec
[123] Ep10000: Max 33199 (1574) steps (0.0004 hrs) 0.00:12.82 3164 (15) sec
[124] Ep10000: Max 33199 (482) steps (0.0001 hrs) 19.05:0.00 3177 (13) sec
[125] Ep10000: Max 33199 (2009) steps (0.0006 hrs) 13.16:0.00 3203 (26) sec
[126] Ep10000: Max 33199 (802) steps (0.0002 hrs) 62.50:0.00 3223 (20) sec
[127] Ep10000: Max 33199 (491) steps (0.0001 hrs) 16.13:0.00 3241 (18) sec
[128] Ep10000: Max 33199 (2363) steps (0.0007 hrs) 0.00:0.00 3288 (47) sec
[129] Ep10000: Max 33199 (508) steps (0.0001 hrs) 10.00:0.00 3305 (17) sec
[130] Ep10000: Max 33199 (649) steps (0.0002 hrs) 10.42:0.00 3319 (14) sec
[131] Ep10000: Max 33199 (2066) steps (0.0006 hrs) 0.00:0.00 3349 (30) sec
[132] Ep10000: Max 33199 (2113) steps (0.0006 hrs) 23.26:0.00 3367 (18) sec
[133] Ep10000: Max 33199 (2539) steps (0.0007 hrs) 0.00:0.00 3400 (33) sec
[134] Ep10000: Max 33199 (2209) steps (0.0006 hrs) 0.00:0.00 3438 (38) sec
[135] Ep10000: Max 33199 (500) steps (0.0001 hrs) 0.00:15.87 3455 (17) sec
[136] Ep10000: Max 33199 (1931) steps (0.0005 hrs) 0.00:0.00 3497 (42) sec
[137] Ep10000: Max 33199 (354) steps (0.0001 hrs) 34.48:0.00 3513 (16) sec
[138] Ep10000: Max 33199 (429) steps (0.0001 hrs) 19.61:0.00 3530 (17) sec
[139] Ep10000: Max 33199 (363) steps (0.0001 hrs) 12.66:0.00 3543 (13) sec
[140] Ep10000: Max 33199 (5359) steps (0.0015 hrs) 0.00:29.41 3558 (15) sec
[141] Ep10000: Max 33199 (10595) steps (0.0029 hrs) 13.89:0.00 3589 (31) sec
[142] Ep10000: Max 33199 (464) steps (0.0001 hrs) 12.30:0.00 3600 (11) sec
[143] Ep10000: Max 33199 (520) steps (0.0001 hrs) 0.00:13.99 3611 (11) sec
[144] Ep10000: Max 33199 (758) steps (0.0002 hrs) 90.91:0.00 3622 (11) sec
[145] Ep10000: Max 33199 (297) steps (0.0001 hrs) 15.75:0.00 3634 (12) sec
[146] Ep10000: Max 33199 (412) steps (0.0001 hrs) 11.11:0.00 3645 (11) sec
[147] Ep10000: Max 33199 (351) steps (0.0001 hrs) 14.42:0.00 3659 (14) sec
[148] Ep10000: Max 33199 (1910) steps (0.0005 hrs) 0.00:0.00 3691 (32) sec
[149] Ep10000: Max 33199 (699) steps (0.0002 hrs) 12.05:0.00 3704 (13) sec
[150] Ep10000: Max 33199 (2002) steps (0.0006 hrs) 0.00:0.00 3736 (32) sec
[151] Ep10000: Max 33199 (2279) steps (0.0006 hrs) 0.00:0.00 3791 (55) sec
[152] Ep10000: Max 33199 (2384) steps (0.0007 hrs) 0.00:0.00 3830 (39) sec
[153] Ep10000: Max 33199 (2143) steps (0.0006 hrs) 0.00:0.00 3866 (36) sec
[154] Ep10000: Max 33199 (320) steps (0.0001 hrs) 13.16:0.00 3882 (16) sec
[155] Ep10000: Max 33199 (2001) steps (0.0006 hrs) 0.00:0.00 3921 (39) sec
[156] Ep10000: Max 33199 (326) steps (0.0001 hrs) 14.49:0.00 3938 (17) sec
[157] Ep10000: Max 33199 (893) steps (0.0002 hrs) 11.24:0.00 3955 (17) sec
[158] Ep10000: Max 33199 (469) steps (0.0001 hrs) 12.05:0.00 3975 (20) sec
[159] Ep10000: Max 33199 (799) steps (0.0002 hrs) 13.99:0.00 3989 (14) sec
[160] Ep10000: Max 33199 (580) steps (0.0002 hrs) 12.27:0.00 4002 (13) sec
[161] Ep10000: Max 33199 (2847) steps (0.0008 hrs) 0.00:0.00 4038 (36) sec
[162] Ep10000: Max 33199 (574) steps (0.0002 hrs) 0.00:13.89 4051 (13) sec
[163] Ep10000: Max 33199 (2576) steps (0.0007 hrs) 0.00:0.00 4083 (32) sec
[164] Ep10000: Max 33199 (2423) steps (0.0007 hrs) 0.00:0.00 4116 (33) sec
[165] Ep10000: Max 33199 (2156) steps (0.0006 hrs) 0.00:0.00 4146 (30) sec
[166] Ep10000: Max 33199 (815) steps (0.0002 hrs) 0.00:12.66 4159 (13) sec
[167] Ep10000: Max 33199 (1978) steps (0.0005 hrs) 0.00:0.00 4200 (41) sec
[168] Ep10000: Max 33199 (379) steps (0.0001 hrs) 0.00:10.00 4217 (17) sec
[169] Ep10000: Max 33199 (1377) steps (0.0004 hrs) 13.25:0.00 4234 (17) sec
[170] Ep10000: Max 33199 (454) steps (0.0001 hrs) 22.73:0.00 4249 (15) sec
[171] Ep10000: Max 33199 (532) steps (0.0001 hrs) 33.33:0.00 4265 (16) sec
[172] Ep10000: Max 33199 (2095) steps (0.0006 hrs) 0.00:0.00 4307 (42) sec
[173] Ep10000: Max 33199 (2069) steps (0.0006 hrs) 0.00:0.00 4358 (51) sec
[174] Ep10000: Max 33199 (2009) steps (0.0006 hrs) 0.00:0.00 4423 (65) sec
[175] Ep10000: Max 33199 (2877) steps (0.0008 hrs) 0.00:0.00 4470 (47) sec
[176] Ep10000: Max 33199 (457) steps (0.0001 hrs) 19.61:0.00 4488 (18) sec
[177] Ep10000: Max 33199 (2387) steps (0.0007 hrs) 0.00:0.00 4536 (48) sec
[178] Ep10000: Max 33199 (2473) steps (0.0007 hrs) 0.00:12.50 4566 (30) sec
[179] Ep10000: Max 33199 (1094) steps (0.0003 hrs) 13.79:0.00 4585 (19) sec
[180] Ep10000: Max 33199 (2121) steps (0.0006 hrs) 0.00:0.00 4637 (52) sec
[181] Ep10000: Max 33199 (953) steps (0.0003 hrs) 33.33:0.00 4659 (22) sec
[182] Ep10000: Max 33199 (361) steps (0.0001 hrs) 33.33:0.00 4680 (21) sec
[183] Ep10000: Max 33199 (2928) steps (0.0008 hrs) 0.00:0.00 4728 (48) sec
[184] Ep10000: Max 33199 (338) steps (0.0001 hrs) 14.49:0.00 4746 (18) sec
[185] Ep10000: Max 33199 (460) steps (0.0001 hrs) 23.81:0.00 4762 (16) sec
[186] Ep10000: Max 33199 (484) steps (0.0001 hrs) 0.00:12.50 4779 (17) sec
[187] Ep10000: Max 33199 (1434) steps (0.0004 hrs) 10.10:0.00 4801 (22) sec
[188] Ep10000: Max 33199 (2095) steps (0.0006 hrs) 0.00:0.00 4851 (50) sec
[189] Ep10000: Max 33199 (529) steps (0.0001 hrs) 13.89:0.00 4870 (19) sec
[190] Ep10000: Max 33199 (598) steps (0.0002 hrs) 10.05:0.00 4889 (19) sec
[191] Ep10000: Max 33199 (540) steps (0.0002 hrs) 13.70:0.00 4910 (21) sec
[192] Ep10000: Max 33199 (1574) steps (0.0004 hrs) 9.80:4.90 4933 (23) sec
[193] Ep10000: Max 33199 (850) steps (0.0002 hrs) 0.00:10.31 4954 (21) sec
[194] Ep10000: Max 33199 (1663) steps (0.0005 hrs) 11.49:0.00 4973 (19) sec
[195] Ep10000: Max 33199 (2246) steps (0.0006 hrs) 0.00:0.00 5015 (42) sec
[196] Ep10000: Max 33199 (2961) steps (0.0008 hrs) 0.00:0.00 5088 (73) sec
[197] Ep10000: Max 33199 (413) steps (0.0001 hrs) 11.76:0.00 5119 (31) sec
[198] Ep10000: Max 33199 (381) steps (0.0001 hrs) 83.33:0.00 5145 (26) sec
[199] Ep10000: Max 33199 (2358) steps (0.0007 hrs) 0.00:0.00 5208 (63) sec
[200] Ep10000: Max 33199 (2012) steps (0.0006 hrs) 0.00:0.00 5283 (75) sec
[201] Ep10000: Max 33199 (295) steps (0.0001 hrs) 12.82:0.00 5320 (37) sec
[202] Ep10000: Max 33199 (1968) steps (0.0005 hrs) 0.00:0.00 5411 (91) sec
[203] Ep10000: Max 33199 (523) steps (0.0001 hrs) 15.87:0.00 5437 (26) sec
[204] Ep10000: Max 33199 (2127) steps (0.0006 hrs) 0.00:0.00 5508 (71) sec
[205] Ep10000: Max 33199 (1898) steps (0.0005 hrs) 0.00:0.00 5576 (68) sec
[206] Ep10000: Max 33199 (2611) steps (0.0007 hrs) 0.00:0.00 5800 (224) sec
[207] Ep10000: Max 33199 (2683) steps (0.0007 hrs) 0.00:7.25 6215 (415) sec
[208] Ep10000: Max 33199 (442) steps (0.0001 hrs) 14.02:0.00 6338 (123) sec
[209] Ep10000: Max 33199 (897) steps (0.0002 hrs) 11.43:0.00 6462 (124) sec
[210] Ep10000: Max 33199 (2259) steps (0.0006 hrs) 0.00:0.00 6588 (126) sec
[211] Ep10000: Max 33199 (411) steps (0.0001 hrs) 14.29:0.00 6605 (17) sec
[212] Ep10000: Max 33199 (767) steps (0.0002 hrs) 0.00:17.24 6621 (16) sec
[213] Ep10000: Max 33199 (2312) steps (0.0006 hrs) 0.00:0.00 6726 (105) sec
[214] Ep10000: Max 33199 (1889) steps (0.0005 hrs) 0.00:0.00 6833 (107) sec
[215] Ep10000: Max 33199 (394) steps (0.0001 hrs) 19.42:0.00 6845 (12) sec
[216] Ep10000: Max 33199 (2357) steps (0.0007 hrs) 0.00:0.00 6885 (40) sec
[217] Ep10000: Max 33199 (2095) steps (0.0006 hrs) 0.00:0.00 6930 (45) sec
[218] Ep10000: Max 33199 (3020) steps (0.0008 hrs) 0.00:0.00 6959 (29) sec
[219] Ep10000: Max 33199 (421) steps (0.0001 hrs) 10.20:0.00 6983 (24) sec
[220] Ep10000: Max 33199 (499) steps (0.0001 hrs) 12.82:0.00 7019 (36) sec
[221] Ep10000: Max 33199 (2050) steps (0.0006 hrs) 0.00:0.00 7079 (60) sec
[222] Ep10000: Max 33199 (2332) steps (0.0006 hrs) 0.00:0.00 7152 (73) sec
[223] Ep10000: Max 33199 (1068) steps (0.0003 hrs) 16.81:0.00 7179 (27) sec
[224] Ep10000: Max 33199 (2431) steps (0.0007 hrs) 0.00:0.00 7228 (49) sec
[225] Ep10000: Max 33199 (2111) steps (0.0006 hrs) 0.00:0.00 7280 (52) sec
[226] Ep10000: Max 33199 (2498) steps (0.0007 hrs) 13.42:0.00 7326 (46) sec
[227] Ep10000: Max 33199 (1158) steps (0.0003 hrs) 18.69:0.00 7342 (16) sec
[228] Ep10000: Max 33199 (3032) steps (0.0008 hrs) 0.00:0.00 7385 (43) sec
[229] Ep10000: Max 33199 (1804) steps (0.0005 hrs) 0.00:0.00 7440 (55) sec
[230] Ep10000: Max 33199 (2181) steps (0.0006 hrs) 0.00:0.00 7499 (59) sec
[231] Ep10000: Max 33199 (2385) steps (0.0007 hrs) 10.31:0.00 7535 (36) sec
[232] Ep10000: Max 33199 (485) steps (0.0001 hrs) 333.33:0.00 7556 (21) sec
[233] Ep10000: Max 33199 (517) steps (0.0001 hrs) 16.81:0.00 7578 (22) sec
[234] Ep10000: Max 33199 (322) steps (0.0001 hrs) 10.15:0.00 7599 (21) sec
[235] Ep10000: Max 33199 (658) steps (0.0002 hrs) 13.70:0.00 7617 (18) sec
[236] Ep10000: Max 33199 (2406) steps (0.0007 hrs) 0.00:0.00 7672 (55) sec
[237] Ep10000: Max 33199 (690) steps (0.0002 hrs) 14.08:0.00 7696 (24) sec
[238] Ep10000: Max 33199 (551) steps (0.0002 hrs) 14.15:0.00 7720 (24) sec
[239] Ep10000: Max 33199 (1881) steps (0.0005 hrs) 0.00:19.61 7753 (33) sec
[240] Ep10000: Max 33199 (2231) steps (0.0006 hrs) 0.00:0.00 7830 (77) sec
[241] Ep10000: Max 33199 (387) steps (0.0001 hrs) 12.82:0.00 7849 (19) sec
[242] Ep10000: Max 33199 (585) steps (0.0002 hrs) 4.22:8.44 7865 (16) sec
[243] Ep10000: Max 33199 (388) steps (0.0001 hrs) 13.51:0.00 7881 (16) sec
[244] Ep10000: Max 33199 (300) steps (0.0001 hrs) 30.30:0.00 7896 (15) sec
[245] Ep10000: Max 33199 (417) steps (0.0001 hrs) 12.66:0.00 7918 (22) sec
[246] Ep10000: Max 33199 (561) steps (0.0002 hrs) 12.58:0.00 7936 (18) sec
[247] Ep10000: Max 33199 (569) steps (0.0002 hrs) 62.50:0.00 7953 (17) sec
[248] Ep10000: Max 33199 (384) steps (0.0001 hrs) 14.08:0.00 7973 (20) sec
[249] Ep10000: Max 33199 (488) steps (0.0001 hrs) 11.90:0.00 7990 (17) sec
[250] Ep10000: Max 33199 (1044) steps (0.0003 hrs) 0.00:14.71 8003 (13) sec
[251] Ep10000: Max 33199 (377) steps (0.0001 hrs) 12.71:0.00 8016 (13) sec
[252] Ep10000: Max 33199 (552) steps (0.0002 hrs) 11.36:0.00 8030 (14) sec
[253] Ep10000: Max 33199 (347) steps (0.0001 hrs) 14.22:0.00 8043 (13) sec
[254] Ep10000: Max 33199 (295) steps (0.0001 hrs) 19.05:0.00 8056 (13) sec
[255] Ep10000: Max 33199 (416) steps (0.0001 hrs) 10.10:0.00 8069 (13) sec
[256] Ep10000: Max 33199 (2349) steps (0.0007 hrs) 0.00:0.00 8101 (32) sec
[257] Ep10000: Max 33199 (1938) steps (0.0005 hrs) 0.00:0.00 8134 (33) sec
[258] Ep10000: Max 33199 (2030) steps (0.0006 hrs) 0.00:0.00 8172 (38) sec
[259] Ep10000: Max 33199 (817) steps (0.0002 hrs) 11.11:0.00 8186 (14) sec
[260] Ep10000: Max 33199 (358) steps (0.0001 hrs) 0.00:12.61 8200 (14) sec
[261] Ep10000: Max 33199 (948) steps (0.0003 hrs) 10.15:0.00 8215 (15) sec
[262] Ep10000: Max 33199 (893) steps (0.0002 hrs) 0.00:16.00 8230 (15) sec
[263] Ep10000: Max 33199 (1961) steps (0.0005 hrs) 0.00:0.00 8266 (36) sec
[264] Ep10000: Max 33199 (374) steps (0.0001 hrs) 16.95:0.00 8281 (15) sec
[265] Ep10000: Max 33199 (1020) steps (0.0003 hrs) 0.00:13.70 8295 (14) sec
[266] Ep10000: Max 33199 (485) steps (0.0001 hrs) 20.41:0.00 8309 (14) sec
[267] Ep10000: Max 33199 (1182) steps (0.0003 hrs) 14.02:0.00 8322 (13) sec
[268] Ep10000: Max 33199 (525) steps (0.0001 hrs) 10.75:0.00 8335 (13) sec
[269] Ep10000: Max 33199 (333) steps (0.0001 hrs) 10.64:0.00 8348 (13) sec
[270] Ep10000: Max 33199 (2632) steps (0.0007 hrs) 0.00:0.00 8384 (36) sec
[271] Ep10000: Max 33199 (411) steps (0.0001 hrs) 13.33:0.00 8406 (22) sec
[272] Ep10000: Max 33199 (585) steps (0.0002 hrs) 14.60:0.00 8429 (23) sec
[273] Ep10000: Max 33199 (2075) steps (0.0006 hrs) 0.00:0.00 8496 (67) sec
[274] Ep10000: Max 33199 (440) steps (0.0001 hrs) 13.25:0.00 8510 (14) sec
[275] Ep10000: Max 33199 (373) steps (0.0001 hrs) 0.00:14.18 8525 (15) sec
[276] Ep10000: Max 33199 (2241) steps (0.0006 hrs) 0.00:0.00 8573 (48) sec
[277] Ep10000: Max 33199 (2135) steps (0.0006 hrs) 0.00:0.00 8618 (45) sec
[278] Ep10000: Max 33199 (2398) steps (0.0007 hrs) 0.00:0.00 8665 (47) sec
[279] Ep10000: Max 33199 (3201) steps (0.0009 hrs) 0.00:0.00 8707 (42) sec
[280] Ep10000: Max 33199 (2295) steps (0.0006 hrs) 0.00:0.00 8757 (50) sec
[281] Ep10000: Max 33199 (2031) steps (0.0006 hrs) 0.00:0.00 8815 (58) sec
[282] Ep10000: Max 33199 (1970) steps (0.0005 hrs) 0.00:0.00 8880 (65) sec
[283] Ep10000: Max 33199 (2159) steps (0.0006 hrs) 0.00:0.00 8925 (45) sec
[284] Ep10000: Max 33199 (623) steps (0.0002 hrs) 12.88:0.00 8940 (15) sec
[285] Ep10000: Max 33199 (2167) steps (0.0006 hrs) 0.00:0.00 8981 (41) sec
[286] Ep10000: Max 33199 (623) steps (0.0002 hrs) 13.51:0.00 8996 (15) sec
[287] Ep10000: Max 33199 (2441) steps (0.0007 hrs) 0.00:0.00 9031 (35) sec
[288] Ep10000: Max 33199 (1559) steps (0.0004 hrs) 19.61:0.00 9048 (17) sec
[289] Ep10000: Max 33199 (634) steps (0.0002 hrs) 10.20:0.00 9063 (15) sec
[290] Ep10000: Max 33199 (1799) steps (0.0005 hrs) 0.00:0.00 9100 (37) sec
[291] Ep10000: Max 33199 (2152) steps (0.0006 hrs) 0.00:0.00 9137 (37) sec
[292] Ep10000: Max 33199 (1246) steps (0.0003 hrs) 13.70:0.00 9151 (14) sec
[293] Ep10000: Max 33199 (2174) steps (0.0006 hrs) 0.00:0.00 9188 (37) sec
[294] Ep10000: Max 33199 (2179) steps (0.0006 hrs) 0.00:0.00 9226 (38) sec
[295] Ep10000: Max 33199 (441) steps (0.0001 hrs) 15.38:0.00 9241 (15) sec
[296] Ep10000: Max 33199 (610) steps (0.0002 hrs) 10.17:0.00 9256 (15) sec
[297] Ep10000: Max 33199 (1438) steps (0.0004 hrs) 0.00:0.00 9273 (17) sec
[298] Ep10000: Max 33199 (643) steps (0.0002 hrs) 0.00:20.00 9287 (14) sec
[299] Ep10000: Max 33199 (362) steps (0.0001 hrs) 38.46:0.00 9302 (15) sec
[300] Ep10000: Max 33199 (364) steps (0.0001 hrs) 26.32:0.00 9317 (15) sec
[301] Ep10000: Max 33199 (495) steps (0.0001 hrs) 12.82:0.00 9331 (14) sec
[302] Ep10000: Max 33199 (423) steps (0.0001 hrs) 11.49:0.00 9345 (14) sec
[303] Ep10000: Max 33199 (2201) steps (0.0006 hrs) 0.00:0.00 9381 (36) sec
[304] Ep10000: Max 33199 (2028) steps (0.0006 hrs) 0.00:0.00 9423 (42) sec
[305] Ep10000: Max 33199 (2263) steps (0.0006 hrs) 0.00:0.00 9466 (43) sec
[306] Ep10000: Max 33199 (547) steps (0.0002 hrs) 16.81:0.00 9482 (16) sec
[307] Ep10000: Max 33199 (2266) steps (0.0006 hrs) 0.00:0.00 9524 (42) sec
[308] Ep10000: Max 33199 (2251) steps (0.0006 hrs) 0.00:0.00 9561 (37) sec
[309] Ep10000: Max 33199 (482) steps (0.0001 hrs) 22.73:0.00 9575 (14) sec
[310] Ep10000: Max 33199 (764) steps (0.0002 hrs) 21.74:0.00 9590 (15) sec
[311] Ep10000: Max 33199 (2217) steps (0.0006 hrs) 0.00:0.00 9626 (36) sec
[312] Ep10000: Max 33199 (755) steps (0.0002 hrs) 125.00:0.00 9641 (15) sec
[313] Ep10000: Max 33199 (2032) steps (0.0006 hrs) 0.00:0.00 9683 (42) sec
[314] Ep10000: Max 33199 (2299) steps (0.0006 hrs) 16.95:0.00 9702 (19) sec
[315] Ep10000: Max 33199 (416) steps (0.0001 hrs) 18.18:0.00 9717 (15) sec
[316] Ep10000: Max 33199 (2711) steps (0.0008 hrs) 0.00:0.00 9756 (39) sec
[317] Ep10000: Max 33199 (725) steps (0.0002 hrs) 0.00:17.24 9773 (17) sec
[318] Ep10000: Max 33199 (474) steps (0.0001 hrs) 11.56:0.00 9788 (15) sec
[319] Ep10000: Max 33199 (880) steps (0.0002 hrs) 40.00:0.00 9804 (16) sec
[320] Ep10000: Max 33199 (548) steps (0.0002 hrs) 19.05:0.00 9818 (14) sec
[321] Ep10000: Max 33199 (2630) steps (0.0007 hrs) 25.64:0.00 9839 (21) sec
[322] Ep10000: Max 33199 (878) steps (0.0002 hrs) 11.76:0.00 9854 (15) sec
[323] Ep10000: Max 33199 (2178) steps (0.0006 hrs) 0.00:0.00 9893 (39) sec
[324] Ep10000: Max 33199 (1506) steps (0.0004 hrs) 0.00:25.64 9907 (14) sec
[325] Ep10000: Max 33199 (1535) steps (0.0004 hrs) 0.00:13.16 9922 (15) sec
[326] Ep10000: Max 33199 (1349) steps (0.0004 hrs) 18.52:0.00 9936 (14) sec
[327] Ep10000: Max 33199 (2244) steps (0.0006 hrs) 0.00:13.16 9966 (30) sec
[328] Ep10000: Max 33199 (2232) steps (0.0006 hrs) 0.00:0.00 10007 (41) sec
[329] Ep10000: Max 33199 (2919) steps (0.0008 hrs) 0.00:0.00 10047 (40) sec
[330] Ep10000: Max 33199 (1835) steps (0.0005 hrs) 10.31:0.00 10061 (14) sec
[331] Ep10000: Max 33199 (2471) steps (0.0007 hrs) 0.00:0.00 10115 (54) sec
[332] Ep10000: Max 33199 (2393) steps (0.0007 hrs) 12.90:0.00 10142 (27) sec
[333] Ep10000: Max 33199 (2094) steps (0.0006 hrs) 0.00:0.00 10174 (32) sec
[334] Ep10000: Max 33199 (530) steps (0.0001 hrs) 15.15:0.00 10187 (13) sec
[335] Ep10000: Max 33199 (1254) steps (0.0003 hrs) 13.16:0.00 10202 (15) sec
[336] Ep10000: Max 33199 (500) steps (0.0001 hrs) 11.24:0.00 10216 (14) sec
[337] Ep10000: Max 33199 (528) steps (0.0001 hrs) 13.57:0.00 10229 (13) sec
[338] Ep10000: Max 33199 (2361) steps (0.0007 hrs) 0.00:0.00 10265 (36) sec
[339] Ep10000: Max 33199 (2232) steps (0.0006 hrs) 0.00:0.00 10305 (40) sec
[340] Ep10000: Max 33199 (2666) steps (0.0007 hrs) 0.00:0.00 10344 (39) sec
[341] Ep10000: Max 33199 (2003) steps (0.0006 hrs) 0.00:0.00 10387 (43) sec
[342] Ep10000: Max 33199 (722) steps (0.0002 hrs) 12.71:0.00 10400 (13) sec
[343] Ep10000: Max 33199 (2335) steps (0.0006 hrs) 0.00:0.00 10437 (37) sec
[344] Ep10000: Max 33199 (2495) steps (0.0007 hrs) 0.00:0.00 10477 (40) sec
[345] Ep10000: Max 33199 (2093) steps (0.0006 hrs) 0.00:0.00 10514 (37) sec
[346] Ep10000: Max 33199 (485) steps (0.0001 hrs) 12.20:0.00 10529 (15) sec
[347] Ep10000: Max 33199 (504) steps (0.0001 hrs) 17.54:0.00 10543 (14) sec
[348] Ep10000: Max 33199 (869) steps (0.0002 hrs) 0.00:11.56 10556 (13) sec
[349] Ep10000: Max 33199 (360) steps (0.0001 hrs) 0.00:14.22 10570 (14) sec
[350] Ep10000: Max 33199 (2553) steps (0.0007 hrs) 0.00:0.00 10608 (38) sec
[351] Ep10000: Max 33199 (1124) steps (0.0003 hrs) 0.00:10.05 10627 (19) sec
[352] Ep10000: Max 33199 (376) steps (0.0001 hrs) 10.00:0.00 10642 (15) sec
[353] Ep10000: Max 33199 (543) steps (0.0002 hrs) 16.53:0.00 10655 (13) sec
[354] Ep10000: Max 33199 (412) steps (0.0001 hrs) 16.95:0.00 10670 (15) sec
[355] Ep10000: Max 33199 (3411) steps (0.0009 hrs) 0.00:0.00 10711 (41) sec
[356] Ep10000: Max 33199 (1076) steps (0.0003 hrs) 11.56:0.00 10727 (16) sec
[357] Ep10000: Max 33199 (561) steps (0.0002 hrs) 10.99:0.00 10740 (13) sec
[358] Ep10000: Max 33199 (394) steps (0.0001 hrs) 17.09:0.00 10753 (13) sec
[359] Ep10000: Max 33199 (356) steps (0.0001 hrs) 12.50:0.00 10768 (15) sec
[360] Ep10000: Max 33199 (381) steps (0.0001 hrs) 22.22:0.00 10782 (14) sec
[361] Ep10000: Max 33199 (466) steps (0.0001 hrs) 58.82:0.00 10794 (12) sec
[362] Ep10000: Max 33199 (470) steps (0.0001 hrs) 0.00:13.07 10807 (13) sec
[363] Ep10000: Max 33199 (2459) steps (0.0007 hrs) 0.00:3.25 10841 (34) sec
[364] Ep10000: Max 33199 (2473) steps (0.0007 hrs) 0.00:0.00 10884 (43) sec
[365] Ep10000: Max 33199 (1102) steps (0.0003 hrs) 13.04:0.00 10900 (16) sec
[366] Ep10000: Max 33199 (394) steps (0.0001 hrs) 12.88:0.00 10913 (13) sec
[367] Ep10000: Max 33199 (2578) steps (0.0007 hrs) 0.00:0.00 10950 (37) sec
[368] Ep10000: Max 33199 (545) steps (0.0002 hrs) 13.51:0.00 10963 (13) sec
[369] Ep10000: Max 33199 (493) steps (0.0001 hrs) 14.71:0.00 10976 (13) sec
[370] Ep10000: Max 33199 (977) steps (0.0003 hrs) 0.00:14.63 10988 (12) sec
[371] Ep10000: Max 33199 (582) steps (0.0002 hrs) 15.15:0.00 11000 (12) sec
[372] Ep10000: Max 33199 (711) steps (0.0002 hrs) 0.00:12.35 11012 (12) sec
[373] Ep10000: Max 33199 (1975) steps (0.0005 hrs) 0.00:0.00 11042 (30) sec
[374] Ep10000: Max 33199 (2291) steps (0.0006 hrs) 0.00:0.00 11075 (33) sec
[375] Ep10000: Max 33199 (546) steps (0.0002 hrs) 10.42:0.00 11086 (11) sec
[376] Ep10000: Max 33199 (1532) steps (0.0004 hrs) 10.31:0.00 11097 (11) sec
[377] Ep10000: Max 33199 (2058) steps (0.0006 hrs) 0.00:0.00 11141 (44) sec
[378] Ep10000: Max 33199 (2034) steps (0.0006 hrs) 0.00:0.00 11172 (31) sec
[379] Ep10000: Max 33199 (1674) steps (0.0005 hrs) 8.93:0.00 11186 (14) sec
[380] Ep10000: Max 33199 (545) steps (0.0002 hrs) 12.93:0.00 11198 (12) sec
[381] Ep10000: Max 33199 (498) steps (0.0001 hrs) 13.33:0.00 11209 (11) sec
[382] Ep10000: Max 33199 (2543) steps (0.0007 hrs) 0.00:0.00 11239 (30) sec
[383] Ep10000: Max 33199 (424) steps (0.0001 hrs) 14.29:0.00 11249 (10) sec
[384] Ep10000: Max 33199 (477) steps (0.0001 hrs) 11.76:0.00 11260 (11) sec
[385] Ep10000: Max 33199 (319) steps (0.0001 hrs) 0.00:20.83 11272 (12) sec
[386] Ep10000: Max 33199 (536) steps (0.0001 hrs) 8.93:8.93 11283 (11) sec
[387] Ep10000: Max 33199 (398) steps (0.0001 hrs) 0.00:19.05 11295 (12) sec
[388] Ep10000: Max 33199 (466) steps (0.0001 hrs) 14.29:0.00 11306 (11) sec
[389] Ep10000: Max 33199 (645) steps (0.0002 hrs) 10.99:0.00 11317 (11) sec
[390] Ep10000: Max 33199 (2450) steps (0.0007 hrs) 0.00:0.00 11347 (30) sec
[391] Ep10000: Max 33199 (396) steps (0.0001 hrs) 17.86:0.00 11358 (11) sec
[392] Ep10000: Max 33199 (1532) steps (0.0004 hrs) 23.81:0.00 11369 (11) sec
[393] Ep10000: Max 33199 (2135) steps (0.0006 hrs) 0.00:0.00 11398 (29) sec
[394] Ep10000: Max 33199 (1141) steps (0.0003 hrs) 15.62:0.00 11409 (11) sec
[395] Ep10000: Max 33199 (519) steps (0.0001 hrs) 19.61:0.00 11419 (10) sec
[396] Ep10000: Max 33199 (2263) steps (0.0006 hrs) 0.00:0.00 11447 (28) sec
[397] Ep10000: Max 33199 (368) steps (0.0001 hrs) 13.89:0.00 11458 (11) sec
[398] Ep10000: Max 33199 (573) steps (0.0002 hrs) 12.42:0.00 11469 (11) sec
[399] Ep10000: Max 33199 (2588) steps (0.0007 hrs) 0.00:0.00 11499 (30) sec
[400] Ep10000: Max 33199 (502) steps (0.0001 hrs) 13.51:0.00 11511 (12) sec
[401] Ep10000: Max 33199 (571) steps (0.0002 hrs) 11.63:0.00 11523 (12) sec
[402] Ep10000: Max 33199 (896) steps (0.0002 hrs) 20.00:0.00 11536 (13) sec
[403] Ep10000: Max 33199 (507) steps (0.0001 hrs) 0.00:19.61 11549 (13) sec
[404] Ep10000: Max 33199 (2136) steps (0.0006 hrs) 0.00:0.00 11582 (33) sec
[405] Ep10000: Max 33199 (2233) steps (0.0006 hrs) 0.00:0.00 11612 (30) sec
[406] Ep10000: Max 33199 (2028) steps (0.0006 hrs) 0.00:0.00 11641 (29) sec
[407] Ep10000: Max 33199 (2559) steps (0.0007 hrs) 0.00:0.00 11673 (32) sec
[408] Ep10000: Max 33199 (404) steps (0.0001 hrs) 10.87:0.00 11684 (11) sec
[409] Ep10000: Max 33199 (690) steps (0.0002 hrs) 14.81:0.00 11695 (11) sec
[410] Ep10000: Max 33199 (4442) steps (0.0012 hrs) 0.00:0.00 11727 (32) sec
[411] Ep10000: Max 33199 (2189) steps (0.0006 hrs) 0.00:0.00 11760 (33) sec
[412] Ep10000: Max 33199 (981) steps (0.0003 hrs) 0.00:500.00 11773 (13) sec
[413] Ep10000: Max 33199 (1162) steps (0.0003 hrs) 13.25:0.00 11784 (11) sec
[414] Ep10000: Max 33199 (3661) steps (0.0010 hrs) 0.00:18.02 11801 (17) sec
[415] Ep10000: Max 33199 (2591) steps (0.0007 hrs) 0.00:0.00 11832 (31) sec
[416] Ep10000: Max 33199 (394) steps (0.0001 hrs) 14.71:0.00 11845 (13) sec
[417] Ep10000: Max 33199 (619) steps (0.0002 hrs) 18.69:0.00 11856 (11) sec
[418] Ep10000: Max 33199 (2388) steps (0.0007 hrs) 0.00:0.00 11893 (37) sec
[419] Ep10000: Max 33199 (2025) steps (0.0006 hrs) 0.00:9.90 11911 (18) sec
[420] Ep10000: Max 33199 (2598) steps (0.0007 hrs) 0.00:0.00 11943 (32) sec
[421] Ep10000: Max 33199 (435) steps (0.0001 hrs) 27.03:0.00 11955 (12) sec
[422] Ep10000: Max 33199 (407) steps (0.0001 hrs) 12.05:0.00 11967 (12) sec
[423] Ep10000: Max 33199 (589) steps (0.0002 hrs) 18.87:0.00 11980 (13) sec
[424] Ep10000: Max 33199 (502) steps (0.0001 hrs) 10.42:0.00 11992 (12) sec
[425] Ep10000: Max 33199 (2584) steps (0.0007 hrs) 0.00:0.00 12020 (28) sec
[426] Ep10000: Max 33199 (2591) steps (0.0007 hrs) 0.00:0.00 12050 (30) sec
[427] Ep10000: Max 33199 (537) steps (0.0001 hrs) 18.35:0.00 12062 (12) sec
[428] Ep10000: Max 33199 (519) steps (0.0001 hrs) 9.90:0.00 12075 (13) sec
[429] Ep10000: Max 33199 (1074) steps (0.0003 hrs) 30.30:0.00 12087 (12) sec
[430] Ep10000: Max 33199 (2406) steps (0.0007 hrs) 0.00:0.00 12117 (30) sec
[431] Ep10000: Max 33199 (443) steps (0.0001 hrs) 16.81:0.00 12129 (12) sec
[432] Ep10000: Max 33199 (702) steps (0.0002 hrs) 11.36:0.00 12141 (12) sec
[433] Ep10000: Max 33199 (348) steps (0.0001 hrs) 10.31:0.00 12152 (11) sec
[434] Ep10000: Max 33199 (2254) steps (0.0006 hrs) 0.00:0.00 12186 (34) sec
[435] Ep10000: Max 33199 (459) steps (0.0001 hrs) 24.39:0.00 12198 (12) sec
[436] Ep10000: Max 33199 (846) steps (0.0002 hrs) 12.20:0.00 12209 (11) sec
[437] Ep10000: Max 33199 (551) steps (0.0002 hrs) 166.67:0.00 12220 (11) sec
[438] Ep10000: Max 33199 (1265) steps (0.0004 hrs) 10.42:0.00 12232 (12) sec
[439] Ep10000: Max 33199 (2579) steps (0.0007 hrs) 0.00:0.00 12265 (33) sec
[440] Ep10000: Max 33199 (2434) steps (0.0007 hrs) 0.00:0.00 12295 (30) sec
[441] Ep10000: Max 33199 (2530) steps (0.0007 hrs) 0.00:0.00 12326 (31) sec
[442] Ep10000: Max 33199 (1961) steps (0.0005 hrs) 12.66:0.00 12340 (14) sec
[443] Ep10000: Max 33199 (2826) steps (0.0008 hrs) 0.00:0.00 12367 (27) sec
[444] Ep10000: Max 33199 (2000) steps (0.0006 hrs) 11.49:0.00 12380 (13) sec
[445] Ep10000: Max 33199 (688) steps (0.0002 hrs) 15.38:0.00 12391 (11) sec
[446] Ep10000: Max 33199 (2320) steps (0.0006 hrs) 0.00:17.24 12406 (15) sec
[447] Ep10000: Max 33199 (455) steps (0.0001 hrs) 0.00:11.24 12418 (12) sec
[448] Ep10000: Max 33199 (2337) steps (0.0006 hrs) 0.00:10.64 12450 (32) sec
[449] Ep10000: Max 33199 (2115) steps (0.0006 hrs) 0.00:0.00 12499 (49) sec
[450] Ep10000: Max 33199 (425) steps (0.0001 hrs) 100.00:0.00 12509 (10) sec
[451] Ep10000: Max 33199 (2175) steps (0.0006 hrs) 0.00:0.00 12541 (32) sec
[452] Ep10000: Max 33199 (715) steps (0.0002 hrs) 12.05:0.00 12554 (13) sec
[453] Ep10000: Max 33199 (2109) steps (0.0006 hrs) 0.00:0.00 12584 (30) sec
[454] Ep10000: Max 33199 (674) steps (0.0002 hrs) 13.25:0.00 12598 (14) sec
[455] Ep10000: Max 33199 (483) steps (0.0001 hrs) 12.99:0.00 12610 (12) sec
[456] Ep10000: Max 33199 (2106) steps (0.0006 hrs) 0.00:0.00 12639 (29) sec
[457] Ep10000: Max 33199 (2856) steps (0.0008 hrs) 0.00:13.79 12654 (15) sec
[458] Ep10000: Max 33199 (2482) steps (0.0007 hrs) 0.00:0.00 12686 (32) sec
[459] Ep10000: Max 33199 (2360) steps (0.0007 hrs) 0.00:0.00 12715 (29) sec
[460] Ep10000: Max 33199 (839) steps (0.0002 hrs) 19.23:0.00 12726 (11) sec
[461] Ep10000: Max 33199 (566) steps (0.0002 hrs) 15.38:0.00 12737 (11) sec
[462] Ep10000: Max 33199 (452) steps (0.0001 hrs) 0.00:21.28 12749 (12) sec
[463] Ep10000: Max 33199 (2601) steps (0.0007 hrs) 0.00:0.00 12778 (29) sec
[464] Ep10000: Max 33199 (1262) steps (0.0004 hrs) 11.49:0.00 12789 (11) sec
[465] Ep10000: Max 33199 (2867) steps (0.0008 hrs) 0.00:0.00 12816 (27) sec
[466] Ep10000: Max 33199 (470) steps (0.0001 hrs) 18.69:0.00 12827 (11) sec
[467] Ep10000: Max 33199 (598) steps (0.0002 hrs) 13.16:0.00 12838 (11) sec
[468] Ep10000: Max 33199 (2390) steps (0.0007 hrs) 0.00:0.00 12869 (31) sec
[469] Ep10000: Max 33199 (790) steps (0.0002 hrs) 10.05:0.00 12881 (12) sec
[470] Ep10000: Max 33199 (485) steps (0.0001 hrs) 15.87:0.00 12894 (13) sec
[471] Ep10000: Max 33199 (631) steps (0.0002 hrs) 14.71:0.00 12906 (12) sec
[472] Ep10000: Max 33199 (2012) steps (0.0006 hrs) 0.00:0.00 12942 (36) sec
[473] Ep10000: Max 33199 (2306) steps (0.0006 hrs) 0.00:0.00 12970 (28) sec
[474] Ep10000: Max 33199 (2254) steps (0.0006 hrs) 0.00:0.00 12998 (28) sec
[475] Ep10000: Max 33199 (1652) steps (0.0005 hrs) 10.53:0.00 13011 (13) sec
[476] Ep10000: Max 33199 (502) steps (0.0001 hrs) 20.83:0.00 13021 (10) sec
[477] Ep10000: Max 33199 (547) steps (0.0002 hrs) 12.74:0.00 13032 (11) sec
[478] Ep10000: Max 33199 (1834) steps (0.0005 hrs) 0.00:0.00 13059 (27) sec
[479] Ep10000: Max 33199 (2061) steps (0.0006 hrs) 0.00:0.00 13089 (30) sec
[480] Ep10000: Max 33199 (2645) steps (0.0007 hrs) 0.00:0.00 13120 (31) sec
[481] Ep10000: Max 33199 (2264) steps (0.0006 hrs) 10.36:0.00 13135 (15) sec
[482] Ep10000: Max 33199 (3395) steps (0.0009 hrs) 19.05:0.00 13151 (16) sec
[483] Ep10000: Max 33199 (2468) steps (0.0007 hrs) 0.00:0.00 13179 (28) sec
[484] Ep10000: Max 33199 (2912) steps (0.0008 hrs) 0.00:0.00 13210 (31) sec
[485] Ep10000: Max 33199 (423) steps (0.0001 hrs) 12.50:0.00 13221 (11) sec
[486] Ep10000: Max 33199 (2773) steps (0.0008 hrs) 17.70:0.00 13237 (16) sec
[487] Ep10000: Max 33199 (429) steps (0.0001 hrs) 19.23:0.00 13248 (11) sec
[488] Ep10000: Max 33199 (632) steps (0.0002 hrs) 11.76:0.00 13259 (11) sec
[489] Ep10000: Max 33199 (520) steps (0.0001 hrs) 22.73:0.00 13270 (11) sec
[490] Ep10000: Max 33199 (406) steps (0.0001 hrs) 14.49:0.00 13281 (11) sec
[491] Ep10000: Max 33199 (3098) steps (0.0009 hrs) 0.00:0.00 13311 (30) sec
[492] Ep10000: Max 33199 (2372) steps (0.0007 hrs) 0.00:0.00 13342 (31) sec
[493] Ep10000: Max 33199 (731) steps (0.0002 hrs) 10.53:0.00 13353 (11) sec
[494] Ep10000: Max 33199 (885) steps (0.0002 hrs) 11.76:0.00 13365 (12) sec
[495] Ep10000: Max 33199 (2306) steps (0.0006 hrs) 0.00:0.00 13417 (52) sec
[496] Ep10000: Max 33199 (2025) steps (0.0006 hrs) 0.00:0.00 13450 (33) sec
[497] Ep10000: Max 33199 (2297) steps (0.0006 hrs) 0.00:0.00 13478 (28) sec
[498] Ep10000: Max 33199 (296) steps (0.0001 hrs) 16.39:0.00 13490 (12) sec
[499] Ep10000: Max 33199 (453) steps (0.0001 hrs) 10.99:0.00 13503 (13) sec
[500] Ep10000: Max 33199 (2350) steps (0.0007 hrs) 0.00:0.00 13532 (29) sec
[501] Ep10000: Max 33199 (2149) steps (0.0006 hrs) 0.00:0.00 13565 (33) sec
[502] Ep10000: Max 33199 (2677) steps (0.0007 hrs) 0.00:0.00 13593 (28) sec
[503] Ep10000: Max 33199 (782) steps (0.0002 hrs) 0.00:11.90 13606 (13) sec
[504] Ep10000: Max 33199 (893) steps (0.0002 hrs) 0.00:14.93 13620 (14) sec
[505] Ep10000: Max 33199 (361) steps (0.0001 hrs) 11.05:0.00 13633 (13) sec
[506] Ep10000: Max 33199 (2334) steps (0.0006 hrs) 0.00:0.00 13667 (34) sec
[507] Ep10000: Max 33199 (298) steps (0.0001 hrs) 11.30:0.00 13679 (12) sec
[508] Ep10000: Max 33199 (2483) steps (0.0007 hrs) 0.00:0.00 13712 (33) sec
[509] Ep10000: Max 33199 (486) steps (0.0001 hrs) 13.25:0.00 13724 (12) sec
[510] Ep10000: Max 33199 (853) steps (0.0002 hrs) 13.89:0.00 13736 (12) sec
[511] Ep10000: Max 33199 (508) steps (0.0001 hrs) 16.13:0.00 13747 (11) sec
[512] Ep10000: Max 33199 (2188) steps (0.0006 hrs) 0.00:0.00 13791 (44) sec
[513] Ep10000: Max 33199 (418) steps (0.0001 hrs) 19.23:0.00 13802 (11) sec
[514] Ep10000: Max 33199 (676) steps (0.0002 hrs) 14.60:0.00 13814 (12) sec
[515] Ep10000: Max 33199 (773) steps (0.0002 hrs) 18.35:0.00 13827 (13) sec
[516] Ep10000: Max 33199 (556) steps (0.0002 hrs) 24.39:0.00 13839 (12) sec
[517] Ep10000: Max 33199 (783) steps (0.0002 hrs) 62.50:0.00 13851 (12) sec
[518] Ep10000: Max 33199 (757) steps (0.0002 hrs) 11.30:0.00 13864 (13) sec
[519] Ep10000: Max 33199 (427) steps (0.0001 hrs) 21.28:0.00 13876 (12) sec
[520] Ep10000: Max 33199 (680) steps (0.0002 hrs) 14.93:0.00 13888 (12) sec
[521] Ep10000: Max 33199 (325) steps (0.0001 hrs) 90.91:0.00 13900 (12) sec
[522] Ep10000: Max 33199 (539) steps (0.0001 hrs) 10.00:0.00 13913 (13) sec
[523] Ep10000: Max 33199 (446) steps (0.0001 hrs) 30.30:0.00 13925 (12) sec
[524] Ep10000: Max 33199 (550) steps (0.0002 hrs) 14.93:0.00 13936 (11) sec
[525] Ep10000: Max 33199 (2643) steps (0.0007 hrs) 18.18:0.00 13967 (31) sec
[526] Ep10000: Max 33199 (1225) steps (0.0003 hrs) 12.12:0.00 13979 (12) sec
[527] Ep10000: Max 33199 (359) steps (0.0001 hrs) 11.98:0.00 13990 (11) sec
[528] Ep10000: Max 33199 (2169) steps (0.0006 hrs) 0.00:0.00 14019 (29) sec
[529] Ep10000: Max 33199 (2305) steps (0.0006 hrs) 0.00:0.00 14063 (44) sec
[530] Ep10000: Max 33199 (776) steps (0.0002 hrs) 14.29:0.00 14075 (12) sec
[531] Ep10000: Max 33199 (513) steps (0.0001 hrs) 20.83:0.00 14088 (13) sec
[532] Ep10000: Max 33199 (1947) steps (0.0005 hrs) 0.00:0.00 14116 (28) sec
[533] Ep10000: Max 33199 (2406) steps (0.0007 hrs) 0.00:0.00 14151 (35) sec
[534] Ep10000: Max 33199 (2233) steps (0.0006 hrs) 0.00:0.00 14188 (37) sec
[535] Ep10000: Max 33199 (3057) steps (0.0008 hrs) 0.00:0.00 14226 (38) sec
[536] Ep10000: Max 33199 (503) steps (0.0001 hrs) 13.33:0.00 14239 (13) sec
[537] Ep10000: Max 33199 (2241) steps (0.0006 hrs) 0.00:0.00 14272 (33) sec
[538] Ep10000: Max 33199 (2234) steps (0.0006 hrs) 0.00:0.00 14304 (32) sec
[539] Ep10000: Max 33199 (377) steps (0.0001 hrs) 13.64:0.00 14318 (14) sec
[540] Ep10000: Max 33199 (338) steps (0.0001 hrs) 20.83:0.00 14336 (18) sec
[541] Ep10000: Max 33199 (467) steps (0.0001 hrs) 19.61:0.00 14352 (16) sec
[542] Ep10000: Max 33199 (320) steps (0.0001 hrs) 17.24:0.00 14370 (18) sec
[543] Ep10000: Max 33199 (2241) steps (0.0006 hrs) 0.00:0.00 14410 (40) sec
[544] Ep10000: Max 33199 (456) steps (0.0001 hrs) 125.00:0.00 14422 (12) sec
[545] Ep10000: Max 33199 (2540) steps (0.0007 hrs) 0.00:0.00 14454 (32) sec
[546] Ep10000: Max 33199 (2200) steps (0.0006 hrs) 0.00:0.00 14483 (29) sec
[547] Ep10000: Max 33199 (2005) steps (0.0006 hrs) 0.00:0.00 14527 (44) sec
[548] Ep10000: Max 33199 (2131) steps (0.0006 hrs) 0.00:0.00 14563 (36) sec
[549] Ep10000: Max 33199 (747) steps (0.0002 hrs) 10.20:0.00 14575 (12) sec
[550] Ep10000: Max 33199 (2897) steps (0.0008 hrs) 0.00:0.00 14605 (30) sec
[551] Ep10000: Max 33199 (2062) steps (0.0006 hrs) 0.00:0.00 14636 (31) sec
[552] Ep10000: Max 33199 (2600) steps (0.0007 hrs) 0.00:0.00 14665 (29) sec
[553] Ep10000: Max 33199 (2407) steps (0.0007 hrs) 0.00:0.00 14702 (37) sec
[554] Ep10000: Max 33199 (2350) steps (0.0007 hrs) 0.00:0.00 14732 (30) sec
[555] Ep10000: Max 33199 (1738) steps (0.0005 hrs) 0.00:0.00 14756 (24) sec
[556] Ep10000: Max 33199 (620) steps (0.0002 hrs) 18.18:0.00 14769 (13) sec
[557] Ep10000: Max 33199 (1923) steps (0.0005 hrs) 0.00:0.00 14798 (29) sec
[558] Ep10000: Max 33199 (2014) steps (0.0006 hrs) 0.00:0.00 14830 (32) sec
[559] Ep10000: Max 33199 (1454) steps (0.0004 hrs) 13.39:0.00 14843 (13) sec
[560] Ep10000: Max 33199 (1789) steps (0.0005 hrs) 0.00:0.00 14862 (19) sec
[561] Ep10000: Max 33199 (2135) steps (0.0006 hrs) 0.00:0.00 14901 (39) sec
[562] Ep10000: Max 33199 (1262) steps (0.0004 hrs) 0.00:15.04 14914 (13) sec
[563] Ep10000: Max 33199 (520) steps (0.0001 hrs) 12.61:0.00 14930 (16) sec
[564] Ep10000: Max 33199 (967) steps (0.0003 hrs) 14.71:0.00 14944 (14) sec
[565] Ep10000: Max 33199 (833) steps (0.0002 hrs) 18.69:0.00 14958 (14) sec
[566] Ep10000: Max 33199 (3319) steps (0.0009 hrs) 0.00:0.00 14993 (35) sec
[567] Ep10000: Max 33199 (2424) steps (0.0007 hrs) 0.00:0.00 15027 (34) sec
[568] Ep10000: Max 33199 (2437) steps (0.0007 hrs) 0.00:0.00 15066 (39) sec
[569] Ep10000: Max 33199 (2060) steps (0.0006 hrs) 0.00:0.00 15107 (41) sec
[570] Ep10000: Max 33199 (1966) steps (0.0005 hrs) 0.00:0.00 15177 (70) sec
[571] Ep10000: Max 33199 (452) steps (0.0001 hrs) 0.00:11.24 15191 (14) sec
[572] Ep10000: Max 33199 (946) steps (0.0003 hrs) 13.61:0.00 15209 (18) sec
[573] Ep10000: Max 33199 (485) steps (0.0001 hrs) 12.74:0.00 15228 (19) sec
[574] Ep10000: Max 33199 (1961) steps (0.0005 hrs) 0.00:0.00 15285 (57) sec
[575] Ep10000: Max 33199 (596) steps (0.0002 hrs) 9.95:0.00 15303 (18) sec
[576] Ep10000: Max 33199 (3633) steps (0.0010 hrs) 0.00:0.00 15478 (175) sec
[577] Ep10000: Max 33199 (441) steps (0.0001 hrs) 15.87:0.00 15496 (18) sec
[578] Ep10000: Max 33199 (455) steps (0.0001 hrs) 12.50:0.00 15518 (22) sec
[579] Ep10000: Max 33199 (2444) steps (0.0007 hrs) 0.00:0.00 15568 (50) sec
[580] Ep10000: Max 33199 (303) steps (0.0001 hrs) 12.50:0.00 15586 (18) sec
[581] Ep10000: Max 33199 (366) steps (0.0001 hrs) 27.78:0.00 15609 (23) sec
[582] Ep10000: Max 33199 (479) steps (0.0001 hrs) 26.32:0.00 15629 (20) sec
[583] Ep10000: Max 33199 (1193) steps (0.0003 hrs) 13.51:0.00 15649 (20) sec
[584] Ep10000: Max 33199 (603) steps (0.0002 hrs) 16.95:0.00 15670 (21) sec
[585] Ep10000: Max 33199 (691) steps (0.0002 hrs) 14.71:0.00 15687 (17) sec
[586] Ep10000: Max 33199 (295) steps (0.0001 hrs) 13.76:0.00 15704 (17) sec
[587] Ep10000: Max 33199 (432) steps (0.0001 hrs) 25.00:0.00 15724 (20) sec
[588] Ep10000: Max 33199 (714) steps (0.0002 hrs) 12.05:0.00 15744 (20) sec
[589] Ep10000: Max 33199 (1968) steps (0.0005 hrs) 0.00:11.90 15801 (57) sec
[590] Ep10000: Max 33199 (657) steps (0.0002 hrs) 11.05:0.00 15826 (25) sec
[591] Ep10000: Max 33199 (602) steps (0.0002 hrs) 11.30:0.00 15852 (26) sec
[592] Ep10000: Max 33199 (464) steps (0.0001 hrs) 16.13:0.00 15874 (22) sec
[593] Ep10000: Max 33199 (528) steps (0.0001 hrs) 13.51:0.00 15891 (17) sec
[594] Ep10000: Max 33199 (2127) steps (0.0006 hrs) 0.00:0.00 15934 (43) sec
[595] Ep10000: Max 33199 (2064) steps (0.0006 hrs) 0.00:0.00 15973 (39) sec
[596] Ep10000: Max 33199 (455) steps (0.0001 hrs) 0.00:10.42 15990 (17) sec
[597] Ep10000: Max 33199 (403) steps (0.0001 hrs) 11.07:0.00 16004 (14) sec
[598] Ep10000: Max 33199 (618) steps (0.0002 hrs) 15.62:0.00 16018 (14) sec
[599] Ep10000: Max 33199 (1973) steps (0.0005 hrs) 0.00:0.00 16072 (54) sec
[600] Ep10000: Max 33199 (2465) steps (0.0007 hrs) 0.00:0.00 16125 (53) sec
[601] Ep10000: Max 33199 (2114) steps (0.0006 hrs) 0.00:0.00 16178 (53) sec
[602] Ep10000: Max 33199 (575) steps (0.0002 hrs) 12.66:0.00 16199 (21) sec
[603] Ep10000: Max 33199 (1980) steps (0.0006 hrs) 0.00:0.00 16252 (53) sec
[604] Ep10000: Max 33199 (297) steps (0.0001 hrs) 13.57:0.00 16266 (14) sec
[605] Ep10000: Max 33199 (366) steps (0.0001 hrs) 111.11:0.00 16283 (17) sec
[606] Ep10000: Max 33199 (422) steps (0.0001 hrs) 10.53:0.00 16300 (17) sec
[607] Ep10000: Max 33199 (2388) steps (0.0007 hrs) 0.00:0.00 16376 (76) sec
[608] Ep10000: Max 33199 (2268) steps (0.0006 hrs) 0.00:0.00 16435 (59) sec
[609] Ep10000: Max 33199 (2244) steps (0.0006 hrs) 12.27:0.00 16465 (30) sec
[610] Ep10000: Max 33199 (2717) steps (0.0008 hrs) 0.00:0.00 16527 (62) sec
[611] Ep10000: Max 33199 (2342) steps (0.0007 hrs) 0.00:0.00 16589 (62) sec
[612] Ep10000: Max 33199 (294) steps (0.0001 hrs) 15.27:0.00 16612 (23) sec
[613] Ep10000: Max 33199 (915) steps (0.0003 hrs) 13.89:0.00 16633 (21) sec
[614] Ep10000: Max 33199 (2496) steps (0.0007 hrs) 0.00:0.00 16693 (60) sec
[615] Ep10000: Max 33199 (2708) steps (0.0008 hrs) 0.00:0.00 16732 (39) sec
[616] Ep10000: Max 33199 (2243) steps (0.0006 hrs) 0.00:0.00 16774 (42) sec
[617] Ep10000: Max 33199 (2013) steps (0.0006 hrs) 0.00:0.00 16820 (46) sec
[618] Ep10000: Max 33199 (406) steps (0.0001 hrs) 12.45:0.00 16834 (14) sec
[619] Ep10000: Max 33199 (1230) steps (0.0003 hrs) 17.54:0.00 16849 (15) sec
[620] Ep10000: Max 33199 (379) steps (0.0001 hrs) 14.08:0.00 16864 (15) sec
[621] Ep10000: Max 33199 (980) steps (0.0003 hrs) 11.36:0.00 16878 (14) sec
[622] Ep10000: Max 33199 (2186) steps (0.0006 hrs) 0.00:0.00 16921 (43) sec
[623] Ep10000: Max 33199 (407) steps (0.0001 hrs) 0.00:19.42 16939 (18) sec
[624] Ep10000: Max 33199 (871) steps (0.0002 hrs) 25.00:0.00 16957 (18) sec
[625] Ep10000: Max 33199 (513) steps (0.0001 hrs) 22.73:0.00 16976 (19) sec
[626] Ep10000: Max 33199 (489) steps (0.0001 hrs) 62.50:0.00 16992 (16) sec
[627] Ep10000: Max 33199 (2277) steps (0.0006 hrs) 0.00:0.00 17035 (43) sec
[628] Ep10000: Max 33199 (2126) steps (0.0006 hrs) 0.00:0.00 17075 (40) sec
[629] Ep10000: Max 33199 (728) steps (0.0002 hrs) 13.51:0.00 17093 (18) sec
[630] Ep10000: Max 33199 (576) steps (0.0002 hrs) 0.00:12.42 17108 (15) sec
[631] Ep10000: Max 33199 (463) steps (0.0001 hrs) 9.71:0.00 17129 (21) sec
[632] Ep10000: Max 33199 (453) steps (0.0001 hrs) 12.35:0.00 17146 (17) sec
[633] Ep10000: Max 33199 (1905) steps (0.0005 hrs) 0.00:0.00 17185 (39) sec
[634] Ep10000: Max 33199 (2143) steps (0.0006 hrs) 0.00:0.00 17226 (41) sec
[635] Ep10000: Max 33199 (466) steps (0.0001 hrs) 14.18:0.00 17241 (15) sec
[636] Ep10000: Max 33199 (595) steps (0.0002 hrs) 29.41:0.00 17258 (17) sec
[637] Ep10000: Max 33199 (572) steps (0.0002 hrs) 12.12:0.00 17275 (17) sec
[638] Ep10000: Max 33199 (2226) steps (0.0006 hrs) 0.00:0.00 17314 (39) sec
[639] Ep10000: Max 33199 (2231) steps (0.0006 hrs) 0.00:0.00 17366 (52) sec
[640] Ep10000: Max 33199 (466) steps (0.0001 hrs) 13.70:0.00 17382 (16) sec
[641] Ep10000: Max 33199 (2019) steps (0.0006 hrs) 0.00:0.00 17417 (35) sec
[642] Ep10000: Max 33199 (1027) steps (0.0003 hrs) 17.86:0.00 17429 (12) sec
[643] Ep10000: Max 33199 (2139) steps (0.0006 hrs) 0.00:0.00 17457 (28) sec
[644] Ep10000: Max 33199 (496) steps (0.0001 hrs) 16.95:0.00 17468 (11) sec
[645] Ep10000: Max 33199 (706) steps (0.0002 hrs) 27.03:0.00 17479 (11) sec
[646] Ep10000: Max 33199 (2925) steps (0.0008 hrs) 0.00:0.00 17509 (30) sec
[647] Ep10000: Max 33199 (1955) steps (0.0005 hrs) 0.00:0.00 17541 (32) sec
[648] Ep10000: Max 33199 (2218) steps (0.0006 hrs) 0.00:0.00 17572 (31) sec
[649] Ep10000: Max 33199 (377) steps (0.0001 hrs) 11.36:0.00 17586 (14) sec
[650] Ep10000: Max 33199 (389) steps (0.0001 hrs) 14.08:0.00 17600 (14) sec
[651] Ep10000: Max 33199 (347) steps (0.0001 hrs) 16.95:0.00 17613 (13) sec
[652] Ep10000: Max 33199 (1981) steps (0.0006 hrs) 0.00:0.00 17645 (32) sec
[653] Ep10000: Max 33199 (551) steps (0.0002 hrs) 18.18:0.00 17657 (12) sec
[654] Ep10000: Max 33199 (378) steps (0.0001 hrs) 11.76:0.00 17668 (11) sec
[655] Ep10000: Max 33199 (2659) steps (0.0007 hrs) 0.00:0.00 17701 (33) sec
[656] Ep10000: Max 33199 (2116) steps (0.0006 hrs) 0.00:0.00 17731 (30) sec
[657] Ep10000: Max 33199 (2955) steps (0.0008 hrs) 0.00:3.25 17762 (31) sec
[658] Ep10000: Max 33199 (454) steps (0.0001 hrs) 14.18:0.00 17774 (12) sec
[659] Ep10000: Max 33199 (2401) steps (0.0007 hrs) 0.00:0.00 17803 (29) sec
[660] Ep10000: Max 33199 (470) steps (0.0001 hrs) 17.24:0.00 17814 (11) sec
[661] Ep10000: Max 33199 (506) steps (0.0001 hrs) 18.18:0.00 17826 (12) sec
[662] Ep10000: Max 33199 (1912) steps (0.0005 hrs) 13.70:0.00 17839 (13) sec
[663] Ep10000: Max 33199 (452) steps (0.0001 hrs) 41.67:0.00 17852 (13) sec
[664] Ep10000: Max 33199 (1274) steps (0.0004 hrs) 0.00:19.42 17864 (12) sec
[665] Ep10000: Max 33199 (1260) steps (0.0004 hrs) 12.82:0.00 17875 (11) sec
[666] Ep10000: Max 33199 (557) steps (0.0002 hrs) 18.02:0.00 17886 (11) sec
[667] Ep10000: Max 33199 (849) steps (0.0002 hrs) 16.95:0.00 17898 (12) sec
[668] Ep10000: Max 33199 (458) steps (0.0001 hrs) 11.24:0.00 17909 (11) sec
[669] Ep10000: Max 33199 (2076) steps (0.0006 hrs) 0.00:0.00 17939 (30) sec
[670] Ep10000: Max 33199 (2202) steps (0.0006 hrs) 0.00:0.00 17971 (32) sec
[671] Ep10000: Max 33199 (2048) steps (0.0006 hrs) 0.00:0.00 18001 (30) sec
[672] Ep10000: Max 33199 (443) steps (0.0001 hrs) 13.16:0.00 18013 (12) sec
[673] Ep10000: Max 33199 (1257) steps (0.0003 hrs) 26.32:0.00 18027 (14) sec
[674] Ep10000: Max 33199 (2485) steps (0.0007 hrs) 0.00:0.00 18056 (29) sec
[675] Ep10000: Max 33199 (2138) steps (0.0006 hrs) 0.00:0.00 18083 (27) sec
[676] Ep10000: Max 33199 (1013) steps (0.0003 hrs) 15.04:0.00 18095 (12) sec
[677] Ep10000: Max 33199 (846) steps (0.0002 hrs) 30.30:0.00 18107 (12) sec
[678] Ep10000: Max 33199 (1859) steps (0.0005 hrs) 0.00:0.00 18137 (30) sec
[679] Ep10000: Max 33199 (2125) steps (0.0006 hrs) 0.00:0.00 18172 (35) sec
[680] Ep10000: Max 33199 (567) steps (0.0002 hrs) 16.53:0.00 18184 (12) sec
[681] Ep10000: Max 33199 (2205) steps (0.0006 hrs) 0.00:0.00 18213 (29) sec
[682] Ep10000: Max 33199 (1038) steps (0.0003 hrs) 0.00:14.29 18225 (12) sec
[683] Ep10000: Max 33199 (2243) steps (0.0006 hrs) 0.00:0.00 18257 (32) sec
[684] Ep10000: Max 33199 (878) steps (0.0002 hrs) 10.15:0.00 18269 (12) sec
[685] Ep10000: Max 33199 (494) steps (0.0001 hrs) 14.29:0.00 18281 (12) sec
[686] Ep10000: Max 33199 (360) steps (0.0001 hrs) 0.00:16.13 18294 (13) sec
[687] Ep10000: Max 33199 (2155) steps (0.0006 hrs) 3.40:0.00 18319 (25) sec
[688] Ep10000: Max 33199 (576) steps (0.0002 hrs) 13.70:0.00 18329 (10) sec
[689] Ep10000: Max 33199 (327) steps (0.0001 hrs) 12.82:0.00 18339 (10) sec
[690] Ep10000: Max 33199 (372) steps (0.0001 hrs) 12.35:0.00 18350 (11) sec
[691] Ep10000: Max 33199 (2620) steps (0.0007 hrs) 0.00:0.00 18378 (28) sec
[692] Ep10000: Max 33199 (2316) steps (0.0006 hrs) 0.00:0.00 18406 (28) sec
[693] Ep10000: Max 33199 (484) steps (0.0001 hrs) 12.15:0.00 18417 (11) sec
[694] Ep10000: Max 33199 (406) steps (0.0001 hrs) 11.90:0.00 18429 (12) sec
[695] Ep10000: Max 33199 (414) steps (0.0001 hrs) 15.04:0.00 18440 (11) sec
[696] Ep10000: Max 33199 (421) steps (0.0001 hrs) 18.87:0.00 18451 (11) sec
[697] Ep10000: Max 33199 (345) steps (0.0001 hrs) 15.04:0.00 18462 (11) sec
[698] Ep10000: Max 33199 (2132) steps (0.0006 hrs) 0.00:0.00 18492 (30) sec
[699] Ep10000: Max 33199 (714) steps (0.0002 hrs) 19.61:0.00 18504 (12) sec
[700] Ep10000: Max 33199 (2455) steps (0.0007 hrs) 0.00:0.00 18539 (35) sec
[701] Ep10000: Max 33199 (2143) steps (0.0006 hrs) 0.00:0.00 18568 (29) sec
[702] Ep10000: Max 33199 (2514) steps (0.0007 hrs) 0.00:0.00 18599 (31) sec
[703] Ep10000: Max 33199 (455) steps (0.0001 hrs) 11.24:0.00 18611 (12) sec
[704] Ep10000: Max 33199 (2265) steps (0.0006 hrs) 0.00:0.00 18641 (30) sec
[705] Ep10000: Max 33199 (2558) steps (0.0007 hrs) 0.00:0.00 18675 (34) sec
[706] Ep10000: Max 33199 (671) steps (0.0002 hrs) 12.00:0.00 18693 (18) sec
[707] Ep10000: Max 33199 (2011) steps (0.0006 hrs) 0.00:0.00 18727 (34) sec
[708] Ep10000: Max 33199 (2379) steps (0.0007 hrs) 0.00:0.00 18757 (30) sec
[709] Ep10000: Max 33199 (1934) steps (0.0005 hrs) 0.00:0.00 18790 (33) sec
[710] Ep10000: Max 33199 (2055) steps (0.0006 hrs) 0.00:0.00 18826 (36) sec
[711] Ep10000: Max 33199 (768) steps (0.0002 hrs) 21.74:0.00 18837 (11) sec
[712] Ep10000: Max 33199 (2213) steps (0.0006 hrs) 0.00:0.00 18867 (30) sec
[713] Ep10000: Max 33199 (473) steps (0.0001 hrs) 14.93:0.00 18879 (12) sec
[714] Ep10000: Max 33199 (576) steps (0.0002 hrs) 10.20:0.00 18890 (11) sec
[715] Ep10000: Max 33199 (728) steps (0.0002 hrs) 37.04:0.00 18903 (13) sec
[716] Ep10000: Max 33199 (412) steps (0.0001 hrs) 83.33:0.00 18914 (11) sec
[717] Ep10000: Max 33199 (2499) steps (0.0007 hrs) 0.00:0.00 18946 (32) sec
[718] Ep10000: Max 33199 (506) steps (0.0001 hrs) 10.36:0.00 18959 (13) sec
[719] Ep10000: Max 33199 (2210) steps (0.0006 hrs) 0.00:0.00 18990 (31) sec
[720] Ep10000: Max 33199 (2267) steps (0.0006 hrs) 0.00:0.00 19021 (31) sec
[721] Ep10000: Max 33199 (435) steps (0.0001 hrs) 14.29:0.00 19034 (13) sec
[722] Ep10000: Max 33199 (1928) steps (0.0005 hrs) 0.00:0.00 19081 (47) sec
[723] Ep10000: Max 33199 (378) steps (0.0001 hrs) 14.71:0.00 19093 (12) sec
[724] Ep10000: Max 33199 (396) steps (0.0001 hrs) 17.24:0.00 19105 (12) sec
[725] Ep10000: Max 33199 (2800) steps (0.0008 hrs) 0.00:0.00 19136 (31) sec
[726] Ep10000: Max 33199 (463) steps (0.0001 hrs) 0.00:13.89 19148 (12) sec
[727] Ep10000: Max 33199 (422) steps (0.0001 hrs) 18.02:0.00 19159 (11) sec
[728] Ep10000: Max 33199 (490) steps (0.0001 hrs) 15.75:0.00 19170 (11) sec
[729] Ep10000: Max 33199 (1280) steps (0.0004 hrs) 12.55:0.00 19181 (11) sec
[730] Ep10000: Max 33199 (2583) steps (0.0007 hrs) 0.00:0.00 19210 (29) sec
[731] Ep10000: Max 33199 (397) steps (0.0001 hrs) 12.82:0.00 19222 (12) sec
[732] Ep10000: Max 33199 (1986) steps (0.0006 hrs) 0.00:0.00 19250 (28) sec
[733] Ep10000: Max 33199 (1046) steps (0.0003 hrs) 0.00:0.00 19262 (12) sec
[734] Ep10000: Max 33199 (2480) steps (0.0007 hrs) 0.00:0.00 19295 (33) sec
[735] Ep10000: Max 33199 (2264) steps (0.0006 hrs) 0.00:0.00 19326 (31) sec
[736] Ep10000: Max 33199 (1404) steps (0.0004 hrs) 0.00:13.25 19340 (14) sec
[737] Ep10000: Max 33199 (8818) steps (0.0024 hrs) 0.00:0.00 19374 (34) sec
[738] Ep10000: Max 33199 (2044) steps (0.0006 hrs) 0.00:0.00 19405 (31) sec
[739] Ep10000: Max 33199 (481) steps (0.0001 hrs) 10.10:0.00 19417 (12) sec
[740] Ep10000: Max 33199 (529) steps (0.0001 hrs) 30.30:0.00 19430 (13) sec
[741] Ep10000: Max 33199 (2323) steps (0.0006 hrs) 0.00:0.00 19461 (31) sec
[742] Ep10000: Max 33199 (1245) steps (0.0003 hrs) 16.39:0.00 19480 (19) sec
[743] Ep10000: Max 33199 (2015) steps (0.0006 hrs) 11.07:0.00 19497 (17) sec
[744] Ep10000: Max 33199 (428) steps (0.0001 hrs) 11.24:0.00 19510 (13) sec
[745] Ep10000: Max 33199 (449) steps (0.0001 hrs) 17.09:0.00 19523 (13) sec
[746] Ep10000: Max 33199 (6229) steps (0.0017 hrs) 0.00:0.00 19557 (34) sec
[747] Ep10000: Max 33199 (614) steps (0.0002 hrs) 0.00:13.16 19570 (13) sec
[748] Ep10000: Max 33199 (383) steps (0.0001 hrs) 16.39:0.00 19582 (12) sec
[749] Ep10000: Max 33199 (895) steps (0.0002 hrs) 0.00:10.99 19595 (13) sec
[750] Ep10000: Max 33199 (2673) steps (0.0007 hrs) 0.00:0.00 19630 (35) sec
[751] Ep10000: Max 33199 (532) steps (0.0001 hrs) 12.99:0.00 19642 (12) sec
[752] Ep10000: Max 33199 (1617) steps (0.0004 hrs) 8.33:0.00 19666 (24) sec
[753] Ep10000: Max 33199 (480) steps (0.0001 hrs) 17.24:0.00 19679 (13) sec
[754] Ep10000: Max 33199 (399) steps (0.0001 hrs) 10.53:0.00 19693 (14) sec
[755] Ep10000: Max 33199 (498) steps (0.0001 hrs) 18.35:0.00 19707 (14) sec
[756] Ep10000: Max 33199 (940) steps (0.0003 hrs) 0.00:18.52 19724 (17) sec
[757] Ep10000: Max 33199 (480) steps (0.0001 hrs) 13.70:0.00 19737 (13) sec
[758] Ep10000: Max 33199 (531) steps (0.0001 hrs) 12.35:0.00 19750 (13) sec
[759] Ep10000: Max 33199 (589) steps (0.0002 hrs) 14.49:0.00 19763 (13) sec
[760] Ep10000: Max 33199 (365) steps (0.0001 hrs) 12.42:0.00 19775 (12) sec
[761] Ep10000: Max 33199 (1421) steps (0.0004 hrs) 22.73:0.00 19789 (14) sec
[762] Ep10000: Max 33199 (2561) steps (0.0007 hrs) 0.00:0.00 19822 (33) sec
[763] Ep10000: Max 33199 (585) steps (0.0002 hrs) 20.83:0.00 19834 (12) sec
[764] Ep10000: Max 33199 (382) steps (0.0001 hrs) 11.76:0.00 19845 (11) sec
[765] Ep10000: Max 33199 (1975) steps (0.0005 hrs) 0.00:0.00 19879 (34) sec
[766] Ep10000: Max 33199 (2005) steps (0.0006 hrs) 0.00:0.00 19909 (30) sec
[767] Ep10000: Max 33199 (421) steps (0.0001 hrs) 18.87:0.00 19921 (12) sec
[768] Ep10000: Max 33199 (2049) steps (0.0006 hrs) 0.00:0.00 19954 (33) sec
[769] Ep10000: Max 33199 (2338) steps (0.0006 hrs) 0.00:0.00 19988 (34) sec
[770] Ep10000: Max 33199 (2846) steps (0.0008 hrs) 0.00:0.00 20020 (32) sec
[771] Ep10000: Max 33199 (2606) steps (0.0007 hrs) 0.00:0.00 20057 (37) sec
[772] Ep10000: Max 33199 (1883) steps (0.0005 hrs) 12.20:0.00 20077 (20) sec
[773] Ep10000: Max 33199 (2020) steps (0.0006 hrs) 0.00:12.05 20099 (22) sec
[774] Ep10000: Max 33199 (381) steps (0.0001 hrs) 0.00:11.03 20112 (13) sec
[775] Ep10000: Max 33199 (473) steps (0.0001 hrs) 0.00:11.98 20124 (12) sec
[776] Ep10000: Max 33199 (1865) steps (0.0005 hrs) 11.90:0.00 20139 (15) sec
[777] Ep10000: Max 33199 (393) steps (0.0001 hrs) 16.67:0.00 20150 (11) sec
[778] Ep10000: Max 33199 (12210) steps (0.0034 hrs) 0.00:2.26 20184 (34) sec
[779] Ep10000: Max 33199 (404) steps (0.0001 hrs) 0.00:19.61 20196 (12) sec
[780] Ep10000: Max 33199 (2407) steps (0.0007 hrs) 0.00:0.00 20250 (54) sec
[781] Ep10000: Max 33199 (507) steps (0.0001 hrs) 0.00:10.99 20261 (11) sec
[782] Ep10000: Max 33199 (2103) steps (0.0006 hrs) 0.00:0.00 20293 (32) sec
[783] Ep10000: Max 33199 (522) steps (0.0001 hrs) 18.18:0.00 20305 (12) sec
[784] Ep10000: Max 33199 (380) steps (0.0001 hrs) 12.74:0.00 20318 (13) sec
[785] Ep10000: Max 33199 (561) steps (0.0002 hrs) 10.93:0.00 20332 (14) sec
[786] Ep10000: Max 33199 (2451) steps (0.0007 hrs) 0.00:0.00 20364 (32) sec
[787] Ep10000: Max 33199 (668) steps (0.0002 hrs) 11.36:0.00 20377 (13) sec
[788] Ep10000: Max 33199 (1348) steps (0.0004 hrs) 13.95:0.00 20392 (15) sec
[789] Ep10000: Max 33199 (1947) steps (0.0005 hrs) 0.00:10.53 20407 (15) sec
[790] Ep10000: Max 33199 (2515) steps (0.0007 hrs) 0.00:0.00 20438 (31) sec
[791] Ep10000: Max 33199 (1134) steps (0.0003 hrs) 10.53:0.00 20451 (13) sec
[792] Ep10000: Max 33199 (2821) steps (0.0008 hrs) 0.00:0.00 20480 (29) sec
[793] Ep10000: Max 33199 (945) steps (0.0003 hrs) 13.42:0.00 20493 (13) sec
[794] Ep10000: Max 33199 (1884) steps (0.0005 hrs) 0.00:0.00 20514 (21) sec
[795] Ep10000: Max 33199 (390) steps (0.0001 hrs) 12.50:0.00 20525 (11) sec
[796] Ep10000: Max 33199 (1927) steps (0.0005 hrs) 0.00:0.00 20553 (28) sec
[797] Ep10000: Max 33199 (414) steps (0.0001 hrs) 0.00:14.60 20564 (11) sec
[798] Ep10000: Max 33199 (1973) steps (0.0005 hrs) 7.19:0.00 20596 (32) sec
[799] Ep10000: Max 33199 (384) steps (0.0001 hrs) 11.76:0.00 20607 (11) sec
[800] Ep10000: Max 33199 (2633) steps (0.0007 hrs) 0.00:0.00 20637 (30) sec
[801] Ep10000: Max 33199 (1198) steps (0.0003 hrs) 27.78:0.00 20648 (11) sec
[802] Ep10000: Max 33199 (522) steps (0.0001 hrs) 40.00:0.00 20659 (11) sec
[803] Ep10000: Max 33199 (621) steps (0.0002 hrs) 13.16:0.00 20671 (12) sec
[804] Ep10000: Max 33199 (465) steps (0.0001 hrs) 19.23:0.00 20683 (12) sec
[805] Ep10000: Max 33199 (1348) steps (0.0004 hrs) 16.67:0.00 20694 (11) sec
[806] Ep10000: Max 33199 (311) steps (0.0001 hrs) 18.87:0.00 20706 (12) sec
[807] Ep10000: Max 33199 (2595) steps (0.0007 hrs) 0.00:0.00 20739 (33) sec
[808] Ep10000: Max 33199 (1812) steps (0.0005 hrs) 0.00:0.00 20759 (20) sec
[809] Ep10000: Max 33199 (893) steps (0.0002 hrs) 0.00:13.22 20772 (13) sec
[810] Ep10000: Max 33199 (2144) steps (0.0006 hrs) 0.00:0.00 20804 (32) sec
[811] Ep10000: Max 33199 (465) steps (0.0001 hrs) 17.86:0.00 20816 (12) sec
[812] Ep10000: Max 33199 (512) steps (0.0001 hrs) 17.09:0.00 20829 (13) sec
[813] Ep10000: Max 33199 (320) steps (0.0001 hrs) 30.30:0.00 20841 (12) sec
[814] Ep10000: Max 33199 (690) steps (0.0002 hrs) 11.90:0.00 20853 (12) sec
[815] Ep10000: Max 33199 (392) steps (0.0001 hrs) 15.27:0.00 20863 (10) sec
[816] Ep10000: Max 33199 (416) steps (0.0001 hrs) 10.87:0.00 20874 (11) sec
[817] Ep10000: Max 33199 (2159) steps (0.0006 hrs) 0.00:0.00 20904 (30) sec
[818] Ep10000: Max 33199 (1998) steps (0.0006 hrs) 18.52:0.00 20918 (14) sec
[819] Ep10000: Max 33199 (2000) steps (0.0006 hrs) 0.00:0.00 20954 (36) sec
[820] Ep10000: Max 33199 (407) steps (0.0001 hrs) 0.00:16.95 20967 (13) sec
[821] Ep10000: Max 33199 (1837) steps (0.0005 hrs) 0.00:0.00 20997 (30) sec
[822] Ep10000: Max 33199 (2332) steps (0.0006 hrs) 0.00:0.00 21029 (32) sec
[823] Ep10000: Max 33199 (1922) steps (0.0005 hrs) 0.00:0.00 21058 (29) sec
[824] Ep10000: Max 33199 (2377) steps (0.0007 hrs) 0.00:0.00 21090 (32) sec
[825] Ep10000: Max 33199 (466) steps (0.0001 hrs) 17.54:0.00 21102 (12) sec
[826] Ep10000: Max 33199 (1639) steps (0.0005 hrs) 16.95:0.00 21115 (13) sec
[827] Ep10000: Max 33199 (401) steps (0.0001 hrs) 12.20:0.00 21128 (13) sec
[828] Ep10000: Max 33199 (2419) steps (0.0007 hrs) 0.00:0.00 21172 (44) sec
[829] Ep10000: Max 33199 (2237) steps (0.0006 hrs) 0.00:0.00 21202 (30) sec
[830] Ep10000: Max 33199 (1812) steps (0.0005 hrs) 0.00:0.00 21231 (29) sec
[831] Ep10000: Max 33199 (2312) steps (0.0006 hrs) 0.00:0.00 21270 (39) sec
[832] Ep10000: Max 33199 (552) steps (0.0002 hrs) 200.00:0.00 21282 (12) sec
[833] Ep10000: Max 33199 (525) steps (0.0001 hrs) 16.39:0.00 21296 (14) sec
[834] Ep10000: Max 33199 (535) steps (0.0001 hrs) 0.00:9.90 21307 (11) sec
[835] Ep10000: Max 33199 (401) steps (0.0001 hrs) 14.71:0.00 21319 (12) sec
[836] Ep10000: Max 33199 (1684) steps (0.0005 hrs) 0.00:0.00 21348 (29) sec
[837] Ep10000: Max 33199 (297) steps (0.0001 hrs) 10.42:0.00 21359 (11) sec
[838] Ep10000: Max 33199 (2216) steps (0.0006 hrs) 0.00:0.00 21388 (29) sec
[839] Ep10000: Max 33199 (441) steps (0.0001 hrs) 9.48:4.74 21399 (11) sec
[840] Ep10000: Max 33199 (2061) steps (0.0006 hrs) 0.00:0.00 21427 (28) sec
[841] Ep10000: Max 33199 (475) steps (0.0001 hrs) 12.66:0.00 21438 (11) sec
[842] Ep10000: Max 33199 (574) steps (0.0002 hrs) 0.00:13.42 21449 (11) sec
[843] Ep10000: Max 33199 (313) steps (0.0001 hrs) 12.12:0.00 21460 (11) sec
[844] Ep10000: Max 33199 (2925) steps (0.0008 hrs) 0.00:0.00 21488 (28) sec
[845] Ep10000: Max 33199 (393) steps (0.0001 hrs) 15.62:0.00 21498 (10) sec
[846] Ep10000: Max 33199 (719) steps (0.0002 hrs) 10.87:0.00 21510 (12) sec
[847] Ep10000: Max 33199 (981) steps (0.0003 hrs) 23.81:0.00 21520 (10) sec
[848] Ep10000: Max 33199 (610) steps (0.0002 hrs) 15.04:0.00 21530 (10) sec
[849] Ep10000: Max 33199 (445) steps (0.0001 hrs) 34.48:0.00 21541 (11) sec
[850] Ep10000: Max 33199 (1894) steps (0.0005 hrs) 0.00:0.00 21571 (30) sec
[851] Ep10000: Max 33199 (375) steps (0.0001 hrs) 0.00:12.20 21582 (11) sec
[852] Ep10000: Max 33199 (3663) steps (0.0010 hrs) 250.00:0.00 21596 (14) sec
[853] Ep10000: Max 33199 (445) steps (0.0001 hrs) 11.56:0.00 21607 (11) sec
[854] Ep10000: Max 33199 (421) steps (0.0001 hrs) 18.52:0.00 21618 (11) sec
[855] Ep10000: Max 33199 (451) steps (0.0001 hrs) 12.88:0.00 21629 (11) sec
[856] Ep10000: Max 33199 (2195) steps (0.0006 hrs) 0.00:0.00 21656 (27) sec
[857] Ep10000: Max 33199 (874) steps (0.0002 hrs) 12.20:0.00 21668 (12) sec
[858] Ep10000: Max 33199 (2244) steps (0.0006 hrs) 0.00:0.00 21697 (29) sec
[859] Ep10000: Max 33199 (2191) steps (0.0006 hrs) 0.00:0.00 21725 (28) sec
[860] Ep10000: Max 33199 (21558) steps (0.0060 hrs) 12.27:0.00 21752 (27) sec
[861] Ep10000: Max 33199 (692) steps (0.0002 hrs) 11.70:0.00 21764 (12) sec
[862] Ep10000: Max 33199 (2113) steps (0.0006 hrs) 0.00:0.00 21793 (29) sec
[863] Ep10000: Max 33199 (2317) steps (0.0006 hrs) 0.00:0.00 21819 (26) sec
[864] Ep10000: Max 33199 (2303) steps (0.0006 hrs) 11.72:0.00 21839 (20) sec
[865] Ep10000: Max 33199 (2233) steps (0.0006 hrs) 0.00:0.00 21864 (25) sec
[866] Ep10000: Max 33199 (2372) steps (0.0007 hrs) 17.24:0.00 21881 (17) sec
[867] Ep10000: Max 33199 (2361) steps (0.0007 hrs) 0.00:0.00 21910 (29) sec
[868] Ep10000: Max 33199 (1911) steps (0.0005 hrs) 0.00:0.00 21941 (31) sec
[869] Ep10000: Max 33199 (570) steps (0.0002 hrs) 13.16:0.00 21953 (12) sec
[870] Ep10000: Max 33199 (2242) steps (0.0006 hrs) 0.00:0.00 21981 (28) sec
[871] Ep10000: Max 33199 (2665) steps (0.0007 hrs) 0.00:0.00 22010 (29) sec
[872] Ep10000: Max 33199 (2053) steps (0.0006 hrs) 14.49:0.00 22027 (17) sec
[873] Ep10000: Max 33199 (354) steps (0.0001 hrs) 14.49:0.00 22038 (11) sec
[874] Ep10000: Max 33199 (402) steps (0.0001 hrs) 13.70:0.00 22048 (10) sec
[875] Ep10000: Max 33199 (443) steps (0.0001 hrs) 10.00:0.00 22059 (11) sec
[876] Ep10000: Max 33199 (682) steps (0.0002 hrs) 33.33:0.00 22070 (11) sec
[877] Ep10000: Max 33199 (4190) steps (0.0012 hrs) 0.00:1.88 22123 (53) sec
[878] Ep10000: Max 33199 (2026) steps (0.0006 hrs) 0.00:0.00 22153 (30) sec
[879] Ep10000: Max 33199 (428) steps (0.0001 hrs) 12.71:0.00 22165 (12) sec
[880] Ep10000: Max 33199 (626) steps (0.0002 hrs) 12.27:0.00 22177 (12) sec
[881] Ep10000: Max 33199 (2476) steps (0.0007 hrs) 0.00:0.00 22201 (24) sec
[882] Ep10000: Max 33199 (496) steps (0.0001 hrs) 16.13:0.00 22213 (12) sec
[883] Ep10000: Max 33199 (2342) steps (0.0007 hrs) 0.00:0.00 22241 (28) sec
[884] Ep10000: Max 33199 (404) steps (0.0001 hrs) 13.61:0.00 22252 (11) sec
[885] Ep10000: Max 33199 (428) steps (0.0001 hrs) 10.81:0.00 22263 (11) sec
[886] Ep10000: Max 33199 (403) steps (0.0001 hrs) 0.00:14.18 22274 (11) sec
[887] Ep10000: Max 33199 (17848) steps (0.0050 hrs) 250.00:0.00 22312 (38) sec
[888] Ep10000: Max 33199 (467) steps (0.0001 hrs) 14.71:0.00 22323 (11) sec
[889] Ep10000: Max 33199 (2131) steps (0.0006 hrs) 0.00:0.00 22364 (41) sec
[890] Ep10000: Max 33199 (599) steps (0.0002 hrs) 14.71:0.00 22377 (13) sec
[891] Ep10000: Max 33199 (2164) steps (0.0006 hrs) 0.00:0.00 22407 (30) sec
[892] Ep10000: Max 33199 (554) steps (0.0002 hrs) 14.29:0.00 22419 (12) sec
[893] Ep10000: Max 33199 (704) steps (0.0002 hrs) 19.61:0.00 22431 (12) sec
[894] Ep10000: Max 33199 (454) steps (0.0001 hrs) 19.42:0.00 22442 (11) sec
[895] Ep10000: Max 33199 (1359) steps (0.0004 hrs) 0.00:17.86 22456 (14) sec
[896] Ep10000: Max 33199 (2541) steps (0.0007 hrs) 0.00:0.00 22488 (32) sec
[897] Ep10000: Max 33199 (821) steps (0.0002 hrs) 12.82:0.00 22501 (13) sec
[898] Ep10000: Max 33199 (598) steps (0.0002 hrs) 12.50:0.00 22513 (12) sec
[899] Ep10000: Max 33199 (2513) steps (0.0007 hrs) 0.00:0.00 22544 (31) sec
[900] Ep10000: Max 33199 (439) steps (0.0001 hrs) 12.27:0.00 22555 (11) sec
[901] Ep10000: Max 33199 (2154) steps (0.0006 hrs) 0.00:0.00 22587 (32) sec
[902] Ep10000: Max 33199 (2648) steps (0.0007 hrs) 0.00:0.00 22616 (29) sec
[903] Ep10000: Max 33199 (1864) steps (0.0005 hrs) 0.00:0.00 22662 (46) sec
[904] Ep10000: Max 33199 (2047) steps (0.0006 hrs) 0.00:0.00 22688 (26) sec
[905] Ep10000: Max 33199 (333) steps (0.0001 hrs) 21.74:0.00 22700 (12) sec
[906] Ep10000: Max 33199 (2447) steps (0.0007 hrs) 0.00:0.00 22729 (29) sec
[907] Ep10000: Max 33199 (2004) steps (0.0006 hrs) 0.00:0.00 22759 (30) sec
[908] Ep10000: Max 33199 (3153) steps (0.0009 hrs) 13.42:0.00 22776 (17) sec
[909] Ep10000: Max 33199 (2827) steps (0.0008 hrs) 0.00:0.00 22808 (32) sec
[910] Ep10000: Max 33199 (1017) steps (0.0003 hrs) 11.24:0.00 22820 (12) sec
[911] Ep10000: Max 33199 (482) steps (0.0001 hrs) 18.69:0.00 22833 (13) sec
[912] Ep10000: Max 33199 (384) steps (0.0001 hrs) 16.67:0.00 22845 (12) sec
[913] Ep10000: Max 33199 (2091) steps (0.0006 hrs) 0.00:0.00 22875 (30) sec
[914] Ep10000: Max 33199 (870) steps (0.0002 hrs) 47.62:0.00 22887 (12) sec
[915] Ep10000: Max 33199 (589) steps (0.0002 hrs) 11.36:0.00 22898 (11) sec
[916] Ep10000: Max 33199 (356) steps (0.0001 hrs) 15.04:0.00 22910 (12) sec
[917] Ep10000: Max 33199 (812) steps (0.0002 hrs) 15.38:0.00 22922 (12) sec
[918] Ep10000: Max 33199 (462) steps (0.0001 hrs) 14.60:0.00 22934 (12) sec
[919] Ep10000: Max 33199 (481) steps (0.0001 hrs) 14.08:0.00 22947 (13) sec
[920] Ep10000: Max 33199 (449) steps (0.0001 hrs) 12.12:0.00 22960 (13) sec
[921] Ep10000: Max 33199 (628) steps (0.0002 hrs) 0.00:10.20 22972 (12) sec
[922] Ep10000: Max 33199 (2147) steps (0.0006 hrs) 0.00:0.00 22997 (25) sec
[923] Ep10000: Max 33199 (2298) steps (0.0006 hrs) 0.00:0.00 23026 (29) sec
[924] Ep10000: Max 33199 (2727) steps (0.0008 hrs) 0.00:0.00 23055 (29) sec
[925] Ep10000: Max 33199 (1690) steps (0.0005 hrs) 17.54:0.00 23069 (14) sec
[926] Ep10000: Max 33199 (2262) steps (0.0006 hrs) 13.33:0.00 23085 (16) sec
[927] Ep10000: Max 33199 (607) steps (0.0002 hrs) 0.00:10.10 23096 (11) sec
[928] Ep10000: Max 33199 (2021) steps (0.0006 hrs) 0.00:0.00 23122 (26) sec
[929] Ep10000: Max 33199 (656) steps (0.0002 hrs) 26.32:0.00 23133 (11) sec
[930] Ep10000: Max 33199 (2155) steps (0.0006 hrs) 0.00:0.00 23161 (28) sec
[931] Ep10000: Max 33199 (525) steps (0.0001 hrs) 0.00:12.27 23172 (11) sec
[932] Ep10000: Max 33199 (1297) steps (0.0004 hrs) 18.52:0.00 23183 (11) sec
[933] Ep10000: Max 33199 (1198) steps (0.0003 hrs) 0.00:0.00 23212 (29) sec
[934] Ep10000: Max 33199 (637) steps (0.0002 hrs) 18.18:0.00 23223 (11) sec
[935] Ep10000: Max 33199 (472) steps (0.0001 hrs) 10.20:0.00 23235 (12) sec
[936] Ep10000: Max 33199 (295) steps (0.0001 hrs) 0.00:21.28 23248 (13) sec
[937] Ep10000: Max 33199 (471) steps (0.0001 hrs) 10.20:0.00 23260 (12) sec
[938] Ep10000: Max 33199 (2112) steps (0.0006 hrs) 0.00:0.00 23290 (30) sec
[939] Ep10000: Max 33199 (353) steps (0.0001 hrs) 15.62:0.00 23302 (12) sec
[940] Ep10000: Max 33199 (2259) steps (0.0006 hrs) 0.00:0.00 23333 (31) sec
[941] Ep10000: Max 33199 (2449) steps (0.0007 hrs) 0.00:0.00 23364 (31) sec
[942] Ep10000: Max 33199 (2592) steps (0.0007 hrs) 0.00:0.00 23401 (37) sec
[943] Ep10000: Max 33199 (2226) steps (0.0006 hrs) 0.00:0.00 23428 (27) sec
[944] Ep10000: Max 33199 (2939) steps (0.0008 hrs) 0.00:0.00 23459 (31) sec
[945] Ep10000: Max 33199 (733) steps (0.0002 hrs) 0.00:16.81 23470 (11) sec
[946] Ep10000: Max 33199 (2351) steps (0.0007 hrs) 0.00:0.00 23499 (29) sec
[947] Ep10000: Max 33199 (2050) steps (0.0006 hrs) 0.00:0.00 23531 (32) sec
[948] Ep10000: Max 33199 (2372) steps (0.0007 hrs) 0.00:0.00 23560 (29) sec
[949] Ep10000: Max 33199 (1143) steps (0.0003 hrs) 14.18:0.00 23573 (13) sec
[950] Ep10000: Max 33199 (16657) steps (0.0046 hrs) 16.67:0.00 23596 (23) sec
[951] Ep10000: Max 33199 (443) steps (0.0001 hrs) 13.51:0.00 23610 (14) sec
[952] Ep10000: Max 33199 (2891) steps (0.0008 hrs) 0.00:0.00 23643 (33) sec
[953] Ep10000: Max 33199 (2265) steps (0.0006 hrs) 0.00:0.00 23674 (31) sec
[954] Ep10000: Max 33199 (365) steps (0.0001 hrs) 16.13:0.00 23686 (12) sec
[955] Ep10000: Max 33199 (348) steps (0.0001 hrs) 18.18:0.00 23697 (11) sec
[956] Ep10000: Max 33199 (454) steps (0.0001 hrs) 10.79:0.00 23709 (12) sec
[957] Ep10000: Max 33199 (2202) steps (0.0006 hrs) 0.00:0.00 23743 (34) sec
[958] Ep10000: Max 33199 (2156) steps (0.0006 hrs) 0.00:0.00 23774 (31) sec
[959] Ep10000: Max 33199 (2680) steps (0.0007 hrs) 0.00:0.00 23805 (31) sec
[960] Ep10000: Max 33199 (888) steps (0.0002 hrs) 0.00:15.04 23817 (12) sec
[961] Ep10000: Max 33199 (547) steps (0.0002 hrs) 0.00:16.39 23828 (11) sec
[962] Ep10000: Max 33199 (580) steps (0.0002 hrs) 0.00:10.20 23839 (11) sec
[963] Ep10000: Max 33199 (2514) steps (0.0007 hrs) 0.00:0.00 23871 (32) sec
[964] Ep10000: Max 33199 (374) steps (0.0001 hrs) 0.00:15.50 23883 (12) sec
[965] Ep10000: Max 33199 (742) steps (0.0002 hrs) 11.32:0.00 23896 (13) sec
[966] Ep10000: Max 33199 (2195) steps (0.0006 hrs) 0.00:0.00 23927 (31) sec
[967] Ep10000: Max 33199 (644) steps (0.0002 hrs) 20.00:0.00 23940 (13) sec
[968] Ep10000: Max 33199 (1840) steps (0.0005 hrs) 0.00:0.00 23970 (30) sec
[969] Ep10000: Max 33199 (1716) steps (0.0005 hrs) 0.00:12.42 23984 (14) sec
[970] Ep10000: Max 33199 (2072) steps (0.0006 hrs) 0.00:0.00 24019 (35) sec
[971] Ep10000: Max 33199 (2067) steps (0.0006 hrs) 0.00:0.00 24049 (30) sec
[972] Ep10000: Max 33199 (423) steps (0.0001 hrs) 24.39:0.00 24062 (13) sec
[973] Ep10000: Max 33199 (542) steps (0.0002 hrs) 11.70:0.00 24074 (12) sec
[974] Ep10000: Max 33199 (2259) steps (0.0006 hrs) 0.00:0.00 24103 (29) sec
[975] Ep10000: Max 33199 (487) steps (0.0001 hrs) 18.52:0.00 24116 (13) sec
[976] Ep10000: Max 33199 (665) steps (0.0002 hrs) 12.58:0.00 24127 (11) sec
[977] Ep10000: Max 33199 (2332) steps (0.0006 hrs) 0.00:0.00 24156 (29) sec
[978] Ep10000: Max 33199 (1023) steps (0.0003 hrs) 9.90:0.00 24168 (12) sec
[979] Ep10000: Max 33199 (1180) steps (0.0003 hrs) 15.04:0.00 24180 (12) sec
[980] Ep10000: Max 33199 (374) steps (0.0001 hrs) 15.62:0.00 24193 (13) sec
[981] Ep10000: Max 33199 (553) steps (0.0002 hrs) 13.89:0.00 24206 (13) sec
[982] Ep10000: Max 33199 (2185) steps (0.0006 hrs) 0.00:0.00 24233 (27) sec
[983] Ep10000: Max 33199 (1366) steps (0.0004 hrs) 10.42:0.00 24247 (14) sec
[984] Ep10000: Max 33199 (2038) steps (0.0006 hrs) 0.00:0.00 24278 (31) sec
[985] Ep10000: Max 33199 (3519) steps (0.0010 hrs) 0.00:0.00 24309 (31) sec
[986] Ep10000: Max 33199 (2130) steps (0.0006 hrs) 9.26:9.26 24324 (15) sec
[987] Ep10000: Max 33199 (437) steps (0.0001 hrs) 14.35:0.00 24337 (13) sec
[988] Ep10000: Max 33199 (761) steps (0.0002 hrs) 12.05:0.00 24350 (13) sec
[989] Ep10000: Max 33199 (1886) steps (0.0005 hrs) 0.00:0.00 24386 (36) sec
[990] Ep10000: Max 33199 (667) steps (0.0002 hrs) 18.52:0.00 24399 (13) sec
[991] Ep10000: Max 33199 (511) steps (0.0001 hrs) 0.00:17.24 24412 (13) sec
[992] Ep10000: Max 33199 (604) steps (0.0002 hrs) 17.86:0.00 24425 (13) sec
[993] Ep10000: Max 33199 (2401) steps (0.0007 hrs) 0.00:0.00 24467 (42) sec
[994] Ep10000: Max 33199 (402) steps (0.0001 hrs) 12.88:0.00 24481 (14) sec
[995] Ep10000: Max 33199 (370) steps (0.0001 hrs) 47.62:0.00 24493 (12) sec
[996] Ep10000: Max 33199 (2798) steps (0.0008 hrs) 0.00:0.00 24523 (30) sec
[997] Ep10000: Max 33199 (409) steps (0.0001 hrs) 10.58:0.00 24535 (12) sec
[998] Ep10000: Max 33199 (2907) steps (0.0008 hrs) 0.00:0.00 24569 (34) sec
[999] Ep10000: Max 33199 (596) steps (0.0002 hrs) 43.48:0.00 24581 (12) sec
[1000] Ep10000: Max 33199 (518) steps (0.0001 hrs) 23.81:0.00 24593 (12) sec
Total Elapsed time: 24593 seconds
Wrote current data to latest.train
