balanced 0 test_flag 0
[1] Ep10000: Max 2556 (2556) steps (0.0007 hrs) 0.00:0.00 38 (38) sec
[2] Ep10000: Max 2556 (332) steps (0.0001 hrs) 13.33:0.00 49 (11) sec
[3] Ep10000: Max 2556 (1021) steps (0.0003 hrs) 0.00:0.00 87 (38) sec
[4] Ep10000: Max 2556 (2356) steps (0.0007 hrs) 0.00:0.00 567 (480) sec
[5] Ep10000: Max 2556 (273) steps (0.0001 hrs) 23.26:0.00 577 (10) sec
[6] Ep10000: Max 2556 (605) steps (0.0002 hrs) 35.71:0.00 588 (11) sec
[7] Ep10000: Max 2556 (1331) steps (0.0004 hrs) 0.00:0.00 663 (75) sec
[8] Ep10000: Max 2556 (174) steps (0.0000 hrs) 19.61:0.00 673 (10) sec
[9] Ep10000: Max 2556 (286) steps (0.0001 hrs) 0.00:15.62 683 (10) sec
[10] Ep10000: Max 2556 (1860) steps (0.0005 hrs) 0.00:0.00 764 (81) sec
[11] Ep10000: Max 2556 (339) steps (0.0001 hrs) 12.82:0.00 775 (11) sec
[12] Ep10000: Max 2556 (272) steps (0.0001 hrs) 15.15:0.00 785 (10) sec
[13] Ep10000: Max 2556 (1521) steps (0.0004 hrs) 0.00:18.87 805 (20) sec
[14] Ep10000: Max 2556 (1507) steps (0.0004 hrs) 0.00:0.00 915 (110) sec
[15] Ep10000: Max 2556 (342) steps (0.0001 hrs) 17.86:0.00 925 (10) sec
[16] Ep10000: Max 2556 (519) steps (0.0001 hrs) 18.69:0.00 935 (10) sec
[17] Ep10000: Max 2556 (2188) steps (0.0006 hrs) 0.00:0.00 969 (34) sec
[18] Ep10000: Max 2622 (2622) steps (0.0007 hrs) 0.00:12.20 992 (23) sec
[19] Ep10000: Max 2622 (2451) steps (0.0007 hrs) 0.00:0.00 1041 (49) sec
[20] Ep10000: Max 2622 (300) steps (0.0001 hrs) 16.13:0.00 1051 (10) sec
[21] Ep10000: Max 2622 (1035) steps (0.0003 hrs) 33.33:0.00 1062 (11) sec
[22] Ep10000: Max 2622 (335) steps (0.0001 hrs) 22.22:0.00 1072 (10) sec
[23] Ep10000: Max 2622 (1491) steps (0.0004 hrs) 0.00:0.00 1130 (58) sec
[24] Ep10000: Max 2622 (281) steps (0.0001 hrs) 32.26:0.00 1140 (10) sec
[25] Ep10000: Max 2622 (1383) steps (0.0004 hrs) 0.00:0.00 1255 (115) sec
[26] Ep10000: Max 2622 (1191) steps (0.0003 hrs) 10.10:0.00 1266 (11) sec
[27] Ep10000: Max 2622 (1124) steps (0.0003 hrs) 9.90:0.00 1276 (10) sec
[28] Ep10000: Max 2622 (2263) steps (0.0006 hrs) 0.00:0.00 1310 (34) sec
[29] Ep10000: Max 2622 (281) steps (0.0001 hrs) 100.00:0.00 1321 (11) sec
[30] Ep10000: Max 2622 (295) steps (0.0001 hrs) 18.18:0.00 1331 (10) sec
[31] Ep10000: Max 2622 (1784) steps (0.0005 hrs) 0.00:0.00 1607 (276) sec
[32] Ep10000: Max 2622 (280) steps (0.0001 hrs) 13.16:0.00 1617 (10) sec
[33] Ep10000: Max 2622 (284) steps (0.0001 hrs) 15.27:0.00 1627 (10) sec
[34] Ep10000: Max 2622 (2483) steps (0.0007 hrs) 0.00:0.00 1939 (312) sec
[35] Ep10000: Max 2622 (2401) steps (0.0007 hrs) 10.64:0.00 1956 (17) sec
[36] Ep10000: Max 2622 (2543) steps (0.0007 hrs) 0.00:0.00 1992 (36) sec
[37] Ep10000: Max 2622 (1109) steps (0.0003 hrs) 0.00:13.70 2005 (13) sec
[38] Ep10000: Max 2622 (282) steps (0.0001 hrs) 16.39:0.00 2016 (11) sec
[39] Ep10000: Max 2622 (1604) steps (0.0004 hrs) 0.00:0.00 2088 (72) sec
[40] Ep10000: Max 2622 (2152) steps (0.0006 hrs) 0.00:0.00 2580 (492) sec
[41] Ep10000: Max 2622 (1321) steps (0.0004 hrs) 0.00:12.66 2589 (9) sec
[42] Ep10000: Max 2622 (274) steps (0.0001 hrs) 27.78:0.00 2599 (10) sec
[43] Ep10000: Max 2622 (2034) steps (0.0006 hrs) 0.00:0.00 2631 (32) sec
[44] Ep10000: Max 2622 (266) steps (0.0001 hrs) 15.15:0.00 2641 (10) sec
[45] Ep10000: Max 2622 (1099) steps (0.0003 hrs) 0.00:0.00 2664 (23) sec
[46] Ep10000: Max 2622 (1441) steps (0.0004 hrs) 0.00:0.00 2728 (64) sec
[47] Ep10000: Max 2622 (2180) steps (0.0006 hrs) 0.00:0.00 2804 (76) sec
[48] Ep10000: Max 2622 (439) steps (0.0001 hrs) 25.64:0.00 2813 (9) sec
[49] Ep10000: Max 2622 (563) steps (0.0002 hrs) 66.67:0.00 2823 (10) sec
[50] Ep10000: Max 2622 (322) steps (0.0001 hrs) 15.04:0.00 2833 (10) sec
[51] Ep10000: Max 2622 (1183) steps (0.0003 hrs) 0.00:10.87 2844 (11) sec
[52] Ep10000: Max 2622 (174) steps (0.0000 hrs) 17.54:0.00 2855 (11) sec
[53] Ep10000: Max 2622 (304) steps (0.0001 hrs) 20.83:0.00 2864 (9) sec
[54] Ep10000: Max 2622 (282) steps (0.0001 hrs) 90.91:0.00 2874 (10) sec
[55] Ep10000: Max 2622 (1590) steps (0.0004 hrs) 0.00:16.13 2887 (13) sec
[56] Ep10000: Max 2622 (238) steps (0.0001 hrs) 11.63:0.00 2898 (11) sec
[57] Ep10000: Max 2622 (1467) steps (0.0004 hrs) 0.00:0.00 2952 (54) sec
[58] Ep10000: Max 2622 (1470) steps (0.0004 hrs) 0.00:0.00 3011 (59) sec
[59] Ep10000: Max 2720 (2720) steps (0.0008 hrs) 0.00:0.00 3521 (510) sec
[60] Ep10000: Max 2720 (493) steps (0.0001 hrs) 71.43:0.00 3531 (10) sec
[61] Ep10000: Max 2720 (1711) steps (0.0005 hrs) 0.00:0.00 3612 (81) sec
[62] Ep10000: Max 2720 (336) steps (0.0001 hrs) 12.99:0.00 3622 (10) sec
[63] Ep10000: Max 2720 (263) steps (0.0001 hrs) 17.09:0.00 3632 (10) sec
[64] Ep10000: Max 2720 (318) steps (0.0001 hrs) 10.64:0.00 3642 (10) sec
[65] Ep10000: Max 2720 (1236) steps (0.0003 hrs) 0.00:0.00 3661 (19) sec
[66] Ep10000: Max 2720 (1109) steps (0.0003 hrs) 11.36:0.00 3671 (10) sec
[67] Ep10000: Max 2720 (2075) steps (0.0006 hrs) 0.00:0.00 3707 (36) sec
[68] Ep10000: Max 2720 (174) steps (0.0000 hrs) 31.25:0.00 3718 (11) sec
[69] Ep10000: Max 2720 (1921) steps (0.0005 hrs) 0.00:0.00 3814 (96) sec
[70] Ep10000: Max 2720 (300) steps (0.0001 hrs) 12.20:0.00 3824 (10) sec
[71] Ep10000: Max 2720 (2644) steps (0.0007 hrs) 0.00:0.00 4037 (213) sec
[72] Ep10000: Max 2720 (2283) steps (0.0006 hrs) 0.00:0.00 4528 (491) sec
[73] Ep10000: Max 2720 (1224) steps (0.0003 hrs) 0.00:27.03 4538 (10) sec
[74] Ep10000: Max 2720 (2401) steps (0.0007 hrs) 0.00:0.00 4573 (35) sec
[75] Ep10000: Max 2720 (1324) steps (0.0004 hrs) 14.49:0.00 4583 (10) sec
[76] Ep10000: Max 2720 (2212) steps (0.0006 hrs) 0.00:0.00 4615 (32) sec
[77] Ep10000: Max 2720 (275) steps (0.0001 hrs) 15.27:0.00 4625 (10) sec
[78] Ep10000: Max 2720 (300) steps (0.0001 hrs) 22.73:0.00 4634 (9) sec
[79] Ep10000: Max 2720 (491) steps (0.0001 hrs) 0.00:10.53 4643 (9) sec
[80] Ep10000: Max 2720 (328) steps (0.0001 hrs) 0.00:18.18 4652 (9) sec
[81] Ep10000: Max 2720 (285) steps (0.0001 hrs) 45.45:0.00 4662 (10) sec
[82] Ep10000: Max 2720 (250) steps (0.0001 hrs) 15.15:0.00 4671 (9) sec
[83] Ep10000: Max 2720 (326) steps (0.0001 hrs) 15.50:0.00 4681 (10) sec
[84] Ep10000: Max 2720 (2341) steps (0.0007 hrs) 0.00:0.00 4719 (38) sec
[85] Ep10000: Max 2720 (2461) steps (0.0007 hrs) 0.00:0.00 4760 (41) sec
[86] Ep10000: Max 2720 (174) steps (0.0000 hrs) 23.26:0.00 4769 (9) sec
[87] Ep10000: Max 2720 (174) steps (0.0000 hrs) 27.03:0.00 4778 (9) sec
[88] Ep10000: Max 2720 (279) steps (0.0001 hrs) 22.73:0.00 4788 (10) sec
[89] Ep10000: Max 2720 (2702) steps (0.0008 hrs) 0.00:0.00 4822 (34) sec
[90] Ep10000: Max 2720 (289) steps (0.0001 hrs) 10.20:0.00 4831 (9) sec
[91] Ep10000: Max 2720 (317) steps (0.0001 hrs) 15.87:0.00 4841 (10) sec
[92] Ep10000: Max 2720 (2287) steps (0.0006 hrs) 0.00:0.00 4879 (38) sec
[93] Ep10000: Max 2720 (1852) steps (0.0005 hrs) 0.00:0.00 4911 (32) sec
[94] Ep10000: Max 2720 (2671) steps (0.0007 hrs) 10.31:0.00 4940 (29) sec
[95] Ep10000: Max 2720 (1899) steps (0.0005 hrs) 0.00:0.00 4974 (34) sec
[96] Ep10000: Max 2720 (2031) steps (0.0006 hrs) 0.00:0.00 5219 (245) sec
[97] Ep10000: Max 2720 (2062) steps (0.0006 hrs) 0.00:0.00 5695 (476) sec
[98] Ep10000: Max 2720 (2324) steps (0.0006 hrs) 0.00:0.00 5756 (61) sec
[99] Ep10000: Max 2720 (2015) steps (0.0006 hrs) 12.50:0.00 5773 (17) sec
[100] Ep10000: Max 2720 (1898) steps (0.0005 hrs) 0.00:0.00 6028 (255) sec
[101] Ep10000: Max 2720 (2309) steps (0.0006 hrs) 0.00:0.00 6508 (480) sec
[102] Ep10000: Max 2720 (353) steps (0.0001 hrs) 16.67:0.00 6518 (10) sec
[103] Ep10000: Max 2720 (174) steps (0.0000 hrs) 16.00:0.00 6528 (10) sec
[104] Ep10000: Max 2720 (1621) steps (0.0005 hrs) 0.00:0.00 6722 (194) sec
[105] Ep10000: Max 2720 (2257) steps (0.0006 hrs) 0.00:0.00 7227 (505) sec
[106] Ep10000: Max 2720 (910) steps (0.0003 hrs) 0.00:10.00 7239 (12) sec
[107] Ep10000: Max 2720 (174) steps (0.0000 hrs) 16.67:0.00 7250 (11) sec
[108] Ep10000: Max 2720 (305) steps (0.0001 hrs) 23.26:0.00 7261 (11) sec
[109] Ep10000: Max 2720 (283) steps (0.0001 hrs) 11.11:0.00 7271 (10) sec
[110] Ep10000: Max 2720 (2573) steps (0.0007 hrs) 0.00:12.66 7293 (22) sec
[111] Ep10000: Max 2720 (215) steps (0.0001 hrs) 22.73:0.00 7301 (8) sec
[112] Ep10000: Max 2720 (334) steps (0.0001 hrs) 12.27:0.00 7311 (10) sec
[113] Ep10000: Max 2720 (352) steps (0.0001 hrs) 26.32:0.00 7320 (9) sec
[114] Ep10000: Max 2720 (1690) steps (0.0005 hrs) 0.00:0.00 7359 (39) sec
[115] Ep10000: Max 2720 (1922) steps (0.0005 hrs) 0.00:0.00 7403 (44) sec
[116] Ep10000: Max 2720 (271) steps (0.0001 hrs) 10.87:0.00 7413 (10) sec
[117] Ep10000: Max 2720 (328) steps (0.0001 hrs) 15.75:0.00 7423 (10) sec
[118] Ep10000: Max 2720 (2223) steps (0.0006 hrs) 0.00:0.00 7464 (41) sec
[119] Ep10000: Max 2720 (174) steps (0.0000 hrs) 12.82:0.00 7476 (12) sec
[120] Ep10000: Max 2720 (885) steps (0.0002 hrs) 16.53:0.00 7487 (11) sec
[121] Ep10000: Max 2720 (1652) steps (0.0005 hrs) 0.00:0.00 7544 (57) sec
[122] Ep10000: Max 2720 (2182) steps (0.0006 hrs) 0.00:0.00 8044 (500) sec
[123] Ep10000: Max 2720 (320) steps (0.0001 hrs) 20.83:0.00 8055 (11) sec
[124] Ep10000: Max 2720 (173) steps (0.0000 hrs) 10.99:0.00 8067 (12) sec
[125] Ep10000: Max 2720 (266) steps (0.0001 hrs) 17.24:0.00 8078 (11) sec
[126] Ep10000: Max 2720 (432) steps (0.0001 hrs) 20.00:0.00 8089 (11) sec
[127] Ep10000: Max 2720 (353) steps (0.0001 hrs) 13.89:0.00 8099 (10) sec
[128] Ep10000: Max 2720 (173) steps (0.0000 hrs) 19.61:0.00 8110 (11) sec
[129] Ep10000: Max 2720 (1578) steps (0.0004 hrs) 0.00:0.00 8304 (194) sec
[130] Ep10000: Max 2720 (324) steps (0.0001 hrs) 12.90:0.00 8316 (12) sec
[131] Ep10000: Max 2720 (2155) steps (0.0006 hrs) 0.00:0.00 8355 (39) sec
[132] Ep10000: Max 2720 (338) steps (0.0001 hrs) 15.87:0.00 8366 (11) sec
[133] Ep10000: Max 2720 (175) steps (0.0000 hrs) 10.00:0.00 8377 (11) sec
[134] Ep10000: Max 2720 (324) steps (0.0001 hrs) 13.89:0.00 8387 (10) sec
[135] Ep10000: Max 2720 (288) steps (0.0001 hrs) 12.05:0.00 8398 (11) sec
[136] Ep10000: Max 2720 (2199) steps (0.0006 hrs) 0.00:0.00 8473 (75) sec
[137] Ep10000: Max 2720 (208) steps (0.0001 hrs) 16.67:0.00 8485 (12) sec
[138] Ep10000: Max 2720 (596) steps (0.0002 hrs) 25.64:0.00 8498 (13) sec
[139] Ep10000: Max 2720 (246) steps (0.0001 hrs) 15.04:0.00 8510 (12) sec
[140] Ep10000: Max 2720 (2046) steps (0.0006 hrs) 0.00:0.00 8552 (42) sec
[141] Ep10000: Max 2720 (430) steps (0.0001 hrs) 13.51:0.00 8564 (12) sec
[142] Ep10000: Max 2720 (297) steps (0.0001 hrs) 16.81:0.00 8578 (14) sec
[143] Ep10000: Max 2720 (173) steps (0.0000 hrs) 15.62:0.00 8590 (12) sec
[144] Ep10000: Max 2720 (2322) steps (0.0006 hrs) 0.00:0.00 8638 (48) sec
[145] Ep10000: Max 2720 (1564) steps (0.0004 hrs) 0.00:0.00 8717 (79) sec
[146] Ep10000: Max 2797 (2797) steps (0.0008 hrs) 0.00:0.00 9238 (521) sec
[147] Ep10000: Max 2797 (251) steps (0.0001 hrs) 10.31:0.00 9250 (12) sec
[148] Ep10000: Max 2797 (1807) steps (0.0005 hrs) 0.00:0.00 9320 (70) sec
[149] Ep10000: Max 2797 (311) steps (0.0001 hrs) 16.26:0.00 9331 (11) sec
[150] Ep10000: Max 2797 (2071) steps (0.0006 hrs) 0.00:0.00 9372 (41) sec
[151] Ep10000: Max 2797 (174) steps (0.0000 hrs) 10.42:0.00 9383 (11) sec
[152] Ep10000: Max 2797 (2162) steps (0.0006 hrs) 0.00:0.00 9425 (42) sec
[153] Ep10000: Max 2797 (347) steps (0.0001 hrs) 14.29:0.00 9436 (11) sec
[154] Ep10000: Max 2797 (2261) steps (0.0006 hrs) 0.00:0.00 9695 (259) sec
[155] Ep10000: Max 2797 (1959) steps (0.0005 hrs) 0.00:0.00 10232 (537) sec
[156] Ep10000: Max 2797 (318) steps (0.0001 hrs) 16.95:0.00 10243 (11) sec
[157] Ep10000: Max 2797 (173) steps (0.0000 hrs) 14.93:0.00 10255 (12) sec
[158] Ep10000: Max 2797 (303) steps (0.0001 hrs) 333.33:0.00 10266 (11) sec
[159] Ep10000: Max 2797 (329) steps (0.0001 hrs) 0.00:25.64 10282 (16) sec
[160] Ep10000: Max 2797 (2210) steps (0.0006 hrs) 0.00:0.00 10342 (60) sec
[161] Ep10000: Max 2797 (1064) steps (0.0003 hrs) 27.03:0.00 10356 (14) sec
[162] Ep10000: Max 2797 (487) steps (0.0001 hrs) 0.00:11.90 10369 (13) sec
[163] Ep10000: Max 2797 (242) steps (0.0001 hrs) 11.90:0.00 10381 (12) sec
[164] Ep10000: Max 2797 (2551) steps (0.0007 hrs) 0.00:0.00 10423 (42) sec
[165] Ep10000: Max 2797 (2510) steps (0.0007 hrs) 0.00:0.00 10465 (42) sec
[166] Ep10000: Max 2797 (1755) steps (0.0005 hrs) 0.00:0.00 10552 (87) sec
[167] Ep10000: Max 2797 (731) steps (0.0002 hrs) 14.93:0.00 10563 (11) sec
[168] Ep10000: Max 2797 (492) steps (0.0001 hrs) 20.00:0.00 10574 (11) sec
[169] Ep10000: Max 2797 (1768) steps (0.0005 hrs) 0.00:0.00 10613 (39) sec
[170] Ep10000: Max 2797 (1945) steps (0.0005 hrs) 0.00:0.00 10648 (35) sec
[171] Ep10000: Max 2797 (1493) steps (0.0004 hrs) 0.00:0.00 10692 (44) sec
[172] Ep10000: Max 2797 (318) steps (0.0001 hrs) 27.03:0.00 10704 (12) sec
[173] Ep10000: Max 2797 (1955) steps (0.0005 hrs) 0.00:0.00 11001 (297) sec
[174] Ep10000: Max 2797 (319) steps (0.0001 hrs) 0.00:166.67 11015 (14) sec
[175] Ep10000: Max 2797 (297) steps (0.0001 hrs) 13.70:0.00 11026 (11) sec
[176] Ep10000: Max 2797 (2132) steps (0.0006 hrs) 0.00:0.00 11086 (60) sec
[177] Ep10000: Max 2797 (1658) steps (0.0005 hrs) 16.95:0.00 11100 (14) sec
[178] Ep10000: Max 2797 (174) steps (0.0000 hrs) 14.29:0.00 11113 (13) sec
[179] Ep10000: Max 2872 (2872) steps (0.0008 hrs) 0.00:0.00 11153 (40) sec
[180] Ep10000: Max 2872 (2068) steps (0.0006 hrs) 0.00:0.00 11193 (40) sec
[181] Ep10000: Max 2872 (384) steps (0.0001 hrs) 23.26:0.00 11205 (12) sec
[182] Ep10000: Max 2872 (320) steps (0.0001 hrs) 13.51:0.00 11216 (11) sec
[183] Ep10000: Max 2872 (2432) steps (0.0007 hrs) 0.00:0.00 11267 (51) sec
[184] Ep10000: Max 2872 (1975) steps (0.0005 hrs) 0.00:22.73 11298 (31) sec
[185] Ep10000: Max 2872 (2453) steps (0.0007 hrs) 0.00:0.00 11340 (42) sec
[186] Ep10000: Max 2872 (323) steps (0.0001 hrs) 19.23:0.00 11352 (12) sec
[187] Ep10000: Max 2872 (284) steps (0.0001 hrs) 12.05:0.00 11363 (11) sec
[188] Ep10000: Max 2872 (1032) steps (0.0003 hrs) 0.00:13.79 11376 (13) sec
[189] Ep10000: Max 2872 (2454) steps (0.0007 hrs) 0.00:0.00 11415 (39) sec
[190] Ep10000: Max 2872 (231) steps (0.0001 hrs) 47.62:0.00 11427 (12) sec
[191] Ep10000: Max 2872 (475) steps (0.0001 hrs) 13.07:0.00 11437 (10) sec
[192] Ep10000: Max 2872 (2415) steps (0.0007 hrs) 0.00:0.00 11477 (40) sec
[193] Ep10000: Max 2872 (1861) steps (0.0005 hrs) 0.00:0.00 11708 (231) sec
[194] Ep10000: Max 2872 (1969) steps (0.0005 hrs) 0.00:0.00 11792 (84) sec
[195] Ep10000: Max 2872 (1988) steps (0.0006 hrs) 0.00:0.00 12058 (266) sec
[196] Ep10000: Max 2872 (2363) steps (0.0007 hrs) 0.00:0.00 12601 (543) sec
[197] Ep10000: Max 2872 (483) steps (0.0001 hrs) 10.42:0.00 12615 (14) sec
[198] Ep10000: Max 2872 (175) steps (0.0000 hrs) 83.33:0.00 12628 (13) sec
[199] Ep10000: Max 2872 (1499) steps (0.0004 hrs) 0.00:0.00 12699 (71) sec
[200] Ep10000: Max 2872 (2566) steps (0.0007 hrs) 0.00:0.00 12741 (42) sec
[201] Ep10000: Max 2872 (2039) steps (0.0006 hrs) 0.00:0.00 12790 (49) sec
[202] Ep10000: Max 2872 (2418) steps (0.0007 hrs) 23.81:0.00 12829 (39) sec
[203] Ep10000: Max 2872 (1818) steps (0.0005 hrs) 0.00:0.00 12907 (78) sec
[204] Ep10000: Max 2872 (490) steps (0.0001 hrs) 16.13:0.00 12920 (13) sec
[205] Ep10000: Max 2872 (917) steps (0.0003 hrs) 7.75:7.75 12932 (12) sec
[206] Ep10000: Max 2872 (866) steps (0.0002 hrs) 13.89:0.00 12945 (13) sec
[207] Ep10000: Max 2872 (258) steps (0.0001 hrs) 100.00:0.00 12957 (12) sec
[208] Ep10000: Max 2872 (332) steps (0.0001 hrs) 10.99:0.00 12968 (11) sec
[209] Ep10000: Max 2872 (1868) steps (0.0005 hrs) 0.00:0.00 13006 (38) sec
[210] Ep10000: Max 2872 (280) steps (0.0001 hrs) 9.52:0.00 13018 (12) sec
[211] Ep10000: Max 2872 (281) steps (0.0001 hrs) 10.31:0.00 13029 (11) sec
[212] Ep10000: Max 2872 (469) steps (0.0001 hrs) 8.93:0.00 13046 (17) sec
[213] Ep10000: Max 2872 (293) steps (0.0001 hrs) 12.27:0.00 13059 (13) sec
[214] Ep10000: Max 2872 (1767) steps (0.0005 hrs) 0.00:0.00 13156 (97) sec
[215] Ep10000: Max 2872 (300) steps (0.0001 hrs) 10.53:0.00 13165 (9) sec
[216] Ep10000: Max 2872 (2810) steps (0.0008 hrs) 0.00:0.00 13634 (469) sec
[217] Ep10000: Max 2872 (1857) steps (0.0005 hrs) 0.00:0.00 13704 (70) sec
[218] Ep10000: Max 2872 (2575) steps (0.0007 hrs) 0.00:0.00 13735 (31) sec
[219] Ep10000: Max 2872 (1792) steps (0.0005 hrs) 0.00:0.00 13793 (58) sec
[220] Ep10000: Max 2872 (312) steps (0.0001 hrs) 16.13:0.00 13802 (9) sec
[221] Ep10000: Max 2872 (2673) steps (0.0007 hrs) 0.00:0.00 13842 (40) sec
[222] Ep10000: Max 2872 (284) steps (0.0001 hrs) 12.20:0.00 13852 (10) sec
[223] Ep10000: Max 2872 (297) steps (0.0001 hrs) 0.00:19.42 13861 (9) sec
[224] Ep10000: Max 2872 (2066) steps (0.0006 hrs) 0.00:0.00 14204 (343) sec
[225] Ep10000: Max 2872 (2294) steps (0.0006 hrs) 0.00:0.00 14723 (519) sec
[226] Ep10000: Max 2872 (2199) steps (0.0006 hrs) 0.00:0.00 15217 (494) sec
[227] Ep10000: Max 2872 (1485) steps (0.0004 hrs) 0.00:0.00 15262 (45) sec
[228] Ep10000: Max 2872 (377) steps (0.0001 hrs) 14.49:0.00 15271 (9) sec
[229] Ep10000: Max 2872 (284) steps (0.0001 hrs) 19.42:0.00 15280 (9) sec
[230] Ep10000: Max 2872 (2343) steps (0.0007 hrs) 0.00:0.00 15595 (315) sec
[231] Ep10000: Max 2872 (2689) steps (0.0007 hrs) 0.00:0.00 16053 (458) sec
[232] Ep10000: Max 2872 (2277) steps (0.0006 hrs) 0.00:0.00 16290 (237) sec
[233] Ep10000: Max 2872 (1094) steps (0.0003 hrs) 0.00:0.00 16300 (10) sec
[234] Ep10000: Max 2872 (1424) steps (0.0004 hrs) 0.00:15.15 16310 (10) sec
[235] Ep10000: Max 2872 (271) steps (0.0001 hrs) 14.29:0.00 16320 (10) sec
[236] Ep10000: Max 2872 (237) steps (0.0001 hrs) 18.87:0.00 16329 (9) sec
[237] Ep10000: Max 2872 (308) steps (0.0001 hrs) 12.50:0.00 16338 (9) sec
[238] Ep10000: Max 2872 (303) steps (0.0001 hrs) 23.26:0.00 16347 (9) sec
[239] Ep10000: Max 2872 (1805) steps (0.0005 hrs) 0.00:0.00 16513 (166) sec
[240] Ep10000: Max 2933 (2933) steps (0.0008 hrs) 0.00:0.00 16547 (34) sec
[241] Ep10000: Max 2933 (504) steps (0.0001 hrs) 16.95:0.00 16556 (9) sec
[242] Ep10000: Max 2933 (1741) steps (0.0005 hrs) 0.00:0.00 16602 (46) sec
[243] Ep10000: Max 2933 (2485) steps (0.0007 hrs) 0.00:0.00 16632 (30) sec
[244] Ep10000: Max 2933 (320) steps (0.0001 hrs) 12.05:0.00 16641 (9) sec
[245] Ep10000: Max 2933 (288) steps (0.0001 hrs) 22.22:0.00 16650 (9) sec
[246] Ep10000: Max 2933 (2656) steps (0.0007 hrs) 0.00:0.00 16682 (32) sec
[247] Ep10000: Max 2933 (1402) steps (0.0004 hrs) 0.00:0.00 16756 (74) sec
[248] Ep10000: Max 2933 (1891) steps (0.0005 hrs) 0.00:0.00 16791 (35) sec
[249] Ep10000: Max 2933 (281) steps (0.0001 hrs) 10.00:0.00 16800 (9) sec
[250] Ep10000: Max 2933 (1386) steps (0.0004 hrs) 0.00:0.00 16833 (33) sec
[251] Ep10000: Max 2933 (2247) steps (0.0006 hrs) 0.00:0.00 16884 (51) sec
[252] Ep10000: Max 2933 (1999) steps (0.0006 hrs) 0.00:0.00 16913 (29) sec
[253] Ep10000: Max 2933 (1267) steps (0.0004 hrs) 0.00:0.00 16971 (58) sec
[254] Ep10000: Max 2933 (2342) steps (0.0007 hrs) 0.00:0.00 17428 (457) sec
[255] Ep10000: Max 2933 (2435) steps (0.0007 hrs) 0.00:0.00 17479 (51) sec
[256] Ep10000: Max 2933 (1873) steps (0.0005 hrs) 0.00:0.00 17555 (76) sec
[257] Ep10000: Max 2933 (1183) steps (0.0003 hrs) 0.00:0.00 17599 (44) sec
[258] Ep10000: Max 2933 (2170) steps (0.0006 hrs) 0.00:0.00 17631 (32) sec
[259] Ep10000: Max 2933 (305) steps (0.0001 hrs) 14.71:0.00 17641 (10) sec
[260] Ep10000: Max 2933 (2287) steps (0.0006 hrs) 0.00:0.00 17729 (88) sec
[261] Ep10000: Max 2933 (293) steps (0.0001 hrs) 13.89:0.00 17738 (9) sec
[262] Ep10000: Max 2933 (266) steps (0.0001 hrs) 11.90:0.00 17746 (8) sec
[263] Ep10000: Max 2933 (362) steps (0.0001 hrs) 18.52:0.00 17754 (8) sec
[264] Ep10000: Max 2933 (304) steps (0.0001 hrs) 11.76:0.00 17763 (9) sec
[265] Ep10000: Max 2933 (1892) steps (0.0005 hrs) 7.97:3.98 17771 (8) sec
[266] Ep10000: Max 2933 (2105) steps (0.0006 hrs) 0.00:0.00 17800 (29) sec
[267] Ep10000: Max 2933 (1733) steps (0.0005 hrs) 0.00:0.00 18245 (445) sec
[268] Ep10000: Max 2975 (2975) steps (0.0008 hrs) 0.00:0.00 18297 (52) sec
[269] Ep10000: Max 2975 (328) steps (0.0001 hrs) 34.48:0.00 18305 (8) sec
[270] Ep10000: Max 2975 (2121) steps (0.0006 hrs) 0.00:0.00 18337 (32) sec
[271] Ep10000: Max 2975 (323) steps (0.0001 hrs) 12.99:0.00 18346 (9) sec
[272] Ep10000: Max 2975 (273) steps (0.0001 hrs) 21.28:0.00 18355 (9) sec
[273] Ep10000: Max 2975 (1771) steps (0.0005 hrs) 0.00:0.00 18469 (114) sec
[274] Ep10000: Max 2975 (1167) steps (0.0003 hrs) 0.00:0.00 18534 (65) sec
[275] Ep10000: Max 2975 (2376) steps (0.0007 hrs) 0.00:0.00 19001 (467) sec
[276] Ep10000: Max 2975 (1387) steps (0.0004 hrs) 0.00:0.00 19089 (88) sec
[277] Ep10000: Max 2975 (1535) steps (0.0004 hrs) 11.24:0.00 19098 (9) sec
[278] Ep10000: Max 2975 (2603) steps (0.0007 hrs) 0.00:0.00 19412 (314) sec
[279] Ep10000: Max 2975 (295) steps (0.0001 hrs) 6.80:6.80 19421 (9) sec
[280] Ep10000: Max 2975 (1488) steps (0.0004 hrs) 31.25:0.00 19430 (9) sec
[281] Ep10000: Max 2975 (2262) steps (0.0006 hrs) 0.00:0.00 19463 (33) sec
[282] Ep10000: Max 2975 (2185) steps (0.0006 hrs) 0.00:0.00 19502 (39) sec
[283] Ep10000: Max 2975 (2100) steps (0.0006 hrs) 0.00:0.00 19559 (57) sec
[284] Ep10000: Max 2975 (342) steps (0.0001 hrs) 11.24:0.00 19568 (9) sec
[285] Ep10000: Max 2975 (287) steps (0.0001 hrs) 17.09:0.00 19577 (9) sec
[286] Ep10000: Max 2975 (174) steps (0.0000 hrs) 12.35:0.00 19586 (9) sec
[287] Ep10000: Max 2975 (174) steps (0.0000 hrs) 166.67:0.00 19594 (8) sec
[288] Ep10000: Max 2975 (289) steps (0.0001 hrs) 19.05:0.00 19602 (8) sec
[289] Ep10000: Max 2975 (2388) steps (0.0007 hrs) 0.00:0.00 19633 (31) sec
[290] Ep10000: Max 2975 (337) steps (0.0001 hrs) 17.54:0.00 19642 (9) sec
[291] Ep10000: Max 2975 (261) steps (0.0001 hrs) 29.41:0.00 19651 (9) sec
[292] Ep10000: Max 2975 (302) steps (0.0001 hrs) 10.00:0.00 19660 (9) sec
[293] Ep10000: Max 2975 (1583) steps (0.0004 hrs) 0.00:0.00 19739 (79) sec
[294] Ep10000: Max 2975 (2309) steps (0.0006 hrs) 0.00:0.00 19934 (195) sec
[295] Ep10000: Max 2975 (2507) steps (0.0007 hrs) 0.00:0.00 19979 (45) sec
[296] Ep10000: Max 2975 (2330) steps (0.0006 hrs) 0.00:0.00 20011 (32) sec
[297] Ep10000: Max 2975 (2375) steps (0.0007 hrs) 0.00:0.00 20043 (32) sec
[298] Ep10000: Max 2975 (332) steps (0.0001 hrs) 17.86:0.00 20051 (8) sec
[299] Ep10000: Max 2975 (741) steps (0.0002 hrs) 18.87:0.00 20060 (9) sec
[300] Ep10000: Max 2975 (471) steps (0.0001 hrs) 12.82:0.00 20068 (8) sec
[301] Ep10000: Max 2975 (1334) steps (0.0004 hrs) 0.00:0.00 20151 (83) sec
[302] Ep10000: Max 2975 (2666) steps (0.0007 hrs) 0.00:0.00 20773 (622) sec
[303] Ep10000: Max 2975 (1574) steps (0.0004 hrs) 0.00:0.00 20868 (95) sec
[304] Ep10000: Max 2975 (2256) steps (0.0006 hrs) 12.66:0.00 20926 (58) sec
[305] Ep10000: Max 2975 (2035) steps (0.0006 hrs) 0.00:0.00 20981 (55) sec
[306] Ep10000: Max 2975 (1613) steps (0.0004 hrs) 0.00:0.00 21146 (165) sec
[307] Ep10000: Max 2975 (175) steps (0.0000 hrs) 24.39:0.00 21161 (15) sec
[308] Ep10000: Max 2975 (467) steps (0.0001 hrs) 0.00:23.26 21177 (16) sec
[309] Ep10000: Max 2975 (1606) steps (0.0004 hrs) 0.00:47.62 21190 (13) sec
[310] Ep10000: Max 2975 (294) steps (0.0001 hrs) 12.05:0.00 21210 (20) sec
[311] Ep10000: Max 2975 (2822) steps (0.0008 hrs) 0.00:0.00 21263 (53) sec
[312] Ep10000: Max 2975 (768) steps (0.0002 hrs) 0.00:1000.00 21280 (17) sec
[313] Ep10000: Max 2975 (931) steps (0.0003 hrs) 12.66:0.00 21296 (16) sec
[314] Ep10000: Max 2975 (273) steps (0.0001 hrs) 10.10:0.00 21313 (17) sec
[315] Ep10000: Max 2975 (2273) steps (0.0006 hrs) 0.00:0.00 21380 (67) sec
[316] Ep10000: Max 2975 (2153) steps (0.0006 hrs) 0.00:0.00 21426 (46) sec
[317] Ep10000: Max 2975 (297) steps (0.0001 hrs) 111.11:0.00 21439 (13) sec
[318] Ep10000: Max 2975 (1472) steps (0.0004 hrs) 0.00:0.00 21487 (48) sec
[319] Ep10000: Max 2975 (309) steps (0.0001 hrs) 100.00:0.00 21499 (12) sec
[320] Ep10000: Max 2975 (561) steps (0.0002 hrs) 17.70:0.00 21511 (12) sec
[321] Ep10000: Max 2975 (900) steps (0.0003 hrs) 14.71:0.00 21523 (12) sec
[322] Ep10000: Max 2975 (220) steps (0.0001 hrs) 14.29:0.00 21537 (14) sec
[323] Ep10000: Max 2975 (346) steps (0.0001 hrs) 26.32:0.00 21551 (14) sec
[324] Ep10000: Max 2975 (1981) steps (0.0006 hrs) 0.00:0.00 21944 (393) sec
[325] Ep10000: Max 2975 (1396) steps (0.0004 hrs) 7.94:7.94 21954 (10) sec
[326] Ep10000: Max 2975 (364) steps (0.0001 hrs) 14.29:0.00 21963 (9) sec
[327] Ep10000: Max 2975 (2512) steps (0.0007 hrs) 0.00:0.00 21997 (34) sec
[328] Ep10000: Max 2975 (1909) steps (0.0005 hrs) 0.00:0.00 22099 (102) sec
[329] Ep10000: Max 2975 (341) steps (0.0001 hrs) 23.26:0.00 22108 (9) sec
[330] Ep10000: Max 2975 (1314) steps (0.0004 hrs) 20.83:0.00 22117 (9) sec
[331] Ep10000: Max 2975 (278) steps (0.0001 hrs) 16.13:0.00 22126 (9) sec
[332] Ep10000: Max 2975 (994) steps (0.0003 hrs) 18.52:0.00 22135 (9) sec
[333] Ep10000: Max 2975 (277) steps (0.0001 hrs) 22.22:0.00 22143 (8) sec
[334] Ep10000: Max 2975 (479) steps (0.0001 hrs) 13.33:0.00 22153 (10) sec
[335] Ep10000: Max 2975 (2527) steps (0.0007 hrs) 0.00:0.00 22193 (40) sec
[336] Ep10000: Max 2975 (1715) steps (0.0005 hrs) 0.00:0.00 22580 (387) sec
[337] Ep10000: Max 2975 (297) steps (0.0001 hrs) 15.62:0.00 22589 (9) sec
[338] Ep10000: Max 2975 (232) steps (0.0001 hrs) 16.13:0.00 22598 (9) sec
[339] Ep10000: Max 2975 (2355) steps (0.0007 hrs) 0.00:0.00 22669 (71) sec
[340] Ep10000: Max 2975 (271) steps (0.0001 hrs) 14.08:0.00 22677 (8) sec
[341] Ep10000: Max 2975 (305) steps (0.0001 hrs) 11.11:0.00 22684 (7) sec
[342] Ep10000: Max 2975 (1642) steps (0.0005 hrs) 0.00:15.15 22693 (9) sec
[343] Ep10000: Max 2975 (455) steps (0.0001 hrs) 17.39:0.00 22702 (9) sec
[344] Ep10000: Max 2975 (321) steps (0.0001 hrs) 11.49:0.00 22711 (9) sec
[345] Ep10000: Max 2975 (323) steps (0.0001 hrs) 0.00:13.70 22721 (10) sec
[346] Ep10000: Max 2975 (1718) steps (0.0005 hrs) 0.00:0.00 22770 (49) sec
[347] Ep10000: Max 2975 (294) steps (0.0001 hrs) 19.23:0.00 22780 (10) sec
[348] Ep10000: Max 2975 (1508) steps (0.0004 hrs) 0.00:11.49 22789 (9) sec
[349] Ep10000: Max 2975 (1333) steps (0.0004 hrs) 0.00:9.90 22798 (9) sec
[350] Ep10000: Max 2975 (2385) steps (0.0007 hrs) 0.00:0.00 22829 (31) sec
[351] Ep10000: Max 2975 (175) steps (0.0000 hrs) 18.87:0.00 22838 (9) sec
[352] Ep10000: Max 2975 (303) steps (0.0001 hrs) 15.38:0.00 22847 (9) sec
[353] Ep10000: Max 2975 (1455) steps (0.0004 hrs) 0.00:0.00 22903 (56) sec
[354] Ep10000: Max 2975 (309) steps (0.0001 hrs) 12.05:0.00 22913 (10) sec
[355] Ep10000: Max 2975 (320) steps (0.0001 hrs) 17.86:0.00 22922 (9) sec
[356] Ep10000: Max 2975 (2317) steps (0.0006 hrs) 0.00:0.00 22952 (30) sec
[357] Ep10000: Max 2975 (2582) steps (0.0007 hrs) 0.00:0.00 23003 (51) sec
[358] Ep10000: Max 2975 (2579) steps (0.0007 hrs) 0.00:0.00 23037 (34) sec
[359] Ep10000: Max 2975 (173) steps (0.0000 hrs) 13.79:0.00 23047 (10) sec
[360] Ep10000: Max 2975 (1978) steps (0.0005 hrs) 0.00:0.00 23076 (29) sec
[361] Ep10000: Max 2975 (1303) steps (0.0004 hrs) 0.00:0.00 23140 (64) sec
[362] Ep10000: Max 2975 (332) steps (0.0001 hrs) 10.00:0.00 23149 (9) sec
[363] Ep10000: Max 2975 (261) steps (0.0001 hrs) 17.86:0.00 23158 (9) sec
[364] Ep10000: Max 2975 (279) steps (0.0001 hrs) 12.50:0.00 23166 (8) sec
[365] Ep10000: Max 2975 (173) steps (0.0000 hrs) 11.24:0.00 23175 (9) sec
[366] Ep10000: Max 2975 (2513) steps (0.0007 hrs) 0.00:0.00 23230 (55) sec
[367] Ep10000: Max 2975 (2174) steps (0.0006 hrs) 0.00:0.00 23268 (38) sec
[368] Ep10000: Max 2975 (278) steps (0.0001 hrs) 15.87:0.00 23277 (9) sec
[369] Ep10000: Max 2975 (1906) steps (0.0005 hrs) 0.00:12.66 23303 (26) sec
[370] Ep10000: Max 2975 (1684) steps (0.0005 hrs) 0.00:0.00 23609 (306) sec
[371] Ep10000: Max 2975 (278) steps (0.0001 hrs) 15.38:0.00 23617 (8) sec
[372] Ep10000: Max 2975 (281) steps (0.0001 hrs) 17.86:0.00 23626 (9) sec
[373] Ep10000: Max 2975 (477) steps (0.0001 hrs) 18.87:0.00 23635 (9) sec
[374] Ep10000: Max 2975 (2002) steps (0.0006 hrs) 0.00:0.00 23739 (104) sec
[375] Ep10000: Max 2975 (1297) steps (0.0004 hrs) 0.00:0.00 23795 (56) sec
[376] Ep10000: Max 2975 (1892) steps (0.0005 hrs) 0.00:12.99 23810 (15) sec
[377] Ep10000: Max 2975 (2279) steps (0.0006 hrs) 32.26:0.00 23838 (28) sec
[378] Ep10000: Max 2975 (2551) steps (0.0007 hrs) 0.00:0.00 23868 (30) sec
[379] Ep10000: Max 2975 (287) steps (0.0001 hrs) 13.89:0.00 23878 (10) sec
[380] Ep10000: Max 2975 (1963) steps (0.0005 hrs) 0.00:0.00 23909 (31) sec
[381] Ep10000: Max 2975 (1724) steps (0.0005 hrs) 0.00:0.00 23991 (82) sec
[382] Ep10000: Max 2975 (2102) steps (0.0006 hrs) 0.00:0.00 24034 (43) sec
[383] Ep10000: Max 2975 (276) steps (0.0001 hrs) 14.29:0.00 24043 (9) sec
[384] Ep10000: Max 2975 (175) steps (0.0000 hrs) 25.00:0.00 24051 (8) sec
[385] Ep10000: Max 2975 (336) steps (0.0001 hrs) 13.51:0.00 24059 (8) sec
[386] Ep10000: Max 2975 (173) steps (0.0000 hrs) 41.67:0.00 24067 (8) sec
[387] Ep10000: Max 2975 (380) steps (0.0001 hrs) 15.15:0.00 24075 (8) sec
[388] Ep10000: Max 2975 (322) steps (0.0001 hrs) 19.61:0.00 24084 (9) sec
[389] Ep10000: Max 2975 (310) steps (0.0001 hrs) 18.52:0.00 24093 (9) sec
[390] Ep10000: Max 2975 (1245) steps (0.0003 hrs) 0.00:0.00 24170 (77) sec
[391] Ep10000: Max 2975 (2589) steps (0.0007 hrs) 0.00:0.00 24226 (56) sec
[392] Ep10000: Max 2975 (266) steps (0.0001 hrs) 11.36:0.00 24235 (9) sec
[393] Ep10000: Max 2975 (369) steps (0.0001 hrs) 23.81:0.00 24244 (9) sec
[394] Ep10000: Max 2975 (2253) steps (0.0006 hrs) 0.00:0.00 24274 (30) sec
[395] Ep10000: Max 2975 (1133) steps (0.0003 hrs) 0.00:17.09 24283 (9) sec
[396] Ep10000: Max 2975 (1918) steps (0.0005 hrs) 0.00:0.00 24558 (275) sec
[397] Ep10000: Max 2975 (1068) steps (0.0003 hrs) 0.00:0.00 24582 (24) sec
[398] Ep10000: Max 2975 (174) steps (0.0000 hrs) 35.71:0.00 24590 (8) sec
[399] Ep10000: Max 2975 (1565) steps (0.0004 hrs) 0.00:0.00 24675 (85) sec
[400] Ep10000: Max 2975 (173) steps (0.0000 hrs) 14.29:0.00 24683 (8) sec
[401] Ep10000: Max 2975 (1601) steps (0.0004 hrs) 0.00:0.00 24694 (11) sec
[402] Ep10000: Max 2975 (1333) steps (0.0004 hrs) 0.00:0.00 24752 (58) sec
[403] Ep10000: Max 2975 (356) steps (0.0001 hrs) 0.00:9.71 24762 (10) sec
[404] Ep10000: Max 2975 (992) steps (0.0003 hrs) 17.54:0.00 24771 (9) sec
[405] Ep10000: Max 2975 (313) steps (0.0001 hrs) 33.33:0.00 24781 (10) sec
[406] Ep10000: Max 2975 (327) steps (0.0001 hrs) 10.99:0.00 24790 (9) sec
[407] Ep10000: Max 2975 (1348) steps (0.0004 hrs) 0.00:0.00 24842 (52) sec
[408] Ep10000: Max 2975 (2143) steps (0.0006 hrs) 0.00:0.00 25317 (475) sec
[409] Ep10000: Max 2975 (1818) steps (0.0005 hrs) 0.00:0.00 25487 (170) sec
[410] Ep10000: Max 2975 (264) steps (0.0001 hrs) 13.51:0.00 25496 (9) sec
[411] Ep10000: Max 2975 (280) steps (0.0001 hrs) 43.48:0.00 25505 (9) sec
[412] Ep10000: Max 2975 (362) steps (0.0001 hrs) 12.50:0.00 25515 (10) sec
[413] Ep10000: Max 2975 (777) steps (0.0002 hrs) 18.52:0.00 25523 (8) sec
[414] Ep10000: Max 2975 (2251) steps (0.0006 hrs) 0.00:0.00 25553 (30) sec
[415] Ep10000: Max 2975 (1822) steps (0.0005 hrs) 0.00:0.00 25787 (234) sec
[416] Ep10000: Max 2975 (1720) steps (0.0005 hrs) 0.00:0.00 25849 (62) sec
[417] Ep10000: Max 2975 (2688) steps (0.0007 hrs) 0.00:0.00 25879 (30) sec
[418] Ep10000: Max 2975 (174) steps (0.0000 hrs) 11.63:0.00 25888 (9) sec
[419] Ep10000: Max 2975 (1969) steps (0.0005 hrs) 0.00:0.00 26131 (243) sec
[420] Ep10000: Max 2975 (2271) steps (0.0006 hrs) 0.00:0.00 26635 (504) sec
[421] Ep10000: Max 2975 (1544) steps (0.0004 hrs) 0.00:0.00 26741 (106) sec
[422] Ep10000: Max 2975 (2560) steps (0.0007 hrs) 0.00:0.00 26782 (41) sec
[423] Ep10000: Max 2975 (174) steps (0.0000 hrs) 71.43:0.00 26793 (11) sec
[424] Ep10000: Max 2975 (710) steps (0.0002 hrs) 19.05:0.00 26805 (12) sec
[425] Ep10000: Max 2975 (1911) steps (0.0005 hrs) 0.00:0.00 26891 (86) sec
[426] Ep10000: Max 2975 (174) steps (0.0000 hrs) 12.99:0.00 26904 (13) sec
[427] Ep10000: Max 2975 (270) steps (0.0001 hrs) 13.16:0.00 26921 (17) sec
[428] Ep10000: Max 2975 (445) steps (0.0001 hrs) 17.54:0.00 26932 (11) sec
[429] Ep10000: Max 2975 (1984) steps (0.0006 hrs) 0.00:0.00 27014 (82) sec
[430] Ep10000: Max 2975 (1403) steps (0.0004 hrs) 0.00:0.00 27167 (153) sec
[431] Ep10000: Max 2975 (1738) steps (0.0005 hrs) 0.00:24.39 27180 (13) sec
[432] Ep10000: Max 2975 (1437) steps (0.0004 hrs) 0.00:15.87 27191 (11) sec
[433] Ep10000: Max 2975 (273) steps (0.0001 hrs) 10.75:0.00 27201 (10) sec
[434] Ep10000: Max 2975 (2217) steps (0.0006 hrs) 0.00:0.00 27232 (31) sec
[435] Ep10000: Max 2975 (2401) steps (0.0007 hrs) 0.00:0.00 27258 (26) sec
[436] Ep10000: Max 2975 (1842) steps (0.0005 hrs) 0.00:0.00 27321 (63) sec
[437] Ep10000: Max 2975 (275) steps (0.0001 hrs) 0.00:7.19 27332 (11) sec
[438] Ep10000: Max 2975 (481) steps (0.0001 hrs) 12.20:0.00 27342 (10) sec
[439] Ep10000: Max 2975 (283) steps (0.0001 hrs) 14.49:0.00 27352 (10) sec
[440] Ep10000: Max 2975 (280) steps (0.0001 hrs) 13.89:0.00 27361 (9) sec
[441] Ep10000: Max 2975 (307) steps (0.0001 hrs) 18.18:0.00 27372 (11) sec
[442] Ep10000: Max 2975 (2017) steps (0.0006 hrs) 0.00:0.00 27415 (43) sec
[443] Ep10000: Max 2975 (2047) steps (0.0006 hrs) 0.00:0.00 27457 (42) sec
[444] Ep10000: Max 2975 (2020) steps (0.0006 hrs) 0.00:0.00 27500 (43) sec
[445] Ep10000: Max 2975 (350) steps (0.0001 hrs) 12.82:0.00 27513 (13) sec
[446] Ep10000: Max 2975 (472) steps (0.0001 hrs) 15.87:0.00 27527 (14) sec
[447] Ep10000: Max 2975 (704) steps (0.0002 hrs) 13.89:0.00 27539 (12) sec
[448] Ep10000: Max 2975 (282) steps (0.0001 hrs) 10.42:0.00 27551 (12) sec
[449] Ep10000: Max 2975 (2252) steps (0.0006 hrs) 0.00:0.00 27594 (43) sec
[450] Ep10000: Max 2975 (316) steps (0.0001 hrs) 14.49:0.00 27605 (11) sec
[451] Ep10000: Max 2975 (1827) steps (0.0005 hrs) 0.00:15.62 27639 (34) sec
[452] Ep10000: Max 2975 (285) steps (0.0001 hrs) 15.87:0.00 27651 (12) sec
[453] Ep10000: Max 2975 (288) steps (0.0001 hrs) 0.00:15.75 27664 (13) sec
[454] Ep10000: Max 2975 (2418) steps (0.0007 hrs) 0.00:0.00 27720 (56) sec
[455] Ep10000: Max 2975 (2272) steps (0.0006 hrs) 0.00:0.00 27763 (43) sec
[456] Ep10000: Max 2975 (1098) steps (0.0003 hrs) 0.00:17.86 27776 (13) sec
[457] Ep10000: Max 2975 (2442) steps (0.0007 hrs) 0.00:0.00 27836 (60) sec
[458] Ep10000: Max 2975 (526) steps (0.0001 hrs) 15.87:0.00 27848 (12) sec
[459] Ep10000: Max 2975 (284) steps (0.0001 hrs) 18.18:0.00 27861 (13) sec
[460] Ep10000: Max 2975 (1289) steps (0.0004 hrs) 0.00:0.00 27958 (97) sec
[461] Ep10000: Max 2975 (2288) steps (0.0006 hrs) 0.00:0.00 27998 (40) sec
[462] Ep10000: Max 2975 (2136) steps (0.0006 hrs) 0.00:0.00 28038 (40) sec
[463] Ep10000: Max 2975 (173) steps (0.0000 hrs) 16.39:0.00 28050 (12) sec
[464] Ep10000: Max 2975 (269) steps (0.0001 hrs) 30.30:0.00 28061 (11) sec
[465] Ep10000: Max 2975 (2644) steps (0.0007 hrs) 0.00:0.00 28104 (43) sec
[466] Ep10000: Max 2975 (2546) steps (0.0007 hrs) 0.00:0.00 28334 (230) sec
[467] Ep10000: Max 2975 (2887) steps (0.0008 hrs) 0.00:0.00 28836 (502) sec
[468] Ep10000: Max 2975 (2522) steps (0.0007 hrs) 0.00:0.00 29322 (486) sec
[469] Ep10000: Max 2975 (2144) steps (0.0006 hrs) 0.00:0.00 29816 (494) sec
[470] Ep10000: Max 2975 (2098) steps (0.0006 hrs) 0.00:0.00 29861 (45) sec
[471] Ep10000: Max 2975 (363) steps (0.0001 hrs) 10.53:0.00 29874 (13) sec
[472] Ep10000: Max 2975 (360) steps (0.0001 hrs) 10.53:0.00 29886 (12) sec
[473] Ep10000: Max 2975 (1901) steps (0.0005 hrs) 0.00:23.26 29899 (13) sec
[474] Ep10000: Max 2975 (414) steps (0.0001 hrs) 0.00:14.71 29912 (13) sec
[475] Ep10000: Max 2975 (458) steps (0.0001 hrs) 16.39:0.00 29923 (11) sec
[476] Ep10000: Max 2975 (2219) steps (0.0006 hrs) 0.00:0.00 29968 (45) sec
[477] Ep10000: Max 2975 (1122) steps (0.0003 hrs) 0.00:0.00 30030 (62) sec
[478] Ep10000: Max 2975 (2211) steps (0.0006 hrs) 0.00:0.00 30132 (102) sec
[479] Ep10000: Max 2975 (2665) steps (0.0007 hrs) 0.00:0.00 30658 (526) sec
[480] Ep10000: Max 2975 (288) steps (0.0001 hrs) 13.33:0.00 30672 (14) sec
[481] Ep10000: Max 2975 (2331) steps (0.0006 hrs) 0.00:0.00 30713 (41) sec
[482] Ep10000: Max 2975 (2033) steps (0.0006 hrs) 0.00:0.00 30751 (38) sec
[483] Ep10000: Max 2975 (279) steps (0.0001 hrs) 12.58:0.00 30763 (12) sec
[484] Ep10000: Max 2975 (2120) steps (0.0006 hrs) 0.00:0.00 30859 (96) sec
[485] Ep10000: Max 2975 (2004) steps (0.0006 hrs) 0.00:0.00 31103 (244) sec
[486] Ep10000: Max 2975 (563) steps (0.0002 hrs) 19.61:0.00 31113 (10) sec
[487] Ep10000: Max 2975 (246) steps (0.0001 hrs) 10.10:0.00 31125 (12) sec
[488] Ep10000: Max 2975 (1955) steps (0.0005 hrs) 0.00:0.00 31217 (92) sec
[489] Ep10000: Max 2975 (2255) steps (0.0006 hrs) 0.00:0.00 31712 (495) sec
[490] Ep10000: Max 2975 (2234) steps (0.0006 hrs) 0.00:0.00 31766 (54) sec
[491] Ep10000: Max 2975 (324) steps (0.0001 hrs) 0.00:14.29 31779 (13) sec
[492] Ep10000: Max 2975 (2494) steps (0.0007 hrs) 0.00:0.00 31816 (37) sec
[493] Ep10000: Max 2975 (2477) steps (0.0007 hrs) 0.00:0.00 31876 (60) sec
[494] Ep10000: Max 2975 (1704) steps (0.0005 hrs) 0.00:0.00 31954 (78) sec
[495] Ep10000: Max 2975 (2031) steps (0.0006 hrs) 0.00:0.00 32016 (62) sec
[496] Ep10000: Max 2975 (323) steps (0.0001 hrs) 11.76:0.00 32029 (13) sec
[497] Ep10000: Max 2975 (2383) steps (0.0007 hrs) 0.00:0.00 32069 (40) sec
[498] Ep10000: Max 2975 (305) steps (0.0001 hrs) 18.35:0.00 32082 (13) sec
[499] Ep10000: Max 2975 (2252) steps (0.0006 hrs) 0.00:0.00 32141 (59) sec
[500] Ep10000: Max 2975 (300) steps (0.0001 hrs) 17.09:0.00 32152 (11) sec
[501] Ep10000: Max 2975 (172) steps (0.0000 hrs) 11.24:0.00 32163 (11) sec
[502] Ep10000: Max 2975 (288) steps (0.0001 hrs) 16.13:0.00 32175 (12) sec
[503] Ep10000: Max 2975 (1585) steps (0.0004 hrs) 0.00:0.00 32356 (181) sec
[504] Ep10000: Max 2975 (251) steps (0.0001 hrs) 0.00:14.29 32368 (12) sec
[505] Ep10000: Max 2975 (1552) steps (0.0004 hrs) 0.00:0.00 32439 (71) sec
[506] Ep10000: Max 2975 (1757) steps (0.0005 hrs) 0.00:0.00 32713 (274) sec
[507] Ep10000: Max 2975 (2425) steps (0.0007 hrs) 0.00:0.00 33195 (482) sec
[508] Ep10000: Max 2975 (282) steps (0.0001 hrs) 11.76:0.00 33207 (12) sec
[509] Ep10000: Max 2975 (2244) steps (0.0006 hrs) 0.00:0.00 33248 (41) sec
[510] Ep10000: Max 2975 (280) steps (0.0001 hrs) 18.69:0.00 33260 (12) sec
[511] Ep10000: Max 2975 (2141) steps (0.0006 hrs) 0.00:0.00 33309 (49) sec
[512] Ep10000: Max 2975 (1814) steps (0.0005 hrs) 0.00:16.95 33322 (13) sec
[513] Ep10000: Max 2975 (1678) steps (0.0005 hrs) 17.86:0.00 33334 (12) sec
[514] Ep10000: Max 2975 (2154) steps (0.0006 hrs) 0.00:0.00 33380 (46) sec
[515] Ep10000: Max 2975 (2021) steps (0.0006 hrs) 0.00:0.00 33428 (48) sec
[516] Ep10000: Max 2975 (1201) steps (0.0003 hrs) 15.62:0.00 33441 (13) sec
[517] Ep10000: Max 2975 (1955) steps (0.0005 hrs) 0.00:0.00 33485 (44) sec
[518] Ep10000: Max 2975 (302) steps (0.0001 hrs) 11.11:0.00 33499 (14) sec
[519] Ep10000: Max 2975 (288) steps (0.0001 hrs) 12.50:0.00 33512 (13) sec
[520] Ep10000: Max 2975 (1902) steps (0.0005 hrs) 0.00:0.00 33590 (78) sec
[521] Ep10000: Max 2975 (338) steps (0.0001 hrs) 16.39:0.00 33603 (13) sec
[522] Ep10000: Max 2975 (699) steps (0.0002 hrs) 10.00:0.00 33617 (14) sec
[523] Ep10000: Max 2975 (2394) steps (0.0007 hrs) 0.00:0.00 33670 (53) sec
[524] Ep10000: Max 2975 (2504) steps (0.0007 hrs) 0.00:0.00 33711 (41) sec
[525] Ep10000: Max 2975 (1929) steps (0.0005 hrs) 0.00:0.00 33816 (105) sec
[526] Ep10000: Max 2975 (2189) steps (0.0006 hrs) 0.00:0.00 34358 (542) sec
[527] Ep10000: Max 2975 (2504) steps (0.0007 hrs) 0.00:0.00 34398 (40) sec
[528] Ep10000: Max 2975 (1966) steps (0.0005 hrs) 0.00:0.00 34676 (278) sec
[529] Ep10000: Max 2975 (2792) steps (0.0008 hrs) 0.00:0.00 35200 (524) sec
[530] Ep10000: Max 2975 (271) steps (0.0001 hrs) 26.32:0.00 35215 (15) sec
[531] Ep10000: Max 2975 (375) steps (0.0001 hrs) 19.42:0.00 35227 (12) sec
[532] Ep10000: Max 2975 (278) steps (0.0001 hrs) 0.00:125.00 35240 (13) sec
[533] Ep10000: Max 2975 (2603) steps (0.0007 hrs) 0.00:0.00 35328 (88) sec
[534] Ep10000: Max 2975 (1379) steps (0.0004 hrs) 0.00:0.00 35434 (106) sec
[535] Ep10000: Max 2975 (2300) steps (0.0006 hrs) 0.00:0.00 35492 (58) sec
[536] Ep10000: Max 2975 (1519) steps (0.0004 hrs) 0.00:0.00 35599 (107) sec
[537] Ep10000: Max 2975 (1417) steps (0.0004 hrs) 0.00:0.00 35678 (79) sec
[538] Ep10000: Max 2975 (1818) steps (0.0005 hrs) 0.00:0.00 35915 (237) sec
[539] Ep10000: Max 2975 (354) steps (0.0001 hrs) 16.67:0.00 35928 (13) sec
[540] Ep10000: Max 2975 (1392) steps (0.0004 hrs) 0.00:0.00 35953 (25) sec
[541] Ep10000: Max 2975 (2496) steps (0.0007 hrs) 0.00:0.00 35993 (40) sec
[542] Ep10000: Max 2975 (2348) steps (0.0007 hrs) 2.10:0.00 36035 (42) sec
[543] Ep10000: Max 2975 (1724) steps (0.0005 hrs) 0.00:0.00 36199 (164) sec
[544] Ep10000: Max 2975 (2140) steps (0.0006 hrs) 0.00:0.00 36263 (64) sec
[545] Ep10000: Max 2975 (2348) steps (0.0007 hrs) 0.00:0.00 36333 (70) sec
[546] Ep10000: Max 2975 (2017) steps (0.0006 hrs) 3.15:0.00 36375 (42) sec
[547] Ep10000: Max 2975 (2215) steps (0.0006 hrs) 0.00:0.00 36417 (42) sec
[548] Ep10000: Max 2975 (1740) steps (0.0005 hrs) 0.00:13.70 36431 (14) sec
[549] Ep10000: Max 2975 (282) steps (0.0001 hrs) 55.56:0.00 36445 (14) sec
[550] Ep10000: Max 2975 (310) steps (0.0001 hrs) 24.39:0.00 36458 (13) sec
[551] Ep10000: Max 2975 (285) steps (0.0001 hrs) 9.90:0.00 36473 (15) sec
[552] Ep10000: Max 2975 (2120) steps (0.0006 hrs) 0.00:0.00 36550 (77) sec
[553] Ep10000: Max 2975 (241) steps (0.0001 hrs) 12.90:0.00 36564 (14) sec
[554] Ep10000: Max 2975 (1776) steps (0.0005 hrs) 0.00:0.00 36596 (32) sec
[555] Ep10000: Max 2975 (1943) steps (0.0005 hrs) 0.00:17.86 36623 (27) sec
[556] Ep10000: Max 2975 (2288) steps (0.0006 hrs) 0.00:0.00 36671 (48) sec
[557] Ep10000: Max 2975 (1737) steps (0.0005 hrs) 0.00:0.00 36775 (104) sec
[558] Ep10000: Max 2975 (1708) steps (0.0005 hrs) 0.00:13.70 36788 (13) sec
[559] Ep10000: Max 2975 (304) steps (0.0001 hrs) 22.73:0.00 36801 (13) sec
[560] Ep10000: Max 2975 (2621) steps (0.0007 hrs) 0.00:0.00 36870 (69) sec
[561] Ep10000: Max 2975 (1596) steps (0.0004 hrs) 0.00:0.00 36955 (85) sec
[562] Ep10000: Max 2975 (2408) steps (0.0007 hrs) 0.00:0.00 36998 (43) sec
[563] Ep10000: Max 2975 (2433) steps (0.0007 hrs) 0.00:0.00 37036 (38) sec
[564] Ep10000: Max 2975 (347) steps (0.0001 hrs) 10.20:0.00 37048 (12) sec
[565] Ep10000: Max 2975 (1485) steps (0.0004 hrs) 0.00:0.00 37142 (94) sec
[566] Ep10000: Max 2975 (313) steps (0.0001 hrs) 62.50:0.00 37155 (13) sec
[567] Ep10000: Max 2975 (2042) steps (0.0006 hrs) 0.00:0.00 37196 (41) sec
[568] Ep10000: Max 2975 (2263) steps (0.0006 hrs) 0.00:0.00 37506 (310) sec
[569] Ep10000: Max 2975 (175) steps (0.0000 hrs) 18.35:0.00 37520 (14) sec
[570] Ep10000: Max 2975 (2303) steps (0.0006 hrs) 0.00:0.00 37917 (397) sec
[571] Ep10000: Max 2975 (1602) steps (0.0004 hrs) 0.00:0.00 38003 (86) sec
[572] Ep10000: Max 2975 (2320) steps (0.0006 hrs) 0.00:0.00 38530 (527) sec
[573] Ep10000: Max 2975 (2108) steps (0.0006 hrs) 0.00:0.00 39056 (526) sec
[574] Ep10000: Max 2975 (278) steps (0.0001 hrs) 12.35:0.00 39069 (13) sec
[575] Ep10000: Max 2975 (2628) steps (0.0007 hrs) 0.00:6.80 39114 (45) sec
[576] Ep10000: Max 2975 (2124) steps (0.0006 hrs) 0.00:16.00 39155 (41) sec
[577] Ep10000: Max 2975 (318) steps (0.0001 hrs) 13.70:0.00 39168 (13) sec
[578] Ep10000: Max 2975 (531) steps (0.0001 hrs) 27.78:0.00 39182 (14) sec
[579] Ep10000: Max 2975 (2644) steps (0.0007 hrs) 0.00:0.00 39232 (50) sec
[580] Ep10000: Max 2975 (176) steps (0.0000 hrs) 22.22:0.00 39246 (14) sec
[581] Ep10000: Max 2975 (174) steps (0.0000 hrs) 16.53:0.00 39259 (13) sec
[582] Ep10000: Max 2975 (174) steps (0.0000 hrs) 17.54:0.00 39272 (13) sec
[583] Ep10000: Max 2975 (1277) steps (0.0004 hrs) 0.00:0.00 39362 (90) sec
[584] Ep10000: Max 2975 (375) steps (0.0001 hrs) 21.74:0.00 39375 (13) sec
[585] Ep10000: Max 2975 (2520) steps (0.0007 hrs) 0.00:0.00 39417 (42) sec
[586] Ep10000: Max 2975 (560) steps (0.0002 hrs) 13.33:0.00 39431 (14) sec
[587] Ep10000: Max 2975 (291) steps (0.0001 hrs) 10.64:0.00 39444 (13) sec
[588] Ep10000: Max 2975 (277) steps (0.0001 hrs) 13.33:0.00 39457 (13) sec
[589] Ep10000: Max 2975 (1013) steps (0.0003 hrs) 14.29:0.00 39470 (13) sec
[590] Ep10000: Max 2975 (833) steps (0.0002 hrs) 13.89:0.00 39484 (14) sec
[591] Ep10000: Max 2975 (512) steps (0.0001 hrs) 0.00:15.87 39497 (13) sec
[592] Ep10000: Max 2975 (577) steps (0.0002 hrs) 10.87:0.00 39510 (13) sec
[593] Ep10000: Max 2975 (1995) steps (0.0006 hrs) 0.00:0.00 39590 (80) sec
[594] Ep10000: Max 2975 (296) steps (0.0001 hrs) 10.75:0.00 39602 (12) sec
[595] Ep10000: Max 2975 (985) steps (0.0003 hrs) 0.00:0.00 39645 (43) sec
[596] Ep10000: Max 2975 (539) steps (0.0001 hrs) 19.61:0.00 39656 (11) sec
[597] Ep10000: Max 2975 (240) steps (0.0001 hrs) 0.00:10.00 39666 (10) sec
[598] Ep10000: Max 2975 (2529) steps (0.0007 hrs) 0.00:0.00 39712 (46) sec
[599] Ep10000: Max 2975 (271) steps (0.0001 hrs) 0.00:15.62 39723 (11) sec
[600] Ep10000: Max 2975 (946) steps (0.0003 hrs) 0.00:12.50 39735 (12) sec
[601] Ep10000: Max 2975 (405) steps (0.0001 hrs) 16.53:0.00 39750 (15) sec
[602] Ep10000: Max 2975 (2009) steps (0.0006 hrs) 0.00:0.00 39795 (45) sec
[603] Ep10000: Max 2975 (1815) steps (0.0005 hrs) 0.00:0.00 39833 (38) sec
[604] Ep10000: Max 2975 (2039) steps (0.0006 hrs) 0.00:0.00 39874 (41) sec
[605] Ep10000: Max 2975 (255) steps (0.0001 hrs) 18.52:0.00 39886 (12) sec
[606] Ep10000: Max 2975 (2280) steps (0.0006 hrs) 0.00:0.00 40199 (313) sec
[607] Ep10000: Max 2975 (1725) steps (0.0005 hrs) 0.00:0.00 40538 (339) sec
[608] Ep10000: Max 2975 (573) steps (0.0002 hrs) 27.03:0.00 40547 (9) sec
[609] Ep10000: Max 2975 (2121) steps (0.0006 hrs) 0.00:0.00 40583 (36) sec
[610] Ep10000: Max 2975 (1868) steps (0.0005 hrs) 0.00:0.00 40643 (60) sec
[611] Ep10000: Max 2975 (2363) steps (0.0007 hrs) 0.00:0.00 41124 (481) sec
[612] Ep10000: Max 2975 (988) steps (0.0003 hrs) 11.90:0.00 41135 (11) sec
[613] Ep10000: Max 2975 (323) steps (0.0001 hrs) 22.73:0.00 41145 (10) sec
[614] Ep10000: Max 2975 (2826) steps (0.0008 hrs) 0.00:0.00 41187 (42) sec
[615] Ep10000: Max 2975 (333) steps (0.0001 hrs) 13.51:0.00 41197 (10) sec
[616] Ep10000: Max 2975 (353) steps (0.0001 hrs) 66.67:0.00 41207 (10) sec
[617] Ep10000: Max 2975 (1877) steps (0.0005 hrs) 0.00:0.00 41295 (88) sec
[618] Ep10000: Max 2975 (2330) steps (0.0006 hrs) 0.00:0.00 41761 (466) sec
[619] Ep10000: Max 2975 (1131) steps (0.0003 hrs) 25.00:0.00 41771 (10) sec
[620] Ep10000: Max 2975 (2439) steps (0.0007 hrs) 0.00:0.00 41826 (55) sec
[621] Ep10000: Max 2975 (355) steps (0.0001 hrs) 15.87:0.00 41836 (10) sec
[622] Ep10000: Max 2975 (1756) steps (0.0005 hrs) 0.00:0.00 41872 (36) sec
[623] Ep10000: Max 2975 (380) steps (0.0001 hrs) 17.86:0.00 41883 (11) sec
[624] Ep10000: Max 2975 (314) steps (0.0001 hrs) 13.16:0.00 41894 (11) sec
[625] Ep10000: Max 2975 (474) steps (0.0001 hrs) 10.53:0.00 41904 (10) sec
[626] Ep10000: Max 2975 (2053) steps (0.0006 hrs) 0.00:0.00 41934 (30) sec
[627] Ep10000: Max 2975 (318) steps (0.0001 hrs) 14.49:0.00 41944 (10) sec
[628] Ep10000: Max 2975 (2160) steps (0.0006 hrs) 0.00:0.00 41975 (31) sec
[629] Ep10000: Max 2975 (288) steps (0.0001 hrs) 18.87:0.00 41984 (9) sec
[630] Ep10000: Max 2975 (2111) steps (0.0006 hrs) 0.00:0.00 42023 (39) sec
[631] Ep10000: Max 2975 (301) steps (0.0001 hrs) 19.23:0.00 42034 (11) sec
[632] Ep10000: Max 2975 (1762) steps (0.0005 hrs) 0.00:0.00 42088 (54) sec
[633] Ep10000: Max 2975 (2415) steps (0.0007 hrs) 0.00:0.00 42542 (454) sec
[634] Ep10000: Max 2975 (1489) steps (0.0004 hrs) 0.00:0.00 42592 (50) sec
[635] Ep10000: Max 2975 (2207) steps (0.0006 hrs) 0.00:0.00 43055 (463) sec
[636] Ep10000: Max 2975 (1933) steps (0.0005 hrs) 0.00:0.00 43305 (250) sec
[637] Ep10000: Max 2975 (2519) steps (0.0007 hrs) 0.00:0.00 43796 (491) sec
[638] Ep10000: Max 2975 (2407) steps (0.0007 hrs) 0.00:0.00 44059 (263) sec
[639] Ep10000: Max 2975 (263) steps (0.0001 hrs) 10.99:0.00 44075 (16) sec
[640] Ep10000: Max 2975 (2169) steps (0.0006 hrs) 0.00:0.00 44107 (32) sec
[641] Ep10000: Max 2975 (309) steps (0.0001 hrs) 12.35:0.00 44119 (12) sec
[642] Ep10000: Max 2975 (607) steps (0.0002 hrs) 0.00:13.16 44135 (16) sec
[643] Ep10000: Max 2975 (301) steps (0.0001 hrs) 11.49:0.00 44144 (9) sec
[644] Ep10000: Max 2975 (352) steps (0.0001 hrs) 14.49:0.00 44153 (9) sec
[645] Ep10000: Max 2975 (1814) steps (0.0005 hrs) 0.00:0.00 44465 (312) sec
[646] Ep10000: Max 2975 (2169) steps (0.0006 hrs) 0.00:0.00 44934 (469) sec
[647] Ep10000: Max 2975 (1881) steps (0.0005 hrs) 0.00:0.00 44966 (32) sec
[648] Ep10000: Max 2975 (174) steps (0.0000 hrs) 21.74:0.00 44975 (9) sec
[649] Ep10000: Max 2975 (1674) steps (0.0005 hrs) 0.00:0.00 45073 (98) sec
[650] Ep10000: Max 2975 (1934) steps (0.0005 hrs) 0.00:0.00 45520 (447) sec
[651] Ep10000: Max 2975 (2331) steps (0.0006 hrs) 0.00:0.00 45550 (30) sec
[652] Ep10000: Max 2975 (1489) steps (0.0004 hrs) 0.00:0.00 45614 (64) sec
[653] Ep10000: Max 2975 (2347) steps (0.0007 hrs) 0.00:0.00 45647 (33) sec
[654] Ep10000: Max 2975 (1742) steps (0.0005 hrs) 0.00:0.00 45842 (195) sec
[655] Ep10000: Max 2975 (2665) steps (0.0007 hrs) 0.00:0.00 45875 (33) sec
[656] Ep10000: Max 2975 (327) steps (0.0001 hrs) 0.00:8.06 45887 (12) sec
[657] Ep10000: Max 2975 (899) steps (0.0002 hrs) 13.61:0.00 45897 (10) sec
[658] Ep10000: Max 2975 (1436) steps (0.0004 hrs) 0.00:0.00 45974 (77) sec
[659] Ep10000: Max 2975 (1881) steps (0.0005 hrs) 0.00:0.00 46011 (37) sec
[660] Ep10000: Max 2975 (173) steps (0.0000 hrs) 142.86:0.00 46022 (11) sec
[661] Ep10000: Max 2975 (300) steps (0.0001 hrs) 13.51:0.00 46030 (8) sec
[662] Ep10000: Max 2975 (173) steps (0.0000 hrs) 10.20:0.00 46039 (9) sec
[663] Ep10000: Max 2975 (278) steps (0.0001 hrs) 13.16:0.00 46047 (8) sec
[664] Ep10000: Max 2975 (1821) steps (0.0005 hrs) 0.00:0.00 46234 (187) sec
[665] Ep10000: Max 546777 (546777) steps (0.1519 hrs) 0.00:0.00 47153 (919) sec
[666] Ep10000: Max 546777 (1854) steps (0.0005 hrs) 0.00:0.00 47614 (461) sec
[667] Ep10000: Max 546777 (1873) steps (0.0005 hrs) 0.00:0.00 47808 (194) sec
[668] Ep10000: Max 546777 (2447) steps (0.0007 hrs) 0.00:0.00 47839 (31) sec
[669] Ep10000: Max 546777 (520) steps (0.0001 hrs) 16.13:0.00 47847 (8) sec
[670] Ep10000: Max 546777 (174) steps (0.0000 hrs) 14.29:0.00 47856 (9) sec
[671] Ep10000: Max 546777 (1644) steps (0.0005 hrs) 0.00:0.00 47921 (65) sec
[672] Ep10000: Max 546777 (2322) steps (0.0006 hrs) 0.00:3.24 47961 (40) sec
[673] Ep10000: Max 546777 (492) steps (0.0001 hrs) 31.25:0.00 47973 (12) sec
[674] Ep10000: Max 546777 (472) steps (0.0001 hrs) 29.41:0.00 47985 (12) sec
[675] Ep10000: Max 546777 (2502) steps (0.0007 hrs) 0.00:0.00 48031 (46) sec
[676] Ep10000: Max 546777 (283) steps (0.0001 hrs) 58.82:0.00 48043 (12) sec
[677] Ep10000: Max 546777 (1399) steps (0.0004 hrs) 38.46:0.00 48059 (16) sec
[678] Ep10000: Max 546777 (476) steps (0.0001 hrs) 18.35:0.00 48071 (12) sec
[679] Ep10000: Max 546777 (260) steps (0.0001 hrs) 33.33:0.00 48084 (13) sec
[680] Ep10000: Max 546777 (302) steps (0.0001 hrs) 15.75:0.00 48096 (12) sec
[681] Ep10000: Max 546777 (528) steps (0.0001 hrs) 19.42:0.00 48107 (11) sec
[682] Ep10000: Max 546777 (2592) steps (0.0007 hrs) 0.00:0.00 48165 (58) sec
[683] Ep10000: Max 546777 (3226) steps (0.0009 hrs) 0.00:0.00 48208 (43) sec
[684] Ep10000: Max 546777 (516) steps (0.0001 hrs) 0.00:16.67 48225 (17) sec
[685] Ep10000: Max 546777 (302) steps (0.0001 hrs) 18.52:0.00 48236 (11) sec
[686] Ep10000: Max 546777 (295) steps (0.0001 hrs) 14.49:0.00 48247 (11) sec
[687] Ep10000: Max 546777 (1652) steps (0.0005 hrs) 0.00:33.33 48260 (13) sec
[688] Ep10000: Max 546777 (1337) steps (0.0004 hrs) 0.00:0.00 48347 (87) sec
[689] Ep10000: Max 546777 (368) steps (0.0001 hrs) 15.87:0.00 48359 (12) sec
[690] Ep10000: Max 546777 (1397) steps (0.0004 hrs) 0.00:0.00 48438 (79) sec
[691] Ep10000: Max 546777 (359) steps (0.0001 hrs) 17.70:0.00 48450 (12) sec
[692] Ep10000: Max 546777 (1915) steps (0.0005 hrs) 0.00:0.00 48517 (67) sec
[693] Ep10000: Max 546777 (793) steps (0.0002 hrs) 16.13:0.00 48532 (15) sec
[694] Ep10000: Max 546777 (352) steps (0.0001 hrs) 14.93:0.00 48544 (12) sec
[695] Ep10000: Max 546777 (2683) steps (0.0007 hrs) 0.00:0.00 48596 (52) sec
[696] Ep10000: Max 546777 (312) steps (0.0001 hrs) 16.81:0.00 48608 (12) sec
[697] Ep10000: Max 546777 (932) steps (0.0003 hrs) 16.00:0.00 48621 (13) sec
[698] Ep10000: Max 546777 (1692) steps (0.0005 hrs) 0.00:0.00 48813 (192) sec
[699] Ep10000: Max 546777 (2421) steps (0.0007 hrs) 0.00:0.00 49354 (541) sec
[700] Ep10000: Max 546777 (2214) steps (0.0006 hrs) 0.00:0.00 49863 (509) sec
[701] Ep10000: Max 546777 (1874) steps (0.0005 hrs) 0.00:62.50 49902 (39) sec
[702] Ep10000: Max 546777 (2985) steps (0.0008 hrs) 0.00:0.00 49944 (42) sec
[703] Ep10000: Max 546777 (419) steps (0.0001 hrs) 0.00:31.25 49960 (16) sec
[704] Ep10000: Max 546777 (3214) steps (0.0009 hrs) 0.00:0.00 50023 (63) sec
[705] Ep10000: Max 546777 (1722) steps (0.0005 hrs) 0.00:0.00 50142 (119) sec
[706] Ep10000: Max 546777 (4302) steps (0.0012 hrs) 0.00:0.00 50183 (41) sec
[707] Ep10000: Max 546777 (2064) steps (0.0006 hrs) 0.00:0.00 50796 (613) sec
[708] Ep10000: Max 546777 (1572) steps (0.0004 hrs) 0.00:0.00 51033 (237) sec
[709] Ep10000: Max 546777 (287) steps (0.0001 hrs) 100.00:0.00 51077 (44) sec
[710] Ep10000: Max 546777 (276) steps (0.0001 hrs) 13.70:0.00 51163 (86) sec
[711] Ep10000: Max 546777 (511) steps (0.0001 hrs) 11.36:0.00 51261 (98) sec
[712] Ep10000: Max 546777 (323) steps (0.0001 hrs) 18.69:0.00 51330 (69) sec
[713] Ep10000: Max 546777 (995) steps (0.0003 hrs) 0.00:0.00 51489 (159) sec
[714] Ep10000: Max 546777 (2212) steps (0.0006 hrs) 0.00:0.00 51827 (338) sec
[715] Ep10000: Max 546777 (1659) steps (0.0005 hrs) 0.00:0.00 51974 (147) sec
[716] Ep10000: Max 546777 (2193) steps (0.0006 hrs) 0.00:0.00 52567 (593) sec
[717] Ep10000: Max 546777 (2432) steps (0.0007 hrs) 0.00:0.00 52621 (54) sec
[718] Ep10000: Max 546777 (1966) steps (0.0005 hrs) 0.00:0.00 52671 (50) sec
[719] Ep10000: Max 546777 (285) steps (0.0001 hrs) 19.42:0.00 52683 (12) sec
[720] Ep10000: Max 546777 (2183) steps (0.0006 hrs) 0.00:0.00 52720 (37) sec
[721] Ep10000: Max 546777 (2551) steps (0.0007 hrs) 0.00:0.00 52751 (31) sec
[722] Ep10000: Max 546777 (1580) steps (0.0004 hrs) 0.00:0.00 52787 (36) sec
[723] Ep10000: Max 546777 (1108) steps (0.0003 hrs) 13.16:0.00 52795 (8) sec
[724] Ep10000: Max 546777 (2073) steps (0.0006 hrs) 0.00:0.00 52824 (29) sec
[725] Ep10000: Max 546777 (330) steps (0.0001 hrs) 10.64:0.00 52831 (7) sec
[726] Ep10000: Max 546777 (296) steps (0.0001 hrs) 16.13:0.00 52839 (8) sec
[727] Ep10000: Max 546777 (2137) steps (0.0006 hrs) 0.00:15.87 52861 (22) sec
[728] Ep10000: Max 546777 (315) steps (0.0001 hrs) 12.99:0.00 52868 (7) sec
[729] Ep10000: Max 546777 (2414) steps (0.0007 hrs) 0.00:0.00 52899 (31) sec
[730] Ep10000: Max 546777 (498) steps (0.0001 hrs) 14.93:0.00 52906 (7) sec
[731] Ep10000: Max 546777 (1927) steps (0.0005 hrs) 0.00:0.00 52935 (29) sec
[732] Ep10000: Max 546777 (1863) steps (0.0005 hrs) 0.00:0.00 52968 (33) sec
[733] Ep10000: Max 546777 (320) steps (0.0001 hrs) 16.95:0.00 52975 (7) sec
[734] Ep10000: Max 546777 (257) steps (0.0001 hrs) 0.00:13.16 52982 (7) sec
[735] Ep10000: Max 546777 (2018) steps (0.0006 hrs) 0.00:0.00 53013 (31) sec
[736] Ep10000: Max 546777 (281) steps (0.0001 hrs) 19.61:0.00 53020 (7) sec
[737] Ep10000: Max 546777 (2092) steps (0.0006 hrs) 0.00:0.00 53052 (32) sec
[738] Ep10000: Max 546777 (1832) steps (0.0005 hrs) 0.00:0.00 53081 (29) sec
[739] Ep10000: Max 546777 (2308) steps (0.0006 hrs) 0.00:11.76 53098 (17) sec
[740] Ep10000: Max 546777 (1940) steps (0.0005 hrs) 0.00:0.00 53129 (31) sec
[741] Ep10000: Max 546777 (2168) steps (0.0006 hrs) 0.00:0.00 53173 (44) sec
[742] Ep10000: Max 546777 (305) steps (0.0001 hrs) 17.70:0.00 53181 (8) sec
[743] Ep10000: Max 546777 (1571) steps (0.0004 hrs) 0.00:0.00 53255 (74) sec
[744] Ep10000: Max 546777 (269) steps (0.0001 hrs) 15.04:0.00 53262 (7) sec
[745] Ep10000: Max 546777 (317) steps (0.0001 hrs) 14.08:0.00 53270 (8) sec
[746] Ep10000: Max 546777 (2263) steps (0.0006 hrs) 10.20:0.00 53291 (21) sec
[747] Ep10000: Max 546777 (1789) steps (0.0005 hrs) 0.00:0.00 53368 (77) sec
[748] Ep10000: Max 546777 (2490) steps (0.0007 hrs) 0.00:0.00 53396 (28) sec
[749] Ep10000: Max 546777 (2233) steps (0.0006 hrs) 0.00:0.00 53428 (32) sec
[750] Ep10000: Max 546777 (256) steps (0.0001 hrs) 14.71:0.00 53435 (7) sec
[751] Ep10000: Max 546777 (1332) steps (0.0004 hrs) 0.00:0.00 53486 (51) sec
[752] Ep10000: Max 546777 (309) steps (0.0001 hrs) 20.41:0.00 53493 (7) sec
[753] Ep10000: Max 546777 (1986) steps (0.0006 hrs) 0.00:0.00 53726 (233) sec
[754] Ep10000: Max 546777 (255) steps (0.0001 hrs) 10.87:0.00 53734 (8) sec
[755] Ep10000: Max 546777 (1497) steps (0.0004 hrs) 0.00:0.00 53815 (81) sec
[756] Ep10000: Max 546777 (300) steps (0.0001 hrs) 83.33:0.00 53823 (8) sec
[757] Ep10000: Max 546777 (316) steps (0.0001 hrs) 14.39:0.00 53830 (7) sec
[758] Ep10000: Max 546777 (1997) steps (0.0006 hrs) 0.00:0.00 54238 (408) sec
[759] Ep10000: Max 546777 (2108) steps (0.0006 hrs) 0.00:0.00 54270 (32) sec
[760] Ep10000: Max 546777 (581) steps (0.0002 hrs) 20.41:0.00 54280 (10) sec
[761] Ep10000: Max 546777 (993) steps (0.0003 hrs) 14.93:0.00 54289 (9) sec
[762] Ep10000: Max 546777 (1124) steps (0.0003 hrs) 0.00:0.00 54311 (22) sec
[763] Ep10000: Max 546777 (1594) steps (0.0004 hrs) 0.00:0.00 54420 (109) sec
[764] Ep10000: Max 546777 (2185) steps (0.0006 hrs) 0.00:0.00 54479 (59) sec
[765] Ep10000: Max 546777 (2376) steps (0.0007 hrs) 0.00:0.00 54510 (31) sec
[766] Ep10000: Max 546777 (173) steps (0.0000 hrs) 23.26:0.00 54518 (8) sec
[767] Ep10000: Max 546777 (2203) steps (0.0006 hrs) 0.00:0.00 54576 (58) sec
[768] Ep10000: Max 546777 (2416) steps (0.0007 hrs) 0.00:0.00 54620 (44) sec
[769] Ep10000: Max 546777 (2013) steps (0.0006 hrs) 0.00:0.00 54661 (41) sec
[770] Ep10000: Max 546777 (485) steps (0.0001 hrs) 17.86:0.00 54673 (12) sec
[771] Ep10000: Max 546777 (172) steps (0.0000 hrs) 15.50:0.00 54686 (13) sec
[772] Ep10000: Max 546777 (2083) steps (0.0006 hrs) 0.00:0.00 54728 (42) sec
[773] Ep10000: Max 546777 (729) steps (0.0002 hrs) 0.00:18.18 54738 (10) sec
[774] Ep10000: Max 546777 (2055) steps (0.0006 hrs) 0.00:0.00 54780 (42) sec
[775] Ep10000: Max 546777 (320) steps (0.0001 hrs) 12.66:0.00 54791 (11) sec
[776] Ep10000: Max 546777 (1401) steps (0.0004 hrs) 0.00:0.00 54945 (154) sec
[777] Ep10000: Max 546777 (2693) steps (0.0007 hrs) 0.00:0.00 55022 (77) sec
[778] Ep10000: Max 546777 (1154) steps (0.0003 hrs) 0.00:0.00 55055 (33) sec
[779] Ep10000: Max 546777 (1480) steps (0.0004 hrs) 0.00:0.00 55146 (91) sec
[780] Ep10000: Max 546777 (1904) steps (0.0005 hrs) 0.00:0.00 55669 (523) sec
[781] Ep10000: Max 546777 (2298) steps (0.0006 hrs) 0.00:0.00 56167 (498) sec
[782] Ep10000: Max 546777 (1930) steps (0.0005 hrs) 0.00:0.00 56656 (489) sec
[783] Ep10000: Max 546777 (473) steps (0.0001 hrs) 29.41:0.00 56666 (10) sec
[784] Ep10000: Max 546777 (259) steps (0.0001 hrs) 17.86:0.00 56675 (9) sec
[785] Ep10000: Max 546777 (2644) steps (0.0007 hrs) 0.00:0.00 56757 (82) sec
[786] Ep10000: Max 546777 (1478) steps (0.0004 hrs) 7.87:0.00 56774 (17) sec
[787] Ep10000: Max 546777 (234) steps (0.0001 hrs) 16.53:0.00 56787 (13) sec
[788] Ep10000: Max 546777 (805) steps (0.0002 hrs) 27.03:0.00 56801 (14) sec
[789] Ep10000: Max 546777 (1390) steps (0.0004 hrs) 0.00:90.91 56812 (11) sec
[790] Ep10000: Max 546777 (1269) steps (0.0004 hrs) 0.00:0.00 56907 (95) sec
[791] Ep10000: Max 546777 (2793) steps (0.0008 hrs) 0.00:0.00 56950 (43) sec
[792] Ep10000: Max 546777 (339) steps (0.0001 hrs) 16.67:0.00 56965 (15) sec
[793] Ep10000: Max 546777 (2284) steps (0.0006 hrs) 0.00:0.00 57006 (41) sec
[794] Ep10000: Max 546777 (297) steps (0.0001 hrs) 16.81:0.00 57020 (14) sec
[795] Ep10000: Max 546777 (175) steps (0.0000 hrs) 55.56:0.00 57032 (12) sec
[796] Ep10000: Max 546777 (1585) steps (0.0004 hrs) 0.00:0.00 57095 (63) sec
[797] Ep10000: Max 546777 (2281) steps (0.0006 hrs) 0.00:0.00 57636 (541) sec
[798] Ep10000: Max 546777 (1424) steps (0.0004 hrs) 0.00:0.00 57735 (99) sec
[799] Ep10000: Max 546777 (303) steps (0.0001 hrs) 17.24:0.00 57753 (18) sec
[800] Ep10000: Max 546777 (2262) steps (0.0006 hrs) 0.00:0.00 57803 (50) sec
[801] Ep10000: Max 546777 (2622) steps (0.0007 hrs) 0.00:0.00 57836 (33) sec
[802] Ep10000: Max 546777 (342) steps (0.0001 hrs) 0.00:18.52 57848 (12) sec
[803] Ep10000: Max 546777 (1543) steps (0.0004 hrs) 0.00:0.00 57993 (145) sec
[804] Ep10000: Max 546777 (2159) steps (0.0006 hrs) 0.00:0.00 58489 (496) sec
[805] Ep10000: Max 546777 (2238) steps (0.0006 hrs) 0.00:0.00 58534 (45) sec
[806] Ep10000: Max 546777 (2103) steps (0.0006 hrs) 0.00:0.00 58580 (46) sec
[807] Ep10000: Max 546777 (287) steps (0.0001 hrs) 10.53:0.00 58594 (14) sec
[808] Ep10000: Max 546777 (302) steps (0.0001 hrs) 12.05:0.00 58608 (14) sec
[809] Ep10000: Max 546777 (1943) steps (0.0005 hrs) 0.00:0.00 58778 (170) sec
[810] Ep10000: Max 546777 (2170) steps (0.0006 hrs) 0.00:0.00 59328 (550) sec
[811] Ep10000: Max 546777 (1883) steps (0.0005 hrs) 0.00:0.00 59924 (596) sec
[812] Ep10000: Max 546777 (2622) steps (0.0007 hrs) 0.00:0.00 60009 (85) sec
[813] Ep10000: Max 546777 (1928) steps (0.0005 hrs) 0.00:0.00 60097 (88) sec
[814] Ep10000: Max 546777 (1707) steps (0.0005 hrs) 0.00:0.00 60239 (142) sec
[815] Ep10000: Max 546777 (174) steps (0.0000 hrs) 12.66:0.00 60260 (21) sec
[816] Ep10000: Max 546777 (464) steps (0.0001 hrs) 14.93:0.00 60302 (42) sec
[817] Ep10000: Max 546777 (238) steps (0.0001 hrs) 11.24:0.00 60421 (119) sec
[818] Ep10000: Max 546777 (894) steps (0.0002 hrs) 0.00:0.00 60540 (119) sec
[819] Ep10000: Max 546777 (2164) steps (0.0006 hrs) 0.00:0.00 61572 (1032) sec
[820] Ep10000: Max 546777 (1341) steps (0.0004 hrs) 11.90:0.00 61584 (12) sec
[821] Ep10000: Max 546777 (2372) steps (0.0007 hrs) 0.00:0.00 61627 (43) sec
[822] Ep10000: Max 546777 (317) steps (0.0001 hrs) 27.78:0.00 61641 (14) sec
[823] Ep10000: Max 546777 (1929) steps (0.0005 hrs) 0.00:0.00 62360 (719) sec
[824] Ep10000: Max 546777 (2324) steps (0.0006 hrs) 0.00:0.00 62926 (566) sec
[825] Ep10000: Max 546777 (2272) steps (0.0006 hrs) 0.00:0.00 62963 (37) sec
[826] Ep10000: Max 546777 (335) steps (0.0001 hrs) 500.00:0.00 62974 (11) sec
[827] Ep10000: Max 546777 (2712) steps (0.0008 hrs) 0.00:0.00 63028 (54) sec
[828] Ep10000: Max 546777 (320) steps (0.0001 hrs) 15.50:0.00 63038 (10) sec
[829] Ep10000: Max 546777 (348) steps (0.0001 hrs) 200.00:0.00 63049 (11) sec
[830] Ep10000: Max 546777 (2286) steps (0.0006 hrs) 0.00:0.00 63106 (57) sec
[831] Ep10000: Max 546777 (2560) steps (0.0007 hrs) 0.00:0.00 63318 (212) sec
[832] Ep10000: Max 546777 (882) steps (0.0002 hrs) 0.00:0.00 63371 (53) sec
[833] Ep10000: Max 546777 (2243) steps (0.0006 hrs) 0.00:0.00 63920 (549) sec
[834] Ep10000: Max 546777 (2549) steps (0.0007 hrs) 0.00:0.00 63959 (39) sec
[835] Ep10000: Max 546777 (302) steps (0.0001 hrs) 0.00:13.89 63972 (13) sec
[836] Ep10000: Max 546777 (2093) steps (0.0006 hrs) 0.00:0.00 64293 (321) sec
[837] Ep10000: Max 546777 (2281) steps (0.0006 hrs) 0.00:0.00 64815 (522) sec
[838] Ep10000: Max 546777 (466) steps (0.0001 hrs) 15.87:0.00 64832 (17) sec
[839] Ep10000: Max 546777 (285) steps (0.0001 hrs) 11.36:0.00 64844 (12) sec
[840] Ep10000: Max 546777 (1591) steps (0.0004 hrs) 0.00:0.00 64916 (72) sec
[841] Ep10000: Max 546777 (1849) steps (0.0005 hrs) 0.00:0.00 64969 (53) sec
[842] Ep10000: Max 546777 (306) steps (0.0001 hrs) 32.26:0.00 64982 (13) sec
[843] Ep10000: Max 546777 (2413) steps (0.0007 hrs) 0.00:0.00 65031 (49) sec
[844] Ep10000: Max 546777 (279) steps (0.0001 hrs) 333.33:0.00 65045 (14) sec
[845] Ep10000: Max 546777 (306) steps (0.0001 hrs) 10.53:0.00 65063 (18) sec
[846] Ep10000: Max 546777 (2316) steps (0.0006 hrs) 0.00:0.00 65102 (39) sec
[847] Ep10000: Max 546777 (2596) steps (0.0007 hrs) 0.00:0.00 65144 (42) sec
[848] Ep10000: Max 546777 (2043) steps (0.0006 hrs) 0.00:0.00 65206 (62) sec
[849] Ep10000: Max 546777 (1790) steps (0.0005 hrs) 0.00:0.00 65320 (114) sec
[850] Ep10000: Max 546777 (2033) steps (0.0006 hrs) 0.00:0.00 65805 (485) sec
[851] Ep10000: Max 546777 (299) steps (0.0001 hrs) 18.87:0.00 65814 (9) sec
[852] Ep10000: Max 546777 (295) steps (0.0001 hrs) 23.26:0.00 65823 (9) sec
[853] Ep10000: Max 546777 (290) steps (0.0001 hrs) 18.18:0.00 65832 (9) sec
[854] Ep10000: Max 546777 (423) steps (0.0001 hrs) 10.87:0.00 65843 (11) sec
[855] Ep10000: Max 546777 (2429) steps (0.0007 hrs) 0.00:0.00 65875 (32) sec
[856] Ep10000: Max 546777 (273) steps (0.0001 hrs) 13.51:0.00 65885 (10) sec
[857] Ep10000: Max 546777 (2139) steps (0.0006 hrs) 0.00:0.00 66232 (347) sec
[858] Ep10000: Max 546777 (337) steps (0.0001 hrs) 16.95:0.00 66243 (11) sec
[859] Ep10000: Max 546777 (321) steps (0.0001 hrs) 22.22:0.00 66252 (9) sec
[860] Ep10000: Max 546777 (289) steps (0.0001 hrs) 11.63:0.00 66262 (10) sec
[861] Ep10000: Max 546777 (2034) steps (0.0006 hrs) 0.00:0.00 66309 (47) sec
[862] Ep10000: Max 546777 (334) steps (0.0001 hrs) 0.00:16.67 66318 (9) sec
[863] Ep10000: Max 546777 (357) steps (0.0001 hrs) 12.82:0.00 66328 (10) sec
[864] Ep10000: Max 546777 (2444) steps (0.0007 hrs) 0.00:0.00 66359 (31) sec
[865] Ep10000: Max 546777 (2278) steps (0.0006 hrs) 0.00:0.00 66391 (32) sec
[866] Ep10000: Max 546777 (282) steps (0.0001 hrs) 14.29:0.00 66402 (11) sec
[867] Ep10000: Max 546777 (374) steps (0.0001 hrs) 17.09:0.00 66412 (10) sec
[868] Ep10000: Max 546777 (342) steps (0.0001 hrs) 19.42:0.00 66424 (12) sec
[869] Ep10000: Max 546777 (173) steps (0.0000 hrs) 14.71:0.00 66435 (11) sec
[870] Ep10000: Max 546777 (1556) steps (0.0004 hrs) 0.00:0.00 66509 (74) sec
[871] Ep10000: Max 546777 (283) steps (0.0001 hrs) 15.15:0.00 66519 (10) sec
[872] Ep10000: Max 546777 (2757) steps (0.0008 hrs) 0.00:0.00 66575 (56) sec
[873] Ep10000: Max 546777 (2755) steps (0.0008 hrs) 0.00:0.00 66641 (66) sec
[874] Ep10000: Max 546777 (2062) steps (0.0006 hrs) 0.00:0.00 66674 (33) sec
[875] Ep10000: Max 546777 (3094) steps (0.0009 hrs) 0.00:0.00 66717 (43) sec
[876] Ep10000: Max 546777 (256) steps (0.0001 hrs) 11.90:0.00 66727 (10) sec
[877] Ep10000: Max 546777 (2124) steps (0.0006 hrs) 0.00:0.00 66760 (33) sec
[878] Ep10000: Max 546777 (2393) steps (0.0007 hrs) 0.00:0.00 66817 (57) sec
[879] Ep10000: Max 546777 (271) steps (0.0001 hrs) 0.00:14.29 66827 (10) sec
[880] Ep10000: Max 546777 (311) steps (0.0001 hrs) 11.11:0.00 66836 (9) sec
[881] Ep10000: Max 546777 (2716) steps (0.0008 hrs) 0.00:0.00 66872 (36) sec
[882] Ep10000: Max 546777 (1845) steps (0.0005 hrs) 0.00:0.00 66904 (32) sec
[883] Ep10000: Max 546777 (296) steps (0.0001 hrs) 83.33:0.00 66913 (9) sec
[884] Ep10000: Max 546777 (271) steps (0.0001 hrs) 17.70:0.00 66922 (9) sec
[885] Ep10000: Max 546777 (1900) steps (0.0005 hrs) 0.00:0.00 67368 (446) sec
[886] Ep10000: Max 546777 (2034) steps (0.0006 hrs) 0.00:0.00 67712 (344) sec
[887] Ep10000: Max 546777 (281) steps (0.0001 hrs) 0.00:20.41 67720 (8) sec
[888] Ep10000: Max 546777 (356) steps (0.0001 hrs) 13.89:0.00 67728 (8) sec
[889] Ep10000: Max 546777 (338) steps (0.0001 hrs) 125.00:0.00 67735 (7) sec
[890] Ep10000: Max 546777 (395) steps (0.0001 hrs) 10.64:0.00 67743 (8) sec
[891] Ep10000: Max 546777 (287) steps (0.0001 hrs) 10.87:0.00 67751 (8) sec
[892] Ep10000: Max 546777 (483) steps (0.0001 hrs) 34.48:0.00 67761 (10) sec
[893] Ep10000: Max 546777 (1851) steps (0.0005 hrs) 0.00:10.64 67776 (15) sec
[894] Ep10000: Max 546777 (272) steps (0.0001 hrs) 13.16:0.00 67785 (9) sec
[895] Ep10000: Max 546777 (321) steps (0.0001 hrs) 21.74:0.00 67795 (10) sec
[896] Ep10000: Max 546777 (2001) steps (0.0006 hrs) 0.00:0.00 67908 (113) sec
[897] Ep10000: Max 546777 (1823) steps (0.0005 hrs) 0.00:0.00 67998 (90) sec
[898] Ep10000: Max 546777 (2468) steps (0.0007 hrs) 0.00:0.00 68085 (87) sec
[899] Ep10000: Max 546777 (1119) steps (0.0003 hrs) 16.13:0.00 68094 (9) sec
[900] Ep10000: Max 546777 (2593) steps (0.0007 hrs) 66.67:0.00 68113 (19) sec
[901] Ep10000: Max 546777 (1714) steps (0.0005 hrs) 0.00:0.00 68209 (96) sec
[902] Ep10000: Max 546777 (2583) steps (0.0007 hrs) 0.00:0.00 68706 (497) sec
[903] Ep10000: Max 546777 (566) steps (0.0002 hrs) 16.95:0.00 68716 (10) sec
[904] Ep10000: Max 546777 (859) steps (0.0002 hrs) 0.00:0.00 68731 (15) sec
[905] Ep10000: Max 546777 (467) steps (0.0001 hrs) 18.02:0.00 68742 (11) sec
[906] Ep10000: Max 546777 (2061) steps (0.0006 hrs) 0.00:0.00 69037 (295) sec
[907] Ep10000: Max 546777 (301) steps (0.0001 hrs) 12.66:0.00 69051 (14) sec
[908] Ep10000: Max 546777 (1653) steps (0.0005 hrs) 0.00:0.00 69166 (115) sec
[909] Ep10000: Max 546777 (307) steps (0.0001 hrs) 14.18:0.00 69176 (10) sec
[910] Ep10000: Max 546777 (286) steps (0.0001 hrs) 10.42:0.00 69185 (9) sec
[911] Ep10000: Max 546777 (295) steps (0.0001 hrs) 14.39:0.00 69195 (10) sec
[912] Ep10000: Max 546777 (1397) steps (0.0004 hrs) 0.00:10.42 69206 (11) sec
[913] Ep10000: Max 546777 (2195) steps (0.0006 hrs) 0.00:0.00 69247 (41) sec
[914] Ep10000: Max 546777 (254) steps (0.0001 hrs) 10.99:0.00 69257 (10) sec
[915] Ep10000: Max 546777 (1367) steps (0.0004 hrs) 11.49:0.00 69267 (10) sec
[916] Ep10000: Max 546777 (290) steps (0.0001 hrs) 19.05:0.00 69277 (10) sec
[917] Ep10000: Max 546777 (174) steps (0.0000 hrs) 18.52:0.00 69286 (9) sec
[918] Ep10000: Max 546777 (1598) steps (0.0004 hrs) 0.00:0.00 69571 (285) sec
[919] Ep10000: Max 546777 (2154) steps (0.0006 hrs) 0.00:0.00 69617 (46) sec
[920] Ep10000: Max 546777 (1369) steps (0.0004 hrs) 0.00:0.00 69699 (82) sec
[921] Ep10000: Max 546777 (2205) steps (0.0006 hrs) 0.00:0.00 70283 (584) sec
[922] Ep10000: Max 546777 (2090) steps (0.0006 hrs) 0.00:0.00 70332 (49) sec
[923] Ep10000: Max 546777 (570) steps (0.0002 hrs) 18.18:0.00 70349 (17) sec
[924] Ep10000: Max 546777 (295) steps (0.0001 hrs) 55.56:0.00 70366 (17) sec
[925] Ep10000: Max 546777 (2379) steps (0.0007 hrs) 0.00:0.00 70447 (81) sec
[926] Ep10000: Max 546777 (332) steps (0.0001 hrs) 11.90:0.00 70465 (18) sec
[927] Ep10000: Max 546777 (368) steps (0.0001 hrs) 11.24:0.00 70484 (19) sec
[928] Ep10000: Max 546777 (251) steps (0.0001 hrs) 18.69:0.00 70502 (18) sec
[929] Ep10000: Max 546777 (453) steps (0.0001 hrs) 19.23:0.00 70522 (20) sec
[930] Ep10000: Max 546777 (2057) steps (0.0006 hrs) 0.00:0.00 70581 (59) sec
[931] Ep10000: Max 546777 (306) steps (0.0001 hrs) 19.23:0.00 70593 (12) sec
[932] Ep10000: Max 546777 (1507) steps (0.0004 hrs) 0.00:0.00 70897 (304) sec
[933] Ep10000: Max 546777 (2282) steps (0.0006 hrs) 0.00:0.00 71509 (612) sec
[934] Ep10000: Max 546777 (2448) steps (0.0007 hrs) 0.00:0.00 72054 (545) sec
[935] Ep10000: Max 546777 (240) steps (0.0001 hrs) 13.70:0.00 72068 (14) sec
[936] Ep10000: Max 546777 (2222) steps (0.0006 hrs) 0.00:0.00 72103 (35) sec
[937] Ep10000: Max 546777 (1684) steps (0.0005 hrs) 0.00:0.00 72163 (60) sec
[938] Ep10000: Max 546777 (2238) steps (0.0006 hrs) 0.00:0.00 72195 (32) sec
[939] Ep10000: Max 546777 (317) steps (0.0001 hrs) 10.99:0.00 72204 (9) sec
[940] Ep10000: Max 546777 (2560) steps (0.0007 hrs) 0.00:0.87 72235 (31) sec
[941] Ep10000: Max 546777 (1861) steps (0.0005 hrs) 0.00:0.00 72266 (31) sec
[942] Ep10000: Max 546777 (318) steps (0.0001 hrs) 15.62:0.00 72276 (10) sec
[943] Ep10000: Max 546777 (287) steps (0.0001 hrs) 0.00:10.87 72291 (15) sec
[944] Ep10000: Max 546777 (2601) steps (0.0007 hrs) 0.00:0.00 72332 (41) sec
[945] Ep10000: Max 546777 (361) steps (0.0001 hrs) 21.74:0.00 72342 (10) sec
[946] Ep10000: Max 546777 (1878) steps (0.0005 hrs) 0.00:0.00 72372 (30) sec
[947] Ep10000: Max 546777 (1431) steps (0.0004 hrs) 0.00:0.00 72520 (148) sec
[948] Ep10000: Max 546777 (366) steps (0.0001 hrs) 11.11:0.00 72530 (10) sec
[949] Ep10000: Max 546777 (2555) steps (0.0007 hrs) 0.00:0.00 72634 (104) sec
[950] Ep10000: Max 546777 (172) steps (0.0000 hrs) 14.29:0.00 72642 (8) sec
[951] Ep10000: Max 546777 (300) steps (0.0001 hrs) 33.33:0.00 72651 (9) sec
[952] Ep10000: Max 546777 (1501) steps (0.0004 hrs) 0.00:0.00 72694 (43) sec
[953] Ep10000: Max 546777 (1901) steps (0.0005 hrs) 0.00:0.00 73196 (502) sec
[954] Ep10000: Max 546777 (312) steps (0.0001 hrs) 38.46:0.00 73205 (9) sec
[955] Ep10000: Max 546777 (2147) steps (0.0006 hrs) 0.00:0.00 73258 (53) sec
[956] Ep10000: Max 546777 (2145) steps (0.0006 hrs) 0.00:0.00 73296 (38) sec
[957] Ep10000: Max 546777 (2538) steps (0.0007 hrs) 0.00:0.00 73328 (32) sec
[958] Ep10000: Max 546777 (175) steps (0.0000 hrs) 14.29:0.00 73337 (9) sec
[959] Ep10000: Max 546777 (309) steps (0.0001 hrs) 45.45:0.00 73347 (10) sec
[960] Ep10000: Max 546777 (2009) steps (0.0006 hrs) 0.00:0.00 73640 (293) sec
[961] Ep10000: Max 546777 (2517) steps (0.0007 hrs) 0.00:0.00 73670 (30) sec
[962] Ep10000: Max 546777 (1900) steps (0.0005 hrs) 0.00:0.00 73919 (249) sec
[963] Ep10000: Max 546777 (306) steps (0.0001 hrs) 14.08:0.00 73929 (10) sec
[964] Ep10000: Max 546777 (2069) steps (0.0006 hrs) 0.00:0.00 74402 (473) sec
[965] Ep10000: Max 546777 (2124) steps (0.0006 hrs) 0.00:0.00 74916 (514) sec
[966] Ep10000: Max 546777 (2121) steps (0.0006 hrs) 0.00:0.00 74959 (43) sec
[967] Ep10000: Max 546777 (2454) steps (0.0007 hrs) 0.00:0.00 74994 (35) sec
[968] Ep10000: Max 546777 (289) steps (0.0001 hrs) 16.95:0.00 75004 (10) sec
[969] Ep10000: Max 546777 (272) steps (0.0001 hrs) 19.61:0.00 75015 (11) sec
[970] Ep10000: Max 546777 (1242) steps (0.0003 hrs) 0.00:0.00 75056 (41) sec
[971] Ep10000: Max 546777 (260) steps (0.0001 hrs) 12.20:0.00 75066 (10) sec
[972] Ep10000: Max 546777 (1545) steps (0.0004 hrs) 0.00:0.00 75134 (68) sec
[973] Ep10000: Max 546777 (2175) steps (0.0006 hrs) 0.00:0.00 75628 (494) sec
[974] Ep10000: Max 546777 (2589) steps (0.0007 hrs) 0.00:0.00 76127 (499) sec
[975] Ep10000: Max 546777 (2036) steps (0.0006 hrs) 0.00:0.00 76156 (29) sec
[976] Ep10000: Max 546777 (2235) steps (0.0006 hrs) 6.62:0.00 76187 (31) sec
[977] Ep10000: Max 546777 (312) steps (0.0001 hrs) 19.23:0.00 76196 (9) sec
[978] Ep10000: Max 546777 (1833) steps (0.0005 hrs) 0.00:0.00 76523 (327) sec
[979] Ep10000: Max 546777 (322) steps (0.0001 hrs) 19.05:0.00 76533 (10) sec
[980] Ep10000: Max 546777 (173) steps (0.0000 hrs) 25.64:0.00 76542 (9) sec
[981] Ep10000: Max 546777 (721) steps (0.0002 hrs) 12.35:0.00 76551 (9) sec
[982] Ep10000: Max 546777 (482) steps (0.0001 hrs) 10.31:0.00 76560 (9) sec
[983] Ep10000: Max 546777 (300) steps (0.0001 hrs) 27.78:0.00 76569 (9) sec
[984] Ep10000: Max 546777 (2137) steps (0.0006 hrs) 0.00:0.00 76632 (63) sec
[985] Ep10000: Max 546777 (276) steps (0.0001 hrs) 31.25:0.00 76642 (10) sec
[986] Ep10000: Max 546777 (2251) steps (0.0006 hrs) 0.00:0.00 76674 (32) sec
[987] Ep10000: Max 546777 (1113) steps (0.0003 hrs) 0.00:17.24 76683 (9) sec
[988] Ep10000: Max 546777 (307) steps (0.0001 hrs) 10.00:0.00 76692 (9) sec
[989] Ep10000: Max 546777 (175) steps (0.0000 hrs) 19.05:0.00 76701 (9) sec
[990] Ep10000: Max 546777 (2961) steps (0.0008 hrs) 0.00:0.00 76974 (273) sec
[991] Ep10000: Max 546777 (332) steps (0.0001 hrs) 23.26:0.00 76983 (9) sec
[992] Ep10000: Max 546777 (1997) steps (0.0006 hrs) 0.00:0.00 77016 (33) sec
[993] Ep10000: Max 546777 (772) steps (0.0002 hrs) 19.05:0.00 77026 (10) sec
[994] Ep10000: Max 546777 (274) steps (0.0001 hrs) 18.35:0.00 77036 (10) sec
[995] Ep10000: Max 546777 (320) steps (0.0001 hrs) 12.82:0.00 77045 (9) sec
[996] Ep10000: Max 546777 (300) steps (0.0001 hrs) 15.87:0.00 77057 (12) sec
[997] Ep10000: Max 546777 (1229) steps (0.0003 hrs) 83.33:0.00 77068 (11) sec
[998] Ep10000: Max 546777 (1794) steps (0.0005 hrs) 0.00:0.00 77105 (37) sec
[999] Ep10000: Max 546777 (2469) steps (0.0007 hrs) 0.00:0.00 77618 (513) sec
[1000] Ep10000: Max 546777 (2183) steps (0.0006 hrs) 0.00:0.00 78107 (489) sec
Total Elapsed time: 78107 seconds
Wrote current data to latest.train
