balanced 0 test_flag 0
[1] Ep10000: Max 2541 (2541) steps (0.0007 hrs) -nan:-nan 45 (45) sec
[2] Ep10000: Max 2541 (2195) steps (0.0006 hrs) -nan:-nan 89 (44) sec
[3] Ep10000: Max 2541 (2244) steps (0.0006 hrs) -nan:-nan 125 (36) sec
[4] Ep10000: Max 2541 (2160) steps (0.0006 hrs) -nan:-nan 170 (45) sec
[5] Ep10000: Max 2541 (255) steps (0.0001 hrs) -nan:-nan 191 (21) sec
[6] Ep10000: Max 2541 (2031) steps (0.0006 hrs) -nan:-nan 241 (50) sec
[7] Ep10000: Max 2541 (1672) steps (0.0005 hrs) -nan:-nan 269 (28) sec
[8] Ep10000: Max 2541 (210) steps (0.0001 hrs) -nan:-nan 296 (27) sec
[9] Ep10000: Max 2541 (1281) steps (0.0004 hrs) -nan:-nan 322 (26) sec
[10] Ep10000: Max 2541 (1131) steps (0.0003 hrs) -nan:-nan 348 (26) sec
[11] Ep10000: Max 2541 (2384) steps (0.0007 hrs) -nan:-nan 408 (60) sec
[12] Ep10000: Max 2541 (1694) steps (0.0005 hrs) -nan:-nan 437 (29) sec
[13] Ep10000: Max 2541 (2063) steps (0.0006 hrs) -nan:-nan 486 (49) sec
[14] Ep10000: Max 2541 (813) steps (0.0002 hrs) -nan:-nan 512 (26) sec
[15] Ep10000: Max 2541 (2309) steps (0.0006 hrs) -nan:-nan 561 (49) sec
[16] Ep10000: Max 2541 (1271) steps (0.0004 hrs) -nan:-nan 586 (25) sec
[17] Ep10000: Max 2541 (2375) steps (0.0007 hrs) -nan:-nan 641 (55) sec
[18] Ep10000: Max 2541 (2077) steps (0.0006 hrs) -nan:-nan 693 (52) sec
[19] Ep10000: Max 2541 (1916) steps (0.0005 hrs) -nan:-nan 723 (30) sec
[20] Ep10000: Max 2541 (980) steps (0.0003 hrs) -nan:-nan 750 (27) sec
[21] Ep10000: Max 2541 (887) steps (0.0002 hrs) -nan:-nan 771 (21) sec
[22] Ep10000: Max 2541 (1973) steps (0.0005 hrs) -nan:-nan 815 (44) sec
[23] Ep10000: Max 2541 (970) steps (0.0003 hrs) -nan:-nan 837 (22) sec
[24] Ep10000: Max 2541 (392) steps (0.0001 hrs) -nan:-nan 858 (21) sec
[25] Ep10000: Max 2541 (2208) steps (0.0006 hrs) -nan:-nan 913 (55) sec
[26] Ep10000: Max 2541 (1993) steps (0.0006 hrs) -nan:-nan 947 (34) sec
[27] Ep10000: Max 2779 (2779) steps (0.0008 hrs) -nan:-nan 972 (25) sec
[28] Ep10000: Max 2779 (1944) steps (0.0005 hrs) -nan:-nan 1011 (39) sec
[29] Ep10000: Max 2779 (2225) steps (0.0006 hrs) -nan:-nan 1058 (47) sec
[30] Ep10000: Max 2779 (2079) steps (0.0006 hrs) -nan:-nan 1106 (48) sec
[31] Ep10000: Max 2779 (897) steps (0.0002 hrs) -nan:-nan 1131 (25) sec
[32] Ep10000: Max 2779 (1908) steps (0.0005 hrs) -nan:-nan 1181 (50) sec
[33] Ep10000: Max 2779 (1975) steps (0.0005 hrs) -nan:-nan 1229 (48) sec
[34] Ep10000: Max 2779 (354) steps (0.0001 hrs) -nan:-nan 1255 (26) sec
[35] Ep10000: Max 2779 (2365) steps (0.0007 hrs) -nan:-nan 1309 (54) sec
[36] Ep10000: Max 2779 (2454) steps (0.0007 hrs) -nan:-nan 1360 (51) sec
[37] Ep10000: Max 2779 (2246) steps (0.0006 hrs) -nan:-nan 1413 (53) sec
[38] Ep10000: Max 2779 (2371) steps (0.0007 hrs) -nan:-nan 1462 (49) sec
[39] Ep10000: Max 2779 (2358) steps (0.0007 hrs) -nan:-nan 1515 (53) sec
[40] Ep10000: Max 2779 (2084) steps (0.0006 hrs) -nan:-nan 1565 (50) sec
[41] Ep10000: Max 2779 (1935) steps (0.0005 hrs) -nan:-nan 1614 (49) sec
[42] Ep10000: Max 2779 (2070) steps (0.0006 hrs) -nan:-nan 1666 (52) sec
[43] Ep10000: Max 2779 (1488) steps (0.0004 hrs) -nan:-nan 1693 (27) sec
[44] Ep10000: Max 2779 (2202) steps (0.0006 hrs) -nan:-nan 1741 (48) sec
[45] Ep10000: Max 2779 (2662) steps (0.0007 hrs) -nan:-nan 1794 (53) sec
[46] Ep10000: Max 2779 (1420) steps (0.0004 hrs) -nan:-nan 1822 (28) sec
[47] Ep10000: Max 2779 (1046) steps (0.0003 hrs) -nan:-nan 1848 (26) sec
[48] Ep10000: Max 2779 (2295) steps (0.0006 hrs) -nan:-nan 1898 (50) sec
[49] Ep10000: Max 2779 (350) steps (0.0001 hrs) -nan:-nan 1922 (24) sec
[50] Ep10000: Max 2779 (2380) steps (0.0007 hrs) -nan:-nan 1973 (51) sec
[51] Ep10000: Max 2779 (528) steps (0.0001 hrs) -nan:-nan 1998 (25) sec
[52] Ep10000: Max 2779 (2091) steps (0.0006 hrs) -nan:-nan 2045 (47) sec
[53] Ep10000: Max 2779 (2255) steps (0.0006 hrs) -nan:-nan 2092 (47) sec
[54] Ep10000: Max 2779 (1960) steps (0.0005 hrs) -nan:-nan 2133 (41) sec
[55] Ep10000: Max 2779 (2225) steps (0.0006 hrs) -nan:-nan 2182 (49) sec
[56] Ep10000: Max 2779 (2218) steps (0.0006 hrs) -nan:-nan 2216 (34) sec
[57] Ep10000: Max 2779 (1610) steps (0.0004 hrs) -nan:-nan 2248 (32) sec
[58] Ep10000: Max 2779 (2204) steps (0.0006 hrs) -nan:-nan 2284 (36) sec
[59] Ep10000: Max 2779 (1979) steps (0.0005 hrs) -nan:-nan 2321 (37) sec
[60] Ep10000: Max 2779 (599) steps (0.0002 hrs) -nan:-nan 2344 (23) sec
[61] Ep10000: Max 2779 (502) steps (0.0001 hrs) -nan:-nan 2369 (25) sec
[62] Ep10000: Max 3017 (3017) steps (0.0008 hrs) -nan:-nan 2419 (50) sec
[63] Ep10000: Max 3017 (1352) steps (0.0004 hrs) -nan:-nan 2444 (25) sec
[64] Ep10000: Max 3017 (661) steps (0.0002 hrs) -nan:-nan 2467 (23) sec
[65] Ep10000: Max 3017 (2286) steps (0.0006 hrs) -nan:-nan 2516 (49) sec
[66] Ep10000: Max 3017 (1274) steps (0.0004 hrs) -nan:-nan 2540 (24) sec
[67] Ep10000: Max 3017 (1458) steps (0.0004 hrs) -nan:-nan 2565 (25) sec
[68] Ep10000: Max 3017 (297) steps (0.0001 hrs) -nan:-nan 2588 (23) sec
[69] Ep10000: Max 3017 (1819) steps (0.0005 hrs) -nan:-nan 2636 (48) sec
[70] Ep10000: Max 3017 (1865) steps (0.0005 hrs) -nan:-nan 2687 (51) sec
[71] Ep10000: Max 3017 (2286) steps (0.0006 hrs) -nan:-nan 2728 (41) sec
[72] Ep10000: Max 3017 (2159) steps (0.0006 hrs) -nan:-nan 2778 (50) sec
[73] Ep10000: Max 3017 (1438) steps (0.0004 hrs) -nan:-nan 2802 (24) sec
[74] Ep10000: Max 3017 (2267) steps (0.0006 hrs) -nan:-nan 2850 (48) sec
[75] Ep10000: Max 3017 (1839) steps (0.0005 hrs) -nan:-nan 2880 (30) sec
[76] Ep10000: Max 3017 (881) steps (0.0002 hrs) -nan:-nan 2905 (25) sec
[77] Ep10000: Max 3017 (1643) steps (0.0005 hrs) -nan:-nan 2932 (27) sec
[78] Ep10000: Max 3017 (1777) steps (0.0005 hrs) -nan:-nan 2989 (57) sec
[79] Ep10000: Max 3017 (835) steps (0.0002 hrs) -nan:-nan 3019 (30) sec
[80] Ep10000: Max 3017 (2455) steps (0.0007 hrs) -nan:-nan 3079 (60) sec
[81] Ep10000: Max 3849 (3849) steps (0.0011 hrs) -nan:-nan 3110 (31) sec
[82] Ep10000: Max 3849 (1335) steps (0.0004 hrs) -nan:-nan 3140 (30) sec
[83] Ep10000: Max 3849 (2463) steps (0.0007 hrs) -nan:-nan 3197 (57) sec
[84] Ep10000: Max 3849 (622) steps (0.0002 hrs) -nan:-nan 3224 (27) sec
[85] Ep10000: Max 3849 (1036) steps (0.0003 hrs) -nan:-nan 3252 (28) sec
[86] Ep10000: Max 3849 (2447) steps (0.0007 hrs) -nan:-nan 3310 (58) sec
[87] Ep10000: Max 3849 (2500) steps (0.0007 hrs) -nan:-nan 3368 (58) sec
[88] Ep10000: Max 3849 (1777) steps (0.0005 hrs) -nan:-nan 3406 (38) sec
[89] Ep10000: Max 3849 (877) steps (0.0002 hrs) -nan:-nan 3439 (33) sec
[90] Ep10000: Max 3849 (463) steps (0.0001 hrs) -nan:-nan 3466 (27) sec
[91] Ep10000: Max 3849 (1530) steps (0.0004 hrs) -nan:-nan 3501 (35) sec
[92] Ep10000: Max 6442 (6442) steps (0.0018 hrs) -nan:-nan 3560 (59) sec
[93] Ep10000: Max 6442 (2544) steps (0.0007 hrs) -nan:-nan 3614 (54) sec
[94] Ep10000: Max 6442 (2302) steps (0.0006 hrs) -nan:-nan 3664 (50) sec
[95] Ep10000: Max 6442 (1024) steps (0.0003 hrs) -nan:-nan 3692 (28) sec
[96] Ep10000: Max 6442 (2731) steps (0.0008 hrs) -nan:-nan 3727 (35) sec
[97] Ep10000: Max 6442 (362) steps (0.0001 hrs) -nan:-nan 3754 (27) sec
[98] Ep10000: Max 6442 (204) steps (0.0001 hrs) -nan:-nan 3779 (25) sec
[99] Ep10000: Max 6442 (1110) steps (0.0003 hrs) -nan:-nan 3806 (27) sec
[100] Ep10000: Max 6442 (2037) steps (0.0006 hrs) -nan:-nan 3859 (53) sec
[101] Ep10000: Max 6442 (627) steps (0.0002 hrs) -nan:-nan 3892 (33) sec
[102] Ep10000: Max 6442 (2097) steps (0.0006 hrs) -nan:-nan 3951 (59) sec
[103] Ep10000: Max 6442 (2274) steps (0.0006 hrs) -nan:-nan 4014 (63) sec
[104] Ep10000: Max 6442 (2091) steps (0.0006 hrs) -nan:-nan 4074 (60) sec
[105] Ep10000: Max 6442 (1706) steps (0.0005 hrs) -nan:-nan 4105 (31) sec
[106] Ep10000: Max 6442 (2539) steps (0.0007 hrs) -nan:-nan 4161 (56) sec
[107] Ep10000: Max 6442 (209) steps (0.0001 hrs) -nan:-nan 4186 (25) sec
[108] Ep10000: Max 6442 (1906) steps (0.0005 hrs) -nan:-nan 4235 (49) sec
[109] Ep10000: Max 6442 (2188) steps (0.0006 hrs) -nan:-nan 4288 (53) sec
[110] Ep10000: Max 6442 (534) steps (0.0001 hrs) -nan:-nan 4320 (32) sec
[111] Ep10000: Max 6442 (2340) steps (0.0007 hrs) -nan:-nan 4376 (56) sec
[112] Ep10000: Max 6442 (2019) steps (0.0006 hrs) -nan:-nan 4402 (26) sec
[113] Ep10000: Max 6442 (358) steps (0.0001 hrs) -nan:-nan 4428 (26) sec
[114] Ep10000: Max 6442 (1646) steps (0.0005 hrs) -nan:-nan 4455 (27) sec
[115] Ep10000: Max 6442 (613) steps (0.0002 hrs) -nan:-nan 4482 (27) sec
[116] Ep10000: Max 6442 (2015) steps (0.0006 hrs) -nan:-nan 4520 (38) sec
[117] Ep10000: Max 6442 (2121) steps (0.0006 hrs) -nan:-nan 4570 (50) sec
[118] Ep10000: Max 6442 (2338) steps (0.0006 hrs) -nan:-nan 4617 (47) sec
[119] Ep10000: Max 6442 (788) steps (0.0002 hrs) -nan:-nan 4642 (25) sec
[120] Ep10000: Max 6442 (2083) steps (0.0006 hrs) -nan:-nan 4691 (49) sec
[121] Ep10000: Max 6442 (1559) steps (0.0004 hrs) -nan:-nan 4719 (28) sec
[122] Ep10000: Max 6442 (2172) steps (0.0006 hrs) -nan:-nan 4761 (42) sec
[123] Ep10000: Max 6442 (2596) steps (0.0007 hrs) -nan:-nan 4809 (48) sec
[124] Ep10000: Max 6442 (1431) steps (0.0004 hrs) -nan:-nan 4833 (24) sec
[125] Ep10000: Max 6442 (1730) steps (0.0005 hrs) -nan:-nan 4861 (28) sec
[126] Ep10000: Max 6442 (1289) steps (0.0004 hrs) -nan:-nan 4890 (29) sec
[127] Ep10000: Max 6442 (371) steps (0.0001 hrs) -nan:-nan 4929 (39) sec
[128] Ep10000: Max 6442 (2380) steps (0.0007 hrs) -nan:-nan 5005 (76) sec
[129] Ep10000: Max 6442 (3021) steps (0.0008 hrs) -nan:-nan 5065 (60) sec
[130] Ep10000: Max 6442 (2230) steps (0.0006 hrs) -nan:-nan 5133 (68) sec
[131] Ep10000: Max 6442 (561) steps (0.0002 hrs) -nan:-nan 5173 (40) sec
[132] Ep10000: Max 6442 (953) steps (0.0003 hrs) -nan:-nan 5213 (40) sec
[133] Ep10000: Max 6442 (1944) steps (0.0005 hrs) -nan:-nan 5279 (66) sec
[134] Ep10000: Max 6442 (2059) steps (0.0006 hrs) -nan:-nan 5342 (63) sec
[135] Ep10000: Max 6442 (655) steps (0.0002 hrs) -nan:-nan 5383 (41) sec
[136] Ep10000: Max 6442 (2335) steps (0.0006 hrs) -nan:-nan 5441 (58) sec
[137] Ep10000: Max 6442 (2533) steps (0.0007 hrs) -nan:-nan 5503 (62) sec
[138] Ep10000: Max 6442 (340) steps (0.0001 hrs) -nan:-nan 5545 (42) sec
[139] Ep10000: Max 6442 (2762) steps (0.0008 hrs) -nan:-nan 5621 (76) sec
[140] Ep10000: Max 6442 (1232) steps (0.0003 hrs) -nan:-nan 5657 (36) sec
[141] Ep10000: Max 6442 (705) steps (0.0002 hrs) -nan:-nan 5696 (39) sec
[142] Ep10000: Max 6442 (2146) steps (0.0006 hrs) -nan:-nan 5773 (77) sec
[143] Ep10000: Max 6442 (2286) steps (0.0006 hrs) -nan:-nan 5840 (67) sec
[144] Ep10000: Max 6442 (821) steps (0.0002 hrs) -nan:-nan 5870 (30) sec
[145] Ep10000: Max 6442 (1775) steps (0.0005 hrs) -nan:-nan 5902 (32) sec
[146] Ep10000: Max 6442 (1112) steps (0.0003 hrs) -nan:-nan 5933 (31) sec
[147] Ep10000: Max 6442 (978) steps (0.0003 hrs) -nan:-nan 5964 (31) sec
[148] Ep10000: Max 6442 (1537) steps (0.0004 hrs) -nan:-nan 5994 (30) sec
[149] Ep10000: Max 6442 (1029) steps (0.0003 hrs) -nan:-nan 6028 (34) sec
[150] Ep10000: Max 6442 (1994) steps (0.0006 hrs) -nan:-nan 6075 (47) sec
[151] Ep10000: Max 6442 (1501) steps (0.0004 hrs) -nan:-nan 6107 (32) sec
[152] Ep10000: Max 6442 (1971) steps (0.0005 hrs) -nan:-nan 6146 (39) sec
[153] Ep10000: Max 6442 (2574) steps (0.0007 hrs) -nan:-nan 6205 (59) sec
[154] Ep10000: Max 6442 (2749) steps (0.0008 hrs) -nan:-nan 6265 (60) sec
[155] Ep10000: Max 6442 (2416) steps (0.0007 hrs) -nan:-nan 6325 (60) sec
[156] Ep10000: Max 6442 (1725) steps (0.0005 hrs) -nan:-nan 6358 (33) sec
[157] Ep10000: Max 6442 (2397) steps (0.0007 hrs) -nan:-nan 6406 (48) sec
[158] Ep10000: Max 6442 (1399) steps (0.0004 hrs) -nan:-nan 6438 (32) sec
[159] Ep10000: Max 6442 (2510) steps (0.0007 hrs) -nan:-nan 6502 (64) sec
[160] Ep10000: Max 6442 (204) steps (0.0001 hrs) -nan:-nan 6533 (31) sec
[161] Ep10000: Max 6442 (497) steps (0.0001 hrs) -nan:-nan 6565 (32) sec
[162] Ep10000: Max 6442 (3224) steps (0.0009 hrs) -nan:-nan 6604 (39) sec
[163] Ep10000: Max 6442 (2033) steps (0.0006 hrs) -nan:-nan 6636 (32) sec
[164] Ep10000: Max 6442 (1895) steps (0.0005 hrs) -nan:-nan 6676 (40) sec
[165] Ep10000: Max 6442 (2868) steps (0.0008 hrs) -nan:-nan 6742 (66) sec
[166] Ep10000: Max 6442 (1107) steps (0.0003 hrs) -nan:-nan 6774 (32) sec
[167] Ep10000: Max 6442 (2410) steps (0.0007 hrs) -nan:-nan 6837 (63) sec
[168] Ep10000: Max 6442 (814) steps (0.0002 hrs) -nan:-nan 6867 (30) sec
[169] Ep10000: Max 6442 (509) steps (0.0001 hrs) -nan:-nan 6899 (32) sec
[170] Ep10000: Max 6442 (2915) steps (0.0008 hrs) -nan:-nan 6962 (63) sec
[171] Ep10000: Max 6442 (473) steps (0.0001 hrs) -nan:-nan 6992 (30) sec
[172] Ep10000: Max 6442 (372) steps (0.0001 hrs) -nan:-nan 7022 (30) sec
[173] Ep10000: Max 6442 (2898) steps (0.0008 hrs) -nan:-nan 7093 (71) sec
[174] Ep10000: Max 6442 (1993) steps (0.0006 hrs) -nan:-nan 7139 (46) sec
[175] Ep10000: Max 6442 (1930) steps (0.0005 hrs) -nan:-nan 7187 (48) sec
[176] Ep10000: Max 6442 (2414) steps (0.0007 hrs) -nan:-nan 7250 (63) sec
[177] Ep10000: Max 6442 (2382) steps (0.0007 hrs) -nan:-nan 7309 (59) sec
[178] Ep10000: Max 6442 (865) steps (0.0002 hrs) -nan:-nan 7337 (28) sec
[179] Ep10000: Max 6442 (757) steps (0.0002 hrs) -nan:-nan 7367 (30) sec
[180] Ep10000: Max 6442 (1148) steps (0.0003 hrs) -nan:-nan 7400 (33) sec
[181] Ep10000: Max 6442 (2467) steps (0.0007 hrs) -nan:-nan 7435 (35) sec
[182] Ep10000: Max 6442 (1141) steps (0.0003 hrs) -nan:-nan 7468 (33) sec
[183] Ep10000: Max 6442 (2240) steps (0.0006 hrs) -nan:-nan 7528 (60) sec
[184] Ep10000: Max 6442 (990) steps (0.0003 hrs) -nan:-nan 7561 (33) sec
[185] Ep10000: Max 6442 (1043) steps (0.0003 hrs) -nan:-nan 7596 (35) sec
[186] Ep10000: Max 6442 (2991) steps (0.0008 hrs) -nan:-nan 7661 (65) sec
[187] Ep10000: Max 6442 (1485) steps (0.0004 hrs) -nan:-nan 7690 (29) sec
[188] Ep10000: Max 6442 (2441) steps (0.0007 hrs) -nan:-nan 7750 (60) sec
[189] Ep10000: Max 6442 (2259) steps (0.0006 hrs) -nan:-nan 7801 (51) sec
[190] Ep10000: Max 6442 (381) steps (0.0001 hrs) -nan:-nan 7830 (29) sec
[191] Ep10000: Max 6442 (1364) steps (0.0004 hrs) -nan:-nan 7863 (33) sec
[192] Ep10000: Max 6442 (2868) steps (0.0008 hrs) -nan:-nan 7926 (63) sec
[193] Ep10000: Max 6442 (399) steps (0.0001 hrs) -nan:-nan 7958 (32) sec
[194] Ep10000: Max 6442 (810) steps (0.0002 hrs) -nan:-nan 7991 (33) sec
[195] Ep10000: Max 6442 (2655) steps (0.0007 hrs) -nan:-nan 8054 (63) sec
[196] Ep10000: Max 6442 (2352) steps (0.0007 hrs) -nan:-nan 8097 (43) sec
[197] Ep10000: Max 6442 (2857) steps (0.0008 hrs) -nan:-nan 8158 (61) sec
[198] Ep10000: Max 6442 (1650) steps (0.0005 hrs) -nan:-nan 8188 (30) sec
[199] Ep10000: Max 6442 (837) steps (0.0002 hrs) -nan:-nan 8223 (35) sec
[200] Ep10000: Max 6442 (1356) steps (0.0004 hrs) -nan:-nan 8261 (38) sec
[201] Ep10000: Max 6442 (1992) steps (0.0006 hrs) -nan:-nan 8335 (74) sec
[202] Ep10000: Max 6442 (2096) steps (0.0006 hrs) -nan:-nan 8405 (70) sec
[203] Ep10000: Max 6442 (1148) steps (0.0003 hrs) -nan:-nan 8444 (39) sec
[204] Ep10000: Max 6442 (2094) steps (0.0006 hrs) -nan:-nan 8509 (65) sec
[205] Ep10000: Max 6442 (3558) steps (0.0010 hrs) -nan:-nan 8574 (65) sec
[206] Ep10000: Max 6442 (914) steps (0.0003 hrs) -nan:-nan 8602 (28) sec
[207] Ep10000: Max 6442 (2136) steps (0.0006 hrs) -nan:-nan 8637 (35) sec
[208] Ep10000: Max 6442 (2238) steps (0.0006 hrs) -nan:-nan 8695 (58) sec
[209] Ep10000: Max 6442 (2015) steps (0.0006 hrs) -nan:-nan 8753 (58) sec
[210] Ep10000: Max 6442 (1774) steps (0.0005 hrs) -nan:-nan 8800 (47) sec
[211] Ep10000: Max 6442 (1096) steps (0.0003 hrs) -nan:-nan 8830 (30) sec
[212] Ep10000: Max 6442 (1188) steps (0.0003 hrs) -nan:-nan 8861 (31) sec
[213] Ep10000: Max 6442 (2086) steps (0.0006 hrs) -nan:-nan 8914 (53) sec
[214] Ep10000: Max 6442 (1628) steps (0.0005 hrs) -nan:-nan 8946 (32) sec
[215] Ep10000: Max 6442 (2696) steps (0.0007 hrs) -nan:-nan 9008 (62) sec
[216] Ep10000: Max 6442 (2555) steps (0.0007 hrs) -nan:-nan 9068 (60) sec
[217] Ep10000: Max 6442 (3001) steps (0.0008 hrs) -nan:-nan 9119 (51) sec
[218] Ep10000: Max 6442 (2522) steps (0.0007 hrs) -nan:-nan 9182 (63) sec
[219] Ep10000: Max 6442 (977) steps (0.0003 hrs) -nan:-nan 9214 (32) sec
[220] Ep10000: Max 6442 (2517) steps (0.0007 hrs) -nan:-nan 9281 (67) sec
[221] Ep10000: Max 6442 (2137) steps (0.0006 hrs) -nan:-nan 9344 (63) sec
[222] Ep10000: Max 6442 (2170) steps (0.0006 hrs) -nan:-nan 9396 (52) sec
[223] Ep10000: Max 6442 (1927) steps (0.0005 hrs) -nan:-nan 9451 (55) sec
[224] Ep10000: Max 6442 (1422) steps (0.0004 hrs) -nan:-nan 9479 (28) sec
[225] Ep10000: Max 6442 (1034) steps (0.0003 hrs) -nan:-nan 9508 (29) sec
[226] Ep10000: Max 6442 (2242) steps (0.0006 hrs) -nan:-nan 9575 (67) sec
[227] Ep10000: Max 6442 (2280) steps (0.0006 hrs) -nan:-nan 9639 (64) sec
[228] Ep10000: Max 6442 (1275) steps (0.0004 hrs) -nan:-nan 9672 (33) sec
[229] Ep10000: Max 6442 (1303) steps (0.0004 hrs) -nan:-nan 9705 (33) sec
[230] Ep10000: Max 6442 (1101) steps (0.0003 hrs) -nan:-nan 9734 (29) sec
[231] Ep10000: Max 6442 (1549) steps (0.0004 hrs) -nan:-nan 9762 (28) sec
[232] Ep10000: Max 6442 (1747) steps (0.0005 hrs) -nan:-nan 9790 (28) sec
[233] Ep10000: Max 6442 (2269) steps (0.0006 hrs) -nan:-nan 9841 (51) sec
[234] Ep10000: Max 6442 (1952) steps (0.0005 hrs) -nan:-nan 9868 (27) sec
[235] Ep10000: Max 6442 (2640) steps (0.0007 hrs) -nan:-nan 9920 (52) sec
[236] Ep10000: Max 6442 (1718) steps (0.0005 hrs) -nan:-nan 9952 (32) sec
[237] Ep10000: Max 6442 (917) steps (0.0003 hrs) -nan:-nan 9977 (25) sec
[238] Ep10000: Max 6442 (775) steps (0.0002 hrs) -nan:-nan 9999 (22) sec
[239] Ep10000: Max 6442 (2280) steps (0.0006 hrs) -nan:-nan 10043 (44) sec
[240] Ep10000: Max 6442 (2667) steps (0.0007 hrs) -nan:-nan 10073 (30) sec
[241] Ep10000: Max 6442 (3086) steps (0.0009 hrs) -nan:-nan 10120 (47) sec
[242] Ep10000: Max 6442 (864) steps (0.0002 hrs) -nan:-nan 10142 (22) sec
[243] Ep10000: Max 6442 (401) steps (0.0001 hrs) -nan:-nan 10164 (22) sec
[244] Ep10000: Max 6442 (1883) steps (0.0005 hrs) -nan:-nan 10196 (32) sec
[245] Ep10000: Max 6442 (390) steps (0.0001 hrs) -nan:-nan 10219 (23) sec
[246] Ep10000: Max 6442 (2008) steps (0.0006 hrs) -nan:-nan 10265 (46) sec
[247] Ep10000: Max 6442 (948) steps (0.0003 hrs) -nan:-nan 10287 (22) sec
[248] Ep10000: Max 6442 (2366) steps (0.0007 hrs) -nan:-nan 10333 (46) sec
[249] Ep10000: Max 6442 (2016) steps (0.0006 hrs) -nan:-nan 10356 (23) sec
[250] Ep10000: Max 6442 (533) steps (0.0001 hrs) -nan:-nan 10377 (21) sec
[251] Ep10000: Max 6442 (412) steps (0.0001 hrs) -nan:-nan 10399 (22) sec
[252] Ep10000: Max 6442 (2342) steps (0.0007 hrs) -nan:-nan 10444 (45) sec
[253] Ep10000: Max 6442 (1529) steps (0.0004 hrs) -nan:-nan 10466 (22) sec
[254] Ep10000: Max 6442 (1872) steps (0.0005 hrs) -nan:-nan 10511 (45) sec
[255] Ep10000: Max 6442 (671) steps (0.0002 hrs) -nan:-nan 10534 (23) sec
[256] Ep10000: Max 6442 (1420) steps (0.0004 hrs) -nan:-nan 10557 (23) sec
[257] Ep10000: Max 6442 (2070) steps (0.0006 hrs) -nan:-nan 10603 (46) sec
[258] Ep10000: Max 6442 (349) steps (0.0001 hrs) -nan:-nan 10625 (22) sec
[259] Ep10000: Max 6442 (1297) steps (0.0004 hrs) -nan:-nan 10647 (22) sec
[260] Ep10000: Max 6442 (2278) steps (0.0006 hrs) -nan:-nan 10685 (38) sec
[261] Ep10000: Max 6442 (5504) steps (0.0015 hrs) -nan:-nan 10707 (22) sec
[262] Ep10000: Max 6442 (2515) steps (0.0007 hrs) -nan:-nan 10738 (31) sec
[263] Ep10000: Max 6442 (2796) steps (0.0008 hrs) -nan:-nan 10770 (32) sec
[264] Ep10000: Max 6442 (2459) steps (0.0007 hrs) -nan:-nan 10810 (40) sec
[265] Ep10000: Max 6442 (2461) steps (0.0007 hrs) -nan:-nan 10855 (45) sec
[266] Ep10000: Max 6442 (883) steps (0.0002 hrs) -nan:-nan 10877 (22) sec
[267] Ep10000: Max 6442 (1254) steps (0.0003 hrs) -nan:-nan 10899 (22) sec
[268] Ep10000: Max 6442 (2392) steps (0.0007 hrs) -nan:-nan 10944 (45) sec
[269] Ep10000: Max 6442 (837) steps (0.0002 hrs) -nan:-nan 10966 (22) sec
[270] Ep10000: Max 6442 (2922) steps (0.0008 hrs) -nan:-nan 11010 (44) sec
[271] Ep10000: Max 6442 (965) steps (0.0003 hrs) -nan:-nan 11032 (22) sec
[272] Ep10000: Max 6442 (2110) steps (0.0006 hrs) -nan:-nan 11067 (35) sec
[273] Ep10000: Max 6442 (305) steps (0.0001 hrs) -nan:-nan 11088 (21) sec
[274] Ep10000: Max 6442 (1207) steps (0.0003 hrs) -nan:-nan 11110 (22) sec
[275] Ep10000: Max 6442 (2181) steps (0.0006 hrs) -nan:-nan 11155 (45) sec
[276] Ep10000: Max 6442 (2296) steps (0.0006 hrs) -nan:-nan 11202 (47) sec
[277] Ep10000: Max 6442 (2365) steps (0.0007 hrs) -nan:-nan 11247 (45) sec
[278] Ep10000: Max 6442 (2392) steps (0.0007 hrs) -nan:-nan 11287 (40) sec
[279] Ep10000: Max 6442 (988) steps (0.0003 hrs) -nan:-nan 11309 (22) sec
[280] Ep10000: Max 6442 (2493) steps (0.0007 hrs) -nan:-nan 11355 (46) sec
[281] Ep10000: Max 6442 (440) steps (0.0001 hrs) -nan:-nan 11377 (22) sec
[282] Ep10000: Max 6442 (495) steps (0.0001 hrs) -nan:-nan 11398 (21) sec
[283] Ep10000: Max 6442 (2210) steps (0.0006 hrs) -nan:-nan 11443 (45) sec
[284] Ep10000: Max 6442 (392) steps (0.0001 hrs) -nan:-nan 11465 (22) sec
[285] Ep10000: Max 6442 (2096) steps (0.0006 hrs) -nan:-nan 11511 (46) sec
[286] Ep10000: Max 6442 (2206) steps (0.0006 hrs) -nan:-nan 11549 (38) sec
[287] Ep10000: Max 6442 (2187) steps (0.0006 hrs) -nan:-nan 11595 (46) sec
[288] Ep10000: Max 6442 (396) steps (0.0001 hrs) -nan:-nan 11616 (21) sec
[289] Ep10000: Max 6442 (1137) steps (0.0003 hrs) -nan:-nan 11638 (22) sec
[290] Ep10000: Max 6442 (2817) steps (0.0008 hrs) -nan:-nan 11684 (46) sec
[291] Ep10000: Max 6442 (1886) steps (0.0005 hrs) -nan:-nan 11710 (26) sec
[292] Ep10000: Max 6442 (1068) steps (0.0003 hrs) -nan:-nan 11732 (22) sec
[293] Ep10000: Max 6442 (1811) steps (0.0005 hrs) -nan:-nan 11776 (44) sec
[294] Ep10000: Max 6442 (2452) steps (0.0007 hrs) -nan:-nan 11823 (47) sec
[295] Ep10000: Max 6442 (2200) steps (0.0006 hrs) -nan:-nan 11869 (46) sec
[296] Ep10000: Max 6442 (2893) steps (0.0008 hrs) -nan:-nan 11909 (40) sec
[297] Ep10000: Max 6442 (1354) steps (0.0004 hrs) -nan:-nan 11931 (22) sec
[298] Ep10000: Max 6442 (1416) steps (0.0004 hrs) -nan:-nan 11953 (22) sec
[299] Ep10000: Max 6442 (2834) steps (0.0008 hrs) -nan:-nan 11993 (40) sec
[300] Ep10000: Max 6442 (1625) steps (0.0005 hrs) -nan:-nan 12016 (23) sec
[301] Ep10000: Max 6442 (1761) steps (0.0005 hrs) -nan:-nan 12043 (27) sec
[302] Ep10000: Max 6442 (289) steps (0.0001 hrs) -nan:-nan 12065 (22) sec
[303] Ep10000: Max 6442 (2524) steps (0.0007 hrs) -nan:-nan 12112 (47) sec
[304] Ep10000: Max 6442 (2656) steps (0.0007 hrs) -nan:-nan 12169 (57) sec
[305] Ep10000: Max 6442 (1640) steps (0.0005 hrs) -nan:-nan 12198 (29) sec
[306] Ep10000: Max 6442 (2378) steps (0.0007 hrs) -nan:-nan 12251 (53) sec
[307] Ep10000: Max 6442 (2343) steps (0.0007 hrs) -nan:-nan 12279 (28) sec
[308] Ep10000: Max 6442 (749) steps (0.0002 hrs) -nan:-nan 12305 (26) sec
[309] Ep10000: Max 6442 (2413) steps (0.0007 hrs) -nan:-nan 12360 (55) sec
[310] Ep10000: Max 6442 (1797) steps (0.0005 hrs) -nan:-nan 12387 (27) sec
[311] Ep10000: Max 6442 (740) steps (0.0002 hrs) -nan:-nan 12413 (26) sec
[312] Ep10000: Max 6442 (2321) steps (0.0006 hrs) -nan:-nan 12467 (54) sec
[313] Ep10000: Max 6442 (1124) steps (0.0003 hrs) -nan:-nan 12493 (26) sec
[314] Ep10000: Max 6442 (2220) steps (0.0006 hrs) -nan:-nan 12540 (47) sec
[315] Ep10000: Max 6442 (1660) steps (0.0005 hrs) -nan:-nan 12572 (32) sec
[316] Ep10000: Max 6442 (1286) steps (0.0004 hrs) -nan:-nan 12598 (26) sec
[317] Ep10000: Max 6442 (491) steps (0.0001 hrs) -nan:-nan 12622 (24) sec
[318] Ep10000: Max 6442 (2037) steps (0.0006 hrs) -nan:-nan 12653 (31) sec
[319] Ep10000: Max 6442 (2185) steps (0.0006 hrs) -nan:-nan 12707 (54) sec
[320] Ep10000: Max 6442 (398) steps (0.0001 hrs) -nan:-nan 12734 (27) sec
[321] Ep10000: Max 6442 (554) steps (0.0002 hrs) -nan:-nan 12761 (27) sec
[322] Ep10000: Max 6442 (514) steps (0.0001 hrs) -nan:-nan 12788 (27) sec
[323] Ep10000: Max 6442 (1236) steps (0.0003 hrs) -nan:-nan 12814 (26) sec
[324] Ep10000: Max 6442 (1982) steps (0.0006 hrs) -nan:-nan 12855 (41) sec
[325] Ep10000: Max 6442 (847) steps (0.0002 hrs) -nan:-nan 12877 (22) sec
[326] Ep10000: Max 6442 (1032) steps (0.0003 hrs) -nan:-nan 12899 (22) sec
[327] Ep10000: Max 6442 (2512) steps (0.0007 hrs) -nan:-nan 12930 (31) sec
[328] Ep10000: Max 6442 (3507) steps (0.0010 hrs) -nan:-nan 12975 (45) sec
[329] Ep10000: Max 6442 (2250) steps (0.0006 hrs) -nan:-nan 13002 (27) sec
[330] Ep10000: Max 6442 (1425) steps (0.0004 hrs) -nan:-nan 13024 (22) sec
[331] Ep10000: Max 6442 (349) steps (0.0001 hrs) -nan:-nan 13046 (22) sec
[332] Ep10000: Max 6442 (2258) steps (0.0006 hrs) -nan:-nan 13091 (45) sec
[333] Ep10000: Max 6442 (287) steps (0.0001 hrs) -nan:-nan 13112 (21) sec
[334] Ep10000: Max 6442 (1039) steps (0.0003 hrs) -nan:-nan 13134 (22) sec
[335] Ep10000: Max 53960 (53960) steps (0.0150 hrs) -nan:-nan 13167 (33) sec
[336] Ep10000: Max 53960 (1308) steps (0.0004 hrs) -nan:-nan 13189 (22) sec
[337] Ep10000: Max 53960 (1514) steps (0.0004 hrs) -nan:-nan 13213 (24) sec
[338] Ep10000: Max 53960 (2034) steps (0.0006 hrs) -nan:-nan 13260 (47) sec
[339] Ep10000: Max 53960 (402) steps (0.0001 hrs) -nan:-nan 13281 (21) sec
[340] Ep10000: Max 53960 (2261) steps (0.0006 hrs) -nan:-nan 13327 (46) sec
[341] Ep10000: Max 53960 (1074) steps (0.0003 hrs) -nan:-nan 13348 (21) sec
[342] Ep10000: Max 53960 (2690) steps (0.0007 hrs) -nan:-nan 13392 (44) sec
[343] Ep10000: Max 53960 (1820) steps (0.0005 hrs) -nan:-nan 13414 (22) sec
[344] Ep10000: Max 53960 (555) steps (0.0002 hrs) -nan:-nan 13436 (22) sec
[345] Ep10000: Max 53960 (3304) steps (0.0009 hrs) -nan:-nan 13480 (44) sec
[346] Ep10000: Max 53960 (1602) steps (0.0004 hrs) -nan:-nan 13502 (22) sec
[347] Ep10000: Max 53960 (2855) steps (0.0008 hrs) -nan:-nan 13549 (47) sec
[348] Ep10000: Max 53960 (2225) steps (0.0006 hrs) -nan:-nan 13592 (43) sec
[349] Ep10000: Max 53960 (2315) steps (0.0006 hrs) -nan:-nan 13638 (46) sec
[350] Ep10000: Max 53960 (2174) steps (0.0006 hrs) -nan:-nan 13673 (35) sec
[351] Ep10000: Max 53960 (1208) steps (0.0003 hrs) -nan:-nan 13696 (23) sec
[352] Ep10000: Max 53960 (756) steps (0.0002 hrs) -nan:-nan 13717 (21) sec
[353] Ep10000: Max 53960 (1748) steps (0.0005 hrs) -nan:-nan 13749 (32) sec
[354] Ep10000: Max 53960 (1576) steps (0.0004 hrs) -nan:-nan 13772 (23) sec
[355] Ep10000: Max 53960 (588) steps (0.0002 hrs) -nan:-nan 13793 (21) sec
[356] Ep10000: Max 53960 (422) steps (0.0001 hrs) -nan:-nan 13816 (23) sec
[357] Ep10000: Max 53960 (1246) steps (0.0003 hrs) -nan:-nan 13838 (22) sec
[358] Ep10000: Max 53960 (1835) steps (0.0005 hrs) -nan:-nan 13871 (33) sec
[359] Ep10000: Max 53960 (1798) steps (0.0005 hrs) -nan:-nan 13898 (27) sec
[360] Ep10000: Max 53960 (2137) steps (0.0006 hrs) -nan:-nan 13944 (46) sec
[361] Ep10000: Max 53960 (410) steps (0.0001 hrs) -nan:-nan 13965 (21) sec
[362] Ep10000: Max 53960 (2751) steps (0.0008 hrs) -nan:-nan 14011 (46) sec
[363] Ep10000: Max 53960 (2589) steps (0.0007 hrs) -nan:-nan 14057 (46) sec
[364] Ep10000: Max 53960 (2265) steps (0.0006 hrs) -nan:-nan 14088 (31) sec
[365] Ep10000: Max 53960 (2404) steps (0.0007 hrs) -nan:-nan 14135 (47) sec
[366] Ep10000: Max 53960 (2660) steps (0.0007 hrs) -nan:-nan 14181 (46) sec
[367] Ep10000: Max 53960 (2128) steps (0.0006 hrs) -nan:-nan 14207 (26) sec
[368] Ep10000: Max 53960 (1281) steps (0.0004 hrs) -nan:-nan 14229 (22) sec
[369] Ep10000: Max 53960 (2305) steps (0.0006 hrs) -nan:-nan 14272 (43) sec
[370] Ep10000: Max 53960 (726) steps (0.0002 hrs) -nan:-nan 14294 (22) sec
[371] Ep10000: Max 53960 (2249) steps (0.0006 hrs) -nan:-nan 14340 (46) sec
[372] Ep10000: Max 53960 (2763) steps (0.0008 hrs) -nan:-nan 14385 (45) sec
[373] Ep10000: Max 53960 (1149) steps (0.0003 hrs) -nan:-nan 14408 (23) sec
[374] Ep10000: Max 53960 (2683) steps (0.0007 hrs) -nan:-nan 14454 (46) sec
[375] Ep10000: Max 53960 (2781) steps (0.0008 hrs) -nan:-nan 14487 (33) sec
[376] Ep10000: Max 53960 (2410) steps (0.0007 hrs) -nan:-nan 14512 (25) sec
[377] Ep10000: Max 53960 (2387) steps (0.0007 hrs) -nan:-nan 14558 (46) sec
[378] Ep10000: Max 53960 (2804) steps (0.0008 hrs) -nan:-nan 14604 (46) sec
[379] Ep10000: Max 53960 (1472) steps (0.0004 hrs) -nan:-nan 14626 (22) sec
[380] Ep10000: Max 53960 (511) steps (0.0001 hrs) -nan:-nan 14647 (21) sec
[381] Ep10000: Max 53960 (2116) steps (0.0006 hrs) -nan:-nan 14694 (47) sec
[382] Ep10000: Max 53960 (1625) steps (0.0005 hrs) -nan:-nan 14719 (25) sec
[383] Ep10000: Max 53960 (2162) steps (0.0006 hrs) -nan:-nan 14760 (41) sec
[384] Ep10000: Max 53960 (2125) steps (0.0006 hrs) -nan:-nan 14806 (46) sec
[385] Ep10000: Max 53960 (3536) steps (0.0010 hrs) -nan:-nan 14849 (43) sec
[386] Ep10000: Max 53960 (1664) steps (0.0005 hrs) -nan:-nan 14871 (22) sec
[387] Ep10000: Max 53960 (502) steps (0.0001 hrs) -nan:-nan 14892 (21) sec
[388] Ep10000: Max 53960 (2124) steps (0.0006 hrs) -nan:-nan 14929 (37) sec
[389] Ep10000: Max 53960 (1658) steps (0.0005 hrs) -nan:-nan 14975 (46) sec
[390] Ep10000: Max 53960 (2711) steps (0.0008 hrs) -nan:-nan 15014 (39) sec
[391] Ep10000: Max 53960 (2505) steps (0.0007 hrs) -nan:-nan 15060 (46) sec
[392] Ep10000: Max 53960 (1967) steps (0.0005 hrs) -nan:-nan 15084 (24) sec
[393] Ep10000: Max 53960 (1399) steps (0.0004 hrs) -nan:-nan 15106 (22) sec
[394] Ep10000: Max 53960 (2673) steps (0.0007 hrs) -nan:-nan 15146 (40) sec
[395] Ep10000: Max 53960 (2059) steps (0.0006 hrs) -nan:-nan 15192 (46) sec
[396] Ep10000: Max 53960 (2191) steps (0.0006 hrs) -nan:-nan 15221 (29) sec
[397] Ep10000: Max 53960 (524) steps (0.0001 hrs) -nan:-nan 15243 (22) sec
[398] Ep10000: Max 53960 (2421) steps (0.0007 hrs) -nan:-nan 15289 (46) sec
[399] Ep10000: Max 53960 (1924) steps (0.0005 hrs) -nan:-nan 15334 (45) sec
[400] Ep10000: Max 53960 (1513) steps (0.0004 hrs) -nan:-nan 15355 (21) sec
[401] Ep10000: Max 53960 (2328) steps (0.0006 hrs) -nan:-nan 15401 (46) sec
[402] Ep10000: Max 53960 (2062) steps (0.0006 hrs) -nan:-nan 15445 (44) sec
[403] Ep10000: Max 53960 (870) steps (0.0002 hrs) -nan:-nan 15467 (22) sec
[404] Ep10000: Max 53960 (616) steps (0.0002 hrs) -nan:-nan 15489 (22) sec
[405] Ep10000: Max 53960 (2172) steps (0.0006 hrs) -nan:-nan 15541 (52) sec
[406] Ep10000: Max 53960 (1152) steps (0.0003 hrs) -nan:-nan 15570 (29) sec
[407] Ep10000: Max 53960 (1496) steps (0.0004 hrs) -nan:-nan 15597 (27) sec
[408] Ep10000: Max 53960 (422) steps (0.0001 hrs) -nan:-nan 15626 (29) sec
[409] Ep10000: Max 53960 (2135) steps (0.0006 hrs) -nan:-nan 15665 (39) sec
[410] Ep10000: Max 53960 (2508) steps (0.0007 hrs) -nan:-nan 15717 (52) sec
[411] Ep10000: Max 53960 (954) steps (0.0003 hrs) -nan:-nan 15750 (33) sec
[412] Ep10000: Max 53960 (2054) steps (0.0006 hrs) -nan:-nan 15809 (59) sec
[413] Ep10000: Max 53960 (1529) steps (0.0004 hrs) -nan:-nan 15845 (36) sec
[414] Ep10000: Max 53960 (2811) steps (0.0008 hrs) -nan:-nan 15907 (62) sec
[415] Ep10000: Max 53960 (931) steps (0.0003 hrs) -nan:-nan 15938 (31) sec
[416] Ep10000: Max 53960 (2457) steps (0.0007 hrs) -nan:-nan 15999 (61) sec
[417] Ep10000: Max 53960 (1149) steps (0.0003 hrs) -nan:-nan 16030 (31) sec
[418] Ep10000: Max 53960 (1907) steps (0.0005 hrs) -nan:-nan 16093 (63) sec
[419] Ep10000: Max 53960 (2299) steps (0.0006 hrs) -nan:-nan 16158 (65) sec
[420] Ep10000: Max 53960 (1819) steps (0.0005 hrs) -nan:-nan 16199 (41) sec
[421] Ep10000: Max 53960 (344) steps (0.0001 hrs) -nan:-nan 16232 (33) sec
[422] Ep10000: Max 53960 (340) steps (0.0001 hrs) -nan:-nan 16265 (33) sec
[423] Ep10000: Max 53960 (2651) steps (0.0007 hrs) -nan:-nan 16325 (60) sec
[424] Ep10000: Max 53960 (2362) steps (0.0007 hrs) -nan:-nan 16371 (46) sec
[425] Ep10000: Max 53960 (2834) steps (0.0008 hrs) -nan:-nan 16418 (47) sec
[426] Ep10000: Max 53960 (1718) steps (0.0005 hrs) -nan:-nan 16443 (25) sec
[427] Ep10000: Max 53960 (3053) steps (0.0008 hrs) -nan:-nan 16489 (46) sec
[428] Ep10000: Max 53960 (1791) steps (0.0005 hrs) -nan:-nan 16519 (30) sec
[429] Ep10000: Max 53960 (543) steps (0.0002 hrs) -nan:-nan 16541 (22) sec
[430] Ep10000: Max 53960 (2086) steps (0.0006 hrs) -nan:-nan 16583 (42) sec
[431] Ep10000: Max 53960 (2522) steps (0.0007 hrs) -nan:-nan 16623 (40) sec
[432] Ep10000: Max 53960 (1278) steps (0.0004 hrs) -nan:-nan 16657 (34) sec
[433] Ep10000: Max 53960 (665) steps (0.0002 hrs) -nan:-nan 16692 (35) sec
[434] Ep10000: Max 53960 (2646) steps (0.0007 hrs) -nan:-nan 16734 (42) sec
[435] Ep10000: Max 53960 (1884) steps (0.0005 hrs) -nan:-nan 16771 (37) sec
[436] Ep10000: Max 53960 (2158) steps (0.0006 hrs) -nan:-nan 16813 (42) sec
[437] Ep10000: Max 53960 (1591) steps (0.0004 hrs) -nan:-nan 16846 (33) sec
[438] Ep10000: Max 53960 (1817) steps (0.0005 hrs) -nan:-nan 16887 (41) sec
[439] Ep10000: Max 53960 (597) steps (0.0002 hrs) -nan:-nan 16914 (27) sec
[440] Ep10000: Max 53960 (721) steps (0.0002 hrs) -nan:-nan 16947 (33) sec
[441] Ep10000: Max 53960 (551) steps (0.0002 hrs) -nan:-nan 16975 (28) sec
[442] Ep10000: Max 53960 (1031) steps (0.0003 hrs) -nan:-nan 17004 (29) sec
[443] Ep10000: Max 53960 (942) steps (0.0003 hrs) -nan:-nan 17030 (26) sec
[444] Ep10000: Max 53960 (1255) steps (0.0003 hrs) -nan:-nan 17055 (25) sec
[445] Ep10000: Max 53960 (1808) steps (0.0005 hrs) -nan:-nan 17086 (31) sec
[446] Ep10000: Max 53960 (2202) steps (0.0006 hrs) -nan:-nan 17149 (63) sec
[447] Ep10000: Max 53960 (1835) steps (0.0005 hrs) -nan:-nan 17193 (44) sec
[448] Ep10000: Max 53960 (1871) steps (0.0005 hrs) -nan:-nan 17227 (34) sec
[449] Ep10000: Max 53960 (2608) steps (0.0007 hrs) -nan:-nan 17286 (59) sec
[450] Ep10000: Max 53960 (1556) steps (0.0004 hrs) -nan:-nan 17327 (41) sec
[451] Ep10000: Max 53960 (1514) steps (0.0004 hrs) -nan:-nan 17358 (31) sec
[452] Ep10000: Max 53960 (204) steps (0.0001 hrs) -nan:-nan 17386 (28) sec
[453] Ep10000: Max 53960 (2133) steps (0.0006 hrs) -nan:-nan 17446 (60) sec
[454] Ep10000: Max 53960 (2623) steps (0.0007 hrs) -nan:-nan 17501 (55) sec
[455] Ep10000: Max 53960 (2233) steps (0.0006 hrs) -nan:-nan 17543 (42) sec
[456] Ep10000: Max 53960 (2167) steps (0.0006 hrs) -nan:-nan 17569 (26) sec
[457] Ep10000: Max 53960 (1969) steps (0.0005 hrs) -nan:-nan 17615 (46) sec
[458] Ep10000: Max 53960 (2136) steps (0.0006 hrs) -nan:-nan 17661 (46) sec
[459] Ep10000: Max 53960 (545) steps (0.0002 hrs) -nan:-nan 17683 (22) sec
[460] Ep10000: Max 53960 (1597) steps (0.0004 hrs) -nan:-nan 17706 (23) sec
[461] Ep10000: Max 53960 (1253) steps (0.0003 hrs) -nan:-nan 17730 (24) sec
[462] Ep10000: Max 53960 (641) steps (0.0002 hrs) -nan:-nan 17752 (22) sec
[463] Ep10000: Max 53960 (1809) steps (0.0005 hrs) -nan:-nan 17796 (44) sec
[464] Ep10000: Max 53960 (880) steps (0.0002 hrs) -nan:-nan 17819 (23) sec
[465] Ep10000: Max 53960 (2234) steps (0.0006 hrs) -nan:-nan 17871 (52) sec
[466] Ep10000: Max 53960 (1326) steps (0.0004 hrs) -nan:-nan 17898 (27) sec
[467] Ep10000: Max 53960 (263) steps (0.0001 hrs) -nan:-nan 17924 (26) sec
[468] Ep10000: Max 53960 (2125) steps (0.0006 hrs) -nan:-nan 17982 (58) sec
[469] Ep10000: Max 53960 (1401) steps (0.0004 hrs) -nan:-nan 18012 (30) sec
[470] Ep10000: Max 53960 (1736) steps (0.0005 hrs) -nan:-nan 18045 (33) sec
[471] Ep10000: Max 53960 (946) steps (0.0003 hrs) -nan:-nan 18076 (31) sec
[472] Ep10000: Max 53960 (2888) steps (0.0008 hrs) -nan:-nan 18137 (61) sec
[473] Ep10000: Max 53960 (1648) steps (0.0005 hrs) -nan:-nan 18175 (38) sec
[474] Ep10000: Max 53960 (1667) steps (0.0005 hrs) -nan:-nan 18214 (39) sec
[475] Ep10000: Max 53960 (1965) steps (0.0005 hrs) -nan:-nan 18279 (65) sec
[476] Ep10000: Max 53960 (2300) steps (0.0006 hrs) -nan:-nan 18336 (57) sec
[477] Ep10000: Max 53960 (559) steps (0.0002 hrs) -nan:-nan 18358 (22) sec
[478] Ep10000: Max 53960 (2074) steps (0.0006 hrs) -nan:-nan 18404 (46) sec
[479] Ep10000: Max 53960 (1481) steps (0.0004 hrs) -nan:-nan 18427 (23) sec
[480] Ep10000: Max 53960 (1885) steps (0.0005 hrs) -nan:-nan 18474 (47) sec
[481] Ep10000: Max 53960 (1395) steps (0.0004 hrs) -nan:-nan 18498 (24) sec
[482] Ep10000: Max 53960 (1912) steps (0.0005 hrs) -nan:-nan 18545 (47) sec
[483] Ep10000: Max 53960 (2760) steps (0.0008 hrs) -nan:-nan 18590 (45) sec
[484] Ep10000: Max 53960 (202) steps (0.0001 hrs) -nan:-nan 18613 (23) sec
[485] Ep10000: Max 53960 (2204) steps (0.0006 hrs) -nan:-nan 18676 (63) sec
[486] Ep10000: Max 53960 (1131) steps (0.0003 hrs) -nan:-nan 18710 (34) sec
[487] Ep10000: Max 53960 (233) steps (0.0001 hrs) -nan:-nan 18744 (34) sec
[488] Ep10000: Max 53960 (1458) steps (0.0004 hrs) -nan:-nan 18781 (37) sec
[489] Ep10000: Max 53960 (2048) steps (0.0006 hrs) -nan:-nan 18835 (54) sec
[490] Ep10000: Max 53960 (1819) steps (0.0005 hrs) -nan:-nan 18882 (47) sec
[491] Ep10000: Max 53960 (1580) steps (0.0004 hrs) -nan:-nan 18913 (31) sec
[492] Ep10000: Max 53960 (655) steps (0.0002 hrs) -nan:-nan 18935 (22) sec
[493] Ep10000: Max 53960 (2290) steps (0.0006 hrs) -nan:-nan 18983 (48) sec
[494] Ep10000: Max 53960 (521) steps (0.0001 hrs) -nan:-nan 19005 (22) sec
[495] Ep10000: Max 53960 (1940) steps (0.0005 hrs) -nan:-nan 19054 (49) sec
[496] Ep10000: Max 53960 (1383) steps (0.0004 hrs) -nan:-nan 19080 (26) sec
[497] Ep10000: Max 53960 (213) steps (0.0001 hrs) -nan:-nan 19102 (22) sec
[498] Ep10000: Max 53960 (2483) steps (0.0007 hrs) -nan:-nan 19144 (42) sec
[499] Ep10000: Max 53960 (1243) steps (0.0003 hrs) -nan:-nan 19167 (23) sec
[500] Ep10000: Max 53960 (2119) steps (0.0006 hrs) -nan:-nan 19219 (52) sec
[501] Ep10000: Max 53960 (768) steps (0.0002 hrs) -nan:-nan 19241 (22) sec
[502] Ep10000: Max 53960 (2066) steps (0.0006 hrs) -nan:-nan 19269 (28) sec
[503] Ep10000: Max 53960 (3444) steps (0.0010 hrs) -nan:-nan 19311 (42) sec
[504] Ep10000: Max 53960 (2266) steps (0.0006 hrs) -nan:-nan 19359 (48) sec
[505] Ep10000: Max 53960 (3135) steps (0.0009 hrs) -nan:-nan 19392 (33) sec
[506] Ep10000: Max 53960 (1982) steps (0.0006 hrs) -nan:-nan 19439 (47) sec
[507] Ep10000: Max 53960 (2542) steps (0.0007 hrs) -nan:-nan 19486 (47) sec
[508] Ep10000: Max 53960 (1911) steps (0.0005 hrs) -nan:-nan 19529 (43) sec
[509] Ep10000: Max 53960 (1527) steps (0.0004 hrs) -nan:-nan 19560 (31) sec
[510] Ep10000: Max 53960 (1867) steps (0.0005 hrs) -nan:-nan 19582 (22) sec
[511] Ep10000: Max 53960 (2106) steps (0.0006 hrs) -nan:-nan 19629 (47) sec
[512] Ep10000: Max 53960 (1048) steps (0.0003 hrs) -nan:-nan 19651 (22) sec
[513] Ep10000: Max 53960 (2242) steps (0.0006 hrs) -nan:-nan 19692 (41) sec
[514] Ep10000: Max 53960 (1688) steps (0.0005 hrs) -nan:-nan 19736 (44) sec
[515] Ep10000: Max 53960 (286) steps (0.0001 hrs) -nan:-nan 19758 (22) sec
[516] Ep10000: Max 53960 (2026) steps (0.0006 hrs) -nan:-nan 19783 (25) sec
[517] Ep10000: Max 53960 (2467) steps (0.0007 hrs) -nan:-nan 19830 (47) sec
[518] Ep10000: Max 53960 (2415) steps (0.0007 hrs) -nan:-nan 19853 (23) sec
[519] Ep10000: Max 53960 (1634) steps (0.0005 hrs) -nan:-nan 19877 (24) sec
[520] Ep10000: Max 53960 (2025) steps (0.0006 hrs) -nan:-nan 19924 (47) sec
[521] Ep10000: Max 53960 (2536) steps (0.0007 hrs) -nan:-nan 19966 (42) sec
[522] Ep10000: Max 53960 (263) steps (0.0001 hrs) -nan:-nan 19987 (21) sec
[523] Ep10000: Max 53960 (1133) steps (0.0003 hrs) -nan:-nan 20009 (22) sec
[524] Ep10000: Max 53960 (1619) steps (0.0004 hrs) -nan:-nan 20037 (28) sec
[525] Ep10000: Max 53960 (2235) steps (0.0006 hrs) -nan:-nan 20079 (42) sec
[526] Ep10000: Max 53960 (1115) steps (0.0003 hrs) -nan:-nan 20102 (23) sec
[527] Ep10000: Max 53960 (1976) steps (0.0005 hrs) -nan:-nan 20128 (26) sec
[528] Ep10000: Max 53960 (2335) steps (0.0006 hrs) -nan:-nan 20167 (39) sec
[529] Ep10000: Max 53960 (1587) steps (0.0004 hrs) -nan:-nan 20189 (22) sec
[530] Ep10000: Max 53960 (997) steps (0.0003 hrs) -nan:-nan 20212 (23) sec
[531] Ep10000: Max 53960 (1996) steps (0.0006 hrs) -nan:-nan 20258 (46) sec
[532] Ep10000: Max 53960 (2350) steps (0.0007 hrs) -nan:-nan 20305 (47) sec
[533] Ep10000: Max 53960 (1673) steps (0.0005 hrs) -nan:-nan 20327 (22) sec
[534] Ep10000: Max 53960 (2333) steps (0.0006 hrs) -nan:-nan 20356 (29) sec
[535] Ep10000: Max 53960 (2295) steps (0.0006 hrs) -nan:-nan 20390 (34) sec
[536] Ep10000: Max 53960 (2212) steps (0.0006 hrs) -nan:-nan 20438 (48) sec
[537] Ep10000: Max 53960 (1487) steps (0.0004 hrs) -nan:-nan 20469 (31) sec
[538] Ep10000: Max 53960 (1598) steps (0.0004 hrs) -nan:-nan 20500 (31) sec
[539] Ep10000: Max 53960 (1851) steps (0.0005 hrs) -nan:-nan 20527 (27) sec
[540] Ep10000: Max 53960 (2320) steps (0.0006 hrs) -nan:-nan 20576 (49) sec
[541] Ep10000: Max 53960 (608) steps (0.0002 hrs) -nan:-nan 20598 (22) sec
[542] Ep10000: Max 53960 (1147) steps (0.0003 hrs) -nan:-nan 20621 (23) sec
[543] Ep10000: Max 53960 (2441) steps (0.0007 hrs) -nan:-nan 20665 (44) sec
[544] Ep10000: Max 53960 (2002) steps (0.0006 hrs) -nan:-nan 20712 (47) sec
[545] Ep10000: Max 53960 (2197) steps (0.0006 hrs) -nan:-nan 20765 (53) sec
[546] Ep10000: Max 53960 (211) steps (0.0001 hrs) -nan:-nan 20792 (27) sec
[547] Ep10000: Max 53960 (1691) steps (0.0005 hrs) -nan:-nan 20823 (31) sec
[548] Ep10000: Max 53960 (2653) steps (0.0007 hrs) -nan:-nan 20851 (28) sec
[549] Ep10000: Max 53960 (2963) steps (0.0008 hrs) -nan:-nan 20906 (55) sec
[550] Ep10000: Max 53960 (1774) steps (0.0005 hrs) -nan:-nan 20940 (34) sec
[551] Ep10000: Max 53960 (2083) steps (0.0006 hrs) -nan:-nan 20995 (55) sec
[552] Ep10000: Max 53960 (1964) steps (0.0005 hrs) -nan:-nan 21052 (57) sec
[553] Ep10000: Max 53960 (1922) steps (0.0005 hrs) -nan:-nan 21106 (54) sec
[554] Ep10000: Max 53960 (915) steps (0.0003 hrs) -nan:-nan 21132 (26) sec
[555] Ep10000: Max 53960 (1171) steps (0.0003 hrs) -nan:-nan 21157 (25) sec
[556] Ep10000: Max 53960 (2263) steps (0.0006 hrs) -nan:-nan 21200 (43) sec
[557] Ep10000: Max 53960 (678) steps (0.0002 hrs) -nan:-nan 21222 (22) sec
[558] Ep10000: Max 53960 (2090) steps (0.0006 hrs) -nan:-nan 21268 (46) sec
[559] Ep10000: Max 53960 (2125) steps (0.0006 hrs) -nan:-nan 21314 (46) sec
[560] Ep10000: Max 53960 (2303) steps (0.0006 hrs) -nan:-nan 21341 (27) sec
[561] Ep10000: Max 53960 (2067) steps (0.0006 hrs) -nan:-nan 21398 (57) sec
[562] Ep10000: Max 53960 (2454) steps (0.0007 hrs) -nan:-nan 21453 (55) sec
[563] Ep10000: Max 53960 (1989) steps (0.0006 hrs) -nan:-nan 21510 (57) sec
[564] Ep10000: Max 53960 (1387) steps (0.0004 hrs) -nan:-nan 21539 (29) sec
[565] Ep10000: Max 53960 (2156) steps (0.0006 hrs) -nan:-nan 21585 (46) sec
[566] Ep10000: Max 53960 (1419) steps (0.0004 hrs) -nan:-nan 21608 (23) sec
[567] Ep10000: Max 53960 (2208) steps (0.0006 hrs) -nan:-nan 21654 (46) sec
[568] Ep10000: Max 53960 (1924) steps (0.0005 hrs) -nan:-nan 21700 (46) sec
[569] Ep10000: Max 53960 (931) steps (0.0003 hrs) -nan:-nan 21723 (23) sec
[570] Ep10000: Max 53960 (1583) steps (0.0004 hrs) -nan:-nan 21748 (25) sec
[571] Ep10000: Max 53960 (2100) steps (0.0006 hrs) -nan:-nan 21788 (40) sec
[572] Ep10000: Max 53960 (373) steps (0.0001 hrs) -nan:-nan 21814 (26) sec
[573] Ep10000: Max 53960 (2121) steps (0.0006 hrs) -nan:-nan 21863 (49) sec
[574] Ep10000: Max 53960 (1734) steps (0.0005 hrs) -nan:-nan 21886 (23) sec
[575] Ep10000: Max 53960 (1482) steps (0.0004 hrs) -nan:-nan 21910 (24) sec
[576] Ep10000: Max 53960 (1644) steps (0.0005 hrs) -nan:-nan 21933 (23) sec
[577] Ep10000: Max 53960 (2511) steps (0.0007 hrs) -nan:-nan 21982 (49) sec
[578] Ep10000: Max 53960 (2413) steps (0.0007 hrs) -nan:-nan 22014 (32) sec
[579] Ep10000: Max 53960 (2731) steps (0.0008 hrs) -nan:-nan 22064 (50) sec
[580] Ep10000: Max 53960 (2288) steps (0.0006 hrs) -nan:-nan 22099 (35) sec
[581] Ep10000: Max 53960 (2463) steps (0.0007 hrs) -nan:-nan 22138 (39) sec
[582] Ep10000: Max 53960 (2098) steps (0.0006 hrs) -nan:-nan 22161 (23) sec
[583] Ep10000: Max 53960 (1014) steps (0.0003 hrs) -nan:-nan 22184 (23) sec
[584] Ep10000: Max 53960 (2448) steps (0.0007 hrs) -nan:-nan 22236 (52) sec
[585] Ep10000: Max 53960 (1968) steps (0.0005 hrs) -nan:-nan 22274 (38) sec
[586] Ep10000: Max 53960 (456) steps (0.0001 hrs) -nan:-nan 22302 (28) sec
[587] Ep10000: Max 53960 (2514) steps (0.0007 hrs) -nan:-nan 22348 (46) sec
[588] Ep10000: Max 53960 (2045) steps (0.0006 hrs) -nan:-nan 22398 (50) sec
[589] Ep10000: Max 53960 (2192) steps (0.0006 hrs) -nan:-nan 22448 (50) sec
[590] Ep10000: Max 53960 (2444) steps (0.0007 hrs) -nan:-nan 22495 (47) sec
[591] Ep10000: Max 53960 (2243) steps (0.0006 hrs) -nan:-nan 22543 (48) sec
[592] Ep10000: Max 53960 (1199) steps (0.0003 hrs) -nan:-nan 22571 (28) sec
[593] Ep10000: Max 53960 (1586) steps (0.0004 hrs) -nan:-nan 22601 (30) sec
[594] Ep10000: Max 53960 (1388) steps (0.0004 hrs) -nan:-nan 22637 (36) sec
[595] Ep10000: Max 53960 (998) steps (0.0003 hrs) -nan:-nan 22669 (32) sec
[596] Ep10000: Max 53960 (1707) steps (0.0005 hrs) -nan:-nan 22700 (31) sec
[597] Ep10000: Max 53960 (365) steps (0.0001 hrs) -nan:-nan 22730 (30) sec
[598] Ep10000: Max 53960 (213) steps (0.0001 hrs) -nan:-nan 22757 (27) sec
[599] Ep10000: Max 53960 (825) steps (0.0002 hrs) -nan:-nan 22784 (27) sec
[600] Ep10000: Max 53960 (2415) steps (0.0007 hrs) -nan:-nan 22838 (54) sec
[601] Ep10000: Max 53960 (2371) steps (0.0007 hrs) -nan:-nan 22886 (48) sec
[602] Ep10000: Max 53960 (746) steps (0.0002 hrs) -nan:-nan 22908 (22) sec
[603] Ep10000: Max 53960 (1579) steps (0.0004 hrs) -nan:-nan 22950 (42) sec
[604] Ep10000: Max 53960 (726) steps (0.0002 hrs) -nan:-nan 22978 (28) sec
[605] Ep10000: Max 53960 (904) steps (0.0003 hrs) -nan:-nan 23006 (28) sec
[606] Ep10000: Max 53960 (2602) steps (0.0007 hrs) -nan:-nan 23053 (47) sec
[607] Ep10000: Max 53960 (1813) steps (0.0005 hrs) -nan:-nan 23096 (43) sec
[608] Ep10000: Max 53960 (1841) steps (0.0005 hrs) -nan:-nan 23135 (39) sec
[609] Ep10000: Max 53960 (952) steps (0.0003 hrs) -nan:-nan 23161 (26) sec
[610] Ep10000: Max 53960 (1807) steps (0.0005 hrs) -nan:-nan 23190 (29) sec
[611] Ep10000: Max 53960 (1291) steps (0.0004 hrs) -nan:-nan 23212 (22) sec
[612] Ep10000: Max 53960 (2522) steps (0.0007 hrs) -nan:-nan 23258 (46) sec
[613] Ep10000: Max 53960 (2523) steps (0.0007 hrs) -nan:-nan 23295 (37) sec
[614] Ep10000: Max 53960 (2282) steps (0.0006 hrs) -nan:-nan 23350 (55) sec
[615] Ep10000: Max 53960 (618) steps (0.0002 hrs) -nan:-nan 23377 (27) sec
[616] Ep10000: Max 53960 (296) steps (0.0001 hrs) -nan:-nan 23399 (22) sec
[617] Ep10000: Max 53960 (1405) steps (0.0004 hrs) -nan:-nan 23421 (22) sec
[618] Ep10000: Max 53960 (980) steps (0.0003 hrs) -nan:-nan 23444 (23) sec
[619] Ep10000: Max 53960 (1967) steps (0.0005 hrs) -nan:-nan 23496 (52) sec
[620] Ep10000: Max 53960 (2613) steps (0.0007 hrs) -nan:-nan 23558 (62) sec
[621] Ep10000: Max 53960 (2720) steps (0.0008 hrs) -nan:-nan 23606 (48) sec
[622] Ep10000: Max 53960 (2013) steps (0.0006 hrs) -nan:-nan 23648 (42) sec
[623] Ep10000: Max 53960 (1484) steps (0.0004 hrs) -nan:-nan 23675 (27) sec
[624] Ep10000: Max 53960 (2462) steps (0.0007 hrs) -nan:-nan 23726 (51) sec
[625] Ep10000: Max 53960 (2506) steps (0.0007 hrs) -nan:-nan 23779 (53) sec
[626] Ep10000: Max 53960 (2034) steps (0.0006 hrs) -nan:-nan 23833 (54) sec
[627] Ep10000: Max 53960 (2021) steps (0.0006 hrs) -nan:-nan 23885 (52) sec
[628] Ep10000: Max 53960 (2694) steps (0.0007 hrs) -nan:-nan 23942 (57) sec
[629] Ep10000: Max 53960 (2052) steps (0.0006 hrs) -nan:-nan 23989 (47) sec
[630] Ep10000: Max 53960 (2138) steps (0.0006 hrs) -nan:-nan 24036 (47) sec
[631] Ep10000: Max 53960 (2211) steps (0.0006 hrs) -nan:-nan 24072 (36) sec
[632] Ep10000: Max 53960 (594) steps (0.0002 hrs) -nan:-nan 24095 (23) sec
[633] Ep10000: Max 53960 (966) steps (0.0003 hrs) -nan:-nan 24123 (28) sec
[634] Ep10000: Max 53960 (896) steps (0.0002 hrs) -nan:-nan 24151 (28) sec
[635] Ep10000: Max 53960 (1834) steps (0.0005 hrs) -nan:-nan 24207 (56) sec
[636] Ep10000: Max 53960 (1503) steps (0.0004 hrs) -nan:-nan 24237 (30) sec
[637] Ep10000: Max 53960 (1764) steps (0.0005 hrs) -nan:-nan 24266 (29) sec
[638] Ep10000: Max 53960 (563) steps (0.0002 hrs) -nan:-nan 24293 (27) sec
[639] Ep10000: Max 53960 (663) steps (0.0002 hrs) -nan:-nan 24322 (29) sec
[640] Ep10000: Max 53960 (1502) steps (0.0004 hrs) -nan:-nan 24350 (28) sec
[641] Ep10000: Max 53960 (1882) steps (0.0005 hrs) -nan:-nan 24394 (44) sec
[642] Ep10000: Max 53960 (2811) steps (0.0008 hrs) -nan:-nan 24450 (56) sec
[643] Ep10000: Max 53960 (2315) steps (0.0006 hrs) -nan:-nan 24496 (46) sec
[644] Ep10000: Max 53960 (2263) steps (0.0006 hrs) -nan:-nan 24551 (55) sec
[645] Ep10000: Max 53960 (392) steps (0.0001 hrs) -nan:-nan 24578 (27) sec
[646] Ep10000: Max 53960 (2645) steps (0.0007 hrs) -nan:-nan 24636 (58) sec
[647] Ep10000: Max 53960 (2556) steps (0.0007 hrs) -nan:-nan 24693 (57) sec
[648] Ep10000: Max 53960 (1483) steps (0.0004 hrs) -nan:-nan 24721 (28) sec
[649] Ep10000: Max 53960 (2140) steps (0.0006 hrs) -nan:-nan 24778 (57) sec
[650] Ep10000: Max 53960 (590) steps (0.0002 hrs) -nan:-nan 24801 (23) sec
[651] Ep10000: Max 53960 (2325) steps (0.0006 hrs) -nan:-nan 24843 (42) sec
[652] Ep10000: Max 53960 (1128) steps (0.0003 hrs) -nan:-nan 24876 (33) sec
[653] Ep10000: Max 53960 (2086) steps (0.0006 hrs) -nan:-nan 24945 (69) sec
[654] Ep10000: Max 53960 (2472) steps (0.0007 hrs) -nan:-nan 25015 (70) sec
[655] Ep10000: Max 53960 (300) steps (0.0001 hrs) -nan:-nan 25048 (33) sec
[656] Ep10000: Max 53960 (1784) steps (0.0005 hrs) -nan:-nan 25085 (37) sec
[657] Ep10000: Max 53960 (2243) steps (0.0006 hrs) -nan:-nan 25154 (69) sec
[658] Ep10000: Max 53960 (259) steps (0.0001 hrs) -nan:-nan 25191 (37) sec
[659] Ep10000: Max 53960 (771) steps (0.0002 hrs) -nan:-nan 25224 (33) sec
[660] Ep10000: Max 53960 (360) steps (0.0001 hrs) -nan:-nan 25252 (28) sec
[661] Ep10000: Max 53960 (2034) steps (0.0006 hrs) -nan:-nan 25302 (50) sec
[662] Ep10000: Max 53960 (2937) steps (0.0008 hrs) -nan:-nan 25357 (55) sec
[663] Ep10000: Max 53960 (752) steps (0.0002 hrs) -nan:-nan 25391 (34) sec
[664] Ep10000: Max 53960 (2152) steps (0.0006 hrs) -nan:-nan 25452 (61) sec
[665] Ep10000: Max 53960 (332) steps (0.0001 hrs) -nan:-nan 25474 (22) sec
[666] Ep10000: Max 53960 (1498) steps (0.0004 hrs) -nan:-nan 25506 (32) sec
[667] Ep10000: Max 53960 (2058) steps (0.0006 hrs) -nan:-nan 25566 (60) sec
[668] Ep10000: Max 53960 (1478) steps (0.0004 hrs) -nan:-nan 25597 (31) sec
[669] Ep10000: Max 53960 (1855) steps (0.0005 hrs) -nan:-nan 25655 (58) sec
[670] Ep10000: Max 53960 (2171) steps (0.0006 hrs) -nan:-nan 25714 (59) sec
[671] Ep10000: Max 53960 (2919) steps (0.0008 hrs) -nan:-nan 25763 (49) sec
[672] Ep10000: Max 53960 (2791) steps (0.0008 hrs) -nan:-nan 25802 (39) sec
[673] Ep10000: Max 53960 (377) steps (0.0001 hrs) -nan:-nan 25824 (22) sec
[674] Ep10000: Max 53960 (671) steps (0.0002 hrs) -nan:-nan 25847 (23) sec
[675] Ep10000: Max 53960 (713) steps (0.0002 hrs) -nan:-nan 25870 (23) sec
[676] Ep10000: Max 53960 (1543) steps (0.0004 hrs) -nan:-nan 25893 (23) sec
[677] Ep10000: Max 53960 (371) steps (0.0001 hrs) -nan:-nan 25919 (26) sec
[678] Ep10000: Max 53960 (1082) steps (0.0003 hrs) -nan:-nan 25951 (32) sec
[679] Ep10000: Max 53960 (2246) steps (0.0006 hrs) -nan:-nan 26016 (65) sec
[680] Ep10000: Max 53960 (441) steps (0.0001 hrs) -nan:-nan 26049 (33) sec
[681] Ep10000: Max 53960 (2132) steps (0.0006 hrs) -nan:-nan 26105 (56) sec
[682] Ep10000: Max 53960 (1533) steps (0.0004 hrs) -nan:-nan 26140 (35) sec
[683] Ep10000: Max 53960 (2013) steps (0.0006 hrs) -nan:-nan 26177 (37) sec
[684] Ep10000: Max 53960 (531) steps (0.0001 hrs) -nan:-nan 26203 (26) sec
[685] Ep10000: Max 53960 (1224) steps (0.0003 hrs) -nan:-nan 26230 (27) sec
[686] Ep10000: Max 53960 (916) steps (0.0003 hrs) -nan:-nan 26259 (29) sec
[687] Ep10000: Max 53960 (1038) steps (0.0003 hrs) -nan:-nan 26289 (30) sec
[688] Ep10000: Max 53960 (818) steps (0.0002 hrs) -nan:-nan 26317 (28) sec
[689] Ep10000: Max 53960 (1275) steps (0.0004 hrs) -nan:-nan 26344 (27) sec
[690] Ep10000: Max 53960 (2398) steps (0.0007 hrs) -nan:-nan 26400 (56) sec
[691] Ep10000: Max 53960 (2423) steps (0.0007 hrs) -nan:-nan 26457 (57) sec
[692] Ep10000: Max 53960 (1403) steps (0.0004 hrs) -nan:-nan 26486 (29) sec
[693] Ep10000: Max 53960 (1544) steps (0.0004 hrs) -nan:-nan 26515 (29) sec
[694] Ep10000: Max 53960 (1984) steps (0.0006 hrs) -nan:-nan 26544 (29) sec
[695] Ep10000: Max 53960 (1578) steps (0.0004 hrs) -nan:-nan 26573 (29) sec
[696] Ep10000: Max 53960 (1928) steps (0.0005 hrs) -nan:-nan 26608 (35) sec
[697] Ep10000: Max 53960 (1013) steps (0.0003 hrs) -nan:-nan 26636 (28) sec
[698] Ep10000: Max 53960 (2342) steps (0.0007 hrs) -nan:-nan 26686 (50) sec
[699] Ep10000: Max 53960 (2211) steps (0.0006 hrs) -nan:-nan 26734 (48) sec
[700] Ep10000: Max 53960 (1295) steps (0.0004 hrs) -nan:-nan 26757 (23) sec
[701] Ep10000: Max 53960 (2690) steps (0.0007 hrs) -nan:-nan 26805 (48) sec
[702] Ep10000: Max 53960 (2523) steps (0.0007 hrs) -nan:-nan 26845 (40) sec
[703] Ep10000: Max 53960 (2425) steps (0.0007 hrs) -nan:-nan 26884 (39) sec
[704] Ep10000: Max 53960 (678) steps (0.0002 hrs) -nan:-nan 26906 (22) sec
[705] Ep10000: Max 53960 (1062) steps (0.0003 hrs) -nan:-nan 26928 (22) sec
[706] Ep10000: Max 53960 (2140) steps (0.0006 hrs) -nan:-nan 26975 (47) sec
[707] Ep10000: Max 53960 (1243) steps (0.0003 hrs) -nan:-nan 26997 (22) sec
[708] Ep10000: Max 53960 (425) steps (0.0001 hrs) -nan:-nan 27019 (22) sec
[709] Ep10000: Max 53960 (2706) steps (0.0008 hrs) -nan:-nan 27077 (58) sec
[710] Ep10000: Max 53960 (2453) steps (0.0007 hrs) -nan:-nan 27133 (56) sec
[711] Ep10000: Max 53960 (1266) steps (0.0004 hrs) -nan:-nan 27162 (29) sec
[712] Ep10000: Max 53960 (1955) steps (0.0005 hrs) -nan:-nan 27197 (35) sec
[713] Ep10000: Max 53960 (1203) steps (0.0003 hrs) -nan:-nan 27223 (26) sec
[714] Ep10000: Max 53960 (1873) steps (0.0005 hrs) -nan:-nan 27279 (56) sec
[715] Ep10000: Max 53960 (2247) steps (0.0006 hrs) -nan:-nan 27320 (41) sec
[716] Ep10000: Max 53960 (279) steps (0.0001 hrs) -nan:-nan 27348 (28) sec
[717] Ep10000: Max 53960 (1079) steps (0.0003 hrs) -nan:-nan 27378 (30) sec
[718] Ep10000: Max 53960 (732) steps (0.0002 hrs) -nan:-nan 27406 (28) sec
[719] Ep10000: Max 53960 (1723) steps (0.0005 hrs) -nan:-nan 27440 (34) sec
[720] Ep10000: Max 53960 (2395) steps (0.0007 hrs) -nan:-nan 27498 (58) sec
[721] Ep10000: Max 53960 (2317) steps (0.0006 hrs) -nan:-nan 27552 (54) sec
[722] Ep10000: Max 53960 (2352) steps (0.0007 hrs) -nan:-nan 27599 (47) sec
[723] Ep10000: Max 53960 (1142) steps (0.0003 hrs) -nan:-nan 27629 (30) sec
[724] Ep10000: Max 53960 (280) steps (0.0001 hrs) -nan:-nan 27657 (28) sec
[725] Ep10000: Max 53960 (1527) steps (0.0004 hrs) -nan:-nan 27686 (29) sec
[726] Ep10000: Max 53960 (2916) steps (0.0008 hrs) -nan:-nan 27729 (43) sec
[727] Ep10000: Max 53960 (2020) steps (0.0006 hrs) -nan:-nan 27785 (56) sec
[728] Ep10000: Max 53960 (2626) steps (0.0007 hrs) -nan:-nan 27834 (49) sec
[729] Ep10000: Max 53960 (2315) steps (0.0006 hrs) -nan:-nan 27886 (52) sec
[730] Ep10000: Max 53960 (2293) steps (0.0006 hrs) -nan:-nan 27941 (55) sec
[731] Ep10000: Max 53960 (1577) steps (0.0004 hrs) -nan:-nan 27970 (29) sec
[732] Ep10000: Max 53960 (1804) steps (0.0005 hrs) -nan:-nan 28025 (55) sec
[733] Ep10000: Max 53960 (782) steps (0.0002 hrs) -nan:-nan 28052 (27) sec
[734] Ep10000: Max 53960 (998) steps (0.0003 hrs) -nan:-nan 28079 (27) sec
[735] Ep10000: Max 53960 (2040) steps (0.0006 hrs) -nan:-nan 28108 (29) sec
[736] Ep10000: Max 53960 (2397) steps (0.0007 hrs) -nan:-nan 28162 (54) sec
[737] Ep10000: Max 53960 (1643) steps (0.0005 hrs) -nan:-nan 28189 (27) sec
[738] Ep10000: Max 53960 (859) steps (0.0002 hrs) -nan:-nan 28215 (26) sec
[739] Ep10000: Max 53960 (1508) steps (0.0004 hrs) -nan:-nan 28242 (27) sec
[740] Ep10000: Max 53960 (2466) steps (0.0007 hrs) -nan:-nan 28301 (59) sec
[741] Ep10000: Max 53960 (2448) steps (0.0007 hrs) -nan:-nan 28356 (55) sec
[742] Ep10000: Max 53960 (819) steps (0.0002 hrs) -nan:-nan 28384 (28) sec
[743] Ep10000: Max 53960 (1516) steps (0.0004 hrs) -nan:-nan 28419 (35) sec
[744] Ep10000: Max 53960 (3255) steps (0.0009 hrs) -nan:-nan 28466 (47) sec
[745] Ep10000: Max 53960 (2080) steps (0.0006 hrs) -nan:-nan 28520 (54) sec
[746] Ep10000: Max 53960 (1245) steps (0.0003 hrs) -nan:-nan 28543 (23) sec
[747] Ep10000: Max 53960 (2193) steps (0.0006 hrs) -nan:-nan 28591 (48) sec
[748] Ep10000: Max 53960 (2412) steps (0.0007 hrs) -nan:-nan 28625 (34) sec
[749] Ep10000: Max 53960 (514) steps (0.0001 hrs) -nan:-nan 28648 (23) sec
[750] Ep10000: Max 53960 (277) steps (0.0001 hrs) -nan:-nan 28671 (23) sec
[751] Ep10000: Max 53960 (2388) steps (0.0007 hrs) -nan:-nan 28717 (46) sec
[752] Ep10000: Max 53960 (374) steps (0.0001 hrs) -nan:-nan 28743 (26) sec
[753] Ep10000: Max 53960 (2257) steps (0.0006 hrs) -nan:-nan 28797 (54) sec
[754] Ep10000: Max 53960 (995) steps (0.0003 hrs) -nan:-nan 28828 (31) sec
[755] Ep10000: Max 53960 (1563) steps (0.0004 hrs) -nan:-nan 28859 (31) sec
[756] Ep10000: Max 53960 (2914) steps (0.0008 hrs) -nan:-nan 28883 (24) sec
[757] Ep10000: Max 53960 (1220) steps (0.0003 hrs) -nan:-nan 28906 (23) sec
[758] Ep10000: Max 53960 (1737) steps (0.0005 hrs) -nan:-nan 28940 (34) sec
[759] Ep10000: Max 53960 (992) steps (0.0003 hrs) -nan:-nan 28965 (25) sec
[760] Ep10000: Max 53960 (934) steps (0.0003 hrs) -nan:-nan 28991 (26) sec
[761] Ep10000: Max 53960 (2310) steps (0.0006 hrs) -nan:-nan 29042 (51) sec
[762] Ep10000: Max 53960 (2242) steps (0.0006 hrs) -nan:-nan 29103 (61) sec
[763] Ep10000: Max 53960 (2014) steps (0.0006 hrs) -nan:-nan 29152 (49) sec
[764] Ep10000: Max 53960 (2034) steps (0.0006 hrs) -nan:-nan 29203 (51) sec
[765] Ep10000: Max 53960 (1466) steps (0.0004 hrs) -nan:-nan 29229 (26) sec
[766] Ep10000: Max 53960 (242) steps (0.0001 hrs) -nan:-nan 29251 (22) sec
[767] Ep10000: Max 53960 (204) steps (0.0001 hrs) -nan:-nan 29273 (22) sec
[768] Ep10000: Max 53960 (2401) steps (0.0007 hrs) -nan:-nan 29318 (45) sec
[769] Ep10000: Max 53960 (2084) steps (0.0006 hrs) -nan:-nan 29349 (31) sec
[770] Ep10000: Max 53960 (2462) steps (0.0007 hrs) -nan:-nan 29403 (54) sec
[771] Ep10000: Max 53960 (2499) steps (0.0007 hrs) -nan:-nan 29449 (46) sec
[772] Ep10000: Max 53960 (1989) steps (0.0006 hrs) -nan:-nan 29483 (34) sec
[773] Ep10000: Max 53960 (1206) steps (0.0003 hrs) -nan:-nan 29507 (24) sec
[774] Ep10000: Max 53960 (2319) steps (0.0006 hrs) -nan:-nan 29557 (50) sec
[775] Ep10000: Max 53960 (2490) steps (0.0007 hrs) -nan:-nan 29608 (51) sec
[776] Ep10000: Max 53960 (1121) steps (0.0003 hrs) -nan:-nan 29633 (25) sec
[777] Ep10000: Max 53960 (2139) steps (0.0006 hrs) -nan:-nan 29681 (48) sec
[778] Ep10000: Max 53960 (2102) steps (0.0006 hrs) -nan:-nan 29727 (46) sec
[779] Ep10000: Max 53960 (3639) steps (0.0010 hrs) -nan:-nan 29773 (46) sec
[780] Ep10000: Max 53960 (2282) steps (0.0006 hrs) -nan:-nan 29821 (48) sec
[781] Ep10000: Max 53960 (1661) steps (0.0005 hrs) -nan:-nan 29850 (29) sec
[782] Ep10000: Max 53960 (2073) steps (0.0006 hrs) -nan:-nan 29903 (53) sec
[783] Ep10000: Max 53960 (2319) steps (0.0006 hrs) -nan:-nan 29961 (58) sec
[784] Ep10000: Max 53960 (2288) steps (0.0006 hrs) -nan:-nan 30042 (81) sec
[785] Ep10000: Max 53960 (2205) steps (0.0006 hrs) -nan:-nan 30105 (63) sec
[786] Ep10000: Max 53960 (2545) steps (0.0007 hrs) -nan:-nan 30187 (82) sec
[787] Ep10000: Max 53960 (1330) steps (0.0004 hrs) -nan:-nan 30218 (31) sec
[788] Ep10000: Max 53960 (2633) steps (0.0007 hrs) -nan:-nan 30279 (61) sec
[789] Ep10000: Max 53960 (990) steps (0.0003 hrs) -nan:-nan 30308 (29) sec
[790] Ep10000: Max 53960 (3016) steps (0.0008 hrs) -nan:-nan 30369 (61) sec
[791] Ep10000: Max 53960 (2442) steps (0.0007 hrs) -nan:-nan 30429 (60) sec
[792] Ep10000: Max 53960 (2200) steps (0.0006 hrs) -nan:-nan 30492 (63) sec
[793] Ep10000: Max 53960 (1840) steps (0.0005 hrs) -nan:-nan 30550 (58) sec
[794] Ep10000: Max 53960 (572) steps (0.0002 hrs) -nan:-nan 30579 (29) sec
[795] Ep10000: Max 53960 (1778) steps (0.0005 hrs) -nan:-nan 30618 (39) sec
[796] Ep10000: Max 53960 (1676) steps (0.0005 hrs) -nan:-nan 30657 (39) sec
[797] Ep10000: Max 53960 (2107) steps (0.0006 hrs) -nan:-nan 30696 (39) sec
[798] Ep10000: Max 53960 (2215) steps (0.0006 hrs) -nan:-nan 30755 (59) sec
[799] Ep10000: Max 53960 (1710) steps (0.0005 hrs) -nan:-nan 30783 (28) sec
[800] Ep10000: Max 53960 (2296) steps (0.0006 hrs) -nan:-nan 30829 (46) sec
[801] Ep10000: Max 53960 (1732) steps (0.0005 hrs) -nan:-nan 30869 (40) sec
[802] Ep10000: Max 53960 (953) steps (0.0003 hrs) -nan:-nan 30897 (28) sec
[803] Ep10000: Max 53960 (1768) steps (0.0005 hrs) -nan:-nan 30939 (42) sec
[804] Ep10000: Max 53960 (1772) steps (0.0005 hrs) -nan:-nan 30998 (59) sec
[805] Ep10000: Max 53960 (1269) steps (0.0004 hrs) -nan:-nan 31028 (30) sec
[806] Ep10000: Max 53960 (2762) steps (0.0008 hrs) -nan:-nan 31089 (61) sec
[807] Ep10000: Max 53960 (272) steps (0.0001 hrs) -nan:-nan 31118 (29) sec
[808] Ep10000: Max 53960 (1695) steps (0.0005 hrs) -nan:-nan 31150 (32) sec
[809] Ep10000: Max 53960 (2259) steps (0.0006 hrs) -nan:-nan 31213 (63) sec
[810] Ep10000: Max 53960 (1472) steps (0.0004 hrs) -nan:-nan 31244 (31) sec
[811] Ep10000: Max 53960 (2530) steps (0.0007 hrs) -nan:-nan 31305 (61) sec
[812] Ep10000: Max 53960 (2320) steps (0.0006 hrs) -nan:-nan 31366 (61) sec
[813] Ep10000: Max 53960 (218) steps (0.0001 hrs) -nan:-nan 31394 (28) sec
[814] Ep10000: Max 53960 (1331) steps (0.0004 hrs) -nan:-nan 31424 (30) sec
[815] Ep10000: Max 53960 (967) steps (0.0003 hrs) -nan:-nan 31452 (28) sec
[816] Ep10000: Max 53960 (2075) steps (0.0006 hrs) -nan:-nan 31508 (56) sec
[817] Ep10000: Max 53960 (414) steps (0.0001 hrs) -nan:-nan 31537 (29) sec
[818] Ep10000: Max 53960 (2011) steps (0.0006 hrs) -nan:-nan 31571 (34) sec
[819] Ep10000: Max 53960 (568) steps (0.0002 hrs) -nan:-nan 31600 (29) sec
[820] Ep10000: Max 53960 (1259) steps (0.0003 hrs) -nan:-nan 31629 (29) sec
[821] Ep10000: Max 53960 (2386) steps (0.0007 hrs) -nan:-nan 31663 (34) sec
[822] Ep10000: Max 53960 (2273) steps (0.0006 hrs) -nan:-nan 31700 (37) sec
[823] Ep10000: Max 53960 (1791) steps (0.0005 hrs) -nan:-nan 31741 (41) sec
[824] Ep10000: Max 53960 (923) steps (0.0003 hrs) -nan:-nan 31772 (31) sec
[825] Ep10000: Max 53960 (2519) steps (0.0007 hrs) -nan:-nan 31830 (58) sec
[826] Ep10000: Max 53960 (2118) steps (0.0006 hrs) -nan:-nan 31889 (59) sec
[827] Ep10000: Max 53960 (2384) steps (0.0007 hrs) -nan:-nan 31952 (63) sec
[828] Ep10000: Max 53960 (958) steps (0.0003 hrs) -nan:-nan 31983 (31) sec
[829] Ep10000: Max 53960 (825) steps (0.0002 hrs) -nan:-nan 32015 (32) sec
[830] Ep10000: Max 53960 (259) steps (0.0001 hrs) -nan:-nan 32043 (28) sec
[831] Ep10000: Max 53960 (2104) steps (0.0006 hrs) -nan:-nan 32073 (30) sec
[832] Ep10000: Max 53960 (2394) steps (0.0007 hrs) -nan:-nan 32137 (64) sec
[833] Ep10000: Max 53960 (716) steps (0.0002 hrs) -nan:-nan 32168 (31) sec
[834] Ep10000: Max 53960 (413) steps (0.0001 hrs) -nan:-nan 32198 (30) sec
[835] Ep10000: Max 53960 (1646) steps (0.0005 hrs) -nan:-nan 32232 (34) sec
[836] Ep10000: Max 53960 (2339) steps (0.0006 hrs) -nan:-nan 32273 (41) sec
[837] Ep10000: Max 53960 (245) steps (0.0001 hrs) -nan:-nan 32306 (33) sec
[838] Ep10000: Max 53960 (1092) steps (0.0003 hrs) -nan:-nan 32338 (32) sec
[839] Ep10000: Max 53960 (2670) steps (0.0007 hrs) -nan:-nan 32401 (63) sec
[840] Ep10000: Max 53960 (2364) steps (0.0007 hrs) -nan:-nan 32452 (51) sec
[841] Ep10000: Max 53960 (3230) steps (0.0009 hrs) -nan:-nan 32514 (62) sec
[842] Ep10000: Max 53960 (419) steps (0.0001 hrs) -nan:-nan 32542 (28) sec
[843] Ep10000: Max 53960 (537) steps (0.0001 hrs) -nan:-nan 32572 (30) sec
[844] Ep10000: Max 53960 (1720) steps (0.0005 hrs) -nan:-nan 32610 (38) sec
[845] Ep10000: Max 53960 (2314) steps (0.0006 hrs) -nan:-nan 32658 (48) sec
[846] Ep10000: Max 53960 (2244) steps (0.0006 hrs) -nan:-nan 32722 (64) sec
[847] Ep10000: Max 53960 (2187) steps (0.0006 hrs) -nan:-nan 32764 (42) sec
[848] Ep10000: Max 53960 (6587) steps (0.0018 hrs) -nan:-nan 32832 (68) sec
[849] Ep10000: Max 53960 (2071) steps (0.0006 hrs) -nan:-nan 32896 (64) sec
[850] Ep10000: Max 53960 (2007) steps (0.0006 hrs) -nan:-nan 32936 (40) sec
[851] Ep10000: Max 53960 (1339) steps (0.0004 hrs) -nan:-nan 32968 (32) sec
[852] Ep10000: Max 53960 (1074) steps (0.0003 hrs) -nan:-nan 32998 (30) sec
[853] Ep10000: Max 53960 (2288) steps (0.0006 hrs) -nan:-nan 33032 (34) sec
[854] Ep10000: Max 53960 (1897) steps (0.0005 hrs) -nan:-nan 33074 (42) sec
[855] Ep10000: Max 53960 (1880) steps (0.0005 hrs) -nan:-nan 33105 (31) sec
[856] Ep10000: Max 53960 (2001) steps (0.0006 hrs) -nan:-nan 33157 (52) sec
[857] Ep10000: Max 53960 (2215) steps (0.0006 hrs) -nan:-nan 33216 (59) sec
[858] Ep10000: Max 53960 (1455) steps (0.0004 hrs) -nan:-nan 33250 (34) sec
[859] Ep10000: Max 53960 (1898) steps (0.0005 hrs) -nan:-nan 33286 (36) sec
[860] Ep10000: Max 53960 (2609) steps (0.0007 hrs) -nan:-nan 33340 (54) sec
[861] Ep10000: Max 53960 (1741) steps (0.0005 hrs) -nan:-nan 33377 (37) sec
[862] Ep10000: Max 53960 (2066) steps (0.0006 hrs) -nan:-nan 33405 (28) sec
[863] Ep10000: Max 53960 (1867) steps (0.0005 hrs) -nan:-nan 33432 (27) sec
[864] Ep10000: Max 53960 (3038) steps (0.0008 hrs) -nan:-nan 33490 (58) sec
[865] Ep10000: Max 53960 (466) steps (0.0001 hrs) -nan:-nan 33517 (27) sec
[866] Ep10000: Max 53960 (2079) steps (0.0006 hrs) -nan:-nan 33572 (55) sec
[867] Ep10000: Max 53960 (2430) steps (0.0007 hrs) -nan:-nan 33628 (56) sec
[868] Ep10000: Max 53960 (2634) steps (0.0007 hrs) -nan:-nan 33683 (55) sec
[869] Ep10000: Max 53960 (1809) steps (0.0005 hrs) -nan:-nan 33717 (34) sec
[870] Ep10000: Max 53960 (2075) steps (0.0006 hrs) -nan:-nan 33774 (57) sec
[871] Ep10000: Max 53960 (1929) steps (0.0005 hrs) -nan:-nan 33828 (54) sec
[872] Ep10000: Max 53960 (299) steps (0.0001 hrs) -nan:-nan 33855 (27) sec
[873] Ep10000: Max 53960 (2121) steps (0.0006 hrs) -nan:-nan 33919 (64) sec
[874] Ep10000: Max 53960 (1810) steps (0.0005 hrs) -nan:-nan 33949 (30) sec
[875] Ep10000: Max 53960 (2130) steps (0.0006 hrs) -nan:-nan 33974 (25) sec
[876] Ep10000: Max 53960 (3063) steps (0.0009 hrs) -nan:-nan 34035 (61) sec
[877] Ep10000: Max 53960 (1875) steps (0.0005 hrs) -nan:-nan 34090 (55) sec
[878] Ep10000: Max 53960 (2281) steps (0.0006 hrs) -nan:-nan 34137 (47) sec
[879] Ep10000: Max 53960 (2699) steps (0.0007 hrs) -nan:-nan 34188 (51) sec
[880] Ep10000: Max 53960 (2465) steps (0.0007 hrs) -nan:-nan 34234 (46) sec
[881] Ep10000: Max 53960 (1862) steps (0.0005 hrs) -nan:-nan 34278 (44) sec
[882] Ep10000: Max 53960 (1395) steps (0.0004 hrs) -nan:-nan 34303 (25) sec
[883] Ep10000: Max 53960 (690) steps (0.0002 hrs) -nan:-nan 34328 (25) sec
[884] Ep10000: Max 53960 (2413) steps (0.0007 hrs) -nan:-nan 34376 (48) sec
[885] Ep10000: Max 53960 (1588) steps (0.0004 hrs) -nan:-nan 34400 (24) sec
[886] Ep10000: Max 53960 (2253) steps (0.0006 hrs) -nan:-nan 34440 (40) sec
[887] Ep10000: Max 53960 (1195) steps (0.0003 hrs) -nan:-nan 34462 (22) sec
[888] Ep10000: Max 53960 (3084) steps (0.0009 hrs) -nan:-nan 34500 (38) sec
[889] Ep10000: Max 53960 (2149) steps (0.0006 hrs) -nan:-nan 34550 (50) sec
[890] Ep10000: Max 53960 (2357) steps (0.0007 hrs) -nan:-nan 34598 (48) sec
[891] Ep10000: Max 53960 (830) steps (0.0002 hrs) -nan:-nan 34622 (24) sec
[892] Ep10000: Max 53960 (1925) steps (0.0005 hrs) -nan:-nan 34668 (46) sec
[893] Ep10000: Max 53960 (2070) steps (0.0006 hrs) -nan:-nan 34742 (74) sec
[894] Ep10000: Max 53960 (1910) steps (0.0005 hrs) -nan:-nan 34780 (38) sec
[895] Ep10000: Max 53960 (2933) steps (0.0008 hrs) -nan:-nan 34826 (46) sec
[896] Ep10000: Max 53960 (2443) steps (0.0007 hrs) -nan:-nan 34870 (44) sec
[897] Ep10000: Max 53960 (1372) steps (0.0004 hrs) -nan:-nan 34894 (24) sec
[898] Ep10000: Max 53960 (2299) steps (0.0006 hrs) -nan:-nan 34937 (43) sec
[899] Ep10000: Max 53960 (2313) steps (0.0006 hrs) -nan:-nan 34983 (46) sec
[900] Ep10000: Max 53960 (1927) steps (0.0005 hrs) -nan:-nan 35014 (31) sec
[901] Ep10000: Max 53960 (755) steps (0.0002 hrs) -nan:-nan 35036 (22) sec
[902] Ep10000: Max 53960 (2100) steps (0.0006 hrs) -nan:-nan 35082 (46) sec
[903] Ep10000: Max 53960 (1981) steps (0.0006 hrs) -nan:-nan 35116 (34) sec
[904] Ep10000: Max 53960 (3492) steps (0.0010 hrs) -nan:-nan 35145 (29) sec
[905] Ep10000: Max 53960 (1698) steps (0.0005 hrs) -nan:-nan 35169 (24) sec
[906] Ep10000: Max 53960 (2114) steps (0.0006 hrs) -nan:-nan 35211 (42) sec
[907] Ep10000: Max 53960 (2049) steps (0.0006 hrs) -nan:-nan 35256 (45) sec
[908] Ep10000: Max 53960 (1700) steps (0.0005 hrs) -nan:-nan 35279 (23) sec
[909] Ep10000: Max 53960 (2324) steps (0.0006 hrs) -nan:-nan 35325 (46) sec
[910] Ep10000: Max 53960 (2029) steps (0.0006 hrs) -nan:-nan 35351 (26) sec
[911] Ep10000: Max 53960 (2181) steps (0.0006 hrs) -nan:-nan 35396 (45) sec
[912] Ep10000: Max 53960 (448) steps (0.0001 hrs) -nan:-nan 35417 (21) sec
[913] Ep10000: Max 53960 (2256) steps (0.0006 hrs) -nan:-nan 35464 (47) sec
[914] Ep10000: Max 53960 (1991) steps (0.0006 hrs) -nan:-nan 35491 (27) sec
[915] Ep10000: Max 53960 (1076) steps (0.0003 hrs) -nan:-nan 35513 (22) sec
[916] Ep10000: Max 53960 (840) steps (0.0002 hrs) -nan:-nan 35535 (22) sec
[917] Ep10000: Max 53960 (2499) steps (0.0007 hrs) -nan:-nan 35575 (40) sec
[918] Ep10000: Max 53960 (2060) steps (0.0006 hrs) -nan:-nan 35621 (46) sec
[919] Ep10000: Max 53960 (764) steps (0.0002 hrs) -nan:-nan 35643 (22) sec
[920] Ep10000: Max 53960 (2736) steps (0.0008 hrs) -nan:-nan 35689 (46) sec
[921] Ep10000: Max 53960 (616) steps (0.0002 hrs) -nan:-nan 35710 (21) sec
[922] Ep10000: Max 53960 (2294) steps (0.0006 hrs) -nan:-nan 35759 (49) sec
[923] Ep10000: Max 53960 (313) steps (0.0001 hrs) -nan:-nan 35781 (22) sec
[924] Ep10000: Max 53960 (1426) steps (0.0004 hrs) -nan:-nan 35804 (23) sec
[925] Ep10000: Max 53960 (2345) steps (0.0007 hrs) -nan:-nan 35849 (45) sec
[926] Ep10000: Max 53960 (670) steps (0.0002 hrs) -nan:-nan 35871 (22) sec
[927] Ep10000: Max 53960 (586) steps (0.0002 hrs) -nan:-nan 35893 (22) sec
[928] Ep10000: Max 53960 (2076) steps (0.0006 hrs) -nan:-nan 35938 (45) sec
[929] Ep10000: Max 53960 (2400) steps (0.0007 hrs) -nan:-nan 35985 (47) sec
[930] Ep10000: Max 53960 (2916) steps (0.0008 hrs) -nan:-nan 36015 (30) sec
[931] Ep10000: Max 53960 (2580) steps (0.0007 hrs) -nan:-nan 36062 (47) sec
[932] Ep10000: Max 53960 (2352) steps (0.0007 hrs) -nan:-nan 36088 (26) sec
[933] Ep10000: Max 53960 (1802) steps (0.0005 hrs) -nan:-nan 36111 (23) sec
[934] Ep10000: Max 53960 (779) steps (0.0002 hrs) -nan:-nan 36133 (22) sec
[935] Ep10000: Max 53960 (1049) steps (0.0003 hrs) -nan:-nan 36154 (21) sec
[936] Ep10000: Max 53960 (2316) steps (0.0006 hrs) -nan:-nan 36198 (44) sec
[937] Ep10000: Max 53960 (733) steps (0.0002 hrs) -nan:-nan 36220 (22) sec
[938] Ep10000: Max 53960 (300) steps (0.0001 hrs) -nan:-nan 36242 (22) sec
[939] Ep10000: Max 53960 (2554) steps (0.0007 hrs) -nan:-nan 36286 (44) sec
[940] Ep10000: Max 53960 (1528) steps (0.0004 hrs) -nan:-nan 36311 (25) sec
[941] Ep10000: Max 53960 (2295) steps (0.0006 hrs) -nan:-nan 36358 (47) sec
[942] Ep10000: Max 53960 (367) steps (0.0001 hrs) -nan:-nan 36379 (21) sec
[943] Ep10000: Max 53960 (2543) steps (0.0007 hrs) -nan:-nan 36419 (40) sec
[944] Ep10000: Max 53960 (1001) steps (0.0003 hrs) -nan:-nan 36440 (21) sec
[945] Ep10000: Max 53960 (3038) steps (0.0008 hrs) -nan:-nan 36485 (45) sec
[946] Ep10000: Max 53960 (1782) steps (0.0005 hrs) -nan:-nan 36520 (35) sec
[947] Ep10000: Max 53960 (331) steps (0.0001 hrs) -nan:-nan 36541 (21) sec
[948] Ep10000: Max 53960 (1857) steps (0.0005 hrs) -nan:-nan 36588 (47) sec
[949] Ep10000: Max 53960 (982) steps (0.0003 hrs) -nan:-nan 36609 (21) sec
[950] Ep10000: Max 53960 (788) steps (0.0002 hrs) -nan:-nan 36631 (22) sec
[951] Ep10000: Max 53960 (826) steps (0.0002 hrs) -nan:-nan 36655 (24) sec
[952] Ep10000: Max 53960 (2649) steps (0.0007 hrs) -nan:-nan 36702 (47) sec
[953] Ep10000: Max 53960 (703) steps (0.0002 hrs) -nan:-nan 36724 (22) sec
[954] Ep10000: Max 53960 (2270) steps (0.0006 hrs) -nan:-nan 36769 (45) sec
[955] Ep10000: Max 53960 (1186) steps (0.0003 hrs) -nan:-nan 36790 (21) sec
[956] Ep10000: Max 53960 (410) steps (0.0001 hrs) -nan:-nan 36812 (22) sec
[957] Ep10000: Max 53960 (2144) steps (0.0006 hrs) -nan:-nan 36858 (46) sec
[958] Ep10000: Max 53960 (2183) steps (0.0006 hrs) -nan:-nan 36884 (26) sec
[959] Ep10000: Max 53960 (396) steps (0.0001 hrs) -nan:-nan 36906 (22) sec
[960] Ep10000: Max 53960 (2512) steps (0.0007 hrs) -nan:-nan 37050 (144) sec
[961] Ep10000: Max 53960 (785) steps (0.0002 hrs) -nan:-nan 37129 (79) sec
[962] Ep10000: Max 53960 (312) steps (0.0001 hrs) -nan:-nan 37258 (129) sec
[963] Ep10000: Max 53960 (1987) steps (0.0006 hrs) -nan:-nan 37444 (186) sec
[964] Ep10000: Max 53960 (1712) steps (0.0005 hrs) -nan:-nan 37645 (201) sec
[965] Ep10000: Max 53960 (404) steps (0.0001 hrs) -nan:-nan 37727 (82) sec
[966] Ep10000: Max 53960 (1852) steps (0.0005 hrs) -nan:-nan 37884 (157) sec
[967] Ep10000: Max 53960 (1464) steps (0.0004 hrs) -nan:-nan 37991 (107) sec
[968] Ep10000: Max 53960 (2600) steps (0.0007 hrs) -nan:-nan 38186 (195) sec
[969] Ep10000: Max 53960 (757) steps (0.0002 hrs) -nan:-nan 38281 (95) sec
[970] Ep10000: Max 53960 (2167) steps (0.0006 hrs) -nan:-nan 38419 (138) sec
[971] Ep10000: Max 53960 (2274) steps (0.0006 hrs) -nan:-nan 38634 (215) sec
[972] Ep10000: Max 53960 (1051) steps (0.0003 hrs) -nan:-nan 38678 (44) sec
[973] Ep10000: Max 53960 (1438) steps (0.0004 hrs) -nan:-nan 38699 (21) sec
[974] Ep10000: Max 53960 (2006) steps (0.0006 hrs) -nan:-nan 38729 (30) sec
[975] Ep10000: Max 53960 (2015) steps (0.0006 hrs) -nan:-nan 38775 (46) sec
[976] Ep10000: Max 53960 (955) steps (0.0003 hrs) -nan:-nan 38797 (22) sec
[977] Ep10000: Max 53960 (1867) steps (0.0005 hrs) -nan:-nan 38843 (46) sec
[978] Ep10000: Max 53960 (205) steps (0.0001 hrs) -nan:-nan 38864 (21) sec
[979] Ep10000: Max 53960 (1835) steps (0.0005 hrs) -nan:-nan 38906 (42) sec
[980] Ep10000: Max 53960 (850) steps (0.0002 hrs) -nan:-nan 38928 (22) sec
[981] Ep10000: Max 53960 (2424) steps (0.0007 hrs) -nan:-nan 38972 (44) sec
[982] Ep10000: Max 53960 (404) steps (0.0001 hrs) -nan:-nan 38994 (22) sec
[983] Ep10000: Max 53960 (467) steps (0.0001 hrs) -nan:-nan 39016 (22) sec
[984] Ep10000: Max 53960 (1972) steps (0.0005 hrs) -nan:-nan 39056 (40) sec
[985] Ep10000: Max 53960 (2939) steps (0.0008 hrs) -nan:-nan 39104 (48) sec
[986] Ep10000: Max 53960 (1219) steps (0.0003 hrs) -nan:-nan 39125 (21) sec
[987] Ep10000: Max 53960 (639) steps (0.0002 hrs) -nan:-nan 39147 (22) sec
[988] Ep10000: Max 53960 (3111) steps (0.0009 hrs) -nan:-nan 39190 (43) sec
[989] Ep10000: Max 53960 (1835) steps (0.0005 hrs) -nan:-nan 39237 (47) sec
[990] Ep10000: Max 53960 (2256) steps (0.0006 hrs) -nan:-nan 39273 (36) sec
[991] Ep10000: Max 53960 (2331) steps (0.0006 hrs) -nan:-nan 39301 (28) sec
[992] Ep10000: Max 53960 (1370) steps (0.0004 hrs) -nan:-nan 39324 (23) sec
[993] Ep10000: Max 53960 (2453) steps (0.0007 hrs) -nan:-nan 39370 (46) sec
[994] Ep10000: Max 53960 (2074) steps (0.0006 hrs) -nan:-nan 39415 (45) sec
[995] Ep10000: Max 53960 (2472) steps (0.0007 hrs) -nan:-nan 39446 (31) sec
[996] Ep10000: Max 53960 (2210) steps (0.0006 hrs) -nan:-nan 39493 (47) sec
[997] Ep10000: Max 53960 (2810) steps (0.0008 hrs) -nan:-nan 39539 (46) sec
[998] Ep10000: Max 53960 (1109) steps (0.0003 hrs) -nan:-nan 39560 (21) sec
[999] Ep10000: Max 53960 (2321) steps (0.0006 hrs) -nan:-nan 39607 (47) sec
[1000] Ep10000: Max 53960 (448) steps (0.0001 hrs) -nan:-nan 39628 (21) sec
Total Elapsed time: 39628 seconds
Wrote current data to latest.train
