balanced 0 test_flag 0
[1] Max 2128 (2128) steps (0.0006 hrs) 0.00:0.00 30 (30) sec
[2] Max 2128 (372) steps (0.0001 hrs) 0.00:0.00 42 (12) sec
[3] Max 2128 (2097) steps (0.0006 hrs) 0.00:0.00 71 (29) sec
[4] Max 2159 (2159) steps (0.0006 hrs) 0.00:0.00 101 (30) sec
[5] Max 2159 (1911) steps (0.0005 hrs) 0.00:0.00 115 (14) sec
[6] Max 2159 (571) steps (0.0002 hrs) 0.00:0.00 127 (12) sec
[7] Max 2607 (2607) steps (0.0007 hrs) 0.00:0.00 158 (31) sec
[8] Max 2607 (685) steps (0.0002 hrs) 0.00:0.00 170 (12) sec
[9] Max 2607 (2101) steps (0.0006 hrs) 0.00:0.00 198 (28) sec
[10] Max 2607 (472) steps (0.0001 hrs) 0.00:0.00 210 (12) sec
[11] Max 2607 (927) steps (0.0003 hrs) 0.00:0.00 225 (15) sec
[12] Max 2607 (525) steps (0.0001 hrs) 0.00:0.00 236 (11) sec
[13] Max 2607 (2111) steps (0.0006 hrs) 0.00:0.00 265 (29) sec
[14] Max 2607 (741) steps (0.0002 hrs) 0.00:0.00 276 (11) sec
[15] Max 2607 (246) steps (0.0001 hrs) 0.00:0.00 287 (11) sec
[16] Max 2607 (1112) steps (0.0003 hrs) 0.00:0.00 299 (12) sec
[17] Max 2607 (319) steps (0.0001 hrs) 0.00:0.00 310 (11) sec
[18] Max 2607 (2279) steps (0.0006 hrs) 0.00:0.00 339 (29) sec
[19] Max 2607 (389) steps (0.0001 hrs) 0.00:0.00 351 (12) sec
[20] Max 2919 (2919) steps (0.0008 hrs) 0.00:0.00 381 (30) sec
[21] Max 2919 (204) steps (0.0001 hrs) 0.00:0.00 393 (12) sec
[22] Max 2919 (1958) steps (0.0005 hrs) 0.00:0.00 417 (24) sec
[23] Max 3463 (3463) steps (0.0010 hrs) 0.00:0.00 445 (28) sec
[24] Max 3463 (2372) steps (0.0007 hrs) 0.00:0.00 479 (34) sec
[25] Max 3463 (228) steps (0.0001 hrs) 0.00:0.00 491 (12) sec
[26] Max 3463 (203) steps (0.0001 hrs) 0.00:0.00 503 (12) sec
[27] Max 3463 (1916) steps (0.0005 hrs) 0.00:0.00 532 (29) sec
[28] Max 3463 (2451) steps (0.0007 hrs) 0.00:0.00 562 (30) sec
[29] Max 3463 (1988) steps (0.0006 hrs) 0.00:0.00 587 (25) sec
[30] Max 3463 (2689) steps (0.0007 hrs) 0.00:0.00 616 (29) sec
[31] Max 3463 (533) steps (0.0001 hrs) 0.00:0.00 628 (12) sec
[32] Max 3463 (1616) steps (0.0004 hrs) 0.00:0.00 641 (13) sec
[33] Max 3463 (2596) steps (0.0007 hrs) 0.00:0.00 670 (29) sec
[34] Max 3463 (1140) steps (0.0003 hrs) 0.00:0.00 682 (12) sec
[35] Max 3463 (255) steps (0.0001 hrs) 0.00:0.00 693 (11) sec
[36] Max 3463 (780) steps (0.0002 hrs) 0.00:0.00 705 (12) sec
[37] Max 3463 (1006) steps (0.0003 hrs) 0.00:0.00 717 (12) sec
[38] Max 3463 (1642) steps (0.0005 hrs) 0.00:0.00 732 (15) sec
[39] Max 3463 (584) steps (0.0002 hrs) 0.00:0.00 743 (11) sec
[40] Max 3463 (467) steps (0.0001 hrs) 0.00:0.00 755 (12) sec
[41] Max 3463 (395) steps (0.0001 hrs) 0.00:0.00 767 (12) sec
[42] Max 3463 (2894) steps (0.0008 hrs) 0.00:0.00 799 (32) sec
[43] Max 3463 (1914) steps (0.0005 hrs) 0.00:0.00 816 (17) sec
[44] Max 3463 (1910) steps (0.0005 hrs) 0.00:0.00 846 (30) sec
[45] Max 3463 (2892) steps (0.0008 hrs) 0.00:0.00 877 (31) sec
[46] Max 7212 (7212) steps (0.0020 hrs) 0.00:0.00 891 (14) sec
[47] Max 7212 (603) steps (0.0002 hrs) 0.00:0.00 902 (11) sec
[48] Max 7212 (502) steps (0.0001 hrs) 0.00:0.00 914 (12) sec
[49] Max 7212 (2552) steps (0.0007 hrs) 0.00:0.00 941 (27) sec
[50] Max 7212 (254) steps (0.0001 hrs) 0.00:0.00 953 (12) sec
[51] Max 7212 (492) steps (0.0001 hrs) 0.00:0.00 965 (12) sec
[52] Max 7212 (1144) steps (0.0003 hrs) 0.00:0.00 976 (11) sec
[53] Max 7212 (2038) steps (0.0006 hrs) 0.00:0.00 1006 (30) sec
[54] Max 7212 (2334) steps (0.0006 hrs) 0.00:0.00 1033 (27) sec
[55] Max 7212 (222) steps (0.0001 hrs) 0.00:0.00 1045 (12) sec
[56] Max 7212 (1689) steps (0.0005 hrs) 0.00:0.00 1058 (13) sec
[57] Max 7212 (956) steps (0.0003 hrs) 0.00:0.00 1069 (11) sec
[58] Max 7212 (2478) steps (0.0007 hrs) 0.00:0.00 1100 (31) sec
[59] Max 7212 (639) steps (0.0002 hrs) 0.00:0.00 1112 (12) sec
[60] Max 7212 (1690) steps (0.0005 hrs) 0.00:0.00 1141 (29) sec
[61] Max 7212 (586) steps (0.0002 hrs) 0.00:0.00 1152 (11) sec
[62] Max 7212 (465) steps (0.0001 hrs) 0.00:0.00 1163 (11) sec
[63] Max 7212 (1385) steps (0.0004 hrs) 0.00:0.00 1176 (13) sec
[64] Max 7212 (257) steps (0.0001 hrs) 0.00:0.00 1188 (12) sec
[65] Max 7212 (2266) steps (0.0006 hrs) 0.00:0.00 1218 (30) sec
[66] Max 7212 (938) steps (0.0003 hrs) 0.00:0.00 1229 (11) sec
[67] Max 7212 (2680) steps (0.0007 hrs) 0.00:0.00 1256 (27) sec
[68] Max 7212 (1064) steps (0.0003 hrs) 0.00:0.00 1267 (11) sec
[69] Max 7212 (1975) steps (0.0005 hrs) 0.00:0.00 1282 (15) sec
[70] Max 7212 (345) steps (0.0001 hrs) 0.00:0.00 1293 (11) sec
[71] Max 7212 (2024) steps (0.0006 hrs) 0.00:0.00 1309 (16) sec
[72] Max 7212 (2022) steps (0.0006 hrs) 0.00:0.00 1328 (19) sec
[73] Max 7212 (1498) steps (0.0004 hrs) 0.00:0.00 1341 (13) sec
[74] Max 7212 (508) steps (0.0001 hrs) 0.00:0.00 1353 (12) sec
[75] Max 7212 (2264) steps (0.0006 hrs) 0.00:0.00 1382 (29) sec
[76] Max 7212 (2328) steps (0.0006 hrs) 0.00:0.00 1412 (30) sec
[77] Max 7212 (245) steps (0.0001 hrs) 0.00:0.00 1423 (11) sec
[78] Max 7212 (1864) steps (0.0005 hrs) 0.00:0.00 1437 (14) sec
[79] Max 7212 (365) steps (0.0001 hrs) 0.00:0.00 1449 (12) sec
[80] Max 7212 (1857) steps (0.0005 hrs) 0.00:0.00 1476 (27) sec
[81] Max 7212 (1851) steps (0.0005 hrs) 0.00:0.00 1492 (16) sec
[82] Max 7212 (1713) steps (0.0005 hrs) 0.00:0.00 1504 (12) sec
[83] Max 7212 (396) steps (0.0001 hrs) 0.00:0.00 1516 (12) sec
[84] Max 7212 (568) steps (0.0002 hrs) 0.00:0.00 1527 (11) sec
[85] Max 7212 (2326) steps (0.0006 hrs) 0.00:0.00 1552 (25) sec
[86] Max 7212 (892) steps (0.0002 hrs) 0.00:0.00 1564 (12) sec
[87] Max 7212 (704) steps (0.0002 hrs) 0.00:0.00 1576 (12) sec
[88] Max 7212 (1923) steps (0.0005 hrs) 0.00:0.00 1591 (15) sec
[89] Max 7212 (1602) steps (0.0004 hrs) 0.00:0.00 1604 (13) sec
[90] Max 7212 (2185) steps (0.0006 hrs) 0.00:0.00 1635 (31) sec
[91] Max 7212 (2013) steps (0.0006 hrs) 0.00:0.00 1665 (30) sec
[92] Max 7212 (675) steps (0.0002 hrs) 0.00:0.00 1677 (12) sec
[93] Max 7212 (229) steps (0.0001 hrs) 0.00:0.00 1689 (12) sec
[94] Max 7212 (250) steps (0.0001 hrs) 0.00:0.00 1700 (11) sec
[95] Max 7212 (2545) steps (0.0007 hrs) 0.00:0.00 1729 (29) sec
[96] Max 7212 (589) steps (0.0002 hrs) 0.00:0.00 1741 (12) sec
[97] Max 7212 (370) steps (0.0001 hrs) 0.00:0.00 1752 (11) sec
[98] Max 7212 (1037) steps (0.0003 hrs) 0.00:0.00 1764 (12) sec
[99] Max 7212 (1943) steps (0.0005 hrs) 0.00:0.00 1793 (29) sec
[100] Max 7212 (540) steps (0.0002 hrs) 0.00:0.00 1805 (12) sec
[101] Max 7212 (1430) steps (0.0004 hrs) 0.00:0.00 1816 (11) sec
[102] Max 7212 (282) steps (0.0001 hrs) 0.00:0.00 1827 (11) sec
[103] Max 7212 (482) steps (0.0001 hrs) 0.00:0.00 1839 (12) sec
[104] Max 7212 (1071) steps (0.0003 hrs) 0.00:0.00 1851 (12) sec
[105] Max 7212 (2292) steps (0.0006 hrs) 0.00:0.00 1881 (30) sec
[106] Max 7212 (640) steps (0.0002 hrs) 0.00:0.00 1893 (12) sec
[107] Max 7212 (2518) steps (0.0007 hrs) 0.00:0.00 1925 (32) sec
[108] Max 7212 (724) steps (0.0002 hrs) 0.00:0.00 1942 (17) sec
[109] Max 7212 (2065) steps (0.0006 hrs) 0.00:0.00 1977 (35) sec
[110] Max 7212 (1480) steps (0.0004 hrs) 0.00:0.00 1992 (15) sec
[111] Max 7212 (2130) steps (0.0006 hrs) 0.00:0.00 2018 (26) sec
[112] Max 7212 (532) steps (0.0001 hrs) 0.00:0.00 2034 (16) sec
[113] Max 7212 (501) steps (0.0001 hrs) 0.00:0.00 2049 (15) sec
[114] Max 7212 (291) steps (0.0001 hrs) 0.00:0.00 2063 (14) sec
[115] Max 7212 (2228) steps (0.0006 hrs) 0.00:0.00 2096 (33) sec
[116] Max 7212 (2402) steps (0.0007 hrs) 0.00:0.00 2130 (34) sec
[117] Max 7212 (302) steps (0.0001 hrs) 0.00:0.00 2146 (16) sec
[118] Max 7212 (591) steps (0.0002 hrs) 0.00:0.00 2161 (15) sec
[119] Max 7212 (2482) steps (0.0007 hrs) 0.00:0.00 2196 (35) sec
[120] Max 7212 (2079) steps (0.0006 hrs) 0.00:0.00 2235 (39) sec
[121] Max 7212 (450) steps (0.0001 hrs) 0.00:0.00 2254 (19) sec
[122] Max 7212 (2527) steps (0.0007 hrs) 0.00:0.00 2292 (38) sec
[123] Max 7212 (2055) steps (0.0006 hrs) 0.00:0.00 2317 (25) sec
[124] Max 7212 (1498) steps (0.0004 hrs) 0.00:0.00 2339 (22) sec
[125] Max 7212 (2012) steps (0.0006 hrs) 0.00:0.00 2356 (17) sec
[126] Max 7212 (1461) steps (0.0004 hrs) 0.00:0.00 2376 (20) sec
[127] Max 7212 (206) steps (0.0001 hrs) 0.00:0.00 2391 (15) sec
[128] Max 7212 (2424) steps (0.0007 hrs) 0.00:0.00 2426 (35) sec
[129] Max 7212 (1243) steps (0.0003 hrs) 0.00:0.00 2442 (16) sec
[130] Max 7212 (486) steps (0.0001 hrs) 0.00:0.00 2459 (17) sec
[131] Max 7212 (915) steps (0.0003 hrs) 0.00:0.00 2473 (14) sec
[132] Max 7212 (2315) steps (0.0006 hrs) 0.00:0.00 2506 (33) sec
[133] Max 7212 (1696) steps (0.0005 hrs) 0.00:0.00 2522 (16) sec
[134] Max 7212 (2315) steps (0.0006 hrs) 0.00:0.00 2557 (35) sec
[135] Max 7212 (1353) steps (0.0004 hrs) 0.00:0.00 2573 (16) sec
[136] Max 7212 (1951) steps (0.0005 hrs) 0.00:0.00 2608 (35) sec
[137] Max 7212 (1910) steps (0.0005 hrs) 0.00:0.00 2625 (17) sec
[138] Max 7212 (934) steps (0.0003 hrs) 0.00:0.00 2640 (15) sec
[139] Max 7212 (566) steps (0.0002 hrs) 0.00:0.00 2656 (16) sec
[140] Max 7212 (900) steps (0.0003 hrs) 0.00:0.00 2671 (15) sec
[141] Max 7212 (2348) steps (0.0007 hrs) 0.00:0.00 2706 (35) sec
[142] Max 7212 (1747) steps (0.0005 hrs) 0.00:0.00 2720 (14) sec
[143] Max 7212 (5611) steps (0.0016 hrs) 0.00:0.00 2743 (23) sec
[144] Max 7212 (2266) steps (0.0006 hrs) 0.00:0.00 2758 (15) sec
[145] Max 7212 (2413) steps (0.0007 hrs) 0.00:0.00 2792 (34) sec
[146] Max 7212 (1529) steps (0.0004 hrs) 0.00:0.00 2806 (14) sec
[147] Max 7212 (2324) steps (0.0006 hrs) 0.00:0.00 2839 (33) sec
[148] Max 7212 (1060) steps (0.0003 hrs) 0.00:0.00 2853 (14) sec
[149] Max 7212 (2144) steps (0.0006 hrs) 0.00:0.00 2886 (33) sec
[150] Max 7212 (1927) steps (0.0005 hrs) 0.00:0.00 2902 (16) sec
[151] Max 7212 (315) steps (0.0001 hrs) 0.00:0.00 2915 (13) sec
[152] Max 7212 (1887) steps (0.0005 hrs) 0.00:0.00 2952 (37) sec
[153] Max 7212 (2056) steps (0.0006 hrs) 0.00:0.00 2977 (25) sec
[154] Max 7212 (2410) steps (0.0007 hrs) 0.00:0.00 3002 (25) sec
[155] Max 7212 (292) steps (0.0001 hrs) 0.00:0.00 3022 (20) sec
[156] Max 7212 (539) steps (0.0001 hrs) 0.00:0.00 3040 (18) sec
[157] Max 7212 (2229) steps (0.0006 hrs) 0.00:0.00 3073 (33) sec
[158] Max 7212 (666) steps (0.0002 hrs) 0.00:0.00 3088 (15) sec
[159] Max 7212 (1979) steps (0.0005 hrs) 0.00:0.00 3122 (34) sec
[160] Max 7212 (1843) steps (0.0005 hrs) 0.00:0.00 3149 (27) sec
[161] Max 7212 (3301) steps (0.0009 hrs) 0.00:0.00 3186 (37) sec
[162] Max 7212 (324) steps (0.0001 hrs) 0.00:0.00 3201 (15) sec
[163] Max 7212 (842) steps (0.0002 hrs) 0.00:0.00 3216 (15) sec
[164] Max 7212 (2058) steps (0.0006 hrs) 0.00:0.00 3244 (28) sec
[165] Max 7212 (831) steps (0.0002 hrs) 0.00:0.00 3260 (16) sec
[166] Max 7212 (930) steps (0.0003 hrs) 0.00:0.00 3275 (15) sec
[167] Max 7212 (559) steps (0.0002 hrs) 0.00:0.00 3291 (16) sec
[168] Max 7212 (2236) steps (0.0006 hrs) 0.00:0.00 3326 (35) sec
[169] Max 7212 (2098) steps (0.0006 hrs) 0.00:0.00 3364 (38) sec
[170] Max 7212 (1985) steps (0.0006 hrs) 0.00:0.00 3401 (37) sec
[171] Max 7212 (2507) steps (0.0007 hrs) 0.00:0.00 3438 (37) sec
[172] Max 7212 (2321) steps (0.0006 hrs) 0.00:0.00 3450 (12) sec
[173] Max 7212 (2069) steps (0.0006 hrs) 0.00:0.00 3479 (29) sec
[174] Max 7212 (2110) steps (0.0006 hrs) 0.00:0.00 3497 (18) sec
[175] Max 7212 (441) steps (0.0001 hrs) 0.00:0.00 3508 (11) sec
[176] Max 7212 (325) steps (0.0001 hrs) 0.00:0.00 3520 (12) sec
[177] Max 7212 (1497) steps (0.0004 hrs) 0.00:0.00 3532 (12) sec
[178] Max 7212 (2207) steps (0.0006 hrs) 0.00:0.00 3555 (23) sec
[179] Max 7212 (2049) steps (0.0006 hrs) 0.00:0.00 3569 (14) sec
[180] Max 7212 (989) steps (0.0003 hrs) 0.00:0.00 3581 (12) sec
[181] Max 7212 (889) steps (0.0002 hrs) 0.00:0.00 3592 (11) sec
[182] Max 7212 (840) steps (0.0002 hrs) 0.00:0.00 3604 (12) sec
[183] Max 7212 (2016) steps (0.0006 hrs) 0.00:0.00 3618 (14) sec
[184] Max 7212 (1161) steps (0.0003 hrs) 0.00:0.00 3630 (12) sec
[185] Max 7212 (688) steps (0.0002 hrs) 0.00:0.00 3642 (12) sec
[186] Max 7212 (1646) steps (0.0005 hrs) 0.00:0.00 3655 (13) sec
[187] Max 7212 (273) steps (0.0001 hrs) 0.00:0.00 3666 (11) sec
[188] Max 7212 (1348) steps (0.0004 hrs) 0.00:0.00 3677 (11) sec
[189] Max 7212 (224) steps (0.0001 hrs) 0.00:0.00 3688 (11) sec
[190] Max 7212 (677) steps (0.0002 hrs) 0.00:0.00 3699 (11) sec
[191] Max 7212 (2426) steps (0.0007 hrs) 0.00:0.00 3728 (29) sec
[192] Max 7212 (573) steps (0.0002 hrs) 0.00:0.00 3740 (12) sec
[193] Max 7212 (2124) steps (0.0006 hrs) 0.00:0.00 3770 (30) sec
[194] Max 7212 (1627) steps (0.0005 hrs) 0.00:0.00 3782 (12) sec
[195] Max 7212 (1893) steps (0.0005 hrs) 0.00:0.00 3812 (30) sec
[196] Max 7212 (1049) steps (0.0003 hrs) 0.00:0.00 3823 (11) sec
[197] Max 7212 (420) steps (0.0001 hrs) 0.00:0.00 3835 (12) sec
[198] Max 7212 (273) steps (0.0001 hrs) 0.00:0.00 3846 (11) sec
[199] Max 7212 (307) steps (0.0001 hrs) 0.00:0.00 3857 (11) sec
[200] Max 7212 (1532) steps (0.0004 hrs) 0.00:0.00 3868 (11) sec
[201] Max 7212 (2039) steps (0.0006 hrs) 0.00:0.00 3881 (13) sec
[202] Max 7212 (487) steps (0.0001 hrs) 0.00:0.00 3892 (11) sec
[203] Max 7212 (2426) steps (0.0007 hrs) 0.00:0.00 3918 (26) sec
[204] Max 7212 (2317) steps (0.0006 hrs) 0.00:0.00 3946 (28) sec
[205] Max 7212 (1887) steps (0.0005 hrs) 0.00:0.00 3977 (31) sec
[206] Max 7212 (2114) steps (0.0006 hrs) 0.00:0.00 4008 (31) sec
[207] Max 7212 (1176) steps (0.0003 hrs) 0.00:0.00 4020 (12) sec
[208] Max 7212 (1554) steps (0.0004 hrs) 0.00:0.00 4032 (12) sec
[209] Max 7212 (3060) steps (0.0009 hrs) 0.00:0.00 4062 (30) sec
[210] Max 7212 (622) steps (0.0002 hrs) 0.00:0.00 4074 (12) sec
[211] Max 7212 (204) steps (0.0001 hrs) 0.00:0.00 4085 (11) sec
[212] Max 7212 (1553) steps (0.0004 hrs) 0.00:0.00 4102 (17) sec
[213] Max 7212 (344) steps (0.0001 hrs) 0.00:0.00 4113 (11) sec
[214] Max 7212 (2054) steps (0.0006 hrs) 0.00:0.00 4142 (29) sec
[215] Max 7212 (2259) steps (0.0006 hrs) 0.00:0.00 4168 (26) sec
[216] Max 7212 (1472) steps (0.0004 hrs) 0.00:0.00 4180 (12) sec
[217] Max 7212 (1835) steps (0.0005 hrs) 0.00:0.00 4203 (23) sec
[218] Max 7212 (1176) steps (0.0003 hrs) 0.00:0.00 4214 (11) sec
[219] Max 7212 (2177) steps (0.0006 hrs) 0.00:0.00 4244 (30) sec
[220] Max 7212 (1367) steps (0.0004 hrs) 0.00:0.00 4259 (15) sec
[221] Max 7212 (861) steps (0.0002 hrs) 0.00:0.00 4271 (12) sec
[222] Max 7212 (2324) steps (0.0006 hrs) 0.00:0.00 4298 (27) sec
[223] Max 7212 (3196) steps (0.0009 hrs) 0.00:0.00 4328 (30) sec
[224] Max 7212 (1885) steps (0.0005 hrs) 0.00:0.00 4350 (22) sec
[225] Max 7212 (2181) steps (0.0006 hrs) 0.00:0.00 4378 (28) sec
[226] Max 7212 (2515) steps (0.0007 hrs) 0.00:0.00 4399 (21) sec
[227] Max 7212 (642) steps (0.0002 hrs) 0.00:0.00 4411 (12) sec
[228] Max 7212 (2500) steps (0.0007 hrs) 0.00:0.00 4442 (31) sec
[229] Max 7212 (367) steps (0.0001 hrs) 0.00:0.00 4454 (12) sec
[230] Max 7212 (733) steps (0.0002 hrs) 0.00:0.00 4465 (11) sec
[231] Max 7212 (669) steps (0.0002 hrs) 0.00:0.00 4477 (12) sec
[232] Max 7212 (2105) steps (0.0006 hrs) 0.00:0.00 4505 (28) sec
[233] Max 7212 (437) steps (0.0001 hrs) 0.00:0.00 4517 (12) sec
[234] Max 7212 (460) steps (0.0001 hrs) 0.00:0.00 4528 (11) sec
[235] Max 7212 (2363) steps (0.0007 hrs) 0.00:0.00 4549 (21) sec
[236] Max 7212 (1674) steps (0.0005 hrs) 0.00:0.00 4564 (15) sec
[237] Max 7212 (1800) steps (0.0005 hrs) 0.00:0.00 4577 (13) sec
[238] Max 7212 (1179) steps (0.0003 hrs) 0.00:0.00 4589 (12) sec
[239] Max 7212 (2296) steps (0.0006 hrs) 0.00:0.00 4617 (28) sec
[240] Max 7212 (1301) steps (0.0004 hrs) 0.00:0.00 4629 (12) sec
[241] Max 7212 (2296) steps (0.0006 hrs) 0.00:0.00 4658 (29) sec
[242] Max 7212 (909) steps (0.0003 hrs) 0.00:0.00 4670 (12) sec
[243] Max 7212 (1733) steps (0.0005 hrs) 0.00:0.00 4682 (12) sec
[244] Max 7212 (1267) steps (0.0004 hrs) 0.00:0.00 4693 (11) sec
[245] Max 7212 (1825) steps (0.0005 hrs) 0.00:0.00 4716 (23) sec
[246] Max 7212 (1244) steps (0.0003 hrs) 0.00:0.00 4729 (13) sec
[247] Max 7212 (2612) steps (0.0007 hrs) 0.00:0.00 4758 (29) sec
[248] Max 7212 (2381) steps (0.0007 hrs) 0.00:0.00 4787 (29) sec
[249] Max 7212 (2047) steps (0.0006 hrs) 0.00:0.00 4798 (11) sec
[250] Max 7212 (821) steps (0.0002 hrs) 0.00:0.00 4810 (12) sec
[251] Max 7212 (675) steps (0.0002 hrs) 0.00:0.00 4821 (11) sec
[252] Max 7212 (1242) steps (0.0003 hrs) 0.00:0.00 4833 (12) sec
[253] Max 7212 (1185) steps (0.0003 hrs) 0.00:0.00 4844 (11) sec
[254] Max 7212 (974) steps (0.0003 hrs) 0.00:0.00 4856 (12) sec
[255] Max 7212 (533) steps (0.0001 hrs) 0.00:0.00 4867 (11) sec
[256] Max 7212 (275) steps (0.0001 hrs) 0.00:0.00 4878 (11) sec
[257] Max 7212 (2134) steps (0.0006 hrs) 0.00:0.00 4906 (28) sec
[258] Max 7212 (427) steps (0.0001 hrs) 0.00:0.00 4918 (12) sec
[259] Max 7212 (2497) steps (0.0007 hrs) 0.00:0.00 4949 (31) sec
[260] Max 7212 (799) steps (0.0002 hrs) 0.00:0.00 4960 (11) sec
[261] Max 7212 (2031) steps (0.0006 hrs) 0.00:0.00 4975 (15) sec
[262] Max 7212 (785) steps (0.0002 hrs) 0.00:0.00 4986 (11) sec
[263] Max 7212 (1986) steps (0.0006 hrs) 0.00:0.00 5005 (19) sec
[264] Max 7212 (1218) steps (0.0003 hrs) 0.00:0.00 5016 (11) sec
[265] Max 7212 (2293) steps (0.0006 hrs) 0.00:0.00 5046 (30) sec
[266] Max 7212 (1956) steps (0.0005 hrs) 0.00:0.00 5061 (15) sec
[267] Max 7212 (2037) steps (0.0006 hrs) 0.00:0.00 5084 (23) sec
[268] Max 7212 (541) steps (0.0002 hrs) 0.00:0.00 5095 (11) sec
[269] Max 7212 (940) steps (0.0003 hrs) 0.00:0.00 5107 (12) sec
[270] Max 7212 (2787) steps (0.0008 hrs) 0.00:0.00 5137 (30) sec
[271] Max 7212 (1020) steps (0.0003 hrs) 0.00:0.00 5149 (12) sec
[272] Max 7212 (2127) steps (0.0006 hrs) 0.00:0.00 5163 (14) sec
[273] Max 7212 (1029) steps (0.0003 hrs) 0.00:0.00 5175 (12) sec
[274] Max 7212 (1916) steps (0.0005 hrs) 0.00:0.00 5187 (12) sec
[275] Max 7212 (1900) steps (0.0005 hrs) 0.00:0.00 5199 (12) sec
[276] Max 7212 (1120) steps (0.0003 hrs) 0.00:0.00 5211 (12) sec
[277] Max 7212 (1603) steps (0.0004 hrs) 0.00:0.00 5223 (12) sec
[278] Max 7212 (2621) steps (0.0007 hrs) 0.00:0.00 5250 (27) sec
[279] Max 7212 (2375) steps (0.0007 hrs) 0.00:0.00 5280 (30) sec
[280] Max 7212 (1500) steps (0.0004 hrs) 0.00:0.00 5294 (14) sec
[281] Max 7212 (1816) steps (0.0005 hrs) 0.00:0.00 5308 (14) sec
[282] Max 7212 (1228) steps (0.0003 hrs) 0.00:0.00 5320 (12) sec
[283] Max 7212 (397) steps (0.0001 hrs) 0.00:0.00 5331 (11) sec
[284] Max 7212 (2086) steps (0.0006 hrs) 0.00:0.00 5361 (30) sec
[285] Max 7212 (1011) steps (0.0003 hrs) 0.00:0.00 5373 (12) sec
[286] Max 7212 (237) steps (0.0001 hrs) 0.00:0.00 5384 (11) sec
[287] Max 7212 (1479) steps (0.0004 hrs) 0.00:0.00 5398 (14) sec
[288] Max 7212 (2791) steps (0.0008 hrs) 0.00:0.00 5413 (15) sec
[289] Max 7212 (219) steps (0.0001 hrs) 0.00:0.00 5424 (11) sec
[290] Max 7212 (317) steps (0.0001 hrs) 0.00:0.00 5436 (12) sec
[291] Max 7212 (325) steps (0.0001 hrs) 0.00:0.00 5447 (11) sec
[292] Max 7212 (2018) steps (0.0006 hrs) 0.00:0.00 5463 (16) sec
[293] Max 7212 (2681) steps (0.0007 hrs) 0.00:0.00 5494 (31) sec
[294] Max 7212 (2200) steps (0.0006 hrs) 0.00:0.00 5506 (12) sec
[295] Max 7212 (1095) steps (0.0003 hrs) 0.00:0.00 5517 (11) sec
[296] Max 7212 (420) steps (0.0001 hrs) 0.00:0.00 5528 (11) sec
[297] Max 7212 (2151) steps (0.0006 hrs) 0.00:0.00 5558 (30) sec
[298] Max 7212 (1869) steps (0.0005 hrs) 0.00:0.00 5587 (29) sec
[299] Max 7212 (2003) steps (0.0006 hrs) 0.00:0.00 5616 (29) sec
[300] Max 7212 (1267) steps (0.0004 hrs) 0.00:0.00 5628 (12) sec
[301] Max 7212 (2263) steps (0.0006 hrs) 0.00:0.00 5658 (30) sec
[302] Max 7212 (2301) steps (0.0006 hrs) 0.00:0.00 5675 (17) sec
[303] Max 7212 (855) steps (0.0002 hrs) 0.00:0.00 5687 (12) sec
[304] Max 7212 (550) steps (0.0002 hrs) 0.00:0.00 5698 (11) sec
[305] Max 7212 (890) steps (0.0002 hrs) 0.00:0.00 5709 (11) sec
[306] Max 7212 (2732) steps (0.0008 hrs) 0.00:0.00 5739 (30) sec
[307] Max 7212 (2536) steps (0.0007 hrs) 0.00:0.00 5769 (30) sec
[308] Max 7212 (2040) steps (0.0006 hrs) 0.00:0.00 5784 (15) sec
[309] Max 7212 (871) steps (0.0002 hrs) 0.00:0.00 5795 (11) sec
[310] Max 7212 (2146) steps (0.0006 hrs) 0.00:0.00 5818 (23) sec
[311] Max 7212 (2054) steps (0.0006 hrs) 0.00:0.00 5843 (25) sec
[312] Max 7212 (1466) steps (0.0004 hrs) 0.00:0.00 5855 (12) sec
[313] Max 7212 (1131) steps (0.0003 hrs) 0.00:0.00 5867 (12) sec
[314] Max 7212 (1853) steps (0.0005 hrs) 0.00:0.00 5895 (28) sec
[315] Max 7212 (2103) steps (0.0006 hrs) 0.00:0.00 5925 (30) sec
[316] Max 7212 (1999) steps (0.0006 hrs) 0.00:0.00 5948 (23) sec
[317] Max 7212 (1687) steps (0.0005 hrs) 0.00:0.00 5977 (29) sec
[318] Max 7212 (2247) steps (0.0006 hrs) 0.00:0.00 6003 (26) sec
[319] Max 7212 (2071) steps (0.0006 hrs) 0.00:0.00 6023 (20) sec
[320] Max 7212 (1540) steps (0.0004 hrs) 0.00:0.00 6036 (13) sec
[321] Max 7212 (941) steps (0.0003 hrs) 0.00:0.00 6047 (11) sec
[322] Max 7212 (2169) steps (0.0006 hrs) 0.00:0.00 6059 (12) sec
[323] Max 7212 (1619) steps (0.0004 hrs) 0.00:0.00 6071 (12) sec
[324] Max 7212 (446) steps (0.0001 hrs) 0.00:0.00 6082 (11) sec
[325] Max 7212 (2566) steps (0.0007 hrs) 0.00:0.00 6109 (27) sec
[326] Max 7212 (2214) steps (0.0006 hrs) 0.00:0.00 6137 (28) sec
[327] Max 7212 (2196) steps (0.0006 hrs) 0.00:0.00 6150 (13) sec
[328] Max 7212 (2353) steps (0.0007 hrs) 0.00:0.00 6179 (29) sec
[329] Max 7212 (1481) steps (0.0004 hrs) 0.00:0.00 6192 (13) sec
[330] Max 7212 (217) steps (0.0001 hrs) 0.00:0.00 6203 (11) sec
[331] Max 7212 (2157) steps (0.0006 hrs) 0.00:0.00 6232 (29) sec
[332] Max 7212 (1018) steps (0.0003 hrs) 0.00:0.00 6243 (11) sec
[333] Max 7212 (1570) steps (0.0004 hrs) 0.00:0.00 6255 (12) sec
[334] Max 7212 (2012) steps (0.0006 hrs) 0.00:0.00 6283 (28) sec
[335] Max 7212 (3231) steps (0.0009 hrs) 0.00:0.00 6295 (12) sec
[336] Max 7212 (1316) steps (0.0004 hrs) 0.00:0.00 6308 (13) sec
[337] Max 7212 (597) steps (0.0002 hrs) 0.00:0.00 6319 (11) sec
[338] Max 7212 (1554) steps (0.0004 hrs) 0.00:0.00 6331 (12) sec
[339] Max 7212 (2786) steps (0.0008 hrs) 0.00:0.00 6360 (29) sec
[340] Max 7212 (1781) steps (0.0005 hrs) 0.00:0.00 6382 (22) sec
[341] Max 7212 (2598) steps (0.0007 hrs) 0.00:0.00 6409 (27) sec
[342] Max 7212 (648) steps (0.0002 hrs) 0.00:0.00 6420 (11) sec
[343] Max 7212 (2048) steps (0.0006 hrs) 0.00:0.00 6449 (29) sec
[344] Max 7212 (1475) steps (0.0004 hrs) 0.00:0.00 6461 (12) sec
[345] Max 7212 (1161) steps (0.0003 hrs) 0.00:0.00 6472 (11) sec
[346] Max 7212 (1837) steps (0.0005 hrs) 0.00:0.00 6487 (15) sec
[347] Max 7212 (531) steps (0.0001 hrs) 0.00:0.00 6499 (12) sec
[348] Max 7212 (695) steps (0.0002 hrs) 0.00:0.00 6510 (11) sec
[349] Max 7212 (2398) steps (0.0007 hrs) 0.00:0.00 6538 (28) sec
[350] Max 7212 (247) steps (0.0001 hrs) 0.00:0.00 6549 (11) sec
[351] Max 7212 (2421) steps (0.0007 hrs) 0.00:0.00 6577 (28) sec
[352] Max 7212 (2188) steps (0.0006 hrs) 0.00:0.00 6603 (26) sec
[353] Max 7212 (1015) steps (0.0003 hrs) 0.00:0.00 6615 (12) sec
[354] Max 7212 (1991) steps (0.0006 hrs) 0.00:0.00 6628 (13) sec
[355] Max 7212 (596) steps (0.0002 hrs) 0.00:0.00 6639 (11) sec
[356] Max 7212 (681) steps (0.0002 hrs) 0.00:0.00 6650 (11) sec
[357] Max 7212 (2042) steps (0.0006 hrs) 0.00:0.00 6679 (29) sec
[358] Max 7212 (1852) steps (0.0005 hrs) 0.00:0.00 6707 (28) sec
[359] Max 7212 (3030) steps (0.0008 hrs) 0.00:0.00 6736 (29) sec
[360] Max 7212 (311) steps (0.0001 hrs) 0.00:0.00 6747 (11) sec
[361] Max 7212 (865) steps (0.0002 hrs) 0.00:0.00 6758 (11) sec
[362] Max 7212 (2201) steps (0.0006 hrs) 0.00:0.00 6787 (29) sec
[363] Max 7212 (2112) steps (0.0006 hrs) 0.00:0.00 6811 (24) sec
[364] Max 7212 (2084) steps (0.0006 hrs) 0.00:0.00 6837 (26) sec
[365] Max 7212 (2009) steps (0.0006 hrs) 0.00:0.00 6866 (29) sec
[366] Max 7212 (2550) steps (0.0007 hrs) 0.00:0.00 6894 (28) sec
[367] Max 7212 (588) steps (0.0002 hrs) 0.00:0.00 6905 (11) sec
[368] Max 7212 (353) steps (0.0001 hrs) 0.00:0.00 6917 (12) sec
[369] Max 7212 (2139) steps (0.0006 hrs) 0.00:0.00 6946 (29) sec
[370] Max 7212 (760) steps (0.0002 hrs) 0.00:0.00 6957 (11) sec
[371] Max 7212 (2593) steps (0.0007 hrs) 0.00:0.00 6986 (29) sec
[372] Max 7212 (1595) steps (0.0004 hrs) 0.00:0.00 6999 (13) sec
[373] Max 7212 (1848) steps (0.0005 hrs) 0.00:0.00 7018 (19) sec
[374] Max 7212 (989) steps (0.0003 hrs) 0.00:0.00 7030 (12) sec
[375] Max 7212 (1711) steps (0.0005 hrs) 0.00:0.00 7042 (12) sec
[376] Max 7212 (1994) steps (0.0006 hrs) 0.00:0.00 7057 (15) sec
[377] Max 7212 (2002) steps (0.0006 hrs) 0.00:0.00 7070 (13) sec
[378] Max 7212 (345) steps (0.0001 hrs) 0.00:0.00 7081 (11) sec
[379] Max 7212 (2080) steps (0.0006 hrs) 0.00:0.00 7110 (29) sec
[380] Max 7212 (2523) steps (0.0007 hrs) 0.00:0.00 7139 (29) sec
[381] Max 7212 (279) steps (0.0001 hrs) 0.00:0.00 7150 (11) sec
[382] Max 7212 (2497) steps (0.0007 hrs) 0.00:0.00 7172 (22) sec
[383] Max 7212 (2309) steps (0.0006 hrs) 0.00:0.00 7201 (29) sec
[384] Max 7212 (2164) steps (0.0006 hrs) 0.00:0.00 7230 (29) sec
[385] Max 7212 (1295) steps (0.0004 hrs) 0.00:0.00 7243 (13) sec
[386] Max 7212 (812) steps (0.0002 hrs) 0.00:0.00 7255 (12) sec
[387] Max 7212 (2157) steps (0.0006 hrs) 0.00:0.00 7270 (15) sec
[388] Max 7212 (1928) steps (0.0005 hrs) 0.00:0.00 7281 (11) sec
[389] Max 7212 (1568) steps (0.0004 hrs) 0.00:0.00 7295 (14) sec
[390] Max 7212 (319) steps (0.0001 hrs) 0.00:0.00 7306 (11) sec
[391] Max 7212 (2150) steps (0.0006 hrs) 0.00:0.00 7335 (29) sec
[392] Max 7212 (985) steps (0.0003 hrs) 0.00:0.00 7346 (11) sec
[393] Max 7212 (2221) steps (0.0006 hrs) 0.00:0.00 7359 (13) sec
[394] Max 7212 (1699) steps (0.0005 hrs) 0.00:0.00 7371 (12) sec
[395] Max 7212 (2153) steps (0.0006 hrs) 0.00:0.00 7400 (29) sec
[396] Max 7212 (2176) steps (0.0006 hrs) 0.00:0.00 7429 (29) sec
[397] Max 7212 (649) steps (0.0002 hrs) 0.00:0.00 7440 (11) sec
[398] Max 7212 (2507) steps (0.0007 hrs) 0.00:0.00 7469 (29) sec
[399] Max 7212 (260) steps (0.0001 hrs) 0.00:0.00 7480 (11) sec
[400] Max 7212 (645) steps (0.0002 hrs) 0.00:0.00 7491 (11) sec
[401] Max 7212 (2248) steps (0.0006 hrs) 0.00:0.00 7511 (20) sec
[402] Max 7212 (1474) steps (0.0004 hrs) 0.00:0.00 7522 (11) sec
[403] Max 7212 (2058) steps (0.0006 hrs) 0.00:0.00 7551 (29) sec
[404] Max 7212 (1627) steps (0.0005 hrs) 0.00:0.00 7563 (12) sec
[405] Max 7212 (228) steps (0.0001 hrs) 0.00:0.00 7575 (12) sec
[406] Max 7212 (1671) steps (0.0005 hrs) 0.00:0.00 7587 (12) sec
[407] Max 7212 (1326) steps (0.0004 hrs) 0.00:0.00 7598 (11) sec
[408] Max 7212 (236) steps (0.0001 hrs) 0.00:0.00 7609 (11) sec
[409] Max 7212 (2788) steps (0.0008 hrs) 0.00:0.00 7638 (29) sec
[410] Max 7212 (2211) steps (0.0006 hrs) 0.00:0.00 7667 (29) sec
[411] Max 7212 (258) steps (0.0001 hrs) 0.00:0.00 7678 (11) sec
[412] Max 7212 (206) steps (0.0001 hrs) 0.00:0.00 7689 (11) sec
[413] Max 7212 (294) steps (0.0001 hrs) 0.00:0.00 7700 (11) sec
[414] Max 7212 (1150) steps (0.0003 hrs) 0.00:0.00 7711 (11) sec
[415] Max 7212 (2190) steps (0.0006 hrs) 0.00:0.00 7740 (29) sec
[416] Max 7212 (2230) steps (0.0006 hrs) 0.00:0.00 7756 (16) sec
[417] Max 7212 (2241) steps (0.0006 hrs) 0.00:0.00 7785 (29) sec
[418] Max 7212 (482) steps (0.0001 hrs) 0.00:0.00 7796 (11) sec
[419] Max 7212 (2004) steps (0.0006 hrs) 0.00:0.00 7823 (27) sec
[420] Max 7212 (2707) steps (0.0008 hrs) 0.00:0.00 7852 (29) sec
[421] Max 7212 (538) steps (0.0001 hrs) 0.00:0.00 7863 (11) sec
[422] Max 7212 (2193) steps (0.0006 hrs) 0.00:0.00 7880 (17) sec
[423] Max 7212 (355) steps (0.0001 hrs) 0.00:0.00 7891 (11) sec
[424] Max 7212 (1964) steps (0.0005 hrs) 0.00:0.00 7903 (12) sec
[425] Max 7212 (2899) steps (0.0008 hrs) 0.00:0.00 7931 (28) sec
[426] Max 7212 (2276) steps (0.0006 hrs) 0.00:0.00 7960 (29) sec
[427] Max 7212 (1208) steps (0.0003 hrs) 0.00:0.00 7971 (11) sec
[428] Max 7212 (2537) steps (0.0007 hrs) 0.00:0.00 8000 (29) sec
[429] Max 7212 (2920) steps (0.0008 hrs) 0.00:0.00 8028 (28) sec
[430] Max 7212 (1669) steps (0.0005 hrs) 0.00:0.00 8041 (13) sec
[431] Max 7212 (1474) steps (0.0004 hrs) 0.00:0.00 8052 (11) sec
[432] Max 7212 (2051) steps (0.0006 hrs) 0.00:0.00 8065 (13) sec
[433] Max 7212 (2411) steps (0.0007 hrs) 0.00:0.00 8089 (24) sec
[434] Max 7212 (322) steps (0.0001 hrs) 0.00:0.00 8100 (11) sec
[435] Max 7212 (2502) steps (0.0007 hrs) 0.00:0.00 8127 (27) sec
[436] Max 7212 (1854) steps (0.0005 hrs) 0.00:0.00 8155 (28) sec
[437] Max 7212 (307) steps (0.0001 hrs) 0.00:0.00 8166 (11) sec
[438] Max 7212 (2169) steps (0.0006 hrs) 0.00:0.00 8189 (23) sec
[439] Max 7212 (2371) steps (0.0007 hrs) 0.00:0.00 8217 (28) sec
[440] Max 7212 (2124) steps (0.0006 hrs) 0.00:0.00 8236 (19) sec
[441] Max 7212 (1206) steps (0.0003 hrs) 0.00:0.00 8248 (12) sec
[442] Max 7212 (2347) steps (0.0007 hrs) 0.00:0.00 8277 (29) sec
[443] Max 7212 (582) steps (0.0002 hrs) 0.00:0.00 8288 (11) sec
[444] Max 7212 (2270) steps (0.0006 hrs) 0.00:0.00 8316 (28) sec
[445] Max 7212 (838) steps (0.0002 hrs) 0.00:0.00 8328 (12) sec
[446] Max 7212 (2428) steps (0.0007 hrs) 0.00:0.00 8349 (21) sec
[447] Max 7212 (2648) steps (0.0007 hrs) 0.00:0.00 8375 (26) sec
[448] Max 7212 (2246) steps (0.0006 hrs) 0.00:0.00 8399 (24) sec
[449] Max 7212 (1515) steps (0.0004 hrs) 0.00:0.00 8416 (17) sec
[450] Max 7212 (3258) steps (0.0009 hrs) 0.00:0.00 8445 (29) sec
[451] Max 7212 (290) steps (0.0001 hrs) 0.00:0.00 8456 (11) sec
[452] Max 7212 (1098) steps (0.0003 hrs) 0.00:0.00 8467 (11) sec
[453] Max 7212 (1870) steps (0.0005 hrs) 0.00:0.00 8493 (26) sec
[454] Max 7212 (267) steps (0.0001 hrs) 0.00:0.00 8504 (11) sec
[455] Max 7212 (895) steps (0.0002 hrs) 0.00:0.00 8515 (11) sec
[456] Max 7212 (2944) steps (0.0008 hrs) 0.00:0.00 8543 (28) sec
[457] Max 7212 (1117) steps (0.0003 hrs) 0.00:0.00 8555 (12) sec
[458] Max 7212 (1016) steps (0.0003 hrs) 0.00:0.00 8566 (11) sec
[459] Max 7212 (2099) steps (0.0006 hrs) 0.00:0.00 8577 (11) sec
[460] Max 7212 (302) steps (0.0001 hrs) 0.00:0.00 8588 (11) sec
[461] Max 7212 (2100) steps (0.0006 hrs) 0.00:0.00 8616 (28) sec
[462] Max 7212 (831) steps (0.0002 hrs) 0.00:0.00 8627 (11) sec
[463] Max 7212 (2131) steps (0.0006 hrs) 0.00:0.00 8655 (28) sec
[464] Max 7212 (486) steps (0.0001 hrs) 0.00:0.00 8666 (11) sec
[465] Max 7212 (2350) steps (0.0007 hrs) 0.00:0.00 8695 (29) sec
[466] Max 7212 (3712) steps (0.0010 hrs) 0.00:0.00 8707 (12) sec
[467] Max 7212 (2461) steps (0.0007 hrs) 0.00:0.00 8735 (28) sec
[468] Max 7212 (549) steps (0.0002 hrs) 0.00:0.00 8746 (11) sec
[469] Max 7212 (356) steps (0.0001 hrs) 0.00:0.00 8757 (11) sec
[470] Max 7212 (613) steps (0.0002 hrs) 0.00:0.00 8768 (11) sec
[471] Max 7212 (2110) steps (0.0006 hrs) 0.00:0.00 8786 (18) sec
[472] Max 7212 (2165) steps (0.0006 hrs) 0.00:0.00 8805 (19) sec
[473] Max 7212 (700) steps (0.0002 hrs) 0.00:0.00 8816 (11) sec
[474] Max 7212 (2394) steps (0.0007 hrs) 0.00:0.00 8845 (29) sec
[475] Max 7212 (1379) steps (0.0004 hrs) 0.00:0.00 8856 (11) sec
[476] Max 7212 (2355) steps (0.0007 hrs) 0.00:0.00 8885 (29) sec
[477] Max 7212 (2312) steps (0.0006 hrs) 0.00:0.00 8914 (29) sec
[478] Max 7212 (1487) steps (0.0004 hrs) 0.00:0.00 8926 (12) sec
[479] Max 7212 (1491) steps (0.0004 hrs) 0.00:0.00 8939 (13) sec
[480] Max 7212 (445) steps (0.0001 hrs) 0.00:0.00 8950 (11) sec
[481] Max 7212 (1218) steps (0.0003 hrs) 0.00:0.00 8961 (11) sec
[482] Max 7212 (320) steps (0.0001 hrs) 0.00:0.00 8972 (11) sec
[483] Max 7212 (202) steps (0.0001 hrs) 0.00:0.00 8983 (11) sec
[484] Max 7212 (2264) steps (0.0006 hrs) 0.00:0.00 9011 (28) sec
[485] Max 7212 (2218) steps (0.0006 hrs) 0.00:0.00 9039 (28) sec
[486] Max 7212 (678) steps (0.0002 hrs) 0.00:0.00 9050 (11) sec
[487] Max 7212 (647) steps (0.0002 hrs) 0.00:0.00 9062 (12) sec
[488] Max 7212 (975) steps (0.0003 hrs) 0.00:0.00 9073 (11) sec
[489] Max 7212 (1066) steps (0.0003 hrs) 0.00:0.00 9084 (11) sec
[490] Max 7212 (263) steps (0.0001 hrs) 0.00:0.00 9096 (12) sec
[491] Max 7212 (414) steps (0.0001 hrs) 0.00:0.00 9107 (11) sec
[492] Max 7212 (1878) steps (0.0005 hrs) 0.00:0.00 9134 (27) sec
[493] Max 7212 (1164) steps (0.0003 hrs) 0.00:0.00 9145 (11) sec
[494] Max 7212 (1077) steps (0.0003 hrs) 0.00:0.00 9157 (12) sec
[495] Max 7212 (297) steps (0.0001 hrs) 0.00:0.00 9168 (11) sec
[496] Max 7212 (2452) steps (0.0007 hrs) 0.00:0.00 9196 (28) sec
[497] Max 7212 (227) steps (0.0001 hrs) 0.00:0.00 9207 (11) sec
[498] Max 7212 (2069) steps (0.0006 hrs) 0.00:0.00 9236 (29) sec
[499] Max 7212 (1440) steps (0.0004 hrs) 0.00:0.00 9251 (15) sec
[500] Max 7212 (2004) steps (0.0006 hrs) 0.00:0.00 9278 (27) sec
[501] Max 7212 (214) steps (0.0001 hrs) 0.00:0.00 9290 (12) sec
[502] Max 7212 (1497) steps (0.0004 hrs) 0.00:0.00 9301 (11) sec
[503] Max 7212 (2987) steps (0.0008 hrs) 0.00:0.00 9330 (29) sec
[504] Max 7212 (1277) steps (0.0004 hrs) 0.00:0.00 9341 (11) sec
[505] Max 7212 (2201) steps (0.0006 hrs) 0.00:0.00 9353 (12) sec
[506] Max 7212 (2740) steps (0.0008 hrs) 0.00:0.00 9372 (19) sec
[507] Max 7212 (767) steps (0.0002 hrs) 0.00:0.00 9383 (11) sec
[508] Max 7212 (1989) steps (0.0006 hrs) 0.00:0.00 9411 (28) sec
[509] Max 7212 (2613) steps (0.0007 hrs) 0.00:0.00 9440 (29) sec
[510] Max 7212 (2121) steps (0.0006 hrs) 0.00:0.00 9468 (28) sec
[511] Max 7212 (2457) steps (0.0007 hrs) 0.00:0.00 9498 (30) sec
[512] Max 7212 (2007) steps (0.0006 hrs) 0.00:0.00 9526 (28) sec
[513] Max 7212 (1409) steps (0.0004 hrs) 0.00:0.00 9538 (12) sec
[514] Max 7212 (919) steps (0.0003 hrs) 0.00:0.00 9548 (10) sec
[515] Max 7212 (2517) steps (0.0007 hrs) 0.00:0.00 9577 (29) sec
[516] Max 7212 (1417) steps (0.0004 hrs) 0.00:0.00 9588 (11) sec
[517] Max 7212 (422) steps (0.0001 hrs) 0.00:0.00 9599 (11) sec
[518] Max 7212 (2096) steps (0.0006 hrs) 0.00:0.00 9628 (29) sec
[519] Max 7212 (705) steps (0.0002 hrs) 0.00:0.00 9640 (12) sec
[520] Max 7212 (2507) steps (0.0007 hrs) 0.00:0.00 9669 (29) sec
[521] Max 7212 (214) steps (0.0001 hrs) 0.00:0.00 9680 (11) sec
[522] Max 7212 (1788) steps (0.0005 hrs) 0.00:0.00 9706 (26) sec
[523] Max 7212 (672) steps (0.0002 hrs) 0.00:0.00 9717 (11) sec
[524] Max 7212 (1122) steps (0.0003 hrs) 0.00:0.00 9729 (12) sec
[525] Max 7212 (1931) steps (0.0005 hrs) 0.00:0.00 9757 (28) sec
[526] Max 7212 (560) steps (0.0002 hrs) 0.00:0.00 9768 (11) sec
[527] Max 7212 (2449) steps (0.0007 hrs) 0.00:0.00 9797 (29) sec
[528] Max 7212 (225) steps (0.0001 hrs) 0.00:0.00 9809 (12) sec
[529] Max 7212 (2191) steps (0.0006 hrs) 0.00:0.00 9837 (28) sec
[530] Max 7212 (987) steps (0.0003 hrs) 0.00:0.00 9849 (12) sec
[531] Max 7212 (325) steps (0.0001 hrs) 0.00:0.00 9859 (10) sec
[532] Max 7212 (332) steps (0.0001 hrs) 0.00:0.00 9870 (11) sec
[533] Max 7212 (2060) steps (0.0006 hrs) 0.00:0.00 9896 (26) sec
[534] Max 7212 (3365) steps (0.0009 hrs) 0.00:0.00 9924 (28) sec
[535] Max 7212 (2956) steps (0.0008 hrs) 0.00:0.00 9950 (26) sec
[536] Max 7212 (288) steps (0.0001 hrs) 0.00:0.00 9961 (11) sec
[537] Max 7212 (728) steps (0.0002 hrs) 0.00:0.00 9972 (11) sec
[538] Max 7212 (1266) steps (0.0004 hrs) 0.00:0.00 9983 (11) sec
[539] Max 7212 (328) steps (0.0001 hrs) 0.00:0.00 9994 (11) sec
[540] Max 7212 (334) steps (0.0001 hrs) 0.00:0.00 10005 (11) sec
[541] Max 7212 (1756) steps (0.0005 hrs) 0.00:0.00 10019 (14) sec
[542] Max 7212 (427) steps (0.0001 hrs) 0.00:0.00 10031 (12) sec
[543] Max 7212 (370) steps (0.0001 hrs) 0.00:0.00 10042 (11) sec
[544] Max 7212 (212) steps (0.0001 hrs) 0.00:0.00 10053 (11) sec
[545] Max 7212 (2460) steps (0.0007 hrs) 0.00:0.00 10082 (29) sec
[546] Max 7212 (882) steps (0.0002 hrs) 0.00:0.00 10093 (11) sec
[547] Max 7212 (1037) steps (0.0003 hrs) 0.00:0.00 10104 (11) sec
[548] Max 7212 (1913) steps (0.0005 hrs) 0.00:0.00 10116 (12) sec
[549] Max 7212 (1059) steps (0.0003 hrs) 0.00:0.00 10128 (12) sec
[550] Max 7212 (1333) steps (0.0004 hrs) 0.00:0.00 10140 (12) sec
[551] Max 7212 (1241) steps (0.0003 hrs) 0.00:0.00 10151 (11) sec
[552] Max 7212 (413) steps (0.0001 hrs) 0.00:0.00 10163 (12) sec
[553] Max 7212 (3083) steps (0.0009 hrs) 0.00:0.00 10190 (27) sec
[554] Max 7212 (1058) steps (0.0003 hrs) 0.00:0.00 10201 (11) sec
[555] Max 7212 (2248) steps (0.0006 hrs) 0.00:0.00 10228 (27) sec
[556] Max 7212 (2098) steps (0.0006 hrs) 0.00:0.00 10257 (29) sec
[557] Max 7212 (533) steps (0.0001 hrs) 0.00:0.00 10268 (11) sec
[558] Max 7212 (810) steps (0.0002 hrs) 0.00:0.00 10279 (11) sec
[559] Max 7212 (832) steps (0.0002 hrs) 0.00:0.00 10290 (11) sec
[560] Max 7212 (450) steps (0.0001 hrs) 0.00:0.00 10301 (11) sec
[561] Max 7212 (1964) steps (0.0005 hrs) 0.00:0.00 10323 (22) sec
[562] Max 7212 (590) steps (0.0002 hrs) 0.00:0.00 10335 (12) sec
[563] Max 7212 (2518) steps (0.0007 hrs) 0.00:0.00 10347 (12) sec
[564] Max 7212 (1924) steps (0.0005 hrs) 0.00:0.00 10365 (18) sec
[565] Max 7212 (2491) steps (0.0007 hrs) 0.00:0.00 10394 (29) sec
[566] Max 7212 (390) steps (0.0001 hrs) 0.00:0.00 10405 (11) sec
[567] Max 7212 (202) steps (0.0001 hrs) 0.00:0.00 10416 (11) sec
[568] Max 7212 (1048) steps (0.0003 hrs) 0.00:0.00 10427 (11) sec
[569] Max 7212 (1224) steps (0.0003 hrs) 0.00:0.00 10438 (11) sec
[570] Max 7212 (204) steps (0.0001 hrs) 0.00:0.00 10449 (11) sec
[571] Max 7212 (598) steps (0.0002 hrs) 0.00:0.00 10460 (11) sec
[572] Max 7212 (419) steps (0.0001 hrs) 0.00:0.00 10471 (11) sec
[573] Max 7212 (1423) steps (0.0004 hrs) 0.00:0.00 10484 (13) sec
[574] Max 7212 (2264) steps (0.0006 hrs) 0.00:0.00 10513 (29) sec
[575] Max 7212 (221) steps (0.0001 hrs) 0.00:0.00 10524 (11) sec
[576] Max 7212 (698) steps (0.0002 hrs) 0.00:0.00 10535 (11) sec
[577] Max 7212 (1544) steps (0.0004 hrs) 0.00:0.00 10549 (14) sec
[578] Max 7212 (1881) steps (0.0005 hrs) 0.00:0.00 10575 (26) sec
[579] Max 7212 (1735) steps (0.0005 hrs) 0.00:0.00 10593 (18) sec
[580] Max 7212 (2004) steps (0.0006 hrs) 0.00:0.00 10608 (15) sec
[581] Max 7212 (354) steps (0.0001 hrs) 0.00:0.00 10619 (11) sec
[582] Max 7212 (2294) steps (0.0006 hrs) 0.00:0.00 10648 (29) sec
[583] Max 7212 (601) steps (0.0002 hrs) 0.00:0.00 10659 (11) sec
[584] Max 7212 (2557) steps (0.0007 hrs) 0.00:0.00 10688 (29) sec
[585] Max 7212 (274) steps (0.0001 hrs) 0.00:0.00 10699 (11) sec
[586] Max 7212 (360) steps (0.0001 hrs) 0.00:0.00 10710 (11) sec
[587] Max 7212 (2498) steps (0.0007 hrs) 0.00:0.00 10739 (29) sec
[588] Max 7212 (209) steps (0.0001 hrs) 0.00:0.00 10750 (11) sec
[589] Max 7212 (2189) steps (0.0006 hrs) 0.00:0.00 10778 (28) sec
[590] Max 7212 (2163) steps (0.0006 hrs) 0.00:0.00 10806 (28) sec
[591] Max 7212 (2403) steps (0.0007 hrs) 0.00:0.00 10833 (27) sec
[592] Max 7212 (3092) steps (0.0009 hrs) 0.00:0.00 10862 (29) sec
[593] Max 7212 (2005) steps (0.0006 hrs) 0.00:0.00 10890 (28) sec
[594] Max 7212 (1421) steps (0.0004 hrs) 0.00:0.00 10902 (12) sec
[595] Max 7212 (810) steps (0.0002 hrs) 0.00:0.00 10913 (11) sec
[596] Max 7212 (1901) steps (0.0005 hrs) 0.00:0.00 10941 (28) sec
[597] Max 7212 (2238) steps (0.0006 hrs) 0.00:0.00 10970 (29) sec
[598] Max 7212 (1874) steps (0.0005 hrs) 0.00:0.00 10982 (12) sec
[599] Max 7212 (2802) steps (0.0008 hrs) 0.00:0.00 11011 (29) sec
[600] Max 7212 (253) steps (0.0001 hrs) 0.00:0.00 11022 (11) sec
[601] Max 7212 (1951) steps (0.0005 hrs) 0.00:0.00 11036 (14) sec
[602] Max 7212 (564) steps (0.0002 hrs) 0.00:0.00 11047 (11) sec
[603] Max 7212 (2779) steps (0.0008 hrs) 0.00:0.00 11075 (28) sec
[604] Max 7212 (983) steps (0.0003 hrs) 0.00:0.00 11086 (11) sec
[605] Max 7212 (2255) steps (0.0006 hrs) 0.00:0.00 11114 (28) sec
[606] Max 7212 (1494) steps (0.0004 hrs) 0.00:0.00 11126 (12) sec
[607] Max 7212 (1919) steps (0.0005 hrs) 0.00:0.00 11153 (27) sec
[608] Max 7212 (467) steps (0.0001 hrs) 0.00:0.00 11164 (11) sec
[609] Max 7212 (1239) steps (0.0003 hrs) 0.00:0.00 11175 (11) sec
[610] Max 7212 (2311) steps (0.0006 hrs) 0.00:0.00 11204 (29) sec
[611] Max 7212 (611) steps (0.0002 hrs) 0.00:0.00 11215 (11) sec
[612] Max 7212 (394) steps (0.0001 hrs) 0.00:0.00 11227 (12) sec
[613] Max 7212 (2564) steps (0.0007 hrs) 0.00:0.00 11255 (28) sec
[614] Max 7212 (453) steps (0.0001 hrs) 0.00:0.00 11267 (12) sec
[615] Max 7212 (2174) steps (0.0006 hrs) 0.00:0.00 11294 (27) sec
[616] Max 7212 (2012) steps (0.0006 hrs) 0.00:0.00 11311 (17) sec
[617] Max 7212 (1820) steps (0.0005 hrs) 0.00:0.00 11325 (14) sec
[618] Max 7212 (796) steps (0.0002 hrs) 0.00:0.00 11336 (11) sec
[619] Max 7212 (312) steps (0.0001 hrs) 0.00:0.00 11348 (12) sec
[620] Max 7212 (284) steps (0.0001 hrs) 0.00:0.00 11359 (11) sec
[621] Max 7212 (211) steps (0.0001 hrs) 0.00:0.00 11370 (11) sec
[622] Max 7212 (1206) steps (0.0003 hrs) 0.00:0.00 11381 (11) sec
[623] Max 7212 (2762) steps (0.0008 hrs) 0.00:0.00 11393 (12) sec
[624] Max 7212 (558) steps (0.0002 hrs) 0.00:0.00 11404 (11) sec
[625] Max 7212 (409) steps (0.0001 hrs) 0.00:0.00 11415 (11) sec
[626] Max 7212 (2468) steps (0.0007 hrs) 0.00:0.00 11440 (25) sec
[627] Max 7212 (2513) steps (0.0007 hrs) 0.00:0.00 11452 (12) sec
[628] Max 7212 (2353) steps (0.0007 hrs) 0.00:0.00 11476 (24) sec
[629] Max 7212 (2861) steps (0.0008 hrs) 0.00:0.00 11502 (26) sec
[630] Max 7212 (2095) steps (0.0006 hrs) 0.00:0.00 11531 (29) sec
[631] Max 7212 (2066) steps (0.0006 hrs) 0.00:0.00 11552 (21) sec
[632] Max 7212 (381) steps (0.0001 hrs) 0.00:0.00 11563 (11) sec
[633] Max 7212 (1736) steps (0.0005 hrs) 0.00:0.00 11577 (14) sec
[634] Max 7212 (2051) steps (0.0006 hrs) 0.00:0.00 11592 (15) sec
[635] Max 7212 (1926) steps (0.0005 hrs) 0.00:0.00 11621 (29) sec
[636] Max 7212 (1927) steps (0.0005 hrs) 0.00:0.00 11634 (13) sec
[637] Max 7212 (1902) steps (0.0005 hrs) 0.00:0.00 11662 (28) sec
[638] Max 7212 (623) steps (0.0002 hrs) 0.00:0.00 11673 (11) sec
[639] Max 7212 (3706) steps (0.0010 hrs) 0.00:0.00 11698 (25) sec
[640] Max 7212 (720) steps (0.0002 hrs) 0.00:0.00 11709 (11) sec
[641] Max 7212 (2022) steps (0.0006 hrs) 0.00:0.00 11737 (28) sec
[642] Max 7212 (1010) steps (0.0003 hrs) 0.00:0.00 11748 (11) sec
[643] Max 7212 (568) steps (0.0002 hrs) 0.00:0.00 11759 (11) sec
[644] Max 7212 (1587) steps (0.0004 hrs) 0.00:0.00 11771 (12) sec
[645] Max 7212 (942) steps (0.0003 hrs) 0.00:0.00 11782 (11) sec
[646] Max 7212 (204) steps (0.0001 hrs) 0.00:0.00 11793 (11) sec
[647] Max 7212 (1613) steps (0.0004 hrs) 0.00:0.00 11807 (14) sec
[648] Max 7212 (2398) steps (0.0007 hrs) 0.00:0.00 11836 (29) sec
[649] Max 7212 (2350) steps (0.0007 hrs) 0.00:0.00 11865 (29) sec
[650] Max 7212 (2901) steps (0.0008 hrs) 0.00:0.00 11893 (28) sec
[651] Max 7212 (517) steps (0.0001 hrs) 0.00:0.00 11904 (11) sec
[652] Max 7212 (203) steps (0.0001 hrs) 0.00:0.00 11916 (12) sec
[653] Max 7212 (439) steps (0.0001 hrs) 0.00:0.00 11927 (11) sec
[654] Max 7212 (1067) steps (0.0003 hrs) 0.00:0.00 11939 (12) sec
[655] Max 7212 (2644) steps (0.0007 hrs) 0.00:0.00 11969 (30) sec
[656] Max 7212 (397) steps (0.0001 hrs) 0.00:0.00 11980 (11) sec
[657] Max 7212 (1465) steps (0.0004 hrs) 0.00:0.00 11991 (11) sec
[658] Max 7212 (386) steps (0.0001 hrs) 0.00:0.00 12002 (11) sec
[659] Max 7212 (769) steps (0.0002 hrs) 0.00:0.00 12013 (11) sec
[660] Max 7212 (2671) steps (0.0007 hrs) 0.00:0.00 12042 (29) sec
[661] Max 7212 (1202) steps (0.0003 hrs) 0.00:0.00 12053 (11) sec
[662] Max 7212 (637) steps (0.0002 hrs) 0.00:0.00 12064 (11) sec
[663] Max 7212 (704) steps (0.0002 hrs) 0.00:0.00 12075 (11) sec
[664] Max 7212 (747) steps (0.0002 hrs) 0.00:0.00 12086 (11) sec
[665] Max 7212 (905) steps (0.0003 hrs) 0.00:0.00 12097 (11) sec
[666] Max 7212 (2217) steps (0.0006 hrs) 0.00:0.00 12126 (29) sec
[667] Max 7212 (1948) steps (0.0005 hrs) 0.00:0.00 12141 (15) sec
[668] Max 7212 (440) steps (0.0001 hrs) 0.00:0.00 12152 (11) sec
[669] Max 7212 (1610) steps (0.0004 hrs) 0.00:0.00 12163 (11) sec
[670] Max 7212 (2535) steps (0.0007 hrs) 0.00:0.00 12193 (30) sec
[671] Max 7212 (674) steps (0.0002 hrs) 0.00:0.00 12204 (11) sec
[672] Max 7212 (1961) steps (0.0005 hrs) 0.00:0.00 12233 (29) sec
[673] Max 7212 (760) steps (0.0002 hrs) 0.00:0.00 12244 (11) sec
[674] Max 7212 (1988) steps (0.0006 hrs) 0.00:0.00 12262 (18) sec
[675] Max 7212 (2869) steps (0.0008 hrs) 0.00:0.00 12291 (29) sec
[676] Max 7212 (2637) steps (0.0007 hrs) 0.00:0.00 12319 (28) sec
[677] Max 7212 (2193) steps (0.0006 hrs) 0.00:0.00 12344 (25) sec
[678] Max 7212 (770) steps (0.0002 hrs) 0.00:0.00 12355 (11) sec
[679] Max 7212 (2224) steps (0.0006 hrs) 0.00:0.00 12385 (30) sec
[680] Max 7212 (2133) steps (0.0006 hrs) 0.00:0.00 12412 (27) sec
[681] Max 7212 (396) steps (0.0001 hrs) 0.00:0.00 12423 (11) sec
[682] Max 7212 (515) steps (0.0001 hrs) 0.00:0.00 12434 (11) sec
[683] Max 7212 (208) steps (0.0001 hrs) 0.00:0.00 12445 (11) sec
[684] Max 7212 (2181) steps (0.0006 hrs) 0.00:0.00 12474 (29) sec
[685] Max 7212 (967) steps (0.0003 hrs) 0.00:0.00 12484 (10) sec
[686] Max 7212 (467) steps (0.0001 hrs) 0.00:0.00 12495 (11) sec
[687] Max 7212 (1914) steps (0.0005 hrs) 0.00:0.00 12521 (26) sec
[688] Max 7212 (266) steps (0.0001 hrs) 0.00:0.00 12532 (11) sec
[689] Max 7212 (915) steps (0.0003 hrs) 0.00:0.00 12543 (11) sec
[690] Max 7212 (2204) steps (0.0006 hrs) 0.00:0.00 12572 (29) sec
[691] Max 7212 (1166) steps (0.0003 hrs) 0.00:0.00 12583 (11) sec
[692] Max 7212 (2138) steps (0.0006 hrs) 0.00:0.00 12597 (14) sec
[693] Max 7212 (524) steps (0.0001 hrs) 0.00:0.00 12609 (12) sec
[694] Max 7212 (2108) steps (0.0006 hrs) 0.00:0.00 12639 (30) sec
[695] Max 7212 (2040) steps (0.0006 hrs) 0.00:0.00 12667 (28) sec
[696] Max 7212 (314) steps (0.0001 hrs) 0.00:0.00 12678 (11) sec
[697] Max 7212 (1476) steps (0.0004 hrs) 0.00:0.00 12690 (12) sec
[698] Max 7212 (1999) steps (0.0006 hrs) 0.00:0.00 12719 (29) sec
[699] Max 7212 (2318) steps (0.0006 hrs) 0.00:0.00 12747 (28) sec
[700] Max 7212 (1833) steps (0.0005 hrs) 0.00:0.00 12760 (13) sec
[701] Max 7212 (1374) steps (0.0004 hrs) 0.00:0.00 12774 (14) sec
[702] Max 7212 (2486) steps (0.0007 hrs) 0.00:0.00 12786 (12) sec
[703] Max 7212 (2111) steps (0.0006 hrs) 0.00:0.00 12807 (21) sec
[704] Max 7212 (2763) steps (0.0008 hrs) 0.00:0.00 12836 (29) sec
[705] Max 7212 (1404) steps (0.0004 hrs) 0.00:0.00 12847 (11) sec
[706] Max 7212 (2247) steps (0.0006 hrs) 0.00:0.00 12863 (16) sec
[707] Max 7212 (4521) steps (0.0013 hrs) 0.00:0.00 12893 (30) sec
[708] Max 7212 (1586) steps (0.0004 hrs) 0.00:0.00 12910 (17) sec
[709] Max 7212 (681) steps (0.0002 hrs) 0.00:0.00 12922 (12) sec
[710] Max 7212 (2339) steps (0.0006 hrs) 0.00:0.00 12949 (27) sec
[711] Max 7212 (2338) steps (0.0006 hrs) 0.00:0.00 12977 (28) sec
[712] Max 7212 (907) steps (0.0003 hrs) 0.00:0.00 12988 (11) sec
[713] Max 7212 (1614) steps (0.0004 hrs) 0.00:0.00 13003 (15) sec
[714] Max 7212 (1975) steps (0.0005 hrs) 0.00:0.00 13016 (13) sec
[715] Max 7212 (698) steps (0.0002 hrs) 0.00:0.00 13027 (11) sec
[716] Max 7212 (2524) steps (0.0007 hrs) 0.00:0.00 13044 (17) sec
[717] Max 7212 (2282) steps (0.0006 hrs) 0.00:0.00 13060 (16) sec
[718] Max 7212 (1818) steps (0.0005 hrs) 0.00:0.00 13072 (12) sec
[719] Max 7212 (2199) steps (0.0006 hrs) 0.00:0.00 13083 (11) sec
[720] Max 7212 (204) steps (0.0001 hrs) 0.00:0.00 13094 (11) sec
[721] Max 7212 (216) steps (0.0001 hrs) 0.00:0.00 13105 (11) sec
[722] Max 7212 (2480) steps (0.0007 hrs) 0.00:0.00 13134 (29) sec
[723] Max 7212 (1488) steps (0.0004 hrs) 0.00:0.00 13145 (11) sec
[724] Max 7212 (1079) steps (0.0003 hrs) 0.00:0.00 13156 (11) sec
[725] Max 7212 (2666) steps (0.0007 hrs) 0.00:0.00 13169 (13) sec
[726] Max 7212 (3158) steps (0.0009 hrs) 0.00:0.00 13195 (26) sec
[727] Max 7212 (2430) steps (0.0007 hrs) 0.00:0.00 13223 (28) sec
[728] Max 7212 (231) steps (0.0001 hrs) 0.00:0.00 13233 (10) sec
[729] Max 7212 (642) steps (0.0002 hrs) 0.00:0.00 13244 (11) sec
[730] Max 7212 (2155) steps (0.0006 hrs) 0.00:0.00 13269 (25) sec
[731] Max 7212 (2589) steps (0.0007 hrs) 0.00:0.00 13288 (19) sec
[732] Max 7212 (698) steps (0.0002 hrs) 0.00:0.00 13299 (11) sec
[733] Max 7212 (2242) steps (0.0006 hrs) 0.00:0.00 13327 (28) sec
[734] Max 7212 (331) steps (0.0001 hrs) 0.00:0.00 13338 (11) sec
[735] Max 7212 (620) steps (0.0002 hrs) 0.00:0.00 13349 (11) sec
[736] Max 7212 (371) steps (0.0001 hrs) 0.00:0.00 13360 (11) sec
[737] Max 7212 (616) steps (0.0002 hrs) 0.00:0.00 13371 (11) sec
[738] Max 7212 (2569) steps (0.0007 hrs) 0.00:0.00 13392 (21) sec
[739] Max 7212 (1690) steps (0.0005 hrs) 0.00:0.00 13403 (11) sec
[740] Max 7212 (215) steps (0.0001 hrs) 0.00:0.00 13414 (11) sec
[741] Max 7212 (2071) steps (0.0006 hrs) 0.00:0.00 13441 (27) sec
[742] Max 7212 (320) steps (0.0001 hrs) 0.00:0.00 13452 (11) sec
[743] Max 7212 (1954) steps (0.0005 hrs) 0.00:0.00 13465 (13) sec
[744] Max 7212 (805) steps (0.0002 hrs) 0.00:0.00 13476 (11) sec
[745] Max 7212 (1823) steps (0.0005 hrs) 0.00:0.00 13491 (15) sec
[746] Max 7212 (1896) steps (0.0005 hrs) 0.00:0.00 13507 (16) sec
[747] Max 7212 (654) steps (0.0002 hrs) 0.00:0.00 13518 (11) sec
[748] Max 7212 (1326) steps (0.0004 hrs) 0.00:0.00 13529 (11) sec
[749] Max 7212 (204) steps (0.0001 hrs) 0.00:0.00 13540 (11) sec
[750] Max 7212 (227) steps (0.0001 hrs) 0.00:0.00 13551 (11) sec
[751] Max 7212 (2152) steps (0.0006 hrs) 0.00:0.00 13579 (28) sec
[752] Max 7212 (1901) steps (0.0005 hrs) 0.00:0.00 13591 (12) sec
[753] Max 7212 (2405) steps (0.0007 hrs) 0.00:0.00 13617 (26) sec
[754] Max 7212 (2494) steps (0.0007 hrs) 0.00:0.00 13646 (29) sec
[755] Max 7212 (2282) steps (0.0006 hrs) 0.00:0.00 13672 (26) sec
[756] Max 7212 (2343) steps (0.0007 hrs) 0.00:0.00 13700 (28) sec
[757] Max 7212 (417) steps (0.0001 hrs) 0.00:0.00 13711 (11) sec
[758] Max 7212 (2186) steps (0.0006 hrs) 0.00:0.00 13739 (28) sec
[759] Max 7212 (2684) steps (0.0007 hrs) 0.00:0.00 13756 (17) sec
[760] Max 7212 (2781) steps (0.0008 hrs) 0.00:0.00 13772 (16) sec
[761] Max 7212 (1706) steps (0.0005 hrs) 0.00:0.00 13784 (12) sec
[762] Max 7212 (1051) steps (0.0003 hrs) 0.00:0.00 13795 (11) sec
[763] Max 7212 (2206) steps (0.0006 hrs) 0.00:0.00 13824 (29) sec
[764] Max 7212 (1759) steps (0.0005 hrs) 0.00:0.00 13835 (11) sec
[765] Max 7212 (2115) steps (0.0006 hrs) 0.00:0.00 13864 (29) sec
[766] Max 7212 (1683) steps (0.0005 hrs) 0.00:0.00 13879 (15) sec
[767] Max 7212 (1678) steps (0.0005 hrs) 0.00:0.00 13891 (12) sec
[768] Max 7212 (2666) steps (0.0007 hrs) 0.00:0.00 13920 (29) sec
[769] Max 7212 (2545) steps (0.0007 hrs) 0.00:0.00 13945 (25) sec
[770] Max 7212 (2354) steps (0.0007 hrs) 0.00:0.00 13975 (30) sec
[771] Max 7212 (2229) steps (0.0006 hrs) 0.00:0.00 13989 (14) sec
[772] Max 7212 (1924) steps (0.0005 hrs) 0.00:0.00 14004 (15) sec
[773] Max 7212 (2135) steps (0.0006 hrs) 0.00:0.00 14030 (26) sec
[774] Max 7212 (251) steps (0.0001 hrs) 0.00:0.00 14041 (11) sec
[775] Max 7212 (1421) steps (0.0004 hrs) 0.00:0.00 14053 (12) sec
[776] Max 7212 (1921) steps (0.0005 hrs) 0.00:0.00 14064 (11) sec
[777] Max 7212 (1598) steps (0.0004 hrs) 0.00:0.00 14076 (12) sec
[778] Max 7212 (2796) steps (0.0008 hrs) 0.00:0.00 14100 (24) sec
[779] Max 7212 (2108) steps (0.0006 hrs) 0.00:0.00 14111 (11) sec
[780] Max 7212 (1767) steps (0.0005 hrs) 0.00:0.00 14128 (17) sec
[781] Max 7212 (2415) steps (0.0007 hrs) 0.00:0.00 14157 (29) sec
[782] Max 7212 (2431) steps (0.0007 hrs) 0.00:0.00 14186 (29) sec
[783] Max 7212 (1618) steps (0.0004 hrs) 0.00:0.00 14199 (13) sec
[784] Max 7212 (2133) steps (0.0006 hrs) 0.00:0.00 14211 (12) sec
[785] Max 7212 (252) steps (0.0001 hrs) 0.00:0.00 14222 (11) sec
[786] Max 7212 (2430) steps (0.0007 hrs) 0.00:0.00 14250 (28) sec
[787] Max 7212 (2555) steps (0.0007 hrs) 0.00:0.00 14276 (26) sec
[788] Max 7212 (2171) steps (0.0006 hrs) 0.00:0.00 14304 (28) sec
[789] Max 7212 (1940) steps (0.0005 hrs) 0.00:0.00 14321 (17) sec
[790] Max 7212 (2080) steps (0.0006 hrs) 0.00:0.00 14333 (12) sec
[791] Max 7212 (2613) steps (0.0007 hrs) 0.00:0.00 14362 (29) sec
[792] Max 7212 (1278) steps (0.0004 hrs) 0.00:0.00 14374 (12) sec
[793] Max 7212 (2061) steps (0.0006 hrs) 0.00:0.00 14402 (28) sec
[794] Max 7212 (297) steps (0.0001 hrs) 0.00:0.00 14413 (11) sec
[795] Max 7212 (2059) steps (0.0006 hrs) 0.00:0.00 14441 (28) sec
[796] Max 7212 (1604) steps (0.0004 hrs) 0.00:0.00 14452 (11) sec
[797] Max 7212 (1779) steps (0.0005 hrs) 0.00:0.00 14467 (15) sec
[798] Max 7212 (1124) steps (0.0003 hrs) 0.00:0.00 14478 (11) sec
[799] Max 7212 (1980) steps (0.0006 hrs) 0.00:0.00 14507 (29) sec
[800] Max 7212 (2344) steps (0.0007 hrs) 0.00:0.00 14536 (29) sec
[801] Max 7212 (466) steps (0.0001 hrs) 0.00:0.00 14547 (11) sec
[802] Ep1271 balanced for 10000 steps (0.0028 hrs). 0.00:0.00 14550 (3) sec
Wrote current weights to latest.weights
Total Elapsed time: 14550 seconds
Wrote current data to latest.train
