balanced 0 test_flag 0
[1] Max 586 (586) steps (0.0002 hrs) 0.00:0.00 8 (8) sec
[2] Max 586 (549) steps (0.0002 hrs) 0.00:0.00 17 (9) sec
[3] Max 586 (280) steps (0.0001 hrs) 0.00:0.00 24 (7) sec
[4] Max 2247 (2247) steps (0.0006 hrs) 0.00:0.00 48 (24) sec
[5] Max 2247 (960) steps (0.0003 hrs) 0.00:0.00 56 (8) sec
[6] Max 2247 (972) steps (0.0003 hrs) 0.00:0.00 64 (8) sec
[7] Max 2247 (1027) steps (0.0003 hrs) 0.00:0.00 72 (8) sec
[8] Max 2247 (237) steps (0.0001 hrs) 0.00:0.00 80 (8) sec
[9] Max 2247 (337) steps (0.0001 hrs) 0.00:0.00 88 (8) sec
[10] Max 2247 (701) steps (0.0002 hrs) 0.00:0.00 96 (8) sec
[11] Max 2247 (2218) steps (0.0006 hrs) 0.00:0.00 106 (10) sec
[12] Max 2247 (762) steps (0.0002 hrs) 0.00:0.00 114 (8) sec
[13] Max 2247 (296) steps (0.0001 hrs) 0.00:0.00 122 (8) sec
[14] Max 2727 (2727) steps (0.0008 hrs) 0.00:0.00 147 (25) sec
[15] Max 2727 (2046) steps (0.0006 hrs) 0.00:0.00 172 (25) sec
[16] Max 2727 (2461) steps (0.0007 hrs) 0.00:0.00 196 (24) sec
[17] Max 2727 (1739) steps (0.0005 hrs) 0.00:0.00 205 (9) sec
[18] Max 2727 (1603) steps (0.0004 hrs) 0.00:0.00 213 (8) sec
[19] Max 2727 (2070) steps (0.0006 hrs) 0.00:0.00 240 (27) sec
[20] Max 2727 (1344) steps (0.0004 hrs) 0.00:0.00 248 (8) sec
[21] Max 2727 (751) steps (0.0002 hrs) 0.00:0.00 257 (9) sec
[22] Max 4348 (4348) steps (0.0012 hrs) 0.00:0.00 279 (22) sec
[23] Max 4348 (2466) steps (0.0007 hrs) 0.00:0.00 288 (9) sec
[24] Max 4348 (1256) steps (0.0003 hrs) 0.00:0.00 297 (9) sec
[25] Max 4348 (875) steps (0.0002 hrs) 0.00:0.00 305 (8) sec
[26] Max 4348 (1142) steps (0.0003 hrs) 0.00:0.00 313 (8) sec
[27] Max 4348 (383) steps (0.0001 hrs) 0.00:0.00 321 (8) sec
[28] Max 4348 (1497) steps (0.0004 hrs) 0.00:0.00 330 (9) sec
[29] Max 4348 (1513) steps (0.0004 hrs) 0.00:0.00 338 (8) sec
[30] Max 4348 (2677) steps (0.0007 hrs) 0.00:0.00 361 (23) sec
[31] Max 4348 (524) steps (0.0001 hrs) 0.00:0.00 369 (8) sec
[32] Max 4348 (2648) steps (0.0007 hrs) 0.00:0.00 397 (28) sec
[33] Max 4348 (3334) steps (0.0009 hrs) 0.00:0.00 408 (11) sec
[34] Max 4348 (884) steps (0.0002 hrs) 0.00:0.00 417 (9) sec
[35] Max 4348 (2133) steps (0.0006 hrs) 0.00:0.00 442 (25) sec
[36] Max 4348 (376) steps (0.0001 hrs) 0.00:0.00 451 (9) sec
[37] Max 4348 (2000) steps (0.0006 hrs) 0.00:0.00 459 (8) sec
[38] Max 4348 (220) steps (0.0001 hrs) 0.00:0.00 468 (9) sec
[39] Max 4348 (2506) steps (0.0007 hrs) 0.00:0.00 493 (25) sec
[40] Max 4348 (174) steps (0.0000 hrs) 0.00:0.00 502 (9) sec
[41] Max 4348 (1090) steps (0.0003 hrs) 0.00:0.00 511 (9) sec
[42] Max 4348 (504) steps (0.0001 hrs) 0.00:0.00 519 (8) sec
[43] Max 4348 (846) steps (0.0002 hrs) 0.00:0.00 528 (9) sec
[44] Max 4348 (1014) steps (0.0003 hrs) 0.00:0.00 537 (9) sec
[45] Max 4348 (891) steps (0.0002 hrs) 0.00:0.00 546 (9) sec
[46] Max 4348 (437) steps (0.0001 hrs) 0.00:0.00 555 (9) sec
[47] Max 4348 (277) steps (0.0001 hrs) 0.00:0.00 563 (8) sec
[48] Max 4348 (2047) steps (0.0006 hrs) 0.00:0.00 590 (27) sec
[49] Max 4348 (860) steps (0.0002 hrs) 0.00:0.00 599 (9) sec
[50] Max 4348 (2824) steps (0.0008 hrs) 0.00:0.00 609 (10) sec
[51] Max 4348 (2913) steps (0.0008 hrs) 0.00:0.00 637 (28) sec
[52] Max 4348 (1910) steps (0.0005 hrs) 0.00:0.00 659 (22) sec
[53] Max 4348 (1137) steps (0.0003 hrs) 0.00:0.00 668 (9) sec
[54] Max 4348 (1777) steps (0.0005 hrs) 0.00:0.00 677 (9) sec
[55] Max 4348 (166) steps (0.0000 hrs) 0.00:0.00 686 (9) sec
[56] Max 4348 (2035) steps (0.0006 hrs) 0.00:0.00 704 (18) sec
[57] Max 4348 (643) steps (0.0002 hrs) 0.00:0.00 713 (9) sec
[58] Max 4348 (2750) steps (0.0008 hrs) 0.00:0.00 736 (23) sec
[59] Max 4348 (2731) steps (0.0008 hrs) 0.00:0.00 746 (10) sec
[60] Max 4348 (693) steps (0.0002 hrs) 0.00:0.00 755 (9) sec
[61] Max 4348 (874) steps (0.0002 hrs) 0.00:0.00 764 (9) sec
[62] Max 4348 (1496) steps (0.0004 hrs) 0.00:0.00 774 (10) sec
[63] Max 4348 (2278) steps (0.0006 hrs) 0.00:0.00 803 (29) sec
[64] Max 4348 (1049) steps (0.0003 hrs) 0.00:0.00 812 (9) sec
[65] Max 4348 (1169) steps (0.0003 hrs) 0.00:0.00 821 (9) sec
[66] Max 4348 (266) steps (0.0001 hrs) 0.00:0.00 830 (9) sec
[67] Max 4348 (215) steps (0.0001 hrs) 0.00:0.00 838 (8) sec
[68] Max 4348 (1257) steps (0.0003 hrs) 0.00:0.00 847 (9) sec
[69] Max 4348 (1970) steps (0.0005 hrs) 0.00:0.00 857 (10) sec
[70] Max 4348 (2173) steps (0.0006 hrs) 0.00:0.00 884 (27) sec
[71] Max 4348 (742) steps (0.0002 hrs) 0.00:0.00 893 (9) sec
[72] Max 4348 (1886) steps (0.0005 hrs) 0.00:0.00 921 (28) sec
[73] Max 4348 (390) steps (0.0001 hrs) 0.00:0.00 930 (9) sec
[74] Max 4348 (1833) steps (0.0005 hrs) 0.00:0.00 951 (21) sec
[75] Max 4348 (1147) steps (0.0003 hrs) 0.00:0.00 961 (10) sec
[76] Max 4348 (2109) steps (0.0006 hrs) 0.00:0.00 982 (21) sec
[77] Max 4348 (1035) steps (0.0003 hrs) 0.00:0.00 991 (9) sec
[78] Max 4348 (1793) steps (0.0005 hrs) 0.00:0.00 1000 (9) sec
[79] Max 4348 (2359) steps (0.0007 hrs) 0.00:0.00 1028 (28) sec
[80] Max 4348 (2179) steps (0.0006 hrs) 0.00:0.00 1053 (25) sec
[81] Max 4348 (2373) steps (0.0007 hrs) 0.00:0.00 1080 (27) sec
[82] Max 4348 (2012) steps (0.0006 hrs) 0.00:0.00 1102 (22) sec
[83] Max 4348 (2102) steps (0.0006 hrs) 0.00:0.00 1130 (28) sec
[84] Max 4348 (396) steps (0.0001 hrs) 0.00:0.00 1139 (9) sec
[85] Max 4348 (1352) steps (0.0004 hrs) 0.00:0.00 1148 (9) sec
[86] Max 4348 (169) steps (0.0000 hrs) 0.00:0.00 1157 (9) sec
[87] Max 4348 (933) steps (0.0003 hrs) 0.00:0.00 1166 (9) sec
[88] Max 4348 (630) steps (0.0002 hrs) 0.00:0.00 1175 (9) sec
[89] Max 4348 (1667) steps (0.0005 hrs) 0.00:0.00 1186 (11) sec
[90] Max 4348 (2150) steps (0.0006 hrs) 0.00:0.00 1214 (28) sec
[91] Max 4348 (669) steps (0.0002 hrs) 0.00:0.00 1223 (9) sec
[92] Max 4348 (607) steps (0.0002 hrs) 0.00:0.00 1232 (9) sec
[93] Max 4348 (250) steps (0.0001 hrs) 0.00:0.00 1241 (9) sec
[94] Max 4348 (404) steps (0.0001 hrs) 0.00:0.00 1250 (9) sec
[95] Max 4348 (870) steps (0.0002 hrs) 0.00:0.00 1259 (9) sec
[96] Max 4348 (2327) steps (0.0006 hrs) 0.00:0.00 1280 (21) sec
[97] Max 4348 (2142) steps (0.0006 hrs) 0.00:0.00 1291 (11) sec
[98] Max 4348 (452) steps (0.0001 hrs) 0.00:0.00 1300 (9) sec
[99] Max 4348 (2054) steps (0.0006 hrs) 0.00:0.00 1315 (15) sec
[100] Max 4348 (2635) steps (0.0007 hrs) 0.00:0.00 1343 (28) sec
[101] Max 4348 (2194) steps (0.0006 hrs) 0.00:0.00 1370 (27) sec
[102] Max 4348 (909) steps (0.0003 hrs) 0.00:0.00 1380 (10) sec
[103] Max 4348 (785) steps (0.0002 hrs) 0.00:0.00 1389 (9) sec
[104] Max 4348 (1813) steps (0.0005 hrs) 0.00:0.00 1400 (11) sec
[105] Max 4348 (2418) steps (0.0007 hrs) 0.00:0.00 1428 (28) sec
[106] Max 4348 (359) steps (0.0001 hrs) 0.00:0.00 1438 (10) sec
[107] Max 4348 (851) steps (0.0002 hrs) 0.00:0.00 1447 (9) sec
[108] Max 4348 (1716) steps (0.0005 hrs) 0.00:0.00 1468 (21) sec
[109] Max 4348 (2458) steps (0.0007 hrs) 0.00:0.00 1478 (10) sec
[110] Max 4348 (1442) steps (0.0004 hrs) 0.00:0.00 1487 (9) sec
[111] Max 4348 (969) steps (0.0003 hrs) 0.00:0.00 1496 (9) sec
[112] Max 4348 (1974) steps (0.0005 hrs) 0.00:0.00 1521 (25) sec
[113] Max 4348 (2125) steps (0.0006 hrs) 0.00:0.00 1545 (24) sec
[114] Max 4348 (393) steps (0.0001 hrs) 0.00:0.00 1555 (10) sec
[115] Max 4348 (242) steps (0.0001 hrs) 0.00:0.00 1564 (9) sec
[116] Max 4348 (1304) steps (0.0004 hrs) 0.00:0.00 1574 (10) sec
[117] Max 4348 (277) steps (0.0001 hrs) 0.00:0.00 1583 (9) sec
[118] Max 4348 (2175) steps (0.0006 hrs) 0.00:0.00 1612 (29) sec
[119] Max 4348 (1832) steps (0.0005 hrs) 0.00:0.00 1623 (11) sec
[120] Max 4348 (2148) steps (0.0006 hrs) 0.00:0.00 1652 (29) sec
[121] Max 4348 (930) steps (0.0003 hrs) 0.00:0.00 1661 (9) sec
[122] Max 4348 (1677) steps (0.0005 hrs) 0.00:0.00 1670 (9) sec
[123] Max 4348 (862) steps (0.0002 hrs) 0.00:0.00 1680 (10) sec
[124] Max 4348 (3995) steps (0.0011 hrs) 0.00:0.00 1710 (30) sec
[125] Max 4348 (958) steps (0.0003 hrs) 0.00:0.00 1719 (9) sec
[126] Max 4348 (312) steps (0.0001 hrs) 0.00:0.00 1728 (9) sec
[127] Max 4348 (471) steps (0.0001 hrs) 0.00:0.00 1737 (9) sec
[128] Max 4348 (2011) steps (0.0006 hrs) 0.00:0.00 1753 (16) sec
[129] Max 4348 (202) steps (0.0001 hrs) 0.00:0.00 1761 (8) sec
[130] Max 4348 (1389) steps (0.0004 hrs) 0.00:0.00 1771 (10) sec
[131] Max 4348 (177) steps (0.0000 hrs) 0.00:0.00 1780 (9) sec
[132] Max 4348 (1969) steps (0.0005 hrs) 0.00:0.00 1803 (23) sec
[133] Max 4348 (1750) steps (0.0005 hrs) 0.00:0.00 1817 (14) sec
[134] Max 4348 (1041) steps (0.0003 hrs) 0.00:0.00 1827 (10) sec
[135] Max 4348 (1184) steps (0.0003 hrs) 0.00:0.00 1836 (9) sec
[136] Max 4370 (4370) steps (0.0012 hrs) 0.00:0.00 1863 (27) sec
[137] Max 4370 (2641) steps (0.0007 hrs) 0.00:0.00 1890 (27) sec
[138] Max 4370 (2883) steps (0.0008 hrs) 0.00:0.00 1918 (28) sec
[139] Max 4370 (3383) steps (0.0009 hrs) 0.00:0.00 1947 (29) sec
[140] Max 4370 (2080) steps (0.0006 hrs) 0.00:0.00 1974 (27) sec
[141] Max 4370 (2366) steps (0.0007 hrs) 0.00:0.00 2002 (28) sec
[142] Max 4370 (1524) steps (0.0004 hrs) 0.00:0.00 2013 (11) sec
[143] Max 4370 (2470) steps (0.0007 hrs) 0.00:0.00 2041 (28) sec
[144] Max 4370 (1287) steps (0.0004 hrs) 0.00:0.00 2051 (10) sec
[145] Max 4370 (1922) steps (0.0005 hrs) 0.00:0.00 2065 (14) sec
[146] Max 4370 (1314) steps (0.0004 hrs) 0.00:0.00 2075 (10) sec
[147] Max 4370 (2255) steps (0.0006 hrs) 0.00:0.00 2099 (24) sec
[148] Max 4370 (809) steps (0.0002 hrs) 0.00:0.00 2108 (9) sec
[149] Max 4370 (2006) steps (0.0006 hrs) 0.00:0.00 2120 (12) sec
[150] Max 4370 (2175) steps (0.0006 hrs) 0.00:0.00 2148 (28) sec
[151] Max 4370 (1436) steps (0.0004 hrs) 0.00:0.00 2157 (9) sec
[152] Max 4370 (1676) steps (0.0005 hrs) 0.00:0.00 2167 (10) sec
[153] Max 4370 (2042) steps (0.0006 hrs) 0.00:0.00 2177 (10) sec
[154] Max 4370 (421) steps (0.0001 hrs) 0.00:0.00 2186 (9) sec
[155] Max 4370 (2046) steps (0.0006 hrs) 0.00:0.00 2210 (24) sec
[156] Max 4370 (1432) steps (0.0004 hrs) 0.00:0.00 2223 (13) sec
[157] Max 4370 (668) steps (0.0002 hrs) 0.00:0.00 2232 (9) sec
[158] Max 4370 (484) steps (0.0001 hrs) 0.00:0.00 2241 (9) sec
[159] Max 4370 (2011) steps (0.0006 hrs) 0.00:0.00 2256 (15) sec
[160] Max 4370 (977) steps (0.0003 hrs) 0.00:0.00 2266 (10) sec
[161] Max 4370 (244) steps (0.0001 hrs) 0.00:0.00 2275 (9) sec
[162] Max 4370 (2174) steps (0.0006 hrs) 0.00:0.00 2292 (17) sec
[163] Max 4370 (2988) steps (0.0008 hrs) 0.00:0.00 2318 (26) sec
[164] Max 4370 (507) steps (0.0001 hrs) 0.00:0.00 2327 (9) sec
[165] Max 4370 (3343) steps (0.0009 hrs) 0.00:0.00 2354 (27) sec
[166] Max 4370 (1973) steps (0.0005 hrs) 0.00:0.00 2381 (27) sec
[167] Max 4370 (434) steps (0.0001 hrs) 0.00:0.00 2390 (9) sec
[168] Max 4370 (328) steps (0.0001 hrs) 0.00:0.00 2399 (9) sec
[169] Max 4370 (1143) steps (0.0003 hrs) 0.00:0.00 2409 (10) sec
[170] Max 4370 (992) steps (0.0003 hrs) 0.00:0.00 2419 (10) sec
[171] Max 4370 (1894) steps (0.0005 hrs) 0.00:0.00 2428 (9) sec
[172] Max 4370 (1774) steps (0.0005 hrs) 0.00:0.00 2438 (10) sec
[173] Max 4370 (605) steps (0.0002 hrs) 0.00:0.00 2447 (9) sec
[174] Max 4370 (2252) steps (0.0006 hrs) 0.00:0.00 2476 (29) sec
[175] Max 4370 (1346) steps (0.0004 hrs) 0.00:0.00 2487 (11) sec
[176] Max 4370 (2698) steps (0.0007 hrs) 0.00:0.00 2511 (24) sec
[177] Max 4370 (1458) steps (0.0004 hrs) 0.00:0.00 2520 (9) sec
[178] Max 4370 (1566) steps (0.0004 hrs) 0.00:0.00 2530 (10) sec
[179] Max 4370 (281) steps (0.0001 hrs) 0.00:0.00 2539 (9) sec
[180] Max 4370 (1852) steps (0.0005 hrs) 0.00:0.00 2549 (10) sec
[181] Max 4370 (2833) steps (0.0008 hrs) 0.00:0.00 2567 (18) sec
[182] Max 4370 (1577) steps (0.0004 hrs) 0.00:0.00 2583 (16) sec
[183] Max 4370 (2703) steps (0.0008 hrs) 0.00:0.00 2600 (17) sec
[184] Max 4370 (1365) steps (0.0004 hrs) 0.00:0.00 2609 (9) sec
[185] Max 4370 (1441) steps (0.0004 hrs) 0.00:0.00 2619 (10) sec
[186] Max 4370 (2544) steps (0.0007 hrs) 0.00:0.00 2647 (28) sec
[187] Max 4370 (2009) steps (0.0006 hrs) 0.00:0.00 2657 (10) sec
[188] Max 4370 (2522) steps (0.0007 hrs) 0.00:0.00 2686 (29) sec
[189] Max 4370 (2108) steps (0.0006 hrs) 0.00:0.00 2697 (11) sec
[190] Max 4370 (2334) steps (0.0006 hrs) 0.00:0.00 2726 (29) sec
[191] Max 4370 (2306) steps (0.0006 hrs) 0.00:0.00 2753 (27) sec
[192] Max 4370 (1585) steps (0.0004 hrs) 0.00:0.00 2765 (12) sec
[193] Max 4370 (1786) steps (0.0005 hrs) 0.00:0.00 2789 (24) sec
[194] Max 4370 (531) steps (0.0001 hrs) 0.00:0.00 2797 (8) sec
[195] Max 4370 (377) steps (0.0001 hrs) 0.00:0.00 2806 (9) sec
[196] Max 4370 (1558) steps (0.0004 hrs) 0.00:0.00 2816 (10) sec
[197] Max 4370 (2060) steps (0.0006 hrs) 0.00:0.00 2837 (21) sec
[198] Max 4370 (525) steps (0.0001 hrs) 0.00:0.00 2846 (9) sec
[199] Max 4370 (641) steps (0.0002 hrs) 0.00:0.00 2855 (9) sec
[200] Max 4370 (228) steps (0.0001 hrs) 0.00:0.00 2864 (9) sec
[201] Max 4370 (2113) steps (0.0006 hrs) 0.00:0.00 2891 (27) sec
[202] Max 4370 (2092) steps (0.0006 hrs) 0.00:0.00 2920 (29) sec
[203] Max 4370 (2106) steps (0.0006 hrs) 0.00:0.00 2948 (28) sec
[204] Max 4370 (2341) steps (0.0007 hrs) 0.00:0.00 2976 (28) sec
[205] Max 4370 (1238) steps (0.0003 hrs) 0.00:0.00 2986 (10) sec
[206] Max 4370 (1956) steps (0.0005 hrs) 0.00:0.00 3000 (14) sec
[207] Max 4370 (2107) steps (0.0006 hrs) 0.00:0.00 3017 (17) sec
[208] Max 4370 (2379) steps (0.0007 hrs) 0.00:0.00 3033 (16) sec
[209] Max 4370 (1926) steps (0.0005 hrs) 0.00:0.00 3060 (27) sec
[210] Max 4370 (2450) steps (0.0007 hrs) 0.00:0.00 3089 (29) sec
[211] Max 4370 (1296) steps (0.0004 hrs) 0.00:0.00 3098 (9) sec
[212] Max 4370 (835) steps (0.0002 hrs) 0.00:0.00 3106 (8) sec
[213] Max 4370 (599) steps (0.0002 hrs) 0.00:0.00 3115 (9) sec
[214] Max 4370 (2004) steps (0.0006 hrs) 0.00:0.00 3139 (24) sec
[215] Max 4370 (2164) steps (0.0006 hrs) 0.00:0.00 3168 (29) sec
[216] Max 4370 (520) steps (0.0001 hrs) 0.00:0.00 3177 (9) sec
[217] Max 4370 (721) steps (0.0002 hrs) 0.00:0.00 3186 (9) sec
[218] Max 4370 (732) steps (0.0002 hrs) 0.00:0.00 3195 (9) sec
[219] Max 4370 (2377) steps (0.0007 hrs) 0.00:0.00 3225 (30) sec
[220] Max 4370 (279) steps (0.0001 hrs) 0.00:0.00 3234 (9) sec
[221] Max 4370 (1005) steps (0.0003 hrs) 0.00:0.00 3243 (9) sec
[222] Max 4370 (2787) steps (0.0008 hrs) 0.00:0.00 3272 (29) sec
[223] Max 4370 (2319) steps (0.0006 hrs) 0.00:0.00 3296 (24) sec
[224] Max 4370 (2227) steps (0.0006 hrs) 0.00:0.00 3324 (28) sec
[225] Max 4370 (210) steps (0.0001 hrs) 0.00:0.00 3333 (9) sec
[226] Max 4370 (2516) steps (0.0007 hrs) 0.00:0.00 3354 (21) sec
[227] Max 4370 (1759) steps (0.0005 hrs) 0.00:0.00 3363 (9) sec
[228] Max 4370 (1973) steps (0.0005 hrs) 0.00:0.00 3375 (12) sec
[229] Max 4370 (373) steps (0.0001 hrs) 0.00:0.00 3384 (9) sec
[230] Max 4370 (340) steps (0.0001 hrs) 0.00:0.00 3392 (8) sec
[231] Max 4370 (2319) steps (0.0006 hrs) 0.00:0.00 3419 (27) sec
[232] Max 4370 (246) steps (0.0001 hrs) 0.00:0.00 3428 (9) sec
[233] Max 4370 (2117) steps (0.0006 hrs) 0.00:0.00 3454 (26) sec
[234] Max 4370 (297) steps (0.0001 hrs) 0.00:0.00 3463 (9) sec
[235] Max 4370 (2064) steps (0.0006 hrs) 0.00:0.00 3490 (27) sec
[236] Max 4370 (2067) steps (0.0006 hrs) 0.00:0.00 3511 (21) sec
[237] Max 4370 (793) steps (0.0002 hrs) 0.00:0.00 3520 (9) sec
[238] Max 4370 (1808) steps (0.0005 hrs) 0.00:0.00 3531 (11) sec
[239] Max 4370 (2510) steps (0.0007 hrs) 0.00:0.00 3559 (28) sec
[240] Max 4370 (2363) steps (0.0007 hrs) 0.00:0.00 3586 (27) sec
[241] Max 4370 (1776) steps (0.0005 hrs) 0.00:0.00 3598 (12) sec
[242] Max 4370 (2160) steps (0.0006 hrs) 0.00:0.00 3626 (28) sec
[243] Max 4370 (2081) steps (0.0006 hrs) 0.00:0.00 3652 (26) sec
[244] Max 4370 (430) steps (0.0001 hrs) 0.00:0.00 3661 (9) sec
[245] Max 4370 (307) steps (0.0001 hrs) 0.00:0.00 3670 (9) sec
[246] Max 4370 (2548) steps (0.0007 hrs) 0.00:0.00 3692 (22) sec
[247] Max 4370 (992) steps (0.0003 hrs) 0.00:0.00 3701 (9) sec
[248] Max 4370 (1829) steps (0.0005 hrs) 0.00:0.00 3728 (27) sec
[249] Max 4370 (302) steps (0.0001 hrs) 0.00:0.00 3737 (9) sec
[250] Max 4370 (2617) steps (0.0007 hrs) 0.00:0.00 3765 (28) sec
[251] Max 4370 (2242) steps (0.0006 hrs) 0.00:0.00 3793 (28) sec
[252] Max 4370 (1875) steps (0.0005 hrs) 0.00:0.00 3818 (25) sec
[253] Max 4370 (1998) steps (0.0006 hrs) 0.00:0.00 3828 (10) sec
[254] Max 4370 (2046) steps (0.0006 hrs) 0.00:0.00 3838 (10) sec
[255] Max 4370 (2045) steps (0.0006 hrs) 0.00:0.00 3864 (26) sec
[256] Max 4370 (611) steps (0.0002 hrs) 0.00:0.00 3873 (9) sec
[257] Max 4370 (2428) steps (0.0007 hrs) 0.00:0.00 3884 (11) sec
[258] Max 4370 (474) steps (0.0001 hrs) 0.00:0.00 3893 (9) sec
[259] Max 4370 (2784) steps (0.0008 hrs) 0.00:0.00 3922 (29) sec
[260] Max 4370 (2038) steps (0.0006 hrs) 0.00:0.00 3948 (26) sec
[261] Max 4370 (1724) steps (0.0005 hrs) 0.00:0.00 3958 (10) sec
[262] Max 4370 (2470) steps (0.0007 hrs) 0.00:0.00 3985 (27) sec
[263] Max 4370 (1163) steps (0.0003 hrs) 0.00:0.00 3994 (9) sec
[264] Max 4370 (3142) steps (0.0009 hrs) 0.00:0.00 4022 (28) sec
[265] Max 4370 (207) steps (0.0001 hrs) 0.00:0.00 4031 (9) sec
[266] Max 4370 (209) steps (0.0001 hrs) 0.00:0.00 4040 (9) sec
[267] Max 4370 (475) steps (0.0001 hrs) 0.00:0.00 4049 (9) sec
[268] Max 4370 (1771) steps (0.0005 hrs) 0.00:0.00 4063 (14) sec
[269] Max 4370 (716) steps (0.0002 hrs) 0.00:0.00 4072 (9) sec
[270] Max 4370 (1241) steps (0.0003 hrs) 0.00:0.00 4080 (8) sec
[271] Max 4370 (2182) steps (0.0006 hrs) 0.00:0.00 4094 (14) sec
[272] Max 4370 (388) steps (0.0001 hrs) 0.00:0.00 4103 (9) sec
[273] Max 4370 (1948) steps (0.0005 hrs) 0.00:0.00 4130 (27) sec
[274] Max 4370 (2861) steps (0.0008 hrs) 0.00:0.00 4147 (17) sec
[275] Max 4370 (480) steps (0.0001 hrs) 0.00:0.00 4156 (9) sec
[276] Max 4370 (306) steps (0.0001 hrs) 0.00:0.00 4165 (9) sec
[277] Max 4370 (425) steps (0.0001 hrs) 0.00:0.00 4174 (9) sec
[278] Max 4370 (232) steps (0.0001 hrs) 0.00:0.00 4183 (9) sec
[279] Max 4370 (1184) steps (0.0003 hrs) 0.00:0.00 4192 (9) sec
[280] Max 4370 (2004) steps (0.0006 hrs) 0.00:0.00 4202 (10) sec
[281] Max 4370 (1350) steps (0.0004 hrs) 0.00:0.00 4211 (9) sec
[282] Max 4370 (2234) steps (0.0006 hrs) 0.00:0.00 4239 (28) sec
[283] Max 4370 (181) steps (0.0001 hrs) 0.00:0.00 4248 (9) sec
[284] Max 4370 (190) steps (0.0001 hrs) 0.00:0.00 4257 (9) sec
[285] Max 4370 (2132) steps (0.0006 hrs) 0.00:0.00 4285 (28) sec
[286] Max 4370 (1032) steps (0.0003 hrs) 0.00:0.00 4294 (9) sec
[287] Max 4370 (952) steps (0.0003 hrs) 0.00:0.00 4303 (9) sec
[288] Max 4370 (941) steps (0.0003 hrs) 0.00:0.00 4312 (9) sec
[289] Max 4370 (2809) steps (0.0008 hrs) 0.00:0.00 4343 (31) sec
[290] Max 4370 (206) steps (0.0001 hrs) 0.00:0.00 4352 (9) sec
[291] Max 4370 (1840) steps (0.0005 hrs) 0.00:0.00 4368 (16) sec
[292] Max 4370 (2581) steps (0.0007 hrs) 0.00:0.00 4396 (28) sec
[293] Max 4370 (258) steps (0.0001 hrs) 0.00:0.00 4405 (9) sec
[294] Max 4370 (2157) steps (0.0006 hrs) 0.00:0.00 4416 (11) sec
[295] Max 4370 (2253) steps (0.0006 hrs) 0.00:0.00 4445 (29) sec
[296] Max 4370 (2035) steps (0.0006 hrs) 0.00:0.00 4471 (26) sec
[297] Max 4370 (381) steps (0.0001 hrs) 0.00:0.00 4480 (9) sec
[298] Max 4370 (222) steps (0.0001 hrs) 0.00:0.00 4489 (9) sec
[299] Max 4370 (495) steps (0.0001 hrs) 0.00:0.00 4499 (10) sec
[300] Max 4370 (1891) steps (0.0005 hrs) 0.00:0.00 4509 (10) sec
[301] Max 4370 (810) steps (0.0002 hrs) 0.00:0.00 4520 (11) sec
[302] Max 4370 (1391) steps (0.0004 hrs) 0.00:0.00 4530 (10) sec
[303] Max 4370 (1651) steps (0.0005 hrs) 0.00:0.00 4540 (10) sec
[304] Max 4370 (1769) steps (0.0005 hrs) 0.00:0.00 4552 (12) sec
[305] Max 4370 (1938) steps (0.0005 hrs) 0.00:0.00 4564 (12) sec
[306] Max 4370 (1822) steps (0.0005 hrs) 0.00:0.00 4573 (9) sec
[307] Max 4370 (2218) steps (0.0006 hrs) 0.00:0.00 4601 (28) sec
[308] Max 4370 (386) steps (0.0001 hrs) 0.00:0.00 4610 (9) sec
[309] Max 4370 (511) steps (0.0001 hrs) 0.00:0.00 4620 (10) sec
[310] Max 4370 (541) steps (0.0002 hrs) 0.00:0.00 4629 (9) sec
[311] Max 4370 (1926) steps (0.0005 hrs) 0.00:0.00 4642 (13) sec
[312] Max 4370 (2084) steps (0.0006 hrs) 0.00:0.00 4658 (16) sec
[313] Max 4370 (1127) steps (0.0003 hrs) 0.00:0.00 4669 (11) sec
[314] Max 4370 (2128) steps (0.0006 hrs) 0.00:0.00 4697 (28) sec
[315] Max 4370 (1222) steps (0.0003 hrs) 0.00:0.00 4707 (10) sec
[316] Max 4370 (1604) steps (0.0004 hrs) 0.00:0.00 4721 (14) sec
[317] Max 4370 (1349) steps (0.0004 hrs) 0.00:0.00 4730 (9) sec
[318] Max 4370 (270) steps (0.0001 hrs) 0.00:0.00 4739 (9) sec
[319] Max 4370 (1430) steps (0.0004 hrs) 0.00:0.00 4749 (10) sec
[320] Max 4370 (2448) steps (0.0007 hrs) 0.00:0.00 4776 (27) sec
[321] Max 4370 (272) steps (0.0001 hrs) 0.00:0.00 4784 (8) sec
[322] Max 4370 (1455) steps (0.0004 hrs) 0.00:0.00 4795 (11) sec
[323] Max 4370 (254) steps (0.0001 hrs) 0.00:0.00 4804 (9) sec
[324] Max 4370 (741) steps (0.0002 hrs) 0.00:0.00 4814 (10) sec
[325] Max 4370 (228) steps (0.0001 hrs) 0.00:0.00 4823 (9) sec
[326] Max 4370 (791) steps (0.0002 hrs) 0.00:0.00 4831 (8) sec
[327] Max 4370 (1871) steps (0.0005 hrs) 0.00:0.00 4842 (11) sec
[328] Max 4370 (1972) steps (0.0005 hrs) 0.00:0.00 4860 (18) sec
[329] Max 4370 (1894) steps (0.0005 hrs) 0.00:0.00 4869 (9) sec
[330] Max 4370 (994) steps (0.0003 hrs) 0.00:0.00 4879 (10) sec
[331] Max 4370 (3841) steps (0.0011 hrs) 0.00:0.00 4908 (29) sec
[332] Max 4370 (1997) steps (0.0006 hrs) 0.00:0.00 4933 (25) sec
[333] Max 4370 (993) steps (0.0003 hrs) 0.00:0.00 4942 (9) sec
[334] Max 4370 (529) steps (0.0001 hrs) 0.00:0.00 4951 (9) sec
[335] Max 4370 (422) steps (0.0001 hrs) 0.00:0.00 4959 (8) sec
[336] Max 4370 (692) steps (0.0002 hrs) 0.00:0.00 4968 (9) sec
[337] Max 4370 (392) steps (0.0001 hrs) 0.00:0.00 4977 (9) sec
[338] Max 4370 (2024) steps (0.0006 hrs) 0.00:0.00 5003 (26) sec
[339] Max 4370 (1536) steps (0.0004 hrs) 0.00:0.00 5013 (10) sec
[340] Max 4370 (611) steps (0.0002 hrs) 0.00:0.00 5023 (10) sec
[341] Max 4370 (1830) steps (0.0005 hrs) 0.00:0.00 5048 (25) sec
[342] Max 4370 (1648) steps (0.0005 hrs) 0.00:0.00 5059 (11) sec
[343] Max 4370 (3226) steps (0.0009 hrs) 0.00:0.00 5087 (28) sec
[344] Max 4370 (859) steps (0.0002 hrs) 0.00:0.00 5096 (9) sec
[345] Max 4370 (559) steps (0.0002 hrs) 0.00:0.00 5105 (9) sec
[346] Max 4370 (2757) steps (0.0008 hrs) 0.00:0.00 5133 (28) sec
[347] Max 4370 (746) steps (0.0002 hrs) 0.00:0.00 5142 (9) sec
[348] Max 4370 (935) steps (0.0003 hrs) 0.00:0.00 5152 (10) sec
[349] Max 6350 (6350) steps (0.0018 hrs) 0.00:0.00 5161 (9) sec
[350] Max 6350 (441) steps (0.0001 hrs) 0.00:0.00 5170 (9) sec
[351] Max 6350 (2934) steps (0.0008 hrs) 0.00:0.00 5190 (20) sec
[352] Max 6350 (199) steps (0.0001 hrs) 0.00:0.00 5199 (9) sec
[353] Max 6350 (1809) steps (0.0005 hrs) 0.00:0.00 5209 (10) sec
[354] Max 6350 (2079) steps (0.0006 hrs) 0.00:0.00 5221 (12) sec
[355] Max 6350 (1725) steps (0.0005 hrs) 0.00:0.00 5237 (16) sec
[356] Max 6350 (1768) steps (0.0005 hrs) 0.00:0.00 5247 (10) sec
[357] Max 6350 (2535) steps (0.0007 hrs) 0.00:0.00 5275 (28) sec
[358] Max 6350 (1255) steps (0.0003 hrs) 0.00:0.00 5285 (10) sec
[359] Max 6350 (728) steps (0.0002 hrs) 0.00:0.00 5294 (9) sec
[360] Max 6350 (2306) steps (0.0006 hrs) 0.00:0.00 5316 (22) sec
[361] Max 6350 (2226) steps (0.0006 hrs) 0.00:0.00 5341 (25) sec
[362] Max 6350 (1210) steps (0.0003 hrs) 0.00:0.00 5353 (12) sec
[363] Max 6350 (1873) steps (0.0005 hrs) 0.00:0.00 5364 (11) sec
[364] Max 6350 (2268) steps (0.0006 hrs) 0.00:0.00 5392 (28) sec
[365] Max 6350 (491) steps (0.0001 hrs) 0.00:0.00 5401 (9) sec
[366] Max 6350 (1239) steps (0.0003 hrs) 0.00:0.00 5411 (10) sec
[367] Max 6350 (294) steps (0.0001 hrs) 0.00:0.00 5420 (9) sec
[368] Max 6350 (1893) steps (0.0005 hrs) 0.00:0.00 5430 (10) sec
[369] Max 6350 (2412) steps (0.0007 hrs) 0.00:0.00 5457 (27) sec
[370] Max 6350 (631) steps (0.0002 hrs) 0.00:0.00 5466 (9) sec
[371] Max 6350 (2211) steps (0.0006 hrs) 0.00:0.00 5493 (27) sec
[372] Max 6350 (1596) steps (0.0004 hrs) 0.00:0.00 5503 (10) sec
[373] Max 6350 (655) steps (0.0002 hrs) 0.00:0.00 5512 (9) sec
[374] Max 6350 (2286) steps (0.0006 hrs) 0.00:0.00 5540 (28) sec
[375] Max 6350 (1800) steps (0.0005 hrs) 0.00:0.00 5548 (8) sec
[376] Max 6350 (1615) steps (0.0004 hrs) 0.00:0.00 5558 (10) sec
[377] Max 6350 (885) steps (0.0002 hrs) 0.00:0.00 5567 (9) sec
[378] Max 6350 (657) steps (0.0002 hrs) 0.00:0.00 5576 (9) sec
[379] Max 6350 (2414) steps (0.0007 hrs) 0.00:0.00 5602 (26) sec
[380] Max 6350 (2403) steps (0.0007 hrs) 0.00:0.00 5618 (16) sec
[381] Max 6350 (2155) steps (0.0006 hrs) 0.00:0.00 5645 (27) sec
[382] Max 6350 (1912) steps (0.0005 hrs) 0.00:0.00 5673 (28) sec
[383] Max 6350 (1115) steps (0.0003 hrs) 0.00:0.00 5682 (9) sec
[384] Max 6350 (1186) steps (0.0003 hrs) 0.00:0.00 5692 (10) sec
[385] Max 6350 (593) steps (0.0002 hrs) 0.00:0.00 5701 (9) sec
[386] Max 6350 (641) steps (0.0002 hrs) 0.00:0.00 5710 (9) sec
[387] Max 6350 (717) steps (0.0002 hrs) 0.00:0.00 5719 (9) sec
[388] Max 6350 (1655) steps (0.0005 hrs) 0.00:0.00 5730 (11) sec
[389] Max 6350 (1873) steps (0.0005 hrs) 0.00:0.00 5741 (11) sec
[390] Max 6350 (3047) steps (0.0008 hrs) 0.00:0.00 5750 (9) sec
[391] Max 6350 (2590) steps (0.0007 hrs) 0.00:0.00 5760 (10) sec
[392] Max 6350 (1156) steps (0.0003 hrs) 0.00:0.00 5769 (9) sec
[393] Max 6350 (570) steps (0.0002 hrs) 0.00:0.00 5778 (9) sec
[394] Max 6350 (376) steps (0.0001 hrs) 0.00:0.00 5787 (9) sec
[395] Max 6350 (684) steps (0.0002 hrs) 0.00:0.00 5795 (8) sec
[396] Max 6350 (2015) steps (0.0006 hrs) 0.00:0.00 5823 (28) sec
[397] Max 6350 (1768) steps (0.0005 hrs) 0.00:0.00 5837 (14) sec
[398] Max 6350 (2017) steps (0.0006 hrs) 0.00:0.00 5846 (9) sec
[399] Max 6350 (2260) steps (0.0006 hrs) 0.00:0.00 5859 (13) sec
[400] Max 6350 (1960) steps (0.0005 hrs) 0.00:0.00 5885 (26) sec
[401] Max 6350 (1601) steps (0.0004 hrs) 0.00:0.00 5894 (9) sec
[402] Max 6350 (1855) steps (0.0005 hrs) 0.00:0.00 5918 (24) sec
[403] Max 6350 (2028) steps (0.0006 hrs) 0.00:0.00 5946 (28) sec
[404] Max 6350 (738) steps (0.0002 hrs) 0.00:0.00 5955 (9) sec
[405] Max 6350 (576) steps (0.0002 hrs) 0.00:0.00 5964 (9) sec
[406] Max 6350 (1467) steps (0.0004 hrs) 0.00:0.00 5975 (11) sec
[407] Max 6350 (760) steps (0.0002 hrs) 0.00:0.00 5984 (9) sec
[408] Max 6350 (2209) steps (0.0006 hrs) 0.00:0.00 6012 (28) sec
[409] Max 6350 (424) steps (0.0001 hrs) 0.00:0.00 6021 (9) sec
[410] Max 6350 (2260) steps (0.0006 hrs) 0.00:0.00 6048 (27) sec
[411] Max 6350 (1251) steps (0.0003 hrs) 0.00:0.00 6059 (11) sec
[412] Max 6350 (1057) steps (0.0003 hrs) 0.00:0.00 6069 (10) sec
[413] Max 6350 (2051) steps (0.0006 hrs) 0.00:0.00 6098 (29) sec
[414] Max 6350 (1227) steps (0.0003 hrs) 0.00:0.00 6111 (13) sec
[415] Max 6350 (298) steps (0.0001 hrs) 0.00:0.00 6121 (10) sec
[416] Max 6350 (2230) steps (0.0006 hrs) 0.00:0.00 6148 (27) sec
[417] Max 6350 (1948) steps (0.0005 hrs) 0.00:0.00 6175 (27) sec
[418] Max 6350 (2311) steps (0.0006 hrs) 0.00:0.00 6201 (26) sec
[419] Max 6350 (425) steps (0.0001 hrs) 0.00:0.00 6210 (9) sec
[420] Max 6350 (1702) steps (0.0005 hrs) 0.00:0.00 6220 (10) sec
[421] Max 6350 (1212) steps (0.0003 hrs) 0.00:0.00 6229 (9) sec
[422] Max 6350 (329) steps (0.0001 hrs) 0.00:0.00 6239 (10) sec
[423] Max 6350 (1982) steps (0.0006 hrs) 0.00:0.00 6249 (10) sec
[424] Max 6350 (546) steps (0.0002 hrs) 0.00:0.00 6258 (9) sec
[425] Max 6350 (1841) steps (0.0005 hrs) 0.00:0.00 6268 (10) sec
[426] Max 6350 (1258) steps (0.0003 hrs) 0.00:0.00 6279 (11) sec
[427] Max 6350 (2229) steps (0.0006 hrs) 0.00:0.00 6304 (25) sec
[428] Max 6350 (1380) steps (0.0004 hrs) 0.00:0.00 6314 (10) sec
[429] Max 6350 (1827) steps (0.0005 hrs) 0.00:0.00 6324 (10) sec
[430] Max 6350 (2139) steps (0.0006 hrs) 0.00:0.00 6335 (11) sec
[431] Max 6350 (667) steps (0.0002 hrs) 0.00:0.00 6344 (9) sec
[432] Max 6350 (2695) steps (0.0007 hrs) 0.00:0.00 6360 (16) sec
[433] Max 6350 (1685) steps (0.0005 hrs) 0.00:0.00 6371 (11) sec
[434] Max 6350 (2126) steps (0.0006 hrs) 0.00:0.00 6397 (26) sec
[435] Max 6350 (1562) steps (0.0004 hrs) 0.00:0.00 6407 (10) sec
[436] Max 6350 (510) steps (0.0001 hrs) 0.00:0.00 6416 (9) sec
[437] Max 6350 (1650) steps (0.0005 hrs) 0.00:0.00 6425 (9) sec
[438] Max 6350 (2172) steps (0.0006 hrs) 0.00:0.00 6437 (12) sec
[439] Max 6350 (1658) steps (0.0005 hrs) 0.00:0.00 6446 (9) sec
[440] Max 6350 (506) steps (0.0001 hrs) 0.00:0.00 6455 (9) sec
[441] Max 6350 (739) steps (0.0002 hrs) 0.00:0.00 6464 (9) sec
[442] Max 6350 (343) steps (0.0001 hrs) 0.00:0.00 6473 (9) sec
[443] Max 6350 (956) steps (0.0003 hrs) 0.00:0.00 6483 (10) sec
[444] Max 6350 (457) steps (0.0001 hrs) 0.00:0.00 6492 (9) sec
[445] Max 6350 (1597) steps (0.0004 hrs) 0.00:0.00 6501 (9) sec
[446] Max 6350 (839) steps (0.0002 hrs) 0.00:0.00 6510 (9) sec
[447] Max 6350 (2008) steps (0.0006 hrs) 0.00:0.00 6521 (11) sec
[448] Max 6350 (1290) steps (0.0004 hrs) 0.00:0.00 6531 (10) sec
[449] Max 6350 (534) steps (0.0001 hrs) 0.00:0.00 6540 (9) sec
[450] Max 6350 (2883) steps (0.0008 hrs) 0.00:0.00 6565 (25) sec
[451] Max 6350 (1569) steps (0.0004 hrs) 0.00:0.00 6574 (9) sec
[452] Max 6350 (1882) steps (0.0005 hrs) 0.00:0.00 6599 (25) sec
[453] Max 6350 (2232) steps (0.0006 hrs) 0.00:0.00 6626 (27) sec
[454] Max 6350 (677) steps (0.0002 hrs) 0.00:0.00 6636 (10) sec
[455] Max 6350 (4611) steps (0.0013 hrs) 0.00:0.00 6652 (16) sec
[456] Max 6350 (272) steps (0.0001 hrs) 0.00:0.00 6661 (9) sec
[457] Max 6350 (1253) steps (0.0003 hrs) 0.00:0.00 6670 (9) sec
[458] Max 6350 (2120) steps (0.0006 hrs) 0.00:0.00 6697 (27) sec
[459] Max 6350 (1593) steps (0.0004 hrs) 0.00:0.00 6706 (9) sec
[460] Max 6350 (527) steps (0.0001 hrs) 0.00:0.00 6715 (9) sec
[461] Max 6350 (1941) steps (0.0005 hrs) 0.00:0.00 6736 (21) sec
[462] Max 6350 (2198) steps (0.0006 hrs) 0.00:0.00 6754 (18) sec
[463] Max 6350 (1060) steps (0.0003 hrs) 0.00:0.00 6763 (9) sec
[464] Max 6350 (1310) steps (0.0004 hrs) 0.00:0.00 6772 (9) sec
[465] Max 6350 (331) steps (0.0001 hrs) 0.00:0.00 6781 (9) sec
[466] Max 6350 (1662) steps (0.0005 hrs) 0.00:0.00 6790 (9) sec
[467] Max 6350 (227) steps (0.0001 hrs) 0.00:0.00 6799 (9) sec
[468] Max 6350 (622) steps (0.0002 hrs) 0.00:0.00 6808 (9) sec
[469] Max 6350 (2437) steps (0.0007 hrs) 0.00:0.00 6836 (28) sec
[470] Max 6350 (2336) steps (0.0006 hrs) 0.00:0.00 6863 (27) sec
[471] Max 6350 (2164) steps (0.0006 hrs) 0.00:0.00 6891 (28) sec
[472] Max 6350 (351) steps (0.0001 hrs) 0.00:0.00 6900 (9) sec
[473] Max 6350 (686) steps (0.0002 hrs) 0.00:0.00 6910 (10) sec
[474] Max 6350 (1977) steps (0.0005 hrs) 0.00:0.00 6938 (28) sec
[475] Max 6350 (1811) steps (0.0005 hrs) 0.00:0.00 6953 (15) sec
[476] Max 6350 (606) steps (0.0002 hrs) 0.00:0.00 6961 (8) sec
[477] Max 6350 (3365) steps (0.0009 hrs) 0.00:0.00 6990 (29) sec
[478] Max 6350 (2089) steps (0.0006 hrs) 0.00:0.00 7018 (28) sec
[479] Max 6350 (1180) steps (0.0003 hrs) 0.00:0.00 7027 (9) sec
[480] Max 6350 (478) steps (0.0001 hrs) 0.00:0.00 7036 (9) sec
[481] Max 6350 (2348) steps (0.0007 hrs) 0.00:0.00 7063 (27) sec
[482] Max 6350 (414) steps (0.0001 hrs) 0.00:0.00 7072 (9) sec
[483] Max 6350 (1906) steps (0.0005 hrs) 0.00:0.00 7093 (21) sec
[484] Max 6350 (2377) steps (0.0007 hrs) 0.00:0.00 7112 (19) sec
[485] Max 6350 (2423) steps (0.0007 hrs) 0.00:0.00 7139 (27) sec
[486] Max 6350 (2345) steps (0.0007 hrs) 0.00:0.00 7166 (27) sec
[487] Max 6350 (4527) steps (0.0013 hrs) 0.00:0.00 7191 (25) sec
[488] Max 6350 (2186) steps (0.0006 hrs) 0.00:0.00 7216 (25) sec
[489] Max 6350 (1370) steps (0.0004 hrs) 0.00:0.00 7227 (11) sec
[490] Max 6350 (904) steps (0.0003 hrs) 0.00:0.00 7235 (8) sec
[491] Max 6350 (1452) steps (0.0004 hrs) 0.00:0.00 7245 (10) sec
[492] Max 6350 (2111) steps (0.0006 hrs) 0.00:0.00 7254 (9) sec
[493] Max 6350 (354) steps (0.0001 hrs) 0.00:0.00 7263 (9) sec
[494] Max 6350 (3487) steps (0.0010 hrs) 0.00:0.00 7280 (17) sec
[495] Max 6350 (430) steps (0.0001 hrs) 0.00:0.00 7289 (9) sec
[496] Max 6350 (263) steps (0.0001 hrs) 0.00:0.00 7298 (9) sec
[497] Max 6350 (937) steps (0.0003 hrs) 0.00:0.00 7307 (9) sec
[498] Max 6350 (759) steps (0.0002 hrs) 0.00:0.00 7316 (9) sec
[499] Max 6350 (1756) steps (0.0005 hrs) 0.00:0.00 7326 (10) sec
[500] Max 6350 (2472) steps (0.0007 hrs) 0.00:0.00 7354 (28) sec
[501] Max 6350 (1679) steps (0.0005 hrs) 0.00:0.00 7366 (12) sec
[502] Max 6350 (2191) steps (0.0006 hrs) 0.00:0.00 7376 (10) sec
[503] Max 6350 (2406) steps (0.0007 hrs) 0.00:0.00 7387 (11) sec
[504] Max 6350 (1883) steps (0.0005 hrs) 0.00:0.00 7414 (27) sec
[505] Max 6350 (2135) steps (0.0006 hrs) 0.00:0.00 7442 (28) sec
[506] Max 6350 (2460) steps (0.0007 hrs) 0.00:0.00 7464 (22) sec
[507] Max 6350 (725) steps (0.0002 hrs) 0.00:0.00 7473 (9) sec
[508] Max 6350 (623) steps (0.0002 hrs) 0.00:0.00 7482 (9) sec
[509] Max 6350 (567) steps (0.0002 hrs) 0.00:0.00 7491 (9) sec
[510] Max 6350 (2864) steps (0.0008 hrs) 0.00:0.00 7519 (28) sec
[511] Max 6350 (292) steps (0.0001 hrs) 0.00:0.00 7528 (9) sec
[512] Max 6350 (581) steps (0.0002 hrs) 0.00:0.00 7537 (9) sec
[513] Max 6350 (2564) steps (0.0007 hrs) 0.00:0.00 7565 (28) sec
[514] Max 6350 (3074) steps (0.0009 hrs) 0.00:0.00 7590 (25) sec
[515] Max 6350 (2074) steps (0.0006 hrs) 0.00:0.00 7600 (10) sec
[516] Max 6350 (2404) steps (0.0007 hrs) 0.00:0.00 7624 (24) sec
[517] Max 6350 (2085) steps (0.0006 hrs) 0.00:0.00 7633 (9) sec
[518] Max 6350 (1743) steps (0.0005 hrs) 0.00:0.00 7642 (9) sec
[519] Max 6350 (2621) steps (0.0007 hrs) 0.00:0.00 7667 (25) sec
[520] Max 6350 (357) steps (0.0001 hrs) 0.00:0.00 7676 (9) sec
[521] Max 6350 (664) steps (0.0002 hrs) 0.00:0.00 7685 (9) sec
[522] Max 6350 (2454) steps (0.0007 hrs) 0.00:0.00 7700 (15) sec
[523] Max 6350 (2513) steps (0.0007 hrs) 0.00:0.00 7718 (18) sec
[524] Max 6350 (2020) steps (0.0006 hrs) 0.00:0.00 7743 (25) sec
[525] Max 6350 (2100) steps (0.0006 hrs) 0.00:0.00 7771 (28) sec
[526] Max 6350 (855) steps (0.0002 hrs) 0.00:0.00 7779 (8) sec
[527] Max 6350 (2297) steps (0.0006 hrs) 0.00:0.00 7808 (29) sec
[528] Max 6350 (2366) steps (0.0007 hrs) 0.00:0.00 7825 (17) sec
[529] Max 6350 (1904) steps (0.0005 hrs) 0.00:0.00 7853 (28) sec
[530] Max 6350 (3580) steps (0.0010 hrs) 0.00:0.00 7881 (28) sec
[531] Max 6350 (1173) steps (0.0003 hrs) 0.00:0.00 7890 (9) sec
[532] Max 6350 (2041) steps (0.0006 hrs) 0.00:0.00 7917 (27) sec
[533] Max 6350 (2200) steps (0.0006 hrs) 0.00:0.00 7927 (10) sec
[534] Max 6350 (2422) steps (0.0007 hrs) 0.00:0.00 7955 (28) sec
[535] Max 6350 (2309) steps (0.0006 hrs) 0.00:0.00 7982 (27) sec
[536] Max 6350 (786) steps (0.0002 hrs) 0.00:0.00 7992 (10) sec
[537] Max 6350 (325) steps (0.0001 hrs) 0.00:0.00 8001 (9) sec
[538] Max 6350 (193) steps (0.0001 hrs) 0.00:0.00 8010 (9) sec
[539] Max 6350 (1201) steps (0.0003 hrs) 0.00:0.00 8019 (9) sec
[540] Max 6350 (404) steps (0.0001 hrs) 0.00:0.00 8028 (9) sec
[541] Max 6350 (1943) steps (0.0005 hrs) 0.00:0.00 8038 (10) sec
[542] Max 6350 (1614) steps (0.0004 hrs) 0.00:0.00 8046 (8) sec
[543] Max 6350 (730) steps (0.0002 hrs) 0.00:0.00 8056 (10) sec
[544] Max 6350 (482) steps (0.0001 hrs) 0.00:0.00 8064 (8) sec
[545] Max 6350 (2508) steps (0.0007 hrs) 0.00:0.00 8091 (27) sec
[546] Max 6350 (1426) steps (0.0004 hrs) 0.00:0.00 8102 (11) sec
[547] Max 6350 (2117) steps (0.0006 hrs) 0.00:0.00 8126 (24) sec
[548] Max 6350 (2161) steps (0.0006 hrs) 0.00:0.00 8136 (10) sec
[549] Max 6350 (1193) steps (0.0003 hrs) 0.00:0.00 8146 (10) sec
[550] Max 6350 (2002) steps (0.0006 hrs) 0.00:0.00 8174 (28) sec
[551] Max 6350 (1632) steps (0.0005 hrs) 0.00:0.00 8186 (12) sec
[552] Max 6350 (1796) steps (0.0005 hrs) 0.00:0.00 8196 (10) sec
[553] Max 6350 (1141) steps (0.0003 hrs) 0.00:0.00 8206 (10) sec
[554] Max 6350 (923) steps (0.0003 hrs) 0.00:0.00 8214 (8) sec
[555] Max 6350 (414) steps (0.0001 hrs) 0.00:0.00 8223 (9) sec
[556] Max 6350 (2808) steps (0.0008 hrs) 0.00:0.00 8249 (26) sec
[557] Max 6350 (1841) steps (0.0005 hrs) 0.00:0.00 8276 (27) sec
[558] Max 6350 (314) steps (0.0001 hrs) 0.00:0.00 8285 (9) sec
[559] Max 6350 (381) steps (0.0001 hrs) 0.00:0.00 8294 (9) sec
[560] Max 6350 (2436) steps (0.0007 hrs) 0.00:0.00 8308 (14) sec
[561] Max 6350 (1946) steps (0.0005 hrs) 0.00:0.00 8327 (19) sec
[562] Max 6350 (1094) steps (0.0003 hrs) 0.00:0.00 8336 (9) sec
[563] Max 6350 (1111) steps (0.0003 hrs) 0.00:0.00 8346 (10) sec
[564] Max 6350 (2283) steps (0.0006 hrs) 0.00:0.00 8373 (27) sec
[565] Max 6350 (458) steps (0.0001 hrs) 0.00:0.00 8382 (9) sec
[566] Max 6350 (305) steps (0.0001 hrs) 0.00:0.00 8391 (9) sec
[567] Max 6350 (1639) steps (0.0005 hrs) 0.00:0.00 8403 (12) sec
[568] Max 6350 (1913) steps (0.0005 hrs) 0.00:0.00 8425 (22) sec
[569] Max 6350 (2065) steps (0.0006 hrs) 0.00:0.00 8454 (29) sec
[570] Max 6350 (2036) steps (0.0006 hrs) 0.00:0.00 8482 (28) sec
[571] Max 6350 (2508) steps (0.0007 hrs) 0.00:0.00 8511 (29) sec
[572] Max 6350 (630) steps (0.0002 hrs) 0.00:0.00 8519 (8) sec
[573] Max 6350 (1914) steps (0.0005 hrs) 0.00:0.00 8532 (13) sec
[574] Max 6350 (524) steps (0.0001 hrs) 0.00:0.00 8541 (9) sec
[575] Max 6350 (513) steps (0.0001 hrs) 0.00:0.00 8550 (9) sec
[576] Max 6350 (1841) steps (0.0005 hrs) 0.00:0.00 8563 (13) sec
[577] Max 6350 (2419) steps (0.0007 hrs) 0.00:0.00 8590 (27) sec
[578] Max 6350 (2504) steps (0.0007 hrs) 0.00:0.00 8602 (12) sec
[579] Max 6350 (1778) steps (0.0005 hrs) 0.00:0.00 8620 (18) sec
[580] Max 6350 (545) steps (0.0002 hrs) 0.00:0.00 8629 (9) sec
[581] Max 6350 (404) steps (0.0001 hrs) 0.00:0.00 8638 (9) sec
[582] Max 6350 (1271) steps (0.0004 hrs) 0.00:0.00 8647 (9) sec
[583] Max 6350 (3611) steps (0.0010 hrs) 0.00:0.00 8658 (11) sec
[584] Max 6350 (996) steps (0.0003 hrs) 0.00:0.00 8667 (9) sec
[585] Max 6350 (2067) steps (0.0006 hrs) 0.00:0.00 8693 (26) sec
[586] Max 6350 (2095) steps (0.0006 hrs) 0.00:0.00 8721 (28) sec
[587] Max 6350 (444) steps (0.0001 hrs) 0.00:0.00 8730 (9) sec
[588] Max 6350 (2396) steps (0.0007 hrs) 0.00:0.00 8759 (29) sec
[589] Max 6350 (2998) steps (0.0008 hrs) 0.00:0.00 8785 (26) sec
[590] Max 6350 (1271) steps (0.0004 hrs) 0.00:0.00 8795 (10) sec
[591] Max 6350 (1514) steps (0.0004 hrs) 0.00:0.00 8806 (11) sec
[592] Max 6350 (3730) steps (0.0010 hrs) 0.00:0.00 8815 (9) sec
[593] Max 6350 (822) steps (0.0002 hrs) 0.00:0.00 8824 (9) sec
[594] Max 6350 (1290) steps (0.0004 hrs) 0.00:0.00 8834 (10) sec
[595] Max 6350 (1280) steps (0.0004 hrs) 0.00:0.00 8844 (10) sec
[596] Max 6350 (711) steps (0.0002 hrs) 0.00:0.00 8853 (9) sec
[597] Max 6350 (2302) steps (0.0006 hrs) 0.00:0.00 8864 (11) sec
[598] Max 6350 (2488) steps (0.0007 hrs) 0.00:0.00 8892 (28) sec
[599] Max 6350 (952) steps (0.0003 hrs) 0.00:0.00 8901 (9) sec
[600] Max 6350 (2470) steps (0.0007 hrs) 0.00:0.00 8924 (23) sec
[601] Max 6350 (2018) steps (0.0006 hrs) 0.00:0.00 8952 (28) sec
[602] Max 6350 (2957) steps (0.0008 hrs) 0.00:0.00 8980 (28) sec
[603] Max 6350 (1894) steps (0.0005 hrs) 0.00:0.00 9000 (20) sec
[604] Max 6350 (1514) steps (0.0004 hrs) 0.00:0.00 9009 (9) sec
[605] Max 6350 (2175) steps (0.0006 hrs) 0.00:0.00 9036 (27) sec
[606] Max 6350 (1660) steps (0.0005 hrs) 0.00:0.00 9046 (10) sec
[607] Max 6350 (858) steps (0.0002 hrs) 0.00:0.00 9055 (9) sec
[608] Max 6350 (239) steps (0.0001 hrs) 0.00:0.00 9064 (9) sec
[609] Max 6350 (1934) steps (0.0005 hrs) 0.00:0.00 9075 (11) sec
[610] Max 6350 (2184) steps (0.0006 hrs) 0.00:0.00 9085 (10) sec
[611] Max 6350 (2496) steps (0.0007 hrs) 0.00:0.00 9101 (16) sec
[612] Max 6350 (349) steps (0.0001 hrs) 0.00:0.00 9111 (10) sec
[613] Max 6350 (1132) steps (0.0003 hrs) 0.00:0.00 9120 (9) sec
[614] Max 6350 (2045) steps (0.0006 hrs) 0.00:0.00 9141 (21) sec
[615] Max 6350 (1538) steps (0.0004 hrs) 0.00:0.00 9150 (9) sec
[616] Max 6350 (1988) steps (0.0006 hrs) 0.00:0.00 9159 (9) sec
[617] Max 6350 (2481) steps (0.0007 hrs) 0.00:0.00 9187 (28) sec
[618] Max 6350 (2224) steps (0.0006 hrs) 0.00:0.00 9215 (28) sec
[619] Max 6350 (2233) steps (0.0006 hrs) 0.00:0.00 9244 (29) sec
[620] Max 6350 (921) steps (0.0003 hrs) 0.00:0.00 9253 (9) sec
[621] Max 6350 (2095) steps (0.0006 hrs) 0.00:0.00 9280 (27) sec
[622] Max 6350 (332) steps (0.0001 hrs) 0.00:0.00 9289 (9) sec
[623] Max 6350 (2893) steps (0.0008 hrs) 0.00:0.00 9315 (26) sec
[624] Max 6350 (513) steps (0.0001 hrs) 0.00:0.00 9324 (9) sec
[625] Max 6350 (1905) steps (0.0005 hrs) 0.00:0.00 9352 (28) sec
[626] Max 6350 (1393) steps (0.0004 hrs) 0.00:0.00 9361 (9) sec
[627] Max 6350 (2249) steps (0.0006 hrs) 0.00:0.00 9376 (15) sec
[628] Max 6350 (2533) steps (0.0007 hrs) 0.00:0.00 9387 (11) sec
[629] Max 6350 (699) steps (0.0002 hrs) 0.00:0.00 9396 (9) sec
[630] Max 6350 (2838) steps (0.0008 hrs) 0.00:0.00 9421 (25) sec
[631] Max 6350 (1025) steps (0.0003 hrs) 0.00:0.00 9431 (10) sec
[632] Max 6350 (389) steps (0.0001 hrs) 0.00:0.00 9440 (9) sec
[633] Max 6350 (793) steps (0.0002 hrs) 0.00:0.00 9449 (9) sec
[634] Max 6350 (427) steps (0.0001 hrs) 0.00:0.00 9458 (9) sec
[635] Max 6350 (2372) steps (0.0007 hrs) 0.00:0.00 9486 (28) sec
[636] Max 6350 (1157) steps (0.0003 hrs) 0.00:0.00 9495 (9) sec
[637] Max 6350 (2361) steps (0.0007 hrs) 0.00:0.00 9504 (9) sec
[638] Max 6350 (2268) steps (0.0006 hrs) 0.00:0.00 9532 (28) sec
[639] Max 6350 (301) steps (0.0001 hrs) 0.00:0.00 9541 (9) sec
[640] Max 6350 (296) steps (0.0001 hrs) 0.00:0.00 9550 (9) sec
[641] Max 6350 (631) steps (0.0002 hrs) 0.00:0.00 9559 (9) sec
[642] Max 6350 (2876) steps (0.0008 hrs) 0.00:0.00 9585 (26) sec
[643] Max 6350 (925) steps (0.0003 hrs) 0.00:0.00 9595 (10) sec
[644] Max 6350 (2422) steps (0.0007 hrs) 0.00:0.00 9623 (28) sec
[645] Max 6350 (1235) steps (0.0003 hrs) 0.00:0.00 9632 (9) sec
[646] Max 6350 (244) steps (0.0001 hrs) 0.00:0.00 9641 (9) sec
[647] Max 6350 (2346) steps (0.0007 hrs) 0.00:0.00 9668 (27) sec
[648] Max 6350 (1886) steps (0.0005 hrs) 0.00:0.00 9680 (12) sec
[649] Max 6350 (2146) steps (0.0006 hrs) 0.00:0.00 9691 (11) sec
[650] Max 6350 (240) steps (0.0001 hrs) 0.00:0.00 9700 (9) sec
[651] Max 6350 (4457) steps (0.0012 hrs) 0.00:0.00 9728 (28) sec
[652] Max 6350 (696) steps (0.0002 hrs) 0.00:0.00 9737 (9) sec
[653] Max 6350 (1281) steps (0.0004 hrs) 0.00:0.00 9746 (9) sec
[654] Max 6350 (556) steps (0.0002 hrs) 0.00:0.00 9755 (9) sec
[655] Max 6350 (2283) steps (0.0006 hrs) 0.00:0.00 9783 (28) sec
[656] Max 6350 (1400) steps (0.0004 hrs) 0.00:0.00 9795 (12) sec
[657] Max 6350 (457) steps (0.0001 hrs) 0.00:0.00 9804 (9) sec
[658] Max 6350 (2297) steps (0.0006 hrs) 0.00:0.00 9829 (25) sec
[659] Max 6350 (2222) steps (0.0006 hrs) 0.00:0.00 9851 (22) sec
[660] Max 6350 (291) steps (0.0001 hrs) 0.00:0.00 9860 (9) sec
[661] Max 6350 (2472) steps (0.0007 hrs) 0.00:0.00 9886 (26) sec
[662] Max 6350 (2261) steps (0.0006 hrs) 0.00:0.00 9911 (25) sec
[663] Max 6350 (2961) steps (0.0008 hrs) 0.00:0.00 9938 (27) sec
[664] Max 6350 (1486) steps (0.0004 hrs) 0.00:0.00 9948 (10) sec
[665] Max 6350 (2044) steps (0.0006 hrs) 0.00:0.00 9972 (24) sec
[666] Max 6350 (1609) steps (0.0004 hrs) 0.00:0.00 9984 (12) sec
[667] Max 6350 (1716) steps (0.0005 hrs) 0.00:0.00 9993 (9) sec
[668] Max 6350 (226) steps (0.0001 hrs) 0.00:0.00 10003 (10) sec
[669] Max 6350 (1417) steps (0.0004 hrs) 0.00:0.00 10012 (9) sec
[670] Max 6350 (3166) steps (0.0009 hrs) 0.00:0.00 10040 (28) sec
[671] Max 6350 (1401) steps (0.0004 hrs) 0.00:0.00 10050 (10) sec
[672] Max 6350 (1476) steps (0.0004 hrs) 0.00:0.00 10059 (9) sec
[673] Max 6350 (1222) steps (0.0003 hrs) 0.00:0.00 10069 (10) sec
[674] Max 6350 (3357) steps (0.0009 hrs) 0.00:0.00 10098 (29) sec
[675] Max 6350 (2271) steps (0.0006 hrs) 0.00:0.00 10127 (29) sec
[676] Max 6350 (1592) steps (0.0004 hrs) 0.00:0.00 10136 (9) sec
[677] Max 6350 (420) steps (0.0001 hrs) 0.00:0.00 10145 (9) sec
[678] Max 6350 (1071) steps (0.0003 hrs) 0.00:0.00 10154 (9) sec
[679] Max 6350 (1104) steps (0.0003 hrs) 0.00:0.00 10163 (9) sec
[680] Max 6350 (1809) steps (0.0005 hrs) 0.00:0.00 10176 (13) sec
[681] Max 6350 (1209) steps (0.0003 hrs) 0.00:0.00 10186 (10) sec
[682] Max 6350 (1152) steps (0.0003 hrs) 0.00:0.00 10195 (9) sec
[683] Max 6350 (2326) steps (0.0006 hrs) 0.00:0.00 10215 (20) sec
[684] Max 6350 (3106) steps (0.0009 hrs) 0.00:0.00 10243 (28) sec
[685] Max 6350 (726) steps (0.0002 hrs) 0.00:0.00 10252 (9) sec
[686] Max 6350 (2186) steps (0.0006 hrs) 0.00:0.00 10275 (23) sec
[687] Max 6350 (3007) steps (0.0008 hrs) 0.00:0.00 10300 (25) sec
[688] Max 6350 (1324) steps (0.0004 hrs) 0.00:0.00 10309 (9) sec
[689] Max 6350 (2198) steps (0.0006 hrs) 0.00:0.00 10333 (24) sec
[690] Max 6350 (833) steps (0.0002 hrs) 0.00:0.00 10342 (9) sec
[691] Max 6350 (2120) steps (0.0006 hrs) 0.00:0.00 10370 (28) sec
[692] Max 6350 (1588) steps (0.0004 hrs) 0.00:0.00 10380 (10) sec
[693] Max 6350 (1326) steps (0.0004 hrs) 0.00:0.00 10389 (9) sec
[694] Max 6350 (169) steps (0.0000 hrs) 0.00:0.00 10398 (9) sec
[695] Max 6350 (2391) steps (0.0007 hrs) 0.00:0.00 10427 (29) sec
[696] Max 6350 (1912) steps (0.0005 hrs) 0.00:0.00 10455 (28) sec
[697] Max 6350 (1160) steps (0.0003 hrs) 0.00:0.00 10465 (10) sec
[698] Max 6350 (2055) steps (0.0006 hrs) 0.00:0.00 10474 (9) sec
[699] Max 6350 (292) steps (0.0001 hrs) 0.00:0.00 10483 (9) sec
[700] Max 6350 (911) steps (0.0003 hrs) 0.00:0.00 10492 (9) sec
[701] Max 6350 (1498) steps (0.0004 hrs) 0.00:0.00 10502 (10) sec
[702] Max 6350 (726) steps (0.0002 hrs) 0.00:0.00 10511 (9) sec
[703] Max 6350 (1891) steps (0.0005 hrs) 0.00:0.00 10538 (27) sec
[704] Max 6350 (2358) steps (0.0007 hrs) 0.00:0.00 10568 (30) sec
[705] Max 6350 (2207) steps (0.0006 hrs) 0.00:0.00 10595 (27) sec
[706] Max 6350 (884) steps (0.0002 hrs) 0.00:0.00 10604 (9) sec
[707] Max 6350 (1298) steps (0.0004 hrs) 0.00:0.00 10613 (9) sec
[708] Max 6350 (3544) steps (0.0010 hrs) 0.00:0.00 10625 (12) sec
[709] Max 6350 (722) steps (0.0002 hrs) 0.00:0.00 10634 (9) sec
[710] Max 6350 (911) steps (0.0003 hrs) 0.00:0.00 10643 (9) sec
[711] Max 6350 (1166) steps (0.0003 hrs) 0.00:0.00 10652 (9) sec
[712] Max 6350 (2640) steps (0.0007 hrs) 0.00:0.00 10680 (28) sec
[713] Max 6350 (2059) steps (0.0006 hrs) 0.00:0.00 10689 (9) sec
[714] Max 6350 (1137) steps (0.0003 hrs) 0.00:0.00 10698 (9) sec
[715] Max 6350 (2065) steps (0.0006 hrs) 0.00:0.00 10726 (28) sec
[716] Max 6350 (495) steps (0.0001 hrs) 0.00:0.00 10735 (9) sec
[717] Max 6350 (2172) steps (0.0006 hrs) 0.00:0.00 10750 (15) sec
[718] Max 6350 (227) steps (0.0001 hrs) 0.00:0.00 10759 (9) sec
[719] Max 6350 (1071) steps (0.0003 hrs) 0.00:0.00 10768 (9) sec
[720] Max 6350 (2262) steps (0.0006 hrs) 0.00:0.00 10785 (17) sec
[721] Max 6350 (1211) steps (0.0003 hrs) 0.00:0.00 10794 (9) sec
[722] Max 6350 (388) steps (0.0001 hrs) 0.00:0.00 10804 (10) sec
[723] Max 6350 (1903) steps (0.0005 hrs) 0.00:0.00 10817 (13) sec
[724] Max 6350 (551) steps (0.0002 hrs) 0.00:0.00 10826 (9) sec
[725] Max 6350 (1882) steps (0.0005 hrs) 0.00:0.00 10837 (11) sec
[726] Max 6350 (2090) steps (0.0006 hrs) 0.00:0.00 10865 (28) sec
[727] Max 6350 (428) steps (0.0001 hrs) 0.00:0.00 10874 (9) sec
[728] Max 6350 (2361) steps (0.0007 hrs) 0.00:0.00 10901 (27) sec
[729] Max 6350 (2536) steps (0.0007 hrs) 0.00:0.00 10929 (28) sec
[730] Max 6350 (422) steps (0.0001 hrs) 0.00:0.00 10938 (9) sec
[731] Max 6350 (1423) steps (0.0004 hrs) 0.00:0.00 10948 (10) sec
[732] Max 6350 (2100) steps (0.0006 hrs) 0.00:0.00 10974 (26) sec
[733] Max 6350 (2281) steps (0.0006 hrs) 0.00:0.00 11002 (28) sec
[734] Max 6350 (995) steps (0.0003 hrs) 0.00:0.00 11012 (10) sec
[735] Max 6350 (1999) steps (0.0006 hrs) 0.00:0.00 11040 (28) sec
[736] Max 6350 (2231) steps (0.0006 hrs) 0.00:0.00 11067 (27) sec
[737] Max 6350 (983) steps (0.0003 hrs) 0.00:0.00 11076 (9) sec
[738] Max 6350 (1302) steps (0.0004 hrs) 0.00:0.00 11087 (11) sec
[739] Max 6350 (2034) steps (0.0006 hrs) 0.00:0.00 11108 (21) sec
[740] Max 6350 (704) steps (0.0002 hrs) 0.00:0.00 11117 (9) sec
[741] Max 6350 (1786) steps (0.0005 hrs) 0.00:0.00 11136 (19) sec
[742] Max 6350 (1366) steps (0.0004 hrs) 0.00:0.00 11145 (9) sec
[743] Max 6350 (2339) steps (0.0006 hrs) 0.00:0.00 11174 (29) sec
[744] Max 6350 (2012) steps (0.0006 hrs) 0.00:0.00 11202 (28) sec
[745] Max 6350 (1538) steps (0.0004 hrs) 0.00:0.00 11212 (10) sec
[746] Max 6350 (2364) steps (0.0007 hrs) 0.00:0.00 11240 (28) sec
[747] Max 6350 (1864) steps (0.0005 hrs) 0.00:0.00 11268 (28) sec
[748] Max 6350 (2249) steps (0.0006 hrs) 0.00:0.00 11296 (28) sec
[749] Max 6350 (590) steps (0.0002 hrs) 0.00:0.00 11305 (9) sec
[750] Max 6350 (2863) steps (0.0008 hrs) 0.00:0.00 11315 (10) sec
[751] Max 6350 (1983) steps (0.0006 hrs) 0.00:0.00 11324 (9) sec
[752] Max 6350 (2208) steps (0.0006 hrs) 0.00:0.00 11352 (28) sec
[753] Max 6350 (525) steps (0.0001 hrs) 0.00:0.00 11361 (9) sec
[754] Max 6350 (1588) steps (0.0004 hrs) 0.00:0.00 11371 (10) sec
[755] Max 6350 (1788) steps (0.0005 hrs) 0.00:0.00 11395 (24) sec
[756] Max 6350 (1768) steps (0.0005 hrs) 0.00:0.00 11408 (13) sec
[757] Max 6350 (2314) steps (0.0006 hrs) 0.00:0.00 11432 (24) sec
[758] Max 6350 (704) steps (0.0002 hrs) 0.00:0.00 11441 (9) sec
[759] Max 6350 (1978) steps (0.0005 hrs) 0.00:0.00 11469 (28) sec
[760] Max 6350 (590) steps (0.0002 hrs) 0.00:0.00 11478 (9) sec
[761] Max 6350 (1626) steps (0.0005 hrs) 0.00:0.00 11491 (13) sec
[762] Max 6350 (2114) steps (0.0006 hrs) 0.00:0.00 11510 (19) sec
[763] Max 6350 (1662) steps (0.0005 hrs) 0.00:0.00 11521 (11) sec
[764] Max 6350 (295) steps (0.0001 hrs) 0.00:0.00 11530 (9) sec
[765] Max 6350 (1791) steps (0.0005 hrs) 0.00:0.00 11540 (10) sec
[766] Max 6350 (6250) steps (0.0017 hrs) 0.00:0.00 11553 (13) sec
[767] Max 6350 (373) steps (0.0001 hrs) 0.00:0.00 11562 (9) sec
[768] Max 6350 (183) steps (0.0001 hrs) 0.00:0.00 11571 (9) sec
[769] Max 6350 (2061) steps (0.0006 hrs) 0.00:0.00 11581 (10) sec
[770] Max 6350 (1636) steps (0.0005 hrs) 0.00:0.00 11592 (11) sec
[771] Max 6350 (1133) steps (0.0003 hrs) 0.00:0.00 11602 (10) sec
[772] Max 6350 (2049) steps (0.0006 hrs) 0.00:0.00 11629 (27) sec
[773] Max 6350 (735) steps (0.0002 hrs) 0.00:0.00 11638 (9) sec
[774] Max 6350 (2868) steps (0.0008 hrs) 0.00:0.00 11647 (9) sec
[775] Max 6350 (343) steps (0.0001 hrs) 0.00:0.00 11656 (9) sec
[776] Max 6350 (1446) steps (0.0004 hrs) 0.00:0.00 11667 (11) sec
[777] Max 6350 (1080) steps (0.0003 hrs) 0.00:0.00 11676 (9) sec
[778] Max 6350 (1406) steps (0.0004 hrs) 0.00:0.00 11685 (9) sec
[779] Max 6350 (1679) steps (0.0005 hrs) 0.00:0.00 11695 (10) sec
[780] Max 6350 (1993) steps (0.0006 hrs) 0.00:0.00 11704 (9) sec
[781] Max 6350 (2554) steps (0.0007 hrs) 0.00:0.00 11729 (25) sec
[782] Max 6350 (4371) steps (0.0012 hrs) 0.00:0.00 11748 (19) sec
[783] Max 6350 (3104) steps (0.0009 hrs) 0.00:0.00 11777 (29) sec
[784] Max 6350 (1837) steps (0.0005 hrs) 0.00:0.00 11799 (22) sec
[785] Max 6350 (814) steps (0.0002 hrs) 0.00:0.00 11808 (9) sec
[786] Max 6350 (172) steps (0.0000 hrs) 0.00:0.00 11818 (10) sec
[787] Max 6350 (4230) steps (0.0012 hrs) 0.00:0.00 11834 (16) sec
[788] Max 6350 (1371) steps (0.0004 hrs) 0.00:0.00 11844 (10) sec
[789] Max 6350 (602) steps (0.0002 hrs) 0.00:0.00 11853 (9) sec
[790] Max 6350 (2193) steps (0.0006 hrs) 0.00:0.00 11879 (26) sec
[791] Max 6350 (681) steps (0.0002 hrs) 0.00:0.00 11888 (9) sec
[792] Max 6350 (176) steps (0.0000 hrs) 0.00:0.00 11897 (9) sec
[793] Max 6350 (770) steps (0.0002 hrs) 0.00:0.00 11907 (10) sec
[794] Max 6350 (2380) steps (0.0007 hrs) 0.00:0.00 11927 (20) sec
[795] Max 6350 (1213) steps (0.0003 hrs) 0.00:0.00 11937 (10) sec
[796] Max 6350 (2743) steps (0.0008 hrs) 0.00:0.00 11955 (18) sec
[797] Max 6350 (936) steps (0.0003 hrs) 0.00:0.00 11964 (9) sec
[798] Max 6350 (2079) steps (0.0006 hrs) 0.00:0.00 11992 (28) sec
[799] Max 6350 (347) steps (0.0001 hrs) 0.00:0.00 12000 (8) sec
[800] Max 6350 (1635) steps (0.0005 hrs) 0.00:0.00 12012 (12) sec
[801] Max 6350 (2613) steps (0.0007 hrs) 0.00:0.00 12039 (27) sec
[802] Max 6350 (1868) steps (0.0005 hrs) 0.00:0.00 12048 (9) sec
[803] Max 6350 (1844) steps (0.0005 hrs) 0.00:0.00 12057 (9) sec
[804] Max 6350 (905) steps (0.0003 hrs) 0.00:0.00 12066 (9) sec
[805] Max 6350 (1504) steps (0.0004 hrs) 0.00:0.00 12077 (11) sec
[806] Max 6350 (1924) steps (0.0005 hrs) 0.00:0.00 12105 (28) sec
[807] Max 6350 (654) steps (0.0002 hrs) 0.00:0.00 12114 (9) sec
[808] Max 6350 (631) steps (0.0002 hrs) 0.00:0.00 12123 (9) sec
[809] Max 6350 (175) steps (0.0000 hrs) 0.00:0.00 12132 (9) sec
[810] Max 6350 (1707) steps (0.0005 hrs) 0.00:0.00 12142 (10) sec
[811] Max 6350 (1462) steps (0.0004 hrs) 0.00:0.00 12153 (11) sec
[812] Max 6350 (1263) steps (0.0004 hrs) 0.00:0.00 12162 (9) sec
[813] Max 6350 (1608) steps (0.0004 hrs) 0.00:0.00 12173 (11) sec
[814] Max 6350 (2360) steps (0.0007 hrs) 0.00:0.00 12200 (27) sec
[815] Max 6350 (2114) steps (0.0006 hrs) 0.00:0.00 12224 (24) sec
[816] Max 6350 (449) steps (0.0001 hrs) 0.00:0.00 12233 (9) sec
[817] Max 6350 (2598) steps (0.0007 hrs) 0.00:0.00 12257 (24) sec
[818] Max 6350 (1028) steps (0.0003 hrs) 0.00:0.00 12266 (9) sec
[819] Max 6350 (471) steps (0.0001 hrs) 0.00:0.00 12275 (9) sec
[820] Max 6350 (890) steps (0.0002 hrs) 0.00:0.00 12285 (10) sec
[821] Max 6350 (2971) steps (0.0008 hrs) 0.00:0.00 12314 (29) sec
[822] Max 6350 (1797) steps (0.0005 hrs) 0.00:0.00 12323 (9) sec
[823] Max 6350 (1801) steps (0.0005 hrs) 0.00:0.00 12338 (15) sec
[824] Max 6350 (287) steps (0.0001 hrs) 0.00:0.00 12346 (8) sec
[825] Max 6350 (3205) steps (0.0009 hrs) 0.00:0.00 12356 (10) sec
[826] Max 6350 (1694) steps (0.0005 hrs) 0.00:0.00 12368 (12) sec
[827] Max 6350 (1316) steps (0.0004 hrs) 0.00:0.00 12380 (12) sec
[828] Max 6350 (1608) steps (0.0004 hrs) 0.00:0.00 12389 (9) sec
[829] Max 6350 (2346) steps (0.0007 hrs) 0.00:0.00 12418 (29) sec
[830] Max 6350 (1881) steps (0.0005 hrs) 0.00:0.00 12444 (26) sec
[831] Max 6350 (1962) steps (0.0005 hrs) 0.00:0.00 12454 (10) sec
[832] Max 6350 (2333) steps (0.0006 hrs) 0.00:0.00 12480 (26) sec
[833] Max 6350 (1136) steps (0.0003 hrs) 0.00:0.00 12489 (9) sec
[834] Max 6350 (2645) steps (0.0007 hrs) 0.00:0.00 12514 (25) sec
[835] Max 6350 (2496) steps (0.0007 hrs) 0.00:0.00 12539 (25) sec
[836] Max 6350 (1794) steps (0.0005 hrs) 0.00:0.00 12554 (15) sec
[837] Max 6350 (2470) steps (0.0007 hrs) 0.00:0.00 12578 (24) sec
[838] Max 6350 (1696) steps (0.0005 hrs) 0.00:0.00 12587 (9) sec
[839] Max 6350 (573) steps (0.0002 hrs) 0.00:0.00 12596 (9) sec
[840] Max 6350 (2539) steps (0.0007 hrs) 0.00:0.00 12624 (28) sec
[841] Max 6350 (2159) steps (0.0006 hrs) 0.00:0.00 12653 (29) sec
[842] Max 6350 (2517) steps (0.0007 hrs) 0.00:0.00 12681 (28) sec
[843] Max 6350 (1330) steps (0.0004 hrs) 0.00:0.00 12690 (9) sec
[844] Max 6350 (882) steps (0.0002 hrs) 0.00:0.00 12699 (9) sec
[845] Max 6350 (350) steps (0.0001 hrs) 0.00:0.00 12708 (9) sec
[846] Max 6350 (2870) steps (0.0008 hrs) 0.00:0.00 12735 (27) sec
[847] Max 6350 (1654) steps (0.0005 hrs) 0.00:0.00 12745 (10) sec
[848] Max 6350 (1264) steps (0.0004 hrs) 0.00:0.00 12754 (9) sec
[849] Max 6350 (2431) steps (0.0007 hrs) 0.00:0.00 12780 (26) sec
[850] Max 6350 (1690) steps (0.0005 hrs) 0.00:0.00 12791 (11) sec
[851] Max 6350 (2218) steps (0.0006 hrs) 0.00:0.00 12820 (29) sec
[852] Max 6350 (1949) steps (0.0005 hrs) 0.00:0.00 12829 (9) sec
[853] Max 6350 (2063) steps (0.0006 hrs) 0.00:0.00 12841 (12) sec
[854] Max 6350 (1179) steps (0.0003 hrs) 0.00:0.00 12849 (8) sec
[855] Max 6350 (2794) steps (0.0008 hrs) 0.00:0.00 12874 (25) sec
[856] Max 6350 (2809) steps (0.0008 hrs) 0.00:0.00 12883 (9) sec
[857] Max 6350 (1081) steps (0.0003 hrs) 0.00:0.00 12892 (9) sec
[858] Max 6350 (1677) steps (0.0005 hrs) 0.00:0.00 12902 (10) sec
[859] Max 6350 (2436) steps (0.0007 hrs) 0.00:0.00 12930 (28) sec
[860] Max 6350 (1813) steps (0.0005 hrs) 0.00:0.00 12952 (22) sec
[861] Max 6350 (1893) steps (0.0005 hrs) 0.00:0.00 12979 (27) sec
[862] Max 6350 (1145) steps (0.0003 hrs) 0.00:0.00 12988 (9) sec
[863] Max 6350 (3123) steps (0.0009 hrs) 0.00:0.00 13015 (27) sec
[864] Max 6350 (331) steps (0.0001 hrs) 0.00:0.00 13024 (9) sec
[865] Max 6350 (472) steps (0.0001 hrs) 0.00:0.00 13033 (9) sec
[866] Max 6350 (291) steps (0.0001 hrs) 0.00:0.00 13042 (9) sec
[867] Max 6350 (547) steps (0.0002 hrs) 0.00:0.00 13052 (10) sec
[868] Max 6350 (970) steps (0.0003 hrs) 0.00:0.00 13061 (9) sec
[869] Max 6350 (2033) steps (0.0006 hrs) 0.00:0.00 13089 (28) sec
[870] Max 6350 (1058) steps (0.0003 hrs) 0.00:0.00 13098 (9) sec
[871] Max 6350 (1478) steps (0.0004 hrs) 0.00:0.00 13108 (10) sec
[872] Max 6350 (1010) steps (0.0003 hrs) 0.00:0.00 13117 (9) sec
[873] Max 6350 (1933) steps (0.0005 hrs) 0.00:0.00 13146 (29) sec
[874] Max 6350 (282) steps (0.0001 hrs) 0.00:0.00 13154 (8) sec
[875] Max 6350 (1363) steps (0.0004 hrs) 0.00:0.00 13164 (10) sec
[876] Max 6350 (1878) steps (0.0005 hrs) 0.00:0.00 13173 (9) sec
[877] Max 6350 (1467) steps (0.0004 hrs) 0.00:0.00 13183 (10) sec
[878] Max 6350 (1896) steps (0.0005 hrs) 0.00:0.00 13193 (10) sec
[879] Max 6350 (1012) steps (0.0003 hrs) 0.00:0.00 13202 (9) sec
[880] Max 6350 (2146) steps (0.0006 hrs) 0.00:0.00 13230 (28) sec
[881] Max 6350 (2726) steps (0.0008 hrs) 0.00:0.00 13249 (19) sec
[882] Max 6350 (1021) steps (0.0003 hrs) 0.00:0.00 13259 (10) sec
[883] Max 6350 (2188) steps (0.0006 hrs) 0.00:0.00 13275 (16) sec
[884] Max 6350 (2822) steps (0.0008 hrs) 0.00:0.00 13303 (28) sec
[885] Max 6350 (1979) steps (0.0005 hrs) 0.00:0.00 13320 (17) sec
[886] Max 6350 (2283) steps (0.0006 hrs) 0.00:0.00 13348 (28) sec
[887] Max 6350 (1579) steps (0.0004 hrs) 0.00:0.00 13358 (10) sec
[888] Max 6350 (1874) steps (0.0005 hrs) 0.00:0.00 13367 (9) sec
[889] Max 6350 (1996) steps (0.0006 hrs) 0.00:0.00 13377 (10) sec
[890] Max 6350 (2338) steps (0.0006 hrs) 0.00:0.00 13405 (28) sec
[891] Max 6350 (1233) steps (0.0003 hrs) 0.00:0.00 13414 (9) sec
[892] Max 6350 (1972) steps (0.0005 hrs) 0.00:0.00 13435 (21) sec
[893] Max 6350 (2265) steps (0.0006 hrs) 0.00:0.00 13462 (27) sec
[894] Max 6350 (2326) steps (0.0006 hrs) 0.00:0.00 13489 (27) sec
[895] Max 6350 (2489) steps (0.0007 hrs) 0.00:0.00 13515 (26) sec
[896] Max 6350 (390) steps (0.0001 hrs) 0.00:0.00 13524 (9) sec
[897] Max 6350 (718) steps (0.0002 hrs) 0.00:0.00 13533 (9) sec
[898] Max 6350 (263) steps (0.0001 hrs) 0.00:0.00 13542 (9) sec
[899] Max 6350 (959) steps (0.0003 hrs) 0.00:0.00 13552 (10) sec
[900] Max 6350 (338) steps (0.0001 hrs) 0.00:0.00 13561 (9) sec
[901] Max 6350 (943) steps (0.0003 hrs) 0.00:0.00 13570 (9) sec
[902] Max 6350 (613) steps (0.0002 hrs) 0.00:0.00 13579 (9) sec
[903] Max 6350 (1094) steps (0.0003 hrs) 0.00:0.00 13588 (9) sec
[904] Max 6350 (170) steps (0.0000 hrs) 0.00:0.00 13597 (9) sec
[905] Max 6350 (459) steps (0.0001 hrs) 0.00:0.00 13606 (9) sec
[906] Max 6350 (1477) steps (0.0004 hrs) 0.00:0.00 13618 (12) sec
[907] Max 6350 (2448) steps (0.0007 hrs) 0.00:0.00 13627 (9) sec
[908] Max 6350 (1089) steps (0.0003 hrs) 0.00:0.00 13636 (9) sec
[909] Max 6350 (2455) steps (0.0007 hrs) 0.00:0.00 13663 (27) sec
[910] Max 6350 (1128) steps (0.0003 hrs) 0.00:0.00 13672 (9) sec
[911] Max 6350 (325) steps (0.0001 hrs) 0.00:0.00 13681 (9) sec
[912] Max 6350 (1478) steps (0.0004 hrs) 0.00:0.00 13691 (10) sec
[913] Max 6350 (1055) steps (0.0003 hrs) 0.00:0.00 13700 (9) sec
[914] Max 6350 (1734) steps (0.0005 hrs) 0.00:0.00 13710 (10) sec
[915] Max 6350 (1378) steps (0.0004 hrs) 0.00:0.00 13720 (10) sec
[916] Max 6350 (2179) steps (0.0006 hrs) 0.00:0.00 13732 (12) sec
[917] Max 6350 (368) steps (0.0001 hrs) 0.00:0.00 13740 (8) sec
[918] Max 6524 (6524) steps (0.0018 hrs) 0.00:0.00 13751 (11) sec
[919] Max 6524 (2253) steps (0.0006 hrs) 0.00:0.00 13762 (11) sec
[920] Max 6524 (2153) steps (0.0006 hrs) 0.00:0.00 13778 (16) sec
[921] Max 6524 (236) steps (0.0001 hrs) 0.00:0.00 13787 (9) sec
[922] Max 6524 (188) steps (0.0001 hrs) 0.00:0.00 13796 (9) sec
[923] Max 6524 (1886) steps (0.0005 hrs) 0.00:0.00 13809 (13) sec
[924] Max 6524 (291) steps (0.0001 hrs) 0.00:0.00 13819 (10) sec
[925] Max 6524 (618) steps (0.0002 hrs) 0.00:0.00 13828 (9) sec
[926] Max 6524 (2091) steps (0.0006 hrs) 0.00:0.00 13855 (27) sec
[927] Max 6524 (1453) steps (0.0004 hrs) 0.00:0.00 13865 (10) sec
[928] Max 6524 (2326) steps (0.0006 hrs) 0.00:0.00 13893 (28) sec
[929] Max 6524 (1934) steps (0.0005 hrs) 0.00:0.00 13920 (27) sec
[930] Max 6524 (2156) steps (0.0006 hrs) 0.00:0.00 13941 (21) sec
[931] Max 6524 (2935) steps (0.0008 hrs) 0.00:0.00 13969 (28) sec
[932] Max 6524 (935) steps (0.0003 hrs) 0.00:0.00 13978 (9) sec
[933] Max 6524 (2242) steps (0.0006 hrs) 0.00:0.00 14001 (23) sec
[934] Max 6524 (2102) steps (0.0006 hrs) 0.00:0.00 14025 (24) sec
[935] Max 6524 (1294) steps (0.0004 hrs) 0.00:0.00 14034 (9) sec
[936] Max 6524 (422) steps (0.0001 hrs) 0.00:0.00 14043 (9) sec
[937] Max 6524 (1728) steps (0.0005 hrs) 0.00:0.00 14054 (11) sec
[938] Max 6524 (2078) steps (0.0006 hrs) 0.00:0.00 14067 (13) sec
[939] Max 6524 (1509) steps (0.0004 hrs) 0.00:0.00 14077 (10) sec
[940] Max 6524 (2644) steps (0.0007 hrs) 0.00:0.00 14105 (28) sec
[941] Max 6524 (3090) steps (0.0009 hrs) 0.00:0.00 14114 (9) sec
[942] Max 6524 (2180) steps (0.0006 hrs) 0.00:0.00 14141 (27) sec
[943] Max 6524 (2450) steps (0.0007 hrs) 0.00:0.00 14169 (28) sec
[944] Max 6524 (2646) steps (0.0007 hrs) 0.00:0.00 14195 (26) sec
[945] Max 6524 (1652) steps (0.0005 hrs) 0.00:0.00 14206 (11) sec
[946] Max 6524 (2078) steps (0.0006 hrs) 0.00:0.00 14233 (27) sec
[947] Max 6524 (1443) steps (0.0004 hrs) 0.00:0.00 14243 (10) sec
[948] Max 6524 (564) steps (0.0002 hrs) 0.00:0.00 14252 (9) sec
[949] Max 6524 (3279) steps (0.0009 hrs) 0.00:0.00 14275 (23) sec
[950] Max 6524 (699) steps (0.0002 hrs) 0.00:0.00 14283 (8) sec
[951] Max 6524 (1977) steps (0.0005 hrs) 0.00:0.00 14309 (26) sec
[952] Max 6524 (625) steps (0.0002 hrs) 0.00:0.00 14319 (10) sec
[953] Max 6524 (1144) steps (0.0003 hrs) 0.00:0.00 14328 (9) sec
[954] Max 6524 (707) steps (0.0002 hrs) 0.00:0.00 14337 (9) sec
[955] Max 6524 (3039) steps (0.0008 hrs) 0.00:0.00 14365 (28) sec
[956] Max 6524 (1100) steps (0.0003 hrs) 0.00:0.00 14375 (10) sec
[957] Max 6524 (2169) steps (0.0006 hrs) 0.00:0.00 14403 (28) sec
[958] Max 6524 (2511) steps (0.0007 hrs) 0.00:0.00 14430 (27) sec
[959] Max 6524 (1452) steps (0.0004 hrs) 0.00:0.00 14439 (9) sec
[960] Max 6524 (360) steps (0.0001 hrs) 0.00:0.00 14448 (9) sec
[961] Max 6524 (3725) steps (0.0010 hrs) 0.00:0.00 14458 (10) sec
[962] Max 6524 (770) steps (0.0002 hrs) 0.00:0.00 14468 (10) sec
[963] Max 6524 (2565) steps (0.0007 hrs) 0.00:0.00 14495 (27) sec
[964] Max 6524 (1513) steps (0.0004 hrs) 0.00:0.00 14504 (9) sec
[965] Max 6524 (1064) steps (0.0003 hrs) 0.00:0.00 14513 (9) sec
[966] Max 6524 (1345) steps (0.0004 hrs) 0.00:0.00 14523 (10) sec
[967] Max 6524 (1028) steps (0.0003 hrs) 0.00:0.00 14532 (9) sec
[968] Max 6524 (199) steps (0.0001 hrs) 0.00:0.00 14541 (9) sec
[969] Max 6524 (827) steps (0.0002 hrs) 0.00:0.00 14550 (9) sec
[970] Max 6524 (556) steps (0.0002 hrs) 0.00:0.00 14559 (9) sec
[971] Max 6524 (370) steps (0.0001 hrs) 0.00:0.00 14569 (10) sec
[972] Max 6524 (264) steps (0.0001 hrs) 0.00:0.00 14578 (9) sec
[973] Max 6524 (1123) steps (0.0003 hrs) 0.00:0.00 14588 (10) sec
[974] Max 6524 (1135) steps (0.0003 hrs) 0.00:0.00 14598 (10) sec
[975] Max 6524 (582) steps (0.0002 hrs) 0.00:0.00 14607 (9) sec
[976] Max 6524 (289) steps (0.0001 hrs) 0.00:0.00 14616 (9) sec
[977] Max 6524 (2458) steps (0.0007 hrs) 0.00:0.00 14644 (28) sec
[978] Max 6524 (534) steps (0.0001 hrs) 0.00:0.00 14653 (9) sec
[979] Max 6524 (2226) steps (0.0006 hrs) 0.00:0.00 14670 (17) sec
[980] Max 6524 (2081) steps (0.0006 hrs) 0.00:0.00 14698 (28) sec
[981] Max 6524 (3051) steps (0.0008 hrs) 0.00:0.00 14725 (27) sec
[982] Max 6524 (1970) steps (0.0005 hrs) 0.00:0.00 14754 (29) sec
[983] Max 6524 (1207) steps (0.0003 hrs) 0.00:0.00 14763 (9) sec
[984] Max 6524 (2882) steps (0.0008 hrs) 0.00:0.00 14776 (13) sec
[985] Max 6524 (1333) steps (0.0004 hrs) 0.00:0.00 14786 (10) sec
[986] Max 6524 (2267) steps (0.0006 hrs) 0.00:0.00 14810 (24) sec
[987] Max 6524 (1925) steps (0.0005 hrs) 0.00:0.00 14819 (9) sec
[988] Max 6524 (2235) steps (0.0006 hrs) 0.00:0.00 14847 (28) sec
[989] Max 6524 (2350) steps (0.0007 hrs) 0.00:0.00 14875 (28) sec
[990] Max 6524 (1531) steps (0.0004 hrs) 0.00:0.00 14884 (9) sec
[991] Max 6524 (3019) steps (0.0008 hrs) 0.00:0.00 14913 (29) sec
[992] Max 6524 (2096) steps (0.0006 hrs) 0.00:0.00 14938 (25) sec
[993] Max 6524 (1465) steps (0.0004 hrs) 0.00:0.00 14948 (10) sec
[994] Max 6524 (1123) steps (0.0003 hrs) 0.00:0.00 14957 (9) sec
[995] Max 6524 (2141) steps (0.0006 hrs) 0.00:0.00 14986 (29) sec
[996] Max 6524 (634) steps (0.0002 hrs) 0.00:0.00 14995 (9) sec
[997] Max 6524 (335) steps (0.0001 hrs) 0.00:0.00 15004 (9) sec
[998] Max 6524 (1488) steps (0.0004 hrs) 0.00:0.00 15013 (9) sec
[999] Max 6524 (633) steps (0.0002 hrs) 0.00:0.00 15022 (9) sec
[1000] Max 6524 (178) steps (0.0000 hrs) 0.00:0.00 15031 (9) sec
Total Elapsed time: 15031 seconds
Wrote current data to latest.train
