balanced 0 test_flag 0
[1] Max 1312 (1312) steps (0.0004 hrs) 0.00:0.00 10 (10) sec
[2] Max 1312 (1148) steps (0.0003 hrs) 0.00:0.00 19 (9) sec
[3] Max 2214 (2214) steps (0.0006 hrs) 0.00:0.00 48 (29) sec
[4] Max 2214 (1380) steps (0.0004 hrs) 0.00:0.00 57 (9) sec
[5] Max 2214 (1137) steps (0.0003 hrs) 0.00:0.00 66 (9) sec
[6] Max 2214 (397) steps (0.0001 hrs) 0.00:0.00 74 (8) sec
[7] Max 2214 (218) steps (0.0001 hrs) 0.00:0.00 83 (9) sec
[8] Max 2214 (831) steps (0.0002 hrs) 0.00:0.00 91 (8) sec
[9] Max 2214 (616) steps (0.0002 hrs) 0.00:0.00 100 (9) sec
[10] Max 2214 (1939) steps (0.0005 hrs) 0.00:0.00 127 (27) sec
[11] Max 2214 (1812) steps (0.0005 hrs) 0.00:0.00 139 (12) sec
[12] Max 2602 (2602) steps (0.0007 hrs) 0.00:0.00 171 (32) sec
[13] Max 2602 (1709) steps (0.0005 hrs) 0.00:0.00 181 (10) sec
[14] Max 2602 (1110) steps (0.0003 hrs) 0.00:0.00 190 (9) sec
[15] Max 2659 (2659) steps (0.0007 hrs) 0.00:0.00 211 (21) sec
[16] Max 2659 (2011) steps (0.0006 hrs) 0.00:0.00 223 (12) sec
[17] Max 2659 (688) steps (0.0002 hrs) 0.00:0.00 232 (9) sec
[18] Max 2659 (250) steps (0.0001 hrs) 0.00:0.00 240 (8) sec
[19] Max 2659 (2422) steps (0.0007 hrs) 0.00:0.00 264 (24) sec
[20] Max 2659 (1464) steps (0.0004 hrs) 0.00:0.00 273 (9) sec
[21] Max 2659 (602) steps (0.0002 hrs) 0.00:0.00 282 (9) sec
[22] Max 2659 (1702) steps (0.0005 hrs) 0.00:0.00 292 (10) sec
[23] Max 2659 (1202) steps (0.0003 hrs) 0.00:0.00 301 (9) sec
[24] Max 2659 (1806) steps (0.0005 hrs) 0.00:0.00 321 (20) sec
[25] Max 2659 (761) steps (0.0002 hrs) 0.00:0.00 329 (8) sec
[26] Max 2659 (563) steps (0.0002 hrs) 0.00:0.00 338 (9) sec
[27] Max 2659 (1231) steps (0.0003 hrs) 0.00:0.00 347 (9) sec
[28] Max 2800 (2800) steps (0.0008 hrs) 0.00:0.00 357 (10) sec
[29] Max 2800 (161) steps (0.0000 hrs) 0.00:0.00 365 (8) sec
[30] Max 2800 (2229) steps (0.0006 hrs) 0.00:0.00 395 (30) sec
[31] Max 3008 (3008) steps (0.0008 hrs) 0.00:0.00 421 (26) sec
[32] Max 3008 (867) steps (0.0002 hrs) 0.00:0.00 430 (9) sec
[33] Max 3008 (1346) steps (0.0004 hrs) 0.00:0.00 439 (9) sec
[34] Max 3008 (1097) steps (0.0003 hrs) 0.00:0.00 448 (9) sec
[35] Max 3008 (1409) steps (0.0004 hrs) 0.00:0.00 459 (11) sec
[36] Max 3008 (383) steps (0.0001 hrs) 0.00:0.00 468 (9) sec
[37] Max 3008 (306) steps (0.0001 hrs) 0.00:0.00 477 (9) sec
[38] Max 3008 (2097) steps (0.0006 hrs) 0.00:0.00 487 (10) sec
[39] Max 3008 (1360) steps (0.0004 hrs) 0.00:0.00 496 (9) sec
[40] Max 3008 (904) steps (0.0003 hrs) 0.00:0.00 505 (9) sec
[41] Max 3008 (2437) steps (0.0007 hrs) 0.00:0.00 516 (11) sec
[42] Max 3008 (2423) steps (0.0007 hrs) 0.00:0.00 546 (30) sec
[43] Max 3008 (2526) steps (0.0007 hrs) 0.00:0.00 576 (30) sec
[44] Max 3775 (3775) steps (0.0010 hrs) 0.00:0.00 602 (26) sec
[45] Max 3775 (1231) steps (0.0003 hrs) 0.00:0.00 612 (10) sec
[46] Max 3775 (155) steps (0.0000 hrs) 0.00:0.00 620 (8) sec
[47] Max 3775 (1098) steps (0.0003 hrs) 0.00:0.00 629 (9) sec
[48] Max 3775 (2616) steps (0.0007 hrs) 0.00:0.00 660 (31) sec
[49] Max 3775 (1064) steps (0.0003 hrs) 0.00:0.00 669 (9) sec
[50] Max 3775 (2061) steps (0.0006 hrs) 0.00:0.00 698 (29) sec
[51] Max 3775 (2775) steps (0.0008 hrs) 0.00:0.00 729 (31) sec
[52] Max 3775 (209) steps (0.0001 hrs) 0.00:0.00 737 (8) sec
[53] Max 3775 (1589) steps (0.0004 hrs) 0.00:0.00 747 (10) sec
[54] Max 3775 (1845) steps (0.0005 hrs) 0.00:0.00 757 (10) sec
[55] Max 3775 (2720) steps (0.0008 hrs) 0.00:0.00 788 (31) sec
[56] Max 3775 (2232) steps (0.0006 hrs) 0.00:0.00 818 (30) sec
[57] Max 3775 (914) steps (0.0003 hrs) 0.00:0.00 827 (9) sec
[58] Max 3775 (385) steps (0.0001 hrs) 0.00:0.00 836 (9) sec
[59] Max 3775 (789) steps (0.0002 hrs) 0.00:0.00 845 (9) sec
[60] Max 3775 (970) steps (0.0003 hrs) 0.00:0.00 854 (9) sec
[61] Max 3775 (1998) steps (0.0006 hrs) 0.00:0.00 885 (31) sec
[62] Max 3775 (2115) steps (0.0006 hrs) 0.00:0.00 905 (20) sec
[63] Max 3775 (674) steps (0.0002 hrs) 0.00:0.00 914 (9) sec
[64] Max 3775 (2765) steps (0.0008 hrs) 0.00:0.00 944 (30) sec
[65] Max 3775 (256) steps (0.0001 hrs) 0.00:0.00 953 (9) sec
[66] Max 3775 (513) steps (0.0001 hrs) 0.00:0.00 961 (8) sec
[67] Max 3775 (3060) steps (0.0009 hrs) 0.00:0.00 990 (29) sec
[68] Max 3775 (355) steps (0.0001 hrs) 0.00:0.00 999 (9) sec
[69] Max 3775 (435) steps (0.0001 hrs) 0.00:0.00 1007 (8) sec
[70] Max 3775 (687) steps (0.0002 hrs) 0.00:0.00 1016 (9) sec
[71] Max 3775 (1847) steps (0.0005 hrs) 0.00:0.00 1045 (29) sec
[72] Max 3775 (2203) steps (0.0006 hrs) 0.00:0.00 1075 (30) sec
[73] Max 3775 (211) steps (0.0001 hrs) 0.00:0.00 1083 (8) sec
[74] Max 3775 (589) steps (0.0002 hrs) 0.00:0.00 1092 (9) sec
[75] Max 3775 (1215) steps (0.0003 hrs) 0.00:0.00 1101 (9) sec
[76] Max 3775 (1477) steps (0.0004 hrs) 0.00:0.00 1110 (9) sec
[77] Max 3775 (2410) steps (0.0007 hrs) 0.00:0.00 1137 (27) sec
[78] Max 3775 (1103) steps (0.0003 hrs) 0.00:0.00 1146 (9) sec
[79] Max 3775 (3371) steps (0.0009 hrs) 0.00:0.00 1174 (28) sec
[80] Max 3775 (2038) steps (0.0006 hrs) 0.00:0.00 1184 (10) sec
[81] Max 3775 (2847) steps (0.0008 hrs) 0.00:0.00 1214 (30) sec
[82] Max 3775 (327) steps (0.0001 hrs) 0.00:0.00 1222 (8) sec
[83] Max 3775 (2441) steps (0.0007 hrs) 0.00:0.00 1251 (29) sec
[84] Max 3775 (2560) steps (0.0007 hrs) 0.00:0.00 1281 (30) sec
[85] Max 3775 (1182) steps (0.0003 hrs) 0.00:0.00 1290 (9) sec
[86] Max 3775 (798) steps (0.0002 hrs) 0.00:0.00 1298 (8) sec
[87] Max 3775 (966) steps (0.0003 hrs) 0.00:0.00 1307 (9) sec
[88] Max 3775 (2604) steps (0.0007 hrs) 0.00:0.00 1330 (23) sec
[89] Max 3775 (1278) steps (0.0004 hrs) 0.00:0.00 1339 (9) sec
[90] Max 3930 (3930) steps (0.0011 hrs) 0.00:0.00 1349 (10) sec
[91] Max 3930 (2873) steps (0.0008 hrs) 0.00:0.00 1370 (21) sec
[92] Max 3930 (672) steps (0.0002 hrs) 0.00:0.00 1379 (9) sec
[93] Max 3930 (1765) steps (0.0005 hrs) 0.00:0.00 1390 (11) sec
[94] Max 3930 (823) steps (0.0002 hrs) 0.00:0.00 1399 (9) sec
[95] Max 3930 (3101) steps (0.0009 hrs) 0.00:0.00 1414 (15) sec
[96] Max 3930 (968) steps (0.0003 hrs) 0.00:0.00 1423 (9) sec
[97] Max 3930 (3282) steps (0.0009 hrs) 0.00:0.00 1446 (23) sec
[98] Max 3930 (1703) steps (0.0005 hrs) 0.00:0.00 1457 (11) sec
[99] Max 3930 (1530) steps (0.0004 hrs) 0.00:0.00 1471 (14) sec
[100] Max 3930 (1585) steps (0.0004 hrs) 0.00:0.00 1480 (9) sec
[101] Max 3930 (2527) steps (0.0007 hrs) 0.00:0.00 1501 (21) sec
[102] Max 3930 (1361) steps (0.0004 hrs) 0.00:0.00 1510 (9) sec
[103] Max 3930 (2094) steps (0.0006 hrs) 0.00:0.00 1539 (29) sec
[104] Max 3930 (2370) steps (0.0007 hrs) 0.00:0.00 1568 (29) sec
[105] Max 3930 (2532) steps (0.0007 hrs) 0.00:0.00 1594 (26) sec
[106] Max 3930 (860) steps (0.0002 hrs) 0.00:0.00 1602 (8) sec
[107] Max 3930 (615) steps (0.0002 hrs) 0.00:0.00 1611 (9) sec
[108] Max 3930 (2170) steps (0.0006 hrs) 0.00:0.00 1642 (31) sec
[109] Max 3930 (1905) steps (0.0005 hrs) 0.00:0.00 1663 (21) sec
[110] Max 3930 (462) steps (0.0001 hrs) 0.00:0.00 1672 (9) sec
[111] Max 3930 (822) steps (0.0002 hrs) 0.00:0.00 1680 (8) sec
[112] Max 3930 (733) steps (0.0002 hrs) 0.00:0.00 1689 (9) sec
[113] Max 3930 (297) steps (0.0001 hrs) 0.00:0.00 1698 (9) sec
[114] Max 3930 (2261) steps (0.0006 hrs) 0.00:0.00 1729 (31) sec
[115] Max 3930 (774) steps (0.0002 hrs) 0.00:0.00 1738 (9) sec
[116] Max 3930 (477) steps (0.0001 hrs) 0.00:0.00 1747 (9) sec
[117] Max 3930 (1044) steps (0.0003 hrs) 0.00:0.00 1756 (9) sec
[118] Max 3930 (2151) steps (0.0006 hrs) 0.00:0.00 1786 (30) sec
[119] Max 3930 (2019) steps (0.0006 hrs) 0.00:0.00 1807 (21) sec
[120] Max 3930 (1927) steps (0.0005 hrs) 0.00:0.00 1816 (9) sec
[121] Max 3930 (2283) steps (0.0006 hrs) 0.00:0.00 1846 (30) sec
[122] Max 3930 (1454) steps (0.0004 hrs) 0.00:0.00 1855 (9) sec
[123] Max 3930 (503) steps (0.0001 hrs) 0.00:0.00 1863 (8) sec
[124] Max 3930 (878) steps (0.0002 hrs) 0.00:0.00 1872 (9) sec
[125] Max 3930 (2009) steps (0.0006 hrs) 0.00:0.00 1887 (15) sec
[126] Max 3930 (826) steps (0.0002 hrs) 0.00:0.00 1895 (8) sec
[127] Max 3930 (2093) steps (0.0006 hrs) 0.00:0.00 1923 (28) sec
[128] Max 3930 (2627) steps (0.0007 hrs) 0.00:0.00 1940 (17) sec
[129] Max 3930 (406) steps (0.0001 hrs) 0.00:0.00 1949 (9) sec
[130] Max 3930 (446) steps (0.0001 hrs) 0.00:0.00 1958 (9) sec
[131] Max 3930 (2003) steps (0.0006 hrs) 0.00:0.00 1988 (30) sec
[132] Max 3930 (2564) steps (0.0007 hrs) 0.00:0.00 2019 (31) sec
[133] Max 3930 (1270) steps (0.0004 hrs) 0.00:0.00 2028 (9) sec
[134] Max 3930 (281) steps (0.0001 hrs) 0.00:0.00 2037 (9) sec
[135] Max 3930 (1937) steps (0.0005 hrs) 0.00:0.00 2047 (10) sec
[136] Max 3930 (2343) steps (0.0007 hrs) 0.00:0.00 2076 (29) sec
[137] Max 3930 (507) steps (0.0001 hrs) 0.00:0.00 2085 (9) sec
[138] Max 3930 (2454) steps (0.0007 hrs) 0.00:0.00 2110 (25) sec
[139] Max 3930 (1579) steps (0.0004 hrs) 0.00:0.00 2120 (10) sec
[140] Max 3930 (2110) steps (0.0006 hrs) 0.00:0.00 2150 (30) sec
[141] Max 3930 (582) steps (0.0002 hrs) 0.00:0.00 2158 (8) sec
[142] Max 3930 (2656) steps (0.0007 hrs) 0.00:0.00 2187 (29) sec
[143] Max 3930 (772) steps (0.0002 hrs) 0.00:0.00 2196 (9) sec
[144] Max 3930 (2900) steps (0.0008 hrs) 0.00:0.00 2226 (30) sec
[145] Max 3930 (1053) steps (0.0003 hrs) 0.00:0.00 2234 (8) sec
[146] Max 3930 (2164) steps (0.0006 hrs) 0.00:0.00 2259 (25) sec
[147] Max 3930 (1096) steps (0.0003 hrs) 0.00:0.00 2268 (9) sec
[148] Max 3930 (2311) steps (0.0006 hrs) 0.00:0.00 2298 (30) sec
[149] Max 3930 (1236) steps (0.0003 hrs) 0.00:0.00 2308 (10) sec
[150] Max 3930 (1245) steps (0.0003 hrs) 0.00:0.00 2317 (9) sec
[151] Max 3930 (1805) steps (0.0005 hrs) 0.00:0.00 2338 (21) sec
[152] Max 3930 (1867) steps (0.0005 hrs) 0.00:0.00 2359 (21) sec
[153] Max 3930 (2175) steps (0.0006 hrs) 0.00:0.00 2387 (28) sec
[154] Max 3930 (1207) steps (0.0003 hrs) 0.00:0.00 2396 (9) sec
[155] Max 3930 (2513) steps (0.0007 hrs) 0.00:0.00 2426 (30) sec
[156] Max 3930 (346) steps (0.0001 hrs) 0.00:0.00 2434 (8) sec
[157] Max 3930 (2919) steps (0.0008 hrs) 0.00:0.00 2460 (26) sec
[158] Max 3930 (366) steps (0.0001 hrs) 0.00:0.00 2469 (9) sec
[159] Max 3930 (2066) steps (0.0006 hrs) 0.00:0.00 2489 (20) sec
[160] Max 3930 (333) steps (0.0001 hrs) 0.00:0.00 2497 (8) sec
[161] Max 3930 (2341) steps (0.0007 hrs) 0.00:0.00 2527 (30) sec
[162] Max 3930 (563) steps (0.0002 hrs) 0.00:0.00 2535 (8) sec
[163] Max 3930 (219) steps (0.0001 hrs) 0.00:0.00 2543 (8) sec
[164] Max 3930 (938) steps (0.0003 hrs) 0.00:0.00 2553 (10) sec
[165] Max 3930 (434) steps (0.0001 hrs) 0.00:0.00 2561 (8) sec
[166] Max 3930 (2302) steps (0.0006 hrs) 0.00:0.00 2592 (31) sec
[167] Max 3930 (3042) steps (0.0008 hrs) 0.00:0.00 2620 (28) sec
[168] Max 3930 (2204) steps (0.0006 hrs) 0.00:0.00 2649 (29) sec
[169] Max 3930 (2280) steps (0.0006 hrs) 0.00:0.00 2679 (30) sec
[170] Max 3930 (592) steps (0.0002 hrs) 0.00:0.00 2687 (8) sec
[171] Max 3930 (2118) steps (0.0006 hrs) 0.00:0.00 2699 (12) sec
[172] Max 3930 (1899) steps (0.0005 hrs) 0.00:0.00 2709 (10) sec
[173] Max 3930 (3219) steps (0.0009 hrs) 0.00:0.00 2735 (26) sec
[174] Max 3930 (1801) steps (0.0005 hrs) 0.00:0.00 2751 (16) sec
[175] Max 3930 (444) steps (0.0001 hrs) 0.00:0.00 2759 (8) sec
[176] Max 3930 (864) steps (0.0002 hrs) 0.00:0.00 2768 (9) sec
[177] Max 3930 (1010) steps (0.0003 hrs) 0.00:0.00 2777 (9) sec
[178] Max 3930 (1795) steps (0.0005 hrs) 0.00:0.00 2791 (14) sec
[179] Max 3930 (2022) steps (0.0006 hrs) 0.00:0.00 2821 (30) sec
[180] Max 3930 (398) steps (0.0001 hrs) 0.00:0.00 2830 (9) sec
[181] Max 3930 (863) steps (0.0002 hrs) 0.00:0.00 2838 (8) sec
[182] Max 3930 (408) steps (0.0001 hrs) 0.00:0.00 2847 (9) sec
[183] Max 3930 (2683) steps (0.0007 hrs) 0.00:0.00 2876 (29) sec
[184] Max 3930 (1071) steps (0.0003 hrs) 0.00:0.00 2885 (9) sec
[185] Max 3930 (1657) steps (0.0005 hrs) 0.00:0.00 2895 (10) sec
[186] Max 3930 (3180) steps (0.0009 hrs) 0.00:0.00 2919 (24) sec
[187] Max 3930 (2335) steps (0.0006 hrs) 0.00:0.00 2934 (15) sec
[188] Max 3930 (2298) steps (0.0006 hrs) 0.00:0.00 2963 (29) sec
[189] Max 3930 (2236) steps (0.0006 hrs) 0.00:0.00 2979 (16) sec
[190] Max 3930 (650) steps (0.0002 hrs) 0.00:0.00 2988 (9) sec
[191] Max 3930 (2168) steps (0.0006 hrs) 0.00:0.00 3020 (32) sec
[192] Max 3930 (789) steps (0.0002 hrs) 0.00:0.00 3030 (10) sec
[193] Max 3930 (2082) steps (0.0006 hrs) 0.00:0.00 3043 (13) sec
[194] Max 3930 (160) steps (0.0000 hrs) 0.00:0.00 3052 (9) sec
[195] Max 3930 (821) steps (0.0002 hrs) 0.00:0.00 3061 (9) sec
[196] Max 3930 (353) steps (0.0001 hrs) 0.00:0.00 3069 (8) sec
[197] Max 3930 (562) steps (0.0002 hrs) 0.00:0.00 3077 (8) sec
[198] Max 3930 (2164) steps (0.0006 hrs) 0.00:0.00 3102 (25) sec
[199] Max 3930 (1161) steps (0.0003 hrs) 0.00:0.00 3111 (9) sec
[200] Max 3930 (2096) steps (0.0006 hrs) 0.00:0.00 3133 (22) sec
[201] Max 3930 (490) steps (0.0001 hrs) 0.00:0.00 3142 (9) sec
[202] Max 3930 (1435) steps (0.0004 hrs) 0.00:0.00 3152 (10) sec
[203] Max 3930 (1640) steps (0.0005 hrs) 0.00:0.00 3168 (16) sec
[204] Max 3930 (1874) steps (0.0005 hrs) 0.00:0.00 3194 (26) sec
[205] Max 3930 (902) steps (0.0003 hrs) 0.00:0.00 3203 (9) sec
[206] Max 3930 (2237) steps (0.0006 hrs) 0.00:0.00 3233 (30) sec
[207] Max 3930 (1977) steps (0.0005 hrs) 0.00:0.00 3262 (29) sec
[208] Max 3930 (3093) steps (0.0009 hrs) 0.00:0.00 3284 (22) sec
[209] Max 3930 (1097) steps (0.0003 hrs) 0.00:0.00 3293 (9) sec
[210] Max 3930 (505) steps (0.0001 hrs) 0.00:0.00 3302 (9) sec
[211] Max 3930 (225) steps (0.0001 hrs) 0.00:0.00 3310 (8) sec
[212] Max 3930 (1296) steps (0.0004 hrs) 0.00:0.00 3320 (10) sec
[213] Max 3930 (1969) steps (0.0005 hrs) 0.00:0.00 3346 (26) sec
[214] Max 3930 (2287) steps (0.0006 hrs) 0.00:0.00 3373 (27) sec
[215] Max 3930 (1863) steps (0.0005 hrs) 0.00:0.00 3385 (12) sec
[216] Max 3930 (288) steps (0.0001 hrs) 0.00:0.00 3394 (9) sec
[217] Max 3930 (1902) steps (0.0005 hrs) 0.00:0.00 3405 (11) sec
[218] Max 3930 (472) steps (0.0001 hrs) 0.00:0.00 3414 (9) sec
[219] Max 3930 (1354) steps (0.0004 hrs) 0.00:0.00 3423 (9) sec
[220] Max 3930 (1477) steps (0.0004 hrs) 0.00:0.00 3435 (12) sec
[221] Max 3930 (2332) steps (0.0006 hrs) 0.00:0.00 3445 (10) sec
[222] Max 3930 (2344) steps (0.0007 hrs) 0.00:0.00 3459 (14) sec
[223] Max 3930 (475) steps (0.0001 hrs) 0.00:0.00 3468 (9) sec
[224] Max 3930 (2717) steps (0.0008 hrs) 0.00:0.00 3497 (29) sec
[225] Max 3930 (1393) steps (0.0004 hrs) 0.00:0.00 3506 (9) sec
[226] Max 3930 (1302) steps (0.0004 hrs) 0.00:0.00 3514 (8) sec
[227] Max 3930 (2172) steps (0.0006 hrs) 0.00:0.00 3537 (23) sec
[228] Max 3930 (1440) steps (0.0004 hrs) 0.00:0.00 3546 (9) sec
[229] Max 3930 (2124) steps (0.0006 hrs) 0.00:0.00 3576 (30) sec
[230] Max 3930 (201) steps (0.0001 hrs) 0.00:0.00 3584 (8) sec
[231] Max 3930 (2284) steps (0.0006 hrs) 0.00:0.00 3613 (29) sec
[232] Max 3930 (2021) steps (0.0006 hrs) 0.00:0.00 3622 (9) sec
[233] Max 3930 (2205) steps (0.0006 hrs) 0.00:0.00 3651 (29) sec
[234] Max 3930 (1602) steps (0.0004 hrs) 0.00:0.00 3659 (8) sec
[235] Max 3930 (272) steps (0.0001 hrs) 0.00:0.00 3668 (9) sec
[236] Max 3930 (1891) steps (0.0005 hrs) 0.00:0.00 3695 (27) sec
[237] Max 3930 (2051) steps (0.0006 hrs) 0.00:0.00 3724 (29) sec
[238] Max 3930 (2479) steps (0.0007 hrs) 0.00:0.00 3743 (19) sec
[239] Max 3930 (1442) steps (0.0004 hrs) 0.00:0.00 3754 (11) sec
[240] Max 3930 (2182) steps (0.0006 hrs) 0.00:0.00 3785 (31) sec
[241] Max 3930 (288) steps (0.0001 hrs) 0.00:0.00 3794 (9) sec
[242] Max 3930 (332) steps (0.0001 hrs) 0.00:0.00 3803 (9) sec
[243] Max 3930 (2066) steps (0.0006 hrs) 0.00:0.00 3819 (16) sec
[244] Max 3930 (1663) steps (0.0005 hrs) 0.00:0.00 3831 (12) sec
[245] Max 4994 (4994) steps (0.0014 hrs) 0.00:0.00 3861 (30) sec
[246] Max 4994 (1047) steps (0.0003 hrs) 0.00:0.00 3870 (9) sec
[247] Max 4994 (711) steps (0.0002 hrs) 0.00:0.00 3879 (9) sec
[248] Max 4994 (609) steps (0.0002 hrs) 0.00:0.00 3887 (8) sec
[249] Max 4994 (860) steps (0.0002 hrs) 0.00:0.00 3896 (9) sec
[250] Max 4994 (2405) steps (0.0007 hrs) 0.00:0.00 3915 (19) sec
[251] Max 4994 (1472) steps (0.0004 hrs) 0.00:0.00 3924 (9) sec
[252] Max 4994 (836) steps (0.0002 hrs) 0.00:0.00 3933 (9) sec
[253] Max 4994 (1987) steps (0.0006 hrs) 0.00:0.00 3948 (15) sec
[254] Max 4994 (432) steps (0.0001 hrs) 0.00:0.00 3957 (9) sec
[255] Max 4994 (712) steps (0.0002 hrs) 0.00:0.00 3965 (8) sec
[256] Max 4994 (1334) steps (0.0004 hrs) 0.00:0.00 3974 (9) sec
[257] Max 4994 (2138) steps (0.0006 hrs) 0.00:0.00 4004 (30) sec
[258] Max 4994 (2855) steps (0.0008 hrs) 0.00:0.00 4034 (30) sec
[259] Max 4994 (849) steps (0.0002 hrs) 0.00:0.00 4043 (9) sec
[260] Max 4994 (2149) steps (0.0006 hrs) 0.00:0.00 4073 (30) sec
[261] Max 4994 (936) steps (0.0003 hrs) 0.00:0.00 4081 (8) sec
[262] Max 4994 (1404) steps (0.0004 hrs) 0.00:0.00 4090 (9) sec
[263] Max 4994 (1539) steps (0.0004 hrs) 0.00:0.00 4100 (10) sec
[264] Max 4994 (2210) steps (0.0006 hrs) 0.00:0.00 4129 (29) sec
[265] Max 4994 (672) steps (0.0002 hrs) 0.00:0.00 4138 (9) sec
[266] Max 4994 (553) steps (0.0002 hrs) 0.00:0.00 4147 (9) sec
[267] Max 4994 (2182) steps (0.0006 hrs) 0.00:0.00 4178 (31) sec
[268] Max 4994 (1956) steps (0.0005 hrs) 0.00:0.00 4209 (31) sec
[269] Max 4994 (1174) steps (0.0003 hrs) 0.00:0.00 4218 (9) sec
[270] Max 4994 (413) steps (0.0001 hrs) 0.00:0.00 4227 (9) sec
[271] Max 4994 (826) steps (0.0002 hrs) 0.00:0.00 4236 (9) sec
[272] Max 4994 (2358) steps (0.0007 hrs) 0.00:0.00 4262 (26) sec
[273] Max 4994 (929) steps (0.0003 hrs) 0.00:0.00 4271 (9) sec
[274] Max 4994 (2547) steps (0.0007 hrs) 0.00:0.00 4290 (19) sec
[275] Max 4994 (1845) steps (0.0005 hrs) 0.00:0.00 4302 (12) sec
[276] Max 4994 (1756) steps (0.0005 hrs) 0.00:0.00 4315 (13) sec
[277] Max 4994 (314) steps (0.0001 hrs) 0.00:0.00 4324 (9) sec
[278] Max 4994 (2121) steps (0.0006 hrs) 0.00:0.00 4333 (9) sec
[279] Max 4994 (493) steps (0.0001 hrs) 0.00:0.00 4341 (8) sec
[280] Max 4994 (375) steps (0.0001 hrs) 0.00:0.00 4350 (9) sec
[281] Max 4994 (870) steps (0.0002 hrs) 0.00:0.00 4359 (9) sec
[282] Max 4994 (2193) steps (0.0006 hrs) 0.00:0.00 4382 (23) sec
[283] Max 4994 (257) steps (0.0001 hrs) 0.00:0.00 4390 (8) sec
[284] Max 4994 (304) steps (0.0001 hrs) 0.00:0.00 4399 (9) sec
[285] Max 4994 (205) steps (0.0001 hrs) 0.00:0.00 4408 (9) sec
[286] Max 4994 (3101) steps (0.0009 hrs) 0.00:0.00 4438 (30) sec
[287] Max 4994 (2433) steps (0.0007 hrs) 0.00:0.00 4447 (9) sec
[288] Max 4994 (2309) steps (0.0006 hrs) 0.00:0.00 4477 (30) sec
[289] Max 4994 (1190) steps (0.0003 hrs) 0.00:0.00 4485 (8) sec
[290] Max 4994 (2076) steps (0.0006 hrs) 0.00:0.00 4515 (30) sec
[291] Max 4994 (1786) steps (0.0005 hrs) 0.00:0.00 4525 (10) sec
[292] Max 4994 (2297) steps (0.0006 hrs) 0.00:0.00 4553 (28) sec
[293] Max 4994 (459) steps (0.0001 hrs) 0.00:0.00 4562 (9) sec
[294] Max 4994 (1249) steps (0.0003 hrs) 0.00:0.00 4570 (8) sec
[295] Max 4994 (1952) steps (0.0005 hrs) 0.00:0.00 4580 (10) sec
[296] Max 4994 (653) steps (0.0002 hrs) 0.00:0.00 4589 (9) sec
[297] Max 4994 (573) steps (0.0002 hrs) 0.00:0.00 4597 (8) sec
[298] Max 4994 (2272) steps (0.0006 hrs) 0.00:0.00 4626 (29) sec
[299] Max 4994 (891) steps (0.0002 hrs) 0.00:0.00 4635 (9) sec
[300] Max 4994 (1762) steps (0.0005 hrs) 0.00:0.00 4647 (12) sec
[301] Max 4994 (780) steps (0.0002 hrs) 0.00:0.00 4655 (8) sec
[302] Max 4994 (1647) steps (0.0005 hrs) 0.00:0.00 4664 (9) sec
[303] Max 4994 (2262) steps (0.0006 hrs) 0.00:0.00 4693 (29) sec
[304] Max 4994 (1298) steps (0.0004 hrs) 0.00:0.00 4701 (8) sec
[305] Max 4994 (418) steps (0.0001 hrs) 0.00:0.00 4710 (9) sec
[306] Max 4994 (852) steps (0.0002 hrs) 0.00:0.00 4718 (8) sec
[307] Max 4994 (3157) steps (0.0009 hrs) 0.00:0.00 4747 (29) sec
[308] Max 4994 (1076) steps (0.0003 hrs) 0.00:0.00 4755 (8) sec
[309] Max 4994 (2344) steps (0.0007 hrs) 0.00:0.00 4765 (10) sec
[310] Max 4994 (1935) steps (0.0005 hrs) 0.00:0.00 4793 (28) sec
[311] Max 4994 (285) steps (0.0001 hrs) 0.00:0.00 4801 (8) sec
[312] Max 4994 (297) steps (0.0001 hrs) 0.00:0.00 4810 (9) sec
[313] Max 4994 (2242) steps (0.0006 hrs) 0.00:0.00 4839 (29) sec
[314] Max 4994 (4137) steps (0.0011 hrs) 0.00:0.00 4864 (25) sec
[315] Max 4994 (3489) steps (0.0010 hrs) 0.00:0.00 4874 (10) sec
[316] Max 4994 (353) steps (0.0001 hrs) 0.00:0.00 4883 (9) sec
[317] Max 4994 (2144) steps (0.0006 hrs) 0.00:0.00 4896 (13) sec
[318] Max 4994 (766) steps (0.0002 hrs) 0.00:0.00 4905 (9) sec
[319] Max 4994 (2194) steps (0.0006 hrs) 0.00:0.00 4934 (29) sec
[320] Max 4994 (792) steps (0.0002 hrs) 0.00:0.00 4942 (8) sec
[321] Max 4994 (2073) steps (0.0006 hrs) 0.00:0.00 4965 (23) sec
[322] Max 4994 (309) steps (0.0001 hrs) 0.00:0.00 4973 (8) sec
[323] Max 4994 (1495) steps (0.0004 hrs) 0.00:0.00 4983 (10) sec
[324] Max 4994 (378) steps (0.0001 hrs) 0.00:0.00 4992 (9) sec
[325] Max 4994 (2159) steps (0.0006 hrs) 0.00:0.00 5018 (26) sec
[326] Max 4994 (272) steps (0.0001 hrs) 0.00:0.00 5027 (9) sec
[327] Max 4994 (767) steps (0.0002 hrs) 0.00:0.00 5035 (8) sec
[328] Max 4994 (1041) steps (0.0003 hrs) 0.00:0.00 5044 (9) sec
[329] Max 4994 (170) steps (0.0000 hrs) 0.00:0.00 5053 (9) sec
[330] Max 4994 (1041) steps (0.0003 hrs) 0.00:0.00 5062 (9) sec
[331] Max 4994 (3198) steps (0.0009 hrs) 0.00:0.00 5090 (28) sec
[332] Max 4994 (1150) steps (0.0003 hrs) 0.00:0.00 5099 (9) sec
[333] Max 4994 (973) steps (0.0003 hrs) 0.00:0.00 5108 (9) sec
[334] Max 4994 (2373) steps (0.0007 hrs) 0.00:0.00 5118 (10) sec
[335] Max 4994 (2476) steps (0.0007 hrs) 0.00:0.00 5149 (31) sec
[336] Max 4994 (182) steps (0.0001 hrs) 0.00:0.00 5157 (8) sec
[337] Max 4994 (1017) steps (0.0003 hrs) 0.00:0.00 5166 (9) sec
[338] Max 4994 (451) steps (0.0001 hrs) 0.00:0.00 5175 (9) sec
[339] Max 4994 (2325) steps (0.0006 hrs) 0.00:0.00 5188 (13) sec
[340] Max 4994 (2403) steps (0.0007 hrs) 0.00:0.00 5218 (30) sec
[341] Max 4994 (1664) steps (0.0005 hrs) 0.00:0.00 5229 (11) sec
[342] Max 4994 (1919) steps (0.0005 hrs) 0.00:0.00 5261 (32) sec
[343] Max 4994 (2855) steps (0.0008 hrs) 0.00:0.00 5272 (11) sec
[344] Max 4994 (2941) steps (0.0008 hrs) 0.00:0.00 5303 (31) sec
[345] Max 4994 (1517) steps (0.0004 hrs) 0.00:0.00 5312 (9) sec
[346] Max 4994 (275) steps (0.0001 hrs) 0.00:0.00 5321 (9) sec
[347] Max 4994 (2350) steps (0.0007 hrs) 0.00:0.00 5349 (28) sec
[348] Max 4994 (236) steps (0.0001 hrs) 0.00:0.00 5358 (9) sec
[349] Max 4994 (626) steps (0.0002 hrs) 0.00:0.00 5366 (8) sec
[350] Max 4994 (630) steps (0.0002 hrs) 0.00:0.00 5375 (9) sec
[351] Max 4994 (2167) steps (0.0006 hrs) 0.00:0.00 5405 (30) sec
[352] Max 4994 (646) steps (0.0002 hrs) 0.00:0.00 5413 (8) sec
[353] Max 4994 (2410) steps (0.0007 hrs) 0.00:0.00 5444 (31) sec
[354] Max 4994 (252) steps (0.0001 hrs) 0.00:0.00 5452 (8) sec
[355] Max 4994 (2993) steps (0.0008 hrs) 0.00:0.00 5483 (31) sec
[356] Max 4994 (1800) steps (0.0005 hrs) 0.00:0.00 5493 (10) sec
[357] Max 4994 (2513) steps (0.0007 hrs) 0.00:0.00 5524 (31) sec
[358] Max 4994 (2025) steps (0.0006 hrs) 0.00:0.00 5533 (9) sec
[359] Max 4994 (1232) steps (0.0003 hrs) 0.00:0.00 5542 (9) sec
[360] Max 4994 (2328) steps (0.0006 hrs) 0.00:0.00 5573 (31) sec
[361] Max 4994 (2318) steps (0.0006 hrs) 0.00:0.00 5603 (30) sec
[362] Max 4994 (384) steps (0.0001 hrs) 0.00:0.00 5612 (9) sec
[363] Max 4994 (2825) steps (0.0008 hrs) 0.00:0.00 5622 (10) sec
[364] Max 4994 (160) steps (0.0000 hrs) 0.00:0.00 5630 (8) sec
[365] Max 4994 (2233) steps (0.0006 hrs) 0.00:0.00 5659 (29) sec
[366] Max 4994 (1968) steps (0.0005 hrs) 0.00:0.00 5688 (29) sec
[367] Max 4994 (1607) steps (0.0004 hrs) 0.00:0.00 5701 (13) sec
[368] Max 4994 (1147) steps (0.0003 hrs) 0.00:0.00 5710 (9) sec
[369] Max 4994 (271) steps (0.0001 hrs) 0.00:0.00 5718 (8) sec
[370] Max 4994 (1657) steps (0.0005 hrs) 0.00:0.00 5731 (13) sec
[371] Max 4994 (2287) steps (0.0006 hrs) 0.00:0.00 5762 (31) sec
[372] Max 4994 (732) steps (0.0002 hrs) 0.00:0.00 5771 (9) sec
[373] Max 4994 (1783) steps (0.0005 hrs) 0.00:0.00 5787 (16) sec
[374] Max 4994 (2397) steps (0.0007 hrs) 0.00:0.00 5799 (12) sec
[375] Max 4994 (1150) steps (0.0003 hrs) 0.00:0.00 5808 (9) sec
[376] Max 4994 (313) steps (0.0001 hrs) 0.00:0.00 5816 (8) sec
[377] Max 4994 (2069) steps (0.0006 hrs) 0.00:0.00 5834 (18) sec
[378] Max 4994 (487) steps (0.0001 hrs) 0.00:0.00 5842 (8) sec
[379] Max 4994 (1150) steps (0.0003 hrs) 0.00:0.00 5851 (9) sec
[380] Max 4994 (2481) steps (0.0007 hrs) 0.00:0.00 5882 (31) sec
[381] Max 4994 (2125) steps (0.0006 hrs) 0.00:0.00 5908 (26) sec
[382] Max 4994 (1655) steps (0.0005 hrs) 0.00:0.00 5917 (9) sec
[383] Max 4994 (1021) steps (0.0003 hrs) 0.00:0.00 5925 (8) sec
[384] Max 4994 (1611) steps (0.0004 hrs) 0.00:0.00 5938 (13) sec
[385] Max 4994 (623) steps (0.0002 hrs) 0.00:0.00 5947 (9) sec
[386] Max 4994 (1726) steps (0.0005 hrs) 0.00:0.00 5956 (9) sec
[387] Max 4994 (723) steps (0.0002 hrs) 0.00:0.00 5965 (9) sec
[388] Max 4994 (2161) steps (0.0006 hrs) 0.00:0.00 5995 (30) sec
[389] Max 4994 (155) steps (0.0000 hrs) 0.00:0.00 6004 (9) sec
[390] Max 4994 (1276) steps (0.0004 hrs) 0.00:0.00 6014 (10) sec
[391] Max 4994 (697) steps (0.0002 hrs) 0.00:0.00 6022 (8) sec
[392] Max 4994 (1875) steps (0.0005 hrs) 0.00:0.00 6031 (9) sec
[393] Max 4994 (887) steps (0.0002 hrs) 0.00:0.00 6040 (9) sec
[394] Max 4994 (346) steps (0.0001 hrs) 0.00:0.00 6049 (9) sec
[395] Max 4994 (2033) steps (0.0006 hrs) 0.00:0.00 6064 (15) sec
[396] Max 4994 (1859) steps (0.0005 hrs) 0.00:0.00 6073 (9) sec
[397] Max 4994 (1119) steps (0.0003 hrs) 0.00:0.00 6081 (8) sec
[398] Max 4994 (2051) steps (0.0006 hrs) 0.00:0.00 6104 (23) sec
[399] Max 4994 (2389) steps (0.0007 hrs) 0.00:0.00 6131 (27) sec
[400] Max 4994 (536) steps (0.0001 hrs) 0.00:0.00 6139 (8) sec
[401] Max 4994 (2250) steps (0.0006 hrs) 0.00:0.00 6162 (23) sec
[402] Max 4994 (1665) steps (0.0005 hrs) 0.00:0.00 6172 (10) sec
[403] Max 4994 (628) steps (0.0002 hrs) 0.00:0.00 6181 (9) sec
[404] Max 4994 (1108) steps (0.0003 hrs) 0.00:0.00 6190 (9) sec
[405] Max 4994 (2332) steps (0.0006 hrs) 0.00:0.00 6219 (29) sec
[406] Max 4994 (1906) steps (0.0005 hrs) 0.00:0.00 6249 (30) sec
[407] Max 4994 (550) steps (0.0002 hrs) 0.00:0.00 6258 (9) sec
[408] Max 4994 (1509) steps (0.0004 hrs) 0.00:0.00 6268 (10) sec
[409] Max 4994 (327) steps (0.0001 hrs) 0.00:0.00 6277 (9) sec
[410] Max 4994 (2554) steps (0.0007 hrs) 0.00:0.00 6308 (31) sec
[411] Max 4994 (2094) steps (0.0006 hrs) 0.00:0.00 6327 (19) sec
[412] Max 4994 (3511) steps (0.0010 hrs) 0.00:0.00 6336 (9) sec
[413] Max 4994 (1602) steps (0.0004 hrs) 0.00:0.00 6344 (8) sec
[414] Max 4994 (2361) steps (0.0007 hrs) 0.00:0.00 6375 (31) sec
[415] Max 4994 (1467) steps (0.0004 hrs) 0.00:0.00 6384 (9) sec
[416] Max 4994 (1567) steps (0.0004 hrs) 0.00:0.00 6394 (10) sec
[417] Max 4994 (440) steps (0.0001 hrs) 0.00:0.00 6403 (9) sec
[418] Max 4994 (2376) steps (0.0007 hrs) 0.00:0.00 6432 (29) sec
[419] Max 4994 (1514) steps (0.0004 hrs) 0.00:0.00 6446 (14) sec
[420] Max 4994 (2159) steps (0.0006 hrs) 0.00:0.00 6473 (27) sec
[421] Max 4994 (1306) steps (0.0004 hrs) 0.00:0.00 6484 (11) sec
[422] Max 4994 (214) steps (0.0001 hrs) 0.00:0.00 6492 (8) sec
[423] Max 4994 (346) steps (0.0001 hrs) 0.00:0.00 6501 (9) sec
[424] Max 4994 (572) steps (0.0002 hrs) 0.00:0.00 6509 (8) sec
[425] Max 7786 (7786) steps (0.0022 hrs) 0.00:0.00 6536 (27) sec
[426] Max 7786 (2003) steps (0.0006 hrs) 0.00:0.00 6567 (31) sec
[427] Max 7786 (1981) steps (0.0006 hrs) 0.00:0.00 6590 (23) sec
[428] Max 7786 (1469) steps (0.0004 hrs) 0.00:0.00 6599 (9) sec
[429] Max 7786 (437) steps (0.0001 hrs) 0.00:0.00 6608 (9) sec
[430] Max 7786 (382) steps (0.0001 hrs) 0.00:0.00 6617 (9) sec
[431] Max 7786 (418) steps (0.0001 hrs) 0.00:0.00 6625 (8) sec
[432] Max 7786 (1888) steps (0.0005 hrs) 0.00:0.00 6634 (9) sec
[433] Max 7786 (324) steps (0.0001 hrs) 0.00:0.00 6643 (9) sec
[434] Max 7786 (2255) steps (0.0006 hrs) 0.00:0.00 6662 (19) sec
[435] Max 7786 (2080) steps (0.0006 hrs) 0.00:0.00 6689 (27) sec
[436] Max 7786 (671) steps (0.0002 hrs) 0.00:0.00 6698 (9) sec
[437] Max 7786 (2451) steps (0.0007 hrs) 0.00:0.00 6716 (18) sec
[438] Max 7786 (666) steps (0.0002 hrs) 0.00:0.00 6725 (9) sec
[439] Max 7786 (467) steps (0.0001 hrs) 0.00:0.00 6734 (9) sec
[440] Max 7786 (2251) steps (0.0006 hrs) 0.00:0.00 6764 (30) sec
[441] Max 7786 (3073) steps (0.0009 hrs) 0.00:0.00 6774 (10) sec
[442] Max 7786 (2066) steps (0.0006 hrs) 0.00:0.00 6783 (9) sec
[443] Max 7786 (1215) steps (0.0003 hrs) 0.00:0.00 6792 (9) sec
[444] Max 7786 (355) steps (0.0001 hrs) 0.00:0.00 6801 (9) sec
[445] Max 7786 (2404) steps (0.0007 hrs) 0.00:0.00 6830 (29) sec
[446] Max 7786 (2110) steps (0.0006 hrs) 0.00:0.00 6861 (31) sec
[447] Max 7786 (678) steps (0.0002 hrs) 0.00:0.00 6870 (9) sec
[448] Max 7786 (1528) steps (0.0004 hrs) 0.00:0.00 6880 (10) sec
[449] Max 7786 (735) steps (0.0002 hrs) 0.00:0.00 6889 (9) sec
[450] Max 7786 (4788) steps (0.0013 hrs) 0.00:0.00 6912 (23) sec
[451] Max 7786 (399) steps (0.0001 hrs) 0.00:0.00 6921 (9) sec
[452] Max 7786 (1343) steps (0.0004 hrs) 0.00:0.00 6930 (9) sec
[453] Max 7786 (2029) steps (0.0006 hrs) 0.00:0.00 6958 (28) sec
[454] Max 7786 (146) steps (0.0000 hrs) 0.00:0.00 6967 (9) sec
[455] Max 7786 (3293) steps (0.0009 hrs) 0.00:0.00 6995 (28) sec
[456] Max 7786 (332) steps (0.0001 hrs) 0.00:0.00 7003 (8) sec
[457] Max 7786 (621) steps (0.0002 hrs) 0.00:0.00 7012 (9) sec
[458] Max 7786 (1943) steps (0.0005 hrs) 0.00:0.00 7042 (30) sec
[459] Max 7786 (4415) steps (0.0012 hrs) 0.00:0.00 7074 (32) sec
[460] Max 7786 (2426) steps (0.0007 hrs) 0.00:0.00 7102 (28) sec
[461] Max 7786 (2180) steps (0.0006 hrs) 0.00:0.00 7133 (31) sec
[462] Max 7786 (148) steps (0.0000 hrs) 0.00:0.00 7142 (9) sec
[463] Max 7786 (2132) steps (0.0006 hrs) 0.00:0.00 7171 (29) sec
[464] Max 7786 (1640) steps (0.0005 hrs) 0.00:0.00 7182 (11) sec
[465] Max 7786 (1889) steps (0.0005 hrs) 0.00:0.00 7201 (19) sec
[466] Max 7786 (2205) steps (0.0006 hrs) 0.00:0.00 7232 (31) sec
[467] Max 7786 (2003) steps (0.0006 hrs) 0.00:0.00 7244 (12) sec
[468] Max 7786 (3269) steps (0.0009 hrs) 0.00:0.00 7273 (29) sec
[469] Max 7786 (438) steps (0.0001 hrs) 0.00:0.00 7282 (9) sec
[470] Max 7786 (800) steps (0.0002 hrs) 0.00:0.00 7291 (9) sec
[471] Max 7786 (1891) steps (0.0005 hrs) 0.00:0.00 7312 (21) sec
[472] Max 7786 (2561) steps (0.0007 hrs) 0.00:0.00 7342 (30) sec
[473] Max 7786 (434) steps (0.0001 hrs) 0.00:0.00 7351 (9) sec
[474] Max 7786 (2781) steps (0.0008 hrs) 0.00:0.00 7382 (31) sec
[475] Max 7786 (715) steps (0.0002 hrs) 0.00:0.00 7391 (9) sec
[476] Max 7786 (2054) steps (0.0006 hrs) 0.00:0.00 7410 (19) sec
[477] Max 7786 (2130) steps (0.0006 hrs) 0.00:0.00 7440 (30) sec
[478] Max 7786 (169) steps (0.0000 hrs) 0.00:0.00 7448 (8) sec
[479] Max 7786 (459) steps (0.0001 hrs) 0.00:0.00 7457 (9) sec
[480] Max 7786 (901) steps (0.0003 hrs) 0.00:0.00 7466 (9) sec
[481] Max 7786 (2726) steps (0.0008 hrs) 0.00:0.00 7483 (17) sec
[482] Max 7786 (1758) steps (0.0005 hrs) 0.00:0.00 7500 (17) sec
[483] Max 7786 (783) steps (0.0002 hrs) 0.00:0.00 7509 (9) sec
[484] Max 7786 (407) steps (0.0001 hrs) 0.00:0.00 7517 (8) sec
[485] Max 7786 (905) steps (0.0003 hrs) 0.00:0.00 7527 (10) sec
[486] Max 7786 (478) steps (0.0001 hrs) 0.00:0.00 7535 (8) sec
[487] Max 7786 (360) steps (0.0001 hrs) 0.00:0.00 7544 (9) sec
[488] Max 7786 (2243) steps (0.0006 hrs) 0.00:0.00 7575 (31) sec
[489] Max 7786 (255) steps (0.0001 hrs) 0.00:0.00 7584 (9) sec
[490] Max 7786 (1151) steps (0.0003 hrs) 0.00:0.00 7593 (9) sec
[491] Max 7786 (2870) steps (0.0008 hrs) 0.00:0.00 7625 (32) sec
[492] Max 7786 (1215) steps (0.0003 hrs) 0.00:0.00 7634 (9) sec
[493] Max 7786 (570) steps (0.0002 hrs) 0.00:0.00 7642 (8) sec
[494] Max 7786 (2116) steps (0.0006 hrs) 0.00:0.00 7671 (29) sec
[495] Max 7786 (2654) steps (0.0007 hrs) 0.00:0.00 7698 (27) sec
[496] Max 7786 (924) steps (0.0003 hrs) 0.00:0.00 7707 (9) sec
[497] Max 7786 (2624) steps (0.0007 hrs) 0.00:0.00 7738 (31) sec
[498] Max 7786 (734) steps (0.0002 hrs) 0.00:0.00 7747 (9) sec
[499] Max 7786 (2553) steps (0.0007 hrs) 0.00:0.00 7768 (21) sec
[500] Max 7786 (2134) steps (0.0006 hrs) 0.00:0.00 7791 (23) sec
[501] Max 7786 (1437) steps (0.0004 hrs) 0.00:0.00 7800 (9) sec
[502] Max 7786 (296) steps (0.0001 hrs) 0.00:0.00 7808 (8) sec
[503] Max 7786 (2479) steps (0.0007 hrs) 0.00:0.00 7839 (31) sec
[504] Max 7786 (337) steps (0.0001 hrs) 0.00:0.00 7848 (9) sec
[505] Max 7786 (1964) steps (0.0005 hrs) 0.00:0.00 7857 (9) sec
[506] Max 7786 (274) steps (0.0001 hrs) 0.00:0.00 7866 (9) sec
[507] Max 7786 (1443) steps (0.0004 hrs) 0.00:0.00 7875 (9) sec
[508] Max 7786 (337) steps (0.0001 hrs) 0.00:0.00 7884 (9) sec
[509] Max 7786 (2912) steps (0.0008 hrs) 0.00:0.00 7896 (12) sec
[510] Max 7786 (1505) steps (0.0004 hrs) 0.00:0.00 7906 (10) sec
[511] Max 7786 (609) steps (0.0002 hrs) 0.00:0.00 7914 (8) sec
[512] Max 7786 (553) steps (0.0002 hrs) 0.00:0.00 7923 (9) sec
[513] Max 7786 (1494) steps (0.0004 hrs) 0.00:0.00 7933 (10) sec
[514] Max 7786 (1796) steps (0.0005 hrs) 0.00:0.00 7943 (10) sec
[515] Max 7786 (1509) steps (0.0004 hrs) 0.00:0.00 7952 (9) sec
[516] Max 7786 (2061) steps (0.0006 hrs) 0.00:0.00 7981 (29) sec
[517] Max 7786 (838) steps (0.0002 hrs) 0.00:0.00 7989 (8) sec
[518] Max 7786 (2099) steps (0.0006 hrs) 0.00:0.00 8018 (29) sec
[519] Max 7786 (2426) steps (0.0007 hrs) 0.00:0.00 8048 (30) sec
[520] Max 7786 (2018) steps (0.0006 hrs) 0.00:0.00 8056 (8) sec
[521] Max 7786 (2155) steps (0.0006 hrs) 0.00:0.00 8072 (16) sec
[522] Max 7786 (2057) steps (0.0006 hrs) 0.00:0.00 8086 (14) sec
[523] Max 7786 (229) steps (0.0001 hrs) 0.00:0.00 8095 (9) sec
[524] Max 7786 (1755) steps (0.0005 hrs) 0.00:0.00 8104 (9) sec
[525] Max 7786 (1428) steps (0.0004 hrs) 0.00:0.00 8114 (10) sec
[526] Max 7786 (1640) steps (0.0005 hrs) 0.00:0.00 8124 (10) sec
[527] Max 7786 (1446) steps (0.0004 hrs) 0.00:0.00 8135 (11) sec
[528] Max 7786 (1330) steps (0.0004 hrs) 0.00:0.00 8143 (8) sec
[529] Max 7786 (2919) steps (0.0008 hrs) 0.00:0.00 8159 (16) sec
[530] Max 7786 (183) steps (0.0001 hrs) 0.00:0.00 8167 (8) sec
[531] Max 7786 (901) steps (0.0003 hrs) 0.00:0.00 8176 (9) sec
[532] Max 7786 (1409) steps (0.0004 hrs) 0.00:0.00 8186 (10) sec
[533] Max 7786 (2665) steps (0.0007 hrs) 0.00:0.00 8196 (10) sec
[534] Max 7786 (2333) steps (0.0006 hrs) 0.00:0.00 8223 (27) sec
[535] Max 7786 (2540) steps (0.0007 hrs) 0.00:0.00 8253 (30) sec
[536] Max 7786 (2113) steps (0.0006 hrs) 0.00:0.00 8280 (27) sec
[537] Max 7786 (3930) steps (0.0011 hrs) 0.00:0.00 8310 (30) sec
[538] Max 7786 (409) steps (0.0001 hrs) 0.00:0.00 8318 (8) sec
[539] Max 7786 (2084) steps (0.0006 hrs) 0.00:0.00 8328 (10) sec
[540] Max 7786 (1147) steps (0.0003 hrs) 0.00:0.00 8337 (9) sec
[541] Max 7786 (539) steps (0.0001 hrs) 0.00:0.00 8346 (9) sec
[542] Max 7786 (1889) steps (0.0005 hrs) 0.00:0.00 8360 (14) sec
[543] Max 7786 (389) steps (0.0001 hrs) 0.00:0.00 8369 (9) sec
[544] Max 7786 (829) steps (0.0002 hrs) 0.00:0.00 8378 (9) sec
[545] Max 7786 (2856) steps (0.0008 hrs) 0.00:0.00 8408 (30) sec
[546] Max 7786 (2153) steps (0.0006 hrs) 0.00:0.00 8432 (24) sec
[547] Max 7786 (2267) steps (0.0006 hrs) 0.00:0.00 8442 (10) sec
[548] Max 7786 (1757) steps (0.0005 hrs) 0.00:0.00 8460 (18) sec
[549] Max 7786 (1854) steps (0.0005 hrs) 0.00:0.00 8475 (15) sec
[550] Max 7786 (1577) steps (0.0004 hrs) 0.00:0.00 8484 (9) sec
[551] Max 7786 (641) steps (0.0002 hrs) 0.00:0.00 8492 (8) sec
[552] Max 7786 (1121) steps (0.0003 hrs) 0.00:0.00 8501 (9) sec
[553] Max 7786 (1092) steps (0.0003 hrs) 0.00:0.00 8511 (10) sec
[554] Max 7786 (2301) steps (0.0006 hrs) 0.00:0.00 8519 (8) sec
[555] Max 7786 (273) steps (0.0001 hrs) 0.00:0.00 8528 (9) sec
[556] Max 7786 (425) steps (0.0001 hrs) 0.00:0.00 8536 (8) sec
[557] Max 7786 (1138) steps (0.0003 hrs) 0.00:0.00 8545 (9) sec
[558] Max 7786 (476) steps (0.0001 hrs) 0.00:0.00 8555 (10) sec
[559] Max 7786 (214) steps (0.0001 hrs) 0.00:0.00 8563 (8) sec
[560] Max 7786 (1268) steps (0.0004 hrs) 0.00:0.00 8572 (9) sec
[561] Max 7786 (4602) steps (0.0013 hrs) 0.00:0.00 8592 (20) sec
[562] Max 7786 (436) steps (0.0001 hrs) 0.00:0.00 8601 (9) sec
[563] Max 7786 (636) steps (0.0002 hrs) 0.00:0.00 8609 (8) sec
[564] Max 7786 (2105) steps (0.0006 hrs) 0.00:0.00 8639 (30) sec
[565] Max 7786 (1753) steps (0.0005 hrs) 0.00:0.00 8649 (10) sec
[566] Max 7786 (2177) steps (0.0006 hrs) 0.00:0.00 8669 (20) sec
[567] Max 7786 (1021) steps (0.0003 hrs) 0.00:0.00 8678 (9) sec
[568] Max 7786 (2178) steps (0.0006 hrs) 0.00:0.00 8690 (12) sec
[569] Max 7786 (2022) steps (0.0006 hrs) 0.00:0.00 8699 (9) sec
[570] Max 7786 (2574) steps (0.0007 hrs) 0.00:0.00 8729 (30) sec
[571] Max 7786 (2258) steps (0.0006 hrs) 0.00:0.00 8760 (31) sec
[572] Max 7786 (199) steps (0.0001 hrs) 0.00:0.00 8769 (9) sec
[573] Max 7786 (190) steps (0.0001 hrs) 0.00:0.00 8778 (9) sec
[574] Max 7786 (2988) steps (0.0008 hrs) 0.00:0.00 8809 (31) sec
[575] Max 7786 (1196) steps (0.0003 hrs) 0.00:0.00 8819 (10) sec
[576] Max 7786 (760) steps (0.0002 hrs) 0.00:0.00 8828 (9) sec
[577] Max 7786 (1773) steps (0.0005 hrs) 0.00:0.00 8858 (30) sec
[578] Max 7786 (2768) steps (0.0008 hrs) 0.00:0.00 8888 (30) sec
[579] Max 7786 (489) steps (0.0001 hrs) 0.00:0.00 8897 (9) sec
[580] Max 7786 (2151) steps (0.0006 hrs) 0.00:0.00 8907 (10) sec
[581] Max 7786 (2690) steps (0.0007 hrs) 0.00:0.00 8915 (8) sec
[582] Max 7786 (1575) steps (0.0004 hrs) 0.00:0.00 8924 (9) sec
[583] Max 7786 (2147) steps (0.0006 hrs) 0.00:0.00 8951 (27) sec
[584] Max 7786 (1115) steps (0.0003 hrs) 0.00:0.00 8960 (9) sec
[585] Max 7786 (2473) steps (0.0007 hrs) 0.00:0.00 8990 (30) sec
[586] Max 7786 (333) steps (0.0001 hrs) 0.00:0.00 8998 (8) sec
[587] Max 7786 (941) steps (0.0003 hrs) 0.00:0.00 9007 (9) sec
[588] Max 7786 (434) steps (0.0001 hrs) 0.00:0.00 9016 (9) sec
[589] Max 7786 (459) steps (0.0001 hrs) 0.00:0.00 9025 (9) sec
[590] Max 7786 (668) steps (0.0002 hrs) 0.00:0.00 9034 (9) sec
[591] Max 7786 (1169) steps (0.0003 hrs) 0.00:0.00 9043 (9) sec
[592] Max 7786 (1381) steps (0.0004 hrs) 0.00:0.00 9053 (10) sec
[593] Max 7786 (3130) steps (0.0009 hrs) 0.00:0.00 9074 (21) sec
[594] Max 7786 (2913) steps (0.0008 hrs) 0.00:0.00 9097 (23) sec
[595] Max 7786 (459) steps (0.0001 hrs) 0.00:0.00 9106 (9) sec
[596] Max 7786 (659) steps (0.0002 hrs) 0.00:0.00 9115 (9) sec
[597] Max 7786 (2249) steps (0.0006 hrs) 0.00:0.00 9134 (19) sec
[598] Max 7786 (2643) steps (0.0007 hrs) 0.00:0.00 9143 (9) sec
[599] Max 7786 (1221) steps (0.0003 hrs) 0.00:0.00 9152 (9) sec
[600] Max 7786 (2390) steps (0.0007 hrs) 0.00:0.00 9181 (29) sec
[601] Max 7786 (1979) steps (0.0005 hrs) 0.00:0.00 9191 (10) sec
[602] Max 7786 (243) steps (0.0001 hrs) 0.00:0.00 9200 (9) sec
[603] Max 7786 (842) steps (0.0002 hrs) 0.00:0.00 9208 (8) sec
[604] Max 7786 (185) steps (0.0001 hrs) 0.00:0.00 9217 (9) sec
[605] Max 7786 (966) steps (0.0003 hrs) 0.00:0.00 9226 (9) sec
[606] Max 7786 (2442) steps (0.0007 hrs) 0.00:0.00 9257 (31) sec
[607] Max 7786 (2225) steps (0.0006 hrs) 0.00:0.00 9268 (11) sec
[608] Max 7786 (243) steps (0.0001 hrs) 0.00:0.00 9277 (9) sec
[609] Max 7786 (2475) steps (0.0007 hrs) 0.00:0.00 9308 (31) sec
[610] Max 7786 (2634) steps (0.0007 hrs) 0.00:0.00 9330 (22) sec
[611] Max 7786 (2718) steps (0.0008 hrs) 0.00:0.00 9359 (29) sec
[612] Max 7786 (2304) steps (0.0006 hrs) 0.00:0.00 9371 (12) sec
[613] Max 7786 (2677) steps (0.0007 hrs) 0.00:0.00 9393 (22) sec
[614] Max 7786 (235) steps (0.0001 hrs) 0.00:0.00 9402 (9) sec
[615] Max 7786 (1089) steps (0.0003 hrs) 0.00:0.00 9410 (8) sec
[616] Max 7786 (1937) steps (0.0005 hrs) 0.00:0.00 9427 (17) sec
[617] Max 7786 (814) steps (0.0002 hrs) 0.00:0.00 9435 (8) sec
[618] Max 7786 (1529) steps (0.0004 hrs) 0.00:0.00 9444 (9) sec
[619] Max 7786 (1535) steps (0.0004 hrs) 0.00:0.00 9454 (10) sec
[620] Max 7786 (1734) steps (0.0005 hrs) 0.00:0.00 9462 (8) sec
[621] Max 7786 (2434) steps (0.0007 hrs) 0.00:0.00 9494 (32) sec
[622] Max 7786 (3631) steps (0.0010 hrs) 0.00:0.00 9523 (29) sec
[623] Max 7786 (1704) steps (0.0005 hrs) 0.00:0.00 9533 (10) sec
[624] Max 7786 (1819) steps (0.0005 hrs) 0.00:0.00 9542 (9) sec
[625] Max 7786 (826) steps (0.0002 hrs) 0.00:0.00 9550 (8) sec
[626] Max 7786 (950) steps (0.0003 hrs) 0.00:0.00 9559 (9) sec
[627] Max 7786 (2458) steps (0.0007 hrs) 0.00:0.00 9572 (13) sec
[628] Max 7786 (452) steps (0.0001 hrs) 0.00:0.00 9581 (9) sec
[629] Max 7786 (1799) steps (0.0005 hrs) 0.00:0.00 9595 (14) sec
[630] Max 7786 (2375) steps (0.0007 hrs) 0.00:0.00 9607 (12) sec
[631] Max 7786 (1956) steps (0.0005 hrs) 0.00:0.00 9639 (32) sec
[632] Max 7786 (2117) steps (0.0006 hrs) 0.00:0.00 9649 (10) sec
[633] Max 7786 (1970) steps (0.0005 hrs) 0.00:0.00 9681 (32) sec
[634] Max 7786 (2112) steps (0.0006 hrs) 0.00:0.00 9712 (31) sec
[635] Max 7786 (1766) steps (0.0005 hrs) 0.00:0.00 9724 (12) sec
[636] Max 7786 (1336) steps (0.0004 hrs) 0.00:0.00 9736 (12) sec
[637] Max 7786 (506) steps (0.0001 hrs) 0.00:0.00 9745 (9) sec
[638] Max 7786 (3789) steps (0.0011 hrs) 0.00:0.00 9771 (26) sec
[639] Max 7786 (3932) steps (0.0011 hrs) 0.00:0.00 9794 (23) sec
[640] Max 7786 (2128) steps (0.0006 hrs) 0.00:0.00 9806 (12) sec
[641] Max 7786 (370) steps (0.0001 hrs) 0.00:0.00 9815 (9) sec
[642] Max 7786 (1668) steps (0.0005 hrs) 0.00:0.00 9826 (11) sec
[643] Max 7786 (1739) steps (0.0005 hrs) 0.00:0.00 9840 (14) sec
[644] Max 7786 (2309) steps (0.0006 hrs) 0.00:0.00 9869 (29) sec
[645] Max 7786 (2610) steps (0.0007 hrs) 0.00:0.00 9899 (30) sec
[646] Max 7786 (1364) steps (0.0004 hrs) 0.00:0.00 9909 (10) sec
[647] Max 7786 (1901) steps (0.0005 hrs) 0.00:0.00 9921 (12) sec
[648] Max 7786 (259) steps (0.0001 hrs) 0.00:0.00 9930 (9) sec
[649] Max 7786 (267) steps (0.0001 hrs) 0.00:0.00 9938 (8) sec
[650] Max 7786 (1195) steps (0.0003 hrs) 0.00:0.00 9948 (10) sec
[651] Max 7786 (1738) steps (0.0005 hrs) 0.00:0.00 9965 (17) sec
[652] Max 7786 (246) steps (0.0001 hrs) 0.00:0.00 9974 (9) sec
[653] Max 7786 (2260) steps (0.0006 hrs) 0.00:0.00 9998 (24) sec
[654] Max 7786 (2434) steps (0.0007 hrs) 0.00:0.00 10029 (31) sec
[655] Max 7786 (2226) steps (0.0006 hrs) 0.00:0.00 10059 (30) sec
[656] Max 7786 (1640) steps (0.0005 hrs) 0.00:0.00 10070 (11) sec
[657] Max 7786 (407) steps (0.0001 hrs) 0.00:0.00 10078 (8) sec
[658] Max 7786 (2931) steps (0.0008 hrs) 0.00:0.00 10097 (19) sec
[659] Max 7786 (2081) steps (0.0006 hrs) 0.00:0.00 10126 (29) sec
[660] Max 7786 (836) steps (0.0002 hrs) 0.00:0.00 10135 (9) sec
[661] Max 7786 (509) steps (0.0001 hrs) 0.00:0.00 10143 (8) sec
[662] Max 7786 (1657) steps (0.0005 hrs) 0.00:0.00 10153 (10) sec
[663] Max 7786 (2193) steps (0.0006 hrs) 0.00:0.00 10184 (31) sec
[664] Max 7786 (1433) steps (0.0004 hrs) 0.00:0.00 10194 (10) sec
[665] Max 7786 (581) steps (0.0002 hrs) 0.00:0.00 10203 (9) sec
[666] Max 7786 (1646) steps (0.0005 hrs) 0.00:0.00 10212 (9) sec
[667] Max 7786 (201) steps (0.0001 hrs) 0.00:0.00 10221 (9) sec
[668] Max 7786 (194) steps (0.0001 hrs) 0.00:0.00 10230 (9) sec
[669] Max 7786 (2087) steps (0.0006 hrs) 0.00:0.00 10256 (26) sec
[670] Max 7786 (365) steps (0.0001 hrs) 0.00:0.00 10265 (9) sec
[671] Max 7786 (1933) steps (0.0005 hrs) 0.00:0.00 10278 (13) sec
[672] Max 7786 (1792) steps (0.0005 hrs) 0.00:0.00 10306 (28) sec
[673] Max 7786 (1018) steps (0.0003 hrs) 0.00:0.00 10315 (9) sec
[674] Max 7786 (279) steps (0.0001 hrs) 0.00:0.00 10324 (9) sec
[675] Max 7786 (2350) steps (0.0007 hrs) 0.00:0.00 10355 (31) sec
[676] Max 7786 (2269) steps (0.0006 hrs) 0.00:0.00 10384 (29) sec
[677] Max 7786 (2519) steps (0.0007 hrs) 0.00:0.00 10414 (30) sec
[678] Max 7786 (2076) steps (0.0006 hrs) 0.00:0.00 10444 (30) sec
[679] Max 7786 (1125) steps (0.0003 hrs) 0.00:0.00 10453 (9) sec
[680] Max 7786 (2454) steps (0.0007 hrs) 0.00:0.00 10482 (29) sec
[681] Max 7786 (785) steps (0.0002 hrs) 0.00:0.00 10491 (9) sec
[682] Max 7786 (2071) steps (0.0006 hrs) 0.00:0.00 10501 (10) sec
[683] Max 7786 (1952) steps (0.0005 hrs) 0.00:0.00 10528 (27) sec
[684] Max 7786 (315) steps (0.0001 hrs) 0.00:0.00 10537 (9) sec
[685] Max 7786 (1172) steps (0.0003 hrs) 0.00:0.00 10546 (9) sec
[686] Max 7786 (2337) steps (0.0006 hrs) 0.00:0.00 10556 (10) sec
[687] Max 7786 (2310) steps (0.0006 hrs) 0.00:0.00 10578 (22) sec
[688] Max 7786 (1266) steps (0.0004 hrs) 0.00:0.00 10587 (9) sec
[689] Max 7786 (1337) steps (0.0004 hrs) 0.00:0.00 10596 (9) sec
[690] Max 7786 (2220) steps (0.0006 hrs) 0.00:0.00 10627 (31) sec
[691] Max 7786 (872) steps (0.0002 hrs) 0.00:0.00 10635 (8) sec
[692] Max 7786 (1633) steps (0.0005 hrs) 0.00:0.00 10645 (10) sec
[693] Max 7786 (450) steps (0.0001 hrs) 0.00:0.00 10654 (9) sec
[694] Max 7786 (602) steps (0.0002 hrs) 0.00:0.00 10662 (8) sec
[695] Max 7786 (1772) steps (0.0005 hrs) 0.00:0.00 10686 (24) sec
[696] Max 7786 (332) steps (0.0001 hrs) 0.00:0.00 10694 (8) sec
[697] Max 7786 (2039) steps (0.0006 hrs) 0.00:0.00 10717 (23) sec
[698] Max 7786 (655) steps (0.0002 hrs) 0.00:0.00 10726 (9) sec
[699] Max 7786 (281) steps (0.0001 hrs) 0.00:0.00 10734 (8) sec
[700] Max 7786 (2052) steps (0.0006 hrs) 0.00:0.00 10744 (10) sec
[701] Max 7786 (1576) steps (0.0004 hrs) 0.00:0.00 10754 (10) sec
[702] Max 7786 (1531) steps (0.0004 hrs) 0.00:0.00 10764 (10) sec
[703] Max 7786 (1969) steps (0.0005 hrs) 0.00:0.00 10794 (30) sec
[704] Max 7786 (257) steps (0.0001 hrs) 0.00:0.00 10803 (9) sec
[705] Max 7786 (2507) steps (0.0007 hrs) 0.00:0.00 10832 (29) sec
[706] Max 7786 (2812) steps (0.0008 hrs) 0.00:0.00 10863 (31) sec
[707] Max 7786 (2299) steps (0.0006 hrs) 0.00:0.00 10893 (30) sec
[708] Max 7786 (2185) steps (0.0006 hrs) 0.00:0.00 10924 (31) sec
[709] Max 7786 (2905) steps (0.0008 hrs) 0.00:0.00 10947 (23) sec
[710] Max 7786 (581) steps (0.0002 hrs) 0.00:0.00 10956 (9) sec
[711] Max 7786 (250) steps (0.0001 hrs) 0.00:0.00 10965 (9) sec
[712] Max 7786 (412) steps (0.0001 hrs) 0.00:0.00 10973 (8) sec
[713] Max 7786 (669) steps (0.0002 hrs) 0.00:0.00 10982 (9) sec
[714] Max 7786 (216) steps (0.0001 hrs) 0.00:0.00 10991 (9) sec
[715] Max 7786 (1042) steps (0.0003 hrs) 0.00:0.00 11000 (9) sec
[716] Max 7786 (566) steps (0.0002 hrs) 0.00:0.00 11009 (9) sec
[717] Max 7786 (1841) steps (0.0005 hrs) 0.00:0.00 11038 (29) sec
[718] Max 7786 (762) steps (0.0002 hrs) 0.00:0.00 11047 (9) sec
[719] Max 7786 (1443) steps (0.0004 hrs) 0.00:0.00 11055 (8) sec
[720] Max 7786 (154) steps (0.0000 hrs) 0.00:0.00 11064 (9) sec
[721] Max 7786 (1955) steps (0.0005 hrs) 0.00:0.00 11080 (16) sec
[722] Max 7786 (2286) steps (0.0006 hrs) 0.00:0.00 11110 (30) sec
[723] Max 7786 (888) steps (0.0002 hrs) 0.00:0.00 11119 (9) sec
[724] Max 7786 (1919) steps (0.0005 hrs) 0.00:0.00 11135 (16) sec
[725] Max 7786 (1108) steps (0.0003 hrs) 0.00:0.00 11144 (9) sec
[726] Max 7786 (694) steps (0.0002 hrs) 0.00:0.00 11153 (9) sec
[727] Max 7786 (2174) steps (0.0006 hrs) 0.00:0.00 11165 (12) sec
[728] Max 7786 (1511) steps (0.0004 hrs) 0.00:0.00 11173 (8) sec
[729] Max 7786 (483) steps (0.0001 hrs) 0.00:0.00 11182 (9) sec
[730] Max 7786 (207) steps (0.0001 hrs) 0.00:0.00 11190 (8) sec
[731] Max 7786 (930) steps (0.0003 hrs) 0.00:0.00 11199 (9) sec
[732] Max 7786 (2756) steps (0.0008 hrs) 0.00:0.00 11229 (30) sec
[733] Max 7786 (1569) steps (0.0004 hrs) 0.00:0.00 11238 (9) sec
[734] Max 7786 (2402) steps (0.0007 hrs) 0.00:0.00 11250 (12) sec
[735] Max 7786 (2297) steps (0.0006 hrs) 0.00:0.00 11278 (28) sec
[736] Max 7786 (1470) steps (0.0004 hrs) 0.00:0.00 11287 (9) sec
[737] Max 7786 (783) steps (0.0002 hrs) 0.00:0.00 11296 (9) sec
[738] Max 7786 (1500) steps (0.0004 hrs) 0.00:0.00 11304 (8) sec
[739] Max 7786 (625) steps (0.0002 hrs) 0.00:0.00 11313 (9) sec
[740] Max 7786 (309) steps (0.0001 hrs) 0.00:0.00 11321 (8) sec
[741] Max 7786 (561) steps (0.0002 hrs) 0.00:0.00 11329 (8) sec
[742] Max 7786 (4381) steps (0.0012 hrs) 0.00:0.00 11355 (26) sec
[743] Max 7786 (1872) steps (0.0005 hrs) 0.00:0.00 11372 (17) sec
[744] Max 7786 (463) steps (0.0001 hrs) 0.00:0.00 11381 (9) sec
[745] Max 7786 (2328) steps (0.0006 hrs) 0.00:0.00 11411 (30) sec
[746] Max 7786 (164) steps (0.0000 hrs) 0.00:0.00 11420 (9) sec
[747] Max 7786 (1820) steps (0.0005 hrs) 0.00:0.00 11433 (13) sec
[748] Max 7786 (2313) steps (0.0006 hrs) 0.00:0.00 11449 (16) sec
[749] Max 7786 (422) steps (0.0001 hrs) 0.00:0.00 11458 (9) sec
[750] Max 7786 (3161) steps (0.0009 hrs) 0.00:0.00 11483 (25) sec
[751] Max 7786 (3208) steps (0.0009 hrs) 0.00:0.00 11509 (26) sec
[752] Max 7786 (1070) steps (0.0003 hrs) 0.00:0.00 11518 (9) sec
[753] Max 7786 (1644) steps (0.0005 hrs) 0.00:0.00 11528 (10) sec
[754] Max 7786 (1119) steps (0.0003 hrs) 0.00:0.00 11537 (9) sec
[755] Max 7786 (230) steps (0.0001 hrs) 0.00:0.00 11546 (9) sec
[756] Max 7786 (421) steps (0.0001 hrs) 0.00:0.00 11555 (9) sec
[757] Max 7786 (615) steps (0.0002 hrs) 0.00:0.00 11564 (9) sec
[758] Max 7786 (1456) steps (0.0004 hrs) 0.00:0.00 11573 (9) sec
[759] Max 7786 (2586) steps (0.0007 hrs) 0.00:0.00 11601 (28) sec
[760] Max 7786 (658) steps (0.0002 hrs) 0.00:0.00 11610 (9) sec
[761] Max 7786 (2800) steps (0.0008 hrs) 0.00:0.00 11632 (22) sec
[762] Max 7786 (337) steps (0.0001 hrs) 0.00:0.00 11640 (8) sec
[763] Max 7786 (379) steps (0.0001 hrs) 0.00:0.00 11649 (9) sec
[764] Max 7786 (1290) steps (0.0004 hrs) 0.00:0.00 11659 (10) sec
[765] Max 7786 (992) steps (0.0003 hrs) 0.00:0.00 11668 (9) sec
[766] Max 7786 (748) steps (0.0002 hrs) 0.00:0.00 11677 (9) sec
[767] Max 7786 (2905) steps (0.0008 hrs) 0.00:0.00 11702 (25) sec
[768] Max 7786 (322) steps (0.0001 hrs) 0.00:0.00 11710 (8) sec
[769] Max 7786 (1854) steps (0.0005 hrs) 0.00:0.00 11722 (12) sec
[770] Max 7786 (544) steps (0.0002 hrs) 0.00:0.00 11731 (9) sec
[771] Max 7786 (238) steps (0.0001 hrs) 0.00:0.00 11740 (9) sec
[772] Max 7786 (1970) steps (0.0005 hrs) 0.00:0.00 11751 (11) sec
[773] Max 7786 (2592) steps (0.0007 hrs) 0.00:0.00 11780 (29) sec
[774] Max 7786 (244) steps (0.0001 hrs) 0.00:0.00 11788 (8) sec
[775] Max 7786 (271) steps (0.0001 hrs) 0.00:0.00 11797 (9) sec
[776] Max 7786 (2367) steps (0.0007 hrs) 0.00:0.00 11825 (28) sec
[777] Max 7786 (1802) steps (0.0005 hrs) 0.00:0.00 11836 (11) sec
[778] Max 7786 (493) steps (0.0001 hrs) 0.00:0.00 11845 (9) sec
[779] Max 7786 (2248) steps (0.0006 hrs) 0.00:0.00 11870 (25) sec
[780] Max 7786 (2063) steps (0.0006 hrs) 0.00:0.00 11899 (29) sec
[781] Max 7786 (1448) steps (0.0004 hrs) 0.00:0.00 11907 (8) sec
[782] Max 7786 (2699) steps (0.0007 hrs) 0.00:0.00 11938 (31) sec
[783] Max 7786 (1003) steps (0.0003 hrs) 0.00:0.00 11947 (9) sec
[784] Max 7786 (3262) steps (0.0009 hrs) 0.00:0.00 11978 (31) sec
[785] Max 7786 (2221) steps (0.0006 hrs) 0.00:0.00 12008 (30) sec
[786] Max 7786 (990) steps (0.0003 hrs) 0.00:0.00 12017 (9) sec
[787] Max 7786 (1592) steps (0.0004 hrs) 0.00:0.00 12025 (8) sec
[788] Max 7786 (983) steps (0.0003 hrs) 0.00:0.00 12034 (9) sec
[789] Max 7786 (1223) steps (0.0003 hrs) 0.00:0.00 12046 (12) sec
[790] Max 7786 (1818) steps (0.0005 hrs) 0.00:0.00 12055 (9) sec
[791] Max 7786 (316) steps (0.0001 hrs) 0.00:0.00 12064 (9) sec
[792] Max 7786 (283) steps (0.0001 hrs) 0.00:0.00 12073 (9) sec
[793] Max 7786 (1242) steps (0.0003 hrs) 0.00:0.00 12082 (9) sec
[794] Max 7786 (1855) steps (0.0005 hrs) 0.00:0.00 12107 (25) sec
[795] Max 7786 (1317) steps (0.0004 hrs) 0.00:0.00 12116 (9) sec
[796] Max 7786 (2516) steps (0.0007 hrs) 0.00:0.00 12143 (27) sec
[797] Max 7786 (2815) steps (0.0008 hrs) 0.00:0.00 12172 (29) sec
[798] Max 7786 (2055) steps (0.0006 hrs) 0.00:0.00 12203 (31) sec
[799] Max 7786 (2206) steps (0.0006 hrs) 0.00:0.00 12234 (31) sec
[800] Max 7786 (2248) steps (0.0006 hrs) 0.00:0.00 12244 (10) sec
[801] Max 7786 (456) steps (0.0001 hrs) 0.00:0.00 12252 (8) sec
[802] Max 7786 (712) steps (0.0002 hrs) 0.00:0.00 12261 (9) sec
[803] Max 7786 (2115) steps (0.0006 hrs) 0.00:0.00 12290 (29) sec
[804] Max 7786 (737) steps (0.0002 hrs) 0.00:0.00 12299 (9) sec
[805] Max 7786 (436) steps (0.0001 hrs) 0.00:0.00 12307 (8) sec
[806] Max 7786 (387) steps (0.0001 hrs) 0.00:0.00 12316 (9) sec
[807] Max 7786 (1300) steps (0.0004 hrs) 0.00:0.00 12326 (10) sec
[808] Max 7786 (170) steps (0.0000 hrs) 0.00:0.00 12335 (9) sec
[809] Max 7786 (1819) steps (0.0005 hrs) 0.00:0.00 12344 (9) sec
[810] Max 7786 (2099) steps (0.0006 hrs) 0.00:0.00 12374 (30) sec
[811] Max 7786 (1681) steps (0.0005 hrs) 0.00:0.00 12383 (9) sec
[812] Max 7786 (2036) steps (0.0006 hrs) 0.00:0.00 12393 (10) sec
[813] Max 7786 (397) steps (0.0001 hrs) 0.00:0.00 12402 (9) sec
[814] Max 7786 (2398) steps (0.0007 hrs) 0.00:0.00 12432 (30) sec
[815] Max 7786 (2004) steps (0.0006 hrs) 0.00:0.00 12442 (10) sec
[816] Max 7786 (2539) steps (0.0007 hrs) 0.00:0.00 12472 (30) sec
[817] Max 7786 (2173) steps (0.0006 hrs) 0.00:0.00 12487 (15) sec
[818] Max 7786 (1970) steps (0.0005 hrs) 0.00:0.00 12503 (16) sec
[819] Max 7786 (1438) steps (0.0004 hrs) 0.00:0.00 12511 (8) sec
[820] Max 7786 (153) steps (0.0000 hrs) 0.00:0.00 12520 (9) sec
[821] Max 7786 (964) steps (0.0003 hrs) 0.00:0.00 12529 (9) sec
[822] Max 7786 (195) steps (0.0001 hrs) 0.00:0.00 12538 (9) sec
[823] Max 7786 (2017) steps (0.0006 hrs) 0.00:0.00 12547 (9) sec
[824] Max 7786 (2856) steps (0.0008 hrs) 0.00:0.00 12574 (27) sec
[825] Max 7786 (1838) steps (0.0005 hrs) 0.00:0.00 12597 (23) sec
[826] Max 7786 (2041) steps (0.0006 hrs) 0.00:0.00 12606 (9) sec
[827] Max 7786 (253) steps (0.0001 hrs) 0.00:0.00 12615 (9) sec
[828] Max 7786 (1462) steps (0.0004 hrs) 0.00:0.00 12625 (10) sec
[829] Max 7786 (3572) steps (0.0010 hrs) 0.00:0.00 12656 (31) sec
[830] Max 7786 (662) steps (0.0002 hrs) 0.00:0.00 12664 (8) sec
[831] Max 7786 (1289) steps (0.0004 hrs) 0.00:0.00 12673 (9) sec
[832] Max 7786 (2278) steps (0.0006 hrs) 0.00:0.00 12701 (28) sec
[833] Max 7786 (2461) steps (0.0007 hrs) 0.00:0.00 12729 (28) sec
[834] Max 7786 (751) steps (0.0002 hrs) 0.00:0.00 12738 (9) sec
[835] Max 7786 (2099) steps (0.0006 hrs) 0.00:0.00 12767 (29) sec
[836] Max 7786 (828) steps (0.0002 hrs) 0.00:0.00 12776 (9) sec
[837] Max 7786 (873) steps (0.0002 hrs) 0.00:0.00 12785 (9) sec
[838] Max 7786 (2226) steps (0.0006 hrs) 0.00:0.00 12816 (31) sec
[839] Max 7786 (1886) steps (0.0005 hrs) 0.00:0.00 12847 (31) sec
[840] Max 7786 (2026) steps (0.0006 hrs) 0.00:0.00 12870 (23) sec
[841] Max 7786 (418) steps (0.0001 hrs) 0.00:0.00 12879 (9) sec
[842] Max 7786 (796) steps (0.0002 hrs) 0.00:0.00 12888 (9) sec
[843] Max 7786 (735) steps (0.0002 hrs) 0.00:0.00 12896 (8) sec
[844] Max 7786 (2250) steps (0.0006 hrs) 0.00:0.00 12927 (31) sec
[845] Max 7786 (803) steps (0.0002 hrs) 0.00:0.00 12935 (8) sec
[846] Max 7786 (2110) steps (0.0006 hrs) 0.00:0.00 12944 (9) sec
[847] Max 7786 (2143) steps (0.0006 hrs) 0.00:0.00 12969 (25) sec
[848] Max 7786 (277) steps (0.0001 hrs) 0.00:0.00 12978 (9) sec
[849] Max 7786 (489) steps (0.0001 hrs) 0.00:0.00 12986 (8) sec
[850] Max 7786 (2203) steps (0.0006 hrs) 0.00:0.00 13013 (27) sec
[851] Max 7786 (1846) steps (0.0005 hrs) 0.00:0.00 13028 (15) sec
[852] Max 7786 (388) steps (0.0001 hrs) 0.00:0.00 13037 (9) sec
[853] Max 7786 (1343) steps (0.0004 hrs) 0.00:0.00 13046 (9) sec
[854] Max 7786 (150) steps (0.0000 hrs) 0.00:0.00 13055 (9) sec
[855] Max 7786 (2494) steps (0.0007 hrs) 0.00:0.00 13075 (20) sec
[856] Max 7786 (1716) steps (0.0005 hrs) 0.00:0.00 13092 (17) sec
[857] Max 7786 (1591) steps (0.0004 hrs) 0.00:0.00 13100 (8) sec
[858] Max 7786 (1358) steps (0.0004 hrs) 0.00:0.00 13112 (12) sec
[859] Max 7786 (527) steps (0.0001 hrs) 0.00:0.00 13121 (9) sec
[860] Max 7786 (1335) steps (0.0004 hrs) 0.00:0.00 13130 (9) sec
[861] Max 7786 (1744) steps (0.0005 hrs) 0.00:0.00 13142 (12) sec
[862] Max 7786 (1300) steps (0.0004 hrs) 0.00:0.00 13151 (9) sec
[863] Max 7786 (2748) steps (0.0008 hrs) 0.00:0.00 13181 (30) sec
[864] Max 7786 (3135) steps (0.0009 hrs) 0.00:0.00 13211 (30) sec
[865] Max 7786 (413) steps (0.0001 hrs) 0.00:0.00 13220 (9) sec
[866] Max 7786 (813) steps (0.0002 hrs) 0.00:0.00 13229 (9) sec
[867] Max 7786 (1380) steps (0.0004 hrs) 0.00:0.00 13238 (9) sec
[868] Max 7786 (614) steps (0.0002 hrs) 0.00:0.00 13247 (9) sec
[869] Max 7786 (2561) steps (0.0007 hrs) 0.00:0.00 13277 (30) sec
[870] Max 7786 (2232) steps (0.0006 hrs) 0.00:0.00 13289 (12) sec
[871] Max 7786 (2428) steps (0.0007 hrs) 0.00:0.00 13318 (29) sec
[872] Max 7786 (2502) steps (0.0007 hrs) 0.00:0.00 13347 (29) sec
[873] Max 7786 (811) steps (0.0002 hrs) 0.00:0.00 13356 (9) sec
[874] Max 7786 (2377) steps (0.0007 hrs) 0.00:0.00 13386 (30) sec
[875] Max 7786 (706) steps (0.0002 hrs) 0.00:0.00 13395 (9) sec
[876] Max 7786 (1743) steps (0.0005 hrs) 0.00:0.00 13421 (26) sec
[877] Max 7786 (1964) steps (0.0005 hrs) 0.00:0.00 13446 (25) sec
[878] Max 7786 (1953) steps (0.0005 hrs) 0.00:0.00 13471 (25) sec
[879] Max 7786 (2325) steps (0.0006 hrs) 0.00:0.00 13502 (31) sec
[880] Max 7786 (2376) steps (0.0007 hrs) 0.00:0.00 13531 (29) sec
[881] Max 7786 (3323) steps (0.0009 hrs) 0.00:0.00 13561 (30) sec
[882] Max 7786 (1039) steps (0.0003 hrs) 0.00:0.00 13570 (9) sec
[883] Max 7786 (1723) steps (0.0005 hrs) 0.00:0.00 13579 (9) sec
[884] Max 7786 (1226) steps (0.0003 hrs) 0.00:0.00 13588 (9) sec
[885] Max 7786 (2380) steps (0.0007 hrs) 0.00:0.00 13598 (10) sec
[886] Max 7786 (889) steps (0.0002 hrs) 0.00:0.00 13608 (10) sec
[887] Max 7786 (2054) steps (0.0006 hrs) 0.00:0.00 13634 (26) sec
[888] Max 7786 (1257) steps (0.0003 hrs) 0.00:0.00 13645 (11) sec
[889] Max 7786 (2490) steps (0.0007 hrs) 0.00:0.00 13670 (25) sec
[890] Max 7786 (3230) steps (0.0009 hrs) 0.00:0.00 13680 (10) sec
[891] Max 7786 (1150) steps (0.0003 hrs) 0.00:0.00 13690 (10) sec
[892] Max 7786 (219) steps (0.0001 hrs) 0.00:0.00 13698 (8) sec
[893] Max 7786 (1920) steps (0.0005 hrs) 0.00:0.00 13707 (9) sec
[894] Max 7786 (3722) steps (0.0010 hrs) 0.00:0.00 13738 (31) sec
[895] Max 7786 (1202) steps (0.0003 hrs) 0.00:0.00 13746 (8) sec
[896] Max 7786 (162) steps (0.0000 hrs) 0.00:0.00 13755 (9) sec
[897] Max 7786 (193) steps (0.0001 hrs) 0.00:0.00 13764 (9) sec
[898] Max 7786 (249) steps (0.0001 hrs) 0.00:0.00 13773 (9) sec
[899] Max 7786 (360) steps (0.0001 hrs) 0.00:0.00 13782 (9) sec
[900] Max 7786 (1921) steps (0.0005 hrs) 0.00:0.00 13793 (11) sec
[901] Max 7786 (2781) steps (0.0008 hrs) 0.00:0.00 13807 (14) sec
[902] Max 7786 (317) steps (0.0001 hrs) 0.00:0.00 13816 (9) sec
[903] Max 7786 (549) steps (0.0002 hrs) 0.00:0.00 13824 (8) sec
[904] Max 7786 (2373) steps (0.0007 hrs) 0.00:0.00 13855 (31) sec
[905] Max 7786 (2260) steps (0.0006 hrs) 0.00:0.00 13878 (23) sec
[906] Max 7786 (1278) steps (0.0004 hrs) 0.00:0.00 13888 (10) sec
[907] Max 7786 (1250) steps (0.0003 hrs) 0.00:0.00 13898 (10) sec
[908] Max 7786 (856) steps (0.0002 hrs) 0.00:0.00 13907 (9) sec
[909] Max 7786 (2061) steps (0.0006 hrs) 0.00:0.00 13937 (30) sec
[910] Max 7786 (417) steps (0.0001 hrs) 0.00:0.00 13946 (9) sec
[911] Max 7786 (182) steps (0.0001 hrs) 0.00:0.00 13955 (9) sec
[912] Max 7786 (1286) steps (0.0004 hrs) 0.00:0.00 13964 (9) sec
[913] Max 7786 (176) steps (0.0000 hrs) 0.00:0.00 13972 (8) sec
[914] Max 7786 (1341) steps (0.0004 hrs) 0.00:0.00 13982 (10) sec
[915] Max 7786 (1834) steps (0.0005 hrs) 0.00:0.00 13997 (15) sec
[916] Max 7786 (2205) steps (0.0006 hrs) 0.00:0.00 14028 (31) sec
[917] Max 7786 (624) steps (0.0002 hrs) 0.00:0.00 14036 (8) sec
[918] Max 7786 (424) steps (0.0001 hrs) 0.00:0.00 14047 (11) sec
[919] Max 7786 (1452) steps (0.0004 hrs) 0.00:0.00 14056 (9) sec
[920] Max 7786 (2314) steps (0.0006 hrs) 0.00:0.00 14086 (30) sec
[921] Max 7786 (2286) steps (0.0006 hrs) 0.00:0.00 14110 (24) sec
[922] Max 7786 (289) steps (0.0001 hrs) 0.00:0.00 14118 (8) sec
[923] Max 7786 (2044) steps (0.0006 hrs) 0.00:0.00 14135 (17) sec
[924] Max 7786 (1791) steps (0.0005 hrs) 0.00:0.00 14150 (15) sec
[925] Max 7786 (2069) steps (0.0006 hrs) 0.00:0.00 14181 (31) sec
[926] Max 7786 (1987) steps (0.0006 hrs) 0.00:0.00 14201 (20) sec
[927] Max 7786 (2615) steps (0.0007 hrs) 0.00:0.00 14216 (15) sec
[928] Max 7786 (1668) steps (0.0005 hrs) 0.00:0.00 14227 (11) sec
[929] Max 7786 (740) steps (0.0002 hrs) 0.00:0.00 14235 (8) sec
[930] Max 7786 (829) steps (0.0002 hrs) 0.00:0.00 14244 (9) sec
[931] Max 7786 (2822) steps (0.0008 hrs) 0.00:0.00 14253 (9) sec
[932] Max 7786 (2439) steps (0.0007 hrs) 0.00:0.00 14262 (9) sec
[933] Max 7786 (200) steps (0.0001 hrs) 0.00:0.00 14271 (9) sec
[934] Max 7786 (401) steps (0.0001 hrs) 0.00:0.00 14280 (9) sec
[935] Max 7786 (277) steps (0.0001 hrs) 0.00:0.00 14289 (9) sec
[936] Max 7786 (2579) steps (0.0007 hrs) 0.00:0.00 14319 (30) sec
[937] Max 7786 (1335) steps (0.0004 hrs) 0.00:0.00 14329 (10) sec
[938] Max 7786 (1569) steps (0.0004 hrs) 0.00:0.00 14337 (8) sec
[939] Max 7786 (1454) steps (0.0004 hrs) 0.00:0.00 14347 (10) sec
[940] Max 7786 (2031) steps (0.0006 hrs) 0.00:0.00 14369 (22) sec
[941] Max 7786 (3217) steps (0.0009 hrs) 0.00:0.00 14396 (27) sec
[942] Max 7786 (1107) steps (0.0003 hrs) 0.00:0.00 14405 (9) sec
[943] Max 7786 (1922) steps (0.0005 hrs) 0.00:0.00 14418 (13) sec
[944] Max 7786 (1911) steps (0.0005 hrs) 0.00:0.00 14428 (10) sec
[945] Max 7786 (880) steps (0.0002 hrs) 0.00:0.00 14437 (9) sec
[946] Max 7786 (2366) steps (0.0007 hrs) 0.00:0.00 14464 (27) sec
[947] Max 7786 (2482) steps (0.0007 hrs) 0.00:0.00 14496 (32) sec
[948] Max 7786 (591) steps (0.0002 hrs) 0.00:0.00 14504 (8) sec
[949] Max 7786 (2585) steps (0.0007 hrs) 0.00:0.00 14534 (30) sec
[950] Max 7786 (212) steps (0.0001 hrs) 0.00:0.00 14543 (9) sec
[951] Max 7786 (1169) steps (0.0003 hrs) 0.00:0.00 14553 (10) sec
[952] Max 7786 (1997) steps (0.0006 hrs) 0.00:0.00 14562 (9) sec
[953] Max 7786 (393) steps (0.0001 hrs) 0.00:0.00 14571 (9) sec
[954] Max 7786 (1990) steps (0.0006 hrs) 0.00:0.00 14600 (29) sec
[955] Max 7786 (290) steps (0.0001 hrs) 0.00:0.00 14608 (8) sec
[956] Max 7786 (1819) steps (0.0005 hrs) 0.00:0.00 14623 (15) sec
[957] Max 7786 (176) steps (0.0000 hrs) 0.00:0.00 14632 (9) sec
[958] Max 7786 (273) steps (0.0001 hrs) 0.00:0.00 14640 (8) sec
[959] Max 7786 (2032) steps (0.0006 hrs) 0.00:0.00 14671 (31) sec
[960] Max 7786 (361) steps (0.0001 hrs) 0.00:0.00 14681 (10) sec
[961] Max 7786 (1555) steps (0.0004 hrs) 0.00:0.00 14690 (9) sec
[962] Max 7786 (1994) steps (0.0006 hrs) 0.00:0.00 14708 (18) sec
[963] Max 7786 (1990) steps (0.0006 hrs) 0.00:0.00 14721 (13) sec
[964] Max 7786 (2115) steps (0.0006 hrs) 0.00:0.00 14752 (31) sec
[965] Max 7786 (437) steps (0.0001 hrs) 0.00:0.00 14761 (9) sec
[966] Max 7786 (2003) steps (0.0006 hrs) 0.00:0.00 14791 (30) sec
[967] Max 7786 (597) steps (0.0002 hrs) 0.00:0.00 14800 (9) sec
[968] Max 7786 (1316) steps (0.0004 hrs) 0.00:0.00 14813 (13) sec
[969] Max 7786 (1496) steps (0.0004 hrs) 0.00:0.00 14822 (9) sec
[970] Max 7786 (1132) steps (0.0003 hrs) 0.00:0.00 14833 (11) sec
[971] Max 7786 (514) steps (0.0001 hrs) 0.00:0.00 14842 (9) sec
[972] Max 7786 (1181) steps (0.0003 hrs) 0.00:0.00 14851 (9) sec
[973] Max 7786 (936) steps (0.0003 hrs) 0.00:0.00 14860 (9) sec
[974] Max 7786 (2072) steps (0.0006 hrs) 0.00:0.00 14883 (23) sec
[975] Max 7786 (2102) steps (0.0006 hrs) 0.00:0.00 14912 (29) sec
[976] Max 7786 (674) steps (0.0002 hrs) 0.00:0.00 14921 (9) sec
[977] Max 7786 (1181) steps (0.0003 hrs) 0.00:0.00 14930 (9) sec
[978] Max 7786 (2753) steps (0.0008 hrs) 0.00:0.00 14960 (30) sec
[979] Max 7786 (2558) steps (0.0007 hrs) 0.00:0.00 14991 (31) sec
[980] Max 7786 (2553) steps (0.0007 hrs) 0.00:0.00 15021 (30) sec
[981] Max 7786 (2355) steps (0.0007 hrs) 0.00:0.00 15035 (14) sec
[982] Max 7786 (989) steps (0.0003 hrs) 0.00:0.00 15043 (8) sec
[983] Max 7786 (1239) steps (0.0003 hrs) 0.00:0.00 15055 (12) sec
[984] Max 7786 (2758) steps (0.0008 hrs) 0.00:0.00 15067 (12) sec
[985] Max 7786 (522) steps (0.0001 hrs) 0.00:0.00 15076 (9) sec
[986] Max 7786 (294) steps (0.0001 hrs) 0.00:0.00 15085 (9) sec
[987] Max 7786 (362) steps (0.0001 hrs) 0.00:0.00 15093 (8) sec
[988] Max 7786 (537) steps (0.0001 hrs) 0.00:0.00 15102 (9) sec
[989] Max 7786 (1154) steps (0.0003 hrs) 0.00:0.00 15111 (9) sec
[990] Max 7786 (2152) steps (0.0006 hrs) 0.00:0.00 15131 (20) sec
[991] Max 7786 (1410) steps (0.0004 hrs) 0.00:0.00 15144 (13) sec
[992] Max 7786 (304) steps (0.0001 hrs) 0.00:0.00 15153 (9) sec
[993] Max 7786 (1353) steps (0.0004 hrs) 0.00:0.00 15162 (9) sec
[994] Max 7786 (161) steps (0.0000 hrs) 0.00:0.00 15171 (9) sec
[995] Max 7786 (2342) steps (0.0007 hrs) 0.00:0.00 15202 (31) sec
[996] Max 7786 (2033) steps (0.0006 hrs) 0.00:0.00 15232 (30) sec
[997] Max 7786 (408) steps (0.0001 hrs) 0.00:0.00 15241 (9) sec
[998] Max 7786 (761) steps (0.0002 hrs) 0.00:0.00 15249 (8) sec
[999] Max 7786 (249) steps (0.0001 hrs) 0.00:0.00 15258 (9) sec
[1000] Max 7786 (728) steps (0.0002 hrs) 0.00:0.00 15267 (9) sec
Total Elapsed time: 15267 seconds
Wrote current data to latest.train
