balanced 0 test_flag 0
[1] Max 2955 (2955) steps (0.0008 hrs) 0.00:0.00 30 (30) sec
[2] Max 2955 (575) steps (0.0002 hrs) 0.00:0.00 45 (15) sec
[3] Max 3009 (3009) steps (0.0008 hrs) 0.00:0.00 63 (18) sec
[4] Max 3009 (2051) steps (0.0006 hrs) 0.00:0.00 91 (28) sec
[5] Max 3009 (2030) steps (0.0006 hrs) 0.00:0.00 119 (28) sec
[6] Max 3009 (2348) steps (0.0007 hrs) 0.00:0.00 146 (27) sec
[7] Max 3009 (826) steps (0.0002 hrs) 0.00:0.00 161 (15) sec
[8] Max 3009 (386) steps (0.0001 hrs) 0.00:0.00 176 (15) sec
[9] Max 3009 (435) steps (0.0001 hrs) 0.00:0.00 191 (15) sec
[10] Max 3009 (2232) steps (0.0006 hrs) 0.00:0.00 218 (27) sec
[11] Max 3009 (2145) steps (0.0006 hrs) 0.00:0.00 234 (16) sec
[12] Max 3009 (315) steps (0.0001 hrs) 0.00:0.00 249 (15) sec
[13] Max 3009 (2051) steps (0.0006 hrs) 0.00:0.00 277 (28) sec
[14] Max 3009 (351) steps (0.0001 hrs) 0.00:0.00 292 (15) sec
[15] Max 3009 (336) steps (0.0001 hrs) 0.00:0.00 306 (14) sec
[16] Max 3009 (1082) steps (0.0003 hrs) 0.00:0.00 321 (15) sec
[17] Max 3009 (2419) steps (0.0007 hrs) 0.00:0.00 349 (28) sec
[18] Max 3009 (659) steps (0.0002 hrs) 0.00:0.00 364 (15) sec
[19] Max 3009 (1054) steps (0.0003 hrs) 0.00:0.00 379 (15) sec
[20] Max 3009 (682) steps (0.0002 hrs) 0.00:0.00 394 (15) sec
[21] Max 3009 (1315) steps (0.0004 hrs) 0.00:0.00 410 (16) sec
[22] Max 3009 (2609) steps (0.0007 hrs) 0.00:0.00 439 (29) sec
[23] Max 3009 (1006) steps (0.0003 hrs) 0.00:0.00 454 (15) sec
[24] Max 3009 (338) steps (0.0001 hrs) 0.00:0.00 468 (14) sec
[25] Max 3009 (1615) steps (0.0004 hrs) 0.00:0.00 483 (15) sec
[26] Max 3009 (1844) steps (0.0005 hrs) 0.00:0.00 511 (28) sec
[27] Max 3009 (644) steps (0.0002 hrs) 0.00:0.00 526 (15) sec
[28] Max 3009 (2237) steps (0.0006 hrs) 0.00:0.00 547 (21) sec
[29] Max 3009 (2017) steps (0.0006 hrs) 0.00:0.00 563 (16) sec
[30] Max 3009 (822) steps (0.0002 hrs) 0.00:0.00 578 (15) sec
[31] Max 3009 (2249) steps (0.0006 hrs) 0.00:0.00 606 (28) sec
[32] Max 3009 (2286) steps (0.0006 hrs) 0.00:0.00 634 (28) sec
[33] Max 3009 (325) steps (0.0001 hrs) 0.00:0.00 649 (15) sec
[34] Max 3009 (1305) steps (0.0004 hrs) 0.00:0.00 664 (15) sec
[35] Max 3009 (2140) steps (0.0006 hrs) 0.00:0.00 691 (27) sec
[36] Max 3009 (971) steps (0.0003 hrs) 0.00:0.00 706 (15) sec
[37] Max 3009 (1891) steps (0.0005 hrs) 0.00:0.00 732 (26) sec
[38] Max 3009 (2046) steps (0.0006 hrs) 0.00:0.00 755 (23) sec
[39] Max 3009 (2641) steps (0.0007 hrs) 0.00:0.00 783 (28) sec
[40] Max 3009 (467) steps (0.0001 hrs) 0.00:0.00 797 (14) sec
[41] Max 3009 (2268) steps (0.0006 hrs) 0.00:0.00 816 (19) sec
[42] Max 3009 (1773) steps (0.0005 hrs) 0.00:0.00 835 (19) sec
[43] Max 3009 (1861) steps (0.0005 hrs) 0.00:0.00 851 (16) sec
[44] Max 3009 (1212) steps (0.0003 hrs) 0.00:0.00 866 (15) sec
[45] Max 3009 (1020) steps (0.0003 hrs) 0.00:0.00 880 (14) sec
[46] Max 3009 (1905) steps (0.0005 hrs) 0.00:0.00 896 (16) sec
[47] Max 3009 (306) steps (0.0001 hrs) 0.00:0.00 911 (15) sec
[48] Max 3009 (1037) steps (0.0003 hrs) 0.00:0.00 925 (14) sec
[49] Max 3009 (2079) steps (0.0006 hrs) 0.00:0.00 954 (29) sec
[50] Max 3009 (1066) steps (0.0003 hrs) 0.00:0.00 969 (15) sec
[51] Max 3009 (2688) steps (0.0007 hrs) 0.00:0.00 998 (29) sec
[52] Max 3009 (2431) steps (0.0007 hrs) 0.00:0.00 1016 (18) sec
[53] Max 3009 (1470) steps (0.0004 hrs) 0.00:0.00 1032 (16) sec
[54] Max 4323 (4323) steps (0.0012 hrs) 0.00:0.00 1059 (27) sec
[55] Max 4323 (1491) steps (0.0004 hrs) 0.00:0.00 1074 (15) sec
[56] Max 4323 (2202) steps (0.0006 hrs) 0.00:0.00 1101 (27) sec
[57] Max 4323 (1332) steps (0.0004 hrs) 0.00:0.00 1116 (15) sec
[58] Max 4323 (1590) steps (0.0004 hrs) 0.00:0.00 1132 (16) sec
[59] Max 4323 (961) steps (0.0003 hrs) 0.00:0.00 1146 (14) sec
[60] Max 4323 (1312) steps (0.0004 hrs) 0.00:0.00 1162 (16) sec
[61] Max 4323 (995) steps (0.0003 hrs) 0.00:0.00 1177 (15) sec
[62] Max 4323 (438) steps (0.0001 hrs) 0.00:0.00 1192 (15) sec
[63] Max 4323 (1823) steps (0.0005 hrs) 0.00:0.00 1218 (26) sec
[64] Max 4323 (2219) steps (0.0006 hrs) 0.00:0.00 1244 (26) sec
[65] Max 4323 (490) steps (0.0001 hrs) 0.00:0.00 1258 (14) sec
[66] Max 4323 (2038) steps (0.0006 hrs) 0.00:0.00 1286 (28) sec
[67] Max 4323 (468) steps (0.0001 hrs) 0.00:0.00 1300 (14) sec
[68] Max 4323 (889) steps (0.0002 hrs) 0.00:0.00 1315 (15) sec
[69] Max 4323 (562) steps (0.0002 hrs) 0.00:0.00 1329 (14) sec
[70] Max 4323 (1683) steps (0.0005 hrs) 0.00:0.00 1349 (20) sec
[71] Max 4323 (300) steps (0.0001 hrs) 0.00:0.00 1364 (15) sec
[72] Max 4323 (448) steps (0.0001 hrs) 0.00:0.00 1378 (14) sec
[73] Max 4323 (2355) steps (0.0007 hrs) 0.00:0.00 1393 (15) sec
[74] Max 4323 (2037) steps (0.0006 hrs) 0.00:0.00 1422 (29) sec
[75] Max 4323 (711) steps (0.0002 hrs) 0.00:0.00 1437 (15) sec
[76] Max 4323 (2566) steps (0.0007 hrs) 0.00:0.00 1457 (20) sec
[77] Max 4323 (931) steps (0.0003 hrs) 0.00:0.00 1472 (15) sec
[78] Max 4323 (2609) steps (0.0007 hrs) 0.00:0.00 1500 (28) sec
[79] Max 4323 (946) steps (0.0003 hrs) 0.00:0.00 1515 (15) sec
[80] Max 4323 (1628) steps (0.0005 hrs) 0.00:0.00 1530 (15) sec
[81] Max 4323 (1188) steps (0.0003 hrs) 0.00:0.00 1546 (16) sec
[82] Max 4323 (2003) steps (0.0006 hrs) 0.00:0.00 1574 (28) sec
[83] Max 4323 (315) steps (0.0001 hrs) 0.00:0.00 1588 (14) sec
[84] Max 4323 (891) steps (0.0002 hrs) 0.00:0.00 1605 (17) sec
[85] Max 4323 (1682) steps (0.0005 hrs) 0.00:0.00 1621 (16) sec
[86] Max 4323 (1662) steps (0.0005 hrs) 0.00:0.00 1635 (14) sec
[87] Max 4323 (1786) steps (0.0005 hrs) 0.00:0.00 1651 (16) sec
[88] Max 4323 (1714) steps (0.0005 hrs) 0.00:0.00 1668 (17) sec
[89] Max 4323 (2717) steps (0.0008 hrs) 0.00:0.00 1695 (27) sec
[90] Max 4323 (444) steps (0.0001 hrs) 0.00:0.00 1709 (14) sec
[91] Max 4323 (1894) steps (0.0005 hrs) 0.00:0.00 1736 (27) sec
[92] Max 4323 (2147) steps (0.0006 hrs) 0.00:0.00 1764 (28) sec
[93] Max 4323 (2249) steps (0.0006 hrs) 0.00:0.00 1792 (28) sec
[94] Max 4323 (2155) steps (0.0006 hrs) 0.00:0.00 1820 (28) sec
[95] Max 4323 (1866) steps (0.0005 hrs) 0.00:0.00 1849 (29) sec
[96] Max 4323 (2776) steps (0.0008 hrs) 0.00:0.00 1877 (28) sec
[97] Max 4323 (2248) steps (0.0006 hrs) 0.00:0.00 1906 (29) sec
[98] Max 4323 (432) steps (0.0001 hrs) 0.00:0.00 1921 (15) sec
[99] Max 4323 (417) steps (0.0001 hrs) 0.00:0.00 1936 (15) sec
[100] Max 4323 (554) steps (0.0002 hrs) 0.00:0.00 1951 (15) sec
[101] Max 4323 (2171) steps (0.0006 hrs) 0.00:0.00 1979 (28) sec
[102] Max 4323 (729) steps (0.0002 hrs) 0.00:0.00 1994 (15) sec
[103] Max 4323 (695) steps (0.0002 hrs) 0.00:0.00 2009 (15) sec
[104] Max 4323 (1107) steps (0.0003 hrs) 0.00:0.00 2023 (14) sec
[105] Max 4323 (686) steps (0.0002 hrs) 0.00:0.00 2038 (15) sec
[106] Max 4323 (1348) steps (0.0004 hrs) 0.00:0.00 2053 (15) sec
[107] Max 4323 (1998) steps (0.0006 hrs) 0.00:0.00 2069 (16) sec
[108] Max 4323 (2151) steps (0.0006 hrs) 0.00:0.00 2097 (28) sec
[109] Max 4323 (895) steps (0.0002 hrs) 0.00:0.00 2111 (14) sec
[110] Max 4323 (2272) steps (0.0006 hrs) 0.00:0.00 2127 (16) sec
[111] Max 4323 (1589) steps (0.0004 hrs) 0.00:0.00 2142 (15) sec
[112] Max 4323 (309) steps (0.0001 hrs) 0.00:0.00 2158 (16) sec
[113] Max 4323 (2715) steps (0.0008 hrs) 0.00:0.00 2185 (27) sec
[114] Max 4323 (2141) steps (0.0006 hrs) 0.00:0.00 2211 (26) sec
[115] Max 4323 (1234) steps (0.0003 hrs) 0.00:0.00 2226 (15) sec
[116] Max 4323 (1511) steps (0.0004 hrs) 0.00:0.00 2241 (15) sec
[117] Max 9061 (9061) steps (0.0025 hrs) 0.00:0.00 2272 (31) sec
[118] Max 9061 (425) steps (0.0001 hrs) 0.00:0.00 2287 (15) sec
[119] Max 9061 (875) steps (0.0002 hrs) 0.00:0.00 2302 (15) sec
[120] Max 9061 (1755) steps (0.0005 hrs) 0.00:0.00 2328 (26) sec
[121] Max 9061 (493) steps (0.0001 hrs) 0.00:0.00 2343 (15) sec
[122] Max 9061 (830) steps (0.0002 hrs) 0.00:0.00 2358 (15) sec
[123] Max 9061 (1841) steps (0.0005 hrs) 0.00:0.00 2386 (28) sec
[124] Max 9061 (1199) steps (0.0003 hrs) 0.00:0.00 2401 (15) sec
[125] Max 9061 (2922) steps (0.0008 hrs) 0.00:0.00 2430 (29) sec
[126] Max 9061 (746) steps (0.0002 hrs) 0.00:0.00 2444 (14) sec
[127] Max 9061 (1140) steps (0.0003 hrs) 0.00:0.00 2460 (16) sec
[128] Max 9061 (645) steps (0.0002 hrs) 0.00:0.00 2475 (15) sec
[129] Max 9061 (2467) steps (0.0007 hrs) 0.00:0.00 2491 (16) sec
[130] Max 9061 (440) steps (0.0001 hrs) 0.00:0.00 2506 (15) sec
[131] Max 9061 (603) steps (0.0002 hrs) 0.00:0.00 2521 (15) sec
[132] Max 9061 (2122) steps (0.0006 hrs) 0.00:0.00 2541 (20) sec
[133] Max 9061 (1985) steps (0.0006 hrs) 0.00:0.00 2569 (28) sec
[134] Max 9061 (888) steps (0.0002 hrs) 0.00:0.00 2584 (15) sec
[135] Max 9061 (1377) steps (0.0004 hrs) 0.00:0.00 2599 (15) sec
[136] Max 9061 (2166) steps (0.0006 hrs) 0.00:0.00 2618 (19) sec
[137] Max 9061 (2162) steps (0.0006 hrs) 0.00:0.00 2646 (28) sec
[138] Max 9061 (3412) steps (0.0009 hrs) 0.00:0.00 2668 (22) sec
[139] Max 9061 (880) steps (0.0002 hrs) 0.00:0.00 2683 (15) sec
[140] Max 9061 (2130) steps (0.0006 hrs) 0.00:0.00 2699 (16) sec
[141] Max 9061 (1117) steps (0.0003 hrs) 0.00:0.00 2714 (15) sec
[142] Max 9061 (2044) steps (0.0006 hrs) 0.00:0.00 2742 (28) sec
[143] Max 9061 (1369) steps (0.0004 hrs) 0.00:0.00 2757 (15) sec
[144] Max 9061 (998) steps (0.0003 hrs) 0.00:0.00 2772 (15) sec
[145] Max 9061 (1403) steps (0.0004 hrs) 0.00:0.00 2787 (15) sec
[146] Max 9061 (447) steps (0.0001 hrs) 0.00:0.00 2802 (15) sec
[147] Max 9061 (2043) steps (0.0006 hrs) 0.00:0.00 2830 (28) sec
[148] Max 9061 (811) steps (0.0002 hrs) 0.00:0.00 2845 (15) sec
[149] Max 9061 (525) steps (0.0001 hrs) 0.00:0.00 2860 (15) sec
[150] Max 9061 (944) steps (0.0003 hrs) 0.00:0.00 2876 (16) sec
[151] Max 9061 (1291) steps (0.0004 hrs) 0.00:0.00 2890 (14) sec
[152] Max 9061 (1045) steps (0.0003 hrs) 0.00:0.00 2905 (15) sec
[153] Max 9061 (2128) steps (0.0006 hrs) 0.00:0.00 2933 (28) sec
[154] Max 9061 (1863) steps (0.0005 hrs) 0.00:0.00 2949 (16) sec
[155] Max 9061 (761) steps (0.0002 hrs) 0.00:0.00 2964 (15) sec
[156] Max 9061 (2307) steps (0.0006 hrs) 0.00:0.00 2978 (14) sec
[157] Max 9061 (2195) steps (0.0006 hrs) 0.00:0.00 3006 (28) sec
[158] Max 9061 (1216) steps (0.0003 hrs) 0.00:0.00 3021 (15) sec
[159] Max 9061 (753) steps (0.0002 hrs) 0.00:0.00 3036 (15) sec
[160] Max 9061 (1745) steps (0.0005 hrs) 0.00:0.00 3052 (16) sec
[161] Max 9061 (1768) steps (0.0005 hrs) 0.00:0.00 3067 (15) sec
[162] Max 9061 (826) steps (0.0002 hrs) 0.00:0.00 3082 (15) sec
[163] Max 9061 (998) steps (0.0003 hrs) 0.00:0.00 3096 (14) sec
[164] Max 9061 (490) steps (0.0001 hrs) 0.00:0.00 3111 (15) sec
[165] Max 9061 (349) steps (0.0001 hrs) 0.00:0.00 3126 (15) sec
[166] Max 9061 (2173) steps (0.0006 hrs) 0.00:0.00 3150 (24) sec
[167] Max 9061 (358) steps (0.0001 hrs) 0.00:0.00 3165 (15) sec
[168] Max 9061 (421) steps (0.0001 hrs) 0.00:0.00 3179 (14) sec
[169] Max 9061 (662) steps (0.0002 hrs) 0.00:0.00 3194 (15) sec
[170] Max 9061 (471) steps (0.0001 hrs) 0.00:0.00 3208 (14) sec
[171] Max 9061 (573) steps (0.0002 hrs) 0.00:0.00 3223 (15) sec
[172] Max 9061 (926) steps (0.0003 hrs) 0.00:0.00 3238 (15) sec
[173] Max 9061 (3066) steps (0.0009 hrs) 0.00:0.00 3253 (15) sec
[174] Max 9061 (2058) steps (0.0006 hrs) 0.00:0.00 3269 (16) sec
[175] Max 9061 (2582) steps (0.0007 hrs) 0.00:0.00 3297 (28) sec
[176] Max 9061 (1085) steps (0.0003 hrs) 0.00:0.00 3312 (15) sec
[177] Max 9061 (1690) steps (0.0005 hrs) 0.00:0.00 3328 (16) sec
[178] Max 9061 (1968) steps (0.0005 hrs) 0.00:0.00 3355 (27) sec
[179] Max 9061 (2078) steps (0.0006 hrs) 0.00:0.00 3375 (20) sec
[180] Max 9061 (638) steps (0.0002 hrs) 0.00:0.00 3389 (14) sec
[181] Max 9061 (2136) steps (0.0006 hrs) 0.00:0.00 3416 (27) sec
[182] Max 9061 (2190) steps (0.0006 hrs) 0.00:0.00 3444 (28) sec
[183] Max 9061 (845) steps (0.0002 hrs) 0.00:0.00 3459 (15) sec
[184] Max 9061 (911) steps (0.0003 hrs) 0.00:0.00 3474 (15) sec
[185] Max 9061 (805) steps (0.0002 hrs) 0.00:0.00 3489 (15) sec
[186] Max 9061 (2042) steps (0.0006 hrs) 0.00:0.00 3517 (28) sec
[187] Max 9061 (1448) steps (0.0004 hrs) 0.00:0.00 3532 (15) sec
[188] Max 9061 (896) steps (0.0002 hrs) 0.00:0.00 3547 (15) sec
[189] Max 9061 (1749) steps (0.0005 hrs) 0.00:0.00 3563 (16) sec
[190] Max 9061 (1290) steps (0.0004 hrs) 0.00:0.00 3579 (16) sec
[191] Max 9061 (1247) steps (0.0003 hrs) 0.00:0.00 3594 (15) sec
[192] Max 9061 (488) steps (0.0001 hrs) 0.00:0.00 3610 (16) sec
[193] Max 9061 (1193) steps (0.0003 hrs) 0.00:0.00 3626 (16) sec
[194] Max 9061 (2281) steps (0.0006 hrs) 0.00:0.00 3653 (27) sec
[195] Max 9061 (1533) steps (0.0004 hrs) 0.00:0.00 3668 (15) sec
[196] Max 9061 (1615) steps (0.0004 hrs) 0.00:0.00 3683 (15) sec
[197] Max 9061 (2292) steps (0.0006 hrs) 0.00:0.00 3711 (28) sec
[198] Max 9061 (788) steps (0.0002 hrs) 0.00:0.00 3726 (15) sec
[199] Max 9061 (710) steps (0.0002 hrs) 0.00:0.00 3741 (15) sec
[200] Max 9061 (2350) steps (0.0007 hrs) 0.00:0.00 3768 (27) sec
[201] Max 9061 (1130) steps (0.0003 hrs) 0.00:0.00 3782 (14) sec
[202] Max 9061 (2191) steps (0.0006 hrs) 0.00:0.00 3810 (28) sec
[203] Max 9061 (525) steps (0.0001 hrs) 0.00:0.00 3825 (15) sec
[204] Max 9061 (303) steps (0.0001 hrs) 0.00:0.00 3840 (15) sec
[205] Max 9061 (2102) steps (0.0006 hrs) 0.00:0.00 3868 (28) sec
[206] Max 9061 (320) steps (0.0001 hrs) 0.00:0.00 3883 (15) sec
[207] Max 9061 (2042) steps (0.0006 hrs) 0.00:0.00 3910 (27) sec
[208] Max 9061 (2029) steps (0.0006 hrs) 0.00:0.00 3927 (17) sec
[209] Max 9061 (2571) steps (0.0007 hrs) 0.00:0.00 3942 (15) sec
[210] Max 9061 (862) steps (0.0002 hrs) 0.00:0.00 3957 (15) sec
[211] Max 9061 (607) steps (0.0002 hrs) 0.00:0.00 3971 (14) sec
[212] Max 9061 (328) steps (0.0001 hrs) 0.00:0.00 3986 (15) sec
[213] Max 9061 (2070) steps (0.0006 hrs) 0.00:0.00 4014 (28) sec
[214] Max 9061 (926) steps (0.0003 hrs) 0.00:0.00 4029 (15) sec
[215] Max 9061 (2770) steps (0.0008 hrs) 0.00:0.00 4058 (29) sec
[216] Max 9061 (2482) steps (0.0007 hrs) 0.00:0.00 4086 (28) sec
[217] Max 9061 (431) steps (0.0001 hrs) 0.00:0.00 4101 (15) sec
[218] Max 9061 (1223) steps (0.0003 hrs) 0.00:0.00 4116 (15) sec
[219] Max 9061 (2144) steps (0.0006 hrs) 0.00:0.00 4144 (28) sec
[220] Max 9061 (441) steps (0.0001 hrs) 0.00:0.00 4159 (15) sec
[221] Max 9061 (786) steps (0.0002 hrs) 0.00:0.00 4173 (14) sec
[222] Max 9061 (338) steps (0.0001 hrs) 0.00:0.00 4188 (15) sec
[223] Max 9061 (1822) steps (0.0005 hrs) 0.00:0.00 4216 (28) sec
[224] Max 9061 (2753) steps (0.0008 hrs) 0.00:0.00 4243 (27) sec
[225] Max 9061 (326) steps (0.0001 hrs) 0.00:0.00 4257 (14) sec
[226] Max 9061 (910) steps (0.0003 hrs) 0.00:0.00 4272 (15) sec
[227] Max 9061 (1987) steps (0.0006 hrs) 0.00:0.00 4288 (16) sec
[228] Max 9061 (2373) steps (0.0007 hrs) 0.00:0.00 4316 (28) sec
[229] Max 9061 (706) steps (0.0002 hrs) 0.00:0.00 4330 (14) sec
[230] Max 9061 (351) steps (0.0001 hrs) 0.00:0.00 4345 (15) sec
[231] Max 9061 (2039) steps (0.0006 hrs) 0.00:0.00 4373 (28) sec
[232] Max 9061 (1991) steps (0.0006 hrs) 0.00:0.00 4394 (21) sec
[233] Max 9061 (2095) steps (0.0006 hrs) 0.00:0.00 4421 (27) sec
[234] Max 9061 (1688) steps (0.0005 hrs) 0.00:0.00 4436 (15) sec
[235] Max 9061 (1999) steps (0.0006 hrs) 0.00:0.00 4452 (16) sec
[236] Max 9061 (965) steps (0.0003 hrs) 0.00:0.00 4467 (15) sec
[237] Max 9061 (1875) steps (0.0005 hrs) 0.00:0.00 4486 (19) sec
[238] Max 9061 (2197) steps (0.0006 hrs) 0.00:0.00 4513 (27) sec
[239] Max 9061 (2106) steps (0.0006 hrs) 0.00:0.00 4532 (19) sec
[240] Max 9061 (1946) steps (0.0005 hrs) 0.00:0.00 4561 (29) sec
[241] Max 9061 (1866) steps (0.0005 hrs) 0.00:0.00 4579 (18) sec
[242] Max 9061 (944) steps (0.0003 hrs) 0.00:0.00 4594 (15) sec
[243] Max 9061 (2327) steps (0.0006 hrs) 0.00:0.00 4622 (28) sec
[244] Max 9061 (2344) steps (0.0007 hrs) 0.00:0.00 4649 (27) sec
[245] Max 9061 (366) steps (0.0001 hrs) 0.00:0.00 4664 (15) sec
[246] Max 9061 (424) steps (0.0001 hrs) 0.00:0.00 4679 (15) sec
[247] Max 9061 (1730) steps (0.0005 hrs) 0.00:0.00 4706 (27) sec
[248] Max 9061 (728) steps (0.0002 hrs) 0.00:0.00 4721 (15) sec
[249] Max 9061 (6380) steps (0.0018 hrs) 0.00:0.00 4737 (16) sec
[250] Max 9061 (2118) steps (0.0006 hrs) 0.00:0.00 4755 (18) sec
[251] Max 9061 (2130) steps (0.0006 hrs) 0.00:0.00 4782 (27) sec
[252] Max 9061 (2017) steps (0.0006 hrs) 0.00:0.00 4800 (18) sec
[253] Max 9061 (2124) steps (0.0006 hrs) 0.00:0.00 4824 (24) sec
[254] Max 9061 (1745) steps (0.0005 hrs) 0.00:0.00 4839 (15) sec
[255] Max 9061 (2517) steps (0.0007 hrs) 0.00:0.00 4868 (29) sec
[256] Max 9061 (447) steps (0.0001 hrs) 0.00:0.00 4882 (14) sec
[257] Max 9061 (1115) steps (0.0003 hrs) 0.00:0.00 4897 (15) sec
[258] Max 9061 (1996) steps (0.0006 hrs) 0.00:0.00 4924 (27) sec
[259] Max 9061 (2016) steps (0.0006 hrs) 0.00:0.00 4944 (20) sec
[260] Max 9061 (1566) steps (0.0004 hrs) 0.00:0.00 4959 (15) sec
[261] Max 9061 (749) steps (0.0002 hrs) 0.00:0.00 4973 (14) sec
[262] Max 9061 (3439) steps (0.0010 hrs) 0.00:0.00 4989 (16) sec
[263] Max 9061 (1020) steps (0.0003 hrs) 0.00:0.00 5004 (15) sec
[264] Max 9061 (2427) steps (0.0007 hrs) 0.00:0.00 5031 (27) sec
[265] Max 9061 (1926) steps (0.0005 hrs) 0.00:0.00 5049 (18) sec
[266] Max 9061 (1044) steps (0.0003 hrs) 0.00:0.00 5064 (15) sec
[267] Max 9061 (574) steps (0.0002 hrs) 0.00:0.00 5079 (15) sec
[268] Max 9061 (1112) steps (0.0003 hrs) 0.00:0.00 5094 (15) sec
[269] Max 9061 (1557) steps (0.0004 hrs) 0.00:0.00 5110 (16) sec
[270] Max 9061 (817) steps (0.0002 hrs) 0.00:0.00 5125 (15) sec
[271] Max 9061 (2255) steps (0.0006 hrs) 0.00:0.00 5150 (25) sec
[272] Max 9061 (2489) steps (0.0007 hrs) 0.00:0.00 5172 (22) sec
[273] Max 9061 (2405) steps (0.0007 hrs) 0.00:0.00 5188 (16) sec
[274] Max 9061 (2470) steps (0.0007 hrs) 0.00:0.00 5212 (24) sec
[275] Max 9061 (1579) steps (0.0004 hrs) 0.00:0.00 5228 (16) sec
[276] Max 9061 (443) steps (0.0001 hrs) 0.00:0.00 5243 (15) sec
[277] Max 9061 (481) steps (0.0001 hrs) 0.00:0.00 5258 (15) sec
[278] Max 9061 (2395) steps (0.0007 hrs) 0.00:0.00 5286 (28) sec
[279] Max 9061 (2075) steps (0.0006 hrs) 0.00:0.00 5301 (15) sec
[280] Max 9061 (518) steps (0.0001 hrs) 0.00:0.00 5316 (15) sec
[281] Max 9061 (2744) steps (0.0008 hrs) 0.00:0.00 5344 (28) sec
[282] Max 9061 (492) steps (0.0001 hrs) 0.00:0.00 5358 (14) sec
[283] Max 9061 (2583) steps (0.0007 hrs) 0.00:0.00 5387 (29) sec
[284] Max 9061 (1836) steps (0.0005 hrs) 0.00:0.00 5415 (28) sec
[285] Max 9061 (1885) steps (0.0005 hrs) 0.00:0.00 5430 (15) sec
[286] Max 9061 (1790) steps (0.0005 hrs) 0.00:0.00 5446 (16) sec
[287] Max 9061 (1311) steps (0.0004 hrs) 0.00:0.00 5460 (14) sec
[288] Max 9061 (833) steps (0.0002 hrs) 0.00:0.00 5475 (15) sec
[289] Max 9061 (3009) steps (0.0008 hrs) 0.00:0.00 5503 (28) sec
[290] Max 9061 (1368) steps (0.0004 hrs) 0.00:0.00 5518 (15) sec
[291] Max 9061 (2122) steps (0.0006 hrs) 0.00:0.00 5545 (27) sec
[292] Max 9061 (947) steps (0.0003 hrs) 0.00:0.00 5560 (15) sec
[293] Max 9061 (677) steps (0.0002 hrs) 0.00:0.00 5575 (15) sec
[294] Max 9061 (2000) steps (0.0006 hrs) 0.00:0.00 5602 (27) sec
[295] Max 9061 (799) steps (0.0002 hrs) 0.00:0.00 5617 (15) sec
[296] Max 9061 (442) steps (0.0001 hrs) 0.00:0.00 5632 (15) sec
[297] Max 9061 (307) steps (0.0001 hrs) 0.00:0.00 5647 (15) sec
[298] Max 9061 (3336) steps (0.0009 hrs) 0.00:0.00 5671 (24) sec
[299] Max 9061 (367) steps (0.0001 hrs) 0.00:0.00 5686 (15) sec
[300] Max 9061 (301) steps (0.0001 hrs) 0.00:0.00 5700 (14) sec
[301] Max 9061 (1430) steps (0.0004 hrs) 0.00:0.00 5716 (16) sec
[302] Max 9061 (2109) steps (0.0006 hrs) 0.00:0.00 5743 (27) sec
[303] Max 9061 (581) steps (0.0002 hrs) 0.00:0.00 5758 (15) sec
[304] Max 9061 (2758) steps (0.0008 hrs) 0.00:0.00 5785 (27) sec
[305] Max 9061 (872) steps (0.0002 hrs) 0.00:0.00 5800 (15) sec
[306] Max 9061 (818) steps (0.0002 hrs) 0.00:0.00 5815 (15) sec
[307] Max 9061 (682) steps (0.0002 hrs) 0.00:0.00 5830 (15) sec
[308] Max 9061 (2604) steps (0.0007 hrs) 0.00:0.00 5850 (20) sec
[309] Max 9061 (401) steps (0.0001 hrs) 0.00:0.00 5865 (15) sec
[310] Max 9061 (772) steps (0.0002 hrs) 0.00:0.00 5880 (15) sec
[311] Max 9061 (995) steps (0.0003 hrs) 0.00:0.00 5896 (16) sec
[312] Max 9061 (2432) steps (0.0007 hrs) 0.00:0.00 5924 (28) sec
[313] Max 9061 (1215) steps (0.0003 hrs) 0.00:0.00 5939 (15) sec
[314] Max 9061 (2328) steps (0.0006 hrs) 0.00:0.00 5966 (27) sec
[315] Max 9061 (2361) steps (0.0007 hrs) 0.00:0.00 5982 (16) sec
[316] Max 9061 (1262) steps (0.0004 hrs) 0.00:0.00 5997 (15) sec
[317] Max 9061 (2068) steps (0.0006 hrs) 0.00:0.00 6024 (27) sec
[318] Max 9061 (561) steps (0.0002 hrs) 0.00:0.00 6038 (14) sec
[319] Max 9061 (2521) steps (0.0007 hrs) 0.00:0.00 6065 (27) sec
[320] Max 9061 (944) steps (0.0003 hrs) 0.00:0.00 6080 (15) sec
[321] Max 9061 (2380) steps (0.0007 hrs) 0.00:0.00 6108 (28) sec
[322] Max 9061 (1070) steps (0.0003 hrs) 0.00:0.00 6122 (14) sec
[323] Max 9061 (2179) steps (0.0006 hrs) 0.00:0.00 6150 (28) sec
[324] Max 9061 (2333) steps (0.0006 hrs) 0.00:0.00 6177 (27) sec
[325] Max 9061 (1726) steps (0.0005 hrs) 0.00:0.00 6194 (17) sec
[326] Max 9061 (998) steps (0.0003 hrs) 0.00:0.00 6208 (14) sec
[327] Max 9061 (2354) steps (0.0007 hrs) 0.00:0.00 6237 (29) sec
[328] Max 9061 (430) steps (0.0001 hrs) 0.00:0.00 6251 (14) sec
[329] Max 9061 (902) steps (0.0003 hrs) 0.00:0.00 6266 (15) sec
[330] Max 9061 (1758) steps (0.0005 hrs) 0.00:0.00 6283 (17) sec
[331] Max 9061 (2292) steps (0.0006 hrs) 0.00:0.00 6311 (28) sec
[332] Max 9061 (2113) steps (0.0006 hrs) 0.00:0.00 6333 (22) sec
[333] Max 9061 (1614) steps (0.0004 hrs) 0.00:0.00 6348 (15) sec
[334] Max 9061 (2579) steps (0.0007 hrs) 0.00:0.00 6376 (28) sec
[335] Max 9061 (2318) steps (0.0006 hrs) 0.00:0.00 6404 (28) sec
[336] Max 9061 (2005) steps (0.0006 hrs) 0.00:0.00 6419 (15) sec
[337] Max 9061 (2843) steps (0.0008 hrs) 0.00:0.00 6443 (24) sec
[338] Max 9061 (2432) steps (0.0007 hrs) 0.00:0.00 6471 (28) sec
[339] Max 9061 (951) steps (0.0003 hrs) 0.00:0.00 6486 (15) sec
[340] Max 9061 (856) steps (0.0002 hrs) 0.00:0.00 6501 (15) sec
[341] Max 9061 (1278) steps (0.0004 hrs) 0.00:0.00 6516 (15) sec
[342] Max 9061 (785) steps (0.0002 hrs) 0.00:0.00 6530 (14) sec
[343] Max 9061 (986) steps (0.0003 hrs) 0.00:0.00 6545 (15) sec
[344] Max 9061 (637) steps (0.0002 hrs) 0.00:0.00 6559 (14) sec
[345] Max 9061 (2193) steps (0.0006 hrs) 0.00:0.00 6587 (28) sec
[346] Max 9061 (3034) steps (0.0008 hrs) 0.00:0.00 6607 (20) sec
[347] Max 9061 (458) steps (0.0001 hrs) 0.00:0.00 6621 (14) sec
[348] Max 9061 (2288) steps (0.0006 hrs) 0.00:0.00 6648 (27) sec
[349] Max 9061 (1447) steps (0.0004 hrs) 0.00:0.00 6663 (15) sec
[350] Max 9061 (1731) steps (0.0005 hrs) 0.00:0.00 6679 (16) sec
[351] Max 9061 (1832) steps (0.0005 hrs) 0.00:0.00 6708 (29) sec
[352] Max 9061 (1066) steps (0.0003 hrs) 0.00:0.00 6722 (14) sec
[353] Max 9061 (439) steps (0.0001 hrs) 0.00:0.00 6737 (15) sec
[354] Max 9061 (547) steps (0.0002 hrs) 0.00:0.00 6752 (15) sec
[355] Max 9061 (2088) steps (0.0006 hrs) 0.00:0.00 6771 (19) sec
[356] Max 9061 (2709) steps (0.0008 hrs) 0.00:0.00 6800 (29) sec
[357] Max 9061 (1028) steps (0.0003 hrs) 0.00:0.00 6815 (15) sec
[358] Max 9061 (1614) steps (0.0004 hrs) 0.00:0.00 6834 (19) sec
[359] Max 9061 (399) steps (0.0001 hrs) 0.00:0.00 6849 (15) sec
[360] Max 9061 (506) steps (0.0001 hrs) 0.00:0.00 6864 (15) sec
[361] Max 9061 (2201) steps (0.0006 hrs) 0.00:0.00 6892 (28) sec
[362] Max 9061 (727) steps (0.0002 hrs) 0.00:0.00 6908 (16) sec
[363] Max 9061 (2091) steps (0.0006 hrs) 0.00:0.00 6935 (27) sec
[364] Max 9061 (516) steps (0.0001 hrs) 0.00:0.00 6949 (14) sec
[365] Max 9061 (2072) steps (0.0006 hrs) 0.00:0.00 6965 (16) sec
[366] Max 9061 (2325) steps (0.0006 hrs) 0.00:0.00 6979 (14) sec
[367] Max 9061 (624) steps (0.0002 hrs) 0.00:0.00 6994 (15) sec
[368] Max 9061 (651) steps (0.0002 hrs) 0.00:0.00 7008 (14) sec
[369] Max 9061 (1608) steps (0.0004 hrs) 0.00:0.00 7024 (16) sec
[370] Max 9061 (1980) steps (0.0006 hrs) 0.00:0.00 7047 (23) sec
[371] Max 9061 (2315) steps (0.0006 hrs) 0.00:0.00 7076 (29) sec
[372] Max 9061 (1379) steps (0.0004 hrs) 0.00:0.00 7091 (15) sec
[373] Max 9061 (710) steps (0.0002 hrs) 0.00:0.00 7106 (15) sec
[374] Max 9061 (877) steps (0.0002 hrs) 0.00:0.00 7121 (15) sec
[375] Max 9061 (975) steps (0.0003 hrs) 0.00:0.00 7135 (14) sec
[376] Max 9061 (1441) steps (0.0004 hrs) 0.00:0.00 7150 (15) sec
[377] Max 9061 (1657) steps (0.0005 hrs) 0.00:0.00 7171 (21) sec
[378] Max 9061 (2017) steps (0.0006 hrs) 0.00:0.00 7188 (17) sec
[379] Max 9061 (308) steps (0.0001 hrs) 0.00:0.00 7202 (14) sec
[380] Max 9061 (2412) steps (0.0007 hrs) 0.00:0.00 7226 (24) sec
[381] Max 9061 (2308) steps (0.0006 hrs) 0.00:0.00 7244 (18) sec
[382] Max 9061 (2046) steps (0.0006 hrs) 0.00:0.00 7270 (26) sec
[383] Max 9061 (1301) steps (0.0004 hrs) 0.00:0.00 7286 (16) sec
[384] Max 9061 (2559) steps (0.0007 hrs) 0.00:0.00 7301 (15) sec
[385] Max 9061 (620) steps (0.0002 hrs) 0.00:0.00 7315 (14) sec
[386] Max 9061 (2071) steps (0.0006 hrs) 0.00:0.00 7344 (29) sec
[387] Max 9061 (1406) steps (0.0004 hrs) 0.00:0.00 7361 (17) sec
[388] Max 9061 (1102) steps (0.0003 hrs) 0.00:0.00 7376 (15) sec
[389] Max 9061 (2408) steps (0.0007 hrs) 0.00:0.00 7404 (28) sec
[390] Max 9061 (2309) steps (0.0006 hrs) 0.00:0.00 7426 (22) sec
[391] Max 9061 (1634) steps (0.0005 hrs) 0.00:0.00 7441 (15) sec
[392] Max 9061 (354) steps (0.0001 hrs) 0.00:0.00 7456 (15) sec
[393] Max 9061 (2646) steps (0.0007 hrs) 0.00:0.00 7483 (27) sec
[394] Max 9061 (1057) steps (0.0003 hrs) 0.00:0.00 7498 (15) sec
[395] Max 9061 (2364) steps (0.0007 hrs) 0.00:0.00 7527 (29) sec
[396] Max 9061 (2416) steps (0.0007 hrs) 0.00:0.00 7555 (28) sec
[397] Max 9061 (1952) steps (0.0005 hrs) 0.00:0.00 7582 (27) sec
[398] Max 9061 (2319) steps (0.0006 hrs) 0.00:0.00 7611 (29) sec
[399] Max 9061 (1099) steps (0.0003 hrs) 0.00:0.00 7626 (15) sec
[400] Max 9061 (416) steps (0.0001 hrs) 0.00:0.00 7640 (14) sec
[401] Max 9061 (2256) steps (0.0006 hrs) 0.00:0.00 7668 (28) sec
[402] Max 9061 (1839) steps (0.0005 hrs) 0.00:0.00 7686 (18) sec
[403] Max 9061 (2439) steps (0.0007 hrs) 0.00:0.00 7701 (15) sec
[404] Max 9061 (1039) steps (0.0003 hrs) 0.00:0.00 7716 (15) sec
[405] Max 9061 (2277) steps (0.0006 hrs) 0.00:0.00 7744 (28) sec
[406] Max 9061 (345) steps (0.0001 hrs) 0.00:0.00 7759 (15) sec
[407] Max 9061 (1079) steps (0.0003 hrs) 0.00:0.00 7774 (15) sec
[408] Max 9061 (630) steps (0.0002 hrs) 0.00:0.00 7788 (14) sec
[409] Max 9061 (509) steps (0.0001 hrs) 0.00:0.00 7803 (15) sec
[410] Max 9061 (888) steps (0.0002 hrs) 0.00:0.00 7817 (14) sec
[411] Max 9061 (2559) steps (0.0007 hrs) 0.00:0.00 7842 (25) sec
[412] Max 9061 (758) steps (0.0002 hrs) 0.00:0.00 7857 (15) sec
[413] Max 9061 (2191) steps (0.0006 hrs) 0.00:0.00 7885 (28) sec
[414] Max 9061 (884) steps (0.0002 hrs) 0.00:0.00 7899 (14) sec
[415] Max 9061 (2236) steps (0.0006 hrs) 0.00:0.00 7927 (28) sec
[416] Max 9061 (2287) steps (0.0006 hrs) 0.00:0.00 7951 (24) sec
[417] Max 9061 (1558) steps (0.0004 hrs) 0.00:0.00 7967 (16) sec
[418] Max 9061 (1606) steps (0.0004 hrs) 0.00:0.00 7983 (16) sec
[419] Max 9061 (451) steps (0.0001 hrs) 0.00:0.00 7997 (14) sec
[420] Max 9061 (669) steps (0.0002 hrs) 0.00:0.00 8011 (14) sec
[421] Max 9061 (1012) steps (0.0003 hrs) 0.00:0.00 8026 (15) sec
[422] Max 9061 (1920) steps (0.0005 hrs) 0.00:0.00 8044 (18) sec
[423] Max 9061 (468) steps (0.0001 hrs) 0.00:0.00 8058 (14) sec
[424] Max 9061 (1737) steps (0.0005 hrs) 0.00:0.00 8075 (17) sec
[425] Max 9061 (2227) steps (0.0006 hrs) 0.00:0.00 8103 (28) sec
[426] Max 9061 (2739) steps (0.0008 hrs) 0.00:0.00 8130 (27) sec
[427] Max 9061 (1336) steps (0.0004 hrs) 0.00:0.00 8145 (15) sec
[428] Max 9061 (365) steps (0.0001 hrs) 0.00:0.00 8160 (15) sec
[429] Max 9061 (2219) steps (0.0006 hrs) 0.00:0.00 8186 (26) sec
[430] Max 9061 (2074) steps (0.0006 hrs) 0.00:0.00 8214 (28) sec
[431] Max 9061 (2626) steps (0.0007 hrs) 0.00:0.00 8241 (27) sec
[432] Max 9061 (2214) steps (0.0006 hrs) 0.00:0.00 8256 (15) sec
[433] Max 9061 (4945) steps (0.0014 hrs) 0.00:0.00 8283 (27) sec
[434] Max 9061 (1316) steps (0.0004 hrs) 0.00:0.00 8298 (15) sec
[435] Max 9061 (637) steps (0.0002 hrs) 0.00:0.00 8313 (15) sec
[436] Max 9061 (667) steps (0.0002 hrs) 0.00:0.00 8328 (15) sec
[437] Max 9061 (2279) steps (0.0006 hrs) 0.00:0.00 8353 (25) sec
[438] Max 9061 (959) steps (0.0003 hrs) 0.00:0.00 8367 (14) sec
[439] Max 9061 (1862) steps (0.0005 hrs) 0.00:0.00 8383 (16) sec
[440] Max 9061 (1033) steps (0.0003 hrs) 0.00:0.00 8397 (14) sec
[441] Max 9061 (2375) steps (0.0007 hrs) 0.00:0.00 8424 (27) sec
[442] Max 9061 (1270) steps (0.0004 hrs) 0.00:0.00 8439 (15) sec
[443] Max 9061 (743) steps (0.0002 hrs) 0.00:0.00 8454 (15) sec
[444] Max 9061 (2493) steps (0.0007 hrs) 0.00:0.00 8482 (28) sec
[445] Max 9061 (1156) steps (0.0003 hrs) 0.00:0.00 8497 (15) sec
[446] Max 9061 (2111) steps (0.0006 hrs) 0.00:0.00 8525 (28) sec
[447] Max 9061 (2162) steps (0.0006 hrs) 0.00:0.00 8554 (29) sec
[448] Max 9061 (732) steps (0.0002 hrs) 0.00:0.00 8569 (15) sec
[449] Max 9061 (1871) steps (0.0005 hrs) 0.00:0.00 8584 (15) sec
[450] Max 9061 (1705) steps (0.0005 hrs) 0.00:0.00 8601 (17) sec
[451] Max 9061 (2107) steps (0.0006 hrs) 0.00:0.00 8620 (19) sec
[452] Max 9061 (1724) steps (0.0005 hrs) 0.00:0.00 8637 (17) sec
[453] Max 9061 (951) steps (0.0003 hrs) 0.00:0.00 8652 (15) sec
[454] Max 9061 (300) steps (0.0001 hrs) 0.00:0.00 8668 (16) sec
[455] Max 9061 (2920) steps (0.0008 hrs) 0.00:0.00 8695 (27) sec
[456] Max 9061 (1510) steps (0.0004 hrs) 0.00:0.00 8710 (15) sec
[457] Max 9061 (2141) steps (0.0006 hrs) 0.00:0.00 8738 (28) sec
[458] Max 9061 (2107) steps (0.0006 hrs) 0.00:0.00 8757 (19) sec
[459] Max 9061 (1238) steps (0.0003 hrs) 0.00:0.00 8771 (14) sec
[460] Max 9061 (1677) steps (0.0005 hrs) 0.00:0.00 8790 (19) sec
[461] Max 9061 (367) steps (0.0001 hrs) 0.00:0.00 8807 (17) sec
[462] Max 9061 (2244) steps (0.0006 hrs) 0.00:0.00 8832 (25) sec
[463] Max 9061 (613) steps (0.0002 hrs) 0.00:0.00 8846 (14) sec
[464] Max 9061 (304) steps (0.0001 hrs) 0.00:0.00 8861 (15) sec
[465] Max 9061 (505) steps (0.0001 hrs) 0.00:0.00 8876 (15) sec
[466] Max 9061 (1598) steps (0.0004 hrs) 0.00:0.00 8893 (17) sec
[467] Max 9061 (2340) steps (0.0007 hrs) 0.00:0.00 8920 (27) sec
[468] Max 9061 (1005) steps (0.0003 hrs) 0.00:0.00 8935 (15) sec
[469] Max 9061 (2203) steps (0.0006 hrs) 0.00:0.00 8960 (25) sec
[470] Max 9061 (743) steps (0.0002 hrs) 0.00:0.00 8975 (15) sec
[471] Max 9061 (862) steps (0.0002 hrs) 0.00:0.00 8990 (15) sec
[472] Max 9061 (1582) steps (0.0004 hrs) 0.00:0.00 9005 (15) sec
[473] Max 9061 (2184) steps (0.0006 hrs) 0.00:0.00 9022 (17) sec
[474] Max 9061 (321) steps (0.0001 hrs) 0.00:0.00 9037 (15) sec
[475] Max 9061 (950) steps (0.0003 hrs) 0.00:0.00 9052 (15) sec
[476] Max 9061 (1298) steps (0.0004 hrs) 0.00:0.00 9067 (15) sec
[477] Max 9061 (998) steps (0.0003 hrs) 0.00:0.00 9082 (15) sec
[478] Max 9061 (1908) steps (0.0005 hrs) 0.00:0.00 9100 (18) sec
[479] Max 9061 (2991) steps (0.0008 hrs) 0.00:0.00 9121 (21) sec
[480] Max 9061 (1924) steps (0.0005 hrs) 0.00:0.00 9149 (28) sec
[481] Max 9061 (1756) steps (0.0005 hrs) 0.00:0.00 9164 (15) sec
[482] Max 9061 (2300) steps (0.0006 hrs) 0.00:0.00 9192 (28) sec
[483] Max 9061 (315) steps (0.0001 hrs) 0.00:0.00 9207 (15) sec
[484] Max 9061 (993) steps (0.0003 hrs) 0.00:0.00 9222 (15) sec
[485] Max 9061 (699) steps (0.0002 hrs) 0.00:0.00 9236 (14) sec
[486] Max 9061 (1586) steps (0.0004 hrs) 0.00:0.00 9253 (17) sec
[487] Max 9061 (466) steps (0.0001 hrs) 0.00:0.00 9268 (15) sec
[488] Max 9061 (2839) steps (0.0008 hrs) 0.00:0.00 9297 (29) sec
[489] Max 9061 (1111) steps (0.0003 hrs) 0.00:0.00 9312 (15) sec
[490] Max 9061 (2176) steps (0.0006 hrs) 0.00:0.00 9341 (29) sec
[491] Max 9061 (1528) steps (0.0004 hrs) 0.00:0.00 9357 (16) sec
[492] Max 9061 (1825) steps (0.0005 hrs) 0.00:0.00 9375 (18) sec
[493] Max 9061 (3216) steps (0.0009 hrs) 0.00:0.00 9403 (28) sec
[494] Max 9061 (2280) steps (0.0006 hrs) 0.00:0.00 9430 (27) sec
[495] Max 9061 (1134) steps (0.0003 hrs) 0.00:0.00 9445 (15) sec
[496] Max 9061 (2486) steps (0.0007 hrs) 0.00:0.00 9472 (27) sec
[497] Max 9061 (1763) steps (0.0005 hrs) 0.00:0.00 9488 (16) sec
[498] Max 9061 (2090) steps (0.0006 hrs) 0.00:0.00 9504 (16) sec
[499] Max 9061 (2382) steps (0.0007 hrs) 0.00:0.00 9519 (15) sec
[500] Max 9061 (2314) steps (0.0006 hrs) 0.00:0.00 9547 (28) sec
[501] Max 9061 (383) steps (0.0001 hrs) 0.00:0.00 9562 (15) sec
[502] Max 9061 (737) steps (0.0002 hrs) 0.00:0.00 9576 (14) sec
[503] Max 9061 (1328) steps (0.0004 hrs) 0.00:0.00 9592 (16) sec
[504] Max 9061 (614) steps (0.0002 hrs) 0.00:0.00 9607 (15) sec
[505] Max 9061 (880) steps (0.0002 hrs) 0.00:0.00 9621 (14) sec
[506] Max 9061 (355) steps (0.0001 hrs) 0.00:0.00 9636 (15) sec
[507] Max 9061 (1087) steps (0.0003 hrs) 0.00:0.00 9651 (15) sec
[508] Max 9061 (379) steps (0.0001 hrs) 0.00:0.00 9666 (15) sec
[509] Max 9061 (1439) steps (0.0004 hrs) 0.00:0.00 9682 (16) sec
[510] Max 9061 (764) steps (0.0002 hrs) 0.00:0.00 9696 (14) sec
[511] Max 9061 (2003) steps (0.0006 hrs) 0.00:0.00 9723 (27) sec
[512] Max 9061 (2057) steps (0.0006 hrs) 0.00:0.00 9746 (23) sec
[513] Max 9061 (1509) steps (0.0004 hrs) 0.00:0.00 9761 (15) sec
[514] Max 9061 (1292) steps (0.0004 hrs) 0.00:0.00 9777 (16) sec
[515] Max 9061 (381) steps (0.0001 hrs) 0.00:0.00 9791 (14) sec
[516] Max 9061 (3303) steps (0.0009 hrs) 0.00:0.00 9810 (19) sec
[517] Max 9061 (1785) steps (0.0005 hrs) 0.00:0.00 9835 (25) sec
[518] Max 9061 (2061) steps (0.0006 hrs) 0.00:0.00 9862 (27) sec
[519] Max 9061 (1437) steps (0.0004 hrs) 0.00:0.00 9877 (15) sec
[520] Max 9061 (1800) steps (0.0005 hrs) 0.00:0.00 9896 (19) sec
[521] Max 9061 (1126) steps (0.0003 hrs) 0.00:0.00 9911 (15) sec
[522] Max 9061 (2716) steps (0.0008 hrs) 0.00:0.00 9939 (28) sec
[523] Max 9061 (1815) steps (0.0005 hrs) 0.00:0.00 9955 (16) sec
[524] Max 9061 (497) steps (0.0001 hrs) 0.00:0.00 9970 (15) sec
[525] Max 9061 (2494) steps (0.0007 hrs) 0.00:0.00 9997 (27) sec
[526] Max 9061 (301) steps (0.0001 hrs) 0.00:0.00 10012 (15) sec
[527] Max 9061 (2445) steps (0.0007 hrs) 0.00:0.00 10041 (29) sec
[528] Max 9061 (2358) steps (0.0007 hrs) 0.00:0.00 10069 (28) sec
[529] Max 9061 (1032) steps (0.0003 hrs) 0.00:0.00 10083 (14) sec
[530] Max 9061 (2036) steps (0.0006 hrs) 0.00:0.00 10099 (16) sec
[531] Max 9061 (1517) steps (0.0004 hrs) 0.00:0.00 10115 (16) sec
[532] Max 9061 (2001) steps (0.0006 hrs) 0.00:0.00 10131 (16) sec
[533] Max 9061 (2144) steps (0.0006 hrs) 0.00:0.00 10158 (27) sec
[534] Max 9061 (781) steps (0.0002 hrs) 0.00:0.00 10173 (15) sec
[535] Max 9061 (1871) steps (0.0005 hrs) 0.00:0.00 10190 (17) sec
[536] Max 9061 (872) steps (0.0002 hrs) 0.00:0.00 10205 (15) sec
[537] Max 9061 (2265) steps (0.0006 hrs) 0.00:0.00 10232 (27) sec
[538] Max 9061 (2502) steps (0.0007 hrs) 0.00:0.00 10261 (29) sec
[539] Max 9061 (1034) steps (0.0003 hrs) 0.00:0.00 10276 (15) sec
[540] Max 9061 (882) steps (0.0002 hrs) 0.00:0.00 10291 (15) sec
[541] Max 9061 (1367) steps (0.0004 hrs) 0.00:0.00 10306 (15) sec
[542] Max 9061 (314) steps (0.0001 hrs) 0.00:0.00 10320 (14) sec
[543] Max 9061 (401) steps (0.0001 hrs) 0.00:0.00 10335 (15) sec
[544] Max 9061 (3150) steps (0.0009 hrs) 0.00:0.00 10350 (15) sec
[545] Max 9061 (2282) steps (0.0006 hrs) 0.00:0.00 10377 (27) sec
[546] Max 9061 (857) steps (0.0002 hrs) 0.00:0.00 10393 (16) sec
[547] Max 9061 (330) steps (0.0001 hrs) 0.00:0.00 10407 (14) sec
[548] Max 9061 (659) steps (0.0002 hrs) 0.00:0.00 10422 (15) sec
[549] Max 9061 (1668) steps (0.0005 hrs) 0.00:0.00 10438 (16) sec
[550] Max 9061 (2023) steps (0.0006 hrs) 0.00:0.00 10466 (28) sec
[551] Max 9061 (1089) steps (0.0003 hrs) 0.00:0.00 10480 (14) sec
[552] Max 9061 (438) steps (0.0001 hrs) 0.00:0.00 10495 (15) sec
[553] Max 9061 (1216) steps (0.0003 hrs) 0.00:0.00 10510 (15) sec
[554] Max 9061 (1928) steps (0.0005 hrs) 0.00:0.00 10526 (16) sec
[555] Max 9061 (2353) steps (0.0007 hrs) 0.00:0.00 10552 (26) sec
[556] Max 9061 (534) steps (0.0001 hrs) 0.00:0.00 10567 (15) sec
[557] Max 9061 (897) steps (0.0002 hrs) 0.00:0.00 10581 (14) sec
[558] Max 9061 (2344) steps (0.0007 hrs) 0.00:0.00 10609 (28) sec
[559] Max 9061 (806) steps (0.0002 hrs) 0.00:0.00 10623 (14) sec
[560] Max 9061 (877) steps (0.0002 hrs) 0.00:0.00 10638 (15) sec
[561] Max 9061 (1508) steps (0.0004 hrs) 0.00:0.00 10654 (16) sec
[562] Max 9061 (1852) steps (0.0005 hrs) 0.00:0.00 10669 (15) sec
[563] Max 9061 (1940) steps (0.0005 hrs) 0.00:0.00 10697 (28) sec
[564] Max 9061 (1586) steps (0.0004 hrs) 0.00:0.00 10713 (16) sec
[565] Max 9061 (888) steps (0.0002 hrs) 0.00:0.00 10728 (15) sec
[566] Max 9061 (2915) steps (0.0008 hrs) 0.00:0.00 10756 (28) sec
[567] Max 9061 (1040) steps (0.0003 hrs) 0.00:0.00 10771 (15) sec
[568] Max 9061 (2147) steps (0.0006 hrs) 0.00:0.00 10797 (26) sec
[569] Max 9061 (2160) steps (0.0006 hrs) 0.00:0.00 10825 (28) sec
[570] Max 9061 (792) steps (0.0002 hrs) 0.00:0.00 10840 (15) sec
[571] Max 9061 (1731) steps (0.0005 hrs) 0.00:0.00 10856 (16) sec
[572] Max 9061 (1779) steps (0.0005 hrs) 0.00:0.00 10875 (19) sec
[573] Max 9061 (734) steps (0.0002 hrs) 0.00:0.00 10889 (14) sec
[574] Max 9061 (732) steps (0.0002 hrs) 0.00:0.00 10904 (15) sec
[575] Max 9061 (2780) steps (0.0008 hrs) 0.00:0.00 10932 (28) sec
[576] Max 9061 (1995) steps (0.0006 hrs) 0.00:0.00 10959 (27) sec
[577] Max 9061 (570) steps (0.0002 hrs) 0.00:0.00 10974 (15) sec
[578] Max 9061 (1134) steps (0.0003 hrs) 0.00:0.00 10989 (15) sec
[579] Max 9061 (2375) steps (0.0007 hrs) 0.00:0.00 11017 (28) sec
[580] Max 9061 (2203) steps (0.0006 hrs) 0.00:0.00 11036 (19) sec
[581] Max 9061 (2906) steps (0.0008 hrs) 0.00:0.00 11063 (27) sec
[582] Max 9061 (1177) steps (0.0003 hrs) 0.00:0.00 11078 (15) sec
[583] Max 9061 (2127) steps (0.0006 hrs) 0.00:0.00 11094 (16) sec
[584] Max 9061 (1491) steps (0.0004 hrs) 0.00:0.00 11109 (15) sec
[585] Max 9061 (1978) steps (0.0005 hrs) 0.00:0.00 11138 (29) sec
[586] Max 9061 (1890) steps (0.0005 hrs) 0.00:0.00 11154 (16) sec
[587] Max 9061 (2523) steps (0.0007 hrs) 0.00:0.00 11182 (28) sec
[588] Max 9061 (1898) steps (0.0005 hrs) 0.00:0.00 11204 (22) sec
[589] Max 9061 (2201) steps (0.0006 hrs) 0.00:0.00 11233 (29) sec
[590] Max 9061 (1011) steps (0.0003 hrs) 0.00:0.00 11248 (15) sec
[591] Max 9061 (714) steps (0.0002 hrs) 0.00:0.00 11263 (15) sec
[592] Max 9061 (1410) steps (0.0004 hrs) 0.00:0.00 11278 (15) sec
[593] Max 9061 (369) steps (0.0001 hrs) 0.00:0.00 11293 (15) sec
[594] Max 9061 (1932) steps (0.0005 hrs) 0.00:0.00 11314 (21) sec
[595] Max 9061 (2046) steps (0.0006 hrs) 0.00:0.00 11329 (15) sec
[596] Max 9061 (811) steps (0.0002 hrs) 0.00:0.00 11344 (15) sec
[597] Max 9061 (790) steps (0.0002 hrs) 0.00:0.00 11359 (15) sec
[598] Max 9061 (1186) steps (0.0003 hrs) 0.00:0.00 11374 (15) sec
[599] Max 9061 (1683) steps (0.0005 hrs) 0.00:0.00 11391 (17) sec
[600] Max 9061 (1084) steps (0.0003 hrs) 0.00:0.00 11406 (15) sec
[601] Max 9061 (2445) steps (0.0007 hrs) 0.00:0.00 11432 (26) sec
[602] Max 9061 (1412) steps (0.0004 hrs) 0.00:0.00 11447 (15) sec
[603] Max 9061 (835) steps (0.0002 hrs) 0.00:0.00 11462 (15) sec
[604] Max 9061 (695) steps (0.0002 hrs) 0.00:0.00 11478 (16) sec
[605] Max 9061 (520) steps (0.0001 hrs) 0.00:0.00 11492 (14) sec
[606] Max 9061 (1242) steps (0.0003 hrs) 0.00:0.00 11507 (15) sec
[607] Max 9061 (2134) steps (0.0006 hrs) 0.00:0.00 11522 (15) sec
[608] Max 9061 (2550) steps (0.0007 hrs) 0.00:0.00 11541 (19) sec
[609] Max 9061 (1318) steps (0.0004 hrs) 0.00:0.00 11557 (16) sec
[610] Max 9061 (1122) steps (0.0003 hrs) 0.00:0.00 11572 (15) sec
[611] Max 9061 (906) steps (0.0003 hrs) 0.00:0.00 11586 (14) sec
[612] Max 9061 (1069) steps (0.0003 hrs) 0.00:0.00 11601 (15) sec
[613] Max 9061 (3046) steps (0.0008 hrs) 0.00:0.00 11629 (28) sec
[614] Max 9061 (1285) steps (0.0004 hrs) 0.00:0.00 11643 (14) sec
[615] Max 9061 (2277) steps (0.0006 hrs) 0.00:0.00 11658 (15) sec
[616] Max 9061 (1978) steps (0.0005 hrs) 0.00:0.00 11687 (29) sec
[617] Max 9061 (709) steps (0.0002 hrs) 0.00:0.00 11702 (15) sec
[618] Max 9061 (2478) steps (0.0007 hrs) 0.00:0.00 11730 (28) sec
[619] Max 9061 (1601) steps (0.0004 hrs) 0.00:0.00 11745 (15) sec
[620] Max 9061 (1679) steps (0.0005 hrs) 0.00:0.00 11763 (18) sec
[621] Max 9061 (938) steps (0.0003 hrs) 0.00:0.00 11778 (15) sec
[622] Max 9061 (1754) steps (0.0005 hrs) 0.00:0.00 11796 (18) sec
[623] Max 9061 (1172) steps (0.0003 hrs) 0.00:0.00 11811 (15) sec
[624] Max 9061 (1574) steps (0.0004 hrs) 0.00:0.00 11826 (15) sec
[625] Max 9061 (331) steps (0.0001 hrs) 0.00:0.00 11841 (15) sec
[626] Max 9061 (1380) steps (0.0004 hrs) 0.00:0.00 11857 (16) sec
[627] Max 9061 (2660) steps (0.0007 hrs) 0.00:0.00 11885 (28) sec
[628] Max 9061 (2781) steps (0.0008 hrs) 0.00:0.00 11913 (28) sec
[629] Max 9061 (1701) steps (0.0005 hrs) 0.00:0.00 11928 (15) sec
[630] Max 9061 (2155) steps (0.0006 hrs) 0.00:0.00 11956 (28) sec
[631] Max 9061 (1093) steps (0.0003 hrs) 0.00:0.00 11971 (15) sec
[632] Max 9061 (794) steps (0.0002 hrs) 0.00:0.00 11986 (15) sec
[633] Max 9061 (1095) steps (0.0003 hrs) 0.00:0.00 12001 (15) sec
[634] Max 9061 (2098) steps (0.0006 hrs) 0.00:0.00 12016 (15) sec
[635] Max 9061 (2573) steps (0.0007 hrs) 0.00:0.00 12044 (28) sec
[636] Max 9061 (1944) steps (0.0005 hrs) 0.00:0.00 12059 (15) sec
[637] Max 9061 (1215) steps (0.0003 hrs) 0.00:0.00 12074 (15) sec
[638] Max 9061 (1366) steps (0.0004 hrs) 0.00:0.00 12090 (16) sec
[639] Max 9061 (1100) steps (0.0003 hrs) 0.00:0.00 12105 (15) sec
[640] Max 9061 (459) steps (0.0001 hrs) 0.00:0.00 12120 (15) sec
[641] Max 9061 (2332) steps (0.0006 hrs) 0.00:0.00 12148 (28) sec
[642] Max 9061 (2308) steps (0.0006 hrs) 0.00:0.00 12176 (28) sec
[643] Max 9061 (963) steps (0.0003 hrs) 0.00:0.00 12191 (15) sec
[644] Max 9061 (2463) steps (0.0007 hrs) 0.00:0.00 12219 (28) sec
[645] Max 9061 (1327) steps (0.0004 hrs) 0.00:0.00 12234 (15) sec
[646] Max 9061 (703) steps (0.0002 hrs) 0.00:0.00 12249 (15) sec
[647] Max 9061 (1224) steps (0.0003 hrs) 0.00:0.00 12265 (16) sec
[648] Max 9061 (2322) steps (0.0006 hrs) 0.00:0.00 12290 (25) sec
[649] Max 9061 (2222) steps (0.0006 hrs) 0.00:0.00 12306 (16) sec
[650] Max 9061 (1825) steps (0.0005 hrs) 0.00:0.00 12322 (16) sec
[651] Max 9061 (1310) steps (0.0004 hrs) 0.00:0.00 12337 (15) sec
[652] Max 9061 (329) steps (0.0001 hrs) 0.00:0.00 12351 (14) sec
[653] Max 9061 (455) steps (0.0001 hrs) 0.00:0.00 12366 (15) sec
[654] Max 9061 (2212) steps (0.0006 hrs) 0.00:0.00 12394 (28) sec
[655] Max 9061 (376) steps (0.0001 hrs) 0.00:0.00 12410 (16) sec
[656] Max 9061 (1824) steps (0.0005 hrs) 0.00:0.00 12426 (16) sec
[657] Max 9061 (2142) steps (0.0006 hrs) 0.00:0.00 12453 (27) sec
[658] Max 9061 (1324) steps (0.0004 hrs) 0.00:0.00 12469 (16) sec
[659] Max 9061 (1041) steps (0.0003 hrs) 0.00:0.00 12484 (15) sec
[660] Max 9061 (514) steps (0.0001 hrs) 0.00:0.00 12498 (14) sec
[661] Max 9061 (1785) steps (0.0005 hrs) 0.00:0.00 12515 (17) sec
[662] Max 9061 (768) steps (0.0002 hrs) 0.00:0.00 12530 (15) sec
[663] Max 9061 (861) steps (0.0002 hrs) 0.00:0.00 12545 (15) sec
[664] Max 9061 (1750) steps (0.0005 hrs) 0.00:0.00 12559 (14) sec
[665] Max 9061 (583) steps (0.0002 hrs) 0.00:0.00 12574 (15) sec
[666] Max 9061 (903) steps (0.0003 hrs) 0.00:0.00 12588 (14) sec
[667] Max 9061 (911) steps (0.0003 hrs) 0.00:0.00 12602 (14) sec
[668] Max 9061 (3782) steps (0.0011 hrs) 0.00:0.00 12619 (17) sec
[669] Max 9061 (659) steps (0.0002 hrs) 0.00:0.00 12633 (14) sec
[670] Max 9061 (2595) steps (0.0007 hrs) 0.00:0.00 12661 (28) sec
[671] Max 9061 (1493) steps (0.0004 hrs) 0.00:0.00 12676 (15) sec
[672] Max 9061 (1244) steps (0.0003 hrs) 0.00:0.00 12691 (15) sec
[673] Max 9061 (2847) steps (0.0008 hrs) 0.00:0.00 12717 (26) sec
[674] Max 9061 (445) steps (0.0001 hrs) 0.00:0.00 12731 (14) sec
[675] Max 9061 (2015) steps (0.0006 hrs) 0.00:0.00 12746 (15) sec
[676] Max 9061 (2080) steps (0.0006 hrs) 0.00:0.00 12774 (28) sec
[677] Max 9061 (2557) steps (0.0007 hrs) 0.00:0.00 12801 (27) sec
[678] Max 9061 (342) steps (0.0001 hrs) 0.00:0.00 12815 (14) sec
[679] Max 9061 (971) steps (0.0003 hrs) 0.00:0.00 12829 (14) sec
[680] Max 9061 (3456) steps (0.0010 hrs) 0.00:0.00 12856 (27) sec
[681] Max 9061 (2165) steps (0.0006 hrs) 0.00:0.00 12884 (28) sec
[682] Max 9061 (818) steps (0.0002 hrs) 0.00:0.00 12900 (16) sec
[683] Max 9061 (871) steps (0.0002 hrs) 0.00:0.00 12914 (14) sec
[684] Max 9061 (2178) steps (0.0006 hrs) 0.00:0.00 12941 (27) sec
[685] Max 9061 (2414) steps (0.0007 hrs) 0.00:0.00 12969 (28) sec
[686] Max 9061 (948) steps (0.0003 hrs) 0.00:0.00 12983 (14) sec
[687] Max 9061 (1474) steps (0.0004 hrs) 0.00:0.00 12998 (15) sec
[688] Max 9061 (2343) steps (0.0007 hrs) 0.00:0.00 13020 (22) sec
[689] Max 9061 (904) steps (0.0003 hrs) 0.00:0.00 13035 (15) sec
[690] Max 9061 (1709) steps (0.0005 hrs) 0.00:0.00 13051 (16) sec
[691] Max 9061 (2322) steps (0.0006 hrs) 0.00:0.00 13078 (27) sec
[692] Max 9061 (432) steps (0.0001 hrs) 0.00:0.00 13092 (14) sec
[693] Max 9061 (358) steps (0.0001 hrs) 0.00:0.00 13106 (14) sec
[694] Max 9061 (1192) steps (0.0003 hrs) 0.00:0.00 13121 (15) sec
[695] Max 9061 (2251) steps (0.0006 hrs) 0.00:0.00 13145 (24) sec
[696] Max 9061 (1846) steps (0.0005 hrs) 0.00:0.00 13164 (19) sec
[697] Max 9061 (1180) steps (0.0003 hrs) 0.00:0.00 13179 (15) sec
[698] Max 9061 (1979) steps (0.0005 hrs) 0.00:0.00 13205 (26) sec
[699] Max 9061 (2571) steps (0.0007 hrs) 0.00:0.00 13232 (27) sec
[700] Max 9061 (938) steps (0.0003 hrs) 0.00:0.00 13246 (14) sec
[701] Max 9061 (2134) steps (0.0006 hrs) 0.00:0.00 13262 (16) sec
[702] Max 9061 (2219) steps (0.0006 hrs) 0.00:0.00 13289 (27) sec
[703] Max 9061 (775) steps (0.0002 hrs) 0.00:0.00 13304 (15) sec
[704] Max 9061 (878) steps (0.0002 hrs) 0.00:0.00 13318 (14) sec
[705] Max 9061 (671) steps (0.0002 hrs) 0.00:0.00 13332 (14) sec
[706] Max 9061 (2369) steps (0.0007 hrs) 0.00:0.00 13361 (29) sec
[707] Max 9061 (589) steps (0.0002 hrs) 0.00:0.00 13375 (14) sec
[708] Max 9061 (913) steps (0.0003 hrs) 0.00:0.00 13390 (15) sec
[709] Max 9061 (373) steps (0.0001 hrs) 0.00:0.00 13404 (14) sec
[710] Max 9061 (2591) steps (0.0007 hrs) 0.00:0.00 13432 (28) sec
[711] Max 9061 (2368) steps (0.0007 hrs) 0.00:0.00 13456 (24) sec
[712] Max 9061 (1763) steps (0.0005 hrs) 0.00:0.00 13472 (16) sec
[713] Max 9061 (1347) steps (0.0004 hrs) 0.00:0.00 13487 (15) sec
[714] Max 9061 (504) steps (0.0001 hrs) 0.00:0.00 13501 (14) sec
[715] Max 9061 (525) steps (0.0001 hrs) 0.00:0.00 13515 (14) sec
[716] Max 9061 (2110) steps (0.0006 hrs) 0.00:0.00 13540 (25) sec
[717] Max 9061 (2644) steps (0.0007 hrs) 0.00:0.00 13567 (27) sec
[718] Max 9061 (2230) steps (0.0006 hrs) 0.00:0.00 13595 (28) sec
[719] Max 9061 (1314) steps (0.0004 hrs) 0.00:0.00 13609 (14) sec
[720] Max 9061 (1273) steps (0.0004 hrs) 0.00:0.00 13625 (16) sec
[721] Max 9061 (1818) steps (0.0005 hrs) 0.00:0.00 13644 (19) sec
[722] Max 9061 (1048) steps (0.0003 hrs) 0.00:0.00 13659 (15) sec
[723] Max 9061 (2068) steps (0.0006 hrs) 0.00:0.00 13674 (15) sec
[724] Max 9061 (1666) steps (0.0005 hrs) 0.00:0.00 13690 (16) sec
[725] Max 9061 (2567) steps (0.0007 hrs) 0.00:0.00 13717 (27) sec
[726] Max 9061 (2468) steps (0.0007 hrs) 0.00:0.00 13741 (24) sec
[727] Max 9061 (2103) steps (0.0006 hrs) 0.00:0.00 13760 (19) sec
[728] Max 9061 (413) steps (0.0001 hrs) 0.00:0.00 13775 (15) sec
[729] Max 9061 (577) steps (0.0002 hrs) 0.00:0.00 13789 (14) sec
[730] Max 9061 (1688) steps (0.0005 hrs) 0.00:0.00 13805 (16) sec
[731] Max 9061 (2093) steps (0.0006 hrs) 0.00:0.00 13831 (26) sec
[732] Max 9061 (1007) steps (0.0003 hrs) 0.00:0.00 13846 (15) sec
[733] Max 9061 (2577) steps (0.0007 hrs) 0.00:0.00 13872 (26) sec
[734] Max 9061 (1175) steps (0.0003 hrs) 0.00:0.00 13887 (15) sec
[735] Max 9061 (2309) steps (0.0006 hrs) 0.00:0.00 13914 (27) sec
[736] Max 9061 (313) steps (0.0001 hrs) 0.00:0.00 13929 (15) sec
[737] Max 9061 (2335) steps (0.0006 hrs) 0.00:0.00 13957 (28) sec
[738] Max 9061 (476) steps (0.0001 hrs) 0.00:0.00 13971 (14) sec
[739] Max 9061 (1168) steps (0.0003 hrs) 0.00:0.00 13985 (14) sec
[740] Max 9061 (603) steps (0.0002 hrs) 0.00:0.00 14000 (15) sec
[741] Max 9061 (2552) steps (0.0007 hrs) 0.00:0.00 14027 (27) sec
[742] Max 9061 (2635) steps (0.0007 hrs) 0.00:0.00 14054 (27) sec
[743] Max 9061 (2264) steps (0.0006 hrs) 0.00:0.00 14071 (17) sec
[744] Max 9061 (1480) steps (0.0004 hrs) 0.00:0.00 14086 (15) sec
[745] Max 9061 (895) steps (0.0002 hrs) 0.00:0.00 14100 (14) sec
[746] Max 9061 (1215) steps (0.0003 hrs) 0.00:0.00 14115 (15) sec
[747] Max 9061 (1346) steps (0.0004 hrs) 0.00:0.00 14130 (15) sec
[748] Max 9061 (2412) steps (0.0007 hrs) 0.00:0.00 14158 (28) sec
[749] Max 9061 (2587) steps (0.0007 hrs) 0.00:0.00 14186 (28) sec
[750] Max 9061 (6147) steps (0.0017 hrs) 0.00:0.00 14209 (23) sec
[751] Max 9061 (2146) steps (0.0006 hrs) 0.00:0.00 14237 (28) sec
[752] Max 9061 (1052) steps (0.0003 hrs) 0.00:0.00 14252 (15) sec
[753] Max 9061 (496) steps (0.0001 hrs) 0.00:0.00 14266 (14) sec
[754] Max 9061 (2045) steps (0.0006 hrs) 0.00:0.00 14282 (16) sec
[755] Max 9061 (1940) steps (0.0005 hrs) 0.00:0.00 14310 (28) sec
[756] Max 9061 (681) steps (0.0002 hrs) 0.00:0.00 14324 (14) sec
[757] Max 9061 (2200) steps (0.0006 hrs) 0.00:0.00 14339 (15) sec
[758] Max 9061 (2296) steps (0.0006 hrs) 0.00:0.00 14363 (24) sec
[759] Max 9061 (2052) steps (0.0006 hrs) 0.00:0.00 14391 (28) sec
[760] Max 9061 (611) steps (0.0002 hrs) 0.00:0.00 14406 (15) sec
[761] Max 9061 (2512) steps (0.0007 hrs) 0.00:0.00 14435 (29) sec
[762] Max 9061 (1269) steps (0.0004 hrs) 0.00:0.00 14450 (15) sec
[763] Max 9061 (2170) steps (0.0006 hrs) 0.00:0.00 14475 (25) sec
[764] Max 9061 (517) steps (0.0001 hrs) 0.00:0.00 14489 (14) sec
[765] Max 9061 (2271) steps (0.0006 hrs) 0.00:0.00 14516 (27) sec
[766] Max 9061 (688) steps (0.0002 hrs) 0.00:0.00 14530 (14) sec
[767] Max 9061 (1148) steps (0.0003 hrs) 0.00:0.00 14545 (15) sec
[768] Max 9061 (1574) steps (0.0004 hrs) 0.00:0.00 14559 (14) sec
[769] Max 9061 (1867) steps (0.0005 hrs) 0.00:0.00 14577 (18) sec
[770] Max 9061 (976) steps (0.0003 hrs) 0.00:0.00 14592 (15) sec
[771] Max 9061 (1322) steps (0.0004 hrs) 0.00:0.00 14607 (15) sec
[772] Max 9061 (2277) steps (0.0006 hrs) 0.00:0.00 14622 (15) sec
[773] Max 9061 (318) steps (0.0001 hrs) 0.00:0.00 14636 (14) sec
[774] Max 9061 (2134) steps (0.0006 hrs) 0.00:0.00 14663 (27) sec
[775] Max 9061 (1156) steps (0.0003 hrs) 0.00:0.00 14678 (15) sec
[776] Max 9061 (2022) steps (0.0006 hrs) 0.00:0.00 14706 (28) sec
[777] Max 9061 (575) steps (0.0002 hrs) 0.00:0.00 14720 (14) sec
[778] Max 9061 (815) steps (0.0002 hrs) 0.00:0.00 14734 (14) sec
[779] Max 9061 (1690) steps (0.0005 hrs) 0.00:0.00 14749 (15) sec
[780] Max 9061 (2840) steps (0.0008 hrs) 0.00:0.00 14776 (27) sec
[781] Max 9061 (1027) steps (0.0003 hrs) 0.00:0.00 14790 (14) sec
[782] Max 9061 (355) steps (0.0001 hrs) 0.00:0.00 14805 (15) sec
[783] Max 9061 (374) steps (0.0001 hrs) 0.00:0.00 14819 (14) sec
[784] Max 9061 (520) steps (0.0001 hrs) 0.00:0.00 14834 (15) sec
[785] Max 9061 (1979) steps (0.0005 hrs) 0.00:0.00 14860 (26) sec
[786] Max 9061 (3079) steps (0.0009 hrs) 0.00:0.00 14879 (19) sec
[787] Max 9061 (773) steps (0.0002 hrs) 0.00:0.00 14893 (14) sec
[788] Max 9061 (733) steps (0.0002 hrs) 0.00:0.00 14908 (15) sec
[789] Max 9061 (859) steps (0.0002 hrs) 0.00:0.00 14923 (15) sec
[790] Max 9061 (695) steps (0.0002 hrs) 0.00:0.00 14937 (14) sec
[791] Max 9061 (2124) steps (0.0006 hrs) 0.00:0.00 14964 (27) sec
[792] Max 9061 (565) steps (0.0002 hrs) 0.00:0.00 14978 (14) sec
[793] Max 9061 (686) steps (0.0002 hrs) 0.00:0.00 14993 (15) sec
[794] Max 9061 (2089) steps (0.0006 hrs) 0.00:0.00 15010 (17) sec
[795] Max 9061 (2455) steps (0.0007 hrs) 0.00:0.00 15037 (27) sec
[796] Max 9061 (1475) steps (0.0004 hrs) 0.00:0.00 15052 (15) sec
[797] Max 9061 (1505) steps (0.0004 hrs) 0.00:0.00 15067 (15) sec
[798] Max 9061 (2006) steps (0.0006 hrs) 0.00:0.00 15092 (25) sec
[799] Max 9061 (2105) steps (0.0006 hrs) 0.00:0.00 15118 (26) sec
[800] Max 9061 (323) steps (0.0001 hrs) 0.00:0.00 15132 (14) sec
[801] Max 9061 (2550) steps (0.0007 hrs) 0.00:0.00 15160 (28) sec
[802] Max 9061 (996) steps (0.0003 hrs) 0.00:0.00 15175 (15) sec
[803] Max 9061 (2045) steps (0.0006 hrs) 0.00:0.00 15203 (28) sec
[804] Max 9061 (1277) steps (0.0004 hrs) 0.00:0.00 15218 (15) sec
[805] Max 9061 (1074) steps (0.0003 hrs) 0.00:0.00 15232 (14) sec
[806] Max 9061 (2513) steps (0.0007 hrs) 0.00:0.00 15259 (27) sec
[807] Max 9061 (382) steps (0.0001 hrs) 0.00:0.00 15274 (15) sec
[808] Max 9061 (2106) steps (0.0006 hrs) 0.00:0.00 15299 (25) sec
[809] Max 9061 (1822) steps (0.0005 hrs) 0.00:0.00 15314 (15) sec
[810] Max 9061 (1322) steps (0.0004 hrs) 0.00:0.00 15330 (16) sec
[811] Max 9061 (2172) steps (0.0006 hrs) 0.00:0.00 15359 (29) sec
[812] Max 9061 (380) steps (0.0001 hrs) 0.00:0.00 15374 (15) sec
[813] Max 9061 (2089) steps (0.0006 hrs) 0.00:0.00 15402 (28) sec
[814] Max 9061 (363) steps (0.0001 hrs) 0.00:0.00 15417 (15) sec
[815] Max 9061 (2345) steps (0.0007 hrs) 0.00:0.00 15445 (28) sec
[816] Max 9061 (633) steps (0.0002 hrs) 0.00:0.00 15461 (16) sec
[817] Max 9061 (7203) steps (0.0020 hrs) 0.00:0.00 15487 (26) sec
[818] Max 9061 (1897) steps (0.0005 hrs) 0.00:0.00 15505 (18) sec
[819] Max 9061 (2059) steps (0.0006 hrs) 0.00:0.00 15533 (28) sec
[820] Max 9061 (1195) steps (0.0003 hrs) 0.00:0.00 15548 (15) sec
[821] Max 9061 (459) steps (0.0001 hrs) 0.00:0.00 15563 (15) sec
[822] Max 9061 (1282) steps (0.0004 hrs) 0.00:0.00 15579 (16) sec
[823] Max 9061 (2175) steps (0.0006 hrs) 0.00:0.00 15598 (19) sec
[824] Max 9061 (466) steps (0.0001 hrs) 0.00:0.00 15613 (15) sec
[825] Max 9061 (2216) steps (0.0006 hrs) 0.00:0.00 15641 (28) sec
[826] Max 9061 (2785) steps (0.0008 hrs) 0.00:0.00 15659 (18) sec
[827] Max 9061 (2240) steps (0.0006 hrs) 0.00:0.00 15687 (28) sec
[828] Max 9061 (1929) steps (0.0005 hrs) 0.00:0.00 15706 (19) sec
[829] Max 9061 (381) steps (0.0001 hrs) 0.00:0.00 15722 (16) sec
[830] Max 9061 (1267) steps (0.0004 hrs) 0.00:0.00 15737 (15) sec
[831] Max 9061 (451) steps (0.0001 hrs) 0.00:0.00 15752 (15) sec
[832] Max 9061 (473) steps (0.0001 hrs) 0.00:0.00 15766 (14) sec
[833] Max 9061 (711) steps (0.0002 hrs) 0.00:0.00 15781 (15) sec
[834] Max 9061 (1161) steps (0.0003 hrs) 0.00:0.00 15796 (15) sec
[835] Max 9061 (1034) steps (0.0003 hrs) 0.00:0.00 15811 (15) sec
[836] Max 9061 (302) steps (0.0001 hrs) 0.00:0.00 15826 (15) sec
[837] Max 9061 (516) steps (0.0001 hrs) 0.00:0.00 15841 (15) sec
[838] Max 9061 (1881) steps (0.0005 hrs) 0.00:0.00 15857 (16) sec
[839] Max 9061 (301) steps (0.0001 hrs) 0.00:0.00 15871 (14) sec
[840] Max 9061 (1945) steps (0.0005 hrs) 0.00:0.00 15893 (22) sec
[841] Max 9061 (1167) steps (0.0003 hrs) 0.00:0.00 15909 (16) sec
[842] Max 9061 (1085) steps (0.0003 hrs) 0.00:0.00 15924 (15) sec
[843] Max 9061 (2203) steps (0.0006 hrs) 0.00:0.00 15951 (27) sec
[844] Max 9061 (2168) steps (0.0006 hrs) 0.00:0.00 15979 (28) sec
[845] Max 9061 (302) steps (0.0001 hrs) 0.00:0.00 15993 (14) sec
[846] Max 9061 (554) steps (0.0002 hrs) 0.00:0.00 16010 (17) sec
[847] Max 9061 (567) steps (0.0002 hrs) 0.00:0.00 16025 (15) sec
[848] Max 9061 (2027) steps (0.0006 hrs) 0.00:0.00 16053 (28) sec
[849] Max 9061 (741) steps (0.0002 hrs) 0.00:0.00 16068 (15) sec
[850] Max 9061 (3916) steps (0.0011 hrs) 0.00:0.00 16096 (28) sec
[851] Max 9061 (2162) steps (0.0006 hrs) 0.00:0.00 16120 (24) sec
[852] Max 9061 (2334) steps (0.0006 hrs) 0.00:0.00 16147 (27) sec
[853] Max 9061 (510) steps (0.0001 hrs) 0.00:0.00 16162 (15) sec
[854] Max 9061 (880) steps (0.0002 hrs) 0.00:0.00 16177 (15) sec
[855] Max 9061 (2491) steps (0.0007 hrs) 0.00:0.00 16206 (29) sec
[856] Max 9061 (886) steps (0.0002 hrs) 0.00:0.00 16221 (15) sec
[857] Max 9061 (1048) steps (0.0003 hrs) 0.00:0.00 16237 (16) sec
[858] Max 9061 (1503) steps (0.0004 hrs) 0.00:0.00 16252 (15) sec
[859] Max 9061 (2449) steps (0.0007 hrs) 0.00:0.00 16281 (29) sec
[860] Max 9061 (543) steps (0.0002 hrs) 0.00:0.00 16296 (15) sec
[861] Max 9061 (385) steps (0.0001 hrs) 0.00:0.00 16311 (15) sec
[862] Max 9061 (1971) steps (0.0005 hrs) 0.00:0.00 16339 (28) sec
[863] Max 9061 (2388) steps (0.0007 hrs) 0.00:0.00 16364 (25) sec
[864] Max 9061 (514) steps (0.0001 hrs) 0.00:0.00 16379 (15) sec
[865] Max 9061 (3603) steps (0.0010 hrs) 0.00:0.00 16406 (27) sec
[866] Max 9061 (1562) steps (0.0004 hrs) 0.00:0.00 16422 (16) sec
[867] Max 9061 (760) steps (0.0002 hrs) 0.00:0.00 16436 (14) sec
[868] Max 9061 (2279) steps (0.0006 hrs) 0.00:0.00 16464 (28) sec
[869] Max 9061 (682) steps (0.0002 hrs) 0.00:0.00 16479 (15) sec
[870] Max 9061 (302) steps (0.0001 hrs) 0.00:0.00 16494 (15) sec
[871] Max 9061 (760) steps (0.0002 hrs) 0.00:0.00 16509 (15) sec
[872] Max 9061 (2452) steps (0.0007 hrs) 0.00:0.00 16526 (17) sec
[873] Max 9061 (439) steps (0.0001 hrs) 0.00:0.00 16541 (15) sec
[874] Max 9061 (943) steps (0.0003 hrs) 0.00:0.00 16556 (15) sec
[875] Max 9061 (815) steps (0.0002 hrs) 0.00:0.00 16571 (15) sec
[876] Max 9061 (1510) steps (0.0004 hrs) 0.00:0.00 16587 (16) sec
[877] Max 9061 (616) steps (0.0002 hrs) 0.00:0.00 16601 (14) sec
[878] Max 9061 (2101) steps (0.0006 hrs) 0.00:0.00 16629 (28) sec
[879] Max 9061 (1655) steps (0.0005 hrs) 0.00:0.00 16644 (15) sec
[880] Max 9061 (934) steps (0.0003 hrs) 0.00:0.00 16659 (15) sec
[881] Max 9061 (1349) steps (0.0004 hrs) 0.00:0.00 16674 (15) sec
[882] Max 9061 (2622) steps (0.0007 hrs) 0.00:0.00 16702 (28) sec
[883] Max 9061 (2430) steps (0.0007 hrs) 0.00:0.00 16729 (27) sec
[884] Max 9061 (750) steps (0.0002 hrs) 0.00:0.00 16744 (15) sec
[885] Max 9061 (6019) steps (0.0017 hrs) 0.00:0.00 16776 (32) sec
[886] Max 9061 (3605) steps (0.0010 hrs) 0.00:0.00 16805 (29) sec
[887] Max 9061 (427) steps (0.0001 hrs) 0.00:0.00 16820 (15) sec
[888] Max 9061 (1867) steps (0.0005 hrs) 0.00:0.00 16836 (16) sec
[889] Max 9061 (638) steps (0.0002 hrs) 0.00:0.00 16851 (15) sec
[890] Max 9061 (2112) steps (0.0006 hrs) 0.00:0.00 16867 (16) sec
[891] Max 9061 (2261) steps (0.0006 hrs) 0.00:0.00 16895 (28) sec
[892] Max 9061 (997) steps (0.0003 hrs) 0.00:0.00 16910 (15) sec
[893] Max 9061 (362) steps (0.0001 hrs) 0.00:0.00 16924 (14) sec
[894] Max 9061 (1105) steps (0.0003 hrs) 0.00:0.00 16939 (15) sec
[895] Max 9061 (1164) steps (0.0003 hrs) 0.00:0.00 16954 (15) sec
[896] Max 9061 (1566) steps (0.0004 hrs) 0.00:0.00 16969 (15) sec
[897] Max 9061 (2122) steps (0.0006 hrs) 0.00:0.00 16986 (17) sec
[898] Max 9061 (1833) steps (0.0005 hrs) 0.00:0.00 17015 (29) sec
[899] Max 9061 (1488) steps (0.0004 hrs) 0.00:0.00 17032 (17) sec
[900] Max 9061 (2646) steps (0.0007 hrs) 0.00:0.00 17056 (24) sec
[901] Max 9061 (2439) steps (0.0007 hrs) 0.00:0.00 17084 (28) sec
[902] Max 9061 (2084) steps (0.0006 hrs) 0.00:0.00 17109 (25) sec
[903] Max 9061 (2844) steps (0.0008 hrs) 0.00:0.00 17126 (17) sec
[904] Max 9061 (1330) steps (0.0004 hrs) 0.00:0.00 17141 (15) sec
[905] Max 9061 (1070) steps (0.0003 hrs) 0.00:0.00 17155 (14) sec
[906] Max 9061 (2668) steps (0.0007 hrs) 0.00:0.00 17170 (15) sec
[907] Max 9061 (1711) steps (0.0005 hrs) 0.00:0.00 17193 (23) sec
[908] Max 9061 (1892) steps (0.0005 hrs) 0.00:0.00 17220 (27) sec
[909] Max 9061 (1525) steps (0.0004 hrs) 0.00:0.00 17235 (15) sec
[910] Max 9061 (1442) steps (0.0004 hrs) 0.00:0.00 17250 (15) sec
[911] Max 9061 (1127) steps (0.0003 hrs) 0.00:0.00 17265 (15) sec
[912] Max 9061 (2864) steps (0.0008 hrs) 0.00:0.00 17292 (27) sec
[913] Max 9061 (1701) steps (0.0005 hrs) 0.00:0.00 17307 (15) sec
[914] Max 9061 (601) steps (0.0002 hrs) 0.00:0.00 17322 (15) sec
[915] Max 9061 (1841) steps (0.0005 hrs) 0.00:0.00 17337 (15) sec
[916] Max 9061 (1815) steps (0.0005 hrs) 0.00:0.00 17355 (18) sec
[917] Max 9061 (2068) steps (0.0006 hrs) 0.00:0.00 17383 (28) sec
[918] Max 9061 (2108) steps (0.0006 hrs) 0.00:0.00 17411 (28) sec
[919] Max 9061 (2027) steps (0.0006 hrs) 0.00:0.00 17428 (17) sec
[920] Max 9061 (1630) steps (0.0005 hrs) 0.00:0.00 17446 (18) sec
[921] Max 9061 (1793) steps (0.0005 hrs) 0.00:0.00 17473 (27) sec
[922] Max 9061 (1525) steps (0.0004 hrs) 0.00:0.00 17489 (16) sec
[923] Max 9061 (756) steps (0.0002 hrs) 0.00:0.00 17503 (14) sec
[924] Max 9061 (2103) steps (0.0006 hrs) 0.00:0.00 17529 (26) sec
[925] Max 9061 (966) steps (0.0003 hrs) 0.00:0.00 17544 (15) sec
[926] Max 9061 (1279) steps (0.0004 hrs) 0.00:0.00 17559 (15) sec
[927] Max 9061 (1279) steps (0.0004 hrs) 0.00:0.00 17575 (16) sec
[928] Max 9061 (573) steps (0.0002 hrs) 0.00:0.00 17590 (15) sec
[929] Max 9061 (1002) steps (0.0003 hrs) 0.00:0.00 17605 (15) sec
[930] Max 9061 (2267) steps (0.0006 hrs) 0.00:0.00 17632 (27) sec
[931] Max 9061 (2712) steps (0.0008 hrs) 0.00:0.00 17659 (27) sec
[932] Max 9061 (893) steps (0.0002 hrs) 0.00:0.00 17674 (15) sec
[933] Max 9061 (1168) steps (0.0003 hrs) 0.00:0.00 17688 (14) sec
[934] Max 9061 (2140) steps (0.0006 hrs) 0.00:0.00 17717 (29) sec
[935] Max 9061 (1783) steps (0.0005 hrs) 0.00:0.00 17732 (15) sec
[936] Max 9061 (1335) steps (0.0004 hrs) 0.00:0.00 17746 (14) sec
[937] Max 9061 (812) steps (0.0002 hrs) 0.00:0.00 17762 (16) sec
[938] Max 9061 (1072) steps (0.0003 hrs) 0.00:0.00 17776 (14) sec
[939] Max 9061 (303) steps (0.0001 hrs) 0.00:0.00 17791 (15) sec
[940] Max 9061 (1818) steps (0.0005 hrs) 0.00:0.00 17808 (17) sec
[941] Max 9061 (1328) steps (0.0004 hrs) 0.00:0.00 17823 (15) sec
[942] Max 9061 (316) steps (0.0001 hrs) 0.00:0.00 17837 (14) sec
[943] Max 9061 (1654) steps (0.0005 hrs) 0.00:0.00 17855 (18) sec
[944] Max 9061 (1459) steps (0.0004 hrs) 0.00:0.00 17871 (16) sec
[945] Max 9061 (1063) steps (0.0003 hrs) 0.00:0.00 17886 (15) sec
[946] Max 9061 (3123) steps (0.0009 hrs) 0.00:0.00 17911 (25) sec
[947] Max 9061 (1062) steps (0.0003 hrs) 0.00:0.00 17926 (15) sec
[948] Max 9061 (2121) steps (0.0006 hrs) 0.00:0.00 17953 (27) sec
[949] Max 9061 (360) steps (0.0001 hrs) 0.00:0.00 17968 (15) sec
[950] Max 9061 (2180) steps (0.0006 hrs) 0.00:0.00 17994 (26) sec
[951] Max 9061 (1581) steps (0.0004 hrs) 0.00:0.00 18010 (16) sec
[952] Max 9061 (1187) steps (0.0003 hrs) 0.00:0.00 18027 (17) sec
[953] Max 9061 (448) steps (0.0001 hrs) 0.00:0.00 18042 (15) sec
[954] Max 9061 (854) steps (0.0002 hrs) 0.00:0.00 18057 (15) sec
[955] Max 9061 (2344) steps (0.0007 hrs) 0.00:0.00 18075 (18) sec
[956] Max 9061 (2270) steps (0.0006 hrs) 0.00:0.00 18095 (20) sec
[957] Max 9061 (670) steps (0.0002 hrs) 0.00:0.00 18110 (15) sec
[958] Max 9061 (851) steps (0.0002 hrs) 0.00:0.00 18125 (15) sec
[959] Max 9061 (2140) steps (0.0006 hrs) 0.00:0.00 18153 (28) sec
[960] Max 9061 (1987) steps (0.0006 hrs) 0.00:0.00 18181 (28) sec
[961] Max 9061 (1249) steps (0.0003 hrs) 0.00:0.00 18197 (16) sec
[962] Max 9061 (1311) steps (0.0004 hrs) 0.00:0.00 18212 (15) sec
[963] Max 9061 (873) steps (0.0002 hrs) 0.00:0.00 18228 (16) sec
[964] Max 9061 (2271) steps (0.0006 hrs) 0.00:0.00 18257 (29) sec
[965] Max 9061 (1694) steps (0.0005 hrs) 0.00:0.00 18272 (15) sec
[966] Max 9061 (424) steps (0.0001 hrs) 0.00:0.00 18287 (15) sec
[967] Max 9061 (1660) steps (0.0005 hrs) 0.00:0.00 18303 (16) sec
[968] Max 9061 (312) steps (0.0001 hrs) 0.00:0.00 18318 (15) sec
[969] Max 9061 (1992) steps (0.0006 hrs) 0.00:0.00 18339 (21) sec
[970] Max 9061 (1922) steps (0.0005 hrs) 0.00:0.00 18367 (28) sec
[971] Max 9061 (975) steps (0.0003 hrs) 0.00:0.00 18382 (15) sec
[972] Max 9061 (389) steps (0.0001 hrs) 0.00:0.00 18396 (14) sec
[973] Max 9061 (2449) steps (0.0007 hrs) 0.00:0.00 18419 (23) sec
[974] Max 9061 (934) steps (0.0003 hrs) 0.00:0.00 18434 (15) sec
[975] Max 9061 (545) steps (0.0002 hrs) 0.00:0.00 18449 (15) sec
[976] Max 9061 (2001) steps (0.0006 hrs) 0.00:0.00 18479 (30) sec
[977] Max 9061 (497) steps (0.0001 hrs) 0.00:0.00 18494 (15) sec
[978] Max 9061 (2378) steps (0.0007 hrs) 0.00:0.00 18509 (15) sec
[979] Max 9061 (386) steps (0.0001 hrs) 0.00:0.00 18524 (15) sec
[980] Max 9061 (1972) steps (0.0005 hrs) 0.00:0.00 18543 (19) sec
[981] Max 9061 (2782) steps (0.0008 hrs) 0.00:0.00 18559 (16) sec
[982] Max 9061 (1836) steps (0.0005 hrs) 0.00:0.00 18575 (16) sec
[983] Max 9061 (621) steps (0.0002 hrs) 0.00:0.00 18590 (15) sec
[984] Max 9061 (2267) steps (0.0006 hrs) 0.00:0.00 18619 (29) sec
[985] Max 9061 (1942) steps (0.0005 hrs) 0.00:0.00 18648 (29) sec
[986] Max 9061 (329) steps (0.0001 hrs) 0.00:0.00 18662 (14) sec
[987] Max 9061 (516) steps (0.0001 hrs) 0.00:0.00 18678 (16) sec
[988] Max 9061 (614) steps (0.0002 hrs) 0.00:0.00 18692 (14) sec
[989] Max 9061 (1281) steps (0.0004 hrs) 0.00:0.00 18707 (15) sec
[990] Max 9061 (570) steps (0.0002 hrs) 0.00:0.00 18722 (15) sec
[991] Max 9061 (734) steps (0.0002 hrs) 0.00:0.00 18736 (14) sec
[992] Max 9061 (2214) steps (0.0006 hrs) 0.00:0.00 18759 (23) sec
[993] Max 9061 (1103) steps (0.0003 hrs) 0.00:0.00 18774 (15) sec
[994] Max 9061 (961) steps (0.0003 hrs) 0.00:0.00 18789 (15) sec
[995] Max 9061 (955) steps (0.0003 hrs) 0.00:0.00 18804 (15) sec
[996] Max 9061 (4363) steps (0.0012 hrs) 0.00:0.00 18833 (29) sec
[997] Max 9061 (2357) steps (0.0007 hrs) 0.00:0.00 18860 (27) sec
[998] Max 9061 (2372) steps (0.0007 hrs) 0.00:0.00 18887 (27) sec
[999] Max 9061 (1625) steps (0.0005 hrs) 0.00:0.00 18904 (17) sec
[1000] Max 9061 (2846) steps (0.0008 hrs) 0.00:0.00 18932 (28) sec
Total Elapsed time: 18932 seconds
Wrote current data to latest.train
