balanced 0 test_flag 0
[1] Ep10000: Max 2205 (2205) steps (0.0006 hrs) -nan:-nan 46 (46) sec
[2] Ep10000: Max 2325 (2325) steps (0.0006 hrs) -nan:-nan 93 (47) sec
[3] Ep10000: Max 2325 (2200) steps (0.0006 hrs) -nan:-nan 142 (49) sec
[4] Ep10000: Max 2325 (2277) steps (0.0006 hrs) -nan:-nan 195 (53) sec
[5] Ep10000: Max 2711 (2711) steps (0.0008 hrs) -nan:-nan 246 (51) sec
[6] Ep10000: Max 2711 (1932) steps (0.0005 hrs) -nan:-nan 303 (57) sec
[7] Ep10000: Max 2711 (2163) steps (0.0006 hrs) -nan:-nan 355 (52) sec
[8] Ep10000: Max 2711 (2522) steps (0.0007 hrs) -nan:-nan 409 (54) sec
[9] Ep10000: Max 2711 (2128) steps (0.0006 hrs) -nan:-nan 459 (50) sec
[10] Ep10000: Max 2711 (2268) steps (0.0006 hrs) -nan:-nan 512 (53) sec
[11] Ep10000: Max 2711 (2232) steps (0.0006 hrs) -nan:-nan 565 (53) sec
[12] Ep10000: Max 2711 (2093) steps (0.0006 hrs) -nan:-nan 616 (51) sec
[13] Ep10000: Max 2711 (1877) steps (0.0005 hrs) -nan:-nan 669 (53) sec
[14] Ep10000: Max 2711 (2424) steps (0.0007 hrs) -nan:-nan 715 (46) sec
[15] Ep10000: Max 2711 (2259) steps (0.0006 hrs) -nan:-nan 761 (46) sec
[16] Ep10000: Max 2711 (2453) steps (0.0007 hrs) -nan:-nan 814 (53) sec
[17] Ep10000: Max 2711 (2045) steps (0.0006 hrs) -nan:-nan 867 (53) sec
[18] Ep10000: Max 2711 (2460) steps (0.0007 hrs) -nan:-nan 918 (51) sec
[19] Ep10000: Max 2711 (2186) steps (0.0006 hrs) -nan:-nan 971 (53) sec
[20] Ep10000: Max 2711 (1867) steps (0.0005 hrs) -nan:-nan 1024 (53) sec
[21] Ep10000: Max 2711 (2080) steps (0.0006 hrs) -nan:-nan 1075 (51) sec
[22] Ep10000: Max 2711 (2031) steps (0.0006 hrs) -nan:-nan 1124 (49) sec
[23] Ep10000: Max 2711 (2199) steps (0.0006 hrs) -nan:-nan 1176 (52) sec
[24] Ep10000: Max 2711 (2317) steps (0.0006 hrs) -nan:-nan 1229 (53) sec
[25] Ep10000: Max 2711 (2213) steps (0.0006 hrs) -nan:-nan 1281 (52) sec
[26] Ep10000: Max 2711 (1966) steps (0.0005 hrs) -nan:-nan 1334 (53) sec
[27] Ep10000: Max 2711 (1970) steps (0.0005 hrs) -nan:-nan 1382 (48) sec
[28] Ep10000: Max 2711 (2274) steps (0.0006 hrs) -nan:-nan 1435 (53) sec
[29] Ep10000: Max 2711 (1771) steps (0.0005 hrs) -nan:-nan 1486 (51) sec
[30] Ep10000: Max 2711 (2195) steps (0.0006 hrs) -nan:-nan 1536 (50) sec
[31] Ep10000: Max 2711 (2341) steps (0.0007 hrs) -nan:-nan 1589 (53) sec
[32] Ep10000: Max 2711 (2316) steps (0.0006 hrs) -nan:-nan 1642 (53) sec
[33] Ep10000: Max 3336 (3336) steps (0.0009 hrs) -nan:-nan 1695 (53) sec
[34] Ep10000: Max 3336 (1897) steps (0.0005 hrs) -nan:-nan 1746 (51) sec
[35] Ep10000: Max 3336 (2484) steps (0.0007 hrs) -nan:-nan 1798 (52) sec
[36] Ep10000: Max 3336 (2402) steps (0.0007 hrs) -nan:-nan 1848 (50) sec
[37] Ep10000: Max 3336 (2781) steps (0.0008 hrs) -nan:-nan 1899 (51) sec
[38] Ep10000: Max 3336 (1960) steps (0.0005 hrs) -nan:-nan 1949 (50) sec
[39] Ep10000: Max 3336 (2432) steps (0.0007 hrs) -nan:-nan 1998 (49) sec
[40] Ep10000: Max 3336 (2804) steps (0.0008 hrs) -nan:-nan 2047 (49) sec
[41] Ep10000: Max 3336 (2721) steps (0.0008 hrs) -nan:-nan 2095 (48) sec
[42] Ep10000: Max 3336 (3027) steps (0.0008 hrs) -nan:-nan 2144 (49) sec
[43] Ep10000: Max 3336 (2428) steps (0.0007 hrs) -nan:-nan 2194 (50) sec
[44] Ep10000: Max 3336 (2557) steps (0.0007 hrs) -nan:-nan 2244 (50) sec
[45] Ep10000: Max 3336 (2570) steps (0.0007 hrs) -nan:-nan 2295 (51) sec
[46] Ep10000: Max 3336 (1893) steps (0.0005 hrs) -nan:-nan 2346 (51) sec
[47] Ep10000: Max 3601 (3601) steps (0.0010 hrs) -nan:-nan 2395 (49) sec
[48] Ep10000: Max 3601 (2435) steps (0.0007 hrs) -nan:-nan 2445 (50) sec
[49] Ep10000: Max 3601 (2222) steps (0.0006 hrs) -nan:-nan 2496 (51) sec
[50] Ep10000: Max 3601 (2315) steps (0.0006 hrs) -nan:-nan 2545 (49) sec
[51] Ep10000: Max 3601 (2168) steps (0.0006 hrs) -nan:-nan 2595 (50) sec
[52] Ep10000: Max 3601 (2195) steps (0.0006 hrs) -nan:-nan 2646 (51) sec
[53] Ep10000: Max 3601 (1992) steps (0.0006 hrs) -nan:-nan 2695 (49) sec
[54] Ep10000: Max 3601 (2170) steps (0.0006 hrs) -nan:-nan 2744 (49) sec
[55] Ep10000: Max 3601 (2150) steps (0.0006 hrs) -nan:-nan 2793 (49) sec
[56] Ep10000: Max 3601 (2170) steps (0.0006 hrs) -nan:-nan 2847 (54) sec
[57] Ep10000: Max 3601 (2019) steps (0.0006 hrs) -nan:-nan 2905 (58) sec
[58] Ep10000: Max 3601 (2506) steps (0.0007 hrs) -nan:-nan 2968 (63) sec
[59] Ep10000: Max 3601 (2223) steps (0.0006 hrs) -nan:-nan 3025 (57) sec
[60] Ep10000: Max 3601 (2484) steps (0.0007 hrs) -nan:-nan 3082 (57) sec
[61] Ep10000: Max 3601 (2193) steps (0.0006 hrs) -nan:-nan 3138 (56) sec
[62] Ep10000: Max 3601 (2219) steps (0.0006 hrs) -nan:-nan 3195 (57) sec
[63] Ep10000: Max 3601 (2440) steps (0.0007 hrs) -nan:-nan 3255 (60) sec
[64] Ep10000: Max 3601 (1973) steps (0.0005 hrs) -nan:-nan 3314 (59) sec
[65] Ep10000: Max 3601 (2027) steps (0.0006 hrs) -nan:-nan 3377 (63) sec
[66] Ep10000: Max 3601 (2180) steps (0.0006 hrs) -nan:-nan 3435 (58) sec
[67] Ep10000: Max 3601 (1995) steps (0.0006 hrs) -nan:-nan 3491 (56) sec
[68] Ep10000: Max 3601 (2586) steps (0.0007 hrs) -nan:-nan 3546 (55) sec
[69] Ep10000: Max 3601 (2348) steps (0.0007 hrs) -nan:-nan 3601 (55) sec
[70] Ep10000: Max 3601 (2071) steps (0.0006 hrs) -nan:-nan 3656 (55) sec
[71] Ep10000: Max 3601 (1916) steps (0.0005 hrs) -nan:-nan 3709 (53) sec
[72] Ep10000: Max 3601 (2157) steps (0.0006 hrs) -nan:-nan 3763 (54) sec
[73] Ep10000: Max 3601 (1974) steps (0.0005 hrs) -nan:-nan 3826 (63) sec
[74] Ep10000: Max 3601 (2021) steps (0.0006 hrs) -nan:-nan 3887 (61) sec
[75] Ep10000: Max 3601 (1910) steps (0.0005 hrs) -nan:-nan 3949 (62) sec
[76] Ep10000: Max 3601 (2482) steps (0.0007 hrs) -nan:-nan 4013 (64) sec
[77] Ep10000: Max 3601 (2318) steps (0.0006 hrs) -nan:-nan 4070 (57) sec
[78] Ep10000: Max 3601 (2162) steps (0.0006 hrs) -nan:-nan 4121 (51) sec
[79] Ep10000: Max 3601 (2236) steps (0.0006 hrs) -nan:-nan 4171 (50) sec
[80] Ep10000: Max 3601 (2115) steps (0.0006 hrs) -nan:-nan 4230 (59) sec
[81] Ep10000: Max 3601 (2000) steps (0.0006 hrs) -nan:-nan 4284 (54) sec
[82] Ep10000: Max 3601 (1924) steps (0.0005 hrs) -nan:-nan 4339 (55) sec
[83] Ep10000: Max 3601 (2181) steps (0.0006 hrs) -nan:-nan 4393 (54) sec
[84] Ep10000: Max 3601 (2470) steps (0.0007 hrs) -nan:-nan 4446 (53) sec
[85] Ep10000: Max 3601 (1969) steps (0.0005 hrs) -nan:-nan 4493 (47) sec
[86] Ep10000: Max 3601 (2256) steps (0.0006 hrs) -nan:-nan 4541 (48) sec
[87] Ep10000: Max 3601 (2220) steps (0.0006 hrs) -nan:-nan 4591 (50) sec
[88] Ep10000: Max 3601 (2074) steps (0.0006 hrs) -nan:-nan 4639 (48) sec
[89] Ep10000: Max 3601 (2402) steps (0.0007 hrs) -nan:-nan 4688 (49) sec
[90] Ep10000: Max 3601 (2261) steps (0.0006 hrs) -nan:-nan 4737 (49) sec
[91] Ep10000: Max 3601 (2056) steps (0.0006 hrs) -nan:-nan 4786 (49) sec
[92] Ep10000: Max 3601 (2265) steps (0.0006 hrs) -nan:-nan 4861 (75) sec
[93] Ep10000: Max 3601 (2750) steps (0.0008 hrs) -nan:-nan 4933 (72) sec
[94] Ep10000: Max 3601 (1865) steps (0.0005 hrs) -nan:-nan 4992 (59) sec
[95] Ep10000: Max 3601 (1967) steps (0.0005 hrs) -nan:-nan 5064 (72) sec
[96] Ep10000: Max 3601 (2466) steps (0.0007 hrs) -nan:-nan 5138 (74) sec
[97] Ep10000: Max 3601 (1861) steps (0.0005 hrs) -nan:-nan 5207 (69) sec
[98] Ep10000: Max 3601 (2013) steps (0.0006 hrs) -nan:-nan 5274 (67) sec
[99] Ep10000: Max 3601 (2569) steps (0.0007 hrs) -nan:-nan 5345 (71) sec
[100] Ep10000: Max 3601 (2093) steps (0.0006 hrs) -nan:-nan 5405 (60) sec
[101] Ep10000: Max 3601 (2575) steps (0.0007 hrs) -nan:-nan 5483 (78) sec
[102] Ep10000: Max 3601 (2371) steps (0.0007 hrs) -nan:-nan 5558 (75) sec
[103] Ep10000: Max 3601 (1990) steps (0.0006 hrs) -nan:-nan 5637 (79) sec
[104] Ep10000: Max 3601 (2070) steps (0.0006 hrs) -nan:-nan 5712 (75) sec
[105] Ep10000: Max 3601 (2021) steps (0.0006 hrs) -nan:-nan 5782 (70) sec
[106] Ep10000: Max 3601 (2634) steps (0.0007 hrs) -nan:-nan 5846 (64) sec
[107] Ep10000: Max 3601 (2369) steps (0.0007 hrs) -nan:-nan 5908 (62) sec
[108] Ep10000: Max 3601 (2912) steps (0.0008 hrs) -nan:-nan 5972 (64) sec
[109] Ep10000: Max 3601 (2258) steps (0.0006 hrs) -nan:-nan 6036 (64) sec
[110] Ep10000: Max 3601 (2808) steps (0.0008 hrs) -nan:-nan 6099 (63) sec
[111] Ep10000: Max 3601 (2117) steps (0.0006 hrs) -nan:-nan 6158 (59) sec
[112] Ep10000: Max 3601 (2841) steps (0.0008 hrs) -nan:-nan 6218 (60) sec
[113] Ep10000: Max 3601 (2032) steps (0.0006 hrs) -nan:-nan 6281 (63) sec
[114] Ep10000: Max 3601 (2395) steps (0.0007 hrs) -nan:-nan 6341 (60) sec
[115] Ep10000: Max 3601 (2729) steps (0.0008 hrs) -nan:-nan 6407 (66) sec
[116] Ep10000: Max 3601 (2565) steps (0.0007 hrs) -nan:-nan 6473 (66) sec
[117] Ep10000: Max 3601 (3115) steps (0.0009 hrs) -nan:-nan 6540 (67) sec
[118] Ep10000: Max 3601 (2114) steps (0.0006 hrs) -nan:-nan 6607 (67) sec
[119] Ep10000: Max 3601 (2080) steps (0.0006 hrs) -nan:-nan 6673 (66) sec
[120] Ep10000: Max 3601 (1979) steps (0.0005 hrs) -nan:-nan 6737 (64) sec
[121] Ep10000: Max 3601 (2010) steps (0.0006 hrs) -nan:-nan 6800 (63) sec
[122] Ep10000: Max 3601 (2186) steps (0.0006 hrs) -nan:-nan 6862 (62) sec
[123] Ep10000: Max 3601 (2455) steps (0.0007 hrs) -nan:-nan 6924 (62) sec
[124] Ep10000: Max 3601 (2141) steps (0.0006 hrs) -nan:-nan 6993 (69) sec
[125] Ep10000: Max 3601 (1787) steps (0.0005 hrs) -nan:-nan 7054 (61) sec
[126] Ep10000: Max 3601 (2016) steps (0.0006 hrs) -nan:-nan 7116 (62) sec
[127] Ep10000: Max 3601 (2185) steps (0.0006 hrs) -nan:-nan 7177 (61) sec
[128] Ep10000: Max 3601 (2058) steps (0.0006 hrs) -nan:-nan 7236 (59) sec
[129] Ep10000: Max 3601 (2233) steps (0.0006 hrs) -nan:-nan 7297 (61) sec
[130] Ep10000: Max 3601 (1912) steps (0.0005 hrs) -nan:-nan 7363 (66) sec
[131] Ep10000: Max 3601 (2158) steps (0.0006 hrs) -nan:-nan 7433 (70) sec
[132] Ep10000: Max 3601 (2462) steps (0.0007 hrs) -nan:-nan 7500 (67) sec
[133] Ep10000: Max 3601 (2537) steps (0.0007 hrs) -nan:-nan 7568 (68) sec
[134] Ep10000: Max 3601 (2122) steps (0.0006 hrs) -nan:-nan 7627 (59) sec
[135] Ep10000: Max 3601 (2163) steps (0.0006 hrs) -nan:-nan 7689 (62) sec
[136] Ep10000: Max 3601 (2153) steps (0.0006 hrs) -nan:-nan 7749 (60) sec
[137] Ep10000: Max 3601 (2141) steps (0.0006 hrs) -nan:-nan 7815 (66) sec
[138] Ep10000: Max 3601 (2653) steps (0.0007 hrs) -nan:-nan 7879 (64) sec
[139] Ep10000: Max 3601 (2195) steps (0.0006 hrs) -nan:-nan 7947 (68) sec
[140] Ep10000: Max 3601 (1917) steps (0.0005 hrs) -nan:-nan 8007 (60) sec
[141] Ep10000: Max 3601 (2471) steps (0.0007 hrs) -nan:-nan 8068 (61) sec
[142] Ep10000: Max 3601 (1925) steps (0.0005 hrs) -nan:-nan 8134 (66) sec
[143] Ep10000: Max 3601 (2309) steps (0.0006 hrs) -nan:-nan 8206 (72) sec
[144] Ep10000: Max 3601 (2503) steps (0.0007 hrs) -nan:-nan 8281 (75) sec
[145] Ep10000: Max 3601 (2092) steps (0.0006 hrs) -nan:-nan 8350 (69) sec
[146] Ep10000: Max 3601 (1987) steps (0.0006 hrs) -nan:-nan 8417 (67) sec
[147] Ep10000: Max 3601 (2414) steps (0.0007 hrs) -nan:-nan 8480 (63) sec
[148] Ep10000: Max 3601 (1951) steps (0.0005 hrs) -nan:-nan 8538 (58) sec
[149] Ep10000: Max 3601 (2143) steps (0.0006 hrs) -nan:-nan 8599 (61) sec
[150] Ep10000: Max 3601 (3039) steps (0.0008 hrs) -nan:-nan 8658 (59) sec
[151] Ep10000: Max 3601 (2250) steps (0.0006 hrs) -nan:-nan 8719 (61) sec
[152] Ep10000: Max 3601 (2440) steps (0.0007 hrs) -nan:-nan 8782 (63) sec
[153] Ep10000: Max 3601 (2278) steps (0.0006 hrs) -nan:-nan 8842 (60) sec
[154] Ep10000: Max 3601 (2259) steps (0.0006 hrs) -nan:-nan 8904 (62) sec
[155] Ep10000: Max 3601 (2271) steps (0.0006 hrs) -nan:-nan 8965 (61) sec
[156] Ep10000: Max 3601 (2076) steps (0.0006 hrs) -nan:-nan 9028 (63) sec
[157] Ep10000: Max 3601 (2233) steps (0.0006 hrs) -nan:-nan 9090 (62) sec
[158] Ep10000: Max 3601 (2320) steps (0.0006 hrs) -nan:-nan 9158 (68) sec
[159] Ep10000: Max 3601 (2580) steps (0.0007 hrs) -nan:-nan 9223 (65) sec
[160] Ep10000: Max 3601 (1907) steps (0.0005 hrs) -nan:-nan 9285 (62) sec
[161] Ep10000: Max 3601 (2219) steps (0.0006 hrs) -nan:-nan 9342 (57) sec
[162] Ep10000: Max 3601 (2013) steps (0.0006 hrs) -nan:-nan 9400 (58) sec
[163] Ep10000: Max 3601 (2900) steps (0.0008 hrs) -nan:-nan 9466 (66) sec
[164] Ep10000: Max 3601 (2270) steps (0.0006 hrs) -nan:-nan 9531 (65) sec
[165] Ep10000: Max 3601 (2092) steps (0.0006 hrs) -nan:-nan 9592 (61) sec
[166] Ep10000: Max 3601 (2059) steps (0.0006 hrs) -nan:-nan 9653 (61) sec
[167] Ep10000: Max 3601 (2688) steps (0.0007 hrs) -nan:-nan 9708 (55) sec
[168] Ep10000: Max 3601 (2030) steps (0.0006 hrs) -nan:-nan 9760 (52) sec
[169] Ep10000: Max 3601 (2296) steps (0.0006 hrs) -nan:-nan 9812 (52) sec
[170] Ep10000: Max 3601 (2532) steps (0.0007 hrs) -nan:-nan 9866 (54) sec
[171] Ep10000: Max 3601 (2552) steps (0.0007 hrs) -nan:-nan 9915 (49) sec
[172] Ep10000: Max 3601 (2266) steps (0.0006 hrs) -nan:-nan 9961 (46) sec
[173] Ep10000: Max 3601 (2122) steps (0.0006 hrs) -nan:-nan 10007 (46) sec
[174] Ep10000: Max 3601 (1928) steps (0.0005 hrs) -nan:-nan 10053 (46) sec
[175] Ep10000: Max 3601 (2170) steps (0.0006 hrs) -nan:-nan 10099 (46) sec
[176] Ep10000: Max 3601 (2023) steps (0.0006 hrs) -nan:-nan 10146 (47) sec
[177] Ep10000: Max 3601 (2405) steps (0.0007 hrs) -nan:-nan 10193 (47) sec
[178] Ep10000: Max 3601 (2059) steps (0.0006 hrs) -nan:-nan 10239 (46) sec
[179] Ep10000: Max 3601 (2150) steps (0.0006 hrs) -nan:-nan 10286 (47) sec
[180] Ep10000: Max 3601 (2172) steps (0.0006 hrs) -nan:-nan 10332 (46) sec
[181] Ep10000: Max 3601 (2053) steps (0.0006 hrs) -nan:-nan 10378 (46) sec
[182] Ep10000: Max 3601 (2452) steps (0.0007 hrs) -nan:-nan 10424 (46) sec
[183] Ep10000: Max 3601 (2304) steps (0.0006 hrs) -nan:-nan 10471 (47) sec
[184] Ep10000: Max 3601 (2597) steps (0.0007 hrs) -nan:-nan 10518 (47) sec
[185] Ep10000: Max 3601 (2472) steps (0.0007 hrs) -nan:-nan 10564 (46) sec
[186] Ep10000: Max 3601 (2026) steps (0.0006 hrs) -nan:-nan 10610 (46) sec
[187] Ep10000: Max 3601 (1886) steps (0.0005 hrs) -nan:-nan 10656 (46) sec
[188] Ep10000: Max 3601 (1981) steps (0.0006 hrs) -nan:-nan 10702 (46) sec
[189] Ep10000: Max 3601 (2493) steps (0.0007 hrs) -nan:-nan 10748 (46) sec
[190] Ep10000: Max 3601 (2230) steps (0.0006 hrs) -nan:-nan 10794 (46) sec
[191] Ep10000: Max 3601 (2500) steps (0.0007 hrs) -nan:-nan 10841 (47) sec
[192] Ep10000: Max 3601 (2021) steps (0.0006 hrs) -nan:-nan 10887 (46) sec
[193] Ep10000: Max 3601 (2102) steps (0.0006 hrs) -nan:-nan 10932 (45) sec
[194] Ep10000: Max 3601 (1967) steps (0.0005 hrs) -nan:-nan 10978 (46) sec
[195] Ep10000: Max 3601 (2108) steps (0.0006 hrs) -nan:-nan 11023 (45) sec
[196] Ep10000: Max 3601 (2305) steps (0.0006 hrs) -nan:-nan 11069 (46) sec
[197] Ep10000: Max 3601 (2169) steps (0.0006 hrs) -nan:-nan 11116 (47) sec
[198] Ep10000: Max 3601 (2330) steps (0.0006 hrs) -nan:-nan 11162 (46) sec
[199] Ep10000: Max 3601 (3001) steps (0.0008 hrs) -nan:-nan 11208 (46) sec
[200] Ep10000: Max 3601 (2199) steps (0.0006 hrs) -nan:-nan 11254 (46) sec
[201] Ep10000: Max 3601 (2246) steps (0.0006 hrs) -nan:-nan 11300 (46) sec
[202] Ep10000: Max 3601 (2036) steps (0.0006 hrs) -nan:-nan 11346 (46) sec
[203] Ep10000: Max 3601 (2302) steps (0.0006 hrs) -nan:-nan 11392 (46) sec
[204] Ep10000: Max 3601 (2031) steps (0.0006 hrs) -nan:-nan 11439 (47) sec
[205] Ep10000: Max 3601 (2161) steps (0.0006 hrs) -nan:-nan 11485 (46) sec
[206] Ep10000: Max 3601 (2049) steps (0.0006 hrs) -nan:-nan 11531 (46) sec
[207] Ep10000: Max 3601 (2318) steps (0.0006 hrs) -nan:-nan 11578 (47) sec
[208] Ep10000: Max 3601 (2076) steps (0.0006 hrs) -nan:-nan 11624 (46) sec
[209] Ep10000: Max 3601 (2361) steps (0.0007 hrs) -nan:-nan 11671 (47) sec
[210] Ep10000: Max 3601 (2461) steps (0.0007 hrs) -nan:-nan 11717 (46) sec
[211] Ep10000: Max 3601 (2508) steps (0.0007 hrs) -nan:-nan 11765 (48) sec
[212] Ep10000: Max 3601 (2346) steps (0.0007 hrs) -nan:-nan 11812 (47) sec
[213] Ep10000: Max 3601 (2445) steps (0.0007 hrs) -nan:-nan 11857 (45) sec
[214] Ep10000: Max 3601 (2555) steps (0.0007 hrs) -nan:-nan 11903 (46) sec
[215] Ep10000: Max 3601 (2048) steps (0.0006 hrs) -nan:-nan 11950 (47) sec
[216] Ep10000: Max 3601 (2126) steps (0.0006 hrs) -nan:-nan 11996 (46) sec
[217] Ep10000: Max 3601 (2687) steps (0.0007 hrs) -nan:-nan 12042 (46) sec
[218] Ep10000: Max 3601 (2059) steps (0.0006 hrs) -nan:-nan 12103 (61) sec
[219] Ep10000: Max 3601 (2404) steps (0.0007 hrs) -nan:-nan 12156 (53) sec
[220] Ep10000: Max 3601 (2736) steps (0.0008 hrs) -nan:-nan 12209 (53) sec
[221] Ep10000: Max 3601 (2322) steps (0.0006 hrs) -nan:-nan 12263 (54) sec
[222] Ep10000: Max 3823 (3823) steps (0.0011 hrs) -nan:-nan 12315 (52) sec
[223] Ep10000: Max 3823 (2192) steps (0.0006 hrs) -nan:-nan 12366 (51) sec
[224] Ep10000: Max 3823 (2005) steps (0.0006 hrs) -nan:-nan 12421 (55) sec
[225] Ep10000: Max 3823 (2482) steps (0.0007 hrs) -nan:-nan 12473 (52) sec
[226] Ep10000: Max 3823 (2164) steps (0.0006 hrs) -nan:-nan 12524 (51) sec
[227] Ep10000: Max 3823 (2250) steps (0.0006 hrs) -nan:-nan 12577 (53) sec
[228] Ep10000: Max 3823 (2154) steps (0.0006 hrs) -nan:-nan 12631 (54) sec
[229] Ep10000: Max 3823 (2213) steps (0.0006 hrs) -nan:-nan 12686 (55) sec
[230] Ep10000: Max 3823 (2198) steps (0.0006 hrs) -nan:-nan 12741 (55) sec
[231] Ep10000: Max 3823 (2260) steps (0.0006 hrs) -nan:-nan 12795 (54) sec
[232] Ep10000: Max 3823 (2252) steps (0.0006 hrs) -nan:-nan 12841 (46) sec
[233] Ep10000: Max 3823 (2106) steps (0.0006 hrs) -nan:-nan 12887 (46) sec
[234] Ep10000: Max 3823 (2623) steps (0.0007 hrs) -nan:-nan 12932 (45) sec
[235] Ep10000: Max 3823 (1911) steps (0.0005 hrs) -nan:-nan 12979 (47) sec
[236] Ep10000: Max 3823 (2092) steps (0.0006 hrs) -nan:-nan 13024 (45) sec
[237] Ep10000: Max 3823 (2496) steps (0.0007 hrs) -nan:-nan 13070 (46) sec
[238] Ep10000: Max 3823 (2621) steps (0.0007 hrs) -nan:-nan 13116 (46) sec
[239] Ep10000: Max 3823 (2206) steps (0.0006 hrs) -nan:-nan 13162 (46) sec
[240] Ep10000: Max 3823 (2140) steps (0.0006 hrs) -nan:-nan 13207 (45) sec
[241] Ep10000: Max 3823 (2175) steps (0.0006 hrs) -nan:-nan 13254 (47) sec
[242] Ep10000: Max 3823 (2696) steps (0.0007 hrs) -nan:-nan 13300 (46) sec
[243] Ep10000: Max 3823 (2192) steps (0.0006 hrs) -nan:-nan 13347 (47) sec
[244] Ep10000: Max 3823 (2328) steps (0.0006 hrs) -nan:-nan 13393 (46) sec
[245] Ep10000: Max 3823 (1901) steps (0.0005 hrs) -nan:-nan 13439 (46) sec
[246] Ep10000: Max 3823 (2507) steps (0.0007 hrs) -nan:-nan 13485 (46) sec
[247] Ep10000: Max 3823 (2664) steps (0.0007 hrs) -nan:-nan 13532 (47) sec
[248] Ep10000: Max 3823 (2656) steps (0.0007 hrs) -nan:-nan 13578 (46) sec
[249] Ep10000: Max 3823 (1774) steps (0.0005 hrs) -nan:-nan 13624 (46) sec
[250] Ep10000: Max 3823 (1971) steps (0.0005 hrs) -nan:-nan 13669 (45) sec
[251] Ep10000: Max 3823 (2014) steps (0.0006 hrs) -nan:-nan 13715 (46) sec
[252] Ep10000: Max 3823 (2359) steps (0.0007 hrs) -nan:-nan 13763 (48) sec
[253] Ep10000: Max 3823 (2322) steps (0.0006 hrs) -nan:-nan 13809 (46) sec
[254] Ep10000: Max 3823 (2443) steps (0.0007 hrs) -nan:-nan 13855 (46) sec
[255] Ep10000: Max 3823 (2567) steps (0.0007 hrs) -nan:-nan 13901 (46) sec
[256] Ep10000: Max 3823 (2176) steps (0.0006 hrs) -nan:-nan 13947 (46) sec
[257] Ep10000: Max 3823 (2550) steps (0.0007 hrs) -nan:-nan 13993 (46) sec
[258] Ep10000: Max 3823 (2256) steps (0.0006 hrs) -nan:-nan 14039 (46) sec
[259] Ep10000: Max 3823 (2140) steps (0.0006 hrs) -nan:-nan 14085 (46) sec
[260] Ep10000: Max 3823 (2767) steps (0.0008 hrs) -nan:-nan 14131 (46) sec
[261] Ep10000: Max 3823 (2177) steps (0.0006 hrs) -nan:-nan 14178 (47) sec
[262] Ep10000: Max 3823 (1934) steps (0.0005 hrs) -nan:-nan 14222 (44) sec
[263] Ep10000: Max 3823 (2464) steps (0.0007 hrs) -nan:-nan 14269 (47) sec
[264] Ep10000: Max 3823 (2375) steps (0.0007 hrs) -nan:-nan 14315 (46) sec
[265] Ep10000: Max 3823 (2026) steps (0.0006 hrs) -nan:-nan 14361 (46) sec
[266] Ep10000: Max 3823 (2280) steps (0.0006 hrs) -nan:-nan 14407 (46) sec
[267] Ep10000: Max 3823 (2547) steps (0.0007 hrs) -nan:-nan 14454 (47) sec
[268] Ep10000: Max 3823 (2347) steps (0.0007 hrs) -nan:-nan 14500 (46) sec
[269] Ep10000: Max 3823 (2200) steps (0.0006 hrs) -nan:-nan 14546 (46) sec
[270] Ep10000: Max 3823 (2525) steps (0.0007 hrs) -nan:-nan 14593 (47) sec
[271] Ep10000: Max 3823 (2175) steps (0.0006 hrs) -nan:-nan 14640 (47) sec
[272] Ep10000: Max 3823 (1903) steps (0.0005 hrs) -nan:-nan 14686 (46) sec
[273] Ep10000: Max 3823 (2392) steps (0.0007 hrs) -nan:-nan 14732 (46) sec
[274] Ep10000: Max 3823 (2374) steps (0.0007 hrs) -nan:-nan 14778 (46) sec
[275] Ep10000: Max 3823 (2215) steps (0.0006 hrs) -nan:-nan 14825 (47) sec
[276] Ep10000: Max 3823 (2107) steps (0.0006 hrs) -nan:-nan 14870 (45) sec
[277] Ep10000: Max 3823 (2790) steps (0.0008 hrs) -nan:-nan 14915 (45) sec
[278] Ep10000: Max 3823 (2097) steps (0.0006 hrs) -nan:-nan 14961 (46) sec
[279] Ep10000: Max 3823 (2378) steps (0.0007 hrs) -nan:-nan 15007 (46) sec
[280] Ep10000: Max 3823 (2098) steps (0.0006 hrs) -nan:-nan 15053 (46) sec
[281] Ep10000: Max 3823 (2305) steps (0.0006 hrs) -nan:-nan 15099 (46) sec
[282] Ep10000: Max 3823 (2281) steps (0.0006 hrs) -nan:-nan 15145 (46) sec
[283] Ep10000: Max 3823 (1838) steps (0.0005 hrs) -nan:-nan 15191 (46) sec
[284] Ep10000: Max 3823 (2771) steps (0.0008 hrs) -nan:-nan 15237 (46) sec
[285] Ep10000: Max 3823 (2497) steps (0.0007 hrs) -nan:-nan 15283 (46) sec
[286] Ep10000: Max 3823 (2586) steps (0.0007 hrs) -nan:-nan 15329 (46) sec
[287] Ep10000: Max 3823 (2230) steps (0.0006 hrs) -nan:-nan 15376 (47) sec
[288] Ep10000: Max 3823 (2062) steps (0.0006 hrs) -nan:-nan 15424 (48) sec
[289] Ep10000: Max 3823 (2248) steps (0.0006 hrs) -nan:-nan 15478 (54) sec
[290] Ep10000: Max 3823 (2102) steps (0.0006 hrs) -nan:-nan 15537 (59) sec
[291] Ep10000: Max 3823 (2487) steps (0.0007 hrs) -nan:-nan 15594 (57) sec
[292] Ep10000: Max 3823 (2061) steps (0.0006 hrs) -nan:-nan 15660 (66) sec
[293] Ep10000: Max 3823 (2584) steps (0.0007 hrs) -nan:-nan 15721 (61) sec
[294] Ep10000: Max 3823 (2047) steps (0.0006 hrs) -nan:-nan 15783 (62) sec
[295] Ep10000: Max 3823 (2041) steps (0.0006 hrs) -nan:-nan 15846 (63) sec
[296] Ep10000: Max 3823 (1888) steps (0.0005 hrs) -nan:-nan 15906 (60) sec
[297] Ep10000: Max 3823 (2459) steps (0.0007 hrs) -nan:-nan 15969 (63) sec
[298] Ep10000: Max 3823 (2562) steps (0.0007 hrs) -nan:-nan 16032 (63) sec
[299] Ep10000: Max 3823 (2307) steps (0.0006 hrs) -nan:-nan 16098 (66) sec
[300] Ep10000: Max 3823 (2746) steps (0.0008 hrs) -nan:-nan 16167 (69) sec
[301] Ep10000: Max 3823 (2197) steps (0.0006 hrs) -nan:-nan 16229 (62) sec
[302] Ep10000: Max 3823 (2448) steps (0.0007 hrs) -nan:-nan 16281 (52) sec
[303] Ep10000: Max 3823 (2320) steps (0.0006 hrs) -nan:-nan 16328 (47) sec
[304] Ep10000: Max 3823 (1964) steps (0.0005 hrs) -nan:-nan 16376 (48) sec
[305] Ep10000: Max 3823 (2095) steps (0.0006 hrs) -nan:-nan 16423 (47) sec
[306] Ep10000: Max 3823 (2275) steps (0.0006 hrs) -nan:-nan 16470 (47) sec
[307] Ep10000: Max 3823 (2318) steps (0.0006 hrs) -nan:-nan 16518 (48) sec
[308] Ep10000: Max 3823 (1953) steps (0.0005 hrs) -nan:-nan 16584 (66) sec
[309] Ep10000: Max 3823 (2451) steps (0.0007 hrs) -nan:-nan 16650 (66) sec
[310] Ep10000: Max 3823 (1753) steps (0.0005 hrs) -nan:-nan 16717 (67) sec
[311] Ep10000: Max 3823 (2234) steps (0.0006 hrs) -nan:-nan 16783 (66) sec
[312] Ep10000: Max 3823 (2105) steps (0.0006 hrs) -nan:-nan 16844 (61) sec
[313] Ep10000: Max 3823 (2126) steps (0.0006 hrs) -nan:-nan 16907 (63) sec
[314] Ep10000: Max 3823 (2132) steps (0.0006 hrs) -nan:-nan 16961 (54) sec
[315] Ep10000: Max 3823 (3209) steps (0.0009 hrs) -nan:-nan 17020 (59) sec
[316] Ep10000: Max 3823 (2531) steps (0.0007 hrs) -nan:-nan 17082 (62) sec
[317] Ep10000: Max 3823 (2104) steps (0.0006 hrs) -nan:-nan 17146 (64) sec
[318] Ep10000: Max 3823 (2169) steps (0.0006 hrs) -nan:-nan 17206 (60) sec
[319] Ep10000: Max 3823 (1935) steps (0.0005 hrs) -nan:-nan 17267 (61) sec
[320] Ep10000: Max 3823 (2288) steps (0.0006 hrs) -nan:-nan 17328 (61) sec
[321] Ep10000: Max 3823 (2046) steps (0.0006 hrs) -nan:-nan 17385 (57) sec
[322] Ep10000: Max 3823 (3315) steps (0.0009 hrs) -nan:-nan 17438 (53) sec
[323] Ep10000: Max 3823 (2316) steps (0.0006 hrs) -nan:-nan 17486 (48) sec
[324] Ep10000: Max 3823 (2224) steps (0.0006 hrs) -nan:-nan 17533 (47) sec
[325] Ep10000: Max 3823 (1958) steps (0.0005 hrs) -nan:-nan 17580 (47) sec
[326] Ep10000: Max 3823 (1909) steps (0.0005 hrs) -nan:-nan 17627 (47) sec
[327] Ep10000: Max 3823 (2158) steps (0.0006 hrs) -nan:-nan 17674 (47) sec
[328] Ep10000: Max 3823 (2806) steps (0.0008 hrs) -nan:-nan 17721 (47) sec
[329] Ep10000: Max 3823 (2415) steps (0.0007 hrs) -nan:-nan 17770 (49) sec
[330] Ep10000: Max 3823 (3247) steps (0.0009 hrs) -nan:-nan 17825 (55) sec
[331] Ep10000: Max 3823 (2546) steps (0.0007 hrs) -nan:-nan 17882 (57) sec
[332] Ep10000: Max 3823 (2306) steps (0.0006 hrs) -nan:-nan 17944 (62) sec
[333] Ep10000: Max 3823 (2685) steps (0.0007 hrs) -nan:-nan 18005 (61) sec
[334] Ep10000: Max 3823 (2313) steps (0.0006 hrs) -nan:-nan 18067 (62) sec
[335] Ep10000: Max 3823 (2324) steps (0.0006 hrs) -nan:-nan 18128 (61) sec
[336] Ep10000: Max 3823 (2339) steps (0.0006 hrs) -nan:-nan 18193 (65) sec
[337] Ep10000: Max 3823 (1937) steps (0.0005 hrs) -nan:-nan 18251 (58) sec
[338] Ep10000: Max 3823 (2155) steps (0.0006 hrs) -nan:-nan 18298 (47) sec
[339] Ep10000: Max 3823 (1964) steps (0.0005 hrs) -nan:-nan 18346 (48) sec
[340] Ep10000: Max 3823 (1898) steps (0.0005 hrs) -nan:-nan 18392 (46) sec
[341] Ep10000: Max 3823 (2444) steps (0.0007 hrs) -nan:-nan 18439 (47) sec
[342] Ep10000: Max 3823 (2371) steps (0.0007 hrs) -nan:-nan 18487 (48) sec
[343] Ep10000: Max 3823 (2128) steps (0.0006 hrs) -nan:-nan 18535 (48) sec
[344] Ep10000: Max 3823 (2045) steps (0.0006 hrs) -nan:-nan 18603 (68) sec
[345] Ep10000: Max 3823 (2670) steps (0.0007 hrs) -nan:-nan 18673 (70) sec
[346] Ep10000: Max 3823 (2037) steps (0.0006 hrs) -nan:-nan 18737 (64) sec
[347] Ep10000: Max 3823 (2303) steps (0.0006 hrs) -nan:-nan 18786 (49) sec
[348] Ep10000: Max 3823 (2632) steps (0.0007 hrs) -nan:-nan 18834 (48) sec
[349] Ep10000: Max 3823 (2241) steps (0.0006 hrs) -nan:-nan 18882 (48) sec
[350] Ep10000: Max 3823 (2123) steps (0.0006 hrs) -nan:-nan 18930 (48) sec
[351] Ep10000: Max 3823 (2122) steps (0.0006 hrs) -nan:-nan 18979 (49) sec
[352] Ep10000: Max 3823 (1903) steps (0.0005 hrs) -nan:-nan 19026 (47) sec
[353] Ep10000: Max 3823 (2359) steps (0.0007 hrs) -nan:-nan 19074 (48) sec
[354] Ep10000: Max 3823 (2277) steps (0.0006 hrs) -nan:-nan 19124 (50) sec
[355] Ep10000: Max 3823 (2235) steps (0.0006 hrs) -nan:-nan 19173 (49) sec
[356] Ep10000: Max 3823 (1855) steps (0.0005 hrs) -nan:-nan 19219 (46) sec
[357] Ep10000: Max 3823 (2071) steps (0.0006 hrs) -nan:-nan 19266 (47) sec
[358] Ep10000: Max 3823 (2350) steps (0.0007 hrs) -nan:-nan 19315 (49) sec
[359] Ep10000: Max 3823 (2103) steps (0.0006 hrs) -nan:-nan 19363 (48) sec
[360] Ep10000: Max 3823 (2449) steps (0.0007 hrs) -nan:-nan 19409 (46) sec
[361] Ep10000: Max 3823 (2216) steps (0.0006 hrs) -nan:-nan 19456 (47) sec
[362] Ep10000: Max 3823 (2348) steps (0.0007 hrs) -nan:-nan 19503 (47) sec
[363] Ep10000: Max 3823 (2129) steps (0.0006 hrs) -nan:-nan 19551 (48) sec
[364] Ep10000: Max 3823 (2194) steps (0.0006 hrs) -nan:-nan 19599 (48) sec
[365] Ep10000: Max 3823 (2167) steps (0.0006 hrs) -nan:-nan 19646 (47) sec
[366] Ep10000: Max 3823 (2182) steps (0.0006 hrs) -nan:-nan 19693 (47) sec
[367] Ep10000: Max 3823 (2207) steps (0.0006 hrs) -nan:-nan 19740 (47) sec
[368] Ep10000: Max 3823 (2042) steps (0.0006 hrs) -nan:-nan 19788 (48) sec
[369] Ep10000: Max 3823 (1893) steps (0.0005 hrs) -nan:-nan 19834 (46) sec
[370] Ep10000: Max 3823 (2175) steps (0.0006 hrs) -nan:-nan 19881 (47) sec
[371] Ep10000: Max 3823 (2278) steps (0.0006 hrs) -nan:-nan 19927 (46) sec
[372] Ep10000: Max 3823 (2390) steps (0.0007 hrs) -nan:-nan 19974 (47) sec
[373] Ep10000: Max 3823 (2028) steps (0.0006 hrs) -nan:-nan 20020 (46) sec
[374] Ep10000: Max 3823 (2026) steps (0.0006 hrs) -nan:-nan 20066 (46) sec
[375] Ep10000: Max 3823 (2959) steps (0.0008 hrs) -nan:-nan 20112 (46) sec
[376] Ep10000: Max 3823 (2042) steps (0.0006 hrs) -nan:-nan 20159 (47) sec
[377] Ep10000: Max 3823 (1798) steps (0.0005 hrs) -nan:-nan 20206 (47) sec
[378] Ep10000: Max 3823 (1970) steps (0.0005 hrs) -nan:-nan 20253 (47) sec
[379] Ep10000: Max 3823 (2562) steps (0.0007 hrs) -nan:-nan 20299 (46) sec
[380] Ep10000: Max 3823 (2220) steps (0.0006 hrs) -nan:-nan 20346 (47) sec
[381] Ep10000: Max 3823 (2469) steps (0.0007 hrs) -nan:-nan 20397 (51) sec
[382] Ep10000: Max 3823 (2212) steps (0.0006 hrs) -nan:-nan 20450 (53) sec
[383] Ep10000: Max 3823 (2288) steps (0.0006 hrs) -nan:-nan 20499 (49) sec
[384] Ep10000: Max 3823 (2265) steps (0.0006 hrs) -nan:-nan 20546 (47) sec
[385] Ep10000: Max 3823 (1992) steps (0.0006 hrs) -nan:-nan 20592 (46) sec
[386] Ep10000: Max 3823 (3053) steps (0.0008 hrs) -nan:-nan 20640 (48) sec
[387] Ep10000: Max 3823 (2342) steps (0.0007 hrs) -nan:-nan 20697 (57) sec
[388] Ep10000: Max 3823 (2192) steps (0.0006 hrs) -nan:-nan 20751 (54) sec
[389] Ep10000: Max 3823 (2353) steps (0.0007 hrs) -nan:-nan 20806 (55) sec
[390] Ep10000: Max 3823 (2265) steps (0.0006 hrs) -nan:-nan 20865 (59) sec
[391] Ep10000: Max 3823 (1864) steps (0.0005 hrs) -nan:-nan 20922 (57) sec
[392] Ep10000: Max 3823 (2409) steps (0.0007 hrs) -nan:-nan 20979 (57) sec
[393] Ep10000: Max 3823 (2661) steps (0.0007 hrs) -nan:-nan 21035 (56) sec
[394] Ep10000: Max 3823 (2549) steps (0.0007 hrs) -nan:-nan 21084 (49) sec
[395] Ep10000: Max 3823 (2108) steps (0.0006 hrs) -nan:-nan 21132 (48) sec
[396] Ep10000: Max 3823 (2532) steps (0.0007 hrs) -nan:-nan 21178 (46) sec
[397] Ep10000: Max 3823 (2859) steps (0.0008 hrs) -nan:-nan 21229 (51) sec
[398] Ep10000: Max 3823 (2395) steps (0.0007 hrs) -nan:-nan 21286 (57) sec
[399] Ep10000: Max 3823 (2298) steps (0.0006 hrs) -nan:-nan 21344 (58) sec
[400] Ep10000: Max 3823 (2390) steps (0.0007 hrs) -nan:-nan 21405 (61) sec
[401] Ep10000: Max 3823 (2778) steps (0.0008 hrs) -nan:-nan 21459 (54) sec
[402] Ep10000: Max 3823 (2429) steps (0.0007 hrs) -nan:-nan 21512 (53) sec
[403] Ep10000: Max 3823 (2582) steps (0.0007 hrs) -nan:-nan 21559 (47) sec
[404] Ep10000: Max 3823 (2318) steps (0.0006 hrs) -nan:-nan 21606 (47) sec
[405] Ep10000: Max 3823 (2003) steps (0.0006 hrs) -nan:-nan 21654 (48) sec
[406] Ep10000: Max 3823 (2128) steps (0.0006 hrs) -nan:-nan 21710 (56) sec
[407] Ep10000: Max 3823 (2100) steps (0.0006 hrs) -nan:-nan 21763 (53) sec
[408] Ep10000: Max 3823 (2270) steps (0.0006 hrs) -nan:-nan 21811 (48) sec
[409] Ep10000: Max 3823 (2650) steps (0.0007 hrs) -nan:-nan 21857 (46) sec
[410] Ep10000: Max 3823 (2656) steps (0.0007 hrs) -nan:-nan 21908 (51) sec
[411] Ep10000: Max 3823 (2417) steps (0.0007 hrs) -nan:-nan 21967 (59) sec
[412] Ep10000: Max 3823 (2252) steps (0.0006 hrs) -nan:-nan 22016 (49) sec
[413] Ep10000: Max 3823 (2709) steps (0.0008 hrs) -nan:-nan 22063 (47) sec
[414] Ep10000: Max 3823 (2760) steps (0.0008 hrs) -nan:-nan 22111 (48) sec
[415] Ep10000: Max 3823 (2293) steps (0.0006 hrs) -nan:-nan 22165 (54) sec
[416] Ep10000: Max 3823 (2172) steps (0.0006 hrs) -nan:-nan 22220 (55) sec
[417] Ep10000: Max 3823 (1946) steps (0.0005 hrs) -nan:-nan 22269 (49) sec
[418] Ep10000: Max 3823 (2063) steps (0.0006 hrs) -nan:-nan 22320 (51) sec
[419] Ep10000: Max 3823 (2787) steps (0.0008 hrs) -nan:-nan 22376 (56) sec
[420] Ep10000: Max 3823 (2151) steps (0.0006 hrs) -nan:-nan 22425 (49) sec
[421] Ep10000: Max 3823 (2061) steps (0.0006 hrs) -nan:-nan 22476 (51) sec
[422] Ep10000: Max 3823 (2152) steps (0.0006 hrs) -nan:-nan 22538 (62) sec
[423] Ep10000: Max 3823 (2490) steps (0.0007 hrs) -nan:-nan 22602 (64) sec
[424] Ep10000: Max 3823 (2914) steps (0.0008 hrs) -nan:-nan 22663 (61) sec
[425] Ep10000: Max 3823 (2161) steps (0.0006 hrs) -nan:-nan 22718 (55) sec
[426] Ep10000: Max 3823 (2354) steps (0.0007 hrs) -nan:-nan 22769 (51) sec
[427] Ep10000: Max 3823 (2512) steps (0.0007 hrs) -nan:-nan 22817 (48) sec
[428] Ep10000: Max 3823 (1968) steps (0.0005 hrs) -nan:-nan 22871 (54) sec
[429] Ep10000: Max 3823 (2437) steps (0.0007 hrs) -nan:-nan 22928 (57) sec
[430] Ep10000: Max 3823 (2376) steps (0.0007 hrs) -nan:-nan 22975 (47) sec
[431] Ep10000: Max 3823 (2052) steps (0.0006 hrs) -nan:-nan 23025 (50) sec
[432] Ep10000: Max 3823 (1990) steps (0.0006 hrs) -nan:-nan 23080 (55) sec
[433] Ep10000: Max 3823 (2104) steps (0.0006 hrs) -nan:-nan 23130 (50) sec
[434] Ep10000: Max 3823 (2569) steps (0.0007 hrs) -nan:-nan 23175 (45) sec
[435] Ep10000: Max 3823 (2110) steps (0.0006 hrs) -nan:-nan 23228 (53) sec
[436] Ep10000: Max 3823 (1812) steps (0.0005 hrs) -nan:-nan 23283 (55) sec
[437] Ep10000: Max 3823 (1915) steps (0.0005 hrs) -nan:-nan 23332 (49) sec
[438] Ep10000: Max 3823 (2124) steps (0.0006 hrs) -nan:-nan 23379 (47) sec
[439] Ep10000: Max 3823 (2127) steps (0.0006 hrs) -nan:-nan 23435 (56) sec
[440] Ep10000: Max 3823 (2272) steps (0.0006 hrs) -nan:-nan 23493 (58) sec
[441] Ep10000: Max 3823 (2387) steps (0.0007 hrs) -nan:-nan 23542 (49) sec
[442] Ep10000: Max 3823 (2271) steps (0.0006 hrs) -nan:-nan 23594 (52) sec
[443] Ep10000: Max 3823 (2019) steps (0.0006 hrs) -nan:-nan 23643 (49) sec
[444] Ep10000: Max 3823 (2291) steps (0.0006 hrs) -nan:-nan 23697 (54) sec
[445] Ep10000: Max 3823 (2632) steps (0.0007 hrs) -nan:-nan 23751 (54) sec
[446] Ep10000: Max 3823 (2006) steps (0.0006 hrs) -nan:-nan 23805 (54) sec
[447] Ep10000: Max 3823 (2427) steps (0.0007 hrs) -nan:-nan 23862 (57) sec
[448] Ep10000: Max 3823 (2486) steps (0.0007 hrs) -nan:-nan 23908 (46) sec
[449] Ep10000: Max 3823 (1967) steps (0.0005 hrs) -nan:-nan 23955 (47) sec
[450] Ep10000: Max 3823 (2139) steps (0.0006 hrs) -nan:-nan 24002 (47) sec
[451] Ep10000: Max 3823 (2217) steps (0.0006 hrs) -nan:-nan 24056 (54) sec
[452] Ep10000: Max 3823 (2246) steps (0.0006 hrs) -nan:-nan 24115 (59) sec
[453] Ep10000: Max 3823 (1954) steps (0.0005 hrs) -nan:-nan 24175 (60) sec
[454] Ep10000: Max 3823 (2486) steps (0.0007 hrs) -nan:-nan 24233 (58) sec
[455] Ep10000: Max 3823 (2258) steps (0.0006 hrs) -nan:-nan 24290 (57) sec
[456] Ep10000: Max 3823 (2018) steps (0.0006 hrs) -nan:-nan 24347 (57) sec
[457] Ep10000: Max 3823 (2050) steps (0.0006 hrs) -nan:-nan 24403 (56) sec
[458] Ep10000: Max 3823 (2128) steps (0.0006 hrs) -nan:-nan 24460 (57) sec
[459] Ep10000: Max 3823 (2405) steps (0.0007 hrs) -nan:-nan 24516 (56) sec
[460] Ep10000: Max 3823 (2027) steps (0.0006 hrs) -nan:-nan 24573 (57) sec
[461] Ep10000: Max 3823 (2366) steps (0.0007 hrs) -nan:-nan 24633 (60) sec
[462] Ep10000: Max 3823 (2191) steps (0.0006 hrs) -nan:-nan 24690 (57) sec
[463] Ep10000: Max 3823 (2296) steps (0.0006 hrs) -nan:-nan 24744 (54) sec
[464] Ep10000: Max 3823 (2224) steps (0.0006 hrs) -nan:-nan 24813 (69) sec
[465] Ep10000: Max 3823 (2302) steps (0.0006 hrs) -nan:-nan 24882 (69) sec
[466] Ep10000: Max 3823 (2005) steps (0.0006 hrs) -nan:-nan 24953 (71) sec
[467] Ep10000: Max 3823 (2398) steps (0.0007 hrs) -nan:-nan 25020 (67) sec
[468] Ep10000: Max 3823 (2218) steps (0.0006 hrs) -nan:-nan 25094 (74) sec
[469] Ep10000: Max 3823 (2883) steps (0.0008 hrs) -nan:-nan 25161 (67) sec
[470] Ep10000: Max 3823 (2264) steps (0.0006 hrs) -nan:-nan 25209 (48) sec
[471] Ep10000: Max 3823 (1820) steps (0.0005 hrs) -nan:-nan 25261 (52) sec
[472] Ep10000: Max 3823 (1990) steps (0.0006 hrs) -nan:-nan 25329 (68) sec
[473] Ep10000: Max 3823 (1954) steps (0.0005 hrs) -nan:-nan 25386 (57) sec
[474] Ep10000: Max 3823 (2255) steps (0.0006 hrs) -nan:-nan 25445 (59) sec
[475] Ep10000: Max 3823 (2118) steps (0.0006 hrs) -nan:-nan 25507 (62) sec
[476] Ep10000: Max 3823 (2757) steps (0.0008 hrs) -nan:-nan 25566 (59) sec
[477] Ep10000: Max 3823 (1967) steps (0.0005 hrs) -nan:-nan 25625 (59) sec
[478] Ep10000: Max 3823 (2285) steps (0.0006 hrs) -nan:-nan 25679 (54) sec
[479] Ep10000: Max 3823 (2694) steps (0.0007 hrs) -nan:-nan 25726 (47) sec
[480] Ep10000: Max 3823 (2552) steps (0.0007 hrs) -nan:-nan 25774 (48) sec
[481] Ep10000: Max 3823 (1891) steps (0.0005 hrs) -nan:-nan 25823 (49) sec
[482] Ep10000: Max 3823 (2610) steps (0.0007 hrs) -nan:-nan 25883 (60) sec
[483] Ep10000: Max 3823 (2455) steps (0.0007 hrs) -nan:-nan 25952 (69) sec
[484] Ep10000: Max 3823 (2295) steps (0.0006 hrs) -nan:-nan 26011 (59) sec
[485] Ep10000: Max 3823 (2548) steps (0.0007 hrs) -nan:-nan 26076 (65) sec
[486] Ep10000: Max 3823 (2304) steps (0.0006 hrs) -nan:-nan 26134 (58) sec
[487] Ep10000: Max 3823 (2390) steps (0.0007 hrs) -nan:-nan 26194 (60) sec
[488] Ep10000: Max 3823 (2172) steps (0.0006 hrs) -nan:-nan 26250 (56) sec
[489] Ep10000: Max 3823 (2275) steps (0.0006 hrs) -nan:-nan 26309 (59) sec
[490] Ep10000: Max 3823 (2534) steps (0.0007 hrs) -nan:-nan 26365 (56) sec
[491] Ep10000: Max 3823 (2076) steps (0.0006 hrs) -nan:-nan 26424 (59) sec
[492] Ep10000: Max 3823 (2422) steps (0.0007 hrs) -nan:-nan 26482 (58) sec
[493] Ep10000: Max 3823 (2372) steps (0.0007 hrs) -nan:-nan 26540 (58) sec
[494] Ep10000: Max 3823 (2622) steps (0.0007 hrs) -nan:-nan 26590 (50) sec
[495] Ep10000: Max 3823 (2235) steps (0.0006 hrs) -nan:-nan 26639 (49) sec
[496] Ep10000: Max 3823 (2370) steps (0.0007 hrs) -nan:-nan 26688 (49) sec
[497] Ep10000: Max 3823 (2722) steps (0.0008 hrs) -nan:-nan 26738 (50) sec
[498] Ep10000: Max 3823 (2028) steps (0.0006 hrs) -nan:-nan 26785 (47) sec
[499] Ep10000: Max 3823 (2085) steps (0.0006 hrs) -nan:-nan 26831 (46) sec
[500] Ep10000: Max 3823 (2215) steps (0.0006 hrs) -nan:-nan 26878 (47) sec
[501] Ep10000: Max 3823 (2703) steps (0.0008 hrs) -nan:-nan 26925 (47) sec
[502] Ep10000: Max 3823 (2523) steps (0.0007 hrs) -nan:-nan 26981 (56) sec
[503] Ep10000: Max 3823 (2128) steps (0.0006 hrs) -nan:-nan 27041 (60) sec
[504] Ep10000: Max 3823 (1830) steps (0.0005 hrs) -nan:-nan 27099 (58) sec
[505] Ep10000: Max 3823 (2697) steps (0.0007 hrs) -nan:-nan 27151 (52) sec
[506] Ep10000: Max 3823 (1835) steps (0.0005 hrs) -nan:-nan 27207 (56) sec
[507] Ep10000: Max 3823 (1995) steps (0.0006 hrs) -nan:-nan 27265 (58) sec
[508] Ep10000: Max 3823 (2320) steps (0.0006 hrs) -nan:-nan 27324 (59) sec
[509] Ep10000: Max 3823 (2133) steps (0.0006 hrs) -nan:-nan 27384 (60) sec
[510] Ep10000: Max 3823 (2219) steps (0.0006 hrs) -nan:-nan 27446 (62) sec
[511] Ep10000: Max 3823 (2845) steps (0.0008 hrs) -nan:-nan 27508 (62) sec
[512] Ep10000: Max 3823 (1639) steps (0.0005 hrs) -nan:-nan 27567 (59) sec
[513] Ep10000: Max 3823 (2512) steps (0.0007 hrs) -nan:-nan 27623 (56) sec
[514] Ep10000: Max 3823 (2470) steps (0.0007 hrs) -nan:-nan 27679 (56) sec
[515] Ep10000: Max 3823 (1982) steps (0.0006 hrs) -nan:-nan 27735 (56) sec
[516] Ep10000: Max 3823 (3333) steps (0.0009 hrs) -nan:-nan 27790 (55) sec
[517] Ep10000: Max 3823 (2385) steps (0.0007 hrs) -nan:-nan 27845 (55) sec
[518] Ep10000: Max 3823 (2179) steps (0.0006 hrs) -nan:-nan 27899 (54) sec
[519] Ep10000: Max 3823 (2098) steps (0.0006 hrs) -nan:-nan 27955 (56) sec
[520] Ep10000: Max 3823 (2205) steps (0.0006 hrs) -nan:-nan 28011 (56) sec
[521] Ep10000: Max 3823 (2195) steps (0.0006 hrs) -nan:-nan 28065 (54) sec
[522] Ep10000: Max 3823 (2064) steps (0.0006 hrs) -nan:-nan 28119 (54) sec
[523] Ep10000: Max 3823 (2046) steps (0.0006 hrs) -nan:-nan 28173 (54) sec
[524] Ep10000: Max 3823 (2735) steps (0.0008 hrs) -nan:-nan 28233 (60) sec
[525] Ep10000: Max 3823 (2165) steps (0.0006 hrs) -nan:-nan 28293 (60) sec
[526] Ep10000: Max 3823 (2341) steps (0.0007 hrs) -nan:-nan 28355 (62) sec
[527] Ep10000: Max 3823 (2626) steps (0.0007 hrs) -nan:-nan 28412 (57) sec
[528] Ep10000: Max 3823 (2092) steps (0.0006 hrs) -nan:-nan 28463 (51) sec
[529] Ep10000: Max 3823 (2204) steps (0.0006 hrs) -nan:-nan 28510 (47) sec
[530] Ep10000: Max 3823 (2155) steps (0.0006 hrs) -nan:-nan 28558 (48) sec
[531] Ep10000: Max 3823 (2100) steps (0.0006 hrs) -nan:-nan 28608 (50) sec
[532] Ep10000: Max 3823 (1914) steps (0.0005 hrs) -nan:-nan 28658 (50) sec
[533] Ep10000: Max 3823 (1862) steps (0.0005 hrs) -nan:-nan 28712 (54) sec
[534] Ep10000: Max 3823 (1891) steps (0.0005 hrs) -nan:-nan 28774 (62) sec
[535] Ep10000: Max 3823 (2502) steps (0.0007 hrs) -nan:-nan 28823 (49) sec
[536] Ep10000: Max 3823 (3200) steps (0.0009 hrs) -nan:-nan 28874 (51) sec
[537] Ep10000: Max 3823 (3609) steps (0.0010 hrs) -nan:-nan 28927 (53) sec
[538] Ep10000: Max 3823 (2642) steps (0.0007 hrs) -nan:-nan 28982 (55) sec
[539] Ep10000: Max 3823 (2168) steps (0.0006 hrs) -nan:-nan 29039 (57) sec
[540] Ep10000: Max 3823 (1900) steps (0.0005 hrs) -nan:-nan 29091 (52) sec
[541] Ep10000: Max 3823 (1862) steps (0.0005 hrs) -nan:-nan 29143 (52) sec
[542] Ep10000: Max 3823 (2333) steps (0.0006 hrs) -nan:-nan 29190 (47) sec
[543] Ep10000: Max 3823 (2462) steps (0.0007 hrs) -nan:-nan 29236 (46) sec
[544] Ep10000: Max 3823 (1853) steps (0.0005 hrs) -nan:-nan 29291 (55) sec
[545] Ep10000: Max 3823 (2136) steps (0.0006 hrs) -nan:-nan 29341 (50) sec
[546] Ep10000: Max 3823 (2069) steps (0.0006 hrs) -nan:-nan 29388 (47) sec
[547] Ep10000: Max 3823 (3233) steps (0.0009 hrs) -nan:-nan 29440 (52) sec
[548] Ep10000: Max 3823 (2254) steps (0.0006 hrs) -nan:-nan 29489 (49) sec
[549] Ep10000: Max 3823 (2053) steps (0.0006 hrs) -nan:-nan 29541 (52) sec
[550] Ep10000: Max 3823 (1921) steps (0.0005 hrs) -nan:-nan 29589 (48) sec
[551] Ep10000: Max 3823 (2336) steps (0.0006 hrs) -nan:-nan 29640 (51) sec
[552] Ep10000: Max 3823 (3697) steps (0.0010 hrs) -nan:-nan 29688 (48) sec
[553] Ep10000: Max 3823 (2506) steps (0.0007 hrs) -nan:-nan 29737 (49) sec
[554] Ep10000: Max 3823 (2367) steps (0.0007 hrs) -nan:-nan 29789 (52) sec
[555] Ep10000: Max 3823 (2139) steps (0.0006 hrs) -nan:-nan 29840 (51) sec
[556] Ep10000: Max 3823 (2234) steps (0.0006 hrs) -nan:-nan 29929 (89) sec
[557] Ep10000: Max 3823 (2221) steps (0.0006 hrs) -nan:-nan 29977 (48) sec
[558] Ep10000: Max 3823 (3025) steps (0.0008 hrs) -nan:-nan 30063 (86) sec
[559] Ep10000: Max 3823 (2420) steps (0.0007 hrs) -nan:-nan 30130 (67) sec
[560] Ep10000: Max 3823 (2281) steps (0.0006 hrs) -nan:-nan 30192 (62) sec
[561] Ep10000: Max 3823 (2082) steps (0.0006 hrs) -nan:-nan 30251 (59) sec
[562] Ep10000: Max 3823 (2120) steps (0.0006 hrs) -nan:-nan 30312 (61) sec
[563] Ep10000: Max 3823 (2107) steps (0.0006 hrs) -nan:-nan 30374 (62) sec
[564] Ep10000: Max 3823 (2403) steps (0.0007 hrs) -nan:-nan 30436 (62) sec
[565] Ep10000: Max 3823 (2486) steps (0.0007 hrs) -nan:-nan 30496 (60) sec
[566] Ep10000: Max 3823 (2410) steps (0.0007 hrs) -nan:-nan 30555 (59) sec
[567] Ep10000: Max 3823 (2081) steps (0.0006 hrs) -nan:-nan 30613 (58) sec
[568] Ep10000: Max 3823 (2719) steps (0.0008 hrs) -nan:-nan 30673 (60) sec
[569] Ep10000: Max 3823 (2192) steps (0.0006 hrs) -nan:-nan 30730 (57) sec
[570] Ep10000: Max 3823 (2421) steps (0.0007 hrs) -nan:-nan 30789 (59) sec
[571] Ep10000: Max 3823 (2582) steps (0.0007 hrs) -nan:-nan 30849 (60) sec
[572] Ep10000: Max 3823 (2589) steps (0.0007 hrs) -nan:-nan 30908 (59) sec
[573] Ep10000: Max 3823 (2034) steps (0.0006 hrs) -nan:-nan 30968 (60) sec
[574] Ep10000: Max 3823 (2972) steps (0.0008 hrs) -nan:-nan 31029 (61) sec
[575] Ep10000: Max 3823 (2230) steps (0.0006 hrs) -nan:-nan 31091 (62) sec
[576] Ep10000: Max 3823 (2456) steps (0.0007 hrs) -nan:-nan 31152 (61) sec
[577] Ep10000: Max 3823 (2316) steps (0.0006 hrs) -nan:-nan 31212 (60) sec
[578] Ep10000: Max 3823 (2876) steps (0.0008 hrs) -nan:-nan 31274 (62) sec
[579] Ep10000: Max 3823 (2479) steps (0.0007 hrs) -nan:-nan 31333 (59) sec
[580] Ep10000: Max 3823 (2298) steps (0.0006 hrs) -nan:-nan 31392 (59) sec
[581] Ep10000: Max 3823 (2116) steps (0.0006 hrs) -nan:-nan 31452 (60) sec
[582] Ep10000: Max 3823 (2477) steps (0.0007 hrs) -nan:-nan 31513 (61) sec
[583] Ep10000: Max 3823 (2349) steps (0.0007 hrs) -nan:-nan 31572 (59) sec
[584] Ep10000: Max 3823 (2231) steps (0.0006 hrs) -nan:-nan 31633 (61) sec
[585] Ep10000: Max 3823 (2121) steps (0.0006 hrs) -nan:-nan 31696 (63) sec
[586] Ep10000: Max 3823 (2065) steps (0.0006 hrs) -nan:-nan 31754 (58) sec
[587] Ep10000: Max 3823 (1924) steps (0.0005 hrs) -nan:-nan 31814 (60) sec
[588] Ep10000: Max 3823 (2311) steps (0.0006 hrs) -nan:-nan 31874 (60) sec
[589] Ep10000: Max 3823 (2466) steps (0.0007 hrs) -nan:-nan 31937 (63) sec
[590] Ep10000: Max 3823 (1989) steps (0.0006 hrs) -nan:-nan 31997 (60) sec
[591] Ep10000: Max 3823 (2059) steps (0.0006 hrs) -nan:-nan 32060 (63) sec
[592] Ep10000: Max 3823 (2205) steps (0.0006 hrs) -nan:-nan 32125 (65) sec
[593] Ep10000: Max 3823 (2080) steps (0.0006 hrs) -nan:-nan 32189 (64) sec
[594] Ep10000: Max 3823 (2168) steps (0.0006 hrs) -nan:-nan 32256 (67) sec
[595] Ep10000: Max 3823 (1978) steps (0.0005 hrs) -nan:-nan 32317 (61) sec
[596] Ep10000: Max 3823 (2252) steps (0.0006 hrs) -nan:-nan 32383 (66) sec
[597] Ep10000: Max 3823 (2339) steps (0.0006 hrs) -nan:-nan 32442 (59) sec
[598] Ep10000: Max 3823 (2191) steps (0.0006 hrs) -nan:-nan 32504 (62) sec
[599] Ep10000: Max 3823 (2289) steps (0.0006 hrs) -nan:-nan 32563 (59) sec
[600] Ep10000: Max 3823 (2549) steps (0.0007 hrs) -nan:-nan 32627 (64) sec
[601] Ep10000: Max 3823 (2451) steps (0.0007 hrs) -nan:-nan 32692 (65) sec
[602] Ep10000: Max 3823 (2899) steps (0.0008 hrs) -nan:-nan 32756 (64) sec
[603] Ep10000: Max 3823 (3498) steps (0.0010 hrs) -nan:-nan 32822 (66) sec
[604] Ep10000: Max 3823 (2125) steps (0.0006 hrs) -nan:-nan 32885 (63) sec
[605] Ep10000: Max 3823 (2077) steps (0.0006 hrs) -nan:-nan 32947 (62) sec
[606] Ep10000: Max 3823 (2164) steps (0.0006 hrs) -nan:-nan 33011 (64) sec
[607] Ep10000: Max 3823 (1963) steps (0.0005 hrs) -nan:-nan 33073 (62) sec
[608] Ep10000: Max 3823 (2341) steps (0.0007 hrs) -nan:-nan 33130 (57) sec
[609] Ep10000: Max 3823 (2122) steps (0.0006 hrs) -nan:-nan 33190 (60) sec
[610] Ep10000: Max 3823 (2317) steps (0.0006 hrs) -nan:-nan 33254 (64) sec
[611] Ep10000: Max 3823 (2320) steps (0.0006 hrs) -nan:-nan 33313 (59) sec
[612] Ep10000: Max 3823 (2336) steps (0.0006 hrs) -nan:-nan 33371 (58) sec
[613] Ep10000: Max 3823 (1755) steps (0.0005 hrs) -nan:-nan 33429 (58) sec
[614] Ep10000: Max 3823 (2011) steps (0.0006 hrs) -nan:-nan 33486 (57) sec
[615] Ep10000: Max 3823 (2681) steps (0.0007 hrs) -nan:-nan 33543 (57) sec
[616] Ep10000: Max 3823 (2428) steps (0.0007 hrs) -nan:-nan 33597 (54) sec
[617] Ep10000: Max 3823 (2060) steps (0.0006 hrs) -nan:-nan 33654 (57) sec
[618] Ep10000: Max 3823 (2287) steps (0.0006 hrs) -nan:-nan 33712 (58) sec
[619] Ep10000: Max 3823 (1920) steps (0.0005 hrs) -nan:-nan 33769 (57) sec
[620] Ep10000: Max 3823 (2049) steps (0.0006 hrs) -nan:-nan 33836 (67) sec
[621] Ep10000: Max 3823 (2583) steps (0.0007 hrs) -nan:-nan 33890 (54) sec
[622] Ep10000: Max 3823 (2149) steps (0.0006 hrs) -nan:-nan 33951 (61) sec
[623] Ep10000: Max 3823 (2208) steps (0.0006 hrs) -nan:-nan 34006 (55) sec
[624] Ep10000: Max 3823 (2270) steps (0.0006 hrs) -nan:-nan 34055 (49) sec
[625] Ep10000: Max 3823 (2283) steps (0.0006 hrs) -nan:-nan 34106 (51) sec
[626] Ep10000: Max 3823 (1969) steps (0.0005 hrs) -nan:-nan 34157 (51) sec
[627] Ep10000: Max 3823 (1957) steps (0.0005 hrs) -nan:-nan 34209 (52) sec
[628] Ep10000: Max 3823 (2831) steps (0.0008 hrs) -nan:-nan 34262 (53) sec
[629] Ep10000: Max 3823 (2446) steps (0.0007 hrs) -nan:-nan 34307 (45) sec
[630] Ep10000: Max 3823 (2327) steps (0.0006 hrs) -nan:-nan 34353 (46) sec
[631] Ep10000: Max 3823 (2724) steps (0.0008 hrs) -nan:-nan 34400 (47) sec
[632] Ep10000: Max 3823 (2185) steps (0.0006 hrs) -nan:-nan 34446 (46) sec
[633] Ep10000: Max 3823 (3134) steps (0.0009 hrs) -nan:-nan 34497 (51) sec
[634] Ep10000: Max 3823 (1960) steps (0.0005 hrs) -nan:-nan 34547 (50) sec
[635] Ep10000: Max 3823 (1970) steps (0.0005 hrs) -nan:-nan 34602 (55) sec
[636] Ep10000: Max 3823 (2579) steps (0.0007 hrs) -nan:-nan 34676 (74) sec
[637] Ep10000: Max 3823 (2330) steps (0.0006 hrs) -nan:-nan 34725 (49) sec
[638] Ep10000: Max 3823 (2477) steps (0.0007 hrs) -nan:-nan 34771 (46) sec
[639] Ep10000: Max 3823 (2246) steps (0.0006 hrs) -nan:-nan 34818 (47) sec
[640] Ep10000: Max 3823 (2271) steps (0.0006 hrs) -nan:-nan 34864 (46) sec
[641] Ep10000: Max 3823 (2327) steps (0.0006 hrs) -nan:-nan 34910 (46) sec
[642] Ep10000: Max 3823 (2094) steps (0.0006 hrs) -nan:-nan 34956 (46) sec
[643] Ep10000: Max 3823 (2079) steps (0.0006 hrs) -nan:-nan 35002 (46) sec
[644] Ep10000: Max 3823 (2542) steps (0.0007 hrs) -nan:-nan 35048 (46) sec
[645] Ep10000: Max 3823 (2304) steps (0.0006 hrs) -nan:-nan 35095 (47) sec
[646] Ep10000: Max 3823 (2778) steps (0.0008 hrs) -nan:-nan 35140 (45) sec
[647] Ep10000: Max 3823 (2368) steps (0.0007 hrs) -nan:-nan 35186 (46) sec
[648] Ep10000: Max 3823 (2135) steps (0.0006 hrs) -nan:-nan 35232 (46) sec
[649] Ep10000: Max 3823 (1946) steps (0.0005 hrs) -nan:-nan 35278 (46) sec
[650] Ep10000: Max 3823 (2082) steps (0.0006 hrs) -nan:-nan 35324 (46) sec
[651] Ep10000: Max 3823 (2425) steps (0.0007 hrs) -nan:-nan 35370 (46) sec
[652] Ep10000: Max 3823 (2055) steps (0.0006 hrs) -nan:-nan 35416 (46) sec
[653] Ep10000: Max 3823 (2544) steps (0.0007 hrs) -nan:-nan 35462 (46) sec
[654] Ep10000: Max 3823 (2331) steps (0.0006 hrs) -nan:-nan 35508 (46) sec
[655] Ep10000: Max 3823 (2557) steps (0.0007 hrs) -nan:-nan 35554 (46) sec
[656] Ep10000: Max 3823 (2366) steps (0.0007 hrs) -nan:-nan 35600 (46) sec
[657] Ep10000: Max 3823 (2710) steps (0.0008 hrs) -nan:-nan 35645 (45) sec
[658] Ep10000: Max 3823 (2376) steps (0.0007 hrs) -nan:-nan 35695 (50) sec
[659] Ep10000: Max 3823 (2280) steps (0.0006 hrs) -nan:-nan 35741 (46) sec
[660] Ep10000: Max 3823 (2582) steps (0.0007 hrs) -nan:-nan 35787 (46) sec
[661] Ep10000: Max 3823 (1904) steps (0.0005 hrs) -nan:-nan 35833 (46) sec
[662] Ep10000: Max 3823 (2412) steps (0.0007 hrs) -nan:-nan 35878 (45) sec
[663] Ep10000: Max 3823 (2937) steps (0.0008 hrs) -nan:-nan 35925 (47) sec
[664] Ep10000: Max 3823 (2438) steps (0.0007 hrs) -nan:-nan 35972 (47) sec
[665] Ep10000: Max 3823 (2309) steps (0.0006 hrs) -nan:-nan 36018 (46) sec
[666] Ep10000: Max 3823 (2521) steps (0.0007 hrs) -nan:-nan 36065 (47) sec
[667] Ep10000: Max 3823 (2508) steps (0.0007 hrs) -nan:-nan 36111 (46) sec
[668] Ep10000: Max 3823 (2828) steps (0.0008 hrs) -nan:-nan 36158 (47) sec
[669] Ep10000: Max 3823 (2734) steps (0.0008 hrs) -nan:-nan 36204 (46) sec
[670] Ep10000: Max 3823 (2152) steps (0.0006 hrs) -nan:-nan 36250 (46) sec
[671] Ep10000: Max 3823 (2608) steps (0.0007 hrs) -nan:-nan 36296 (46) sec
[672] Ep10000: Max 3823 (2655) steps (0.0007 hrs) -nan:-nan 36342 (46) sec
[673] Ep10000: Max 3823 (2370) steps (0.0007 hrs) -nan:-nan 36388 (46) sec
[674] Ep10000: Max 3823 (2272) steps (0.0006 hrs) -nan:-nan 36434 (46) sec
[675] Ep10000: Max 3823 (2128) steps (0.0006 hrs) -nan:-nan 36481 (47) sec
[676] Ep10000: Max 3823 (2251) steps (0.0006 hrs) -nan:-nan 36527 (46) sec
[677] Ep10000: Max 3823 (2268) steps (0.0006 hrs) -nan:-nan 36576 (49) sec
[678] Ep10000: Max 3823 (2167) steps (0.0006 hrs) -nan:-nan 36623 (47) sec
[679] Ep10000: Max 3823 (2547) steps (0.0007 hrs) -nan:-nan 36669 (46) sec
[680] Ep10000: Max 3823 (2293) steps (0.0006 hrs) -nan:-nan 36715 (46) sec
[681] Ep10000: Max 3823 (2120) steps (0.0006 hrs) -nan:-nan 36761 (46) sec
[682] Ep10000: Max 3823 (1926) steps (0.0005 hrs) -nan:-nan 36808 (47) sec
[683] Ep10000: Max 3823 (2892) steps (0.0008 hrs) -nan:-nan 36923 (115) sec
[684] Ep10000: Max 3823 (2170) steps (0.0006 hrs) -nan:-nan 37087 (164) sec
[685] Ep10000: Max 3823 (2039) steps (0.0006 hrs) -nan:-nan 37281 (194) sec
[686] Ep10000: Max 3823 (2494) steps (0.0007 hrs) -nan:-nan 37488 (207) sec
[687] Ep10000: Max 3823 (2177) steps (0.0006 hrs) -nan:-nan 37665 (177) sec
[688] Ep10000: Max 3823 (2427) steps (0.0007 hrs) -nan:-nan 37845 (180) sec
[689] Ep10000: Max 3823 (2354) steps (0.0007 hrs) -nan:-nan 38011 (166) sec
[690] Ep10000: Max 3823 (2026) steps (0.0006 hrs) -nan:-nan 38191 (180) sec
[691] Ep10000: Max 3823 (2039) steps (0.0006 hrs) -nan:-nan 38416 (225) sec
[692] Ep10000: Max 3823 (2502) steps (0.0007 hrs) -nan:-nan 38586 (170) sec
[693] Ep10000: Max 3823 (2355) steps (0.0007 hrs) -nan:-nan 38632 (46) sec
[694] Ep10000: Max 3823 (2817) steps (0.0008 hrs) -nan:-nan 38678 (46) sec
[695] Ep10000: Max 3823 (2009) steps (0.0006 hrs) -nan:-nan 38724 (46) sec
[696] Ep10000: Max 3823 (2579) steps (0.0007 hrs) -nan:-nan 38769 (45) sec
[697] Ep10000: Max 3823 (2439) steps (0.0007 hrs) -nan:-nan 38816 (47) sec
[698] Ep10000: Max 3823 (2493) steps (0.0007 hrs) -nan:-nan 38862 (46) sec
[699] Ep10000: Max 3823 (2795) steps (0.0008 hrs) -nan:-nan 38907 (45) sec
[700] Ep10000: Max 3823 (1957) steps (0.0005 hrs) -nan:-nan 38953 (46) sec
[701] Ep10000: Max 3823 (2246) steps (0.0006 hrs) -nan:-nan 39002 (49) sec
[702] Ep10000: Max 3823 (1918) steps (0.0005 hrs) -nan:-nan 39048 (46) sec
[703] Ep10000: Max 3823 (2278) steps (0.0006 hrs) -nan:-nan 39095 (47) sec
[704] Ep10000: Max 3823 (2237) steps (0.0006 hrs) -nan:-nan 39142 (47) sec
[705] Ep10000: Max 3823 (2510) steps (0.0007 hrs) -nan:-nan 39188 (46) sec
[706] Ep10000: Max 3823 (2285) steps (0.0006 hrs) -nan:-nan 39234 (46) sec
[707] Ep10000: Max 3823 (2736) steps (0.0008 hrs) -nan:-nan 39280 (46) sec
[708] Ep10000: Max 3823 (2716) steps (0.0008 hrs) -nan:-nan 39327 (47) sec
[709] Ep10000: Max 3823 (1959) steps (0.0005 hrs) -nan:-nan 39373 (46) sec
[710] Ep10000: Max 3823 (2522) steps (0.0007 hrs) -nan:-nan 39419 (46) sec
[711] Ep10000: Max 3823 (2445) steps (0.0007 hrs) -nan:-nan 39464 (45) sec
[712] Ep10000: Max 3823 (2879) steps (0.0008 hrs) -nan:-nan 39511 (47) sec
[713] Ep10000: Max 3823 (2029) steps (0.0006 hrs) -nan:-nan 39557 (46) sec
[714] Ep10000: Max 3823 (2457) steps (0.0007 hrs) -nan:-nan 39603 (46) sec
[715] Ep10000: Max 3823 (2656) steps (0.0007 hrs) -nan:-nan 39650 (47) sec
[716] Ep10000: Max 3823 (1894) steps (0.0005 hrs) -nan:-nan 39697 (47) sec
[717] Ep10000: Max 3823 (2585) steps (0.0007 hrs) -nan:-nan 39744 (47) sec
[718] Ep10000: Max 3823 (2386) steps (0.0007 hrs) -nan:-nan 39790 (46) sec
[719] Ep10000: Max 3823 (2201) steps (0.0006 hrs) -nan:-nan 39837 (47) sec
[720] Ep10000: Max 3823 (1987) steps (0.0006 hrs) -nan:-nan 39886 (49) sec
[721] Ep10000: Max 3823 (2390) steps (0.0007 hrs) -nan:-nan 39932 (46) sec
[722] Ep10000: Max 3823 (2148) steps (0.0006 hrs) -nan:-nan 39979 (47) sec
[723] Ep10000: Max 3823 (2144) steps (0.0006 hrs) -nan:-nan 40025 (46) sec
[724] Ep10000: Max 3823 (2660) steps (0.0007 hrs) -nan:-nan 40070 (45) sec
[725] Ep10000: Max 3823 (2319) steps (0.0006 hrs) -nan:-nan 40116 (46) sec
[726] Ep10000: Max 3823 (1879) steps (0.0005 hrs) -nan:-nan 40161 (45) sec
[727] Ep10000: Max 3823 (2375) steps (0.0007 hrs) -nan:-nan 40208 (47) sec
[728] Ep10000: Max 3823 (2583) steps (0.0007 hrs) -nan:-nan 40254 (46) sec
[729] Ep10000: Max 3823 (2373) steps (0.0007 hrs) -nan:-nan 40299 (45) sec
[730] Ep10000: Max 3823 (2621) steps (0.0007 hrs) -nan:-nan 40346 (47) sec
[731] Ep10000: Max 3823 (2148) steps (0.0006 hrs) -nan:-nan 40395 (49) sec
[732] Ep10000: Max 3823 (2363) steps (0.0007 hrs) -nan:-nan 40442 (47) sec
[733] Ep10000: Max 3823 (2494) steps (0.0007 hrs) -nan:-nan 40490 (48) sec
[734] Ep10000: Max 3823 (1883) steps (0.0005 hrs) -nan:-nan 40537 (47) sec
[735] Ep10000: Max 3823 (2223) steps (0.0006 hrs) -nan:-nan 40584 (47) sec
[736] Ep10000: Max 3823 (2329) steps (0.0006 hrs) -nan:-nan 40630 (46) sec
[737] Ep10000: Max 3823 (2217) steps (0.0006 hrs) -nan:-nan 40675 (45) sec
[738] Ep10000: Max 3823 (2308) steps (0.0006 hrs) -nan:-nan 40722 (47) sec
[739] Ep10000: Max 3823 (1884) steps (0.0005 hrs) -nan:-nan 40768 (46) sec
[740] Ep10000: Max 3823 (2757) steps (0.0008 hrs) -nan:-nan 40814 (46) sec
[741] Ep10000: Max 3823 (1855) steps (0.0005 hrs) -nan:-nan 40860 (46) sec
[742] Ep10000: Max 3823 (1986) steps (0.0006 hrs) -nan:-nan 40906 (46) sec
[743] Ep10000: Max 3823 (2088) steps (0.0006 hrs) -nan:-nan 40953 (47) sec
[744] Ep10000: Max 3823 (1960) steps (0.0005 hrs) -nan:-nan 41001 (48) sec
[745] Ep10000: Max 3823 (2028) steps (0.0006 hrs) -nan:-nan 41047 (46) sec
[746] Ep10000: Max 3823 (1995) steps (0.0006 hrs) -nan:-nan 41093 (46) sec
[747] Ep10000: Max 3823 (2088) steps (0.0006 hrs) -nan:-nan 41139 (46) sec
[748] Ep10000: Max 3823 (2430) steps (0.0007 hrs) -nan:-nan 41185 (46) sec
[749] Ep10000: Max 3823 (2100) steps (0.0006 hrs) -nan:-nan 41232 (47) sec
[750] Ep10000: Max 3823 (2516) steps (0.0007 hrs) -nan:-nan 41279 (47) sec
[751] Ep10000: Max 3823 (1847) steps (0.0005 hrs) -nan:-nan 41325 (46) sec
[752] Ep10000: Max 3823 (2436) steps (0.0007 hrs) -nan:-nan 41372 (47) sec
[753] Ep10000: Max 3823 (2144) steps (0.0006 hrs) -nan:-nan 41419 (47) sec
[754] Ep10000: Max 3823 (2106) steps (0.0006 hrs) -nan:-nan 41464 (45) sec
[755] Ep10000: Max 3823 (2542) steps (0.0007 hrs) -nan:-nan 41511 (47) sec
[756] Ep10000: Max 3823 (1988) steps (0.0006 hrs) -nan:-nan 41557 (46) sec
[757] Ep10000: Max 3823 (2248) steps (0.0006 hrs) -nan:-nan 41603 (46) sec
[758] Ep10000: Max 3823 (2720) steps (0.0008 hrs) -nan:-nan 41650 (47) sec
[759] Ep10000: Max 3823 (2262) steps (0.0006 hrs) -nan:-nan 41696 (46) sec
[760] Ep10000: Max 3823 (2848) steps (0.0008 hrs) -nan:-nan 41742 (46) sec
[761] Ep10000: Max 3823 (2550) steps (0.0007 hrs) -nan:-nan 41788 (46) sec
[762] Ep10000: Max 3823 (2311) steps (0.0006 hrs) -nan:-nan 41835 (47) sec
[763] Ep10000: Max 3823 (2142) steps (0.0006 hrs) -nan:-nan 41880 (45) sec
[764] Ep10000: Max 3823 (2342) steps (0.0007 hrs) -nan:-nan 41926 (46) sec
[765] Ep10000: Max 3823 (2327) steps (0.0006 hrs) -nan:-nan 41972 (46) sec
[766] Ep10000: Max 3823 (2687) steps (0.0007 hrs) -nan:-nan 42018 (46) sec
[767] Ep10000: Max 3823 (2070) steps (0.0006 hrs) -nan:-nan 42064 (46) sec
[768] Ep10000: Max 3823 (2592) steps (0.0007 hrs) -nan:-nan 42110 (46) sec
[769] Ep10000: Max 3823 (2221) steps (0.0006 hrs) -nan:-nan 42157 (47) sec
[770] Ep10000: Max 3823 (2178) steps (0.0006 hrs) -nan:-nan 42204 (47) sec
[771] Ep10000: Max 3823 (2278) steps (0.0006 hrs) -nan:-nan 42250 (46) sec
[772] Ep10000: Max 3823 (2062) steps (0.0006 hrs) -nan:-nan 42296 (46) sec
[773] Ep10000: Max 3823 (2109) steps (0.0006 hrs) -nan:-nan 42342 (46) sec
[774] Ep10000: Max 3823 (2450) steps (0.0007 hrs) -nan:-nan 42388 (46) sec
[775] Ep10000: Max 3823 (2813) steps (0.0008 hrs) -nan:-nan 42434 (46) sec
[776] Ep10000: Max 3823 (1955) steps (0.0005 hrs) -nan:-nan 42480 (46) sec
[777] Ep10000: Max 3823 (2124) steps (0.0006 hrs) -nan:-nan 42526 (46) sec
[778] Ep10000: Max 3823 (2252) steps (0.0006 hrs) -nan:-nan 42573 (47) sec
[779] Ep10000: Max 3823 (2093) steps (0.0006 hrs) -nan:-nan 42619 (46) sec
[780] Ep10000: Max 3823 (2588) steps (0.0007 hrs) -nan:-nan 42665 (46) sec
[781] Ep10000: Max 3823 (2124) steps (0.0006 hrs) -nan:-nan 42711 (46) sec
[782] Ep10000: Max 3823 (2456) steps (0.0007 hrs) -nan:-nan 42757 (46) sec
[783] Ep10000: Max 3823 (3019) steps (0.0008 hrs) -nan:-nan 42804 (47) sec
[784] Ep10000: Max 3823 (2351) steps (0.0007 hrs) -nan:-nan 42849 (45) sec
[785] Ep10000: Max 3823 (2546) steps (0.0007 hrs) -nan:-nan 42896 (47) sec
[786] Ep10000: Max 3823 (2524) steps (0.0007 hrs) -nan:-nan 42942 (46) sec
[787] Ep10000: Max 3823 (1940) steps (0.0005 hrs) -nan:-nan 42989 (47) sec
[788] Ep10000: Max 3823 (2237) steps (0.0006 hrs) -nan:-nan 43035 (46) sec
[789] Ep10000: Max 3823 (2179) steps (0.0006 hrs) -nan:-nan 43081 (46) sec
[790] Ep10000: Max 3823 (2374) steps (0.0007 hrs) -nan:-nan 43127 (46) sec
[791] Ep10000: Max 3823 (2480) steps (0.0007 hrs) -nan:-nan 43173 (46) sec
[792] Ep10000: Max 3823 (2497) steps (0.0007 hrs) -nan:-nan 43219 (46) sec
[793] Ep10000: Max 3823 (1946) steps (0.0005 hrs) -nan:-nan 43266 (47) sec
[794] Ep10000: Max 3823 (1996) steps (0.0006 hrs) -nan:-nan 43315 (49) sec
[795] Ep10000: Max 3823 (2323) steps (0.0006 hrs) -nan:-nan 43361 (46) sec
[796] Ep10000: Max 3823 (1877) steps (0.0005 hrs) -nan:-nan 43408 (47) sec
[797] Ep10000: Max 3823 (2012) steps (0.0006 hrs) -nan:-nan 43455 (47) sec
[798] Ep10000: Max 3823 (2161) steps (0.0006 hrs) -nan:-nan 43500 (45) sec
[799] Ep10000: Max 3823 (1911) steps (0.0005 hrs) -nan:-nan 43546 (46) sec
[800] Ep10000: Max 3823 (2341) steps (0.0007 hrs) -nan:-nan 43592 (46) sec
[801] Ep10000: Max 3823 (2405) steps (0.0007 hrs) -nan:-nan 43639 (47) sec
[802] Ep10000: Max 3823 (2141) steps (0.0006 hrs) -nan:-nan 43684 (45) sec
[803] Ep10000: Max 3823 (2014) steps (0.0006 hrs) -nan:-nan 43730 (46) sec
[804] Ep10000: Max 3823 (2354) steps (0.0007 hrs) -nan:-nan 43775 (45) sec
[805] Ep10000: Max 3823 (2037) steps (0.0006 hrs) -nan:-nan 43821 (46) sec
[806] Ep10000: Max 3823 (2044) steps (0.0006 hrs) -nan:-nan 43867 (46) sec
[807] Ep10000: Max 3823 (2317) steps (0.0006 hrs) -nan:-nan 43913 (46) sec
[808] Ep10000: Max 3823 (2077) steps (0.0006 hrs) -nan:-nan 43958 (45) sec
[809] Ep10000: Max 3823 (1895) steps (0.0005 hrs) -nan:-nan 44004 (46) sec
[810] Ep10000: Max 3823 (1886) steps (0.0005 hrs) -nan:-nan 44049 (45) sec
[811] Ep10000: Max 3823 (2560) steps (0.0007 hrs) -nan:-nan 44096 (47) sec
[812] Ep10000: Max 3823 (2452) steps (0.0007 hrs) -nan:-nan 44142 (46) sec
[813] Ep10000: Max 3823 (2020) steps (0.0006 hrs) -nan:-nan 44189 (47) sec
[814] Ep10000: Max 3823 (2179) steps (0.0006 hrs) -nan:-nan 44235 (46) sec
[815] Ep10000: Max 3823 (2295) steps (0.0006 hrs) -nan:-nan 44281 (46) sec
[816] Ep10000: Max 3823 (2714) steps (0.0008 hrs) -nan:-nan 44327 (46) sec
[817] Ep10000: Max 3823 (2389) steps (0.0007 hrs) -nan:-nan 44374 (47) sec
[818] Ep10000: Max 3823 (2551) steps (0.0007 hrs) -nan:-nan 44420 (46) sec
[819] Ep10000: Max 3823 (2851) steps (0.0008 hrs) -nan:-nan 44474 (54) sec
[820] Ep10000: Max 3823 (2076) steps (0.0006 hrs) -nan:-nan 44535 (61) sec
[821] Ep10000: Max 3823 (2098) steps (0.0006 hrs) -nan:-nan 44593 (58) sec
[822] Ep10000: Max 3823 (2225) steps (0.0006 hrs) -nan:-nan 44648 (55) sec
[823] Ep10000: Max 3823 (2171) steps (0.0006 hrs) -nan:-nan 44703 (55) sec
[824] Ep10000: Max 3823 (1801) steps (0.0005 hrs) -nan:-nan 44756 (53) sec
[825] Ep10000: Max 3823 (2112) steps (0.0006 hrs) -nan:-nan 44809 (53) sec
[826] Ep10000: Max 3823 (2799) steps (0.0008 hrs) -nan:-nan 44865 (56) sec
[827] Ep10000: Max 3823 (2127) steps (0.0006 hrs) -nan:-nan 44920 (55) sec
[828] Ep10000: Max 3823 (2540) steps (0.0007 hrs) -nan:-nan 44977 (57) sec
[829] Ep10000: Max 3823 (2365) steps (0.0007 hrs) -nan:-nan 45030 (53) sec
[830] Ep10000: Max 3823 (1983) steps (0.0006 hrs) -nan:-nan 45085 (55) sec
[831] Ep10000: Max 3823 (2167) steps (0.0006 hrs) -nan:-nan 45142 (57) sec
[832] Ep10000: Max 3823 (2096) steps (0.0006 hrs) -nan:-nan 45199 (57) sec
[833] Ep10000: Max 3823 (2714) steps (0.0008 hrs) -nan:-nan 45254 (55) sec
[834] Ep10000: Max 3823 (2468) steps (0.0007 hrs) -nan:-nan 45304 (50) sec
[835] Ep10000: Max 3823 (2532) steps (0.0007 hrs) -nan:-nan 45359 (55) sec
[836] Ep10000: Max 3823 (2807) steps (0.0008 hrs) -nan:-nan 45413 (54) sec
[837] Ep10000: Max 3823 (2200) steps (0.0006 hrs) -nan:-nan 45468 (55) sec
[838] Ep10000: Max 3823 (2363) steps (0.0007 hrs) -nan:-nan 45522 (54) sec
[839] Ep10000: Max 3823 (2178) steps (0.0006 hrs) -nan:-nan 45579 (57) sec
[840] Ep10000: Max 3823 (3261) steps (0.0009 hrs) -nan:-nan 45637 (58) sec
[841] Ep10000: Max 3823 (2795) steps (0.0008 hrs) -nan:-nan 45693 (56) sec
[842] Ep10000: Max 3823 (1953) steps (0.0005 hrs) -nan:-nan 45747 (54) sec
[843] Ep10000: Max 3823 (2051) steps (0.0006 hrs) -nan:-nan 45802 (55) sec
[844] Ep10000: Max 3823 (2005) steps (0.0006 hrs) -nan:-nan 45884 (82) sec
[845] Ep10000: Max 3823 (2640) steps (0.0007 hrs) -nan:-nan 45980 (96) sec
[846] Ep10000: Max 3823 (3488) steps (0.0010 hrs) -nan:-nan 46086 (106) sec
[847] Ep10000: Max 3823 (2067) steps (0.0006 hrs) -nan:-nan 46185 (99) sec
[848] Ep10000: Max 3823 (2054) steps (0.0006 hrs) -nan:-nan 46231 (46) sec
[849] Ep10000: Max 3823 (1939) steps (0.0005 hrs) -nan:-nan 46277 (46) sec
[850] Ep10000: Max 3823 (2351) steps (0.0007 hrs) -nan:-nan 46323 (46) sec
[851] Ep10000: Max 3823 (2104) steps (0.0006 hrs) -nan:-nan 46369 (46) sec
[852] Ep10000: Max 3823 (2623) steps (0.0007 hrs) -nan:-nan 46416 (47) sec
[853] Ep10000: Max 3823 (1823) steps (0.0005 hrs) -nan:-nan 46462 (46) sec
[854] Ep10000: Max 3823 (2215) steps (0.0006 hrs) -nan:-nan 46507 (45) sec
[855] Ep10000: Max 3823 (1908) steps (0.0005 hrs) -nan:-nan 46554 (47) sec
[856] Ep10000: Max 3823 (2340) steps (0.0007 hrs) -nan:-nan 46600 (46) sec
[857] Ep10000: Max 3823 (2365) steps (0.0007 hrs) -nan:-nan 46646 (46) sec
[858] Ep10000: Max 3823 (2450) steps (0.0007 hrs) -nan:-nan 46692 (46) sec
[859] Ep10000: Max 3823 (2470) steps (0.0007 hrs) -nan:-nan 46738 (46) sec
[860] Ep10000: Max 3823 (2149) steps (0.0006 hrs) -nan:-nan 46785 (47) sec
[861] Ep10000: Max 3823 (2170) steps (0.0006 hrs) -nan:-nan 46831 (46) sec
[862] Ep10000: Max 3823 (2444) steps (0.0007 hrs) -nan:-nan 46877 (46) sec
[863] Ep10000: Max 3823 (2383) steps (0.0007 hrs) -nan:-nan 46923 (46) sec
[864] Ep10000: Max 3823 (3002) steps (0.0008 hrs) -nan:-nan 46970 (47) sec
[865] Ep10000: Max 3823 (2199) steps (0.0006 hrs) -nan:-nan 47016 (46) sec
[866] Ep10000: Max 3823 (2982) steps (0.0008 hrs) -nan:-nan 47063 (47) sec
[867] Ep10000: Max 3823 (2363) steps (0.0007 hrs) -nan:-nan 47110 (47) sec
[868] Ep10000: Max 3823 (1970) steps (0.0005 hrs) -nan:-nan 47158 (48) sec
[869] Ep10000: Max 3823 (2503) steps (0.0007 hrs) -nan:-nan 47204 (46) sec
[870] Ep10000: Max 3823 (2118) steps (0.0006 hrs) -nan:-nan 47249 (45) sec
[871] Ep10000: Max 3823 (2328) steps (0.0006 hrs) -nan:-nan 47295 (46) sec
[872] Ep10000: Max 3823 (3125) steps (0.0009 hrs) -nan:-nan 47341 (46) sec
[873] Ep10000: Max 3823 (2216) steps (0.0006 hrs) -nan:-nan 47388 (47) sec
[874] Ep10000: Max 3823 (1884) steps (0.0005 hrs) -nan:-nan 47434 (46) sec
[875] Ep10000: Max 3823 (2503) steps (0.0007 hrs) -nan:-nan 47481 (47) sec
[876] Ep10000: Max 3823 (2412) steps (0.0007 hrs) -nan:-nan 47526 (45) sec
[877] Ep10000: Max 3823 (2397) steps (0.0007 hrs) -nan:-nan 47573 (47) sec
[878] Ep10000: Max 3823 (2787) steps (0.0008 hrs) -nan:-nan 47619 (46) sec
[879] Ep10000: Max 3823 (1901) steps (0.0005 hrs) -nan:-nan 47665 (46) sec
[880] Ep10000: Max 3823 (1887) steps (0.0005 hrs) -nan:-nan 47711 (46) sec
[881] Ep10000: Max 3823 (1924) steps (0.0005 hrs) -nan:-nan 47756 (45) sec
[882] Ep10000: Max 3823 (2857) steps (0.0008 hrs) -nan:-nan 47804 (48) sec
[883] Ep10000: Max 3823 (2272) steps (0.0006 hrs) -nan:-nan 47849 (45) sec
[884] Ep10000: Max 3823 (2288) steps (0.0006 hrs) -nan:-nan 47896 (47) sec
[885] Ep10000: Max 3823 (1688) steps (0.0005 hrs) -nan:-nan 47941 (45) sec
[886] Ep10000: Max 3823 (2087) steps (0.0006 hrs) -nan:-nan 47987 (46) sec
[887] Ep10000: Max 3823 (2643) steps (0.0007 hrs) -nan:-nan 48036 (49) sec
[888] Ep10000: Max 3823 (2921) steps (0.0008 hrs) -nan:-nan 48082 (46) sec
[889] Ep10000: Max 3823 (1973) steps (0.0005 hrs) -nan:-nan 48129 (47) sec
[890] Ep10000: Max 3823 (2119) steps (0.0006 hrs) -nan:-nan 48174 (45) sec
[891] Ep10000: Max 3823 (2370) steps (0.0007 hrs) -nan:-nan 48219 (45) sec
[892] Ep10000: Max 3823 (2579) steps (0.0007 hrs) -nan:-nan 48265 (46) sec
[893] Ep10000: Max 3823 (2570) steps (0.0007 hrs) -nan:-nan 48312 (47) sec
[894] Ep10000: Max 3823 (2507) steps (0.0007 hrs) -nan:-nan 48357 (45) sec
[895] Ep10000: Max 3823 (1897) steps (0.0005 hrs) -nan:-nan 48404 (47) sec
[896] Ep10000: Max 3823 (2718) steps (0.0008 hrs) -nan:-nan 48451 (47) sec
[897] Ep10000: Max 3823 (2499) steps (0.0007 hrs) -nan:-nan 48497 (46) sec
[898] Ep10000: Max 3823 (2172) steps (0.0006 hrs) -nan:-nan 48543 (46) sec
[899] Ep10000: Max 3823 (2311) steps (0.0006 hrs) -nan:-nan 48589 (46) sec
[900] Ep10000: Max 3823 (2068) steps (0.0006 hrs) -nan:-nan 48635 (46) sec
[901] Ep10000: Max 3823 (2005) steps (0.0006 hrs) -nan:-nan 48681 (46) sec
[902] Ep10000: Max 3823 (2438) steps (0.0007 hrs) -nan:-nan 48727 (46) sec
[903] Ep10000: Max 3823 (2525) steps (0.0007 hrs) -nan:-nan 48772 (45) sec
[904] Ep10000: Max 3823 (2428) steps (0.0007 hrs) -nan:-nan 48818 (46) sec
[905] Ep10000: Max 3823 (1941) steps (0.0005 hrs) -nan:-nan 48865 (47) sec
[906] Ep10000: Max 3823 (2230) steps (0.0006 hrs) -nan:-nan 48912 (47) sec
[907] Ep10000: Max 3823 (1880) steps (0.0005 hrs) -nan:-nan 48961 (49) sec
[908] Ep10000: Max 3823 (1946) steps (0.0005 hrs) -nan:-nan 49007 (46) sec
[909] Ep10000: Max 3823 (2540) steps (0.0007 hrs) -nan:-nan 49053 (46) sec
[910] Ep10000: Max 3823 (2366) steps (0.0007 hrs) -nan:-nan 49099 (46) sec
[911] Ep10000: Max 3823 (2146) steps (0.0006 hrs) -nan:-nan 49145 (46) sec
[912] Ep10000: Max 3823 (2156) steps (0.0006 hrs) -nan:-nan 49191 (46) sec
[913] Ep10000: Max 3823 (2029) steps (0.0006 hrs) -nan:-nan 49236 (45) sec
[914] Ep10000: Max 3823 (2064) steps (0.0006 hrs) -nan:-nan 49283 (47) sec
[915] Ep10000: Max 3823 (2995) steps (0.0008 hrs) -nan:-nan 49329 (46) sec
[916] Ep10000: Max 3823 (2147) steps (0.0006 hrs) -nan:-nan 49379 (50) sec
[917] Ep10000: Max 3823 (2130) steps (0.0006 hrs) -nan:-nan 49424 (45) sec
[918] Ep10000: Max 3823 (2487) steps (0.0007 hrs) -nan:-nan 49470 (46) sec
[919] Ep10000: Max 3823 (2138) steps (0.0006 hrs) -nan:-nan 49517 (47) sec
[920] Ep10000: Max 3823 (2227) steps (0.0006 hrs) -nan:-nan 49564 (47) sec
[921] Ep10000: Max 3823 (1976) steps (0.0005 hrs) -nan:-nan 49611 (47) sec
[922] Ep10000: Max 3823 (2777) steps (0.0008 hrs) -nan:-nan 49658 (47) sec
[923] Ep10000: Max 3823 (1867) steps (0.0005 hrs) -nan:-nan 49704 (46) sec
[924] Ep10000: Max 3823 (2452) steps (0.0007 hrs) -nan:-nan 49758 (54) sec
[925] Ep10000: Max 3823 (2578) steps (0.0007 hrs) -nan:-nan 49826 (68) sec
[926] Ep10000: Max 3823 (2415) steps (0.0007 hrs) -nan:-nan 49894 (68) sec
[927] Ep10000: Max 3823 (2060) steps (0.0006 hrs) -nan:-nan 49955 (61) sec
[928] Ep10000: Max 3823 (2151) steps (0.0006 hrs) -nan:-nan 50060 (105) sec
[929] Ep10000: Max 3823 (2030) steps (0.0006 hrs) -nan:-nan 50161 (101) sec
[930] Ep10000: Max 3823 (2130) steps (0.0006 hrs) -nan:-nan 50222 (61) sec
[931] Ep10000: Max 3823 (2219) steps (0.0006 hrs) -nan:-nan 50267 (45) sec
[932] Ep10000: Max 3823 (2657) steps (0.0007 hrs) -nan:-nan 50314 (47) sec
[933] Ep10000: Max 3823 (2167) steps (0.0006 hrs) -nan:-nan 50360 (46) sec
[934] Ep10000: Max 3823 (2225) steps (0.0006 hrs) -nan:-nan 50406 (46) sec
[935] Ep10000: Max 3823 (2279) steps (0.0006 hrs) -nan:-nan 50452 (46) sec
[936] Ep10000: Max 3823 (2124) steps (0.0006 hrs) -nan:-nan 50498 (46) sec
[937] Ep10000: Max 3823 (2204) steps (0.0006 hrs) -nan:-nan 50543 (45) sec
[938] Ep10000: Max 3823 (2455) steps (0.0007 hrs) -nan:-nan 50590 (47) sec
[939] Ep10000: Max 3823 (2090) steps (0.0006 hrs) -nan:-nan 50638 (48) sec
[940] Ep10000: Max 3823 (2155) steps (0.0006 hrs) -nan:-nan 50685 (47) sec
[941] Ep10000: Max 3823 (2184) steps (0.0006 hrs) -nan:-nan 50731 (46) sec
[942] Ep10000: Max 3823 (2356) steps (0.0007 hrs) -nan:-nan 50777 (46) sec
[943] Ep10000: Max 3823 (2427) steps (0.0007 hrs) -nan:-nan 50823 (46) sec
[944] Ep10000: Max 3823 (2418) steps (0.0007 hrs) -nan:-nan 50869 (46) sec
[945] Ep10000: Max 3823 (3033) steps (0.0008 hrs) -nan:-nan 50915 (46) sec
[946] Ep10000: Max 3823 (2767) steps (0.0008 hrs) -nan:-nan 50960 (45) sec
[947] Ep10000: Max 3823 (2708) steps (0.0008 hrs) -nan:-nan 51005 (45) sec
[948] Ep10000: Max 3823 (2262) steps (0.0006 hrs) -nan:-nan 51051 (46) sec
[949] Ep10000: Max 3823 (2195) steps (0.0006 hrs) -nan:-nan 51097 (46) sec
[950] Ep10000: Max 3823 (2724) steps (0.0008 hrs) -nan:-nan 51143 (46) sec
[951] Ep10000: Max 3823 (2423) steps (0.0007 hrs) -nan:-nan 51189 (46) sec
[952] Ep10000: Max 3823 (2548) steps (0.0007 hrs) -nan:-nan 51236 (47) sec
[953] Ep10000: Max 3823 (2427) steps (0.0007 hrs) -nan:-nan 51286 (50) sec
[954] Ep10000: Max 3823 (2265) steps (0.0006 hrs) -nan:-nan 51332 (46) sec
[955] Ep10000: Max 3823 (2465) steps (0.0007 hrs) -nan:-nan 51381 (49) sec
[956] Ep10000: Max 3823 (2168) steps (0.0006 hrs) -nan:-nan 51427 (46) sec
[957] Ep10000: Max 3823 (2926) steps (0.0008 hrs) -nan:-nan 51473 (46) sec
[958] Ep10000: Max 3823 (2086) steps (0.0006 hrs) -nan:-nan 51520 (47) sec
[959] Ep10000: Max 3823 (2177) steps (0.0006 hrs) -nan:-nan 51565 (45) sec
[960] Ep10000: Max 3823 (2044) steps (0.0006 hrs) -nan:-nan 51611 (46) sec
[961] Ep10000: Max 3823 (2269) steps (0.0006 hrs) -nan:-nan 51657 (46) sec
[962] Ep10000: Max 3823 (1980) steps (0.0006 hrs) -nan:-nan 51703 (46) sec
[963] Ep10000: Max 3823 (2179) steps (0.0006 hrs) -nan:-nan 51752 (49) sec
[964] Ep10000: Max 3823 (1784) steps (0.0005 hrs) -nan:-nan 51798 (46) sec
[965] Ep10000: Max 3823 (2054) steps (0.0006 hrs) -nan:-nan 51844 (46) sec
[966] Ep10000: Max 3823 (2057) steps (0.0006 hrs) -nan:-nan 51890 (46) sec
[967] Ep10000: Max 3823 (2116) steps (0.0006 hrs) -nan:-nan 51936 (46) sec
[968] Ep10000: Max 3823 (2373) steps (0.0007 hrs) -nan:-nan 51981 (45) sec
[969] Ep10000: Max 3823 (1888) steps (0.0005 hrs) -nan:-nan 52027 (46) sec
[970] Ep10000: Max 3823 (2282) steps (0.0006 hrs) -nan:-nan 52072 (45) sec
[971] Ep10000: Max 3823 (2298) steps (0.0006 hrs) -nan:-nan 52118 (46) sec
[972] Ep10000: Max 3823 (2044) steps (0.0006 hrs) -nan:-nan 52163 (45) sec
[973] Ep10000: Max 3823 (2074) steps (0.0006 hrs) -nan:-nan 52209 (46) sec
[974] Ep10000: Max 3823 (2078) steps (0.0006 hrs) -nan:-nan 52255 (46) sec
[975] Ep10000: Max 3823 (2115) steps (0.0006 hrs) -nan:-nan 52300 (45) sec
[976] Ep10000: Max 3823 (2222) steps (0.0006 hrs) -nan:-nan 52345 (45) sec
[977] Ep10000: Max 3823 (3002) steps (0.0008 hrs) -nan:-nan 52392 (47) sec
[978] Ep10000: Max 3823 (2410) steps (0.0007 hrs) -nan:-nan 52438 (46) sec
[979] Ep10000: Max 3823 (2479) steps (0.0007 hrs) -nan:-nan 52483 (45) sec
[980] Ep10000: Max 3823 (2265) steps (0.0006 hrs) -nan:-nan 52533 (50) sec
[981] Ep10000: Max 3823 (2369) steps (0.0007 hrs) -nan:-nan 52579 (46) sec
[982] Ep10000: Max 3823 (2469) steps (0.0007 hrs) -nan:-nan 52626 (47) sec
[983] Ep10000: Max 3823 (1888) steps (0.0005 hrs) -nan:-nan 52672 (46) sec
[984] Ep10000: Max 3823 (2450) steps (0.0007 hrs) -nan:-nan 52718 (46) sec
[985] Ep10000: Max 3823 (2595) steps (0.0007 hrs) -nan:-nan 52765 (47) sec
[986] Ep10000: Max 3823 (2242) steps (0.0006 hrs) -nan:-nan 52811 (46) sec
[987] Ep10000: Max 3823 (2471) steps (0.0007 hrs) -nan:-nan 52858 (47) sec
[988] Ep10000: Max 3823 (1947) steps (0.0005 hrs) -nan:-nan 52904 (46) sec
[989] Ep10000: Max 3823 (2071) steps (0.0006 hrs) -nan:-nan 52950 (46) sec
[990] Ep10000: Max 3823 (2070) steps (0.0006 hrs) -nan:-nan 52997 (47) sec
[991] Ep10000: Max 3823 (2303) steps (0.0006 hrs) -nan:-nan 53043 (46) sec
[992] Ep10000: Max 3823 (2170) steps (0.0006 hrs) -nan:-nan 53089 (46) sec
[993] Ep10000: Max 3823 (2295) steps (0.0006 hrs) -nan:-nan 53135 (46) sec
[994] Ep10000: Max 3823 (2673) steps (0.0007 hrs) -nan:-nan 53180 (45) sec
[995] Ep10000: Max 3823 (2319) steps (0.0006 hrs) -nan:-nan 53226 (46) sec
[996] Ep10000: Max 3823 (2245) steps (0.0006 hrs) -nan:-nan 53273 (47) sec
[997] Ep10000: Max 3823 (2494) steps (0.0007 hrs) -nan:-nan 53318 (45) sec
[998] Ep10000: Max 3823 (2161) steps (0.0006 hrs) -nan:-nan 53364 (46) sec
[999] Ep10000: Max 3823 (2241) steps (0.0006 hrs) -nan:-nan 53410 (46) sec
[1000] Ep10000: Max 3823 (2268) steps (0.0006 hrs) -nan:-nan 53456 (46) sec
Total Elapsed time: 53456 seconds
Wrote current data to latest.train
