balanced 0 test_flag 0
[1] Ep10000: Max 2017 (2017) steps (0.0006 hrs) -nan:-nan 47 (47) sec
[2] Ep10000: Max 2261 (2261) steps (0.0006 hrs) -nan:-nan 107 (60) sec
[3] Ep10000: Max 2261 (1645) steps (0.0005 hrs) -nan:-nan 135 (28) sec
[4] Ep10000: Max 2261 (1459) steps (0.0004 hrs) -nan:-nan 152 (17) sec
[5] Ep10000: Max 2261 (1142) steps (0.0003 hrs) -nan:-nan 170 (18) sec
[6] Ep10000: Max 2341 (2341) steps (0.0007 hrs) -nan:-nan 214 (44) sec
[7] Ep10000: Max 2341 (2145) steps (0.0006 hrs) -nan:-nan 259 (45) sec
[8] Ep10000: Max 2341 (155) steps (0.0000 hrs) -nan:-nan 271 (12) sec
[9] Ep10000: Max 2341 (1824) steps (0.0005 hrs) -nan:-nan 299 (28) sec
[10] Ep10000: Max 2341 (1994) steps (0.0006 hrs) -nan:-nan 347 (48) sec
[11] Ep10000: Max 2341 (1558) steps (0.0004 hrs) -nan:-nan 373 (26) sec
[12] Ep10000: Max 2341 (1966) steps (0.0005 hrs) -nan:-nan 438 (65) sec
[13] Ep10000: Max 2370 (2370) steps (0.0007 hrs) -nan:-nan 494 (56) sec
[14] Ep10000: Max 2370 (1967) steps (0.0005 hrs) -nan:-nan 559 (65) sec
[15] Ep10000: Max 2370 (454) steps (0.0001 hrs) -nan:-nan 581 (22) sec
[16] Ep10000: Max 2370 (1365) steps (0.0004 hrs) -nan:-nan 602 (21) sec
[17] Ep10000: Max 2370 (1335) steps (0.0004 hrs) -nan:-nan 636 (34) sec
[18] Ep10000: Max 2370 (1658) steps (0.0005 hrs) -nan:-nan 698 (62) sec
[19] Ep10000: Max 2677 (2677) steps (0.0007 hrs) -nan:-nan 759 (61) sec
[20] Ep10000: Max 2677 (1738) steps (0.0005 hrs) -nan:-nan 778 (19) sec
[21] Ep10000: Max 2677 (367) steps (0.0001 hrs) -nan:-nan 797 (19) sec
[22] Ep10000: Max 2677 (1768) steps (0.0005 hrs) -nan:-nan 855 (58) sec
[23] Ep10000: Max 2677 (1328) steps (0.0004 hrs) -nan:-nan 888 (33) sec
[24] Ep10000: Max 2933 (2933) steps (0.0008 hrs) -nan:-nan 986 (98) sec
[25] Ep10000: Max 2933 (2118) steps (0.0006 hrs) -nan:-nan 1058 (72) sec
[26] Ep10000: Max 2933 (2529) steps (0.0007 hrs) -nan:-nan 1121 (63) sec
[27] Ep10000: Max 2933 (836) steps (0.0002 hrs) -nan:-nan 1138 (17) sec
[28] Ep10000: Max 2933 (1172) steps (0.0003 hrs) -nan:-nan 1161 (23) sec
[29] Ep10000: Max 2933 (671) steps (0.0002 hrs) -nan:-nan 1178 (17) sec
[30] Ep10000: Max 2933 (2860) steps (0.0008 hrs) -nan:-nan 1220 (42) sec
[31] Ep10000: Max 2933 (2102) steps (0.0006 hrs) -nan:-nan 1291 (71) sec
[32] Ep10000: Max 2933 (1130) steps (0.0003 hrs) -nan:-nan 1318 (27) sec
[33] Ep10000: Max 2933 (2064) steps (0.0006 hrs) -nan:-nan 1404 (86) sec
[34] Ep10000: Max 2933 (1832) steps (0.0005 hrs) -nan:-nan 1515 (111) sec
[35] Ep10000: Max 2933 (1287) steps (0.0004 hrs) -nan:-nan 1556 (41) sec
[36] Ep10000: Max 2933 (2107) steps (0.0006 hrs) -nan:-nan 1656 (100) sec
[37] Ep10000: Max 2933 (2120) steps (0.0006 hrs) -nan:-nan 1754 (98) sec
[38] Ep10000: Max 2933 (1983) steps (0.0006 hrs) -nan:-nan 1863 (109) sec
[39] Ep10000: Max 2933 (2373) steps (0.0007 hrs) -nan:-nan 1951 (88) sec
[40] Ep10000: Max 2933 (1684) steps (0.0005 hrs) -nan:-nan 1997 (46) sec
[41] Ep10000: Max 2933 (2237) steps (0.0006 hrs) -nan:-nan 2070 (73) sec
[42] Ep10000: Max 2933 (1339) steps (0.0004 hrs) -nan:-nan 2111 (41) sec
[43] Ep10000: Max 2933 (1673) steps (0.0005 hrs) -nan:-nan 2164 (53) sec
[44] Ep10000: Max 2933 (1991) steps (0.0006 hrs) -nan:-nan 2222 (58) sec
[45] Ep10000: Max 2933 (1823) steps (0.0005 hrs) -nan:-nan 2311 (89) sec
[46] Ep10000: Max 2933 (1765) steps (0.0005 hrs) -nan:-nan 2353 (42) sec
[47] Ep10000: Max 2933 (1297) steps (0.0004 hrs) -nan:-nan 2399 (46) sec
[48] Ep10000: Max 2933 (876) steps (0.0002 hrs) -nan:-nan 2430 (31) sec
[49] Ep10000: Max 2933 (1298) steps (0.0004 hrs) -nan:-nan 2459 (29) sec
[50] Ep10000: Max 2933 (1845) steps (0.0005 hrs) -nan:-nan 2501 (42) sec
[51] Ep10000: Max 2933 (2621) steps (0.0007 hrs) -nan:-nan 2605 (104) sec
[52] Ep10000: Max 2933 (2604) steps (0.0007 hrs) -nan:-nan 2707 (102) sec
[53] Ep10000: Max 2933 (1459) steps (0.0004 hrs) -nan:-nan 2746 (39) sec
[54] Ep10000: Max 2933 (2856) steps (0.0008 hrs) -nan:-nan 2823 (77) sec
[55] Ep10000: Max 2933 (2469) steps (0.0007 hrs) -nan:-nan 2905 (82) sec
[56] Ep10000: Max 2933 (335) steps (0.0001 hrs) -nan:-nan 2925 (20) sec
[57] Ep10000: Max 2933 (1679) steps (0.0005 hrs) -nan:-nan 2955 (30) sec
[58] Ep10000: Max 2933 (664) steps (0.0002 hrs) -nan:-nan 2978 (23) sec
[59] Ep10000: Max 2933 (786) steps (0.0002 hrs) -nan:-nan 3002 (24) sec
[60] Ep10000: Max 2933 (203) steps (0.0001 hrs) -nan:-nan 3028 (26) sec
[61] Ep10000: Max 2933 (1262) steps (0.0004 hrs) -nan:-nan 3052 (24) sec
[62] Ep10000: Max 2933 (220) steps (0.0001 hrs) -nan:-nan 3078 (26) sec
[63] Ep10000: Max 2933 (1699) steps (0.0005 hrs) -nan:-nan 3122 (44) sec
[64] Ep10000: Max 2933 (665) steps (0.0002 hrs) -nan:-nan 3153 (31) sec
[65] Ep10000: Max 2933 (291) steps (0.0001 hrs) -nan:-nan 3190 (37) sec
[66] Ep10000: Max 2933 (1359) steps (0.0004 hrs) -nan:-nan 3227 (37) sec
[67] Ep10000: Max 2933 (2137) steps (0.0006 hrs) -nan:-nan 3310 (83) sec
[68] Ep10000: Max 2933 (972) steps (0.0003 hrs) -nan:-nan 3334 (24) sec
[69] Ep10000: Max 2933 (464) steps (0.0001 hrs) -nan:-nan 3361 (27) sec
[70] Ep10000: Max 2933 (1036) steps (0.0003 hrs) -nan:-nan 3391 (30) sec
[71] Ep10000: Max 2933 (1426) steps (0.0004 hrs) -nan:-nan 3429 (38) sec
[72] Ep10000: Max 2933 (85) steps (0.0000 hrs) -nan:-nan 3450 (21) sec
[73] Ep10000: Max 2933 (2180) steps (0.0006 hrs) -nan:-nan 3521 (71) sec
[74] Ep10000: Max 2933 (2277) steps (0.0006 hrs) -nan:-nan 3610 (89) sec
[75] Ep10000: Max 2933 (2717) steps (0.0008 hrs) -nan:-nan 3677 (67) sec
[76] Ep10000: Max 2933 (323) steps (0.0001 hrs) -nan:-nan 3698 (21) sec
[77] Ep10000: Max 2933 (1288) steps (0.0004 hrs) -nan:-nan 3717 (19) sec
[78] Ep10000: Max 2933 (1950) steps (0.0005 hrs) -nan:-nan 3751 (34) sec
[79] Ep10000: Max 2933 (1869) steps (0.0005 hrs) -nan:-nan 3847 (96) sec
[80] Ep10000: Max 2933 (759) steps (0.0002 hrs) -nan:-nan 3875 (28) sec
[81] Ep10000: Max 2933 (669) steps (0.0002 hrs) -nan:-nan 3903 (28) sec
[82] Ep10000: Max 2933 (559) steps (0.0002 hrs) -nan:-nan 3928 (25) sec
[83] Ep10000: Max 2933 (258) steps (0.0001 hrs) -nan:-nan 3951 (23) sec
[84] Ep10000: Max 2933 (1539) steps (0.0004 hrs) -nan:-nan 3991 (40) sec
[85] Ep10000: Max 2933 (1855) steps (0.0005 hrs) -nan:-nan 4036 (45) sec
[86] Ep10000: Max 2933 (1606) steps (0.0004 hrs) -nan:-nan 4085 (49) sec
[87] Ep10000: Max 2933 (2640) steps (0.0007 hrs) -nan:-nan 4159 (74) sec
[88] Ep10000: Max 2933 (456) steps (0.0001 hrs) -nan:-nan 4184 (25) sec
[89] Ep10000: Max 2933 (1023) steps (0.0003 hrs) -nan:-nan 4218 (34) sec
[90] Ep10000: Max 2933 (2131) steps (0.0006 hrs) -nan:-nan 4346 (128) sec
[91] Ep10000: Max 2933 (1472) steps (0.0004 hrs) -nan:-nan 4390 (44) sec
[92] Ep10000: Max 2933 (2189) steps (0.0006 hrs) -nan:-nan 4470 (80) sec
[93] Ep10000: Max 2933 (2650) steps (0.0007 hrs) -nan:-nan 4532 (62) sec
[94] Ep10000: Max 2933 (1714) steps (0.0005 hrs) -nan:-nan 4568 (36) sec
[95] Ep10000: Max 2933 (2125) steps (0.0006 hrs) -nan:-nan 4677 (109) sec
[96] Ep10000: Max 2933 (1162) steps (0.0003 hrs) -nan:-nan 4712 (35) sec
[97] Ep10000: Max 2933 (1340) steps (0.0004 hrs) -nan:-nan 4752 (40) sec
[98] Ep10000: Max 2933 (1821) steps (0.0005 hrs) -nan:-nan 4831 (79) sec
[99] Ep10000: Max 2933 (599) steps (0.0002 hrs) -nan:-nan 4846 (15) sec
[100] Ep10000: Max 2933 (863) steps (0.0002 hrs) -nan:-nan 4863 (17) sec
[101] Ep10000: Max 2933 (2576) steps (0.0007 hrs) -nan:-nan 4920 (57) sec
[102] Ep10000: Max 2933 (595) steps (0.0002 hrs) -nan:-nan 4935 (15) sec
[103] Ep10000: Max 2933 (1999) steps (0.0006 hrs) -nan:-nan 4960 (25) sec
[104] Ep10000: Max 2933 (685) steps (0.0002 hrs) -nan:-nan 4975 (15) sec
[105] Ep10000: Max 2933 (2444) steps (0.0007 hrs) -nan:-nan 5030 (55) sec
[106] Ep10000: Max 2933 (2198) steps (0.0006 hrs) -nan:-nan 5087 (57) sec
[107] Ep10000: Max 2933 (2209) steps (0.0006 hrs) -nan:-nan 5141 (54) sec
[108] Ep10000: Max 2933 (1109) steps (0.0003 hrs) -nan:-nan 5160 (19) sec
[109] Ep10000: Max 2933 (1112) steps (0.0003 hrs) -nan:-nan 5175 (15) sec
[110] Ep10000: Max 2933 (2313) steps (0.0006 hrs) -nan:-nan 5224 (49) sec
[111] Ep10000: Max 2933 (1962) steps (0.0005 hrs) -nan:-nan 5277 (53) sec
[112] Ep10000: Max 2933 (1472) steps (0.0004 hrs) -nan:-nan 5296 (19) sec
[113] Ep10000: Max 2933 (830) steps (0.0002 hrs) -nan:-nan 5310 (14) sec
[114] Ep10000: Max 2933 (1802) steps (0.0005 hrs) -nan:-nan 5326 (16) sec
[115] Ep10000: Max 2933 (2194) steps (0.0006 hrs) -nan:-nan 5370 (44) sec
[116] Ep10000: Max 2933 (1767) steps (0.0005 hrs) -nan:-nan 5390 (20) sec
[117] Ep10000: Max 2933 (2629) steps (0.0007 hrs) -nan:-nan 5441 (51) sec
[118] Ep10000: Max 2933 (1465) steps (0.0004 hrs) -nan:-nan 5455 (14) sec
[119] Ep10000: Max 2933 (2331) steps (0.0006 hrs) -nan:-nan 5497 (42) sec
[120] Ep10000: Max 2933 (2639) steps (0.0007 hrs) -nan:-nan 5544 (47) sec
[121] Ep10000: Max 2933 (2056) steps (0.0006 hrs) -nan:-nan 5586 (42) sec
[122] Ep10000: Max 2933 (687) steps (0.0002 hrs) -nan:-nan 5603 (17) sec
[123] Ep10000: Max 2933 (160) steps (0.0000 hrs) -nan:-nan 5617 (14) sec
[124] Ep10000: Max 2933 (327) steps (0.0001 hrs) -nan:-nan 5631 (14) sec
[125] Ep10000: Max 2933 (1937) steps (0.0005 hrs) -nan:-nan 5681 (50) sec
[126] Ep10000: Max 2933 (2228) steps (0.0006 hrs) -nan:-nan 5726 (45) sec
[127] Ep10000: Max 2933 (1949) steps (0.0005 hrs) -nan:-nan 5765 (39) sec
[128] Ep10000: Max 2933 (956) steps (0.0003 hrs) -nan:-nan 5779 (14) sec
[129] Ep10000: Max 2933 (1069) steps (0.0003 hrs) -nan:-nan 5792 (13) sec
[130] Ep10000: Max 2933 (247) steps (0.0001 hrs) -nan:-nan 5805 (13) sec
[131] Ep10000: Max 2933 (2530) steps (0.0007 hrs) -nan:-nan 5857 (52) sec
[132] Ep10000: Max 2933 (2258) steps (0.0006 hrs) -nan:-nan 5901 (44) sec
[133] Ep10000: Max 2933 (2279) steps (0.0006 hrs) -nan:-nan 5947 (46) sec
[134] Ep10000: Max 2933 (529) steps (0.0001 hrs) -nan:-nan 5960 (13) sec
[135] Ep10000: Max 2933 (2201) steps (0.0006 hrs) -nan:-nan 5982 (22) sec
[136] Ep10000: Max 2933 (1942) steps (0.0005 hrs) -nan:-nan 6020 (38) sec
[137] Ep10000: Max 2933 (2032) steps (0.0006 hrs) -nan:-nan 6061 (41) sec
[138] Ep10000: Max 2933 (405) steps (0.0001 hrs) -nan:-nan 6074 (13) sec
[139] Ep10000: Max 2933 (1134) steps (0.0003 hrs) -nan:-nan 6089 (15) sec
[140] Ep10000: Max 2933 (537) steps (0.0001 hrs) -nan:-nan 6102 (13) sec
[141] Ep10000: Max 2933 (2246) steps (0.0006 hrs) -nan:-nan 6149 (47) sec
[142] Ep10000: Max 2933 (2400) steps (0.0007 hrs) -nan:-nan 6193 (44) sec
[143] Ep10000: Max 2933 (751) steps (0.0002 hrs) -nan:-nan 6209 (16) sec
[144] Ep10000: Max 2933 (251) steps (0.0001 hrs) -nan:-nan 6222 (13) sec
[145] Ep10000: Max 2933 (1118) steps (0.0003 hrs) -nan:-nan 6235 (13) sec
[146] Ep10000: Max 2933 (2275) steps (0.0006 hrs) -nan:-nan 6285 (50) sec
[147] Ep10000: Max 2969 (2969) steps (0.0008 hrs) -nan:-nan 6324 (39) sec
[148] Ep10000: Max 2969 (2556) steps (0.0007 hrs) -nan:-nan 6370 (46) sec
[149] Ep10000: Max 2969 (376) steps (0.0001 hrs) -nan:-nan 6384 (14) sec
[150] Ep10000: Max 2969 (941) steps (0.0003 hrs) -nan:-nan 6398 (14) sec
[151] Ep10000: Max 2969 (1951) steps (0.0005 hrs) -nan:-nan 6444 (46) sec
[152] Ep10000: Max 2969 (1960) steps (0.0005 hrs) -nan:-nan 6483 (39) sec
[153] Ep10000: Max 2969 (2122) steps (0.0006 hrs) -nan:-nan 6527 (44) sec
[154] Ep10000: Max 2969 (2170) steps (0.0006 hrs) -nan:-nan 6572 (45) sec
[155] Ep10000: Max 2969 (816) steps (0.0002 hrs) -nan:-nan 6586 (14) sec
[156] Ep10000: Max 2969 (2621) steps (0.0007 hrs) -nan:-nan 6629 (43) sec
[157] Ep10000: Max 2969 (1101) steps (0.0003 hrs) -nan:-nan 6642 (13) sec
[158] Ep10000: Max 2969 (1701) steps (0.0005 hrs) -nan:-nan 6665 (23) sec
[159] Ep10000: Max 2969 (2175) steps (0.0006 hrs) -nan:-nan 6709 (44) sec
[160] Ep10000: Max 2969 (1839) steps (0.0005 hrs) -nan:-nan 6747 (38) sec
[161] Ep10000: Max 2969 (326) steps (0.0001 hrs) -nan:-nan 6761 (14) sec
[162] Ep10000: Max 2969 (1614) steps (0.0004 hrs) -nan:-nan 6787 (26) sec
[163] Ep10000: Max 2969 (310) steps (0.0001 hrs) -nan:-nan 6804 (17) sec
[164] Ep10000: Max 2969 (1602) steps (0.0004 hrs) -nan:-nan 6830 (26) sec
[165] Ep10000: Max 2969 (1363) steps (0.0004 hrs) -nan:-nan 6850 (20) sec
[166] Ep10000: Max 2969 (174) steps (0.0000 hrs) -nan:-nan 6864 (14) sec
[167] Ep10000: Max 2969 (2087) steps (0.0006 hrs) -nan:-nan 6915 (51) sec
[168] Ep10000: Max 2969 (2647) steps (0.0007 hrs) -nan:-nan 6959 (44) sec
[169] Ep10000: Max 2969 (374) steps (0.0001 hrs) -nan:-nan 6974 (15) sec
[170] Ep10000: Max 2969 (285) steps (0.0001 hrs) -nan:-nan 6988 (14) sec
[171] Ep10000: Max 2969 (1727) steps (0.0005 hrs) -nan:-nan 7029 (41) sec
[172] Ep10000: Max 2969 (2104) steps (0.0006 hrs) -nan:-nan 7075 (46) sec
[173] Ep10000: Max 2969 (2209) steps (0.0006 hrs) -nan:-nan 7119 (44) sec
[174] Ep10000: Max 2969 (596) steps (0.0002 hrs) -nan:-nan 7132 (13) sec
[175] Ep10000: Max 2969 (752) steps (0.0002 hrs) -nan:-nan 7144 (12) sec
[176] Ep10000: Max 2969 (1598) steps (0.0004 hrs) -nan:-nan 7158 (14) sec
[177] Ep10000: Max 2969 (977) steps (0.0003 hrs) -nan:-nan 7171 (13) sec
[178] Ep10000: Max 2969 (1805) steps (0.0005 hrs) -nan:-nan 7210 (39) sec
[179] Ep10000: Max 2969 (951) steps (0.0003 hrs) -nan:-nan 7224 (14) sec
[180] Ep10000: Max 2969 (2322) steps (0.0006 hrs) -nan:-nan 7267 (43) sec
[181] Ep10000: Max 2969 (2759) steps (0.0008 hrs) -nan:-nan 7311 (44) sec
[182] Ep10000: Max 2969 (275) steps (0.0001 hrs) -nan:-nan 7420 (109) sec
[183] Ep10000: Max 2969 (245) steps (0.0001 hrs) -nan:-nan 7507 (87) sec
[184] Ep10000: Max 2969 (274) steps (0.0001 hrs) -nan:-nan 7584 (77) sec
[185] Ep10000: Max 2969 (2027) steps (0.0006 hrs) -nan:-nan 7741 (157) sec
[186] Ep10000: Max 2969 (2916) steps (0.0008 hrs) -nan:-nan 7903 (162) sec
[187] Ep10000: Max 2969 (999) steps (0.0003 hrs) -nan:-nan 7990 (87) sec
[188] Ep10000: Max 2969 (1116) steps (0.0003 hrs) -nan:-nan 8103 (113) sec
[189] Ep10000: Max 2969 (1745) steps (0.0005 hrs) -nan:-nan 8160 (57) sec
[190] Ep10000: Max 2969 (2196) steps (0.0006 hrs) -nan:-nan 8218 (58) sec
[191] Ep10000: Max 2969 (181) steps (0.0001 hrs) -nan:-nan 8271 (53) sec
[192] Ep10000: Max 2969 (2040) steps (0.0006 hrs) -nan:-nan 8444 (173) sec
[193] Ep10000: Max 2969 (254) steps (0.0001 hrs) -nan:-nan 8493 (49) sec
[194] Ep10000: Max 2969 (1435) steps (0.0004 hrs) -nan:-nan 8543 (50) sec
[195] Ep10000: Max 2969 (755) steps (0.0002 hrs) -nan:-nan 8572 (29) sec
[196] Ep10000: Max 2969 (1724) steps (0.0005 hrs) -nan:-nan 8671 (99) sec
[197] Ep10000: Max 2969 (1901) steps (0.0005 hrs) -nan:-nan 8854 (183) sec
[198] Ep10000: Max 2969 (2254) steps (0.0006 hrs) -nan:-nan 8953 (99) sec
[199] Ep10000: Max 2969 (2279) steps (0.0006 hrs) -nan:-nan 9001 (48) sec
[200] Ep10000: Max 2969 (2250) steps (0.0006 hrs) -nan:-nan 9045 (44) sec
[201] Ep10000: Max 2969 (497) steps (0.0001 hrs) -nan:-nan 9058 (13) sec
[202] Ep10000: Max 2969 (744) steps (0.0002 hrs) -nan:-nan 9071 (13) sec
[203] Ep10000: Max 2969 (1806) steps (0.0005 hrs) -nan:-nan 9114 (43) sec
[204] Ep10000: Max 2969 (808) steps (0.0002 hrs) -nan:-nan 9127 (13) sec
[205] Ep10000: Max 2969 (1492) steps (0.0004 hrs) -nan:-nan 9147 (20) sec
[206] Ep10000: Max 2969 (2119) steps (0.0006 hrs) -nan:-nan 9189 (42) sec
[207] Ep10000: Max 2969 (1606) steps (0.0004 hrs) -nan:-nan 9212 (23) sec
[208] Ep10000: Max 2969 (583) steps (0.0002 hrs) -nan:-nan 9225 (13) sec
[209] Ep10000: Max 2969 (2182) steps (0.0006 hrs) -nan:-nan 9254 (29) sec
[210] Ep10000: Max 2969 (1122) steps (0.0003 hrs) -nan:-nan 9267 (13) sec
[211] Ep10000: Max 2969 (2062) steps (0.0006 hrs) -nan:-nan 9311 (44) sec
[212] Ep10000: Max 3144 (3144) steps (0.0009 hrs) -nan:-nan 9357 (46) sec
[213] Ep10000: Max 3144 (1753) steps (0.0005 hrs) -nan:-nan 9382 (25) sec
[214] Ep10000: Max 3144 (2130) steps (0.0006 hrs) -nan:-nan 9425 (43) sec
[215] Ep10000: Max 3144 (2471) steps (0.0007 hrs) -nan:-nan 9465 (40) sec
[216] Ep10000: Max 3144 (2574) steps (0.0007 hrs) -nan:-nan 9511 (46) sec
[217] Ep10000: Max 3144 (533) steps (0.0001 hrs) -nan:-nan 9527 (16) sec
[218] Ep10000: Max 3144 (2213) steps (0.0006 hrs) -nan:-nan 9569 (42) sec
[219] Ep10000: Max 3144 (2237) steps (0.0006 hrs) -nan:-nan 9613 (44) sec
[220] Ep10000: Max 3144 (2016) steps (0.0006 hrs) -nan:-nan 9633 (20) sec
[221] Ep10000: Max 3144 (550) steps (0.0002 hrs) -nan:-nan 9645 (12) sec
[222] Ep10000: Max 3144 (657) steps (0.0002 hrs) -nan:-nan 9658 (13) sec
[223] Ep10000: Max 3144 (332) steps (0.0001 hrs) -nan:-nan 9671 (13) sec
[224] Ep10000: Max 3144 (1848) steps (0.0005 hrs) -nan:-nan 9689 (18) sec
[225] Ep10000: Max 3144 (235) steps (0.0001 hrs) -nan:-nan 9702 (13) sec
[226] Ep10000: Max 3144 (579) steps (0.0002 hrs) -nan:-nan 9715 (13) sec
[227] Ep10000: Max 3144 (1502) steps (0.0004 hrs) -nan:-nan 9737 (22) sec
[228] Ep10000: Max 3144 (2434) steps (0.0007 hrs) -nan:-nan 9786 (49) sec
[229] Ep10000: Max 3144 (1725) steps (0.0005 hrs) -nan:-nan 9829 (43) sec
[230] Ep10000: Max 3144 (1359) steps (0.0004 hrs) -nan:-nan 9843 (14) sec
[231] Ep10000: Max 3144 (334) steps (0.0001 hrs) -nan:-nan 9856 (13) sec
[232] Ep10000: Max 3144 (525) steps (0.0001 hrs) -nan:-nan 9871 (15) sec
[233] Ep10000: Max 3144 (2074) steps (0.0006 hrs) -nan:-nan 9909 (38) sec
[234] Ep10000: Max 3144 (108) steps (0.0000 hrs) -nan:-nan 9921 (12) sec
[235] Ep10000: Max 3144 (1608) steps (0.0004 hrs) -nan:-nan 9939 (18) sec
[236] Ep10000: Max 3144 (2319) steps (0.0006 hrs) -nan:-nan 9985 (46) sec
[237] Ep10000: Max 3144 (2586) steps (0.0007 hrs) -nan:-nan 10039 (54) sec
[238] Ep10000: Max 3144 (1494) steps (0.0004 hrs) -nan:-nan 10063 (24) sec
[239] Ep10000: Max 3144 (2775) steps (0.0008 hrs) -nan:-nan 10110 (47) sec
[240] Ep10000: Max 3144 (666) steps (0.0002 hrs) -nan:-nan 10123 (13) sec
[241] Ep10000: Max 3144 (1496) steps (0.0004 hrs) -nan:-nan 10138 (15) sec
[242] Ep10000: Max 3144 (2043) steps (0.0006 hrs) -nan:-nan 10166 (28) sec
[243] Ep10000: Max 3144 (598) steps (0.0002 hrs) -nan:-nan 10179 (13) sec
[244] Ep10000: Max 3144 (1346) steps (0.0004 hrs) -nan:-nan 10200 (21) sec
[245] Ep10000: Max 3144 (2284) steps (0.0006 hrs) -nan:-nan 10243 (43) sec
[246] Ep10000: Max 3144 (156) steps (0.0000 hrs) -nan:-nan 10256 (13) sec
[247] Ep10000: Max 3144 (898) steps (0.0002 hrs) -nan:-nan 10270 (14) sec
[248] Ep10000: Max 3144 (1532) steps (0.0004 hrs) -nan:-nan 10291 (21) sec
[249] Ep10000: Max 3144 (1210) steps (0.0003 hrs) -nan:-nan 10305 (14) sec
[250] Ep10000: Max 3144 (1903) steps (0.0005 hrs) -nan:-nan 10353 (48) sec
[251] Ep10000: Max 3144 (352) steps (0.0001 hrs) -nan:-nan 10365 (12) sec
[252] Ep10000: Max 3144 (237) steps (0.0001 hrs) -nan:-nan 10378 (13) sec
[253] Ep10000: Max 3144 (1995) steps (0.0006 hrs) -nan:-nan 10426 (48) sec
[254] Ep10000: Max 3144 (995) steps (0.0003 hrs) -nan:-nan 10441 (15) sec
[255] Ep10000: Max 3144 (1319) steps (0.0004 hrs) -nan:-nan 10456 (15) sec
[256] Ep10000: Max 3144 (1801) steps (0.0005 hrs) -nan:-nan 10476 (20) sec
[257] Ep10000: Max 3144 (313) steps (0.0001 hrs) -nan:-nan 10489 (13) sec
[258] Ep10000: Max 3144 (788) steps (0.0002 hrs) -nan:-nan 10502 (13) sec
[259] Ep10000: Max 3144 (2152) steps (0.0006 hrs) -nan:-nan 10554 (52) sec
[260] Ep10000: Max 3144 (2237) steps (0.0006 hrs) -nan:-nan 10571 (17) sec
[261] Ep10000: Max 3144 (1999) steps (0.0006 hrs) -nan:-nan 10617 (46) sec
[262] Ep10000: Max 3144 (282) steps (0.0001 hrs) -nan:-nan 10630 (13) sec
[263] Ep10000: Max 3144 (271) steps (0.0001 hrs) -nan:-nan 10643 (13) sec
[264] Ep10000: Max 3144 (1911) steps (0.0005 hrs) -nan:-nan 10663 (20) sec
[265] Ep10000: Max 3144 (778) steps (0.0002 hrs) -nan:-nan 10675 (12) sec
[266] Ep10000: Max 3144 (2131) steps (0.0006 hrs) -nan:-nan 10717 (42) sec
[267] Ep10000: Max 3144 (1953) steps (0.0005 hrs) -nan:-nan 10767 (50) sec
[268] Ep10000: Max 3144 (380) steps (0.0001 hrs) -nan:-nan 10780 (13) sec
[269] Ep10000: Max 3144 (1549) steps (0.0004 hrs) -nan:-nan 10794 (14) sec
[270] Ep10000: Max 3144 (1985) steps (0.0006 hrs) -nan:-nan 10846 (52) sec
[271] Ep10000: Max 3144 (2383) steps (0.0007 hrs) -nan:-nan 10892 (46) sec
[272] Ep10000: Max 3144 (915) steps (0.0003 hrs) -nan:-nan 10905 (13) sec
[273] Ep10000: Max 3144 (248) steps (0.0001 hrs) -nan:-nan 10918 (13) sec
[274] Ep10000: Max 3144 (2350) steps (0.0007 hrs) -nan:-nan 10966 (48) sec
[275] Ep10000: Max 3144 (1115) steps (0.0003 hrs) -nan:-nan 10979 (13) sec
[276] Ep10000: Max 3144 (2629) steps (0.0007 hrs) -nan:-nan 11031 (52) sec
[277] Ep10000: Max 3144 (274) steps (0.0001 hrs) -nan:-nan 11047 (16) sec
[278] Ep10000: Max 3144 (1432) steps (0.0004 hrs) -nan:-nan 11066 (19) sec
[279] Ep10000: Max 3144 (2473) steps (0.0007 hrs) -nan:-nan 11112 (46) sec
[280] Ep10000: Max 3144 (1466) steps (0.0004 hrs) -nan:-nan 11136 (24) sec
[281] Ep10000: Max 3144 (1003) steps (0.0003 hrs) -nan:-nan 11150 (14) sec
[282] Ep10000: Max 3144 (2468) steps (0.0007 hrs) -nan:-nan 11197 (47) sec
[283] Ep10000: Max 3144 (2925) steps (0.0008 hrs) -nan:-nan 11245 (48) sec
[284] Ep10000: Max 3144 (898) steps (0.0002 hrs) -nan:-nan 11259 (14) sec
[285] Ep10000: Max 3144 (2189) steps (0.0006 hrs) -nan:-nan 11305 (46) sec
[286] Ep10000: Max 3144 (2547) steps (0.0007 hrs) -nan:-nan 11347 (42) sec
[287] Ep10000: Max 3144 (2435) steps (0.0007 hrs) -nan:-nan 11393 (46) sec
[288] Ep10000: Max 3144 (2253) steps (0.0006 hrs) -nan:-nan 11438 (45) sec
[289] Ep10000: Max 3144 (950) steps (0.0003 hrs) -nan:-nan 11453 (15) sec
[290] Ep10000: Max 3144 (1378) steps (0.0004 hrs) -nan:-nan 11466 (13) sec
[291] Ep10000: Max 3144 (2347) steps (0.0007 hrs) -nan:-nan 11509 (43) sec
[292] Ep10000: Max 3144 (1912) steps (0.0005 hrs) -nan:-nan 11553 (44) sec
[293] Ep10000: Max 3144 (2205) steps (0.0006 hrs) -nan:-nan 11600 (47) sec
[294] Ep10000: Max 3144 (2227) steps (0.0006 hrs) -nan:-nan 11643 (43) sec
[295] Ep10000: Max 3144 (2568) steps (0.0007 hrs) -nan:-nan 11689 (46) sec
[296] Ep10000: Max 3144 (179) steps (0.0000 hrs) -nan:-nan 11702 (13) sec
[297] Ep10000: Max 3144 (1934) steps (0.0005 hrs) -nan:-nan 11717 (15) sec
[298] Ep10000: Max 3144 (1431) steps (0.0004 hrs) -nan:-nan 11731 (14) sec
[299] Ep10000: Max 3144 (2328) steps (0.0006 hrs) -nan:-nan 11775 (44) sec
[300] Ep10000: Max 3144 (516) steps (0.0001 hrs) -nan:-nan 11788 (13) sec
[301] Ep10000: Max 3144 (2297) steps (0.0006 hrs) -nan:-nan 11833 (45) sec
[302] Ep10000: Max 3144 (2297) steps (0.0006 hrs) -nan:-nan 11882 (49) sec
[303] Ep10000: Max 3144 (2250) steps (0.0006 hrs) -nan:-nan 11924 (42) sec
[304] Ep10000: Max 3144 (2406) steps (0.0007 hrs) -nan:-nan 11970 (46) sec
[305] Ep10000: Max 3144 (1681) steps (0.0005 hrs) -nan:-nan 12010 (40) sec
[306] Ep10000: Max 3144 (853) steps (0.0002 hrs) -nan:-nan 12023 (13) sec
[307] Ep10000: Max 3144 (2156) steps (0.0006 hrs) -nan:-nan 12061 (38) sec
[308] Ep10000: Max 3144 (1020) steps (0.0003 hrs) -nan:-nan 12075 (14) sec
[309] Ep10000: Max 3144 (549) steps (0.0002 hrs) -nan:-nan 12088 (13) sec
[310] Ep10000: Max 3144 (2509) steps (0.0007 hrs) -nan:-nan 12131 (43) sec
[311] Ep10000: Max 3144 (871) steps (0.0002 hrs) -nan:-nan 12144 (13) sec
[312] Ep10000: Max 3144 (2565) steps (0.0007 hrs) -nan:-nan 12186 (42) sec
[313] Ep10000: Max 3144 (2389) steps (0.0007 hrs) -nan:-nan 12207 (21) sec
[314] Ep10000: Max 3144 (1091) steps (0.0003 hrs) -nan:-nan 12222 (15) sec
[315] Ep10000: Max 3144 (2445) steps (0.0007 hrs) -nan:-nan 12266 (44) sec
[316] Ep10000: Max 3144 (1871) steps (0.0005 hrs) -nan:-nan 12307 (41) sec
[317] Ep10000: Max 3144 (2633) steps (0.0007 hrs) -nan:-nan 12360 (53) sec
[318] Ep10000: Max 3144 (1169) steps (0.0003 hrs) -nan:-nan 12373 (13) sec
[319] Ep10000: Max 3144 (1842) steps (0.0005 hrs) -nan:-nan 12414 (41) sec
[320] Ep10000: Max 3144 (2588) steps (0.0007 hrs) -nan:-nan 12464 (50) sec
[321] Ep10000: Max 3144 (300) steps (0.0001 hrs) -nan:-nan 12478 (14) sec
[322] Ep10000: Max 3144 (1395) steps (0.0004 hrs) -nan:-nan 12497 (19) sec
[323] Ep10000: Max 3144 (1904) steps (0.0005 hrs) -nan:-nan 12540 (43) sec
[324] Ep10000: Max 3144 (284) steps (0.0001 hrs) -nan:-nan 12553 (13) sec
[325] Ep10000: Max 3144 (1812) steps (0.0005 hrs) -nan:-nan 12574 (21) sec
[326] Ep10000: Max 3144 (574) steps (0.0002 hrs) -nan:-nan 12587 (13) sec
[327] Ep10000: Max 3144 (1859) steps (0.0005 hrs) -nan:-nan 12608 (21) sec
[328] Ep10000: Max 3144 (2222) steps (0.0006 hrs) -nan:-nan 12651 (43) sec
[329] Ep10000: Max 3144 (208) steps (0.0001 hrs) -nan:-nan 12663 (12) sec
[330] Ep10000: Max 3144 (1943) steps (0.0005 hrs) -nan:-nan 12678 (15) sec
[331] Ep10000: Max 3144 (1301) steps (0.0004 hrs) -nan:-nan 12694 (16) sec
[332] Ep10000: Max 3144 (1687) steps (0.0005 hrs) -nan:-nan 12715 (21) sec
[333] Ep10000: Max 3144 (2235) steps (0.0006 hrs) -nan:-nan 12759 (44) sec
[334] Ep10000: Max 3144 (2153) steps (0.0006 hrs) -nan:-nan 12803 (44) sec
[335] Ep10000: Max 3144 (2119) steps (0.0006 hrs) -nan:-nan 12849 (46) sec
[336] Ep10000: Max 3144 (2085) steps (0.0006 hrs) -nan:-nan 12897 (48) sec
[337] Ep10000: Max 3144 (3091) steps (0.0009 hrs) -nan:-nan 12939 (42) sec
[338] Ep10000: Max 3144 (2275) steps (0.0006 hrs) -nan:-nan 12962 (23) sec
[339] Ep10000: Max 3144 (455) steps (0.0001 hrs) -nan:-nan 12982 (20) sec
[340] Ep10000: Max 3144 (1749) steps (0.0005 hrs) -nan:-nan 12999 (17) sec
[341] Ep10000: Max 3144 (758) steps (0.0002 hrs) -nan:-nan 13013 (14) sec
[342] Ep10000: Max 3144 (1818) steps (0.0005 hrs) -nan:-nan 13054 (41) sec
[343] Ep10000: Max 3144 (942) steps (0.0003 hrs) -nan:-nan 13068 (14) sec
[344] Ep10000: Max 3144 (426) steps (0.0001 hrs) -nan:-nan 13081 (13) sec
[345] Ep10000: Max 3144 (2192) steps (0.0006 hrs) -nan:-nan 13126 (45) sec
[346] Ep10000: Max 3144 (175) steps (0.0000 hrs) -nan:-nan 13139 (13) sec
[347] Ep10000: Max 3144 (130) steps (0.0000 hrs) -nan:-nan 13152 (13) sec
[348] Ep10000: Max 3144 (1955) steps (0.0005 hrs) -nan:-nan 13177 (25) sec
[349] Ep10000: Max 3144 (1493) steps (0.0004 hrs) -nan:-nan 13197 (20) sec
[350] Ep10000: Max 3144 (2185) steps (0.0006 hrs) -nan:-nan 13240 (43) sec
[351] Ep10000: Max 3144 (293) steps (0.0001 hrs) -nan:-nan 13252 (12) sec
[352] Ep10000: Max 3144 (941) steps (0.0003 hrs) -nan:-nan 13266 (14) sec
[353] Ep10000: Max 3144 (216) steps (0.0001 hrs) -nan:-nan 13279 (13) sec
[354] Ep10000: Max 3144 (2016) steps (0.0006 hrs) -nan:-nan 13323 (44) sec
[355] Ep10000: Max 3144 (1011) steps (0.0003 hrs) -nan:-nan 13336 (13) sec
[356] Ep10000: Max 3144 (378) steps (0.0001 hrs) -nan:-nan 13350 (14) sec
[357] Ep10000: Max 3144 (1752) steps (0.0005 hrs) -nan:-nan 13393 (43) sec
[358] Ep10000: Max 3144 (2488) steps (0.0007 hrs) -nan:-nan 13435 (42) sec
[359] Ep10000: Max 3144 (2429) steps (0.0007 hrs) -nan:-nan 13479 (44) sec
[360] Ep10000: Max 3144 (1592) steps (0.0004 hrs) -nan:-nan 13495 (16) sec
[361] Ep10000: Max 3144 (1609) steps (0.0004 hrs) -nan:-nan 13513 (18) sec
[362] Ep10000: Max 3144 (1291) steps (0.0004 hrs) -nan:-nan 13527 (14) sec
[363] Ep10000: Max 3144 (2219) steps (0.0006 hrs) -nan:-nan 13571 (44) sec
[364] Ep10000: Max 3144 (2135) steps (0.0006 hrs) -nan:-nan 13617 (46) sec
[365] Ep10000: Max 3144 (1882) steps (0.0005 hrs) -nan:-nan 13634 (17) sec
[366] Ep10000: Max 3144 (2564) steps (0.0007 hrs) -nan:-nan 13675 (41) sec
[367] Ep10000: Max 3144 (367) steps (0.0001 hrs) -nan:-nan 13690 (15) sec
[368] Ep10000: Max 3144 (1541) steps (0.0004 hrs) -nan:-nan 13710 (20) sec
[369] Ep10000: Max 3144 (1099) steps (0.0003 hrs) -nan:-nan 13725 (15) sec
[370] Ep10000: Max 3144 (2150) steps (0.0006 hrs) -nan:-nan 13767 (42) sec
[371] Ep10000: Max 3144 (842) steps (0.0002 hrs) -nan:-nan 13780 (13) sec
[372] Ep10000: Max 3144 (2371) steps (0.0007 hrs) -nan:-nan 13829 (49) sec
[373] Ep10000: Max 3144 (488) steps (0.0001 hrs) -nan:-nan 13843 (14) sec
[374] Ep10000: Max 3144 (287) steps (0.0001 hrs) -nan:-nan 13858 (15) sec
[375] Ep10000: Max 3144 (926) steps (0.0003 hrs) -nan:-nan 13875 (17) sec
[376] Ep10000: Max 3144 (893) steps (0.0002 hrs) -nan:-nan 13889 (14) sec
[377] Ep10000: Max 3144 (1115) steps (0.0003 hrs) -nan:-nan 13902 (13) sec
[378] Ep10000: Max 3144 (437) steps (0.0001 hrs) -nan:-nan 13915 (13) sec
[379] Ep10000: Max 3144 (2464) steps (0.0007 hrs) -nan:-nan 13959 (44) sec
[380] Ep10000: Max 3144 (1033) steps (0.0003 hrs) -nan:-nan 13972 (13) sec
[381] Ep10000: Max 3144 (2417) steps (0.0007 hrs) -nan:-nan 14017 (45) sec
[382] Ep10000: Max 3144 (1828) steps (0.0005 hrs) -nan:-nan 14060 (43) sec
[383] Ep10000: Max 3144 (441) steps (0.0001 hrs) -nan:-nan 14072 (12) sec
[384] Ep10000: Max 3144 (2370) steps (0.0007 hrs) -nan:-nan 14115 (43) sec
[385] Ep10000: Max 3144 (465) steps (0.0001 hrs) -nan:-nan 14128 (13) sec
[386] Ep10000: Max 3144 (2245) steps (0.0006 hrs) -nan:-nan 14172 (44) sec
[387] Ep10000: Max 3144 (1932) steps (0.0005 hrs) -nan:-nan 14220 (48) sec
[388] Ep10000: Max 3144 (539) steps (0.0001 hrs) -nan:-nan 14233 (13) sec
[389] Ep10000: Max 3144 (906) steps (0.0003 hrs) -nan:-nan 14246 (13) sec
[390] Ep10000: Max 3144 (590) steps (0.0002 hrs) -nan:-nan 14260 (14) sec
[391] Ep10000: Max 3144 (928) steps (0.0003 hrs) -nan:-nan 14272 (12) sec
[392] Ep10000: Max 3144 (2135) steps (0.0006 hrs) -nan:-nan 14319 (47) sec
[393] Ep10000: Max 3144 (1309) steps (0.0004 hrs) -nan:-nan 14339 (20) sec
[394] Ep10000: Max 3144 (2154) steps (0.0006 hrs) -nan:-nan 14381 (42) sec
[395] Ep10000: Max 3144 (2608) steps (0.0007 hrs) -nan:-nan 14423 (42) sec
[396] Ep10000: Max 3144 (2030) steps (0.0006 hrs) -nan:-nan 14467 (44) sec
[397] Ep10000: Max 3144 (2526) steps (0.0007 hrs) -nan:-nan 14511 (44) sec
[398] Ep10000: Max 3144 (398) steps (0.0001 hrs) -nan:-nan 14525 (14) sec
[399] Ep10000: Max 3144 (364) steps (0.0001 hrs) -nan:-nan 14538 (13) sec
[400] Ep10000: Max 3144 (886) steps (0.0002 hrs) -nan:-nan 14550 (12) sec
[401] Ep10000: Max 3144 (733) steps (0.0002 hrs) -nan:-nan 14564 (14) sec
[402] Ep10000: Max 3144 (887) steps (0.0002 hrs) -nan:-nan 14577 (13) sec
[403] Ep10000: Max 3144 (620) steps (0.0002 hrs) -nan:-nan 14590 (13) sec
[404] Ep10000: Max 3144 (2372) steps (0.0007 hrs) -nan:-nan 14631 (41) sec
[405] Ep10000: Max 3144 (565) steps (0.0002 hrs) -nan:-nan 14645 (14) sec
[406] Ep10000: Max 3144 (2881) steps (0.0008 hrs) -nan:-nan 14695 (50) sec
[407] Ep10000: Max 3144 (2078) steps (0.0006 hrs) -nan:-nan 14739 (44) sec
[408] Ep10000: Max 3144 (596) steps (0.0002 hrs) -nan:-nan 14755 (16) sec
[409] Ep10000: Max 3144 (415) steps (0.0001 hrs) -nan:-nan 14768 (13) sec
[410] Ep10000: Max 3144 (2107) steps (0.0006 hrs) -nan:-nan 14809 (41) sec
[411] Ep10000: Max 3144 (599) steps (0.0002 hrs) -nan:-nan 14822 (13) sec
[412] Ep10000: Max 3144 (2152) steps (0.0006 hrs) -nan:-nan 14867 (45) sec
[413] Ep10000: Max 3144 (126) steps (0.0000 hrs) -nan:-nan 14880 (13) sec
[414] Ep10000: Max 3144 (2010) steps (0.0006 hrs) -nan:-nan 14906 (26) sec
[415] Ep10000: Max 3144 (453) steps (0.0001 hrs) -nan:-nan 14919 (13) sec
[416] Ep10000: Max 3144 (1453) steps (0.0004 hrs) -nan:-nan 14936 (17) sec
[417] Ep10000: Max 3144 (422) steps (0.0001 hrs) -nan:-nan 14950 (14) sec
[418] Ep10000: Max 3144 (1562) steps (0.0004 hrs) -nan:-nan 14967 (17) sec
[419] Ep10000: Max 3144 (1490) steps (0.0004 hrs) -nan:-nan 14986 (19) sec
[420] Ep10000: Max 3144 (2248) steps (0.0006 hrs) -nan:-nan 15030 (44) sec
[421] Ep10000: Max 3144 (331) steps (0.0001 hrs) -nan:-nan 15043 (13) sec
[422] Ep10000: Max 3144 (848) steps (0.0002 hrs) -nan:-nan 15057 (14) sec
[423] Ep10000: Max 3144 (2004) steps (0.0006 hrs) -nan:-nan 15077 (20) sec
[424] Ep10000: Max 3144 (2101) steps (0.0006 hrs) -nan:-nan 15125 (48) sec
[425] Ep10000: Max 3144 (562) steps (0.0002 hrs) -nan:-nan 15138 (13) sec
[426] Ep10000: Max 3144 (2226) steps (0.0006 hrs) -nan:-nan 15179 (41) sec
[427] Ep10000: Max 3144 (1857) steps (0.0005 hrs) -nan:-nan 15205 (26) sec
[428] Ep10000: Max 3144 (246) steps (0.0001 hrs) -nan:-nan 15221 (16) sec
[429] Ep10000: Max 3144 (1786) steps (0.0005 hrs) -nan:-nan 15272 (51) sec
[430] Ep10000: Max 3144 (384) steps (0.0001 hrs) -nan:-nan 15287 (15) sec
[431] Ep10000: Max 3144 (1871) steps (0.0005 hrs) -nan:-nan 15320 (33) sec
[432] Ep10000: Max 3144 (1458) steps (0.0004 hrs) -nan:-nan 15335 (15) sec
[433] Ep10000: Max 3144 (1856) steps (0.0005 hrs) -nan:-nan 15351 (16) sec
[434] Ep10000: Max 3144 (719) steps (0.0002 hrs) -nan:-nan 15366 (15) sec
[435] Ep10000: Max 3144 (288) steps (0.0001 hrs) -nan:-nan 15380 (14) sec
[436] Ep10000: Max 3144 (2079) steps (0.0006 hrs) -nan:-nan 15432 (52) sec
[437] Ep10000: Max 3144 (1052) steps (0.0003 hrs) -nan:-nan 15446 (14) sec
[438] Ep10000: Max 3144 (1202) steps (0.0003 hrs) -nan:-nan 15468 (22) sec
[439] Ep10000: Max 3144 (1125) steps (0.0003 hrs) -nan:-nan 15489 (21) sec
[440] Ep10000: Max 3144 (1272) steps (0.0004 hrs) -nan:-nan 15505 (16) sec
[441] Ep10000: Max 3144 (2234) steps (0.0006 hrs) -nan:-nan 15560 (55) sec
[442] Ep10000: Max 3144 (1150) steps (0.0003 hrs) -nan:-nan 15575 (15) sec
[443] Ep10000: Max 3144 (2778) steps (0.0008 hrs) -nan:-nan 15619 (44) sec
[444] Ep10000: Max 3144 (2508) steps (0.0007 hrs) -nan:-nan 15666 (47) sec
[445] Ep10000: Max 3144 (185) steps (0.0001 hrs) -nan:-nan 15679 (13) sec
[446] Ep10000: Max 3144 (224) steps (0.0001 hrs) -nan:-nan 15693 (14) sec
[447] Ep10000: Max 3144 (2343) steps (0.0007 hrs) -nan:-nan 15741 (48) sec
[448] Ep10000: Max 3144 (1667) steps (0.0005 hrs) -nan:-nan 15757 (16) sec
[449] Ep10000: Max 3144 (2072) steps (0.0006 hrs) -nan:-nan 15801 (44) sec
[450] Ep10000: Max 3144 (1397) steps (0.0004 hrs) -nan:-nan 15822 (21) sec
[451] Ep10000: Max 3144 (1582) steps (0.0004 hrs) -nan:-nan 15838 (16) sec
[452] Ep10000: Max 3144 (416) steps (0.0001 hrs) -nan:-nan 15854 (16) sec
[453] Ep10000: Max 3144 (1990) steps (0.0006 hrs) -nan:-nan 15900 (46) sec
[454] Ep10000: Max 3144 (604) steps (0.0002 hrs) -nan:-nan 15915 (15) sec
[455] Ep10000: Max 3144 (1798) steps (0.0005 hrs) -nan:-nan 15962 (47) sec
[456] Ep10000: Max 3144 (293) steps (0.0001 hrs) -nan:-nan 15977 (15) sec
[457] Ep10000: Max 3144 (2349) steps (0.0007 hrs) -nan:-nan 16026 (49) sec
[458] Ep10000: Max 3144 (1414) steps (0.0004 hrs) -nan:-nan 16045 (19) sec
[459] Ep10000: Max 3144 (1704) steps (0.0005 hrs) -nan:-nan 16091 (46) sec
[460] Ep10000: Max 3144 (1325) steps (0.0004 hrs) -nan:-nan 16114 (23) sec
[461] Ep10000: Max 3144 (955) steps (0.0003 hrs) -nan:-nan 16135 (21) sec
[462] Ep10000: Max 3144 (1983) steps (0.0006 hrs) -nan:-nan 16183 (48) sec
[463] Ep10000: Max 3144 (744) steps (0.0002 hrs) -nan:-nan 16197 (14) sec
[464] Ep10000: Max 3144 (1348) steps (0.0004 hrs) -nan:-nan 16213 (16) sec
[465] Ep10000: Max 3144 (405) steps (0.0001 hrs) -nan:-nan 16227 (14) sec
[466] Ep10000: Max 3144 (1247) steps (0.0003 hrs) -nan:-nan 16242 (15) sec
[467] Ep10000: Max 3144 (1956) steps (0.0005 hrs) -nan:-nan 16289 (47) sec
[468] Ep10000: Max 3144 (2275) steps (0.0006 hrs) -nan:-nan 16344 (55) sec
[469] Ep10000: Max 3144 (889) steps (0.0002 hrs) -nan:-nan 16358 (14) sec
[470] Ep10000: Max 3144 (2090) steps (0.0006 hrs) -nan:-nan 16403 (45) sec
[471] Ep10000: Max 3144 (2242) steps (0.0006 hrs) -nan:-nan 16448 (45) sec
[472] Ep10000: Max 3144 (2001) steps (0.0006 hrs) -nan:-nan 16489 (41) sec
[473] Ep10000: Max 3144 (927) steps (0.0003 hrs) -nan:-nan 16504 (15) sec
[474] Ep10000: Max 3144 (1963) steps (0.0005 hrs) -nan:-nan 16523 (19) sec
[475] Ep10000: Max 3144 (2098) steps (0.0006 hrs) -nan:-nan 16566 (43) sec
[476] Ep10000: Max 3144 (1048) steps (0.0003 hrs) -nan:-nan 16582 (16) sec
[477] Ep10000: Max 3144 (126) steps (0.0000 hrs) -nan:-nan 16596 (14) sec
[478] Ep10000: Max 3144 (2658) steps (0.0007 hrs) -nan:-nan 16619 (23) sec
[479] Ep10000: Max 3144 (2451) steps (0.0007 hrs) -nan:-nan 16675 (56) sec
[480] Ep10000: Max 3144 (2078) steps (0.0006 hrs) -nan:-nan 16717 (42) sec
[481] Ep10000: Max 3144 (2227) steps (0.0006 hrs) -nan:-nan 16767 (50) sec
[482] Ep10000: Max 3144 (1393) steps (0.0004 hrs) -nan:-nan 16786 (19) sec
[483] Ep10000: Max 3144 (1988) steps (0.0006 hrs) -nan:-nan 16809 (23) sec
[484] Ep10000: Max 3144 (1875) steps (0.0005 hrs) -nan:-nan 16831 (22) sec
[485] Ep10000: Max 3144 (1882) steps (0.0005 hrs) -nan:-nan 16878 (47) sec
[486] Ep10000: Max 3144 (334) steps (0.0001 hrs) -nan:-nan 16892 (14) sec
[487] Ep10000: Max 3144 (1918) steps (0.0005 hrs) -nan:-nan 16940 (48) sec
[488] Ep10000: Max 3144 (616) steps (0.0002 hrs) -nan:-nan 16959 (19) sec
[489] Ep10000: Max 3144 (1769) steps (0.0005 hrs) -nan:-nan 16978 (19) sec
[490] Ep10000: Max 3144 (2310) steps (0.0006 hrs) -nan:-nan 17009 (31) sec
[491] Ep10000: Max 3144 (2538) steps (0.0007 hrs) -nan:-nan 17062 (53) sec
[492] Ep10000: Max 3144 (1496) steps (0.0004 hrs) -nan:-nan 17075 (13) sec
[493] Ep10000: Max 3144 (2006) steps (0.0006 hrs) -nan:-nan 17106 (31) sec
[494] Ep10000: Max 3144 (2017) steps (0.0006 hrs) -nan:-nan 17139 (33) sec
[495] Ep10000: Max 3144 (1376) steps (0.0004 hrs) -nan:-nan 17155 (16) sec
[496] Ep10000: Max 3144 (161) steps (0.0000 hrs) -nan:-nan 17168 (13) sec
[497] Ep10000: Max 3144 (2297) steps (0.0006 hrs) -nan:-nan 17213 (45) sec
[498] Ep10000: Max 3144 (1688) steps (0.0005 hrs) -nan:-nan 17226 (13) sec
[499] Ep10000: Max 3144 (2070) steps (0.0006 hrs) -nan:-nan 17252 (26) sec
[500] Ep10000: Max 3144 (1877) steps (0.0005 hrs) -nan:-nan 17279 (27) sec
[501] Ep10000: Max 3144 (2098) steps (0.0006 hrs) -nan:-nan 17325 (46) sec
[502] Ep10000: Max 3144 (2233) steps (0.0006 hrs) -nan:-nan 17362 (37) sec
[503] Ep10000: Max 3144 (1154) steps (0.0003 hrs) -nan:-nan 17380 (18) sec
[504] Ep10000: Max 3144 (925) steps (0.0003 hrs) -nan:-nan 17394 (14) sec
[505] Ep10000: Max 3144 (2567) steps (0.0007 hrs) -nan:-nan 17438 (44) sec
[506] Ep10000: Max 3144 (1325) steps (0.0004 hrs) -nan:-nan 17458 (20) sec
[507] Ep10000: Max 3144 (478) steps (0.0001 hrs) -nan:-nan 17473 (15) sec
[508] Ep10000: Max 3144 (1051) steps (0.0003 hrs) -nan:-nan 17486 (13) sec
[509] Ep10000: Max 3144 (2604) steps (0.0007 hrs) -nan:-nan 17538 (52) sec
[510] Ep10000: Max 3144 (276) steps (0.0001 hrs) -nan:-nan 17550 (12) sec
[511] Ep10000: Max 3144 (1534) steps (0.0004 hrs) -nan:-nan 17571 (21) sec
[512] Ep10000: Max 3144 (260) steps (0.0001 hrs) -nan:-nan 17584 (13) sec
[513] Ep10000: Max 3144 (2239) steps (0.0006 hrs) -nan:-nan 17635 (51) sec
[514] Ep10000: Max 3144 (391) steps (0.0001 hrs) -nan:-nan 17648 (13) sec
[515] Ep10000: Max 3144 (2230) steps (0.0006 hrs) -nan:-nan 17695 (47) sec
[516] Ep10000: Max 3144 (926) steps (0.0003 hrs) -nan:-nan 17711 (16) sec
[517] Ep10000: Max 3144 (1282) steps (0.0004 hrs) -nan:-nan 17725 (14) sec
[518] Ep10000: Max 3144 (2406) steps (0.0007 hrs) -nan:-nan 17772 (47) sec
[519] Ep10000: Max 3144 (1270) steps (0.0004 hrs) -nan:-nan 17787 (15) sec
[520] Ep10000: Max 4345 (4345) steps (0.0012 hrs) -nan:-nan 17806 (19) sec
[521] Ep10000: Max 4345 (2228) steps (0.0006 hrs) -nan:-nan 17851 (45) sec
[522] Ep10000: Max 4345 (1959) steps (0.0005 hrs) -nan:-nan 17899 (48) sec
[523] Ep10000: Max 4345 (2075) steps (0.0006 hrs) -nan:-nan 17948 (49) sec
[524] Ep10000: Max 4345 (2063) steps (0.0006 hrs) -nan:-nan 17993 (45) sec
[525] Ep10000: Max 4345 (2388) steps (0.0007 hrs) -nan:-nan 18040 (47) sec
[526] Ep10000: Max 4345 (2374) steps (0.0007 hrs) -nan:-nan 18088 (48) sec
[527] Ep10000: Max 4345 (3012) steps (0.0008 hrs) -nan:-nan 18136 (48) sec
[528] Ep10000: Max 4345 (201) steps (0.0001 hrs) -nan:-nan 18149 (13) sec
[529] Ep10000: Max 4345 (1201) steps (0.0003 hrs) -nan:-nan 18166 (17) sec
[530] Ep10000: Max 4345 (1985) steps (0.0006 hrs) -nan:-nan 18184 (18) sec
[531] Ep10000: Max 4345 (2064) steps (0.0006 hrs) -nan:-nan 18232 (48) sec
[532] Ep10000: Max 4345 (1309) steps (0.0004 hrs) -nan:-nan 18248 (16) sec
[533] Ep10000: Max 4345 (786) steps (0.0002 hrs) -nan:-nan 18265 (17) sec
[534] Ep10000: Max 4345 (1367) steps (0.0004 hrs) -nan:-nan 18279 (14) sec
[535] Ep10000: Max 4345 (1357) steps (0.0004 hrs) -nan:-nan 18296 (17) sec
[536] Ep10000: Max 4345 (1148) steps (0.0003 hrs) -nan:-nan 18310 (14) sec
[537] Ep10000: Max 4345 (805) steps (0.0002 hrs) -nan:-nan 18324 (14) sec
[538] Ep10000: Max 4345 (2249) steps (0.0006 hrs) -nan:-nan 18367 (43) sec
[539] Ep10000: Max 4345 (1304) steps (0.0004 hrs) -nan:-nan 18383 (16) sec
[540] Ep10000: Max 4345 (1664) steps (0.0005 hrs) -nan:-nan 18398 (15) sec
[541] Ep10000: Max 4345 (1847) steps (0.0005 hrs) -nan:-nan 18440 (42) sec
[542] Ep10000: Max 4345 (1413) steps (0.0004 hrs) -nan:-nan 18455 (15) sec
[543] Ep10000: Max 4345 (2207) steps (0.0006 hrs) -nan:-nan 18495 (40) sec
[544] Ep10000: Max 4345 (2161) steps (0.0006 hrs) -nan:-nan 18537 (42) sec
[545] Ep10000: Max 4345 (904) steps (0.0003 hrs) -nan:-nan 18553 (16) sec
[546] Ep10000: Max 4345 (2141) steps (0.0006 hrs) -nan:-nan 18570 (17) sec
[547] Ep10000: Max 4345 (1366) steps (0.0004 hrs) -nan:-nan 18587 (17) sec
[548] Ep10000: Max 4345 (1824) steps (0.0005 hrs) -nan:-nan 18625 (38) sec
[549] Ep10000: Max 4345 (643) steps (0.0002 hrs) -nan:-nan 18639 (14) sec
[550] Ep10000: Max 4345 (2327) steps (0.0006 hrs) -nan:-nan 18683 (44) sec
[551] Ep10000: Max 4345 (712) steps (0.0002 hrs) -nan:-nan 18698 (15) sec
[552] Ep10000: Max 4345 (191) steps (0.0001 hrs) -nan:-nan 18712 (14) sec
[553] Ep10000: Max 4345 (2179) steps (0.0006 hrs) -nan:-nan 18732 (20) sec
[554] Ep10000: Max 4345 (1719) steps (0.0005 hrs) -nan:-nan 18774 (42) sec
[555] Ep10000: Max 4345 (2239) steps (0.0006 hrs) -nan:-nan 18820 (46) sec
[556] Ep10000: Max 4345 (386) steps (0.0001 hrs) -nan:-nan 18833 (13) sec
[557] Ep10000: Max 4345 (2335) steps (0.0006 hrs) -nan:-nan 18881 (48) sec
[558] Ep10000: Max 4345 (1689) steps (0.0005 hrs) -nan:-nan 18905 (24) sec
[559] Ep10000: Max 4345 (2048) steps (0.0006 hrs) -nan:-nan 18942 (37) sec
[560] Ep10000: Max 4345 (727) steps (0.0002 hrs) -nan:-nan 18956 (14) sec
[561] Ep10000: Max 4345 (1775) steps (0.0005 hrs) -nan:-nan 18986 (30) sec
[562] Ep10000: Max 4345 (2449) steps (0.0007 hrs) -nan:-nan 19033 (47) sec
[563] Ep10000: Max 4345 (2276) steps (0.0006 hrs) -nan:-nan 19079 (46) sec
[564] Ep10000: Max 4345 (769) steps (0.0002 hrs) -nan:-nan 19092 (13) sec
[565] Ep10000: Max 4345 (1976) steps (0.0005 hrs) -nan:-nan 19111 (19) sec
[566] Ep10000: Max 4345 (1902) steps (0.0005 hrs) -nan:-nan 19160 (49) sec
[567] Ep10000: Max 4345 (261) steps (0.0001 hrs) -nan:-nan 19173 (13) sec
[568] Ep10000: Max 4345 (2290) steps (0.0006 hrs) -nan:-nan 19218 (45) sec
[569] Ep10000: Max 4345 (481) steps (0.0001 hrs) -nan:-nan 19232 (14) sec
[570] Ep10000: Max 4345 (746) steps (0.0002 hrs) -nan:-nan 19245 (13) sec
[571] Ep10000: Max 4345 (89) steps (0.0000 hrs) -nan:-nan 19258 (13) sec
[572] Ep10000: Max 4345 (516) steps (0.0001 hrs) -nan:-nan 19274 (16) sec
[573] Ep10000: Max 4345 (1934) steps (0.0005 hrs) -nan:-nan 19316 (42) sec
[574] Ep10000: Max 4345 (1583) steps (0.0004 hrs) -nan:-nan 19336 (20) sec
[575] Ep10000: Max 4345 (349) steps (0.0001 hrs) -nan:-nan 19349 (13) sec
[576] Ep10000: Max 4345 (493) steps (0.0001 hrs) -nan:-nan 19363 (14) sec
[577] Ep10000: Max 4345 (2604) steps (0.0007 hrs) -nan:-nan 19398 (35) sec
[578] Ep10000: Max 4345 (2149) steps (0.0006 hrs) -nan:-nan 19444 (46) sec
[579] Ep10000: Max 4345 (1746) steps (0.0005 hrs) -nan:-nan 19458 (14) sec
[580] Ep10000: Max 4345 (1273) steps (0.0004 hrs) -nan:-nan 19471 (13) sec
[581] Ep10000: Max 4345 (1507) steps (0.0004 hrs) -nan:-nan 19488 (17) sec
[582] Ep10000: Max 4345 (1984) steps (0.0006 hrs) -nan:-nan 19530 (42) sec
[583] Ep10000: Max 4345 (854) steps (0.0002 hrs) -nan:-nan 19544 (14) sec
[584] Ep10000: Max 4345 (2163) steps (0.0006 hrs) -nan:-nan 19572 (28) sec
[585] Ep10000: Max 4345 (353) steps (0.0001 hrs) -nan:-nan 19583 (11) sec
[586] Ep10000: Max 4345 (1658) steps (0.0005 hrs) -nan:-nan 19629 (46) sec
[587] Ep10000: Max 4345 (2732) steps (0.0008 hrs) -nan:-nan 19678 (49) sec
[588] Ep10000: Max 4345 (652) steps (0.0002 hrs) -nan:-nan 19691 (13) sec
[589] Ep10000: Max 4345 (328) steps (0.0001 hrs) -nan:-nan 19705 (14) sec
[590] Ep10000: Max 4345 (3322) steps (0.0009 hrs) -nan:-nan 19756 (51) sec
[591] Ep10000: Max 4345 (1906) steps (0.0005 hrs) -nan:-nan 19799 (43) sec
[592] Ep10000: Max 4345 (1082) steps (0.0003 hrs) -nan:-nan 19813 (14) sec
[593] Ep10000: Max 4345 (1585) steps (0.0004 hrs) -nan:-nan 19830 (17) sec
[594] Ep10000: Max 4345 (1587) steps (0.0004 hrs) -nan:-nan 19847 (17) sec
[595] Ep10000: Max 4345 (987) steps (0.0003 hrs) -nan:-nan 19861 (14) sec
[596] Ep10000: Max 4345 (164) steps (0.0000 hrs) -nan:-nan 19874 (13) sec
[597] Ep10000: Max 4345 (1678) steps (0.0005 hrs) -nan:-nan 19896 (22) sec
[598] Ep10000: Max 4345 (2408) steps (0.0007 hrs) -nan:-nan 19944 (48) sec
[599] Ep10000: Max 4345 (1395) steps (0.0004 hrs) -nan:-nan 19963 (19) sec
[600] Ep10000: Max 4345 (2023) steps (0.0006 hrs) -nan:-nan 20003 (40) sec
[601] Ep10000: Max 4345 (1638) steps (0.0005 hrs) -nan:-nan 20018 (15) sec
[602] Ep10000: Max 4345 (279) steps (0.0001 hrs) -nan:-nan 20031 (13) sec
[603] Ep10000: Max 4345 (1214) steps (0.0003 hrs) -nan:-nan 20044 (13) sec
[604] Ep10000: Max 4345 (722) steps (0.0002 hrs) -nan:-nan 20057 (13) sec
[605] Ep10000: Max 4345 (2036) steps (0.0006 hrs) -nan:-nan 20101 (44) sec
[606] Ep10000: Max 4345 (1963) steps (0.0005 hrs) -nan:-nan 20146 (45) sec
[607] Ep10000: Max 4345 (571) steps (0.0002 hrs) -nan:-nan 20159 (13) sec
[608] Ep10000: Max 4345 (800) steps (0.0002 hrs) -nan:-nan 20172 (13) sec
[609] Ep10000: Max 4345 (654) steps (0.0002 hrs) -nan:-nan 20188 (16) sec
[610] Ep10000: Max 4345 (2152) steps (0.0006 hrs) -nan:-nan 20233 (45) sec
[611] Ep10000: Max 4345 (1813) steps (0.0005 hrs) -nan:-nan 20264 (31) sec
[612] Ep10000: Max 4345 (2350) steps (0.0007 hrs) -nan:-nan 20310 (46) sec
[613] Ep10000: Max 4345 (2240) steps (0.0006 hrs) -nan:-nan 20333 (23) sec
[614] Ep10000: Max 4345 (2671) steps (0.0007 hrs) -nan:-nan 20376 (43) sec
[615] Ep10000: Max 4345 (393) steps (0.0001 hrs) -nan:-nan 20390 (14) sec
[616] Ep10000: Max 4345 (2296) steps (0.0006 hrs) -nan:-nan 20427 (37) sec
[617] Ep10000: Max 4345 (1637) steps (0.0005 hrs) -nan:-nan 20466 (39) sec
[618] Ep10000: Max 4345 (2170) steps (0.0006 hrs) -nan:-nan 20512 (46) sec
[619] Ep10000: Max 4345 (1967) steps (0.0005 hrs) -nan:-nan 20557 (45) sec
[620] Ep10000: Max 4345 (1434) steps (0.0004 hrs) -nan:-nan 20578 (21) sec
[621] Ep10000: Max 4345 (226) steps (0.0001 hrs) -nan:-nan 20592 (14) sec
[622] Ep10000: Max 4345 (1207) steps (0.0003 hrs) -nan:-nan 20607 (15) sec
[623] Ep10000: Max 4345 (1623) steps (0.0005 hrs) -nan:-nan 20625 (18) sec
[624] Ep10000: Max 4345 (2133) steps (0.0006 hrs) -nan:-nan 20664 (39) sec
[625] Ep10000: Max 4345 (2991) steps (0.0008 hrs) -nan:-nan 20693 (29) sec
[626] Ep10000: Max 4345 (1199) steps (0.0003 hrs) -nan:-nan 20709 (16) sec
[627] Ep10000: Max 4345 (2069) steps (0.0006 hrs) -nan:-nan 20750 (41) sec
[628] Ep10000: Max 4345 (822) steps (0.0002 hrs) -nan:-nan 20763 (13) sec
[629] Ep10000: Max 4345 (1458) steps (0.0004 hrs) -nan:-nan 20778 (15) sec
[630] Ep10000: Max 4345 (2299) steps (0.0006 hrs) -nan:-nan 20824 (46) sec
[631] Ep10000: Max 4345 (2545) steps (0.0007 hrs) -nan:-nan 20867 (43) sec
[632] Ep10000: Max 4345 (746) steps (0.0002 hrs) -nan:-nan 20880 (13) sec
[633] Ep10000: Max 4345 (2331) steps (0.0006 hrs) -nan:-nan 20928 (48) sec
[634] Ep10000: Max 4345 (1820) steps (0.0005 hrs) -nan:-nan 20954 (26) sec
[635] Ep10000: Max 4345 (1923) steps (0.0005 hrs) -nan:-nan 20980 (26) sec
[636] Ep10000: Max 4345 (210) steps (0.0001 hrs) -nan:-nan 20994 (14) sec
[637] Ep10000: Max 4345 (772) steps (0.0002 hrs) -nan:-nan 21007 (13) sec
[638] Ep10000: Max 4345 (1980) steps (0.0006 hrs) -nan:-nan 21051 (44) sec
[639] Ep10000: Max 4345 (819) steps (0.0002 hrs) -nan:-nan 21068 (17) sec
[640] Ep10000: Max 4345 (2004) steps (0.0006 hrs) -nan:-nan 21119 (51) sec
[641] Ep10000: Max 4345 (1845) steps (0.0005 hrs) -nan:-nan 21172 (53) sec
[642] Ep10000: Max 4345 (1624) steps (0.0005 hrs) -nan:-nan 21192 (20) sec
[643] Ep10000: Max 4345 (792) steps (0.0002 hrs) -nan:-nan 21204 (12) sec
[644] Ep10000: Max 4345 (2615) steps (0.0007 hrs) -nan:-nan 21252 (48) sec
[645] Ep10000: Max 4345 (1045) steps (0.0003 hrs) -nan:-nan 21266 (14) sec
[646] Ep10000: Max 4345 (247) steps (0.0001 hrs) -nan:-nan 21281 (15) sec
[647] Ep10000: Max 4345 (2337) steps (0.0006 hrs) -nan:-nan 21326 (45) sec
[648] Ep10000: Max 4345 (2228) steps (0.0006 hrs) -nan:-nan 21379 (53) sec
[649] Ep10000: Max 4345 (1276) steps (0.0004 hrs) -nan:-nan 21394 (15) sec
[650] Ep10000: Max 4345 (2280) steps (0.0006 hrs) -nan:-nan 21441 (47) sec
[651] Ep10000: Max 4345 (831) steps (0.0002 hrs) -nan:-nan 21456 (15) sec
[652] Ep10000: Max 4345 (2777) steps (0.0008 hrs) -nan:-nan 21500 (44) sec
[653] Ep10000: Max 4345 (1155) steps (0.0003 hrs) -nan:-nan 21520 (20) sec
[654] Ep10000: Max 4345 (2137) steps (0.0006 hrs) -nan:-nan 21563 (43) sec
[655] Ep10000: Max 4345 (1862) steps (0.0005 hrs) -nan:-nan 21587 (24) sec
[656] Ep10000: Max 4345 (2022) steps (0.0006 hrs) -nan:-nan 21633 (46) sec
[657] Ep10000: Max 4345 (2262) steps (0.0006 hrs) -nan:-nan 21682 (49) sec
[658] Ep10000: Max 4345 (1419) steps (0.0004 hrs) -nan:-nan 21701 (19) sec
[659] Ep10000: Max 4345 (2178) steps (0.0006 hrs) -nan:-nan 21749 (48) sec
[660] Ep10000: Max 4345 (1926) steps (0.0005 hrs) -nan:-nan 21794 (45) sec
[661] Ep10000: Max 4345 (1886) steps (0.0005 hrs) -nan:-nan 21823 (29) sec
[662] Ep10000: Max 4345 (2183) steps (0.0006 hrs) -nan:-nan 21876 (53) sec
[663] Ep10000: Max 4345 (2101) steps (0.0006 hrs) -nan:-nan 21903 (27) sec
[664] Ep10000: Max 4345 (453) steps (0.0001 hrs) -nan:-nan 21917 (14) sec
[665] Ep10000: Max 4345 (2023) steps (0.0006 hrs) -nan:-nan 21949 (32) sec
[666] Ep10000: Max 4345 (2062) steps (0.0006 hrs) -nan:-nan 21998 (49) sec
[667] Ep10000: Max 4345 (198) steps (0.0001 hrs) -nan:-nan 22013 (15) sec
[668] Ep10000: Max 4345 (1633) steps (0.0005 hrs) -nan:-nan 22037 (24) sec
[669] Ep10000: Max 4345 (2194) steps (0.0006 hrs) -nan:-nan 22086 (49) sec
[670] Ep10000: Max 4345 (94) steps (0.0000 hrs) -nan:-nan 22100 (14) sec
[671] Ep10000: Max 4345 (2592) steps (0.0007 hrs) -nan:-nan 22149 (49) sec
[672] Ep10000: Max 4345 (1192) steps (0.0003 hrs) -nan:-nan 22168 (19) sec
[673] Ep10000: Max 4345 (1942) steps (0.0005 hrs) -nan:-nan 22215 (47) sec
[674] Ep10000: Max 4345 (882) steps (0.0002 hrs) -nan:-nan 22230 (15) sec
[675] Ep10000: Max 4345 (2206) steps (0.0006 hrs) -nan:-nan 22264 (34) sec
[676] Ep10000: Max 4345 (1747) steps (0.0005 hrs) -nan:-nan 22311 (47) sec
[677] Ep10000: Max 4345 (2230) steps (0.0006 hrs) -nan:-nan 22359 (48) sec
[678] Ep10000: Max 4345 (2022) steps (0.0006 hrs) -nan:-nan 22404 (45) sec
[679] Ep10000: Max 4345 (1542) steps (0.0004 hrs) -nan:-nan 22427 (23) sec
[680] Ep10000: Max 4345 (1761) steps (0.0005 hrs) -nan:-nan 22469 (42) sec
[681] Ep10000: Max 4345 (405) steps (0.0001 hrs) -nan:-nan 22484 (15) sec
[682] Ep10000: Max 4345 (1199) steps (0.0003 hrs) -nan:-nan 22498 (14) sec
[683] Ep10000: Max 4345 (422) steps (0.0001 hrs) -nan:-nan 22513 (15) sec
[684] Ep10000: Max 4345 (2297) steps (0.0006 hrs) -nan:-nan 22561 (48) sec
[685] Ep10000: Max 4345 (358) steps (0.0001 hrs) -nan:-nan 22575 (14) sec
[686] Ep10000: Max 4345 (160) steps (0.0000 hrs) -nan:-nan 22589 (14) sec
[687] Ep10000: Max 4345 (2345) steps (0.0007 hrs) -nan:-nan 22636 (47) sec
[688] Ep10000: Max 4345 (3947) steps (0.0011 hrs) -nan:-nan 22685 (49) sec
[689] Ep10000: Max 4345 (2039) steps (0.0006 hrs) -nan:-nan 22740 (55) sec
[690] Ep10000: Max 4345 (2177) steps (0.0006 hrs) -nan:-nan 22786 (46) sec
[691] Ep10000: Max 4345 (2106) steps (0.0006 hrs) -nan:-nan 22832 (46) sec
[692] Ep10000: Max 4345 (2358) steps (0.0007 hrs) -nan:-nan 22880 (48) sec
[693] Ep10000: Max 4345 (1898) steps (0.0005 hrs) -nan:-nan 22901 (21) sec
[694] Ep10000: Max 4345 (502) steps (0.0001 hrs) -nan:-nan 22917 (16) sec
[695] Ep10000: Max 4345 (2043) steps (0.0006 hrs) -nan:-nan 22966 (49) sec
[696] Ep10000: Max 4345 (2187) steps (0.0006 hrs) -nan:-nan 23014 (48) sec
[697] Ep10000: Max 4345 (2192) steps (0.0006 hrs) -nan:-nan 23059 (45) sec
[698] Ep10000: Max 4345 (1923) steps (0.0005 hrs) -nan:-nan 23092 (33) sec
[699] Ep10000: Max 4345 (740) steps (0.0002 hrs) -nan:-nan 23107 (15) sec
[700] Ep10000: Max 4345 (118) steps (0.0000 hrs) -nan:-nan 23120 (13) sec
[701] Ep10000: Max 4345 (2207) steps (0.0006 hrs) -nan:-nan 23172 (52) sec
[702] Ep10000: Max 4345 (238) steps (0.0001 hrs) -nan:-nan 23185 (13) sec
[703] Ep10000: Max 4345 (819) steps (0.0002 hrs) -nan:-nan 23200 (15) sec
[704] Ep10000: Max 4345 (1811) steps (0.0005 hrs) -nan:-nan 23219 (19) sec
[705] Ep10000: Max 4345 (934) steps (0.0003 hrs) -nan:-nan 23233 (14) sec
[706] Ep10000: Max 4345 (822) steps (0.0002 hrs) -nan:-nan 23249 (16) sec
[707] Ep10000: Max 4345 (2443) steps (0.0007 hrs) -nan:-nan 23299 (50) sec
[708] Ep10000: Max 4345 (2279) steps (0.0006 hrs) -nan:-nan 23345 (46) sec
[709] Ep10000: Max 4345 (2072) steps (0.0006 hrs) -nan:-nan 23387 (42) sec
[710] Ep10000: Max 4345 (1985) steps (0.0006 hrs) -nan:-nan 23431 (44) sec
[711] Ep10000: Max 4345 (150) steps (0.0000 hrs) -nan:-nan 23446 (15) sec
[712] Ep10000: Max 4345 (599) steps (0.0002 hrs) -nan:-nan 23460 (14) sec
[713] Ep10000: Max 4345 (1433) steps (0.0004 hrs) -nan:-nan 23484 (24) sec
[714] Ep10000: Max 4345 (1151) steps (0.0003 hrs) -nan:-nan 23501 (17) sec
[715] Ep10000: Max 4345 (2004) steps (0.0006 hrs) -nan:-nan 23546 (45) sec
[716] Ep10000: Max 4345 (831) steps (0.0002 hrs) -nan:-nan 23562 (16) sec
[717] Ep10000: Max 4345 (2024) steps (0.0006 hrs) -nan:-nan 23614 (52) sec
[718] Ep10000: Max 4345 (1187) steps (0.0003 hrs) -nan:-nan 23628 (14) sec
[719] Ep10000: Max 4345 (1969) steps (0.0005 hrs) -nan:-nan 23671 (43) sec
[720] Ep10000: Max 4345 (1995) steps (0.0006 hrs) -nan:-nan 23718 (47) sec
[721] Ep10000: Max 4345 (316) steps (0.0001 hrs) -nan:-nan 23730 (12) sec
[722] Ep10000: Max 4345 (1217) steps (0.0003 hrs) -nan:-nan 23743 (13) sec
[723] Ep10000: Max 4345 (2073) steps (0.0006 hrs) -nan:-nan 23791 (48) sec
[724] Ep10000: Max 4345 (1258) steps (0.0003 hrs) -nan:-nan 23806 (15) sec
[725] Ep10000: Max 4345 (2089) steps (0.0006 hrs) -nan:-nan 23850 (44) sec
[726] Ep10000: Max 4345 (1873) steps (0.0005 hrs) -nan:-nan 23881 (31) sec
[727] Ep10000: Max 4345 (273) steps (0.0001 hrs) -nan:-nan 23895 (14) sec
[728] Ep10000: Max 4345 (2148) steps (0.0006 hrs) -nan:-nan 23943 (48) sec
[729] Ep10000: Max 4345 (1355) steps (0.0004 hrs) -nan:-nan 23965 (22) sec
[730] Ep10000: Max 4345 (2189) steps (0.0006 hrs) -nan:-nan 24010 (45) sec
[731] Ep10000: Max 4345 (945) steps (0.0003 hrs) -nan:-nan 24022 (12) sec
[732] Ep10000: Max 4345 (2568) steps (0.0007 hrs) -nan:-nan 24057 (35) sec
[733] Ep10000: Max 4345 (2301) steps (0.0006 hrs) -nan:-nan 24097 (40) sec
[734] Ep10000: Max 4345 (2259) steps (0.0006 hrs) -nan:-nan 24131 (34) sec
[735] Ep10000: Max 4345 (2072) steps (0.0006 hrs) -nan:-nan 24170 (39) sec
[736] Ep10000: Max 4345 (2311) steps (0.0006 hrs) -nan:-nan 24211 (41) sec
[737] Ep10000: Max 4345 (2138) steps (0.0006 hrs) -nan:-nan 24252 (41) sec
[738] Ep10000: Max 4345 (630) steps (0.0002 hrs) -nan:-nan 24264 (12) sec
[739] Ep10000: Max 4345 (2301) steps (0.0006 hrs) -nan:-nan 24297 (33) sec
[740] Ep10000: Max 4345 (82) steps (0.0000 hrs) -nan:-nan 24309 (12) sec
[741] Ep10000: Max 4345 (1463) steps (0.0004 hrs) -nan:-nan 24327 (18) sec
[742] Ep10000: Max 4345 (481) steps (0.0001 hrs) -nan:-nan 24339 (12) sec
[743] Ep10000: Max 4345 (303) steps (0.0001 hrs) -nan:-nan 24350 (11) sec
[744] Ep10000: Max 4345 (1398) steps (0.0004 hrs) -nan:-nan 24369 (19) sec
[745] Ep10000: Max 4345 (1317) steps (0.0004 hrs) -nan:-nan 24382 (13) sec
[746] Ep10000: Max 4345 (1187) steps (0.0003 hrs) -nan:-nan 24395 (13) sec
[747] Ep10000: Max 4345 (272) steps (0.0001 hrs) -nan:-nan 24410 (15) sec
[748] Ep10000: Max 4345 (1192) steps (0.0003 hrs) -nan:-nan 24431 (21) sec
[749] Ep10000: Max 4345 (2186) steps (0.0006 hrs) -nan:-nan 24476 (45) sec
[750] Ep10000: Max 4345 (1594) steps (0.0004 hrs) -nan:-nan 24497 (21) sec
[751] Ep10000: Max 4345 (2199) steps (0.0006 hrs) -nan:-nan 24544 (47) sec
[752] Ep10000: Max 4345 (1221) steps (0.0003 hrs) -nan:-nan 24557 (13) sec
[753] Ep10000: Max 4345 (574) steps (0.0002 hrs) -nan:-nan 24568 (11) sec
[754] Ep10000: Max 4345 (1014) steps (0.0003 hrs) -nan:-nan 24582 (14) sec
[755] Ep10000: Max 4345 (1584) steps (0.0004 hrs) -nan:-nan 24603 (21) sec
[756] Ep10000: Max 4345 (1976) steps (0.0005 hrs) -nan:-nan 24624 (21) sec
[757] Ep10000: Max 4345 (1323) steps (0.0004 hrs) -nan:-nan 24636 (12) sec
[758] Ep10000: Max 4345 (2527) steps (0.0007 hrs) -nan:-nan 24675 (39) sec
[759] Ep10000: Max 4345 (695) steps (0.0002 hrs) -nan:-nan 24686 (11) sec
[760] Ep10000: Max 4345 (1902) steps (0.0005 hrs) -nan:-nan 24723 (37) sec
[761] Ep10000: Max 4345 (2452) steps (0.0007 hrs) -nan:-nan 24767 (44) sec
[762] Ep10000: Max 4345 (1681) steps (0.0005 hrs) -nan:-nan 24784 (17) sec
[763] Ep10000: Max 4345 (1623) steps (0.0005 hrs) -nan:-nan 24801 (17) sec
[764] Ep10000: Max 4345 (1822) steps (0.0005 hrs) -nan:-nan 24839 (38) sec
[765] Ep10000: Max 4345 (2011) steps (0.0006 hrs) -nan:-nan 24879 (40) sec
[766] Ep10000: Max 4345 (277) steps (0.0001 hrs) -nan:-nan 24891 (12) sec
[767] Ep10000: Max 4345 (1098) steps (0.0003 hrs) -nan:-nan 24904 (13) sec
[768] Ep10000: Max 4345 (1946) steps (0.0005 hrs) -nan:-nan 24925 (21) sec
[769] Ep10000: Max 4345 (991) steps (0.0003 hrs) -nan:-nan 24937 (12) sec
[770] Ep10000: Max 4345 (837) steps (0.0002 hrs) -nan:-nan 24951 (14) sec
[771] Ep10000: Max 4345 (2060) steps (0.0006 hrs) -nan:-nan 24994 (43) sec
[772] Ep10000: Max 4345 (512) steps (0.0001 hrs) -nan:-nan 25007 (13) sec
[773] Ep10000: Max 4345 (2391) steps (0.0007 hrs) -nan:-nan 25052 (45) sec
[774] Ep10000: Max 4345 (1219) steps (0.0003 hrs) -nan:-nan 25069 (17) sec
[775] Ep10000: Max 4345 (390) steps (0.0001 hrs) -nan:-nan 25083 (14) sec
[776] Ep10000: Max 4345 (345) steps (0.0001 hrs) -nan:-nan 25094 (11) sec
[777] Ep10000: Max 4345 (1449) steps (0.0004 hrs) -nan:-nan 25114 (20) sec
[778] Ep10000: Max 4345 (1042) steps (0.0003 hrs) -nan:-nan 25125 (11) sec
[779] Ep10000: Max 4345 (1594) steps (0.0004 hrs) -nan:-nan 25138 (13) sec
[780] Ep10000: Max 4345 (1562) steps (0.0004 hrs) -nan:-nan 25159 (21) sec
[781] Ep10000: Max 4345 (2236) steps (0.0006 hrs) -nan:-nan 25207 (48) sec
[782] Ep10000: Max 4345 (232) steps (0.0001 hrs) -nan:-nan 25221 (14) sec
[783] Ep10000: Max 4345 (308) steps (0.0001 hrs) -nan:-nan 25234 (13) sec
[784] Ep10000: Max 4345 (1565) steps (0.0004 hrs) -nan:-nan 25258 (24) sec
[785] Ep10000: Max 4345 (2604) steps (0.0007 hrs) -nan:-nan 25305 (47) sec
[786] Ep10000: Max 4345 (2356) steps (0.0007 hrs) -nan:-nan 25328 (23) sec
[787] Ep10000: Max 4345 (2309) steps (0.0006 hrs) -nan:-nan 25376 (48) sec
[788] Ep10000: Max 4345 (2570) steps (0.0007 hrs) -nan:-nan 25422 (46) sec
[789] Ep10000: Max 4345 (2322) steps (0.0006 hrs) -nan:-nan 25468 (46) sec
[790] Ep10000: Max 4345 (153) steps (0.0000 hrs) -nan:-nan 25480 (12) sec
[791] Ep10000: Max 4345 (1792) steps (0.0005 hrs) -nan:-nan 25496 (16) sec
[792] Ep10000: Max 4345 (2071) steps (0.0006 hrs) -nan:-nan 25541 (45) sec
[793] Ep10000: Max 4345 (1589) steps (0.0004 hrs) -nan:-nan 25565 (24) sec
[794] Ep10000: Max 4345 (529) steps (0.0001 hrs) -nan:-nan 25576 (11) sec
[795] Ep10000: Max 4345 (1392) steps (0.0004 hrs) -nan:-nan 25589 (13) sec
[796] Ep10000: Max 4345 (868) steps (0.0002 hrs) -nan:-nan 25601 (12) sec
[797] Ep10000: Max 4345 (737) steps (0.0002 hrs) -nan:-nan 25616 (15) sec
[798] Ep10000: Max 4345 (2164) steps (0.0006 hrs) -nan:-nan 25663 (47) sec
[799] Ep10000: Max 4345 (1027) steps (0.0003 hrs) -nan:-nan 25685 (22) sec
[800] Ep10000: Max 4345 (2052) steps (0.0006 hrs) -nan:-nan 25734 (49) sec
[801] Ep10000: Max 4345 (900) steps (0.0003 hrs) -nan:-nan 25752 (18) sec
[802] Ep10000: Max 4345 (1896) steps (0.0005 hrs) -nan:-nan 25769 (17) sec
[803] Ep10000: Max 4345 (2120) steps (0.0006 hrs) -nan:-nan 25811 (42) sec
[804] Ep10000: Max 4345 (1796) steps (0.0005 hrs) -nan:-nan 25828 (17) sec
[805] Ep10000: Max 4345 (2414) steps (0.0007 hrs) -nan:-nan 25875 (47) sec
[806] Ep10000: Max 4345 (1902) steps (0.0005 hrs) -nan:-nan 25898 (23) sec
[807] Ep10000: Max 4345 (2446) steps (0.0007 hrs) -nan:-nan 25923 (25) sec
[808] Ep10000: Max 4345 (473) steps (0.0001 hrs) -nan:-nan 25938 (15) sec
[809] Ep10000: Max 4345 (578) steps (0.0002 hrs) -nan:-nan 25953 (15) sec
[810] Ep10000: Max 4345 (2728) steps (0.0008 hrs) -nan:-nan 26000 (47) sec
[811] Ep10000: Max 4345 (1550) steps (0.0004 hrs) -nan:-nan 26022 (22) sec
[812] Ep10000: Max 4345 (2269) steps (0.0006 hrs) -nan:-nan 26073 (51) sec
[813] Ep10000: Max 4345 (632) steps (0.0002 hrs) -nan:-nan 26087 (14) sec
[814] Ep10000: Max 4345 (2417) steps (0.0007 hrs) -nan:-nan 26137 (50) sec
[815] Ep10000: Max 4345 (1517) steps (0.0004 hrs) -nan:-nan 26157 (20) sec
[816] Ep10000: Max 4345 (1838) steps (0.0005 hrs) -nan:-nan 26201 (44) sec
[817] Ep10000: Max 4345 (480) steps (0.0001 hrs) -nan:-nan 26220 (19) sec
[818] Ep10000: Max 4345 (489) steps (0.0001 hrs) -nan:-nan 26235 (15) sec
[819] Ep10000: Max 4345 (1992) steps (0.0006 hrs) -nan:-nan 26281 (46) sec
[820] Ep10000: Max 4345 (2086) steps (0.0006 hrs) -nan:-nan 26324 (43) sec
[821] Ep10000: Max 4345 (2065) steps (0.0006 hrs) -nan:-nan 26369 (45) sec
[822] Ep10000: Max 4345 (1822) steps (0.0005 hrs) -nan:-nan 26403 (34) sec
[823] Ep10000: Max 4345 (739) steps (0.0002 hrs) -nan:-nan 26415 (12) sec
[824] Ep10000: Max 4345 (1732) steps (0.0005 hrs) -nan:-nan 26430 (15) sec
[825] Ep10000: Max 4345 (2072) steps (0.0006 hrs) -nan:-nan 26480 (50) sec
[826] Ep10000: Max 4345 (1398) steps (0.0004 hrs) -nan:-nan 26494 (14) sec
[827] Ep10000: Max 4345 (267) steps (0.0001 hrs) -nan:-nan 26506 (12) sec
[828] Ep10000: Max 4345 (1708) steps (0.0005 hrs) -nan:-nan 26519 (13) sec
[829] Ep10000: Max 4345 (1995) steps (0.0006 hrs) -nan:-nan 26561 (42) sec
[830] Ep10000: Max 4345 (2250) steps (0.0006 hrs) -nan:-nan 26605 (44) sec
[831] Ep10000: Max 4345 (1858) steps (0.0005 hrs) -nan:-nan 26625 (20) sec
[832] Ep10000: Max 4345 (265) steps (0.0001 hrs) -nan:-nan 26636 (11) sec
[833] Ep10000: Max 4345 (1688) steps (0.0005 hrs) -nan:-nan 26667 (31) sec
[834] Ep10000: Max 4345 (958) steps (0.0003 hrs) -nan:-nan 26679 (12) sec
[835] Ep10000: Max 4345 (896) steps (0.0002 hrs) -nan:-nan 26692 (13) sec
[836] Ep10000: Max 4345 (1962) steps (0.0005 hrs) -nan:-nan 26707 (15) sec
[837] Ep10000: Max 4345 (2063) steps (0.0006 hrs) -nan:-nan 26725 (18) sec
[838] Ep10000: Max 4345 (1469) steps (0.0004 hrs) -nan:-nan 26746 (21) sec
[839] Ep10000: Max 4345 (762) steps (0.0002 hrs) -nan:-nan 26758 (12) sec
[840] Ep10000: Max 4345 (2337) steps (0.0006 hrs) -nan:-nan 26806 (48) sec
[841] Ep10000: Max 4345 (722) steps (0.0002 hrs) -nan:-nan 26820 (14) sec
[842] Ep10000: Max 4345 (2143) steps (0.0006 hrs) -nan:-nan 26867 (47) sec
[843] Ep10000: Max 4345 (591) steps (0.0002 hrs) -nan:-nan 26880 (13) sec
[844] Ep10000: Max 4345 (2681) steps (0.0007 hrs) -nan:-nan 26910 (30) sec
[845] Ep10000: Max 4345 (2253) steps (0.0006 hrs) -nan:-nan 26952 (42) sec
[846] Ep10000: Max 4345 (823) steps (0.0002 hrs) -nan:-nan 26966 (14) sec
[847] Ep10000: Max 4345 (1941) steps (0.0005 hrs) -nan:-nan 27003 (37) sec
[848] Ep10000: Max 4345 (2018) steps (0.0006 hrs) -nan:-nan 27051 (48) sec
[849] Ep10000: Max 4345 (2086) steps (0.0006 hrs) -nan:-nan 27098 (47) sec
[850] Ep10000: Max 4345 (1600) steps (0.0004 hrs) -nan:-nan 27114 (16) sec
[851] Ep10000: Max 4345 (684) steps (0.0002 hrs) -nan:-nan 27128 (14) sec
[852] Ep10000: Max 4345 (597) steps (0.0002 hrs) -nan:-nan 27140 (12) sec
[853] Ep10000: Max 4345 (2181) steps (0.0006 hrs) -nan:-nan 27180 (40) sec
[854] Ep10000: Max 4345 (554) steps (0.0002 hrs) -nan:-nan 27195 (15) sec
[855] Ep10000: Max 4345 (1771) steps (0.0005 hrs) -nan:-nan 27214 (19) sec
[856] Ep10000: Max 4345 (2596) steps (0.0007 hrs) -nan:-nan 27254 (40) sec
[857] Ep10000: Max 4345 (2004) steps (0.0006 hrs) -nan:-nan 27270 (16) sec
[858] Ep10000: Max 4345 (3226) steps (0.0009 hrs) -nan:-nan 27310 (40) sec
[859] Ep10000: Max 4345 (111) steps (0.0000 hrs) -nan:-nan 27321 (11) sec
[860] Ep10000: Max 4345 (2347) steps (0.0007 hrs) -nan:-nan 27359 (38) sec
[861] Ep10000: Max 4345 (2214) steps (0.0006 hrs) -nan:-nan 27398 (39) sec
[862] Ep10000: Max 4345 (2085) steps (0.0006 hrs) -nan:-nan 27437 (39) sec
[863] Ep10000: Max 4345 (1917) steps (0.0005 hrs) -nan:-nan 27472 (35) sec
[864] Ep10000: Max 4345 (2138) steps (0.0006 hrs) -nan:-nan 27513 (41) sec
[865] Ep10000: Max 4345 (2736) steps (0.0008 hrs) -nan:-nan 27552 (39) sec
[866] Ep10000: Max 4345 (390) steps (0.0001 hrs) -nan:-nan 27563 (11) sec
[867] Ep10000: Max 4345 (3251) steps (0.0009 hrs) -nan:-nan 27597 (34) sec
[868] Ep10000: Max 4345 (2101) steps (0.0006 hrs) -nan:-nan 27636 (39) sec
[869] Ep10000: Max 4345 (2479) steps (0.0007 hrs) -nan:-nan 27677 (41) sec
[870] Ep10000: Max 4345 (2249) steps (0.0006 hrs) -nan:-nan 27718 (41) sec
[871] Ep10000: Max 4345 (2407) steps (0.0007 hrs) -nan:-nan 27762 (44) sec
[872] Ep10000: Max 4345 (2621) steps (0.0007 hrs) -nan:-nan 27801 (39) sec
[873] Ep10000: Max 4345 (1116) steps (0.0003 hrs) -nan:-nan 27814 (13) sec
[874] Ep10000: Max 4345 (1702) steps (0.0005 hrs) -nan:-nan 27842 (28) sec
[875] Ep10000: Max 4345 (533) steps (0.0001 hrs) -nan:-nan 27853 (11) sec
[876] Ep10000: Max 4345 (1909) steps (0.0005 hrs) -nan:-nan 27893 (40) sec
[877] Ep10000: Max 4345 (691) steps (0.0002 hrs) -nan:-nan 27905 (12) sec
[878] Ep10000: Max 4345 (884) steps (0.0002 hrs) -nan:-nan 27917 (12) sec
[879] Ep10000: Max 4345 (1889) steps (0.0005 hrs) -nan:-nan 27930 (13) sec
[880] Ep10000: Max 4345 (2079) steps (0.0006 hrs) -nan:-nan 27974 (44) sec
[881] Ep10000: Max 4345 (1724) steps (0.0005 hrs) -nan:-nan 27992 (18) sec
[882] Ep10000: Max 4345 (899) steps (0.0002 hrs) -nan:-nan 28003 (11) sec
[883] Ep10000: Max 4345 (294) steps (0.0001 hrs) -nan:-nan 28015 (12) sec
[884] Ep10000: Max 4345 (1601) steps (0.0004 hrs) -nan:-nan 28030 (15) sec
[885] Ep10000: Max 4345 (2846) steps (0.0008 hrs) -nan:-nan 28048 (18) sec
[886] Ep10000: Max 4345 (607) steps (0.0002 hrs) -nan:-nan 28060 (12) sec
[887] Ep10000: Max 4345 (631) steps (0.0002 hrs) -nan:-nan 28072 (12) sec
[888] Ep10000: Max 4345 (1599) steps (0.0004 hrs) -nan:-nan 28092 (20) sec
[889] Ep10000: Max 4345 (2505) steps (0.0007 hrs) -nan:-nan 28116 (24) sec
[890] Ep10000: Max 4345 (1206) steps (0.0003 hrs) -nan:-nan 28128 (12) sec
[891] Ep10000: Max 4345 (1418) steps (0.0004 hrs) -nan:-nan 28144 (16) sec
[892] Ep10000: Max 4345 (2113) steps (0.0006 hrs) -nan:-nan 28181 (37) sec
[893] Ep10000: Max 4345 (741) steps (0.0002 hrs) -nan:-nan 28196 (15) sec
[894] Ep10000: Max 4345 (958) steps (0.0003 hrs) -nan:-nan 28210 (14) sec
[895] Ep10000: Max 4345 (2032) steps (0.0006 hrs) -nan:-nan 28252 (42) sec
[896] Ep10000: Max 4345 (646) steps (0.0002 hrs) -nan:-nan 28263 (11) sec
[897] Ep10000: Max 4345 (1631) steps (0.0005 hrs) -nan:-nan 28275 (12) sec
[898] Ep10000: Max 4345 (2580) steps (0.0007 hrs) -nan:-nan 28301 (26) sec
[899] Ep10000: Max 4345 (2179) steps (0.0006 hrs) -nan:-nan 28342 (41) sec
[900] Ep10000: Max 4345 (2137) steps (0.0006 hrs) -nan:-nan 28380 (38) sec
[901] Ep10000: Max 4345 (924) steps (0.0003 hrs) -nan:-nan 28392 (12) sec
[902] Ep10000: Max 4345 (245) steps (0.0001 hrs) -nan:-nan 28404 (12) sec
[903] Ep10000: Max 4345 (1995) steps (0.0006 hrs) -nan:-nan 28444 (40) sec
[904] Ep10000: Max 4345 (1304) steps (0.0004 hrs) -nan:-nan 28463 (19) sec
[905] Ep10000: Max 4345 (639) steps (0.0002 hrs) -nan:-nan 28474 (11) sec
[906] Ep10000: Max 4345 (679) steps (0.0002 hrs) -nan:-nan 28485 (11) sec
[907] Ep10000: Max 4345 (2053) steps (0.0006 hrs) -nan:-nan 28518 (33) sec
[908] Ep10000: Max 4345 (1938) steps (0.0005 hrs) -nan:-nan 28555 (37) sec
[909] Ep10000: Max 4345 (2219) steps (0.0006 hrs) -nan:-nan 28592 (37) sec
[910] Ep10000: Max 4345 (2992) steps (0.0008 hrs) -nan:-nan 28630 (38) sec
[911] Ep10000: Max 4345 (2315) steps (0.0006 hrs) -nan:-nan 28676 (46) sec
[912] Ep10000: Max 4345 (1782) steps (0.0005 hrs) -nan:-nan 28691 (15) sec
[913] Ep10000: Max 4345 (2264) steps (0.0006 hrs) -nan:-nan 28729 (38) sec
[914] Ep10000: Max 4345 (1200) steps (0.0003 hrs) -nan:-nan 28741 (12) sec
[915] Ep10000: Max 4345 (2242) steps (0.0006 hrs) -nan:-nan 28780 (39) sec
[916] Ep10000: Max 4345 (848) steps (0.0002 hrs) -nan:-nan 28792 (12) sec
[917] Ep10000: Max 4345 (686) steps (0.0002 hrs) -nan:-nan 28804 (12) sec
[918] Ep10000: Max 4345 (2170) steps (0.0006 hrs) -nan:-nan 28845 (41) sec
[919] Ep10000: Max 4345 (2017) steps (0.0006 hrs) -nan:-nan 28883 (38) sec
[920] Ep10000: Max 4345 (1541) steps (0.0004 hrs) -nan:-nan 28898 (15) sec
[921] Ep10000: Max 4345 (2167) steps (0.0006 hrs) -nan:-nan 28939 (41) sec
[922] Ep10000: Max 4345 (1968) steps (0.0005 hrs) -nan:-nan 28975 (36) sec
[923] Ep10000: Max 4345 (556) steps (0.0002 hrs) -nan:-nan 28986 (11) sec
[924] Ep10000: Max 4345 (437) steps (0.0001 hrs) -nan:-nan 28997 (11) sec
[925] Ep10000: Max 4345 (1310) steps (0.0004 hrs) -nan:-nan 29016 (19) sec
[926] Ep10000: Max 4345 (1800) steps (0.0005 hrs) -nan:-nan 29052 (36) sec
[927] Ep10000: Max 4345 (1213) steps (0.0003 hrs) -nan:-nan 29064 (12) sec
[928] Ep10000: Max 4345 (898) steps (0.0002 hrs) -nan:-nan 29076 (12) sec
[929] Ep10000: Max 4345 (607) steps (0.0002 hrs) -nan:-nan 29093 (17) sec
[930] Ep10000: Max 4345 (2333) steps (0.0006 hrs) -nan:-nan 29133 (40) sec
[931] Ep10000: Max 4345 (2489) steps (0.0007 hrs) -nan:-nan 29172 (39) sec
[932] Ep10000: Max 4345 (1403) steps (0.0004 hrs) -nan:-nan 29189 (17) sec
[933] Ep10000: Max 4345 (1324) steps (0.0004 hrs) -nan:-nan 29203 (14) sec
[934] Ep10000: Max 4345 (2061) steps (0.0006 hrs) -nan:-nan 29241 (38) sec
[935] Ep10000: Max 4345 (846) steps (0.0002 hrs) -nan:-nan 29253 (12) sec
[936] Ep10000: Max 4345 (2615) steps (0.0007 hrs) -nan:-nan 29292 (39) sec
[937] Ep10000: Max 4345 (2131) steps (0.0006 hrs) -nan:-nan 29329 (37) sec
[938] Ep10000: Max 4345 (2046) steps (0.0006 hrs) -nan:-nan 29370 (41) sec
[939] Ep10000: Max 4345 (1702) steps (0.0005 hrs) -nan:-nan 29400 (30) sec
[940] Ep10000: Max 4345 (164) steps (0.0000 hrs) -nan:-nan 29412 (12) sec
[941] Ep10000: Max 4345 (1998) steps (0.0006 hrs) -nan:-nan 29431 (19) sec
[942] Ep10000: Max 4345 (375) steps (0.0001 hrs) -nan:-nan 29443 (12) sec
[943] Ep10000: Max 4345 (842) steps (0.0002 hrs) -nan:-nan 29457 (14) sec
[944] Ep10000: Max 4345 (2606) steps (0.0007 hrs) -nan:-nan 29495 (38) sec
[945] Ep10000: Max 4345 (1932) steps (0.0005 hrs) -nan:-nan 29534 (39) sec
[946] Ep10000: Max 4345 (1151) steps (0.0003 hrs) -nan:-nan 29551 (17) sec
[947] Ep10000: Max 4345 (1564) steps (0.0004 hrs) -nan:-nan 29566 (15) sec
[948] Ep10000: Max 4345 (380) steps (0.0001 hrs) -nan:-nan 29577 (11) sec
[949] Ep10000: Max 4345 (2277) steps (0.0006 hrs) -nan:-nan 29622 (45) sec
[950] Ep10000: Max 4345 (957) steps (0.0003 hrs) -nan:-nan 29635 (13) sec
[951] Ep10000: Max 4345 (1778) steps (0.0005 hrs) -nan:-nan 29653 (18) sec
[952] Ep10000: Max 4345 (2031) steps (0.0006 hrs) -nan:-nan 29692 (39) sec
[953] Ep10000: Max 4345 (1004) steps (0.0003 hrs) -nan:-nan 29704 (12) sec
[954] Ep10000: Max 4345 (1863) steps (0.0005 hrs) -nan:-nan 29718 (14) sec
[955] Ep10000: Max 4345 (441) steps (0.0001 hrs) -nan:-nan 29730 (12) sec
[956] Ep10000: Max 4345 (2378) steps (0.0007 hrs) -nan:-nan 29771 (41) sec
[957] Ep10000: Max 4345 (1719) steps (0.0005 hrs) -nan:-nan 29806 (35) sec
[958] Ep10000: Max 4345 (2081) steps (0.0006 hrs) -nan:-nan 29851 (45) sec
[959] Ep10000: Max 4345 (620) steps (0.0002 hrs) -nan:-nan 29862 (11) sec
[960] Ep10000: Max 4345 (1180) steps (0.0003 hrs) -nan:-nan 29875 (13) sec
[961] Ep10000: Max 4345 (2251) steps (0.0006 hrs) -nan:-nan 29916 (41) sec
[962] Ep10000: Max 4345 (2448) steps (0.0007 hrs) -nan:-nan 29956 (40) sec
[963] Ep10000: Max 4345 (327) steps (0.0001 hrs) -nan:-nan 29967 (11) sec
[964] Ep10000: Max 4345 (709) steps (0.0002 hrs) -nan:-nan 29979 (12) sec
[965] Ep10000: Max 4345 (975) steps (0.0003 hrs) -nan:-nan 29991 (12) sec
[966] Ep10000: Max 4345 (2798) steps (0.0008 hrs) -nan:-nan 30029 (38) sec
[967] Ep10000: Max 4345 (815) steps (0.0002 hrs) -nan:-nan 30041 (12) sec
[968] Ep10000: Max 4345 (1831) steps (0.0005 hrs) -nan:-nan 30085 (44) sec
[969] Ep10000: Max 4345 (1086) steps (0.0003 hrs) -nan:-nan 30101 (16) sec
[970] Ep10000: Max 4345 (1715) steps (0.0005 hrs) -nan:-nan 30138 (37) sec
[971] Ep10000: Max 4345 (2313) steps (0.0006 hrs) -nan:-nan 30160 (22) sec
[972] Ep10000: Max 4345 (1693) steps (0.0005 hrs) -nan:-nan 30180 (20) sec
[973] Ep10000: Max 4345 (2161) steps (0.0006 hrs) -nan:-nan 30220 (40) sec
[974] Ep10000: Max 4345 (1875) steps (0.0005 hrs) -nan:-nan 30259 (39) sec
[975] Ep10000: Max 4345 (1069) steps (0.0003 hrs) -nan:-nan 30272 (13) sec
[976] Ep10000: Max 4345 (935) steps (0.0003 hrs) -nan:-nan 30285 (13) sec
[977] Ep10000: Max 4345 (2421) steps (0.0007 hrs) -nan:-nan 30322 (37) sec
[978] Ep10000: Max 4345 (330) steps (0.0001 hrs) -nan:-nan 30333 (11) sec
[979] Ep10000: Max 4345 (1783) steps (0.0005 hrs) -nan:-nan 30371 (38) sec
[980] Ep10000: Max 4345 (1378) steps (0.0004 hrs) -nan:-nan 30389 (18) sec
[981] Ep10000: Max 4345 (527) steps (0.0001 hrs) -nan:-nan 30400 (11) sec
[982] Ep10000: Max 4345 (1892) steps (0.0005 hrs) -nan:-nan 30420 (20) sec
[983] Ep10000: Max 4345 (1407) steps (0.0004 hrs) -nan:-nan 30439 (19) sec
[984] Ep10000: Max 4345 (2029) steps (0.0006 hrs) -nan:-nan 30479 (40) sec
[985] Ep10000: Max 4345 (700) steps (0.0002 hrs) -nan:-nan 30490 (11) sec
[986] Ep10000: Max 4345 (1608) steps (0.0004 hrs) -nan:-nan 30506 (16) sec
[987] Ep10000: Max 4345 (634) steps (0.0002 hrs) -nan:-nan 30517 (11) sec
[988] Ep10000: Max 4345 (409) steps (0.0001 hrs) -nan:-nan 30528 (11) sec
[989] Ep10000: Max 4345 (2233) steps (0.0006 hrs) -nan:-nan 30541 (13) sec
[990] Ep10000: Max 4345 (1139) steps (0.0003 hrs) -nan:-nan 30556 (15) sec
[991] Ep10000: Max 4345 (965) steps (0.0003 hrs) -nan:-nan 30568 (12) sec
[992] Ep10000: Max 4345 (2047) steps (0.0006 hrs) -nan:-nan 30609 (41) sec
[993] Ep10000: Max 4345 (817) steps (0.0002 hrs) -nan:-nan 30621 (12) sec
[994] Ep10000: Max 4345 (1446) steps (0.0004 hrs) -nan:-nan 30638 (17) sec
[995] Ep10000: Max 4345 (1485) steps (0.0004 hrs) -nan:-nan 30656 (18) sec
[996] Ep10000: Max 4345 (3419) steps (0.0009 hrs) -nan:-nan 30696 (40) sec
[997] Ep10000: Max 4345 (1683) steps (0.0005 hrs) -nan:-nan 30725 (29) sec
[998] Ep10000: Max 4345 (1407) steps (0.0004 hrs) -nan:-nan 30737 (12) sec
[999] Ep10000: Max 4345 (1584) steps (0.0004 hrs) -nan:-nan 30757 (20) sec
[1000] Ep10000: Max 4345 (3423) steps (0.0010 hrs) -nan:-nan 30798 (41) sec
Total Elapsed time: 30798 seconds
Wrote current data to latest.train
