balanced 0 test_flag 0
[1] Ep10000: Max 1881 (1881) steps (0.0005 hrs) 0.00:-7992.60 37 (37) sec
[2] Ep10000: Max 1881 (671) steps (0.0002 hrs) 0.00:-7992.12 66 (29) sec
[3] Ep10000: Max 3696 (3696) steps (0.0010 hrs) 0.00:-7992.12 122 (56) sec
[4] Ep10000: Max 3696 (1976) steps (0.0005 hrs) 0.00:-7992.12 160 (38) sec
[5] Ep10000: Max 3696 (935) steps (0.0003 hrs) 0.00:-7992.12 190 (30) sec
[6] Ep10000: Max 3696 (597) steps (0.0002 hrs) 0.00:-7992.12 220 (30) sec
[7] Ep10000: Max 3696 (234) steps (0.0001 hrs) 0.00:-7992.12 247 (27) sec
[8] Ep10000: Max 3696 (2157) steps (0.0006 hrs) 0.00:-7992.12 297 (50) sec
[9] Ep10000: Max 3696 (476) steps (0.0001 hrs) 0.00:-7992.12 327 (30) sec
[10] Ep10000: Max 3696 (2467) steps (0.0007 hrs) 0.00:-7992.12 389 (62) sec
[11] Ep10000: Max 3696 (275) steps (0.0001 hrs) 0.00:-7992.12 417 (28) sec
[12] Ep10000: Max 3696 (2606) steps (0.0007 hrs) 0.00:-7992.12 474 (57) sec
[13] Ep10000: Max 3696 (3233) steps (0.0009 hrs) 0.00:-7992.12 530 (56) sec
[14] Ep10000: Max 3696 (637) steps (0.0002 hrs) 0.00:-7992.12 559 (29) sec
[15] Ep10000: Max 3696 (2145) steps (0.0006 hrs) 0.00:-7992.12 614 (55) sec
[16] Ep10000: Max 3696 (557) steps (0.0002 hrs) 0.00:-7992.12 643 (29) sec
[17] Ep10000: Max 3696 (343) steps (0.0001 hrs) 0.00:-7992.12 671 (28) sec
[18] Ep10000: Max 3696 (2442) steps (0.0007 hrs) 0.00:-7992.12 730 (59) sec
[19] Ep10000: Max 3696 (243) steps (0.0001 hrs) 0.00:-7992.12 758 (28) sec
[20] Ep10000: Max 3696 (2333) steps (0.0006 hrs) 0.00:-7992.12 818 (60) sec
[21] Ep10000: Max 3696 (1173) steps (0.0003 hrs) 0.00:-7992.12 849 (31) sec
[22] Ep10000: Max 3696 (2598) steps (0.0007 hrs) 0.00:-7992.12 881 (32) sec
[23] Ep10000: Max 3696 (2382) steps (0.0007 hrs) 0.00:-7992.12 943 (62) sec
[24] Ep10000: Max 3696 (2295) steps (0.0006 hrs) 0.00:-7992.12 1001 (58) sec
[25] Ep10000: Max 3696 (1454) steps (0.0004 hrs) 0.00:-7992.12 1033 (32) sec
[26] Ep10000: Max 3696 (1182) steps (0.0003 hrs) 0.00:-7992.12 1061 (28) sec
[27] Ep10000: Max 3696 (919) steps (0.0003 hrs) 0.00:-7992.12 1090 (29) sec
[28] Ep10000: Max 3696 (2521) steps (0.0007 hrs) 0.00:-7992.12 1149 (59) sec
[29] Ep10000: Max 3696 (613) steps (0.0002 hrs) 0.00:-7992.12 1177 (28) sec
[30] Ep10000: Max 3696 (665) steps (0.0002 hrs) 0.00:-7992.12 1206 (29) sec
[31] Ep10000: Max 3696 (213) steps (0.0001 hrs) 0.00:-7992.12 1237 (31) sec
[32] Ep10000: Max 3696 (2172) steps (0.0006 hrs) 0.00:-7992.12 1298 (61) sec
[33] Ep10000: Max 3696 (2341) steps (0.0007 hrs) 0.00:-7992.12 1359 (61) sec
[34] Ep10000: Max 3696 (2275) steps (0.0006 hrs) 0.00:-7992.12 1420 (61) sec
[35] Ep10000: Max 3696 (464) steps (0.0001 hrs) 0.00:-7992.12 1449 (29) sec
[36] Ep10000: Max 3696 (1845) steps (0.0005 hrs) 0.00:-7992.12 1504 (55) sec
[37] Ep10000: Max 3696 (872) steps (0.0002 hrs) 0.00:-7992.12 1533 (29) sec
[38] Ep10000: Max 3696 (1618) steps (0.0004 hrs) 0.00:-7992.12 1565 (32) sec
[39] Ep10000: Max 3696 (2198) steps (0.0006 hrs) 0.00:-7992.12 1613 (48) sec
[40] Ep10000: Max 3696 (2397) steps (0.0007 hrs) 0.00:-7992.12 1674 (61) sec
[41] Ep10000: Max 3696 (2607) steps (0.0007 hrs) 0.00:-7992.12 1733 (59) sec
[42] Ep10000: Max 3696 (1040) steps (0.0003 hrs) 0.00:-7992.12 1763 (30) sec
[43] Ep10000: Max 3696 (1688) steps (0.0005 hrs) 0.00:-7992.12 1807 (44) sec
[44] Ep10000: Max 3696 (2370) steps (0.0007 hrs) 0.00:-7992.12 1868 (61) sec
[45] Ep10000: Max 3696 (1133) steps (0.0003 hrs) 0.00:-7992.12 1897 (29) sec
[46] Ep10000: Max 3696 (2257) steps (0.0006 hrs) 0.00:-7992.12 1958 (61) sec
[47] Ep10000: Max 3696 (1636) steps (0.0005 hrs) 0.00:-7992.12 1995 (37) sec
[48] Ep10000: Max 3696 (1936) steps (0.0005 hrs) 0.00:-7992.12 2061 (66) sec
[49] Ep10000: Max 3696 (2416) steps (0.0007 hrs) 0.00:-7992.12 2108 (47) sec
[50] Ep10000: Max 3696 (236) steps (0.0001 hrs) 0.00:-7992.12 2142 (34) sec
[51] Ep10000: Max 3696 (2342) steps (0.0007 hrs) 0.00:-7992.12 2209 (67) sec
[52] Ep10000: Max 3696 (680) steps (0.0002 hrs) 0.00:-7992.12 2245 (36) sec
[53] Ep10000: Max 3696 (425) steps (0.0001 hrs) 0.00:-7992.12 2275 (30) sec
[54] Ep10000: Max 3696 (2182) steps (0.0006 hrs) 0.00:-7992.12 2316 (41) sec
[55] Ep10000: Max 3696 (334) steps (0.0001 hrs) 0.00:-7992.12 2345 (29) sec
[56] Ep10000: Max 3696 (965) steps (0.0003 hrs) 0.00:-7992.12 2379 (34) sec
[57] Ep10000: Max 3696 (2308) steps (0.0006 hrs) 0.00:-7992.12 2442 (63) sec
[58] Ep10000: Max 3696 (251) steps (0.0001 hrs) 0.00:-7992.12 2471 (29) sec
[59] Ep10000: Max 3696 (706) steps (0.0002 hrs) 0.00:-7992.12 2501 (30) sec
[60] Ep10000: Max 3696 (1364) steps (0.0004 hrs) 0.00:-7992.12 2531 (30) sec
[61] Ep10000: Max 3696 (662) steps (0.0002 hrs) 0.00:-7992.12 2560 (29) sec
[62] Ep10000: Max 3696 (1561) steps (0.0004 hrs) 0.00:-7992.12 2592 (32) sec
[63] Ep10000: Max 3696 (2408) steps (0.0007 hrs) 0.00:-7992.12 2659 (67) sec
[64] Ep10000: Max 3696 (2134) steps (0.0006 hrs) 0.00:-7992.12 2732 (73) sec
[65] Ep10000: Max 3696 (2953) steps (0.0008 hrs) 0.00:-7992.12 2787 (55) sec
[66] Ep10000: Max 3696 (2105) steps (0.0006 hrs) 0.00:-7992.12 2849 (62) sec
[67] Ep10000: Max 3696 (2411) steps (0.0007 hrs) 0.00:-7992.12 2919 (70) sec
[68] Ep10000: Max 3696 (435) steps (0.0001 hrs) 0.00:-7992.12 2955 (36) sec
[69] Ep10000: Max 3696 (849) steps (0.0002 hrs) 0.00:-7992.12 2994 (39) sec
[70] Ep10000: Max 3696 (2340) steps (0.0007 hrs) 0.00:-7992.12 3051 (57) sec
[71] Ep10000: Max 3696 (2076) steps (0.0006 hrs) 0.00:-7992.12 3125 (74) sec
[72] Ep10000: Max 3696 (1653) steps (0.0005 hrs) 0.00:-7992.12 3204 (79) sec
[73] Ep10000: Max 3696 (694) steps (0.0002 hrs) 0.00:-7992.12 3269 (65) sec
[74] Ep10000: Max 3696 (2155) steps (0.0006 hrs) 0.00:-7992.12 3376 (107) sec
[75] Ep10000: Max 3696 (1101) steps (0.0003 hrs) 0.00:-7992.12 3452 (76) sec
[76] Ep10000: Max 3696 (520) steps (0.0001 hrs) 0.00:-7992.12 3608 (156) sec
[77] Ep10000: Max 3696 (1884) steps (0.0005 hrs) 0.00:-7992.12 4162 (554) sec
[78] Ep10000: Max 3696 (1138) steps (0.0003 hrs) 0.00:-7992.12 4397 (235) sec
[79] Ep10000: Max 3696 (2703) steps (0.0008 hrs) 0.00:-7992.12 4828 (431) sec
[80] Ep10000: Max 3696 (2448) steps (0.0007 hrs) 0.00:-7992.12 5195 (367) sec
[81] Ep10000: Max 3696 (227) steps (0.0001 hrs) 0.00:-7992.12 5422 (227) sec
[82] Ep10000: Max 3696 (3001) steps (0.0008 hrs) 0.00:-7992.12 6756 (1334) sec
[83] Ep10000: Max 3696 (925) steps (0.0003 hrs) 0.00:-7992.12 8499 (1743) sec
[84] Ep10000: Max 3696 (1417) steps (0.0004 hrs) 0.00:-7992.12 9890 (1391) sec
[85] Ep10000: Max 3696 (1876) steps (0.0005 hrs) 0.00:-7992.12 11324 (1434) sec
[86] Ep10000: Max 3696 (1405) steps (0.0004 hrs) 0.00:-7992.12 11803 (479) sec
[87] Ep10000: Max 3696 (2016) steps (0.0006 hrs) 0.00:-7992.12 12998 (1195) sec
[88] Ep10000: Max 3696 (352) steps (0.0001 hrs) 0.00:-7992.12 14134 (1136) sec
[89] Ep10000: Max 3696 (2322) steps (0.0006 hrs) 0.00:-7992.12 15606 (1472) sec
[90] Ep10000: Max 3696 (2083) steps (0.0006 hrs) 0.00:-7992.12 17091 (1485) sec
[91] Ep10000: Max 3696 (792) steps (0.0002 hrs) 0.00:-7992.12 18412 (1321) sec
[92] Ep10000: Max 3696 (259) steps (0.0001 hrs) 0.00:-7992.12 19130 (718) sec
[93] Ep10000: Max 3696 (1812) steps (0.0005 hrs) 0.00:-7992.12 20016 (886) sec
[94] Ep10000: Max 3696 (2562) steps (0.0007 hrs) 0.00:-7992.12 21104 (1088) sec
[95] Ep10000: Max 3696 (696) steps (0.0002 hrs) 0.00:-7992.12 21873 (769) sec
[96] Ep10000: Max 3696 (2273) steps (0.0006 hrs) 0.00:-7992.12 22858 (985) sec
[97] Ep10000: Max 3696 (1912) steps (0.0005 hrs) 0.00:-7992.12 23740 (882) sec
[98] Ep10000: Max 3696 (726) steps (0.0002 hrs) 0.00:-7992.12 24338 (598) sec
[99] Ep10000: Max 3696 (249) steps (0.0001 hrs) 0.00:-7992.12 24988 (650) sec
[100] Ep10000: Max 3696 (2496) steps (0.0007 hrs) 0.00:-7992.12 26187 (1199) sec
[101] Ep10000: Max 3696 (206) steps (0.0001 hrs) 0.00:-7992.12 27036 (849) sec
[102] Ep10000: Max 3696 (2481) steps (0.0007 hrs) 0.00:-7992.12 27731 (695) sec
[103] Ep10000: Max 3696 (340) steps (0.0001 hrs) 0.00:-7992.12 28329 (598) sec
[104] Ep10000: Max 3696 (2001) steps (0.0006 hrs) 0.00:-7992.12 29505 (1176) sec
[105] Ep10000: Max 3696 (1294) steps (0.0004 hrs) 0.00:-7992.12 30493 (988) sec
[106] Ep10000: Max 3696 (2777) steps (0.0008 hrs) 0.00:-7992.12 31520 (1027) sec
[107] Ep10000: Max 3696 (407) steps (0.0001 hrs) 0.00:-7992.12 32413 (893) sec
[108] Ep10000: Max 3696 (1949) steps (0.0005 hrs) 0.00:-7992.12 33368 (955) sec
[109] Ep10000: Max 3696 (3006) steps (0.0008 hrs) 0.00:-7992.12 34080 (712) sec
[110] Ep10000: Max 3696 (362) steps (0.0001 hrs) 0.00:-7992.12 34747 (667) sec
[111] Ep10000: Max 3696 (2272) steps (0.0006 hrs) 0.00:-7992.12 35577 (830) sec
[112] Ep10000: Max 3696 (2005) steps (0.0006 hrs) 0.00:-7992.12 36140 (563) sec
[113] Ep10000: Max 3696 (1197) steps (0.0003 hrs) 0.00:-7992.12 36370 (230) sec
[114] Ep10000: Max 3696 (2354) steps (0.0007 hrs) 0.00:-7992.12 36868 (498) sec
[115] Ep10000: Max 3696 (2044) steps (0.0006 hrs) 0.00:-7992.12 37091 (223) sec
[116] Ep10000: Max 3696 (1513) steps (0.0004 hrs) 0.00:-7992.12 37177 (86) sec
[117] Ep10000: Max 3696 (2161) steps (0.0006 hrs) 0.00:-7992.12 37382 (205) sec
[118] Ep10000: Max 3696 (1478) steps (0.0004 hrs) 0.00:-7992.12 37471 (89) sec
[119] Ep10000: Max 3696 (284) steps (0.0001 hrs) 0.00:-7992.12 37619 (148) sec
[120] Ep10000: Max 3696 (2172) steps (0.0006 hrs) 0.00:-7992.12 37731 (112) sec
[121] Ep10000: Max 3696 (2740) steps (0.0008 hrs) 0.00:-7992.12 37847 (116) sec
[122] Ep10000: Max 3696 (1910) steps (0.0005 hrs) 0.00:-7992.12 37907 (60) sec
[123] Ep10000: Max 3696 (425) steps (0.0001 hrs) 0.00:-7992.12 37973 (66) sec
[124] Ep10000: Max 3696 (2277) steps (0.0006 hrs) 0.00:-7992.12 38076 (103) sec
[125] Ep10000: Max 3696 (2556) steps (0.0007 hrs) 0.00:-7992.12 38158 (82) sec
[126] Ep10000: Max 3696 (2064) steps (0.0006 hrs) 0.00:-7992.12 38257 (99) sec
[127] Ep10000: Max 3696 (770) steps (0.0002 hrs) 0.00:-7992.12 38310 (53) sec
[128] Ep10000: Max 3696 (1285) steps (0.0004 hrs) 0.00:-7992.12 38371 (61) sec
[129] Ep10000: Max 3696 (2124) steps (0.0006 hrs) 0.00:-7992.12 38486 (115) sec
[130] Ep10000: Max 3696 (328) steps (0.0001 hrs) 0.00:-7992.12 38546 (60) sec
[131] Ep10000: Max 3703 (3703) steps (0.0010 hrs) 0.00:-7992.12 38651 (105) sec
[132] Ep10000: Max 3703 (2258) steps (0.0006 hrs) 0.00:-7992.12 38738 (87) sec
[133] Ep10000: Max 3703 (2578) steps (0.0007 hrs) 0.00:-7992.12 38813 (75) sec
[134] Ep10000: Max 3703 (332) steps (0.0001 hrs) 0.00:-7992.12 38862 (49) sec
[135] Ep10000: Max 3703 (589) steps (0.0002 hrs) 0.00:-7992.12 38903 (41) sec
[136] Ep10000: Max 3703 (1694) steps (0.0005 hrs) 0.00:-7992.12 38953 (50) sec
[137] Ep10000: Max 3703 (1929) steps (0.0005 hrs) 0.00:-7992.12 39046 (93) sec
[138] Ep10000: Max 3703 (676) steps (0.0002 hrs) 0.00:-7992.12 39091 (45) sec
[139] Ep10000: Max 3703 (1413) steps (0.0004 hrs) 0.00:-7992.12 39142 (51) sec
[140] Ep10000: Max 3703 (424) steps (0.0001 hrs) 0.00:-7992.12 39188 (46) sec
[141] Ep10000: Max 3703 (2138) steps (0.0006 hrs) 0.00:-7992.12 39281 (93) sec
[142] Ep10000: Max 3703 (558) steps (0.0002 hrs) 0.00:-7992.12 39330 (49) sec
[143] Ep10000: Max 3703 (230) steps (0.0001 hrs) 0.00:-7992.12 39374 (44) sec
[144] Ep10000: Max 3703 (2149) steps (0.0006 hrs) 0.00:-7992.12 39461 (87) sec
[145] Ep10000: Max 3703 (744) steps (0.0002 hrs) 0.00:-7992.12 39507 (46) sec
[146] Ep10000: Max 3703 (1424) steps (0.0004 hrs) 0.00:-7992.12 39555 (48) sec
[147] Ep10000: Max 3703 (1614) steps (0.0004 hrs) 0.00:-7992.12 39602 (47) sec
[148] Ep10000: Max 3703 (332) steps (0.0001 hrs) 0.00:-7992.12 39643 (41) sec
[149] Ep10000: Max 3703 (1879) steps (0.0005 hrs) 0.00:-7992.12 39726 (83) sec
[150] Ep10000: Max 3703 (2378) steps (0.0007 hrs) 0.00:-7992.12 39814 (88) sec
[151] Ep10000: Max 3703 (956) steps (0.0003 hrs) 0.00:-7992.12 39855 (41) sec
[152] Ep10000: Max 3703 (1151) steps (0.0003 hrs) 0.00:-7992.12 39895 (40) sec
[153] Ep10000: Max 3703 (342) steps (0.0001 hrs) 0.00:-7992.12 39937 (42) sec
[154] Ep10000: Max 3703 (1854) steps (0.0005 hrs) 0.00:-7992.12 40002 (65) sec
[155] Ep10000: Max 3703 (2363) steps (0.0007 hrs) 0.00:-7992.12 40087 (85) sec
[156] Ep10000: Max 3703 (1814) steps (0.0005 hrs) 0.00:-7992.12 40132 (45) sec
[157] Ep10000: Max 3703 (224) steps (0.0001 hrs) 0.00:-7992.12 40171 (39) sec
[158] Ep10000: Max 3703 (1450) steps (0.0004 hrs) 0.00:-7992.12 40218 (47) sec
[159] Ep10000: Max 3703 (1809) steps (0.0005 hrs) 0.00:-7992.12 40260 (42) sec
[160] Ep10000: Max 3703 (1678) steps (0.0005 hrs) 0.00:-7992.12 40308 (48) sec
[161] Ep10000: Max 3703 (2230) steps (0.0006 hrs) 0.00:-7992.12 40398 (90) sec
[162] Ep10000: Max 3703 (1172) steps (0.0003 hrs) 0.00:-7992.12 40440 (42) sec
[163] Ep10000: Max 3703 (1847) steps (0.0005 hrs) 0.00:-7992.12 40524 (84) sec
[164] Ep10000: Max 3703 (1107) steps (0.0003 hrs) 0.00:-7992.12 40565 (41) sec
[165] Ep10000: Max 3703 (1948) steps (0.0005 hrs) 0.00:-7992.12 40647 (82) sec
[166] Ep10000: Max 4295 (4295) steps (0.0012 hrs) 0.00:-7992.12 40750 (103) sec
[167] Ep10000: Max 4295 (2359) steps (0.0007 hrs) 0.00:-7992.12 40837 (87) sec
[168] Ep10000: Max 4295 (774) steps (0.0002 hrs) 0.00:-7992.12 40880 (43) sec
[169] Ep10000: Max 4295 (2006) steps (0.0006 hrs) 0.00:-7992.12 40966 (86) sec
[170] Ep10000: Max 4295 (2126) steps (0.0006 hrs) 0.00:-7992.12 41053 (87) sec
[171] Ep10000: Max 4295 (2330) steps (0.0006 hrs) 0.00:-7992.12 41124 (71) sec
[172] Ep10000: Max 4295 (1442) steps (0.0004 hrs) 0.00:-7992.12 41168 (44) sec
[173] Ep10000: Max 4295 (1536) steps (0.0004 hrs) 0.00:-7992.12 41210 (42) sec
[174] Ep10000: Max 4295 (1064) steps (0.0003 hrs) 0.00:-7992.12 41257 (47) sec
[175] Ep10000: Max 4295 (2415) steps (0.0007 hrs) 0.00:-7992.12 41337 (80) sec
[176] Ep10000: Max 4295 (2685) steps (0.0007 hrs) 0.00:-7992.12 41428 (91) sec
[177] Ep10000: Max 4295 (796) steps (0.0002 hrs) 0.00:-7992.12 41469 (41) sec
[178] Ep10000: Max 4295 (1356) steps (0.0004 hrs) 0.00:-7992.12 41518 (49) sec
[179] Ep10000: Max 4295 (1589) steps (0.0004 hrs) 0.00:-7992.12 41562 (44) sec
[180] Ep10000: Max 4295 (1427) steps (0.0004 hrs) 0.00:-7992.12 41610 (48) sec
[181] Ep10000: Max 4295 (1755) steps (0.0005 hrs) 0.00:-7992.12 41669 (59) sec
[182] Ep10000: Max 4295 (2221) steps (0.0006 hrs) 0.00:-7992.12 41717 (48) sec
[183] Ep10000: Max 4295 (1593) steps (0.0004 hrs) 0.00:-7992.12 41764 (47) sec
[184] Ep10000: Max 4295 (1899) steps (0.0005 hrs) 0.00:-7992.12 41848 (84) sec
[185] Ep10000: Max 4295 (686) steps (0.0002 hrs) 0.00:-7992.12 41890 (42) sec
[186] Ep10000: Max 4295 (214) steps (0.0001 hrs) 0.00:-7992.12 41938 (48) sec
[187] Ep10000: Max 4295 (2068) steps (0.0006 hrs) 0.00:-7992.12 41987 (49) sec
[188] Ep10000: Max 4295 (2470) steps (0.0007 hrs) 0.00:-7992.12 42044 (57) sec
[189] Ep10000: Max 4295 (1627) steps (0.0005 hrs) 0.00:-7992.12 42090 (46) sec
[190] Ep10000: Max 4295 (2996) steps (0.0008 hrs) 0.00:-7992.12 42191 (101) sec
[191] Ep10000: Max 4295 (2345) steps (0.0007 hrs) 0.00:-7992.12 42339 (148) sec
[192] Ep10000: Max 4295 (203) steps (0.0001 hrs) 0.00:-7992.12 42401 (62) sec
[193] Ep10000: Max 4295 (301) steps (0.0001 hrs) 0.00:-7992.12 42461 (60) sec
[194] Ep10000: Max 4295 (1926) steps (0.0005 hrs) 0.00:-7992.12 42562 (101) sec
[195] Ep10000: Max 4295 (1169) steps (0.0003 hrs) 0.00:-7992.12 42619 (57) sec
[196] Ep10000: Max 4295 (2176) steps (0.0006 hrs) 0.00:-7992.12 42733 (114) sec
[197] Ep10000: Max 4295 (603) steps (0.0002 hrs) 0.00:-7992.12 42789 (56) sec
[198] Ep10000: Max 4295 (2206) steps (0.0006 hrs) 0.00:-7992.12 42850 (61) sec
[199] Ep10000: Max 4295 (2216) steps (0.0006 hrs) 0.00:-7992.12 42933 (83) sec
[200] Ep10000: Max 4295 (2179) steps (0.0006 hrs) 0.00:-7992.12 43011 (78) sec
[201] Ep10000: Max 4295 (2057) steps (0.0006 hrs) 0.00:-7992.12 43082 (71) sec
[202] Ep10000: Max 4295 (2192) steps (0.0006 hrs) 0.00:-7992.12 43159 (77) sec
[203] Ep10000: Max 4295 (2607) steps (0.0007 hrs) 0.00:-7992.12 43235 (76) sec
[204] Ep10000: Max 4295 (2145) steps (0.0006 hrs) 0.00:-7992.12 43310 (75) sec
[205] Ep10000: Max 4295 (2086) steps (0.0006 hrs) 0.00:-7992.12 43390 (80) sec
[206] Ep10000: Max 4295 (664) steps (0.0002 hrs) 0.00:-7992.12 43430 (40) sec
[207] Ep10000: Max 4295 (206) steps (0.0001 hrs) 0.00:-7992.12 43470 (40) sec
[208] Ep10000: Max 4295 (302) steps (0.0001 hrs) 0.00:-7992.12 43510 (40) sec
[209] Ep10000: Max 4295 (988) steps (0.0003 hrs) 0.00:-7992.12 43553 (43) sec
[210] Ep10000: Max 4295 (2199) steps (0.0006 hrs) 0.00:-7992.12 43611 (58) sec
[211] Ep10000: Max 4295 (2133) steps (0.0006 hrs) 0.00:-7992.12 43681 (70) sec
[212] Ep10000: Max 4295 (203) steps (0.0001 hrs) 0.00:-7992.12 43715 (34) sec
[213] Ep10000: Max 4295 (1775) steps (0.0005 hrs) 0.00:-7992.12 43751 (36) sec
[214] Ep10000: Max 4295 (1075) steps (0.0003 hrs) 0.00:-7992.12 43786 (35) sec
[215] Ep10000: Max 4295 (1053) steps (0.0003 hrs) 0.00:-7992.12 43821 (35) sec
[216] Ep10000: Max 4295 (1177) steps (0.0003 hrs) 0.00:-7992.12 43855 (34) sec
[217] Ep10000: Max 4295 (1179) steps (0.0003 hrs) 0.00:-7992.12 43889 (34) sec
[218] Ep10000: Max 4295 (785) steps (0.0002 hrs) 0.00:-7992.12 43923 (34) sec
[219] Ep10000: Max 4295 (2401) steps (0.0007 hrs) 0.00:-7992.12 43992 (69) sec
[220] Ep10000: Max 4295 (1531) steps (0.0004 hrs) 0.00:-7992.12 44028 (36) sec
[221] Ep10000: Max 4295 (1895) steps (0.0005 hrs) 0.00:-7992.12 44096 (68) sec
[222] Ep10000: Max 4295 (845) steps (0.0002 hrs) 0.00:-7992.12 44131 (35) sec
[223] Ep10000: Max 4295 (2358) steps (0.0007 hrs) 0.00:-7992.12 44199 (68) sec
[224] Ep10000: Max 4295 (2267) steps (0.0006 hrs) 0.00:-7992.12 44267 (68) sec
[225] Ep10000: Max 4295 (1803) steps (0.0005 hrs) 0.00:-7992.12 44300 (33) sec
[226] Ep10000: Max 4295 (376) steps (0.0001 hrs) 0.00:-7992.12 44333 (33) sec
[227] Ep10000: Max 4295 (1140) steps (0.0003 hrs) 0.00:-7992.12 44366 (33) sec
[228] Ep10000: Max 4295 (1261) steps (0.0004 hrs) 0.00:-7992.12 44402 (36) sec
[229] Ep10000: Max 4295 (2448) steps (0.0007 hrs) 0.00:-7992.12 44468 (66) sec
[230] Ep10000: Max 4295 (2485) steps (0.0007 hrs) 0.00:-7992.12 44537 (69) sec
[231] Ep10000: Max 4295 (1942) steps (0.0005 hrs) 0.00:-7992.12 44580 (43) sec
[232] Ep10000: Max 4295 (2124) steps (0.0006 hrs) 0.00:-7992.12 44617 (37) sec
[233] Ep10000: Max 4295 (1311) steps (0.0004 hrs) 0.00:-7992.12 44651 (34) sec
[234] Ep10000: Max 4295 (1012) steps (0.0003 hrs) 0.00:-7992.12 44685 (34) sec
[235] Ep10000: Max 4295 (225) steps (0.0001 hrs) 0.00:-7992.12 44720 (35) sec
[236] Ep10000: Max 4295 (2279) steps (0.0006 hrs) 0.00:-7992.12 44785 (65) sec
[237] Ep10000: Max 4295 (520) steps (0.0001 hrs) 0.00:-7992.12 44819 (34) sec
[238] Ep10000: Max 4295 (601) steps (0.0002 hrs) 0.00:-7992.12 44852 (33) sec
[239] Ep10000: Max 4295 (2348) steps (0.0007 hrs) 0.00:-7992.12 44919 (67) sec
[240] Ep10000: Max 4295 (478) steps (0.0001 hrs) 0.00:-7992.12 44953 (34) sec
[241] Ep10000: Max 4295 (869) steps (0.0002 hrs) 0.00:-7992.12 44988 (35) sec
[242] Ep10000: Max 4295 (2127) steps (0.0006 hrs) 0.00:-7992.12 45055 (67) sec
[243] Ep10000: Max 4295 (2348) steps (0.0007 hrs) 0.00:-7992.12 45094 (39) sec
[244] Ep10000: Max 4295 (2196) steps (0.0006 hrs) 0.00:-7992.12 45163 (69) sec
[245] Ep10000: Max 4295 (1399) steps (0.0004 hrs) 0.00:-7992.12 45198 (35) sec
[246] Ep10000: Max 4295 (1363) steps (0.0004 hrs) 0.00:-7992.12 45232 (34) sec
[247] Ep10000: Max 4295 (207) steps (0.0001 hrs) 0.00:-7992.12 45265 (33) sec
[248] Ep10000: Max 4295 (2393) steps (0.0007 hrs) 0.00:-7992.12 45333 (68) sec
[249] Ep10000: Max 4295 (1400) steps (0.0004 hrs) 0.00:-7992.12 45368 (35) sec
[250] Ep10000: Max 4295 (1532) steps (0.0004 hrs) 0.00:-7992.12 45403 (35) sec
[251] Ep10000: Max 4295 (2214) steps (0.0006 hrs) 0.00:-7992.12 45465 (62) sec
[252] Ep10000: Max 4295 (2089) steps (0.0006 hrs) 0.00:-7992.12 45533 (68) sec
[253] Ep10000: Max 4295 (1962) steps (0.0005 hrs) 0.00:-7992.12 45597 (64) sec
[254] Ep10000: Max 4295 (2550) steps (0.0007 hrs) 0.00:-7992.12 45668 (71) sec
[255] Ep10000: Max 4295 (434) steps (0.0001 hrs) 0.00:-7992.12 45703 (35) sec
[256] Ep10000: Max 4295 (877) steps (0.0002 hrs) 0.00:-7992.12 45737 (34) sec
[257] Ep10000: Max 4295 (2129) steps (0.0006 hrs) 0.00:-7992.12 45803 (66) sec
[258] Ep10000: Max 4295 (306) steps (0.0001 hrs) 0.00:-7992.12 45835 (32) sec
[259] Ep10000: Max 4295 (2620) steps (0.0007 hrs) 0.00:-7992.12 45903 (68) sec
[260] Ep10000: Max 4295 (2066) steps (0.0006 hrs) 0.00:-7992.12 45969 (66) sec
[261] Ep10000: Max 4295 (212) steps (0.0001 hrs) 0.00:-7992.12 46002 (33) sec
[262] Ep10000: Max 4295 (218) steps (0.0001 hrs) 0.00:-7992.12 46040 (38) sec
[263] Ep10000: Max 4295 (2017) steps (0.0006 hrs) 0.00:-7992.12 46111 (71) sec
[264] Ep10000: Max 4295 (2053) steps (0.0006 hrs) 0.00:-7992.12 46177 (66) sec
[265] Ep10000: Max 4295 (204) steps (0.0001 hrs) 0.00:-7992.12 46212 (35) sec
[266] Ep10000: Max 4295 (1957) steps (0.0005 hrs) 0.00:-7992.12 46280 (68) sec
[267] Ep10000: Max 4295 (2390) steps (0.0007 hrs) 0.00:-7992.12 46347 (67) sec
[268] Ep10000: Max 4295 (1738) steps (0.0005 hrs) 0.00:-7992.12 46415 (68) sec
[269] Ep10000: Max 4295 (2464) steps (0.0007 hrs) 0.00:-7992.12 46482 (67) sec
[270] Ep10000: Max 4295 (572) steps (0.0002 hrs) 0.00:-7992.12 46516 (34) sec
[271] Ep10000: Max 4295 (354) steps (0.0001 hrs) 0.00:-7992.12 46550 (34) sec
[272] Ep10000: Max 4295 (863) steps (0.0002 hrs) 0.00:-7992.12 46582 (32) sec
[273] Ep10000: Max 4295 (2671) steps (0.0007 hrs) 0.00:-7992.12 46620 (38) sec
[274] Ep10000: Max 4295 (2257) steps (0.0006 hrs) 0.00:-7992.12 46689 (69) sec
[275] Ep10000: Max 4295 (2488) steps (0.0007 hrs) 0.00:-7992.12 46751 (62) sec
[276] Ep10000: Max 4295 (2296) steps (0.0006 hrs) 0.00:-7992.12 46820 (69) sec
[277] Ep10000: Max 4295 (1028) steps (0.0003 hrs) 0.00:-7992.12 46855 (35) sec
[278] Ep10000: Max 4295 (2520) steps (0.0007 hrs) 0.00:-7992.12 46924 (69) sec
[279] Ep10000: Max 4295 (1353) steps (0.0004 hrs) 0.00:-7992.12 46960 (36) sec
[280] Ep10000: Max 4295 (325) steps (0.0001 hrs) 0.00:-7992.12 46995 (35) sec
[281] Ep10000: Max 4295 (2381) steps (0.0007 hrs) 0.00:-7992.12 47050 (55) sec
[282] Ep10000: Max 4295 (2527) steps (0.0007 hrs) 0.00:-7992.12 47118 (68) sec
[283] Ep10000: Max 4295 (2307) steps (0.0006 hrs) 0.00:-7992.12 47186 (68) sec
[284] Ep10000: Max 4295 (1049) steps (0.0003 hrs) 0.00:-7992.12 47222 (36) sec
[285] Ep10000: Max 4295 (1106) steps (0.0003 hrs) 0.00:-7992.12 47257 (35) sec
[286] Ep10000: Max 4295 (287) steps (0.0001 hrs) 0.00:-7992.12 47289 (32) sec
[287] Ep10000: Max 4295 (2513) steps (0.0007 hrs) 0.00:-7992.12 47352 (63) sec
[288] Ep10000: Max 4295 (2141) steps (0.0006 hrs) 0.00:-7992.12 47419 (67) sec
[289] Ep10000: Max 4295 (1925) steps (0.0005 hrs) 0.00:-7992.12 47470 (51) sec
[290] Ep10000: Max 4295 (252) steps (0.0001 hrs) 0.00:-7992.12 47503 (33) sec
[291] Ep10000: Max 4295 (2676) steps (0.0007 hrs) 0.00:-7992.12 47568 (65) sec
[292] Ep10000: Max 4295 (265) steps (0.0001 hrs) 0.00:-7992.12 47602 (34) sec
[293] Ep10000: Max 4295 (1039) steps (0.0003 hrs) 0.00:-7992.12 47634 (32) sec
[294] Ep10000: Max 4295 (2943) steps (0.0008 hrs) 0.00:-7992.12 47695 (61) sec
[295] Ep10000: Max 4295 (1864) steps (0.0005 hrs) 0.00:-7992.12 47765 (70) sec
[296] Ep10000: Max 4295 (415) steps (0.0001 hrs) 0.00:-7992.12 47799 (34) sec
[297] Ep10000: Max 4295 (354) steps (0.0001 hrs) 0.00:-7992.12 47831 (32) sec
[298] Ep10000: Max 4295 (2322) steps (0.0006 hrs) 0.00:-7992.12 47898 (67) sec
[299] Ep10000: Max 4295 (2720) steps (0.0008 hrs) 0.00:-7992.12 47967 (69) sec
[300] Ep10000: Max 4295 (427) steps (0.0001 hrs) 0.00:-7992.12 48000 (33) sec
[301] Ep10000: Max 4295 (2320) steps (0.0006 hrs) 0.00:-7992.12 48065 (65) sec
[302] Ep10000: Max 4295 (2464) steps (0.0007 hrs) 0.00:-7992.12 48131 (66) sec
[303] Ep10000: Max 4295 (1939) steps (0.0005 hrs) 0.00:-7992.12 48167 (36) sec
[304] Ep10000: Max 4295 (2303) steps (0.0006 hrs) 0.00:-7992.12 48227 (60) sec
[305] Ep10000: Max 4295 (2965) steps (0.0008 hrs) 0.00:-7992.12 48293 (66) sec
[306] Ep10000: Max 4295 (3010) steps (0.0008 hrs) 0.00:-7992.12 48361 (68) sec
[307] Ep10000: Max 4295 (1457) steps (0.0004 hrs) 0.00:-7992.12 48395 (34) sec
[308] Ep10000: Max 4295 (1112) steps (0.0003 hrs) 0.00:-7992.12 48430 (35) sec
[309] Ep10000: Max 4295 (613) steps (0.0002 hrs) 0.00:-7992.12 48464 (34) sec
[310] Ep10000: Max 4295 (2764) steps (0.0008 hrs) 0.00:-7992.12 48509 (45) sec
[311] Ep10000: Max 4295 (2113) steps (0.0006 hrs) 0.00:-7992.12 48576 (67) sec
[312] Ep10000: Max 4295 (2247) steps (0.0006 hrs) 0.00:-7992.12 48640 (64) sec
[313] Ep10000: Max 4295 (855) steps (0.0002 hrs) 0.00:-7992.12 48675 (35) sec
[314] Ep10000: Max 4295 (2985) steps (0.0008 hrs) 0.00:-7992.12 48741 (66) sec
[315] Ep10000: Max 4295 (2480) steps (0.0007 hrs) 0.00:-7992.12 48790 (49) sec
[316] Ep10000: Max 4295 (2390) steps (0.0007 hrs) 0.00:-7992.12 48858 (68) sec
[317] Ep10000: Max 4295 (2179) steps (0.0006 hrs) 0.00:-7992.12 48924 (66) sec
[318] Ep10000: Max 4295 (216) steps (0.0001 hrs) 0.00:-7992.12 48959 (35) sec
[319] Ep10000: Max 4295 (427) steps (0.0001 hrs) 0.00:-7992.12 48993 (34) sec
[320] Ep10000: Max 4295 (887) steps (0.0002 hrs) 0.00:-7992.12 49032 (39) sec
[321] Ep10000: Max 4295 (675) steps (0.0002 hrs) 0.00:-7992.12 49071 (39) sec
[322] Ep10000: Max 4295 (1077) steps (0.0003 hrs) 0.00:-7992.12 49103 (32) sec
[323] Ep10000: Max 4295 (823) steps (0.0002 hrs) 0.00:-7992.12 49137 (34) sec
[324] Ep10000: Max 4295 (231) steps (0.0001 hrs) 0.00:-7992.12 49171 (34) sec
[325] Ep10000: Max 4295 (545) steps (0.0002 hrs) 0.00:-7992.12 49207 (36) sec
[326] Ep10000: Max 4295 (2011) steps (0.0006 hrs) 0.00:-7992.12 49275 (68) sec
[327] Ep10000: Max 4295 (251) steps (0.0001 hrs) 0.00:-7992.12 49309 (34) sec
[328] Ep10000: Max 4295 (211) steps (0.0001 hrs) 0.00:-7992.12 49343 (34) sec
[329] Ep10000: Max 4295 (2661) steps (0.0007 hrs) 0.00:-7992.12 49409 (66) sec
[330] Ep10000: Max 4295 (1142) steps (0.0003 hrs) 0.00:-7992.12 49445 (36) sec
[331] Ep10000: Max 4295 (2445) steps (0.0007 hrs) 0.00:-7992.12 49515 (70) sec
[332] Ep10000: Max 4295 (2556) steps (0.0007 hrs) 0.00:-7992.12 49583 (68) sec
[333] Ep10000: Max 4295 (365) steps (0.0001 hrs) 0.00:-7992.12 49618 (35) sec
[334] Ep10000: Max 4295 (925) steps (0.0003 hrs) 0.00:-7992.12 49650 (32) sec
[335] Ep10000: Max 4295 (2758) steps (0.0008 hrs) 0.00:-7992.12 49718 (68) sec
[336] Ep10000: Max 4295 (1320) steps (0.0004 hrs) 0.00:-7992.12 49753 (35) sec
[337] Ep10000: Max 4295 (2087) steps (0.0006 hrs) 0.00:-7992.12 49821 (68) sec
[338] Ep10000: Max 4295 (588) steps (0.0002 hrs) 0.00:-7992.12 49855 (34) sec
[339] Ep10000: Max 4295 (2040) steps (0.0006 hrs) 0.00:-7992.12 49923 (68) sec
[340] Ep10000: Max 4295 (203) steps (0.0001 hrs) 0.00:-7992.12 49958 (35) sec
[341] Ep10000: Max 4295 (2429) steps (0.0007 hrs) 0.00:-7992.12 49998 (40) sec
[342] Ep10000: Max 4295 (1872) steps (0.0005 hrs) 0.00:-7992.12 50066 (68) sec
[343] Ep10000: Max 4295 (750) steps (0.0002 hrs) 0.00:-7992.12 50100 (34) sec
[344] Ep10000: Max 4295 (1993) steps (0.0006 hrs) 0.00:-7992.12 50167 (67) sec
[345] Ep10000: Max 4295 (1742) steps (0.0005 hrs) 0.00:-7992.12 50203 (36) sec
[346] Ep10000: Max 4295 (2266) steps (0.0006 hrs) 0.00:-7992.12 50270 (67) sec
[347] Ep10000: Max 4295 (345) steps (0.0001 hrs) 0.00:-7992.12 50304 (34) sec
[348] Ep10000: Max 4295 (2343) steps (0.0007 hrs) 0.00:-7992.12 50370 (66) sec
[349] Ep10000: Max 4295 (1776) steps (0.0005 hrs) 0.00:-7992.12 50407 (37) sec
[350] Ep10000: Max 4295 (1995) steps (0.0006 hrs) 0.00:-7992.12 50441 (34) sec
[351] Ep10000: Max 4295 (2005) steps (0.0006 hrs) 0.00:-7992.12 50481 (40) sec
[352] Ep10000: Max 4295 (2046) steps (0.0006 hrs) 0.00:-7992.12 50528 (47) sec
[353] Ep10000: Max 4295 (636) steps (0.0002 hrs) 0.00:-7992.12 50565 (37) sec
[354] Ep10000: Max 4295 (2104) steps (0.0006 hrs) 0.00:-7992.12 50633 (68) sec
[355] Ep10000: Max 4295 (982) steps (0.0003 hrs) 0.00:-7992.12 50667 (34) sec
[356] Ep10000: Max 4295 (2057) steps (0.0006 hrs) 0.00:-7992.12 50709 (42) sec
[357] Ep10000: Max 4295 (2804) steps (0.0008 hrs) 0.00:-7992.12 50779 (70) sec
[358] Ep10000: Max 4295 (204) steps (0.0001 hrs) 0.00:-7992.12 50812 (33) sec
[359] Ep10000: Max 4295 (207) steps (0.0001 hrs) 0.00:-7992.12 50847 (35) sec
[360] Ep10000: Max 4295 (2293) steps (0.0006 hrs) 0.00:-7992.12 50904 (57) sec
[361] Ep10000: Max 5288 (5288) steps (0.0015 hrs) 0.00:-7992.12 50979 (75) sec
[362] Ep10000: Max 5288 (1798) steps (0.0005 hrs) 0.00:-7992.12 51025 (46) sec
[363] Ep10000: Max 5288 (1997) steps (0.0006 hrs) 0.00:-7992.12 51093 (68) sec
[364] Ep10000: Max 5288 (780) steps (0.0002 hrs) 0.00:-7992.12 51125 (32) sec
[365] Ep10000: Max 5288 (1245) steps (0.0003 hrs) 0.00:-7992.12 51161 (36) sec
[366] Ep10000: Max 5288 (721) steps (0.0002 hrs) 0.00:-7992.12 51196 (35) sec
[367] Ep10000: Max 5288 (1228) steps (0.0003 hrs) 0.00:-7992.12 51232 (36) sec
[368] Ep10000: Max 5288 (233) steps (0.0001 hrs) 0.00:-7992.12 51266 (34) sec
[369] Ep10000: Max 5288 (203) steps (0.0001 hrs) 0.00:-7992.12 51299 (33) sec
[370] Ep10000: Max 5288 (915) steps (0.0003 hrs) 0.00:-7992.12 51337 (38) sec
[371] Ep10000: Max 5288 (293) steps (0.0001 hrs) 0.00:-7992.12 51370 (33) sec
[372] Ep10000: Max 5288 (731) steps (0.0002 hrs) 0.00:-7992.12 51407 (37) sec
[373] Ep10000: Max 5288 (2110) steps (0.0006 hrs) 0.00:-7992.12 51480 (73) sec
[374] Ep10000: Max 5288 (204) steps (0.0001 hrs) 0.00:-7992.12 51516 (36) sec
[375] Ep10000: Max 5288 (1120) steps (0.0003 hrs) 0.00:-7992.12 51551 (35) sec
[376] Ep10000: Max 5288 (772) steps (0.0002 hrs) 0.00:-7992.12 51584 (33) sec
[377] Ep10000: Max 5288 (2451) steps (0.0007 hrs) 0.00:-7992.12 51656 (72) sec
[378] Ep10000: Max 5288 (1944) steps (0.0005 hrs) 0.00:-7992.12 51711 (55) sec
[379] Ep10000: Max 5288 (2394) steps (0.0007 hrs) 0.00:-7992.12 51781 (70) sec
[380] Ep10000: Max 5288 (1883) steps (0.0005 hrs) 0.00:-7992.12 51843 (62) sec
[381] Ep10000: Max 5288 (583) steps (0.0002 hrs) 0.00:-7992.12 51877 (34) sec
[382] Ep10000: Max 5288 (436) steps (0.0001 hrs) 0.00:-7992.12 51911 (34) sec
[383] Ep10000: Max 5288 (2255) steps (0.0006 hrs) 0.00:-7992.12 51980 (69) sec
[384] Ep10000: Max 5288 (2267) steps (0.0006 hrs) 0.00:-7992.12 52051 (71) sec
[385] Ep10000: Max 5288 (2106) steps (0.0006 hrs) 0.00:-7992.12 52119 (68) sec
[386] Ep10000: Max 5288 (2218) steps (0.0006 hrs) 0.00:-7992.12 52185 (66) sec
[387] Ep10000: Max 5288 (525) steps (0.0001 hrs) 0.00:-7992.12 52221 (36) sec
[388] Ep10000: Max 5288 (1060) steps (0.0003 hrs) 0.00:-7992.12 52270 (49) sec
[389] Ep10000: Max 5288 (270) steps (0.0001 hrs) 0.00:-7992.12 52313 (43) sec
[390] Ep10000: Max 5288 (1258) steps (0.0003 hrs) 0.00:-7992.12 52350 (37) sec
[391] Ep10000: Max 5288 (1934) steps (0.0005 hrs) 0.00:-7992.12 52424 (74) sec
[392] Ep10000: Max 5288 (2752) steps (0.0008 hrs) 0.00:-7992.12 52497 (73) sec
[393] Ep10000: Max 5288 (378) steps (0.0001 hrs) 0.00:-7992.12 52536 (39) sec
[394] Ep10000: Max 5288 (2640) steps (0.0007 hrs) 0.00:-7992.12 52602 (66) sec
[395] Ep10000: Max 5288 (1892) steps (0.0005 hrs) 0.00:-7992.12 52664 (62) sec
[396] Ep10000: Max 5288 (526) steps (0.0001 hrs) 0.00:-7992.12 52705 (41) sec
[397] Ep10000: Max 5288 (2240) steps (0.0006 hrs) 0.00:-7992.12 52768 (63) sec
[398] Ep10000: Max 5288 (1694) steps (0.0005 hrs) 0.00:-7992.12 52804 (36) sec
[399] Ep10000: Max 5288 (299) steps (0.0001 hrs) 0.00:-7992.12 52844 (40) sec
[400] Ep10000: Max 5288 (2161) steps (0.0006 hrs) 0.00:-7992.12 52926 (82) sec
[401] Ep10000: Max 5288 (2035) steps (0.0006 hrs) 0.00:-7992.12 52999 (73) sec
[402] Ep10000: Max 5288 (1523) steps (0.0004 hrs) 0.00:-7992.12 53045 (46) sec
[403] Ep10000: Max 5288 (217) steps (0.0001 hrs) 0.00:-7992.12 53080 (35) sec
[404] Ep10000: Max 5288 (1404) steps (0.0004 hrs) 0.00:-7992.12 53119 (39) sec
[405] Ep10000: Max 5288 (1674) steps (0.0005 hrs) 0.00:-7992.12 53179 (60) sec
[406] Ep10000: Max 5288 (368) steps (0.0001 hrs) 0.00:-7992.12 53213 (34) sec
[407] Ep10000: Max 5288 (1913) steps (0.0005 hrs) 0.00:-7992.12 53254 (41) sec
[408] Ep10000: Max 5288 (2249) steps (0.0006 hrs) 0.00:-7992.12 53329 (75) sec
[409] Ep10000: Max 5288 (2640) steps (0.0007 hrs) 0.00:-7992.12 53410 (81) sec
[410] Ep10000: Max 5288 (1885) steps (0.0005 hrs) 0.00:-7992.12 53480 (70) sec
[411] Ep10000: Max 5288 (1345) steps (0.0004 hrs) 0.00:-7992.12 53516 (36) sec
[412] Ep10000: Max 5288 (2123) steps (0.0006 hrs) 0.00:-7992.12 53583 (67) sec
[413] Ep10000: Max 5288 (1859) steps (0.0005 hrs) 0.00:-7992.12 53618 (35) sec
[414] Ep10000: Max 5288 (203) steps (0.0001 hrs) 0.00:-7992.12 53651 (33) sec
[415] Ep10000: Max 5288 (816) steps (0.0002 hrs) 0.00:-7992.12 53685 (34) sec
[416] Ep10000: Max 5288 (2811) steps (0.0008 hrs) 0.00:-7992.12 53742 (57) sec
[417] Ep10000: Max 5288 (3014) steps (0.0008 hrs) 0.00:-7992.12 53806 (64) sec
[418] Ep10000: Max 5288 (2290) steps (0.0006 hrs) 0.00:-7992.12 53873 (67) sec
[419] Ep10000: Max 5288 (2836) steps (0.0008 hrs) 0.00:-7992.12 53936 (63) sec
[420] Ep10000: Max 5288 (2105) steps (0.0006 hrs) 0.00:-7992.12 53974 (38) sec
[421] Ep10000: Max 5288 (203) steps (0.0001 hrs) 0.00:-7992.12 54008 (34) sec
[422] Ep10000: Max 5288 (2272) steps (0.0006 hrs) 0.00:-7992.12 54073 (65) sec
[423] Ep10000: Max 5288 (1043) steps (0.0003 hrs) 0.00:-7992.12 54107 (34) sec
[424] Ep10000: Max 5288 (1649) steps (0.0005 hrs) 0.00:-7992.12 54140 (33) sec
[425] Ep10000: Max 5288 (338) steps (0.0001 hrs) 0.00:-7992.12 54175 (35) sec
[426] Ep10000: Max 5288 (1733) steps (0.0005 hrs) 0.00:-7992.12 54215 (40) sec
[427] Ep10000: Max 5288 (2542) steps (0.0007 hrs) 0.00:-7992.12 54277 (62) sec
[428] Ep10000: Max 5288 (1828) steps (0.0005 hrs) 0.00:-7992.12 54316 (39) sec
[429] Ep10000: Max 5288 (1781) steps (0.0005 hrs) 0.00:-7992.12 54353 (37) sec
[430] Ep10000: Max 5288 (2072) steps (0.0006 hrs) 0.00:-7992.12 54420 (67) sec
[431] Ep10000: Max 5288 (2231) steps (0.0006 hrs) 0.00:-7992.12 54487 (67) sec
[432] Ep10000: Max 5288 (266) steps (0.0001 hrs) 0.00:-7992.12 54521 (34) sec
[433] Ep10000: Max 5288 (1263) steps (0.0004 hrs) 0.00:-7992.12 54556 (35) sec
[434] Ep10000: Max 5288 (1381) steps (0.0004 hrs) 0.00:-7992.12 54594 (38) sec
[435] Ep10000: Max 5288 (2507) steps (0.0007 hrs) 0.00:-7992.12 54658 (64) sec
[436] Ep10000: Max 5288 (293) steps (0.0001 hrs) 0.00:-7992.12 54691 (33) sec
[437] Ep10000: Max 5288 (933) steps (0.0003 hrs) 0.00:-7992.12 54726 (35) sec
[438] Ep10000: Max 5288 (1565) steps (0.0004 hrs) 0.00:-7992.12 54760 (34) sec
[439] Ep10000: Max 5288 (2276) steps (0.0006 hrs) 0.00:-7992.12 54829 (69) sec
[440] Ep10000: Max 5288 (1949) steps (0.0005 hrs) 0.00:-7992.12 54895 (66) sec
[441] Ep10000: Max 5288 (1612) steps (0.0004 hrs) 0.00:-7992.12 54937 (42) sec
[442] Ep10000: Max 5288 (2310) steps (0.0006 hrs) 0.00:-7992.12 55005 (68) sec
[443] Ep10000: Max 5288 (2167) steps (0.0006 hrs) 0.00:-7992.12 55074 (69) sec
[444] Ep10000: Max 5288 (374) steps (0.0001 hrs) 0.00:-7992.12 55106 (32) sec
[445] Ep10000: Max 5288 (1845) steps (0.0005 hrs) 0.00:-7992.12 55144 (38) sec
[446] Ep10000: Max 5288 (204) steps (0.0001 hrs) 0.00:-7992.12 55176 (32) sec
[447] Ep10000: Max 5288 (2493) steps (0.0007 hrs) 0.00:-7992.12 55241 (65) sec
[448] Ep10000: Max 5288 (2399) steps (0.0007 hrs) 0.00:-7992.12 55303 (62) sec
[449] Ep10000: Max 5288 (2086) steps (0.0006 hrs) 0.00:-7992.12 55365 (62) sec
[450] Ep10000: Max 5288 (1755) steps (0.0005 hrs) 0.00:-7992.12 55399 (34) sec
[451] Ep10000: Max 5288 (1965) steps (0.0005 hrs) 0.00:-7992.12 55435 (36) sec
[452] Ep10000: Max 5288 (368) steps (0.0001 hrs) 0.00:-7992.12 55466 (31) sec
[453] Ep10000: Max 5288 (2473) steps (0.0007 hrs) 0.00:-7992.12 55522 (56) sec
[454] Ep10000: Max 5288 (1198) steps (0.0003 hrs) 0.00:-7992.12 55556 (34) sec
[455] Ep10000: Max 5288 (2419) steps (0.0007 hrs) 0.00:-7992.12 55622 (66) sec
[456] Ep10000: Max 5288 (2986) steps (0.0008 hrs) 0.00:-7992.12 55674 (52) sec
[457] Ep10000: Max 5288 (2391) steps (0.0007 hrs) 0.00:-7992.12 55743 (69) sec
[458] Ep10000: Max 5288 (577) steps (0.0002 hrs) 0.00:-7992.12 55776 (33) sec
[459] Ep10000: Max 5288 (359) steps (0.0001 hrs) 0.00:-7992.12 55806 (30) sec
[460] Ep10000: Max 5288 (1345) steps (0.0004 hrs) 0.00:-7992.12 55837 (31) sec
[461] Ep10000: Max 5288 (466) steps (0.0001 hrs) 0.00:-7992.12 55871 (34) sec
[462] Ep10000: Max 5288 (1054) steps (0.0003 hrs) 0.00:-7992.12 55905 (34) sec
[463] Ep10000: Max 5288 (1078) steps (0.0003 hrs) 0.00:-7992.12 55939 (34) sec
[464] Ep10000: Max 5288 (316) steps (0.0001 hrs) 0.00:-7992.12 55970 (31) sec
[465] Ep10000: Max 5288 (1833) steps (0.0005 hrs) 0.00:-7992.12 56036 (66) sec
[466] Ep10000: Max 5288 (525) steps (0.0001 hrs) 0.00:-7992.12 56068 (32) sec
[467] Ep10000: Max 5288 (357) steps (0.0001 hrs) 0.00:-7992.12 56102 (34) sec
[468] Ep10000: Max 5288 (912) steps (0.0003 hrs) 0.00:-7992.12 56135 (33) sec
[469] Ep10000: Max 5288 (910) steps (0.0003 hrs) 0.00:-7992.12 56166 (31) sec
[470] Ep10000: Max 5288 (235) steps (0.0001 hrs) 0.00:-7992.12 56200 (34) sec
[471] Ep10000: Max 5288 (1984) steps (0.0006 hrs) 0.00:-7992.12 56240 (40) sec
[472] Ep10000: Max 5288 (207) steps (0.0001 hrs) 0.00:-7992.12 56273 (33) sec
[473] Ep10000: Max 5288 (1292) steps (0.0004 hrs) 0.00:-7992.12 56306 (33) sec
[474] Ep10000: Max 5288 (2240) steps (0.0006 hrs) 0.00:-7992.12 56374 (68) sec
[475] Ep10000: Max 5288 (3774) steps (0.0010 hrs) 0.00:-7992.12 56450 (76) sec
[476] Ep10000: Max 5288 (2052) steps (0.0006 hrs) 0.00:-7992.12 56519 (69) sec
[477] Ep10000: Max 5288 (2601) steps (0.0007 hrs) 0.00:-7992.12 56581 (62) sec
[478] Ep10000: Max 5288 (2074) steps (0.0006 hrs) 0.00:-7992.12 56653 (72) sec
[479] Ep10000: Max 5288 (2725) steps (0.0008 hrs) 0.00:-7992.12 56721 (68) sec
[480] Ep10000: Max 5288 (2053) steps (0.0006 hrs) 0.00:-7992.12 56792 (71) sec
[481] Ep10000: Max 5288 (979) steps (0.0003 hrs) 0.00:-7992.12 56833 (41) sec
[482] Ep10000: Max 5288 (2820) steps (0.0008 hrs) 0.00:-7992.12 56881 (48) sec
[483] Ep10000: Max 5288 (242) steps (0.0001 hrs) 0.00:-7992.12 56916 (35) sec
[484] Ep10000: Max 5288 (1780) steps (0.0005 hrs) 0.00:-7992.12 56954 (38) sec
[485] Ep10000: Max 5288 (490) steps (0.0001 hrs) 0.00:-7992.12 56989 (35) sec
[486] Ep10000: Max 5288 (218) steps (0.0001 hrs) 0.00:-7992.12 57023 (34) sec
[487] Ep10000: Max 5288 (2090) steps (0.0006 hrs) 0.00:-7992.12 57091 (68) sec
[488] Ep10000: Max 5288 (1817) steps (0.0005 hrs) 0.00:-7992.12 57138 (47) sec
[489] Ep10000: Max 5288 (2637) steps (0.0007 hrs) 0.00:-7992.12 57210 (72) sec
[490] Ep10000: Max 5288 (1246) steps (0.0003 hrs) 0.00:-7992.12 57246 (36) sec
[491] Ep10000: Max 5288 (3488) steps (0.0010 hrs) 0.00:-7992.12 57317 (71) sec
[492] Ep10000: Max 5288 (539) steps (0.0001 hrs) 0.00:-7992.12 57352 (35) sec
[493] Ep10000: Max 5288 (2424) steps (0.0007 hrs) 0.00:-7992.12 57419 (67) sec
[494] Ep10000: Max 5288 (412) steps (0.0001 hrs) 0.00:-7992.12 57450 (31) sec
[495] Ep10000: Max 5288 (2090) steps (0.0006 hrs) 0.00:-7992.12 57519 (69) sec
[496] Ep10000: Max 5288 (1770) steps (0.0005 hrs) 0.00:-7992.12 57554 (35) sec
[497] Ep10000: Max 5288 (3158) steps (0.0009 hrs) 0.00:-7992.12 57622 (68) sec
[498] Ep10000: Max 5288 (1990) steps (0.0006 hrs) 0.00:-7992.12 57658 (36) sec
[499] Ep10000: Max 5288 (2329) steps (0.0006 hrs) 0.00:-7992.12 57706 (48) sec
[500] Ep10000: Max 5288 (2189) steps (0.0006 hrs) 0.00:-7992.12 57777 (71) sec
[501] Ep10000: Max 5288 (2074) steps (0.0006 hrs) 0.00:-7992.12 57843 (66) sec
[502] Ep10000: Max 5288 (2103) steps (0.0006 hrs) 0.00:-7992.12 57909 (66) sec
[503] Ep10000: Max 5288 (2601) steps (0.0007 hrs) 0.00:-7992.12 57942 (33) sec
[504] Ep10000: Max 5288 (2353) steps (0.0007 hrs) 0.00:-7992.12 58007 (65) sec
[505] Ep10000: Max 5288 (2304) steps (0.0006 hrs) 0.00:-7992.12 58110 (103) sec
[506] Ep10000: Max 5288 (2784) steps (0.0008 hrs) 0.00:-7992.12 58246 (136) sec
[507] Ep10000: Max 5288 (1238) steps (0.0003 hrs) 0.00:-7992.12 58306 (60) sec
[508] Ep10000: Max 5288 (2260) steps (0.0006 hrs) 0.00:-7992.12 58349 (43) sec
[509] Ep10000: Max 5288 (923) steps (0.0003 hrs) 0.00:-7992.12 58382 (33) sec
[510] Ep10000: Max 5288 (2642) steps (0.0007 hrs) 0.00:-7992.12 58449 (67) sec
[511] Ep10000: Max 5288 (1708) steps (0.0005 hrs) 0.00:-7992.12 58494 (45) sec
[512] Ep10000: Max 5288 (2230) steps (0.0006 hrs) 0.00:-7992.12 58748 (254) sec
[513] Ep10000: Max 5288 (2432) steps (0.0007 hrs) 0.00:-7992.12 59166 (418) sec
[514] Ep10000: Max 5288 (2291) steps (0.0006 hrs) 0.00:-7992.12 59564 (398) sec
[515] Ep10000: Max 5288 (445) steps (0.0001 hrs) 0.00:-7992.12 59603 (39) sec
[516] Ep10000: Max 5288 (1930) steps (0.0005 hrs) 0.00:-7992.12 59645 (42) sec
[517] Ep10000: Max 5288 (1619) steps (0.0004 hrs) 0.00:-7992.12 59684 (39) sec
[518] Ep10000: Max 5288 (271) steps (0.0001 hrs) 0.00:-7992.12 59737 (53) sec
[519] Ep10000: Max 5288 (2158) steps (0.0006 hrs) 0.00:-7992.12 59803 (66) sec
[520] Ep10000: Max 5288 (2379) steps (0.0007 hrs) 0.00:-7992.12 59886 (83) sec
[521] Ep10000: Max 5288 (2118) steps (0.0006 hrs) 0.00:-7992.12 59956 (70) sec
[522] Ep10000: Max 5288 (1899) steps (0.0005 hrs) 0.00:-7992.12 60035 (79) sec
[523] Ep10000: Max 5288 (2215) steps (0.0006 hrs) 0.00:-7992.12 60086 (51) sec
[524] Ep10000: Max 5288 (2668) steps (0.0007 hrs) 0.00:-7992.12 60153 (67) sec
[525] Ep10000: Max 5288 (927) steps (0.0003 hrs) 0.00:-7992.12 60194 (41) sec
[526] Ep10000: Max 5288 (306) steps (0.0001 hrs) 0.00:-7992.12 60232 (38) sec
[527] Ep10000: Max 5288 (454) steps (0.0001 hrs) 0.00:-7992.12 60265 (33) sec
[528] Ep10000: Max 5288 (423) steps (0.0001 hrs) 0.00:-7992.12 60299 (34) sec
[529] Ep10000: Max 5288 (2362) steps (0.0007 hrs) 0.00:-7992.12 60334 (35) sec
[530] Ep10000: Max 5288 (2501) steps (0.0007 hrs) 0.00:-7992.12 60401 (67) sec
[531] Ep10000: Max 5288 (837) steps (0.0002 hrs) 0.00:-7992.12 60437 (36) sec
[532] Ep10000: Max 5288 (1720) steps (0.0005 hrs) 0.00:-7992.12 60476 (39) sec
[533] Ep10000: Max 5288 (371) steps (0.0001 hrs) 0.00:-7992.12 60509 (33) sec
[534] Ep10000: Max 5288 (3558) steps (0.0010 hrs) 0.00:-7992.12 60577 (68) sec
[535] Ep10000: Max 5288 (255) steps (0.0001 hrs) 0.00:-7992.12 60610 (33) sec
[536] Ep10000: Max 5288 (244) steps (0.0001 hrs) 0.00:-7992.12 60645 (35) sec
[537] Ep10000: Max 5288 (2145) steps (0.0006 hrs) 0.00:-7992.12 60714 (69) sec
[538] Ep10000: Max 5288 (619) steps (0.0002 hrs) 0.00:-7992.12 60749 (35) sec
[539] Ep10000: Max 5288 (1074) steps (0.0003 hrs) 0.00:-7992.12 60782 (33) sec
[540] Ep10000: Max 5288 (2732) steps (0.0008 hrs) 0.00:-7992.12 60849 (67) sec
[541] Ep10000: Max 5288 (855) steps (0.0002 hrs) 0.00:-7992.12 60881 (32) sec
[542] Ep10000: Max 5288 (1252) steps (0.0003 hrs) 0.00:-7992.12 60916 (35) sec
[543] Ep10000: Max 5288 (934) steps (0.0003 hrs) 0.00:-7992.12 60949 (33) sec
[544] Ep10000: Max 5288 (202) steps (0.0001 hrs) 0.00:-7992.12 60984 (35) sec
[545] Ep10000: Max 5288 (2572) steps (0.0007 hrs) 0.00:-7992.12 61052 (68) sec
[546] Ep10000: Max 5288 (2028) steps (0.0006 hrs) 0.00:-7992.12 61115 (63) sec
[547] Ep10000: Max 5288 (2022) steps (0.0006 hrs) 0.00:-7992.12 61178 (63) sec
[548] Ep10000: Max 5288 (1524) steps (0.0004 hrs) 0.00:-7992.12 61211 (33) sec
[549] Ep10000: Max 5288 (203) steps (0.0001 hrs) 0.00:-7992.12 61243 (32) sec
[550] Ep10000: Max 5288 (1796) steps (0.0005 hrs) 0.00:-7992.12 61303 (60) sec
[551] Ep10000: Max 5288 (232) steps (0.0001 hrs) 0.00:-7992.12 61336 (33) sec
[552] Ep10000: Max 5288 (655) steps (0.0002 hrs) 0.00:-7992.12 61373 (37) sec
[553] Ep10000: Max 5288 (1924) steps (0.0005 hrs) 0.00:-7992.12 61415 (42) sec
[554] Ep10000: Max 5288 (204) steps (0.0001 hrs) 0.00:-7992.12 61448 (33) sec
[555] Ep10000: Max 5288 (423) steps (0.0001 hrs) 0.00:-7992.12 61481 (33) sec
[556] Ep10000: Max 5288 (2528) steps (0.0007 hrs) 0.00:-7992.12 61550 (69) sec
[557] Ep10000: Max 5288 (1422) steps (0.0004 hrs) 0.00:-7992.12 61585 (35) sec
[558] Ep10000: Max 5288 (1035) steps (0.0003 hrs) 0.00:-7992.12 61617 (32) sec
[559] Ep10000: Max 5288 (2179) steps (0.0006 hrs) 0.00:-7992.12 61678 (61) sec
[560] Ep10000: Max 5288 (1946) steps (0.0005 hrs) 0.00:-7992.12 61737 (59) sec
[561] Ep10000: Max 5288 (399) steps (0.0001 hrs) 0.00:-7992.12 61770 (33) sec
[562] Ep10000: Max 5288 (1181) steps (0.0003 hrs) 0.00:-7992.12 61804 (34) sec
[563] Ep10000: Max 5288 (327) steps (0.0001 hrs) 0.00:-7992.12 61837 (33) sec
[564] Ep10000: Max 5288 (1317) steps (0.0004 hrs) 0.00:-7992.12 61870 (33) sec
[565] Ep10000: Max 5288 (1119) steps (0.0003 hrs) 0.00:-7992.12 61903 (33) sec
[566] Ep10000: Max 5288 (1349) steps (0.0004 hrs) 0.00:-7992.12 61938 (35) sec
[567] Ep10000: Max 5288 (557) steps (0.0002 hrs) 0.00:-7992.12 61972 (34) sec
[568] Ep10000: Max 5288 (688) steps (0.0002 hrs) 0.00:-7992.12 62005 (33) sec
[569] Ep10000: Max 5288 (2226) steps (0.0006 hrs) 0.00:-7992.12 62070 (65) sec
[570] Ep10000: Max 5288 (2532) steps (0.0007 hrs) 0.00:-7992.12 62138 (68) sec
[571] Ep10000: Max 5288 (1551) steps (0.0004 hrs) 0.00:-7992.12 62214 (76) sec
[572] Ep10000: Max 5288 (730) steps (0.0002 hrs) 0.00:-7992.12 62294 (80) sec
[573] Ep10000: Max 5288 (959) steps (0.0003 hrs) 0.00:-7992.12 62375 (81) sec
[574] Ep10000: Max 5288 (323) steps (0.0001 hrs) 0.00:-7992.12 62440 (65) sec
[575] Ep10000: Max 5288 (2730) steps (0.0008 hrs) 0.00:-7992.12 62548 (108) sec
[576] Ep10000: Max 5288 (2055) steps (0.0006 hrs) 0.00:-7992.12 62672 (124) sec
[577] Ep10000: Max 5288 (1058) steps (0.0003 hrs) 0.00:-7992.12 62743 (71) sec
[578] Ep10000: Max 5288 (2195) steps (0.0006 hrs) 0.00:-7992.12 62886 (143) sec
[579] Ep10000: Max 5288 (1686) steps (0.0005 hrs) 0.00:-7992.12 62988 (102) sec
[580] Ep10000: Max 5288 (2642) steps (0.0007 hrs) 0.00:-7992.12 63110 (122) sec
[581] Ep10000: Max 5288 (1829) steps (0.0005 hrs) 0.00:-7992.12 63196 (86) sec
[582] Ep10000: Max 5288 (2162) steps (0.0006 hrs) 0.00:-7992.12 63365 (169) sec
[583] Ep10000: Max 5288 (205) steps (0.0001 hrs) 0.00:-7992.12 63454 (89) sec
[584] Ep10000: Max 5288 (462) steps (0.0001 hrs) 0.00:-7992.12 63533 (79) sec
[585] Ep10000: Max 5288 (2958) steps (0.0008 hrs) 0.00:-7992.12 63692 (159) sec
[586] Ep10000: Max 5288 (3217) steps (0.0009 hrs) 0.00:-7992.12 63755 (63) sec
[587] Ep10000: Max 5288 (718) steps (0.0002 hrs) 0.00:-7992.12 63786 (31) sec
[588] Ep10000: Max 5288 (1972) steps (0.0005 hrs) 0.00:-7992.12 63852 (66) sec
[589] Ep10000: Max 5288 (698) steps (0.0002 hrs) 0.00:-7992.12 63886 (34) sec
[590] Ep10000: Max 5288 (1790) steps (0.0005 hrs) 0.00:-7992.12 63953 (67) sec
[591] Ep10000: Max 5288 (314) steps (0.0001 hrs) 0.00:-7992.12 63987 (34) sec
[592] Ep10000: Max 5288 (511) steps (0.0001 hrs) 0.00:-7992.12 64019 (32) sec
[593] Ep10000: Max 5288 (992) steps (0.0003 hrs) 0.00:-7992.12 64053 (34) sec
[594] Ep10000: Max 5288 (2189) steps (0.0006 hrs) 0.00:-7992.12 64118 (65) sec
[595] Ep10000: Max 5288 (2617) steps (0.0007 hrs) 0.00:-7992.12 64184 (66) sec
[596] Ep10000: Max 5288 (260) steps (0.0001 hrs) 0.00:-7992.12 64218 (34) sec
[597] Ep10000: Max 5288 (2243) steps (0.0006 hrs) 0.00:-7992.12 64280 (62) sec
[598] Ep10000: Max 5288 (432) steps (0.0001 hrs) 0.00:-7992.12 64314 (34) sec
[599] Ep10000: Max 5288 (2002) steps (0.0006 hrs) 0.00:-7992.12 64381 (67) sec
[600] Ep10000: Max 5288 (1791) steps (0.0005 hrs) 0.00:-7992.12 64427 (46) sec
[601] Ep10000: Max 5288 (2008) steps (0.0006 hrs) 0.00:-7992.12 64495 (68) sec
[602] Ep10000: Max 5288 (560) steps (0.0002 hrs) 0.00:-7992.12 64527 (32) sec
[603] Ep10000: Max 5288 (316) steps (0.0001 hrs) 0.00:-7992.12 64558 (31) sec
[604] Ep10000: Max 5288 (221) steps (0.0001 hrs) 0.00:-7992.12 64591 (33) sec
[605] Ep10000: Max 5288 (2481) steps (0.0007 hrs) 0.00:-7992.12 64644 (53) sec
[606] Ep10000: Max 5288 (275) steps (0.0001 hrs) 0.00:-7992.12 64675 (31) sec
[607] Ep10000: Max 5288 (2256) steps (0.0006 hrs) 0.00:-7992.12 64729 (54) sec
[608] Ep10000: Max 5288 (1216) steps (0.0003 hrs) 0.00:-7992.12 64763 (34) sec
[609] Ep10000: Max 5288 (2323) steps (0.0006 hrs) 0.00:-7992.12 64797 (34) sec
[610] Ep10000: Max 5288 (4549) steps (0.0013 hrs) 0.00:-7992.12 64865 (68) sec
[611] Ep10000: Max 5288 (973) steps (0.0003 hrs) 0.00:-7992.12 64899 (34) sec
[612] Ep10000: Max 5288 (851) steps (0.0002 hrs) 0.00:-7992.12 64933 (34) sec
[613] Ep10000: Max 5288 (1941) steps (0.0005 hrs) 0.00:-7992.12 65002 (69) sec
[614] Ep10000: Max 5288 (1248) steps (0.0003 hrs) 0.00:-7992.12 65037 (35) sec
[615] Ep10000: Max 5288 (2163) steps (0.0006 hrs) 0.00:-7992.12 65103 (66) sec
[616] Ep10000: Max 5288 (212) steps (0.0001 hrs) 0.00:-7992.12 65136 (33) sec
[617] Ep10000: Max 5288 (740) steps (0.0002 hrs) 0.00:-7992.12 65167 (31) sec
[618] Ep10000: Max 5288 (1904) steps (0.0005 hrs) 0.00:-7992.12 65216 (49) sec
[619] Ep10000: Max 5288 (1300) steps (0.0004 hrs) 0.00:-7992.12 65250 (34) sec
[620] Ep10000: Max 5288 (2129) steps (0.0006 hrs) 0.00:-7992.12 65315 (65) sec
[621] Ep10000: Max 5288 (1256) steps (0.0003 hrs) 0.00:-7992.12 65349 (34) sec
[622] Ep10000: Max 5288 (2036) steps (0.0006 hrs) 0.00:-7992.12 65414 (65) sec
[623] Ep10000: Max 5288 (204) steps (0.0001 hrs) 0.00:-7992.12 65446 (32) sec
[624] Ep10000: Max 5288 (2377) steps (0.0007 hrs) 0.00:-7992.12 65518 (72) sec
[625] Ep10000: Max 5288 (2249) steps (0.0006 hrs) 0.00:-7992.12 65585 (67) sec
[626] Ep10000: Max 5288 (1762) steps (0.0005 hrs) 0.00:-7992.12 65652 (67) sec
[627] Ep10000: Max 5288 (4081) steps (0.0011 hrs) 0.00:-7992.12 65720 (68) sec
[628] Ep10000: Max 5288 (2172) steps (0.0006 hrs) 0.00:-7992.12 65789 (69) sec
[629] Ep10000: Max 5288 (1113) steps (0.0003 hrs) 0.00:-7992.12 65823 (34) sec
[630] Ep10000: Max 5288 (1233) steps (0.0003 hrs) 0.00:-7992.12 65858 (35) sec
[631] Ep10000: Max 5288 (1099) steps (0.0003 hrs) 0.00:-7992.12 65889 (31) sec
[632] Ep10000: Max 5288 (1237) steps (0.0003 hrs) 0.00:-7992.12 65921 (32) sec
[633] Ep10000: Max 5288 (3012) steps (0.0008 hrs) 0.00:-7992.12 65988 (67) sec
[634] Ep10000: Max 5288 (949) steps (0.0003 hrs) 0.00:-7992.12 66021 (33) sec
[635] Ep10000: Max 5288 (3301) steps (0.0009 hrs) 0.00:-7992.12 66088 (67) sec
[636] Ep10000: Max 5288 (2181) steps (0.0006 hrs) 0.00:-7992.12 66155 (67) sec
[637] Ep10000: Max 5288 (336) steps (0.0001 hrs) 0.00:-7992.12 66186 (31) sec
[638] Ep10000: Max 5288 (1179) steps (0.0003 hrs) 0.00:-7992.12 66222 (36) sec
[639] Ep10000: Max 5288 (2580) steps (0.0007 hrs) 0.00:-7992.12 66278 (56) sec
[640] Ep10000: Max 5288 (1263) steps (0.0004 hrs) 0.00:-7992.12 66307 (29) sec
[641] Ep10000: Max 5288 (2121) steps (0.0006 hrs) 0.00:-7992.12 66336 (29) sec
[642] Ep10000: Max 5288 (552) steps (0.0002 hrs) 0.00:-7992.12 66364 (28) sec
[643] Ep10000: Max 5288 (2386) steps (0.0007 hrs) 0.00:-7992.12 66420 (56) sec
[644] Ep10000: Max 5288 (541) steps (0.0002 hrs) 0.00:-7992.12 66447 (27) sec
[645] Ep10000: Max 5288 (965) steps (0.0003 hrs) 0.00:-7992.12 66475 (28) sec
[646] Ep10000: Max 5288 (2440) steps (0.0007 hrs) 0.00:-7992.12 66532 (57) sec
[647] Ep10000: Max 5288 (1071) steps (0.0003 hrs) 0.00:-7992.12 66559 (27) sec
[648] Ep10000: Max 5288 (2620) steps (0.0007 hrs) 0.00:-7992.12 66616 (57) sec
[649] Ep10000: Max 5288 (2235) steps (0.0006 hrs) 0.00:-7992.12 66674 (58) sec
[650] Ep10000: Max 5288 (3247) steps (0.0009 hrs) 0.00:-7992.12 66730 (56) sec
[651] Ep10000: Max 5288 (685) steps (0.0002 hrs) 0.00:-7992.12 66757 (27) sec
[652] Ep10000: Max 5288 (552) steps (0.0002 hrs) 0.00:-7992.12 66784 (27) sec
[653] Ep10000: Max 5288 (2392) steps (0.0007 hrs) 0.00:-7992.12 66841 (57) sec
[654] Ep10000: Max 5288 (1520) steps (0.0004 hrs) 0.00:-7992.12 66868 (27) sec
[655] Ep10000: Max 5288 (1536) steps (0.0004 hrs) 0.00:-7992.12 66895 (27) sec
[656] Ep10000: Max 5288 (1874) steps (0.0005 hrs) 0.00:-7992.12 66925 (30) sec
[657] Ep10000: Max 5288 (596) steps (0.0002 hrs) 0.00:-7992.12 66953 (28) sec
[658] Ep10000: Max 5288 (2330) steps (0.0006 hrs) 0.00:-7992.12 67009 (56) sec
[659] Ep10000: Max 5288 (651) steps (0.0002 hrs) 0.00:-7992.12 67036 (27) sec
[660] Ep10000: Max 5288 (2215) steps (0.0006 hrs) 0.00:-7992.12 67093 (57) sec
[661] Ep10000: Max 5288 (2902) steps (0.0008 hrs) 0.00:-7992.12 67126 (33) sec
[662] Ep10000: Max 5288 (1428) steps (0.0004 hrs) 0.00:-7992.12 67155 (29) sec
[663] Ep10000: Max 5288 (482) steps (0.0001 hrs) 0.00:-7992.12 67182 (27) sec
[664] Ep10000: Max 5288 (1943) steps (0.0005 hrs) 0.00:-7992.12 67236 (54) sec
[665] Ep10000: Max 5288 (1848) steps (0.0005 hrs) 0.00:-7992.12 67267 (31) sec
[666] Ep10000: Max 5288 (294) steps (0.0001 hrs) 0.00:-7992.12 67295 (28) sec
[667] Ep10000: Max 5288 (1803) steps (0.0005 hrs) 0.00:-7992.12 67332 (37) sec
[668] Ep10000: Max 5288 (2086) steps (0.0006 hrs) 0.00:-7992.12 67387 (55) sec
[669] Ep10000: Max 5288 (1963) steps (0.0005 hrs) 0.00:-7992.12 67439 (52) sec
[670] Ep10000: Max 5288 (2192) steps (0.0006 hrs) 0.00:-7992.12 67495 (56) sec
[671] Ep10000: Max 5288 (259) steps (0.0001 hrs) 0.00:-7992.12 67522 (27) sec
[672] Ep10000: Max 5288 (271) steps (0.0001 hrs) 0.00:-7992.12 67549 (27) sec
[673] Ep10000: Max 5288 (811) steps (0.0002 hrs) 0.00:-7992.12 67576 (27) sec
[674] Ep10000: Max 5288 (648) steps (0.0002 hrs) 0.00:-7992.12 67603 (27) sec
[675] Ep10000: Max 5288 (573) steps (0.0002 hrs) 0.00:-7992.12 67630 (27) sec
[676] Ep10000: Max 5288 (716) steps (0.0002 hrs) 0.00:-7992.12 67658 (28) sec
[677] Ep10000: Max 5288 (2186) steps (0.0006 hrs) 0.00:-7992.12 67698 (40) sec
[678] Ep10000: Max 5288 (1844) steps (0.0005 hrs) 0.00:-7992.12 67752 (54) sec
[679] Ep10000: Max 5288 (1583) steps (0.0004 hrs) 0.00:-7992.12 67791 (39) sec
[680] Ep10000: Max 5288 (1370) steps (0.0004 hrs) 0.00:-7992.12 67819 (28) sec
[681] Ep10000: Max 5288 (2827) steps (0.0008 hrs) 0.00:-7992.12 67873 (54) sec
[682] Ep10000: Max 5288 (2101) steps (0.0006 hrs) 0.00:-7992.12 67922 (49) sec
[683] Ep10000: Max 5288 (296) steps (0.0001 hrs) 0.00:-7992.12 67948 (26) sec
[684] Ep10000: Max 5288 (2461) steps (0.0007 hrs) 0.00:-7992.12 67982 (34) sec
[685] Ep10000: Max 5288 (2528) steps (0.0007 hrs) 0.00:-7992.12 68040 (58) sec
[686] Ep10000: Max 5288 (2633) steps (0.0007 hrs) 0.00:-7992.12 68073 (33) sec
[687] Ep10000: Max 5288 (290) steps (0.0001 hrs) 0.00:-7992.12 68100 (27) sec
[688] Ep10000: Max 5288 (1173) steps (0.0003 hrs) 0.00:-7992.12 68128 (28) sec
[689] Ep10000: Max 5288 (2123) steps (0.0006 hrs) 0.00:-7992.12 68185 (57) sec
[690] Ep10000: Max 5288 (2124) steps (0.0006 hrs) 0.00:-7992.12 68241 (56) sec
[691] Ep10000: Max 5288 (993) steps (0.0003 hrs) 0.00:-7992.12 68268 (27) sec
[692] Ep10000: Max 5288 (1645) steps (0.0005 hrs) 0.00:-7992.12 68300 (32) sec
[693] Ep10000: Max 5288 (643) steps (0.0002 hrs) 0.00:-7992.12 68327 (27) sec
[694] Ep10000: Max 5288 (321) steps (0.0001 hrs) 0.00:-7992.12 68354 (27) sec
[695] Ep10000: Max 5288 (1854) steps (0.0005 hrs) 0.00:-7992.12 68385 (31) sec
[696] Ep10000: Max 5288 (1118) steps (0.0003 hrs) 0.00:-7992.12 68413 (28) sec
[697] Ep10000: Max 5288 (2128) steps (0.0006 hrs) 0.00:-7992.12 68468 (55) sec
[698] Ep10000: Max 5288 (459) steps (0.0001 hrs) 0.00:-7992.12 68495 (27) sec
[699] Ep10000: Max 5288 (1586) steps (0.0004 hrs) 0.00:-7992.12 68532 (37) sec
[700] Ep10000: Max 5288 (902) steps (0.0003 hrs) 0.00:-7992.12 68559 (27) sec
[701] Ep10000: Max 5288 (387) steps (0.0001 hrs) 0.00:-7992.12 68588 (29) sec
[702] Ep10000: Max 5288 (2423) steps (0.0007 hrs) 0.00:-7992.12 68642 (54) sec
[703] Ep10000: Max 5288 (2086) steps (0.0006 hrs) 0.00:-7992.12 68677 (35) sec
[704] Ep10000: Max 5288 (2641) steps (0.0007 hrs) 0.00:-7992.12 68735 (58) sec
[705] Ep10000: Max 5288 (684) steps (0.0002 hrs) 0.00:-7992.12 68762 (27) sec
[706] Ep10000: Max 5288 (2036) steps (0.0006 hrs) 0.00:-7992.12 68818 (56) sec
[707] Ep10000: Max 5288 (1285) steps (0.0004 hrs) 0.00:-7992.12 68847 (29) sec
[708] Ep10000: Max 5288 (383) steps (0.0001 hrs) 0.00:-7992.12 68874 (27) sec
[709] Ep10000: Max 5288 (1335) steps (0.0004 hrs) 0.00:-7992.12 68901 (27) sec
[710] Ep10000: Max 5288 (859) steps (0.0002 hrs) 0.00:-7992.12 68928 (27) sec
[711] Ep10000: Max 5288 (2390) steps (0.0007 hrs) 0.00:-7992.12 68981 (53) sec
[712] Ep10000: Max 5288 (2166) steps (0.0006 hrs) 0.00:-7992.12 69014 (33) sec
[713] Ep10000: Max 5288 (1988) steps (0.0006 hrs) 0.00:-7992.12 69067 (53) sec
[714] Ep10000: Max 5288 (501) steps (0.0001 hrs) 0.00:-7992.12 69094 (27) sec
[715] Ep10000: Max 5288 (2134) steps (0.0006 hrs) 0.00:-7992.12 69149 (55) sec
[716] Ep10000: Max 5288 (2096) steps (0.0006 hrs) 0.00:-7992.12 69205 (56) sec
[717] Ep10000: Max 5288 (2718) steps (0.0008 hrs) 0.00:-7992.12 69263 (58) sec
[718] Ep10000: Max 5288 (2077) steps (0.0006 hrs) 0.00:-7992.12 69294 (31) sec
[719] Ep10000: Max 5288 (3297) steps (0.0009 hrs) 0.00:-7992.12 69355 (61) sec
[720] Ep10000: Max 5288 (1898) steps (0.0005 hrs) 0.00:-7992.12 69395 (40) sec
[721] Ep10000: Max 5288 (3000) steps (0.0008 hrs) 0.00:-7992.12 69451 (56) sec
[722] Ep10000: Max 5288 (2196) steps (0.0006 hrs) 0.00:-7992.12 69508 (57) sec
[723] Ep10000: Max 5288 (2187) steps (0.0006 hrs) 0.00:-7992.12 69535 (27) sec
[724] Ep10000: Max 5288 (267) steps (0.0001 hrs) 0.00:-7992.12 69562 (27) sec
[725] Ep10000: Max 5288 (202) steps (0.0001 hrs) 0.00:-7992.12 69589 (27) sec
[726] Ep10000: Max 5288 (1792) steps (0.0005 hrs) 0.00:-7992.12 69617 (28) sec
[727] Ep10000: Max 5288 (444) steps (0.0001 hrs) 0.00:-7992.12 69644 (27) sec
[728] Ep10000: Max 5288 (2096) steps (0.0006 hrs) 0.00:-7992.12 69701 (57) sec
[729] Ep10000: Max 5288 (242) steps (0.0001 hrs) 0.00:-7992.12 69728 (27) sec
[730] Ep10000: Max 5288 (2617) steps (0.0007 hrs) 0.00:-7992.12 69785 (57) sec
[731] Ep10000: Max 5288 (2305) steps (0.0006 hrs) 0.00:-7992.12 69841 (56) sec
[732] Ep10000: Max 5288 (1839) steps (0.0005 hrs) 0.00:-7992.12 69898 (57) sec
[733] Ep10000: Max 5288 (919) steps (0.0003 hrs) 0.00:-7992.12 69925 (27) sec
[734] Ep10000: Max 5288 (2176) steps (0.0006 hrs) 0.00:-7992.12 69981 (56) sec
[735] Ep10000: Max 5288 (262) steps (0.0001 hrs) 0.00:-7992.12 70008 (27) sec
[736] Ep10000: Max 5288 (825) steps (0.0002 hrs) 0.00:-7992.12 70035 (27) sec
[737] Ep10000: Max 5288 (1894) steps (0.0005 hrs) 0.00:-7992.12 70071 (36) sec
[738] Ep10000: Max 5288 (382) steps (0.0001 hrs) 0.00:-7992.12 70098 (27) sec
[739] Ep10000: Max 5288 (2154) steps (0.0006 hrs) 0.00:-7992.12 70140 (42) sec
[740] Ep10000: Max 5288 (450) steps (0.0001 hrs) 0.00:-7992.12 70167 (27) sec
[741] Ep10000: Max 5288 (2979) steps (0.0008 hrs) 0.00:-7992.12 70221 (54) sec
[742] Ep10000: Max 5288 (407) steps (0.0001 hrs) 0.00:-7992.12 70248 (27) sec
[743] Ep10000: Max 5288 (1894) steps (0.0005 hrs) 0.00:-7992.12 70277 (29) sec
[744] Ep10000: Max 5288 (2051) steps (0.0006 hrs) 0.00:-7992.12 70333 (56) sec
[745] Ep10000: Max 5288 (298) steps (0.0001 hrs) 0.00:-7992.12 70360 (27) sec
[746] Ep10000: Max 5288 (888) steps (0.0002 hrs) 0.00:-7992.12 70387 (27) sec
[747] Ep10000: Max 5288 (2070) steps (0.0006 hrs) 0.00:-7992.12 70444 (57) sec
[748] Ep10000: Max 5288 (2019) steps (0.0006 hrs) 0.00:-7992.12 70501 (57) sec
[749] Ep10000: Max 5288 (2088) steps (0.0006 hrs) 0.00:-7992.12 70556 (55) sec
[750] Ep10000: Max 5288 (1052) steps (0.0003 hrs) 0.00:-7992.12 70582 (26) sec
[751] Ep10000: Max 5288 (1516) steps (0.0004 hrs) 0.00:-7992.12 70610 (28) sec
[752] Ep10000: Max 5288 (468) steps (0.0001 hrs) 0.00:-7992.12 70637 (27) sec
[753] Ep10000: Max 5288 (2441) steps (0.0007 hrs) 0.00:-7992.12 70679 (42) sec
[754] Ep10000: Max 5288 (2639) steps (0.0007 hrs) 0.00:-7992.12 70727 (48) sec
[755] Ep10000: Max 5288 (2102) steps (0.0006 hrs) 0.00:-7992.12 70780 (53) sec
[756] Ep10000: Max 5288 (2684) steps (0.0007 hrs) 0.00:-7992.12 70837 (57) sec
[757] Ep10000: Max 5288 (2078) steps (0.0006 hrs) 0.00:-7992.12 70893 (56) sec
[758] Ep10000: Max 5288 (2338) steps (0.0006 hrs) 0.00:-7992.12 70949 (56) sec
[759] Ep10000: Max 5288 (2203) steps (0.0006 hrs) 0.00:-7992.12 71006 (57) sec
[760] Ep10000: Max 5288 (2806) steps (0.0008 hrs) 0.00:-7992.12 71060 (54) sec
[761] Ep10000: Max 5288 (1875) steps (0.0005 hrs) 0.00:-7992.12 71117 (57) sec
[762] Ep10000: Max 5288 (935) steps (0.0003 hrs) 0.00:-7992.12 71144 (27) sec
[763] Ep10000: Max 5288 (2082) steps (0.0006 hrs) 0.00:-7992.12 71201 (57) sec
[764] Ep10000: Max 5288 (1025) steps (0.0003 hrs) 0.00:-7992.12 71229 (28) sec
[765] Ep10000: Max 5288 (1669) steps (0.0005 hrs) 0.00:-7992.12 71267 (38) sec
[766] Ep10000: Max 5288 (2002) steps (0.0006 hrs) 0.00:-7992.12 71324 (57) sec
[767] Ep10000: Max 5288 (961) steps (0.0003 hrs) 0.00:-7992.12 71351 (27) sec
[768] Ep10000: Max 5288 (2033) steps (0.0006 hrs) 0.00:-7992.12 71406 (55) sec
[769] Ep10000: Max 5288 (343) steps (0.0001 hrs) 0.00:-7992.12 71433 (27) sec
[770] Ep10000: Max 5288 (2492) steps (0.0007 hrs) 0.00:-7992.12 71468 (35) sec
[771] Ep10000: Max 5288 (2345) steps (0.0007 hrs) 0.00:-7992.12 71524 (56) sec
[772] Ep10000: Max 5288 (3108) steps (0.0009 hrs) 0.00:-7992.12 71568 (44) sec
[773] Ep10000: Max 5288 (290) steps (0.0001 hrs) 0.00:-7992.12 71595 (27) sec
[774] Ep10000: Max 5288 (2490) steps (0.0007 hrs) 0.00:-7992.12 71652 (57) sec
[775] Ep10000: Max 5288 (2915) steps (0.0008 hrs) 0.00:-7992.12 71709 (57) sec
[776] Ep10000: Max 5288 (224) steps (0.0001 hrs) 0.00:-7992.12 71736 (27) sec
[777] Ep10000: Max 5288 (1815) steps (0.0005 hrs) 0.00:-7992.12 71770 (34) sec
[778] Ep10000: Max 5288 (362) steps (0.0001 hrs) 0.00:-7992.12 71797 (27) sec
[779] Ep10000: Max 5288 (1877) steps (0.0005 hrs) 0.00:-7992.12 71840 (43) sec
[780] Ep10000: Max 5288 (2224) steps (0.0006 hrs) 0.00:-7992.12 71898 (58) sec
[781] Ep10000: Max 5288 (2116) steps (0.0006 hrs) 0.00:-7992.12 71954 (56) sec
[782] Ep10000: Max 5288 (1516) steps (0.0004 hrs) 0.00:-7992.12 71982 (28) sec
[783] Ep10000: Max 5288 (1867) steps (0.0005 hrs) 0.00:-7992.12 72037 (55) sec
[784] Ep10000: Max 5288 (236) steps (0.0001 hrs) 0.00:-7992.12 72064 (27) sec
[785] Ep10000: Max 5288 (3056) steps (0.0008 hrs) 0.00:-7992.12 72114 (50) sec
[786] Ep10000: Max 5288 (2501) steps (0.0007 hrs) 0.00:-7992.12 72170 (56) sec
[787] Ep10000: Max 5288 (1212) steps (0.0003 hrs) 0.00:-7992.12 72199 (29) sec
[788] Ep10000: Max 5288 (1581) steps (0.0004 hrs) 0.00:-7992.12 72227 (28) sec
[789] Ep10000: Max 5288 (2088) steps (0.0006 hrs) 0.00:-7992.12 72281 (54) sec
[790] Ep10000: Max 5288 (268) steps (0.0001 hrs) 0.00:-7992.12 72308 (27) sec
[791] Ep10000: Max 5288 (2836) steps (0.0008 hrs) 0.00:-7992.12 72363 (55) sec
[792] Ep10000: Max 5288 (567) steps (0.0002 hrs) 0.00:-7992.12 72391 (28) sec
[793] Ep10000: Max 5288 (2841) steps (0.0008 hrs) 0.00:-7992.12 72443 (52) sec
[794] Ep10000: Max 5288 (376) steps (0.0001 hrs) 0.00:-7992.12 72470 (27) sec
[795] Ep10000: Max 5288 (2444) steps (0.0007 hrs) 0.00:-7992.12 72528 (58) sec
[796] Ep10000: Max 5288 (1705) steps (0.0005 hrs) 0.00:-7992.12 72564 (36) sec
[797] Ep10000: Max 5288 (203) steps (0.0001 hrs) 0.00:-7992.12 72591 (27) sec
[798] Ep10000: Max 5288 (215) steps (0.0001 hrs) 0.00:-7992.12 72618 (27) sec
[799] Ep10000: Max 5288 (3178) steps (0.0009 hrs) 0.00:-7992.12 72675 (57) sec
[800] Ep10000: Max 5288 (1299) steps (0.0004 hrs) 0.00:-7992.12 72702 (27) sec
[801] Ep10000: Max 5288 (2525) steps (0.0007 hrs) 0.00:-7992.12 72758 (56) sec
[802] Ep10000: Max 5288 (3063) steps (0.0009 hrs) 0.00:-7992.12 72810 (52) sec
[803] Ep10000: Max 5288 (279) steps (0.0001 hrs) 0.00:-7992.12 72837 (27) sec
[804] Ep10000: Max 5288 (1201) steps (0.0003 hrs) 0.00:-7992.12 72865 (28) sec
[805] Ep10000: Max 5288 (1692) steps (0.0005 hrs) 0.00:-7992.12 72895 (30) sec
[806] Ep10000: Max 5288 (323) steps (0.0001 hrs) 0.00:-7992.12 72922 (27) sec
[807] Ep10000: Max 5288 (1720) steps (0.0005 hrs) 0.00:-7992.12 72951 (29) sec
[808] Ep10000: Max 5288 (2422) steps (0.0007 hrs) 0.00:-7992.12 73010 (59) sec
[809] Ep10000: Max 5288 (1981) steps (0.0006 hrs) 0.00:-7992.12 73042 (32) sec
[810] Ep10000: Max 5288 (2590) steps (0.0007 hrs) 0.00:-7992.12 73100 (58) sec
[811] Ep10000: Max 5288 (3466) steps (0.0010 hrs) 0.00:-7992.12 73162 (62) sec
[812] Ep10000: Max 5288 (1299) steps (0.0004 hrs) 0.00:-7992.12 73189 (27) sec
[813] Ep10000: Max 5288 (331) steps (0.0001 hrs) 0.00:-7992.12 73216 (27) sec
[814] Ep10000: Max 5288 (280) steps (0.0001 hrs) 0.00:-7992.12 73243 (27) sec
[815] Ep10000: Max 5288 (238) steps (0.0001 hrs) 0.00:-7992.12 73271 (28) sec
[816] Ep10000: Max 5288 (420) steps (0.0001 hrs) 0.00:-7992.12 73298 (27) sec
[817] Ep10000: Max 5288 (1391) steps (0.0004 hrs) 0.00:-7992.12 73325 (27) sec
[818] Ep10000: Max 5288 (2337) steps (0.0006 hrs) 0.00:-7992.12 73355 (30) sec
[819] Ep10000: Max 5288 (1206) steps (0.0003 hrs) 0.00:-7992.12 73382 (27) sec
[820] Ep10000: Max 5288 (2889) steps (0.0008 hrs) 0.00:-7992.12 73436 (54) sec
[821] Ep10000: Max 5288 (1899) steps (0.0005 hrs) 0.00:-7992.12 73465 (29) sec
[822] Ep10000: Max 5288 (1025) steps (0.0003 hrs) 0.00:-7992.12 73492 (27) sec
[823] Ep10000: Max 5288 (2038) steps (0.0006 hrs) 0.00:-7992.12 73548 (56) sec
[824] Ep10000: Max 5288 (1512) steps (0.0004 hrs) 0.00:-7992.12 73577 (29) sec
[825] Ep10000: Max 5288 (2254) steps (0.0006 hrs) 0.00:-7992.12 73634 (57) sec
[826] Ep10000: Max 5288 (603) steps (0.0002 hrs) 0.00:-7992.12 73660 (26) sec
[827] Ep10000: Max 5288 (1028) steps (0.0003 hrs) 0.00:-7992.12 73687 (27) sec
[828] Ep10000: Max 5288 (2602) steps (0.0007 hrs) 0.00:-7992.12 73737 (50) sec
[829] Ep10000: Max 5288 (472) steps (0.0001 hrs) 0.00:-7992.12 73764 (27) sec
[830] Ep10000: Max 5288 (2664) steps (0.0007 hrs) 0.00:-7992.12 73820 (56) sec
[831] Ep10000: Max 5288 (536) steps (0.0001 hrs) 0.00:-7992.12 73846 (26) sec
[832] Ep10000: Max 5288 (307) steps (0.0001 hrs) 0.00:-7992.12 73874 (28) sec
[833] Ep10000: Max 5288 (3140) steps (0.0009 hrs) 0.00:-7992.12 73931 (57) sec
[834] Ep10000: Max 5288 (203) steps (0.0001 hrs) 0.00:-7992.12 73958 (27) sec
[835] Ep10000: Max 5288 (2251) steps (0.0006 hrs) 0.00:-7992.12 73993 (35) sec
[836] Ep10000: Max 5288 (2625) steps (0.0007 hrs) 0.00:-7992.12 74040 (47) sec
[837] Ep10000: Max 5288 (233) steps (0.0001 hrs) 0.00:-7992.12 74067 (27) sec
[838] Ep10000: Max 5288 (256) steps (0.0001 hrs) 0.00:-7992.12 74094 (27) sec
[839] Ep10000: Max 5288 (1913) steps (0.0005 hrs) 0.00:-7992.12 74151 (57) sec
[840] Ep10000: Max 5288 (1266) steps (0.0004 hrs) 0.00:-7992.12 74178 (27) sec
[841] Ep10000: Max 5288 (1489) steps (0.0004 hrs) 0.00:-7992.12 74207 (29) sec
[842] Ep10000: Max 5288 (400) steps (0.0001 hrs) 0.00:-7992.12 74234 (27) sec
[843] Ep10000: Max 5288 (2562) steps (0.0007 hrs) 0.00:-7992.12 74290 (56) sec
[844] Ep10000: Max 5288 (260) steps (0.0001 hrs) 0.00:-7992.12 74317 (27) sec
[845] Ep10000: Max 5288 (2393) steps (0.0007 hrs) 0.00:-7992.12 74372 (55) sec
[846] Ep10000: Max 5288 (2164) steps (0.0006 hrs) 0.00:-7992.12 74415 (43) sec
[847] Ep10000: Max 5288 (1766) steps (0.0005 hrs) 0.00:-7992.12 74445 (30) sec
[848] Ep10000: Max 5288 (2231) steps (0.0006 hrs) 0.00:-7992.12 74500 (55) sec
[849] Ep10000: Max 5288 (289) steps (0.0001 hrs) 0.00:-7992.12 74526 (26) sec
[850] Ep10000: Max 5288 (2022) steps (0.0006 hrs) 0.00:-7992.12 74583 (57) sec
[851] Ep10000: Max 5288 (1948) steps (0.0005 hrs) 0.00:-7992.12 74641 (58) sec
[852] Ep10000: Max 5288 (3418) steps (0.0009 hrs) 0.00:-7992.12 74698 (57) sec
[853] Ep10000: Max 5288 (362) steps (0.0001 hrs) 0.00:-7992.12 74724 (26) sec
[854] Ep10000: Max 5288 (2493) steps (0.0007 hrs) 0.00:-7992.12 74781 (57) sec
[855] Ep10000: Max 5288 (2120) steps (0.0006 hrs) 0.00:-7992.12 74837 (56) sec
[856] Ep10000: Max 5288 (2385) steps (0.0007 hrs) 0.00:-7992.12 74897 (60) sec
[857] Ep10000: Max 5288 (219) steps (0.0001 hrs) 0.00:-7992.12 74924 (27) sec
[858] Ep10000: Max 5288 (1043) steps (0.0003 hrs) 0.00:-7992.12 74952 (28) sec
[859] Ep10000: Max 5288 (1905) steps (0.0005 hrs) 0.00:-7992.12 74991 (39) sec
[860] Ep10000: Max 5288 (2956) steps (0.0008 hrs) 0.00:-7992.12 75046 (55) sec
[861] Ep10000: Max 5288 (598) steps (0.0002 hrs) 0.00:-7992.12 75073 (27) sec
[862] Ep10000: Max 5288 (1871) steps (0.0005 hrs) 0.00:-7992.12 75101 (28) sec
[863] Ep10000: Max 5288 (1889) steps (0.0005 hrs) 0.00:-7992.12 75139 (38) sec
[864] Ep10000: Max 5288 (393) steps (0.0001 hrs) 0.00:-7992.12 75166 (27) sec
[865] Ep10000: Max 5288 (2240) steps (0.0006 hrs) 0.00:-7992.12 75218 (52) sec
[866] Ep10000: Max 5288 (2169) steps (0.0006 hrs) 0.00:-7992.12 75277 (59) sec
[867] Ep10000: Max 5288 (2100) steps (0.0006 hrs) 0.00:-7992.12 75335 (58) sec
[868] Ep10000: Max 5288 (2074) steps (0.0006 hrs) 0.00:-7992.12 75391 (56) sec
[869] Ep10000: Max 5288 (256) steps (0.0001 hrs) 0.00:-7992.12 75418 (27) sec
[870] Ep10000: Max 5288 (1453) steps (0.0004 hrs) 0.00:-7992.12 75446 (28) sec
[871] Ep10000: Max 5288 (2020) steps (0.0006 hrs) 0.00:-7992.12 75474 (28) sec
[872] Ep10000: Max 5288 (2366) steps (0.0007 hrs) 0.00:-7992.12 75531 (57) sec
[873] Ep10000: Max 5288 (2764) steps (0.0008 hrs) 0.00:-7992.12 75563 (32) sec
[874] Ep10000: Max 5288 (1496) steps (0.0004 hrs) 0.00:-7992.12 75605 (42) sec
[875] Ep10000: Max 5288 (2656) steps (0.0007 hrs) 0.00:-7992.12 75759 (154) sec
[876] Ep10000: Max 5288 (1166) steps (0.0003 hrs) 0.00:-7992.12 75822 (63) sec
[877] Ep10000: Max 5288 (2264) steps (0.0006 hrs) 0.00:-7992.12 75973 (151) sec
[878] Ep10000: Max 5288 (1245) steps (0.0003 hrs) 0.00:-7992.12 76038 (65) sec
[879] Ep10000: Max 5288 (2483) steps (0.0007 hrs) 0.00:-7992.12 76161 (123) sec
[880] Ep10000: Max 5288 (1325) steps (0.0004 hrs) 0.00:-7992.12 76252 (91) sec
[881] Ep10000: Max 5288 (241) steps (0.0001 hrs) 0.00:-7992.12 76333 (81) sec
[882] Ep10000: Max 5288 (935) steps (0.0003 hrs) 0.00:-7992.12 76432 (99) sec
[883] Ep10000: Max 5288 (2040) steps (0.0006 hrs) 0.00:-7992.12 76582 (150) sec
[884] Ep10000: Max 5288 (2114) steps (0.0006 hrs) 0.00:-7992.12 76731 (149) sec
[885] Ep10000: Max 5288 (2082) steps (0.0006 hrs) 0.00:-7992.12 76887 (156) sec
[886] Ep10000: Max 5288 (2469) steps (0.0007 hrs) 0.00:-7992.12 76974 (87) sec
[887] Ep10000: Max 5288 (203) steps (0.0001 hrs) 0.00:-7992.12 77049 (75) sec
[888] Ep10000: Max 5288 (1680) steps (0.0005 hrs) 0.00:-7992.12 77143 (94) sec
[889] Ep10000: Max 5288 (1487) steps (0.0004 hrs) 0.00:-7992.12 77296 (153) sec
[890] Ep10000: Max 5288 (2865) steps (0.0008 hrs) 0.00:-7992.12 77435 (139) sec
[891] Ep10000: Max 5288 (1917) steps (0.0005 hrs) 0.00:-7992.12 77564 (129) sec
[892] Ep10000: Max 5288 (446) steps (0.0001 hrs) 0.00:-7992.12 77644 (80) sec
[893] Ep10000: Max 5288 (2771) steps (0.0008 hrs) 0.00:-7992.12 77700 (56) sec
[894] Ep10000: Max 5288 (987) steps (0.0003 hrs) 0.00:-7992.12 77727 (27) sec
[895] Ep10000: Max 5288 (2343) steps (0.0007 hrs) 0.00:-7992.12 77781 (54) sec
[896] Ep10000: Max 5288 (798) steps (0.0002 hrs) 0.00:-7992.12 77809 (28) sec
[897] Ep10000: Max 5288 (2154) steps (0.0006 hrs) 0.00:-7992.12 77865 (56) sec
[898] Ep10000: Max 5288 (1746) steps (0.0005 hrs) 0.00:-7992.12 77900 (35) sec
[899] Ep10000: Max 5288 (1563) steps (0.0004 hrs) 0.00:-7992.12 77932 (32) sec
[900] Ep10000: Max 5288 (2049) steps (0.0006 hrs) 0.00:-7992.12 77988 (56) sec
[901] Ep10000: Max 5288 (972) steps (0.0003 hrs) 0.00:-7992.12 78015 (27) sec
[902] Ep10000: Max 5288 (256) steps (0.0001 hrs) 0.00:-7992.12 78042 (27) sec
[903] Ep10000: Max 5288 (2337) steps (0.0006 hrs) 0.00:-7992.12 78079 (37) sec
[904] Ep10000: Max 5288 (2112) steps (0.0006 hrs) 0.00:-7992.12 78125 (46) sec
[905] Ep10000: Max 5288 (2637) steps (0.0007 hrs) 0.00:-7992.12 78168 (43) sec
[906] Ep10000: Max 5288 (750) steps (0.0002 hrs) 0.00:-7992.12 78195 (27) sec
[907] Ep10000: Max 5288 (557) steps (0.0002 hrs) 0.00:-7992.12 78222 (27) sec
[908] Ep10000: Max 5288 (1657) steps (0.0005 hrs) 0.00:-7992.12 78278 (56) sec
[909] Ep10000: Max 5288 (2189) steps (0.0006 hrs) 0.00:-7992.12 78332 (54) sec
[910] Ep10000: Max 5288 (2029) steps (0.0006 hrs) 0.00:-7992.12 78378 (46) sec
[911] Ep10000: Max 5288 (3562) steps (0.0010 hrs) 0.00:-7992.12 78434 (56) sec
[912] Ep10000: Max 5288 (1420) steps (0.0004 hrs) 0.00:-7992.12 78463 (29) sec
[913] Ep10000: Max 5288 (513) steps (0.0001 hrs) 0.00:-7992.12 78490 (27) sec
[914] Ep10000: Max 5288 (2185) steps (0.0006 hrs) 0.00:-7992.12 78543 (53) sec
[915] Ep10000: Max 5288 (2174) steps (0.0006 hrs) 0.00:-7992.12 78596 (53) sec
[916] Ep10000: Max 5288 (1819) steps (0.0005 hrs) 0.00:-7992.12 78628 (32) sec
[917] Ep10000: Max 5288 (2020) steps (0.0006 hrs) 0.00:-7992.12 78679 (51) sec
[918] Ep10000: Max 5288 (255) steps (0.0001 hrs) 0.00:-7992.12 78706 (27) sec
[919] Ep10000: Max 5288 (3284) steps (0.0009 hrs) 0.00:-7992.12 78761 (55) sec
[920] Ep10000: Max 5288 (2580) steps (0.0007 hrs) 0.00:-7992.12 78814 (53) sec
[921] Ep10000: Max 5288 (1982) steps (0.0006 hrs) 0.00:-7992.12 78870 (56) sec
[922] Ep10000: Max 5288 (2705) steps (0.0008 hrs) 0.00:-7992.12 78926 (56) sec
[923] Ep10000: Max 5288 (2352) steps (0.0007 hrs) 0.00:-7992.12 78984 (58) sec
[924] Ep10000: Max 5288 (2279) steps (0.0006 hrs) 0.00:-7992.12 79033 (49) sec
[925] Ep10000: Max 5288 (487) steps (0.0001 hrs) 0.00:-7992.12 79060 (27) sec
[926] Ep10000: Max 5288 (575) steps (0.0002 hrs) 0.00:-7992.12 79086 (26) sec
[927] Ep10000: Max 5288 (218) steps (0.0001 hrs) 0.00:-7992.12 79113 (27) sec
[928] Ep10000: Max 5288 (2091) steps (0.0006 hrs) 0.00:-7992.12 79168 (55) sec
[929] Ep10000: Max 5288 (239) steps (0.0001 hrs) 0.00:-7992.12 79194 (26) sec
[930] Ep10000: Max 5288 (1959) steps (0.0005 hrs) 0.00:-7992.12 79225 (31) sec
[931] Ep10000: Max 5288 (2474) steps (0.0007 hrs) 0.00:-7992.12 79279 (54) sec
[932] Ep10000: Max 5288 (332) steps (0.0001 hrs) 0.00:-7992.12 79306 (27) sec
[933] Ep10000: Max 5288 (1858) steps (0.0005 hrs) 0.00:-7992.12 79361 (55) sec
[934] Ep10000: Max 5288 (1877) steps (0.0005 hrs) 0.00:-7992.12 79409 (48) sec
[935] Ep10000: Max 5288 (1390) steps (0.0004 hrs) 0.00:-7992.12 79447 (38) sec
[936] Ep10000: Max 5288 (2351) steps (0.0007 hrs) 0.00:-7992.12 79506 (59) sec
[937] Ep10000: Max 5288 (2188) steps (0.0006 hrs) 0.00:-7992.12 79548 (42) sec
[938] Ep10000: Max 5288 (1980) steps (0.0006 hrs) 0.00:-7992.12 79603 (55) sec
[939] Ep10000: Max 5288 (1991) steps (0.0006 hrs) 0.00:-7992.12 79658 (55) sec
[940] Ep10000: Max 5288 (500) steps (0.0001 hrs) 0.00:-7992.12 79685 (27) sec
[941] Ep10000: Max 5288 (2285) steps (0.0006 hrs) 0.00:-7992.12 79741 (56) sec
[942] Ep10000: Max 5288 (1182) steps (0.0003 hrs) 0.00:-7992.12 79769 (28) sec
[943] Ep10000: Max 5288 (225) steps (0.0001 hrs) 0.00:-7992.12 79796 (27) sec
[944] Ep10000: Max 5288 (828) steps (0.0002 hrs) 0.00:-7992.12 79823 (27) sec
[945] Ep10000: Max 5288 (221) steps (0.0001 hrs) 0.00:-7992.12 79849 (26) sec
[946] Ep10000: Max 5288 (1379) steps (0.0004 hrs) 0.00:-7992.12 79876 (27) sec
[947] Ep10000: Max 5288 (1917) steps (0.0005 hrs) 0.00:-7992.12 79923 (47) sec
[948] Ep10000: Max 5288 (2550) steps (0.0007 hrs) 0.00:-7992.12 79978 (55) sec
[949] Ep10000: Max 5288 (2063) steps (0.0006 hrs) 0.00:-7992.12 80034 (56) sec
[950] Ep10000: Max 5288 (2941) steps (0.0008 hrs) 0.00:-7992.12 80091 (57) sec
[951] Ep10000: Max 5288 (792) steps (0.0002 hrs) 0.00:-7992.12 80118 (27) sec
[952] Ep10000: Max 5288 (1399) steps (0.0004 hrs) 0.00:-7992.12 80145 (27) sec
[953] Ep10000: Max 5288 (2501) steps (0.0007 hrs) 0.00:-7992.12 80206 (61) sec
[954] Ep10000: Max 5288 (234) steps (0.0001 hrs) 0.00:-7992.12 80233 (27) sec
[955] Ep10000: Max 5288 (1126) steps (0.0003 hrs) 0.00:-7992.12 80261 (28) sec
[956] Ep10000: Max 5288 (2142) steps (0.0006 hrs) 0.00:-7992.12 80313 (52) sec
[957] Ep10000: Max 5288 (1393) steps (0.0004 hrs) 0.00:-7992.12 80340 (27) sec
[958] Ep10000: Max 5288 (2520) steps (0.0007 hrs) 0.00:-7992.12 80395 (55) sec
[959] Ep10000: Max 5288 (1824) steps (0.0005 hrs) 0.00:-7992.12 80449 (54) sec
[960] Ep10000: Max 5288 (627) steps (0.0002 hrs) 0.00:-7992.12 80478 (29) sec
[961] Ep10000: Max 5288 (1664) steps (0.0005 hrs) 0.00:-7992.12 80505 (27) sec
[962] Ep10000: Max 5288 (2172) steps (0.0006 hrs) 0.00:-7992.12 80564 (59) sec
[963] Ep10000: Max 5288 (1995) steps (0.0006 hrs) 0.00:-7992.12 80591 (27) sec
[964] Ep10000: Max 5288 (2524) steps (0.0007 hrs) 0.00:-7992.12 80649 (58) sec
[965] Ep10000: Max 5288 (2307) steps (0.0006 hrs) 0.00:-7992.12 80706 (57) sec
[966] Ep10000: Max 5288 (2128) steps (0.0006 hrs) 0.00:-7992.12 80747 (41) sec
[967] Ep10000: Max 5288 (2083) steps (0.0006 hrs) 0.00:-7992.12 80784 (37) sec
[968] Ep10000: Max 5288 (414) steps (0.0001 hrs) 0.00:-7992.12 80811 (27) sec
[969] Ep10000: Max 5288 (3037) steps (0.0008 hrs) 0.00:-7992.12 80868 (57) sec
[970] Ep10000: Max 5288 (309) steps (0.0001 hrs) 0.00:-7992.12 80895 (27) sec
[971] Ep10000: Max 5288 (428) steps (0.0001 hrs) 0.00:-7992.12 80922 (27) sec
[972] Ep10000: Max 5288 (2427) steps (0.0007 hrs) 0.00:-7992.12 80980 (58) sec
[973] Ep10000: Max 5288 (1791) steps (0.0005 hrs) 0.00:-7992.12 81015 (35) sec
[974] Ep10000: Max 5288 (210) steps (0.0001 hrs) 0.00:-7992.12 81042 (27) sec
[975] Ep10000: Max 5288 (2348) steps (0.0007 hrs) 0.00:-7992.12 81094 (52) sec
[976] Ep10000: Max 5288 (2045) steps (0.0006 hrs) 0.00:-7992.12 81135 (41) sec
[977] Ep10000: Max 5288 (979) steps (0.0003 hrs) 0.00:-7992.12 81162 (27) sec
[978] Ep10000: Max 5288 (1262) steps (0.0004 hrs) 0.00:-7992.12 81189 (27) sec
[979] Ep10000: Max 5288 (2374) steps (0.0007 hrs) 0.00:-7992.12 81220 (31) sec
[980] Ep10000: Max 5288 (1844) steps (0.0005 hrs) 0.00:-7992.12 81259 (39) sec
[981] Ep10000: Max 5288 (340) steps (0.0001 hrs) 0.00:-7992.12 81287 (28) sec
[982] Ep10000: Max 5288 (2252) steps (0.0006 hrs) 0.00:-7992.12 81341 (54) sec
[983] Ep10000: Max 5288 (1940) steps (0.0005 hrs) 0.00:-7992.12 81393 (52) sec
[984] Ep10000: Max 5288 (295) steps (0.0001 hrs) 0.00:-7992.12 81421 (28) sec
[985] Ep10000: Max 5288 (1863) steps (0.0005 hrs) 0.00:-7992.12 81449 (28) sec
[986] Ep10000: Max 5288 (1796) steps (0.0005 hrs) 0.00:-7992.12 81481 (32) sec
[987] Ep10000: Max 5288 (458) steps (0.0001 hrs) 0.00:-7992.12 81508 (27) sec
[988] Ep10000: Max 5288 (2200) steps (0.0006 hrs) 0.00:-7992.12 81564 (56) sec
[989] Ep10000: Max 5288 (1231) steps (0.0003 hrs) 0.00:-7992.12 81591 (27) sec
[990] Ep10000: Max 5288 (2355) steps (0.0007 hrs) 0.00:-7992.12 81646 (55) sec
[991] Ep10000: Max 5288 (2270) steps (0.0006 hrs) 0.00:-7992.12 81696 (50) sec
[992] Ep10000: Max 5288 (3281) steps (0.0009 hrs) 0.00:-7992.12 81750 (54) sec
[993] Ep10000: Max 5288 (763) steps (0.0002 hrs) 0.00:-7992.12 81777 (27) sec
[994] Ep10000: Max 5288 (2573) steps (0.0007 hrs) 0.00:-7992.12 81804 (27) sec
[995] Ep10000: Max 5288 (2703) steps (0.0008 hrs) 0.00:-7992.12 81860 (56) sec
[996] Ep10000: Max 5288 (636) steps (0.0002 hrs) 0.00:-7992.12 81887 (27) sec
[997] Ep10000: Max 5288 (2514) steps (0.0007 hrs) 0.00:-7992.12 81938 (51) sec
[998] Ep10000: Max 5288 (2183) steps (0.0006 hrs) 0.00:-7992.12 81993 (55) sec
[999] Ep10000: Max 5288 (514) steps (0.0001 hrs) 0.00:-7992.12 82026 (33) sec
[1000] Ep10000: Max 5288 (2354) steps (0.0007 hrs) 0.00:-7992.12 82085 (59) sec
Total Elapsed time: 82085 seconds
Wrote current data to latest.train
